2017-01-24 04:37:23,233 DEBUG    version=v043-unified:simple-ff-100-20-100
2017-01-24 04:37:23,951 INFO     Open DBase(data/db/all240302-spk.dat, data/db/all240302-spk.idx, mode='r')
2017-01-24 04:37:43,043 DEBUG    loading cached extracted data from data/cache/extract-563f0cfda2bc8b6a659563483d8ddca63a2cf90cdf00f9f7f789bf6027ccda0a.pickle
2017-01-24 04:37:43,986 DEBUG    set input dim to 2
2017-01-24 04:37:43,988 DEBUG    input dim = 2
2017-01-24 04:37:44,176 DEBUG    loading data into ram
2017-01-24 04:37:44,326 DEBUG    loading data took 0.149s (cpu: 0.149s
2017-01-24 04:37:44,902 DEBUG    set input dim to 2
2017-01-24 04:37:44,903 DEBUG    input dim = 2
2017-01-24 04:37:44,924 DEBUG    loading data into ram
2017-01-24 04:37:44,938 DEBUG    loading data took 0.014s (cpu: 0.014s
2017-01-24 04:37:44,970 INFO     Training network with 12422 trainable out of 12422 total params.
2017-01-24 04:37:45,013 DEBUG    Using sgd with learning_rate=0.700000
2017-01-24 04:37:56,170 INFO     Waiting for existing lock by process '21744' (I am process '21726')
2017-01-24 04:37:56,171 INFO     To manually release the lock, delete /home/rruede/.theano/compiledir_Linux-3.16--generic-x86_64-with-debian-jessie-sid-x86_64-3.6.0-64/lock_dir
2017-01-24 04:38:10,480 INFO     Waiting for existing lock by process '21744' (I am process '21726')
2017-01-24 04:38:10,481 INFO     To manually release the lock, delete /home/rruede/.theano/compiledir_Linux-3.16--generic-x86_64-with-debian-jessie-sid-x86_64-3.6.0-64/lock_dir
2017-01-24 04:38:16,633 INFO     Waiting for existing lock by process '21744' (I am process '21726')
2017-01-24 04:38:16,633 INFO     To manually release the lock, delete /home/rruede/.theano/compiledir_Linux-3.16--generic-x86_64-with-debian-jessie-sid-x86_64-3.6.0-64/lock_dir
2017-01-24 04:38:24,286 INFO     Waiting for existing lock by process '21738' (I am process '21726')
2017-01-24 04:38:24,287 INFO     To manually release the lock, delete /home/rruede/.theano/compiledir_Linux-3.16--generic-x86_64-with-debian-jessie-sid-x86_64-3.6.0-64/lock_dir
2017-01-24 04:38:30,271 INFO     Waiting for existing lock by process '21738' (I am process '21726')
2017-01-24 04:38:30,272 INFO     To manually release the lock, delete /home/rruede/.theano/compiledir_Linux-3.16--generic-x86_64-with-debian-jessie-sid-x86_64-3.6.0-64/lock_dir
2017-01-24 04:38:40,053 INFO     Waiting for existing lock by process '21738' (I am process '21726')
2017-01-24 04:38:40,053 INFO     To manually release the lock, delete /home/rruede/.theano/compiledir_Linux-3.16--generic-x86_64-with-debian-jessie-sid-x86_64-3.6.0-64/lock_dir
2017-01-24 04:38:46,613 INFO     Waiting for existing lock by process '21738' (I am process '21726')
2017-01-24 04:38:46,614 INFO     To manually release the lock, delete /home/rruede/.theano/compiledir_Linux-3.16--generic-x86_64-with-debian-jessie-sid-x86_64-3.6.0-64/lock_dir
2017-01-24 04:38:53,059 INFO     Waiting for existing lock by process '21738' (I am process '21726')
2017-01-24 04:38:53,059 INFO     To manually release the lock, delete /home/rruede/.theano/compiledir_Linux-3.16--generic-x86_64-with-debian-jessie-sid-x86_64-3.6.0-64/lock_dir
2017-01-24 04:39:02,093 INFO     Waiting for existing lock by process '21738' (I am process '21726')
2017-01-24 04:39:02,094 INFO     To manually release the lock, delete /home/rruede/.theano/compiledir_Linux-3.16--generic-x86_64-with-debian-jessie-sid-x86_64-3.6.0-64/lock_dir
2017-01-24 04:39:09,219 INFO     Waiting for existing lock by process '21738' (I am process '21726')
2017-01-24 04:39:09,220 INFO     To manually release the lock, delete /home/rruede/.theano/compiledir_Linux-3.16--generic-x86_64-with-debian-jessie-sid-x86_64-3.6.0-64/lock_dir
2017-01-24 04:39:15,643 INFO     Waiting for existing lock by process '21738' (I am process '21726')
2017-01-24 04:39:15,643 INFO     To manually release the lock, delete /home/rruede/.theano/compiledir_Linux-3.16--generic-x86_64-with-debian-jessie-sid-x86_64-3.6.0-64/lock_dir
2017-01-24 04:39:23,422 INFO     Waiting for existing lock by process '21738' (I am process '21726')
2017-01-24 04:39:23,422 INFO     To manually release the lock, delete /home/rruede/.theano/compiledir_Linux-3.16--generic-x86_64-with-debian-jessie-sid-x86_64-3.6.0-64/lock_dir
2017-01-24 04:39:30,730 INFO     Waiting for existing lock by process '21738' (I am process '21726')
2017-01-24 04:39:30,731 INFO     To manually release the lock, delete /home/rruede/.theano/compiledir_Linux-3.16--generic-x86_64-with-debian-jessie-sid-x86_64-3.6.0-64/lock_dir
2017-01-24 04:39:39,613 INFO     Waiting for existing lock by process '21743' (I am process '21726')
2017-01-24 04:39:39,614 INFO     To manually release the lock, delete /home/rruede/.theano/compiledir_Linux-3.16--generic-x86_64-with-debian-jessie-sid-x86_64-3.6.0-64/lock_dir
2017-01-24 04:39:46,402 INFO     Waiting for existing lock by process '21741' (I am process '21726')
2017-01-24 04:39:46,403 INFO     To manually release the lock, delete /home/rruede/.theano/compiledir_Linux-3.16--generic-x86_64-with-debian-jessie-sid-x86_64-3.6.0-64/lock_dir
2017-01-24 04:39:55,660 INFO     Waiting for existing lock by process '21731' (I am process '21726')
2017-01-24 04:39:55,660 INFO     To manually release the lock, delete /home/rruede/.theano/compiledir_Linux-3.16--generic-x86_64-with-debian-jessie-sid-x86_64-3.6.0-64/lock_dir
2017-01-24 04:40:05,856 DEBUG    Starting training...
2017-01-24 04:41:52,690 INFO     Saving network params to trainNN/out/v043-unified:simple-ff-100-20-100/epoch-000.pkl
2017-01-24 04:42:03,203 INFO     epoch: 0 took 117.346s (82.356s in batching)
training loss:	0.624516
validation loss:	0.618240
validation error:	0.347147
2017-01-24 04:42:03,205 INFO     Wrote output to trainNN/out/v043-unified:simple-ff-100-20-100/config.json
2017-01-24 04:43:57,109 INFO     Saving network params to trainNN/out/v043-unified:simple-ff-100-20-100/epoch-001.pkl
2017-01-24 04:44:07,646 INFO     epoch: 1 took 124.443s (82.609s in batching)
training loss:	0.611445
validation loss:	0.610351
validation error:	0.336818
2017-01-24 04:44:07,648 INFO     Wrote output to trainNN/out/v043-unified:simple-ff-100-20-100/config.json
2017-01-24 04:45:54,586 INFO     Saving network params to trainNN/out/v043-unified:simple-ff-100-20-100/epoch-002.pkl
2017-01-24 04:46:05,140 INFO     epoch: 2 took 117.494s (82.280s in batching)
training loss:	0.606713
validation loss:	0.610112
validation error:	0.337090
2017-01-24 04:46:05,143 INFO     Wrote output to trainNN/out/v043-unified:simple-ff-100-20-100/config.json
2017-01-24 04:47:51,753 INFO     Saving network params to trainNN/out/v043-unified:simple-ff-100-20-100/epoch-003.pkl
2017-01-24 04:48:02,375 INFO     epoch: 3 took 117.235s (81.827s in batching)
training loss:	0.603705
validation loss:	0.609318
validation error:	0.334419
2017-01-24 04:48:02,377 INFO     Wrote output to trainNN/out/v043-unified:simple-ff-100-20-100/config.json
2017-01-24 04:49:49,442 INFO     Saving network params to trainNN/out/v043-unified:simple-ff-100-20-100/epoch-004.pkl
2017-01-24 04:49:59,967 INFO     epoch: 4 took 117.592s (81.726s in batching)
training loss:	0.601196
validation loss:	0.606028
validation error:	0.332173
2017-01-24 04:49:59,969 INFO     Wrote output to trainNN/out/v043-unified:simple-ff-100-20-100/config.json
2017-01-24 04:51:47,000 INFO     Saving network params to trainNN/out/v043-unified:simple-ff-100-20-100/epoch-005.pkl
2017-01-24 04:51:57,643 INFO     epoch: 5 took 117.676s (81.843s in batching)
training loss:	0.599326
validation loss:	0.602918
validation error:	0.330131
2017-01-24 04:51:57,646 INFO     Wrote output to trainNN/out/v043-unified:simple-ff-100-20-100/config.json
2017-01-24 04:53:44,859 INFO     Saving network params to trainNN/out/v043-unified:simple-ff-100-20-100/epoch-006.pkl
2017-01-24 04:53:55,437 INFO     epoch: 6 took 117.795s (82.332s in batching)
training loss:	0.597860
validation loss:	0.603068
validation error:	0.329789
2017-01-24 04:53:55,440 INFO     Wrote output to trainNN/out/v043-unified:simple-ff-100-20-100/config.json
2017-01-24 04:55:42,657 INFO     Saving network params to trainNN/out/v043-unified:simple-ff-100-20-100/epoch-007.pkl
2017-01-24 04:55:53,336 INFO     epoch: 7 took 117.899s (82.007s in batching)
training loss:	0.596558
validation loss:	0.600659
validation error:	0.326810
2017-01-24 04:55:53,339 INFO     Wrote output to trainNN/out/v043-unified:simple-ff-100-20-100/config.json
2017-01-24 04:57:40,354 INFO     Saving network params to trainNN/out/v043-unified:simple-ff-100-20-100/epoch-008.pkl
2017-01-24 04:57:50,912 INFO     epoch: 8 took 117.575s (82.097s in batching)
training loss:	0.595601
validation loss:	0.602834
validation error:	0.326597
2017-01-24 04:57:51,013 INFO     Wrote output to trainNN/out/v043-unified:simple-ff-100-20-100/config.json
2017-01-24 04:59:38,092 INFO     Saving network params to trainNN/out/v043-unified:simple-ff-100-20-100/epoch-009.pkl
2017-01-24 04:59:48,798 INFO     epoch: 9 took 117.887s (82.148s in batching)
training loss:	0.594659
validation loss:	0.603747
validation error:	0.329859
2017-01-24 04:59:48,801 INFO     Wrote output to trainNN/out/v043-unified:simple-ff-100-20-100/config.json
2017-01-24 05:01:35,852 INFO     Saving network params to trainNN/out/v043-unified:simple-ff-100-20-100/epoch-010.pkl
2017-01-24 05:01:46,444 INFO     epoch: 10 took 117.646s (82.078s in batching)
training loss:	0.593883
validation loss:	0.600849
validation error:	0.326434
2017-01-24 05:01:46,447 INFO     Wrote output to trainNN/out/v043-unified:simple-ff-100-20-100/config.json
2017-01-24 05:03:33,426 INFO     Saving network params to trainNN/out/v043-unified:simple-ff-100-20-100/epoch-011.pkl
2017-01-24 05:03:44,043 INFO     epoch: 11 took 117.598s (81.750s in batching)
training loss:	0.593308
validation loss:	0.601578
validation error:	0.326672
2017-01-24 05:03:44,045 INFO     Wrote output to trainNN/out/v043-unified:simple-ff-100-20-100/config.json
2017-01-24 05:05:31,426 INFO     Saving network params to trainNN/out/v043-unified:simple-ff-100-20-100/epoch-012.pkl
2017-01-24 05:05:42,079 INFO     epoch: 12 took 118.036s (81.951s in batching)
training loss:	0.592724
validation loss:	0.603750
validation error:	0.328629
2017-01-24 05:05:42,082 INFO     Wrote output to trainNN/out/v043-unified:simple-ff-100-20-100/config.json
2017-01-24 05:07:29,475 INFO     Saving network params to trainNN/out/v043-unified:simple-ff-100-20-100/epoch-013.pkl
2017-01-24 05:07:40,085 INFO     epoch: 13 took 118.006s (82.310s in batching)
training loss:	0.591990
validation loss:	0.603404
validation error:	0.329670
2017-01-24 05:07:40,088 INFO     Wrote output to trainNN/out/v043-unified:simple-ff-100-20-100/config.json
2017-01-24 05:09:26,917 INFO     Saving network params to trainNN/out/v043-unified:simple-ff-100-20-100/epoch-014.pkl
2017-01-24 05:09:37,530 INFO     epoch: 14 took 117.445s (81.508s in batching)
training loss:	0.591659
validation loss:	0.603863
validation error:	0.327856
2017-01-24 05:09:37,532 INFO     Wrote output to trainNN/out/v043-unified:simple-ff-100-20-100/config.json
2017-01-24 05:11:24,788 INFO     Saving network params to trainNN/out/v043-unified:simple-ff-100-20-100/epoch-015.pkl
2017-01-24 05:11:35,387 INFO     epoch: 15 took 117.858s (81.847s in batching)
training loss:	0.591196
validation loss:	0.603741
validation error:	0.328045
2017-01-24 05:11:35,390 INFO     Wrote output to trainNN/out/v043-unified:simple-ff-100-20-100/config.json
2017-01-24 05:13:23,200 INFO     Saving network params to trainNN/out/v043-unified:simple-ff-100-20-100/epoch-016.pkl
2017-01-24 05:13:33,829 INFO     epoch: 16 took 118.442s (82.392s in batching)
training loss:	0.590755
validation loss:	0.603004
validation error:	0.329626
2017-01-24 05:13:33,929 INFO     Wrote output to trainNN/out/v043-unified:simple-ff-100-20-100/config.json
2017-01-24 05:15:21,095 INFO     Saving network params to trainNN/out/v043-unified:simple-ff-100-20-100/epoch-017.pkl
2017-01-24 05:15:31,744 INFO     epoch: 17 took 117.915s (81.958s in batching)
training loss:	0.590459
validation loss:	0.602840
validation error:	0.328387
2017-01-24 05:15:31,748 INFO     Wrote output to trainNN/out/v043-unified:simple-ff-100-20-100/config.json
2017-01-24 05:17:18,869 INFO     Saving network params to trainNN/out/v043-unified:simple-ff-100-20-100/epoch-018.pkl
2017-01-24 05:17:29,469 INFO     epoch: 18 took 117.725s (81.725s in batching)
training loss:	0.590147
validation loss:	0.607543
validation error:	0.328917
2017-01-24 05:17:29,472 INFO     Wrote output to trainNN/out/v043-unified:simple-ff-100-20-100/config.json
2017-01-24 05:19:16,490 INFO     Saving network params to trainNN/out/v043-unified:simple-ff-100-20-100/epoch-019.pkl
2017-01-24 05:19:27,026 INFO     epoch: 19 took 117.557s (81.433s in batching)
training loss:	0.589765
validation loss:	0.603235
validation error:	0.328669
2017-01-24 05:19:27,130 INFO     Wrote output to trainNN/out/v043-unified:simple-ff-100-20-100/config.json
2017-01-24 05:21:15,117 INFO     Saving network params to trainNN/out/v043-unified:simple-ff-100-20-100/epoch-020.pkl
2017-01-24 05:21:25,858 INFO     epoch: 20 took 118.831s (82.490s in batching)
training loss:	0.589417
validation loss:	0.600204
validation error:	0.326716
2017-01-24 05:21:25,861 INFO     Wrote output to trainNN/out/v043-unified:simple-ff-100-20-100/config.json
2017-01-24 05:23:13,980 INFO     Saving network params to trainNN/out/v043-unified:simple-ff-100-20-100/epoch-021.pkl
2017-01-24 05:23:24,675 INFO     epoch: 21 took 118.818s (82.569s in batching)
training loss:	0.589196
validation loss:	0.604347
validation error:	0.328446
2017-01-24 05:23:24,678 INFO     Wrote output to trainNN/out/v043-unified:simple-ff-100-20-100/config.json
2017-01-24 05:25:13,200 INFO     Saving network params to trainNN/out/v043-unified:simple-ff-100-20-100/epoch-022.pkl
2017-01-24 05:25:23,911 INFO     epoch: 22 took 119.236s (82.899s in batching)
training loss:	0.588763
validation loss:	0.602285
validation error:	0.327480
2017-01-24 05:25:23,918 INFO     Wrote output to trainNN/out/v043-unified:simple-ff-100-20-100/config.json
2017-01-24 05:27:12,277 INFO     Saving network params to trainNN/out/v043-unified:simple-ff-100-20-100/epoch-023.pkl
2017-01-24 05:27:22,922 INFO     epoch: 23 took 119.011s (82.604s in batching)
training loss:	0.588630
validation loss:	0.605387
validation error:	0.330721
2017-01-24 05:27:22,926 INFO     Wrote output to trainNN/out/v043-unified:simple-ff-100-20-100/config.json
2017-01-24 05:29:10,701 INFO     Saving network params to trainNN/out/v043-unified:simple-ff-100-20-100/epoch-024.pkl
2017-01-24 05:29:21,304 INFO     epoch: 24 took 118.382s (82.113s in batching)
training loss:	0.588443
validation loss:	0.609034
validation error:	0.333938
2017-01-24 05:29:21,307 INFO     Wrote output to trainNN/out/v043-unified:simple-ff-100-20-100/config.json
2017-01-24 05:31:09,558 INFO     Saving network params to trainNN/out/v043-unified:simple-ff-100-20-100/epoch-025.pkl
2017-01-24 05:31:20,210 INFO     epoch: 25 took 118.906s (82.337s in batching)
training loss:	0.588164
validation loss:	0.602846
validation error:	0.326216
2017-01-24 05:31:20,213 INFO     Wrote output to trainNN/out/v043-unified:simple-ff-100-20-100/config.json
2017-01-24 05:33:08,284 INFO     Saving network params to trainNN/out/v043-unified:simple-ff-100-20-100/epoch-026.pkl
2017-01-24 05:33:18,847 INFO     epoch: 26 took 118.637s (82.245s in batching)
training loss:	0.587925
validation loss:	0.603830
validation error:	0.328684
2017-01-24 05:33:18,851 INFO     Wrote output to trainNN/out/v043-unified:simple-ff-100-20-100/config.json
2017-01-24 05:35:06,805 INFO     Saving network params to trainNN/out/v043-unified:simple-ff-100-20-100/epoch-027.pkl
2017-01-24 05:35:17,465 INFO     epoch: 27 took 118.618s (82.180s in batching)
training loss:	0.587849
validation loss:	0.605120
validation error:	0.328768
2017-01-24 05:35:17,468 INFO     Wrote output to trainNN/out/v043-unified:simple-ff-100-20-100/config.json
2017-01-24 05:37:05,591 INFO     Saving network params to trainNN/out/v043-unified:simple-ff-100-20-100/epoch-028.pkl
2017-01-24 05:37:16,209 INFO     epoch: 28 took 118.745s (82.442s in batching)
training loss:	0.587492
validation loss:	0.602500
validation error:	0.326964
2017-01-24 05:37:16,213 INFO     Wrote output to trainNN/out/v043-unified:simple-ff-100-20-100/config.json
2017-01-24 05:39:04,317 INFO     Saving network params to trainNN/out/v043-unified:simple-ff-100-20-100/epoch-029.pkl
2017-01-24 05:39:14,952 INFO     epoch: 29 took 118.743s (82.560s in batching)
training loss:	0.587390
validation loss:	0.614485
validation error:	0.335435
2017-01-24 05:39:14,956 INFO     Wrote output to trainNN/out/v043-unified:simple-ff-100-20-100/config.json
2017-01-24 05:41:03,660 INFO     Saving network params to trainNN/out/v043-unified:simple-ff-100-20-100/epoch-030.pkl
2017-01-24 05:41:14,443 INFO     epoch: 30 took 119.490s (83.121s in batching)
training loss:	0.587296
validation loss:	0.605387
validation error:	0.331019
2017-01-24 05:41:14,447 INFO     Wrote output to trainNN/out/v043-unified:simple-ff-100-20-100/config.json
2017-01-24 05:43:02,774 INFO     Saving network params to trainNN/out/v043-unified:simple-ff-100-20-100/epoch-031.pkl
2017-01-24 05:43:13,367 INFO     epoch: 31 took 118.925s (82.738s in batching)
training loss:	0.587143
validation loss:	0.601675
validation error:	0.326979
2017-01-24 05:43:13,371 INFO     Wrote output to trainNN/out/v043-unified:simple-ff-100-20-100/config.json
2017-01-24 05:45:01,800 INFO     Saving network params to trainNN/out/v043-unified:simple-ff-100-20-100/epoch-032.pkl
2017-01-24 05:45:12,471 INFO     epoch: 32 took 119.104s (82.686s in batching)
training loss:	0.586900
validation loss:	0.608445
validation error:	0.331212
2017-01-24 05:45:12,474 INFO     Wrote output to trainNN/out/v043-unified:simple-ff-100-20-100/config.json
2017-01-24 05:46:59,831 INFO     Saving network params to trainNN/out/v043-unified:simple-ff-100-20-100/epoch-033.pkl
2017-01-24 05:47:10,233 INFO     epoch: 33 took 117.763s (82.195s in batching)
training loss:	0.586717
validation loss:	0.600529
validation error:	0.325586
2017-01-24 05:47:10,237 INFO     Wrote output to trainNN/out/v043-unified:simple-ff-100-20-100/config.json
2017-01-24 05:48:56,487 INFO     Saving network params to trainNN/out/v043-unified:simple-ff-100-20-100/epoch-034.pkl
2017-01-24 05:49:06,994 INFO     epoch: 34 took 116.761s (82.021s in batching)
training loss:	0.586655
validation loss:	0.603012
validation error:	0.326339
2017-01-24 05:49:06,997 INFO     Wrote output to trainNN/out/v043-unified:simple-ff-100-20-100/config.json
2017-01-24 05:50:53,418 INFO     Saving network params to trainNN/out/v043-unified:simple-ff-100-20-100/epoch-035.pkl
2017-01-24 05:51:03,884 INFO     epoch: 35 took 116.890s (82.454s in batching)
training loss:	0.586502
validation loss:	0.604476
validation error:	0.327782
2017-01-24 05:51:03,888 INFO     Wrote output to trainNN/out/v043-unified:simple-ff-100-20-100/config.json
2017-01-24 05:52:50,129 INFO     Saving network params to trainNN/out/v043-unified:simple-ff-100-20-100/epoch-036.pkl
2017-01-24 05:53:00,663 INFO     epoch: 36 took 116.779s (81.848s in batching)
training loss:	0.586421
validation loss:	0.602077
validation error:	0.324426
2017-01-24 05:53:00,666 INFO     Wrote output to trainNN/out/v043-unified:simple-ff-100-20-100/config.json
2017-01-24 05:54:47,040 INFO     Saving network params to trainNN/out/v043-unified:simple-ff-100-20-100/epoch-037.pkl
2017-01-24 05:54:57,618 INFO     epoch: 37 took 116.955s (82.072s in batching)
training loss:	0.586282
validation loss:	0.604410
validation error:	0.325105
2017-01-24 05:54:57,621 INFO     Wrote output to trainNN/out/v043-unified:simple-ff-100-20-100/config.json
2017-01-24 05:56:44,272 INFO     Saving network params to trainNN/out/v043-unified:simple-ff-100-20-100/epoch-038.pkl
2017-01-24 05:56:54,756 INFO     epoch: 38 took 117.139s (82.089s in batching)
training loss:	0.586016
validation loss:	0.604452
validation error:	0.328545
2017-01-24 05:56:54,760 INFO     Wrote output to trainNN/out/v043-unified:simple-ff-100-20-100/config.json
2017-01-24 05:58:41,362 INFO     Saving network params to trainNN/out/v043-unified:simple-ff-100-20-100/epoch-039.pkl
2017-01-24 05:58:52,015 INFO     epoch: 39 took 117.259s (81.801s in batching)
training loss:	0.586075
validation loss:	0.605724
validation error:	0.326077
2017-01-24 05:58:52,019 INFO     Wrote output to trainNN/out/v043-unified:simple-ff-100-20-100/config.json
2017-01-24 06:00:38,761 INFO     Saving network params to trainNN/out/v043-unified:simple-ff-100-20-100/epoch-040.pkl
2017-01-24 06:00:49,449 INFO     epoch: 40 took 117.434s (82.269s in batching)
training loss:	0.585890
validation loss:	0.605029
validation error:	0.328332
2017-01-24 06:00:49,452 INFO     Wrote output to trainNN/out/v043-unified:simple-ff-100-20-100/config.json
2017-01-24 06:02:36,674 INFO     Saving network params to trainNN/out/v043-unified:simple-ff-100-20-100/epoch-041.pkl
2017-01-24 06:02:47,358 INFO     epoch: 41 took 117.909s (82.412s in batching)
training loss:	0.585869
validation loss:	0.602705
validation error:	0.327678
2017-01-24 06:02:47,362 INFO     Wrote output to trainNN/out/v043-unified:simple-ff-100-20-100/config.json
2017-01-24 06:04:34,596 INFO     Saving network params to trainNN/out/v043-unified:simple-ff-100-20-100/epoch-042.pkl
2017-01-24 06:04:45,319 INFO     epoch: 42 took 117.961s (82.188s in batching)
training loss:	0.585697
validation loss:	0.607274
validation error:	0.329631
2017-01-24 06:04:45,323 INFO     Wrote output to trainNN/out/v043-unified:simple-ff-100-20-100/config.json
2017-01-24 06:06:32,320 INFO     Saving network params to trainNN/out/v043-unified:simple-ff-100-20-100/epoch-043.pkl
2017-01-24 06:06:42,996 INFO     epoch: 43 took 117.677s (82.133s in batching)
training loss:	0.585530
validation loss:	0.599351
validation error:	0.324387
2017-01-24 06:06:43,001 INFO     Wrote output to trainNN/out/v043-unified:simple-ff-100-20-100/config.json
2017-01-24 06:08:30,645 INFO     Saving network params to trainNN/out/v043-unified:simple-ff-100-20-100/epoch-044.pkl
2017-01-24 06:08:41,350 INFO     epoch: 44 took 118.354s (82.791s in batching)
training loss:	0.585162
validation loss:	0.603696
validation error:	0.327370
2017-01-24 06:08:41,355 INFO     Wrote output to trainNN/out/v043-unified:simple-ff-100-20-100/config.json
2017-01-24 06:10:29,020 INFO     Saving network params to trainNN/out/v043-unified:simple-ff-100-20-100/epoch-045.pkl
2017-01-24 06:10:39,763 INFO     epoch: 45 took 118.413s (82.740s in batching)
training loss:	0.585315
validation loss:	0.605540
validation error:	0.328699
2017-01-24 06:10:39,768 INFO     Wrote output to trainNN/out/v043-unified:simple-ff-100-20-100/config.json
2017-01-24 06:12:27,305 INFO     Saving network params to trainNN/out/v043-unified:simple-ff-100-20-100/epoch-046.pkl
2017-01-24 06:12:37,941 INFO     epoch: 46 took 118.177s (82.345s in batching)
training loss:	0.585323
validation loss:	0.601308
validation error:	0.326731
2017-01-24 06:12:37,945 INFO     Wrote output to trainNN/out/v043-unified:simple-ff-100-20-100/config.json
2017-01-24 06:14:25,346 INFO     Saving network params to trainNN/out/v043-unified:simple-ff-100-20-100/epoch-047.pkl
2017-01-24 06:14:36,090 INFO     epoch: 47 took 118.149s (82.328s in batching)
training loss:	0.585184
validation loss:	0.605901
validation error:	0.324178
2017-01-24 06:14:36,094 INFO     Wrote output to trainNN/out/v043-unified:simple-ff-100-20-100/config.json
2017-01-24 06:16:23,937 INFO     Saving network params to trainNN/out/v043-unified:simple-ff-100-20-100/epoch-048.pkl
2017-01-24 06:16:34,514 INFO     epoch: 48 took 118.424s (82.313s in batching)
training loss:	0.585081
validation loss:	0.611426
validation error:	0.332164
2017-01-24 06:16:34,518 INFO     Wrote output to trainNN/out/v043-unified:simple-ff-100-20-100/config.json
2017-01-24 06:18:22,402 INFO     Saving network params to trainNN/out/v043-unified:simple-ff-100-20-100/epoch-049.pkl
2017-01-24 06:18:33,005 INFO     epoch: 49 took 118.492s (82.372s in batching)
training loss:	0.585035
validation loss:	0.607484
validation error:	0.334657
2017-01-24 06:18:33,010 INFO     Wrote output to trainNN/out/v043-unified:simple-ff-100-20-100/config.json
2017-01-24 06:20:21,209 INFO     Saving network params to trainNN/out/v043-unified:simple-ff-100-20-100/epoch-050.pkl
2017-01-24 06:20:31,883 INFO     epoch: 50 took 118.878s (82.479s in batching)
training loss:	0.584997
validation loss:	0.604396
validation error:	0.326027
2017-01-24 06:20:31,888 INFO     Wrote output to trainNN/out/v043-unified:simple-ff-100-20-100/config.json
2017-01-24 06:22:19,333 INFO     Saving network params to trainNN/out/v043-unified:simple-ff-100-20-100/epoch-051.pkl
2017-01-24 06:22:30,044 INFO     epoch: 51 took 118.161s (82.042s in batching)
training loss:	0.584923
validation loss:	0.601674
validation error:	0.324198
2017-01-24 06:22:30,049 INFO     Wrote output to trainNN/out/v043-unified:simple-ff-100-20-100/config.json
2017-01-24 06:24:17,756 INFO     Saving network params to trainNN/out/v043-unified:simple-ff-100-20-100/epoch-052.pkl
2017-01-24 06:24:28,509 INFO     epoch: 52 took 118.465s (82.303s in batching)
training loss:	0.584829
validation loss:	0.607293
validation error:	0.328134
2017-01-24 06:24:28,514 INFO     Wrote output to trainNN/out/v043-unified:simple-ff-100-20-100/config.json
2017-01-24 06:26:16,054 INFO     Saving network params to trainNN/out/v043-unified:simple-ff-100-20-100/epoch-053.pkl
2017-01-24 06:26:26,686 INFO     epoch: 53 took 118.176s (81.975s in batching)
training loss:	0.584690
validation loss:	0.603662
validation error:	0.327252
2017-01-24 06:26:26,690 INFO     Wrote output to trainNN/out/v043-unified:simple-ff-100-20-100/config.json
2017-01-24 06:28:14,458 INFO     Saving network params to trainNN/out/v043-unified:simple-ff-100-20-100/epoch-054.pkl
2017-01-24 06:28:25,175 INFO     epoch: 54 took 118.489s (82.293s in batching)
training loss:	0.584692
validation loss:	0.603005
validation error:	0.327574
2017-01-24 06:28:25,180 INFO     Wrote output to trainNN/out/v043-unified:simple-ff-100-20-100/config.json
2017-01-24 06:30:12,771 INFO     Saving network params to trainNN/out/v043-unified:simple-ff-100-20-100/epoch-055.pkl
2017-01-24 06:30:23,433 INFO     epoch: 55 took 118.258s (82.214s in batching)
training loss:	0.584768
validation loss:	0.603040
validation error:	0.325229
2017-01-24 06:30:23,437 INFO     Wrote output to trainNN/out/v043-unified:simple-ff-100-20-100/config.json
2017-01-24 06:32:10,964 INFO     Saving network params to trainNN/out/v043-unified:simple-ff-100-20-100/epoch-056.pkl
2017-01-24 06:32:21,709 INFO     epoch: 56 took 118.276s (82.179s in batching)
training loss:	0.584418
validation loss:	0.604525
validation error:	0.323896
2017-01-24 06:32:21,714 INFO     Wrote output to trainNN/out/v043-unified:simple-ff-100-20-100/config.json
2017-01-24 06:34:09,528 INFO     Saving network params to trainNN/out/v043-unified:simple-ff-100-20-100/epoch-057.pkl
2017-01-24 06:34:20,217 INFO     epoch: 57 took 118.508s (82.553s in batching)
training loss:	0.584507
validation loss:	0.603359
validation error:	0.326538
2017-01-24 06:34:20,221 INFO     Wrote output to trainNN/out/v043-unified:simple-ff-100-20-100/config.json
2017-01-24 06:36:07,696 INFO     Saving network params to trainNN/out/v043-unified:simple-ff-100-20-100/epoch-058.pkl
2017-01-24 06:36:18,375 INFO     epoch: 58 took 118.158s (81.947s in batching)
training loss:	0.584376
validation loss:	0.603082
validation error:	0.325888
2017-01-24 06:36:18,379 INFO     Wrote output to trainNN/out/v043-unified:simple-ff-100-20-100/config.json
2017-01-24 06:38:06,327 INFO     Saving network params to trainNN/out/v043-unified:simple-ff-100-20-100/epoch-059.pkl
2017-01-24 06:38:17,013 INFO     epoch: 59 took 118.639s (82.473s in batching)
training loss:	0.584262
validation loss:	0.607622
validation error:	0.328213
2017-01-24 06:38:17,018 INFO     Wrote output to trainNN/out/v043-unified:simple-ff-100-20-100/config.json
2017-01-24 06:40:05,019 INFO     Saving network params to trainNN/out/v043-unified:simple-ff-100-20-100/epoch-060.pkl
2017-01-24 06:40:15,818 INFO     epoch: 60 took 118.804s (82.383s in batching)
training loss:	0.584203
validation loss:	0.604353
validation error:	0.325264
2017-01-24 06:40:15,822 INFO     Wrote output to trainNN/out/v043-unified:simple-ff-100-20-100/config.json
2017-01-24 06:42:03,649 INFO     Saving network params to trainNN/out/v043-unified:simple-ff-100-20-100/epoch-061.pkl
2017-01-24 06:42:14,407 INFO     epoch: 61 took 118.589s (82.436s in batching)
training loss:	0.584256
validation loss:	0.604944
validation error:	0.330662
2017-01-24 06:42:14,412 INFO     Wrote output to trainNN/out/v043-unified:simple-ff-100-20-100/config.json
2017-01-24 06:44:02,029 INFO     Saving network params to trainNN/out/v043-unified:simple-ff-100-20-100/epoch-062.pkl
2017-01-24 06:44:12,809 INFO     epoch: 62 took 118.402s (82.240s in batching)
training loss:	0.584175
validation loss:	0.606939
validation error:	0.331088
2017-01-24 06:44:12,814 INFO     Wrote output to trainNN/out/v043-unified:simple-ff-100-20-100/config.json
2017-01-24 06:46:00,401 INFO     Saving network params to trainNN/out/v043-unified:simple-ff-100-20-100/epoch-063.pkl
2017-01-24 06:46:11,182 INFO     epoch: 63 took 118.372s (81.911s in batching)
training loss:	0.583976
validation loss:	0.603390
validation error:	0.328045
2017-01-24 06:46:11,187 INFO     Wrote output to trainNN/out/v043-unified:simple-ff-100-20-100/config.json
2017-01-24 06:47:58,899 INFO     Saving network params to trainNN/out/v043-unified:simple-ff-100-20-100/epoch-064.pkl
2017-01-24 06:48:09,568 INFO     epoch: 64 took 118.387s (82.176s in batching)
training loss:	0.584009
validation loss:	0.607286
validation error:	0.331916
2017-01-24 06:48:09,573 INFO     Wrote output to trainNN/out/v043-unified:simple-ff-100-20-100/config.json
2017-01-24 06:49:57,264 INFO     Saving network params to trainNN/out/v043-unified:simple-ff-100-20-100/epoch-065.pkl
2017-01-24 06:50:07,980 INFO     epoch: 65 took 118.412s (81.856s in batching)
training loss:	0.583761
validation loss:	0.603134
validation error:	0.326900
2017-01-24 06:50:07,985 INFO     Wrote output to trainNN/out/v043-unified:simple-ff-100-20-100/config.json
2017-01-24 06:51:56,050 INFO     Saving network params to trainNN/out/v043-unified:simple-ff-100-20-100/epoch-066.pkl
2017-01-24 06:52:06,789 INFO     epoch: 66 took 118.809s (82.467s in batching)
training loss:	0.583963
validation loss:	0.602157
validation error:	0.328372
2017-01-24 06:52:06,794 INFO     Wrote output to trainNN/out/v043-unified:simple-ff-100-20-100/config.json
2017-01-24 06:53:55,117 INFO     Saving network params to trainNN/out/v043-unified:simple-ff-100-20-100/epoch-067.pkl
2017-01-24 06:54:05,819 INFO     epoch: 67 took 119.030s (82.628s in batching)
training loss:	0.583757
validation loss:	0.607389
validation error:	0.334394
2017-01-24 06:54:05,823 INFO     Wrote output to trainNN/out/v043-unified:simple-ff-100-20-100/config.json
2017-01-24 06:55:53,910 INFO     Saving network params to trainNN/out/v043-unified:simple-ff-100-20-100/epoch-068.pkl
2017-01-24 06:56:04,575 INFO     epoch: 68 took 118.757s (82.069s in batching)
training loss:	0.583786
validation loss:	0.604670
validation error:	0.327281
2017-01-24 06:56:04,580 INFO     Wrote output to trainNN/out/v043-unified:simple-ff-100-20-100/config.json
2017-01-24 06:57:51,522 INFO     Saving network params to trainNN/out/v043-unified:simple-ff-100-20-100/epoch-069.pkl
2017-01-24 06:58:02,125 INFO     epoch: 69 took 117.550s (82.460s in batching)
training loss:	0.583893
validation loss:	0.606565
validation error:	0.326290
2017-01-24 06:58:02,130 INFO     Wrote output to trainNN/out/v043-unified:simple-ff-100-20-100/config.json
2017-01-24 06:59:48,440 INFO     Saving network params to trainNN/out/v043-unified:simple-ff-100-20-100/epoch-070.pkl
2017-01-24 06:59:58,868 INFO     epoch: 70 took 116.743s (82.197s in batching)
training loss:	0.583710
validation loss:	0.601081
validation error:	0.325730
2017-01-24 06:59:58,873 INFO     Wrote output to trainNN/out/v043-unified:simple-ff-100-20-100/config.json
2017-01-24 07:01:44,756 INFO     Saving network params to trainNN/out/v043-unified:simple-ff-100-20-100/epoch-071.pkl
2017-01-24 07:01:55,227 INFO     epoch: 71 took 116.358s (81.639s in batching)
training loss:	0.583679
validation loss:	0.607197
validation error:	0.328654
2017-01-24 07:01:55,232 INFO     Wrote output to trainNN/out/v043-unified:simple-ff-100-20-100/config.json
2017-01-24 07:03:41,437 INFO     Saving network params to trainNN/out/v043-unified:simple-ff-100-20-100/epoch-072.pkl
2017-01-24 07:03:51,952 INFO     epoch: 72 took 116.726s (81.959s in batching)
training loss:	0.583632
validation loss:	0.602091
validation error:	0.324159
2017-01-24 07:03:51,957 INFO     Wrote output to trainNN/out/v043-unified:simple-ff-100-20-100/config.json
2017-01-24 07:05:38,733 INFO     Saving network params to trainNN/out/v043-unified:simple-ff-100-20-100/epoch-073.pkl
2017-01-24 07:05:49,216 INFO     epoch: 73 took 117.264s (82.410s in batching)
training loss:	0.583611
validation loss:	0.604526
validation error:	0.333383
2017-01-24 07:05:49,221 INFO     Wrote output to trainNN/out/v043-unified:simple-ff-100-20-100/config.json
2017-01-24 07:07:35,668 INFO     Saving network params to trainNN/out/v043-unified:simple-ff-100-20-100/epoch-074.pkl
2017-01-24 07:07:46,139 INFO     epoch: 74 took 116.924s (82.005s in batching)
training loss:	0.583517
validation loss:	0.605580
validation error:	0.324094
2017-01-24 07:07:46,145 INFO     Wrote output to trainNN/out/v043-unified:simple-ff-100-20-100/config.json
2017-01-24 07:09:32,451 INFO     Saving network params to trainNN/out/v043-unified:simple-ff-100-20-100/epoch-075.pkl
2017-01-24 07:09:43,073 INFO     epoch: 75 took 116.934s (81.766s in batching)
training loss:	0.583462
validation loss:	0.603539
validation error:	0.327742
2017-01-24 07:09:43,078 INFO     Wrote output to trainNN/out/v043-unified:simple-ff-100-20-100/config.json
2017-01-24 07:11:29,402 INFO     Saving network params to trainNN/out/v043-unified:simple-ff-100-20-100/epoch-076.pkl
2017-01-24 07:11:39,997 INFO     epoch: 76 took 116.924s (81.935s in batching)
training loss:	0.583464
validation loss:	0.605102
validation error:	0.326473
2017-01-24 07:11:40,002 INFO     Wrote output to trainNN/out/v043-unified:simple-ff-100-20-100/config.json
2017-01-24 07:13:26,633 INFO     Saving network params to trainNN/out/v043-unified:simple-ff-100-20-100/epoch-077.pkl
2017-01-24 07:13:37,161 INFO     epoch: 77 took 117.164s (81.877s in batching)
training loss:	0.583311
validation loss:	0.602774
validation error:	0.323098
2017-01-24 07:13:37,166 INFO     Wrote output to trainNN/out/v043-unified:simple-ff-100-20-100/config.json
2017-01-24 07:15:23,922 INFO     Saving network params to trainNN/out/v043-unified:simple-ff-100-20-100/epoch-078.pkl
2017-01-24 07:15:34,512 INFO     epoch: 78 took 117.352s (81.893s in batching)
training loss:	0.583259
validation loss:	0.601604
validation error:	0.323757
2017-01-24 07:15:34,518 INFO     Wrote output to trainNN/out/v043-unified:simple-ff-100-20-100/config.json
2017-01-24 07:17:21,299 INFO     Saving network params to trainNN/out/v043-unified:simple-ff-100-20-100/epoch-079.pkl
2017-01-24 07:17:31,919 INFO     epoch: 79 took 117.406s (82.052s in batching)
training loss:	0.583260
validation loss:	0.605559
validation error:	0.327831
2017-01-24 07:17:31,924 INFO     Wrote output to trainNN/out/v043-unified:simple-ff-100-20-100/config.json
2017-01-24 07:19:19,231 INFO     Saving network params to trainNN/out/v043-unified:simple-ff-100-20-100/epoch-080.pkl
2017-01-24 07:19:29,899 INFO     epoch: 80 took 117.980s (82.371s in batching)
training loss:	0.583318
validation loss:	0.602689
validation error:	0.323554
2017-01-24 07:19:29,904 INFO     Wrote output to trainNN/out/v043-unified:simple-ff-100-20-100/config.json
2017-01-24 07:21:17,053 INFO     Saving network params to trainNN/out/v043-unified:simple-ff-100-20-100/epoch-081.pkl
2017-01-24 07:21:27,689 INFO     epoch: 81 took 117.790s (82.364s in batching)
training loss:	0.583296
validation loss:	0.607540
validation error:	0.326568
2017-01-24 07:21:27,694 INFO     Wrote output to trainNN/out/v043-unified:simple-ff-100-20-100/config.json
2017-01-24 07:23:14,793 INFO     Saving network params to trainNN/out/v043-unified:simple-ff-100-20-100/epoch-082.pkl
2017-01-24 07:23:25,501 INFO     epoch: 82 took 117.812s (82.296s in batching)
training loss:	0.583213
validation loss:	0.602679
validation error:	0.325378
2017-01-24 07:23:25,507 INFO     Wrote output to trainNN/out/v043-unified:simple-ff-100-20-100/config.json
2017-01-24 07:25:12,635 INFO     Saving network params to trainNN/out/v043-unified:simple-ff-100-20-100/epoch-083.pkl
2017-01-24 07:25:23,232 INFO     epoch: 83 took 117.731s (82.008s in batching)
training loss:	0.583044
validation loss:	0.604812
validation error:	0.328565
2017-01-24 07:25:23,238 INFO     Wrote output to trainNN/out/v043-unified:simple-ff-100-20-100/config.json
2017-01-24 07:27:10,506 INFO     Saving network params to trainNN/out/v043-unified:simple-ff-100-20-100/epoch-084.pkl
2017-01-24 07:27:21,039 INFO     epoch: 84 took 117.806s (82.065s in batching)
training loss:	0.583073
validation loss:	0.604077
validation error:	0.325219
2017-01-24 07:27:21,044 INFO     Wrote output to trainNN/out/v043-unified:simple-ff-100-20-100/config.json
2017-01-24 07:29:08,470 INFO     Saving network params to trainNN/out/v043-unified:simple-ff-100-20-100/epoch-085.pkl
2017-01-24 07:29:19,034 INFO     epoch: 85 took 117.995s (82.313s in batching)
training loss:	0.582927
validation loss:	0.602971
validation error:	0.326771
2017-01-24 07:29:19,039 INFO     Wrote output to trainNN/out/v043-unified:simple-ff-100-20-100/config.json
2017-01-24 07:31:06,243 INFO     Saving network params to trainNN/out/v043-unified:simple-ff-100-20-100/epoch-086.pkl
2017-01-24 07:31:16,846 INFO     epoch: 86 took 117.812s (81.968s in batching)
training loss:	0.582907
validation loss:	0.602714
validation error:	0.325423
2017-01-24 07:31:16,852 INFO     Wrote output to trainNN/out/v043-unified:simple-ff-100-20-100/config.json
2017-01-24 07:33:04,316 INFO     Saving network params to trainNN/out/v043-unified:simple-ff-100-20-100/epoch-087.pkl
2017-01-24 07:33:14,971 INFO     epoch: 87 took 118.126s (82.543s in batching)
training loss:	0.582937
validation loss:	0.603524
validation error:	0.325789
2017-01-24 07:33:14,977 INFO     Wrote output to trainNN/out/v043-unified:simple-ff-100-20-100/config.json
2017-01-24 07:35:02,309 INFO     Saving network params to trainNN/out/v043-unified:simple-ff-100-20-100/epoch-088.pkl
2017-01-24 07:35:12,899 INFO     epoch: 88 took 117.928s (82.211s in batching)
training loss:	0.582981
validation loss:	0.604576
validation error:	0.326379
2017-01-24 07:35:12,904 INFO     Wrote output to trainNN/out/v043-unified:simple-ff-100-20-100/config.json
2017-01-24 07:37:00,355 INFO     Saving network params to trainNN/out/v043-unified:simple-ff-100-20-100/epoch-089.pkl
2017-01-24 07:37:11,064 INFO     epoch: 89 took 118.165s (82.337s in batching)
training loss:	0.582955
validation loss:	0.613306
validation error:	0.334057
2017-01-24 07:37:11,069 INFO     Wrote output to trainNN/out/v043-unified:simple-ff-100-20-100/config.json
2017-01-24 07:38:58,743 INFO     Saving network params to trainNN/out/v043-unified:simple-ff-100-20-100/epoch-090.pkl
2017-01-24 07:39:09,380 INFO     epoch: 90 took 118.316s (82.436s in batching)
training loss:	0.582863
validation loss:	0.606325
validation error:	0.328010
2017-01-24 07:39:09,386 INFO     Wrote output to trainNN/out/v043-unified:simple-ff-100-20-100/config.json
2017-01-24 07:40:56,784 INFO     Saving network params to trainNN/out/v043-unified:simple-ff-100-20-100/epoch-091.pkl
2017-01-24 07:41:07,378 INFO     epoch: 91 took 117.998s (82.063s in batching)
training loss:	0.582817
validation loss:	0.604606
validation error:	0.324669
2017-01-24 07:41:07,383 INFO     Wrote output to trainNN/out/v043-unified:simple-ff-100-20-100/config.json
2017-01-24 07:42:55,608 INFO     Saving network params to trainNN/out/v043-unified:simple-ff-100-20-100/epoch-092.pkl
2017-01-24 07:43:06,343 INFO     epoch: 92 took 118.965s (83.133s in batching)
training loss:	0.582767
validation loss:	0.609088
validation error:	0.326840
2017-01-24 07:43:06,348 INFO     Wrote output to trainNN/out/v043-unified:simple-ff-100-20-100/config.json
2017-01-24 07:44:54,671 INFO     Saving network params to trainNN/out/v043-unified:simple-ff-100-20-100/epoch-093.pkl
2017-01-24 07:45:05,283 INFO     epoch: 93 took 118.941s (83.104s in batching)
training loss:	0.582720
validation loss:	0.604108
validation error:	0.325100
2017-01-24 07:45:05,290 INFO     Wrote output to trainNN/out/v043-unified:simple-ff-100-20-100/config.json
2017-01-24 07:46:53,369 INFO     Saving network params to trainNN/out/v043-unified:simple-ff-100-20-100/epoch-094.pkl
2017-01-24 07:47:04,077 INFO     epoch: 94 took 118.794s (82.836s in batching)
training loss:	0.582774
validation loss:	0.602250
validation error:	0.324218
2017-01-24 07:47:04,084 INFO     Wrote output to trainNN/out/v043-unified:simple-ff-100-20-100/config.json
2017-01-24 07:48:52,115 INFO     Saving network params to trainNN/out/v043-unified:simple-ff-100-20-100/epoch-095.pkl
2017-01-24 07:49:02,746 INFO     epoch: 95 took 118.669s (82.316s in batching)
training loss:	0.582706
validation loss:	0.601681
validation error:	0.323083
2017-01-24 07:49:02,752 INFO     Wrote output to trainNN/out/v043-unified:simple-ff-100-20-100/config.json
2017-01-24 07:50:50,506 INFO     Saving network params to trainNN/out/v043-unified:simple-ff-100-20-100/epoch-096.pkl
2017-01-24 07:51:01,245 INFO     epoch: 96 took 118.500s (82.410s in batching)
training loss:	0.582733
validation loss:	0.604495
validation error:	0.325071
2017-01-24 07:51:01,252 INFO     Wrote output to trainNN/out/v043-unified:simple-ff-100-20-100/config.json
2017-01-24 07:52:49,065 INFO     Saving network params to trainNN/out/v043-unified:simple-ff-100-20-100/epoch-097.pkl
2017-01-24 07:52:59,754 INFO     epoch: 97 took 118.508s (82.238s in batching)
training loss:	0.582504
validation loss:	0.605026
validation error:	0.323326
2017-01-24 07:52:59,759 INFO     Wrote output to trainNN/out/v043-unified:simple-ff-100-20-100/config.json
2017-01-24 07:54:47,786 INFO     Saving network params to trainNN/out/v043-unified:simple-ff-100-20-100/epoch-098.pkl
2017-01-24 07:54:58,356 INFO     epoch: 98 took 118.602s (82.465s in batching)
training loss:	0.582621
validation loss:	0.600082
validation error:	0.325675
2017-01-24 07:54:58,362 INFO     Wrote output to trainNN/out/v043-unified:simple-ff-100-20-100/config.json
2017-01-24 07:56:45,974 INFO     Saving network params to trainNN/out/v043-unified:simple-ff-100-20-100/epoch-099.pkl
2017-01-24 07:56:56,684 INFO     epoch: 99 took 118.328s (82.380s in batching)
training loss:	0.582466
validation loss:	0.604695
validation error:	0.325750
2017-01-24 07:56:56,690 INFO     Wrote output to trainNN/out/v043-unified:simple-ff-100-20-100/config.json
2017-01-24 07:58:44,614 INFO     Saving network params to trainNN/out/v043-unified:simple-ff-100-20-100/epoch-100.pkl
2017-01-24 07:58:55,329 INFO     epoch: 100 took 118.645s (82.556s in batching)
training loss:	0.582475
validation loss:	0.602707
validation error:	0.326528
2017-01-24 07:58:55,334 INFO     Wrote output to trainNN/out/v043-unified:simple-ff-100-20-100/config.json
2017-01-24 08:00:43,292 INFO     Saving network params to trainNN/out/v043-unified:simple-ff-100-20-100/epoch-101.pkl
2017-01-24 08:00:53,890 INFO     epoch: 101 took 118.561s (82.454s in batching)
training loss:	0.582454
validation loss:	0.602927
validation error:	0.324050
2017-01-24 08:00:53,896 INFO     Wrote output to trainNN/out/v043-unified:simple-ff-100-20-100/config.json
2017-01-24 08:02:42,027 INFO     Saving network params to trainNN/out/v043-unified:simple-ff-100-20-100/epoch-102.pkl
2017-01-24 08:02:52,835 INFO     epoch: 102 took 118.945s (82.891s in batching)
training loss:	0.582320
validation loss:	0.605316
validation error:	0.327881
2017-01-24 08:02:52,841 INFO     Wrote output to trainNN/out/v043-unified:simple-ff-100-20-100/config.json
2017-01-24 08:04:40,860 INFO     Saving network params to trainNN/out/v043-unified:simple-ff-100-20-100/epoch-103.pkl
2017-01-24 08:04:51,584 INFO     epoch: 103 took 118.749s (82.522s in batching)
training loss:	0.582537
validation loss:	0.604495
validation error:	0.325864
2017-01-24 08:04:51,590 INFO     Wrote output to trainNN/out/v043-unified:simple-ff-100-20-100/config.json
2017-01-24 08:06:39,733 INFO     Saving network params to trainNN/out/v043-unified:simple-ff-100-20-100/epoch-104.pkl
2017-01-24 08:06:50,507 INFO     epoch: 104 took 118.923s (82.630s in batching)
training loss:	0.582340
validation loss:	0.605005
validation error:	0.326354
2017-01-24 08:06:50,513 INFO     Wrote output to trainNN/out/v043-unified:simple-ff-100-20-100/config.json
2017-01-24 08:08:38,010 INFO     Saving network params to trainNN/out/v043-unified:simple-ff-100-20-100/epoch-105.pkl
2017-01-24 08:08:48,456 INFO     epoch: 105 took 117.949s (82.490s in batching)
training loss:	0.582328
validation loss:	0.613082
validation error:	0.335613
2017-01-24 08:08:48,462 INFO     Wrote output to trainNN/out/v043-unified:simple-ff-100-20-100/config.json
2017-01-24 08:10:34,044 INFO     Saving network params to trainNN/out/v043-unified:simple-ff-100-20-100/epoch-106.pkl
2017-01-24 08:10:44,557 INFO     epoch: 106 took 116.101s (81.600s in batching)
training loss:	0.582311
validation loss:	0.605602
validation error:	0.323187
2017-01-24 08:10:44,563 INFO     Wrote output to trainNN/out/v043-unified:simple-ff-100-20-100/config.json
2017-01-24 08:12:30,164 INFO     Saving network params to trainNN/out/v043-unified:simple-ff-100-20-100/epoch-107.pkl
2017-01-24 08:12:40,855 INFO     epoch: 107 took 116.298s (81.564s in batching)
training loss:	0.582308
validation loss:	0.603219
validation error:	0.322062
2017-01-24 08:12:40,861 INFO     Wrote output to trainNN/out/v043-unified:simple-ff-100-20-100/config.json
2017-01-24 08:14:26,830 INFO     Saving network params to trainNN/out/v043-unified:simple-ff-100-20-100/epoch-108.pkl
2017-01-24 08:14:37,404 INFO     epoch: 108 took 116.549s (81.952s in batching)
training loss:	0.582167
validation loss:	0.605127
validation error:	0.327812
2017-01-24 08:14:37,410 INFO     Wrote output to trainNN/out/v043-unified:simple-ff-100-20-100/config.json
2017-01-24 08:16:23,394 INFO     Saving network params to trainNN/out/v043-unified:simple-ff-100-20-100/epoch-109.pkl
2017-01-24 08:16:33,905 INFO     epoch: 109 took 116.501s (81.944s in batching)
training loss:	0.582160
validation loss:	0.602901
validation error:	0.324054
2017-01-24 08:16:33,911 INFO     Wrote output to trainNN/out/v043-unified:simple-ff-100-20-100/config.json
2017-01-24 08:18:20,419 INFO     Saving network params to trainNN/out/v043-unified:simple-ff-100-20-100/epoch-110.pkl
2017-01-24 08:18:31,130 INFO     epoch: 110 took 117.226s (82.175s in batching)
training loss:	0.582181
validation loss:	0.605515
validation error:	0.327435
2017-01-24 08:18:31,136 INFO     Wrote output to trainNN/out/v043-unified:simple-ff-100-20-100/config.json
2017-01-24 08:20:17,286 INFO     Saving network params to trainNN/out/v043-unified:simple-ff-100-20-100/epoch-111.pkl
2017-01-24 08:20:27,864 INFO     epoch: 111 took 116.734s (81.797s in batching)
training loss:	0.582066
validation loss:	0.604521
validation error:	0.325532
2017-01-24 08:20:27,871 INFO     Wrote output to trainNN/out/v043-unified:simple-ff-100-20-100/config.json
2017-01-24 08:22:14,056 INFO     Saving network params to trainNN/out/v043-unified:simple-ff-100-20-100/epoch-112.pkl
2017-01-24 08:22:24,580 INFO     epoch: 112 took 116.716s (81.919s in batching)
training loss:	0.582127
validation loss:	0.603675
validation error:	0.329056
2017-01-24 08:22:24,586 INFO     Wrote output to trainNN/out/v043-unified:simple-ff-100-20-100/config.json
2017-01-24 08:24:11,040 INFO     Saving network params to trainNN/out/v043-unified:simple-ff-100-20-100/epoch-113.pkl
2017-01-24 08:24:21,705 INFO     epoch: 113 took 117.125s (81.780s in batching)
training loss:	0.582002
validation loss:	0.614486
validation error:	0.324580
2017-01-24 08:24:21,712 INFO     Wrote output to trainNN/out/v043-unified:simple-ff-100-20-100/config.json
2017-01-24 08:26:08,297 INFO     Saving network params to trainNN/out/v043-unified:simple-ff-100-20-100/epoch-114.pkl
2017-01-24 08:26:18,979 INFO     epoch: 114 took 117.273s (81.979s in batching)
training loss:	0.582083
validation loss:	0.602599
validation error:	0.326855
2017-01-24 08:26:18,986 INFO     Wrote output to trainNN/out/v043-unified:simple-ff-100-20-100/config.json
2017-01-24 08:28:05,651 INFO     Saving network params to trainNN/out/v043-unified:simple-ff-100-20-100/epoch-115.pkl
2017-01-24 08:28:16,270 INFO     epoch: 115 took 117.291s (82.137s in batching)
training loss:	0.582064
validation loss:	0.605749
validation error:	0.327341
2017-01-24 08:28:16,276 INFO     Wrote output to trainNN/out/v043-unified:simple-ff-100-20-100/config.json
2017-01-24 08:30:03,311 INFO     Saving network params to trainNN/out/v043-unified:simple-ff-100-20-100/epoch-116.pkl
2017-01-24 08:30:14,064 INFO     epoch: 116 took 117.795s (82.282s in batching)
training loss:	0.582031
validation loss:	0.605997
validation error:	0.323911
2017-01-24 08:30:14,071 INFO     Wrote output to trainNN/out/v043-unified:simple-ff-100-20-100/config.json
2017-01-24 08:32:01,637 INFO     Saving network params to trainNN/out/v043-unified:simple-ff-100-20-100/epoch-117.pkl
2017-01-24 08:32:12,289 INFO     epoch: 117 took 118.225s (82.881s in batching)
training loss:	0.581950
validation loss:	0.605209
validation error:	0.326146
2017-01-24 08:32:12,295 INFO     Wrote output to trainNN/out/v043-unified:simple-ff-100-20-100/config.json
2017-01-24 08:34:00,005 INFO     Saving network params to trainNN/out/v043-unified:simple-ff-100-20-100/epoch-118.pkl
2017-01-24 08:34:10,726 INFO     epoch: 118 took 118.437s (82.739s in batching)
training loss:	0.581784
validation loss:	0.600288
validation error:	0.322900
2017-01-24 08:34:10,733 INFO     Wrote output to trainNN/out/v043-unified:simple-ff-100-20-100/config.json
2017-01-24 08:35:58,073 INFO     Saving network params to trainNN/out/v043-unified:simple-ff-100-20-100/epoch-119.pkl
2017-01-24 08:36:08,745 INFO     epoch: 119 took 118.019s (82.388s in batching)
training loss:	0.581914
validation loss:	0.602474
validation error:	0.323316
2017-01-24 08:36:08,752 INFO     Wrote output to trainNN/out/v043-unified:simple-ff-100-20-100/config.json
2017-01-24 08:37:57,337 INFO     Saving network params to trainNN/out/v043-unified:simple-ff-100-20-100/epoch-120.pkl
2017-01-24 08:38:08,088 INFO     epoch: 120 took 119.342s (82.988s in batching)
training loss:	0.581966
validation loss:	0.604124
validation error:	0.325427
2017-01-24 08:38:08,094 INFO     Wrote output to trainNN/out/v043-unified:simple-ff-100-20-100/config.json
2017-01-24 08:39:56,756 INFO     Saving network params to trainNN/out/v043-unified:simple-ff-100-20-100/epoch-121.pkl
2017-01-24 08:40:07,456 INFO     epoch: 121 took 119.369s (82.814s in batching)
training loss:	0.581898
validation loss:	0.606501
validation error:	0.325021
2017-01-24 08:40:07,464 INFO     Wrote output to trainNN/out/v043-unified:simple-ff-100-20-100/config.json
2017-01-24 08:41:56,150 INFO     Saving network params to trainNN/out/v043-unified:simple-ff-100-20-100/epoch-122.pkl
2017-01-24 08:42:06,965 INFO     epoch: 122 took 119.508s (82.975s in batching)
training loss:	0.581928
validation loss:	0.608151
validation error:	0.322919
2017-01-24 08:42:06,972 INFO     Wrote output to trainNN/out/v043-unified:simple-ff-100-20-100/config.json
2017-01-24 08:43:55,907 INFO     Saving network params to trainNN/out/v043-unified:simple-ff-100-20-100/epoch-123.pkl
2017-01-24 08:44:06,881 INFO     epoch: 123 took 119.916s (83.067s in batching)
training loss:	0.581983
validation loss:	0.604908
validation error:	0.326815
2017-01-24 08:44:06,888 INFO     Wrote output to trainNN/out/v043-unified:simple-ff-100-20-100/config.json
2017-01-24 08:45:54,967 INFO     Saving network params to trainNN/out/v043-unified:simple-ff-100-20-100/epoch-124.pkl
2017-01-24 08:46:05,648 INFO     epoch: 124 took 118.767s (82.656s in batching)
training loss:	0.581911
validation loss:	0.606715
validation error:	0.324183
2017-01-24 08:46:05,655 INFO     Wrote output to trainNN/out/v043-unified:simple-ff-100-20-100/config.json
2017-01-24 08:47:53,518 INFO     Saving network params to trainNN/out/v043-unified:simple-ff-100-20-100/epoch-125.pkl
2017-01-24 08:48:04,208 INFO     epoch: 125 took 118.560s (82.415s in batching)
training loss:	0.581913
validation loss:	0.605734
validation error:	0.324808
2017-01-24 08:48:04,215 INFO     Wrote output to trainNN/out/v043-unified:simple-ff-100-20-100/config.json
2017-01-24 08:49:52,287 INFO     Saving network params to trainNN/out/v043-unified:simple-ff-100-20-100/epoch-126.pkl
2017-01-24 08:50:03,041 INFO     epoch: 126 took 118.833s (82.740s in batching)
training loss:	0.581738
validation loss:	0.606754
validation error:	0.328620
2017-01-24 08:50:03,048 INFO     Wrote output to trainNN/out/v043-unified:simple-ff-100-20-100/config.json
2017-01-24 08:51:51,354 INFO     Saving network params to trainNN/out/v043-unified:simple-ff-100-20-100/epoch-127.pkl
2017-01-24 08:52:02,142 INFO     epoch: 127 took 119.102s (82.896s in batching)
training loss:	0.581800
validation loss:	0.606740
validation error:	0.324292
2017-01-24 08:52:02,150 INFO     Wrote output to trainNN/out/v043-unified:simple-ff-100-20-100/config.json
2017-01-24 08:53:50,000 INFO     Saving network params to trainNN/out/v043-unified:simple-ff-100-20-100/epoch-128.pkl
2017-01-24 08:54:00,674 INFO     epoch: 128 took 118.532s (82.131s in batching)
training loss:	0.581754
validation loss:	0.603251
validation error:	0.323564
2017-01-24 08:54:00,682 INFO     Wrote output to trainNN/out/v043-unified:simple-ff-100-20-100/config.json
2017-01-24 08:55:48,568 INFO     Saving network params to trainNN/out/v043-unified:simple-ff-100-20-100/epoch-129.pkl
2017-01-24 08:55:59,331 INFO     epoch: 129 took 118.657s (82.497s in batching)
training loss:	0.581784
validation loss:	0.603600
validation error:	0.323480
2017-01-24 08:55:59,338 INFO     Wrote output to trainNN/out/v043-unified:simple-ff-100-20-100/config.json
2017-01-24 08:57:47,082 INFO     Saving network params to trainNN/out/v043-unified:simple-ff-100-20-100/epoch-130.pkl
2017-01-24 08:57:57,810 INFO     epoch: 130 took 118.479s (82.394s in batching)
training loss:	0.581761
validation loss:	0.605291
validation error:	0.325244
2017-01-24 08:57:57,817 INFO     Wrote output to trainNN/out/v043-unified:simple-ff-100-20-100/config.json
2017-01-24 08:59:45,144 INFO     Saving network params to trainNN/out/v043-unified:simple-ff-100-20-100/epoch-131.pkl
2017-01-24 08:59:55,939 INFO     epoch: 131 took 118.130s (82.089s in batching)
training loss:	0.581623
validation loss:	0.604204
validation error:	0.322354
2017-01-24 08:59:55,947 INFO     Wrote output to trainNN/out/v043-unified:simple-ff-100-20-100/config.json
2017-01-24 09:01:44,402 INFO     Saving network params to trainNN/out/v043-unified:simple-ff-100-20-100/epoch-132.pkl
2017-01-24 09:01:55,105 INFO     epoch: 132 took 119.166s (82.935s in batching)
training loss:	0.581742
validation loss:	0.610874
validation error:	0.331133
2017-01-24 09:01:55,113 INFO     Wrote output to trainNN/out/v043-unified:simple-ff-100-20-100/config.json
2017-01-24 09:03:42,817 INFO     Saving network params to trainNN/out/v043-unified:simple-ff-100-20-100/epoch-133.pkl
2017-01-24 09:03:53,609 INFO     epoch: 133 took 118.503s (82.523s in batching)
training loss:	0.581607
validation loss:	0.606521
validation error:	0.326399
2017-01-24 09:03:53,616 INFO     Wrote output to trainNN/out/v043-unified:simple-ff-100-20-100/config.json
2017-01-24 09:05:41,225 INFO     Saving network params to trainNN/out/v043-unified:simple-ff-100-20-100/epoch-134.pkl
2017-01-24 09:05:51,971 INFO     epoch: 134 took 118.362s (82.078s in batching)
training loss:	0.581653
validation loss:	0.605704
validation error:	0.328337
2017-01-24 09:05:51,979 INFO     Wrote output to trainNN/out/v043-unified:simple-ff-100-20-100/config.json
2017-01-24 09:07:40,390 INFO     Saving network params to trainNN/out/v043-unified:simple-ff-100-20-100/epoch-135.pkl
2017-01-24 09:07:51,096 INFO     epoch: 135 took 119.125s (82.888s in batching)
training loss:	0.581754
validation loss:	0.605755
validation error:	0.325606
2017-01-24 09:07:51,103 INFO     Wrote output to trainNN/out/v043-unified:simple-ff-100-20-100/config.json
2017-01-24 09:09:39,643 INFO     Saving network params to trainNN/out/v043-unified:simple-ff-100-20-100/epoch-136.pkl
2017-01-24 09:09:50,342 INFO     epoch: 136 took 119.246s (82.672s in batching)
training loss:	0.581639
validation loss:	0.602892
validation error:	0.326568
2017-01-24 09:09:50,349 INFO     Wrote output to trainNN/out/v043-unified:simple-ff-100-20-100/config.json
2017-01-24 09:11:39,065 INFO     Saving network params to trainNN/out/v043-unified:simple-ff-100-20-100/epoch-137.pkl
2017-01-24 09:11:49,891 INFO     epoch: 137 took 119.549s (82.550s in batching)
training loss:	0.581506
validation loss:	0.603061
validation error:	0.324907
2017-01-24 09:11:49,898 INFO     Wrote output to trainNN/out/v043-unified:simple-ff-100-20-100/config.json
2017-01-24 09:13:38,575 INFO     Saving network params to trainNN/out/v043-unified:simple-ff-100-20-100/epoch-138.pkl
2017-01-24 09:13:49,329 INFO     epoch: 138 took 119.438s (82.591s in batching)
training loss:	0.581664
validation loss:	0.604212
validation error:	0.327113
2017-01-24 09:13:49,337 INFO     Wrote output to trainNN/out/v043-unified:simple-ff-100-20-100/config.json
2017-01-24 09:15:38,567 INFO     Saving network params to trainNN/out/v043-unified:simple-ff-100-20-100/epoch-139.pkl
2017-01-24 09:15:49,412 INFO     epoch: 139 took 120.083s (83.347s in batching)
training loss:	0.581590
validation loss:	0.604578
validation error:	0.329001
2017-01-24 09:15:49,420 INFO     Wrote output to trainNN/out/v043-unified:simple-ff-100-20-100/config.json
2017-01-24 09:17:38,877 INFO     Saving network params to trainNN/out/v043-unified:simple-ff-100-20-100/epoch-140.pkl
2017-01-24 09:17:49,754 INFO     epoch: 140 took 120.341s (83.590s in batching)
training loss:	0.581588
validation loss:	0.603626
validation error:	0.325725
2017-01-24 09:17:49,763 INFO     Wrote output to trainNN/out/v043-unified:simple-ff-100-20-100/config.json
2017-01-24 09:19:38,644 INFO     Saving network params to trainNN/out/v043-unified:simple-ff-100-20-100/epoch-141.pkl
2017-01-24 09:19:49,486 INFO     epoch: 141 took 119.732s (82.986s in batching)
training loss:	0.581645
validation loss:	0.606337
validation error:	0.329175
2017-01-24 09:19:49,494 INFO     Wrote output to trainNN/out/v043-unified:simple-ff-100-20-100/config.json
2017-01-24 09:21:37,850 INFO     Saving network params to trainNN/out/v043-unified:simple-ff-100-20-100/epoch-142.pkl
2017-01-24 09:21:48,519 INFO     epoch: 142 took 119.033s (82.237s in batching)
training loss:	0.581588
validation loss:	0.612263
validation error:	0.325145
2017-01-24 09:21:48,527 INFO     Wrote output to trainNN/out/v043-unified:simple-ff-100-20-100/config.json
2017-01-24 09:23:36,470 INFO     Saving network params to trainNN/out/v043-unified:simple-ff-100-20-100/epoch-143.pkl
2017-01-24 09:23:46,954 INFO     epoch: 143 took 118.435s (82.224s in batching)
training loss:	0.581369
validation loss:	0.603883
validation error:	0.324957
2017-01-24 09:23:46,961 INFO     Wrote output to trainNN/out/v043-unified:simple-ff-100-20-100/config.json
2017-01-24 09:25:35,311 INFO     Saving network params to trainNN/out/v043-unified:simple-ff-100-20-100/epoch-144.pkl
2017-01-24 09:25:46,184 INFO     epoch: 144 took 119.230s (83.126s in batching)
training loss:	0.581625
validation loss:	0.606841
validation error:	0.326225
2017-01-24 09:25:46,192 INFO     Wrote output to trainNN/out/v043-unified:simple-ff-100-20-100/config.json
2017-01-24 09:27:34,111 INFO     Saving network params to trainNN/out/v043-unified:simple-ff-100-20-100/epoch-145.pkl
2017-01-24 09:27:44,604 INFO     epoch: 145 took 118.420s (82.818s in batching)
training loss:	0.581437
validation loss:	0.606915
validation error:	0.332278
2017-01-24 09:27:44,612 INFO     Wrote output to trainNN/out/v043-unified:simple-ff-100-20-100/config.json
2017-01-24 09:29:32,954 INFO     Saving network params to trainNN/out/v043-unified:simple-ff-100-20-100/epoch-146.pkl
2017-01-24 09:29:43,658 INFO     epoch: 146 took 119.054s (82.653s in batching)
training loss:	0.581493
validation loss:	0.605125
validation error:	0.323891
2017-01-24 09:29:43,666 INFO     Wrote output to trainNN/out/v043-unified:simple-ff-100-20-100/config.json
2017-01-24 09:31:31,644 INFO     Saving network params to trainNN/out/v043-unified:simple-ff-100-20-100/epoch-147.pkl
2017-01-24 09:31:42,089 INFO     epoch: 147 took 118.431s (82.694s in batching)
training loss:	0.581304
validation loss:	0.611593
validation error:	0.326146
2017-01-24 09:31:42,096 INFO     Wrote output to trainNN/out/v043-unified:simple-ff-100-20-100/config.json
2017-01-24 09:33:30,220 INFO     Saving network params to trainNN/out/v043-unified:simple-ff-100-20-100/epoch-148.pkl
2017-01-24 09:33:41,174 INFO     epoch: 148 took 119.086s (82.746s in batching)
training loss:	0.581411
validation loss:	0.606918
validation error:	0.325214
2017-01-24 09:33:41,183 INFO     Wrote output to trainNN/out/v043-unified:simple-ff-100-20-100/config.json
2017-01-24 09:35:29,179 INFO     Saving network params to trainNN/out/v043-unified:simple-ff-100-20-100/epoch-149.pkl
2017-01-24 09:35:39,856 INFO     epoch: 149 took 118.682s (82.499s in batching)
training loss:	0.581418
validation loss:	0.611139
validation error:	0.323822
2017-01-24 09:35:39,864 INFO     Wrote output to trainNN/out/v043-unified:simple-ff-100-20-100/config.json
2017-01-24 09:37:27,951 INFO     Saving network params to trainNN/out/v043-unified:simple-ff-100-20-100/epoch-150.pkl
2017-01-24 09:37:38,769 INFO     epoch: 150 took 118.912s (82.623s in batching)
training loss:	0.581313
validation loss:	0.614067
validation error:	0.323519
2017-01-24 09:37:38,777 INFO     Wrote output to trainNN/out/v043-unified:simple-ff-100-20-100/config.json
2017-01-24 09:39:26,563 INFO     Saving network params to trainNN/out/v043-unified:simple-ff-100-20-100/epoch-151.pkl
2017-01-24 09:39:37,361 INFO     epoch: 151 took 118.592s (82.477s in batching)
training loss:	0.581320
validation loss:	0.602984
validation error:	0.321953
2017-01-24 09:39:37,369 INFO     Wrote output to trainNN/out/v043-unified:simple-ff-100-20-100/config.json
2017-01-24 09:41:25,835 INFO     Saving network params to trainNN/out/v043-unified:simple-ff-100-20-100/epoch-152.pkl
2017-01-24 09:41:36,348 INFO     epoch: 152 took 118.987s (82.802s in batching)
training loss:	0.581254
validation loss:	0.603747
validation error:	0.322964
2017-01-24 09:41:36,356 INFO     Wrote output to trainNN/out/v043-unified:simple-ff-100-20-100/config.json
2017-01-24 09:43:24,697 INFO     Saving network params to trainNN/out/v043-unified:simple-ff-100-20-100/epoch-153.pkl
2017-01-24 09:43:35,590 INFO     epoch: 153 took 119.242s (82.743s in batching)
training loss:	0.581351
validation loss:	0.603453
validation error:	0.325348
2017-01-24 09:43:35,598 INFO     Wrote output to trainNN/out/v043-unified:simple-ff-100-20-100/config.json
2017-01-24 09:45:23,584 INFO     Saving network params to trainNN/out/v043-unified:simple-ff-100-20-100/epoch-154.pkl
2017-01-24 09:45:34,163 INFO     epoch: 154 took 118.573s (82.414s in batching)
training loss:	0.581132
validation loss:	0.603614
validation error:	0.328228
2017-01-24 09:45:34,171 INFO     Wrote output to trainNN/out/v043-unified:simple-ff-100-20-100/config.json
2017-01-24 09:47:22,737 INFO     Saving network params to trainNN/out/v043-unified:simple-ff-100-20-100/epoch-155.pkl
2017-01-24 09:47:33,379 INFO     epoch: 155 took 119.216s (82.515s in batching)
training loss:	0.581386
validation loss:	0.612305
validation error:	0.324327
2017-01-24 09:47:33,387 INFO     Wrote output to trainNN/out/v043-unified:simple-ff-100-20-100/config.json
2017-01-24 09:49:21,395 INFO     Saving network params to trainNN/out/v043-unified:simple-ff-100-20-100/epoch-156.pkl
2017-01-24 09:49:32,095 INFO     epoch: 156 took 118.717s (82.323s in batching)
training loss:	0.581345
validation loss:	0.602247
validation error:	0.325204
2017-01-24 09:49:32,103 INFO     Wrote output to trainNN/out/v043-unified:simple-ff-100-20-100/config.json
2017-01-24 09:51:20,171 INFO     Saving network params to trainNN/out/v043-unified:simple-ff-100-20-100/epoch-157.pkl
2017-01-24 09:51:30,930 INFO     epoch: 157 took 118.834s (82.733s in batching)
training loss:	0.581301
validation loss:	0.605215
validation error:	0.326206
2017-01-24 09:51:30,938 INFO     Wrote output to trainNN/out/v043-unified:simple-ff-100-20-100/config.json
2017-01-24 09:53:19,232 INFO     Saving network params to trainNN/out/v043-unified:simple-ff-100-20-100/epoch-158.pkl
2017-01-24 09:53:30,094 INFO     epoch: 158 took 119.164s (82.466s in batching)
training loss:	0.581212
validation loss:	0.606593
validation error:	0.323826
2017-01-24 09:53:30,102 INFO     Wrote output to trainNN/out/v043-unified:simple-ff-100-20-100/config.json
2017-01-24 09:55:18,125 INFO     Saving network params to trainNN/out/v043-unified:simple-ff-100-20-100/epoch-159.pkl
2017-01-24 09:55:28,769 INFO     epoch: 159 took 118.675s (82.408s in batching)
training loss:	0.581292
validation loss:	0.604299
validation error:	0.324664
2017-01-24 09:55:28,778 INFO     Wrote output to trainNN/out/v043-unified:simple-ff-100-20-100/config.json
2017-01-24 09:57:17,434 INFO     Saving network params to trainNN/out/v043-unified:simple-ff-100-20-100/epoch-160.pkl
2017-01-24 09:57:28,267 INFO     epoch: 160 took 119.498s (82.790s in batching)
training loss:	0.581314
validation loss:	0.606606
validation error:	0.325601
2017-01-24 09:57:28,276 INFO     Wrote output to trainNN/out/v043-unified:simple-ff-100-20-100/config.json
2017-01-24 09:59:16,569 INFO     Saving network params to trainNN/out/v043-unified:simple-ff-100-20-100/epoch-161.pkl
2017-01-24 09:59:27,423 INFO     epoch: 161 took 119.156s (82.664s in batching)
training loss:	0.581143
validation loss:	0.610015
validation error:	0.329299
2017-01-24 09:59:27,433 INFO     Wrote output to trainNN/out/v043-unified:simple-ff-100-20-100/config.json
2017-01-24 10:01:16,118 INFO     Saving network params to trainNN/out/v043-unified:simple-ff-100-20-100/epoch-162.pkl
2017-01-24 10:01:26,722 INFO     epoch: 162 took 119.299s (82.662s in batching)
training loss:	0.581290
validation loss:	0.606457
validation error:	0.321437
2017-01-24 10:01:26,730 INFO     Wrote output to trainNN/out/v043-unified:simple-ff-100-20-100/config.json
2017-01-24 10:03:15,578 INFO     Saving network params to trainNN/out/v043-unified:simple-ff-100-20-100/epoch-163.pkl
2017-01-24 10:03:26,308 INFO     epoch: 163 took 119.586s (82.746s in batching)
training loss:	0.581286
validation loss:	0.603264
validation error:	0.323346
2017-01-24 10:03:26,316 INFO     Wrote output to trainNN/out/v043-unified:simple-ff-100-20-100/config.json
2017-01-24 10:05:15,400 INFO     Saving network params to trainNN/out/v043-unified:simple-ff-100-20-100/epoch-164.pkl
2017-01-24 10:05:26,042 INFO     epoch: 164 took 119.734s (83.276s in batching)
training loss:	0.581219
validation loss:	0.603753
validation error:	0.325427
2017-01-24 10:05:26,050 INFO     Wrote output to trainNN/out/v043-unified:simple-ff-100-20-100/config.json
2017-01-24 10:07:14,899 INFO     Saving network params to trainNN/out/v043-unified:simple-ff-100-20-100/epoch-165.pkl
2017-01-24 10:07:25,738 INFO     epoch: 165 took 119.696s (82.960s in batching)
training loss:	0.581209
validation loss:	0.607043
validation error:	0.325081
2017-01-24 10:07:25,747 INFO     Wrote output to trainNN/out/v043-unified:simple-ff-100-20-100/config.json
2017-01-24 10:09:14,554 INFO     Saving network params to trainNN/out/v043-unified:simple-ff-100-20-100/epoch-166.pkl
2017-01-24 10:09:25,324 INFO     epoch: 166 took 119.586s (82.758s in batching)
training loss:	0.581298
validation loss:	0.606478
validation error:	0.329145
2017-01-24 10:09:25,332 INFO     Wrote output to trainNN/out/v043-unified:simple-ff-100-20-100/config.json
2017-01-24 10:11:14,138 INFO     Saving network params to trainNN/out/v043-unified:simple-ff-100-20-100/epoch-167.pkl
2017-01-24 10:11:24,927 INFO     epoch: 167 took 119.603s (82.673s in batching)
training loss:	0.581323
validation loss:	0.604760
validation error:	0.326230
2017-01-24 10:11:24,936 INFO     Wrote output to trainNN/out/v043-unified:simple-ff-100-20-100/config.json
2017-01-24 10:13:13,784 INFO     Saving network params to trainNN/out/v043-unified:simple-ff-100-20-100/epoch-168.pkl
2017-01-24 10:13:24,416 INFO     epoch: 168 took 119.489s (82.635s in batching)
training loss:	0.581154
validation loss:	0.607149
validation error:	0.325006
2017-01-24 10:13:24,424 INFO     Wrote output to trainNN/out/v043-unified:simple-ff-100-20-100/config.json
2017-01-24 10:15:12,984 INFO     Saving network params to trainNN/out/v043-unified:simple-ff-100-20-100/epoch-169.pkl
2017-01-24 10:15:23,773 INFO     epoch: 169 took 119.358s (82.420s in batching)
training loss:	0.581003
validation loss:	0.609882
validation error:	0.328337
2017-01-24 10:15:23,782 INFO     Wrote output to trainNN/out/v043-unified:simple-ff-100-20-100/config.json
2017-01-24 10:17:12,582 INFO     Saving network params to trainNN/out/v043-unified:simple-ff-100-20-100/epoch-170.pkl
2017-01-24 10:17:23,266 INFO     epoch: 170 took 119.493s (82.608s in batching)
training loss:	0.581151
validation loss:	0.604674
validation error:	0.324074
2017-01-24 10:17:23,274 INFO     Wrote output to trainNN/out/v043-unified:simple-ff-100-20-100/config.json
2017-01-24 10:19:12,130 INFO     Saving network params to trainNN/out/v043-unified:simple-ff-100-20-100/epoch-171.pkl
2017-01-24 10:19:22,937 INFO     epoch: 171 took 119.671s (82.646s in batching)
training loss:	0.581139
validation loss:	0.606979
validation error:	0.324763
2017-01-24 10:19:22,946 INFO     Wrote output to trainNN/out/v043-unified:simple-ff-100-20-100/config.json
2017-01-24 10:21:11,244 INFO     Saving network params to trainNN/out/v043-unified:simple-ff-100-20-100/epoch-172.pkl
2017-01-24 10:21:21,981 INFO     epoch: 172 took 119.045s (82.377s in batching)
training loss:	0.581121
validation loss:	0.603012
validation error:	0.324228
2017-01-24 10:21:21,990 INFO     Wrote output to trainNN/out/v043-unified:simple-ff-100-20-100/config.json
2017-01-24 10:23:10,314 INFO     Saving network params to trainNN/out/v043-unified:simple-ff-100-20-100/epoch-173.pkl
2017-01-24 10:23:21,043 INFO     epoch: 173 took 119.062s (82.321s in batching)
training loss:	0.581020
validation loss:	0.606528
validation error:	0.323772
2017-01-24 10:23:21,052 INFO     Wrote output to trainNN/out/v043-unified:simple-ff-100-20-100/config.json
2017-01-24 10:25:09,828 INFO     Saving network params to trainNN/out/v043-unified:simple-ff-100-20-100/epoch-174.pkl
2017-01-24 10:25:20,554 INFO     epoch: 174 took 119.511s (82.826s in batching)
training loss:	0.580918
validation loss:	0.604627
validation error:	0.325388
2017-01-24 10:25:20,563 INFO     Wrote output to trainNN/out/v043-unified:simple-ff-100-20-100/config.json
2017-01-24 10:27:09,769 INFO     Saving network params to trainNN/out/v043-unified:simple-ff-100-20-100/epoch-175.pkl
2017-01-24 10:27:20,493 INFO     epoch: 175 took 119.939s (82.974s in batching)
training loss:	0.581020
validation loss:	0.603831
validation error:	0.320971
2017-01-24 10:27:20,502 INFO     Wrote output to trainNN/out/v043-unified:simple-ff-100-20-100/config.json
2017-01-24 10:29:09,739 INFO     Saving network params to trainNN/out/v043-unified:simple-ff-100-20-100/epoch-176.pkl
2017-01-24 10:29:20,393 INFO     epoch: 176 took 119.900s (83.002s in batching)
training loss:	0.580924
validation loss:	0.607645
validation error:	0.323133
2017-01-24 10:29:20,402 INFO     Wrote output to trainNN/out/v043-unified:simple-ff-100-20-100/config.json
2017-01-24 10:31:09,724 INFO     Saving network params to trainNN/out/v043-unified:simple-ff-100-20-100/epoch-177.pkl
2017-01-24 10:31:20,667 INFO     epoch: 177 took 120.275s (83.278s in batching)
training loss:	0.580998
validation loss:	0.606560
validation error:	0.326216
2017-01-24 10:31:20,676 INFO     Wrote output to trainNN/out/v043-unified:simple-ff-100-20-100/config.json
2017-01-24 10:33:09,049 INFO     Saving network params to trainNN/out/v043-unified:simple-ff-100-20-100/epoch-178.pkl
2017-01-24 10:33:19,812 INFO     epoch: 178 took 119.145s (82.454s in batching)
training loss:	0.581027
validation loss:	0.604853
validation error:	0.324971
2017-01-24 10:33:19,821 INFO     Wrote output to trainNN/out/v043-unified:simple-ff-100-20-100/config.json
2017-01-24 10:35:08,471 INFO     Saving network params to trainNN/out/v043-unified:simple-ff-100-20-100/epoch-179.pkl
2017-01-24 10:35:19,341 INFO     epoch: 179 took 119.528s (82.549s in batching)
training loss:	0.581039
validation loss:	0.604155
validation error:	0.324525
2017-01-24 10:35:19,349 INFO     Wrote output to trainNN/out/v043-unified:simple-ff-100-20-100/config.json
2017-01-24 10:37:07,914 INFO     Saving network params to trainNN/out/v043-unified:simple-ff-100-20-100/epoch-180.pkl
2017-01-24 10:37:18,719 INFO     epoch: 180 took 119.378s (82.766s in batching)
training loss:	0.581036
validation loss:	0.605013
validation error:	0.323078
2017-01-24 10:37:18,728 INFO     Wrote output to trainNN/out/v043-unified:simple-ff-100-20-100/config.json
2017-01-24 10:39:07,685 INFO     Saving network params to trainNN/out/v043-unified:simple-ff-100-20-100/epoch-181.pkl
2017-01-24 10:39:18,469 INFO     epoch: 181 took 119.750s (82.785s in batching)
training loss:	0.580939
validation loss:	0.605768
validation error:	0.326999
2017-01-24 10:39:18,478 INFO     Wrote output to trainNN/out/v043-unified:simple-ff-100-20-100/config.json
2017-01-24 10:41:06,808 INFO     Saving network params to trainNN/out/v043-unified:simple-ff-100-20-100/epoch-182.pkl
2017-01-24 10:41:17,507 INFO     epoch: 182 took 119.038s (82.410s in batching)
training loss:	0.580924
validation loss:	0.610440
validation error:	0.328173
2017-01-24 10:41:17,515 INFO     Wrote output to trainNN/out/v043-unified:simple-ff-100-20-100/config.json
2017-01-24 10:43:05,808 INFO     Saving network params to trainNN/out/v043-unified:simple-ff-100-20-100/epoch-183.pkl
2017-01-24 10:43:16,499 INFO     epoch: 183 took 118.992s (82.290s in batching)
training loss:	0.580941
validation loss:	0.605870
validation error:	0.323891
2017-01-24 10:43:16,508 INFO     Wrote output to trainNN/out/v043-unified:simple-ff-100-20-100/config.json
2017-01-24 10:45:04,983 INFO     Saving network params to trainNN/out/v043-unified:simple-ff-100-20-100/epoch-184.pkl
2017-01-24 10:45:15,540 INFO     epoch: 184 took 119.042s (82.444s in batching)
training loss:	0.580808
validation loss:	0.602531
validation error:	0.324104
2017-01-24 10:45:15,549 INFO     Wrote output to trainNN/out/v043-unified:simple-ff-100-20-100/config.json
2017-01-24 10:47:02,979 INFO     Saving network params to trainNN/out/v043-unified:simple-ff-100-20-100/epoch-185.pkl
2017-01-24 10:47:13,308 INFO     epoch: 185 took 117.768s (81.891s in batching)
training loss:	0.580831
validation loss:	0.603327
validation error:	0.322929
2017-01-24 10:47:13,317 INFO     Wrote output to trainNN/out/v043-unified:simple-ff-100-20-100/config.json
2017-01-24 10:48:59,912 INFO     Saving network params to trainNN/out/v043-unified:simple-ff-100-20-100/epoch-186.pkl
2017-01-24 10:49:10,838 INFO     epoch: 186 took 117.530s (81.750s in batching)
training loss:	0.580871
validation loss:	0.602983
validation error:	0.326176
2017-01-24 10:49:10,848 INFO     Wrote output to trainNN/out/v043-unified:simple-ff-100-20-100/config.json
2017-01-24 10:50:58,614 INFO     Saving network params to trainNN/out/v043-unified:simple-ff-100-20-100/epoch-187.pkl
2017-01-24 10:51:09,114 INFO     epoch: 187 took 118.276s (82.855s in batching)
training loss:	0.580748
validation loss:	0.602484
validation error:	0.324525
2017-01-24 10:51:09,123 INFO     Wrote output to trainNN/out/v043-unified:simple-ff-100-20-100/config.json
2017-01-24 10:52:55,998 INFO     Saving network params to trainNN/out/v043-unified:simple-ff-100-20-100/epoch-188.pkl
2017-01-24 10:53:07,090 INFO     epoch: 188 took 117.975s (82.448s in batching)
training loss:	0.580826
validation loss:	0.604118
validation error:	0.325566
2017-01-24 10:53:07,099 INFO     Wrote output to trainNN/out/v043-unified:simple-ff-100-20-100/config.json
2017-01-24 10:54:54,539 INFO     Saving network params to trainNN/out/v043-unified:simple-ff-100-20-100/epoch-189.pkl
2017-01-24 10:55:05,090 INFO     epoch: 189 took 118.000s (82.165s in batching)
training loss:	0.580919
validation loss:	0.602398
validation error:	0.322077
2017-01-24 10:55:05,099 INFO     Wrote output to trainNN/out/v043-unified:simple-ff-100-20-100/config.json
2017-01-24 10:56:51,911 INFO     Saving network params to trainNN/out/v043-unified:simple-ff-100-20-100/epoch-190.pkl
2017-01-24 10:57:02,710 INFO     epoch: 190 took 117.620s (82.015s in batching)
training loss:	0.580745
validation loss:	0.602769
validation error:	0.325001
2017-01-24 10:57:02,719 INFO     Wrote output to trainNN/out/v043-unified:simple-ff-100-20-100/config.json
2017-01-24 10:58:50,900 INFO     Saving network params to trainNN/out/v043-unified:simple-ff-100-20-100/epoch-191.pkl
2017-01-24 10:59:01,384 INFO     epoch: 191 took 118.674s (82.196s in batching)
training loss:	0.580662
validation loss:	0.615874
validation error:	0.323975
2017-01-24 10:59:01,393 INFO     Wrote output to trainNN/out/v043-unified:simple-ff-100-20-100/config.json
2017-01-24 11:00:48,855 INFO     Saving network params to trainNN/out/v043-unified:simple-ff-100-20-100/epoch-192.pkl
2017-01-24 11:00:59,756 INFO     epoch: 192 took 118.372s (82.009s in batching)
training loss:	0.580760
validation loss:	0.605876
validation error:	0.323703
2017-01-24 11:00:59,765 INFO     Wrote output to trainNN/out/v043-unified:simple-ff-100-20-100/config.json
2017-01-24 11:02:47,761 INFO     Saving network params to trainNN/out/v043-unified:simple-ff-100-20-100/epoch-193.pkl
2017-01-24 11:02:58,333 INFO     epoch: 193 took 118.577s (82.230s in batching)
training loss:	0.580810
validation loss:	0.606414
validation error:	0.324258
2017-01-24 11:02:58,342 INFO     Wrote output to trainNN/out/v043-unified:simple-ff-100-20-100/config.json
2017-01-24 11:04:46,427 INFO     Saving network params to trainNN/out/v043-unified:simple-ff-100-20-100/epoch-194.pkl
2017-01-24 11:04:57,310 INFO     epoch: 194 took 118.977s (82.415s in batching)
training loss:	0.580758
validation loss:	0.610498
validation error:	0.324689
2017-01-24 11:04:57,320 INFO     Wrote output to trainNN/out/v043-unified:simple-ff-100-20-100/config.json
2017-01-24 11:06:44,833 INFO     Saving network params to trainNN/out/v043-unified:simple-ff-100-20-100/epoch-195.pkl
2017-01-24 11:06:55,517 INFO     epoch: 195 took 118.207s (82.216s in batching)
training loss:	0.580677
validation loss:	0.607138
validation error:	0.324010
2017-01-24 11:06:55,526 INFO     Wrote output to trainNN/out/v043-unified:simple-ff-100-20-100/config.json
2017-01-24 11:08:42,309 INFO     Saving network params to trainNN/out/v043-unified:simple-ff-100-20-100/epoch-196.pkl
2017-01-24 11:08:52,710 INFO     epoch: 196 took 117.193s (82.058s in batching)
training loss:	0.580611
validation loss:	0.606987
validation error:	0.324471
2017-01-24 11:08:52,719 INFO     Wrote output to trainNN/out/v043-unified:simple-ff-100-20-100/config.json
2017-01-24 11:10:39,061 INFO     Saving network params to trainNN/out/v043-unified:simple-ff-100-20-100/epoch-197.pkl
2017-01-24 11:10:49,460 INFO     epoch: 197 took 116.750s (81.571s in batching)
training loss:	0.580833
validation loss:	0.601885
validation error:	0.323653
2017-01-24 11:10:49,469 INFO     Wrote output to trainNN/out/v043-unified:simple-ff-100-20-100/config.json
2017-01-24 11:12:35,668 INFO     Saving network params to trainNN/out/v043-unified:simple-ff-100-20-100/epoch-198.pkl
2017-01-24 11:12:46,245 INFO     epoch: 198 took 116.785s (81.816s in batching)
training loss:	0.580878
validation loss:	0.603575
validation error:	0.326087
2017-01-24 11:12:46,254 INFO     Wrote output to trainNN/out/v043-unified:simple-ff-100-20-100/config.json
2017-01-24 11:14:32,964 INFO     Saving network params to trainNN/out/v043-unified:simple-ff-100-20-100/epoch-199.pkl
2017-01-24 11:14:43,491 INFO     epoch: 199 took 117.246s (81.798s in batching)
training loss:	0.580805
validation loss:	0.603160
validation error:	0.326007
2017-01-24 11:14:43,501 INFO     Wrote output to trainNN/out/v043-unified:simple-ff-100-20-100/config.json
