2017-01-24 04:04:49,163 DEBUG    version=v042-unified-3-g7085a7c-dirty:simple-ff-50
2017-01-24 04:04:49,163 INFO     Open DBase(data/db/all240302-spk.dat, data/db/all240302-spk.idx, mode='r')
2017-01-24 04:04:56,341 DEBUG    loading cached extracted data from data/cache/extract-563f0cfda2bc8b6a659563483d8ddca63a2cf90cdf00f9f7f789bf6027ccda0a.pickle
2017-01-24 04:04:56,738 DEBUG    set input dim to 2
2017-01-24 04:04:56,740 DEBUG    input dim = 2
2017-01-24 04:04:56,834 DEBUG    loading data into ram
2017-01-24 04:04:56,903 DEBUG    loading data took 0.069s (cpu: 0.069s
2017-01-24 04:04:57,144 DEBUG    set input dim to 2
2017-01-24 04:04:57,144 DEBUG    input dim = 2
2017-01-24 04:04:57,155 DEBUG    loading data into ram
2017-01-24 04:04:57,162 DEBUG    loading data took 0.007s (cpu: 0.007s
2017-01-24 04:04:57,172 INFO     Training network with 4152 trainable out of 4152 total params.
2017-01-24 04:04:57,183 DEBUG    Using sgd with learning_rate=0.700000
2017-01-24 04:04:57,788 DEBUG    Starting training...
2017-01-24 04:05:56,382 INFO     Saving network params to trainNN/out/v042-unified-3-g7085a7c-dirty:simple-ff-50/epoch-000.pkl
2017-01-24 04:06:01,518 INFO     epoch: 0 took 63.730s (41.259s in batching)
training loss:	0.627649
validation loss:	0.652265
validation error:	0.382305
2017-01-24 04:06:01,519 INFO     Wrote output to trainNN/out/v042-unified-3-g7085a7c-dirty:simple-ff-50/config.json
2017-01-24 04:06:57,430 INFO     Saving network params to trainNN/out/v042-unified-3-g7085a7c-dirty:simple-ff-50/epoch-001.pkl
2017-01-24 04:07:02,554 INFO     epoch: 1 took 61.036s (39.303s in batching)
training loss:	0.618615
validation loss:	0.612649
validation error:	0.341814
2017-01-24 04:07:02,793 INFO     Wrote output to trainNN/out/v042-unified-3-g7085a7c-dirty:simple-ff-50/config.json
2017-01-24 04:07:10,920 INFO     received exit signal, waiting for epoch to finish...
