2017-01-24 22:05:26,296 DEBUG    version=v044-unified-2-g35d999d-dirty:simple-ff-ffv-adam-100-50-50
2017-01-24 22:05:26,297 INFO     Open DBase(data/db/all240302-spk.dat, data/db/all240302-spk.idx, mode='r')
2017-01-24 22:05:41,201 DEBUG    loading cached extracted data from data/cache/extract-17095dffdd75068299ccb5dd895af8ecaa0fbe1575b09b5b1ad4e4febf4d84ae.pickle
2017-01-24 22:05:42,440 DEBUG    set input dim to 9
2017-01-24 22:05:42,440 DEBUG    input dim = 9
2017-01-24 22:05:42,604 DEBUG    loading data into ram
2017-01-24 22:05:42,743 DEBUG    loading data took 0.138s (cpu: 0.138s
2017-01-24 22:05:43,312 DEBUG    set input dim to 9
2017-01-24 22:05:43,313 DEBUG    input dim = 9
2017-01-24 22:05:43,332 DEBUG    loading data into ram
2017-01-24 22:05:43,345 DEBUG    loading data took 0.014s (cpu: 0.014s
2017-01-24 22:05:43,377 INFO     Training network with 43802 trainable out of 43802 total params.
2017-01-24 22:05:43,462 DEBUG    Using adam with learning_rate=0.001000
2017-01-24 22:05:54,378 INFO     Waiting for existing lock by process '13046' (I am process '13048')
2017-01-24 22:05:54,379 INFO     To manually release the lock, delete /home/rruede/.theano/compiledir_Linux-3.16--generic-x86_64-with-debian-jessie-sid-x86_64-3.6.0-64/lock_dir
2017-01-24 22:06:01,153 INFO     Waiting for existing lock by process '13046' (I am process '13048')
2017-01-24 22:06:01,153 INFO     To manually release the lock, delete /home/rruede/.theano/compiledir_Linux-3.16--generic-x86_64-with-debian-jessie-sid-x86_64-3.6.0-64/lock_dir
2017-01-24 22:06:08,690 INFO     Waiting for existing lock by process '13046' (I am process '13048')
2017-01-24 22:06:08,690 INFO     To manually release the lock, delete /home/rruede/.theano/compiledir_Linux-3.16--generic-x86_64-with-debian-jessie-sid-x86_64-3.6.0-64/lock_dir
2017-01-24 22:06:14,843 INFO     Waiting for existing lock by process '13046' (I am process '13048')
2017-01-24 22:06:14,843 INFO     To manually release the lock, delete /home/rruede/.theano/compiledir_Linux-3.16--generic-x86_64-with-debian-jessie-sid-x86_64-3.6.0-64/lock_dir
2017-01-24 22:06:22,497 INFO     Waiting for existing lock by process '13046' (I am process '13048')
2017-01-24 22:06:22,497 INFO     To manually release the lock, delete /home/rruede/.theano/compiledir_Linux-3.16--generic-x86_64-with-debian-jessie-sid-x86_64-3.6.0-64/lock_dir
2017-01-24 22:06:28,482 INFO     Waiting for existing lock by process '13045' (I am process '13048')
2017-01-24 22:06:28,485 INFO     To manually release the lock, delete /home/rruede/.theano/compiledir_Linux-3.16--generic-x86_64-with-debian-jessie-sid-x86_64-3.6.0-64/lock_dir
2017-01-24 22:06:40,295 DEBUG    Starting training...
2017-01-24 22:08:43,907 INFO     Saving network params to trainNN/out/v044-unified-2-g35d999d-dirty:simple-ff-ffv-adam-100-50-50/epoch-000.pkl
2017-01-24 22:08:54,716 INFO     epoch: 0 took 134.420s (86.499s in batching)
training loss:	0.630404
validation loss:	0.625987
validation error:	0.358107
2017-01-24 22:08:54,718 INFO     Wrote output to trainNN/out/v044-unified-2-g35d999d-dirty:simple-ff-ffv-adam-100-50-50/config.json
2017-01-24 22:10:57,828 INFO     Saving network params to trainNN/out/v044-unified-2-g35d999d-dirty:simple-ff-ffv-adam-100-50-50/epoch-001.pkl
2017-01-24 22:11:09,063 INFO     epoch: 1 took 134.347s (86.072s in batching)
training loss:	0.616028
validation loss:	0.611526
validation error:	0.342781
2017-01-24 22:11:09,065 INFO     Wrote output to trainNN/out/v044-unified-2-g35d999d-dirty:simple-ff-ffv-adam-100-50-50/config.json
2017-01-24 22:13:11,704 INFO     Saving network params to trainNN/out/v044-unified-2-g35d999d-dirty:simple-ff-ffv-adam-100-50-50/epoch-002.pkl
2017-01-24 22:13:22,860 INFO     epoch: 2 took 133.797s (85.799s in batching)
training loss:	0.610491
validation loss:	0.611060
validation error:	0.340476
2017-01-24 22:13:22,862 INFO     Wrote output to trainNN/out/v044-unified-2-g35d999d-dirty:simple-ff-ffv-adam-100-50-50/config.json
2017-01-24 22:15:25,834 INFO     Saving network params to trainNN/out/v044-unified-2-g35d999d-dirty:simple-ff-ffv-adam-100-50-50/epoch-003.pkl
2017-01-24 22:15:37,141 INFO     epoch: 3 took 134.281s (86.181s in batching)
training loss:	0.606458
validation loss:	0.613522
validation error:	0.343306
2017-01-24 22:15:37,241 INFO     Wrote output to trainNN/out/v044-unified-2-g35d999d-dirty:simple-ff-ffv-adam-100-50-50/config.json
2017-01-24 22:17:40,173 INFO     Saving network params to trainNN/out/v044-unified-2-g35d999d-dirty:simple-ff-ffv-adam-100-50-50/epoch-004.pkl
2017-01-24 22:17:51,201 INFO     epoch: 4 took 134.061s (86.224s in batching)
training loss:	0.603346
validation loss:	0.602894
validation error:	0.329492
2017-01-24 22:17:51,204 INFO     Wrote output to trainNN/out/v044-unified-2-g35d999d-dirty:simple-ff-ffv-adam-100-50-50/config.json
2017-01-24 22:19:54,335 INFO     Saving network params to trainNN/out/v044-unified-2-g35d999d-dirty:simple-ff-ffv-adam-100-50-50/epoch-005.pkl
2017-01-24 22:20:05,593 INFO     epoch: 5 took 134.392s (86.438s in batching)
training loss:	0.600671
validation loss:	0.606301
validation error:	0.334260
2017-01-24 22:20:05,596 INFO     Wrote output to trainNN/out/v044-unified-2-g35d999d-dirty:simple-ff-ffv-adam-100-50-50/config.json
2017-01-24 22:22:08,316 INFO     Saving network params to trainNN/out/v044-unified-2-g35d999d-dirty:simple-ff-ffv-adam-100-50-50/epoch-006.pkl
2017-01-24 22:22:19,389 INFO     epoch: 6 took 133.795s (86.076s in batching)
training loss:	0.598784
validation loss:	0.598060
validation error:	0.323881
2017-01-24 22:22:19,391 INFO     Wrote output to trainNN/out/v044-unified-2-g35d999d-dirty:simple-ff-ffv-adam-100-50-50/config.json
2017-01-24 22:24:22,212 INFO     Saving network params to trainNN/out/v044-unified-2-g35d999d-dirty:simple-ff-ffv-adam-100-50-50/epoch-007.pkl
2017-01-24 22:24:33,413 INFO     epoch: 7 took 134.025s (85.958s in batching)
training loss:	0.597060
validation loss:	0.600838
validation error:	0.328605
2017-01-24 22:24:33,416 INFO     Wrote output to trainNN/out/v044-unified-2-g35d999d-dirty:simple-ff-ffv-adam-100-50-50/config.json
2017-01-24 22:26:36,839 INFO     Saving network params to trainNN/out/v044-unified-2-g35d999d-dirty:simple-ff-ffv-adam-100-50-50/epoch-008.pkl
2017-01-24 22:26:47,839 INFO     epoch: 8 took 134.425s (86.250s in batching)
training loss:	0.595660
validation loss:	0.602563
validation error:	0.333254
2017-01-24 22:26:47,841 INFO     Wrote output to trainNN/out/v044-unified-2-g35d999d-dirty:simple-ff-ffv-adam-100-50-50/config.json
2017-01-24 22:28:51,011 INFO     Saving network params to trainNN/out/v044-unified-2-g35d999d-dirty:simple-ff-ffv-adam-100-50-50/epoch-009.pkl
2017-01-24 22:29:02,219 INFO     epoch: 9 took 134.380s (85.937s in batching)
training loss:	0.594499
validation loss:	0.599763
validation error:	0.328020
2017-01-24 22:29:02,222 INFO     Wrote output to trainNN/out/v044-unified-2-g35d999d-dirty:simple-ff-ffv-adam-100-50-50/config.json
2017-01-24 22:31:04,838 INFO     Saving network params to trainNN/out/v044-unified-2-g35d999d-dirty:simple-ff-ffv-adam-100-50-50/epoch-010.pkl
2017-01-24 22:31:16,025 INFO     epoch: 10 took 133.806s (85.712s in batching)
training loss:	0.593308
validation loss:	0.602171
validation error:	0.332114
2017-01-24 22:31:16,028 INFO     Wrote output to trainNN/out/v044-unified-2-g35d999d-dirty:simple-ff-ffv-adam-100-50-50/config.json
2017-01-24 22:33:19,057 INFO     Saving network params to trainNN/out/v044-unified-2-g35d999d-dirty:simple-ff-ffv-adam-100-50-50/epoch-011.pkl
2017-01-24 22:33:30,292 INFO     epoch: 11 took 134.267s (86.397s in batching)
training loss:	0.592341
validation loss:	0.598194
validation error:	0.324183
2017-01-24 22:33:30,295 INFO     Wrote output to trainNN/out/v044-unified-2-g35d999d-dirty:simple-ff-ffv-adam-100-50-50/config.json
2017-01-24 22:35:35,315 INFO     Saving network params to trainNN/out/v044-unified-2-g35d999d-dirty:simple-ff-ffv-adam-100-50-50/epoch-012.pkl
2017-01-24 22:35:46,514 INFO     epoch: 12 took 136.221s (86.522s in batching)
training loss:	0.591493
validation loss:	0.598141
validation error:	0.326577
2017-01-24 22:35:46,517 INFO     Wrote output to trainNN/out/v044-unified-2-g35d999d-dirty:simple-ff-ffv-adam-100-50-50/config.json
2017-01-24 22:37:50,008 INFO     Saving network params to trainNN/out/v044-unified-2-g35d999d-dirty:simple-ff-ffv-adam-100-50-50/epoch-013.pkl
2017-01-24 22:38:01,350 INFO     epoch: 13 took 134.836s (86.438s in batching)
training loss:	0.590893
validation loss:	0.603555
validation error:	0.330870
2017-01-24 22:38:01,353 INFO     Wrote output to trainNN/out/v044-unified-2-g35d999d-dirty:simple-ff-ffv-adam-100-50-50/config.json
2017-01-24 22:41:17,291 INFO     Saving network params to trainNN/out/v044-unified-2-g35d999d-dirty:simple-ff-ffv-adam-100-50-50/epoch-014.pkl
2017-01-24 22:41:28,365 INFO     epoch: 14 took 207.015s (87.894s in batching)
training loss:	0.590224
validation loss:	0.599926
validation error:	0.327871
2017-01-24 22:41:28,368 INFO     Wrote output to trainNN/out/v044-unified-2-g35d999d-dirty:simple-ff-ffv-adam-100-50-50/config.json
2017-01-24 22:43:29,549 INFO     Saving network params to trainNN/out/v044-unified-2-g35d999d-dirty:simple-ff-ffv-adam-100-50-50/epoch-015.pkl
2017-01-24 22:43:40,117 INFO     epoch: 15 took 131.752s (85.780s in batching)
training loss:	0.589447
validation loss:	0.598117
validation error:	0.321958
2017-01-24 22:43:40,119 INFO     Wrote output to trainNN/out/v044-unified-2-g35d999d-dirty:simple-ff-ffv-adam-100-50-50/config.json
2017-01-24 22:45:42,521 INFO     Saving network params to trainNN/out/v044-unified-2-g35d999d-dirty:simple-ff-ffv-adam-100-50-50/epoch-016.pkl
2017-01-24 22:45:53,750 INFO     epoch: 16 took 133.633s (85.880s in batching)
training loss:	0.588815
validation loss:	0.596989
validation error:	0.322791
2017-01-24 22:45:53,753 INFO     Wrote output to trainNN/out/v044-unified-2-g35d999d-dirty:simple-ff-ffv-adam-100-50-50/config.json
2017-01-24 22:47:56,349 INFO     Saving network params to trainNN/out/v044-unified-2-g35d999d-dirty:simple-ff-ffv-adam-100-50-50/epoch-017.pkl
2017-01-24 22:48:07,589 INFO     epoch: 17 took 133.839s (85.834s in batching)
training loss:	0.588275
validation loss:	0.597617
validation error:	0.323519
2017-01-24 22:48:07,689 INFO     Wrote output to trainNN/out/v044-unified-2-g35d999d-dirty:simple-ff-ffv-adam-100-50-50/config.json
2017-01-24 22:50:09,821 INFO     Saving network params to trainNN/out/v044-unified-2-g35d999d-dirty:simple-ff-ffv-adam-100-50-50/epoch-018.pkl
2017-01-24 22:50:21,097 INFO     epoch: 18 took 133.508s (85.620s in batching)
training loss:	0.587712
validation loss:	0.596154
validation error:	0.323787
2017-01-24 22:50:21,100 INFO     Wrote output to trainNN/out/v044-unified-2-g35d999d-dirty:simple-ff-ffv-adam-100-50-50/config.json
2017-01-24 22:52:23,365 INFO     Saving network params to trainNN/out/v044-unified-2-g35d999d-dirty:simple-ff-ffv-adam-100-50-50/epoch-019.pkl
2017-01-24 22:52:34,550 INFO     epoch: 19 took 133.453s (85.642s in batching)
training loss:	0.587340
validation loss:	0.594849
validation error:	0.319663
2017-01-24 22:52:34,650 INFO     Wrote output to trainNN/out/v044-unified-2-g35d999d-dirty:simple-ff-ffv-adam-100-50-50/config.json
2017-01-24 22:54:37,378 INFO     Saving network params to trainNN/out/v044-unified-2-g35d999d-dirty:simple-ff-ffv-adam-100-50-50/epoch-020.pkl
2017-01-24 22:54:48,605 INFO     epoch: 20 took 134.055s (86.089s in batching)
training loss:	0.586693
validation loss:	0.598222
validation error:	0.324694
2017-01-24 22:54:48,608 INFO     Wrote output to trainNN/out/v044-unified-2-g35d999d-dirty:simple-ff-ffv-adam-100-50-50/config.json
2017-01-24 22:56:51,280 INFO     Saving network params to trainNN/out/v044-unified-2-g35d999d-dirty:simple-ff-ffv-adam-100-50-50/epoch-021.pkl
2017-01-24 22:57:02,495 INFO     epoch: 21 took 133.890s (86.018s in batching)
training loss:	0.586309
validation loss:	0.597519
validation error:	0.322419
2017-01-24 22:57:02,498 INFO     Wrote output to trainNN/out/v044-unified-2-g35d999d-dirty:simple-ff-ffv-adam-100-50-50/config.json
2017-01-24 22:59:05,063 INFO     Saving network params to trainNN/out/v044-unified-2-g35d999d-dirty:simple-ff-ffv-adam-100-50-50/epoch-022.pkl
2017-01-24 22:59:16,339 INFO     epoch: 22 took 133.845s (86.091s in batching)
training loss:	0.585795
validation loss:	0.596647
validation error:	0.323321
2017-01-24 22:59:16,442 INFO     Wrote output to trainNN/out/v044-unified-2-g35d999d-dirty:simple-ff-ffv-adam-100-50-50/config.json
2017-01-24 23:01:19,393 INFO     Saving network params to trainNN/out/v044-unified-2-g35d999d-dirty:simple-ff-ffv-adam-100-50-50/epoch-023.pkl
2017-01-24 23:01:29,984 INFO     epoch: 23 took 133.645s (86.013s in batching)
training loss:	0.585314
validation loss:	0.596281
validation error:	0.322999
2017-01-24 23:01:29,987 INFO     Wrote output to trainNN/out/v044-unified-2-g35d999d-dirty:simple-ff-ffv-adam-100-50-50/config.json
2017-01-24 23:03:33,775 INFO     Saving network params to trainNN/out/v044-unified-2-g35d999d-dirty:simple-ff-ffv-adam-100-50-50/epoch-024.pkl
2017-01-24 23:03:45,020 INFO     epoch: 24 took 135.036s (86.642s in batching)
training loss:	0.585053
validation loss:	0.604103
validation error:	0.326250
2017-01-24 23:03:45,024 INFO     Wrote output to trainNN/out/v044-unified-2-g35d999d-dirty:simple-ff-ffv-adam-100-50-50/config.json
2017-01-24 23:05:47,129 INFO     Saving network params to trainNN/out/v044-unified-2-g35d999d-dirty:simple-ff-ffv-adam-100-50-50/epoch-025.pkl
2017-01-24 23:05:58,288 INFO     epoch: 25 took 133.268s (85.734s in batching)
training loss:	0.584660
validation loss:	0.594974
validation error:	0.321145
2017-01-24 23:05:58,390 INFO     Wrote output to trainNN/out/v044-unified-2-g35d999d-dirty:simple-ff-ffv-adam-100-50-50/config.json
2017-01-24 23:08:01,227 INFO     Saving network params to trainNN/out/v044-unified-2-g35d999d-dirty:simple-ff-ffv-adam-100-50-50/epoch-026.pkl
2017-01-24 23:08:12,427 INFO     epoch: 26 took 134.139s (86.113s in batching)
training loss:	0.584151
validation loss:	0.598949
validation error:	0.324853
2017-01-24 23:08:12,430 INFO     Wrote output to trainNN/out/v044-unified-2-g35d999d-dirty:simple-ff-ffv-adam-100-50-50/config.json
2017-01-24 23:10:15,061 INFO     Saving network params to trainNN/out/v044-unified-2-g35d999d-dirty:simple-ff-ffv-adam-100-50-50/epoch-027.pkl
2017-01-24 23:10:26,237 INFO     epoch: 27 took 133.811s (86.086s in batching)
training loss:	0.584093
validation loss:	0.595669
validation error:	0.320877
2017-01-24 23:10:26,241 INFO     Wrote output to trainNN/out/v044-unified-2-g35d999d-dirty:simple-ff-ffv-adam-100-50-50/config.json
2017-01-24 23:12:28,749 INFO     Saving network params to trainNN/out/v044-unified-2-g35d999d-dirty:simple-ff-ffv-adam-100-50-50/epoch-028.pkl
2017-01-24 23:12:39,912 INFO     epoch: 28 took 133.675s (85.952s in batching)
training loss:	0.583820
validation loss:	0.600571
validation error:	0.326820
2017-01-24 23:12:39,916 INFO     Wrote output to trainNN/out/v044-unified-2-g35d999d-dirty:simple-ff-ffv-adam-100-50-50/config.json
2017-01-24 23:14:42,538 INFO     Saving network params to trainNN/out/v044-unified-2-g35d999d-dirty:simple-ff-ffv-adam-100-50-50/epoch-029.pkl
2017-01-24 23:14:53,708 INFO     epoch: 29 took 133.796s (85.879s in batching)
training loss:	0.583330
validation loss:	0.598780
validation error:	0.325348
2017-01-24 23:14:53,712 INFO     Wrote output to trainNN/out/v044-unified-2-g35d999d-dirty:simple-ff-ffv-adam-100-50-50/config.json
2017-01-24 23:16:55,927 INFO     Saving network params to trainNN/out/v044-unified-2-g35d999d-dirty:simple-ff-ffv-adam-100-50-50/epoch-030.pkl
2017-01-24 23:17:07,049 INFO     epoch: 30 took 133.341s (85.688s in batching)
training loss:	0.583044
validation loss:	0.599270
validation error:	0.322741
2017-01-24 23:17:07,053 INFO     Wrote output to trainNN/out/v044-unified-2-g35d999d-dirty:simple-ff-ffv-adam-100-50-50/config.json
2017-01-24 23:19:09,816 INFO     Saving network params to trainNN/out/v044-unified-2-g35d999d-dirty:simple-ff-ffv-adam-100-50-50/epoch-031.pkl
2017-01-24 23:19:20,516 INFO     epoch: 31 took 133.466s (86.030s in batching)
training loss:	0.582629
validation loss:	0.595349
validation error:	0.319663
2017-01-24 23:19:20,519 INFO     Wrote output to trainNN/out/v044-unified-2-g35d999d-dirty:simple-ff-ffv-adam-100-50-50/config.json
2017-01-24 23:21:23,518 INFO     Saving network params to trainNN/out/v044-unified-2-g35d999d-dirty:simple-ff-ffv-adam-100-50-50/epoch-032.pkl
2017-01-24 23:21:34,681 INFO     epoch: 32 took 134.165s (86.319s in batching)
training loss:	0.582494
validation loss:	0.600555
validation error:	0.323603
2017-01-24 23:21:34,685 INFO     Wrote output to trainNN/out/v044-unified-2-g35d999d-dirty:simple-ff-ffv-adam-100-50-50/config.json
2017-01-24 23:23:36,480 INFO     Saving network params to trainNN/out/v044-unified-2-g35d999d-dirty:simple-ff-ffv-adam-100-50-50/epoch-033.pkl
2017-01-24 23:23:47,716 INFO     epoch: 33 took 133.035s (85.721s in batching)
training loss:	0.582235
validation loss:	0.596239
validation error:	0.320243
2017-01-24 23:23:47,720 INFO     Wrote output to trainNN/out/v044-unified-2-g35d999d-dirty:simple-ff-ffv-adam-100-50-50/config.json
2017-01-24 23:25:49,776 INFO     Saving network params to trainNN/out/v044-unified-2-g35d999d-dirty:simple-ff-ffv-adam-100-50-50/epoch-034.pkl
2017-01-24 23:26:00,949 INFO     epoch: 34 took 133.233s (85.738s in batching)
training loss:	0.581961
validation loss:	0.599074
validation error:	0.321874
2017-01-24 23:26:00,953 INFO     Wrote output to trainNN/out/v044-unified-2-g35d999d-dirty:simple-ff-ffv-adam-100-50-50/config.json
2017-01-24 23:28:05,056 INFO     Saving network params to trainNN/out/v044-unified-2-g35d999d-dirty:simple-ff-ffv-adam-100-50-50/epoch-035.pkl
2017-01-24 23:28:16,547 INFO     epoch: 35 took 135.597s (86.353s in batching)
training loss:	0.581728
validation loss:	0.596089
validation error:	0.321705
2017-01-24 23:28:16,550 INFO     Wrote output to trainNN/out/v044-unified-2-g35d999d-dirty:simple-ff-ffv-adam-100-50-50/config.json
2017-01-24 23:30:21,565 INFO     Saving network params to trainNN/out/v044-unified-2-g35d999d-dirty:simple-ff-ffv-adam-100-50-50/epoch-036.pkl
2017-01-24 23:30:33,052 INFO     epoch: 36 took 136.505s (86.980s in batching)
training loss:	0.581562
validation loss:	0.596768
validation error:	0.320610
2017-01-24 23:30:33,056 INFO     Wrote output to trainNN/out/v044-unified-2-g35d999d-dirty:simple-ff-ffv-adam-100-50-50/config.json
2017-01-24 23:32:36,879 INFO     Saving network params to trainNN/out/v044-unified-2-g35d999d-dirty:simple-ff-ffv-adam-100-50-50/epoch-037.pkl
2017-01-24 23:32:48,050 INFO     epoch: 37 took 134.998s (86.643s in batching)
training loss:	0.581325
validation loss:	0.597145
validation error:	0.319708
2017-01-24 23:32:48,053 INFO     Wrote output to trainNN/out/v044-unified-2-g35d999d-dirty:simple-ff-ffv-adam-100-50-50/config.json
2017-01-24 23:34:50,484 INFO     Saving network params to trainNN/out/v044-unified-2-g35d999d-dirty:simple-ff-ffv-adam-100-50-50/epoch-038.pkl
2017-01-24 23:35:01,321 INFO     epoch: 38 took 133.272s (86.116s in batching)
training loss:	0.581028
validation loss:	0.598391
validation error:	0.322602
2017-01-24 23:35:01,325 INFO     Wrote output to trainNN/out/v044-unified-2-g35d999d-dirty:simple-ff-ffv-adam-100-50-50/config.json
2017-01-24 23:37:34,360 INFO     Saving network params to trainNN/out/v044-unified-2-g35d999d-dirty:simple-ff-ffv-adam-100-50-50/epoch-039.pkl
2017-01-24 23:37:56,247 INFO     epoch: 39 took 168.543s (85.124s in batching)
training loss:	0.580897
validation loss:	0.596689
validation error:	0.320739
2017-01-24 23:38:38,885 INFO     Wrote output to trainNN/out/v044-unified-2-g35d999d-dirty:simple-ff-ffv-adam-100-50-50/config.json
2017-01-24 23:40:34,046 INFO     Saving network params to trainNN/out/v044-unified-2-g35d999d-dirty:simple-ff-ffv-adam-100-50-50/epoch-040.pkl
2017-01-24 23:40:44,782 INFO     epoch: 40 took 174.845s (84.923s in batching)
training loss:	0.580750
validation loss:	0.595869
validation error:	0.321313
2017-01-24 23:40:44,861 INFO     Wrote output to trainNN/out/v044-unified-2-g35d999d-dirty:simple-ff-ffv-adam-100-50-50/config.json
2017-01-24 23:43:19,840 INFO     Saving network params to trainNN/out/v044-unified-2-g35d999d-dirty:simple-ff-ffv-adam-100-50-50/epoch-041.pkl
2017-01-24 23:43:35,299 INFO     epoch: 41 took 170.589s (88.731s in batching)
training loss:	0.580348
validation loss:	0.599325
validation error:	0.322830
2017-01-24 23:43:35,315 INFO     Wrote output to trainNN/out/v044-unified-2-g35d999d-dirty:simple-ff-ffv-adam-100-50-50/config.json
2017-01-24 23:46:28,197 INFO     Saving network params to trainNN/out/v044-unified-2-g35d999d-dirty:simple-ff-ffv-adam-100-50-50/epoch-042.pkl
2017-01-24 23:46:43,221 INFO     epoch: 42 took 187.922s (89.498s in batching)
training loss:	0.580296
validation loss:	0.596101
validation error:	0.320729
2017-01-24 23:46:43,249 INFO     Wrote output to trainNN/out/v044-unified-2-g35d999d-dirty:simple-ff-ffv-adam-100-50-50/config.json
2017-01-24 23:49:37,523 INFO     Saving network params to trainNN/out/v044-unified-2-g35d999d-dirty:simple-ff-ffv-adam-100-50-50/epoch-043.pkl
2017-01-24 23:49:52,796 INFO     epoch: 43 took 189.575s (87.829s in batching)
training loss:	0.580300
validation loss:	0.600013
validation error:	0.323475
2017-01-24 23:49:52,811 INFO     Wrote output to trainNN/out/v044-unified-2-g35d999d-dirty:simple-ff-ffv-adam-100-50-50/config.json
2017-01-24 23:52:47,654 INFO     Saving network params to trainNN/out/v044-unified-2-g35d999d-dirty:simple-ff-ffv-adam-100-50-50/epoch-044.pkl
2017-01-24 23:53:02,992 INFO     epoch: 44 took 190.196s (87.291s in batching)
training loss:	0.579982
validation loss:	0.600494
validation error:	0.323589
2017-01-24 23:53:03,009 INFO     Wrote output to trainNN/out/v044-unified-2-g35d999d-dirty:simple-ff-ffv-adam-100-50-50/config.json
2017-01-24 23:55:58,528 INFO     Saving network params to trainNN/out/v044-unified-2-g35d999d-dirty:simple-ff-ffv-adam-100-50-50/epoch-045.pkl
2017-01-24 23:56:13,921 INFO     epoch: 45 took 190.929s (87.606s in batching)
training loss:	0.579832
validation loss:	0.597006
validation error:	0.319217
2017-01-24 23:56:13,933 INFO     Wrote output to trainNN/out/v044-unified-2-g35d999d-dirty:simple-ff-ffv-adam-100-50-50/config.json
2017-01-24 23:59:09,231 INFO     Saving network params to trainNN/out/v044-unified-2-g35d999d-dirty:simple-ff-ffv-adam-100-50-50/epoch-046.pkl
2017-01-24 23:59:24,488 INFO     epoch: 46 took 190.567s (87.431s in batching)
training loss:	0.579744
validation loss:	0.598814
validation error:	0.322047
2017-01-24 23:59:24,492 INFO     Wrote output to trainNN/out/v044-unified-2-g35d999d-dirty:simple-ff-ffv-adam-100-50-50/config.json
2017-01-25 00:02:19,735 INFO     Saving network params to trainNN/out/v044-unified-2-g35d999d-dirty:simple-ff-ffv-adam-100-50-50/epoch-047.pkl
2017-01-25 00:02:34,693 INFO     epoch: 47 took 190.205s (87.572s in batching)
training loss:	0.579600
validation loss:	0.595775
validation error:	0.319301
2017-01-25 00:02:34,698 INFO     Wrote output to trainNN/out/v044-unified-2-g35d999d-dirty:simple-ff-ffv-adam-100-50-50/config.json
2017-01-25 00:05:30,858 INFO     Saving network params to trainNN/out/v044-unified-2-g35d999d-dirty:simple-ff-ffv-adam-100-50-50/epoch-048.pkl
2017-01-25 00:05:46,166 INFO     epoch: 48 took 191.474s (87.577s in batching)
training loss:	0.579476
validation loss:	0.600688
validation error:	0.322444
2017-01-25 00:05:46,289 INFO     Wrote output to trainNN/out/v044-unified-2-g35d999d-dirty:simple-ff-ffv-adam-100-50-50/config.json
2017-01-25 00:08:41,463 INFO     Saving network params to trainNN/out/v044-unified-2-g35d999d-dirty:simple-ff-ffv-adam-100-50-50/epoch-049.pkl
2017-01-25 00:08:56,685 INFO     epoch: 49 took 190.519s (87.554s in batching)
training loss:	0.579273
validation loss:	0.597565
validation error:	0.318721
2017-01-25 00:08:56,700 INFO     Wrote output to trainNN/out/v044-unified-2-g35d999d-dirty:simple-ff-ffv-adam-100-50-50/config.json
2017-01-25 00:11:51,946 INFO     Saving network params to trainNN/out/v044-unified-2-g35d999d-dirty:simple-ff-ffv-adam-100-50-50/epoch-050.pkl
2017-01-25 00:12:07,337 INFO     epoch: 50 took 190.652s (87.400s in batching)
training loss:	0.579012
validation loss:	0.599220
validation error:	0.322746
2017-01-25 00:12:07,342 INFO     Wrote output to trainNN/out/v044-unified-2-g35d999d-dirty:simple-ff-ffv-adam-100-50-50/config.json
2017-01-25 00:15:02,761 INFO     Saving network params to trainNN/out/v044-unified-2-g35d999d-dirty:simple-ff-ffv-adam-100-50-50/epoch-051.pkl
2017-01-25 00:15:18,033 INFO     epoch: 51 took 190.696s (87.303s in batching)
training loss:	0.578952
validation loss:	0.597086
validation error:	0.321333
2017-01-25 00:15:18,037 INFO     Wrote output to trainNN/out/v044-unified-2-g35d999d-dirty:simple-ff-ffv-adam-100-50-50/config.json
2017-01-25 00:18:11,980 INFO     Saving network params to trainNN/out/v044-unified-2-g35d999d-dirty:simple-ff-ffv-adam-100-50-50/epoch-052.pkl
2017-01-25 00:18:27,214 INFO     epoch: 52 took 189.182s (87.103s in batching)
training loss:	0.578800
validation loss:	0.596764
validation error:	0.321432
2017-01-25 00:18:27,230 INFO     Wrote output to trainNN/out/v044-unified-2-g35d999d-dirty:simple-ff-ffv-adam-100-50-50/config.json
2017-01-25 00:21:22,800 INFO     Saving network params to trainNN/out/v044-unified-2-g35d999d-dirty:simple-ff-ffv-adam-100-50-50/epoch-053.pkl
2017-01-25 00:21:38,245 INFO     epoch: 53 took 191.031s (87.314s in batching)
training loss:	0.578590
validation loss:	0.596671
validation error:	0.319147
2017-01-25 00:21:38,261 INFO     Wrote output to trainNN/out/v044-unified-2-g35d999d-dirty:simple-ff-ffv-adam-100-50-50/config.json
2017-01-25 00:24:33,790 INFO     Saving network params to trainNN/out/v044-unified-2-g35d999d-dirty:simple-ff-ffv-adam-100-50-50/epoch-054.pkl
2017-01-25 00:24:49,036 INFO     epoch: 54 took 190.791s (87.518s in batching)
training loss:	0.578535
validation loss:	0.604405
validation error:	0.325631
2017-01-25 00:24:49,052 INFO     Wrote output to trainNN/out/v044-unified-2-g35d999d-dirty:simple-ff-ffv-adam-100-50-50/config.json
2017-01-25 00:27:44,966 INFO     Saving network params to trainNN/out/v044-unified-2-g35d999d-dirty:simple-ff-ffv-adam-100-50-50/epoch-055.pkl
2017-01-25 00:28:00,188 INFO     epoch: 55 took 191.153s (87.351s in batching)
training loss:	0.578455
validation loss:	0.598956
validation error:	0.320411
2017-01-25 00:28:00,206 INFO     Wrote output to trainNN/out/v044-unified-2-g35d999d-dirty:simple-ff-ffv-adam-100-50-50/config.json
2017-01-25 00:30:55,281 INFO     Saving network params to trainNN/out/v044-unified-2-g35d999d-dirty:simple-ff-ffv-adam-100-50-50/epoch-056.pkl
2017-01-25 00:31:10,526 INFO     epoch: 56 took 190.338s (87.455s in batching)
training loss:	0.578248
validation loss:	0.598899
validation error:	0.322077
2017-01-25 00:31:10,539 INFO     Wrote output to trainNN/out/v044-unified-2-g35d999d-dirty:simple-ff-ffv-adam-100-50-50/config.json
2017-01-25 00:34:05,285 INFO     Saving network params to trainNN/out/v044-unified-2-g35d999d-dirty:simple-ff-ffv-adam-100-50-50/epoch-057.pkl
2017-01-25 00:34:20,603 INFO     epoch: 57 took 190.076s (87.055s in batching)
training loss:	0.578269
validation loss:	0.599262
validation error:	0.320967
2017-01-25 00:34:20,617 INFO     Wrote output to trainNN/out/v044-unified-2-g35d999d-dirty:simple-ff-ffv-adam-100-50-50/config.json
2017-01-25 00:37:16,186 INFO     Saving network params to trainNN/out/v044-unified-2-g35d999d-dirty:simple-ff-ffv-adam-100-50-50/epoch-058.pkl
2017-01-25 00:37:31,597 INFO     epoch: 58 took 190.994s (87.382s in batching)
training loss:	0.578065
validation loss:	0.600647
validation error:	0.320719
2017-01-25 00:37:31,602 INFO     Wrote output to trainNN/out/v044-unified-2-g35d999d-dirty:simple-ff-ffv-adam-100-50-50/config.json
2017-01-25 00:40:26,552 INFO     Saving network params to trainNN/out/v044-unified-2-g35d999d-dirty:simple-ff-ffv-adam-100-50-50/epoch-059.pkl
2017-01-25 00:40:42,105 INFO     epoch: 59 took 190.509s (87.250s in batching)
training loss:	0.577894
validation loss:	0.599032
validation error:	0.320401
2017-01-25 00:40:42,123 INFO     Wrote output to trainNN/out/v044-unified-2-g35d999d-dirty:simple-ff-ffv-adam-100-50-50/config.json
2017-01-25 00:43:37,262 INFO     Saving network params to trainNN/out/v044-unified-2-g35d999d-dirty:simple-ff-ffv-adam-100-50-50/epoch-060.pkl
2017-01-25 00:43:52,685 INFO     epoch: 60 took 190.579s (86.887s in batching)
training loss:	0.577886
validation loss:	0.598554
validation error:	0.319826
2017-01-25 00:43:52,696 INFO     Wrote output to trainNN/out/v044-unified-2-g35d999d-dirty:simple-ff-ffv-adam-100-50-50/config.json
2017-01-25 00:46:48,172 INFO     Saving network params to trainNN/out/v044-unified-2-g35d999d-dirty:simple-ff-ffv-adam-100-50-50/epoch-061.pkl
2017-01-25 00:47:03,400 INFO     epoch: 61 took 190.715s (87.493s in batching)
training loss:	0.577772
validation loss:	0.596713
validation error:	0.319797
2017-01-25 00:47:03,418 INFO     Wrote output to trainNN/out/v044-unified-2-g35d999d-dirty:simple-ff-ffv-adam-100-50-50/config.json
2017-01-25 00:49:58,225 INFO     Saving network params to trainNN/out/v044-unified-2-g35d999d-dirty:simple-ff-ffv-adam-100-50-50/epoch-062.pkl
2017-01-25 00:50:13,512 INFO     epoch: 62 took 190.112s (87.132s in batching)
training loss:	0.577592
validation loss:	0.599613
validation error:	0.319822
2017-01-25 00:50:13,528 INFO     Wrote output to trainNN/out/v044-unified-2-g35d999d-dirty:simple-ff-ffv-adam-100-50-50/config.json
2017-01-25 00:53:08,748 INFO     Saving network params to trainNN/out/v044-unified-2-g35d999d-dirty:simple-ff-ffv-adam-100-50-50/epoch-063.pkl
2017-01-25 00:53:24,050 INFO     epoch: 63 took 190.538s (87.134s in batching)
training loss:	0.577431
validation loss:	0.597604
validation error:	0.319708
2017-01-25 00:53:24,067 INFO     Wrote output to trainNN/out/v044-unified-2-g35d999d-dirty:simple-ff-ffv-adam-100-50-50/config.json
2017-01-25 00:56:19,236 INFO     Saving network params to trainNN/out/v044-unified-2-g35d999d-dirty:simple-ff-ffv-adam-100-50-50/epoch-064.pkl
2017-01-25 00:56:34,289 INFO     epoch: 64 took 190.239s (87.112s in batching)
training loss:	0.577470
validation loss:	0.602079
validation error:	0.321432
2017-01-25 00:56:34,307 INFO     Wrote output to trainNN/out/v044-unified-2-g35d999d-dirty:simple-ff-ffv-adam-100-50-50/config.json
2017-01-25 00:59:30,574 INFO     Saving network params to trainNN/out/v044-unified-2-g35d999d-dirty:simple-ff-ffv-adam-100-50-50/epoch-065.pkl
2017-01-25 00:59:45,806 INFO     epoch: 65 took 191.517s (87.627s in batching)
training loss:	0.577382
validation loss:	0.603270
validation error:	0.321130
2017-01-25 00:59:45,813 INFO     Wrote output to trainNN/out/v044-unified-2-g35d999d-dirty:simple-ff-ffv-adam-100-50-50/config.json
2017-01-25 01:02:40,821 INFO     Saving network params to trainNN/out/v044-unified-2-g35d999d-dirty:simple-ff-ffv-adam-100-50-50/epoch-066.pkl
2017-01-25 01:02:55,853 INFO     epoch: 66 took 190.047s (87.114s in batching)
training loss:	0.577214
validation loss:	0.600044
validation error:	0.320337
2017-01-25 01:02:56,157 INFO     Wrote output to trainNN/out/v044-unified-2-g35d999d-dirty:simple-ff-ffv-adam-100-50-50/config.json
2017-01-25 01:05:51,581 INFO     Saving network params to trainNN/out/v044-unified-2-g35d999d-dirty:simple-ff-ffv-adam-100-50-50/epoch-067.pkl
2017-01-25 01:06:06,541 INFO     epoch: 67 took 190.688s (87.264s in batching)
training loss:	0.576966
validation loss:	0.598834
validation error:	0.320045
2017-01-25 01:06:06,549 INFO     Wrote output to trainNN/out/v044-unified-2-g35d999d-dirty:simple-ff-ffv-adam-100-50-50/config.json
2017-01-25 01:09:02,191 INFO     Saving network params to trainNN/out/v044-unified-2-g35d999d-dirty:simple-ff-ffv-adam-100-50-50/epoch-068.pkl
2017-01-25 01:09:17,260 INFO     epoch: 68 took 190.719s (87.223s in batching)
training loss:	0.576938
validation loss:	0.601652
validation error:	0.322488
2017-01-25 01:09:17,264 INFO     Wrote output to trainNN/out/v044-unified-2-g35d999d-dirty:simple-ff-ffv-adam-100-50-50/config.json
2017-01-25 01:12:12,732 INFO     Saving network params to trainNN/out/v044-unified-2-g35d999d-dirty:simple-ff-ffv-adam-100-50-50/epoch-069.pkl
2017-01-25 01:12:27,590 INFO     epoch: 69 took 190.330s (87.149s in batching)
training loss:	0.576850
validation loss:	0.600584
validation error:	0.319782
2017-01-25 01:12:27,595 INFO     Wrote output to trainNN/out/v044-unified-2-g35d999d-dirty:simple-ff-ffv-adam-100-50-50/config.json
2017-01-25 01:15:23,309 INFO     Saving network params to trainNN/out/v044-unified-2-g35d999d-dirty:simple-ff-ffv-adam-100-50-50/epoch-070.pkl
2017-01-25 01:15:38,546 INFO     epoch: 70 took 190.956s (87.104s in batching)
training loss:	0.576772
validation loss:	0.600266
validation error:	0.319549
2017-01-25 01:15:38,552 INFO     Wrote output to trainNN/out/v044-unified-2-g35d999d-dirty:simple-ff-ffv-adam-100-50-50/config.json
2017-01-25 01:18:34,311 INFO     Saving network params to trainNN/out/v044-unified-2-g35d999d-dirty:simple-ff-ffv-adam-100-50-50/epoch-071.pkl
2017-01-25 01:18:49,479 INFO     epoch: 71 took 190.933s (87.524s in batching)
training loss:	0.576717
validation loss:	0.599255
validation error:	0.319346
2017-01-25 01:18:49,495 INFO     Wrote output to trainNN/out/v044-unified-2-g35d999d-dirty:simple-ff-ffv-adam-100-50-50/config.json
2017-01-25 01:21:45,791 INFO     Saving network params to trainNN/out/v044-unified-2-g35d999d-dirty:simple-ff-ffv-adam-100-50-50/epoch-072.pkl
2017-01-25 01:22:00,805 INFO     epoch: 72 took 191.327s (87.000s in batching)
training loss:	0.576463
validation loss:	0.600104
validation error:	0.321105
2017-01-25 01:22:00,811 INFO     Wrote output to trainNN/out/v044-unified-2-g35d999d-dirty:simple-ff-ffv-adam-100-50-50/config.json
2017-01-25 01:24:55,636 INFO     Saving network params to trainNN/out/v044-unified-2-g35d999d-dirty:simple-ff-ffv-adam-100-50-50/epoch-073.pkl
2017-01-25 01:25:10,847 INFO     epoch: 73 took 190.042s (87.069s in batching)
training loss:	0.576471
validation loss:	0.599479
validation error:	0.318394
2017-01-25 01:25:10,866 INFO     Wrote output to trainNN/out/v044-unified-2-g35d999d-dirty:simple-ff-ffv-adam-100-50-50/config.json
2017-01-25 01:28:06,022 INFO     Saving network params to trainNN/out/v044-unified-2-g35d999d-dirty:simple-ff-ffv-adam-100-50-50/epoch-074.pkl
2017-01-25 01:28:21,116 INFO     epoch: 74 took 190.269s (86.981s in batching)
training loss:	0.576428
validation loss:	0.599274
validation error:	0.321204
2017-01-25 01:28:21,126 INFO     Wrote output to trainNN/out/v044-unified-2-g35d999d-dirty:simple-ff-ffv-adam-100-50-50/config.json
2017-01-25 01:31:16,812 INFO     Saving network params to trainNN/out/v044-unified-2-g35d999d-dirty:simple-ff-ffv-adam-100-50-50/epoch-075.pkl
2017-01-25 01:31:32,311 INFO     epoch: 75 took 191.195s (87.048s in batching)
training loss:	0.576294
validation loss:	0.598612
validation error:	0.321021
2017-01-25 01:31:32,330 INFO     Wrote output to trainNN/out/v044-unified-2-g35d999d-dirty:simple-ff-ffv-adam-100-50-50/config.json
2017-01-25 01:34:27,231 INFO     Saving network params to trainNN/out/v044-unified-2-g35d999d-dirty:simple-ff-ffv-adam-100-50-50/epoch-076.pkl
2017-01-25 01:34:42,435 INFO     epoch: 76 took 190.124s (86.804s in batching)
training loss:	0.576377
validation loss:	0.599899
validation error:	0.320258
2017-01-25 01:34:42,452 INFO     Wrote output to trainNN/out/v044-unified-2-g35d999d-dirty:simple-ff-ffv-adam-100-50-50/config.json
2017-01-25 01:37:37,960 INFO     Saving network params to trainNN/out/v044-unified-2-g35d999d-dirty:simple-ff-ffv-adam-100-50-50/epoch-077.pkl
2017-01-25 01:37:53,263 INFO     epoch: 77 took 190.824s (86.937s in batching)
training loss:	0.576133
validation loss:	0.601089
validation error:	0.319940
2017-01-25 01:37:53,269 INFO     Wrote output to trainNN/out/v044-unified-2-g35d999d-dirty:simple-ff-ffv-adam-100-50-50/config.json
2017-01-25 01:40:48,031 INFO     Saving network params to trainNN/out/v044-unified-2-g35d999d-dirty:simple-ff-ffv-adam-100-50-50/epoch-078.pkl
2017-01-25 01:41:03,167 INFO     epoch: 78 took 189.908s (87.158s in batching)
training loss:	0.576171
validation loss:	0.600137
validation error:	0.322156
2017-01-25 01:41:03,173 INFO     Wrote output to trainNN/out/v044-unified-2-g35d999d-dirty:simple-ff-ffv-adam-100-50-50/config.json
2017-01-25 01:43:58,985 INFO     Saving network params to trainNN/out/v044-unified-2-g35d999d-dirty:simple-ff-ffv-adam-100-50-50/epoch-079.pkl
2017-01-25 01:44:14,177 INFO     epoch: 79 took 191.010s (87.210s in batching)
training loss:	0.576036
validation loss:	0.598923
validation error:	0.319167
2017-01-25 01:44:14,194 INFO     Wrote output to trainNN/out/v044-unified-2-g35d999d-dirty:simple-ff-ffv-adam-100-50-50/config.json
2017-01-25 01:47:10,450 INFO     Saving network params to trainNN/out/v044-unified-2-g35d999d-dirty:simple-ff-ffv-adam-100-50-50/epoch-080.pkl
2017-01-25 01:47:25,598 INFO     epoch: 80 took 191.421s (86.774s in batching)
training loss:	0.576027
validation loss:	0.602111
validation error:	0.324129
2017-01-25 01:47:25,612 INFO     Wrote output to trainNN/out/v044-unified-2-g35d999d-dirty:simple-ff-ffv-adam-100-50-50/config.json
2017-01-25 01:50:20,578 INFO     Saving network params to trainNN/out/v044-unified-2-g35d999d-dirty:simple-ff-ffv-adam-100-50-50/epoch-081.pkl
2017-01-25 01:50:35,683 INFO     epoch: 81 took 190.085s (87.058s in batching)
training loss:	0.575785
validation loss:	0.598806
validation error:	0.319921
2017-01-25 01:50:35,699 INFO     Wrote output to trainNN/out/v044-unified-2-g35d999d-dirty:simple-ff-ffv-adam-100-50-50/config.json
2017-01-25 01:53:30,568 INFO     Saving network params to trainNN/out/v044-unified-2-g35d999d-dirty:simple-ff-ffv-adam-100-50-50/epoch-082.pkl
2017-01-25 01:53:45,838 INFO     epoch: 82 took 190.156s (87.114s in batching)
training loss:	0.575826
validation loss:	0.601999
validation error:	0.323108
2017-01-25 01:53:45,854 INFO     Wrote output to trainNN/out/v044-unified-2-g35d999d-dirty:simple-ff-ffv-adam-100-50-50/config.json
2017-01-25 01:56:41,291 INFO     Saving network params to trainNN/out/v044-unified-2-g35d999d-dirty:simple-ff-ffv-adam-100-50-50/epoch-083.pkl
2017-01-25 01:56:56,419 INFO     epoch: 83 took 190.580s (87.104s in batching)
training loss:	0.575703
validation loss:	0.601526
validation error:	0.322211
2017-01-25 01:56:56,439 INFO     Wrote output to trainNN/out/v044-unified-2-g35d999d-dirty:simple-ff-ffv-adam-100-50-50/config.json
2017-01-25 01:59:51,641 INFO     Saving network params to trainNN/out/v044-unified-2-g35d999d-dirty:simple-ff-ffv-adam-100-50-50/epoch-084.pkl
2017-01-25 02:00:06,852 INFO     epoch: 84 took 190.433s (87.688s in batching)
training loss:	0.575629
validation loss:	0.601940
validation error:	0.321745
2017-01-25 02:00:06,868 INFO     Wrote output to trainNN/out/v044-unified-2-g35d999d-dirty:simple-ff-ffv-adam-100-50-50/config.json
2017-01-25 02:03:01,884 INFO     Saving network params to trainNN/out/v044-unified-2-g35d999d-dirty:simple-ff-ffv-adam-100-50-50/epoch-085.pkl
2017-01-25 02:03:17,060 INFO     epoch: 85 took 190.208s (87.067s in batching)
training loss:	0.575763
validation loss:	0.599446
validation error:	0.320154
2017-01-25 02:03:17,066 INFO     Wrote output to trainNN/out/v044-unified-2-g35d999d-dirty:simple-ff-ffv-adam-100-50-50/config.json
2017-01-25 02:06:13,737 INFO     Saving network params to trainNN/out/v044-unified-2-g35d999d-dirty:simple-ff-ffv-adam-100-50-50/epoch-086.pkl
2017-01-25 02:06:29,033 INFO     epoch: 86 took 191.972s (87.656s in batching)
training loss:	0.575476
validation loss:	0.601258
validation error:	0.321502
2017-01-25 02:06:29,051 INFO     Wrote output to trainNN/out/v044-unified-2-g35d999d-dirty:simple-ff-ffv-adam-100-50-50/config.json
2017-01-25 02:09:24,432 INFO     Saving network params to trainNN/out/v044-unified-2-g35d999d-dirty:simple-ff-ffv-adam-100-50-50/epoch-087.pkl
2017-01-25 02:09:39,727 INFO     epoch: 87 took 190.694s (87.619s in batching)
training loss:	0.575414
validation loss:	0.602921
validation error:	0.321413
2017-01-25 02:09:39,745 INFO     Wrote output to trainNN/out/v044-unified-2-g35d999d-dirty:simple-ff-ffv-adam-100-50-50/config.json
2017-01-25 02:12:35,155 INFO     Saving network params to trainNN/out/v044-unified-2-g35d999d-dirty:simple-ff-ffv-adam-100-50-50/epoch-088.pkl
2017-01-25 02:12:50,538 INFO     epoch: 88 took 190.811s (87.214s in batching)
training loss:	0.575471
validation loss:	0.601236
validation error:	0.320734
2017-01-25 02:12:50,556 INFO     Wrote output to trainNN/out/v044-unified-2-g35d999d-dirty:simple-ff-ffv-adam-100-50-50/config.json
2017-01-25 02:15:45,462 INFO     Saving network params to trainNN/out/v044-unified-2-g35d999d-dirty:simple-ff-ffv-adam-100-50-50/epoch-089.pkl
2017-01-25 02:16:00,674 INFO     epoch: 89 took 190.137s (87.138s in batching)
training loss:	0.575434
validation loss:	0.602394
validation error:	0.320520
2017-01-25 02:16:00,688 INFO     Wrote output to trainNN/out/v044-unified-2-g35d999d-dirty:simple-ff-ffv-adam-100-50-50/config.json
2017-01-25 02:18:55,502 INFO     Saving network params to trainNN/out/v044-unified-2-g35d999d-dirty:simple-ff-ffv-adam-100-50-50/epoch-090.pkl
2017-01-25 02:19:11,022 INFO     epoch: 90 took 190.348s (87.414s in batching)
training loss:	0.575340
validation loss:	0.601389
validation error:	0.320327
2017-01-25 02:19:11,028 INFO     Wrote output to trainNN/out/v044-unified-2-g35d999d-dirty:simple-ff-ffv-adam-100-50-50/config.json
2017-01-25 02:22:06,427 INFO     Saving network params to trainNN/out/v044-unified-2-g35d999d-dirty:simple-ff-ffv-adam-100-50-50/epoch-091.pkl
2017-01-25 02:22:21,788 INFO     epoch: 91 took 190.766s (87.137s in batching)
training loss:	0.575252
validation loss:	0.600071
validation error:	0.320218
2017-01-25 02:22:21,803 INFO     Wrote output to trainNN/out/v044-unified-2-g35d999d-dirty:simple-ff-ffv-adam-100-50-50/config.json
2017-01-25 02:25:15,815 INFO     Saving network params to trainNN/out/v044-unified-2-g35d999d-dirty:simple-ff-ffv-adam-100-50-50/epoch-092.pkl
2017-01-25 02:25:30,848 INFO     epoch: 92 took 189.059s (87.130s in batching)
training loss:	0.575122
validation loss:	0.598448
validation error:	0.319936
2017-01-25 02:25:30,854 INFO     Wrote output to trainNN/out/v044-unified-2-g35d999d-dirty:simple-ff-ffv-adam-100-50-50/config.json
2017-01-25 02:28:25,491 INFO     Saving network params to trainNN/out/v044-unified-2-g35d999d-dirty:simple-ff-ffv-adam-100-50-50/epoch-093.pkl
2017-01-25 02:28:40,747 INFO     epoch: 93 took 189.899s (87.769s in batching)
training loss:	0.575107
validation loss:	0.601784
validation error:	0.320838
2017-01-25 02:28:40,753 INFO     Wrote output to trainNN/out/v044-unified-2-g35d999d-dirty:simple-ff-ffv-adam-100-50-50/config.json
2017-01-25 02:31:34,594 INFO     Saving network params to trainNN/out/v044-unified-2-g35d999d-dirty:simple-ff-ffv-adam-100-50-50/epoch-094.pkl
2017-01-25 02:31:49,671 INFO     epoch: 94 took 188.924s (87.142s in batching)
training loss:	0.575082
validation loss:	0.601357
validation error:	0.320803
2017-01-25 02:31:49,687 INFO     Wrote output to trainNN/out/v044-unified-2-g35d999d-dirty:simple-ff-ffv-adam-100-50-50/config.json
2017-01-25 02:34:44,838 INFO     Saving network params to trainNN/out/v044-unified-2-g35d999d-dirty:simple-ff-ffv-adam-100-50-50/epoch-095.pkl
2017-01-25 02:35:00,040 INFO     epoch: 95 took 190.369s (87.211s in batching)
training loss:	0.575159
validation loss:	0.600803
validation error:	0.321180
2017-01-25 02:35:00,056 INFO     Wrote output to trainNN/out/v044-unified-2-g35d999d-dirty:simple-ff-ffv-adam-100-50-50/config.json
2017-01-25 02:37:53,940 INFO     Saving network params to trainNN/out/v044-unified-2-g35d999d-dirty:simple-ff-ffv-adam-100-50-50/epoch-096.pkl
2017-01-25 02:38:08,899 INFO     epoch: 96 took 188.859s (87.037s in batching)
training loss:	0.574966
validation loss:	0.600129
validation error:	0.320273
2017-01-25 02:38:08,919 INFO     Wrote output to trainNN/out/v044-unified-2-g35d999d-dirty:simple-ff-ffv-adam-100-50-50/config.json
2017-01-25 02:41:02,985 INFO     Saving network params to trainNN/out/v044-unified-2-g35d999d-dirty:simple-ff-ffv-adam-100-50-50/epoch-097.pkl
2017-01-25 02:41:18,210 INFO     epoch: 97 took 189.310s (87.057s in batching)
training loss:	0.574833
validation loss:	0.603103
validation error:	0.320981
2017-01-25 02:41:18,227 INFO     Wrote output to trainNN/out/v044-unified-2-g35d999d-dirty:simple-ff-ffv-adam-100-50-50/config.json
2017-01-25 02:44:11,593 INFO     Saving network params to trainNN/out/v044-unified-2-g35d999d-dirty:simple-ff-ffv-adam-100-50-50/epoch-098.pkl
2017-01-25 02:44:26,569 INFO     epoch: 98 took 188.360s (87.217s in batching)
training loss:	0.574737
validation loss:	0.600761
validation error:	0.320654
2017-01-25 02:44:26,584 INFO     Wrote output to trainNN/out/v044-unified-2-g35d999d-dirty:simple-ff-ffv-adam-100-50-50/config.json
2017-01-25 02:47:18,452 INFO     Saving network params to trainNN/out/v044-unified-2-g35d999d-dirty:simple-ff-ffv-adam-100-50-50/epoch-099.pkl
2017-01-25 02:47:33,600 INFO     epoch: 99 took 187.031s (86.679s in batching)
training loss:	0.574697
validation loss:	0.601345
validation error:	0.320739
2017-01-25 02:47:33,612 INFO     Wrote output to trainNN/out/v044-unified-2-g35d999d-dirty:simple-ff-ffv-adam-100-50-50/config.json
2017-01-25 02:50:27,429 INFO     Saving network params to trainNN/out/v044-unified-2-g35d999d-dirty:simple-ff-ffv-adam-100-50-50/epoch-100.pkl
2017-01-25 02:50:42,661 INFO     epoch: 100 took 189.047s (87.680s in batching)
training loss:	0.574808
validation loss:	0.601768
validation error:	0.322280
2017-01-25 02:50:42,699 INFO     Wrote output to trainNN/out/v044-unified-2-g35d999d-dirty:simple-ff-ffv-adam-100-50-50/config.json
2017-01-25 02:53:36,852 INFO     Saving network params to trainNN/out/v044-unified-2-g35d999d-dirty:simple-ff-ffv-adam-100-50-50/epoch-101.pkl
2017-01-25 02:53:52,682 INFO     epoch: 101 took 189.987s (87.569s in batching)
training loss:	0.574715
validation loss:	0.600517
validation error:	0.320094
2017-01-25 02:53:52,727 INFO     Wrote output to trainNN/out/v044-unified-2-g35d999d-dirty:simple-ff-ffv-adam-100-50-50/config.json
2017-01-25 02:56:44,478 INFO     Saving network params to trainNN/out/v044-unified-2-g35d999d-dirty:simple-ff-ffv-adam-100-50-50/epoch-102.pkl
2017-01-25 02:56:59,143 INFO     epoch: 102 took 186.510s (86.767s in batching)
training loss:	0.574438
validation loss:	0.601443
validation error:	0.320005
2017-01-25 02:56:59,160 INFO     Wrote output to trainNN/out/v044-unified-2-g35d999d-dirty:simple-ff-ffv-adam-100-50-50/config.json
2017-01-25 02:59:51,297 INFO     Saving network params to trainNN/out/v044-unified-2-g35d999d-dirty:simple-ff-ffv-adam-100-50-50/epoch-103.pkl
2017-01-25 03:00:06,151 INFO     epoch: 103 took 187.008s (86.250s in batching)
training loss:	0.574494
validation loss:	0.598300
validation error:	0.320114
2017-01-25 03:00:06,158 INFO     Wrote output to trainNN/out/v044-unified-2-g35d999d-dirty:simple-ff-ffv-adam-100-50-50/config.json
2017-01-25 03:02:58,852 INFO     Saving network params to trainNN/out/v044-unified-2-g35d999d-dirty:simple-ff-ffv-adam-100-50-50/epoch-104.pkl
2017-01-25 03:03:13,714 INFO     epoch: 104 took 187.563s (85.848s in batching)
training loss:	0.574459
validation loss:	0.599791
validation error:	0.318434
2017-01-25 03:03:13,732 INFO     Wrote output to trainNN/out/v044-unified-2-g35d999d-dirty:simple-ff-ffv-adam-100-50-50/config.json
2017-01-25 03:06:03,644 INFO     Saving network params to trainNN/out/v044-unified-2-g35d999d-dirty:simple-ff-ffv-adam-100-50-50/epoch-105.pkl
2017-01-25 03:06:18,632 INFO     epoch: 105 took 184.919s (85.426s in batching)
training loss:	0.574325
validation loss:	0.603180
validation error:	0.322523
2017-01-25 03:06:18,652 INFO     Wrote output to trainNN/out/v044-unified-2-g35d999d-dirty:simple-ff-ffv-adam-100-50-50/config.json
2017-01-25 03:09:10,353 INFO     Saving network params to trainNN/out/v044-unified-2-g35d999d-dirty:simple-ff-ffv-adam-100-50-50/epoch-106.pkl
2017-01-25 03:09:26,064 INFO     epoch: 106 took 187.431s (85.616s in batching)
training loss:	0.574475
validation loss:	0.599170
validation error:	0.318706
2017-01-25 03:09:26,082 INFO     Wrote output to trainNN/out/v044-unified-2-g35d999d-dirty:simple-ff-ffv-adam-100-50-50/config.json
2017-01-25 03:12:15,826 INFO     Saving network params to trainNN/out/v044-unified-2-g35d999d-dirty:simple-ff-ffv-adam-100-50-50/epoch-107.pkl
2017-01-25 03:12:30,802 INFO     epoch: 107 took 184.739s (85.536s in batching)
training loss:	0.574408
validation loss:	0.599434
validation error:	0.319053
2017-01-25 03:12:30,831 INFO     Wrote output to trainNN/out/v044-unified-2-g35d999d-dirty:simple-ff-ffv-adam-100-50-50/config.json
2017-01-25 03:15:22,088 INFO     Saving network params to trainNN/out/v044-unified-2-g35d999d-dirty:simple-ff-ffv-adam-100-50-50/epoch-108.pkl
2017-01-25 03:15:37,059 INFO     epoch: 108 took 186.257s (85.766s in batching)
training loss:	0.574325
validation loss:	0.599240
validation error:	0.320416
2017-01-25 03:15:37,074 INFO     Wrote output to trainNN/out/v044-unified-2-g35d999d-dirty:simple-ff-ffv-adam-100-50-50/config.json
2017-01-25 03:18:29,716 INFO     Saving network params to trainNN/out/v044-unified-2-g35d999d-dirty:simple-ff-ffv-adam-100-50-50/epoch-109.pkl
2017-01-25 03:18:44,559 INFO     epoch: 109 took 187.499s (85.901s in batching)
training loss:	0.574197
validation loss:	0.597895
validation error:	0.318885
2017-01-25 03:18:44,576 INFO     Wrote output to trainNN/out/v044-unified-2-g35d999d-dirty:simple-ff-ffv-adam-100-50-50/config.json
2017-01-25 03:21:37,602 INFO     Saving network params to trainNN/out/v044-unified-2-g35d999d-dirty:simple-ff-ffv-adam-100-50-50/epoch-110.pkl
2017-01-25 03:21:52,580 INFO     epoch: 110 took 188.021s (86.263s in batching)
training loss:	0.574254
validation loss:	0.601423
validation error:	0.320476
2017-01-25 03:21:52,587 INFO     Wrote output to trainNN/out/v044-unified-2-g35d999d-dirty:simple-ff-ffv-adam-100-50-50/config.json
2017-01-25 03:24:46,194 INFO     Saving network params to trainNN/out/v044-unified-2-g35d999d-dirty:simple-ff-ffv-adam-100-50-50/epoch-111.pkl
2017-01-25 03:25:01,183 INFO     epoch: 111 took 188.603s (86.352s in batching)
training loss:	0.574210
validation loss:	0.601291
validation error:	0.320223
2017-01-25 03:25:01,199 INFO     Wrote output to trainNN/out/v044-unified-2-g35d999d-dirty:simple-ff-ffv-adam-100-50-50/config.json
2017-01-25 03:27:54,339 INFO     Saving network params to trainNN/out/v044-unified-2-g35d999d-dirty:simple-ff-ffv-adam-100-50-50/epoch-112.pkl
2017-01-25 03:28:09,157 INFO     epoch: 112 took 187.975s (85.999s in batching)
training loss:	0.574110
validation loss:	0.600250
validation error:	0.321918
2017-01-25 03:28:09,172 INFO     Wrote output to trainNN/out/v044-unified-2-g35d999d-dirty:simple-ff-ffv-adam-100-50-50/config.json
2017-01-25 03:31:01,523 INFO     Saving network params to trainNN/out/v044-unified-2-g35d999d-dirty:simple-ff-ffv-adam-100-50-50/epoch-113.pkl
2017-01-25 03:31:16,474 INFO     epoch: 113 took 187.317s (85.706s in batching)
training loss:	0.574057
validation loss:	0.599945
validation error:	0.322007
2017-01-25 03:31:16,492 INFO     Wrote output to trainNN/out/v044-unified-2-g35d999d-dirty:simple-ff-ffv-adam-100-50-50/config.json
2017-01-25 03:34:08,500 INFO     Saving network params to trainNN/out/v044-unified-2-g35d999d-dirty:simple-ff-ffv-adam-100-50-50/epoch-114.pkl
2017-01-25 03:34:23,238 INFO     epoch: 114 took 186.764s (85.772s in batching)
training loss:	0.573928
validation loss:	0.602905
validation error:	0.321849
2017-01-25 03:34:23,262 INFO     Wrote output to trainNN/out/v044-unified-2-g35d999d-dirty:simple-ff-ffv-adam-100-50-50/config.json
2017-01-25 03:37:15,063 INFO     Saving network params to trainNN/out/v044-unified-2-g35d999d-dirty:simple-ff-ffv-adam-100-50-50/epoch-115.pkl
2017-01-25 03:37:29,855 INFO     epoch: 115 took 186.618s (85.648s in batching)
training loss:	0.573933
validation loss:	0.601819
validation error:	0.321016
2017-01-25 03:37:29,895 INFO     Wrote output to trainNN/out/v044-unified-2-g35d999d-dirty:simple-ff-ffv-adam-100-50-50/config.json
2017-01-25 03:40:22,246 INFO     Saving network params to trainNN/out/v044-unified-2-g35d999d-dirty:simple-ff-ffv-adam-100-50-50/epoch-116.pkl
2017-01-25 03:40:37,166 INFO     epoch: 116 took 187.311s (86.523s in batching)
training loss:	0.573999
validation loss:	0.600261
validation error:	0.318107
2017-01-25 03:40:37,184 INFO     Wrote output to trainNN/out/v044-unified-2-g35d999d-dirty:simple-ff-ffv-adam-100-50-50/config.json
2017-01-25 03:43:27,672 INFO     Saving network params to trainNN/out/v044-unified-2-g35d999d-dirty:simple-ff-ffv-adam-100-50-50/epoch-117.pkl
2017-01-25 03:43:42,637 INFO     epoch: 117 took 185.471s (86.848s in batching)
training loss:	0.573923
validation loss:	0.600937
validation error:	0.320897
2017-01-25 03:43:42,647 INFO     Wrote output to trainNN/out/v044-unified-2-g35d999d-dirty:simple-ff-ffv-adam-100-50-50/config.json
2017-01-25 03:46:38,206 INFO     Saving network params to trainNN/out/v044-unified-2-g35d999d-dirty:simple-ff-ffv-adam-100-50-50/epoch-118.pkl
2017-01-25 03:46:53,442 INFO     epoch: 118 took 190.805s (87.413s in batching)
training loss:	0.573872
validation loss:	0.601963
validation error:	0.320838
2017-01-25 03:46:53,449 INFO     Wrote output to trainNN/out/v044-unified-2-g35d999d-dirty:simple-ff-ffv-adam-100-50-50/config.json
2017-01-25 03:49:45,465 INFO     Saving network params to trainNN/out/v044-unified-2-g35d999d-dirty:simple-ff-ffv-adam-100-50-50/epoch-119.pkl
2017-01-25 03:50:00,567 INFO     epoch: 119 took 187.125s (86.945s in batching)
training loss:	0.573861
validation loss:	0.599593
validation error:	0.318741
2017-01-25 03:50:00,582 INFO     Wrote output to trainNN/out/v044-unified-2-g35d999d-dirty:simple-ff-ffv-adam-100-50-50/config.json
2017-01-25 03:52:47,294 INFO     Saving network params to trainNN/out/v044-unified-2-g35d999d-dirty:simple-ff-ffv-adam-100-50-50/epoch-120.pkl
2017-01-25 03:53:02,337 INFO     epoch: 120 took 181.768s (85.510s in batching)
training loss:	0.573683
validation loss:	0.604573
validation error:	0.321978
2017-01-25 03:53:02,346 INFO     Wrote output to trainNN/out/v044-unified-2-g35d999d-dirty:simple-ff-ffv-adam-100-50-50/config.json
2017-01-25 03:55:52,662 INFO     Saving network params to trainNN/out/v044-unified-2-g35d999d-dirty:simple-ff-ffv-adam-100-50-50/epoch-121.pkl
2017-01-25 03:56:07,998 INFO     epoch: 121 took 185.663s (86.256s in batching)
training loss:	0.573803
validation loss:	0.600985
validation error:	0.320620
2017-01-25 03:56:08,006 INFO     Wrote output to trainNN/out/v044-unified-2-g35d999d-dirty:simple-ff-ffv-adam-100-50-50/config.json
2017-01-25 03:58:57,438 INFO     Saving network params to trainNN/out/v044-unified-2-g35d999d-dirty:simple-ff-ffv-adam-100-50-50/epoch-122.pkl
2017-01-25 03:59:12,206 INFO     epoch: 122 took 184.208s (86.199s in batching)
training loss:	0.573848
validation loss:	0.600789
validation error:	0.319410
2017-01-25 03:59:12,214 INFO     Wrote output to trainNN/out/v044-unified-2-g35d999d-dirty:simple-ff-ffv-adam-100-50-50/config.json
2017-01-25 04:02:03,635 INFO     Saving network params to trainNN/out/v044-unified-2-g35d999d-dirty:simple-ff-ffv-adam-100-50-50/epoch-123.pkl
2017-01-25 04:02:18,540 INFO     epoch: 123 took 186.334s (86.698s in batching)
training loss:	0.573643
validation loss:	0.602618
validation error:	0.319970
2017-01-25 04:02:18,559 INFO     Wrote output to trainNN/out/v044-unified-2-g35d999d-dirty:simple-ff-ffv-adam-100-50-50/config.json
2017-01-25 04:05:07,877 INFO     Saving network params to trainNN/out/v044-unified-2-g35d999d-dirty:simple-ff-ffv-adam-100-50-50/epoch-124.pkl
2017-01-25 04:05:22,567 INFO     epoch: 124 took 184.027s (86.300s in batching)
training loss:	0.573730
validation loss:	0.606015
validation error:	0.321928
2017-01-25 04:05:22,585 INFO     Wrote output to trainNN/out/v044-unified-2-g35d999d-dirty:simple-ff-ffv-adam-100-50-50/config.json
2017-01-25 04:08:12,100 INFO     Saving network params to trainNN/out/v044-unified-2-g35d999d-dirty:simple-ff-ffv-adam-100-50-50/epoch-125.pkl
2017-01-25 04:08:27,273 INFO     epoch: 125 took 184.706s (87.519s in batching)
training loss:	0.573629
validation loss:	0.604131
validation error:	0.320773
2017-01-25 04:08:27,292 INFO     Wrote output to trainNN/out/v044-unified-2-g35d999d-dirty:simple-ff-ffv-adam-100-50-50/config.json
2017-01-25 04:11:20,867 INFO     Saving network params to trainNN/out/v044-unified-2-g35d999d-dirty:simple-ff-ffv-adam-100-50-50/epoch-126.pkl
2017-01-25 04:11:36,090 INFO     epoch: 126 took 188.817s (87.943s in batching)
training loss:	0.573561
validation loss:	0.600368
validation error:	0.319504
2017-01-25 04:11:36,110 INFO     Wrote output to trainNN/out/v044-unified-2-g35d999d-dirty:simple-ff-ffv-adam-100-50-50/config.json
2017-01-25 04:14:25,148 INFO     Saving network params to trainNN/out/v044-unified-2-g35d999d-dirty:simple-ff-ffv-adam-100-50-50/epoch-127.pkl
2017-01-25 04:14:39,564 INFO     epoch: 127 took 183.439s (86.931s in batching)
training loss:	0.573541
validation loss:	0.601454
validation error:	0.322097
2017-01-25 04:14:39,582 INFO     Wrote output to trainNN/out/v044-unified-2-g35d999d-dirty:simple-ff-ffv-adam-100-50-50/config.json
2017-01-25 04:17:28,243 INFO     Saving network params to trainNN/out/v044-unified-2-g35d999d-dirty:simple-ff-ffv-adam-100-50-50/epoch-128.pkl
2017-01-25 04:17:43,018 INFO     epoch: 128 took 183.489s (87.125s in batching)
training loss:	0.573512
validation loss:	0.600875
validation error:	0.319618
2017-01-25 04:17:43,034 INFO     Wrote output to trainNN/out/v044-unified-2-g35d999d-dirty:simple-ff-ffv-adam-100-50-50/config.json
2017-01-25 04:20:34,671 INFO     Saving network params to trainNN/out/v044-unified-2-g35d999d-dirty:simple-ff-ffv-adam-100-50-50/epoch-129.pkl
2017-01-25 04:20:49,550 INFO     epoch: 129 took 186.532s (87.616s in batching)
training loss:	0.573465
validation loss:	0.603557
validation error:	0.322964
2017-01-25 04:20:49,570 INFO     Wrote output to trainNN/out/v044-unified-2-g35d999d-dirty:simple-ff-ffv-adam-100-50-50/config.json
2017-01-25 04:23:38,320 INFO     Saving network params to trainNN/out/v044-unified-2-g35d999d-dirty:simple-ff-ffv-adam-100-50-50/epoch-130.pkl
2017-01-25 04:23:53,255 INFO     epoch: 130 took 183.705s (87.542s in batching)
training loss:	0.573400
validation loss:	0.601128
validation error:	0.320213
2017-01-25 04:23:53,274 INFO     Wrote output to trainNN/out/v044-unified-2-g35d999d-dirty:simple-ff-ffv-adam-100-50-50/config.json
2017-01-25 04:26:42,789 INFO     Saving network params to trainNN/out/v044-unified-2-g35d999d-dirty:simple-ff-ffv-adam-100-50-50/epoch-131.pkl
2017-01-25 04:26:57,388 INFO     epoch: 131 took 184.089s (87.187s in batching)
training loss:	0.573279
validation loss:	0.606056
validation error:	0.321393
2017-01-25 04:26:57,423 INFO     Wrote output to trainNN/out/v044-unified-2-g35d999d-dirty:simple-ff-ffv-adam-100-50-50/config.json
2017-01-25 04:29:45,575 INFO     Saving network params to trainNN/out/v044-unified-2-g35d999d-dirty:simple-ff-ffv-adam-100-50-50/epoch-132.pkl
2017-01-25 04:30:00,115 INFO     epoch: 132 took 182.771s (86.585s in batching)
training loss:	0.573322
validation loss:	0.604663
validation error:	0.322384
2017-01-25 04:30:00,132 INFO     Wrote output to trainNN/out/v044-unified-2-g35d999d-dirty:simple-ff-ffv-adam-100-50-50/config.json
2017-01-25 04:32:50,607 INFO     Saving network params to trainNN/out/v044-unified-2-g35d999d-dirty:simple-ff-ffv-adam-100-50-50/epoch-133.pkl
2017-01-25 04:33:05,628 INFO     epoch: 133 took 185.514s (86.793s in batching)
training loss:	0.573361
validation loss:	0.599898
validation error:	0.319093
2017-01-25 04:33:05,644 INFO     Wrote output to trainNN/out/v044-unified-2-g35d999d-dirty:simple-ff-ffv-adam-100-50-50/config.json
2017-01-25 04:35:59,697 INFO     Saving network params to trainNN/out/v044-unified-2-g35d999d-dirty:simple-ff-ffv-adam-100-50-50/epoch-134.pkl
2017-01-25 04:36:14,659 INFO     epoch: 134 took 189.031s (87.873s in batching)
training loss:	0.573222
validation loss:	0.602703
validation error:	0.320040
2017-01-25 04:36:14,667 INFO     Wrote output to trainNN/out/v044-unified-2-g35d999d-dirty:simple-ff-ffv-adam-100-50-50/config.json
2017-01-25 04:39:04,752 INFO     Saving network params to trainNN/out/v044-unified-2-g35d999d-dirty:simple-ff-ffv-adam-100-50-50/epoch-135.pkl
2017-01-25 04:39:19,658 INFO     epoch: 135 took 184.998s (86.947s in batching)
training loss:	0.573241
validation loss:	0.606672
validation error:	0.322389
2017-01-25 04:39:19,678 INFO     Wrote output to trainNN/out/v044-unified-2-g35d999d-dirty:simple-ff-ffv-adam-100-50-50/config.json
2017-01-25 04:42:12,448 INFO     Saving network params to trainNN/out/v044-unified-2-g35d999d-dirty:simple-ff-ffv-adam-100-50-50/epoch-136.pkl
2017-01-25 04:42:27,529 INFO     epoch: 136 took 187.871s (87.283s in batching)
training loss:	0.573338
validation loss:	0.602538
validation error:	0.320962
2017-01-25 04:42:27,547 INFO     Wrote output to trainNN/out/v044-unified-2-g35d999d-dirty:simple-ff-ffv-adam-100-50-50/config.json
2017-01-25 04:45:18,834 INFO     Saving network params to trainNN/out/v044-unified-2-g35d999d-dirty:simple-ff-ffv-adam-100-50-50/epoch-137.pkl
2017-01-25 04:45:33,620 INFO     epoch: 137 took 186.092s (86.748s in batching)
training loss:	0.572990
validation loss:	0.602850
validation error:	0.319276
2017-01-25 04:45:33,651 INFO     Wrote output to trainNN/out/v044-unified-2-g35d999d-dirty:simple-ff-ffv-adam-100-50-50/config.json
2017-01-25 04:48:26,447 INFO     Saving network params to trainNN/out/v044-unified-2-g35d999d-dirty:simple-ff-ffv-adam-100-50-50/epoch-138.pkl
2017-01-25 04:48:41,477 INFO     epoch: 138 took 187.856s (87.174s in batching)
training loss:	0.573025
validation loss:	0.605240
validation error:	0.322488
2017-01-25 04:48:41,492 INFO     Wrote output to trainNN/out/v044-unified-2-g35d999d-dirty:simple-ff-ffv-adam-100-50-50/config.json
2017-01-25 04:51:34,586 INFO     Saving network params to trainNN/out/v044-unified-2-g35d999d-dirty:simple-ff-ffv-adam-100-50-50/epoch-139.pkl
2017-01-25 04:51:49,471 INFO     epoch: 139 took 187.994s (86.998s in batching)
training loss:	0.573062
validation loss:	0.603989
validation error:	0.319539
2017-01-25 04:51:49,502 INFO     Wrote output to trainNN/out/v044-unified-2-g35d999d-dirty:simple-ff-ffv-adam-100-50-50/config.json
2017-01-25 04:54:41,188 INFO     Saving network params to trainNN/out/v044-unified-2-g35d999d-dirty:simple-ff-ffv-adam-100-50-50/epoch-140.pkl
2017-01-25 04:54:56,033 INFO     epoch: 140 took 186.562s (86.876s in batching)
training loss:	0.573031
validation loss:	0.605711
validation error:	0.322820
2017-01-25 04:54:56,041 INFO     Wrote output to trainNN/out/v044-unified-2-g35d999d-dirty:simple-ff-ffv-adam-100-50-50/config.json
2017-01-25 04:57:48,434 INFO     Saving network params to trainNN/out/v044-unified-2-g35d999d-dirty:simple-ff-ffv-adam-100-50-50/epoch-141.pkl
2017-01-25 04:58:03,486 INFO     epoch: 141 took 187.453s (86.999s in batching)
training loss:	0.573034
validation loss:	0.601123
validation error:	0.319574
2017-01-25 04:58:03,493 INFO     Wrote output to trainNN/out/v044-unified-2-g35d999d-dirty:simple-ff-ffv-adam-100-50-50/config.json
2017-01-25 05:00:55,481 INFO     Saving network params to trainNN/out/v044-unified-2-g35d999d-dirty:simple-ff-ffv-adam-100-50-50/epoch-142.pkl
2017-01-25 05:01:10,535 INFO     epoch: 142 took 187.049s (86.969s in batching)
training loss:	0.572860
validation loss:	0.600609
validation error:	0.318855
2017-01-25 05:01:10,565 INFO     Wrote output to trainNN/out/v044-unified-2-g35d999d-dirty:simple-ff-ffv-adam-100-50-50/config.json
2017-01-25 05:04:02,969 INFO     Saving network params to trainNN/out/v044-unified-2-g35d999d-dirty:simple-ff-ffv-adam-100-50-50/epoch-143.pkl
2017-01-25 05:04:17,989 INFO     epoch: 143 took 187.455s (86.895s in batching)
training loss:	0.572841
validation loss:	0.601400
validation error:	0.321606
2017-01-25 05:04:18,009 INFO     Wrote output to trainNN/out/v044-unified-2-g35d999d-dirty:simple-ff-ffv-adam-100-50-50/config.json
2017-01-25 05:07:09,831 INFO     Saving network params to trainNN/out/v044-unified-2-g35d999d-dirty:simple-ff-ffv-adam-100-50-50/epoch-144.pkl
2017-01-25 05:07:25,095 INFO     epoch: 144 took 187.105s (86.871s in batching)
training loss:	0.572934
validation loss:	0.608791
validation error:	0.326121
2017-01-25 05:07:25,103 INFO     Wrote output to trainNN/out/v044-unified-2-g35d999d-dirty:simple-ff-ffv-adam-100-50-50/config.json
2017-01-25 05:10:18,580 INFO     Saving network params to trainNN/out/v044-unified-2-g35d999d-dirty:simple-ff-ffv-adam-100-50-50/epoch-145.pkl
2017-01-25 05:10:33,634 INFO     epoch: 145 took 188.539s (87.309s in batching)
training loss:	0.572890
validation loss:	0.602679
validation error:	0.319787
2017-01-25 05:10:33,654 INFO     Wrote output to trainNN/out/v044-unified-2-g35d999d-dirty:simple-ff-ffv-adam-100-50-50/config.json
2017-01-25 05:13:26,343 INFO     Saving network params to trainNN/out/v044-unified-2-g35d999d-dirty:simple-ff-ffv-adam-100-50-50/epoch-146.pkl
2017-01-25 05:13:41,370 INFO     epoch: 146 took 187.736s (87.163s in batching)
training loss:	0.572920
validation loss:	0.601840
validation error:	0.320917
2017-01-25 05:13:41,379 INFO     Wrote output to trainNN/out/v044-unified-2-g35d999d-dirty:simple-ff-ffv-adam-100-50-50/config.json
2017-01-25 05:16:34,530 INFO     Saving network params to trainNN/out/v044-unified-2-g35d999d-dirty:simple-ff-ffv-adam-100-50-50/epoch-147.pkl
2017-01-25 05:16:49,600 INFO     epoch: 147 took 188.231s (87.276s in batching)
training loss:	0.572838
validation loss:	0.604262
validation error:	0.321343
2017-01-25 05:16:49,619 INFO     Wrote output to trainNN/out/v044-unified-2-g35d999d-dirty:simple-ff-ffv-adam-100-50-50/config.json
2017-01-25 05:19:42,651 INFO     Saving network params to trainNN/out/v044-unified-2-g35d999d-dirty:simple-ff-ffv-adam-100-50-50/epoch-148.pkl
2017-01-25 05:19:57,666 INFO     epoch: 148 took 188.065s (87.133s in batching)
training loss:	0.572875
validation loss:	0.602938
validation error:	0.323380
2017-01-25 05:19:57,682 INFO     Wrote output to trainNN/out/v044-unified-2-g35d999d-dirty:simple-ff-ffv-adam-100-50-50/config.json
2017-01-25 05:22:50,149 INFO     Saving network params to trainNN/out/v044-unified-2-g35d999d-dirty:simple-ff-ffv-adam-100-50-50/epoch-149.pkl
2017-01-25 05:23:05,128 INFO     epoch: 149 took 187.463s (86.852s in batching)
training loss:	0.572745
validation loss:	0.604618
validation error:	0.321675
2017-01-25 05:23:05,148 INFO     Wrote output to trainNN/out/v044-unified-2-g35d999d-dirty:simple-ff-ffv-adam-100-50-50/config.json
2017-01-25 05:25:58,083 INFO     Saving network params to trainNN/out/v044-unified-2-g35d999d-dirty:simple-ff-ffv-adam-100-50-50/epoch-150.pkl
2017-01-25 05:26:12,965 INFO     epoch: 150 took 187.837s (86.832s in batching)
training loss:	0.572817
validation loss:	0.604212
validation error:	0.319916
2017-01-25 05:26:12,985 INFO     Wrote output to trainNN/out/v044-unified-2-g35d999d-dirty:simple-ff-ffv-adam-100-50-50/config.json
2017-01-25 05:29:06,295 INFO     Saving network params to trainNN/out/v044-unified-2-g35d999d-dirty:simple-ff-ffv-adam-100-50-50/epoch-151.pkl
2017-01-25 05:29:21,406 INFO     epoch: 151 took 188.441s (87.134s in batching)
training loss:	0.572679
validation loss:	0.602959
validation error:	0.319118
2017-01-25 05:29:21,424 INFO     Wrote output to trainNN/out/v044-unified-2-g35d999d-dirty:simple-ff-ffv-adam-100-50-50/config.json
2017-01-25 05:32:13,861 INFO     Saving network params to trainNN/out/v044-unified-2-g35d999d-dirty:simple-ff-ffv-adam-100-50-50/epoch-152.pkl
2017-01-25 05:32:28,876 INFO     epoch: 152 took 187.470s (86.960s in batching)
training loss:	0.572783
validation loss:	0.604286
validation error:	0.320258
2017-01-25 05:32:28,892 INFO     Wrote output to trainNN/out/v044-unified-2-g35d999d-dirty:simple-ff-ffv-adam-100-50-50/config.json
2017-01-25 05:35:21,418 INFO     Saving network params to trainNN/out/v044-unified-2-g35d999d-dirty:simple-ff-ffv-adam-100-50-50/epoch-153.pkl
2017-01-25 05:35:36,374 INFO     epoch: 153 took 187.498s (86.871s in batching)
training loss:	0.572543
validation loss:	0.606251
validation error:	0.321204
2017-01-25 05:35:36,392 INFO     Wrote output to trainNN/out/v044-unified-2-g35d999d-dirty:simple-ff-ffv-adam-100-50-50/config.json
2017-01-25 05:38:28,338 INFO     Saving network params to trainNN/out/v044-unified-2-g35d999d-dirty:simple-ff-ffv-adam-100-50-50/epoch-154.pkl
2017-01-25 05:38:43,266 INFO     epoch: 154 took 186.892s (86.855s in batching)
training loss:	0.572610
validation loss:	0.603402
validation error:	0.322414
2017-01-25 05:38:43,296 INFO     Wrote output to trainNN/out/v044-unified-2-g35d999d-dirty:simple-ff-ffv-adam-100-50-50/config.json
2017-01-25 05:41:36,050 INFO     Saving network params to trainNN/out/v044-unified-2-g35d999d-dirty:simple-ff-ffv-adam-100-50-50/epoch-155.pkl
2017-01-25 05:41:51,153 INFO     epoch: 155 took 187.887s (87.065s in batching)
training loss:	0.572577
validation loss:	0.602894
validation error:	0.320981
2017-01-25 05:41:51,162 INFO     Wrote output to trainNN/out/v044-unified-2-g35d999d-dirty:simple-ff-ffv-adam-100-50-50/config.json
2017-01-25 05:44:43,670 INFO     Saving network params to trainNN/out/v044-unified-2-g35d999d-dirty:simple-ff-ffv-adam-100-50-50/epoch-156.pkl
2017-01-25 05:44:58,515 INFO     epoch: 156 took 187.362s (86.898s in batching)
training loss:	0.572512
validation loss:	0.606676
validation error:	0.324030
2017-01-25 05:44:58,523 INFO     Wrote output to trainNN/out/v044-unified-2-g35d999d-dirty:simple-ff-ffv-adam-100-50-50/config.json
2017-01-25 05:47:50,760 INFO     Saving network params to trainNN/out/v044-unified-2-g35d999d-dirty:simple-ff-ffv-adam-100-50-50/epoch-157.pkl
2017-01-25 05:48:05,752 INFO     epoch: 157 took 187.237s (87.072s in batching)
training loss:	0.572567
validation loss:	0.603250
validation error:	0.321859
2017-01-25 05:48:05,766 INFO     Wrote output to trainNN/out/v044-unified-2-g35d999d-dirty:simple-ff-ffv-adam-100-50-50/config.json
2017-01-25 05:50:57,814 INFO     Saving network params to trainNN/out/v044-unified-2-g35d999d-dirty:simple-ff-ffv-adam-100-50-50/epoch-158.pkl
2017-01-25 05:51:12,667 INFO     epoch: 158 took 186.915s (86.712s in batching)
training loss:	0.572583
validation loss:	0.602743
validation error:	0.322766
2017-01-25 05:51:12,685 INFO     Wrote output to trainNN/out/v044-unified-2-g35d999d-dirty:simple-ff-ffv-adam-100-50-50/config.json
2017-01-25 05:54:04,881 INFO     Saving network params to trainNN/out/v044-unified-2-g35d999d-dirty:simple-ff-ffv-adam-100-50-50/epoch-159.pkl
2017-01-25 05:54:19,518 INFO     epoch: 159 took 186.851s (86.760s in batching)
training loss:	0.572388
validation loss:	0.604722
validation error:	0.320773
2017-01-25 05:54:19,546 INFO     Wrote output to trainNN/out/v044-unified-2-g35d999d-dirty:simple-ff-ffv-adam-100-50-50/config.json
2017-01-25 05:57:10,582 INFO     Saving network params to trainNN/out/v044-unified-2-g35d999d-dirty:simple-ff-ffv-adam-100-50-50/epoch-160.pkl
2017-01-25 05:57:25,251 INFO     epoch: 160 took 185.733s (87.597s in batching)
training loss:	0.572565
validation loss:	0.601380
validation error:	0.319901
2017-01-25 05:57:25,259 INFO     Wrote output to trainNN/out/v044-unified-2-g35d999d-dirty:simple-ff-ffv-adam-100-50-50/config.json
2017-01-25 06:00:35,750 INFO     Saving network params to trainNN/out/v044-unified-2-g35d999d-dirty:simple-ff-ffv-adam-100-50-50/epoch-161.pkl
2017-01-25 06:01:07,726 INFO     epoch: 161 took 222.459s (106.209s in batching)
training loss:	0.572464
validation loss:	0.602329
validation error:	0.319940
2017-01-25 06:01:08,036 INFO     Wrote output to trainNN/out/v044-unified-2-g35d999d-dirty:simple-ff-ffv-adam-100-50-50/config.json
2017-01-25 06:04:11,139 INFO     Saving network params to trainNN/out/v044-unified-2-g35d999d-dirty:simple-ff-ffv-adam-100-50-50/epoch-162.pkl
2017-01-25 06:04:27,751 INFO     epoch: 162 took 200.041s (87.423s in batching)
training loss:	0.572399
validation loss:	0.603714
validation error:	0.318989
2017-01-25 06:04:27,768 INFO     Wrote output to trainNN/out/v044-unified-2-g35d999d-dirty:simple-ff-ffv-adam-100-50-50/config.json
2017-01-25 06:07:31,895 INFO     Saving network params to trainNN/out/v044-unified-2-g35d999d-dirty:simple-ff-ffv-adam-100-50-50/epoch-163.pkl
2017-01-25 06:07:48,662 INFO     epoch: 163 took 200.911s (86.349s in batching)
training loss:	0.572390
validation loss:	0.607366
validation error:	0.323871
2017-01-25 06:07:48,760 INFO     Wrote output to trainNN/out/v044-unified-2-g35d999d-dirty:simple-ff-ffv-adam-100-50-50/config.json
2017-01-25 06:10:52,845 INFO     Saving network params to trainNN/out/v044-unified-2-g35d999d-dirty:simple-ff-ffv-adam-100-50-50/epoch-164.pkl
2017-01-25 06:11:09,521 INFO     epoch: 164 took 200.859s (86.167s in batching)
training loss:	0.572363
validation loss:	0.606829
validation error:	0.321026
2017-01-25 06:11:09,540 INFO     Wrote output to trainNN/out/v044-unified-2-g35d999d-dirty:simple-ff-ffv-adam-100-50-50/config.json
2017-01-25 06:14:13,707 INFO     Saving network params to trainNN/out/v044-unified-2-g35d999d-dirty:simple-ff-ffv-adam-100-50-50/epoch-165.pkl
2017-01-25 06:14:30,498 INFO     epoch: 165 took 200.977s (86.318s in batching)
training loss:	0.572371
validation loss:	0.601811
validation error:	0.320297
2017-01-25 06:14:30,515 INFO     Wrote output to trainNN/out/v044-unified-2-g35d999d-dirty:simple-ff-ffv-adam-100-50-50/config.json
2017-01-25 06:17:34,662 INFO     Saving network params to trainNN/out/v044-unified-2-g35d999d-dirty:simple-ff-ffv-adam-100-50-50/epoch-166.pkl
2017-01-25 06:17:51,279 INFO     epoch: 166 took 200.781s (86.457s in batching)
training loss:	0.572314
validation loss:	0.603406
validation error:	0.320828
2017-01-25 06:17:51,288 INFO     Wrote output to trainNN/out/v044-unified-2-g35d999d-dirty:simple-ff-ffv-adam-100-50-50/config.json
2017-01-25 06:20:55,517 INFO     Saving network params to trainNN/out/v044-unified-2-g35d999d-dirty:simple-ff-ffv-adam-100-50-50/epoch-167.pkl
2017-01-25 06:21:11,884 INFO     epoch: 167 took 200.605s (86.440s in batching)
training loss:	0.572273
validation loss:	0.606827
validation error:	0.326572
2017-01-25 06:21:11,905 INFO     Wrote output to trainNN/out/v044-unified-2-g35d999d-dirty:simple-ff-ffv-adam-100-50-50/config.json
2017-01-25 06:24:15,307 INFO     Saving network params to trainNN/out/v044-unified-2-g35d999d-dirty:simple-ff-ffv-adam-100-50-50/epoch-168.pkl
2017-01-25 06:24:31,822 INFO     epoch: 168 took 199.938s (86.409s in batching)
training loss:	0.572282
validation loss:	0.606322
validation error:	0.319901
2017-01-25 06:24:31,842 INFO     Wrote output to trainNN/out/v044-unified-2-g35d999d-dirty:simple-ff-ffv-adam-100-50-50/config.json
2017-01-25 06:27:35,750 INFO     Saving network params to trainNN/out/v044-unified-2-g35d999d-dirty:simple-ff-ffv-adam-100-50-50/epoch-169.pkl
2017-01-25 06:27:52,206 INFO     epoch: 169 took 200.384s (86.311s in batching)
training loss:	0.572314
validation loss:	0.603407
validation error:	0.319633
2017-01-25 06:27:52,223 INFO     Wrote output to trainNN/out/v044-unified-2-g35d999d-dirty:simple-ff-ffv-adam-100-50-50/config.json
2017-01-25 06:30:56,016 INFO     Saving network params to trainNN/out/v044-unified-2-g35d999d-dirty:simple-ff-ffv-adam-100-50-50/epoch-170.pkl
2017-01-25 06:31:12,650 INFO     epoch: 170 took 200.444s (86.022s in batching)
training loss:	0.572196
validation loss:	0.603555
validation error:	0.320803
2017-01-25 06:31:12,664 INFO     Wrote output to trainNN/out/v044-unified-2-g35d999d-dirty:simple-ff-ffv-adam-100-50-50/config.json
2017-01-25 06:34:17,148 INFO     Saving network params to trainNN/out/v044-unified-2-g35d999d-dirty:simple-ff-ffv-adam-100-50-50/epoch-171.pkl
2017-01-25 06:34:33,704 INFO     epoch: 171 took 201.054s (86.949s in batching)
training loss:	0.572187
validation loss:	0.602303
validation error:	0.318682
2017-01-25 06:34:33,713 INFO     Wrote output to trainNN/out/v044-unified-2-g35d999d-dirty:simple-ff-ffv-adam-100-50-50/config.json
2017-01-25 06:37:37,685 INFO     Saving network params to trainNN/out/v044-unified-2-g35d999d-dirty:simple-ff-ffv-adam-100-50-50/epoch-172.pkl
2017-01-25 06:37:54,077 INFO     epoch: 172 took 200.373s (86.844s in batching)
training loss:	0.572024
validation loss:	0.606767
validation error:	0.321522
2017-01-25 06:37:54,097 INFO     Wrote output to trainNN/out/v044-unified-2-g35d999d-dirty:simple-ff-ffv-adam-100-50-50/config.json
2017-01-25 06:40:57,629 INFO     Saving network params to trainNN/out/v044-unified-2-g35d999d-dirty:simple-ff-ffv-adam-100-50-50/epoch-173.pkl
2017-01-25 06:41:13,893 INFO     epoch: 173 took 199.816s (86.060s in batching)
training loss:	0.572180
validation loss:	0.602505
validation error:	0.319296
2017-01-25 06:41:13,910 INFO     Wrote output to trainNN/out/v044-unified-2-g35d999d-dirty:simple-ff-ffv-adam-100-50-50/config.json
2017-01-25 06:44:17,664 INFO     Saving network params to trainNN/out/v044-unified-2-g35d999d-dirty:simple-ff-ffv-adam-100-50-50/epoch-174.pkl
2017-01-25 06:44:34,007 INFO     epoch: 174 took 200.114s (86.143s in batching)
training loss:	0.572064
validation loss:	0.603670
validation error:	0.322166
2017-01-25 06:44:34,024 INFO     Wrote output to trainNN/out/v044-unified-2-g35d999d-dirty:simple-ff-ffv-adam-100-50-50/config.json
2017-01-25 06:47:38,152 INFO     Saving network params to trainNN/out/v044-unified-2-g35d999d-dirty:simple-ff-ffv-adam-100-50-50/epoch-175.pkl
2017-01-25 06:47:54,397 INFO     epoch: 175 took 200.390s (86.247s in batching)
training loss:	0.572024
validation loss:	0.604002
validation error:	0.320857
2017-01-25 06:47:54,415 INFO     Wrote output to trainNN/out/v044-unified-2-g35d999d-dirty:simple-ff-ffv-adam-100-50-50/config.json
2017-01-25 06:50:57,734 INFO     Saving network params to trainNN/out/v044-unified-2-g35d999d-dirty:simple-ff-ffv-adam-100-50-50/epoch-176.pkl
2017-01-25 06:51:14,247 INFO     epoch: 176 took 199.850s (86.082s in batching)
training loss:	0.572036
validation loss:	0.602692
validation error:	0.321239
2017-01-25 06:51:14,267 INFO     Wrote output to trainNN/out/v044-unified-2-g35d999d-dirty:simple-ff-ffv-adam-100-50-50/config.json
2017-01-25 06:54:18,154 INFO     Saving network params to trainNN/out/v044-unified-2-g35d999d-dirty:simple-ff-ffv-adam-100-50-50/epoch-177.pkl
2017-01-25 06:54:34,479 INFO     epoch: 177 took 200.232s (86.156s in batching)
training loss:	0.572055
validation loss:	0.601218
validation error:	0.318364
2017-01-25 06:54:34,488 INFO     Wrote output to trainNN/out/v044-unified-2-g35d999d-dirty:simple-ff-ffv-adam-100-50-50/config.json
2017-01-25 06:57:38,871 INFO     Saving network params to trainNN/out/v044-unified-2-g35d999d-dirty:simple-ff-ffv-adam-100-50-50/epoch-178.pkl
2017-01-25 06:57:55,477 INFO     epoch: 178 took 200.999s (86.693s in batching)
training loss:	0.571939
validation loss:	0.604177
validation error:	0.320035
2017-01-25 06:57:55,487 INFO     Wrote output to trainNN/out/v044-unified-2-g35d999d-dirty:simple-ff-ffv-adam-100-50-50/config.json
2017-01-25 07:00:59,852 INFO     Saving network params to trainNN/out/v044-unified-2-g35d999d-dirty:simple-ff-ffv-adam-100-50-50/epoch-179.pkl
2017-01-25 07:01:16,411 INFO     epoch: 179 took 200.934s (86.559s in batching)
training loss:	0.571866
validation loss:	0.601813
validation error:	0.319167
2017-01-25 07:01:16,428 INFO     Wrote output to trainNN/out/v044-unified-2-g35d999d-dirty:simple-ff-ffv-adam-100-50-50/config.json
2017-01-25 07:04:21,596 INFO     Saving network params to trainNN/out/v044-unified-2-g35d999d-dirty:simple-ff-ffv-adam-100-50-50/epoch-180.pkl
2017-01-25 07:04:38,319 INFO     epoch: 180 took 201.908s (87.167s in batching)
training loss:	0.571951
validation loss:	0.605065
validation error:	0.321110
2017-01-25 07:04:38,329 INFO     Wrote output to trainNN/out/v044-unified-2-g35d999d-dirty:simple-ff-ffv-adam-100-50-50/config.json
2017-01-25 07:07:41,661 INFO     Saving network params to trainNN/out/v044-unified-2-g35d999d-dirty:simple-ff-ffv-adam-100-50-50/epoch-181.pkl
2017-01-25 07:07:58,111 INFO     epoch: 181 took 199.792s (86.040s in batching)
training loss:	0.571955
validation loss:	0.602930
validation error:	0.320590
2017-01-25 07:07:58,120 INFO     Wrote output to trainNN/out/v044-unified-2-g35d999d-dirty:simple-ff-ffv-adam-100-50-50/config.json
2017-01-25 07:10:54,940 INFO     Saving network params to trainNN/out/v044-unified-2-g35d999d-dirty:simple-ff-ffv-adam-100-50-50/epoch-182.pkl
2017-01-25 07:11:10,861 INFO     epoch: 182 took 192.749s (87.103s in batching)
training loss:	0.571846
validation loss:	0.608552
validation error:	0.323291
2017-01-25 07:11:10,870 INFO     Wrote output to trainNN/out/v044-unified-2-g35d999d-dirty:simple-ff-ffv-adam-100-50-50/config.json
2017-01-25 07:14:16,197 INFO     Saving network params to trainNN/out/v044-unified-2-g35d999d-dirty:simple-ff-ffv-adam-100-50-50/epoch-183.pkl
2017-01-25 07:14:32,595 INFO     epoch: 183 took 201.735s (86.460s in batching)
training loss:	0.571950
validation loss:	0.604056
validation error:	0.321180
2017-01-25 07:14:32,613 INFO     Wrote output to trainNN/out/v044-unified-2-g35d999d-dirty:simple-ff-ffv-adam-100-50-50/config.json
2017-01-25 07:17:37,560 INFO     Saving network params to trainNN/out/v044-unified-2-g35d999d-dirty:simple-ff-ffv-adam-100-50-50/epoch-184.pkl
2017-01-25 07:17:53,549 INFO     epoch: 184 took 200.954s (86.665s in batching)
training loss:	0.571845
validation loss:	0.604852
validation error:	0.320466
2017-01-25 07:17:53,568 INFO     Wrote output to trainNN/out/v044-unified-2-g35d999d-dirty:simple-ff-ffv-adam-100-50-50/config.json
2017-01-25 07:20:46,942 INFO     Saving network params to trainNN/out/v044-unified-2-g35d999d-dirty:simple-ff-ffv-adam-100-50-50/epoch-185.pkl
2017-01-25 07:21:02,718 INFO     epoch: 185 took 189.169s (86.673s in batching)
training loss:	0.571902
validation loss:	0.603905
validation error:	0.319812
2017-01-25 07:21:02,738 INFO     Wrote output to trainNN/out/v044-unified-2-g35d999d-dirty:simple-ff-ffv-adam-100-50-50/config.json
2017-01-25 07:23:56,241 INFO     Saving network params to trainNN/out/v044-unified-2-g35d999d-dirty:simple-ff-ffv-adam-100-50-50/epoch-186.pkl
2017-01-25 07:24:12,085 INFO     epoch: 186 took 189.366s (86.999s in batching)
training loss:	0.571789
validation loss:	0.602690
validation error:	0.319256
2017-01-25 07:24:12,104 INFO     Wrote output to trainNN/out/v044-unified-2-g35d999d-dirty:simple-ff-ffv-adam-100-50-50/config.json
2017-01-25 07:27:10,785 INFO     Saving network params to trainNN/out/v044-unified-2-g35d999d-dirty:simple-ff-ffv-adam-100-50-50/epoch-187.pkl
2017-01-25 07:27:26,638 INFO     epoch: 187 took 194.554s (87.520s in batching)
training loss:	0.571802
validation loss:	0.607326
validation error:	0.325413
2017-01-25 07:27:26,660 INFO     Wrote output to trainNN/out/v044-unified-2-g35d999d-dirty:simple-ff-ffv-adam-100-50-50/config.json
2017-01-25 07:30:25,582 INFO     Saving network params to trainNN/out/v044-unified-2-g35d999d-dirty:simple-ff-ffv-adam-100-50-50/epoch-188.pkl
2017-01-25 07:30:41,316 INFO     epoch: 188 took 194.678s (87.151s in batching)
training loss:	0.571834
validation loss:	0.604144
validation error:	0.320188
2017-01-25 07:30:41,339 INFO     Wrote output to trainNN/out/v044-unified-2-g35d999d-dirty:simple-ff-ffv-adam-100-50-50/config.json
2017-01-25 07:33:39,241 INFO     Saving network params to trainNN/out/v044-unified-2-g35d999d-dirty:simple-ff-ffv-adam-100-50-50/epoch-189.pkl
2017-01-25 07:33:55,024 INFO     epoch: 189 took 193.708s (86.978s in batching)
training loss:	0.571757
validation loss:	0.602465
validation error:	0.320188
2017-01-25 07:33:55,034 INFO     Wrote output to trainNN/out/v044-unified-2-g35d999d-dirty:simple-ff-ffv-adam-100-50-50/config.json
2017-01-25 07:36:53,089 INFO     Saving network params to trainNN/out/v044-unified-2-g35d999d-dirty:simple-ff-ffv-adam-100-50-50/epoch-190.pkl
2017-01-25 07:37:09,088 INFO     epoch: 190 took 194.063s (87.418s in batching)
training loss:	0.571718
validation loss:	0.602421
validation error:	0.320515
2017-01-25 07:37:09,105 INFO     Wrote output to trainNN/out/v044-unified-2-g35d999d-dirty:simple-ff-ffv-adam-100-50-50/config.json
2017-01-25 07:40:07,520 INFO     Saving network params to trainNN/out/v044-unified-2-g35d999d-dirty:simple-ff-ffv-adam-100-50-50/epoch-191.pkl
2017-01-25 07:40:23,952 INFO     epoch: 191 took 194.865s (87.503s in batching)
training loss:	0.571885
validation loss:	0.603820
validation error:	0.319831
2017-01-25 07:40:23,970 INFO     Wrote output to trainNN/out/v044-unified-2-g35d999d-dirty:simple-ff-ffv-adam-100-50-50/config.json
2017-01-25 07:43:20,753 INFO     Saving network params to trainNN/out/v044-unified-2-g35d999d-dirty:simple-ff-ffv-adam-100-50-50/epoch-192.pkl
2017-01-25 07:43:37,072 INFO     epoch: 192 took 193.120s (87.103s in batching)
training loss:	0.571540
validation loss:	0.602451
validation error:	0.319717
2017-01-25 07:43:37,092 INFO     Wrote output to trainNN/out/v044-unified-2-g35d999d-dirty:simple-ff-ffv-adam-100-50-50/config.json
2017-01-25 07:46:35,147 INFO     Saving network params to trainNN/out/v044-unified-2-g35d999d-dirty:simple-ff-ffv-adam-100-50-50/epoch-193.pkl
2017-01-25 07:46:51,078 INFO     epoch: 193 took 194.006s (87.736s in batching)
training loss:	0.571517
validation loss:	0.605594
validation error:	0.321423
2017-01-25 07:46:51,088 INFO     Wrote output to trainNN/out/v044-unified-2-g35d999d-dirty:simple-ff-ffv-adam-100-50-50/config.json
2017-01-25 07:49:48,549 INFO     Saving network params to trainNN/out/v044-unified-2-g35d999d-dirty:simple-ff-ffv-adam-100-50-50/epoch-194.pkl
2017-01-25 07:50:04,643 INFO     epoch: 194 took 193.565s (87.486s in batching)
training loss:	0.571635
validation loss:	0.602878
validation error:	0.321487
2017-01-25 07:50:04,660 INFO     Wrote output to trainNN/out/v044-unified-2-g35d999d-dirty:simple-ff-ffv-adam-100-50-50/config.json
2017-01-25 07:53:02,233 INFO     Saving network params to trainNN/out/v044-unified-2-g35d999d-dirty:simple-ff-ffv-adam-100-50-50/epoch-195.pkl
2017-01-25 07:53:18,297 INFO     epoch: 195 took 193.655s (87.270s in batching)
training loss:	0.571537
validation loss:	0.605358
validation error:	0.319995
2017-01-25 07:53:18,316 INFO     Wrote output to trainNN/out/v044-unified-2-g35d999d-dirty:simple-ff-ffv-adam-100-50-50/config.json
2017-01-25 07:56:17,032 INFO     Saving network params to trainNN/out/v044-unified-2-g35d999d-dirty:simple-ff-ffv-adam-100-50-50/epoch-196.pkl
2017-01-25 07:56:33,357 INFO     epoch: 196 took 195.059s (88.098s in batching)
training loss:	0.571535
validation loss:	0.603003
validation error:	0.318592
2017-01-25 07:56:33,373 INFO     Wrote output to trainNN/out/v044-unified-2-g35d999d-dirty:simple-ff-ffv-adam-100-50-50/config.json
2017-01-25 07:59:31,701 INFO     Saving network params to trainNN/out/v044-unified-2-g35d999d-dirty:simple-ff-ffv-adam-100-50-50/epoch-197.pkl
2017-01-25 07:59:47,819 INFO     epoch: 197 took 194.463s (87.579s in batching)
training loss:	0.571711
validation loss:	0.607632
validation error:	0.321898
2017-01-25 07:59:47,837 INFO     Wrote output to trainNN/out/v044-unified-2-g35d999d-dirty:simple-ff-ffv-adam-100-50-50/config.json
2017-01-25 08:02:45,836 INFO     Saving network params to trainNN/out/v044-unified-2-g35d999d-dirty:simple-ff-ffv-adam-100-50-50/epoch-198.pkl
2017-01-25 08:03:01,942 INFO     epoch: 198 took 194.122s (87.533s in batching)
training loss:	0.571501
validation loss:	0.605649
validation error:	0.320486
2017-01-25 08:03:01,953 INFO     Wrote output to trainNN/out/v044-unified-2-g35d999d-dirty:simple-ff-ffv-adam-100-50-50/config.json
2017-01-25 08:06:00,458 INFO     Saving network params to trainNN/out/v044-unified-2-g35d999d-dirty:simple-ff-ffv-adam-100-50-50/epoch-199.pkl
2017-01-25 08:06:16,754 INFO     epoch: 199 took 194.812s (87.954s in batching)
training loss:	0.571468
validation loss:	0.603073
validation error:	0.320124
2017-01-25 08:06:16,764 INFO     Wrote output to trainNN/out/v044-unified-2-g35d999d-dirty:simple-ff-ffv-adam-100-50-50/config.json
