2016-11-22 19:33:12 >>> loading config file ../extract_pfiles_python/out/v08-pitchnormalization3-context40/train-config.json
2016-11-22 19:33:12 >>> loading numpy file ../extract_pfiles_python/out/v08-pitchnormalization3-context40/train.npz
2016-11-22 19:33:15 >>> loading numpy file ../extract_pfiles_python/out/v08-pitchnormalization3-context40/validate.npz
2016-11-22 19:33:16 >>> Using fuzzy_newbob as schedulung method.
2016-11-22 19:33:16 >>> Training network with 21452 trainable out of 21452 total params.
2016-11-22 19:33:16 >>> Using adadelta with learning_rate=1.000000
2016-11-22 19:33:16 >>> Compiling theano functions...
2016-11-22 19:33:16 >>> Starting training...
2016-11-22 19:33:33 >>>   training loss:	0.123042
2016-11-22 19:33:33 >>> Saving network params to out/v08-pitchnormalization3/epoch-000.pkl
2016-11-22 19:33:34 >>> epoch: 0 validation error:		0.046884
2016-11-22 19:33:51 >>>   training loss:	0.113657
2016-11-22 19:33:51 >>> Saving network params to out/v08-pitchnormalization3/epoch-001.pkl
2016-11-22 19:33:52 >>> epoch: 1 validation error:		0.045844
2016-11-22 19:34:08 >>>   training loss:	0.112716
2016-11-22 19:34:08 >>> Saving network params to out/v08-pitchnormalization3/epoch-002.pkl
2016-11-22 19:34:09 >>> epoch: 2 validation error:		0.047559
2016-11-22 19:34:09 >>> Loading old params from out/v08-pitchnormalization3/epoch-001.pkl
2016-11-22 19:34:09 >>> fuzzy_newbob: Updating adadelta with learning_rate=0.500000
2016-11-22 19:34:09 >>> Re-compiling train function...
2016-11-22 19:34:26 >>>   training loss:	0.111391
2016-11-22 19:34:26 >>> Saving network params to out/v08-pitchnormalization3/epoch-003.pkl
2016-11-22 19:34:27 >>> epoch: 3 validation error:		0.047231
2016-11-22 19:34:27 >>> Loading old params from out/v08-pitchnormalization3/epoch-001.pkl
2016-11-22 19:34:27 >>> fuzzy_newbob: Updating adadelta with learning_rate=0.250000
2016-11-22 19:34:27 >>> Re-compiling train function...
2016-11-22 19:34:44 >>>   training loss:	0.110965
2016-11-22 19:34:44 >>> Saving network params to out/v08-pitchnormalization3/epoch-004.pkl
2016-11-22 19:34:45 >>> epoch: 4 validation error:		0.046079
2016-11-22 19:34:45 >>> Loading old params from out/v08-pitchnormalization3/epoch-001.pkl
2016-11-22 19:34:45 >>> fuzzy_newbob: Updating adadelta with learning_rate=0.125000
2016-11-22 19:34:45 >>> Re-compiling train function...
