2017-01-18 21:39:13 >>> version=v038-lstm-online-sgd-1-14-g3e63d2d-dirty
2017-01-18 21:39:13 >>> loading numpy file extract_pfiles_python/out/v038-lstm-online-sgd-1-14-g3e63d2d-dirty/train.input.npz
2017-01-18 21:39:13 >>> loading numpy file extract_pfiles_python/out/v038-lstm-online-sgd-1-14-g3e63d2d-dirty/train.output.npz
2017-01-18 21:39:13 >>> loading numpy file extract_pfiles_python/out/v038-lstm-online-sgd-1-14-g3e63d2d-dirty/validate.input.npz
2017-01-18 21:39:13 >>> loading numpy file extract_pfiles_python/out/v038-lstm-online-sgd-1-14-g3e63d2d-dirty/validate.output.npz
2017-01-18 21:39:13 >>> Training network with 71952 trainable out of 72252 total params.
2017-01-18 21:39:14 >>> Using sgd with learning_rate=1.000000
2017-01-18 21:39:14 >>> Compiling theano functions...
2017-01-18 21:39:25 >>> Starting training...
2017-01-18 21:40:17 >>> Saving network params to trainNN/out/v038-lstm-online-sgd-1-14-g3e63d2d-dirty/epoch-000.pkl
2017-01-18 21:40:18 >>> epoch: 0 took 53.634s
training loss:	0.692912
validation loss:	0.690362
validation error:	0.471293
2017-01-18 21:40:18 >>> Wrote output to trainNN/out/v038-lstm-online-sgd-1-14-g3e63d2d-dirty/config.json
2017-01-18 21:41:11 >>> Saving network params to trainNN/out/v038-lstm-online-sgd-1-14-g3e63d2d-dirty/epoch-001.pkl
2017-01-18 21:41:12 >>> epoch: 1 took 54.247s
training loss:	0.688160
validation loss:	0.683663
validation error:	0.445451
2017-01-18 21:41:12 >>> Wrote output to trainNN/out/v038-lstm-online-sgd-1-14-g3e63d2d-dirty/config.json
2017-01-18 21:41:36 >>> received exit signal, waiting for epoch to finish...
