2017-02-02 15:21:34,921 DEBUG    version=v047-unified-dirty:lstm-1500ms-multicat-60-30
2017-02-02 15:21:34,922 INFO     Open DBase(data/db/all240302-spk.dat, data/db/all240302-spk.idx, mode='r')
2017-02-02 15:21:43,482 INFO     balancing data...
2017-02-02 15:23:17,186 DEBUG    loading cached extracted data from data/cache/extract-1c76ab7736d57a61c3c2bab08934de609fbc77dd65410da7f1c165756d89fbb9.pickle
2017-02-02 15:23:19,510 DEBUG    set input dim to 2
2017-02-02 15:23:19,513 DEBUG    input dim = 2
2017-02-02 15:23:19,568 DEBUG    shuffling batches
2017-02-02 15:23:44,628 DEBUG    shuffling done
2017-02-02 15:23:44,629 DEBUG    loading data into ram
2017-02-02 15:23:49,551 DEBUG    loading data took 4.922s (cpu: 4.924s)
2017-02-02 15:23:49,882 INFO     balancing data...
2017-02-02 15:23:50,071 DEBUG    set input dim to 2
2017-02-02 15:23:50,071 DEBUG    input dim = 2
2017-02-02 15:23:50,292 DEBUG    shuffling batches
2017-02-02 15:23:52,672 DEBUG    shuffling done
2017-02-02 15:23:52,672 DEBUG    loading data into ram
2017-02-02 15:23:52,943 DEBUG    loading data took 0.271s (cpu: 0.271s)
2017-02-02 15:23:53,153 DEBUG    Applying L2 regularization with 0.000100
2017-02-02 15:23:53,366 INFO     Training network with 26496 trainable out of 26676 total params.
2017-02-02 15:23:54,808 DEBUG    Using adam with learning_rate=0.001000
2017-02-02 15:24:50,969 DEBUG    Starting training...
2017-02-02 15:28:47,530 INFO     Saving network params to trainNN/out/v047-unified-dirty:lstm-1500ms-multicat-60-30/epoch-000.pkl
2017-02-02 15:28:52,577 INFO     epoch: 0 took 241.607s (0.016s in batching)
training loss:	1.741024
validation loss:	1.734199
validation error:	0.777179
2017-02-02 15:28:52,584 INFO     Wrote output to trainNN/out/v047-unified-dirty:lstm-1500ms-multicat-60-30/config.json
2017-02-02 15:32:48,108 INFO     Saving network params to trainNN/out/v047-unified-dirty:lstm-1500ms-multicat-60-30/epoch-001.pkl
2017-02-02 15:32:53,200 INFO     epoch: 1 took 240.623s (0.015s in batching)
training loss:	1.728122
validation loss:	1.725530
validation error:	0.772771
2017-02-02 15:32:53,206 INFO     Wrote output to trainNN/out/v047-unified-dirty:lstm-1500ms-multicat-60-30/config.json
2017-02-02 15:36:52,440 INFO     Saving network params to trainNN/out/v047-unified-dirty:lstm-1500ms-multicat-60-30/epoch-002.pkl
2017-02-02 15:36:57,695 INFO     epoch: 2 took 244.495s (0.017s in batching)
training loss:	1.718551
validation loss:	1.733144
validation error:	0.767129
2017-02-02 15:36:57,702 INFO     Wrote output to trainNN/out/v047-unified-dirty:lstm-1500ms-multicat-60-30/config.json
2017-02-02 15:40:51,770 INFO     Saving network params to trainNN/out/v047-unified-dirty:lstm-1500ms-multicat-60-30/epoch-003.pkl
2017-02-02 15:40:56,698 INFO     epoch: 3 took 239.003s (0.016s in batching)
training loss:	1.690226
validation loss:	1.835129
validation error:	0.769785
2017-02-02 15:40:56,705 INFO     Wrote output to trainNN/out/v047-unified-dirty:lstm-1500ms-multicat-60-30/config.json
2017-02-02 15:44:50,395 INFO     Saving network params to trainNN/out/v047-unified-dirty:lstm-1500ms-multicat-60-30/epoch-004.pkl
2017-02-02 15:44:55,414 INFO     epoch: 4 took 238.716s (0.015s in batching)
training loss:	1.555911
validation loss:	2.137040
validation error:	0.773565
2017-02-02 15:44:55,421 INFO     Wrote output to trainNN/out/v047-unified-dirty:lstm-1500ms-multicat-60-30/config.json
2017-02-02 15:48:47,674 INFO     Saving network params to trainNN/out/v047-unified-dirty:lstm-1500ms-multicat-60-30/epoch-005.pkl
2017-02-02 15:48:52,661 INFO     epoch: 5 took 237.248s (0.015s in batching)
training loss:	1.425265
validation loss:	2.436308
validation error:	0.785587
2017-02-02 15:48:52,669 INFO     Wrote output to trainNN/out/v047-unified-dirty:lstm-1500ms-multicat-60-30/config.json
2017-02-02 15:52:45,352 INFO     Saving network params to trainNN/out/v047-unified-dirty:lstm-1500ms-multicat-60-30/epoch-006.pkl
2017-02-02 15:52:50,362 INFO     epoch: 6 took 237.701s (0.015s in batching)
training loss:	1.365350
validation loss:	2.468615
validation error:	0.773344
2017-02-02 15:52:50,370 INFO     Wrote output to trainNN/out/v047-unified-dirty:lstm-1500ms-multicat-60-30/config.json
2017-02-02 15:56:44,223 INFO     Saving network params to trainNN/out/v047-unified-dirty:lstm-1500ms-multicat-60-30/epoch-007.pkl
2017-02-02 15:56:49,222 INFO     epoch: 7 took 238.860s (0.016s in batching)
training loss:	1.297284
validation loss:	2.740122
validation error:	0.777278
2017-02-02 15:56:49,230 INFO     Wrote output to trainNN/out/v047-unified-dirty:lstm-1500ms-multicat-60-30/config.json
2017-02-02 16:00:43,087 INFO     Saving network params to trainNN/out/v047-unified-dirty:lstm-1500ms-multicat-60-30/epoch-008.pkl
2017-02-02 16:00:48,125 INFO     epoch: 8 took 238.903s (0.037s in batching)
training loss:	1.266590
validation loss:	2.650320
validation error:	0.775548
2017-02-02 16:00:48,134 INFO     Wrote output to trainNN/out/v047-unified-dirty:lstm-1500ms-multicat-60-30/config.json
2017-02-02 16:04:39,765 INFO     Saving network params to trainNN/out/v047-unified-dirty:lstm-1500ms-multicat-60-30/epoch-009.pkl
2017-02-02 16:04:44,653 INFO     epoch: 9 took 236.528s (0.016s in batching)
training loss:	1.227041
validation loss:	2.898345
validation error:	0.781620
2017-02-02 16:04:44,662 INFO     Wrote output to trainNN/out/v047-unified-dirty:lstm-1500ms-multicat-60-30/config.json
2017-02-02 16:08:33,968 INFO     Saving network params to trainNN/out/v047-unified-dirty:lstm-1500ms-multicat-60-30/epoch-010.pkl
2017-02-02 16:08:38,820 INFO     epoch: 10 took 234.167s (0.015s in batching)
training loss:	1.243682
validation loss:	2.903146
validation error:	0.783967
2017-02-02 16:08:38,829 INFO     Wrote output to trainNN/out/v047-unified-dirty:lstm-1500ms-multicat-60-30/config.json
2017-02-02 16:12:27,793 INFO     Saving network params to trainNN/out/v047-unified-dirty:lstm-1500ms-multicat-60-30/epoch-011.pkl
2017-02-02 16:12:32,789 INFO     epoch: 11 took 233.969s (0.015s in batching)
training loss:	1.172157
validation loss:	3.087633
validation error:	0.783372
2017-02-02 16:12:32,799 INFO     Wrote output to trainNN/out/v047-unified-dirty:lstm-1500ms-multicat-60-30/config.json
2017-02-02 16:16:25,114 INFO     Saving network params to trainNN/out/v047-unified-dirty:lstm-1500ms-multicat-60-30/epoch-012.pkl
2017-02-02 16:16:29,998 INFO     epoch: 12 took 237.210s (0.015s in batching)
training loss:	1.224276
validation loss:	2.869409
validation error:	0.780011
2017-02-02 16:16:30,009 INFO     Wrote output to trainNN/out/v047-unified-dirty:lstm-1500ms-multicat-60-30/config.json
2017-02-02 16:20:20,333 INFO     Saving network params to trainNN/out/v047-unified-dirty:lstm-1500ms-multicat-60-30/epoch-013.pkl
2017-02-02 16:20:25,269 INFO     epoch: 13 took 235.271s (0.015s in batching)
training loss:	1.175615
validation loss:	2.961982
validation error:	0.779041
2017-02-02 16:20:25,279 INFO     Wrote output to trainNN/out/v047-unified-dirty:lstm-1500ms-multicat-60-30/config.json
2017-02-02 16:24:17,817 INFO     Saving network params to trainNN/out/v047-unified-dirty:lstm-1500ms-multicat-60-30/epoch-014.pkl
2017-02-02 16:24:22,774 INFO     epoch: 14 took 237.505s (0.016s in batching)
training loss:	1.121824
validation loss:	3.214985
validation error:	0.787438
2017-02-02 16:24:22,784 INFO     Wrote output to trainNN/out/v047-unified-dirty:lstm-1500ms-multicat-60-30/config.json
2017-02-02 16:28:17,347 INFO     Saving network params to trainNN/out/v047-unified-dirty:lstm-1500ms-multicat-60-30/epoch-015.pkl
2017-02-02 16:28:22,422 INFO     epoch: 15 took 239.648s (0.015s in batching)
training loss:	1.108973
validation loss:	3.229432
validation error:	0.777763
2017-02-02 16:28:22,432 INFO     Wrote output to trainNN/out/v047-unified-dirty:lstm-1500ms-multicat-60-30/config.json
2017-02-02 16:33:02,628 INFO     Saving network params to trainNN/out/v047-unified-dirty:lstm-1500ms-multicat-60-30/epoch-016.pkl
2017-02-02 16:33:12,137 INFO     epoch: 16 took 289.714s (0.016s in batching)
training loss:	1.097269
validation loss:	3.231228
validation error:	0.778149
2017-02-02 16:33:12,165 INFO     Wrote output to trainNN/out/v047-unified-dirty:lstm-1500ms-multicat-60-30/config.json
2017-02-02 16:39:15,886 INFO     Saving network params to trainNN/out/v047-unified-dirty:lstm-1500ms-multicat-60-30/epoch-017.pkl
2017-02-02 16:39:25,418 INFO     epoch: 17 took 373.282s (0.019s in batching)
training loss:	1.122344
validation loss:	3.224041
validation error:	0.785664
2017-02-02 16:39:25,441 INFO     Wrote output to trainNN/out/v047-unified-dirty:lstm-1500ms-multicat-60-30/config.json
2017-02-02 16:44:55,522 INFO     Saving network params to trainNN/out/v047-unified-dirty:lstm-1500ms-multicat-60-30/epoch-018.pkl
2017-02-02 16:45:03,173 INFO     epoch: 18 took 337.756s (0.017s in batching)
training loss:	1.084775
validation loss:	3.329553
validation error:	0.787427
2017-02-02 16:45:03,183 INFO     Wrote output to trainNN/out/v047-unified-dirty:lstm-1500ms-multicat-60-30/config.json
2017-02-02 16:50:15,713 INFO     Saving network params to trainNN/out/v047-unified-dirty:lstm-1500ms-multicat-60-30/epoch-019.pkl
2017-02-02 16:50:23,793 INFO     epoch: 19 took 320.620s (0.015s in batching)
training loss:	1.061841
validation loss:	3.357043
validation error:	0.781818
2017-02-02 16:50:23,805 INFO     Wrote output to trainNN/out/v047-unified-dirty:lstm-1500ms-multicat-60-30/config.json
2017-02-02 16:55:42,777 INFO     Saving network params to trainNN/out/v047-unified-dirty:lstm-1500ms-multicat-60-30/epoch-020.pkl
2017-02-02 16:55:51,341 INFO     epoch: 20 took 327.547s (0.015s in batching)
training loss:	1.183368
validation loss:	2.901376
validation error:	0.780760
2017-02-02 16:55:51,356 INFO     Wrote output to trainNN/out/v047-unified-dirty:lstm-1500ms-multicat-60-30/config.json
2017-02-02 17:01:10,911 INFO     Saving network params to trainNN/out/v047-unified-dirty:lstm-1500ms-multicat-60-30/epoch-021.pkl
2017-02-02 17:01:22,518 INFO     epoch: 21 took 331.177s (0.016s in batching)
training loss:	1.117943
validation loss:	3.203546
validation error:	0.787295
2017-02-02 17:01:22,530 INFO     Wrote output to trainNN/out/v047-unified-dirty:lstm-1500ms-multicat-60-30/config.json
2017-02-02 17:06:38,980 INFO     Saving network params to trainNN/out/v047-unified-dirty:lstm-1500ms-multicat-60-30/epoch-022.pkl
2017-02-02 17:06:47,907 INFO     epoch: 22 took 325.390s (0.016s in batching)
training loss:	1.078198
validation loss:	3.346226
validation error:	0.790744
2017-02-02 17:06:47,922 INFO     Wrote output to trainNN/out/v047-unified-dirty:lstm-1500ms-multicat-60-30/config.json
2017-02-02 17:10:57,422 INFO     Saving network params to trainNN/out/v047-unified-dirty:lstm-1500ms-multicat-60-30/epoch-023.pkl
2017-02-02 17:11:02,300 INFO     epoch: 23 took 254.393s (0.015s in batching)
training loss:	1.051593
validation loss:	3.361140
validation error:	0.782678
2017-02-02 17:11:02,312 INFO     Wrote output to trainNN/out/v047-unified-dirty:lstm-1500ms-multicat-60-30/config.json
2017-02-02 17:14:51,484 INFO     Saving network params to trainNN/out/v047-unified-dirty:lstm-1500ms-multicat-60-30/epoch-024.pkl
2017-02-02 17:14:56,447 INFO     epoch: 24 took 234.147s (0.015s in batching)
training loss:	1.033122
validation loss:	3.426976
validation error:	0.787306
2017-02-02 17:14:56,459 INFO     Wrote output to trainNN/out/v047-unified-dirty:lstm-1500ms-multicat-60-30/config.json
2017-02-02 17:18:47,129 INFO     Saving network params to trainNN/out/v047-unified-dirty:lstm-1500ms-multicat-60-30/epoch-025.pkl
2017-02-02 17:18:51,958 INFO     epoch: 25 took 235.511s (0.015s in batching)
training loss:	1.019258
validation loss:	3.534854
validation error:	0.784298
2017-02-02 17:18:51,970 INFO     Wrote output to trainNN/out/v047-unified-dirty:lstm-1500ms-multicat-60-30/config.json
2017-02-02 17:22:39,860 INFO     Saving network params to trainNN/out/v047-unified-dirty:lstm-1500ms-multicat-60-30/epoch-026.pkl
2017-02-02 17:22:44,674 INFO     epoch: 26 took 232.715s (0.015s in batching)
training loss:	1.009559
validation loss:	3.504607
validation error:	0.780198
2017-02-02 17:22:44,688 INFO     Wrote output to trainNN/out/v047-unified-dirty:lstm-1500ms-multicat-60-30/config.json
2017-02-02 17:26:34,320 INFO     Saving network params to trainNN/out/v047-unified-dirty:lstm-1500ms-multicat-60-30/epoch-027.pkl
2017-02-02 17:26:39,141 INFO     epoch: 27 took 234.467s (0.014s in batching)
training loss:	0.996462
validation loss:	3.569934
validation error:	0.791945
2017-02-02 17:26:39,155 INFO     Wrote output to trainNN/out/v047-unified-dirty:lstm-1500ms-multicat-60-30/config.json
2017-02-02 17:30:28,886 INFO     Saving network params to trainNN/out/v047-unified-dirty:lstm-1500ms-multicat-60-30/epoch-028.pkl
2017-02-02 17:30:33,747 INFO     epoch: 28 took 234.606s (0.015s in batching)
training loss:	0.983322
validation loss:	3.607906
validation error:	0.784959
2017-02-02 17:30:33,761 INFO     Wrote output to trainNN/out/v047-unified-dirty:lstm-1500ms-multicat-60-30/config.json
2017-02-02 17:34:26,055 INFO     Saving network params to trainNN/out/v047-unified-dirty:lstm-1500ms-multicat-60-30/epoch-029.pkl
2017-02-02 17:34:30,951 INFO     epoch: 29 took 237.204s (0.015s in batching)
training loss:	0.975700
validation loss:	3.636095
validation error:	0.785146
2017-02-02 17:34:30,966 INFO     Wrote output to trainNN/out/v047-unified-dirty:lstm-1500ms-multicat-60-30/config.json
2017-02-02 17:36:01,903 INFO     received exit signal, waiting for epoch to finish...
2017-02-02 17:38:20,366 INFO     Saving network params to trainNN/out/v047-unified-dirty:lstm-1500ms-multicat-60-30/epoch-030.pkl
2017-02-02 17:38:25,211 INFO     epoch: 30 took 234.260s (0.014s in batching)
training loss:	0.967359
validation loss:	3.747258
validation error:	0.788077
2017-02-02 17:38:25,224 INFO     Wrote output to trainNN/out/v047-unified-dirty:lstm-1500ms-multicat-60-30/config.json
