2017-01-27 05:22:51,795 DEBUG    version=v046-unified-1-ga554316-dirty:multicat-lstm-ffv-adam-100-50
2017-01-27 05:22:51,795 INFO     Open DBase(data/db/all240302-spk.dat, data/db/all240302-spk.idx, mode='r')
2017-01-27 05:22:55,817 DEBUG    getting all bc uttids...configs/multicat-lstm-ffv-adam-100-50.json, train
2017-01-27 05:22:55,817 INFO     Open DBase(data/db/all240302-spk.dat, data/db/all240302-spk.idx, mode='r')
2017-01-27 05:23:02,405 DEBUG    loading cached extracted data from data/cache/extract-61257001baf8c6e4f4e7fa4b7259fa27f2c269393523253e76d279cc26b5612a.pickle
2017-01-27 05:23:06,880 DEBUG    set input dim to 9
2017-01-27 05:23:06,880 DEBUG    input dim = 9
2017-01-27 05:23:06,960 DEBUG    shuffling batches
2017-01-27 05:23:41,665 DEBUG    shuffling done
2017-01-27 05:23:41,665 DEBUG    loading data into ram
2017-01-27 05:23:41,724 DEBUG    loading data took 0.058s (cpu: 0.058s)
2017-01-27 05:23:41,724 DEBUG    getting all bc uttids...configs/multicat-lstm-ffv-adam-100-50.json, validate
2017-01-27 05:23:41,948 DEBUG    set input dim to 9
2017-01-27 05:23:41,948 DEBUG    input dim = 9
2017-01-27 05:23:42,360 DEBUG    shuffling batches
2017-01-27 05:23:45,604 DEBUG    shuffling done
2017-01-27 05:23:45,604 DEBUG    loading data into ram
2017-01-27 05:23:45,610 DEBUG    loading data took 0.006s (cpu: 0.006s)
2017-01-27 05:23:45,743 INFO     Training network with 74956 trainable out of 75256 total params.
2017-01-27 05:23:46,593 DEBUG    Using adam with learning_rate=0.001000
2017-01-27 05:24:03,750 DEBUG    Starting training...
2017-01-27 05:35:42,913 INFO     Saving network params to trainNN/out/v046-unified-1-ga554316-dirty:multicat-lstm-ffv-adam-100-50/epoch-000.pkl
2017-01-27 05:36:04,904 INFO     epoch: 0 took 721.154s (0.013s in batching)
training loss:	0.982950
validation loss:	0.966146
validation error:	0.380193
2017-01-27 05:36:04,904 INFO     Wrote output to trainNN/out/v046-unified-1-ga554316-dirty:multicat-lstm-ffv-adam-100-50/config.json
