2017-01-27 13:55:16,615 DEBUG    version=v046-unified-2-g177f37a-dirty:multicat-lstm-ffv-dropout-50-20
2017-01-27 13:55:16,616 INFO     Open DBase(data/db/all240302-spk.dat, data/db/all240302-spk.idx, mode='r')
2017-01-27 13:55:25,532 DEBUG    getting all bc uttids...configs/multicat-2.json, train
2017-01-27 13:55:25,532 INFO     Open DBase(data/db/all240302-spk.dat, data/db/all240302-spk.idx, mode='r')
2017-01-27 13:55:31,710 DEBUG    loading cached extracted data from data/cache/extract-61257001baf8c6e4f4e7fa4b7259fa27f2c269393523253e76d279cc26b5612a.pickle
2017-01-27 13:55:36,187 DEBUG    set input dim to 9
2017-01-27 13:55:36,187 DEBUG    input dim = 9
2017-01-27 13:55:36,267 DEBUG    shuffling batches
2017-01-27 13:56:09,100 DEBUG    shuffling done
2017-01-27 13:56:09,100 DEBUG    loading data into ram
2017-01-27 13:56:09,158 DEBUG    loading data took 0.058s (cpu: 0.058s)
2017-01-27 13:56:09,158 DEBUG    getting all bc uttids...configs/multicat-2.json, validate
2017-01-27 13:56:09,378 DEBUG    set input dim to 9
2017-01-27 13:56:09,378 DEBUG    input dim = 9
2017-01-27 13:56:09,775 DEBUG    shuffling batches
2017-01-27 13:56:12,942 DEBUG    shuffling done
2017-01-27 13:56:12,942 DEBUG    loading data into ram
2017-01-27 13:56:12,948 DEBUG    loading data took 0.006s (cpu: 0.006s)
2017-01-27 13:56:13,742 INFO     Training network with 18016 trainable out of 18156 total params.
2017-01-27 13:56:14,673 DEBUG    Using adam with learning_rate=0.001000
2017-01-27 13:56:33,183 DEBUG    Starting training...
2017-01-27 14:02:05,484 INFO     Saving network params to trainNN/out/v046-unified-2-g177f37a-dirty:multicat-lstm-ffv-dropout-50-20/epoch-000.pkl
2017-01-27 14:02:12,147 INFO     epoch: 0 took 338.963s (0.012s in batching)
training loss:	1.028726
validation loss:	1.018971
validation error:	0.435945
2017-01-27 14:02:12,147 INFO     Wrote output to trainNN/out/v046-unified-2-g177f37a-dirty:multicat-lstm-ffv-dropout-50-20/config.json
2017-01-27 14:07:44,339 INFO     Saving network params to trainNN/out/v046-unified-2-g177f37a-dirty:multicat-lstm-ffv-dropout-50-20/epoch-001.pkl
2017-01-27 14:07:50,890 INFO     epoch: 1 took 338.744s (0.010s in batching)
training loss:	0.995461
validation loss:	0.998634
validation error:	0.411569
2017-01-27 14:07:50,891 INFO     Wrote output to trainNN/out/v046-unified-2-g177f37a-dirty:multicat-lstm-ffv-dropout-50-20/config.json
2017-01-27 14:13:25,008 INFO     Saving network params to trainNN/out/v046-unified-2-g177f37a-dirty:multicat-lstm-ffv-dropout-50-20/epoch-002.pkl
2017-01-27 14:13:31,618 INFO     epoch: 2 took 340.728s (0.011s in batching)
training loss:	0.983857
validation loss:	0.984759
validation error:	0.395945
2017-01-27 14:13:31,619 INFO     Wrote output to trainNN/out/v046-unified-2-g177f37a-dirty:multicat-lstm-ffv-dropout-50-20/config.json
2017-01-27 14:19:08,665 INFO     Saving network params to trainNN/out/v046-unified-2-g177f37a-dirty:multicat-lstm-ffv-dropout-50-20/epoch-003.pkl
2017-01-27 14:19:15,462 INFO     epoch: 3 took 343.844s (0.011s in batching)
training loss:	0.976825
validation loss:	0.978070
validation error:	0.392679
2017-01-27 14:19:15,463 INFO     Wrote output to trainNN/out/v046-unified-2-g177f37a-dirty:multicat-lstm-ffv-dropout-50-20/config.json
2017-01-27 14:24:51,658 INFO     Saving network params to trainNN/out/v046-unified-2-g177f37a-dirty:multicat-lstm-ffv-dropout-50-20/epoch-004.pkl
2017-01-27 14:24:58,677 INFO     epoch: 4 took 343.215s (0.010s in batching)
training loss:	0.970990
validation loss:	0.970455
validation error:	0.385879
2017-01-27 14:24:58,678 INFO     Wrote output to trainNN/out/v046-unified-2-g177f37a-dirty:multicat-lstm-ffv-dropout-50-20/config.json
2017-01-27 14:30:34,916 INFO     Saving network params to trainNN/out/v046-unified-2-g177f37a-dirty:multicat-lstm-ffv-dropout-50-20/epoch-005.pkl
2017-01-27 14:30:41,618 INFO     epoch: 5 took 342.941s (0.011s in batching)
training loss:	0.966642
validation loss:	0.973246
validation error:	0.385983
2017-01-27 14:30:41,619 INFO     Wrote output to trainNN/out/v046-unified-2-g177f37a-dirty:multicat-lstm-ffv-dropout-50-20/config.json
2017-01-27 14:36:21,532 INFO     Saving network params to trainNN/out/v046-unified-2-g177f37a-dirty:multicat-lstm-ffv-dropout-50-20/epoch-006.pkl
2017-01-27 14:36:28,238 INFO     epoch: 6 took 346.620s (0.012s in batching)
training loss:	0.962814
validation loss:	0.970890
validation error:	0.383390
2017-01-27 14:36:28,239 INFO     Wrote output to trainNN/out/v046-unified-2-g177f37a-dirty:multicat-lstm-ffv-dropout-50-20/config.json
2017-01-27 14:42:03,085 INFO     Saving network params to trainNN/out/v046-unified-2-g177f37a-dirty:multicat-lstm-ffv-dropout-50-20/epoch-007.pkl
2017-01-27 14:42:09,695 INFO     epoch: 7 took 341.456s (0.011s in batching)
training loss:	0.959982
validation loss:	0.968309
validation error:	0.383470
2017-01-27 14:42:09,696 INFO     Wrote output to trainNN/out/v046-unified-2-g177f37a-dirty:multicat-lstm-ffv-dropout-50-20/config.json
2017-01-27 14:47:48,202 INFO     Saving network params to trainNN/out/v046-unified-2-g177f37a-dirty:multicat-lstm-ffv-dropout-50-20/epoch-008.pkl
2017-01-27 14:47:54,826 INFO     epoch: 8 took 345.131s (0.012s in batching)
training loss:	0.957397
validation loss:	0.971283
validation error:	0.386880
2017-01-27 14:47:54,827 INFO     Wrote output to trainNN/out/v046-unified-2-g177f37a-dirty:multicat-lstm-ffv-dropout-50-20/config.json
2017-01-27 14:53:32,555 INFO     Saving network params to trainNN/out/v046-unified-2-g177f37a-dirty:multicat-lstm-ffv-dropout-50-20/epoch-009.pkl
2017-01-27 14:53:39,341 INFO     epoch: 9 took 344.515s (0.012s in batching)
training loss:	0.955403
validation loss:	0.965229
validation error:	0.382027
2017-01-27 14:53:39,342 INFO     Wrote output to trainNN/out/v046-unified-2-g177f37a-dirty:multicat-lstm-ffv-dropout-50-20/config.json
2017-01-27 14:59:09,940 INFO     Saving network params to trainNN/out/v046-unified-2-g177f37a-dirty:multicat-lstm-ffv-dropout-50-20/epoch-010.pkl
2017-01-27 14:59:16,492 INFO     epoch: 10 took 337.151s (0.012s in batching)
training loss:	0.953342
validation loss:	0.967341
validation error:	0.385140
2017-01-27 14:59:16,493 INFO     Wrote output to trainNN/out/v046-unified-2-g177f37a-dirty:multicat-lstm-ffv-dropout-50-20/config.json
2017-01-27 15:04:47,837 INFO     Saving network params to trainNN/out/v046-unified-2-g177f37a-dirty:multicat-lstm-ffv-dropout-50-20/epoch-011.pkl
2017-01-27 15:04:54,593 INFO     epoch: 11 took 338.100s (0.011s in batching)
training loss:	0.951449
validation loss:	0.967114
validation error:	0.385725
2017-01-27 15:04:54,593 INFO     Wrote output to trainNN/out/v046-unified-2-g177f37a-dirty:multicat-lstm-ffv-dropout-50-20/config.json
2017-01-27 15:10:24,737 INFO     Saving network params to trainNN/out/v046-unified-2-g177f37a-dirty:multicat-lstm-ffv-dropout-50-20/epoch-012.pkl
2017-01-27 15:10:31,267 INFO     epoch: 12 took 336.675s (0.011s in batching)
training loss:	0.949499
validation loss:	0.971184
validation error:	0.389254
2017-01-27 15:10:31,268 INFO     Wrote output to trainNN/out/v046-unified-2-g177f37a-dirty:multicat-lstm-ffv-dropout-50-20/config.json
2017-01-27 15:16:00,753 INFO     Saving network params to trainNN/out/v046-unified-2-g177f37a-dirty:multicat-lstm-ffv-dropout-50-20/epoch-013.pkl
2017-01-27 15:16:07,659 INFO     epoch: 13 took 336.392s (0.010s in batching)
training loss:	0.947788
validation loss:	0.974583
validation error:	0.392491
2017-01-27 15:16:07,660 INFO     Wrote output to trainNN/out/v046-unified-2-g177f37a-dirty:multicat-lstm-ffv-dropout-50-20/config.json
2017-01-27 15:21:36,617 INFO     Saving network params to trainNN/out/v046-unified-2-g177f37a-dirty:multicat-lstm-ffv-dropout-50-20/epoch-014.pkl
2017-01-27 15:21:43,156 INFO     epoch: 14 took 335.497s (0.011s in batching)
training loss:	0.946286
validation loss:	0.978674
validation error:	0.394196
2017-01-27 15:21:43,157 INFO     Wrote output to trainNN/out/v046-unified-2-g177f37a-dirty:multicat-lstm-ffv-dropout-50-20/config.json
