2017-01-25 13:29:12,107 DEBUG    version=v045-unified-dirty:lstm-adam-50-20
2017-01-25 13:29:12,109 INFO     Open DBase(data/db/all240302-spk.dat, data/db/all240302-spk.idx, mode='r')
2017-01-25 13:29:32,875 DEBUG    loading cached extracted data from data/cache/extract-563f0cfda2bc8b6a659563483d8ddca63a2cf90cdf00f9f7f789bf6027ccda0a.pickle
2017-01-25 13:29:34,855 DEBUG    set input dim to 2
2017-01-25 13:29:34,857 DEBUG    input dim = 2
2017-01-25 13:29:35,045 DEBUG    shuffling batches
2017-01-25 13:31:02,004 DEBUG    shuffling done
2017-01-25 13:31:02,007 DEBUG    loading data into ram
2017-01-25 13:31:02,159 DEBUG    loading data took 0.152s (cpu: 0.148s)
2017-01-25 13:31:02,756 DEBUG    set input dim to 2
2017-01-25 13:31:02,756 DEBUG    input dim = 2
2017-01-25 13:31:03,165 DEBUG    shuffling batches
2017-01-25 13:31:11,760 DEBUG    shuffling done
2017-01-25 13:31:11,763 DEBUG    loading data into ram
2017-01-25 13:31:11,778 DEBUG    loading data took 0.015s (cpu: 0.015s)
2017-01-25 13:31:12,152 INFO     Training network with 16532 trainable out of 16672 total params.
2017-01-25 13:31:13,012 DEBUG    Using adam with learning_rate=0.001000
2017-01-25 13:32:03,309 DEBUG    Starting training...
2017-01-25 13:57:12,954 INFO     Saving network params to trainNN/out/v045-unified-dirty:lstm-adam-50-20/epoch-000.pkl
2017-01-25 13:57:47,278 INFO     epoch: 0 took 1543.968s (0.069s in batching)
training loss:	0.622531
validation loss:	0.599326
validation error:	0.326924
2017-01-25 13:57:47,286 INFO     Wrote output to trainNN/out/v045-unified-dirty:lstm-adam-50-20/config.json
2017-01-25 14:23:00,973 INFO     Saving network params to trainNN/out/v045-unified-dirty:lstm-adam-50-20/epoch-001.pkl
2017-01-25 14:23:32,113 INFO     epoch: 1 took 1544.834s (0.066s in batching)
training loss:	0.590853
validation loss:	0.581519
validation error:	0.311291
2017-01-25 14:23:32,596 INFO     Wrote output to trainNN/out/v045-unified-dirty:lstm-adam-50-20/config.json
2017-01-25 14:48:33,518 INFO     Saving network params to trainNN/out/v045-unified-dirty:lstm-adam-50-20/epoch-002.pkl
2017-01-25 14:49:07,861 INFO     epoch: 2 took 1535.748s (0.067s in batching)
training loss:	0.575887
validation loss:	0.580257
validation error:	0.305675
2017-01-25 14:49:07,864 INFO     Wrote output to trainNN/out/v045-unified-dirty:lstm-adam-50-20/config.json
2017-01-25 15:15:03,863 INFO     Saving network params to trainNN/out/v045-unified-dirty:lstm-adam-50-20/epoch-003.pkl
2017-01-25 15:15:37,864 INFO     epoch: 3 took 1590.004s (0.069s in batching)
training loss:	0.567030
validation loss:	0.574612
validation error:	0.302488
2017-01-25 15:15:37,868 INFO     Wrote output to trainNN/out/v045-unified-dirty:lstm-adam-50-20/config.json
2017-01-25 15:40:50,316 INFO     Saving network params to trainNN/out/v045-unified-dirty:lstm-adam-50-20/epoch-004.pkl
2017-01-25 15:41:24,579 INFO     epoch: 4 took 1546.714s (0.068s in batching)
training loss:	0.559866
validation loss:	0.576394
validation error:	0.303291
2017-01-25 15:41:24,640 INFO     Wrote output to trainNN/out/v045-unified-dirty:lstm-adam-50-20/config.json
2017-01-25 16:06:24,078 INFO     Saving network params to trainNN/out/v045-unified-dirty:lstm-adam-50-20/epoch-005.pkl
2017-01-25 16:06:58,547 INFO     epoch: 5 took 1533.969s (0.068s in batching)
training loss:	0.553588
validation loss:	0.579030
validation error:	0.303113
2017-01-25 16:06:58,551 INFO     Wrote output to trainNN/out/v045-unified-dirty:lstm-adam-50-20/config.json
2017-01-25 16:31:21,005 INFO     Saving network params to trainNN/out/v045-unified-dirty:lstm-adam-50-20/epoch-006.pkl
2017-01-25 16:31:48,838 INFO     epoch: 6 took 1490.284s (0.065s in batching)
training loss:	0.547522
validation loss:	0.581193
validation error:	0.306245
2017-01-25 16:31:49,217 INFO     Wrote output to trainNN/out/v045-unified-dirty:lstm-adam-50-20/config.json
2017-01-25 16:55:34,173 INFO     Saving network params to trainNN/out/v045-unified-dirty:lstm-adam-50-20/epoch-007.pkl
2017-01-25 16:56:08,000 INFO     epoch: 7 took 1459.168s (0.064s in batching)
training loss:	0.542236
validation loss:	0.583846
validation error:	0.305309
2017-01-25 16:56:08,003 INFO     Wrote output to trainNN/out/v045-unified-dirty:lstm-adam-50-20/config.json
2017-01-25 17:22:07,881 INFO     Saving network params to trainNN/out/v045-unified-dirty:lstm-adam-50-20/epoch-008.pkl
2017-01-25 17:22:42,730 INFO     epoch: 8 took 1594.729s (0.067s in batching)
training loss:	0.537049
validation loss:	0.591980
validation error:	0.314067
2017-01-25 17:22:42,750 INFO     Wrote output to trainNN/out/v045-unified-dirty:lstm-adam-50-20/config.json
