2017-01-25 07:20:16,712 DEBUG    version=v045-unified-dirty:simple-ff-ffv-adam-50-20
2017-01-25 07:20:16,715 INFO     Open DBase(data/db/all240302-spk.dat, data/db/all240302-spk.idx, mode='r')
2017-01-25 07:20:38,402 DEBUG    loading cached extracted data from data/cache/extract-17095dffdd75068299ccb5dd895af8ecaa0fbe1575b09b5b1ad4e4febf4d84ae.pickle
2017-01-25 07:20:44,152 DEBUG    set input dim to 9
2017-01-25 07:20:44,152 DEBUG    input dim = 9
2017-01-25 07:20:44,332 DEBUG    shuffling batches
2017-01-25 07:22:24,467 DEBUG    shuffling done
2017-01-25 07:22:24,471 DEBUG    loading data into ram
2017-01-25 07:22:24,627 DEBUG    loading data took 0.145s (cpu: 0.144s)
2017-01-25 07:22:25,223 DEBUG    set input dim to 9
2017-01-25 07:22:25,223 DEBUG    input dim = 9
2017-01-25 07:22:25,637 DEBUG    shuffling batches
2017-01-25 07:22:34,988 DEBUG    shuffling done
2017-01-25 07:22:34,989 DEBUG    loading data into ram
2017-01-25 07:22:35,004 DEBUG    loading data took 0.015s (cpu: 0.015s)
2017-01-25 07:22:35,125 INFO     Training network with 19112 trainable out of 19112 total params.
2017-01-25 07:22:35,217 DEBUG    Using adam with learning_rate=0.001000
2017-01-25 07:22:43,971 DEBUG    Starting training...
2017-01-25 07:23:27,868 INFO     Saving network params to trainNN/out/v045-unified-dirty:simple-ff-ffv-adam-50-20/epoch-000.pkl
2017-01-25 07:23:31,028 INFO     epoch: 0 took 47.056s (0.026s in batching)
training loss:	0.634174
validation loss:	0.621984
validation error:	0.354800
2017-01-25 07:23:31,031 INFO     Wrote output to trainNN/out/v045-unified-dirty:simple-ff-ffv-adam-50-20/config.json
2017-01-25 07:24:15,092 INFO     Saving network params to trainNN/out/v045-unified-dirty:simple-ff-ffv-adam-50-20/epoch-001.pkl
2017-01-25 07:24:18,234 INFO     epoch: 1 took 47.205s (0.022s in batching)
training loss:	0.622873
validation loss:	0.615839
validation error:	0.348025
2017-01-25 07:24:18,247 INFO     Wrote output to trainNN/out/v045-unified-dirty:simple-ff-ffv-adam-50-20/config.json
2017-01-25 07:25:02,092 INFO     Saving network params to trainNN/out/v045-unified-dirty:simple-ff-ffv-adam-50-20/epoch-002.pkl
2017-01-25 07:25:05,260 INFO     epoch: 2 took 47.027s (0.023s in batching)
training loss:	0.617484
validation loss:	0.616523
validation error:	0.346766
2017-01-25 07:25:05,263 INFO     Wrote output to trainNN/out/v045-unified-dirty:simple-ff-ffv-adam-50-20/config.json
2017-01-25 07:25:49,316 INFO     Saving network params to trainNN/out/v045-unified-dirty:simple-ff-ffv-adam-50-20/epoch-003.pkl
2017-01-25 07:25:52,372 INFO     epoch: 3 took 47.112s (0.023s in batching)
training loss:	0.613748
validation loss:	0.611373
validation error:	0.341378
2017-01-25 07:25:52,387 INFO     Wrote output to trainNN/out/v045-unified-dirty:simple-ff-ffv-adam-50-20/config.json
2017-01-25 07:26:35,729 INFO     Saving network params to trainNN/out/v045-unified-dirty:simple-ff-ffv-adam-50-20/epoch-004.pkl
2017-01-25 07:26:39,023 INFO     epoch: 4 took 46.651s (0.023s in batching)
training loss:	0.611061
validation loss:	0.618489
validation error:	0.345185
2017-01-25 07:26:39,026 INFO     Wrote output to trainNN/out/v045-unified-dirty:simple-ff-ffv-adam-50-20/config.json
2017-01-25 07:27:23,197 INFO     Saving network params to trainNN/out/v045-unified-dirty:simple-ff-ffv-adam-50-20/epoch-005.pkl
2017-01-25 07:27:26,412 INFO     epoch: 5 took 47.389s (0.024s in batching)
training loss:	0.608747
validation loss:	0.605065
validation error:	0.332431
2017-01-25 07:27:26,426 INFO     Wrote output to trainNN/out/v045-unified-dirty:simple-ff-ffv-adam-50-20/config.json
2017-01-25 07:28:10,736 INFO     Saving network params to trainNN/out/v045-unified-dirty:simple-ff-ffv-adam-50-20/epoch-006.pkl
2017-01-25 07:28:13,873 INFO     epoch: 6 took 47.461s (0.023s in batching)
training loss:	0.607218
validation loss:	0.604471
validation error:	0.333006
2017-01-25 07:28:13,876 INFO     Wrote output to trainNN/out/v045-unified-dirty:simple-ff-ffv-adam-50-20/config.json
2017-01-25 07:28:58,005 INFO     Saving network params to trainNN/out/v045-unified-dirty:simple-ff-ffv-adam-50-20/epoch-007.pkl
2017-01-25 07:29:01,173 INFO     epoch: 7 took 47.300s (0.024s in batching)
training loss:	0.606073
validation loss:	0.607871
validation error:	0.335812
2017-01-25 07:29:01,176 INFO     Wrote output to trainNN/out/v045-unified-dirty:simple-ff-ffv-adam-50-20/config.json
2017-01-25 07:29:44,488 INFO     Saving network params to trainNN/out/v045-unified-dirty:simple-ff-ffv-adam-50-20/epoch-008.pkl
2017-01-25 07:29:47,692 INFO     epoch: 8 took 46.519s (0.024s in batching)
training loss:	0.605079
validation loss:	0.606000
validation error:	0.334037
2017-01-25 07:29:47,695 INFO     Wrote output to trainNN/out/v045-unified-dirty:simple-ff-ffv-adam-50-20/config.json
2017-01-25 07:30:31,871 INFO     Saving network params to trainNN/out/v045-unified-dirty:simple-ff-ffv-adam-50-20/epoch-009.pkl
2017-01-25 07:30:35,102 INFO     epoch: 9 took 47.410s (0.023s in batching)
training loss:	0.604323
validation loss:	0.603728
validation error:	0.332139
2017-01-25 07:30:35,104 INFO     Wrote output to trainNN/out/v045-unified-dirty:simple-ff-ffv-adam-50-20/config.json
2017-01-25 07:31:18,891 INFO     Saving network params to trainNN/out/v045-unified-dirty:simple-ff-ffv-adam-50-20/epoch-010.pkl
2017-01-25 07:31:22,226 INFO     epoch: 10 took 47.124s (0.023s in batching)
training loss:	0.603658
validation loss:	0.604957
validation error:	0.331440
2017-01-25 07:31:22,229 INFO     Wrote output to trainNN/out/v045-unified-dirty:simple-ff-ffv-adam-50-20/config.json
2017-01-25 07:32:06,474 INFO     Saving network params to trainNN/out/v045-unified-dirty:simple-ff-ffv-adam-50-20/epoch-011.pkl
2017-01-25 07:32:09,642 INFO     epoch: 11 took 47.416s (0.023s in batching)
training loss:	0.602918
validation loss:	0.604475
validation error:	0.332332
2017-01-25 07:32:09,644 INFO     Wrote output to trainNN/out/v045-unified-dirty:simple-ff-ffv-adam-50-20/config.json
2017-01-25 07:32:53,605 INFO     Saving network params to trainNN/out/v045-unified-dirty:simple-ff-ffv-adam-50-20/epoch-012.pkl
2017-01-25 07:32:56,737 INFO     epoch: 12 took 47.095s (0.023s in batching)
training loss:	0.602396
validation loss:	0.608036
validation error:	0.334924
2017-01-25 07:32:56,740 INFO     Wrote output to trainNN/out/v045-unified-dirty:simple-ff-ffv-adam-50-20/config.json
2017-01-25 07:33:40,441 INFO     Saving network params to trainNN/out/v045-unified-dirty:simple-ff-ffv-adam-50-20/epoch-013.pkl
2017-01-25 07:33:43,679 INFO     epoch: 13 took 46.942s (0.023s in batching)
training loss:	0.601977
validation loss:	0.604242
validation error:	0.333760
2017-01-25 07:33:43,681 INFO     Wrote output to trainNN/out/v045-unified-dirty:simple-ff-ffv-adam-50-20/config.json
2017-01-25 07:34:27,910 INFO     Saving network params to trainNN/out/v045-unified-dirty:simple-ff-ffv-adam-50-20/epoch-014.pkl
2017-01-25 07:34:31,134 INFO     epoch: 14 took 47.456s (0.023s in batching)
training loss:	0.601631
validation loss:	0.602384
validation error:	0.329715
2017-01-25 07:34:31,138 INFO     Wrote output to trainNN/out/v045-unified-dirty:simple-ff-ffv-adam-50-20/config.json
2017-01-25 07:35:15,145 INFO     Saving network params to trainNN/out/v045-unified-dirty:simple-ff-ffv-adam-50-20/epoch-015.pkl
2017-01-25 07:35:18,291 INFO     epoch: 15 took 47.157s (0.024s in batching)
training loss:	0.601146
validation loss:	0.614866
validation error:	0.341670
2017-01-25 07:35:18,305 INFO     Wrote output to trainNN/out/v045-unified-dirty:simple-ff-ffv-adam-50-20/config.json
2017-01-25 07:36:02,079 INFO     Saving network params to trainNN/out/v045-unified-dirty:simple-ff-ffv-adam-50-20/epoch-016.pkl
2017-01-25 07:36:05,166 INFO     epoch: 16 took 46.875s (0.023s in batching)
training loss:	0.600775
validation loss:	0.600871
validation error:	0.325502
2017-01-25 07:36:05,173 INFO     Wrote output to trainNN/out/v045-unified-dirty:simple-ff-ffv-adam-50-20/config.json
2017-01-25 07:36:48,790 INFO     Saving network params to trainNN/out/v045-unified-dirty:simple-ff-ffv-adam-50-20/epoch-017.pkl
2017-01-25 07:36:52,021 INFO     epoch: 17 took 46.855s (0.024s in batching)
training loss:	0.600500
validation loss:	0.602145
validation error:	0.329199
2017-01-25 07:36:52,026 INFO     Wrote output to trainNN/out/v045-unified-dirty:simple-ff-ffv-adam-50-20/config.json
2017-01-25 07:37:36,225 INFO     Saving network params to trainNN/out/v045-unified-dirty:simple-ff-ffv-adam-50-20/epoch-018.pkl
2017-01-25 07:37:39,391 INFO     epoch: 18 took 47.371s (0.023s in batching)
training loss:	0.600010
validation loss:	0.601827
validation error:	0.328511
2017-01-25 07:37:39,394 INFO     Wrote output to trainNN/out/v045-unified-dirty:simple-ff-ffv-adam-50-20/config.json
2017-01-25 07:38:23,546 INFO     Saving network params to trainNN/out/v045-unified-dirty:simple-ff-ffv-adam-50-20/epoch-019.pkl
2017-01-25 07:38:26,756 INFO     epoch: 19 took 47.365s (0.024s in batching)
training loss:	0.599977
validation loss:	0.599678
validation error:	0.325502
2017-01-25 07:38:26,760 INFO     Wrote output to trainNN/out/v045-unified-dirty:simple-ff-ffv-adam-50-20/config.json
2017-01-25 07:39:10,774 INFO     Saving network params to trainNN/out/v045-unified-dirty:simple-ff-ffv-adam-50-20/epoch-020.pkl
2017-01-25 07:39:13,874 INFO     epoch: 20 took 47.118s (0.023s in batching)
training loss:	0.599612
validation loss:	0.601651
validation error:	0.328525
2017-01-25 07:39:13,877 INFO     Wrote output to trainNN/out/v045-unified-dirty:simple-ff-ffv-adam-50-20/config.json
2017-01-25 07:39:57,424 INFO     Saving network params to trainNN/out/v045-unified-dirty:simple-ff-ffv-adam-50-20/epoch-021.pkl
2017-01-25 07:40:00,687 INFO     epoch: 21 took 46.813s (0.023s in batching)
training loss:	0.599412
validation loss:	0.600962
validation error:	0.325948
2017-01-25 07:40:00,690 INFO     Wrote output to trainNN/out/v045-unified-dirty:simple-ff-ffv-adam-50-20/config.json
2017-01-25 07:40:44,013 INFO     Saving network params to trainNN/out/v045-unified-dirty:simple-ff-ffv-adam-50-20/epoch-022.pkl
2017-01-25 07:40:47,220 INFO     epoch: 22 took 46.533s (0.023s in batching)
training loss:	0.599108
validation loss:	0.602655
validation error:	0.328059
2017-01-25 07:40:47,223 INFO     Wrote output to trainNN/out/v045-unified-dirty:simple-ff-ffv-adam-50-20/config.json
2017-01-25 07:41:31,397 INFO     Saving network params to trainNN/out/v045-unified-dirty:simple-ff-ffv-adam-50-20/epoch-023.pkl
2017-01-25 07:41:34,736 INFO     epoch: 23 took 47.516s (0.024s in batching)
training loss:	0.598841
validation loss:	0.603184
validation error:	0.330662
2017-01-25 07:41:34,744 INFO     Wrote output to trainNN/out/v045-unified-dirty:simple-ff-ffv-adam-50-20/config.json
2017-01-25 07:42:18,352 INFO     Saving network params to trainNN/out/v045-unified-dirty:simple-ff-ffv-adam-50-20/epoch-024.pkl
2017-01-25 07:42:21,573 INFO     epoch: 24 took 46.837s (0.023s in batching)
training loss:	0.598715
validation loss:	0.599637
validation error:	0.326429
2017-01-25 07:42:21,576 INFO     Wrote output to trainNN/out/v045-unified-dirty:simple-ff-ffv-adam-50-20/config.json
2017-01-25 07:43:05,458 INFO     Saving network params to trainNN/out/v045-unified-dirty:simple-ff-ffv-adam-50-20/epoch-025.pkl
2017-01-25 07:43:08,569 INFO     epoch: 25 took 46.997s (0.024s in batching)
training loss:	0.598527
validation loss:	0.599930
validation error:	0.326454
2017-01-25 07:43:08,581 INFO     Wrote output to trainNN/out/v045-unified-dirty:simple-ff-ffv-adam-50-20/config.json
2017-01-25 07:43:52,299 INFO     Saving network params to trainNN/out/v045-unified-dirty:simple-ff-ffv-adam-50-20/epoch-026.pkl
2017-01-25 07:43:55,429 INFO     epoch: 26 took 46.860s (0.023s in batching)
training loss:	0.598399
validation loss:	0.602743
validation error:	0.328833
2017-01-25 07:43:55,442 INFO     Wrote output to trainNN/out/v045-unified-dirty:simple-ff-ffv-adam-50-20/config.json
2017-01-25 07:44:39,320 INFO     Saving network params to trainNN/out/v045-unified-dirty:simple-ff-ffv-adam-50-20/epoch-027.pkl
2017-01-25 07:44:42,455 INFO     epoch: 27 took 47.026s (0.023s in batching)
training loss:	0.598168
validation loss:	0.597924
validation error:	0.324853
2017-01-25 07:44:42,459 INFO     Wrote output to trainNN/out/v045-unified-dirty:simple-ff-ffv-adam-50-20/config.json
2017-01-25 07:45:26,464 INFO     Saving network params to trainNN/out/v045-unified-dirty:simple-ff-ffv-adam-50-20/epoch-028.pkl
2017-01-25 07:45:29,629 INFO     epoch: 28 took 47.173s (0.023s in batching)
training loss:	0.598053
validation loss:	0.603111
validation error:	0.330042
2017-01-25 07:45:29,643 INFO     Wrote output to trainNN/out/v045-unified-dirty:simple-ff-ffv-adam-50-20/config.json
2017-01-25 07:46:13,472 INFO     Saving network params to trainNN/out/v045-unified-dirty:simple-ff-ffv-adam-50-20/epoch-029.pkl
2017-01-25 07:46:16,694 INFO     epoch: 29 took 47.065s (0.023s in batching)
training loss:	0.597941
validation loss:	0.601881
validation error:	0.327831
2017-01-25 07:46:16,707 INFO     Wrote output to trainNN/out/v045-unified-dirty:simple-ff-ffv-adam-50-20/config.json
2017-01-25 07:47:00,969 INFO     Saving network params to trainNN/out/v045-unified-dirty:simple-ff-ffv-adam-50-20/epoch-030.pkl
2017-01-25 07:47:04,081 INFO     epoch: 30 took 47.387s (0.025s in batching)
training loss:	0.597728
validation loss:	0.603243
validation error:	0.331489
2017-01-25 07:47:04,084 INFO     Wrote output to trainNN/out/v045-unified-dirty:simple-ff-ffv-adam-50-20/config.json
2017-01-25 07:47:47,451 INFO     Saving network params to trainNN/out/v045-unified-dirty:simple-ff-ffv-adam-50-20/epoch-031.pkl
2017-01-25 07:47:50,604 INFO     epoch: 31 took 46.523s (0.023s in batching)
training loss:	0.597606
validation loss:	0.598642
validation error:	0.326865
2017-01-25 07:47:50,618 INFO     Wrote output to trainNN/out/v045-unified-dirty:simple-ff-ffv-adam-50-20/config.json
2017-01-25 07:48:34,493 INFO     Saving network params to trainNN/out/v045-unified-dirty:simple-ff-ffv-adam-50-20/epoch-032.pkl
2017-01-25 07:48:37,728 INFO     epoch: 32 took 47.125s (0.023s in batching)
training loss:	0.597447
validation loss:	0.598603
validation error:	0.325522
2017-01-25 07:48:37,732 INFO     Wrote output to trainNN/out/v045-unified-dirty:simple-ff-ffv-adam-50-20/config.json
2017-01-25 07:49:21,453 INFO     Saving network params to trainNN/out/v045-unified-dirty:simple-ff-ffv-adam-50-20/epoch-033.pkl
2017-01-25 07:49:24,567 INFO     epoch: 33 took 46.839s (0.024s in batching)
training loss:	0.597412
validation loss:	0.599950
validation error:	0.327157
2017-01-25 07:49:24,582 INFO     Wrote output to trainNN/out/v045-unified-dirty:simple-ff-ffv-adam-50-20/config.json
2017-01-25 07:50:08,825 INFO     Saving network params to trainNN/out/v045-unified-dirty:simple-ff-ffv-adam-50-20/epoch-034.pkl
2017-01-25 07:50:11,965 INFO     epoch: 34 took 47.398s (0.022s in batching)
training loss:	0.597290
validation loss:	0.598228
validation error:	0.325383
2017-01-25 07:50:11,968 INFO     Wrote output to trainNN/out/v045-unified-dirty:simple-ff-ffv-adam-50-20/config.json
2017-01-25 07:50:55,356 INFO     Saving network params to trainNN/out/v045-unified-dirty:simple-ff-ffv-adam-50-20/epoch-035.pkl
2017-01-25 07:50:58,506 INFO     epoch: 35 took 46.541s (0.023s in batching)
training loss:	0.597096
validation loss:	0.600109
validation error:	0.326538
2017-01-25 07:50:58,515 INFO     Wrote output to trainNN/out/v045-unified-dirty:simple-ff-ffv-adam-50-20/config.json
2017-01-25 07:51:42,552 INFO     Saving network params to trainNN/out/v045-unified-dirty:simple-ff-ffv-adam-50-20/epoch-036.pkl
2017-01-25 07:51:45,666 INFO     epoch: 36 took 47.161s (0.023s in batching)
training loss:	0.596861
validation loss:	0.597311
validation error:	0.323390
2017-01-25 07:51:45,677 INFO     Wrote output to trainNN/out/v045-unified-dirty:simple-ff-ffv-adam-50-20/config.json
2017-01-25 07:52:29,550 INFO     Saving network params to trainNN/out/v045-unified-dirty:simple-ff-ffv-adam-50-20/epoch-037.pkl
2017-01-25 07:52:32,720 INFO     epoch: 37 took 47.054s (0.023s in batching)
training loss:	0.596667
validation loss:	0.603531
validation error:	0.328421
2017-01-25 07:52:32,724 INFO     Wrote output to trainNN/out/v045-unified-dirty:simple-ff-ffv-adam-50-20/config.json
2017-01-25 07:53:16,842 INFO     Saving network params to trainNN/out/v045-unified-dirty:simple-ff-ffv-adam-50-20/epoch-038.pkl
2017-01-25 07:53:20,092 INFO     epoch: 38 took 47.372s (0.023s in batching)
training loss:	0.596785
validation loss:	0.605944
validation error:	0.332986
2017-01-25 07:53:20,096 INFO     Wrote output to trainNN/out/v045-unified-dirty:simple-ff-ffv-adam-50-20/config.json
2017-01-25 07:54:04,269 INFO     Saving network params to trainNN/out/v045-unified-dirty:simple-ff-ffv-adam-50-20/epoch-039.pkl
2017-01-25 07:54:07,334 INFO     epoch: 39 took 47.243s (0.023s in batching)
training loss:	0.596692
validation loss:	0.608126
validation error:	0.330434
2017-01-25 07:54:07,348 INFO     Wrote output to trainNN/out/v045-unified-dirty:simple-ff-ffv-adam-50-20/config.json
2017-01-25 07:54:50,762 INFO     Saving network params to trainNN/out/v045-unified-dirty:simple-ff-ffv-adam-50-20/epoch-040.pkl
2017-01-25 07:54:53,927 INFO     epoch: 40 took 46.593s (0.023s in batching)
training loss:	0.596661
validation loss:	0.601317
validation error:	0.325760
2017-01-25 07:54:53,942 INFO     Wrote output to trainNN/out/v045-unified-dirty:simple-ff-ffv-adam-50-20/config.json
2017-01-25 07:55:38,048 INFO     Saving network params to trainNN/out/v045-unified-dirty:simple-ff-ffv-adam-50-20/epoch-041.pkl
2017-01-25 07:55:41,170 INFO     epoch: 41 took 47.242s (0.024s in batching)
training loss:	0.596451
validation loss:	0.597809
validation error:	0.324818
2017-01-25 07:55:41,175 INFO     Wrote output to trainNN/out/v045-unified-dirty:simple-ff-ffv-adam-50-20/config.json
2017-01-25 07:56:25,049 INFO     Saving network params to trainNN/out/v045-unified-dirty:simple-ff-ffv-adam-50-20/epoch-042.pkl
2017-01-25 07:56:28,256 INFO     epoch: 42 took 47.086s (0.024s in batching)
training loss:	0.596396
validation loss:	0.599285
validation error:	0.325100
2017-01-25 07:56:28,269 INFO     Wrote output to trainNN/out/v045-unified-dirty:simple-ff-ffv-adam-50-20/config.json
2017-01-25 07:57:12,280 INFO     Saving network params to trainNN/out/v045-unified-dirty:simple-ff-ffv-adam-50-20/epoch-043.pkl
2017-01-25 07:57:15,627 INFO     epoch: 43 took 47.372s (0.024s in batching)
training loss:	0.596344
validation loss:	0.618734
validation error:	0.344178
2017-01-25 07:57:15,643 INFO     Wrote output to trainNN/out/v045-unified-dirty:simple-ff-ffv-adam-50-20/config.json
2017-01-25 07:57:59,101 INFO     Saving network params to trainNN/out/v045-unified-dirty:simple-ff-ffv-adam-50-20/epoch-044.pkl
2017-01-25 07:58:02,285 INFO     epoch: 44 took 46.658s (0.023s in batching)
training loss:	0.596264
validation loss:	0.600980
validation error:	0.328406
2017-01-25 07:58:02,301 INFO     Wrote output to trainNN/out/v045-unified-dirty:simple-ff-ffv-adam-50-20/config.json
2017-01-25 07:58:46,251 INFO     Saving network params to trainNN/out/v045-unified-dirty:simple-ff-ffv-adam-50-20/epoch-045.pkl
2017-01-25 07:58:49,364 INFO     epoch: 45 took 47.079s (0.023s in batching)
training loss:	0.596160
validation loss:	0.601828
validation error:	0.328976
2017-01-25 07:58:49,368 INFO     Wrote output to trainNN/out/v045-unified-dirty:simple-ff-ffv-adam-50-20/config.json
2017-01-25 07:59:33,206 INFO     Saving network params to trainNN/out/v045-unified-dirty:simple-ff-ffv-adam-50-20/epoch-046.pkl
2017-01-25 07:59:36,346 INFO     epoch: 46 took 46.983s (0.023s in batching)
training loss:	0.596030
validation loss:	0.602834
validation error:	0.329844
2017-01-25 07:59:36,351 INFO     Wrote output to trainNN/out/v045-unified-dirty:simple-ff-ffv-adam-50-20/config.json
2017-01-25 08:00:20,650 INFO     Saving network params to trainNN/out/v045-unified-dirty:simple-ff-ffv-adam-50-20/epoch-047.pkl
2017-01-25 08:00:23,767 INFO     epoch: 47 took 47.421s (0.023s in batching)
training loss:	0.596123
validation loss:	0.601699
validation error:	0.328228
2017-01-25 08:00:23,772 INFO     Wrote output to trainNN/out/v045-unified-dirty:simple-ff-ffv-adam-50-20/config.json
2017-01-25 08:01:07,730 INFO     Saving network params to trainNN/out/v045-unified-dirty:simple-ff-ffv-adam-50-20/epoch-048.pkl
2017-01-25 08:01:10,816 INFO     epoch: 48 took 47.048s (0.023s in batching)
training loss:	0.595998
validation loss:	0.599065
validation error:	0.325760
2017-01-25 08:01:10,820 INFO     Wrote output to trainNN/out/v045-unified-dirty:simple-ff-ffv-adam-50-20/config.json
2017-01-25 08:01:54,479 INFO     Saving network params to trainNN/out/v045-unified-dirty:simple-ff-ffv-adam-50-20/epoch-049.pkl
2017-01-25 08:01:57,644 INFO     epoch: 49 took 46.828s (0.022s in batching)
training loss:	0.595812
validation loss:	0.601958
validation error:	0.329507
2017-01-25 08:01:57,649 INFO     Wrote output to trainNN/out/v045-unified-dirty:simple-ff-ffv-adam-50-20/config.json
2017-01-25 08:02:41,392 INFO     Saving network params to trainNN/out/v045-unified-dirty:simple-ff-ffv-adam-50-20/epoch-050.pkl
2017-01-25 08:02:44,479 INFO     epoch: 50 took 46.835s (0.023s in batching)
training loss:	0.595896
validation loss:	0.599359
validation error:	0.327093
2017-01-25 08:02:44,488 INFO     Wrote output to trainNN/out/v045-unified-dirty:simple-ff-ffv-adam-50-20/config.json
2017-01-25 08:03:28,859 INFO     Saving network params to trainNN/out/v045-unified-dirty:simple-ff-ffv-adam-50-20/epoch-051.pkl
2017-01-25 08:03:32,056 INFO     epoch: 51 took 47.577s (0.023s in batching)
training loss:	0.595805
validation loss:	0.599491
validation error:	0.325130
2017-01-25 08:03:32,061 INFO     Wrote output to trainNN/out/v045-unified-dirty:simple-ff-ffv-adam-50-20/config.json
2017-01-25 08:04:16,080 INFO     Saving network params to trainNN/out/v045-unified-dirty:simple-ff-ffv-adam-50-20/epoch-052.pkl
2017-01-25 08:04:19,238 INFO     epoch: 52 took 47.182s (0.023s in batching)
training loss:	0.595778
validation loss:	0.598347
validation error:	0.323157
2017-01-25 08:04:19,243 INFO     Wrote output to trainNN/out/v045-unified-dirty:simple-ff-ffv-adam-50-20/config.json
2017-01-25 08:05:02,757 INFO     Saving network params to trainNN/out/v045-unified-dirty:simple-ff-ffv-adam-50-20/epoch-053.pkl
2017-01-25 08:05:05,995 INFO     epoch: 53 took 46.757s (0.025s in batching)
training loss:	0.595537
validation loss:	0.599967
validation error:	0.327628
2017-01-25 08:05:05,999 INFO     Wrote output to trainNN/out/v045-unified-dirty:simple-ff-ffv-adam-50-20/config.json
2017-01-25 08:05:49,908 INFO     Saving network params to trainNN/out/v045-unified-dirty:simple-ff-ffv-adam-50-20/epoch-054.pkl
2017-01-25 08:05:53,116 INFO     epoch: 54 took 47.121s (0.023s in batching)
training loss:	0.595605
validation loss:	0.598087
validation error:	0.325393
2017-01-25 08:05:53,132 INFO     Wrote output to trainNN/out/v045-unified-dirty:simple-ff-ffv-adam-50-20/config.json
2017-01-25 08:06:35,330 INFO     Saving network params to trainNN/out/v045-unified-dirty:simple-ff-ffv-adam-50-20/epoch-055.pkl
2017-01-25 08:06:38,063 INFO     epoch: 55 took 44.947s (0.023s in batching)
training loss:	0.595507
validation loss:	0.598126
validation error:	0.325269
2017-01-25 08:06:38,079 INFO     Wrote output to trainNN/out/v045-unified-dirty:simple-ff-ffv-adam-50-20/config.json
2017-01-25 08:07:17,250 INFO     Saving network params to trainNN/out/v045-unified-dirty:simple-ff-ffv-adam-50-20/epoch-056.pkl
2017-01-25 08:07:19,966 INFO     epoch: 56 took 41.903s (0.023s in batching)
training loss:	0.595574
validation loss:	0.615737
validation error:	0.343985
2017-01-25 08:07:19,981 INFO     Wrote output to trainNN/out/v045-unified-dirty:simple-ff-ffv-adam-50-20/config.json
2017-01-25 08:07:59,144 INFO     Saving network params to trainNN/out/v045-unified-dirty:simple-ff-ffv-adam-50-20/epoch-057.pkl
2017-01-25 08:08:01,996 INFO     epoch: 57 took 42.030s (0.023s in batching)
training loss:	0.595548
validation loss:	0.598005
validation error:	0.325294
2017-01-25 08:08:02,011 INFO     Wrote output to trainNN/out/v045-unified-dirty:simple-ff-ffv-adam-50-20/config.json
2017-01-25 08:08:40,859 INFO     Saving network params to trainNN/out/v045-unified-dirty:simple-ff-ffv-adam-50-20/epoch-058.pkl
2017-01-25 08:08:43,652 INFO     epoch: 58 took 41.656s (0.023s in batching)
training loss:	0.595376
validation loss:	0.597667
validation error:	0.325487
2017-01-25 08:08:43,656 INFO     Wrote output to trainNN/out/v045-unified-dirty:simple-ff-ffv-adam-50-20/config.json
2017-01-25 08:09:23,309 INFO     Saving network params to trainNN/out/v045-unified-dirty:simple-ff-ffv-adam-50-20/epoch-059.pkl
2017-01-25 08:09:26,036 INFO     epoch: 59 took 42.384s (0.023s in batching)
training loss:	0.595275
validation loss:	0.597906
validation error:	0.324803
2017-01-25 08:09:26,053 INFO     Wrote output to trainNN/out/v045-unified-dirty:simple-ff-ffv-adam-50-20/config.json
2017-01-25 08:10:05,468 INFO     Saving network params to trainNN/out/v045-unified-dirty:simple-ff-ffv-adam-50-20/epoch-060.pkl
2017-01-25 08:10:08,180 INFO     epoch: 60 took 42.144s (0.022s in batching)
training loss:	0.595259
validation loss:	0.600116
validation error:	0.325180
2017-01-25 08:10:08,184 INFO     Wrote output to trainNN/out/v045-unified-dirty:simple-ff-ffv-adam-50-20/config.json
2017-01-25 08:10:47,041 INFO     Saving network params to trainNN/out/v045-unified-dirty:simple-ff-ffv-adam-50-20/epoch-061.pkl
2017-01-25 08:10:49,765 INFO     epoch: 61 took 41.585s (0.022s in batching)
training loss:	0.595319
validation loss:	0.599342
validation error:	0.325026
2017-01-25 08:10:49,788 INFO     Wrote output to trainNN/out/v045-unified-dirty:simple-ff-ffv-adam-50-20/config.json
2017-01-25 08:11:28,723 INFO     Saving network params to trainNN/out/v045-unified-dirty:simple-ff-ffv-adam-50-20/epoch-062.pkl
2017-01-25 08:11:31,441 INFO     epoch: 62 took 41.677s (0.022s in batching)
training loss:	0.595054
validation loss:	0.599363
validation error:	0.324436
2017-01-25 08:11:31,446 INFO     Wrote output to trainNN/out/v045-unified-dirty:simple-ff-ffv-adam-50-20/config.json
2017-01-25 08:12:10,209 INFO     Saving network params to trainNN/out/v045-unified-dirty:simple-ff-ffv-adam-50-20/epoch-063.pkl
2017-01-25 08:12:12,901 INFO     epoch: 63 took 41.460s (0.023s in batching)
training loss:	0.595304
validation loss:	0.599683
validation error:	0.327762
2017-01-25 08:12:12,906 INFO     Wrote output to trainNN/out/v045-unified-dirty:simple-ff-ffv-adam-50-20/config.json
2017-01-25 08:12:52,226 INFO     Saving network params to trainNN/out/v045-unified-dirty:simple-ff-ffv-adam-50-20/epoch-064.pkl
2017-01-25 08:12:54,878 INFO     epoch: 64 took 41.977s (0.023s in batching)
training loss:	0.594912
validation loss:	0.599321
validation error:	0.326558
2017-01-25 08:12:54,883 INFO     Wrote output to trainNN/out/v045-unified-dirty:simple-ff-ffv-adam-50-20/config.json
2017-01-25 08:13:34,060 INFO     Saving network params to trainNN/out/v045-unified-dirty:simple-ff-ffv-adam-50-20/epoch-065.pkl
2017-01-25 08:13:36,895 INFO     epoch: 65 took 42.017s (0.023s in batching)
training loss:	0.594966
validation loss:	0.597170
validation error:	0.323113
2017-01-25 08:13:36,906 INFO     Wrote output to trainNN/out/v045-unified-dirty:simple-ff-ffv-adam-50-20/config.json
2017-01-25 08:14:16,125 INFO     Saving network params to trainNN/out/v045-unified-dirty:simple-ff-ffv-adam-50-20/epoch-066.pkl
2017-01-25 08:14:18,978 INFO     epoch: 66 took 42.083s (0.023s in batching)
training loss:	0.594966
validation loss:	0.598206
validation error:	0.324833
2017-01-25 08:14:18,991 INFO     Wrote output to trainNN/out/v045-unified-dirty:simple-ff-ffv-adam-50-20/config.json
2017-01-25 08:14:57,957 INFO     Saving network params to trainNN/out/v045-unified-dirty:simple-ff-ffv-adam-50-20/epoch-067.pkl
2017-01-25 08:15:00,666 INFO     epoch: 67 took 41.688s (0.023s in batching)
training loss:	0.595026
validation loss:	0.597940
validation error:	0.325383
2017-01-25 08:15:00,671 INFO     Wrote output to trainNN/out/v045-unified-dirty:simple-ff-ffv-adam-50-20/config.json
2017-01-25 08:15:39,303 INFO     Saving network params to trainNN/out/v045-unified-dirty:simple-ff-ffv-adam-50-20/epoch-068.pkl
2017-01-25 08:15:42,073 INFO     epoch: 68 took 41.407s (0.023s in batching)
training loss:	0.594818
validation loss:	0.598216
validation error:	0.323341
2017-01-25 08:15:42,079 INFO     Wrote output to trainNN/out/v045-unified-dirty:simple-ff-ffv-adam-50-20/config.json
2017-01-25 08:16:20,904 INFO     Saving network params to trainNN/out/v045-unified-dirty:simple-ff-ffv-adam-50-20/epoch-069.pkl
2017-01-25 08:16:23,660 INFO     epoch: 69 took 41.587s (0.022s in batching)
training loss:	0.594779
validation loss:	0.597485
validation error:	0.322820
2017-01-25 08:16:23,668 INFO     Wrote output to trainNN/out/v045-unified-dirty:simple-ff-ffv-adam-50-20/config.json
2017-01-25 08:17:02,506 INFO     Saving network params to trainNN/out/v045-unified-dirty:simple-ff-ffv-adam-50-20/epoch-070.pkl
2017-01-25 08:17:05,287 INFO     epoch: 70 took 41.628s (0.022s in batching)
training loss:	0.594872
validation loss:	0.603283
validation error:	0.330825
2017-01-25 08:17:05,305 INFO     Wrote output to trainNN/out/v045-unified-dirty:simple-ff-ffv-adam-50-20/config.json
2017-01-25 08:17:44,341 INFO     Saving network params to trainNN/out/v045-unified-dirty:simple-ff-ffv-adam-50-20/epoch-071.pkl
2017-01-25 08:17:47,142 INFO     epoch: 71 took 41.855s (0.023s in batching)
training loss:	0.594824
validation loss:	0.599557
validation error:	0.324674
2017-01-25 08:17:47,153 INFO     Wrote output to trainNN/out/v045-unified-dirty:simple-ff-ffv-adam-50-20/config.json
2017-01-25 08:18:26,384 INFO     Saving network params to trainNN/out/v045-unified-dirty:simple-ff-ffv-adam-50-20/epoch-072.pkl
2017-01-25 08:18:29,171 INFO     epoch: 72 took 42.028s (0.022s in batching)
training loss:	0.594649
validation loss:	0.596206
validation error:	0.321353
2017-01-25 08:18:29,178 INFO     Wrote output to trainNN/out/v045-unified-dirty:simple-ff-ffv-adam-50-20/config.json
2017-01-25 08:19:07,753 INFO     Saving network params to trainNN/out/v045-unified-dirty:simple-ff-ffv-adam-50-20/epoch-073.pkl
2017-01-25 08:19:10,509 INFO     epoch: 73 took 41.338s (0.024s in batching)
training loss:	0.594610
validation loss:	0.604333
validation error:	0.330776
2017-01-25 08:19:10,517 INFO     Wrote output to trainNN/out/v045-unified-dirty:simple-ff-ffv-adam-50-20/config.json
2017-01-25 08:19:49,549 INFO     Saving network params to trainNN/out/v045-unified-dirty:simple-ff-ffv-adam-50-20/epoch-074.pkl
2017-01-25 08:19:52,317 INFO     epoch: 74 took 41.809s (0.023s in batching)
training loss:	0.594588
validation loss:	0.600280
validation error:	0.324188
2017-01-25 08:19:52,335 INFO     Wrote output to trainNN/out/v045-unified-dirty:simple-ff-ffv-adam-50-20/config.json
2017-01-25 08:20:31,529 INFO     Saving network params to trainNN/out/v045-unified-dirty:simple-ff-ffv-adam-50-20/epoch-075.pkl
2017-01-25 08:20:34,203 INFO     epoch: 75 took 41.886s (0.023s in batching)
training loss:	0.594510
validation loss:	0.598910
validation error:	0.325264
2017-01-25 08:20:34,219 INFO     Wrote output to trainNN/out/v045-unified-dirty:simple-ff-ffv-adam-50-20/config.json
2017-01-25 08:21:13,321 INFO     Saving network params to trainNN/out/v045-unified-dirty:simple-ff-ffv-adam-50-20/epoch-076.pkl
2017-01-25 08:21:16,128 INFO     epoch: 76 took 41.925s (0.022s in batching)
training loss:	0.594508
validation loss:	0.597249
validation error:	0.324550
2017-01-25 08:21:16,134 INFO     Wrote output to trainNN/out/v045-unified-dirty:simple-ff-ffv-adam-50-20/config.json
2017-01-25 08:21:52,056 INFO     Saving network params to trainNN/out/v045-unified-dirty:simple-ff-ffv-adam-50-20/epoch-077.pkl
2017-01-25 08:21:54,478 INFO     epoch: 77 took 38.350s (0.023s in batching)
training loss:	0.594494
validation loss:	0.601168
validation error:	0.327286
2017-01-25 08:21:54,484 INFO     Wrote output to trainNN/out/v045-unified-dirty:simple-ff-ffv-adam-50-20/config.json
2017-01-25 08:22:29,857 INFO     Saving network params to trainNN/out/v045-unified-dirty:simple-ff-ffv-adam-50-20/epoch-078.pkl
2017-01-25 08:22:32,264 INFO     epoch: 78 took 37.786s (0.023s in batching)
training loss:	0.594533
validation loss:	0.598304
validation error:	0.323519
2017-01-25 08:22:32,281 INFO     Wrote output to trainNN/out/v045-unified-dirty:simple-ff-ffv-adam-50-20/config.json
2017-01-25 08:23:07,069 INFO     Saving network params to trainNN/out/v045-unified-dirty:simple-ff-ffv-adam-50-20/epoch-079.pkl
2017-01-25 08:23:09,517 INFO     epoch: 79 took 37.253s (0.023s in batching)
training loss:	0.594490
validation loss:	0.596697
validation error:	0.322870
2017-01-25 08:23:09,534 INFO     Wrote output to trainNN/out/v045-unified-dirty:simple-ff-ffv-adam-50-20/config.json
2017-01-25 08:23:44,673 INFO     Saving network params to trainNN/out/v045-unified-dirty:simple-ff-ffv-adam-50-20/epoch-080.pkl
2017-01-25 08:23:47,032 INFO     epoch: 80 took 37.515s (0.024s in batching)
training loss:	0.594366
validation loss:	0.604101
validation error:	0.328367
2017-01-25 08:23:47,038 INFO     Wrote output to trainNN/out/v045-unified-dirty:simple-ff-ffv-adam-50-20/config.json
2017-01-25 08:24:22,737 INFO     Saving network params to trainNN/out/v045-unified-dirty:simple-ff-ffv-adam-50-20/epoch-081.pkl
2017-01-25 08:24:24,898 INFO     epoch: 81 took 37.866s (0.024s in batching)
training loss:	0.594350
validation loss:	0.598524
validation error:	0.324615
2017-01-25 08:24:24,903 INFO     Wrote output to trainNN/out/v045-unified-dirty:simple-ff-ffv-adam-50-20/config.json
2017-01-25 08:24:57,763 INFO     Saving network params to trainNN/out/v045-unified-dirty:simple-ff-ffv-adam-50-20/epoch-082.pkl
2017-01-25 08:24:59,865 INFO     epoch: 82 took 34.967s (0.022s in batching)
training loss:	0.594354
validation loss:	0.597571
validation error:	0.323395
2017-01-25 08:24:59,882 INFO     Wrote output to trainNN/out/v045-unified-dirty:simple-ff-ffv-adam-50-20/config.json
2017-01-25 08:25:32,442 INFO     Saving network params to trainNN/out/v045-unified-dirty:simple-ff-ffv-adam-50-20/epoch-083.pkl
2017-01-25 08:25:34,528 INFO     epoch: 83 took 34.663s (0.024s in batching)
training loss:	0.594250
validation loss:	0.598761
validation error:	0.323881
2017-01-25 08:25:34,534 INFO     Wrote output to trainNN/out/v045-unified-dirty:simple-ff-ffv-adam-50-20/config.json
2017-01-25 08:26:07,459 INFO     Saving network params to trainNN/out/v045-unified-dirty:simple-ff-ffv-adam-50-20/epoch-084.pkl
2017-01-25 08:26:09,851 INFO     epoch: 84 took 35.323s (0.024s in batching)
training loss:	0.594221
validation loss:	0.599098
validation error:	0.325190
2017-01-25 08:26:09,857 INFO     Wrote output to trainNN/out/v045-unified-dirty:simple-ff-ffv-adam-50-20/config.json
2017-01-25 08:26:42,804 INFO     Saving network params to trainNN/out/v045-unified-dirty:simple-ff-ffv-adam-50-20/epoch-085.pkl
2017-01-25 08:26:44,863 INFO     epoch: 85 took 35.012s (0.024s in batching)
training loss:	0.594206
validation loss:	0.598370
validation error:	0.323465
2017-01-25 08:26:44,877 INFO     Wrote output to trainNN/out/v045-unified-dirty:simple-ff-ffv-adam-50-20/config.json
2017-01-25 08:27:17,823 INFO     Saving network params to trainNN/out/v045-unified-dirty:simple-ff-ffv-adam-50-20/epoch-086.pkl
2017-01-25 08:27:19,884 INFO     epoch: 86 took 35.022s (0.024s in batching)
training loss:	0.594156
validation loss:	0.600816
validation error:	0.326186
2017-01-25 08:27:19,890 INFO     Wrote output to trainNN/out/v045-unified-dirty:simple-ff-ffv-adam-50-20/config.json
2017-01-25 08:27:52,773 INFO     Saving network params to trainNN/out/v045-unified-dirty:simple-ff-ffv-adam-50-20/epoch-087.pkl
2017-01-25 08:27:54,899 INFO     epoch: 87 took 35.015s (0.022s in batching)
training loss:	0.594185
validation loss:	0.598898
validation error:	0.323346
2017-01-25 08:27:54,905 INFO     Wrote output to trainNN/out/v045-unified-dirty:simple-ff-ffv-adam-50-20/config.json
2017-01-25 08:28:27,771 INFO     Saving network params to trainNN/out/v045-unified-dirty:simple-ff-ffv-adam-50-20/epoch-088.pkl
2017-01-25 08:28:29,748 INFO     epoch: 88 took 34.849s (0.024s in batching)
training loss:	0.594147
validation loss:	0.598679
validation error:	0.324292
2017-01-25 08:28:29,754 INFO     Wrote output to trainNN/out/v045-unified-dirty:simple-ff-ffv-adam-50-20/config.json
2017-01-25 08:29:02,395 INFO     Saving network params to trainNN/out/v045-unified-dirty:simple-ff-ffv-adam-50-20/epoch-089.pkl
2017-01-25 08:29:04,720 INFO     epoch: 89 took 34.971s (0.025s in batching)
training loss:	0.594181
validation loss:	0.599804
validation error:	0.324496
2017-01-25 08:29:04,726 INFO     Wrote output to trainNN/out/v045-unified-dirty:simple-ff-ffv-adam-50-20/config.json
2017-01-25 08:29:37,682 INFO     Saving network params to trainNN/out/v045-unified-dirty:simple-ff-ffv-adam-50-20/epoch-090.pkl
2017-01-25 08:29:39,854 INFO     epoch: 90 took 35.134s (0.024s in batching)
training loss:	0.594047
validation loss:	0.598748
validation error:	0.324629
2017-01-25 08:29:39,860 INFO     Wrote output to trainNN/out/v045-unified-dirty:simple-ff-ffv-adam-50-20/config.json
2017-01-25 08:30:12,984 INFO     Saving network params to trainNN/out/v045-unified-dirty:simple-ff-ffv-adam-50-20/epoch-091.pkl
2017-01-25 08:30:15,088 INFO     epoch: 91 took 35.234s (0.024s in batching)
training loss:	0.594027
validation loss:	0.600060
validation error:	0.324263
2017-01-25 08:30:15,094 INFO     Wrote output to trainNN/out/v045-unified-dirty:simple-ff-ffv-adam-50-20/config.json
2017-01-25 08:30:48,029 INFO     Saving network params to trainNN/out/v045-unified-dirty:simple-ff-ffv-adam-50-20/epoch-092.pkl
2017-01-25 08:30:50,116 INFO     epoch: 92 took 35.028s (0.024s in batching)
training loss:	0.594135
validation loss:	0.597221
validation error:	0.323782
2017-01-25 08:30:50,122 INFO     Wrote output to trainNN/out/v045-unified-dirty:simple-ff-ffv-adam-50-20/config.json
2017-01-25 08:31:23,011 INFO     Saving network params to trainNN/out/v045-unified-dirty:simple-ff-ffv-adam-50-20/epoch-093.pkl
2017-01-25 08:31:25,072 INFO     epoch: 93 took 34.956s (0.022s in batching)
training loss:	0.594071
validation loss:	0.599007
validation error:	0.324689
2017-01-25 08:31:25,078 INFO     Wrote output to trainNN/out/v045-unified-dirty:simple-ff-ffv-adam-50-20/config.json
2017-01-25 08:31:58,225 INFO     Saving network params to trainNN/out/v045-unified-dirty:simple-ff-ffv-adam-50-20/epoch-094.pkl
2017-01-25 08:32:01,160 INFO     epoch: 94 took 36.088s (0.024s in batching)
training loss:	0.593966
validation loss:	0.598105
validation error:	0.323247
2017-01-25 08:32:01,166 INFO     Wrote output to trainNN/out/v045-unified-dirty:simple-ff-ffv-adam-50-20/config.json
2017-01-25 08:32:34,821 INFO     Saving network params to trainNN/out/v045-unified-dirty:simple-ff-ffv-adam-50-20/epoch-095.pkl
2017-01-25 08:32:36,930 INFO     epoch: 95 took 35.770s (0.025s in batching)
training loss:	0.593923
validation loss:	0.597846
validation error:	0.324139
2017-01-25 08:32:36,936 INFO     Wrote output to trainNN/out/v045-unified-dirty:simple-ff-ffv-adam-50-20/config.json
2017-01-25 08:33:10,042 INFO     Saving network params to trainNN/out/v045-unified-dirty:simple-ff-ffv-adam-50-20/epoch-096.pkl
2017-01-25 08:33:12,130 INFO     epoch: 96 took 35.200s (0.021s in batching)
training loss:	0.593877
validation loss:	0.597823
validation error:	0.323370
2017-01-25 08:33:12,137 INFO     Wrote output to trainNN/out/v045-unified-dirty:simple-ff-ffv-adam-50-20/config.json
2017-01-25 08:34:11,051 INFO     Saving network params to trainNN/out/v045-unified-dirty:simple-ff-ffv-adam-50-20/epoch-097.pkl
2017-01-25 08:34:13,570 INFO     epoch: 97 took 61.439s (0.024s in batching)
training loss:	0.593916
validation loss:	0.599820
validation error:	0.324476
2017-01-25 08:34:13,576 INFO     Wrote output to trainNN/out/v045-unified-dirty:simple-ff-ffv-adam-50-20/config.json
2017-01-25 08:34:47,569 INFO     Saving network params to trainNN/out/v045-unified-dirty:simple-ff-ffv-adam-50-20/epoch-098.pkl
2017-01-25 08:34:49,656 INFO     epoch: 98 took 36.086s (0.024s in batching)
training loss:	0.593818
validation loss:	0.596871
validation error:	0.321150
2017-01-25 08:34:49,662 INFO     Wrote output to trainNN/out/v045-unified-dirty:simple-ff-ffv-adam-50-20/config.json
2017-01-25 08:35:23,839 INFO     Saving network params to trainNN/out/v045-unified-dirty:simple-ff-ffv-adam-50-20/epoch-099.pkl
2017-01-25 08:35:25,777 INFO     epoch: 99 took 36.122s (0.024s in batching)
training loss:	0.593830
validation loss:	0.598023
validation error:	0.323901
2017-01-25 08:35:25,866 INFO     Wrote output to trainNN/out/v045-unified-dirty:simple-ff-ffv-adam-50-20/config.json
2017-01-25 08:35:59,042 INFO     Saving network params to trainNN/out/v045-unified-dirty:simple-ff-ffv-adam-50-20/epoch-100.pkl
2017-01-25 08:36:01,200 INFO     epoch: 100 took 35.423s (0.024s in batching)
training loss:	0.593841
validation loss:	0.604086
validation error:	0.332887
2017-01-25 08:36:01,218 INFO     Wrote output to trainNN/out/v045-unified-dirty:simple-ff-ffv-adam-50-20/config.json
2017-01-25 08:36:43,358 INFO     Saving network params to trainNN/out/v045-unified-dirty:simple-ff-ffv-adam-50-20/epoch-101.pkl
2017-01-25 08:36:45,520 INFO     epoch: 101 took 44.320s (0.024s in batching)
training loss:	0.593911
validation loss:	0.596794
validation error:	0.321750
2017-01-25 08:36:45,527 INFO     Wrote output to trainNN/out/v045-unified-dirty:simple-ff-ffv-adam-50-20/config.json
2017-01-25 08:37:18,520 INFO     Saving network params to trainNN/out/v045-unified-dirty:simple-ff-ffv-adam-50-20/epoch-102.pkl
2017-01-25 08:37:20,576 INFO     epoch: 102 took 35.056s (0.022s in batching)
training loss:	0.593764
validation loss:	0.598623
validation error:	0.323237
2017-01-25 08:37:20,586 INFO     Wrote output to trainNN/out/v045-unified-dirty:simple-ff-ffv-adam-50-20/config.json
2017-01-25 08:37:54,885 INFO     Saving network params to trainNN/out/v045-unified-dirty:simple-ff-ffv-adam-50-20/epoch-103.pkl
2017-01-25 08:37:56,916 INFO     epoch: 103 took 36.340s (0.023s in batching)
training loss:	0.593689
validation loss:	0.597163
validation error:	0.324188
2017-01-25 08:37:56,923 INFO     Wrote output to trainNN/out/v045-unified-dirty:simple-ff-ffv-adam-50-20/config.json
2017-01-25 08:38:32,353 INFO     Saving network params to trainNN/out/v045-unified-dirty:simple-ff-ffv-adam-50-20/epoch-104.pkl
2017-01-25 08:38:34,808 INFO     epoch: 104 took 37.892s (0.024s in batching)
training loss:	0.593673
validation loss:	0.598919
validation error:	0.323841
2017-01-25 08:38:34,825 INFO     Wrote output to trainNN/out/v045-unified-dirty:simple-ff-ffv-adam-50-20/config.json
2017-01-25 08:39:11,940 INFO     Saving network params to trainNN/out/v045-unified-dirty:simple-ff-ffv-adam-50-20/epoch-105.pkl
2017-01-25 08:39:14,354 INFO     epoch: 105 took 39.546s (0.024s in batching)
training loss:	0.593668
validation loss:	0.599871
validation error:	0.325576
2017-01-25 08:39:14,370 INFO     Wrote output to trainNN/out/v045-unified-dirty:simple-ff-ffv-adam-50-20/config.json
2017-01-25 08:40:29,542 INFO     Saving network params to trainNN/out/v045-unified-dirty:simple-ff-ffv-adam-50-20/epoch-106.pkl
2017-01-25 08:40:31,629 INFO     epoch: 106 took 77.275s (0.022s in batching)
training loss:	0.593600
validation loss:	0.596846
validation error:	0.322092
2017-01-25 08:40:31,635 INFO     Wrote output to trainNN/out/v045-unified-dirty:simple-ff-ffv-adam-50-20/config.json
2017-01-25 08:41:03,447 INFO     Saving network params to trainNN/out/v045-unified-dirty:simple-ff-ffv-adam-50-20/epoch-107.pkl
2017-01-25 08:41:05,437 INFO     epoch: 107 took 33.809s (0.022s in batching)
training loss:	0.593693
validation loss:	0.598435
validation error:	0.324501
2017-01-25 08:41:07,267 INFO     Wrote output to trainNN/out/v045-unified-dirty:simple-ff-ffv-adam-50-20/config.json
