2017-02-05 22:36:48,261 DEBUG    version=v049-finunified-4-g199b048:lstm-best-context-1500ms
2017-02-05 22:36:48,281 INFO     Open DBase(data/db/all240302-spk.dat, data/db/all240302-spk.idx, mode='r')
2017-02-05 22:36:59,574 DEBUG    loading cached extracted data from data/cache/extract-7a00b23850576d60137fa78432d8dfda09ea0f343092bd09848f21113b1acfd0.pickle
2017-02-05 22:37:00,920 DEBUG    set input dim to 9
2017-02-05 22:37:00,922 DEBUG    input dim = 9
2017-02-05 22:37:00,940 DEBUG    shuffling batches
2017-02-05 22:37:06,046 DEBUG    shuffling done
2017-02-05 22:37:06,046 DEBUG    loading data into ram
2017-02-05 22:37:06,177 DEBUG    loading data took 0.131s (cpu: 0.130s)
2017-02-05 22:37:06,501 DEBUG    set input dim to 9
2017-02-05 22:37:06,501 DEBUG    input dim = 9
2017-02-05 22:37:06,531 DEBUG    shuffling batches
2017-02-05 22:37:07,027 DEBUG    shuffling done
2017-02-05 22:37:07,027 DEBUG    loading data into ram
2017-02-05 22:37:07,041 DEBUG    loading data took 0.013s (cpu: 0.013s)
2017-02-05 22:37:07,175 DEBUG    Applying L2 regularization with 0.000100
2017-02-05 22:37:07,307 INFO     Training network with 37627 trainable out of 37837 total params.
2017-02-05 22:37:08,182 DEBUG    Using adam with learning_rate=0.001000
2017-02-05 22:37:49,148 DEBUG    Starting training...
2017-02-05 22:39:34,324 INFO     Saving network params to trainNN/out/v049-finunified-4-g199b048:lstm-best-context-1500ms/epoch-000.pkl
2017-02-05 22:39:36,660 INFO     epoch: 0 took 107.511s (0.001s in batching)
training loss:	0.616692
validation loss:	0.576392
validation error:	0.301300
2017-02-05 22:39:36,663 INFO     Wrote output to trainNN/out/v049-finunified-4-g199b048:lstm-best-context-1500ms/config.json
2017-02-05 22:41:21,108 INFO     Saving network params to trainNN/out/v049-finunified-4-g199b048:lstm-best-context-1500ms/epoch-001.pkl
2017-02-05 22:41:23,527 INFO     epoch: 1 took 106.867s (0.001s in batching)
training loss:	0.588095
validation loss:	0.567257
validation error:	0.292400
2017-02-05 22:41:23,529 INFO     Wrote output to trainNN/out/v049-finunified-4-g199b048:lstm-best-context-1500ms/config.json
2017-02-05 22:43:09,423 INFO     Saving network params to trainNN/out/v049-finunified-4-g199b048:lstm-best-context-1500ms/epoch-002.pkl
2017-02-05 22:43:11,788 INFO     epoch: 2 took 108.261s (0.001s in batching)
training loss:	0.580768
validation loss:	0.565132
validation error:	0.290500
2017-02-05 22:43:11,791 INFO     Wrote output to trainNN/out/v049-finunified-4-g199b048:lstm-best-context-1500ms/config.json
2017-02-05 22:44:57,100 INFO     Saving network params to trainNN/out/v049-finunified-4-g199b048:lstm-best-context-1500ms/epoch-003.pkl
2017-02-05 22:44:59,479 INFO     epoch: 3 took 107.690s (0.002s in batching)
training loss:	0.577128
validation loss:	0.562564
validation error:	0.291200
2017-02-05 22:44:59,481 INFO     Wrote output to trainNN/out/v049-finunified-4-g199b048:lstm-best-context-1500ms/config.json
2017-02-05 22:46:44,132 INFO     Saving network params to trainNN/out/v049-finunified-4-g199b048:lstm-best-context-1500ms/epoch-004.pkl
2017-02-05 22:46:46,501 INFO     epoch: 4 took 107.023s (0.001s in batching)
training loss:	0.573391
validation loss:	0.557942
validation error:	0.286400
2017-02-05 22:46:46,504 INFO     Wrote output to trainNN/out/v049-finunified-4-g199b048:lstm-best-context-1500ms/config.json
2017-02-05 22:48:30,129 INFO     Saving network params to trainNN/out/v049-finunified-4-g199b048:lstm-best-context-1500ms/epoch-005.pkl
2017-02-05 22:48:32,456 INFO     epoch: 5 took 105.955s (0.001s in batching)
training loss:	0.568549
validation loss:	0.554195
validation error:	0.280800
2017-02-05 22:48:32,459 INFO     Wrote output to trainNN/out/v049-finunified-4-g199b048:lstm-best-context-1500ms/config.json
2017-02-05 22:50:17,506 INFO     Saving network params to trainNN/out/v049-finunified-4-g199b048:lstm-best-context-1500ms/epoch-006.pkl
2017-02-05 22:50:19,929 INFO     epoch: 6 took 107.473s (0.001s in batching)
training loss:	0.565332
validation loss:	0.550565
validation error:	0.276500
2017-02-05 22:50:19,932 INFO     Wrote output to trainNN/out/v049-finunified-4-g199b048:lstm-best-context-1500ms/config.json
2017-02-05 22:52:05,104 INFO     Saving network params to trainNN/out/v049-finunified-4-g199b048:lstm-best-context-1500ms/epoch-007.pkl
2017-02-05 22:52:07,446 INFO     epoch: 7 took 107.517s (0.001s in batching)
training loss:	0.561482
validation loss:	0.546697
validation error:	0.272900
2017-02-05 22:52:07,449 INFO     Wrote output to trainNN/out/v049-finunified-4-g199b048:lstm-best-context-1500ms/config.json
2017-02-05 22:53:52,958 INFO     Saving network params to trainNN/out/v049-finunified-4-g199b048:lstm-best-context-1500ms/epoch-008.pkl
2017-02-05 22:53:55,335 INFO     epoch: 8 took 107.889s (0.001s in batching)
training loss:	0.558773
validation loss:	0.546015
validation error:	0.273300
2017-02-05 22:53:55,339 INFO     Wrote output to trainNN/out/v049-finunified-4-g199b048:lstm-best-context-1500ms/config.json
2017-02-05 22:55:40,929 INFO     Saving network params to trainNN/out/v049-finunified-4-g199b048:lstm-best-context-1500ms/epoch-009.pkl
2017-02-05 22:55:43,298 INFO     epoch: 9 took 107.963s (0.001s in batching)
training loss:	0.556159
validation loss:	0.542090
validation error:	0.269000
2017-02-05 22:55:43,301 INFO     Wrote output to trainNN/out/v049-finunified-4-g199b048:lstm-best-context-1500ms/config.json
2017-02-05 22:57:28,999 INFO     Saving network params to trainNN/out/v049-finunified-4-g199b048:lstm-best-context-1500ms/epoch-010.pkl
2017-02-05 22:57:31,404 INFO     epoch: 10 took 108.105s (0.001s in batching)
training loss:	0.554755
validation loss:	0.543083
validation error:	0.269100
2017-02-05 22:57:31,407 INFO     Wrote output to trainNN/out/v049-finunified-4-g199b048:lstm-best-context-1500ms/config.json
2017-02-05 22:59:16,362 INFO     Saving network params to trainNN/out/v049-finunified-4-g199b048:lstm-best-context-1500ms/epoch-011.pkl
2017-02-05 22:59:18,693 INFO     epoch: 11 took 107.289s (0.001s in batching)
training loss:	0.553776
validation loss:	0.541656
validation error:	0.269600
2017-02-05 22:59:18,696 INFO     Wrote output to trainNN/out/v049-finunified-4-g199b048:lstm-best-context-1500ms/config.json
2017-02-05 23:01:04,068 INFO     Saving network params to trainNN/out/v049-finunified-4-g199b048:lstm-best-context-1500ms/epoch-012.pkl
2017-02-05 23:01:06,468 INFO     epoch: 12 took 107.775s (0.001s in batching)
training loss:	0.552045
validation loss:	0.539289
validation error:	0.268800
2017-02-05 23:01:06,471 INFO     Wrote output to trainNN/out/v049-finunified-4-g199b048:lstm-best-context-1500ms/config.json
2017-02-05 23:02:51,819 INFO     Saving network params to trainNN/out/v049-finunified-4-g199b048:lstm-best-context-1500ms/epoch-013.pkl
2017-02-05 23:02:54,194 INFO     epoch: 13 took 107.726s (0.001s in batching)
training loss:	0.550745
validation loss:	0.537800
validation error:	0.266200
2017-02-05 23:02:54,197 INFO     Wrote output to trainNN/out/v049-finunified-4-g199b048:lstm-best-context-1500ms/config.json
2017-02-05 23:04:39,086 INFO     Saving network params to trainNN/out/v049-finunified-4-g199b048:lstm-best-context-1500ms/epoch-014.pkl
2017-02-05 23:04:41,461 INFO     epoch: 14 took 107.267s (0.001s in batching)
training loss:	0.549413
validation loss:	0.538025
validation error:	0.270100
2017-02-05 23:04:41,464 INFO     Wrote output to trainNN/out/v049-finunified-4-g199b048:lstm-best-context-1500ms/config.json
2017-02-05 23:06:27,345 INFO     Saving network params to trainNN/out/v049-finunified-4-g199b048:lstm-best-context-1500ms/epoch-015.pkl
2017-02-05 23:06:29,698 INFO     epoch: 15 took 108.237s (0.001s in batching)
training loss:	0.548117
validation loss:	0.537488
validation error:	0.266300
2017-02-05 23:06:29,701 INFO     Wrote output to trainNN/out/v049-finunified-4-g199b048:lstm-best-context-1500ms/config.json
2017-02-05 23:08:15,183 INFO     Saving network params to trainNN/out/v049-finunified-4-g199b048:lstm-best-context-1500ms/epoch-016.pkl
2017-02-05 23:08:17,558 INFO     epoch: 16 took 107.860s (0.001s in batching)
training loss:	0.547597
validation loss:	0.534149
validation error:	0.266100
2017-02-05 23:08:17,562 INFO     Wrote output to trainNN/out/v049-finunified-4-g199b048:lstm-best-context-1500ms/config.json
2017-02-05 23:10:03,321 INFO     Saving network params to trainNN/out/v049-finunified-4-g199b048:lstm-best-context-1500ms/epoch-017.pkl
2017-02-05 23:10:05,673 INFO     epoch: 17 took 108.115s (0.001s in batching)
training loss:	0.546245
validation loss:	0.533483
validation error:	0.266900
2017-02-05 23:10:05,676 INFO     Wrote output to trainNN/out/v049-finunified-4-g199b048:lstm-best-context-1500ms/config.json
2017-02-05 23:11:51,232 INFO     Saving network params to trainNN/out/v049-finunified-4-g199b048:lstm-best-context-1500ms/epoch-018.pkl
2017-02-05 23:11:53,580 INFO     epoch: 18 took 107.907s (0.001s in batching)
training loss:	0.545656
validation loss:	0.531564
validation error:	0.263700
2017-02-05 23:11:53,583 INFO     Wrote output to trainNN/out/v049-finunified-4-g199b048:lstm-best-context-1500ms/config.json
2017-02-05 23:13:38,865 INFO     Saving network params to trainNN/out/v049-finunified-4-g199b048:lstm-best-context-1500ms/epoch-019.pkl
2017-02-05 23:13:41,234 INFO     epoch: 19 took 107.654s (0.001s in batching)
training loss:	0.544416
validation loss:	0.531498
validation error:	0.263600
2017-02-05 23:13:41,238 INFO     Wrote output to trainNN/out/v049-finunified-4-g199b048:lstm-best-context-1500ms/config.json
2017-02-05 23:15:26,941 INFO     Saving network params to trainNN/out/v049-finunified-4-g199b048:lstm-best-context-1500ms/epoch-020.pkl
2017-02-05 23:15:29,300 INFO     epoch: 20 took 108.067s (0.001s in batching)
training loss:	0.543555
validation loss:	0.529664
validation error:	0.263500
2017-02-05 23:15:29,304 INFO     Wrote output to trainNN/out/v049-finunified-4-g199b048:lstm-best-context-1500ms/config.json
2017-02-05 23:17:14,372 INFO     Saving network params to trainNN/out/v049-finunified-4-g199b048:lstm-best-context-1500ms/epoch-021.pkl
2017-02-05 23:17:16,693 INFO     epoch: 21 took 107.393s (0.001s in batching)
training loss:	0.542589
validation loss:	0.531068
validation error:	0.264300
2017-02-05 23:17:16,696 INFO     Wrote output to trainNN/out/v049-finunified-4-g199b048:lstm-best-context-1500ms/config.json
2017-02-05 23:19:02,047 INFO     Saving network params to trainNN/out/v049-finunified-4-g199b048:lstm-best-context-1500ms/epoch-022.pkl
2017-02-05 23:19:04,398 INFO     epoch: 22 took 107.705s (0.001s in batching)
training loss:	0.541637
validation loss:	0.533716
validation error:	0.267400
2017-02-05 23:19:04,402 INFO     Wrote output to trainNN/out/v049-finunified-4-g199b048:lstm-best-context-1500ms/config.json
2017-02-05 23:20:50,249 INFO     Saving network params to trainNN/out/v049-finunified-4-g199b048:lstm-best-context-1500ms/epoch-023.pkl
2017-02-05 23:20:52,618 INFO     epoch: 23 took 108.220s (0.001s in batching)
training loss:	0.540937
validation loss:	0.526823
validation error:	0.258100
2017-02-05 23:20:52,622 INFO     Wrote output to trainNN/out/v049-finunified-4-g199b048:lstm-best-context-1500ms/config.json
2017-02-05 23:22:38,210 INFO     Saving network params to trainNN/out/v049-finunified-4-g199b048:lstm-best-context-1500ms/epoch-024.pkl
2017-02-05 23:22:40,624 INFO     epoch: 24 took 108.006s (0.001s in batching)
training loss:	0.539315
validation loss:	0.528226
validation error:	0.261700
2017-02-05 23:22:40,628 INFO     Wrote output to trainNN/out/v049-finunified-4-g199b048:lstm-best-context-1500ms/config.json
2017-02-05 23:24:25,984 INFO     Saving network params to trainNN/out/v049-finunified-4-g199b048:lstm-best-context-1500ms/epoch-025.pkl
2017-02-05 23:24:28,326 INFO     epoch: 25 took 107.702s (0.001s in batching)
training loss:	0.538411
validation loss:	0.526009
validation error:	0.261800
2017-02-05 23:24:28,330 INFO     Wrote output to trainNN/out/v049-finunified-4-g199b048:lstm-best-context-1500ms/config.json
2017-02-05 23:26:13,733 INFO     Saving network params to trainNN/out/v049-finunified-4-g199b048:lstm-best-context-1500ms/epoch-026.pkl
2017-02-05 23:26:16,118 INFO     epoch: 26 took 107.792s (0.001s in batching)
training loss:	0.537713
validation loss:	0.524766
validation error:	0.258400
2017-02-05 23:26:16,122 INFO     Wrote output to trainNN/out/v049-finunified-4-g199b048:lstm-best-context-1500ms/config.json
2017-02-05 23:28:01,130 INFO     Saving network params to trainNN/out/v049-finunified-4-g199b048:lstm-best-context-1500ms/epoch-027.pkl
2017-02-05 23:28:03,480 INFO     epoch: 27 took 107.363s (0.001s in batching)
training loss:	0.537263
validation loss:	0.524911
validation error:	0.261400
2017-02-05 23:28:03,484 INFO     Wrote output to trainNN/out/v049-finunified-4-g199b048:lstm-best-context-1500ms/config.json
2017-02-05 23:29:48,788 INFO     Saving network params to trainNN/out/v049-finunified-4-g199b048:lstm-best-context-1500ms/epoch-028.pkl
2017-02-05 23:29:51,171 INFO     epoch: 28 took 107.691s (0.001s in batching)
training loss:	0.535721
validation loss:	0.522435
validation error:	0.258300
2017-02-05 23:29:51,176 INFO     Wrote output to trainNN/out/v049-finunified-4-g199b048:lstm-best-context-1500ms/config.json
2017-02-05 23:31:36,199 INFO     Saving network params to trainNN/out/v049-finunified-4-g199b048:lstm-best-context-1500ms/epoch-029.pkl
2017-02-05 23:31:38,567 INFO     epoch: 29 took 107.396s (0.001s in batching)
training loss:	0.535442
validation loss:	0.526798
validation error:	0.258700
2017-02-05 23:31:38,571 INFO     Wrote output to trainNN/out/v049-finunified-4-g199b048:lstm-best-context-1500ms/config.json
2017-02-05 23:33:24,121 INFO     Saving network params to trainNN/out/v049-finunified-4-g199b048:lstm-best-context-1500ms/epoch-030.pkl
2017-02-05 23:33:26,467 INFO     epoch: 30 took 107.900s (0.001s in batching)
training loss:	0.534798
validation loss:	0.521379
validation error:	0.257600
2017-02-05 23:33:26,472 INFO     Wrote output to trainNN/out/v049-finunified-4-g199b048:lstm-best-context-1500ms/config.json
2017-02-05 23:35:11,853 INFO     Saving network params to trainNN/out/v049-finunified-4-g199b048:lstm-best-context-1500ms/epoch-031.pkl
2017-02-05 23:35:14,232 INFO     epoch: 31 took 107.765s (0.001s in batching)
training loss:	0.533640
validation loss:	0.523269
validation error:	0.257800
2017-02-05 23:35:14,236 INFO     Wrote output to trainNN/out/v049-finunified-4-g199b048:lstm-best-context-1500ms/config.json
2017-02-05 23:36:59,524 INFO     Saving network params to trainNN/out/v049-finunified-4-g199b048:lstm-best-context-1500ms/epoch-032.pkl
2017-02-05 23:37:01,842 INFO     epoch: 32 took 107.610s (0.001s in batching)
training loss:	0.533534
validation loss:	0.520494
validation error:	0.258100
2017-02-05 23:37:01,846 INFO     Wrote output to trainNN/out/v049-finunified-4-g199b048:lstm-best-context-1500ms/config.json
2017-02-05 23:38:47,427 INFO     Saving network params to trainNN/out/v049-finunified-4-g199b048:lstm-best-context-1500ms/epoch-033.pkl
2017-02-05 23:38:49,771 INFO     epoch: 33 took 107.930s (0.001s in batching)
training loss:	0.532399
validation loss:	0.518869
validation error:	0.256600
2017-02-05 23:38:49,775 INFO     Wrote output to trainNN/out/v049-finunified-4-g199b048:lstm-best-context-1500ms/config.json
2017-02-05 23:40:34,878 INFO     Saving network params to trainNN/out/v049-finunified-4-g199b048:lstm-best-context-1500ms/epoch-034.pkl
2017-02-05 23:40:37,283 INFO     epoch: 34 took 107.511s (0.001s in batching)
training loss:	0.532288
validation loss:	0.519296
validation error:	0.257800
2017-02-05 23:40:37,287 INFO     Wrote output to trainNN/out/v049-finunified-4-g199b048:lstm-best-context-1500ms/config.json
2017-02-05 23:42:22,586 INFO     Saving network params to trainNN/out/v049-finunified-4-g199b048:lstm-best-context-1500ms/epoch-035.pkl
2017-02-05 23:42:24,977 INFO     epoch: 35 took 107.694s (0.001s in batching)
training loss:	0.531238
validation loss:	0.519614
validation error:	0.254800
2017-02-05 23:42:24,982 INFO     Wrote output to trainNN/out/v049-finunified-4-g199b048:lstm-best-context-1500ms/config.json
2017-02-05 23:44:09,755 INFO     Saving network params to trainNN/out/v049-finunified-4-g199b048:lstm-best-context-1500ms/epoch-036.pkl
2017-02-05 23:44:12,126 INFO     epoch: 36 took 107.149s (0.001s in batching)
training loss:	0.530002
validation loss:	0.520946
validation error:	0.255900
2017-02-05 23:44:12,132 INFO     Wrote output to trainNN/out/v049-finunified-4-g199b048:lstm-best-context-1500ms/config.json
2017-02-05 23:45:56,994 INFO     Saving network params to trainNN/out/v049-finunified-4-g199b048:lstm-best-context-1500ms/epoch-037.pkl
2017-02-05 23:45:59,347 INFO     epoch: 37 took 107.221s (0.001s in batching)
training loss:	0.529790
validation loss:	0.521915
validation error:	0.257300
2017-02-05 23:45:59,352 INFO     Wrote output to trainNN/out/v049-finunified-4-g199b048:lstm-best-context-1500ms/config.json
2017-02-05 23:47:44,512 INFO     Saving network params to trainNN/out/v049-finunified-4-g199b048:lstm-best-context-1500ms/epoch-038.pkl
2017-02-05 23:47:46,908 INFO     epoch: 38 took 107.561s (0.001s in batching)
training loss:	0.529676
validation loss:	0.518769
validation error:	0.254400
2017-02-05 23:47:46,913 INFO     Wrote output to trainNN/out/v049-finunified-4-g199b048:lstm-best-context-1500ms/config.json
2017-02-05 23:49:32,488 INFO     Saving network params to trainNN/out/v049-finunified-4-g199b048:lstm-best-context-1500ms/epoch-039.pkl
2017-02-05 23:49:34,792 INFO     epoch: 39 took 107.884s (0.001s in batching)
training loss:	0.529259
validation loss:	0.522799
validation error:	0.258700
2017-02-05 23:49:34,797 INFO     Wrote output to trainNN/out/v049-finunified-4-g199b048:lstm-best-context-1500ms/config.json
2017-02-05 23:51:20,448 INFO     Saving network params to trainNN/out/v049-finunified-4-g199b048:lstm-best-context-1500ms/epoch-040.pkl
2017-02-05 23:51:22,823 INFO     epoch: 40 took 108.031s (0.001s in batching)
training loss:	0.528765
validation loss:	0.524386
validation error:	0.260800
2017-02-05 23:51:22,828 INFO     Wrote output to trainNN/out/v049-finunified-4-g199b048:lstm-best-context-1500ms/config.json
2017-02-05 23:53:03,215 INFO     Saving network params to trainNN/out/v049-finunified-4-g199b048:lstm-best-context-1500ms/epoch-041.pkl
2017-02-05 23:53:05,332 INFO     epoch: 41 took 102.509s (0.001s in batching)
training loss:	0.528005
validation loss:	0.516250
validation error:	0.257300
2017-02-05 23:53:05,337 INFO     Wrote output to trainNN/out/v049-finunified-4-g199b048:lstm-best-context-1500ms/config.json
2017-02-05 23:54:39,272 INFO     Saving network params to trainNN/out/v049-finunified-4-g199b048:lstm-best-context-1500ms/epoch-042.pkl
2017-02-05 23:54:41,683 INFO     epoch: 42 took 96.351s (0.001s in batching)
training loss:	0.527560
validation loss:	0.516349
validation error:	0.255800
2017-02-05 23:54:41,690 INFO     Wrote output to trainNN/out/v049-finunified-4-g199b048:lstm-best-context-1500ms/config.json
2017-02-05 23:56:26,086 INFO     Saving network params to trainNN/out/v049-finunified-4-g199b048:lstm-best-context-1500ms/epoch-043.pkl
2017-02-05 23:56:28,496 INFO     epoch: 43 took 106.813s (0.002s in batching)
training loss:	0.527238
validation loss:	0.515164
validation error:	0.252400
2017-02-05 23:56:28,500 INFO     Wrote output to trainNN/out/v049-finunified-4-g199b048:lstm-best-context-1500ms/config.json
2017-02-05 23:58:12,944 INFO     Saving network params to trainNN/out/v049-finunified-4-g199b048:lstm-best-context-1500ms/epoch-044.pkl
2017-02-05 23:58:15,255 INFO     epoch: 44 took 106.759s (0.001s in batching)
training loss:	0.527517
validation loss:	0.518242
validation error:	0.254200
2017-02-05 23:58:15,259 INFO     Wrote output to trainNN/out/v049-finunified-4-g199b048:lstm-best-context-1500ms/config.json
2017-02-05 23:59:59,616 INFO     Saving network params to trainNN/out/v049-finunified-4-g199b048:lstm-best-context-1500ms/epoch-045.pkl
2017-02-06 00:00:01,976 INFO     epoch: 45 took 106.721s (0.001s in batching)
training loss:	0.525764
validation loss:	0.517872
validation error:	0.256300
2017-02-06 00:00:01,980 INFO     Wrote output to trainNN/out/v049-finunified-4-g199b048:lstm-best-context-1500ms/config.json
2017-02-06 00:01:46,519 INFO     Saving network params to trainNN/out/v049-finunified-4-g199b048:lstm-best-context-1500ms/epoch-046.pkl
2017-02-06 00:01:48,908 INFO     epoch: 46 took 106.932s (0.001s in batching)
training loss:	0.526258
validation loss:	0.519243
validation error:	0.255600
2017-02-06 00:01:48,912 INFO     Wrote output to trainNN/out/v049-finunified-4-g199b048:lstm-best-context-1500ms/config.json
2017-02-06 00:03:33,619 INFO     Saving network params to trainNN/out/v049-finunified-4-g199b048:lstm-best-context-1500ms/epoch-047.pkl
2017-02-06 00:03:35,981 INFO     epoch: 47 took 107.073s (0.001s in batching)
training loss:	0.525989
validation loss:	0.517225
validation error:	0.253600
2017-02-06 00:03:35,986 INFO     Wrote output to trainNN/out/v049-finunified-4-g199b048:lstm-best-context-1500ms/config.json
2017-02-06 00:05:20,271 INFO     Saving network params to trainNN/out/v049-finunified-4-g199b048:lstm-best-context-1500ms/epoch-048.pkl
2017-02-06 00:05:22,596 INFO     epoch: 48 took 106.615s (0.001s in batching)
training loss:	0.525100
validation loss:	0.516508
validation error:	0.251900
2017-02-06 00:05:22,600 INFO     Wrote output to trainNN/out/v049-finunified-4-g199b048:lstm-best-context-1500ms/config.json
2017-02-06 00:07:06,887 INFO     Saving network params to trainNN/out/v049-finunified-4-g199b048:lstm-best-context-1500ms/epoch-049.pkl
2017-02-06 00:07:09,217 INFO     epoch: 49 took 106.621s (0.001s in batching)
training loss:	0.524913
validation loss:	0.514051
validation error:	0.249300
2017-02-06 00:07:09,222 INFO     Wrote output to trainNN/out/v049-finunified-4-g199b048:lstm-best-context-1500ms/config.json
2017-02-06 00:08:53,530 INFO     Saving network params to trainNN/out/v049-finunified-4-g199b048:lstm-best-context-1500ms/epoch-050.pkl
2017-02-06 00:08:55,882 INFO     epoch: 50 took 106.665s (0.001s in batching)
training loss:	0.524079
validation loss:	0.516291
validation error:	0.254100
2017-02-06 00:08:55,887 INFO     Wrote output to trainNN/out/v049-finunified-4-g199b048:lstm-best-context-1500ms/config.json
2017-02-06 00:10:40,599 INFO     Saving network params to trainNN/out/v049-finunified-4-g199b048:lstm-best-context-1500ms/epoch-051.pkl
2017-02-06 00:10:42,973 INFO     epoch: 51 took 107.091s (0.001s in batching)
training loss:	0.524258
validation loss:	0.515297
validation error:	0.253500
2017-02-06 00:10:42,979 INFO     Wrote output to trainNN/out/v049-finunified-4-g199b048:lstm-best-context-1500ms/config.json
2017-02-06 00:12:27,427 INFO     Saving network params to trainNN/out/v049-finunified-4-g199b048:lstm-best-context-1500ms/epoch-052.pkl
2017-02-06 00:12:29,784 INFO     epoch: 52 took 106.811s (0.001s in batching)
training loss:	0.523468
validation loss:	0.513584
validation error:	0.253100
2017-02-06 00:12:29,788 INFO     Wrote output to trainNN/out/v049-finunified-4-g199b048:lstm-best-context-1500ms/config.json
2017-02-06 00:14:13,947 INFO     Saving network params to trainNN/out/v049-finunified-4-g199b048:lstm-best-context-1500ms/epoch-053.pkl
2017-02-06 00:14:16,329 INFO     epoch: 53 took 106.546s (0.001s in batching)
training loss:	0.523601
validation loss:	0.515774
validation error:	0.256700
2017-02-06 00:14:16,334 INFO     Wrote output to trainNN/out/v049-finunified-4-g199b048:lstm-best-context-1500ms/config.json
2017-02-06 00:16:00,933 INFO     Saving network params to trainNN/out/v049-finunified-4-g199b048:lstm-best-context-1500ms/epoch-054.pkl
2017-02-06 00:16:03,298 INFO     epoch: 54 took 106.968s (0.001s in batching)
training loss:	0.522804
validation loss:	0.515258
validation error:	0.251800
2017-02-06 00:16:03,302 INFO     Wrote output to trainNN/out/v049-finunified-4-g199b048:lstm-best-context-1500ms/config.json
2017-02-06 00:17:47,731 INFO     Saving network params to trainNN/out/v049-finunified-4-g199b048:lstm-best-context-1500ms/epoch-055.pkl
2017-02-06 00:17:50,042 INFO     epoch: 55 took 106.745s (0.001s in batching)
training loss:	0.522934
validation loss:	0.515580
validation error:	0.254000
2017-02-06 00:17:50,047 INFO     Wrote output to trainNN/out/v049-finunified-4-g199b048:lstm-best-context-1500ms/config.json
2017-02-06 00:19:34,648 INFO     Saving network params to trainNN/out/v049-finunified-4-g199b048:lstm-best-context-1500ms/epoch-056.pkl
2017-02-06 00:19:37,031 INFO     epoch: 56 took 106.989s (0.001s in batching)
training loss:	0.522082
validation loss:	0.516787
validation error:	0.257200
2017-02-06 00:19:37,037 INFO     Wrote output to trainNN/out/v049-finunified-4-g199b048:lstm-best-context-1500ms/config.json
2017-02-06 00:21:21,028 INFO     Saving network params to trainNN/out/v049-finunified-4-g199b048:lstm-best-context-1500ms/epoch-057.pkl
2017-02-06 00:21:23,401 INFO     epoch: 57 took 106.370s (0.001s in batching)
training loss:	0.522052
validation loss:	0.513485
validation error:	0.252000
2017-02-06 00:21:23,409 INFO     Wrote output to trainNN/out/v049-finunified-4-g199b048:lstm-best-context-1500ms/config.json
2017-02-06 00:23:07,696 INFO     Saving network params to trainNN/out/v049-finunified-4-g199b048:lstm-best-context-1500ms/epoch-058.pkl
2017-02-06 00:23:10,029 INFO     epoch: 58 took 106.628s (0.002s in batching)
training loss:	0.521602
validation loss:	0.514762
validation error:	0.252100
2017-02-06 00:23:10,034 INFO     Wrote output to trainNN/out/v049-finunified-4-g199b048:lstm-best-context-1500ms/config.json
2017-02-06 00:24:45,915 INFO     Saving network params to trainNN/out/v049-finunified-4-g199b048:lstm-best-context-1500ms/epoch-059.pkl
2017-02-06 00:24:47,925 INFO     epoch: 59 took 97.896s (0.001s in batching)
training loss:	0.521033
validation loss:	0.517122
validation error:	0.251300
2017-02-06 00:24:47,930 INFO     Wrote output to trainNN/out/v049-finunified-4-g199b048:lstm-best-context-1500ms/config.json
2017-02-06 00:26:23,428 INFO     Saving network params to trainNN/out/v049-finunified-4-g199b048:lstm-best-context-1500ms/epoch-060.pkl
2017-02-06 00:26:25,918 INFO     epoch: 60 took 97.994s (0.001s in batching)
training loss:	0.520917
validation loss:	0.516459
validation error:	0.252500
2017-02-06 00:26:25,923 INFO     Wrote output to trainNN/out/v049-finunified-4-g199b048:lstm-best-context-1500ms/config.json
2017-02-06 00:28:13,853 INFO     Saving network params to trainNN/out/v049-finunified-4-g199b048:lstm-best-context-1500ms/epoch-061.pkl
2017-02-06 00:28:16,296 INFO     epoch: 61 took 110.377s (0.001s in batching)
training loss:	0.520842
validation loss:	0.512022
validation error:	0.254500
2017-02-06 00:28:16,301 INFO     Wrote output to trainNN/out/v049-finunified-4-g199b048:lstm-best-context-1500ms/config.json
2017-02-06 00:30:03,521 INFO     Saving network params to trainNN/out/v049-finunified-4-g199b048:lstm-best-context-1500ms/epoch-062.pkl
2017-02-06 00:30:05,736 INFO     epoch: 62 took 109.440s (0.001s in batching)
training loss:	0.520670
validation loss:	0.514007
validation error:	0.254800
2017-02-06 00:30:05,741 INFO     Wrote output to trainNN/out/v049-finunified-4-g199b048:lstm-best-context-1500ms/config.json
2017-02-06 00:31:53,180 INFO     Saving network params to trainNN/out/v049-finunified-4-g199b048:lstm-best-context-1500ms/epoch-063.pkl
2017-02-06 00:31:55,580 INFO     epoch: 63 took 109.844s (0.001s in batching)
training loss:	0.520402
validation loss:	0.514983
validation error:	0.253200
2017-02-06 00:31:55,585 INFO     Wrote output to trainNN/out/v049-finunified-4-g199b048:lstm-best-context-1500ms/config.json
2017-02-06 00:33:46,151 INFO     Saving network params to trainNN/out/v049-finunified-4-g199b048:lstm-best-context-1500ms/epoch-064.pkl
2017-02-06 00:33:48,786 INFO     epoch: 64 took 113.206s (0.001s in batching)
training loss:	0.520188
validation loss:	0.510595
validation error:	0.248300
2017-02-06 00:33:48,791 INFO     Wrote output to trainNN/out/v049-finunified-4-g199b048:lstm-best-context-1500ms/config.json
2017-02-06 00:35:38,880 INFO     Saving network params to trainNN/out/v049-finunified-4-g199b048:lstm-best-context-1500ms/epoch-065.pkl
2017-02-06 00:35:41,492 INFO     epoch: 65 took 112.706s (0.001s in batching)
training loss:	0.519460
validation loss:	0.515899
validation error:	0.254800
2017-02-06 00:35:41,498 INFO     Wrote output to trainNN/out/v049-finunified-4-g199b048:lstm-best-context-1500ms/config.json
2017-02-06 00:37:32,150 INFO     Saving network params to trainNN/out/v049-finunified-4-g199b048:lstm-best-context-1500ms/epoch-066.pkl
2017-02-06 00:37:34,790 INFO     epoch: 66 took 113.298s (0.001s in batching)
training loss:	0.519372
validation loss:	0.518391
validation error:	0.255200
2017-02-06 00:37:34,795 INFO     Wrote output to trainNN/out/v049-finunified-4-g199b048:lstm-best-context-1500ms/config.json
2017-02-06 00:39:25,076 INFO     Saving network params to trainNN/out/v049-finunified-4-g199b048:lstm-best-context-1500ms/epoch-067.pkl
2017-02-06 00:39:27,731 INFO     epoch: 67 took 112.941s (0.001s in batching)
training loss:	0.518519
validation loss:	0.511023
validation error:	0.249300
2017-02-06 00:39:27,738 INFO     Wrote output to trainNN/out/v049-finunified-4-g199b048:lstm-best-context-1500ms/config.json
2017-02-06 00:41:18,507 INFO     Saving network params to trainNN/out/v049-finunified-4-g199b048:lstm-best-context-1500ms/epoch-068.pkl
2017-02-06 00:41:20,546 INFO     epoch: 68 took 112.814s (0.002s in batching)
training loss:	0.519187
validation loss:	0.514354
validation error:	0.253000
2017-02-06 00:41:20,551 INFO     Wrote output to trainNN/out/v049-finunified-4-g199b048:lstm-best-context-1500ms/config.json
2017-02-06 00:43:11,161 INFO     Saving network params to trainNN/out/v049-finunified-4-g199b048:lstm-best-context-1500ms/epoch-069.pkl
2017-02-06 00:43:13,833 INFO     epoch: 69 took 113.288s (0.001s in batching)
training loss:	0.518556
validation loss:	0.516603
validation error:	0.251800
2017-02-06 00:43:13,839 INFO     Wrote output to trainNN/out/v049-finunified-4-g199b048:lstm-best-context-1500ms/config.json
2017-02-06 00:45:04,463 INFO     Saving network params to trainNN/out/v049-finunified-4-g199b048:lstm-best-context-1500ms/epoch-070.pkl
2017-02-06 00:45:06,876 INFO     epoch: 70 took 113.043s (0.002s in batching)
training loss:	0.518141
validation loss:	0.514811
validation error:	0.254300
2017-02-06 00:45:06,882 INFO     Wrote output to trainNN/out/v049-finunified-4-g199b048:lstm-best-context-1500ms/config.json
2017-02-06 00:46:57,243 INFO     Saving network params to trainNN/out/v049-finunified-4-g199b048:lstm-best-context-1500ms/epoch-071.pkl
2017-02-06 00:46:59,894 INFO     epoch: 71 took 113.019s (0.002s in batching)
training loss:	0.518208
validation loss:	0.511862
validation error:	0.251900
2017-02-06 00:46:59,902 INFO     Wrote output to trainNN/out/v049-finunified-4-g199b048:lstm-best-context-1500ms/config.json
2017-02-06 00:48:50,698 INFO     Saving network params to trainNN/out/v049-finunified-4-g199b048:lstm-best-context-1500ms/epoch-072.pkl
2017-02-06 00:48:52,973 INFO     epoch: 72 took 113.079s (0.002s in batching)
training loss:	0.517643
validation loss:	0.514503
validation error:	0.249100
2017-02-06 00:48:52,979 INFO     Wrote output to trainNN/out/v049-finunified-4-g199b048:lstm-best-context-1500ms/config.json
2017-02-06 00:50:43,573 INFO     Saving network params to trainNN/out/v049-finunified-4-g199b048:lstm-best-context-1500ms/epoch-073.pkl
2017-02-06 00:50:46,188 INFO     epoch: 73 took 113.214s (0.001s in batching)
training loss:	0.517723
validation loss:	0.513598
validation error:	0.250900
2017-02-06 00:50:46,194 INFO     Wrote output to trainNN/out/v049-finunified-4-g199b048:lstm-best-context-1500ms/config.json
2017-02-06 00:52:36,717 INFO     Saving network params to trainNN/out/v049-finunified-4-g199b048:lstm-best-context-1500ms/epoch-074.pkl
2017-02-06 00:52:39,004 INFO     epoch: 74 took 112.816s (0.002s in batching)
training loss:	0.517840
validation loss:	0.512004
validation error:	0.251000
2017-02-06 00:52:39,009 INFO     Wrote output to trainNN/out/v049-finunified-4-g199b048:lstm-best-context-1500ms/config.json
2017-02-06 00:54:29,311 INFO     Saving network params to trainNN/out/v049-finunified-4-g199b048:lstm-best-context-1500ms/epoch-075.pkl
2017-02-06 00:54:31,953 INFO     epoch: 75 took 112.949s (0.001s in batching)
training loss:	0.516923
validation loss:	0.510367
validation error:	0.247200
2017-02-06 00:54:31,959 INFO     Wrote output to trainNN/out/v049-finunified-4-g199b048:lstm-best-context-1500ms/config.json
2017-02-06 00:56:22,510 INFO     Saving network params to trainNN/out/v049-finunified-4-g199b048:lstm-best-context-1500ms/epoch-076.pkl
2017-02-06 00:56:25,151 INFO     epoch: 76 took 113.198s (0.002s in batching)
training loss:	0.517037
validation loss:	0.514486
validation error:	0.253400
2017-02-06 00:56:25,158 INFO     Wrote output to trainNN/out/v049-finunified-4-g199b048:lstm-best-context-1500ms/config.json
2017-02-06 00:58:15,588 INFO     Saving network params to trainNN/out/v049-finunified-4-g199b048:lstm-best-context-1500ms/epoch-077.pkl
2017-02-06 00:58:18,227 INFO     epoch: 77 took 113.076s (0.002s in batching)
training loss:	0.516671
validation loss:	0.516446
validation error:	0.258000
2017-02-06 00:58:18,233 INFO     Wrote output to trainNN/out/v049-finunified-4-g199b048:lstm-best-context-1500ms/config.json
2017-02-06 01:00:08,639 INFO     Saving network params to trainNN/out/v049-finunified-4-g199b048:lstm-best-context-1500ms/epoch-078.pkl
2017-02-06 01:00:11,228 INFO     epoch: 78 took 113.001s (0.002s in batching)
training loss:	0.516744
validation loss:	0.510840
validation error:	0.252400
2017-02-06 01:00:11,233 INFO     Wrote output to trainNN/out/v049-finunified-4-g199b048:lstm-best-context-1500ms/config.json
2017-02-06 01:02:01,873 INFO     Saving network params to trainNN/out/v049-finunified-4-g199b048:lstm-best-context-1500ms/epoch-079.pkl
2017-02-06 01:02:04,495 INFO     epoch: 79 took 113.267s (0.001s in batching)
training loss:	0.516721
validation loss:	0.513482
validation error:	0.250000
2017-02-06 01:02:04,501 INFO     Wrote output to trainNN/out/v049-finunified-4-g199b048:lstm-best-context-1500ms/config.json
2017-02-06 01:03:54,377 INFO     Saving network params to trainNN/out/v049-finunified-4-g199b048:lstm-best-context-1500ms/epoch-080.pkl
2017-02-06 01:03:56,969 INFO     epoch: 80 took 112.474s (0.001s in batching)
training loss:	0.515999
validation loss:	0.513242
validation error:	0.251300
2017-02-06 01:03:56,977 INFO     Wrote output to trainNN/out/v049-finunified-4-g199b048:lstm-best-context-1500ms/config.json
2017-02-06 01:05:47,239 INFO     Saving network params to trainNN/out/v049-finunified-4-g199b048:lstm-best-context-1500ms/epoch-081.pkl
2017-02-06 01:05:49,879 INFO     epoch: 81 took 112.910s (0.002s in batching)
training loss:	0.515568
validation loss:	0.516462
validation error:	0.255300
2017-02-06 01:05:49,886 INFO     Wrote output to trainNN/out/v049-finunified-4-g199b048:lstm-best-context-1500ms/config.json
2017-02-06 01:07:40,427 INFO     Saving network params to trainNN/out/v049-finunified-4-g199b048:lstm-best-context-1500ms/epoch-082.pkl
2017-02-06 01:07:43,095 INFO     epoch: 82 took 113.216s (0.002s in batching)
training loss:	0.515124
validation loss:	0.511040
validation error:	0.251800
2017-02-06 01:07:43,103 INFO     Wrote output to trainNN/out/v049-finunified-4-g199b048:lstm-best-context-1500ms/config.json
2017-02-06 01:09:33,481 INFO     Saving network params to trainNN/out/v049-finunified-4-g199b048:lstm-best-context-1500ms/epoch-083.pkl
2017-02-06 01:09:36,108 INFO     epoch: 83 took 113.013s (0.002s in batching)
training loss:	0.515752
validation loss:	0.513855
validation error:	0.255900
2017-02-06 01:09:36,115 INFO     Wrote output to trainNN/out/v049-finunified-4-g199b048:lstm-best-context-1500ms/config.json
2017-02-06 01:11:26,679 INFO     Saving network params to trainNN/out/v049-finunified-4-g199b048:lstm-best-context-1500ms/epoch-084.pkl
2017-02-06 01:11:28,913 INFO     epoch: 84 took 112.805s (0.002s in batching)
training loss:	0.515412
validation loss:	0.515206
validation error:	0.254900
2017-02-06 01:11:28,920 INFO     Wrote output to trainNN/out/v049-finunified-4-g199b048:lstm-best-context-1500ms/config.json
2017-02-06 01:13:19,699 INFO     Saving network params to trainNN/out/v049-finunified-4-g199b048:lstm-best-context-1500ms/epoch-085.pkl
2017-02-06 01:13:22,242 INFO     epoch: 85 took 113.328s (0.002s in batching)
training loss:	0.514629
validation loss:	0.511225
validation error:	0.251800
2017-02-06 01:13:22,250 INFO     Wrote output to trainNN/out/v049-finunified-4-g199b048:lstm-best-context-1500ms/config.json
2017-02-06 01:15:12,867 INFO     Saving network params to trainNN/out/v049-finunified-4-g199b048:lstm-best-context-1500ms/epoch-086.pkl
2017-02-06 01:15:15,519 INFO     epoch: 86 took 113.277s (0.002s in batching)
training loss:	0.514977
validation loss:	0.514764
validation error:	0.254800
2017-02-06 01:15:15,526 INFO     Wrote output to trainNN/out/v049-finunified-4-g199b048:lstm-best-context-1500ms/config.json
2017-02-06 01:17:07,350 INFO     Saving network params to trainNN/out/v049-finunified-4-g199b048:lstm-best-context-1500ms/epoch-087.pkl
2017-02-06 01:17:09,691 INFO     epoch: 87 took 114.172s (0.002s in batching)
training loss:	0.514494
validation loss:	0.516552
validation error:	0.253800
2017-02-06 01:17:09,697 INFO     Wrote output to trainNN/out/v049-finunified-4-g199b048:lstm-best-context-1500ms/config.json
2017-02-06 01:19:00,572 INFO     Saving network params to trainNN/out/v049-finunified-4-g199b048:lstm-best-context-1500ms/epoch-088.pkl
2017-02-06 01:19:02,651 INFO     epoch: 88 took 112.960s (0.001s in batching)
training loss:	0.514226
validation loss:	0.515017
validation error:	0.252900
2017-02-06 01:19:02,658 INFO     Wrote output to trainNN/out/v049-finunified-4-g199b048:lstm-best-context-1500ms/config.json
2017-02-06 01:20:52,417 INFO     Saving network params to trainNN/out/v049-finunified-4-g199b048:lstm-best-context-1500ms/epoch-089.pkl
2017-02-06 01:20:55,149 INFO     epoch: 89 took 112.498s (0.002s in batching)
training loss:	0.514085
validation loss:	0.511946
validation error:	0.250100
2017-02-06 01:20:55,155 INFO     Wrote output to trainNN/out/v049-finunified-4-g199b048:lstm-best-context-1500ms/config.json
2017-02-06 01:22:49,985 INFO     Saving network params to trainNN/out/v049-finunified-4-g199b048:lstm-best-context-1500ms/epoch-090.pkl
2017-02-06 01:22:52,652 INFO     epoch: 90 took 117.504s (0.002s in batching)
training loss:	0.514046
validation loss:	0.508987
validation error:	0.250000
2017-02-06 01:22:52,659 INFO     Wrote output to trainNN/out/v049-finunified-4-g199b048:lstm-best-context-1500ms/config.json
2017-02-06 01:24:46,354 INFO     Saving network params to trainNN/out/v049-finunified-4-g199b048:lstm-best-context-1500ms/epoch-091.pkl
2017-02-06 01:24:49,171 INFO     epoch: 91 took 116.519s (0.002s in batching)
training loss:	0.513261
validation loss:	0.515713
validation error:	0.255100
2017-02-06 01:24:49,177 INFO     Wrote output to trainNN/out/v049-finunified-4-g199b048:lstm-best-context-1500ms/config.json
2017-02-06 01:26:42,686 INFO     Saving network params to trainNN/out/v049-finunified-4-g199b048:lstm-best-context-1500ms/epoch-092.pkl
2017-02-06 01:26:45,447 INFO     epoch: 92 took 116.276s (0.002s in batching)
training loss:	0.513350
validation loss:	0.517094
validation error:	0.253600
2017-02-06 01:26:45,455 INFO     Wrote output to trainNN/out/v049-finunified-4-g199b048:lstm-best-context-1500ms/config.json
2017-02-06 01:28:38,811 INFO     Saving network params to trainNN/out/v049-finunified-4-g199b048:lstm-best-context-1500ms/epoch-093.pkl
2017-02-06 01:28:41,650 INFO     epoch: 93 took 116.203s (0.002s in batching)
training loss:	0.513048
validation loss:	0.514418
validation error:	0.251500
2017-02-06 01:28:41,656 INFO     Wrote output to trainNN/out/v049-finunified-4-g199b048:lstm-best-context-1500ms/config.json
2017-02-06 01:30:35,863 INFO     Saving network params to trainNN/out/v049-finunified-4-g199b048:lstm-best-context-1500ms/epoch-094.pkl
2017-02-06 01:30:38,644 INFO     epoch: 94 took 116.995s (0.002s in batching)
training loss:	0.513384
validation loss:	0.511255
validation error:	0.252100
2017-02-06 01:30:38,651 INFO     Wrote output to trainNN/out/v049-finunified-4-g199b048:lstm-best-context-1500ms/config.json
2017-02-06 01:32:32,298 INFO     Saving network params to trainNN/out/v049-finunified-4-g199b048:lstm-best-context-1500ms/epoch-095.pkl
2017-02-06 01:32:34,659 INFO     epoch: 95 took 116.014s (0.002s in batching)
training loss:	0.512651
validation loss:	0.511416
validation error:	0.250000
2017-02-06 01:32:34,667 INFO     Wrote output to trainNN/out/v049-finunified-4-g199b048:lstm-best-context-1500ms/config.json
2017-02-06 01:34:29,010 INFO     Saving network params to trainNN/out/v049-finunified-4-g199b048:lstm-best-context-1500ms/epoch-096.pkl
2017-02-06 01:34:31,431 INFO     epoch: 96 took 116.772s (0.002s in batching)
training loss:	0.512648
validation loss:	0.511256
validation error:	0.247800
2017-02-06 01:34:31,439 INFO     Wrote output to trainNN/out/v049-finunified-4-g199b048:lstm-best-context-1500ms/config.json
2017-02-06 01:36:25,442 INFO     Saving network params to trainNN/out/v049-finunified-4-g199b048:lstm-best-context-1500ms/epoch-097.pkl
2017-02-06 01:36:28,232 INFO     epoch: 97 took 116.801s (0.002s in batching)
training loss:	0.511913
validation loss:	0.515445
validation error:	0.252900
2017-02-06 01:36:28,239 INFO     Wrote output to trainNN/out/v049-finunified-4-g199b048:lstm-best-context-1500ms/config.json
2017-02-06 01:38:22,484 INFO     Saving network params to trainNN/out/v049-finunified-4-g199b048:lstm-best-context-1500ms/epoch-098.pkl
2017-02-06 01:38:24,846 INFO     epoch: 98 took 116.614s (0.002s in batching)
training loss:	0.512643
validation loss:	0.511774
validation error:	0.248800
2017-02-06 01:38:24,854 INFO     Wrote output to trainNN/out/v049-finunified-4-g199b048:lstm-best-context-1500ms/config.json
2017-02-06 01:40:18,917 INFO     Saving network params to trainNN/out/v049-finunified-4-g199b048:lstm-best-context-1500ms/epoch-099.pkl
2017-02-06 01:40:21,323 INFO     epoch: 99 took 116.477s (0.002s in batching)
training loss:	0.512386
validation loss:	0.516123
validation error:	0.250700
2017-02-06 01:40:21,430 INFO     Wrote output to trainNN/out/v049-finunified-4-g199b048:lstm-best-context-1500ms/config.json
