2017-01-26 03:58:26,892 DEBUG    version=v045-unified-9-gfe48245-dirty:simple-ff-ffv-adam-70-50-40-30
2017-01-26 03:58:26,902 INFO     Open DBase(data/db/all240302-spk.dat, data/db/all240302-spk.idx, mode='r')
2017-01-26 03:58:48,377 DEBUG    loading cached extracted data from data/cache/extract-17095dffdd75068299ccb5dd895af8ecaa0fbe1575b09b5b1ad4e4febf4d84ae.pickle
2017-01-26 03:58:53,146 DEBUG    set input dim to 9
2017-01-26 03:58:53,146 DEBUG    input dim = 9
2017-01-26 03:58:53,311 DEBUG    shuffling batches
2017-01-26 04:00:19,245 DEBUG    shuffling done
2017-01-26 04:00:19,246 DEBUG    loading data into ram
2017-01-26 04:00:19,381 DEBUG    loading data took 0.134s (cpu: 0.134s)
2017-01-26 04:00:19,958 DEBUG    set input dim to 9
2017-01-26 04:00:19,958 DEBUG    input dim = 9
2017-01-26 04:00:20,274 DEBUG    shuffling batches
2017-01-26 04:00:28,639 DEBUG    shuffling done
2017-01-26 04:00:28,639 DEBUG    loading data into ram
2017-01-26 04:00:28,653 DEBUG    loading data took 0.014s (cpu: 0.014s)
2017-01-26 04:00:28,781 INFO     Training network with 32152 trainable out of 32152 total params.
2017-01-26 04:00:28,916 DEBUG    Using adam with learning_rate=0.001000
2017-01-26 04:00:33,204 DEBUG    Starting training...
2017-01-26 04:01:05,862 INFO     Saving network params to trainNN/out/v045-unified-9-gfe48245-dirty:simple-ff-ffv-adam-70-50-40-30/epoch-000.pkl
2017-01-26 04:01:07,890 INFO     epoch: 0 took 34.686s (0.017s in batching)
training loss:	0.631776
validation loss:	0.618453
validation error:	0.352639
2017-01-26 04:01:07,892 INFO     Wrote output to trainNN/out/v045-unified-9-gfe48245-dirty:simple-ff-ffv-adam-70-50-40-30/config.json
2017-01-26 04:01:40,491 INFO     Saving network params to trainNN/out/v045-unified-9-gfe48245-dirty:simple-ff-ffv-adam-70-50-40-30/epoch-001.pkl
2017-01-26 04:01:42,459 INFO     epoch: 1 took 34.569s (0.017s in batching)
training loss:	0.616578
validation loss:	0.615237
validation error:	0.345145
2017-01-26 04:01:42,461 INFO     Wrote output to trainNN/out/v045-unified-9-gfe48245-dirty:simple-ff-ffv-adam-70-50-40-30/config.json
2017-01-26 04:02:15,864 INFO     Saving network params to trainNN/out/v045-unified-9-gfe48245-dirty:simple-ff-ffv-adam-70-50-40-30/epoch-002.pkl
2017-01-26 04:02:18,046 INFO     epoch: 2 took 35.587s (0.018s in batching)
training loss:	0.610641
validation loss:	0.614333
validation error:	0.341581
2017-01-26 04:02:18,049 INFO     Wrote output to trainNN/out/v045-unified-9-gfe48245-dirty:simple-ff-ffv-adam-70-50-40-30/config.json
2017-01-26 04:02:52,129 INFO     Saving network params to trainNN/out/v045-unified-9-gfe48245-dirty:simple-ff-ffv-adam-70-50-40-30/epoch-003.pkl
2017-01-26 04:02:54,311 INFO     epoch: 3 took 36.265s (0.017s in batching)
training loss:	0.607103
validation loss:	0.605493
validation error:	0.331911
2017-01-26 04:02:54,313 INFO     Wrote output to trainNN/out/v045-unified-9-gfe48245-dirty:simple-ff-ffv-adam-70-50-40-30/config.json
2017-01-26 04:03:28,532 INFO     Saving network params to trainNN/out/v045-unified-9-gfe48245-dirty:simple-ff-ffv-adam-70-50-40-30/epoch-004.pkl
2017-01-26 04:03:30,728 INFO     epoch: 4 took 36.417s (0.017s in batching)
training loss:	0.603999
validation loss:	0.602018
validation error:	0.331088
2017-01-26 04:03:30,730 INFO     Wrote output to trainNN/out/v045-unified-9-gfe48245-dirty:simple-ff-ffv-adam-70-50-40-30/config.json
2017-01-26 04:04:04,806 INFO     Saving network params to trainNN/out/v045-unified-9-gfe48245-dirty:simple-ff-ffv-adam-70-50-40-30/epoch-005.pkl
2017-01-26 04:04:06,922 INFO     epoch: 5 took 36.194s (0.017s in batching)
training loss:	0.601679
validation loss:	0.608933
validation error:	0.336501
2017-01-26 04:04:07,021 INFO     Wrote output to trainNN/out/v045-unified-9-gfe48245-dirty:simple-ff-ffv-adam-70-50-40-30/config.json
2017-01-26 04:04:40,628 INFO     Saving network params to trainNN/out/v045-unified-9-gfe48245-dirty:simple-ff-ffv-adam-70-50-40-30/epoch-006.pkl
2017-01-26 04:04:42,720 INFO     epoch: 6 took 35.798s (0.017s in batching)
training loss:	0.599729
validation loss:	0.603232
validation error:	0.330771
2017-01-26 04:04:42,722 INFO     Wrote output to trainNN/out/v045-unified-9-gfe48245-dirty:simple-ff-ffv-adam-70-50-40-30/config.json
2017-01-26 04:05:16,354 INFO     Saving network params to trainNN/out/v045-unified-9-gfe48245-dirty:simple-ff-ffv-adam-70-50-40-30/epoch-007.pkl
2017-01-26 04:05:18,461 INFO     epoch: 7 took 35.741s (0.017s in batching)
training loss:	0.598494
validation loss:	0.601427
validation error:	0.326587
2017-01-26 04:05:18,464 INFO     Wrote output to trainNN/out/v045-unified-9-gfe48245-dirty:simple-ff-ffv-adam-70-50-40-30/config.json
2017-01-26 04:05:52,089 INFO     Saving network params to trainNN/out/v045-unified-9-gfe48245-dirty:simple-ff-ffv-adam-70-50-40-30/epoch-008.pkl
2017-01-26 04:05:54,197 INFO     epoch: 8 took 35.736s (0.017s in batching)
training loss:	0.596893
validation loss:	0.600159
validation error:	0.326959
2017-01-26 04:05:54,200 INFO     Wrote output to trainNN/out/v045-unified-9-gfe48245-dirty:simple-ff-ffv-adam-70-50-40-30/config.json
2017-01-26 04:06:28,392 INFO     Saving network params to trainNN/out/v045-unified-9-gfe48245-dirty:simple-ff-ffv-adam-70-50-40-30/epoch-009.pkl
2017-01-26 04:06:31,087 INFO     epoch: 9 took 36.889s (0.018s in batching)
training loss:	0.595826
validation loss:	0.597039
validation error:	0.324659
2017-01-26 04:06:31,189 INFO     Wrote output to trainNN/out/v045-unified-9-gfe48245-dirty:simple-ff-ffv-adam-70-50-40-30/config.json
2017-01-26 04:07:12,678 INFO     Saving network params to trainNN/out/v045-unified-9-gfe48245-dirty:simple-ff-ffv-adam-70-50-40-30/epoch-010.pkl
2017-01-26 04:07:15,839 INFO     epoch: 10 took 44.752s (0.018s in batching)
training loss:	0.594938
validation loss:	0.597900
validation error:	0.325611
2017-01-26 04:07:15,941 INFO     Wrote output to trainNN/out/v045-unified-9-gfe48245-dirty:simple-ff-ffv-adam-70-50-40-30/config.json
2017-01-26 04:08:03,254 INFO     Saving network params to trainNN/out/v045-unified-9-gfe48245-dirty:simple-ff-ffv-adam-70-50-40-30/epoch-011.pkl
2017-01-26 04:08:07,158 INFO     epoch: 11 took 51.319s (0.017s in batching)
training loss:	0.594045
validation loss:	0.597176
validation error:	0.322582
2017-01-26 04:08:07,161 INFO     Wrote output to trainNN/out/v045-unified-9-gfe48245-dirty:simple-ff-ffv-adam-70-50-40-30/config.json
2017-01-26 04:08:58,065 INFO     Saving network params to trainNN/out/v045-unified-9-gfe48245-dirty:simple-ff-ffv-adam-70-50-40-30/epoch-012.pkl
2017-01-26 04:09:02,012 INFO     epoch: 12 took 54.853s (0.018s in batching)
training loss:	0.593200
validation loss:	0.600284
validation error:	0.325135
2017-01-26 04:09:02,014 INFO     Wrote output to trainNN/out/v045-unified-9-gfe48245-dirty:simple-ff-ffv-adam-70-50-40-30/config.json
2017-01-26 04:09:52,780 INFO     Saving network params to trainNN/out/v045-unified-9-gfe48245-dirty:simple-ff-ffv-adam-70-50-40-30/epoch-013.pkl
2017-01-26 04:09:56,711 INFO     epoch: 13 took 54.700s (0.018s in batching)
training loss:	0.592548
validation loss:	0.604141
validation error:	0.330419
2017-01-26 04:09:56,714 INFO     Wrote output to trainNN/out/v045-unified-9-gfe48245-dirty:simple-ff-ffv-adam-70-50-40-30/config.json
2017-01-26 04:10:47,856 INFO     Saving network params to trainNN/out/v045-unified-9-gfe48245-dirty:simple-ff-ffv-adam-70-50-40-30/epoch-014.pkl
2017-01-26 04:10:51,730 INFO     epoch: 14 took 55.019s (0.019s in batching)
training loss:	0.591721
validation loss:	0.602734
validation error:	0.324867
2017-01-26 04:10:51,733 INFO     Wrote output to trainNN/out/v045-unified-9-gfe48245-dirty:simple-ff-ffv-adam-70-50-40-30/config.json
2017-01-26 04:11:42,566 INFO     Saving network params to trainNN/out/v045-unified-9-gfe48245-dirty:simple-ff-ffv-adam-70-50-40-30/epoch-015.pkl
2017-01-26 04:11:46,472 INFO     epoch: 15 took 54.742s (0.018s in batching)
training loss:	0.591154
validation loss:	0.598486
validation error:	0.322944
2017-01-26 04:11:46,475 INFO     Wrote output to trainNN/out/v045-unified-9-gfe48245-dirty:simple-ff-ffv-adam-70-50-40-30/config.json
2017-01-26 04:12:39,415 INFO     Saving network params to trainNN/out/v045-unified-9-gfe48245-dirty:simple-ff-ffv-adam-70-50-40-30/epoch-016.pkl
2017-01-26 04:12:43,290 INFO     epoch: 16 took 56.818s (0.018s in batching)
training loss:	0.590621
validation loss:	0.597403
validation error:	0.324778
2017-01-26 04:12:43,394 INFO     Wrote output to trainNN/out/v045-unified-9-gfe48245-dirty:simple-ff-ffv-adam-70-50-40-30/config.json
2017-01-26 04:13:34,536 INFO     Saving network params to trainNN/out/v045-unified-9-gfe48245-dirty:simple-ff-ffv-adam-70-50-40-30/epoch-017.pkl
2017-01-26 04:13:38,475 INFO     epoch: 17 took 55.185s (0.019s in batching)
training loss:	0.590103
validation loss:	0.596791
validation error:	0.321383
2017-01-26 04:13:38,478 INFO     Wrote output to trainNN/out/v045-unified-9-gfe48245-dirty:simple-ff-ffv-adam-70-50-40-30/config.json
2017-01-26 04:14:29,386 INFO     Saving network params to trainNN/out/v045-unified-9-gfe48245-dirty:simple-ff-ffv-adam-70-50-40-30/epoch-018.pkl
2017-01-26 04:14:33,283 INFO     epoch: 18 took 54.807s (0.018s in batching)
training loss:	0.589408
validation loss:	0.602869
validation error:	0.331128
2017-01-26 04:14:33,286 INFO     Wrote output to trainNN/out/v045-unified-9-gfe48245-dirty:simple-ff-ffv-adam-70-50-40-30/config.json
2017-01-26 04:15:24,177 INFO     Saving network params to trainNN/out/v045-unified-9-gfe48245-dirty:simple-ff-ffv-adam-70-50-40-30/epoch-019.pkl
2017-01-26 04:15:28,142 INFO     epoch: 19 took 54.859s (0.018s in batching)
training loss:	0.588879
validation loss:	0.604036
validation error:	0.327866
2017-01-26 04:15:28,145 INFO     Wrote output to trainNN/out/v045-unified-9-gfe48245-dirty:simple-ff-ffv-adam-70-50-40-30/config.json
2017-01-26 04:16:18,930 INFO     Saving network params to trainNN/out/v045-unified-9-gfe48245-dirty:simple-ff-ffv-adam-70-50-40-30/epoch-020.pkl
2017-01-26 04:16:22,822 INFO     epoch: 20 took 54.680s (0.018s in batching)
training loss:	0.588395
validation loss:	0.598968
validation error:	0.323782
2017-01-26 04:16:22,825 INFO     Wrote output to trainNN/out/v045-unified-9-gfe48245-dirty:simple-ff-ffv-adam-70-50-40-30/config.json
2017-01-26 04:17:13,859 INFO     Saving network params to trainNN/out/v045-unified-9-gfe48245-dirty:simple-ff-ffv-adam-70-50-40-30/epoch-021.pkl
2017-01-26 04:17:17,771 INFO     epoch: 21 took 54.950s (0.019s in batching)
training loss:	0.588036
validation loss:	0.597174
validation error:	0.323306
2017-01-26 04:17:17,774 INFO     Wrote output to trainNN/out/v045-unified-9-gfe48245-dirty:simple-ff-ffv-adam-70-50-40-30/config.json
2017-01-26 04:18:08,975 INFO     Saving network params to trainNN/out/v045-unified-9-gfe48245-dirty:simple-ff-ffv-adam-70-50-40-30/epoch-022.pkl
2017-01-26 04:18:12,892 INFO     epoch: 22 took 55.121s (0.018s in batching)
training loss:	0.587628
validation loss:	0.598105
validation error:	0.322637
2017-01-26 04:18:12,895 INFO     Wrote output to trainNN/out/v045-unified-9-gfe48245-dirty:simple-ff-ffv-adam-70-50-40-30/config.json
2017-01-26 04:19:03,999 INFO     Saving network params to trainNN/out/v045-unified-9-gfe48245-dirty:simple-ff-ffv-adam-70-50-40-30/epoch-023.pkl
2017-01-26 04:19:08,062 INFO     epoch: 23 took 55.170s (0.018s in batching)
training loss:	0.587339
validation loss:	0.600526
validation error:	0.323147
2017-01-26 04:19:08,166 INFO     Wrote output to trainNN/out/v045-unified-9-gfe48245-dirty:simple-ff-ffv-adam-70-50-40-30/config.json
2017-01-26 04:19:59,250 INFO     Saving network params to trainNN/out/v045-unified-9-gfe48245-dirty:simple-ff-ffv-adam-70-50-40-30/epoch-024.pkl
2017-01-26 04:20:03,198 INFO     epoch: 24 took 55.136s (0.018s in batching)
training loss:	0.586761
validation loss:	0.601653
validation error:	0.326037
2017-01-26 04:20:03,201 INFO     Wrote output to trainNN/out/v045-unified-9-gfe48245-dirty:simple-ff-ffv-adam-70-50-40-30/config.json
2017-01-26 04:20:54,357 INFO     Saving network params to trainNN/out/v045-unified-9-gfe48245-dirty:simple-ff-ffv-adam-70-50-40-30/epoch-025.pkl
2017-01-26 04:20:58,199 INFO     epoch: 25 took 55.001s (0.019s in batching)
training loss:	0.586493
validation loss:	0.599776
validation error:	0.325824
2017-01-26 04:20:58,202 INFO     Wrote output to trainNN/out/v045-unified-9-gfe48245-dirty:simple-ff-ffv-adam-70-50-40-30/config.json
2017-01-26 04:21:49,211 INFO     Saving network params to trainNN/out/v045-unified-9-gfe48245-dirty:simple-ff-ffv-adam-70-50-40-30/epoch-026.pkl
2017-01-26 04:21:53,121 INFO     epoch: 26 took 54.922s (0.018s in batching)
training loss:	0.586131
validation loss:	0.599028
validation error:	0.323544
2017-01-26 04:21:53,124 INFO     Wrote output to trainNN/out/v045-unified-9-gfe48245-dirty:simple-ff-ffv-adam-70-50-40-30/config.json
2017-01-26 04:22:43,690 INFO     Saving network params to trainNN/out/v045-unified-9-gfe48245-dirty:simple-ff-ffv-adam-70-50-40-30/epoch-027.pkl
2017-01-26 04:22:47,529 INFO     epoch: 27 took 54.408s (0.017s in batching)
training loss:	0.585835
validation loss:	0.597258
validation error:	0.322305
2017-01-26 04:22:47,532 INFO     Wrote output to trainNN/out/v045-unified-9-gfe48245-dirty:simple-ff-ffv-adam-70-50-40-30/config.json
2017-01-26 04:23:38,225 INFO     Saving network params to trainNN/out/v045-unified-9-gfe48245-dirty:simple-ff-ffv-adam-70-50-40-30/epoch-028.pkl
2017-01-26 04:23:42,097 INFO     epoch: 28 took 54.568s (0.018s in batching)
training loss:	0.585498
validation loss:	0.600755
validation error:	0.322424
2017-01-26 04:23:42,100 INFO     Wrote output to trainNN/out/v045-unified-9-gfe48245-dirty:simple-ff-ffv-adam-70-50-40-30/config.json
2017-01-26 04:24:32,864 INFO     Saving network params to trainNN/out/v045-unified-9-gfe48245-dirty:simple-ff-ffv-adam-70-50-40-30/epoch-029.pkl
2017-01-26 04:24:36,736 INFO     epoch: 29 took 54.639s (0.019s in batching)
training loss:	0.585197
validation loss:	0.597130
validation error:	0.323534
2017-01-26 04:24:36,742 INFO     Wrote output to trainNN/out/v045-unified-9-gfe48245-dirty:simple-ff-ffv-adam-70-50-40-30/config.json
2017-01-26 04:25:27,516 INFO     Saving network params to trainNN/out/v045-unified-9-gfe48245-dirty:simple-ff-ffv-adam-70-50-40-30/epoch-030.pkl
2017-01-26 04:25:31,362 INFO     epoch: 30 took 54.626s (0.018s in batching)
training loss:	0.584797
validation loss:	0.597438
validation error:	0.320699
2017-01-26 04:25:31,365 INFO     Wrote output to trainNN/out/v045-unified-9-gfe48245-dirty:simple-ff-ffv-adam-70-50-40-30/config.json
2017-01-26 04:26:21,749 INFO     Saving network params to trainNN/out/v045-unified-9-gfe48245-dirty:simple-ff-ffv-adam-70-50-40-30/epoch-031.pkl
2017-01-26 04:26:25,541 INFO     epoch: 31 took 54.179s (0.018s in batching)
training loss:	0.584632
validation loss:	0.602454
validation error:	0.324025
2017-01-26 04:26:25,545 INFO     Wrote output to trainNN/out/v045-unified-9-gfe48245-dirty:simple-ff-ffv-adam-70-50-40-30/config.json
2017-01-26 04:27:16,167 INFO     Saving network params to trainNN/out/v045-unified-9-gfe48245-dirty:simple-ff-ffv-adam-70-50-40-30/epoch-032.pkl
2017-01-26 04:27:19,990 INFO     epoch: 32 took 54.448s (0.018s in batching)
training loss:	0.584333
validation loss:	0.597465
validation error:	0.321209
2017-01-26 04:27:19,993 INFO     Wrote output to trainNN/out/v045-unified-9-gfe48245-dirty:simple-ff-ffv-adam-70-50-40-30/config.json
2017-01-26 04:28:10,661 INFO     Saving network params to trainNN/out/v045-unified-9-gfe48245-dirty:simple-ff-ffv-adam-70-50-40-30/epoch-033.pkl
2017-01-26 04:28:14,647 INFO     epoch: 33 took 54.657s (0.018s in batching)
training loss:	0.584097
validation loss:	0.597600
validation error:	0.321388
2017-01-26 04:28:14,650 INFO     Wrote output to trainNN/out/v045-unified-9-gfe48245-dirty:simple-ff-ffv-adam-70-50-40-30/config.json
2017-01-26 04:29:05,123 INFO     Saving network params to trainNN/out/v045-unified-9-gfe48245-dirty:simple-ff-ffv-adam-70-50-40-30/epoch-034.pkl
2017-01-26 04:29:08,939 INFO     epoch: 34 took 54.293s (0.018s in batching)
training loss:	0.583761
validation loss:	0.599732
validation error:	0.323940
2017-01-26 04:29:08,943 INFO     Wrote output to trainNN/out/v045-unified-9-gfe48245-dirty:simple-ff-ffv-adam-70-50-40-30/config.json
2017-01-26 04:29:59,434 INFO     Saving network params to trainNN/out/v045-unified-9-gfe48245-dirty:simple-ff-ffv-adam-70-50-40-30/epoch-035.pkl
2017-01-26 04:30:03,352 INFO     epoch: 35 took 54.413s (0.017s in batching)
training loss:	0.583576
validation loss:	0.600217
validation error:	0.322771
2017-01-26 04:30:03,355 INFO     Wrote output to trainNN/out/v045-unified-9-gfe48245-dirty:simple-ff-ffv-adam-70-50-40-30/config.json
2017-01-26 04:30:54,108 INFO     Saving network params to trainNN/out/v045-unified-9-gfe48245-dirty:simple-ff-ffv-adam-70-50-40-30/epoch-036.pkl
2017-01-26 04:30:57,942 INFO     epoch: 36 took 54.590s (0.019s in batching)
training loss:	0.583416
validation loss:	0.598466
validation error:	0.322131
2017-01-26 04:30:57,945 INFO     Wrote output to trainNN/out/v045-unified-9-gfe48245-dirty:simple-ff-ffv-adam-70-50-40-30/config.json
2017-01-26 04:31:48,693 INFO     Saving network params to trainNN/out/v045-unified-9-gfe48245-dirty:simple-ff-ffv-adam-70-50-40-30/epoch-037.pkl
2017-01-26 04:31:52,583 INFO     epoch: 37 took 54.641s (0.018s in batching)
training loss:	0.583192
validation loss:	0.604235
validation error:	0.327742
2017-01-26 04:31:52,586 INFO     Wrote output to trainNN/out/v045-unified-9-gfe48245-dirty:simple-ff-ffv-adam-70-50-40-30/config.json
2017-01-26 04:32:43,202 INFO     Saving network params to trainNN/out/v045-unified-9-gfe48245-dirty:simple-ff-ffv-adam-70-50-40-30/epoch-038.pkl
2017-01-26 04:32:46,988 INFO     epoch: 38 took 54.405s (0.017s in batching)
training loss:	0.582967
validation loss:	0.600429
validation error:	0.322419
2017-01-26 04:32:46,991 INFO     Wrote output to trainNN/out/v045-unified-9-gfe48245-dirty:simple-ff-ffv-adam-70-50-40-30/config.json
2017-01-26 04:33:37,854 INFO     Saving network params to trainNN/out/v045-unified-9-gfe48245-dirty:simple-ff-ffv-adam-70-50-40-30/epoch-039.pkl
2017-01-26 04:33:41,666 INFO     epoch: 39 took 54.678s (0.018s in batching)
training loss:	0.582721
validation loss:	0.600834
validation error:	0.324664
2017-01-26 04:33:41,670 INFO     Wrote output to trainNN/out/v045-unified-9-gfe48245-dirty:simple-ff-ffv-adam-70-50-40-30/config.json
2017-01-26 04:34:32,517 INFO     Saving network params to trainNN/out/v045-unified-9-gfe48245-dirty:simple-ff-ffv-adam-70-50-40-30/epoch-040.pkl
2017-01-26 04:34:36,476 INFO     epoch: 40 took 54.810s (0.019s in batching)
training loss:	0.582679
validation loss:	0.600706
validation error:	0.324367
2017-01-26 04:34:36,479 INFO     Wrote output to trainNN/out/v045-unified-9-gfe48245-dirty:simple-ff-ffv-adam-70-50-40-30/config.json
2017-01-26 04:35:27,135 INFO     Saving network params to trainNN/out/v045-unified-9-gfe48245-dirty:simple-ff-ffv-adam-70-50-40-30/epoch-041.pkl
2017-01-26 04:35:30,981 INFO     epoch: 41 took 54.505s (0.017s in batching)
training loss:	0.582420
validation loss:	0.600613
validation error:	0.324377
2017-01-26 04:35:31,083 INFO     Wrote output to trainNN/out/v045-unified-9-gfe48245-dirty:simple-ff-ffv-adam-70-50-40-30/config.json
2017-01-26 04:36:21,466 INFO     Saving network params to trainNN/out/v045-unified-9-gfe48245-dirty:simple-ff-ffv-adam-70-50-40-30/epoch-042.pkl
2017-01-26 04:36:25,361 INFO     epoch: 42 took 54.380s (0.018s in batching)
training loss:	0.582374
validation loss:	0.600147
validation error:	0.321492
2017-01-26 04:36:25,463 INFO     Wrote output to trainNN/out/v045-unified-9-gfe48245-dirty:simple-ff-ffv-adam-70-50-40-30/config.json
2017-01-26 04:37:16,139 INFO     Saving network params to trainNN/out/v045-unified-9-gfe48245-dirty:simple-ff-ffv-adam-70-50-40-30/epoch-043.pkl
2017-01-26 04:37:19,958 INFO     epoch: 43 took 54.597s (0.018s in batching)
training loss:	0.582104
validation loss:	0.598005
validation error:	0.320902
2017-01-26 04:37:20,058 INFO     Wrote output to trainNN/out/v045-unified-9-gfe48245-dirty:simple-ff-ffv-adam-70-50-40-30/config.json
2017-01-26 04:38:10,846 INFO     Saving network params to trainNN/out/v045-unified-9-gfe48245-dirty:simple-ff-ffv-adam-70-50-40-30/epoch-044.pkl
2017-01-26 04:38:14,697 INFO     epoch: 44 took 54.739s (0.019s in batching)
training loss:	0.582004
validation loss:	0.599690
validation error:	0.323499
2017-01-26 04:38:14,701 INFO     Wrote output to trainNN/out/v045-unified-9-gfe48245-dirty:simple-ff-ffv-adam-70-50-40-30/config.json
2017-01-26 04:39:05,341 INFO     Saving network params to trainNN/out/v045-unified-9-gfe48245-dirty:simple-ff-ffv-adam-70-50-40-30/epoch-045.pkl
2017-01-26 04:39:09,078 INFO     epoch: 45 took 54.381s (0.018s in batching)
training loss:	0.581751
validation loss:	0.601010
validation error:	0.323708
2017-01-26 04:39:09,179 INFO     Wrote output to trainNN/out/v045-unified-9-gfe48245-dirty:simple-ff-ffv-adam-70-50-40-30/config.json
2017-01-26 04:39:59,832 INFO     Saving network params to trainNN/out/v045-unified-9-gfe48245-dirty:simple-ff-ffv-adam-70-50-40-30/epoch-046.pkl
2017-01-26 04:40:03,636 INFO     epoch: 46 took 54.558s (0.018s in batching)
training loss:	0.581690
validation loss:	0.598717
validation error:	0.320223
2017-01-26 04:40:03,639 INFO     Wrote output to trainNN/out/v045-unified-9-gfe48245-dirty:simple-ff-ffv-adam-70-50-40-30/config.json
2017-01-26 04:40:54,388 INFO     Saving network params to trainNN/out/v045-unified-9-gfe48245-dirty:simple-ff-ffv-adam-70-50-40-30/epoch-047.pkl
2017-01-26 04:40:58,234 INFO     epoch: 47 took 54.598s (0.018s in batching)
training loss:	0.581433
validation loss:	0.600456
validation error:	0.325413
2017-01-26 04:40:58,238 INFO     Wrote output to trainNN/out/v045-unified-9-gfe48245-dirty:simple-ff-ffv-adam-70-50-40-30/config.json
2017-01-26 04:41:48,725 INFO     Saving network params to trainNN/out/v045-unified-9-gfe48245-dirty:simple-ff-ffv-adam-70-50-40-30/epoch-048.pkl
2017-01-26 04:41:52,568 INFO     epoch: 48 took 54.334s (0.019s in batching)
training loss:	0.581316
validation loss:	0.599401
validation error:	0.321145
2017-01-26 04:41:52,572 INFO     Wrote output to trainNN/out/v045-unified-9-gfe48245-dirty:simple-ff-ffv-adam-70-50-40-30/config.json
2017-01-26 04:42:43,066 INFO     Saving network params to trainNN/out/v045-unified-9-gfe48245-dirty:simple-ff-ffv-adam-70-50-40-30/epoch-049.pkl
2017-01-26 04:42:46,904 INFO     epoch: 49 took 54.337s (0.018s in batching)
training loss:	0.581097
validation loss:	0.600703
validation error:	0.321740
2017-01-26 04:42:46,908 INFO     Wrote output to trainNN/out/v045-unified-9-gfe48245-dirty:simple-ff-ffv-adam-70-50-40-30/config.json
2017-01-26 04:43:37,454 INFO     Saving network params to trainNN/out/v045-unified-9-gfe48245-dirty:simple-ff-ffv-adam-70-50-40-30/epoch-050.pkl
2017-01-26 04:43:41,333 INFO     epoch: 50 took 54.429s (0.018s in batching)
training loss:	0.581138
validation loss:	0.599495
validation error:	0.322657
2017-01-26 04:43:41,337 INFO     Wrote output to trainNN/out/v045-unified-9-gfe48245-dirty:simple-ff-ffv-adam-70-50-40-30/config.json
2017-01-26 04:44:31,733 INFO     Saving network params to trainNN/out/v045-unified-9-gfe48245-dirty:simple-ff-ffv-adam-70-50-40-30/epoch-051.pkl
2017-01-26 04:44:35,578 INFO     epoch: 51 took 54.245s (0.018s in batching)
training loss:	0.580864
validation loss:	0.599520
validation error:	0.320540
2017-01-26 04:44:35,582 INFO     Wrote output to trainNN/out/v045-unified-9-gfe48245-dirty:simple-ff-ffv-adam-70-50-40-30/config.json
2017-01-26 04:45:25,780 INFO     Saving network params to trainNN/out/v045-unified-9-gfe48245-dirty:simple-ff-ffv-adam-70-50-40-30/epoch-052.pkl
2017-01-26 04:45:29,648 INFO     epoch: 52 took 54.070s (0.018s in batching)
training loss:	0.580597
validation loss:	0.598562
validation error:	0.320872
2017-01-26 04:45:29,652 INFO     Wrote output to trainNN/out/v045-unified-9-gfe48245-dirty:simple-ff-ffv-adam-70-50-40-30/config.json
2017-01-26 04:46:20,201 INFO     Saving network params to trainNN/out/v045-unified-9-gfe48245-dirty:simple-ff-ffv-adam-70-50-40-30/epoch-053.pkl
2017-01-26 04:46:24,013 INFO     epoch: 53 took 54.365s (0.018s in batching)
training loss:	0.580550
validation loss:	0.600872
validation error:	0.323222
2017-01-26 04:46:24,017 INFO     Wrote output to trainNN/out/v045-unified-9-gfe48245-dirty:simple-ff-ffv-adam-70-50-40-30/config.json
2017-01-26 04:47:14,732 INFO     Saving network params to trainNN/out/v045-unified-9-gfe48245-dirty:simple-ff-ffv-adam-70-50-40-30/epoch-054.pkl
2017-01-26 04:47:18,571 INFO     epoch: 54 took 54.558s (0.018s in batching)
training loss:	0.580280
validation loss:	0.602811
validation error:	0.325631
2017-01-26 04:47:18,576 INFO     Wrote output to trainNN/out/v045-unified-9-gfe48245-dirty:simple-ff-ffv-adam-70-50-40-30/config.json
2017-01-26 04:48:09,089 INFO     Saving network params to trainNN/out/v045-unified-9-gfe48245-dirty:simple-ff-ffv-adam-70-50-40-30/epoch-055.pkl
2017-01-26 04:48:12,899 INFO     epoch: 55 took 54.327s (0.018s in batching)
training loss:	0.580259
validation loss:	0.599539
validation error:	0.321646
2017-01-26 04:48:12,903 INFO     Wrote output to trainNN/out/v045-unified-9-gfe48245-dirty:simple-ff-ffv-adam-70-50-40-30/config.json
2017-01-26 04:49:03,339 INFO     Saving network params to trainNN/out/v045-unified-9-gfe48245-dirty:simple-ff-ffv-adam-70-50-40-30/epoch-056.pkl
2017-01-26 04:49:07,130 INFO     epoch: 56 took 54.231s (0.019s in batching)
training loss:	0.580260
validation loss:	0.600460
validation error:	0.322686
2017-01-26 04:49:07,134 INFO     Wrote output to trainNN/out/v045-unified-9-gfe48245-dirty:simple-ff-ffv-adam-70-50-40-30/config.json
2017-01-26 04:49:56,576 INFO     Saving network params to trainNN/out/v045-unified-9-gfe48245-dirty:simple-ff-ffv-adam-70-50-40-30/epoch-057.pkl
2017-01-26 04:50:00,338 INFO     epoch: 57 took 53.208s (0.018s in batching)
training loss:	0.580016
validation loss:	0.599685
validation error:	0.320144
2017-01-26 04:50:00,343 INFO     Wrote output to trainNN/out/v045-unified-9-gfe48245-dirty:simple-ff-ffv-adam-70-50-40-30/config.json
2017-01-26 04:50:49,353 INFO     Saving network params to trainNN/out/v045-unified-9-gfe48245-dirty:simple-ff-ffv-adam-70-50-40-30/epoch-058.pkl
2017-01-26 04:50:53,124 INFO     epoch: 58 took 52.786s (0.017s in batching)
training loss:	0.580138
validation loss:	0.600364
validation error:	0.321978
2017-01-26 04:50:53,128 INFO     Wrote output to trainNN/out/v045-unified-9-gfe48245-dirty:simple-ff-ffv-adam-70-50-40-30/config.json
2017-01-26 04:51:43,234 INFO     Saving network params to trainNN/out/v045-unified-9-gfe48245-dirty:simple-ff-ffv-adam-70-50-40-30/epoch-059.pkl
2017-01-26 04:51:46,999 INFO     epoch: 59 took 53.876s (0.018s in batching)
training loss:	0.579797
validation loss:	0.601286
validation error:	0.323737
2017-01-26 04:51:47,004 INFO     Wrote output to trainNN/out/v045-unified-9-gfe48245-dirty:simple-ff-ffv-adam-70-50-40-30/config.json
2017-01-26 04:52:37,362 INFO     Saving network params to trainNN/out/v045-unified-9-gfe48245-dirty:simple-ff-ffv-adam-70-50-40-30/epoch-060.pkl
2017-01-26 04:52:41,171 INFO     epoch: 60 took 54.171s (0.019s in batching)
training loss:	0.579643
validation loss:	0.601656
validation error:	0.321938
2017-01-26 04:52:41,175 INFO     Wrote output to trainNN/out/v045-unified-9-gfe48245-dirty:simple-ff-ffv-adam-70-50-40-30/config.json
2017-01-26 04:53:31,332 INFO     Saving network params to trainNN/out/v045-unified-9-gfe48245-dirty:simple-ff-ffv-adam-70-50-40-30/epoch-061.pkl
2017-01-26 04:53:34,761 INFO     epoch: 61 took 53.590s (0.018s in batching)
training loss:	0.579696
validation loss:	0.602325
validation error:	0.323826
2017-01-26 04:53:34,765 INFO     Wrote output to trainNN/out/v045-unified-9-gfe48245-dirty:simple-ff-ffv-adam-70-50-40-30/config.json
2017-01-26 04:54:24,891 INFO     Saving network params to trainNN/out/v045-unified-9-gfe48245-dirty:simple-ff-ffv-adam-70-50-40-30/epoch-062.pkl
2017-01-26 04:54:28,672 INFO     epoch: 62 took 53.912s (0.018s in batching)
training loss:	0.579482
validation loss:	0.601002
validation error:	0.322513
2017-01-26 04:54:28,677 INFO     Wrote output to trainNN/out/v045-unified-9-gfe48245-dirty:simple-ff-ffv-adam-70-50-40-30/config.json
2017-01-26 04:55:18,685 INFO     Saving network params to trainNN/out/v045-unified-9-gfe48245-dirty:simple-ff-ffv-adam-70-50-40-30/epoch-063.pkl
2017-01-26 04:55:22,453 INFO     epoch: 63 took 53.780s (0.018s in batching)
training loss:	0.579520
validation loss:	0.599478
validation error:	0.322409
2017-01-26 04:55:22,457 INFO     Wrote output to trainNN/out/v045-unified-9-gfe48245-dirty:simple-ff-ffv-adam-70-50-40-30/config.json
2017-01-26 04:56:12,786 INFO     Saving network params to trainNN/out/v045-unified-9-gfe48245-dirty:simple-ff-ffv-adam-70-50-40-30/epoch-064.pkl
2017-01-26 04:56:16,633 INFO     epoch: 64 took 54.181s (0.019s in batching)
training loss:	0.579437
validation loss:	0.602660
validation error:	0.323405
2017-01-26 04:56:16,638 INFO     Wrote output to trainNN/out/v045-unified-9-gfe48245-dirty:simple-ff-ffv-adam-70-50-40-30/config.json
2017-01-26 04:57:07,044 INFO     Saving network params to trainNN/out/v045-unified-9-gfe48245-dirty:simple-ff-ffv-adam-70-50-40-30/epoch-065.pkl
2017-01-26 04:57:10,684 INFO     epoch: 65 took 54.050s (0.018s in batching)
training loss:	0.579222
validation loss:	0.602716
validation error:	0.321715
2017-01-26 04:57:10,688 INFO     Wrote output to trainNN/out/v045-unified-9-gfe48245-dirty:simple-ff-ffv-adam-70-50-40-30/config.json
2017-01-26 04:58:00,917 INFO     Saving network params to trainNN/out/v045-unified-9-gfe48245-dirty:simple-ff-ffv-adam-70-50-40-30/epoch-066.pkl
2017-01-26 04:58:04,754 INFO     epoch: 66 took 54.070s (0.018s in batching)
training loss:	0.579399
validation loss:	0.599373
validation error:	0.321036
2017-01-26 04:58:04,758 INFO     Wrote output to trainNN/out/v045-unified-9-gfe48245-dirty:simple-ff-ffv-adam-70-50-40-30/config.json
2017-01-26 04:58:55,250 INFO     Saving network params to trainNN/out/v045-unified-9-gfe48245-dirty:simple-ff-ffv-adam-70-50-40-30/epoch-067.pkl
2017-01-26 04:58:59,167 INFO     epoch: 67 took 54.413s (0.018s in batching)
training loss:	0.579280
validation loss:	0.601585
validation error:	0.322131
2017-01-26 04:58:59,172 INFO     Wrote output to trainNN/out/v045-unified-9-gfe48245-dirty:simple-ff-ffv-adam-70-50-40-30/config.json
2017-01-26 04:59:50,034 INFO     Saving network params to trainNN/out/v045-unified-9-gfe48245-dirty:simple-ff-ffv-adam-70-50-40-30/epoch-068.pkl
2017-01-26 04:59:53,819 INFO     epoch: 68 took 54.652s (0.019s in batching)
training loss:	0.579102
validation loss:	0.602388
validation error:	0.324129
2017-01-26 04:59:53,824 INFO     Wrote output to trainNN/out/v045-unified-9-gfe48245-dirty:simple-ff-ffv-adam-70-50-40-30/config.json
2017-01-26 05:00:44,425 INFO     Saving network params to trainNN/out/v045-unified-9-gfe48245-dirty:simple-ff-ffv-adam-70-50-40-30/epoch-069.pkl
2017-01-26 05:00:48,259 INFO     epoch: 69 took 54.440s (0.018s in batching)
training loss:	0.578937
validation loss:	0.601147
validation error:	0.320387
2017-01-26 05:00:48,263 INFO     Wrote output to trainNN/out/v045-unified-9-gfe48245-dirty:simple-ff-ffv-adam-70-50-40-30/config.json
2017-01-26 05:01:38,793 INFO     Saving network params to trainNN/out/v045-unified-9-gfe48245-dirty:simple-ff-ffv-adam-70-50-40-30/epoch-070.pkl
2017-01-26 05:01:42,648 INFO     epoch: 70 took 54.389s (0.018s in batching)
training loss:	0.578795
validation loss:	0.600042
validation error:	0.322771
2017-01-26 05:01:42,652 INFO     Wrote output to trainNN/out/v045-unified-9-gfe48245-dirty:simple-ff-ffv-adam-70-50-40-30/config.json
2017-01-26 05:02:33,355 INFO     Saving network params to trainNN/out/v045-unified-9-gfe48245-dirty:simple-ff-ffv-adam-70-50-40-30/epoch-071.pkl
2017-01-26 05:02:37,185 INFO     epoch: 71 took 54.538s (0.017s in batching)
training loss:	0.578766
validation loss:	0.600104
validation error:	0.322810
2017-01-26 05:02:37,190 INFO     Wrote output to trainNN/out/v045-unified-9-gfe48245-dirty:simple-ff-ffv-adam-70-50-40-30/config.json
2017-01-26 05:03:27,467 INFO     Saving network params to trainNN/out/v045-unified-9-gfe48245-dirty:simple-ff-ffv-adam-70-50-40-30/epoch-072.pkl
2017-01-26 05:03:31,274 INFO     epoch: 72 took 54.089s (0.019s in batching)
training loss:	0.578703
validation loss:	0.603480
validation error:	0.323856
2017-01-26 05:03:31,279 INFO     Wrote output to trainNN/out/v045-unified-9-gfe48245-dirty:simple-ff-ffv-adam-70-50-40-30/config.json
2017-01-26 05:04:21,517 INFO     Saving network params to trainNN/out/v045-unified-9-gfe48245-dirty:simple-ff-ffv-adam-70-50-40-30/epoch-073.pkl
2017-01-26 05:04:25,383 INFO     epoch: 73 took 54.109s (0.017s in batching)
training loss:	0.578836
validation loss:	0.600798
validation error:	0.321670
2017-01-26 05:04:25,388 INFO     Wrote output to trainNN/out/v045-unified-9-gfe48245-dirty:simple-ff-ffv-adam-70-50-40-30/config.json
2017-01-26 05:05:15,954 INFO     Saving network params to trainNN/out/v045-unified-9-gfe48245-dirty:simple-ff-ffv-adam-70-50-40-30/epoch-074.pkl
2017-01-26 05:05:19,901 INFO     epoch: 74 took 54.518s (0.017s in batching)
training loss:	0.578552
validation loss:	0.599786
validation error:	0.321903
2017-01-26 05:05:19,906 INFO     Wrote output to trainNN/out/v045-unified-9-gfe48245-dirty:simple-ff-ffv-adam-70-50-40-30/config.json
2017-01-26 05:06:10,559 INFO     Saving network params to trainNN/out/v045-unified-9-gfe48245-dirty:simple-ff-ffv-adam-70-50-40-30/epoch-075.pkl
2017-01-26 05:06:14,473 INFO     epoch: 75 took 54.571s (0.018s in batching)
training loss:	0.578527
validation loss:	0.601225
validation error:	0.321323
2017-01-26 05:06:14,478 INFO     Wrote output to trainNN/out/v045-unified-9-gfe48245-dirty:simple-ff-ffv-adam-70-50-40-30/config.json
2017-01-26 05:07:04,902 INFO     Saving network params to trainNN/out/v045-unified-9-gfe48245-dirty:simple-ff-ffv-adam-70-50-40-30/epoch-076.pkl
2017-01-26 05:07:08,745 INFO     epoch: 76 took 54.273s (0.018s in batching)
training loss:	0.578466
validation loss:	0.600433
validation error:	0.321834
2017-01-26 05:07:08,848 INFO     Wrote output to trainNN/out/v045-unified-9-gfe48245-dirty:simple-ff-ffv-adam-70-50-40-30/config.json
2017-01-26 05:07:59,202 INFO     Saving network params to trainNN/out/v045-unified-9-gfe48245-dirty:simple-ff-ffv-adam-70-50-40-30/epoch-077.pkl
2017-01-26 05:08:02,592 INFO     epoch: 77 took 53.847s (0.018s in batching)
training loss:	0.578440
validation loss:	0.601640
validation error:	0.323182
2017-01-26 05:08:02,598 INFO     Wrote output to trainNN/out/v045-unified-9-gfe48245-dirty:simple-ff-ffv-adam-70-50-40-30/config.json
2017-01-26 05:08:52,379 INFO     Saving network params to trainNN/out/v045-unified-9-gfe48245-dirty:simple-ff-ffv-adam-70-50-40-30/epoch-078.pkl
2017-01-26 05:08:56,182 INFO     epoch: 78 took 53.590s (0.018s in batching)
training loss:	0.578407
validation loss:	0.600316
validation error:	0.321993
2017-01-26 05:08:56,187 INFO     Wrote output to trainNN/out/v045-unified-9-gfe48245-dirty:simple-ff-ffv-adam-70-50-40-30/config.json
2017-01-26 05:09:46,199 INFO     Saving network params to trainNN/out/v045-unified-9-gfe48245-dirty:simple-ff-ffv-adam-70-50-40-30/epoch-079.pkl
2017-01-26 05:09:50,289 INFO     epoch: 79 took 54.108s (0.018s in batching)
training loss:	0.578397
validation loss:	0.601198
validation error:	0.321353
2017-01-26 05:09:50,295 INFO     Wrote output to trainNN/out/v045-unified-9-gfe48245-dirty:simple-ff-ffv-adam-70-50-40-30/config.json
2017-01-26 05:10:41,160 INFO     Saving network params to trainNN/out/v045-unified-9-gfe48245-dirty:simple-ff-ffv-adam-70-50-40-30/epoch-080.pkl
2017-01-26 05:10:44,537 INFO     epoch: 80 took 54.248s (0.019s in batching)
training loss:	0.578236
validation loss:	0.601346
validation error:	0.320778
2017-01-26 05:10:44,542 INFO     Wrote output to trainNN/out/v045-unified-9-gfe48245-dirty:simple-ff-ffv-adam-70-50-40-30/config.json
2017-01-26 05:11:35,173 INFO     Saving network params to trainNN/out/v045-unified-9-gfe48245-dirty:simple-ff-ffv-adam-70-50-40-30/epoch-081.pkl
2017-01-26 05:11:39,068 INFO     epoch: 81 took 54.531s (0.018s in batching)
training loss:	0.578136
validation loss:	0.601101
validation error:	0.321819
2017-01-26 05:11:39,074 INFO     Wrote output to trainNN/out/v045-unified-9-gfe48245-dirty:simple-ff-ffv-adam-70-50-40-30/config.json
2017-01-26 05:12:29,922 INFO     Saving network params to trainNN/out/v045-unified-9-gfe48245-dirty:simple-ff-ffv-adam-70-50-40-30/epoch-082.pkl
2017-01-26 05:12:33,750 INFO     epoch: 82 took 54.682s (0.018s in batching)
training loss:	0.578054
validation loss:	0.600285
validation error:	0.321566
2017-01-26 05:12:33,756 INFO     Wrote output to trainNN/out/v045-unified-9-gfe48245-dirty:simple-ff-ffv-adam-70-50-40-30/config.json
2017-01-26 05:13:24,872 INFO     Saving network params to trainNN/out/v045-unified-9-gfe48245-dirty:simple-ff-ffv-adam-70-50-40-30/epoch-083.pkl
2017-01-26 05:13:28,712 INFO     epoch: 83 took 54.961s (0.018s in batching)
training loss:	0.577928
validation loss:	0.601964
validation error:	0.322384
2017-01-26 05:13:28,717 INFO     Wrote output to trainNN/out/v045-unified-9-gfe48245-dirty:simple-ff-ffv-adam-70-50-40-30/config.json
2017-01-26 05:14:19,216 INFO     Saving network params to trainNN/out/v045-unified-9-gfe48245-dirty:simple-ff-ffv-adam-70-50-40-30/epoch-084.pkl
2017-01-26 05:14:23,139 INFO     epoch: 84 took 54.427s (0.019s in batching)
training loss:	0.577904
validation loss:	0.601858
validation error:	0.323256
2017-01-26 05:14:23,144 INFO     Wrote output to trainNN/out/v045-unified-9-gfe48245-dirty:simple-ff-ffv-adam-70-50-40-30/config.json
2017-01-26 05:15:14,163 INFO     Saving network params to trainNN/out/v045-unified-9-gfe48245-dirty:simple-ff-ffv-adam-70-50-40-30/epoch-085.pkl
2017-01-26 05:15:17,981 INFO     epoch: 85 took 54.843s (0.018s in batching)
training loss:	0.578018
validation loss:	0.601299
validation error:	0.321715
2017-01-26 05:15:17,986 INFO     Wrote output to trainNN/out/v045-unified-9-gfe48245-dirty:simple-ff-ffv-adam-70-50-40-30/config.json
2017-01-26 05:16:08,817 INFO     Saving network params to trainNN/out/v045-unified-9-gfe48245-dirty:simple-ff-ffv-adam-70-50-40-30/epoch-086.pkl
2017-01-26 05:16:12,669 INFO     epoch: 86 took 54.688s (0.018s in batching)
training loss:	0.577806
validation loss:	0.599687
validation error:	0.320590
2017-01-26 05:16:12,674 INFO     Wrote output to trainNN/out/v045-unified-9-gfe48245-dirty:simple-ff-ffv-adam-70-50-40-30/config.json
2017-01-26 05:17:03,037 INFO     Saving network params to trainNN/out/v045-unified-9-gfe48245-dirty:simple-ff-ffv-adam-70-50-40-30/epoch-087.pkl
2017-01-26 05:17:06,879 INFO     epoch: 87 took 54.210s (0.018s in batching)
training loss:	0.577814
validation loss:	0.601559
validation error:	0.321318
2017-01-26 05:17:06,884 INFO     Wrote output to trainNN/out/v045-unified-9-gfe48245-dirty:simple-ff-ffv-adam-70-50-40-30/config.json
2017-01-26 05:17:57,788 INFO     Saving network params to trainNN/out/v045-unified-9-gfe48245-dirty:simple-ff-ffv-adam-70-50-40-30/epoch-088.pkl
2017-01-26 05:18:01,638 INFO     epoch: 88 took 54.759s (0.018s in batching)
training loss:	0.577722
validation loss:	0.601704
validation error:	0.321923
2017-01-26 05:18:01,643 INFO     Wrote output to trainNN/out/v045-unified-9-gfe48245-dirty:simple-ff-ffv-adam-70-50-40-30/config.json
2017-01-26 05:18:52,511 INFO     Saving network params to trainNN/out/v045-unified-9-gfe48245-dirty:simple-ff-ffv-adam-70-50-40-30/epoch-089.pkl
2017-01-26 05:18:56,369 INFO     epoch: 89 took 54.731s (0.018s in batching)
training loss:	0.577691
validation loss:	0.602130
validation error:	0.323375
2017-01-26 05:18:56,375 INFO     Wrote output to trainNN/out/v045-unified-9-gfe48245-dirty:simple-ff-ffv-adam-70-50-40-30/config.json
2017-01-26 05:19:47,423 INFO     Saving network params to trainNN/out/v045-unified-9-gfe48245-dirty:simple-ff-ffv-adam-70-50-40-30/epoch-090.pkl
2017-01-26 05:19:51,276 INFO     epoch: 90 took 54.907s (0.018s in batching)
training loss:	0.577719
validation loss:	0.599180
validation error:	0.321105
2017-01-26 05:19:51,282 INFO     Wrote output to trainNN/out/v045-unified-9-gfe48245-dirty:simple-ff-ffv-adam-70-50-40-30/config.json
2017-01-26 05:20:42,302 INFO     Saving network params to trainNN/out/v045-unified-9-gfe48245-dirty:simple-ff-ffv-adam-70-50-40-30/epoch-091.pkl
2017-01-26 05:20:46,243 INFO     epoch: 91 took 54.967s (0.019s in batching)
training loss:	0.577702
validation loss:	0.600623
validation error:	0.321502
2017-01-26 05:20:46,249 INFO     Wrote output to trainNN/out/v045-unified-9-gfe48245-dirty:simple-ff-ffv-adam-70-50-40-30/config.json
2017-01-26 05:21:37,325 INFO     Saving network params to trainNN/out/v045-unified-9-gfe48245-dirty:simple-ff-ffv-adam-70-50-40-30/epoch-092.pkl
2017-01-26 05:21:41,218 INFO     epoch: 92 took 54.974s (0.018s in batching)
training loss:	0.577505
validation loss:	0.602096
validation error:	0.321333
2017-01-26 05:21:41,223 INFO     Wrote output to trainNN/out/v045-unified-9-gfe48245-dirty:simple-ff-ffv-adam-70-50-40-30/config.json
2017-01-26 05:22:31,944 INFO     Saving network params to trainNN/out/v045-unified-9-gfe48245-dirty:simple-ff-ffv-adam-70-50-40-30/epoch-093.pkl
2017-01-26 05:22:35,742 INFO     epoch: 93 took 54.525s (0.018s in batching)
training loss:	0.577435
validation loss:	0.600717
validation error:	0.322057
2017-01-26 05:22:35,748 INFO     Wrote output to trainNN/out/v045-unified-9-gfe48245-dirty:simple-ff-ffv-adam-70-50-40-30/config.json
2017-01-26 05:23:26,611 INFO     Saving network params to trainNN/out/v045-unified-9-gfe48245-dirty:simple-ff-ffv-adam-70-50-40-30/epoch-094.pkl
2017-01-26 05:23:30,586 INFO     epoch: 94 took 54.844s (0.018s in batching)
training loss:	0.577596
validation loss:	0.602841
validation error:	0.323737
2017-01-26 05:23:30,592 INFO     Wrote output to trainNN/out/v045-unified-9-gfe48245-dirty:simple-ff-ffv-adam-70-50-40-30/config.json
2017-01-26 05:24:21,614 INFO     Saving network params to trainNN/out/v045-unified-9-gfe48245-dirty:simple-ff-ffv-adam-70-50-40-30/epoch-095.pkl
2017-01-26 05:24:25,525 INFO     epoch: 95 took 54.939s (0.019s in batching)
training loss:	0.577408
validation loss:	0.604007
validation error:	0.322444
2017-01-26 05:24:25,531 INFO     Wrote output to trainNN/out/v045-unified-9-gfe48245-dirty:simple-ff-ffv-adam-70-50-40-30/config.json
2017-01-26 05:25:16,376 INFO     Saving network params to trainNN/out/v045-unified-9-gfe48245-dirty:simple-ff-ffv-adam-70-50-40-30/epoch-096.pkl
2017-01-26 05:25:20,224 INFO     epoch: 96 took 54.699s (0.017s in batching)
training loss:	0.577327
validation loss:	0.606629
validation error:	0.323336
2017-01-26 05:25:20,230 INFO     Wrote output to trainNN/out/v045-unified-9-gfe48245-dirty:simple-ff-ffv-adam-70-50-40-30/config.json
2017-01-26 05:26:11,182 INFO     Saving network params to trainNN/out/v045-unified-9-gfe48245-dirty:simple-ff-ffv-adam-70-50-40-30/epoch-097.pkl
2017-01-26 05:26:15,072 INFO     epoch: 97 took 54.848s (0.018s in batching)
training loss:	0.577299
validation loss:	0.601789
validation error:	0.323792
2017-01-26 05:26:15,078 INFO     Wrote output to trainNN/out/v045-unified-9-gfe48245-dirty:simple-ff-ffv-adam-70-50-40-30/config.json
2017-01-26 05:27:05,937 INFO     Saving network params to trainNN/out/v045-unified-9-gfe48245-dirty:simple-ff-ffv-adam-70-50-40-30/epoch-098.pkl
2017-01-26 05:27:09,988 INFO     epoch: 98 took 54.916s (0.017s in batching)
training loss:	0.577221
validation loss:	0.603202
validation error:	0.324699
2017-01-26 05:27:09,994 INFO     Wrote output to trainNN/out/v045-unified-9-gfe48245-dirty:simple-ff-ffv-adam-70-50-40-30/config.json
2017-01-26 05:28:01,120 INFO     Saving network params to trainNN/out/v045-unified-9-gfe48245-dirty:simple-ff-ffv-adam-70-50-40-30/epoch-099.pkl
2017-01-26 05:28:04,984 INFO     epoch: 99 took 54.996s (0.019s in batching)
training loss:	0.577104
validation loss:	0.605895
validation error:	0.321963
2017-01-26 05:28:04,990 INFO     Wrote output to trainNN/out/v045-unified-9-gfe48245-dirty:simple-ff-ffv-adam-70-50-40-30/config.json
2017-01-26 05:28:55,839 INFO     Saving network params to trainNN/out/v045-unified-9-gfe48245-dirty:simple-ff-ffv-adam-70-50-40-30/epoch-100.pkl
2017-01-26 05:28:59,696 INFO     epoch: 100 took 54.712s (0.018s in batching)
training loss:	0.576949
validation loss:	0.602056
validation error:	0.321239
2017-01-26 05:28:59,701 INFO     Wrote output to trainNN/out/v045-unified-9-gfe48245-dirty:simple-ff-ffv-adam-70-50-40-30/config.json
2017-01-26 05:29:50,244 INFO     Saving network params to trainNN/out/v045-unified-9-gfe48245-dirty:simple-ff-ffv-adam-70-50-40-30/epoch-101.pkl
2017-01-26 05:29:54,117 INFO     epoch: 101 took 54.422s (0.018s in batching)
training loss:	0.577085
validation loss:	0.600692
validation error:	0.322186
2017-01-26 05:29:54,123 INFO     Wrote output to trainNN/out/v045-unified-9-gfe48245-dirty:simple-ff-ffv-adam-70-50-40-30/config.json
2017-01-26 05:30:45,103 INFO     Saving network params to trainNN/out/v045-unified-9-gfe48245-dirty:simple-ff-ffv-adam-70-50-40-30/epoch-102.pkl
2017-01-26 05:30:49,016 INFO     epoch: 102 took 54.898s (0.018s in batching)
training loss:	0.577003
validation loss:	0.602646
validation error:	0.323063
2017-01-26 05:30:49,022 INFO     Wrote output to trainNN/out/v045-unified-9-gfe48245-dirty:simple-ff-ffv-adam-70-50-40-30/config.json
2017-01-26 05:31:39,556 INFO     Saving network params to trainNN/out/v045-unified-9-gfe48245-dirty:simple-ff-ffv-adam-70-50-40-30/epoch-103.pkl
2017-01-26 05:31:43,319 INFO     epoch: 103 took 54.303s (0.018s in batching)
training loss:	0.577038
validation loss:	0.605397
validation error:	0.325041
2017-01-26 05:31:43,325 INFO     Wrote output to trainNN/out/v045-unified-9-gfe48245-dirty:simple-ff-ffv-adam-70-50-40-30/config.json
2017-01-26 05:32:33,324 INFO     Saving network params to trainNN/out/v045-unified-9-gfe48245-dirty:simple-ff-ffv-adam-70-50-40-30/epoch-104.pkl
2017-01-26 05:32:37,037 INFO     epoch: 104 took 53.718s (0.017s in batching)
training loss:	0.576853
validation loss:	0.602381
validation error:	0.321819
2017-01-26 05:32:37,042 INFO     Wrote output to trainNN/out/v045-unified-9-gfe48245-dirty:simple-ff-ffv-adam-70-50-40-30/config.json
2017-01-26 05:33:26,710 INFO     Saving network params to trainNN/out/v045-unified-9-gfe48245-dirty:simple-ff-ffv-adam-70-50-40-30/epoch-105.pkl
2017-01-26 05:33:30,658 INFO     epoch: 105 took 53.621s (0.018s in batching)
training loss:	0.576896
validation loss:	0.604330
validation error:	0.325864
2017-01-26 05:33:30,664 INFO     Wrote output to trainNN/out/v045-unified-9-gfe48245-dirty:simple-ff-ffv-adam-70-50-40-30/config.json
2017-01-26 05:34:21,483 INFO     Saving network params to trainNN/out/v045-unified-9-gfe48245-dirty:simple-ff-ffv-adam-70-50-40-30/epoch-106.pkl
2017-01-26 05:34:25,361 INFO     epoch: 106 took 54.703s (0.018s in batching)
training loss:	0.576943
validation loss:	0.599975
validation error:	0.322568
2017-01-26 05:34:25,368 INFO     Wrote output to trainNN/out/v045-unified-9-gfe48245-dirty:simple-ff-ffv-adam-70-50-40-30/config.json
2017-01-26 05:35:16,040 INFO     Saving network params to trainNN/out/v045-unified-9-gfe48245-dirty:simple-ff-ffv-adam-70-50-40-30/epoch-107.pkl
2017-01-26 05:35:19,909 INFO     epoch: 107 took 54.548s (0.018s in batching)
training loss:	0.576869
validation loss:	0.604997
validation error:	0.323812
2017-01-26 05:35:19,915 INFO     Wrote output to trainNN/out/v045-unified-9-gfe48245-dirty:simple-ff-ffv-adam-70-50-40-30/config.json
2017-01-26 05:36:10,475 INFO     Saving network params to trainNN/out/v045-unified-9-gfe48245-dirty:simple-ff-ffv-adam-70-50-40-30/epoch-108.pkl
2017-01-26 05:36:14,368 INFO     epoch: 108 took 54.459s (0.018s in batching)
training loss:	0.576690
validation loss:	0.604309
validation error:	0.322875
2017-01-26 05:36:14,374 INFO     Wrote output to trainNN/out/v045-unified-9-gfe48245-dirty:simple-ff-ffv-adam-70-50-40-30/config.json
2017-01-26 05:37:05,232 INFO     Saving network params to trainNN/out/v045-unified-9-gfe48245-dirty:simple-ff-ffv-adam-70-50-40-30/epoch-109.pkl
2017-01-26 05:37:09,122 INFO     epoch: 109 took 54.754s (0.017s in batching)
training loss:	0.576711
validation loss:	0.603126
validation error:	0.322523
2017-01-26 05:37:09,129 INFO     Wrote output to trainNN/out/v045-unified-9-gfe48245-dirty:simple-ff-ffv-adam-70-50-40-30/config.json
2017-01-26 05:38:00,049 INFO     Saving network params to trainNN/out/v045-unified-9-gfe48245-dirty:simple-ff-ffv-adam-70-50-40-30/epoch-110.pkl
2017-01-26 05:38:03,990 INFO     epoch: 110 took 54.867s (0.019s in batching)
training loss:	0.576772
validation loss:	0.605579
validation error:	0.323504
2017-01-26 05:38:03,996 INFO     Wrote output to trainNN/out/v045-unified-9-gfe48245-dirty:simple-ff-ffv-adam-70-50-40-30/config.json
2017-01-26 05:38:54,837 INFO     Saving network params to trainNN/out/v045-unified-9-gfe48245-dirty:simple-ff-ffv-adam-70-50-40-30/epoch-111.pkl
2017-01-26 05:38:58,674 INFO     epoch: 111 took 54.684s (0.018s in batching)
training loss:	0.576640
validation loss:	0.600892
validation error:	0.321085
2017-01-26 05:38:58,680 INFO     Wrote output to trainNN/out/v045-unified-9-gfe48245-dirty:simple-ff-ffv-adam-70-50-40-30/config.json
2017-01-26 05:39:49,525 INFO     Saving network params to trainNN/out/v045-unified-9-gfe48245-dirty:simple-ff-ffv-adam-70-50-40-30/epoch-112.pkl
2017-01-26 05:39:53,310 INFO     epoch: 112 took 54.636s (0.018s in batching)
training loss:	0.576647
validation loss:	0.605384
validation error:	0.324243
2017-01-26 05:39:53,316 INFO     Wrote output to trainNN/out/v045-unified-9-gfe48245-dirty:simple-ff-ffv-adam-70-50-40-30/config.json
2017-01-26 05:40:43,728 INFO     Saving network params to trainNN/out/v045-unified-9-gfe48245-dirty:simple-ff-ffv-adam-70-50-40-30/epoch-113.pkl
2017-01-26 05:40:47,586 INFO     epoch: 113 took 54.276s (0.018s in batching)
training loss:	0.576372
validation loss:	0.602728
validation error:	0.322513
2017-01-26 05:40:47,592 INFO     Wrote output to trainNN/out/v045-unified-9-gfe48245-dirty:simple-ff-ffv-adam-70-50-40-30/config.json
2017-01-26 05:41:38,534 INFO     Saving network params to trainNN/out/v045-unified-9-gfe48245-dirty:simple-ff-ffv-adam-70-50-40-30/epoch-114.pkl
2017-01-26 05:41:42,371 INFO     epoch: 114 took 54.785s (0.018s in batching)
training loss:	0.576437
validation loss:	0.600272
validation error:	0.320233
2017-01-26 05:41:42,378 INFO     Wrote output to trainNN/out/v045-unified-9-gfe48245-dirty:simple-ff-ffv-adam-70-50-40-30/config.json
2017-01-26 05:42:33,264 INFO     Saving network params to trainNN/out/v045-unified-9-gfe48245-dirty:simple-ff-ffv-adam-70-50-40-30/epoch-115.pkl
2017-01-26 05:42:37,241 INFO     epoch: 115 took 54.870s (0.018s in batching)
training loss:	0.576405
validation loss:	0.603617
validation error:	0.320585
2017-01-26 05:42:37,247 INFO     Wrote output to trainNN/out/v045-unified-9-gfe48245-dirty:simple-ff-ffv-adam-70-50-40-30/config.json
2017-01-26 05:43:28,184 INFO     Saving network params to trainNN/out/v045-unified-9-gfe48245-dirty:simple-ff-ffv-adam-70-50-40-30/epoch-116.pkl
2017-01-26 05:43:32,074 INFO     epoch: 116 took 54.833s (0.018s in batching)
training loss:	0.576350
validation loss:	0.601108
validation error:	0.321690
2017-01-26 05:43:32,080 INFO     Wrote output to trainNN/out/v045-unified-9-gfe48245-dirty:simple-ff-ffv-adam-70-50-40-30/config.json
2017-01-26 05:44:22,619 INFO     Saving network params to trainNN/out/v045-unified-9-gfe48245-dirty:simple-ff-ffv-adam-70-50-40-30/epoch-117.pkl
2017-01-26 05:44:26,499 INFO     epoch: 117 took 54.425s (0.018s in batching)
training loss:	0.576264
validation loss:	0.603907
validation error:	0.322682
2017-01-26 05:44:26,505 INFO     Wrote output to trainNN/out/v045-unified-9-gfe48245-dirty:simple-ff-ffv-adam-70-50-40-30/config.json
2017-01-26 05:45:16,986 INFO     Saving network params to trainNN/out/v045-unified-9-gfe48245-dirty:simple-ff-ffv-adam-70-50-40-30/epoch-118.pkl
2017-01-26 05:45:20,773 INFO     epoch: 118 took 54.274s (0.018s in batching)
training loss:	0.576381
validation loss:	0.602371
validation error:	0.322553
2017-01-26 05:45:20,780 INFO     Wrote output to trainNN/out/v045-unified-9-gfe48245-dirty:simple-ff-ffv-adam-70-50-40-30/config.json
2017-01-26 05:46:11,453 INFO     Saving network params to trainNN/out/v045-unified-9-gfe48245-dirty:simple-ff-ffv-adam-70-50-40-30/epoch-119.pkl
2017-01-26 05:46:15,373 INFO     epoch: 119 took 54.599s (0.017s in batching)
training loss:	0.576264
validation loss:	0.604995
validation error:	0.322235
2017-01-26 05:46:15,379 INFO     Wrote output to trainNN/out/v045-unified-9-gfe48245-dirty:simple-ff-ffv-adam-70-50-40-30/config.json
2017-01-26 05:47:06,028 INFO     Saving network params to trainNN/out/v045-unified-9-gfe48245-dirty:simple-ff-ffv-adam-70-50-40-30/epoch-120.pkl
2017-01-26 05:47:09,853 INFO     epoch: 120 took 54.480s (0.018s in batching)
training loss:	0.576194
validation loss:	0.600057
validation error:	0.322478
2017-01-26 05:47:09,859 INFO     Wrote output to trainNN/out/v045-unified-9-gfe48245-dirty:simple-ff-ffv-adam-70-50-40-30/config.json
2017-01-26 05:48:00,402 INFO     Saving network params to trainNN/out/v045-unified-9-gfe48245-dirty:simple-ff-ffv-adam-70-50-40-30/epoch-121.pkl
2017-01-26 05:48:04,257 INFO     epoch: 121 took 54.404s (0.018s in batching)
training loss:	0.576148
validation loss:	0.604321
validation error:	0.323772
2017-01-26 05:48:04,267 INFO     Wrote output to trainNN/out/v045-unified-9-gfe48245-dirty:simple-ff-ffv-adam-70-50-40-30/config.json
2017-01-26 05:48:54,703 INFO     Saving network params to trainNN/out/v045-unified-9-gfe48245-dirty:simple-ff-ffv-adam-70-50-40-30/epoch-122.pkl
2017-01-26 05:48:58,586 INFO     epoch: 122 took 54.329s (0.022s in batching)
training loss:	0.576182
validation loss:	0.604724
validation error:	0.321750
2017-01-26 05:48:58,592 INFO     Wrote output to trainNN/out/v045-unified-9-gfe48245-dirty:simple-ff-ffv-adam-70-50-40-30/config.json
2017-01-26 05:49:49,116 INFO     Saving network params to trainNN/out/v045-unified-9-gfe48245-dirty:simple-ff-ffv-adam-70-50-40-30/epoch-123.pkl
2017-01-26 05:49:52,956 INFO     epoch: 123 took 54.371s (0.018s in batching)
training loss:	0.576103
validation loss:	0.604114
validation error:	0.321611
2017-01-26 05:49:52,963 INFO     Wrote output to trainNN/out/v045-unified-9-gfe48245-dirty:simple-ff-ffv-adam-70-50-40-30/config.json
2017-01-26 05:50:43,655 INFO     Saving network params to trainNN/out/v045-unified-9-gfe48245-dirty:simple-ff-ffv-adam-70-50-40-30/epoch-124.pkl
2017-01-26 05:50:47,610 INFO     epoch: 124 took 54.654s (0.018s in batching)
training loss:	0.576142
validation loss:	0.606993
validation error:	0.322776
2017-01-26 05:50:47,617 INFO     Wrote output to trainNN/out/v045-unified-9-gfe48245-dirty:simple-ff-ffv-adam-70-50-40-30/config.json
2017-01-26 05:51:38,408 INFO     Saving network params to trainNN/out/v045-unified-9-gfe48245-dirty:simple-ff-ffv-adam-70-50-40-30/epoch-125.pkl
2017-01-26 05:51:42,213 INFO     epoch: 125 took 54.603s (0.018s in batching)
training loss:	0.576127
validation loss:	0.603072
validation error:	0.319703
2017-01-26 05:51:42,220 INFO     Wrote output to trainNN/out/v045-unified-9-gfe48245-dirty:simple-ff-ffv-adam-70-50-40-30/config.json
2017-01-26 05:52:32,768 INFO     Saving network params to trainNN/out/v045-unified-9-gfe48245-dirty:simple-ff-ffv-adam-70-50-40-30/epoch-126.pkl
2017-01-26 05:52:36,578 INFO     epoch: 126 took 54.365s (0.018s in batching)
training loss:	0.575971
validation loss:	0.603426
validation error:	0.320446
2017-01-26 05:52:36,585 INFO     Wrote output to trainNN/out/v045-unified-9-gfe48245-dirty:simple-ff-ffv-adam-70-50-40-30/config.json
2017-01-26 05:53:27,079 INFO     Saving network params to trainNN/out/v045-unified-9-gfe48245-dirty:simple-ff-ffv-adam-70-50-40-30/epoch-127.pkl
2017-01-26 05:53:30,908 INFO     epoch: 127 took 54.329s (0.018s in batching)
training loss:	0.575936
validation loss:	0.601395
validation error:	0.324396
2017-01-26 05:53:30,915 INFO     Wrote output to trainNN/out/v045-unified-9-gfe48245-dirty:simple-ff-ffv-adam-70-50-40-30/config.json
2017-01-26 05:54:21,563 INFO     Saving network params to trainNN/out/v045-unified-9-gfe48245-dirty:simple-ff-ffv-adam-70-50-40-30/epoch-128.pkl
2017-01-26 05:54:25,389 INFO     epoch: 128 took 54.481s (0.018s in batching)
training loss:	0.575971
validation loss:	0.601295
validation error:	0.320758
2017-01-26 05:54:25,396 INFO     Wrote output to trainNN/out/v045-unified-9-gfe48245-dirty:simple-ff-ffv-adam-70-50-40-30/config.json
2017-01-26 05:55:16,194 INFO     Saving network params to trainNN/out/v045-unified-9-gfe48245-dirty:simple-ff-ffv-adam-70-50-40-30/epoch-129.pkl
2017-01-26 05:55:20,030 INFO     epoch: 129 took 54.641s (0.018s in batching)
training loss:	0.575869
validation loss:	0.605220
validation error:	0.322642
2017-01-26 05:55:20,038 INFO     Wrote output to trainNN/out/v045-unified-9-gfe48245-dirty:simple-ff-ffv-adam-70-50-40-30/config.json
2017-01-26 05:56:10,343 INFO     Saving network params to trainNN/out/v045-unified-9-gfe48245-dirty:simple-ff-ffv-adam-70-50-40-30/epoch-130.pkl
2017-01-26 05:56:14,215 INFO     epoch: 130 took 54.185s (0.018s in batching)
training loss:	0.575835
validation loss:	0.604656
validation error:	0.323093
2017-01-26 05:56:14,222 INFO     Wrote output to trainNN/out/v045-unified-9-gfe48245-dirty:simple-ff-ffv-adam-70-50-40-30/config.json
2017-01-26 05:57:04,616 INFO     Saving network params to trainNN/out/v045-unified-9-gfe48245-dirty:simple-ff-ffv-adam-70-50-40-30/epoch-131.pkl
2017-01-26 05:57:08,415 INFO     epoch: 131 took 54.200s (0.018s in batching)
training loss:	0.575840
validation loss:	0.602090
validation error:	0.321913
2017-01-26 05:57:08,423 INFO     Wrote output to trainNN/out/v045-unified-9-gfe48245-dirty:simple-ff-ffv-adam-70-50-40-30/config.json
2017-01-26 05:57:59,084 INFO     Saving network params to trainNN/out/v045-unified-9-gfe48245-dirty:simple-ff-ffv-adam-70-50-40-30/epoch-132.pkl
2017-01-26 05:58:02,981 INFO     epoch: 132 took 54.566s (0.018s in batching)
training loss:	0.575731
validation loss:	0.602846
validation error:	0.321363
2017-01-26 05:58:02,988 INFO     Wrote output to trainNN/out/v045-unified-9-gfe48245-dirty:simple-ff-ffv-adam-70-50-40-30/config.json
2017-01-26 05:58:53,606 INFO     Saving network params to trainNN/out/v045-unified-9-gfe48245-dirty:simple-ff-ffv-adam-70-50-40-30/epoch-133.pkl
2017-01-26 05:58:57,401 INFO     epoch: 133 took 54.420s (0.019s in batching)
training loss:	0.575911
validation loss:	0.603801
validation error:	0.320367
2017-01-26 05:58:57,408 INFO     Wrote output to trainNN/out/v045-unified-9-gfe48245-dirty:simple-ff-ffv-adam-70-50-40-30/config.json
2017-01-26 05:59:48,002 INFO     Saving network params to trainNN/out/v045-unified-9-gfe48245-dirty:simple-ff-ffv-adam-70-50-40-30/epoch-134.pkl
2017-01-26 05:59:51,871 INFO     epoch: 134 took 54.471s (0.018s in batching)
training loss:	0.575806
validation loss:	0.603147
validation error:	0.322270
2017-01-26 05:59:51,878 INFO     Wrote output to trainNN/out/v045-unified-9-gfe48245-dirty:simple-ff-ffv-adam-70-50-40-30/config.json
2017-01-26 06:00:42,580 INFO     Saving network params to trainNN/out/v045-unified-9-gfe48245-dirty:simple-ff-ffv-adam-70-50-40-30/epoch-135.pkl
2017-01-26 06:00:46,408 INFO     epoch: 135 took 54.537s (0.018s in batching)
training loss:	0.575788
validation loss:	0.601616
validation error:	0.320050
2017-01-26 06:00:46,415 INFO     Wrote output to trainNN/out/v045-unified-9-gfe48245-dirty:simple-ff-ffv-adam-70-50-40-30/config.json
2017-01-26 06:01:37,023 INFO     Saving network params to trainNN/out/v045-unified-9-gfe48245-dirty:simple-ff-ffv-adam-70-50-40-30/epoch-136.pkl
2017-01-26 06:01:40,909 INFO     epoch: 136 took 54.501s (0.018s in batching)
training loss:	0.575681
validation loss:	0.604673
validation error:	0.323916
2017-01-26 06:01:40,917 INFO     Wrote output to trainNN/out/v045-unified-9-gfe48245-dirty:simple-ff-ffv-adam-70-50-40-30/config.json
2017-01-26 06:02:31,563 INFO     Saving network params to trainNN/out/v045-unified-9-gfe48245-dirty:simple-ff-ffv-adam-70-50-40-30/epoch-137.pkl
2017-01-26 06:02:35,438 INFO     epoch: 137 took 54.529s (0.019s in batching)
training loss:	0.575689
validation loss:	0.604998
validation error:	0.322716
2017-01-26 06:02:35,446 INFO     Wrote output to trainNN/out/v045-unified-9-gfe48245-dirty:simple-ff-ffv-adam-70-50-40-30/config.json
2017-01-26 06:03:25,968 INFO     Saving network params to trainNN/out/v045-unified-9-gfe48245-dirty:simple-ff-ffv-adam-70-50-40-30/epoch-138.pkl
2017-01-26 06:03:29,742 INFO     epoch: 138 took 54.304s (0.018s in batching)
training loss:	0.575672
validation loss:	0.600332
validation error:	0.320748
2017-01-26 06:03:29,750 INFO     Wrote output to trainNN/out/v045-unified-9-gfe48245-dirty:simple-ff-ffv-adam-70-50-40-30/config.json
2017-01-26 06:04:20,080 INFO     Saving network params to trainNN/out/v045-unified-9-gfe48245-dirty:simple-ff-ffv-adam-70-50-40-30/epoch-139.pkl
2017-01-26 06:04:24,090 INFO     epoch: 139 took 54.348s (0.018s in batching)
training loss:	0.575498
validation loss:	0.608833
validation error:	0.325378
2017-01-26 06:04:24,097 INFO     Wrote output to trainNN/out/v045-unified-9-gfe48245-dirty:simple-ff-ffv-adam-70-50-40-30/config.json
2017-01-26 06:05:14,545 INFO     Saving network params to trainNN/out/v045-unified-9-gfe48245-dirty:simple-ff-ffv-adam-70-50-40-30/epoch-140.pkl
2017-01-26 06:05:18,340 INFO     epoch: 140 took 54.250s (0.018s in batching)
training loss:	0.575638
validation loss:	0.602916
validation error:	0.322349
2017-01-26 06:05:18,347 INFO     Wrote output to trainNN/out/v045-unified-9-gfe48245-dirty:simple-ff-ffv-adam-70-50-40-30/config.json
2017-01-26 06:06:08,966 INFO     Saving network params to trainNN/out/v045-unified-9-gfe48245-dirty:simple-ff-ffv-adam-70-50-40-30/epoch-141.pkl
2017-01-26 06:06:12,730 INFO     epoch: 141 took 54.390s (0.019s in batching)
training loss:	0.575528
validation loss:	0.605642
validation error:	0.320828
2017-01-26 06:06:12,737 INFO     Wrote output to trainNN/out/v045-unified-9-gfe48245-dirty:simple-ff-ffv-adam-70-50-40-30/config.json
2017-01-26 06:07:02,968 INFO     Saving network params to trainNN/out/v045-unified-9-gfe48245-dirty:simple-ff-ffv-adam-70-50-40-30/epoch-142.pkl
2017-01-26 06:07:06,820 INFO     epoch: 142 took 54.091s (0.018s in batching)
training loss:	0.575616
validation loss:	0.608417
validation error:	0.324074
2017-01-26 06:07:06,827 INFO     Wrote output to trainNN/out/v045-unified-9-gfe48245-dirty:simple-ff-ffv-adam-70-50-40-30/config.json
2017-01-26 06:07:57,449 INFO     Saving network params to trainNN/out/v045-unified-9-gfe48245-dirty:simple-ff-ffv-adam-70-50-40-30/epoch-143.pkl
2017-01-26 06:08:01,312 INFO     epoch: 143 took 54.492s (0.017s in batching)
training loss:	0.575339
validation loss:	0.603002
validation error:	0.323033
2017-01-26 06:08:01,319 INFO     Wrote output to trainNN/out/v045-unified-9-gfe48245-dirty:simple-ff-ffv-adam-70-50-40-30/config.json
2017-01-26 06:08:52,031 INFO     Saving network params to trainNN/out/v045-unified-9-gfe48245-dirty:simple-ff-ffv-adam-70-50-40-30/epoch-144.pkl
2017-01-26 06:08:55,837 INFO     epoch: 144 took 54.525s (0.018s in batching)
training loss:	0.575619
validation loss:	0.601259
validation error:	0.321432
2017-01-26 06:08:55,845 INFO     Wrote output to trainNN/out/v045-unified-9-gfe48245-dirty:simple-ff-ffv-adam-70-50-40-30/config.json
2017-01-26 06:09:46,500 INFO     Saving network params to trainNN/out/v045-unified-9-gfe48245-dirty:simple-ff-ffv-adam-70-50-40-30/epoch-145.pkl
2017-01-26 06:09:50,381 INFO     epoch: 145 took 54.544s (0.019s in batching)
training loss:	0.575424
validation loss:	0.600681
validation error:	0.322225
2017-01-26 06:09:50,389 INFO     Wrote output to trainNN/out/v045-unified-9-gfe48245-dirty:simple-ff-ffv-adam-70-50-40-30/config.json
2017-01-26 06:10:41,017 INFO     Saving network params to trainNN/out/v045-unified-9-gfe48245-dirty:simple-ff-ffv-adam-70-50-40-30/epoch-146.pkl
2017-01-26 06:10:44,949 INFO     epoch: 146 took 54.568s (0.017s in batching)
training loss:	0.575431
validation loss:	0.606227
validation error:	0.326796
2017-01-26 06:10:44,956 INFO     Wrote output to trainNN/out/v045-unified-9-gfe48245-dirty:simple-ff-ffv-adam-70-50-40-30/config.json
2017-01-26 06:11:35,409 INFO     Saving network params to trainNN/out/v045-unified-9-gfe48245-dirty:simple-ff-ffv-adam-70-50-40-30/epoch-147.pkl
2017-01-26 06:11:39,254 INFO     epoch: 147 took 54.305s (0.018s in batching)
training loss:	0.575397
validation loss:	0.602981
validation error:	0.322191
2017-01-26 06:11:39,262 INFO     Wrote output to trainNN/out/v045-unified-9-gfe48245-dirty:simple-ff-ffv-adam-70-50-40-30/config.json
2017-01-26 06:12:29,891 INFO     Saving network params to trainNN/out/v045-unified-9-gfe48245-dirty:simple-ff-ffv-adam-70-50-40-30/epoch-148.pkl
2017-01-26 06:12:33,717 INFO     epoch: 148 took 54.463s (0.017s in batching)
training loss:	0.575319
validation loss:	0.606113
validation error:	0.326285
2017-01-26 06:12:33,724 INFO     Wrote output to trainNN/out/v045-unified-9-gfe48245-dirty:simple-ff-ffv-adam-70-50-40-30/config.json
2017-01-26 06:13:24,437 INFO     Saving network params to trainNN/out/v045-unified-9-gfe48245-dirty:simple-ff-ffv-adam-70-50-40-30/epoch-149.pkl
2017-01-26 06:13:28,399 INFO     epoch: 149 took 54.683s (0.019s in batching)
training loss:	0.575353
validation loss:	0.603954
validation error:	0.321338
2017-01-26 06:13:28,407 INFO     Wrote output to trainNN/out/v045-unified-9-gfe48245-dirty:simple-ff-ffv-adam-70-50-40-30/config.json
2017-01-26 06:14:18,853 INFO     Saving network params to trainNN/out/v045-unified-9-gfe48245-dirty:simple-ff-ffv-adam-70-50-40-30/epoch-150.pkl
2017-01-26 06:14:22,706 INFO     epoch: 150 took 54.307s (0.018s in batching)
training loss:	0.575314
validation loss:	0.604189
validation error:	0.321492
2017-01-26 06:14:22,714 INFO     Wrote output to trainNN/out/v045-unified-9-gfe48245-dirty:simple-ff-ffv-adam-70-50-40-30/config.json
2017-01-26 06:15:13,454 INFO     Saving network params to trainNN/out/v045-unified-9-gfe48245-dirty:simple-ff-ffv-adam-70-50-40-30/epoch-151.pkl
2017-01-26 06:15:17,181 INFO     epoch: 151 took 54.475s (0.018s in batching)
training loss:	0.575190
validation loss:	0.602606
validation error:	0.321864
2017-01-26 06:15:17,189 INFO     Wrote output to trainNN/out/v045-unified-9-gfe48245-dirty:simple-ff-ffv-adam-70-50-40-30/config.json
2017-01-26 06:16:06,340 INFO     Saving network params to trainNN/out/v045-unified-9-gfe48245-dirty:simple-ff-ffv-adam-70-50-40-30/epoch-152.pkl
2017-01-26 06:16:10,198 INFO     epoch: 152 took 53.017s (0.018s in batching)
training loss:	0.575303
validation loss:	0.603464
validation error:	0.320322
2017-01-26 06:16:10,206 INFO     Wrote output to trainNN/out/v045-unified-9-gfe48245-dirty:simple-ff-ffv-adam-70-50-40-30/config.json
2017-01-26 06:16:51,558 INFO     Saving network params to trainNN/out/v045-unified-9-gfe48245-dirty:simple-ff-ffv-adam-70-50-40-30/epoch-153.pkl
2017-01-26 06:16:54,073 INFO     epoch: 153 took 43.875s (0.018s in batching)
training loss:	0.575114
validation loss:	0.603287
validation error:	0.321720
2017-01-26 06:16:54,081 INFO     Wrote output to trainNN/out/v045-unified-9-gfe48245-dirty:simple-ff-ffv-adam-70-50-40-30/config.json
2017-01-26 06:17:32,858 INFO     Saving network params to trainNN/out/v045-unified-9-gfe48245-dirty:simple-ff-ffv-adam-70-50-40-30/epoch-154.pkl
2017-01-26 06:17:35,293 INFO     epoch: 154 took 41.220s (0.018s in batching)
training loss:	0.575209
validation loss:	0.603541
validation error:	0.321571
2017-01-26 06:17:35,301 INFO     Wrote output to trainNN/out/v045-unified-9-gfe48245-dirty:simple-ff-ffv-adam-70-50-40-30/config.json
2017-01-26 06:18:14,220 INFO     Saving network params to trainNN/out/v045-unified-9-gfe48245-dirty:simple-ff-ffv-adam-70-50-40-30/epoch-155.pkl
2017-01-26 06:18:16,714 INFO     epoch: 155 took 41.422s (0.018s in batching)
training loss:	0.575188
validation loss:	0.602011
validation error:	0.323906
2017-01-26 06:18:16,722 INFO     Wrote output to trainNN/out/v045-unified-9-gfe48245-dirty:simple-ff-ffv-adam-70-50-40-30/config.json
2017-01-26 06:18:58,350 INFO     Saving network params to trainNN/out/v045-unified-9-gfe48245-dirty:simple-ff-ffv-adam-70-50-40-30/epoch-156.pkl
2017-01-26 06:19:01,630 INFO     epoch: 156 took 44.916s (0.018s in batching)
training loss:	0.575227
validation loss:	0.603466
validation error:	0.320575
2017-01-26 06:19:01,638 INFO     Wrote output to trainNN/out/v045-unified-9-gfe48245-dirty:simple-ff-ffv-adam-70-50-40-30/config.json
2017-01-26 06:19:47,851 INFO     Saving network params to trainNN/out/v045-unified-9-gfe48245-dirty:simple-ff-ffv-adam-70-50-40-30/epoch-157.pkl
2017-01-26 06:19:51,088 INFO     epoch: 157 took 49.457s (0.019s in batching)
training loss:	0.575093
validation loss:	0.604589
validation error:	0.321601
2017-01-26 06:19:51,095 INFO     Wrote output to trainNN/out/v045-unified-9-gfe48245-dirty:simple-ff-ffv-adam-70-50-40-30/config.json
2017-01-26 06:20:37,200 INFO     Saving network params to trainNN/out/v045-unified-9-gfe48245-dirty:simple-ff-ffv-adam-70-50-40-30/epoch-158.pkl
2017-01-26 06:20:40,492 INFO     epoch: 158 took 49.405s (0.018s in batching)
training loss:	0.575139
validation loss:	0.602769
validation error:	0.320372
2017-01-26 06:20:40,500 INFO     Wrote output to trainNN/out/v045-unified-9-gfe48245-dirty:simple-ff-ffv-adam-70-50-40-30/config.json
2017-01-26 06:21:26,447 INFO     Saving network params to trainNN/out/v045-unified-9-gfe48245-dirty:simple-ff-ffv-adam-70-50-40-30/epoch-159.pkl
2017-01-26 06:21:29,719 INFO     epoch: 159 took 49.227s (0.018s in batching)
training loss:	0.575106
validation loss:	0.605106
validation error:	0.322042
2017-01-26 06:21:29,727 INFO     Wrote output to trainNN/out/v045-unified-9-gfe48245-dirty:simple-ff-ffv-adam-70-50-40-30/config.json
2017-01-26 06:22:15,595 INFO     Saving network params to trainNN/out/v045-unified-9-gfe48245-dirty:simple-ff-ffv-adam-70-50-40-30/epoch-160.pkl
2017-01-26 06:22:18,860 INFO     epoch: 160 took 49.141s (0.018s in batching)
training loss:	0.575031
validation loss:	0.602540
validation error:	0.320540
2017-01-26 06:22:18,868 INFO     Wrote output to trainNN/out/v045-unified-9-gfe48245-dirty:simple-ff-ffv-adam-70-50-40-30/config.json
2017-01-26 06:23:04,870 INFO     Saving network params to trainNN/out/v045-unified-9-gfe48245-dirty:simple-ff-ffv-adam-70-50-40-30/epoch-161.pkl
2017-01-26 06:23:08,158 INFO     epoch: 161 took 49.298s (0.018s in batching)
training loss:	0.575087
validation loss:	0.603413
validation error:	0.320005
2017-01-26 06:23:08,166 INFO     Wrote output to trainNN/out/v045-unified-9-gfe48245-dirty:simple-ff-ffv-adam-70-50-40-30/config.json
2017-01-26 06:23:54,057 INFO     Saving network params to trainNN/out/v045-unified-9-gfe48245-dirty:simple-ff-ffv-adam-70-50-40-30/epoch-162.pkl
2017-01-26 06:23:57,356 INFO     epoch: 162 took 49.198s (0.018s in batching)
training loss:	0.574966
validation loss:	0.600940
validation error:	0.321646
2017-01-26 06:23:57,364 INFO     Wrote output to trainNN/out/v045-unified-9-gfe48245-dirty:simple-ff-ffv-adam-70-50-40-30/config.json
2017-01-26 06:24:43,387 INFO     Saving network params to trainNN/out/v045-unified-9-gfe48245-dirty:simple-ff-ffv-adam-70-50-40-30/epoch-163.pkl
2017-01-26 06:24:46,670 INFO     epoch: 163 took 49.314s (0.018s in batching)
training loss:	0.574857
validation loss:	0.602019
validation error:	0.324139
2017-01-26 06:24:46,678 INFO     Wrote output to trainNN/out/v045-unified-9-gfe48245-dirty:simple-ff-ffv-adam-70-50-40-30/config.json
2017-01-26 06:25:32,804 INFO     Saving network params to trainNN/out/v045-unified-9-gfe48245-dirty:simple-ff-ffv-adam-70-50-40-30/epoch-164.pkl
2017-01-26 06:25:36,036 INFO     epoch: 164 took 49.366s (0.018s in batching)
training loss:	0.574955
validation loss:	0.604131
validation error:	0.322444
2017-01-26 06:25:36,044 INFO     Wrote output to trainNN/out/v045-unified-9-gfe48245-dirty:simple-ff-ffv-adam-70-50-40-30/config.json
2017-01-26 06:26:22,343 INFO     Saving network params to trainNN/out/v045-unified-9-gfe48245-dirty:simple-ff-ffv-adam-70-50-40-30/epoch-165.pkl
2017-01-26 06:26:25,592 INFO     epoch: 165 took 49.556s (0.018s in batching)
training loss:	0.575005
validation loss:	0.602236
validation error:	0.321601
2017-01-26 06:26:25,600 INFO     Wrote output to trainNN/out/v045-unified-9-gfe48245-dirty:simple-ff-ffv-adam-70-50-40-30/config.json
2017-01-26 06:27:11,296 INFO     Saving network params to trainNN/out/v045-unified-9-gfe48245-dirty:simple-ff-ffv-adam-70-50-40-30/epoch-166.pkl
2017-01-26 06:27:14,538 INFO     epoch: 166 took 48.946s (0.018s in batching)
training loss:	0.574848
validation loss:	0.605030
validation error:	0.321973
2017-01-26 06:27:14,546 INFO     Wrote output to trainNN/out/v045-unified-9-gfe48245-dirty:simple-ff-ffv-adam-70-50-40-30/config.json
2017-01-26 06:28:00,394 INFO     Saving network params to trainNN/out/v045-unified-9-gfe48245-dirty:simple-ff-ffv-adam-70-50-40-30/epoch-167.pkl
2017-01-26 06:28:03,676 INFO     epoch: 167 took 49.138s (0.018s in batching)
training loss:	0.574884
validation loss:	0.602579
validation error:	0.320843
2017-01-26 06:28:03,684 INFO     Wrote output to trainNN/out/v045-unified-9-gfe48245-dirty:simple-ff-ffv-adam-70-50-40-30/config.json
2017-01-26 06:28:49,520 INFO     Saving network params to trainNN/out/v045-unified-9-gfe48245-dirty:simple-ff-ffv-adam-70-50-40-30/epoch-168.pkl
2017-01-26 06:28:52,841 INFO     epoch: 168 took 49.165s (0.018s in batching)
training loss:	0.574805
validation loss:	0.604596
validation error:	0.322339
2017-01-26 06:28:52,849 INFO     Wrote output to trainNN/out/v045-unified-9-gfe48245-dirty:simple-ff-ffv-adam-70-50-40-30/config.json
2017-01-26 06:29:37,897 INFO     Saving network params to trainNN/out/v045-unified-9-gfe48245-dirty:simple-ff-ffv-adam-70-50-40-30/epoch-169.pkl
2017-01-26 06:29:41,103 INFO     epoch: 169 took 48.261s (0.017s in batching)
training loss:	0.574833
validation loss:	0.607307
validation error:	0.320555
2017-01-26 06:29:41,111 INFO     Wrote output to trainNN/out/v045-unified-9-gfe48245-dirty:simple-ff-ffv-adam-70-50-40-30/config.json
2017-01-26 06:30:26,269 INFO     Saving network params to trainNN/out/v045-unified-9-gfe48245-dirty:simple-ff-ffv-adam-70-50-40-30/epoch-170.pkl
2017-01-26 06:30:29,482 INFO     epoch: 170 took 48.379s (0.017s in batching)
training loss:	0.574791
validation loss:	0.603077
validation error:	0.321170
2017-01-26 06:30:29,490 INFO     Wrote output to trainNN/out/v045-unified-9-gfe48245-dirty:simple-ff-ffv-adam-70-50-40-30/config.json
2017-01-26 06:31:19,841 INFO     Saving network params to trainNN/out/v045-unified-9-gfe48245-dirty:simple-ff-ffv-adam-70-50-40-30/epoch-171.pkl
2017-01-26 06:31:24,085 INFO     epoch: 171 took 54.603s (0.018s in batching)
training loss:	0.574707
validation loss:	0.604602
validation error:	0.322835
2017-01-26 06:31:24,093 INFO     Wrote output to trainNN/out/v045-unified-9-gfe48245-dirty:simple-ff-ffv-adam-70-50-40-30/config.json
2017-01-26 06:32:19,394 INFO     Saving network params to trainNN/out/v045-unified-9-gfe48245-dirty:simple-ff-ffv-adam-70-50-40-30/epoch-172.pkl
2017-01-26 06:32:23,574 INFO     epoch: 172 took 59.489s (0.018s in batching)
training loss:	0.574826
validation loss:	0.603422
validation error:	0.320783
2017-01-26 06:32:23,582 INFO     Wrote output to trainNN/out/v045-unified-9-gfe48245-dirty:simple-ff-ffv-adam-70-50-40-30/config.json
2017-01-26 06:33:19,049 INFO     Saving network params to trainNN/out/v045-unified-9-gfe48245-dirty:simple-ff-ffv-adam-70-50-40-30/epoch-173.pkl
2017-01-26 06:33:23,282 INFO     epoch: 173 took 59.708s (0.017s in batching)
training loss:	0.574623
validation loss:	0.603996
validation error:	0.321774
2017-01-26 06:33:23,291 INFO     Wrote output to trainNN/out/v045-unified-9-gfe48245-dirty:simple-ff-ffv-adam-70-50-40-30/config.json
2017-01-26 06:34:18,396 INFO     Saving network params to trainNN/out/v045-unified-9-gfe48245-dirty:simple-ff-ffv-adam-70-50-40-30/epoch-174.pkl
2017-01-26 06:34:22,603 INFO     epoch: 174 took 59.320s (0.018s in batching)
training loss:	0.574659
validation loss:	0.605659
validation error:	0.323643
2017-01-26 06:34:22,611 INFO     Wrote output to trainNN/out/v045-unified-9-gfe48245-dirty:simple-ff-ffv-adam-70-50-40-30/config.json
2017-01-26 06:35:17,998 INFO     Saving network params to trainNN/out/v045-unified-9-gfe48245-dirty:simple-ff-ffv-adam-70-50-40-30/epoch-175.pkl
2017-01-26 06:35:22,179 INFO     epoch: 175 took 59.576s (0.018s in batching)
training loss:	0.574648
validation loss:	0.605371
validation error:	0.326429
2017-01-26 06:35:22,187 INFO     Wrote output to trainNN/out/v045-unified-9-gfe48245-dirty:simple-ff-ffv-adam-70-50-40-30/config.json
2017-01-26 06:36:17,366 INFO     Saving network params to trainNN/out/v045-unified-9-gfe48245-dirty:simple-ff-ffv-adam-70-50-40-30/epoch-176.pkl
2017-01-26 06:36:21,497 INFO     epoch: 176 took 59.318s (0.017s in batching)
training loss:	0.574550
validation loss:	0.603023
validation error:	0.320833
2017-01-26 06:36:21,506 INFO     Wrote output to trainNN/out/v045-unified-9-gfe48245-dirty:simple-ff-ffv-adam-70-50-40-30/config.json
2017-01-26 06:37:16,678 INFO     Saving network params to trainNN/out/v045-unified-9-gfe48245-dirty:simple-ff-ffv-adam-70-50-40-30/epoch-177.pkl
2017-01-26 06:37:20,902 INFO     epoch: 177 took 59.405s (0.018s in batching)
training loss:	0.574632
validation loss:	0.603796
validation error:	0.321988
2017-01-26 06:37:20,910 INFO     Wrote output to trainNN/out/v045-unified-9-gfe48245-dirty:simple-ff-ffv-adam-70-50-40-30/config.json
2017-01-26 06:38:16,286 INFO     Saving network params to trainNN/out/v045-unified-9-gfe48245-dirty:simple-ff-ffv-adam-70-50-40-30/epoch-178.pkl
2017-01-26 06:38:20,547 INFO     epoch: 178 took 59.645s (0.017s in batching)
training loss:	0.574549
validation loss:	0.604893
validation error:	0.321130
2017-01-26 06:38:20,555 INFO     Wrote output to trainNN/out/v045-unified-9-gfe48245-dirty:simple-ff-ffv-adam-70-50-40-30/config.json
2017-01-26 06:39:15,914 INFO     Saving network params to trainNN/out/v045-unified-9-gfe48245-dirty:simple-ff-ffv-adam-70-50-40-30/epoch-179.pkl
2017-01-26 06:39:20,078 INFO     epoch: 179 took 59.532s (0.018s in batching)
training loss:	0.574488
validation loss:	0.604023
validation error:	0.323876
2017-01-26 06:39:20,087 INFO     Wrote output to trainNN/out/v045-unified-9-gfe48245-dirty:simple-ff-ffv-adam-70-50-40-30/config.json
2017-01-26 06:40:15,495 INFO     Saving network params to trainNN/out/v045-unified-9-gfe48245-dirty:simple-ff-ffv-adam-70-50-40-30/epoch-180.pkl
2017-01-26 06:40:19,635 INFO     epoch: 180 took 59.557s (0.018s in batching)
training loss:	0.574498
validation loss:	0.605212
validation error:	0.323370
2017-01-26 06:40:19,644 INFO     Wrote output to trainNN/out/v045-unified-9-gfe48245-dirty:simple-ff-ffv-adam-70-50-40-30/config.json
2017-01-26 06:41:14,278 INFO     Saving network params to trainNN/out/v045-unified-9-gfe48245-dirty:simple-ff-ffv-adam-70-50-40-30/epoch-181.pkl
2017-01-26 06:41:18,495 INFO     epoch: 181 took 58.860s (0.017s in batching)
training loss:	0.574410
validation loss:	0.604181
validation error:	0.321388
2017-01-26 06:41:18,504 INFO     Wrote output to trainNN/out/v045-unified-9-gfe48245-dirty:simple-ff-ffv-adam-70-50-40-30/config.json
2017-01-26 06:42:13,545 INFO     Saving network params to trainNN/out/v045-unified-9-gfe48245-dirty:simple-ff-ffv-adam-70-50-40-30/epoch-182.pkl
2017-01-26 06:42:17,831 INFO     epoch: 182 took 59.335s (0.018s in batching)
training loss:	0.574448
validation loss:	0.604504
validation error:	0.321214
2017-01-26 06:42:17,840 INFO     Wrote output to trainNN/out/v045-unified-9-gfe48245-dirty:simple-ff-ffv-adam-70-50-40-30/config.json
2017-01-26 06:43:13,019 INFO     Saving network params to trainNN/out/v045-unified-9-gfe48245-dirty:simple-ff-ffv-adam-70-50-40-30/epoch-183.pkl
2017-01-26 06:43:17,225 INFO     epoch: 183 took 59.394s (0.017s in batching)
training loss:	0.574527
validation loss:	0.601868
validation error:	0.320322
2017-01-26 06:43:17,234 INFO     Wrote output to trainNN/out/v045-unified-9-gfe48245-dirty:simple-ff-ffv-adam-70-50-40-30/config.json
2017-01-26 06:44:12,333 INFO     Saving network params to trainNN/out/v045-unified-9-gfe48245-dirty:simple-ff-ffv-adam-70-50-40-30/epoch-184.pkl
2017-01-26 06:44:16,562 INFO     epoch: 184 took 59.336s (0.017s in batching)
training loss:	0.574443
validation loss:	0.603328
validation error:	0.323242
2017-01-26 06:44:16,570 INFO     Wrote output to trainNN/out/v045-unified-9-gfe48245-dirty:simple-ff-ffv-adam-70-50-40-30/config.json
2017-01-26 06:45:11,842 INFO     Saving network params to trainNN/out/v045-unified-9-gfe48245-dirty:simple-ff-ffv-adam-70-50-40-30/epoch-185.pkl
2017-01-26 06:45:16,068 INFO     epoch: 185 took 59.506s (0.018s in batching)
training loss:	0.574583
validation loss:	0.600247
validation error:	0.321294
2017-01-26 06:45:16,077 INFO     Wrote output to trainNN/out/v045-unified-9-gfe48245-dirty:simple-ff-ffv-adam-70-50-40-30/config.json
2017-01-26 06:46:11,291 INFO     Saving network params to trainNN/out/v045-unified-9-gfe48245-dirty:simple-ff-ffv-adam-70-50-40-30/epoch-186.pkl
2017-01-26 06:46:15,487 INFO     epoch: 186 took 59.419s (0.017s in batching)
training loss:	0.574598
validation loss:	0.603762
validation error:	0.322835
2017-01-26 06:46:15,496 INFO     Wrote output to trainNN/out/v045-unified-9-gfe48245-dirty:simple-ff-ffv-adam-70-50-40-30/config.json
2017-01-26 06:47:10,496 INFO     Saving network params to trainNN/out/v045-unified-9-gfe48245-dirty:simple-ff-ffv-adam-70-50-40-30/epoch-187.pkl
2017-01-26 06:47:14,618 INFO     epoch: 187 took 59.131s (0.018s in batching)
training loss:	0.574475
validation loss:	0.605134
validation error:	0.324491
2017-01-26 06:47:14,627 INFO     Wrote output to trainNN/out/v045-unified-9-gfe48245-dirty:simple-ff-ffv-adam-70-50-40-30/config.json
2017-01-26 06:48:09,564 INFO     Saving network params to trainNN/out/v045-unified-9-gfe48245-dirty:simple-ff-ffv-adam-70-50-40-30/epoch-188.pkl
2017-01-26 06:48:13,422 INFO     epoch: 188 took 58.804s (0.018s in batching)
training loss:	0.574362
validation loss:	0.602901
validation error:	0.321784
2017-01-26 06:48:13,431 INFO     Wrote output to trainNN/out/v045-unified-9-gfe48245-dirty:simple-ff-ffv-adam-70-50-40-30/config.json
2017-01-26 06:49:08,574 INFO     Saving network params to trainNN/out/v045-unified-9-gfe48245-dirty:simple-ff-ffv-adam-70-50-40-30/epoch-189.pkl
2017-01-26 06:49:12,828 INFO     epoch: 189 took 59.406s (0.018s in batching)
training loss:	0.574362
validation loss:	0.601640
validation error:	0.321794
2017-01-26 06:49:12,836 INFO     Wrote output to trainNN/out/v045-unified-9-gfe48245-dirty:simple-ff-ffv-adam-70-50-40-30/config.json
2017-01-26 06:50:08,149 INFO     Saving network params to trainNN/out/v045-unified-9-gfe48245-dirty:simple-ff-ffv-adam-70-50-40-30/epoch-190.pkl
2017-01-26 06:50:12,334 INFO     epoch: 190 took 59.506s (0.018s in batching)
training loss:	0.574302
validation loss:	0.605139
validation error:	0.320897
2017-01-26 06:50:12,343 INFO     Wrote output to trainNN/out/v045-unified-9-gfe48245-dirty:simple-ff-ffv-adam-70-50-40-30/config.json
2017-01-26 06:51:07,933 INFO     Saving network params to trainNN/out/v045-unified-9-gfe48245-dirty:simple-ff-ffv-adam-70-50-40-30/epoch-191.pkl
2017-01-26 06:51:12,196 INFO     epoch: 191 took 59.862s (0.017s in batching)
training loss:	0.574297
validation loss:	0.607929
validation error:	0.321373
2017-01-26 06:51:12,205 INFO     Wrote output to trainNN/out/v045-unified-9-gfe48245-dirty:simple-ff-ffv-adam-70-50-40-30/config.json
2017-01-26 06:52:07,613 INFO     Saving network params to trainNN/out/v045-unified-9-gfe48245-dirty:simple-ff-ffv-adam-70-50-40-30/epoch-192.pkl
2017-01-26 06:52:11,840 INFO     epoch: 192 took 59.644s (0.017s in batching)
training loss:	0.574267
validation loss:	0.605225
validation error:	0.327088
2017-01-26 06:52:11,849 INFO     Wrote output to trainNN/out/v045-unified-9-gfe48245-dirty:simple-ff-ffv-adam-70-50-40-30/config.json
2017-01-26 06:53:07,318 INFO     Saving network params to trainNN/out/v045-unified-9-gfe48245-dirty:simple-ff-ffv-adam-70-50-40-30/epoch-193.pkl
2017-01-26 06:53:11,559 INFO     epoch: 193 took 59.719s (0.019s in batching)
training loss:	0.574320
validation loss:	0.603385
validation error:	0.323589
2017-01-26 06:53:11,568 INFO     Wrote output to trainNN/out/v045-unified-9-gfe48245-dirty:simple-ff-ffv-adam-70-50-40-30/config.json
2017-01-26 06:54:07,779 INFO     Saving network params to trainNN/out/v045-unified-9-gfe48245-dirty:simple-ff-ffv-adam-70-50-40-30/epoch-194.pkl
2017-01-26 06:54:11,902 INFO     epoch: 194 took 60.343s (0.018s in batching)
training loss:	0.574057
validation loss:	0.608485
validation error:	0.322627
2017-01-26 06:54:11,911 INFO     Wrote output to trainNN/out/v045-unified-9-gfe48245-dirty:simple-ff-ffv-adam-70-50-40-30/config.json
2017-01-26 06:55:07,104 INFO     Saving network params to trainNN/out/v045-unified-9-gfe48245-dirty:simple-ff-ffv-adam-70-50-40-30/epoch-195.pkl
2017-01-26 06:55:11,355 INFO     epoch: 195 took 59.453s (0.018s in batching)
training loss:	0.574252
validation loss:	0.602778
validation error:	0.321561
2017-01-26 06:55:11,364 INFO     Wrote output to trainNN/out/v045-unified-9-gfe48245-dirty:simple-ff-ffv-adam-70-50-40-30/config.json
2017-01-26 06:56:07,040 INFO     Saving network params to trainNN/out/v045-unified-9-gfe48245-dirty:simple-ff-ffv-adam-70-50-40-30/epoch-196.pkl
2017-01-26 06:56:11,261 INFO     epoch: 196 took 59.906s (0.018s in batching)
training loss:	0.574169
validation loss:	0.603611
validation error:	0.322523
2017-01-26 06:56:11,271 INFO     Wrote output to trainNN/out/v045-unified-9-gfe48245-dirty:simple-ff-ffv-adam-70-50-40-30/config.json
2017-01-26 06:57:06,918 INFO     Saving network params to trainNN/out/v045-unified-9-gfe48245-dirty:simple-ff-ffv-adam-70-50-40-30/epoch-197.pkl
2017-01-26 06:57:11,116 INFO     epoch: 197 took 59.854s (0.017s in batching)
training loss:	0.574262
validation loss:	0.602910
validation error:	0.324228
2017-01-26 06:57:11,124 INFO     Wrote output to trainNN/out/v045-unified-9-gfe48245-dirty:simple-ff-ffv-adam-70-50-40-30/config.json
2017-01-26 06:58:06,818 INFO     Saving network params to trainNN/out/v045-unified-9-gfe48245-dirty:simple-ff-ffv-adam-70-50-40-30/epoch-198.pkl
2017-01-26 06:58:11,042 INFO     epoch: 198 took 59.927s (0.018s in batching)
training loss:	0.574163
validation loss:	0.608176
validation error:	0.320337
2017-01-26 06:58:11,051 INFO     Wrote output to trainNN/out/v045-unified-9-gfe48245-dirty:simple-ff-ffv-adam-70-50-40-30/config.json
2017-01-26 06:59:05,755 INFO     Saving network params to trainNN/out/v045-unified-9-gfe48245-dirty:simple-ff-ffv-adam-70-50-40-30/epoch-199.pkl
2017-01-26 06:59:10,090 INFO     epoch: 199 took 59.047s (0.017s in batching)
training loss:	0.574182
validation loss:	0.605171
validation error:	0.321214
2017-01-26 06:59:10,099 INFO     Wrote output to trainNN/out/v045-unified-9-gfe48245-dirty:simple-ff-ffv-adam-70-50-40-30/config.json
