2016-11-22 18:35:22 >>> loading config file ../extract_pfiles_python/out/v1-1-g91763ea-context40/train-config.json
2016-11-22 18:35:22 >>> loading numpy file ../extract_pfiles_python/out/v1-1-g91763ea-context40/train.npz
2016-11-22 18:35:24 >>> loading numpy file ../extract_pfiles_python/out/v1-1-g91763ea-context40/validate.npz
2016-11-22 18:35:25 >>> Training network with 21452 trainable out of 21452 total params.
2016-11-22 18:35:25 >>> Using nesterov_momentum with learning_rate=0.010000
2016-11-22 18:35:25 >>> Compiling theano functions...
2016-11-22 18:35:25 >>> Starting training...
2016-11-22 18:35:40 >>>   training loss:	0.622171
2016-11-22 18:35:40 >>> Saving network params to out/v04-no-shuffle-1-g6ad46ee/epoch-000.pkl
2016-11-22 18:35:41 >>> epoch: 0 validation error:		0.500021
2016-11-22 18:35:56 >>>   training loss:	0.693609
2016-11-22 18:35:56 >>> Saving network params to out/v04-no-shuffle-1-g6ad46ee/epoch-001.pkl
2016-11-22 18:35:57 >>> epoch: 1 validation error:		0.500003
2016-11-22 18:36:13 >>>   training loss:	0.693589
2016-11-22 18:36:13 >>> Saving network params to out/v04-no-shuffle-1-g6ad46ee/epoch-002.pkl
2016-11-22 18:36:13 >>> epoch: 2 validation error:		0.499964
2016-11-22 18:36:28 >>>   training loss:	0.693602
2016-11-22 18:36:28 >>> Saving network params to out/v04-no-shuffle-1-g6ad46ee/epoch-003.pkl
2016-11-22 18:36:29 >>> epoch: 3 validation error:		0.499985
2016-11-22 18:36:45 >>>   training loss:	0.693551
2016-11-22 18:36:45 >>> Saving network params to out/v04-no-shuffle-1-g6ad46ee/epoch-004.pkl
2016-11-22 18:36:46 >>> epoch: 4 validation error:		0.499946
2016-11-22 18:37:01 >>>   training loss:	0.684184
2016-11-22 18:37:01 >>> Saving network params to out/v04-no-shuffle-1-g6ad46ee/epoch-005.pkl
2016-11-22 18:37:02 >>> epoch: 5 validation error:		0.317045
2016-11-22 18:37:17 >>>   training loss:	0.674950
2016-11-22 18:37:17 >>> Saving network params to out/v04-no-shuffle-1-g6ad46ee/epoch-006.pkl
2016-11-22 18:37:18 >>> epoch: 6 validation error:		0.500027
2016-11-22 18:37:33 >>>   training loss:	0.631500
2016-11-22 18:37:33 >>> Saving network params to out/v04-no-shuffle-1-g6ad46ee/epoch-007.pkl
2016-11-22 18:37:34 >>> epoch: 7 validation error:		0.244466
2016-11-22 18:37:49 >>>   training loss:	0.664060
2016-11-22 18:37:49 >>> Saving network params to out/v04-no-shuffle-1-g6ad46ee/epoch-008.pkl
2016-11-22 18:37:50 >>> epoch: 8 validation error:		0.499771
2016-11-22 18:38:05 >>>   training loss:	0.686313
2016-11-22 18:38:05 >>> Saving network params to out/v04-no-shuffle-1-g6ad46ee/epoch-009.pkl
2016-11-22 18:38:06 >>> epoch: 9 validation error:		0.499973
2016-11-22 18:38:21 >>>   training loss:	0.693541
2016-11-22 18:38:21 >>> Saving network params to out/v04-no-shuffle-1-g6ad46ee/epoch-010.pkl
2016-11-22 18:38:22 >>> epoch: 10 validation error:		0.499970
2016-11-22 18:38:38 >>>   training loss:	0.693532
2016-11-22 18:38:38 >>> Saving network params to out/v04-no-shuffle-1-g6ad46ee/epoch-011.pkl
2016-11-22 18:38:39 >>> epoch: 11 validation error:		0.500003
2016-11-22 18:38:53 >>>   training loss:	0.693528
2016-11-22 18:38:53 >>> Saving network params to out/v04-no-shuffle-1-g6ad46ee/epoch-012.pkl
2016-11-22 18:38:54 >>> epoch: 12 validation error:		0.499970
2016-11-22 18:39:10 >>>   training loss:	0.693505
2016-11-22 18:39:10 >>> Saving network params to out/v04-no-shuffle-1-g6ad46ee/epoch-013.pkl
2016-11-22 18:39:11 >>> epoch: 13 validation error:		0.499970
2016-11-22 18:39:26 >>>   training loss:	0.693503
2016-11-22 18:39:26 >>> Saving network params to out/v04-no-shuffle-1-g6ad46ee/epoch-014.pkl
