2017-01-29 00:14:52,748 DEBUG    version=v046-unified-26-gb3657e1-dirty:ff-ffv-75-40-relu
2017-01-29 00:14:52,750 INFO     Open DBase(data/db/all240302-spk.dat, data/db/all240302-spk.idx, mode='r')
2017-01-29 00:15:08,597 DEBUG    getting all bc uttids...configs/ff-ffv-75-40-relu.json
2017-01-29 00:15:08,597 INFO     Open DBase(data/db/all240302-spk.dat, data/db/all240302-spk.idx, mode='r')
2017-01-29 00:15:15,458 DEBUG    loading cached extracted data from data/cache/extract-17095dffdd75068299ccb5dd895af8ecaa0fbe1575b09b5b1ad4e4febf4d84ae.pickle
2017-01-29 00:15:20,154 DEBUG    set input dim to 9
2017-01-29 00:15:20,154 DEBUG    input dim = 9
2017-01-29 00:15:20,243 DEBUG    shuffling batches
2017-01-29 00:15:56,627 DEBUG    shuffling done
2017-01-29 00:15:56,627 DEBUG    loading data into ram
2017-01-29 00:15:56,689 DEBUG    loading data took 0.063s (cpu: 0.063s)
2017-01-29 00:15:56,690 DEBUG    getting all bc uttids...configs/ff-ffv-75-40-relu.json
2017-01-29 00:15:56,919 DEBUG    set input dim to 9
2017-01-29 00:15:56,919 DEBUG    input dim = 9
2017-01-29 00:15:57,360 DEBUG    shuffling batches
2017-01-29 00:16:00,877 DEBUG    shuffling done
2017-01-29 00:16:00,877 DEBUG    loading data into ram
2017-01-29 00:16:00,884 DEBUG    loading data took 0.006s (cpu: 0.007s)
2017-01-29 00:16:00,932 INFO     Training network with 30361 trainable out of 30361 total params.
2017-01-29 00:16:00,961 DEBUG    Using adam with learning_rate=0.001000
2017-01-29 00:16:03,377 DEBUG    Starting training...
2017-01-29 00:16:13,029 INFO     Saving network params to trainNN/out/v046-unified-26-gb3657e1-dirty:ff-ffv-75-40-relu/epoch-000.pkl
2017-01-29 00:16:13,519 INFO     epoch: 0 took 10.142s (0.009s in batching)
training loss:	0.633577
validation loss:	0.619641
validation error:	0.351774
2017-01-29 00:16:13,519 INFO     Wrote output to trainNN/out/v046-unified-26-gb3657e1-dirty:ff-ffv-75-40-relu/config.json
2017-01-29 00:16:23,183 INFO     Saving network params to trainNN/out/v046-unified-26-gb3657e1-dirty:ff-ffv-75-40-relu/epoch-001.pkl
2017-01-29 00:16:23,673 INFO     epoch: 1 took 10.155s (0.009s in batching)
training loss:	0.618134
validation loss:	0.610946
validation error:	0.340500
2017-01-29 00:16:23,674 INFO     Wrote output to trainNN/out/v046-unified-26-gb3657e1-dirty:ff-ffv-75-40-relu/config.json
2017-01-29 00:16:33,249 INFO     Saving network params to trainNN/out/v046-unified-26-gb3657e1-dirty:ff-ffv-75-40-relu/epoch-002.pkl
2017-01-29 00:16:33,737 INFO     epoch: 2 took 10.064s (0.009s in batching)
training loss:	0.611468
validation loss:	0.610002
validation error:	0.337571
2017-01-29 00:16:33,738 INFO     Wrote output to trainNN/out/v046-unified-26-gb3657e1-dirty:ff-ffv-75-40-relu/config.json
2017-01-29 00:16:43,310 INFO     Saving network params to trainNN/out/v046-unified-26-gb3657e1-dirty:ff-ffv-75-40-relu/epoch-003.pkl
2017-01-29 00:16:43,797 INFO     epoch: 3 took 10.060s (0.009s in batching)
training loss:	0.607192
validation loss:	0.614707
validation error:	0.342123
2017-01-29 00:16:43,798 INFO     Wrote output to trainNN/out/v046-unified-26-gb3657e1-dirty:ff-ffv-75-40-relu/config.json
2017-01-29 00:16:53,362 INFO     Saving network params to trainNN/out/v046-unified-26-gb3657e1-dirty:ff-ffv-75-40-relu/epoch-004.pkl
2017-01-29 00:16:53,849 INFO     epoch: 4 took 10.052s (0.009s in batching)
training loss:	0.604494
validation loss:	0.608753
validation error:	0.335887
2017-01-29 00:16:53,850 INFO     Wrote output to trainNN/out/v046-unified-26-gb3657e1-dirty:ff-ffv-75-40-relu/config.json
2017-01-29 00:17:03,373 INFO     Saving network params to trainNN/out/v046-unified-26-gb3657e1-dirty:ff-ffv-75-40-relu/epoch-005.pkl
2017-01-29 00:17:03,859 INFO     epoch: 5 took 10.010s (0.009s in batching)
training loss:	0.602503
validation loss:	0.603413
validation error:	0.331509
2017-01-29 00:17:03,861 INFO     Wrote output to trainNN/out/v046-unified-26-gb3657e1-dirty:ff-ffv-75-40-relu/config.json
2017-01-29 00:17:13,756 INFO     Saving network params to trainNN/out/v046-unified-26-gb3657e1-dirty:ff-ffv-75-40-relu/epoch-006.pkl
2017-01-29 00:17:14,251 INFO     epoch: 6 took 10.391s (0.009s in batching)
training loss:	0.600642
validation loss:	0.604488
validation error:	0.329590
2017-01-29 00:17:14,251 INFO     Wrote output to trainNN/out/v046-unified-26-gb3657e1-dirty:ff-ffv-75-40-relu/config.json
2017-01-29 00:17:23,835 INFO     Saving network params to trainNN/out/v046-unified-26-gb3657e1-dirty:ff-ffv-75-40-relu/epoch-007.pkl
2017-01-29 00:17:24,325 INFO     epoch: 7 took 10.075s (0.009s in batching)
training loss:	0.599368
validation loss:	0.603201
validation error:	0.328057
2017-01-29 00:17:24,326 INFO     Wrote output to trainNN/out/v046-unified-26-gb3657e1-dirty:ff-ffv-75-40-relu/config.json
2017-01-29 00:17:34,184 INFO     Saving network params to trainNN/out/v046-unified-26-gb3657e1-dirty:ff-ffv-75-40-relu/epoch-008.pkl
2017-01-29 00:17:34,697 INFO     epoch: 8 took 10.372s (0.009s in batching)
training loss:	0.598399
validation loss:	0.601130
validation error:	0.327825
2017-01-29 00:17:34,698 INFO     Wrote output to trainNN/out/v046-unified-26-gb3657e1-dirty:ff-ffv-75-40-relu/config.json
2017-01-29 00:17:44,730 INFO     Saving network params to trainNN/out/v046-unified-26-gb3657e1-dirty:ff-ffv-75-40-relu/epoch-009.pkl
2017-01-29 00:17:45,224 INFO     epoch: 9 took 10.527s (0.010s in batching)
training loss:	0.597408
validation loss:	0.599096
validation error:	0.324943
2017-01-29 00:17:45,225 INFO     Wrote output to trainNN/out/v046-unified-26-gb3657e1-dirty:ff-ffv-75-40-relu/config.json
2017-01-29 00:17:54,862 INFO     Saving network params to trainNN/out/v046-unified-26-gb3657e1-dirty:ff-ffv-75-40-relu/epoch-010.pkl
2017-01-29 00:17:55,356 INFO     epoch: 10 took 10.132s (0.009s in batching)
training loss:	0.596368
validation loss:	0.597916
validation error:	0.323297
2017-01-29 00:17:55,771 INFO     Wrote output to trainNN/out/v046-unified-26-gb3657e1-dirty:ff-ffv-75-40-relu/config.json
2017-01-29 00:18:05,397 INFO     Saving network params to trainNN/out/v046-unified-26-gb3657e1-dirty:ff-ffv-75-40-relu/epoch-011.pkl
2017-01-29 00:18:05,900 INFO     epoch: 11 took 10.544s (0.021s in batching)
training loss:	0.595839
validation loss:	0.601495
validation error:	0.329316
2017-01-29 00:18:05,900 INFO     Wrote output to trainNN/out/v046-unified-26-gb3657e1-dirty:ff-ffv-75-40-relu/config.json
2017-01-29 00:18:16,330 INFO     Saving network params to trainNN/out/v046-unified-26-gb3657e1-dirty:ff-ffv-75-40-relu/epoch-012.pkl
2017-01-29 00:18:16,876 INFO     epoch: 12 took 10.976s (0.010s in batching)
training loss:	0.595190
validation loss:	0.603626
validation error:	0.329075
2017-01-29 00:18:16,877 INFO     Wrote output to trainNN/out/v046-unified-26-gb3657e1-dirty:ff-ffv-75-40-relu/config.json
2017-01-29 00:18:26,930 INFO     Saving network params to trainNN/out/v046-unified-26-gb3657e1-dirty:ff-ffv-75-40-relu/epoch-013.pkl
2017-01-29 00:18:27,421 INFO     epoch: 13 took 10.545s (0.009s in batching)
training loss:	0.594440
validation loss:	0.596678
validation error:	0.321538
2017-01-29 00:18:27,827 INFO     Wrote output to trainNN/out/v046-unified-26-gb3657e1-dirty:ff-ffv-75-40-relu/config.json
2017-01-29 00:18:37,434 INFO     Saving network params to trainNN/out/v046-unified-26-gb3657e1-dirty:ff-ffv-75-40-relu/epoch-014.pkl
2017-01-29 00:18:37,923 INFO     epoch: 14 took 10.502s (0.009s in batching)
training loss:	0.594020
validation loss:	0.598596
validation error:	0.325302
2017-01-29 00:18:37,924 INFO     Wrote output to trainNN/out/v046-unified-26-gb3657e1-dirty:ff-ffv-75-40-relu/config.json
2017-01-29 00:18:47,428 INFO     Saving network params to trainNN/out/v046-unified-26-gb3657e1-dirty:ff-ffv-75-40-relu/epoch-015.pkl
2017-01-29 00:18:47,916 INFO     epoch: 15 took 9.993s (0.009s in batching)
training loss:	0.593472
validation loss:	0.598657
validation error:	0.322391
2017-01-29 00:18:47,917 INFO     Wrote output to trainNN/out/v046-unified-26-gb3657e1-dirty:ff-ffv-75-40-relu/config.json
2017-01-29 00:18:57,409 INFO     Saving network params to trainNN/out/v046-unified-26-gb3657e1-dirty:ff-ffv-75-40-relu/epoch-016.pkl
2017-01-29 00:18:57,895 INFO     epoch: 16 took 9.980s (0.009s in batching)
training loss:	0.593109
validation loss:	0.598405
validation error:	0.323769
2017-01-29 00:18:57,896 INFO     Wrote output to trainNN/out/v046-unified-26-gb3657e1-dirty:ff-ffv-75-40-relu/config.json
2017-01-29 00:19:07,482 INFO     Saving network params to trainNN/out/v046-unified-26-gb3657e1-dirty:ff-ffv-75-40-relu/epoch-017.pkl
2017-01-29 00:19:07,968 INFO     epoch: 17 took 10.072s (0.009s in batching)
training loss:	0.592691
validation loss:	0.597720
validation error:	0.324939
2017-01-29 00:19:07,969 INFO     Wrote output to trainNN/out/v046-unified-26-gb3657e1-dirty:ff-ffv-75-40-relu/config.json
2017-01-29 00:19:17,583 INFO     Saving network params to trainNN/out/v046-unified-26-gb3657e1-dirty:ff-ffv-75-40-relu/epoch-018.pkl
2017-01-29 00:19:18,070 INFO     epoch: 18 took 10.102s (0.009s in batching)
training loss:	0.592339
validation loss:	0.596090
validation error:	0.322085
2017-01-29 00:19:18,071 INFO     Wrote output to trainNN/out/v046-unified-26-gb3657e1-dirty:ff-ffv-75-40-relu/config.json
2017-01-29 00:19:27,585 INFO     Saving network params to trainNN/out/v046-unified-26-gb3657e1-dirty:ff-ffv-75-40-relu/epoch-019.pkl
2017-01-29 00:19:28,072 INFO     epoch: 19 took 10.002s (0.009s in batching)
training loss:	0.592060
validation loss:	0.595406
validation error:	0.318863
2017-01-29 00:19:28,073 INFO     Wrote output to trainNN/out/v046-unified-26-gb3657e1-dirty:ff-ffv-75-40-relu/config.json
2017-01-29 00:19:37,594 INFO     Saving network params to trainNN/out/v046-unified-26-gb3657e1-dirty:ff-ffv-75-40-relu/epoch-020.pkl
2017-01-29 00:19:38,080 INFO     epoch: 20 took 10.009s (0.009s in batching)
training loss:	0.591576
validation loss:	0.598508
validation error:	0.321958
2017-01-29 00:19:38,081 INFO     Wrote output to trainNN/out/v046-unified-26-gb3657e1-dirty:ff-ffv-75-40-relu/config.json
2017-01-29 00:19:47,697 INFO     Saving network params to trainNN/out/v046-unified-26-gb3657e1-dirty:ff-ffv-75-40-relu/epoch-021.pkl
2017-01-29 00:19:48,841 INFO     epoch: 21 took 10.761s (0.009s in batching)
training loss:	0.591123
validation loss:	0.598095
validation error:	0.325651
2017-01-29 00:19:48,842 INFO     Wrote output to trainNN/out/v046-unified-26-gb3657e1-dirty:ff-ffv-75-40-relu/config.json
2017-01-29 00:19:58,411 INFO     Saving network params to trainNN/out/v046-unified-26-gb3657e1-dirty:ff-ffv-75-40-relu/epoch-022.pkl
2017-01-29 00:19:58,905 INFO     epoch: 22 took 10.063s (0.009s in batching)
training loss:	0.591108
validation loss:	0.596886
validation error:	0.321458
2017-01-29 00:19:58,906 INFO     Wrote output to trainNN/out/v046-unified-26-gb3657e1-dirty:ff-ffv-75-40-relu/config.json
2017-01-29 00:20:08,451 INFO     Saving network params to trainNN/out/v046-unified-26-gb3657e1-dirty:ff-ffv-75-40-relu/epoch-023.pkl
2017-01-29 00:20:08,936 INFO     epoch: 23 took 10.032s (0.009s in batching)
training loss:	0.590769
validation loss:	0.598751
validation error:	0.327590
2017-01-29 00:20:08,937 INFO     Wrote output to trainNN/out/v046-unified-26-gb3657e1-dirty:ff-ffv-75-40-relu/config.json
2017-01-29 00:20:18,570 INFO     Saving network params to trainNN/out/v046-unified-26-gb3657e1-dirty:ff-ffv-75-40-relu/epoch-024.pkl
2017-01-29 00:20:19,077 INFO     epoch: 24 took 10.141s (0.009s in batching)
training loss:	0.590394
validation loss:	0.596152
validation error:	0.321608
2017-01-29 00:20:19,078 INFO     Wrote output to trainNN/out/v046-unified-26-gb3657e1-dirty:ff-ffv-75-40-relu/config.json
2017-01-29 00:20:28,851 INFO     Saving network params to trainNN/out/v046-unified-26-gb3657e1-dirty:ff-ffv-75-40-relu/epoch-025.pkl
2017-01-29 00:20:29,339 INFO     epoch: 25 took 10.262s (0.009s in batching)
training loss:	0.590210
validation loss:	0.597164
validation error:	0.322986
2017-01-29 00:20:29,340 INFO     Wrote output to trainNN/out/v046-unified-26-gb3657e1-dirty:ff-ffv-75-40-relu/config.json
2017-01-29 00:20:38,915 INFO     Saving network params to trainNN/out/v046-unified-26-gb3657e1-dirty:ff-ffv-75-40-relu/epoch-026.pkl
2017-01-29 00:20:39,410 INFO     epoch: 26 took 10.072s (0.009s in batching)
training loss:	0.589820
validation loss:	0.596331
validation error:	0.321236
2017-01-29 00:20:39,411 INFO     Wrote output to trainNN/out/v046-unified-26-gb3657e1-dirty:ff-ffv-75-40-relu/config.json
2017-01-29 00:20:49,014 INFO     Saving network params to trainNN/out/v046-unified-26-gb3657e1-dirty:ff-ffv-75-40-relu/epoch-027.pkl
2017-01-29 00:20:49,535 INFO     epoch: 27 took 10.125s (0.009s in batching)
training loss:	0.589693
validation loss:	0.597567
validation error:	0.326165
2017-01-29 00:20:49,536 INFO     Wrote output to trainNN/out/v046-unified-26-gb3657e1-dirty:ff-ffv-75-40-relu/config.json
2017-01-29 00:20:59,226 INFO     Saving network params to trainNN/out/v046-unified-26-gb3657e1-dirty:ff-ffv-75-40-relu/epoch-028.pkl
2017-01-29 00:20:59,724 INFO     epoch: 28 took 10.189s (0.009s in batching)
training loss:	0.589489
validation loss:	0.596380
validation error:	0.319594
2017-01-29 00:20:59,725 INFO     Wrote output to trainNN/out/v046-unified-26-gb3657e1-dirty:ff-ffv-75-40-relu/config.json
2017-01-29 00:21:09,412 INFO     Saving network params to trainNN/out/v046-unified-26-gb3657e1-dirty:ff-ffv-75-40-relu/epoch-029.pkl
2017-01-29 00:21:09,915 INFO     epoch: 29 took 10.191s (0.009s in batching)
training loss:	0.589145
validation loss:	0.594821
validation error:	0.319943
2017-01-29 00:21:09,916 INFO     Wrote output to trainNN/out/v046-unified-26-gb3657e1-dirty:ff-ffv-75-40-relu/config.json
2017-01-29 00:21:19,639 INFO     Saving network params to trainNN/out/v046-unified-26-gb3657e1-dirty:ff-ffv-75-40-relu/epoch-030.pkl
2017-01-29 00:21:20,123 INFO     epoch: 30 took 10.208s (0.009s in batching)
training loss:	0.589009
validation loss:	0.594814
validation error:	0.318646
2017-01-29 00:21:20,124 INFO     Wrote output to trainNN/out/v046-unified-26-gb3657e1-dirty:ff-ffv-75-40-relu/config.json
2017-01-29 00:21:29,555 INFO     Saving network params to trainNN/out/v046-unified-26-gb3657e1-dirty:ff-ffv-75-40-relu/epoch-031.pkl
2017-01-29 00:21:30,053 INFO     epoch: 31 took 9.930s (0.009s in batching)
training loss:	0.588831
validation loss:	0.597162
validation error:	0.321165
2017-01-29 00:21:30,054 INFO     Wrote output to trainNN/out/v046-unified-26-gb3657e1-dirty:ff-ffv-75-40-relu/config.json
2017-01-29 00:21:40,110 INFO     Saving network params to trainNN/out/v046-unified-26-gb3657e1-dirty:ff-ffv-75-40-relu/epoch-032.pkl
2017-01-29 00:21:40,643 INFO     epoch: 32 took 10.589s (0.010s in batching)
training loss:	0.588612
validation loss:	0.594503
validation error:	0.317283
2017-01-29 00:21:40,644 INFO     Wrote output to trainNN/out/v046-unified-26-gb3657e1-dirty:ff-ffv-75-40-relu/config.json
2017-01-29 00:21:50,449 INFO     Saving network params to trainNN/out/v046-unified-26-gb3657e1-dirty:ff-ffv-75-40-relu/epoch-033.pkl
2017-01-29 00:21:50,984 INFO     epoch: 33 took 10.341s (0.010s in batching)
training loss:	0.588389
validation loss:	0.595946
validation error:	0.322042
2017-01-29 00:21:50,985 INFO     Wrote output to trainNN/out/v046-unified-26-gb3657e1-dirty:ff-ffv-75-40-relu/config.json
2017-01-29 00:22:00,745 INFO     Saving network params to trainNN/out/v046-unified-26-gb3657e1-dirty:ff-ffv-75-40-relu/epoch-034.pkl
2017-01-29 00:22:01,302 INFO     epoch: 34 took 10.317s (0.010s in batching)
training loss:	0.588205
validation loss:	0.595317
validation error:	0.321566
2017-01-29 00:22:01,305 INFO     Wrote output to trainNN/out/v046-unified-26-gb3657e1-dirty:ff-ffv-75-40-relu/config.json
2017-01-29 00:22:11,272 INFO     Saving network params to trainNN/out/v046-unified-26-gb3657e1-dirty:ff-ffv-75-40-relu/epoch-035.pkl
2017-01-29 00:22:11,829 INFO     epoch: 35 took 10.529s (0.019s in batching)
training loss:	0.588029
validation loss:	0.594710
validation error:	0.319524
2017-01-29 00:22:11,831 INFO     Wrote output to trainNN/out/v046-unified-26-gb3657e1-dirty:ff-ffv-75-40-relu/config.json
2017-01-29 00:22:21,413 INFO     Saving network params to trainNN/out/v046-unified-26-gb3657e1-dirty:ff-ffv-75-40-relu/epoch-036.pkl
2017-01-29 00:22:21,934 INFO     epoch: 36 took 10.104s (0.009s in batching)
training loss:	0.587923
validation loss:	0.595511
validation error:	0.321840
2017-01-29 00:22:21,936 INFO     Wrote output to trainNN/out/v046-unified-26-gb3657e1-dirty:ff-ffv-75-40-relu/config.json
2017-01-29 00:22:31,462 INFO     Saving network params to trainNN/out/v046-unified-26-gb3657e1-dirty:ff-ffv-75-40-relu/epoch-037.pkl
2017-01-29 00:22:31,994 INFO     epoch: 37 took 10.060s (0.009s in batching)
training loss:	0.587818
validation loss:	0.601114
validation error:	0.327061
2017-01-29 00:22:32,179 INFO     Wrote output to trainNN/out/v046-unified-26-gb3657e1-dirty:ff-ffv-75-40-relu/config.json
2017-01-29 00:22:42,260 INFO     Saving network params to trainNN/out/v046-unified-26-gb3657e1-dirty:ff-ffv-75-40-relu/epoch-038.pkl
2017-01-29 00:22:42,944 INFO     epoch: 38 took 10.951s (0.010s in batching)
training loss:	0.587592
validation loss:	0.595300
validation error:	0.319972
2017-01-29 00:22:43,164 INFO     Wrote output to trainNN/out/v046-unified-26-gb3657e1-dirty:ff-ffv-75-40-relu/config.json
2017-01-29 00:22:53,359 INFO     Saving network params to trainNN/out/v046-unified-26-gb3657e1-dirty:ff-ffv-75-40-relu/epoch-039.pkl
2017-01-29 00:22:54,494 INFO     epoch: 39 took 11.550s (0.014s in batching)
training loss:	0.587672
validation loss:	0.593736
validation error:	0.318934
2017-01-29 00:22:55,215 INFO     Wrote output to trainNN/out/v046-unified-26-gb3657e1-dirty:ff-ffv-75-40-relu/config.json
2017-01-29 00:23:18,840 INFO     Saving network params to trainNN/out/v046-unified-26-gb3657e1-dirty:ff-ffv-75-40-relu/epoch-040.pkl
2017-01-29 00:23:22,029 INFO     epoch: 40 took 27.534s (0.010s in batching)
training loss:	0.587372
validation loss:	0.594940
validation error:	0.320873
2017-01-29 00:23:22,060 INFO     Wrote output to trainNN/out/v046-unified-26-gb3657e1-dirty:ff-ffv-75-40-relu/config.json
2017-01-29 00:23:41,299 INFO     Saving network params to trainNN/out/v046-unified-26-gb3657e1-dirty:ff-ffv-75-40-relu/epoch-041.pkl
2017-01-29 00:23:42,395 INFO     epoch: 41 took 20.366s (0.026s in batching)
training loss:	0.587293
validation loss:	0.593467
validation error:	0.318693
2017-01-29 00:23:42,396 INFO     Wrote output to trainNN/out/v046-unified-26-gb3657e1-dirty:ff-ffv-75-40-relu/config.json
2017-01-29 00:24:09,625 INFO     Saving network params to trainNN/out/v046-unified-26-gb3657e1-dirty:ff-ffv-75-40-relu/epoch-042.pkl
2017-01-29 00:24:10,716 INFO     epoch: 42 took 28.321s (0.013s in batching)
training loss:	0.587148
validation loss:	0.594237
validation error:	0.320307
2017-01-29 00:24:10,718 INFO     Wrote output to trainNN/out/v046-unified-26-gb3657e1-dirty:ff-ffv-75-40-relu/config.json
2017-01-29 00:24:38,176 INFO     Saving network params to trainNN/out/v046-unified-26-gb3657e1-dirty:ff-ffv-75-40-relu/epoch-043.pkl
2017-01-29 00:24:39,314 INFO     epoch: 43 took 28.598s (0.010s in batching)
training loss:	0.587074
validation loss:	0.594075
validation error:	0.318217
2017-01-29 00:24:39,316 INFO     Wrote output to trainNN/out/v046-unified-26-gb3657e1-dirty:ff-ffv-75-40-relu/config.json
2017-01-29 00:25:06,538 INFO     Saving network params to trainNN/out/v046-unified-26-gb3657e1-dirty:ff-ffv-75-40-relu/epoch-044.pkl
2017-01-29 00:25:07,635 INFO     epoch: 44 took 28.321s (0.010s in batching)
training loss:	0.586836
validation loss:	0.595156
validation error:	0.320222
2017-01-29 00:25:07,636 INFO     Wrote output to trainNN/out/v046-unified-26-gb3657e1-dirty:ff-ffv-75-40-relu/config.json
2017-01-29 00:25:34,807 INFO     Saving network params to trainNN/out/v046-unified-26-gb3657e1-dirty:ff-ffv-75-40-relu/epoch-045.pkl
2017-01-29 00:25:35,899 INFO     epoch: 45 took 28.265s (0.009s in batching)
training loss:	0.586622
validation loss:	0.594716
validation error:	0.320061
2017-01-29 00:25:35,901 INFO     Wrote output to trainNN/out/v046-unified-26-gb3657e1-dirty:ff-ffv-75-40-relu/config.json
2017-01-29 00:26:03,065 INFO     Saving network params to trainNN/out/v046-unified-26-gb3657e1-dirty:ff-ffv-75-40-relu/epoch-046.pkl
2017-01-29 00:26:04,165 INFO     epoch: 46 took 28.266s (0.009s in batching)
training loss:	0.586574
validation loss:	0.597909
validation error:	0.321509
2017-01-29 00:26:04,167 INFO     Wrote output to trainNN/out/v046-unified-26-gb3657e1-dirty:ff-ffv-75-40-relu/config.json
2017-01-29 00:26:31,326 INFO     Saving network params to trainNN/out/v046-unified-26-gb3657e1-dirty:ff-ffv-75-40-relu/epoch-047.pkl
2017-01-29 00:26:32,423 INFO     epoch: 47 took 28.258s (0.009s in batching)
training loss:	0.586597
validation loss:	0.594493
validation error:	0.318807
2017-01-29 00:26:32,424 INFO     Wrote output to trainNN/out/v046-unified-26-gb3657e1-dirty:ff-ffv-75-40-relu/config.json
2017-01-29 00:26:59,705 INFO     Saving network params to trainNN/out/v046-unified-26-gb3657e1-dirty:ff-ffv-75-40-relu/epoch-048.pkl
2017-01-29 00:27:00,843 INFO     epoch: 48 took 28.420s (0.010s in batching)
training loss:	0.586301
validation loss:	0.596979
validation error:	0.321283
2017-01-29 00:27:00,844 INFO     Wrote output to trainNN/out/v046-unified-26-gb3657e1-dirty:ff-ffv-75-40-relu/config.json
2017-01-29 00:27:28,168 INFO     Saving network params to trainNN/out/v046-unified-26-gb3657e1-dirty:ff-ffv-75-40-relu/epoch-049.pkl
2017-01-29 00:27:29,292 INFO     epoch: 49 took 28.449s (0.011s in batching)
training loss:	0.586232
validation loss:	0.594112
validation error:	0.319689
2017-01-29 00:27:29,294 INFO     Wrote output to trainNN/out/v046-unified-26-gb3657e1-dirty:ff-ffv-75-40-relu/config.json
2017-01-29 00:27:56,634 INFO     Saving network params to trainNN/out/v046-unified-26-gb3657e1-dirty:ff-ffv-75-40-relu/epoch-050.pkl
2017-01-29 00:27:57,747 INFO     epoch: 50 took 28.455s (0.010s in batching)
training loss:	0.586045
validation loss:	0.594022
validation error:	0.319764
2017-01-29 00:27:57,749 INFO     Wrote output to trainNN/out/v046-unified-26-gb3657e1-dirty:ff-ffv-75-40-relu/config.json
2017-01-29 00:28:25,145 INFO     Saving network params to trainNN/out/v046-unified-26-gb3657e1-dirty:ff-ffv-75-40-relu/epoch-051.pkl
2017-01-29 00:28:26,257 INFO     epoch: 51 took 28.509s (0.011s in batching)
training loss:	0.586104
validation loss:	0.593533
validation error:	0.320844
2017-01-29 00:28:26,260 INFO     Wrote output to trainNN/out/v046-unified-26-gb3657e1-dirty:ff-ffv-75-40-relu/config.json
2017-01-29 00:28:53,565 INFO     Saving network params to trainNN/out/v046-unified-26-gb3657e1-dirty:ff-ffv-75-40-relu/epoch-052.pkl
2017-01-29 00:28:54,655 INFO     epoch: 52 took 28.398s (0.010s in batching)
training loss:	0.585847
validation loss:	0.594120
validation error:	0.320179
2017-01-29 00:28:54,656 INFO     Wrote output to trainNN/out/v046-unified-26-gb3657e1-dirty:ff-ffv-75-40-relu/config.json
2017-01-29 00:29:21,978 INFO     Saving network params to trainNN/out/v046-unified-26-gb3657e1-dirty:ff-ffv-75-40-relu/epoch-053.pkl
2017-01-29 00:29:23,112 INFO     epoch: 53 took 28.457s (0.010s in batching)
training loss:	0.585899
validation loss:	0.593587
validation error:	0.318533
2017-01-29 00:29:23,113 INFO     Wrote output to trainNN/out/v046-unified-26-gb3657e1-dirty:ff-ffv-75-40-relu/config.json
2017-01-29 00:29:50,448 INFO     Saving network params to trainNN/out/v046-unified-26-gb3657e1-dirty:ff-ffv-75-40-relu/epoch-054.pkl
2017-01-29 00:29:51,566 INFO     epoch: 54 took 28.455s (0.010s in batching)
training loss:	0.585701
validation loss:	0.594213
validation error:	0.319726
2017-01-29 00:29:51,568 INFO     Wrote output to trainNN/out/v046-unified-26-gb3657e1-dirty:ff-ffv-75-40-relu/config.json
2017-01-29 00:30:18,866 INFO     Saving network params to trainNN/out/v046-unified-26-gb3657e1-dirty:ff-ffv-75-40-relu/epoch-055.pkl
2017-01-29 00:30:19,988 INFO     epoch: 55 took 28.421s (0.010s in batching)
training loss:	0.585568
validation loss:	0.597374
validation error:	0.320443
2017-01-29 00:30:19,990 INFO     Wrote output to trainNN/out/v046-unified-26-gb3657e1-dirty:ff-ffv-75-40-relu/config.json
2017-01-29 00:30:47,151 INFO     Saving network params to trainNN/out/v046-unified-26-gb3657e1-dirty:ff-ffv-75-40-relu/epoch-056.pkl
2017-01-29 00:30:48,263 INFO     epoch: 56 took 28.275s (0.010s in batching)
training loss:	0.585598
validation loss:	0.593850
validation error:	0.321863
2017-01-29 00:30:48,265 INFO     Wrote output to trainNN/out/v046-unified-26-gb3657e1-dirty:ff-ffv-75-40-relu/config.json
2017-01-29 00:31:15,526 INFO     Saving network params to trainNN/out/v046-unified-26-gb3657e1-dirty:ff-ffv-75-40-relu/epoch-057.pkl
2017-01-29 00:31:16,643 INFO     epoch: 57 took 28.380s (0.009s in batching)
training loss:	0.585401
validation loss:	0.594330
validation error:	0.320524
2017-01-29 00:31:16,645 INFO     Wrote output to trainNN/out/v046-unified-26-gb3657e1-dirty:ff-ffv-75-40-relu/config.json
2017-01-29 00:31:43,874 INFO     Saving network params to trainNN/out/v046-unified-26-gb3657e1-dirty:ff-ffv-75-40-relu/epoch-058.pkl
2017-01-29 00:31:44,968 INFO     epoch: 58 took 28.325s (0.009s in batching)
training loss:	0.585322
validation loss:	0.595957
validation error:	0.322750
2017-01-29 00:31:44,970 INFO     Wrote output to trainNN/out/v046-unified-26-gb3657e1-dirty:ff-ffv-75-40-relu/config.json
2017-01-29 00:32:12,234 INFO     Saving network params to trainNN/out/v046-unified-26-gb3657e1-dirty:ff-ffv-75-40-relu/epoch-059.pkl
2017-01-29 00:32:13,381 INFO     epoch: 59 took 28.412s (0.009s in batching)
training loss:	0.585166
validation loss:	0.593294
validation error:	0.319330
2017-01-29 00:32:13,382 INFO     Wrote output to trainNN/out/v046-unified-26-gb3657e1-dirty:ff-ffv-75-40-relu/config.json
2017-01-29 00:32:40,229 INFO     Saving network params to trainNN/out/v046-unified-26-gb3657e1-dirty:ff-ffv-75-40-relu/epoch-060.pkl
2017-01-29 00:32:41,103 INFO     epoch: 60 took 27.723s (0.010s in batching)
training loss:	0.585274
validation loss:	0.594896
validation error:	0.319250
2017-01-29 00:32:41,105 INFO     Wrote output to trainNN/out/v046-unified-26-gb3657e1-dirty:ff-ffv-75-40-relu/config.json
2017-01-29 00:33:04,640 INFO     Saving network params to trainNN/out/v046-unified-26-gb3657e1-dirty:ff-ffv-75-40-relu/epoch-061.pkl
2017-01-29 00:33:05,762 INFO     epoch: 61 took 24.659s (0.009s in batching)
training loss:	0.585142
validation loss:	0.598282
validation error:	0.324373
2017-01-29 00:33:05,764 INFO     Wrote output to trainNN/out/v046-unified-26-gb3657e1-dirty:ff-ffv-75-40-relu/config.json
2017-01-29 00:33:32,975 INFO     Saving network params to trainNN/out/v046-unified-26-gb3657e1-dirty:ff-ffv-75-40-relu/epoch-062.pkl
2017-01-29 00:33:34,071 INFO     epoch: 62 took 28.309s (0.010s in batching)
training loss:	0.585043
validation loss:	0.593587
validation error:	0.318302
2017-01-29 00:33:34,072 INFO     Wrote output to trainNN/out/v046-unified-26-gb3657e1-dirty:ff-ffv-75-40-relu/config.json
2017-01-29 00:34:01,373 INFO     Saving network params to trainNN/out/v046-unified-26-gb3657e1-dirty:ff-ffv-75-40-relu/epoch-063.pkl
2017-01-29 00:34:02,454 INFO     epoch: 63 took 28.383s (0.010s in batching)
training loss:	0.585004
validation loss:	0.595485
validation error:	0.320656
2017-01-29 00:34:02,456 INFO     Wrote output to trainNN/out/v046-unified-26-gb3657e1-dirty:ff-ffv-75-40-relu/config.json
2017-01-29 00:34:29,609 INFO     Saving network params to trainNN/out/v046-unified-26-gb3657e1-dirty:ff-ffv-75-40-relu/epoch-064.pkl
2017-01-29 00:34:30,695 INFO     epoch: 64 took 28.241s (0.009s in batching)
training loss:	0.584863
validation loss:	0.594593
validation error:	0.320481
2017-01-29 00:34:30,696 INFO     Wrote output to trainNN/out/v046-unified-26-gb3657e1-dirty:ff-ffv-75-40-relu/config.json
2017-01-29 00:34:57,842 INFO     Saving network params to trainNN/out/v046-unified-26-gb3657e1-dirty:ff-ffv-75-40-relu/epoch-065.pkl
2017-01-29 00:34:58,931 INFO     epoch: 65 took 28.236s (0.009s in batching)
training loss:	0.584763
validation loss:	0.594273
validation error:	0.318542
2017-01-29 00:34:58,933 INFO     Wrote output to trainNN/out/v046-unified-26-gb3657e1-dirty:ff-ffv-75-40-relu/config.json
2017-01-29 00:35:26,055 INFO     Saving network params to trainNN/out/v046-unified-26-gb3657e1-dirty:ff-ffv-75-40-relu/epoch-066.pkl
2017-01-29 00:35:27,179 INFO     epoch: 66 took 28.247s (0.009s in batching)
training loss:	0.584777
validation loss:	0.594377
validation error:	0.321618
2017-01-29 00:35:27,180 INFO     Wrote output to trainNN/out/v046-unified-26-gb3657e1-dirty:ff-ffv-75-40-relu/config.json
2017-01-29 00:35:54,467 INFO     Saving network params to trainNN/out/v046-unified-26-gb3657e1-dirty:ff-ffv-75-40-relu/epoch-067.pkl
2017-01-29 00:35:55,580 INFO     epoch: 67 took 28.401s (0.010s in batching)
training loss:	0.584645
validation loss:	0.593093
validation error:	0.320571
2017-01-29 00:35:55,592 INFO     Wrote output to trainNN/out/v046-unified-26-gb3657e1-dirty:ff-ffv-75-40-relu/config.json
2017-01-29 00:36:22,693 INFO     Saving network params to trainNN/out/v046-unified-26-gb3657e1-dirty:ff-ffv-75-40-relu/epoch-068.pkl
2017-01-29 00:36:23,783 INFO     epoch: 68 took 28.203s (0.010s in batching)
training loss:	0.584578
validation loss:	0.594281
validation error:	0.318646
2017-01-29 00:36:23,784 INFO     Wrote output to trainNN/out/v046-unified-26-gb3657e1-dirty:ff-ffv-75-40-relu/config.json
2017-01-29 00:36:50,835 INFO     Saving network params to trainNN/out/v046-unified-26-gb3657e1-dirty:ff-ffv-75-40-relu/epoch-069.pkl
2017-01-29 00:36:51,946 INFO     epoch: 69 took 28.164s (0.009s in batching)
training loss:	0.584605
validation loss:	0.593955
validation error:	0.317618
2017-01-29 00:36:51,948 INFO     Wrote output to trainNN/out/v046-unified-26-gb3657e1-dirty:ff-ffv-75-40-relu/config.json
2017-01-29 00:37:19,064 INFO     Saving network params to trainNN/out/v046-unified-26-gb3657e1-dirty:ff-ffv-75-40-relu/epoch-070.pkl
2017-01-29 00:37:20,149 INFO     epoch: 70 took 28.203s (0.009s in batching)
training loss:	0.584604
validation loss:	0.592327
validation error:	0.318708
2017-01-29 00:37:20,151 INFO     Wrote output to trainNN/out/v046-unified-26-gb3657e1-dirty:ff-ffv-75-40-relu/config.json
2017-01-29 00:37:47,442 INFO     Saving network params to trainNN/out/v046-unified-26-gb3657e1-dirty:ff-ffv-75-40-relu/epoch-071.pkl
2017-01-29 00:37:48,537 INFO     epoch: 71 took 28.388s (0.010s in batching)
training loss:	0.584457
validation loss:	0.593076
validation error:	0.319047
2017-01-29 00:37:48,539 INFO     Wrote output to trainNN/out/v046-unified-26-gb3657e1-dirty:ff-ffv-75-40-relu/config.json
2017-01-29 00:38:15,765 INFO     Saving network params to trainNN/out/v046-unified-26-gb3657e1-dirty:ff-ffv-75-40-relu/epoch-072.pkl
2017-01-29 00:38:16,905 INFO     epoch: 72 took 28.368s (0.010s in batching)
training loss:	0.584432
validation loss:	0.594575
validation error:	0.320052
2017-01-29 00:38:16,908 INFO     Wrote output to trainNN/out/v046-unified-26-gb3657e1-dirty:ff-ffv-75-40-relu/config.json
2017-01-29 00:38:44,177 INFO     Saving network params to trainNN/out/v046-unified-26-gb3657e1-dirty:ff-ffv-75-40-relu/epoch-073.pkl
2017-01-29 00:38:45,287 INFO     epoch: 73 took 28.383s (0.010s in batching)
training loss:	0.584383
validation loss:	0.594258
validation error:	0.319542
2017-01-29 00:38:45,291 INFO     Wrote output to trainNN/out/v046-unified-26-gb3657e1-dirty:ff-ffv-75-40-relu/config.json
2017-01-29 00:39:12,617 INFO     Saving network params to trainNN/out/v046-unified-26-gb3657e1-dirty:ff-ffv-75-40-relu/epoch-074.pkl
2017-01-29 00:39:13,704 INFO     epoch: 74 took 28.416s (0.010s in batching)
training loss:	0.584311
validation loss:	0.593767
validation error:	0.316759
2017-01-29 00:39:13,706 INFO     Wrote output to trainNN/out/v046-unified-26-gb3657e1-dirty:ff-ffv-75-40-relu/config.json
2017-01-29 00:39:40,924 INFO     Saving network params to trainNN/out/v046-unified-26-gb3657e1-dirty:ff-ffv-75-40-relu/epoch-075.pkl
2017-01-29 00:39:42,026 INFO     epoch: 75 took 28.323s (0.010s in batching)
training loss:	0.584192
validation loss:	0.595927
validation error:	0.321085
2017-01-29 00:39:42,028 INFO     Wrote output to trainNN/out/v046-unified-26-gb3657e1-dirty:ff-ffv-75-40-relu/config.json
2017-01-29 00:40:09,323 INFO     Saving network params to trainNN/out/v046-unified-26-gb3657e1-dirty:ff-ffv-75-40-relu/epoch-076.pkl
2017-01-29 00:40:10,412 INFO     epoch: 76 took 28.386s (0.010s in batching)
training loss:	0.584237
validation loss:	0.595505
validation error:	0.320608
2017-01-29 00:40:10,414 INFO     Wrote output to trainNN/out/v046-unified-26-gb3657e1-dirty:ff-ffv-75-40-relu/config.json
2017-01-29 00:40:37,791 INFO     Saving network params to trainNN/out/v046-unified-26-gb3657e1-dirty:ff-ffv-75-40-relu/epoch-077.pkl
2017-01-29 00:40:38,894 INFO     epoch: 77 took 28.482s (0.010s in batching)
training loss:	0.584008
validation loss:	0.592416
validation error:	0.318528
2017-01-29 00:40:38,896 INFO     Wrote output to trainNN/out/v046-unified-26-gb3657e1-dirty:ff-ffv-75-40-relu/config.json
2017-01-29 00:41:06,116 INFO     Saving network params to trainNN/out/v046-unified-26-gb3657e1-dirty:ff-ffv-75-40-relu/epoch-078.pkl
2017-01-29 00:41:07,216 INFO     epoch: 78 took 28.322s (0.010s in batching)
training loss:	0.584062
validation loss:	0.591446
validation error:	0.318137
2017-01-29 00:41:07,219 INFO     Wrote output to trainNN/out/v046-unified-26-gb3657e1-dirty:ff-ffv-75-40-relu/config.json
2017-01-29 00:41:34,492 INFO     Saving network params to trainNN/out/v046-unified-26-gb3657e1-dirty:ff-ffv-75-40-relu/epoch-079.pkl
2017-01-29 00:41:35,585 INFO     epoch: 79 took 28.369s (0.013s in batching)
training loss:	0.583949
validation loss:	0.593732
validation error:	0.319160
2017-01-29 00:41:35,588 INFO     Wrote output to trainNN/out/v046-unified-26-gb3657e1-dirty:ff-ffv-75-40-relu/config.json
2017-01-29 00:42:02,914 INFO     Saving network params to trainNN/out/v046-unified-26-gb3657e1-dirty:ff-ffv-75-40-relu/epoch-080.pkl
2017-01-29 00:42:03,832 INFO     epoch: 80 took 28.247s (0.010s in batching)
training loss:	0.583885
validation loss:	0.592158
validation error:	0.318825
2017-01-29 00:42:03,833 INFO     Wrote output to trainNN/out/v046-unified-26-gb3657e1-dirty:ff-ffv-75-40-relu/config.json
2017-01-29 00:42:27,133 INFO     Saving network params to trainNN/out/v046-unified-26-gb3657e1-dirty:ff-ffv-75-40-relu/epoch-081.pkl
2017-01-29 00:42:28,319 INFO     epoch: 81 took 24.487s (0.010s in batching)
training loss:	0.583884
validation loss:	0.592639
validation error:	0.316448
2017-01-29 00:42:28,321 INFO     Wrote output to trainNN/out/v046-unified-26-gb3657e1-dirty:ff-ffv-75-40-relu/config.json
2017-01-29 00:42:55,976 INFO     Saving network params to trainNN/out/v046-unified-26-gb3657e1-dirty:ff-ffv-75-40-relu/epoch-082.pkl
2017-01-29 00:42:57,114 INFO     epoch: 82 took 28.795s (0.011s in batching)
training loss:	0.583754
validation loss:	0.593808
validation error:	0.319325
2017-01-29 00:42:57,115 INFO     Wrote output to trainNN/out/v046-unified-26-gb3657e1-dirty:ff-ffv-75-40-relu/config.json
2017-01-29 00:43:24,514 INFO     Saving network params to trainNN/out/v046-unified-26-gb3657e1-dirty:ff-ffv-75-40-relu/epoch-083.pkl
2017-01-29 00:43:25,638 INFO     epoch: 83 took 28.525s (0.010s in batching)
training loss:	0.583749
validation loss:	0.594185
validation error:	0.320377
2017-01-29 00:43:25,640 INFO     Wrote output to trainNN/out/v046-unified-26-gb3657e1-dirty:ff-ffv-75-40-relu/config.json
2017-01-29 00:43:53,016 INFO     Saving network params to trainNN/out/v046-unified-26-gb3657e1-dirty:ff-ffv-75-40-relu/epoch-084.pkl
2017-01-29 00:43:54,130 INFO     epoch: 84 took 28.492s (0.010s in batching)
training loss:	0.583754
validation loss:	0.594861
validation error:	0.320179
2017-01-29 00:43:54,132 INFO     Wrote output to trainNN/out/v046-unified-26-gb3657e1-dirty:ff-ffv-75-40-relu/config.json
2017-01-29 00:44:21,410 INFO     Saving network params to trainNN/out/v046-unified-26-gb3657e1-dirty:ff-ffv-75-40-relu/epoch-085.pkl
2017-01-29 00:44:22,522 INFO     epoch: 85 took 28.392s (0.010s in batching)
training loss:	0.583637
validation loss:	0.592181
validation error:	0.315462
2017-01-29 00:44:22,524 INFO     Wrote output to trainNN/out/v046-unified-26-gb3657e1-dirty:ff-ffv-75-40-relu/config.json
2017-01-29 00:44:49,872 INFO     Saving network params to trainNN/out/v046-unified-26-gb3657e1-dirty:ff-ffv-75-40-relu/epoch-086.pkl
2017-01-29 00:44:50,993 INFO     epoch: 86 took 28.471s (0.010s in batching)
training loss:	0.583569
validation loss:	0.592320
validation error:	0.316995
2017-01-29 00:44:50,995 INFO     Wrote output to trainNN/out/v046-unified-26-gb3657e1-dirty:ff-ffv-75-40-relu/config.json
2017-01-29 00:45:18,329 INFO     Saving network params to trainNN/out/v046-unified-26-gb3657e1-dirty:ff-ffv-75-40-relu/epoch-087.pkl
2017-01-29 00:45:19,452 INFO     epoch: 87 took 28.459s (0.011s in batching)
training loss:	0.583584
validation loss:	0.592972
validation error:	0.320873
2017-01-29 00:45:19,456 INFO     Wrote output to trainNN/out/v046-unified-26-gb3657e1-dirty:ff-ffv-75-40-relu/config.json
2017-01-29 00:45:46,957 INFO     Saving network params to trainNN/out/v046-unified-26-gb3657e1-dirty:ff-ffv-75-40-relu/epoch-088.pkl
2017-01-29 00:45:48,040 INFO     epoch: 88 took 28.588s (0.011s in batching)
training loss:	0.583562
validation loss:	0.591317
validation error:	0.317160
2017-01-29 00:45:48,042 INFO     Wrote output to trainNN/out/v046-unified-26-gb3657e1-dirty:ff-ffv-75-40-relu/config.json
2017-01-29 00:46:15,350 INFO     Saving network params to trainNN/out/v046-unified-26-gb3657e1-dirty:ff-ffv-75-40-relu/epoch-089.pkl
2017-01-29 00:46:16,444 INFO     epoch: 89 took 28.404s (0.010s in batching)
training loss:	0.583344
validation loss:	0.594004
validation error:	0.320354
2017-01-29 00:46:16,446 INFO     Wrote output to trainNN/out/v046-unified-26-gb3657e1-dirty:ff-ffv-75-40-relu/config.json
2017-01-29 00:46:43,689 INFO     Saving network params to trainNN/out/v046-unified-26-gb3657e1-dirty:ff-ffv-75-40-relu/epoch-090.pkl
2017-01-29 00:46:44,820 INFO     epoch: 90 took 28.376s (0.010s in batching)
training loss:	0.583439
validation loss:	0.593030
validation error:	0.319061
2017-01-29 00:46:44,822 INFO     Wrote output to trainNN/out/v046-unified-26-gb3657e1-dirty:ff-ffv-75-40-relu/config.json
2017-01-29 00:47:12,053 INFO     Saving network params to trainNN/out/v046-unified-26-gb3657e1-dirty:ff-ffv-75-40-relu/epoch-091.pkl
2017-01-29 00:47:13,154 INFO     epoch: 91 took 28.335s (0.010s in batching)
training loss:	0.583414
validation loss:	0.592048
validation error:	0.318354
2017-01-29 00:47:13,156 INFO     Wrote output to trainNN/out/v046-unified-26-gb3657e1-dirty:ff-ffv-75-40-relu/config.json
2017-01-29 00:47:40,650 INFO     Saving network params to trainNN/out/v046-unified-26-gb3657e1-dirty:ff-ffv-75-40-relu/epoch-092.pkl
2017-01-29 00:47:41,767 INFO     epoch: 92 took 28.613s (0.010s in batching)
training loss:	0.583322
validation loss:	0.591245
validation error:	0.318226
2017-01-29 00:47:41,769 INFO     Wrote output to trainNN/out/v046-unified-26-gb3657e1-dirty:ff-ffv-75-40-relu/config.json
2017-01-29 00:48:09,124 INFO     Saving network params to trainNN/out/v046-unified-26-gb3657e1-dirty:ff-ffv-75-40-relu/epoch-093.pkl
2017-01-29 00:48:10,245 INFO     epoch: 93 took 28.477s (0.014s in batching)
training loss:	0.583230
validation loss:	0.591962
validation error:	0.317231
2017-01-29 00:48:10,283 INFO     Wrote output to trainNN/out/v046-unified-26-gb3657e1-dirty:ff-ffv-75-40-relu/config.json
2017-01-29 00:48:37,638 INFO     Saving network params to trainNN/out/v046-unified-26-gb3657e1-dirty:ff-ffv-75-40-relu/epoch-094.pkl
2017-01-29 00:48:38,749 INFO     epoch: 94 took 28.504s (0.010s in batching)
training loss:	0.583309
validation loss:	0.593297
validation error:	0.320038
2017-01-29 00:48:38,751 INFO     Wrote output to trainNN/out/v046-unified-26-gb3657e1-dirty:ff-ffv-75-40-relu/config.json
2017-01-29 00:49:05,985 INFO     Saving network params to trainNN/out/v046-unified-26-gb3657e1-dirty:ff-ffv-75-40-relu/epoch-095.pkl
2017-01-29 00:49:07,087 INFO     epoch: 95 took 28.338s (0.009s in batching)
training loss:	0.583288
validation loss:	0.591699
validation error:	0.317014
2017-01-29 00:49:07,090 INFO     Wrote output to trainNN/out/v046-unified-26-gb3657e1-dirty:ff-ffv-75-40-relu/config.json
2017-01-29 00:49:34,303 INFO     Saving network params to trainNN/out/v046-unified-26-gb3657e1-dirty:ff-ffv-75-40-relu/epoch-096.pkl
2017-01-29 00:49:35,425 INFO     epoch: 96 took 28.338s (0.010s in batching)
training loss:	0.583243
validation loss:	0.593955
validation error:	0.320519
2017-01-29 00:49:35,427 INFO     Wrote output to trainNN/out/v046-unified-26-gb3657e1-dirty:ff-ffv-75-40-relu/config.json
2017-01-29 00:50:02,632 INFO     Saving network params to trainNN/out/v046-unified-26-gb3657e1-dirty:ff-ffv-75-40-relu/epoch-097.pkl
2017-01-29 00:50:03,724 INFO     epoch: 97 took 28.299s (0.009s in batching)
training loss:	0.583179
validation loss:	0.593955
validation error:	0.318873
2017-01-29 00:50:03,726 INFO     Wrote output to trainNN/out/v046-unified-26-gb3657e1-dirty:ff-ffv-75-40-relu/config.json
2017-01-29 00:50:30,976 INFO     Saving network params to trainNN/out/v046-unified-26-gb3657e1-dirty:ff-ffv-75-40-relu/epoch-098.pkl
2017-01-29 00:50:32,078 INFO     epoch: 98 took 28.354s (0.009s in batching)
training loss:	0.583242
validation loss:	0.591871
validation error:	0.318472
2017-01-29 00:50:32,081 INFO     Wrote output to trainNN/out/v046-unified-26-gb3657e1-dirty:ff-ffv-75-40-relu/config.json
2017-01-29 00:50:59,275 INFO     Saving network params to trainNN/out/v046-unified-26-gb3657e1-dirty:ff-ffv-75-40-relu/epoch-099.pkl
2017-01-29 00:51:00,374 INFO     epoch: 99 took 28.296s (0.009s in batching)
training loss:	0.583031
validation loss:	0.591600
validation error:	0.315594
2017-01-29 00:51:00,377 INFO     Wrote output to trainNN/out/v046-unified-26-gb3657e1-dirty:ff-ffv-75-40-relu/config.json
2017-01-29 00:51:27,589 INFO     Saving network params to trainNN/out/v046-unified-26-gb3657e1-dirty:ff-ffv-75-40-relu/epoch-100.pkl
2017-01-29 00:51:28,682 INFO     epoch: 100 took 28.308s (0.009s in batching)
training loss:	0.583166
validation loss:	0.592985
validation error:	0.318071
2017-01-29 00:51:28,684 INFO     Wrote output to trainNN/out/v046-unified-26-gb3657e1-dirty:ff-ffv-75-40-relu/config.json
2017-01-29 00:51:51,390 INFO     Saving network params to trainNN/out/v046-unified-26-gb3657e1-dirty:ff-ffv-75-40-relu/epoch-101.pkl
2017-01-29 00:51:52,502 INFO     epoch: 101 took 23.820s (0.009s in batching)
training loss:	0.583026
validation loss:	0.592393
validation error:	0.318080
2017-01-29 00:51:52,504 INFO     Wrote output to trainNN/out/v046-unified-26-gb3657e1-dirty:ff-ffv-75-40-relu/config.json
2017-01-29 00:52:19,707 INFO     Saving network params to trainNN/out/v046-unified-26-gb3657e1-dirty:ff-ffv-75-40-relu/epoch-102.pkl
2017-01-29 00:52:20,796 INFO     epoch: 102 took 28.294s (0.009s in batching)
training loss:	0.582881
validation loss:	0.593463
validation error:	0.320731
2017-01-29 00:52:20,798 INFO     Wrote output to trainNN/out/v046-unified-26-gb3657e1-dirty:ff-ffv-75-40-relu/config.json
2017-01-29 00:52:48,068 INFO     Saving network params to trainNN/out/v046-unified-26-gb3657e1-dirty:ff-ffv-75-40-relu/epoch-103.pkl
2017-01-29 00:52:49,165 INFO     epoch: 103 took 28.369s (0.009s in batching)
training loss:	0.583001
validation loss:	0.592446
validation error:	0.317962
2017-01-29 00:52:49,167 INFO     Wrote output to trainNN/out/v046-unified-26-gb3657e1-dirty:ff-ffv-75-40-relu/config.json
2017-01-29 00:53:16,369 INFO     Saving network params to trainNN/out/v046-unified-26-gb3657e1-dirty:ff-ffv-75-40-relu/epoch-104.pkl
2017-01-29 00:53:17,458 INFO     epoch: 104 took 28.293s (0.009s in batching)
training loss:	0.582940
validation loss:	0.594159
validation error:	0.318585
2017-01-29 00:53:17,460 INFO     Wrote output to trainNN/out/v046-unified-26-gb3657e1-dirty:ff-ffv-75-40-relu/config.json
2017-01-29 00:53:44,702 INFO     Saving network params to trainNN/out/v046-unified-26-gb3657e1-dirty:ff-ffv-75-40-relu/epoch-105.pkl
2017-01-29 00:53:45,798 INFO     epoch: 105 took 28.340s (0.009s in batching)
training loss:	0.582826
validation loss:	0.594613
validation error:	0.317948
2017-01-29 00:53:45,800 INFO     Wrote output to trainNN/out/v046-unified-26-gb3657e1-dirty:ff-ffv-75-40-relu/config.json
2017-01-29 00:54:13,092 INFO     Saving network params to trainNN/out/v046-unified-26-gb3657e1-dirty:ff-ffv-75-40-relu/epoch-106.pkl
2017-01-29 00:54:14,190 INFO     epoch: 106 took 28.392s (0.009s in batching)
training loss:	0.582798
validation loss:	0.594556
validation error:	0.317075
2017-01-29 00:54:14,193 INFO     Wrote output to trainNN/out/v046-unified-26-gb3657e1-dirty:ff-ffv-75-40-relu/config.json
2017-01-29 00:54:41,501 INFO     Saving network params to trainNN/out/v046-unified-26-gb3657e1-dirty:ff-ffv-75-40-relu/epoch-107.pkl
2017-01-29 00:54:42,594 INFO     epoch: 107 took 28.404s (0.010s in batching)
training loss:	0.582775
validation loss:	0.592667
validation error:	0.318052
2017-01-29 00:54:42,597 INFO     Wrote output to trainNN/out/v046-unified-26-gb3657e1-dirty:ff-ffv-75-40-relu/config.json
2017-01-29 00:55:09,794 INFO     Saving network params to trainNN/out/v046-unified-26-gb3657e1-dirty:ff-ffv-75-40-relu/epoch-108.pkl
2017-01-29 00:55:10,892 INFO     epoch: 108 took 28.298s (0.009s in batching)
training loss:	0.582772
validation loss:	0.596188
validation error:	0.318854
2017-01-29 00:55:10,894 INFO     Wrote output to trainNN/out/v046-unified-26-gb3657e1-dirty:ff-ffv-75-40-relu/config.json
2017-01-29 00:55:38,208 INFO     Saving network params to trainNN/out/v046-unified-26-gb3657e1-dirty:ff-ffv-75-40-relu/epoch-109.pkl
2017-01-29 00:55:39,357 INFO     epoch: 109 took 28.465s (0.010s in batching)
training loss:	0.582728
validation loss:	0.594986
validation error:	0.322000
2017-01-29 00:55:39,359 INFO     Wrote output to trainNN/out/v046-unified-26-gb3657e1-dirty:ff-ffv-75-40-relu/config.json
2017-01-29 00:56:06,684 INFO     Saving network params to trainNN/out/v046-unified-26-gb3657e1-dirty:ff-ffv-75-40-relu/epoch-110.pkl
2017-01-29 00:56:07,774 INFO     epoch: 110 took 28.417s (0.010s in batching)
training loss:	0.582771
validation loss:	0.592903
validation error:	0.319538
2017-01-29 00:56:07,776 INFO     Wrote output to trainNN/out/v046-unified-26-gb3657e1-dirty:ff-ffv-75-40-relu/config.json
2017-01-29 00:56:34,995 INFO     Saving network params to trainNN/out/v046-unified-26-gb3657e1-dirty:ff-ffv-75-40-relu/epoch-111.pkl
2017-01-29 00:56:36,096 INFO     epoch: 111 took 28.322s (0.009s in batching)
training loss:	0.582520
validation loss:	0.594430
validation error:	0.320849
2017-01-29 00:56:36,098 INFO     Wrote output to trainNN/out/v046-unified-26-gb3657e1-dirty:ff-ffv-75-40-relu/config.json
2017-01-29 00:57:03,299 INFO     Saving network params to trainNN/out/v046-unified-26-gb3657e1-dirty:ff-ffv-75-40-relu/epoch-112.pkl
2017-01-29 00:57:04,383 INFO     epoch: 112 took 28.287s (0.009s in batching)
training loss:	0.582655
validation loss:	0.594418
validation error:	0.319580
2017-01-29 00:57:04,385 INFO     Wrote output to trainNN/out/v046-unified-26-gb3657e1-dirty:ff-ffv-75-40-relu/config.json
2017-01-29 00:57:31,627 INFO     Saving network params to trainNN/out/v046-unified-26-gb3657e1-dirty:ff-ffv-75-40-relu/epoch-113.pkl
2017-01-29 00:57:32,709 INFO     epoch: 113 took 28.326s (0.009s in batching)
training loss:	0.582543
validation loss:	0.591221
validation error:	0.315674
2017-01-29 00:57:32,712 INFO     Wrote output to trainNN/out/v046-unified-26-gb3657e1-dirty:ff-ffv-75-40-relu/config.json
2017-01-29 00:57:59,913 INFO     Saving network params to trainNN/out/v046-unified-26-gb3657e1-dirty:ff-ffv-75-40-relu/epoch-114.pkl
2017-01-29 00:58:00,995 INFO     epoch: 114 took 28.286s (0.009s in batching)
training loss:	0.582494
validation loss:	0.594605
validation error:	0.321302
2017-01-29 00:58:00,999 INFO     Wrote output to trainNN/out/v046-unified-26-gb3657e1-dirty:ff-ffv-75-40-relu/config.json
2017-01-29 00:58:28,196 INFO     Saving network params to trainNN/out/v046-unified-26-gb3657e1-dirty:ff-ffv-75-40-relu/epoch-115.pkl
2017-01-29 00:58:29,288 INFO     epoch: 115 took 28.292s (0.010s in batching)
training loss:	0.582474
validation loss:	0.597055
validation error:	0.321986
2017-01-29 00:58:29,290 INFO     Wrote output to trainNN/out/v046-unified-26-gb3657e1-dirty:ff-ffv-75-40-relu/config.json
2017-01-29 00:58:56,591 INFO     Saving network params to trainNN/out/v046-unified-26-gb3657e1-dirty:ff-ffv-75-40-relu/epoch-116.pkl
2017-01-29 00:58:57,794 INFO     epoch: 116 took 28.507s (0.009s in batching)
training loss:	0.582499
validation loss:	0.594761
validation error:	0.319604
2017-01-29 00:58:57,797 INFO     Wrote output to trainNN/out/v046-unified-26-gb3657e1-dirty:ff-ffv-75-40-relu/config.json
2017-01-29 00:59:23,339 INFO     Saving network params to trainNN/out/v046-unified-26-gb3657e1-dirty:ff-ffv-75-40-relu/epoch-117.pkl
2017-01-29 00:59:24,887 INFO     epoch: 117 took 27.092s (0.010s in batching)
training loss:	0.582356
validation loss:	0.593096
validation error:	0.317557
2017-01-29 00:59:25,106 INFO     Wrote output to trainNN/out/v046-unified-26-gb3657e1-dirty:ff-ffv-75-40-relu/config.json
2017-01-29 00:59:49,169 INFO     Saving network params to trainNN/out/v046-unified-26-gb3657e1-dirty:ff-ffv-75-40-relu/epoch-118.pkl
2017-01-29 00:59:50,262 INFO     epoch: 118 took 25.376s (0.009s in batching)
training loss:	0.582449
validation loss:	0.594242
validation error:	0.321363
2017-01-29 00:59:50,313 INFO     Wrote output to trainNN/out/v046-unified-26-gb3657e1-dirty:ff-ffv-75-40-relu/config.json
2017-01-29 01:00:14,918 INFO     Saving network params to trainNN/out/v046-unified-26-gb3657e1-dirty:ff-ffv-75-40-relu/epoch-119.pkl
2017-01-29 01:00:16,042 INFO     epoch: 119 took 25.780s (0.009s in batching)
training loss:	0.582414
validation loss:	0.594129
validation error:	0.318141
2017-01-29 01:00:16,045 INFO     Wrote output to trainNN/out/v046-unified-26-gb3657e1-dirty:ff-ffv-75-40-relu/config.json
2017-01-29 01:00:41,603 INFO     Saving network params to trainNN/out/v046-unified-26-gb3657e1-dirty:ff-ffv-75-40-relu/epoch-120.pkl
2017-01-29 01:00:42,684 INFO     epoch: 120 took 26.642s (0.010s in batching)
training loss:	0.582263
validation loss:	0.592741
validation error:	0.318901
2017-01-29 01:00:42,687 INFO     Wrote output to trainNN/out/v046-unified-26-gb3657e1-dirty:ff-ffv-75-40-relu/config.json
2017-01-29 01:01:23,758 INFO     Saving network params to trainNN/out/v046-unified-26-gb3657e1-dirty:ff-ffv-75-40-relu/epoch-121.pkl
2017-01-29 01:01:25,260 INFO     epoch: 121 took 42.575s (0.009s in batching)
training loss:	0.582394
validation loss:	0.594793
validation error:	0.316825
2017-01-29 01:01:25,262 INFO     Wrote output to trainNN/out/v046-unified-26-gb3657e1-dirty:ff-ffv-75-40-relu/config.json
2017-01-29 01:02:08,706 INFO     Saving network params to trainNN/out/v046-unified-26-gb3657e1-dirty:ff-ffv-75-40-relu/epoch-122.pkl
2017-01-29 01:02:10,483 INFO     epoch: 122 took 45.223s (0.009s in batching)
training loss:	0.582348
validation loss:	0.592565
validation error:	0.316887
2017-01-29 01:02:10,548 INFO     Wrote output to trainNN/out/v046-unified-26-gb3657e1-dirty:ff-ffv-75-40-relu/config.json
2017-01-29 01:02:59,051 INFO     Saving network params to trainNN/out/v046-unified-26-gb3657e1-dirty:ff-ffv-75-40-relu/epoch-123.pkl
2017-01-29 01:03:00,930 INFO     epoch: 123 took 50.446s (0.010s in batching)
training loss:	0.582107
validation loss:	0.591661
validation error:	0.317099
2017-01-29 01:03:00,933 INFO     Wrote output to trainNN/out/v046-unified-26-gb3657e1-dirty:ff-ffv-75-40-relu/config.json
2017-01-29 01:03:49,795 INFO     Saving network params to trainNN/out/v046-unified-26-gb3657e1-dirty:ff-ffv-75-40-relu/epoch-124.pkl
2017-01-29 01:03:51,583 INFO     epoch: 124 took 50.653s (0.009s in batching)
training loss:	0.582156
validation loss:	0.593740
validation error:	0.318236
2017-01-29 01:03:51,586 INFO     Wrote output to trainNN/out/v046-unified-26-gb3657e1-dirty:ff-ffv-75-40-relu/config.json
2017-01-29 01:04:36,299 INFO     Saving network params to trainNN/out/v046-unified-26-gb3657e1-dirty:ff-ffv-75-40-relu/epoch-125.pkl
2017-01-29 01:04:38,055 INFO     epoch: 125 took 46.473s (0.009s in batching)
training loss:	0.582159
validation loss:	0.592601
validation error:	0.317783
2017-01-29 01:04:38,058 INFO     Wrote output to trainNN/out/v046-unified-26-gb3657e1-dirty:ff-ffv-75-40-relu/config.json
2017-01-29 01:05:22,734 INFO     Saving network params to trainNN/out/v046-unified-26-gb3657e1-dirty:ff-ffv-75-40-relu/epoch-126.pkl
2017-01-29 01:05:24,495 INFO     epoch: 126 took 46.440s (0.009s in batching)
training loss:	0.582203
validation loss:	0.591934
validation error:	0.316552
2017-01-29 01:05:24,498 INFO     Wrote output to trainNN/out/v046-unified-26-gb3657e1-dirty:ff-ffv-75-40-relu/config.json
2017-01-29 01:06:09,040 INFO     Saving network params to trainNN/out/v046-unified-26-gb3657e1-dirty:ff-ffv-75-40-relu/epoch-127.pkl
2017-01-29 01:06:10,806 INFO     epoch: 127 took 46.311s (0.009s in batching)
training loss:	0.582128
validation loss:	0.593411
validation error:	0.319038
2017-01-29 01:06:10,809 INFO     Wrote output to trainNN/out/v046-unified-26-gb3657e1-dirty:ff-ffv-75-40-relu/config.json
2017-01-29 01:06:55,896 INFO     Saving network params to trainNN/out/v046-unified-26-gb3657e1-dirty:ff-ffv-75-40-relu/epoch-128.pkl
2017-01-29 01:06:57,640 INFO     epoch: 128 took 46.834s (0.009s in batching)
training loss:	0.582214
validation loss:	0.594023
validation error:	0.317113
2017-01-29 01:06:57,642 INFO     Wrote output to trainNN/out/v046-unified-26-gb3657e1-dirty:ff-ffv-75-40-relu/config.json
2017-01-29 01:07:42,353 INFO     Saving network params to trainNN/out/v046-unified-26-gb3657e1-dirty:ff-ffv-75-40-relu/epoch-129.pkl
2017-01-29 01:07:44,094 INFO     epoch: 129 took 46.454s (0.009s in batching)
training loss:	0.582036
validation loss:	0.596645
validation error:	0.321396
2017-01-29 01:07:44,097 INFO     Wrote output to trainNN/out/v046-unified-26-gb3657e1-dirty:ff-ffv-75-40-relu/config.json
2017-01-29 01:08:28,895 INFO     Saving network params to trainNN/out/v046-unified-26-gb3657e1-dirty:ff-ffv-75-40-relu/epoch-130.pkl
2017-01-29 01:08:30,645 INFO     epoch: 130 took 46.551s (0.010s in batching)
training loss:	0.581884
validation loss:	0.593563
validation error:	0.317024
2017-01-29 01:08:30,648 INFO     Wrote output to trainNN/out/v046-unified-26-gb3657e1-dirty:ff-ffv-75-40-relu/config.json
2017-01-29 01:09:15,166 INFO     Saving network params to trainNN/out/v046-unified-26-gb3657e1-dirty:ff-ffv-75-40-relu/epoch-131.pkl
2017-01-29 01:09:16,941 INFO     epoch: 131 took 46.296s (0.009s in batching)
training loss:	0.581968
validation loss:	0.592958
validation error:	0.318014
2017-01-29 01:09:16,945 INFO     Wrote output to trainNN/out/v046-unified-26-gb3657e1-dirty:ff-ffv-75-40-relu/config.json
2017-01-29 01:10:01,864 INFO     Saving network params to trainNN/out/v046-unified-26-gb3657e1-dirty:ff-ffv-75-40-relu/epoch-132.pkl
2017-01-29 01:10:03,646 INFO     epoch: 132 took 46.705s (0.013s in batching)
training loss:	0.581933
validation loss:	0.594815
validation error:	0.318288
2017-01-29 01:10:03,648 INFO     Wrote output to trainNN/out/v046-unified-26-gb3657e1-dirty:ff-ffv-75-40-relu/config.json
2017-01-29 01:10:48,195 INFO     Saving network params to trainNN/out/v046-unified-26-gb3657e1-dirty:ff-ffv-75-40-relu/epoch-133.pkl
2017-01-29 01:10:49,895 INFO     epoch: 133 took 46.249s (0.011s in batching)
training loss:	0.581925
validation loss:	0.591946
validation error:	0.314939
2017-01-29 01:10:49,898 INFO     Wrote output to trainNN/out/v046-unified-26-gb3657e1-dirty:ff-ffv-75-40-relu/config.json
2017-01-29 01:11:34,667 INFO     Saving network params to trainNN/out/v046-unified-26-gb3657e1-dirty:ff-ffv-75-40-relu/epoch-134.pkl
2017-01-29 01:11:36,391 INFO     epoch: 134 took 46.495s (0.009s in batching)
training loss:	0.581928
validation loss:	0.592399
validation error:	0.316868
2017-01-29 01:11:36,393 INFO     Wrote output to trainNN/out/v046-unified-26-gb3657e1-dirty:ff-ffv-75-40-relu/config.json
2017-01-29 01:12:20,941 INFO     Saving network params to trainNN/out/v046-unified-26-gb3657e1-dirty:ff-ffv-75-40-relu/epoch-135.pkl
2017-01-29 01:12:22,718 INFO     epoch: 135 took 46.328s (0.009s in batching)
training loss:	0.581891
validation loss:	0.594688
validation error:	0.318891
2017-01-29 01:12:22,723 INFO     Wrote output to trainNN/out/v046-unified-26-gb3657e1-dirty:ff-ffv-75-40-relu/config.json
2017-01-29 01:13:07,404 INFO     Saving network params to trainNN/out/v046-unified-26-gb3657e1-dirty:ff-ffv-75-40-relu/epoch-136.pkl
2017-01-29 01:13:09,170 INFO     epoch: 136 took 46.452s (0.014s in batching)
training loss:	0.581843
validation loss:	0.592813
validation error:	0.318849
2017-01-29 01:13:09,173 INFO     Wrote output to trainNN/out/v046-unified-26-gb3657e1-dirty:ff-ffv-75-40-relu/config.json
2017-01-29 01:13:53,898 INFO     Saving network params to trainNN/out/v046-unified-26-gb3657e1-dirty:ff-ffv-75-40-relu/epoch-137.pkl
2017-01-29 01:13:55,678 INFO     epoch: 137 took 46.508s (0.009s in batching)
training loss:	0.581780
validation loss:	0.592938
validation error:	0.318651
2017-01-29 01:13:55,681 INFO     Wrote output to trainNN/out/v046-unified-26-gb3657e1-dirty:ff-ffv-75-40-relu/config.json
2017-01-29 01:14:40,586 INFO     Saving network params to trainNN/out/v046-unified-26-gb3657e1-dirty:ff-ffv-75-40-relu/epoch-138.pkl
2017-01-29 01:14:42,304 INFO     epoch: 138 took 46.626s (0.009s in batching)
training loss:	0.581784
validation loss:	0.592704
validation error:	0.317335
2017-01-29 01:14:42,307 INFO     Wrote output to trainNN/out/v046-unified-26-gb3657e1-dirty:ff-ffv-75-40-relu/config.json
2017-01-29 01:15:20,387 INFO     Saving network params to trainNN/out/v046-unified-26-gb3657e1-dirty:ff-ffv-75-40-relu/epoch-139.pkl
2017-01-29 01:15:21,518 INFO     epoch: 139 took 39.214s (0.010s in batching)
training loss:	0.581688
validation loss:	0.594177
validation error:	0.317349
2017-01-29 01:15:21,521 INFO     Wrote output to trainNN/out/v046-unified-26-gb3657e1-dirty:ff-ffv-75-40-relu/config.json
2017-01-29 01:15:45,711 INFO     Saving network params to trainNN/out/v046-unified-26-gb3657e1-dirty:ff-ffv-75-40-relu/epoch-140.pkl
2017-01-29 01:15:46,612 INFO     epoch: 140 took 25.094s (0.009s in batching)
training loss:	0.581675
validation loss:	0.591666
validation error:	0.317406
2017-01-29 01:15:46,615 INFO     Wrote output to trainNN/out/v046-unified-26-gb3657e1-dirty:ff-ffv-75-40-relu/config.json
2017-01-29 01:16:17,883 INFO     Saving network params to trainNN/out/v046-unified-26-gb3657e1-dirty:ff-ffv-75-40-relu/epoch-141.pkl
2017-01-29 01:16:19,858 INFO     epoch: 141 took 33.246s (0.010s in batching)
training loss:	0.581744
validation loss:	0.594345
validation error:	0.320170
2017-01-29 01:16:19,862 INFO     Wrote output to trainNN/out/v046-unified-26-gb3657e1-dirty:ff-ffv-75-40-relu/config.json
2017-01-29 01:17:05,640 INFO     Saving network params to trainNN/out/v046-unified-26-gb3657e1-dirty:ff-ffv-75-40-relu/epoch-142.pkl
2017-01-29 01:17:07,392 INFO     epoch: 142 took 47.534s (0.010s in batching)
training loss:	0.581756
validation loss:	0.592770
validation error:	0.319500
2017-01-29 01:17:07,394 INFO     Wrote output to trainNN/out/v046-unified-26-gb3657e1-dirty:ff-ffv-75-40-relu/config.json
2017-01-29 01:17:52,574 INFO     Saving network params to trainNN/out/v046-unified-26-gb3657e1-dirty:ff-ffv-75-40-relu/epoch-143.pkl
2017-01-29 01:17:54,346 INFO     epoch: 143 took 46.954s (0.010s in batching)
training loss:	0.581657
validation loss:	0.591893
validation error:	0.316877
2017-01-29 01:17:54,349 INFO     Wrote output to trainNN/out/v046-unified-26-gb3657e1-dirty:ff-ffv-75-40-relu/config.json
2017-01-29 01:18:36,538 INFO     Saving network params to trainNN/out/v046-unified-26-gb3657e1-dirty:ff-ffv-75-40-relu/epoch-144.pkl
2017-01-29 01:18:38,113 INFO     epoch: 144 took 43.767s (0.010s in batching)
training loss:	0.581577
validation loss:	0.592680
validation error:	0.317627
2017-01-29 01:18:38,285 INFO     Wrote output to trainNN/out/v046-unified-26-gb3657e1-dirty:ff-ffv-75-40-relu/config.json
2017-01-29 01:19:23,640 INFO     Saving network params to trainNN/out/v046-unified-26-gb3657e1-dirty:ff-ffv-75-40-relu/epoch-145.pkl
2017-01-29 01:19:25,433 INFO     epoch: 145 took 47.320s (0.011s in batching)
training loss:	0.581639
validation loss:	0.592585
validation error:	0.317387
2017-01-29 01:19:25,436 INFO     Wrote output to trainNN/out/v046-unified-26-gb3657e1-dirty:ff-ffv-75-40-relu/config.json
2017-01-29 01:20:10,603 INFO     Saving network params to trainNN/out/v046-unified-26-gb3657e1-dirty:ff-ffv-75-40-relu/epoch-146.pkl
2017-01-29 01:20:12,387 INFO     epoch: 146 took 46.954s (0.010s in batching)
training loss:	0.581646
validation loss:	0.591774
validation error:	0.317127
2017-01-29 01:20:12,390 INFO     Wrote output to trainNN/out/v046-unified-26-gb3657e1-dirty:ff-ffv-75-40-relu/config.json
2017-01-29 01:20:57,597 INFO     Saving network params to trainNN/out/v046-unified-26-gb3657e1-dirty:ff-ffv-75-40-relu/epoch-147.pkl
2017-01-29 01:20:59,380 INFO     epoch: 147 took 46.993s (0.010s in batching)
training loss:	0.581605
validation loss:	0.595645
validation error:	0.322052
2017-01-29 01:20:59,384 INFO     Wrote output to trainNN/out/v046-unified-26-gb3657e1-dirty:ff-ffv-75-40-relu/config.json
2017-01-29 01:21:44,443 INFO     Saving network params to trainNN/out/v046-unified-26-gb3657e1-dirty:ff-ffv-75-40-relu/epoch-148.pkl
2017-01-29 01:21:46,225 INFO     epoch: 148 took 46.845s (0.010s in batching)
training loss:	0.581648
validation loss:	0.592742
validation error:	0.317882
2017-01-29 01:21:46,227 INFO     Wrote output to trainNN/out/v046-unified-26-gb3657e1-dirty:ff-ffv-75-40-relu/config.json
2017-01-29 01:22:31,368 INFO     Saving network params to trainNN/out/v046-unified-26-gb3657e1-dirty:ff-ffv-75-40-relu/epoch-149.pkl
2017-01-29 01:22:33,159 INFO     epoch: 149 took 46.935s (0.010s in batching)
training loss:	0.581576
validation loss:	0.591466
validation error:	0.317887
2017-01-29 01:22:33,162 INFO     Wrote output to trainNN/out/v046-unified-26-gb3657e1-dirty:ff-ffv-75-40-relu/config.json
2017-01-29 01:23:18,435 INFO     Saving network params to trainNN/out/v046-unified-26-gb3657e1-dirty:ff-ffv-75-40-relu/epoch-150.pkl
2017-01-29 01:23:20,215 INFO     epoch: 150 took 47.056s (0.010s in batching)
training loss:	0.581490
validation loss:	0.595097
validation error:	0.318618
2017-01-29 01:23:20,218 INFO     Wrote output to trainNN/out/v046-unified-26-gb3657e1-dirty:ff-ffv-75-40-relu/config.json
2017-01-29 01:24:05,283 INFO     Saving network params to trainNN/out/v046-unified-26-gb3657e1-dirty:ff-ffv-75-40-relu/epoch-151.pkl
2017-01-29 01:24:07,049 INFO     epoch: 151 took 46.834s (0.010s in batching)
training loss:	0.581514
validation loss:	0.594122
validation error:	0.319514
2017-01-29 01:24:07,051 INFO     Wrote output to trainNN/out/v046-unified-26-gb3657e1-dirty:ff-ffv-75-40-relu/config.json
2017-01-29 01:24:52,430 INFO     Saving network params to trainNN/out/v046-unified-26-gb3657e1-dirty:ff-ffv-75-40-relu/epoch-152.pkl
2017-01-29 01:24:54,211 INFO     epoch: 152 took 47.162s (0.010s in batching)
training loss:	0.581510
validation loss:	0.592159
validation error:	0.318019
2017-01-29 01:24:54,214 INFO     Wrote output to trainNN/out/v046-unified-26-gb3657e1-dirty:ff-ffv-75-40-relu/config.json
2017-01-29 01:25:39,367 INFO     Saving network params to trainNN/out/v046-unified-26-gb3657e1-dirty:ff-ffv-75-40-relu/epoch-153.pkl
2017-01-29 01:25:41,134 INFO     epoch: 153 took 46.923s (0.010s in batching)
training loss:	0.581409
validation loss:	0.591492
validation error:	0.317726
2017-01-29 01:25:41,137 INFO     Wrote output to trainNN/out/v046-unified-26-gb3657e1-dirty:ff-ffv-75-40-relu/config.json
2017-01-29 01:26:26,702 INFO     Saving network params to trainNN/out/v046-unified-26-gb3657e1-dirty:ff-ffv-75-40-relu/epoch-154.pkl
2017-01-29 01:26:28,498 INFO     epoch: 154 took 47.364s (0.010s in batching)
training loss:	0.581352
validation loss:	0.594274
validation error:	0.318226
2017-01-29 01:26:28,501 INFO     Wrote output to trainNN/out/v046-unified-26-gb3657e1-dirty:ff-ffv-75-40-relu/config.json
2017-01-29 01:27:13,825 INFO     Saving network params to trainNN/out/v046-unified-26-gb3657e1-dirty:ff-ffv-75-40-relu/epoch-155.pkl
2017-01-29 01:27:15,606 INFO     epoch: 155 took 47.109s (0.010s in batching)
training loss:	0.581380
validation loss:	0.592746
validation error:	0.318410
2017-01-29 01:27:15,609 INFO     Wrote output to trainNN/out/v046-unified-26-gb3657e1-dirty:ff-ffv-75-40-relu/config.json
2017-01-29 01:28:00,915 INFO     Saving network params to trainNN/out/v046-unified-26-gb3657e1-dirty:ff-ffv-75-40-relu/epoch-156.pkl
2017-01-29 01:28:02,694 INFO     epoch: 156 took 47.087s (0.010s in batching)
training loss:	0.581356
validation loss:	0.594524
validation error:	0.318024
2017-01-29 01:28:02,696 INFO     Wrote output to trainNN/out/v046-unified-26-gb3657e1-dirty:ff-ffv-75-40-relu/config.json
2017-01-29 01:28:47,861 INFO     Saving network params to trainNN/out/v046-unified-26-gb3657e1-dirty:ff-ffv-75-40-relu/epoch-157.pkl
2017-01-29 01:28:49,666 INFO     epoch: 157 took 46.973s (0.010s in batching)
training loss:	0.581347
validation loss:	0.593042
validation error:	0.317533
2017-01-29 01:28:49,825 INFO     Wrote output to trainNN/out/v046-unified-26-gb3657e1-dirty:ff-ffv-75-40-relu/config.json
2017-01-29 01:29:34,894 INFO     Saving network params to trainNN/out/v046-unified-26-gb3657e1-dirty:ff-ffv-75-40-relu/epoch-158.pkl
2017-01-29 01:29:36,685 INFO     epoch: 158 took 47.019s (0.010s in batching)
training loss:	0.581397
validation loss:	0.595991
validation error:	0.321991
2017-01-29 01:29:36,688 INFO     Wrote output to trainNN/out/v046-unified-26-gb3657e1-dirty:ff-ffv-75-40-relu/config.json
2017-01-29 01:30:21,849 INFO     Saving network params to trainNN/out/v046-unified-26-gb3657e1-dirty:ff-ffv-75-40-relu/epoch-159.pkl
2017-01-29 01:30:23,633 INFO     epoch: 159 took 46.948s (0.010s in batching)
training loss:	0.581273
validation loss:	0.591305
validation error:	0.315075
2017-01-29 01:30:23,636 INFO     Wrote output to trainNN/out/v046-unified-26-gb3657e1-dirty:ff-ffv-75-40-relu/config.json
2017-01-29 01:31:06,953 INFO     Saving network params to trainNN/out/v046-unified-26-gb3657e1-dirty:ff-ffv-75-40-relu/epoch-160.pkl
2017-01-29 01:31:08,443 INFO     epoch: 160 took 44.809s (0.011s in batching)
training loss:	0.581277
validation loss:	0.592121
validation error:	0.316731
2017-01-29 01:31:08,446 INFO     Wrote output to trainNN/out/v046-unified-26-gb3657e1-dirty:ff-ffv-75-40-relu/config.json
2017-01-29 01:31:52,308 INFO     Saving network params to trainNN/out/v046-unified-26-gb3657e1-dirty:ff-ffv-75-40-relu/epoch-161.pkl
2017-01-29 01:31:54,077 INFO     epoch: 161 took 45.634s (0.010s in batching)
training loss:	0.581264
validation loss:	0.594231
validation error:	0.320476
2017-01-29 01:31:54,079 INFO     Wrote output to trainNN/out/v046-unified-26-gb3657e1-dirty:ff-ffv-75-40-relu/config.json
2017-01-29 01:32:39,215 INFO     Saving network params to trainNN/out/v046-unified-26-gb3657e1-dirty:ff-ffv-75-40-relu/epoch-162.pkl
2017-01-29 01:32:40,993 INFO     epoch: 162 took 46.917s (0.009s in batching)
training loss:	0.581304
validation loss:	0.593939
validation error:	0.317802
2017-01-29 01:32:40,996 INFO     Wrote output to trainNN/out/v046-unified-26-gb3657e1-dirty:ff-ffv-75-40-relu/config.json
2017-01-29 01:33:26,286 INFO     Saving network params to trainNN/out/v046-unified-26-gb3657e1-dirty:ff-ffv-75-40-relu/epoch-163.pkl
2017-01-29 01:33:28,092 INFO     epoch: 163 took 47.099s (0.011s in batching)
training loss:	0.581235
validation loss:	0.592248
validation error:	0.317571
2017-01-29 01:33:28,096 INFO     Wrote output to trainNN/out/v046-unified-26-gb3657e1-dirty:ff-ffv-75-40-relu/config.json
2017-01-29 01:34:11,502 INFO     Saving network params to trainNN/out/v046-unified-26-gb3657e1-dirty:ff-ffv-75-40-relu/epoch-164.pkl
2017-01-29 01:34:13,025 INFO     epoch: 164 took 44.933s (0.013s in batching)
training loss:	0.581168
validation loss:	0.592587
validation error:	0.315759
2017-01-29 01:34:13,029 INFO     Wrote output to trainNN/out/v046-unified-26-gb3657e1-dirty:ff-ffv-75-40-relu/config.json
2017-01-29 01:34:57,266 INFO     Saving network params to trainNN/out/v046-unified-26-gb3657e1-dirty:ff-ffv-75-40-relu/epoch-165.pkl
2017-01-29 01:34:59,054 INFO     epoch: 165 took 46.029s (0.014s in batching)
training loss:	0.581183
validation loss:	0.593442
validation error:	0.317514
2017-01-29 01:34:59,057 INFO     Wrote output to trainNN/out/v046-unified-26-gb3657e1-dirty:ff-ffv-75-40-relu/config.json
2017-01-29 01:35:44,141 INFO     Saving network params to trainNN/out/v046-unified-26-gb3657e1-dirty:ff-ffv-75-40-relu/epoch-166.pkl
2017-01-29 01:35:45,925 INFO     epoch: 166 took 46.871s (0.010s in batching)
training loss:	0.581097
validation loss:	0.593065
validation error:	0.317910
2017-01-29 01:35:45,928 INFO     Wrote output to trainNN/out/v046-unified-26-gb3657e1-dirty:ff-ffv-75-40-relu/config.json
2017-01-29 01:36:31,144 INFO     Saving network params to trainNN/out/v046-unified-26-gb3657e1-dirty:ff-ffv-75-40-relu/epoch-167.pkl
2017-01-29 01:36:32,910 INFO     epoch: 167 took 46.985s (0.010s in batching)
training loss:	0.581137
validation loss:	0.591671
validation error:	0.315788
2017-01-29 01:36:32,913 INFO     Wrote output to trainNN/out/v046-unified-26-gb3657e1-dirty:ff-ffv-75-40-relu/config.json
2017-01-29 01:37:18,264 INFO     Saving network params to trainNN/out/v046-unified-26-gb3657e1-dirty:ff-ffv-75-40-relu/epoch-168.pkl
2017-01-29 01:37:20,068 INFO     epoch: 168 took 47.158s (0.010s in batching)
training loss:	0.581034
validation loss:	0.593356
validation error:	0.317538
2017-01-29 01:37:20,071 INFO     Wrote output to trainNN/out/v046-unified-26-gb3657e1-dirty:ff-ffv-75-40-relu/config.json
2017-01-29 01:38:05,417 INFO     Saving network params to trainNN/out/v046-unified-26-gb3657e1-dirty:ff-ffv-75-40-relu/epoch-169.pkl
2017-01-29 01:38:07,224 INFO     epoch: 169 took 47.155s (0.010s in batching)
training loss:	0.581104
validation loss:	0.590779
validation error:	0.316184
2017-01-29 01:38:07,226 INFO     Wrote output to trainNN/out/v046-unified-26-gb3657e1-dirty:ff-ffv-75-40-relu/config.json
2017-01-29 01:38:52,439 INFO     Saving network params to trainNN/out/v046-unified-26-gb3657e1-dirty:ff-ffv-75-40-relu/epoch-170.pkl
2017-01-29 01:38:54,243 INFO     epoch: 170 took 47.020s (0.010s in batching)
training loss:	0.581055
validation loss:	0.592888
validation error:	0.319627
2017-01-29 01:38:54,248 INFO     Wrote output to trainNN/out/v046-unified-26-gb3657e1-dirty:ff-ffv-75-40-relu/config.json
2017-01-29 01:39:40,113 INFO     Saving network params to trainNN/out/v046-unified-26-gb3657e1-dirty:ff-ffv-75-40-relu/epoch-171.pkl
2017-01-29 01:39:41,951 INFO     epoch: 171 took 47.707s (0.012s in batching)
training loss:	0.581104
validation loss:	0.591092
validation error:	0.317462
2017-01-29 01:39:41,955 INFO     Wrote output to trainNN/out/v046-unified-26-gb3657e1-dirty:ff-ffv-75-40-relu/config.json
2017-01-29 01:40:27,511 INFO     Saving network params to trainNN/out/v046-unified-26-gb3657e1-dirty:ff-ffv-75-40-relu/epoch-172.pkl
2017-01-29 01:40:29,319 INFO     epoch: 172 took 47.368s (0.011s in batching)
training loss:	0.581036
validation loss:	0.592774
validation error:	0.317849
2017-01-29 01:40:29,324 INFO     Wrote output to trainNN/out/v046-unified-26-gb3657e1-dirty:ff-ffv-75-40-relu/config.json
2017-01-29 01:41:15,223 INFO     Saving network params to trainNN/out/v046-unified-26-gb3657e1-dirty:ff-ffv-75-40-relu/epoch-173.pkl
2017-01-29 01:41:16,989 INFO     epoch: 173 took 47.671s (0.014s in batching)
training loss:	0.581063
validation loss:	0.594594
validation error:	0.320042
2017-01-29 01:41:16,992 INFO     Wrote output to trainNN/out/v046-unified-26-gb3657e1-dirty:ff-ffv-75-40-relu/config.json
2017-01-29 01:42:02,410 INFO     Saving network params to trainNN/out/v046-unified-26-gb3657e1-dirty:ff-ffv-75-40-relu/epoch-174.pkl
2017-01-29 01:42:04,178 INFO     epoch: 174 took 47.189s (0.010s in batching)
training loss:	0.580924
validation loss:	0.594040
validation error:	0.319533
2017-01-29 01:42:04,181 INFO     Wrote output to trainNN/out/v046-unified-26-gb3657e1-dirty:ff-ffv-75-40-relu/config.json
2017-01-29 01:42:49,414 INFO     Saving network params to trainNN/out/v046-unified-26-gb3657e1-dirty:ff-ffv-75-40-relu/epoch-175.pkl
2017-01-29 01:42:51,178 INFO     epoch: 175 took 47.000s (0.010s in batching)
training loss:	0.580944
validation loss:	0.595229
validation error:	0.321453
2017-01-29 01:42:51,181 INFO     Wrote output to trainNN/out/v046-unified-26-gb3657e1-dirty:ff-ffv-75-40-relu/config.json
2017-01-29 01:43:36,825 INFO     Saving network params to trainNN/out/v046-unified-26-gb3657e1-dirty:ff-ffv-75-40-relu/epoch-176.pkl
2017-01-29 01:43:38,606 INFO     epoch: 176 took 47.428s (0.010s in batching)
training loss:	0.580892
validation loss:	0.591174
validation error:	0.315330
2017-01-29 01:43:38,609 INFO     Wrote output to trainNN/out/v046-unified-26-gb3657e1-dirty:ff-ffv-75-40-relu/config.json
2017-01-29 01:44:24,135 INFO     Saving network params to trainNN/out/v046-unified-26-gb3657e1-dirty:ff-ffv-75-40-relu/epoch-177.pkl
2017-01-29 01:44:25,933 INFO     epoch: 177 took 47.327s (0.010s in batching)
training loss:	0.580886
validation loss:	0.592351
validation error:	0.317948
2017-01-29 01:44:25,936 INFO     Wrote output to trainNN/out/v046-unified-26-gb3657e1-dirty:ff-ffv-75-40-relu/config.json
2017-01-29 01:45:11,213 INFO     Saving network params to trainNN/out/v046-unified-26-gb3657e1-dirty:ff-ffv-75-40-relu/epoch-178.pkl
2017-01-29 01:45:12,992 INFO     epoch: 178 took 47.059s (0.010s in batching)
training loss:	0.580921
validation loss:	0.594325
validation error:	0.320934
2017-01-29 01:45:12,996 INFO     Wrote output to trainNN/out/v046-unified-26-gb3657e1-dirty:ff-ffv-75-40-relu/config.json
2017-01-29 01:45:58,401 INFO     Saving network params to trainNN/out/v046-unified-26-gb3657e1-dirty:ff-ffv-75-40-relu/epoch-179.pkl
2017-01-29 01:46:00,183 INFO     epoch: 179 took 47.191s (0.010s in batching)
training loss:	0.580999
validation loss:	0.594293
validation error:	0.316967
2017-01-29 01:46:00,186 INFO     Wrote output to trainNN/out/v046-unified-26-gb3657e1-dirty:ff-ffv-75-40-relu/config.json
2017-01-29 01:46:44,263 INFO     Saving network params to trainNN/out/v046-unified-26-gb3657e1-dirty:ff-ffv-75-40-relu/epoch-180.pkl
2017-01-29 01:46:45,770 INFO     epoch: 180 took 45.587s (0.009s in batching)
training loss:	0.580973
validation loss:	0.591808
validation error:	0.317618
2017-01-29 01:46:45,773 INFO     Wrote output to trainNN/out/v046-unified-26-gb3657e1-dirty:ff-ffv-75-40-relu/config.json
2017-01-29 01:47:28,998 INFO     Saving network params to trainNN/out/v046-unified-26-gb3657e1-dirty:ff-ffv-75-40-relu/epoch-181.pkl
2017-01-29 01:47:30,761 INFO     epoch: 181 took 44.991s (0.010s in batching)
training loss:	0.580887
validation loss:	0.594548
validation error:	0.321830
2017-01-29 01:47:30,764 INFO     Wrote output to trainNN/out/v046-unified-26-gb3657e1-dirty:ff-ffv-75-40-relu/config.json
2017-01-29 01:48:15,957 INFO     Saving network params to trainNN/out/v046-unified-26-gb3657e1-dirty:ff-ffv-75-40-relu/epoch-182.pkl
2017-01-29 01:48:17,714 INFO     epoch: 182 took 46.953s (0.010s in batching)
training loss:	0.580952
validation loss:	0.593635
validation error:	0.319580
2017-01-29 01:48:17,717 INFO     Wrote output to trainNN/out/v046-unified-26-gb3657e1-dirty:ff-ffv-75-40-relu/config.json
2017-01-29 01:49:02,835 INFO     Saving network params to trainNN/out/v046-unified-26-gb3657e1-dirty:ff-ffv-75-40-relu/epoch-183.pkl
2017-01-29 01:49:04,628 INFO     epoch: 183 took 46.914s (0.010s in batching)
training loss:	0.580867
validation loss:	0.592900
validation error:	0.317590
2017-01-29 01:49:04,633 INFO     Wrote output to trainNN/out/v046-unified-26-gb3657e1-dirty:ff-ffv-75-40-relu/config.json
2017-01-29 01:49:48,769 INFO     Saving network params to trainNN/out/v046-unified-26-gb3657e1-dirty:ff-ffv-75-40-relu/epoch-184.pkl
2017-01-29 01:49:50,306 INFO     epoch: 184 took 45.678s (0.010s in batching)
training loss:	0.580826
validation loss:	0.592807
validation error:	0.317170
2017-01-29 01:49:50,310 INFO     Wrote output to trainNN/out/v046-unified-26-gb3657e1-dirty:ff-ffv-75-40-relu/config.json
2017-01-29 01:50:34,358 INFO     Saving network params to trainNN/out/v046-unified-26-gb3657e1-dirty:ff-ffv-75-40-relu/epoch-185.pkl
2017-01-29 01:50:36,165 INFO     epoch: 185 took 45.859s (0.011s in batching)
training loss:	0.580808
validation loss:	0.592252
validation error:	0.316038
2017-01-29 01:50:38,625 INFO     Wrote output to trainNN/out/v046-unified-26-gb3657e1-dirty:ff-ffv-75-40-relu/config.json
2017-01-29 01:51:25,346 INFO     Saving network params to trainNN/out/v046-unified-26-gb3657e1-dirty:ff-ffv-75-40-relu/epoch-186.pkl
2017-01-29 01:51:27,268 INFO     epoch: 186 took 51.102s (0.014s in batching)
training loss:	0.580761
validation loss:	0.592079
validation error:	0.317028
2017-01-29 01:51:27,271 INFO     Wrote output to trainNN/out/v046-unified-26-gb3657e1-dirty:ff-ffv-75-40-relu/config.json
2017-01-29 01:52:14,143 INFO     Saving network params to trainNN/out/v046-unified-26-gb3657e1-dirty:ff-ffv-75-40-relu/epoch-187.pkl
2017-01-29 01:52:15,984 INFO     epoch: 187 took 48.717s (0.012s in batching)
training loss:	0.580758
validation loss:	0.592537
validation error:	0.319920
2017-01-29 01:52:15,989 INFO     Wrote output to trainNN/out/v046-unified-26-gb3657e1-dirty:ff-ffv-75-40-relu/config.json
2017-01-29 01:53:02,047 INFO     Saving network params to trainNN/out/v046-unified-26-gb3657e1-dirty:ff-ffv-75-40-relu/epoch-188.pkl
2017-01-29 01:53:03,922 INFO     epoch: 188 took 47.938s (0.012s in batching)
training loss:	0.580642
validation loss:	0.590894
validation error:	0.316085
2017-01-29 01:53:03,925 INFO     Wrote output to trainNN/out/v046-unified-26-gb3657e1-dirty:ff-ffv-75-40-relu/config.json
2017-01-29 01:53:49,528 INFO     Saving network params to trainNN/out/v046-unified-26-gb3657e1-dirty:ff-ffv-75-40-relu/epoch-189.pkl
2017-01-29 01:53:51,403 INFO     epoch: 189 took 47.481s (0.010s in batching)
training loss:	0.580823
validation loss:	0.591452
validation error:	0.317840
2017-01-29 01:53:51,409 INFO     Wrote output to trainNN/out/v046-unified-26-gb3657e1-dirty:ff-ffv-75-40-relu/config.json
2017-01-29 01:54:38,928 INFO     Saving network params to trainNN/out/v046-unified-26-gb3657e1-dirty:ff-ffv-75-40-relu/epoch-190.pkl
2017-01-29 01:54:40,799 INFO     epoch: 190 took 49.396s (0.016s in batching)
training loss:	0.580710
validation loss:	0.592759
validation error:	0.317538
2017-01-29 01:54:40,803 INFO     Wrote output to trainNN/out/v046-unified-26-gb3657e1-dirty:ff-ffv-75-40-relu/config.json
2017-01-29 01:55:27,121 INFO     Saving network params to trainNN/out/v046-unified-26-gb3657e1-dirty:ff-ffv-75-40-relu/epoch-191.pkl
2017-01-29 01:55:29,025 INFO     epoch: 191 took 48.225s (0.014s in batching)
training loss:	0.580719
validation loss:	0.595950
validation error:	0.320363
2017-01-29 01:55:29,032 INFO     Wrote output to trainNN/out/v046-unified-26-gb3657e1-dirty:ff-ffv-75-40-relu/config.json
2017-01-29 01:56:17,546 INFO     Saving network params to trainNN/out/v046-unified-26-gb3657e1-dirty:ff-ffv-75-40-relu/epoch-192.pkl
2017-01-29 01:56:19,388 INFO     epoch: 192 took 50.364s (0.015s in batching)
training loss:	0.580761
validation loss:	0.593197
validation error:	0.317174
2017-01-29 01:56:19,395 INFO     Wrote output to trainNN/out/v046-unified-26-gb3657e1-dirty:ff-ffv-75-40-relu/config.json
2017-01-29 01:57:05,505 INFO     Saving network params to trainNN/out/v046-unified-26-gb3657e1-dirty:ff-ffv-75-40-relu/epoch-193.pkl
2017-01-29 01:57:07,342 INFO     epoch: 193 took 47.954s (0.016s in batching)
training loss:	0.580653
validation loss:	0.592571
validation error:	0.316080
2017-01-29 01:57:07,345 INFO     Wrote output to trainNN/out/v046-unified-26-gb3657e1-dirty:ff-ffv-75-40-relu/config.json
2017-01-29 01:57:53,063 INFO     Saving network params to trainNN/out/v046-unified-26-gb3657e1-dirty:ff-ffv-75-40-relu/epoch-194.pkl
2017-01-29 01:57:54,921 INFO     epoch: 194 took 47.579s (0.012s in batching)
training loss:	0.580677
validation loss:	0.593666
validation error:	0.319472
2017-01-29 01:57:54,925 INFO     Wrote output to trainNN/out/v046-unified-26-gb3657e1-dirty:ff-ffv-75-40-relu/config.json
2017-01-29 01:58:43,440 INFO     Saving network params to trainNN/out/v046-unified-26-gb3657e1-dirty:ff-ffv-75-40-relu/epoch-195.pkl
2017-01-29 01:58:45,261 INFO     epoch: 195 took 50.339s (0.013s in batching)
training loss:	0.580502
validation loss:	0.593341
validation error:	0.318382
2017-01-29 01:58:45,265 INFO     Wrote output to trainNN/out/v046-unified-26-gb3657e1-dirty:ff-ffv-75-40-relu/config.json
2017-01-29 01:59:30,046 INFO     Saving network params to trainNN/out/v046-unified-26-gb3657e1-dirty:ff-ffv-75-40-relu/epoch-196.pkl
2017-01-29 01:59:31,994 INFO     epoch: 196 took 46.734s (0.009s in batching)
training loss:	0.580537
validation loss:	0.593527
validation error:	0.318042
2017-01-29 01:59:32,002 INFO     Wrote output to trainNN/out/v046-unified-26-gb3657e1-dirty:ff-ffv-75-40-relu/config.json
2017-01-29 02:00:18,869 INFO     Saving network params to trainNN/out/v046-unified-26-gb3657e1-dirty:ff-ffv-75-40-relu/epoch-197.pkl
2017-01-29 02:00:20,735 INFO     epoch: 197 took 48.741s (0.016s in batching)
training loss:	0.580647
validation loss:	0.593009
validation error:	0.319623
2017-01-29 02:00:20,738 INFO     Wrote output to trainNN/out/v046-unified-26-gb3657e1-dirty:ff-ffv-75-40-relu/config.json
2017-01-29 02:01:06,221 INFO     Saving network params to trainNN/out/v046-unified-26-gb3657e1-dirty:ff-ffv-75-40-relu/epoch-198.pkl
2017-01-29 02:01:08,021 INFO     epoch: 198 took 47.286s (0.012s in batching)
training loss:	0.580575
validation loss:	0.591412
validation error:	0.316396
2017-01-29 02:01:08,056 INFO     Wrote output to trainNN/out/v046-unified-26-gb3657e1-dirty:ff-ffv-75-40-relu/config.json
2017-01-29 02:01:52,818 INFO     Saving network params to trainNN/out/v046-unified-26-gb3657e1-dirty:ff-ffv-75-40-relu/epoch-199.pkl
2017-01-29 02:01:54,575 INFO     epoch: 199 took 46.554s (0.010s in batching)
training loss:	0.580459
validation loss:	0.592386
validation error:	0.317448
2017-01-29 02:01:54,579 INFO     Wrote output to trainNN/out/v046-unified-26-gb3657e1-dirty:ff-ffv-75-40-relu/config.json
