2017-02-05 21:36:27,313 DEBUG    version=v049-finunified-3-ge1cb642:lstm-best-stride-1
2017-02-05 21:36:27,331 INFO     Open DBase(data/db/all240302-spk.dat, data/db/all240302-spk.idx, mode='r')
2017-02-05 21:36:41,034 DEBUG    loading cached extracted data from data/cache/extract-7a00b23850576d60137fa78432d8dfda09ea0f343092bd09848f21113b1acfd0.pickle
2017-02-05 21:36:47,658 DEBUG    set input dim to 9
2017-02-05 21:36:47,661 DEBUG    input dim = 9
2017-02-05 21:36:47,680 DEBUG    shuffling batches
2017-02-05 21:36:54,797 DEBUG    shuffling done
2017-02-05 21:36:54,798 DEBUG    loading data into ram
2017-02-05 21:36:54,936 DEBUG    loading data took 0.139s (cpu: 0.139s)
2017-02-05 21:36:55,272 DEBUG    set input dim to 9
2017-02-05 21:36:55,272 DEBUG    input dim = 9
2017-02-05 21:36:55,303 DEBUG    shuffling batches
2017-02-05 21:36:55,997 DEBUG    shuffling done
2017-02-05 21:36:55,997 DEBUG    loading data into ram
2017-02-05 21:36:56,011 DEBUG    loading data took 0.013s (cpu: 0.013s)
2017-02-05 21:36:56,153 DEBUG    Applying L2 regularization with 0.000100
2017-02-05 21:36:56,288 INFO     Training network with 37627 trainable out of 37837 total params.
2017-02-05 21:36:57,707 DEBUG    Using adam with learning_rate=0.001000
2017-02-05 21:37:38,852 DEBUG    Starting training...
2017-02-05 21:40:11,443 INFO     Saving network params to trainNN/out/v049-finunified-3-ge1cb642:lstm-best-stride-1/epoch-000.pkl
2017-02-05 21:40:14,797 INFO     epoch: 0 took 155.944s (0.001s in batching)
training loss:	0.632099
validation loss:	0.611509
validation error:	0.319300
2017-02-05 21:40:14,799 INFO     Wrote output to trainNN/out/v049-finunified-3-ge1cb642:lstm-best-stride-1/config.json
2017-02-05 21:42:47,094 INFO     Saving network params to trainNN/out/v049-finunified-3-ge1cb642:lstm-best-stride-1/epoch-001.pkl
2017-02-05 21:42:50,447 INFO     epoch: 1 took 155.651s (0.001s in batching)
training loss:	0.619567
validation loss:	0.603202
validation error:	0.311600
2017-02-05 21:42:50,450 INFO     Wrote output to trainNN/out/v049-finunified-3-ge1cb642:lstm-best-stride-1/config.json
2017-02-05 21:45:23,235 INFO     Saving network params to trainNN/out/v049-finunified-3-ge1cb642:lstm-best-stride-1/epoch-002.pkl
2017-02-05 21:45:26,574 INFO     epoch: 2 took 156.126s (0.001s in batching)
training loss:	0.611535
validation loss:	0.602378
validation error:	0.313300
2017-02-05 21:45:26,577 INFO     Wrote output to trainNN/out/v049-finunified-3-ge1cb642:lstm-best-stride-1/config.json
2017-02-05 21:47:43,094 INFO     Saving network params to trainNN/out/v049-finunified-3-ge1cb642:lstm-best-stride-1/epoch-003.pkl
2017-02-05 21:47:46,271 INFO     epoch: 3 took 139.697s (0.001s in batching)
training loss:	0.599443
validation loss:	0.573817
validation error:	0.297000
2017-02-05 21:47:46,274 INFO     Wrote output to trainNN/out/v049-finunified-3-ge1cb642:lstm-best-stride-1/config.json
2017-02-05 21:50:17,226 INFO     Saving network params to trainNN/out/v049-finunified-3-ge1cb642:lstm-best-stride-1/epoch-004.pkl
2017-02-05 21:50:20,608 INFO     epoch: 4 took 154.336s (0.001s in batching)
training loss:	0.576169
validation loss:	0.562122
validation error:	0.287800
2017-02-05 21:50:20,610 INFO     Wrote output to trainNN/out/v049-finunified-3-ge1cb642:lstm-best-stride-1/config.json
2017-02-05 21:52:50,974 INFO     Saving network params to trainNN/out/v049-finunified-3-ge1cb642:lstm-best-stride-1/epoch-005.pkl
2017-02-05 21:52:54,360 INFO     epoch: 5 took 153.752s (0.001s in batching)
training loss:	0.570560
validation loss:	0.559039
validation error:	0.281600
2017-02-05 21:52:54,462 INFO     Wrote output to trainNN/out/v049-finunified-3-ge1cb642:lstm-best-stride-1/config.json
2017-02-05 21:55:30,675 INFO     Saving network params to trainNN/out/v049-finunified-3-ge1cb642:lstm-best-stride-1/epoch-006.pkl
2017-02-05 21:55:34,138 INFO     epoch: 6 took 159.778s (0.001s in batching)
training loss:	0.566398
validation loss:	0.558104
validation error:	0.278700
2017-02-05 21:55:34,141 INFO     Wrote output to trainNN/out/v049-finunified-3-ge1cb642:lstm-best-stride-1/config.json
2017-02-05 21:58:10,479 INFO     Saving network params to trainNN/out/v049-finunified-3-ge1cb642:lstm-best-stride-1/epoch-007.pkl
2017-02-05 21:58:13,890 INFO     epoch: 7 took 159.752s (0.001s in batching)
training loss:	0.563762
validation loss:	0.551117
validation error:	0.277100
2017-02-05 21:58:13,893 INFO     Wrote output to trainNN/out/v049-finunified-3-ge1cb642:lstm-best-stride-1/config.json
2017-02-05 22:00:33,684 INFO     Saving network params to trainNN/out/v049-finunified-3-ge1cb642:lstm-best-stride-1/epoch-008.pkl
2017-02-05 22:00:36,634 INFO     epoch: 8 took 142.744s (0.001s in batching)
training loss:	0.560427
validation loss:	0.548607
validation error:	0.271300
2017-02-05 22:00:36,637 INFO     Wrote output to trainNN/out/v049-finunified-3-ge1cb642:lstm-best-stride-1/config.json
2017-02-05 22:03:10,221 INFO     Saving network params to trainNN/out/v049-finunified-3-ge1cb642:lstm-best-stride-1/epoch-009.pkl
2017-02-05 22:03:13,645 INFO     epoch: 9 took 157.010s (0.001s in batching)
training loss:	0.557642
validation loss:	0.546774
validation error:	0.274700
2017-02-05 22:03:13,648 INFO     Wrote output to trainNN/out/v049-finunified-3-ge1cb642:lstm-best-stride-1/config.json
2017-02-05 22:05:50,722 INFO     Saving network params to trainNN/out/v049-finunified-3-ge1cb642:lstm-best-stride-1/epoch-010.pkl
2017-02-05 22:05:54,135 INFO     epoch: 10 took 160.490s (0.001s in batching)
training loss:	0.556945
validation loss:	0.543362
validation error:	0.269700
2017-02-05 22:05:54,139 INFO     Wrote output to trainNN/out/v049-finunified-3-ge1cb642:lstm-best-stride-1/config.json
2017-02-05 22:08:30,915 INFO     Saving network params to trainNN/out/v049-finunified-3-ge1cb642:lstm-best-stride-1/epoch-011.pkl
2017-02-05 22:08:34,313 INFO     epoch: 11 took 160.179s (0.002s in batching)
training loss:	0.554640
validation loss:	0.542593
validation error:	0.269400
2017-02-05 22:08:34,317 INFO     Wrote output to trainNN/out/v049-finunified-3-ge1cb642:lstm-best-stride-1/config.json
2017-02-05 22:11:11,203 INFO     Saving network params to trainNN/out/v049-finunified-3-ge1cb642:lstm-best-stride-1/epoch-012.pkl
2017-02-05 22:11:14,607 INFO     epoch: 12 took 160.293s (0.001s in batching)
training loss:	0.553248
validation loss:	0.541347
validation error:	0.266000
2017-02-05 22:11:14,610 INFO     Wrote output to trainNN/out/v049-finunified-3-ge1cb642:lstm-best-stride-1/config.json
2017-02-05 22:13:51,946 INFO     Saving network params to trainNN/out/v049-finunified-3-ge1cb642:lstm-best-stride-1/epoch-013.pkl
2017-02-05 22:13:55,380 INFO     epoch: 13 took 160.774s (0.002s in batching)
training loss:	0.551802
validation loss:	0.539396
validation error:	0.266000
2017-02-05 22:13:55,383 INFO     Wrote output to trainNN/out/v049-finunified-3-ge1cb642:lstm-best-stride-1/config.json
2017-02-05 22:16:32,418 INFO     Saving network params to trainNN/out/v049-finunified-3-ge1cb642:lstm-best-stride-1/epoch-014.pkl
2017-02-05 22:16:35,874 INFO     epoch: 14 took 160.493s (0.001s in batching)
training loss:	0.550179
validation loss:	0.537177
validation error:	0.267300
2017-02-05 22:16:35,877 INFO     Wrote output to trainNN/out/v049-finunified-3-ge1cb642:lstm-best-stride-1/config.json
2017-02-05 22:19:12,802 INFO     Saving network params to trainNN/out/v049-finunified-3-ge1cb642:lstm-best-stride-1/epoch-015.pkl
2017-02-05 22:19:16,244 INFO     epoch: 15 took 160.371s (0.001s in batching)
training loss:	0.549177
validation loss:	0.545295
validation error:	0.273700
2017-02-05 22:19:16,248 INFO     Wrote output to trainNN/out/v049-finunified-3-ge1cb642:lstm-best-stride-1/config.json
2017-02-05 22:21:52,873 INFO     Saving network params to trainNN/out/v049-finunified-3-ge1cb642:lstm-best-stride-1/epoch-016.pkl
2017-02-05 22:21:56,293 INFO     epoch: 16 took 160.048s (0.001s in batching)
training loss:	0.548450
validation loss:	0.539455
validation error:	0.269800
2017-02-05 22:21:56,297 INFO     Wrote output to trainNN/out/v049-finunified-3-ge1cb642:lstm-best-stride-1/config.json
2017-02-05 22:24:34,135 INFO     Saving network params to trainNN/out/v049-finunified-3-ge1cb642:lstm-best-stride-1/epoch-017.pkl
2017-02-05 22:24:37,537 INFO     epoch: 17 took 161.244s (0.002s in batching)
training loss:	0.550502
validation loss:	0.541542
validation error:	0.271200
2017-02-05 22:24:37,541 INFO     Wrote output to trainNN/out/v049-finunified-3-ge1cb642:lstm-best-stride-1/config.json
2017-02-05 22:27:14,548 INFO     Saving network params to trainNN/out/v049-finunified-3-ge1cb642:lstm-best-stride-1/epoch-018.pkl
2017-02-05 22:27:17,982 INFO     epoch: 18 took 160.445s (0.001s in batching)
training loss:	0.551546
validation loss:	0.540106
validation error:	0.267900
2017-02-05 22:27:17,986 INFO     Wrote output to trainNN/out/v049-finunified-3-ge1cb642:lstm-best-stride-1/config.json
2017-02-05 22:29:54,722 INFO     Saving network params to trainNN/out/v049-finunified-3-ge1cb642:lstm-best-stride-1/epoch-019.pkl
2017-02-05 22:29:58,125 INFO     epoch: 19 took 160.144s (0.001s in batching)
training loss:	0.548413
validation loss:	0.538891
validation error:	0.270400
2017-02-05 22:29:58,129 INFO     Wrote output to trainNN/out/v049-finunified-3-ge1cb642:lstm-best-stride-1/config.json
2017-02-05 22:32:35,222 INFO     Saving network params to trainNN/out/v049-finunified-3-ge1cb642:lstm-best-stride-1/epoch-020.pkl
2017-02-05 22:32:38,627 INFO     epoch: 20 took 160.502s (0.001s in batching)
training loss:	0.546589
validation loss:	0.541630
validation error:	0.268000
2017-02-05 22:32:38,631 INFO     Wrote output to trainNN/out/v049-finunified-3-ge1cb642:lstm-best-stride-1/config.json
2017-02-05 22:35:15,654 INFO     Saving network params to trainNN/out/v049-finunified-3-ge1cb642:lstm-best-stride-1/epoch-021.pkl
2017-02-05 22:35:19,090 INFO     epoch: 21 took 160.463s (0.001s in batching)
training loss:	0.545897
validation loss:	0.540859
validation error:	0.269100
2017-02-05 22:35:19,094 INFO     Wrote output to trainNN/out/v049-finunified-3-ge1cb642:lstm-best-stride-1/config.json
2017-02-05 22:37:49,863 INFO     Saving network params to trainNN/out/v049-finunified-3-ge1cb642:lstm-best-stride-1/epoch-022.pkl
2017-02-05 22:37:53,303 INFO     epoch: 22 took 154.213s (0.001s in batching)
training loss:	0.545531
validation loss:	0.536363
validation error:	0.267300
2017-02-05 22:37:53,307 INFO     Wrote output to trainNN/out/v049-finunified-3-ge1cb642:lstm-best-stride-1/config.json
2017-02-05 22:40:30,100 INFO     Saving network params to trainNN/out/v049-finunified-3-ge1cb642:lstm-best-stride-1/epoch-023.pkl
2017-02-05 22:40:33,425 INFO     epoch: 23 took 160.122s (0.001s in batching)
training loss:	0.543579
validation loss:	0.536817
validation error:	0.262500
2017-02-05 22:40:33,428 INFO     Wrote output to trainNN/out/v049-finunified-3-ge1cb642:lstm-best-stride-1/config.json
2017-02-05 22:43:10,030 INFO     Saving network params to trainNN/out/v049-finunified-3-ge1cb642:lstm-best-stride-1/epoch-024.pkl
2017-02-05 22:43:13,414 INFO     epoch: 24 took 159.989s (0.001s in batching)
training loss:	0.544538
validation loss:	0.533884
validation error:	0.263800
2017-02-05 22:43:13,417 INFO     Wrote output to trainNN/out/v049-finunified-3-ge1cb642:lstm-best-stride-1/config.json
2017-02-05 22:45:50,243 INFO     Saving network params to trainNN/out/v049-finunified-3-ge1cb642:lstm-best-stride-1/epoch-025.pkl
2017-02-05 22:45:53,609 INFO     epoch: 25 took 160.195s (0.001s in batching)
training loss:	0.543419
validation loss:	0.529148
validation error:	0.259700
2017-02-05 22:45:53,613 INFO     Wrote output to trainNN/out/v049-finunified-3-ge1cb642:lstm-best-stride-1/config.json
2017-02-05 22:48:29,154 INFO     Saving network params to trainNN/out/v049-finunified-3-ge1cb642:lstm-best-stride-1/epoch-026.pkl
2017-02-05 22:48:32,554 INFO     epoch: 26 took 158.945s (0.001s in batching)
training loss:	0.542041
validation loss:	0.531826
validation error:	0.264400
2017-02-05 22:48:32,558 INFO     Wrote output to trainNN/out/v049-finunified-3-ge1cb642:lstm-best-stride-1/config.json
2017-02-05 22:51:09,232 INFO     Saving network params to trainNN/out/v049-finunified-3-ge1cb642:lstm-best-stride-1/epoch-027.pkl
2017-02-05 22:51:12,609 INFO     epoch: 27 took 160.054s (0.001s in batching)
training loss:	0.540908
validation loss:	0.530043
validation error:	0.262100
2017-02-05 22:51:12,613 INFO     Wrote output to trainNN/out/v049-finunified-3-ge1cb642:lstm-best-stride-1/config.json
2017-02-05 22:53:49,778 INFO     Saving network params to trainNN/out/v049-finunified-3-ge1cb642:lstm-best-stride-1/epoch-028.pkl
2017-02-05 22:53:53,207 INFO     epoch: 28 took 160.598s (0.001s in batching)
training loss:	0.540134
validation loss:	0.528064
validation error:	0.260800
2017-02-05 22:53:53,211 INFO     Wrote output to trainNN/out/v049-finunified-3-ge1cb642:lstm-best-stride-1/config.json
2017-02-05 22:56:30,321 INFO     Saving network params to trainNN/out/v049-finunified-3-ge1cb642:lstm-best-stride-1/epoch-029.pkl
2017-02-05 22:56:33,727 INFO     epoch: 29 took 160.520s (0.001s in batching)
training loss:	0.539385
validation loss:	0.533565
validation error:	0.269700
2017-02-05 22:56:33,731 INFO     Wrote output to trainNN/out/v049-finunified-3-ge1cb642:lstm-best-stride-1/config.json
2017-02-05 22:59:10,130 INFO     Saving network params to trainNN/out/v049-finunified-3-ge1cb642:lstm-best-stride-1/epoch-030.pkl
2017-02-05 22:59:13,582 INFO     epoch: 30 took 159.855s (0.001s in batching)
training loss:	0.539003
validation loss:	0.529887
validation error:	0.260500
2017-02-05 22:59:13,586 INFO     Wrote output to trainNN/out/v049-finunified-3-ge1cb642:lstm-best-stride-1/config.json
2017-02-05 23:01:49,996 INFO     Saving network params to trainNN/out/v049-finunified-3-ge1cb642:lstm-best-stride-1/epoch-031.pkl
2017-02-05 23:01:53,404 INFO     epoch: 31 took 159.823s (0.001s in batching)
training loss:	0.539671
validation loss:	0.525978
validation error:	0.261100
2017-02-05 23:01:53,409 INFO     Wrote output to trainNN/out/v049-finunified-3-ge1cb642:lstm-best-stride-1/config.json
2017-02-05 23:04:29,574 INFO     Saving network params to trainNN/out/v049-finunified-3-ge1cb642:lstm-best-stride-1/epoch-032.pkl
2017-02-05 23:04:32,976 INFO     epoch: 32 took 159.572s (0.002s in batching)
training loss:	0.537657
validation loss:	0.527804
validation error:	0.260400
2017-02-05 23:04:32,980 INFO     Wrote output to trainNN/out/v049-finunified-3-ge1cb642:lstm-best-stride-1/config.json
2017-02-05 23:07:09,787 INFO     Saving network params to trainNN/out/v049-finunified-3-ge1cb642:lstm-best-stride-1/epoch-033.pkl
2017-02-05 23:07:13,212 INFO     epoch: 33 took 160.236s (0.001s in batching)
training loss:	0.537822
validation loss:	0.527872
validation error:	0.261100
2017-02-05 23:07:13,217 INFO     Wrote output to trainNN/out/v049-finunified-3-ge1cb642:lstm-best-stride-1/config.json
2017-02-05 23:09:50,414 INFO     Saving network params to trainNN/out/v049-finunified-3-ge1cb642:lstm-best-stride-1/epoch-034.pkl
2017-02-05 23:09:53,836 INFO     epoch: 34 took 160.624s (0.002s in batching)
training loss:	0.536063
validation loss:	0.529032
validation error:	0.262500
2017-02-05 23:09:53,841 INFO     Wrote output to trainNN/out/v049-finunified-3-ge1cb642:lstm-best-stride-1/config.json
2017-02-05 23:12:30,661 INFO     Saving network params to trainNN/out/v049-finunified-3-ge1cb642:lstm-best-stride-1/epoch-035.pkl
2017-02-05 23:12:34,050 INFO     epoch: 35 took 160.214s (0.001s in batching)
training loss:	0.536155
validation loss:	0.531468
validation error:	0.262700
2017-02-05 23:12:34,054 INFO     Wrote output to trainNN/out/v049-finunified-3-ge1cb642:lstm-best-stride-1/config.json
2017-02-05 23:15:10,758 INFO     Saving network params to trainNN/out/v049-finunified-3-ge1cb642:lstm-best-stride-1/epoch-036.pkl
2017-02-05 23:15:14,142 INFO     epoch: 36 took 160.091s (0.001s in batching)
training loss:	0.535935
validation loss:	0.526107
validation error:	0.260100
2017-02-05 23:15:14,146 INFO     Wrote output to trainNN/out/v049-finunified-3-ge1cb642:lstm-best-stride-1/config.json
2017-02-05 23:17:50,944 INFO     Saving network params to trainNN/out/v049-finunified-3-ge1cb642:lstm-best-stride-1/epoch-037.pkl
2017-02-05 23:17:54,313 INFO     epoch: 37 took 160.172s (0.001s in batching)
training loss:	0.535753
validation loss:	0.531214
validation error:	0.264500
2017-02-05 23:17:54,318 INFO     Wrote output to trainNN/out/v049-finunified-3-ge1cb642:lstm-best-stride-1/config.json
2017-02-05 23:20:31,049 INFO     Saving network params to trainNN/out/v049-finunified-3-ge1cb642:lstm-best-stride-1/epoch-038.pkl
2017-02-05 23:20:34,469 INFO     epoch: 38 took 160.155s (0.001s in batching)
training loss:	0.534728
validation loss:	0.526125
validation error:	0.258500
2017-02-05 23:20:34,473 INFO     Wrote output to trainNN/out/v049-finunified-3-ge1cb642:lstm-best-stride-1/config.json
2017-02-05 23:23:11,194 INFO     Saving network params to trainNN/out/v049-finunified-3-ge1cb642:lstm-best-stride-1/epoch-039.pkl
2017-02-05 23:23:14,623 INFO     epoch: 39 took 160.155s (0.001s in batching)
training loss:	0.534444
validation loss:	0.524521
validation error:	0.260100
2017-02-05 23:23:14,627 INFO     Wrote output to trainNN/out/v049-finunified-3-ge1cb642:lstm-best-stride-1/config.json
2017-02-05 23:25:50,973 INFO     Saving network params to trainNN/out/v049-finunified-3-ge1cb642:lstm-best-stride-1/epoch-040.pkl
2017-02-05 23:25:54,394 INFO     epoch: 40 took 159.771s (0.001s in batching)
training loss:	0.533733
validation loss:	0.523530
validation error:	0.259300
2017-02-05 23:25:54,399 INFO     Wrote output to trainNN/out/v049-finunified-3-ge1cb642:lstm-best-stride-1/config.json
2017-02-05 23:28:31,242 INFO     Saving network params to trainNN/out/v049-finunified-3-ge1cb642:lstm-best-stride-1/epoch-041.pkl
2017-02-05 23:28:34,632 INFO     epoch: 41 took 160.238s (0.001s in batching)
training loss:	0.532587
validation loss:	0.523282
validation error:	0.257200
2017-02-05 23:28:34,637 INFO     Wrote output to trainNN/out/v049-finunified-3-ge1cb642:lstm-best-stride-1/config.json
2017-02-05 23:31:11,320 INFO     Saving network params to trainNN/out/v049-finunified-3-ge1cb642:lstm-best-stride-1/epoch-042.pkl
2017-02-05 23:31:14,778 INFO     epoch: 42 took 160.146s (0.002s in batching)
training loss:	0.533067
validation loss:	0.531565
validation error:	0.263600
2017-02-05 23:31:14,782 INFO     Wrote output to trainNN/out/v049-finunified-3-ge1cb642:lstm-best-stride-1/config.json
2017-02-05 23:33:51,593 INFO     Saving network params to trainNN/out/v049-finunified-3-ge1cb642:lstm-best-stride-1/epoch-043.pkl
2017-02-05 23:33:54,993 INFO     epoch: 43 took 160.215s (0.001s in batching)
training loss:	0.534699
validation loss:	0.520206
validation error:	0.258300
2017-02-05 23:33:54,997 INFO     Wrote output to trainNN/out/v049-finunified-3-ge1cb642:lstm-best-stride-1/config.json
2017-02-05 23:36:31,635 INFO     Saving network params to trainNN/out/v049-finunified-3-ge1cb642:lstm-best-stride-1/epoch-044.pkl
2017-02-05 23:36:35,015 INFO     epoch: 44 took 160.022s (0.001s in batching)
training loss:	0.534496
validation loss:	0.527384
validation error:	0.259800
2017-02-05 23:36:35,019 INFO     Wrote output to trainNN/out/v049-finunified-3-ge1cb642:lstm-best-stride-1/config.json
2017-02-05 23:39:11,589 INFO     Saving network params to trainNN/out/v049-finunified-3-ge1cb642:lstm-best-stride-1/epoch-045.pkl
2017-02-05 23:39:15,017 INFO     epoch: 45 took 160.002s (0.001s in batching)
training loss:	0.533088
validation loss:	0.522069
validation error:	0.258500
2017-02-05 23:39:15,021 INFO     Wrote output to trainNN/out/v049-finunified-3-ge1cb642:lstm-best-stride-1/config.json
2017-02-05 23:41:51,425 INFO     Saving network params to trainNN/out/v049-finunified-3-ge1cb642:lstm-best-stride-1/epoch-046.pkl
2017-02-05 23:41:54,860 INFO     epoch: 46 took 159.843s (0.001s in batching)
training loss:	0.530903
validation loss:	0.523786
validation error:	0.256100
2017-02-05 23:41:54,864 INFO     Wrote output to trainNN/out/v049-finunified-3-ge1cb642:lstm-best-stride-1/config.json
2017-02-05 23:44:31,519 INFO     Saving network params to trainNN/out/v049-finunified-3-ge1cb642:lstm-best-stride-1/epoch-047.pkl
2017-02-05 23:44:34,956 INFO     epoch: 47 took 160.097s (0.001s in batching)
training loss:	0.530767
validation loss:	0.521099
validation error:	0.258300
2017-02-05 23:44:34,961 INFO     Wrote output to trainNN/out/v049-finunified-3-ge1cb642:lstm-best-stride-1/config.json
2017-02-05 23:47:11,289 INFO     Saving network params to trainNN/out/v049-finunified-3-ge1cb642:lstm-best-stride-1/epoch-048.pkl
2017-02-05 23:47:14,685 INFO     epoch: 48 took 159.729s (0.002s in batching)
training loss:	0.530956
validation loss:	0.522855
validation error:	0.255200
2017-02-05 23:47:14,689 INFO     Wrote output to trainNN/out/v049-finunified-3-ge1cb642:lstm-best-stride-1/config.json
2017-02-05 23:49:51,349 INFO     Saving network params to trainNN/out/v049-finunified-3-ge1cb642:lstm-best-stride-1/epoch-049.pkl
2017-02-05 23:49:54,762 INFO     epoch: 49 took 160.077s (0.001s in batching)
training loss:	0.529483
validation loss:	0.520608
validation error:	0.255500
2017-02-05 23:49:54,767 INFO     Wrote output to trainNN/out/v049-finunified-3-ge1cb642:lstm-best-stride-1/config.json
2017-02-05 23:52:30,886 INFO     Saving network params to trainNN/out/v049-finunified-3-ge1cb642:lstm-best-stride-1/epoch-050.pkl
2017-02-05 23:52:34,116 INFO     epoch: 50 took 159.354s (0.001s in batching)
training loss:	0.529615
validation loss:	0.522985
validation error:	0.260500
2017-02-05 23:52:34,120 INFO     Wrote output to trainNN/out/v049-finunified-3-ge1cb642:lstm-best-stride-1/config.json
2017-02-05 23:54:59,237 INFO     Saving network params to trainNN/out/v049-finunified-3-ge1cb642:lstm-best-stride-1/epoch-051.pkl
2017-02-05 23:55:02,584 INFO     epoch: 51 took 148.469s (0.001s in batching)
training loss:	0.529530
validation loss:	0.527893
validation error:	0.262200
2017-02-05 23:55:02,589 INFO     Wrote output to trainNN/out/v049-finunified-3-ge1cb642:lstm-best-stride-1/config.json
2017-02-05 23:57:37,880 INFO     Saving network params to trainNN/out/v049-finunified-3-ge1cb642:lstm-best-stride-1/epoch-052.pkl
2017-02-05 23:57:41,291 INFO     epoch: 52 took 158.707s (0.001s in batching)
training loss:	0.528772
validation loss:	0.518471
validation error:	0.255500
2017-02-05 23:57:41,296 INFO     Wrote output to trainNN/out/v049-finunified-3-ge1cb642:lstm-best-stride-1/config.json
2017-02-06 00:00:16,642 INFO     Saving network params to trainNN/out/v049-finunified-3-ge1cb642:lstm-best-stride-1/epoch-053.pkl
2017-02-06 00:00:20,027 INFO     epoch: 53 took 158.736s (0.001s in batching)
training loss:	0.527650
validation loss:	0.524215
validation error:	0.258100
2017-02-06 00:00:20,032 INFO     Wrote output to trainNN/out/v049-finunified-3-ge1cb642:lstm-best-stride-1/config.json
2017-02-06 00:02:55,616 INFO     Saving network params to trainNN/out/v049-finunified-3-ge1cb642:lstm-best-stride-1/epoch-054.pkl
2017-02-06 00:02:58,996 INFO     epoch: 54 took 158.969s (0.001s in batching)
training loss:	0.527821
validation loss:	0.516055
validation error:	0.251100
2017-02-06 00:02:59,001 INFO     Wrote output to trainNN/out/v049-finunified-3-ge1cb642:lstm-best-stride-1/config.json
2017-02-06 00:05:34,614 INFO     Saving network params to trainNN/out/v049-finunified-3-ge1cb642:lstm-best-stride-1/epoch-055.pkl
2017-02-06 00:05:37,977 INFO     epoch: 55 took 158.981s (0.001s in batching)
training loss:	0.527240
validation loss:	0.524523
validation error:	0.258300
2017-02-06 00:05:37,983 INFO     Wrote output to trainNN/out/v049-finunified-3-ge1cb642:lstm-best-stride-1/config.json
2017-02-06 00:08:13,171 INFO     Saving network params to trainNN/out/v049-finunified-3-ge1cb642:lstm-best-stride-1/epoch-056.pkl
2017-02-06 00:08:16,583 INFO     epoch: 56 took 158.606s (0.001s in batching)
training loss:	0.526188
validation loss:	0.521826
validation error:	0.260200
2017-02-06 00:08:16,589 INFO     Wrote output to trainNN/out/v049-finunified-3-ge1cb642:lstm-best-stride-1/config.json
2017-02-06 00:10:52,383 INFO     Saving network params to trainNN/out/v049-finunified-3-ge1cb642:lstm-best-stride-1/epoch-057.pkl
2017-02-06 00:10:55,804 INFO     epoch: 57 took 159.221s (0.001s in batching)
training loss:	0.525741
validation loss:	0.517471
validation error:	0.256200
2017-02-06 00:10:55,809 INFO     Wrote output to trainNN/out/v049-finunified-3-ge1cb642:lstm-best-stride-1/config.json
2017-02-06 00:13:31,044 INFO     Saving network params to trainNN/out/v049-finunified-3-ge1cb642:lstm-best-stride-1/epoch-058.pkl
2017-02-06 00:13:34,434 INFO     epoch: 58 took 158.631s (0.002s in batching)
training loss:	0.525170
validation loss:	0.520373
validation error:	0.257200
2017-02-06 00:13:34,439 INFO     Wrote output to trainNN/out/v049-finunified-3-ge1cb642:lstm-best-stride-1/config.json
2017-02-06 00:16:10,251 INFO     Saving network params to trainNN/out/v049-finunified-3-ge1cb642:lstm-best-stride-1/epoch-059.pkl
2017-02-06 00:16:13,614 INFO     epoch: 59 took 159.180s (0.001s in batching)
training loss:	0.525495
validation loss:	0.521176
validation error:	0.253300
2017-02-06 00:16:13,619 INFO     Wrote output to trainNN/out/v049-finunified-3-ge1cb642:lstm-best-stride-1/config.json
2017-02-06 00:18:49,032 INFO     Saving network params to trainNN/out/v049-finunified-3-ge1cb642:lstm-best-stride-1/epoch-060.pkl
2017-02-06 00:18:52,401 INFO     epoch: 60 took 158.787s (0.001s in batching)
training loss:	0.525011
validation loss:	0.516412
validation error:	0.253000
2017-02-06 00:18:52,406 INFO     Wrote output to trainNN/out/v049-finunified-3-ge1cb642:lstm-best-stride-1/config.json
2017-02-06 00:21:27,881 INFO     Saving network params to trainNN/out/v049-finunified-3-ge1cb642:lstm-best-stride-1/epoch-061.pkl
2017-02-06 00:21:31,301 INFO     epoch: 61 took 158.900s (0.001s in batching)
training loss:	0.524726
validation loss:	0.518698
validation error:	0.251600
2017-02-06 00:21:31,307 INFO     Wrote output to trainNN/out/v049-finunified-3-ge1cb642:lstm-best-stride-1/config.json
2017-02-06 00:24:05,679 INFO     Saving network params to trainNN/out/v049-finunified-3-ge1cb642:lstm-best-stride-1/epoch-062.pkl
2017-02-06 00:24:08,685 INFO     epoch: 62 took 157.384s (0.001s in batching)
training loss:	0.523540
validation loss:	0.516000
validation error:	0.252100
2017-02-06 00:24:08,691 INFO     Wrote output to trainNN/out/v049-finunified-3-ge1cb642:lstm-best-stride-1/config.json
2017-02-06 00:26:33,648 INFO     Saving network params to trainNN/out/v049-finunified-3-ge1cb642:lstm-best-stride-1/epoch-063.pkl
2017-02-06 00:26:37,104 INFO     epoch: 63 took 148.418s (0.001s in batching)
training loss:	0.524204
validation loss:	0.518827
validation error:	0.252400
2017-02-06 00:26:37,110 INFO     Wrote output to trainNN/out/v049-finunified-3-ge1cb642:lstm-best-stride-1/config.json
2017-02-06 00:29:16,725 INFO     Saving network params to trainNN/out/v049-finunified-3-ge1cb642:lstm-best-stride-1/epoch-064.pkl
2017-02-06 00:29:20,220 INFO     epoch: 64 took 163.116s (0.002s in batching)
training loss:	0.522979
validation loss:	0.516568
validation error:	0.255600
2017-02-06 00:29:20,226 INFO     Wrote output to trainNN/out/v049-finunified-3-ge1cb642:lstm-best-stride-1/config.json
2017-02-06 00:31:59,153 INFO     Saving network params to trainNN/out/v049-finunified-3-ge1cb642:lstm-best-stride-1/epoch-065.pkl
2017-02-06 00:32:02,751 INFO     epoch: 65 took 162.531s (0.002s in batching)
training loss:	0.526334
validation loss:	0.516934
validation error:	0.252000
2017-02-06 00:32:02,756 INFO     Wrote output to trainNN/out/v049-finunified-3-ge1cb642:lstm-best-stride-1/config.json
2017-02-06 00:34:44,603 INFO     Saving network params to trainNN/out/v049-finunified-3-ge1cb642:lstm-best-stride-1/epoch-066.pkl
2017-02-06 00:34:48,143 INFO     epoch: 66 took 165.393s (0.001s in batching)
training loss:	0.523081
validation loss:	0.516325
validation error:	0.251100
2017-02-06 00:34:48,149 INFO     Wrote output to trainNN/out/v049-finunified-3-ge1cb642:lstm-best-stride-1/config.json
2017-02-06 00:37:29,576 INFO     Saving network params to trainNN/out/v049-finunified-3-ge1cb642:lstm-best-stride-1/epoch-067.pkl
2017-02-06 00:37:33,142 INFO     epoch: 67 took 164.999s (0.002s in batching)
training loss:	0.522079
validation loss:	0.512870
validation error:	0.248900
2017-02-06 00:37:33,148 INFO     Wrote output to trainNN/out/v049-finunified-3-ge1cb642:lstm-best-stride-1/config.json
2017-02-06 00:40:15,209 INFO     Saving network params to trainNN/out/v049-finunified-3-ge1cb642:lstm-best-stride-1/epoch-068.pkl
2017-02-06 00:40:18,515 INFO     epoch: 68 took 165.373s (0.001s in batching)
training loss:	0.521013
validation loss:	0.515438
validation error:	0.252400
2017-02-06 00:40:18,520 INFO     Wrote output to trainNN/out/v049-finunified-3-ge1cb642:lstm-best-stride-1/config.json
2017-02-06 00:43:00,624 INFO     Saving network params to trainNN/out/v049-finunified-3-ge1cb642:lstm-best-stride-1/epoch-069.pkl
2017-02-06 00:43:03,922 INFO     epoch: 69 took 165.407s (0.001s in batching)
training loss:	0.520875
validation loss:	0.515608
validation error:	0.254100
2017-02-06 00:43:03,927 INFO     Wrote output to trainNN/out/v049-finunified-3-ge1cb642:lstm-best-stride-1/config.json
2017-02-06 00:45:46,344 INFO     Saving network params to trainNN/out/v049-finunified-3-ge1cb642:lstm-best-stride-1/epoch-070.pkl
2017-02-06 00:45:49,921 INFO     epoch: 70 took 166.000s (0.001s in batching)
training loss:	0.521687
validation loss:	0.513974
validation error:	0.252600
2017-02-06 00:45:49,928 INFO     Wrote output to trainNN/out/v049-finunified-3-ge1cb642:lstm-best-stride-1/config.json
2017-02-06 00:48:32,599 INFO     Saving network params to trainNN/out/v049-finunified-3-ge1cb642:lstm-best-stride-1/epoch-071.pkl
2017-02-06 00:48:36,996 INFO     epoch: 71 took 167.074s (0.002s in batching)
training loss:	0.521189
validation loss:	0.518341
validation error:	0.256200
2017-02-06 00:48:37,001 INFO     Wrote output to trainNN/out/v049-finunified-3-ge1cb642:lstm-best-stride-1/config.json
2017-02-06 00:51:18,864 INFO     Saving network params to trainNN/out/v049-finunified-3-ge1cb642:lstm-best-stride-1/epoch-072.pkl
2017-02-06 00:51:22,456 INFO     epoch: 72 took 165.461s (0.001s in batching)
training loss:	0.521779
validation loss:	0.515222
validation error:	0.255200
2017-02-06 00:51:22,462 INFO     Wrote output to trainNN/out/v049-finunified-3-ge1cb642:lstm-best-stride-1/config.json
2017-02-06 00:54:04,234 INFO     Saving network params to trainNN/out/v049-finunified-3-ge1cb642:lstm-best-stride-1/epoch-073.pkl
2017-02-06 00:54:07,800 INFO     epoch: 73 took 165.343s (0.001s in batching)
training loss:	0.519573
validation loss:	0.515980
validation error:	0.254900
2017-02-06 00:54:07,805 INFO     Wrote output to trainNN/out/v049-finunified-3-ge1cb642:lstm-best-stride-1/config.json
2017-02-06 00:56:49,661 INFO     Saving network params to trainNN/out/v049-finunified-3-ge1cb642:lstm-best-stride-1/epoch-074.pkl
2017-02-06 00:56:53,261 INFO     epoch: 74 took 165.461s (0.001s in batching)
training loss:	0.519401
validation loss:	0.517018
validation error:	0.259200
2017-02-06 00:56:53,268 INFO     Wrote output to trainNN/out/v049-finunified-3-ge1cb642:lstm-best-stride-1/config.json
2017-02-06 00:59:35,393 INFO     Saving network params to trainNN/out/v049-finunified-3-ge1cb642:lstm-best-stride-1/epoch-075.pkl
2017-02-06 00:59:38,806 INFO     epoch: 75 took 165.545s (0.002s in batching)
training loss:	0.519878
validation loss:	0.516649
validation error:	0.254000
2017-02-06 00:59:38,812 INFO     Wrote output to trainNN/out/v049-finunified-3-ge1cb642:lstm-best-stride-1/config.json
2017-02-06 01:02:20,587 INFO     Saving network params to trainNN/out/v049-finunified-3-ge1cb642:lstm-best-stride-1/epoch-076.pkl
2017-02-06 01:02:23,771 INFO     epoch: 76 took 164.966s (0.001s in batching)
training loss:	0.519326
validation loss:	0.518071
validation error:	0.253500
2017-02-06 01:02:23,777 INFO     Wrote output to trainNN/out/v049-finunified-3-ge1cb642:lstm-best-stride-1/config.json
2017-02-06 01:05:05,883 INFO     Saving network params to trainNN/out/v049-finunified-3-ge1cb642:lstm-best-stride-1/epoch-077.pkl
2017-02-06 01:05:09,244 INFO     epoch: 77 took 165.472s (0.001s in batching)
training loss:	0.519486
validation loss:	0.514850
validation error:	0.251300
2017-02-06 01:05:09,249 INFO     Wrote output to trainNN/out/v049-finunified-3-ge1cb642:lstm-best-stride-1/config.json
2017-02-06 01:07:50,994 INFO     Saving network params to trainNN/out/v049-finunified-3-ge1cb642:lstm-best-stride-1/epoch-078.pkl
2017-02-06 01:07:54,434 INFO     epoch: 78 took 165.190s (0.001s in batching)
training loss:	0.518750
validation loss:	0.514913
validation error:	0.252300
2017-02-06 01:07:54,440 INFO     Wrote output to trainNN/out/v049-finunified-3-ge1cb642:lstm-best-stride-1/config.json
2017-02-06 01:10:36,142 INFO     Saving network params to trainNN/out/v049-finunified-3-ge1cb642:lstm-best-stride-1/epoch-079.pkl
2017-02-06 01:10:39,453 INFO     epoch: 79 took 165.019s (0.001s in batching)
training loss:	0.518607
validation loss:	0.515395
validation error:	0.253700
2017-02-06 01:10:39,459 INFO     Wrote output to trainNN/out/v049-finunified-3-ge1cb642:lstm-best-stride-1/config.json
2017-02-06 01:13:21,111 INFO     Saving network params to trainNN/out/v049-finunified-3-ge1cb642:lstm-best-stride-1/epoch-080.pkl
2017-02-06 01:13:24,718 INFO     epoch: 80 took 165.264s (0.002s in batching)
training loss:	0.517988
validation loss:	0.512366
validation error:	0.250800
2017-02-06 01:13:24,723 INFO     Wrote output to trainNN/out/v049-finunified-3-ge1cb642:lstm-best-stride-1/config.json
2017-02-06 01:16:06,838 INFO     Saving network params to trainNN/out/v049-finunified-3-ge1cb642:lstm-best-stride-1/epoch-081.pkl
2017-02-06 01:16:10,329 INFO     epoch: 81 took 165.612s (0.001s in batching)
training loss:	0.517451
validation loss:	0.519339
validation error:	0.255200
2017-02-06 01:16:10,335 INFO     Wrote output to trainNN/out/v049-finunified-3-ge1cb642:lstm-best-stride-1/config.json
2017-02-06 01:18:52,467 INFO     Saving network params to trainNN/out/v049-finunified-3-ge1cb642:lstm-best-stride-1/epoch-082.pkl
2017-02-06 01:18:55,949 INFO     epoch: 82 took 165.620s (0.001s in batching)
training loss:	0.517077
validation loss:	0.515084
validation error:	0.252900
2017-02-06 01:18:55,955 INFO     Wrote output to trainNN/out/v049-finunified-3-ge1cb642:lstm-best-stride-1/config.json
2017-02-06 01:21:38,362 INFO     Saving network params to trainNN/out/v049-finunified-3-ge1cb642:lstm-best-stride-1/epoch-083.pkl
2017-02-06 01:21:42,169 INFO     epoch: 83 took 166.220s (0.001s in batching)
training loss:	0.517645
validation loss:	0.515181
validation error:	0.254200
2017-02-06 01:21:42,176 INFO     Wrote output to trainNN/out/v049-finunified-3-ge1cb642:lstm-best-stride-1/config.json
2017-02-06 01:24:27,955 INFO     Saving network params to trainNN/out/v049-finunified-3-ge1cb642:lstm-best-stride-1/epoch-084.pkl
2017-02-06 01:24:31,560 INFO     epoch: 84 took 169.391s (0.002s in batching)
training loss:	0.517249
validation loss:	0.513435
validation error:	0.252800
2017-02-06 01:24:31,566 INFO     Wrote output to trainNN/out/v049-finunified-3-ge1cb642:lstm-best-stride-1/config.json
2017-02-06 01:27:17,228 INFO     Saving network params to trainNN/out/v049-finunified-3-ge1cb642:lstm-best-stride-1/epoch-085.pkl
2017-02-06 01:27:20,576 INFO     epoch: 85 took 169.016s (0.001s in batching)
training loss:	0.517001
validation loss:	0.515980
validation error:	0.256100
2017-02-06 01:27:20,582 INFO     Wrote output to trainNN/out/v049-finunified-3-ge1cb642:lstm-best-stride-1/config.json
2017-02-06 01:30:06,653 INFO     Saving network params to trainNN/out/v049-finunified-3-ge1cb642:lstm-best-stride-1/epoch-086.pkl
2017-02-06 01:30:10,084 INFO     epoch: 86 took 169.508s (0.001s in batching)
training loss:	0.517005
validation loss:	0.514443
validation error:	0.251500
2017-02-06 01:30:10,090 INFO     Wrote output to trainNN/out/v049-finunified-3-ge1cb642:lstm-best-stride-1/config.json
2017-02-06 01:32:55,783 INFO     Saving network params to trainNN/out/v049-finunified-3-ge1cb642:lstm-best-stride-1/epoch-087.pkl
2017-02-06 01:32:59,201 INFO     epoch: 87 took 169.117s (0.001s in batching)
training loss:	0.516573
validation loss:	0.514265
validation error:	0.256800
2017-02-06 01:32:59,208 INFO     Wrote output to trainNN/out/v049-finunified-3-ge1cb642:lstm-best-stride-1/config.json
2017-02-06 01:35:45,003 INFO     Saving network params to trainNN/out/v049-finunified-3-ge1cb642:lstm-best-stride-1/epoch-088.pkl
2017-02-06 01:35:48,413 INFO     epoch: 88 took 169.212s (0.002s in batching)
training loss:	0.516881
validation loss:	0.514223
validation error:	0.252800
2017-02-06 01:35:48,419 INFO     Wrote output to trainNN/out/v049-finunified-3-ge1cb642:lstm-best-stride-1/config.json
2017-02-06 01:38:34,518 INFO     Saving network params to trainNN/out/v049-finunified-3-ge1cb642:lstm-best-stride-1/epoch-089.pkl
2017-02-06 01:38:37,973 INFO     epoch: 89 took 169.559s (0.001s in batching)
training loss:	0.516037
validation loss:	0.516142
validation error:	0.252800
2017-02-06 01:38:37,979 INFO     Wrote output to trainNN/out/v049-finunified-3-ge1cb642:lstm-best-stride-1/config.json
2017-02-06 01:41:23,438 INFO     Saving network params to trainNN/out/v049-finunified-3-ge1cb642:lstm-best-stride-1/epoch-090.pkl
2017-02-06 01:41:27,151 INFO     epoch: 90 took 169.178s (0.001s in batching)
training loss:	0.515329
validation loss:	0.513311
validation error:	0.249300
2017-02-06 01:41:27,257 INFO     Wrote output to trainNN/out/v049-finunified-3-ge1cb642:lstm-best-stride-1/config.json
2017-02-06 01:44:15,565 INFO     Saving network params to trainNN/out/v049-finunified-3-ge1cb642:lstm-best-stride-1/epoch-091.pkl
2017-02-06 01:44:19,401 INFO     epoch: 91 took 172.250s (0.002s in batching)
training loss:	0.515558
validation loss:	0.516627
validation error:	0.256800
2017-02-06 01:44:19,407 INFO     Wrote output to trainNN/out/v049-finunified-3-ge1cb642:lstm-best-stride-1/config.json
2017-02-06 01:47:08,153 INFO     Saving network params to trainNN/out/v049-finunified-3-ge1cb642:lstm-best-stride-1/epoch-092.pkl
2017-02-06 01:47:11,813 INFO     epoch: 92 took 172.411s (0.002s in batching)
training loss:	0.515413
validation loss:	0.516903
validation error:	0.257800
2017-02-06 01:47:11,820 INFO     Wrote output to trainNN/out/v049-finunified-3-ge1cb642:lstm-best-stride-1/config.json
2017-02-06 01:50:00,641 INFO     Saving network params to trainNN/out/v049-finunified-3-ge1cb642:lstm-best-stride-1/epoch-093.pkl
2017-02-06 01:50:04,053 INFO     epoch: 93 took 172.240s (0.002s in batching)
training loss:	0.515108
validation loss:	0.510322
validation error:	0.250600
2017-02-06 01:50:04,059 INFO     Wrote output to trainNN/out/v049-finunified-3-ge1cb642:lstm-best-stride-1/config.json
2017-02-06 01:52:53,258 INFO     Saving network params to trainNN/out/v049-finunified-3-ge1cb642:lstm-best-stride-1/epoch-094.pkl
2017-02-06 01:52:56,842 INFO     epoch: 94 took 172.790s (0.001s in batching)
training loss:	0.515605
validation loss:	0.514365
validation error:	0.252700
2017-02-06 01:52:56,849 INFO     Wrote output to trainNN/out/v049-finunified-3-ge1cb642:lstm-best-stride-1/config.json
2017-02-06 01:55:46,852 INFO     Saving network params to trainNN/out/v049-finunified-3-ge1cb642:lstm-best-stride-1/epoch-095.pkl
2017-02-06 01:55:50,316 INFO     epoch: 95 took 173.474s (0.001s in batching)
training loss:	0.514979
validation loss:	0.514463
validation error:	0.252300
2017-02-06 01:55:50,322 INFO     Wrote output to trainNN/out/v049-finunified-3-ge1cb642:lstm-best-stride-1/config.json
2017-02-06 01:58:39,643 INFO     Saving network params to trainNN/out/v049-finunified-3-ge1cb642:lstm-best-stride-1/epoch-096.pkl
2017-02-06 01:58:43,307 INFO     epoch: 96 took 172.991s (0.001s in batching)
training loss:	0.514702
validation loss:	0.512027
validation error:	0.252900
2017-02-06 01:58:43,315 INFO     Wrote output to trainNN/out/v049-finunified-3-ge1cb642:lstm-best-stride-1/config.json
2017-02-06 02:01:32,864 INFO     Saving network params to trainNN/out/v049-finunified-3-ge1cb642:lstm-best-stride-1/epoch-097.pkl
2017-02-06 02:01:36,513 INFO     epoch: 97 took 173.205s (0.002s in batching)
training loss:	0.514573
validation loss:	0.515083
validation error:	0.253600
2017-02-06 02:01:36,519 INFO     Wrote output to trainNN/out/v049-finunified-3-ge1cb642:lstm-best-stride-1/config.json
2017-02-06 02:04:25,667 INFO     Saving network params to trainNN/out/v049-finunified-3-ge1cb642:lstm-best-stride-1/epoch-098.pkl
2017-02-06 02:04:29,322 INFO     epoch: 98 took 172.809s (0.001s in batching)
training loss:	0.514526
validation loss:	0.516960
validation error:	0.253200
2017-02-06 02:04:29,329 INFO     Wrote output to trainNN/out/v049-finunified-3-ge1cb642:lstm-best-stride-1/config.json
2017-02-06 02:07:18,132 INFO     Saving network params to trainNN/out/v049-finunified-3-ge1cb642:lstm-best-stride-1/epoch-099.pkl
2017-02-06 02:07:21,656 INFO     epoch: 99 took 172.334s (0.001s in batching)
training loss:	0.514203
validation loss:	0.513924
validation error:	0.251600
2017-02-06 02:07:21,663 INFO     Wrote output to trainNN/out/v049-finunified-3-ge1cb642:lstm-best-stride-1/config.json
