2017-02-05 21:46:28,887 DEBUG    version=v049-finunified-3-ge1cb642:lstm-best-stride-4
2017-02-05 21:46:28,889 INFO     Open DBase(data/db/all240302-spk.dat, data/db/all240302-spk.idx, mode='r')
2017-02-05 21:46:40,929 DEBUG    loading cached extracted data from data/cache/extract-7a00b23850576d60137fa78432d8dfda09ea0f343092bd09848f21113b1acfd0.pickle
2017-02-05 21:46:42,322 DEBUG    set input dim to 9
2017-02-05 21:46:42,324 DEBUG    input dim = 9
2017-02-05 21:46:42,367 DEBUG    shuffling batches
2017-02-05 21:46:54,874 DEBUG    shuffling done
2017-02-05 21:46:54,874 DEBUG    loading data into ram
2017-02-05 21:46:55,011 DEBUG    loading data took 0.136s (cpu: 0.136s)
2017-02-05 21:46:55,350 DEBUG    set input dim to 9
2017-02-05 21:46:55,350 DEBUG    input dim = 9
2017-02-05 21:46:55,411 DEBUG    shuffling batches
2017-02-05 21:46:56,638 DEBUG    shuffling done
2017-02-05 21:46:56,638 DEBUG    loading data into ram
2017-02-05 21:46:56,652 DEBUG    loading data took 0.014s (cpu: 0.014s)
2017-02-05 21:46:56,786 DEBUG    Applying L2 regularization with 0.000100
2017-02-05 21:46:56,925 INFO     Training network with 37627 trainable out of 37837 total params.
2017-02-05 21:46:58,215 DEBUG    Using adam with learning_rate=0.001000
2017-02-05 21:47:37,915 DEBUG    Starting training...
2017-02-05 21:51:05,864 INFO     Saving network params to trainNN/out/v049-finunified-3-ge1cb642:lstm-best-stride-4/epoch-000.pkl
2017-02-05 21:51:09,677 INFO     epoch: 0 took 211.761s (0.006s in batching)
training loss:	0.601296
validation loss:	0.573846
validation error:	0.301752
2017-02-05 21:51:09,679 INFO     Wrote output to trainNN/out/v049-finunified-3-ge1cb642:lstm-best-stride-4/config.json
2017-02-05 21:54:53,503 INFO     Saving network params to trainNN/out/v049-finunified-3-ge1cb642:lstm-best-stride-4/epoch-001.pkl
2017-02-05 21:54:58,074 INFO     epoch: 1 took 228.397s (0.004s in batching)
training loss:	0.581126
validation loss:	0.569572
validation error:	0.298645
2017-02-05 21:54:58,077 INFO     Wrote output to trainNN/out/v049-finunified-3-ge1cb642:lstm-best-stride-4/config.json
2017-02-05 21:58:46,556 INFO     Saving network params to trainNN/out/v049-finunified-3-ge1cb642:lstm-best-stride-4/epoch-002.pkl
2017-02-05 21:58:51,134 INFO     epoch: 2 took 233.060s (0.005s in batching)
training loss:	0.573685
validation loss:	0.561040
validation error:	0.292264
2017-02-05 21:58:51,137 INFO     Wrote output to trainNN/out/v049-finunified-3-ge1cb642:lstm-best-stride-4/config.json
2017-02-05 22:01:58,195 INFO     Saving network params to trainNN/out/v049-finunified-3-ge1cb642:lstm-best-stride-4/epoch-003.pkl
2017-02-05 22:02:02,836 INFO     epoch: 3 took 191.702s (0.004s in batching)
training loss:	0.567752
validation loss:	0.558728
validation error:	0.286149
2017-02-05 22:02:02,839 INFO     Wrote output to trainNN/out/v049-finunified-3-ge1cb642:lstm-best-stride-4/config.json
2017-02-05 22:05:52,086 INFO     Saving network params to trainNN/out/v049-finunified-3-ge1cb642:lstm-best-stride-4/epoch-004.pkl
2017-02-05 22:05:56,621 INFO     epoch: 4 took 233.785s (0.005s in batching)
training loss:	0.562942
validation loss:	0.550691
validation error:	0.279636
2017-02-05 22:05:56,624 INFO     Wrote output to trainNN/out/v049-finunified-3-ge1cb642:lstm-best-stride-4/config.json
2017-02-05 22:09:45,749 INFO     Saving network params to trainNN/out/v049-finunified-3-ge1cb642:lstm-best-stride-4/epoch-005.pkl
2017-02-05 22:09:50,285 INFO     epoch: 5 took 233.664s (0.004s in batching)
training loss:	0.558482
validation loss:	0.549036
validation error:	0.280066
2017-02-05 22:09:50,288 INFO     Wrote output to trainNN/out/v049-finunified-3-ge1cb642:lstm-best-stride-4/config.json
2017-02-05 22:13:40,288 INFO     Saving network params to trainNN/out/v049-finunified-3-ge1cb642:lstm-best-stride-4/epoch-006.pkl
2017-02-05 22:13:44,879 INFO     epoch: 6 took 234.594s (0.004s in batching)
training loss:	0.555721
validation loss:	0.549287
validation error:	0.281653
2017-02-05 22:13:44,882 INFO     Wrote output to trainNN/out/v049-finunified-3-ge1cb642:lstm-best-stride-4/config.json
2017-02-05 22:17:34,888 INFO     Saving network params to trainNN/out/v049-finunified-3-ge1cb642:lstm-best-stride-4/epoch-007.pkl
2017-02-05 22:17:39,503 INFO     epoch: 7 took 234.624s (0.004s in batching)
training loss:	0.553085
validation loss:	0.548497
validation error:	0.279207
2017-02-05 22:17:39,505 INFO     Wrote output to trainNN/out/v049-finunified-3-ge1cb642:lstm-best-stride-4/config.json
2017-02-05 22:21:29,273 INFO     Saving network params to trainNN/out/v049-finunified-3-ge1cb642:lstm-best-stride-4/epoch-008.pkl
2017-02-05 22:21:33,808 INFO     epoch: 8 took 234.306s (0.004s in batching)
training loss:	0.550457
validation loss:	0.542398
validation error:	0.271273
2017-02-05 22:21:33,811 INFO     Wrote output to trainNN/out/v049-finunified-3-ge1cb642:lstm-best-stride-4/config.json
2017-02-05 22:25:23,637 INFO     Saving network params to trainNN/out/v049-finunified-3-ge1cb642:lstm-best-stride-4/epoch-009.pkl
2017-02-05 22:25:28,251 INFO     epoch: 9 took 234.442s (0.004s in batching)
training loss:	0.547611
validation loss:	0.536434
validation error:	0.273091
2017-02-05 22:25:28,254 INFO     Wrote output to trainNN/out/v049-finunified-3-ge1cb642:lstm-best-stride-4/config.json
2017-02-05 22:29:18,674 INFO     Saving network params to trainNN/out/v049-finunified-3-ge1cb642:lstm-best-stride-4/epoch-010.pkl
2017-02-05 22:29:23,214 INFO     epoch: 10 took 234.964s (0.005s in batching)
training loss:	0.544474
validation loss:	0.535021
validation error:	0.267504
2017-02-05 22:29:23,217 INFO     Wrote output to trainNN/out/v049-finunified-3-ge1cb642:lstm-best-stride-4/config.json
2017-02-05 22:33:13,214 INFO     Saving network params to trainNN/out/v049-finunified-3-ge1cb642:lstm-best-stride-4/epoch-011.pkl
2017-02-05 22:33:17,828 INFO     epoch: 11 took 234.613s (0.004s in batching)
training loss:	0.542033
validation loss:	0.533199
validation error:	0.267934
2017-02-05 22:33:17,830 INFO     Wrote output to trainNN/out/v049-finunified-3-ge1cb642:lstm-best-stride-4/config.json
2017-02-05 22:37:02,292 INFO     Saving network params to trainNN/out/v049-finunified-3-ge1cb642:lstm-best-stride-4/epoch-012.pkl
2017-02-05 22:37:06,100 INFO     epoch: 12 took 228.272s (0.004s in batching)
training loss:	0.540736
validation loss:	0.529819
validation error:	0.268264
2017-02-05 22:37:06,103 INFO     Wrote output to trainNN/out/v049-finunified-3-ge1cb642:lstm-best-stride-4/config.json
2017-02-05 22:40:47,518 INFO     Saving network params to trainNN/out/v049-finunified-3-ge1cb642:lstm-best-stride-4/epoch-013.pkl
2017-02-05 22:40:52,079 INFO     epoch: 13 took 225.979s (0.004s in batching)
training loss:	0.539351
validation loss:	0.528282
validation error:	0.268364
2017-02-05 22:40:52,082 INFO     Wrote output to trainNN/out/v049-finunified-3-ge1cb642:lstm-best-stride-4/config.json
2017-02-05 22:44:40,879 INFO     Saving network params to trainNN/out/v049-finunified-3-ge1cb642:lstm-best-stride-4/epoch-014.pkl
2017-02-05 22:44:45,433 INFO     epoch: 14 took 233.354s (0.005s in batching)
training loss:	0.537672
validation loss:	0.530258
validation error:	0.267471
2017-02-05 22:44:45,436 INFO     Wrote output to trainNN/out/v049-finunified-3-ge1cb642:lstm-best-stride-4/config.json
2017-02-05 22:48:31,582 INFO     Saving network params to trainNN/out/v049-finunified-3-ge1cb642:lstm-best-stride-4/epoch-015.pkl
2017-02-05 22:48:36,138 INFO     epoch: 15 took 230.705s (0.004s in batching)
training loss:	0.536608
validation loss:	0.526739
validation error:	0.263008
2017-02-05 22:48:36,141 INFO     Wrote output to trainNN/out/v049-finunified-3-ge1cb642:lstm-best-stride-4/config.json
2017-02-05 22:52:26,041 INFO     Saving network params to trainNN/out/v049-finunified-3-ge1cb642:lstm-best-stride-4/epoch-016.pkl
2017-02-05 22:52:30,659 INFO     epoch: 16 took 234.521s (0.004s in batching)
training loss:	0.535393
validation loss:	0.534848
validation error:	0.268264
2017-02-05 22:52:30,663 INFO     Wrote output to trainNN/out/v049-finunified-3-ge1cb642:lstm-best-stride-4/config.json
2017-02-05 22:56:20,501 INFO     Saving network params to trainNN/out/v049-finunified-3-ge1cb642:lstm-best-stride-4/epoch-017.pkl
2017-02-05 22:56:25,123 INFO     epoch: 17 took 234.465s (0.004s in batching)
training loss:	0.534609
validation loss:	0.525770
validation error:	0.264132
2017-02-05 22:56:25,127 INFO     Wrote output to trainNN/out/v049-finunified-3-ge1cb642:lstm-best-stride-4/config.json
2017-02-05 23:00:13,786 INFO     Saving network params to trainNN/out/v049-finunified-3-ge1cb642:lstm-best-stride-4/epoch-018.pkl
2017-02-05 23:00:18,368 INFO     epoch: 18 took 233.244s (0.004s in batching)
training loss:	0.533649
validation loss:	0.526697
validation error:	0.264132
2017-02-05 23:00:18,371 INFO     Wrote output to trainNN/out/v049-finunified-3-ge1cb642:lstm-best-stride-4/config.json
2017-02-05 23:04:06,935 INFO     Saving network params to trainNN/out/v049-finunified-3-ge1cb642:lstm-best-stride-4/epoch-019.pkl
2017-02-05 23:04:11,471 INFO     epoch: 19 took 233.103s (0.004s in batching)
training loss:	0.533096
validation loss:	0.524947
validation error:	0.262347
2017-02-05 23:04:11,475 INFO     Wrote output to trainNN/out/v049-finunified-3-ge1cb642:lstm-best-stride-4/config.json
2017-02-05 23:08:00,461 INFO     Saving network params to trainNN/out/v049-finunified-3-ge1cb642:lstm-best-stride-4/epoch-020.pkl
2017-02-05 23:08:05,041 INFO     epoch: 20 took 233.570s (0.005s in batching)
training loss:	0.532401
validation loss:	0.524020
validation error:	0.261884
2017-02-05 23:08:05,045 INFO     Wrote output to trainNN/out/v049-finunified-3-ge1cb642:lstm-best-stride-4/config.json
2017-02-05 23:11:54,522 INFO     Saving network params to trainNN/out/v049-finunified-3-ge1cb642:lstm-best-stride-4/epoch-021.pkl
2017-02-05 23:11:59,116 INFO     epoch: 21 took 234.076s (0.004s in batching)
training loss:	0.531391
validation loss:	0.525417
validation error:	0.262446
2017-02-05 23:11:59,120 INFO     Wrote output to trainNN/out/v049-finunified-3-ge1cb642:lstm-best-stride-4/config.json
2017-02-05 23:15:47,714 INFO     Saving network params to trainNN/out/v049-finunified-3-ge1cb642:lstm-best-stride-4/epoch-022.pkl
2017-02-05 23:15:52,286 INFO     epoch: 22 took 233.170s (0.004s in batching)
training loss:	0.531093
validation loss:	0.523990
validation error:	0.262050
2017-02-05 23:15:52,292 INFO     Wrote output to trainNN/out/v049-finunified-3-ge1cb642:lstm-best-stride-4/config.json
2017-02-05 23:19:41,414 INFO     Saving network params to trainNN/out/v049-finunified-3-ge1cb642:lstm-best-stride-4/epoch-023.pkl
2017-02-05 23:19:45,979 INFO     epoch: 23 took 233.693s (0.005s in batching)
training loss:	0.530540
validation loss:	0.523506
validation error:	0.261983
2017-02-05 23:19:45,983 INFO     Wrote output to trainNN/out/v049-finunified-3-ge1cb642:lstm-best-stride-4/config.json
2017-02-05 23:23:35,583 INFO     Saving network params to trainNN/out/v049-finunified-3-ge1cb642:lstm-best-stride-4/epoch-024.pkl
2017-02-05 23:23:40,167 INFO     epoch: 24 took 234.188s (0.004s in batching)
training loss:	0.530230
validation loss:	0.521393
validation error:	0.256529
2017-02-05 23:23:40,171 INFO     Wrote output to trainNN/out/v049-finunified-3-ge1cb642:lstm-best-stride-4/config.json
2017-02-05 23:27:28,927 INFO     Saving network params to trainNN/out/v049-finunified-3-ge1cb642:lstm-best-stride-4/epoch-025.pkl
2017-02-05 23:27:33,504 INFO     epoch: 25 took 233.337s (0.004s in batching)
training loss:	0.529492
validation loss:	0.524469
validation error:	0.260992
2017-02-05 23:27:33,508 INFO     Wrote output to trainNN/out/v049-finunified-3-ge1cb642:lstm-best-stride-4/config.json
2017-02-05 23:31:21,960 INFO     Saving network params to trainNN/out/v049-finunified-3-ge1cb642:lstm-best-stride-4/epoch-026.pkl
2017-02-05 23:31:26,501 INFO     epoch: 26 took 232.997s (0.004s in batching)
training loss:	0.528919
validation loss:	0.521135
validation error:	0.258347
2017-02-05 23:31:26,505 INFO     Wrote output to trainNN/out/v049-finunified-3-ge1cb642:lstm-best-stride-4/config.json
2017-02-05 23:35:14,902 INFO     Saving network params to trainNN/out/v049-finunified-3-ge1cb642:lstm-best-stride-4/epoch-027.pkl
2017-02-05 23:35:19,484 INFO     epoch: 27 took 232.983s (0.004s in batching)
training loss:	0.528450
validation loss:	0.526776
validation error:	0.264595
2017-02-05 23:35:19,488 INFO     Wrote output to trainNN/out/v049-finunified-3-ge1cb642:lstm-best-stride-4/config.json
2017-02-05 23:39:07,884 INFO     Saving network params to trainNN/out/v049-finunified-3-ge1cb642:lstm-best-stride-4/epoch-028.pkl
2017-02-05 23:39:12,441 INFO     epoch: 28 took 232.957s (0.004s in batching)
training loss:	0.528260
validation loss:	0.522721
validation error:	0.261223
2017-02-05 23:39:12,445 INFO     Wrote output to trainNN/out/v049-finunified-3-ge1cb642:lstm-best-stride-4/config.json
2017-02-05 23:43:01,197 INFO     Saving network params to trainNN/out/v049-finunified-3-ge1cb642:lstm-best-stride-4/epoch-029.pkl
2017-02-05 23:43:05,714 INFO     epoch: 29 took 233.272s (0.004s in batching)
training loss:	0.527718
validation loss:	0.521987
validation error:	0.260033
2017-02-05 23:43:05,717 INFO     Wrote output to trainNN/out/v049-finunified-3-ge1cb642:lstm-best-stride-4/config.json
2017-02-05 23:46:54,185 INFO     Saving network params to trainNN/out/v049-finunified-3-ge1cb642:lstm-best-stride-4/epoch-030.pkl
2017-02-05 23:46:58,739 INFO     epoch: 30 took 233.025s (0.004s in batching)
training loss:	0.527144
validation loss:	0.520424
validation error:	0.256331
2017-02-05 23:46:58,743 INFO     Wrote output to trainNN/out/v049-finunified-3-ge1cb642:lstm-best-stride-4/config.json
2017-02-05 23:50:47,562 INFO     Saving network params to trainNN/out/v049-finunified-3-ge1cb642:lstm-best-stride-4/epoch-031.pkl
2017-02-05 23:50:52,100 INFO     epoch: 31 took 233.361s (0.004s in batching)
training loss:	0.526581
validation loss:	0.522445
validation error:	0.260562
2017-02-05 23:50:52,104 INFO     Wrote output to trainNN/out/v049-finunified-3-ge1cb642:lstm-best-stride-4/config.json
2017-02-05 23:54:19,927 INFO     Saving network params to trainNN/out/v049-finunified-3-ge1cb642:lstm-best-stride-4/epoch-032.pkl
2017-02-05 23:54:23,872 INFO     epoch: 32 took 211.772s (0.004s in batching)
training loss:	0.526398
validation loss:	0.523024
validation error:	0.260264
2017-02-05 23:54:23,876 INFO     Wrote output to trainNN/out/v049-finunified-3-ge1cb642:lstm-best-stride-4/config.json
2017-02-05 23:58:08,488 INFO     Saving network params to trainNN/out/v049-finunified-3-ge1cb642:lstm-best-stride-4/epoch-033.pkl
2017-02-05 23:58:12,984 INFO     epoch: 33 took 229.113s (0.004s in batching)
training loss:	0.525981
validation loss:	0.522452
validation error:	0.261455
2017-02-05 23:58:12,988 INFO     Wrote output to trainNN/out/v049-finunified-3-ge1cb642:lstm-best-stride-4/config.json
2017-02-06 00:01:58,009 INFO     Saving network params to trainNN/out/v049-finunified-3-ge1cb642:lstm-best-stride-4/epoch-034.pkl
2017-02-06 00:02:02,539 INFO     epoch: 34 took 229.555s (0.004s in batching)
training loss:	0.525345
validation loss:	0.522519
validation error:	0.260364
2017-02-06 00:02:02,543 INFO     Wrote output to trainNN/out/v049-finunified-3-ge1cb642:lstm-best-stride-4/config.json
2017-02-06 00:05:48,295 INFO     Saving network params to trainNN/out/v049-finunified-3-ge1cb642:lstm-best-stride-4/epoch-035.pkl
2017-02-06 00:05:52,804 INFO     epoch: 35 took 230.265s (0.004s in batching)
training loss:	0.525367
validation loss:	0.521465
validation error:	0.259669
2017-02-06 00:05:52,808 INFO     Wrote output to trainNN/out/v049-finunified-3-ge1cb642:lstm-best-stride-4/config.json
2017-02-06 00:09:38,022 INFO     Saving network params to trainNN/out/v049-finunified-3-ge1cb642:lstm-best-stride-4/epoch-036.pkl
2017-02-06 00:09:42,540 INFO     epoch: 36 took 229.736s (0.004s in batching)
training loss:	0.525241
validation loss:	0.525838
validation error:	0.263405
2017-02-06 00:09:42,544 INFO     Wrote output to trainNN/out/v049-finunified-3-ge1cb642:lstm-best-stride-4/config.json
2017-02-06 00:13:27,578 INFO     Saving network params to trainNN/out/v049-finunified-3-ge1cb642:lstm-best-stride-4/epoch-037.pkl
2017-02-06 00:13:32,073 INFO     epoch: 37 took 229.533s (0.004s in batching)
training loss:	0.524701
validation loss:	0.520954
validation error:	0.259868
2017-02-06 00:13:32,077 INFO     Wrote output to trainNN/out/v049-finunified-3-ge1cb642:lstm-best-stride-4/config.json
2017-02-06 00:17:17,810 INFO     Saving network params to trainNN/out/v049-finunified-3-ge1cb642:lstm-best-stride-4/epoch-038.pkl
2017-02-06 00:17:22,295 INFO     epoch: 38 took 230.223s (0.005s in batching)
training loss:	0.524246
validation loss:	0.522874
validation error:	0.258314
2017-02-06 00:17:22,299 INFO     Wrote output to trainNN/out/v049-finunified-3-ge1cb642:lstm-best-stride-4/config.json
2017-02-06 00:21:07,729 INFO     Saving network params to trainNN/out/v049-finunified-3-ge1cb642:lstm-best-stride-4/epoch-039.pkl
2017-02-06 00:21:12,268 INFO     epoch: 39 took 229.972s (0.004s in batching)
training loss:	0.523917
validation loss:	0.522300
validation error:	0.262612
2017-02-06 00:21:12,272 INFO     Wrote output to trainNN/out/v049-finunified-3-ge1cb642:lstm-best-stride-4/config.json
2017-02-06 00:24:45,784 INFO     Saving network params to trainNN/out/v049-finunified-3-ge1cb642:lstm-best-stride-4/epoch-040.pkl
2017-02-06 00:24:49,523 INFO     epoch: 40 took 217.255s (0.004s in batching)
training loss:	0.523660
validation loss:	0.527926
validation error:	0.261851
2017-02-06 00:24:49,527 INFO     Wrote output to trainNN/out/v049-finunified-3-ge1cb642:lstm-best-stride-4/config.json
2017-02-06 00:28:28,582 INFO     Saving network params to trainNN/out/v049-finunified-3-ge1cb642:lstm-best-stride-4/epoch-041.pkl
2017-02-06 00:28:33,322 INFO     epoch: 41 took 223.799s (0.004s in batching)
training loss:	0.523135
validation loss:	0.522782
validation error:	0.260165
2017-02-06 00:28:33,326 INFO     Wrote output to trainNN/out/v049-finunified-3-ge1cb642:lstm-best-stride-4/config.json
2017-02-06 00:32:29,950 INFO     Saving network params to trainNN/out/v049-finunified-3-ge1cb642:lstm-best-stride-4/epoch-042.pkl
2017-02-06 00:32:34,472 INFO     epoch: 42 took 241.151s (0.004s in batching)
training loss:	0.523024
validation loss:	0.519683
validation error:	0.256727
2017-02-06 00:32:34,477 INFO     Wrote output to trainNN/out/v049-finunified-3-ge1cb642:lstm-best-stride-4/config.json
2017-02-06 00:36:37,766 INFO     Saving network params to trainNN/out/v049-finunified-3-ge1cb642:lstm-best-stride-4/epoch-043.pkl
2017-02-06 00:36:42,368 INFO     epoch: 43 took 247.895s (0.004s in batching)
training loss:	0.522494
validation loss:	0.522371
validation error:	0.258215
2017-02-06 00:36:42,372 INFO     Wrote output to trainNN/out/v049-finunified-3-ge1cb642:lstm-best-stride-4/config.json
2017-02-06 00:40:45,313 INFO     Saving network params to trainNN/out/v049-finunified-3-ge1cb642:lstm-best-stride-4/epoch-044.pkl
2017-02-06 00:40:50,160 INFO     epoch: 44 took 247.793s (0.005s in batching)
training loss:	0.522242
validation loss:	0.521557
validation error:	0.260430
2017-02-06 00:40:50,166 INFO     Wrote output to trainNN/out/v049-finunified-3-ge1cb642:lstm-best-stride-4/config.json
2017-02-06 00:44:53,935 INFO     Saving network params to trainNN/out/v049-finunified-3-ge1cb642:lstm-best-stride-4/epoch-045.pkl
2017-02-06 00:44:58,702 INFO     epoch: 45 took 248.542s (0.005s in batching)
training loss:	0.521971
validation loss:	0.521699
validation error:	0.258876
2017-02-06 00:44:58,707 INFO     Wrote output to trainNN/out/v049-finunified-3-ge1cb642:lstm-best-stride-4/config.json
2017-02-06 00:49:02,170 INFO     Saving network params to trainNN/out/v049-finunified-3-ge1cb642:lstm-best-stride-4/epoch-046.pkl
2017-02-06 00:49:07,173 INFO     epoch: 46 took 248.470s (0.004s in batching)
training loss:	0.521673
validation loss:	0.523181
validation error:	0.260364
2017-02-06 00:49:07,177 INFO     Wrote output to trainNN/out/v049-finunified-3-ge1cb642:lstm-best-stride-4/config.json
2017-02-06 00:53:09,888 INFO     Saving network params to trainNN/out/v049-finunified-3-ge1cb642:lstm-best-stride-4/epoch-047.pkl
2017-02-06 00:53:14,732 INFO     epoch: 47 took 247.559s (0.004s in batching)
training loss:	0.521097
validation loss:	0.522764
validation error:	0.258678
2017-02-06 00:53:14,738 INFO     Wrote output to trainNN/out/v049-finunified-3-ge1cb642:lstm-best-stride-4/config.json
2017-02-06 00:57:18,332 INFO     Saving network params to trainNN/out/v049-finunified-3-ge1cb642:lstm-best-stride-4/epoch-048.pkl
2017-02-06 00:57:23,483 INFO     epoch: 48 took 248.750s (0.005s in batching)
training loss:	0.520820
validation loss:	0.522239
validation error:	0.259240
2017-02-06 00:57:23,488 INFO     Wrote output to trainNN/out/v049-finunified-3-ge1cb642:lstm-best-stride-4/config.json
2017-02-06 01:01:26,811 INFO     Saving network params to trainNN/out/v049-finunified-3-ge1cb642:lstm-best-stride-4/epoch-049.pkl
2017-02-06 01:01:31,958 INFO     epoch: 49 took 248.475s (0.004s in batching)
training loss:	0.520874
validation loss:	0.523322
validation error:	0.260529
2017-02-06 01:01:31,963 INFO     Wrote output to trainNN/out/v049-finunified-3-ge1cb642:lstm-best-stride-4/config.json
2017-02-06 01:05:35,445 INFO     Saving network params to trainNN/out/v049-finunified-3-ge1cb642:lstm-best-stride-4/epoch-050.pkl
2017-02-06 01:05:40,368 INFO     epoch: 50 took 248.410s (0.005s in batching)
training loss:	0.520359
validation loss:	0.521412
validation error:	0.258942
2017-02-06 01:05:40,372 INFO     Wrote output to trainNN/out/v049-finunified-3-ge1cb642:lstm-best-stride-4/config.json
2017-02-06 01:09:43,911 INFO     Saving network params to trainNN/out/v049-finunified-3-ge1cb642:lstm-best-stride-4/epoch-051.pkl
2017-02-06 01:09:48,818 INFO     epoch: 51 took 248.450s (0.004s in batching)
training loss:	0.519901
validation loss:	0.526353
validation error:	0.261653
2017-02-06 01:09:48,823 INFO     Wrote output to trainNN/out/v049-finunified-3-ge1cb642:lstm-best-stride-4/config.json
2017-02-06 01:13:52,715 INFO     Saving network params to trainNN/out/v049-finunified-3-ge1cb642:lstm-best-stride-4/epoch-052.pkl
2017-02-06 01:13:57,452 INFO     epoch: 52 took 248.634s (0.004s in batching)
training loss:	0.519709
validation loss:	0.524339
validation error:	0.259107
2017-02-06 01:13:57,458 INFO     Wrote output to trainNN/out/v049-finunified-3-ge1cb642:lstm-best-stride-4/config.json
2017-02-06 01:18:01,243 INFO     Saving network params to trainNN/out/v049-finunified-3-ge1cb642:lstm-best-stride-4/epoch-053.pkl
2017-02-06 01:18:05,979 INFO     epoch: 53 took 248.527s (0.004s in batching)
training loss:	0.519996
validation loss:	0.525549
validation error:	0.260926
2017-02-06 01:18:05,984 INFO     Wrote output to trainNN/out/v049-finunified-3-ge1cb642:lstm-best-stride-4/config.json
2017-02-06 01:22:12,567 INFO     Saving network params to trainNN/out/v049-finunified-3-ge1cb642:lstm-best-stride-4/epoch-054.pkl
2017-02-06 01:22:17,317 INFO     epoch: 54 took 251.338s (0.004s in batching)
training loss:	0.519296
validation loss:	0.525643
validation error:	0.260463
2017-02-06 01:22:17,322 INFO     Wrote output to trainNN/out/v049-finunified-3-ge1cb642:lstm-best-stride-4/config.json
2017-02-06 01:26:31,643 INFO     Saving network params to trainNN/out/v049-finunified-3-ge1cb642:lstm-best-stride-4/epoch-055.pkl
2017-02-06 01:26:36,716 INFO     epoch: 55 took 259.399s (0.005s in batching)
training loss:	0.519434
validation loss:	0.523975
validation error:	0.258446
2017-02-06 01:26:36,721 INFO     Wrote output to trainNN/out/v049-finunified-3-ge1cb642:lstm-best-stride-4/config.json
2017-02-06 01:30:51,591 INFO     Saving network params to trainNN/out/v049-finunified-3-ge1cb642:lstm-best-stride-4/epoch-056.pkl
2017-02-06 01:30:56,745 INFO     epoch: 56 took 260.029s (0.005s in batching)
training loss:	0.518648
validation loss:	0.522836
validation error:	0.258479
2017-02-06 01:30:56,750 INFO     Wrote output to trainNN/out/v049-finunified-3-ge1cb642:lstm-best-stride-4/config.json
2017-02-06 01:35:12,139 INFO     Saving network params to trainNN/out/v049-finunified-3-ge1cb642:lstm-best-stride-4/epoch-057.pkl
2017-02-06 01:35:17,384 INFO     epoch: 57 took 260.639s (0.004s in batching)
training loss:	0.518265
validation loss:	0.524819
validation error:	0.261653
2017-02-06 01:35:17,389 INFO     Wrote output to trainNN/out/v049-finunified-3-ge1cb642:lstm-best-stride-4/config.json
2017-02-06 01:39:32,253 INFO     Saving network params to trainNN/out/v049-finunified-3-ge1cb642:lstm-best-stride-4/epoch-058.pkl
2017-02-06 01:39:37,698 INFO     epoch: 58 took 260.314s (0.005s in batching)
training loss:	0.517815
validation loss:	0.525269
validation error:	0.260496
2017-02-06 01:39:37,703 INFO     Wrote output to trainNN/out/v049-finunified-3-ge1cb642:lstm-best-stride-4/config.json
2017-02-06 01:43:56,053 INFO     Saving network params to trainNN/out/v049-finunified-3-ge1cb642:lstm-best-stride-4/epoch-059.pkl
2017-02-06 01:44:01,396 INFO     epoch: 59 took 263.699s (0.005s in batching)
training loss:	0.517623
validation loss:	0.526720
validation error:	0.260860
2017-02-06 01:44:01,402 INFO     Wrote output to trainNN/out/v049-finunified-3-ge1cb642:lstm-best-stride-4/config.json
2017-02-06 01:48:25,524 INFO     Saving network params to trainNN/out/v049-finunified-3-ge1cb642:lstm-best-stride-4/epoch-060.pkl
2017-02-06 01:48:30,772 INFO     epoch: 60 took 269.375s (0.005s in batching)
training loss:	0.517592
validation loss:	0.524232
validation error:	0.260893
2017-02-06 01:48:30,777 INFO     Wrote output to trainNN/out/v049-finunified-3-ge1cb642:lstm-best-stride-4/config.json
2017-02-06 01:52:54,666 INFO     Saving network params to trainNN/out/v049-finunified-3-ge1cb642:lstm-best-stride-4/epoch-061.pkl
2017-02-06 01:53:00,460 INFO     epoch: 61 took 269.688s (0.005s in batching)
training loss:	0.517123
validation loss:	0.523382
validation error:	0.258810
2017-02-06 01:53:00,466 INFO     Wrote output to trainNN/out/v049-finunified-3-ge1cb642:lstm-best-stride-4/config.json
2017-02-06 01:57:26,392 INFO     Saving network params to trainNN/out/v049-finunified-3-ge1cb642:lstm-best-stride-4/epoch-062.pkl
2017-02-06 01:57:31,479 INFO     epoch: 62 took 271.019s (0.005s in batching)
training loss:	0.516927
validation loss:	0.529602
validation error:	0.264000
2017-02-06 01:57:31,485 INFO     Wrote output to trainNN/out/v049-finunified-3-ge1cb642:lstm-best-stride-4/config.json
2017-02-06 02:01:56,276 INFO     Saving network params to trainNN/out/v049-finunified-3-ge1cb642:lstm-best-stride-4/epoch-063.pkl
2017-02-06 02:02:01,824 INFO     epoch: 63 took 270.345s (0.005s in batching)
training loss:	0.516719
validation loss:	0.526857
validation error:	0.262083
2017-02-06 02:02:01,831 INFO     Wrote output to trainNN/out/v049-finunified-3-ge1cb642:lstm-best-stride-4/config.json
2017-02-06 02:06:26,445 INFO     Saving network params to trainNN/out/v049-finunified-3-ge1cb642:lstm-best-stride-4/epoch-064.pkl
2017-02-06 02:06:31,642 INFO     epoch: 64 took 269.818s (0.006s in batching)
training loss:	0.516415
validation loss:	0.527009
validation error:	0.261785
2017-02-06 02:06:31,647 INFO     Wrote output to trainNN/out/v049-finunified-3-ge1cb642:lstm-best-stride-4/config.json
2017-02-06 02:11:09,684 INFO     Saving network params to trainNN/out/v049-finunified-3-ge1cb642:lstm-best-stride-4/epoch-065.pkl
2017-02-06 02:11:14,597 INFO     epoch: 65 took 282.954s (0.005s in batching)
training loss:	0.516331
validation loss:	0.529394
validation error:	0.263736
2017-02-06 02:11:14,602 INFO     Wrote output to trainNN/out/v049-finunified-3-ge1cb642:lstm-best-stride-4/config.json
2017-02-06 02:16:01,908 INFO     Saving network params to trainNN/out/v049-finunified-3-ge1cb642:lstm-best-stride-4/epoch-066.pkl
2017-02-06 02:16:07,841 INFO     epoch: 66 took 293.244s (0.005s in batching)
training loss:	0.516108
validation loss:	0.525978
validation error:	0.261851
2017-02-06 02:16:07,846 INFO     Wrote output to trainNN/out/v049-finunified-3-ge1cb642:lstm-best-stride-4/config.json
2017-02-06 02:20:56,233 INFO     Saving network params to trainNN/out/v049-finunified-3-ge1cb642:lstm-best-stride-4/epoch-067.pkl
2017-02-06 02:21:00,798 INFO     epoch: 67 took 292.958s (0.005s in batching)
training loss:	0.516055
validation loss:	0.525640
validation error:	0.261025
2017-02-06 02:21:00,804 INFO     Wrote output to trainNN/out/v049-finunified-3-ge1cb642:lstm-best-stride-4/config.json
2017-02-06 02:25:49,337 INFO     Saving network params to trainNN/out/v049-finunified-3-ge1cb642:lstm-best-stride-4/epoch-068.pkl
2017-02-06 02:25:55,323 INFO     epoch: 68 took 294.525s (0.005s in batching)
training loss:	0.515707
validation loss:	0.529528
validation error:	0.263273
2017-02-06 02:25:55,329 INFO     Wrote output to trainNN/out/v049-finunified-3-ge1cb642:lstm-best-stride-4/config.json
2017-02-06 02:30:42,604 INFO     Saving network params to trainNN/out/v049-finunified-3-ge1cb642:lstm-best-stride-4/epoch-069.pkl
2017-02-06 02:30:47,699 INFO     epoch: 69 took 292.375s (0.005s in batching)
training loss:	0.515330
validation loss:	0.528032
validation error:	0.259570
2017-02-06 02:30:47,704 INFO     Wrote output to trainNN/out/v049-finunified-3-ge1cb642:lstm-best-stride-4/config.json
2017-02-06 02:35:30,264 INFO     Saving network params to trainNN/out/v049-finunified-3-ge1cb642:lstm-best-stride-4/epoch-070.pkl
2017-02-06 02:35:37,169 INFO     epoch: 70 took 289.471s (0.005s in batching)
training loss:	0.515259
validation loss:	0.530181
validation error:	0.263802
2017-02-06 02:35:37,178 INFO     Wrote output to trainNN/out/v049-finunified-3-ge1cb642:lstm-best-stride-4/config.json
2017-02-06 02:40:23,235 INFO     Saving network params to trainNN/out/v049-finunified-3-ge1cb642:lstm-best-stride-4/epoch-071.pkl
2017-02-06 02:40:28,332 INFO     epoch: 71 took 291.163s (0.006s in batching)
training loss:	0.514883
validation loss:	0.532629
validation error:	0.265917
2017-02-06 02:40:28,341 INFO     Wrote output to trainNN/out/v049-finunified-3-ge1cb642:lstm-best-stride-4/config.json
2017-02-06 02:45:16,285 INFO     Saving network params to trainNN/out/v049-finunified-3-ge1cb642:lstm-best-stride-4/epoch-072.pkl
2017-02-06 02:45:22,403 INFO     epoch: 72 took 294.071s (0.006s in batching)
training loss:	0.514541
validation loss:	0.526730
validation error:	0.263570
2017-02-06 02:45:22,412 INFO     Wrote output to trainNN/out/v049-finunified-3-ge1cb642:lstm-best-stride-4/config.json
2017-02-06 02:50:09,270 INFO     Saving network params to trainNN/out/v049-finunified-3-ge1cb642:lstm-best-stride-4/epoch-073.pkl
2017-02-06 02:50:14,652 INFO     epoch: 73 took 292.249s (0.005s in batching)
training loss:	0.514518
validation loss:	0.527381
validation error:	0.260926
2017-02-06 02:50:14,657 INFO     Wrote output to trainNN/out/v049-finunified-3-ge1cb642:lstm-best-stride-4/config.json
2017-02-06 02:55:00,173 INFO     Saving network params to trainNN/out/v049-finunified-3-ge1cb642:lstm-best-stride-4/epoch-074.pkl
2017-02-06 02:55:05,640 INFO     epoch: 74 took 290.989s (0.005s in batching)
training loss:	0.514293
validation loss:	0.529130
validation error:	0.263736
2017-02-06 02:55:05,648 INFO     Wrote output to trainNN/out/v049-finunified-3-ge1cb642:lstm-best-stride-4/config.json
2017-02-06 02:59:06,843 INFO     Saving network params to trainNN/out/v049-finunified-3-ge1cb642:lstm-best-stride-4/epoch-075.pkl
2017-02-06 02:59:11,400 INFO     epoch: 75 took 245.760s (0.006s in batching)
training loss:	0.514227
validation loss:	0.527965
validation error:	0.259306
2017-02-06 02:59:11,406 INFO     Wrote output to trainNN/out/v049-finunified-3-ge1cb642:lstm-best-stride-4/config.json
2017-02-06 03:03:07,835 INFO     Saving network params to trainNN/out/v049-finunified-3-ge1cb642:lstm-best-stride-4/epoch-076.pkl
2017-02-06 03:03:12,533 INFO     epoch: 76 took 241.133s (0.005s in batching)
training loss:	0.513957
validation loss:	0.528812
validation error:	0.263537
2017-02-06 03:03:12,538 INFO     Wrote output to trainNN/out/v049-finunified-3-ge1cb642:lstm-best-stride-4/config.json
2017-02-06 03:07:08,550 INFO     Saving network params to trainNN/out/v049-finunified-3-ge1cb642:lstm-best-stride-4/epoch-077.pkl
2017-02-06 03:07:12,975 INFO     epoch: 77 took 240.443s (0.005s in batching)
training loss:	0.513559
validation loss:	0.531492
validation error:	0.262116
2017-02-06 03:07:12,983 INFO     Wrote output to trainNN/out/v049-finunified-3-ge1cb642:lstm-best-stride-4/config.json
2017-02-06 03:11:43,037 INFO     Saving network params to trainNN/out/v049-finunified-3-ge1cb642:lstm-best-stride-4/epoch-078.pkl
2017-02-06 03:11:49,289 INFO     epoch: 78 took 276.314s (0.006s in batching)
training loss:	0.513383
validation loss:	0.527447
validation error:	0.261190
2017-02-06 03:11:49,296 INFO     Wrote output to trainNN/out/v049-finunified-3-ge1cb642:lstm-best-stride-4/config.json
2017-02-06 03:16:37,722 INFO     Saving network params to trainNN/out/v049-finunified-3-ge1cb642:lstm-best-stride-4/epoch-079.pkl
2017-02-06 03:16:43,027 INFO     epoch: 79 took 293.738s (0.005s in batching)
training loss:	0.513274
validation loss:	0.528875
validation error:	0.260364
2017-02-06 03:16:43,033 INFO     Wrote output to trainNN/out/v049-finunified-3-ge1cb642:lstm-best-stride-4/config.json
2017-02-06 03:21:33,188 INFO     Saving network params to trainNN/out/v049-finunified-3-ge1cb642:lstm-best-stride-4/epoch-080.pkl
2017-02-06 03:21:37,806 INFO     epoch: 80 took 294.779s (0.005s in batching)
training loss:	0.513254
validation loss:	0.526585
validation error:	0.260826
2017-02-06 03:21:37,812 INFO     Wrote output to trainNN/out/v049-finunified-3-ge1cb642:lstm-best-stride-4/config.json
2017-02-06 03:26:27,597 INFO     Saving network params to trainNN/out/v049-finunified-3-ge1cb642:lstm-best-stride-4/epoch-081.pkl
2017-02-06 03:26:33,162 INFO     epoch: 81 took 295.356s (0.008s in batching)
training loss:	0.513313
validation loss:	0.528527
validation error:	0.262612
2017-02-06 03:26:33,170 INFO     Wrote output to trainNN/out/v049-finunified-3-ge1cb642:lstm-best-stride-4/config.json
2017-02-06 03:31:23,652 INFO     Saving network params to trainNN/out/v049-finunified-3-ge1cb642:lstm-best-stride-4/epoch-082.pkl
2017-02-06 03:31:29,052 INFO     epoch: 82 took 295.890s (0.006s in batching)
training loss:	0.513265
validation loss:	0.527293
validation error:	0.261388
2017-02-06 03:31:29,058 INFO     Wrote output to trainNN/out/v049-finunified-3-ge1cb642:lstm-best-stride-4/config.json
2017-02-06 03:36:19,255 INFO     Saving network params to trainNN/out/v049-finunified-3-ge1cb642:lstm-best-stride-4/epoch-083.pkl
2017-02-06 03:36:24,983 INFO     epoch: 83 took 295.931s (0.005s in batching)
training loss:	0.512739
validation loss:	0.529094
validation error:	0.262017
2017-02-06 03:36:24,989 INFO     Wrote output to trainNN/out/v049-finunified-3-ge1cb642:lstm-best-stride-4/config.json
2017-02-06 03:41:12,217 INFO     Saving network params to trainNN/out/v049-finunified-3-ge1cb642:lstm-best-stride-4/epoch-084.pkl
2017-02-06 03:41:17,890 INFO     epoch: 84 took 292.906s (0.005s in batching)
training loss:	0.512857
validation loss:	0.530497
validation error:	0.262116
2017-02-06 03:41:17,895 INFO     Wrote output to trainNN/out/v049-finunified-3-ge1cb642:lstm-best-stride-4/config.json
2017-02-06 03:46:23,297 INFO     Saving network params to trainNN/out/v049-finunified-3-ge1cb642:lstm-best-stride-4/epoch-085.pkl
2017-02-06 03:46:29,857 INFO     epoch: 85 took 311.968s (0.005s in batching)
training loss:	0.512142
validation loss:	0.530198
validation error:	0.262050
2017-02-06 03:46:29,864 INFO     Wrote output to trainNN/out/v049-finunified-3-ge1cb642:lstm-best-stride-4/config.json
2017-02-06 03:50:41,294 INFO     Saving network params to trainNN/out/v049-finunified-3-ge1cb642:lstm-best-stride-4/epoch-086.pkl
2017-02-06 03:50:46,483 INFO     epoch: 86 took 256.625s (0.005s in batching)
training loss:	0.512305
validation loss:	0.532360
validation error:	0.263438
2017-02-06 03:50:46,489 INFO     Wrote output to trainNN/out/v049-finunified-3-ge1cb642:lstm-best-stride-4/config.json
2017-02-06 03:54:50,164 INFO     Saving network params to trainNN/out/v049-finunified-3-ge1cb642:lstm-best-stride-4/epoch-087.pkl
2017-02-06 03:54:53,934 INFO     epoch: 87 took 247.452s (0.005s in batching)
training loss:	0.512373
validation loss:	0.530311
validation error:	0.263174
2017-02-06 03:54:53,940 INFO     Wrote output to trainNN/out/v049-finunified-3-ge1cb642:lstm-best-stride-4/config.json
2017-02-06 03:58:58,692 INFO     Saving network params to trainNN/out/v049-finunified-3-ge1cb642:lstm-best-stride-4/epoch-088.pkl
2017-02-06 03:59:03,888 INFO     epoch: 88 took 249.954s (0.005s in batching)
training loss:	0.511998
validation loss:	0.530785
validation error:	0.260694
2017-02-06 03:59:03,894 INFO     Wrote output to trainNN/out/v049-finunified-3-ge1cb642:lstm-best-stride-4/config.json
2017-02-06 04:03:09,893 INFO     Saving network params to trainNN/out/v049-finunified-3-ge1cb642:lstm-best-stride-4/epoch-089.pkl
2017-02-06 04:03:15,056 INFO     epoch: 89 took 251.168s (0.005s in batching)
training loss:	0.511696
validation loss:	0.529345
validation error:	0.262149
2017-02-06 04:03:15,062 INFO     Wrote output to trainNN/out/v049-finunified-3-ge1cb642:lstm-best-stride-4/config.json
2017-02-06 04:07:20,379 INFO     Saving network params to trainNN/out/v049-finunified-3-ge1cb642:lstm-best-stride-4/epoch-090.pkl
2017-02-06 04:07:24,026 INFO     epoch: 90 took 248.970s (0.005s in batching)
training loss:	0.511772
validation loss:	0.529702
validation error:	0.263174
2017-02-06 04:07:24,032 INFO     Wrote output to trainNN/out/v049-finunified-3-ge1cb642:lstm-best-stride-4/config.json
2017-02-06 04:10:48,719 INFO     Saving network params to trainNN/out/v049-finunified-3-ge1cb642:lstm-best-stride-4/epoch-091.pkl
2017-02-06 04:10:53,375 INFO     epoch: 91 took 209.349s (0.005s in batching)
training loss:	0.511524
validation loss:	0.528805
validation error:	0.260066
2017-02-06 04:10:53,381 INFO     Wrote output to trainNN/out/v049-finunified-3-ge1cb642:lstm-best-stride-4/config.json
2017-02-06 04:14:17,962 INFO     Saving network params to trainNN/out/v049-finunified-3-ge1cb642:lstm-best-stride-4/epoch-092.pkl
2017-02-06 04:14:21,907 INFO     epoch: 92 took 208.533s (0.005s in batching)
training loss:	0.511599
validation loss:	0.534594
validation error:	0.265488
2017-02-06 04:14:21,914 INFO     Wrote output to trainNN/out/v049-finunified-3-ge1cb642:lstm-best-stride-4/config.json
2017-02-06 04:17:45,587 INFO     Saving network params to trainNN/out/v049-finunified-3-ge1cb642:lstm-best-stride-4/epoch-093.pkl
2017-02-06 04:17:49,869 INFO     epoch: 93 took 207.961s (0.005s in batching)
training loss:	0.511315
validation loss:	0.530572
validation error:	0.262645
2017-02-06 04:17:49,874 INFO     Wrote output to trainNN/out/v049-finunified-3-ge1cb642:lstm-best-stride-4/config.json
2017-02-06 04:21:13,982 INFO     Saving network params to trainNN/out/v049-finunified-3-ge1cb642:lstm-best-stride-4/epoch-094.pkl
2017-02-06 04:21:18,547 INFO     epoch: 94 took 208.678s (0.005s in batching)
training loss:	0.510854
validation loss:	0.528741
validation error:	0.261719
2017-02-06 04:21:18,553 INFO     Wrote output to trainNN/out/v049-finunified-3-ge1cb642:lstm-best-stride-4/config.json
2017-02-06 04:24:43,014 INFO     Saving network params to trainNN/out/v049-finunified-3-ge1cb642:lstm-best-stride-4/epoch-095.pkl
2017-02-06 04:24:47,222 INFO     epoch: 95 took 208.675s (0.005s in batching)
training loss:	0.510787
validation loss:	0.535257
validation error:	0.264562
2017-02-06 04:24:47,228 INFO     Wrote output to trainNN/out/v049-finunified-3-ge1cb642:lstm-best-stride-4/config.json
2017-02-06 04:28:13,449 INFO     Saving network params to trainNN/out/v049-finunified-3-ge1cb642:lstm-best-stride-4/epoch-096.pkl
2017-02-06 04:28:17,304 INFO     epoch: 96 took 210.082s (0.005s in batching)
training loss:	0.510638
validation loss:	0.533177
validation error:	0.265388
2017-02-06 04:28:17,310 INFO     Wrote output to trainNN/out/v049-finunified-3-ge1cb642:lstm-best-stride-4/config.json
2017-02-06 04:31:11,553 INFO     Saving network params to trainNN/out/v049-finunified-3-ge1cb642:lstm-best-stride-4/epoch-097.pkl
2017-02-06 04:31:14,923 INFO     epoch: 97 took 177.620s (0.005s in batching)
training loss:	0.510933
validation loss:	0.537139
validation error:	0.267504
2017-02-06 04:31:14,930 INFO     Wrote output to trainNN/out/v049-finunified-3-ge1cb642:lstm-best-stride-4/config.json
2017-02-06 04:34:08,229 INFO     Saving network params to trainNN/out/v049-finunified-3-ge1cb642:lstm-best-stride-4/epoch-098.pkl
2017-02-06 04:34:11,668 INFO     epoch: 98 took 176.744s (0.004s in batching)
training loss:	0.510608
validation loss:	0.532614
validation error:	0.263769
2017-02-06 04:34:11,674 INFO     Wrote output to trainNN/out/v049-finunified-3-ge1cb642:lstm-best-stride-4/config.json
2017-02-06 04:37:05,814 INFO     Saving network params to trainNN/out/v049-finunified-3-ge1cb642:lstm-best-stride-4/epoch-099.pkl
2017-02-06 04:37:08,966 INFO     epoch: 99 took 177.299s (0.004s in batching)
training loss:	0.510466
validation loss:	0.530167
validation error:	0.261256
2017-02-06 04:37:08,972 INFO     Wrote output to trainNN/out/v049-finunified-3-ge1cb642:lstm-best-stride-4/config.json
