2017-03-21 15:14:17,029 DEBUG    version=v050-finunified-60-g10e2ae6-dirty:lstm-best-features-power,pitch,ffv,word2vec_dim30_4M_clean
2017-03-21 15:14:18,994 DEBUG    extracting and saving data
2017-03-21 15:14:29,786 INFO     wrote to data/word2vec/4Mcleannoisefiltered-30.bin
2017-03-21 15:38:31,093 DEBUG    set input dim to 39
2017-03-21 15:38:31,122 DEBUG    input dim = 39
2017-03-21 15:38:31,146 DEBUG    loading data into ram
2017-03-21 15:38:31,473 DEBUG    loading data took 0.325s (cpu: 0.240s)
2017-03-21 15:38:32,756 DEBUG    set input dim to 39
2017-03-21 15:38:32,757 DEBUG    input dim = 39
2017-03-21 15:38:32,758 DEBUG    loading data into ram
2017-03-21 15:38:32,778 DEBUG    loading data took 0.020s (cpu: 0.019s)
2017-03-21 15:38:33,896 DEBUG    Applying L2 regularization with 0.000100
2017-03-21 15:38:33,985 INFO     Training network with 46027 trainable out of 46237 total params.
2017-03-21 15:38:44,713 DEBUG    Using adam with learning_rate=0.001000
2017-03-21 15:39:03,335 DEBUG    Starting training...
2017-03-21 15:39:40,391 INFO     Saving network params to trainNN/out/v050-finunified-60-g10e2ae6-dirty:lstm-best-features-power,pitch,ffv,word2vec_dim30_4M_clean/epoch-000.pkl
2017-03-21 15:39:45,884 INFO     epoch: 0 took 42.550s (9.154s in batching)
training loss:	0.603530
validation loss:	0.554998
validation error:	0.284615
2017-03-21 15:39:45,885 INFO     Wrote output to trainNN/out/v050-finunified-60-g10e2ae6-dirty:lstm-best-features-power,pitch,ffv,word2vec_dim30_4M_clean/config.json
2017-03-21 15:40:14,200 INFO     Saving network params to trainNN/out/v050-finunified-60-g10e2ae6-dirty:lstm-best-features-power,pitch,ffv,word2vec_dim30_4M_clean/epoch-001.pkl
2017-03-21 15:40:15,090 INFO     epoch: 1 took 29.206s (2.740s in batching)
training loss:	0.565055
validation loss:	0.541950
validation error:	0.274256
2017-03-21 15:40:15,091 INFO     Wrote output to trainNN/out/v050-finunified-60-g10e2ae6-dirty:lstm-best-features-power,pitch,ffv,word2vec_dim30_4M_clean/config.json
2017-03-21 15:40:43,469 INFO     Saving network params to trainNN/out/v050-finunified-60-g10e2ae6-dirty:lstm-best-features-power,pitch,ffv,word2vec_dim30_4M_clean/epoch-002.pkl
2017-03-21 15:40:44,329 INFO     epoch: 2 took 29.239s (2.744s in batching)
training loss:	0.554249
validation loss:	0.533085
validation error:	0.264615
2017-03-21 15:40:44,330 INFO     Wrote output to trainNN/out/v050-finunified-60-g10e2ae6-dirty:lstm-best-features-power,pitch,ffv,word2vec_dim30_4M_clean/config.json
2017-03-21 15:41:12,668 INFO     Saving network params to trainNN/out/v050-finunified-60-g10e2ae6-dirty:lstm-best-features-power,pitch,ffv,word2vec_dim30_4M_clean/epoch-003.pkl
2017-03-21 15:41:13,531 INFO     epoch: 3 took 29.202s (2.758s in batching)
training loss:	0.547621
validation loss:	0.530969
validation error:	0.259590
2017-03-21 15:41:13,532 INFO     Wrote output to trainNN/out/v050-finunified-60-g10e2ae6-dirty:lstm-best-features-power,pitch,ffv,word2vec_dim30_4M_clean/config.json
2017-03-21 15:41:41,781 INFO     Saving network params to trainNN/out/v050-finunified-60-g10e2ae6-dirty:lstm-best-features-power,pitch,ffv,word2vec_dim30_4M_clean/epoch-004.pkl
2017-03-21 15:41:42,644 INFO     epoch: 4 took 29.113s (2.708s in batching)
training loss:	0.541310
validation loss:	0.528728
validation error:	0.265231
2017-03-21 15:41:42,645 INFO     Wrote output to trainNN/out/v050-finunified-60-g10e2ae6-dirty:lstm-best-features-power,pitch,ffv,word2vec_dim30_4M_clean/config.json
2017-03-21 15:42:10,951 INFO     Saving network params to trainNN/out/v050-finunified-60-g10e2ae6-dirty:lstm-best-features-power,pitch,ffv,word2vec_dim30_4M_clean/epoch-005.pkl
2017-03-21 15:42:11,811 INFO     epoch: 5 took 29.167s (2.718s in batching)
training loss:	0.537613
validation loss:	0.522634
validation error:	0.257333
2017-03-21 15:42:11,812 INFO     Wrote output to trainNN/out/v050-finunified-60-g10e2ae6-dirty:lstm-best-features-power,pitch,ffv,word2vec_dim30_4M_clean/config.json
2017-03-21 15:42:40,739 INFO     Saving network params to trainNN/out/v050-finunified-60-g10e2ae6-dirty:lstm-best-features-power,pitch,ffv,word2vec_dim30_4M_clean/epoch-006.pkl
2017-03-21 15:42:41,619 INFO     epoch: 6 took 29.808s (2.851s in batching)
training loss:	0.533457
validation loss:	0.519105
validation error:	0.254564
2017-03-21 15:42:41,620 INFO     Wrote output to trainNN/out/v050-finunified-60-g10e2ae6-dirty:lstm-best-features-power,pitch,ffv,word2vec_dim30_4M_clean/config.json
2017-03-21 15:43:10,853 INFO     Saving network params to trainNN/out/v050-finunified-60-g10e2ae6-dirty:lstm-best-features-power,pitch,ffv,word2vec_dim30_4M_clean/epoch-007.pkl
2017-03-21 15:43:11,720 INFO     epoch: 7 took 30.101s (2.891s in batching)
training loss:	0.528563
validation loss:	0.519878
validation error:	0.253436
2017-03-21 15:43:11,721 INFO     Wrote output to trainNN/out/v050-finunified-60-g10e2ae6-dirty:lstm-best-features-power,pitch,ffv,word2vec_dim30_4M_clean/config.json
2017-03-21 15:43:40,464 INFO     Saving network params to trainNN/out/v050-finunified-60-g10e2ae6-dirty:lstm-best-features-power,pitch,ffv,word2vec_dim30_4M_clean/epoch-008.pkl
2017-03-21 15:43:41,359 INFO     epoch: 8 took 29.639s (2.786s in batching)
training loss:	0.525656
validation loss:	0.528315
validation error:	0.254974
2017-03-21 15:43:41,359 INFO     Wrote output to trainNN/out/v050-finunified-60-g10e2ae6-dirty:lstm-best-features-power,pitch,ffv,word2vec_dim30_4M_clean/config.json
2017-03-21 15:44:10,411 INFO     Saving network params to trainNN/out/v050-finunified-60-g10e2ae6-dirty:lstm-best-features-power,pitch,ffv,word2vec_dim30_4M_clean/epoch-009.pkl
2017-03-21 15:44:11,300 INFO     epoch: 9 took 29.941s (2.864s in batching)
training loss:	0.523400
validation loss:	0.513875
validation error:	0.251795
2017-03-21 15:44:11,301 INFO     Wrote output to trainNN/out/v050-finunified-60-g10e2ae6-dirty:lstm-best-features-power,pitch,ffv,word2vec_dim30_4M_clean/config.json
2017-03-21 15:44:39,930 INFO     Saving network params to trainNN/out/v050-finunified-60-g10e2ae6-dirty:lstm-best-features-power,pitch,ffv,word2vec_dim30_4M_clean/epoch-010.pkl
2017-03-21 15:44:40,846 INFO     epoch: 10 took 29.546s (2.774s in batching)
training loss:	0.520193
validation loss:	0.509550
validation error:	0.247179
2017-03-21 15:44:40,846 INFO     Wrote output to trainNN/out/v050-finunified-60-g10e2ae6-dirty:lstm-best-features-power,pitch,ffv,word2vec_dim30_4M_clean/config.json
2017-03-21 15:45:10,186 INFO     Saving network params to trainNN/out/v050-finunified-60-g10e2ae6-dirty:lstm-best-features-power,pitch,ffv,word2vec_dim30_4M_clean/epoch-011.pkl
2017-03-21 15:45:11,153 INFO     epoch: 11 took 30.308s (2.869s in batching)
training loss:	0.518211
validation loss:	0.510712
validation error:	0.243282
2017-03-21 15:45:11,154 INFO     Wrote output to trainNN/out/v050-finunified-60-g10e2ae6-dirty:lstm-best-features-power,pitch,ffv,word2vec_dim30_4M_clean/config.json
2017-03-21 15:45:40,203 INFO     Saving network params to trainNN/out/v050-finunified-60-g10e2ae6-dirty:lstm-best-features-power,pitch,ffv,word2vec_dim30_4M_clean/epoch-012.pkl
2017-03-21 15:45:41,092 INFO     epoch: 12 took 29.939s (2.801s in batching)
training loss:	0.516139
validation loss:	0.508582
validation error:	0.244615
2017-03-21 15:45:41,093 INFO     Wrote output to trainNN/out/v050-finunified-60-g10e2ae6-dirty:lstm-best-features-power,pitch,ffv,word2vec_dim30_4M_clean/config.json
2017-03-21 15:46:09,787 INFO     Saving network params to trainNN/out/v050-finunified-60-g10e2ae6-dirty:lstm-best-features-power,pitch,ffv,word2vec_dim30_4M_clean/epoch-013.pkl
2017-03-21 15:46:10,660 INFO     epoch: 13 took 29.567s (2.764s in batching)
training loss:	0.514887
validation loss:	0.507793
validation error:	0.244205
2017-03-21 15:46:10,661 INFO     Wrote output to trainNN/out/v050-finunified-60-g10e2ae6-dirty:lstm-best-features-power,pitch,ffv,word2vec_dim30_4M_clean/config.json
2017-03-21 15:46:39,918 INFO     Saving network params to trainNN/out/v050-finunified-60-g10e2ae6-dirty:lstm-best-features-power,pitch,ffv,word2vec_dim30_4M_clean/epoch-014.pkl
2017-03-21 15:46:40,802 INFO     epoch: 14 took 30.142s (2.855s in batching)
training loss:	0.512625
validation loss:	0.506092
validation error:	0.244821
2017-03-21 15:46:40,803 INFO     Wrote output to trainNN/out/v050-finunified-60-g10e2ae6-dirty:lstm-best-features-power,pitch,ffv,word2vec_dim30_4M_clean/config.json
2017-03-21 15:47:10,268 INFO     Saving network params to trainNN/out/v050-finunified-60-g10e2ae6-dirty:lstm-best-features-power,pitch,ffv,word2vec_dim30_4M_clean/epoch-015.pkl
2017-03-21 15:47:11,149 INFO     epoch: 15 took 30.347s (2.882s in batching)
training loss:	0.511063
validation loss:	0.507172
validation error:	0.242256
2017-03-21 15:47:11,150 INFO     Wrote output to trainNN/out/v050-finunified-60-g10e2ae6-dirty:lstm-best-features-power,pitch,ffv,word2vec_dim30_4M_clean/config.json
2017-03-21 15:47:39,929 INFO     Saving network params to trainNN/out/v050-finunified-60-g10e2ae6-dirty:lstm-best-features-power,pitch,ffv,word2vec_dim30_4M_clean/epoch-016.pkl
2017-03-21 15:47:40,845 INFO     epoch: 16 took 29.696s (2.781s in batching)
training loss:	0.509118
validation loss:	0.505766
validation error:	0.242462
2017-03-21 15:47:40,846 INFO     Wrote output to trainNN/out/v050-finunified-60-g10e2ae6-dirty:lstm-best-features-power,pitch,ffv,word2vec_dim30_4M_clean/config.json
2017-03-21 15:48:09,926 INFO     Saving network params to trainNN/out/v050-finunified-60-g10e2ae6-dirty:lstm-best-features-power,pitch,ffv,word2vec_dim30_4M_clean/epoch-017.pkl
2017-03-21 15:48:10,805 INFO     epoch: 17 took 29.960s (2.816s in batching)
training loss:	0.508682
validation loss:	0.504741
validation error:	0.242564
2017-03-21 15:48:10,806 INFO     Wrote output to trainNN/out/v050-finunified-60-g10e2ae6-dirty:lstm-best-features-power,pitch,ffv,word2vec_dim30_4M_clean/config.json
2017-03-21 15:48:39,793 INFO     Saving network params to trainNN/out/v050-finunified-60-g10e2ae6-dirty:lstm-best-features-power,pitch,ffv,word2vec_dim30_4M_clean/epoch-018.pkl
2017-03-21 15:48:40,709 INFO     epoch: 18 took 29.904s (2.839s in batching)
training loss:	0.508156
validation loss:	0.506952
validation error:	0.240821
2017-03-21 15:48:40,710 INFO     Wrote output to trainNN/out/v050-finunified-60-g10e2ae6-dirty:lstm-best-features-power,pitch,ffv,word2vec_dim30_4M_clean/config.json
2017-03-21 15:49:09,826 INFO     Saving network params to trainNN/out/v050-finunified-60-g10e2ae6-dirty:lstm-best-features-power,pitch,ffv,word2vec_dim30_4M_clean/epoch-019.pkl
2017-03-21 15:49:10,680 INFO     epoch: 19 took 29.970s (2.868s in batching)
training loss:	0.506722
validation loss:	0.504306
validation error:	0.242974
2017-03-21 15:49:10,681 INFO     Wrote output to trainNN/out/v050-finunified-60-g10e2ae6-dirty:lstm-best-features-power,pitch,ffv,word2vec_dim30_4M_clean/config.json
2017-03-21 15:49:39,528 INFO     Saving network params to trainNN/out/v050-finunified-60-g10e2ae6-dirty:lstm-best-features-power,pitch,ffv,word2vec_dim30_4M_clean/epoch-020.pkl
2017-03-21 15:49:40,398 INFO     epoch: 20 took 29.719s (2.817s in batching)
training loss:	0.505957
validation loss:	0.502915
validation error:	0.238769
2017-03-21 15:49:40,399 INFO     Wrote output to trainNN/out/v050-finunified-60-g10e2ae6-dirty:lstm-best-features-power,pitch,ffv,word2vec_dim30_4M_clean/config.json
2017-03-21 15:50:08,870 INFO     Saving network params to trainNN/out/v050-finunified-60-g10e2ae6-dirty:lstm-best-features-power,pitch,ffv,word2vec_dim30_4M_clean/epoch-021.pkl
2017-03-21 15:50:09,723 INFO     epoch: 21 took 29.324s (2.733s in batching)
training loss:	0.505628
validation loss:	0.503301
validation error:	0.239795
2017-03-21 15:50:09,724 INFO     Wrote output to trainNN/out/v050-finunified-60-g10e2ae6-dirty:lstm-best-features-power,pitch,ffv,word2vec_dim30_4M_clean/config.json
2017-03-21 15:50:38,579 INFO     Saving network params to trainNN/out/v050-finunified-60-g10e2ae6-dirty:lstm-best-features-power,pitch,ffv,word2vec_dim30_4M_clean/epoch-022.pkl
2017-03-21 15:50:39,482 INFO     epoch: 22 took 29.760s (2.800s in batching)
training loss:	0.503411
validation loss:	0.505543
validation error:	0.246872
2017-03-21 15:50:39,484 INFO     Wrote output to trainNN/out/v050-finunified-60-g10e2ae6-dirty:lstm-best-features-power,pitch,ffv,word2vec_dim30_4M_clean/config.json
2017-03-21 15:51:08,794 INFO     Saving network params to trainNN/out/v050-finunified-60-g10e2ae6-dirty:lstm-best-features-power,pitch,ffv,word2vec_dim30_4M_clean/epoch-023.pkl
2017-03-21 15:51:09,659 INFO     epoch: 23 took 30.177s (2.862s in batching)
training loss:	0.503147
validation loss:	0.501741
validation error:	0.240205
2017-03-21 15:51:09,661 INFO     Wrote output to trainNN/out/v050-finunified-60-g10e2ae6-dirty:lstm-best-features-power,pitch,ffv,word2vec_dim30_4M_clean/config.json
2017-03-21 15:51:38,755 INFO     Saving network params to trainNN/out/v050-finunified-60-g10e2ae6-dirty:lstm-best-features-power,pitch,ffv,word2vec_dim30_4M_clean/epoch-024.pkl
2017-03-21 15:51:39,628 INFO     epoch: 24 took 29.968s (2.847s in batching)
training loss:	0.501891
validation loss:	0.506969
validation error:	0.240615
2017-03-21 15:51:39,629 INFO     Wrote output to trainNN/out/v050-finunified-60-g10e2ae6-dirty:lstm-best-features-power,pitch,ffv,word2vec_dim30_4M_clean/config.json
2017-03-21 15:52:08,623 INFO     Saving network params to trainNN/out/v050-finunified-60-g10e2ae6-dirty:lstm-best-features-power,pitch,ffv,word2vec_dim30_4M_clean/epoch-025.pkl
2017-03-21 15:52:09,553 INFO     epoch: 25 took 29.925s (2.805s in batching)
training loss:	0.501436
validation loss:	0.506524
validation error:	0.236308
2017-03-21 15:52:09,554 INFO     Wrote output to trainNN/out/v050-finunified-60-g10e2ae6-dirty:lstm-best-features-power,pitch,ffv,word2vec_dim30_4M_clean/config.json
2017-03-21 15:52:38,629 INFO     Saving network params to trainNN/out/v050-finunified-60-g10e2ae6-dirty:lstm-best-features-power,pitch,ffv,word2vec_dim30_4M_clean/epoch-026.pkl
2017-03-21 15:52:39,525 INFO     epoch: 26 took 29.972s (2.837s in batching)
training loss:	0.501130
validation loss:	0.498253
validation error:	0.234564
2017-03-21 15:52:39,527 INFO     Wrote output to trainNN/out/v050-finunified-60-g10e2ae6-dirty:lstm-best-features-power,pitch,ffv,word2vec_dim30_4M_clean/config.json
2017-03-21 15:53:08,730 INFO     Saving network params to trainNN/out/v050-finunified-60-g10e2ae6-dirty:lstm-best-features-power,pitch,ffv,word2vec_dim30_4M_clean/epoch-027.pkl
2017-03-21 15:53:09,639 INFO     epoch: 27 took 30.114s (2.854s in batching)
training loss:	0.499695
validation loss:	0.505503
validation error:	0.241744
2017-03-21 15:53:09,640 INFO     Wrote output to trainNN/out/v050-finunified-60-g10e2ae6-dirty:lstm-best-features-power,pitch,ffv,word2vec_dim30_4M_clean/config.json
2017-03-21 15:53:38,580 INFO     Saving network params to trainNN/out/v050-finunified-60-g10e2ae6-dirty:lstm-best-features-power,pitch,ffv,word2vec_dim30_4M_clean/epoch-028.pkl
2017-03-21 15:53:39,439 INFO     epoch: 28 took 29.800s (2.802s in batching)
training loss:	0.498693
validation loss:	0.501705
validation error:	0.239385
2017-03-21 15:53:39,440 INFO     Wrote output to trainNN/out/v050-finunified-60-g10e2ae6-dirty:lstm-best-features-power,pitch,ffv,word2vec_dim30_4M_clean/config.json
2017-03-21 15:54:08,848 INFO     Saving network params to trainNN/out/v050-finunified-60-g10e2ae6-dirty:lstm-best-features-power,pitch,ffv,word2vec_dim30_4M_clean/epoch-029.pkl
2017-03-21 15:54:09,776 INFO     epoch: 29 took 30.337s (2.874s in batching)
training loss:	0.498167
validation loss:	0.505438
validation error:	0.240821
2017-03-21 15:54:09,777 INFO     Wrote output to trainNN/out/v050-finunified-60-g10e2ae6-dirty:lstm-best-features-power,pitch,ffv,word2vec_dim30_4M_clean/config.json
2017-03-21 15:54:38,961 INFO     Saving network params to trainNN/out/v050-finunified-60-g10e2ae6-dirty:lstm-best-features-power,pitch,ffv,word2vec_dim30_4M_clean/epoch-030.pkl
2017-03-21 15:54:39,876 INFO     epoch: 30 took 30.100s (2.814s in batching)
training loss:	0.497161
validation loss:	0.506550
validation error:	0.240000
2017-03-21 15:54:39,878 INFO     Wrote output to trainNN/out/v050-finunified-60-g10e2ae6-dirty:lstm-best-features-power,pitch,ffv,word2vec_dim30_4M_clean/config.json
2017-03-21 15:55:08,870 INFO     Saving network params to trainNN/out/v050-finunified-60-g10e2ae6-dirty:lstm-best-features-power,pitch,ffv,word2vec_dim30_4M_clean/epoch-031.pkl
2017-03-21 15:55:09,756 INFO     epoch: 31 took 29.879s (2.811s in batching)
training loss:	0.498070
validation loss:	0.500109
validation error:	0.236410
2017-03-21 15:55:09,757 INFO     Wrote output to trainNN/out/v050-finunified-60-g10e2ae6-dirty:lstm-best-features-power,pitch,ffv,word2vec_dim30_4M_clean/config.json
2017-03-21 15:55:38,596 INFO     Saving network params to trainNN/out/v050-finunified-60-g10e2ae6-dirty:lstm-best-features-power,pitch,ffv,word2vec_dim30_4M_clean/epoch-032.pkl
2017-03-21 15:55:39,484 INFO     epoch: 32 took 29.729s (2.781s in batching)
training loss:	0.496999
validation loss:	0.502844
validation error:	0.239077
2017-03-21 15:55:39,485 INFO     Wrote output to trainNN/out/v050-finunified-60-g10e2ae6-dirty:lstm-best-features-power,pitch,ffv,word2vec_dim30_4M_clean/config.json
2017-03-21 15:56:09,130 INFO     Saving network params to trainNN/out/v050-finunified-60-g10e2ae6-dirty:lstm-best-features-power,pitch,ffv,word2vec_dim30_4M_clean/epoch-033.pkl
2017-03-21 15:56:10,010 INFO     epoch: 33 took 30.526s (2.898s in batching)
training loss:	0.496629
validation loss:	0.498853
validation error:	0.231795
2017-03-21 15:56:10,011 INFO     Wrote output to trainNN/out/v050-finunified-60-g10e2ae6-dirty:lstm-best-features-power,pitch,ffv,word2vec_dim30_4M_clean/config.json
2017-03-21 15:56:38,737 INFO     Saving network params to trainNN/out/v050-finunified-60-g10e2ae6-dirty:lstm-best-features-power,pitch,ffv,word2vec_dim30_4M_clean/epoch-034.pkl
2017-03-21 15:56:39,615 INFO     epoch: 34 took 29.605s (2.762s in batching)
training loss:	0.495519
validation loss:	0.501519
validation error:	0.239795
2017-03-21 15:56:39,617 INFO     Wrote output to trainNN/out/v050-finunified-60-g10e2ae6-dirty:lstm-best-features-power,pitch,ffv,word2vec_dim30_4M_clean/config.json
2017-03-21 15:57:08,805 INFO     Saving network params to trainNN/out/v050-finunified-60-g10e2ae6-dirty:lstm-best-features-power,pitch,ffv,word2vec_dim30_4M_clean/epoch-035.pkl
2017-03-21 15:57:09,705 INFO     epoch: 35 took 30.090s (2.846s in batching)
training loss:	0.494929
validation loss:	0.504183
validation error:	0.240615
2017-03-21 15:57:09,707 INFO     Wrote output to trainNN/out/v050-finunified-60-g10e2ae6-dirty:lstm-best-features-power,pitch,ffv,word2vec_dim30_4M_clean/config.json
2017-03-21 15:57:39,641 INFO     Saving network params to trainNN/out/v050-finunified-60-g10e2ae6-dirty:lstm-best-features-power,pitch,ffv,word2vec_dim30_4M_clean/epoch-036.pkl
2017-03-21 15:57:40,646 INFO     epoch: 36 took 30.941s (2.928s in batching)
training loss:	0.493889
validation loss:	0.500727
validation error:	0.237641
2017-03-21 15:57:40,648 INFO     Wrote output to trainNN/out/v050-finunified-60-g10e2ae6-dirty:lstm-best-features-power,pitch,ffv,word2vec_dim30_4M_clean/config.json
2017-03-21 15:58:09,849 INFO     Saving network params to trainNN/out/v050-finunified-60-g10e2ae6-dirty:lstm-best-features-power,pitch,ffv,word2vec_dim30_4M_clean/epoch-037.pkl
2017-03-21 15:58:10,785 INFO     epoch: 37 took 30.139s (2.837s in batching)
training loss:	0.493446
validation loss:	0.500550
validation error:	0.239179
2017-03-21 15:58:10,786 INFO     Wrote output to trainNN/out/v050-finunified-60-g10e2ae6-dirty:lstm-best-features-power,pitch,ffv,word2vec_dim30_4M_clean/config.json
2017-03-21 15:58:39,696 INFO     Saving network params to trainNN/out/v050-finunified-60-g10e2ae6-dirty:lstm-best-features-power,pitch,ffv,word2vec_dim30_4M_clean/epoch-038.pkl
2017-03-21 15:58:40,622 INFO     epoch: 38 took 29.837s (2.780s in batching)
training loss:	0.492817
validation loss:	0.501910
validation error:	0.238974
2017-03-21 15:58:40,623 INFO     Wrote output to trainNN/out/v050-finunified-60-g10e2ae6-dirty:lstm-best-features-power,pitch,ffv,word2vec_dim30_4M_clean/config.json
2017-03-21 15:59:10,489 INFO     Saving network params to trainNN/out/v050-finunified-60-g10e2ae6-dirty:lstm-best-features-power,pitch,ffv,word2vec_dim30_4M_clean/epoch-039.pkl
2017-03-21 15:59:11,436 INFO     epoch: 39 took 30.814s (2.936s in batching)
training loss:	0.492160
validation loss:	0.500023
validation error:	0.238974
2017-03-21 15:59:11,437 INFO     Wrote output to trainNN/out/v050-finunified-60-g10e2ae6-dirty:lstm-best-features-power,pitch,ffv,word2vec_dim30_4M_clean/config.json
2017-03-21 15:59:40,586 INFO     Saving network params to trainNN/out/v050-finunified-60-g10e2ae6-dirty:lstm-best-features-power,pitch,ffv,word2vec_dim30_4M_clean/epoch-040.pkl
2017-03-21 15:59:41,461 INFO     epoch: 40 took 30.025s (2.845s in batching)
training loss:	0.490668
validation loss:	0.504794
validation error:	0.239590
2017-03-21 15:59:41,462 INFO     Wrote output to trainNN/out/v050-finunified-60-g10e2ae6-dirty:lstm-best-features-power,pitch,ffv,word2vec_dim30_4M_clean/config.json
2017-03-21 16:00:11,166 INFO     Saving network params to trainNN/out/v050-finunified-60-g10e2ae6-dirty:lstm-best-features-power,pitch,ffv,word2vec_dim30_4M_clean/epoch-041.pkl
2017-03-21 16:00:12,096 INFO     epoch: 41 took 30.635s (2.840s in batching)
training loss:	0.491126
validation loss:	0.506341
validation error:	0.240103
2017-03-21 16:00:12,097 INFO     Wrote output to trainNN/out/v050-finunified-60-g10e2ae6-dirty:lstm-best-features-power,pitch,ffv,word2vec_dim30_4M_clean/config.json
2017-03-21 16:00:41,576 INFO     Saving network params to trainNN/out/v050-finunified-60-g10e2ae6-dirty:lstm-best-features-power,pitch,ffv,word2vec_dim30_4M_clean/epoch-042.pkl
2017-03-21 16:00:42,432 INFO     epoch: 42 took 30.336s (2.878s in batching)
training loss:	0.490443
validation loss:	0.501223
validation error:	0.236205
2017-03-21 16:00:42,433 INFO     Wrote output to trainNN/out/v050-finunified-60-g10e2ae6-dirty:lstm-best-features-power,pitch,ffv,word2vec_dim30_4M_clean/config.json
2017-03-21 16:01:12,053 INFO     Saving network params to trainNN/out/v050-finunified-60-g10e2ae6-dirty:lstm-best-features-power,pitch,ffv,word2vec_dim30_4M_clean/epoch-043.pkl
2017-03-21 16:01:13,121 INFO     epoch: 43 took 30.689s (2.884s in batching)
training loss:	0.489646
validation loss:	0.504946
validation error:	0.240308
2017-03-21 16:01:13,166 INFO     Wrote output to trainNN/out/v050-finunified-60-g10e2ae6-dirty:lstm-best-features-power,pitch,ffv,word2vec_dim30_4M_clean/config.json
2017-03-21 16:01:42,359 INFO     Saving network params to trainNN/out/v050-finunified-60-g10e2ae6-dirty:lstm-best-features-power,pitch,ffv,word2vec_dim30_4M_clean/epoch-044.pkl
2017-03-21 16:01:43,256 INFO     epoch: 44 took 30.135s (2.859s in batching)
training loss:	0.488774
validation loss:	0.497916
validation error:	0.237949
2017-03-21 16:01:43,257 INFO     Wrote output to trainNN/out/v050-finunified-60-g10e2ae6-dirty:lstm-best-features-power,pitch,ffv,word2vec_dim30_4M_clean/config.json
2017-03-21 16:02:12,814 INFO     Saving network params to trainNN/out/v050-finunified-60-g10e2ae6-dirty:lstm-best-features-power,pitch,ffv,word2vec_dim30_4M_clean/epoch-045.pkl
2017-03-21 16:02:13,695 INFO     epoch: 45 took 30.439s (2.865s in batching)
training loss:	0.488224
validation loss:	0.505331
validation error:	0.239897
2017-03-21 16:02:13,696 INFO     Wrote output to trainNN/out/v050-finunified-60-g10e2ae6-dirty:lstm-best-features-power,pitch,ffv,word2vec_dim30_4M_clean/config.json
2017-03-21 16:02:42,807 INFO     Saving network params to trainNN/out/v050-finunified-60-g10e2ae6-dirty:lstm-best-features-power,pitch,ffv,word2vec_dim30_4M_clean/epoch-046.pkl
2017-03-21 16:02:43,707 INFO     epoch: 46 took 30.013s (2.817s in batching)
training loss:	0.487625
validation loss:	0.499781
validation error:	0.239282
2017-03-21 16:02:43,709 INFO     Wrote output to trainNN/out/v050-finunified-60-g10e2ae6-dirty:lstm-best-features-power,pitch,ffv,word2vec_dim30_4M_clean/config.json
2017-03-21 16:03:12,462 INFO     Saving network params to trainNN/out/v050-finunified-60-g10e2ae6-dirty:lstm-best-features-power,pitch,ffv,word2vec_dim30_4M_clean/epoch-047.pkl
2017-03-21 16:03:13,331 INFO     epoch: 47 took 29.623s (2.776s in batching)
training loss:	0.486625
validation loss:	0.502125
validation error:	0.243077
2017-03-21 16:03:13,332 INFO     Wrote output to trainNN/out/v050-finunified-60-g10e2ae6-dirty:lstm-best-features-power,pitch,ffv,word2vec_dim30_4M_clean/config.json
2017-03-21 16:03:42,319 INFO     Saving network params to trainNN/out/v050-finunified-60-g10e2ae6-dirty:lstm-best-features-power,pitch,ffv,word2vec_dim30_4M_clean/epoch-048.pkl
2017-03-21 16:03:43,199 INFO     epoch: 48 took 29.869s (2.815s in batching)
training loss:	0.486447
validation loss:	0.504377
validation error:	0.239385
2017-03-21 16:03:43,201 INFO     Wrote output to trainNN/out/v050-finunified-60-g10e2ae6-dirty:lstm-best-features-power,pitch,ffv,word2vec_dim30_4M_clean/config.json
2017-03-21 16:04:12,765 INFO     Saving network params to trainNN/out/v050-finunified-60-g10e2ae6-dirty:lstm-best-features-power,pitch,ffv,word2vec_dim30_4M_clean/epoch-049.pkl
2017-03-21 16:04:13,713 INFO     epoch: 49 took 30.514s (2.893s in batching)
training loss:	0.485119
validation loss:	0.499449
validation error:	0.237231
2017-03-21 16:04:13,714 INFO     Wrote output to trainNN/out/v050-finunified-60-g10e2ae6-dirty:lstm-best-features-power,pitch,ffv,word2vec_dim30_4M_clean/config.json
2017-03-21 16:04:42,974 INFO     Saving network params to trainNN/out/v050-finunified-60-g10e2ae6-dirty:lstm-best-features-power,pitch,ffv,word2vec_dim30_4M_clean/epoch-050.pkl
2017-03-21 16:04:43,912 INFO     epoch: 50 took 30.199s (2.860s in batching)
training loss:	0.484686
validation loss:	0.500554
validation error:	0.242974
2017-03-21 16:04:43,913 INFO     Wrote output to trainNN/out/v050-finunified-60-g10e2ae6-dirty:lstm-best-features-power,pitch,ffv,word2vec_dim30_4M_clean/config.json
2017-03-21 16:05:12,933 INFO     Saving network params to trainNN/out/v050-finunified-60-g10e2ae6-dirty:lstm-best-features-power,pitch,ffv,word2vec_dim30_4M_clean/epoch-051.pkl
2017-03-21 16:05:13,822 INFO     epoch: 51 took 29.910s (2.804s in batching)
training loss:	0.483694
validation loss:	0.508266
validation error:	0.245538
2017-03-21 16:05:13,824 INFO     Wrote output to trainNN/out/v050-finunified-60-g10e2ae6-dirty:lstm-best-features-power,pitch,ffv,word2vec_dim30_4M_clean/config.json
2017-03-21 16:05:42,922 INFO     Saving network params to trainNN/out/v050-finunified-60-g10e2ae6-dirty:lstm-best-features-power,pitch,ffv,word2vec_dim30_4M_clean/epoch-052.pkl
2017-03-21 16:05:43,785 INFO     epoch: 52 took 29.963s (2.826s in batching)
training loss:	0.484766
validation loss:	0.506042
validation error:	0.242667
2017-03-21 16:05:43,786 INFO     Wrote output to trainNN/out/v050-finunified-60-g10e2ae6-dirty:lstm-best-features-power,pitch,ffv,word2vec_dim30_4M_clean/config.json
2017-03-21 16:06:12,829 INFO     Saving network params to trainNN/out/v050-finunified-60-g10e2ae6-dirty:lstm-best-features-power,pitch,ffv,word2vec_dim30_4M_clean/epoch-053.pkl
2017-03-21 16:06:13,709 INFO     epoch: 53 took 29.925s (2.840s in batching)
training loss:	0.483069
validation loss:	0.505971
validation error:	0.241436
2017-03-21 16:06:13,711 INFO     Wrote output to trainNN/out/v050-finunified-60-g10e2ae6-dirty:lstm-best-features-power,pitch,ffv,word2vec_dim30_4M_clean/config.json
2017-03-21 16:06:42,140 INFO     Saving network params to trainNN/out/v050-finunified-60-g10e2ae6-dirty:lstm-best-features-power,pitch,ffv,word2vec_dim30_4M_clean/epoch-054.pkl
2017-03-21 16:06:43,007 INFO     epoch: 54 took 29.298s (2.753s in batching)
training loss:	0.485296
validation loss:	0.504226
validation error:	0.239590
2017-03-21 16:06:43,009 INFO     Wrote output to trainNN/out/v050-finunified-60-g10e2ae6-dirty:lstm-best-features-power,pitch,ffv,word2vec_dim30_4M_clean/config.json
2017-03-21 16:07:11,759 INFO     Saving network params to trainNN/out/v050-finunified-60-g10e2ae6-dirty:lstm-best-features-power,pitch,ffv,word2vec_dim30_4M_clean/epoch-055.pkl
2017-03-21 16:07:12,656 INFO     epoch: 55 took 29.648s (2.773s in batching)
training loss:	0.482003
validation loss:	0.503707
validation error:	0.240103
2017-03-21 16:07:12,657 INFO     Wrote output to trainNN/out/v050-finunified-60-g10e2ae6-dirty:lstm-best-features-power,pitch,ffv,word2vec_dim30_4M_clean/config.json
2017-03-21 16:07:41,315 INFO     Saving network params to trainNN/out/v050-finunified-60-g10e2ae6-dirty:lstm-best-features-power,pitch,ffv,word2vec_dim30_4M_clean/epoch-056.pkl
2017-03-21 16:07:42,174 INFO     epoch: 56 took 29.518s (2.778s in batching)
training loss:	0.480890
validation loss:	0.505988
validation error:	0.238974
2017-03-21 16:07:42,175 INFO     Wrote output to trainNN/out/v050-finunified-60-g10e2ae6-dirty:lstm-best-features-power,pitch,ffv,word2vec_dim30_4M_clean/config.json
2017-03-21 16:08:11,237 INFO     Saving network params to trainNN/out/v050-finunified-60-g10e2ae6-dirty:lstm-best-features-power,pitch,ffv,word2vec_dim30_4M_clean/epoch-057.pkl
2017-03-21 16:08:12,095 INFO     epoch: 57 took 29.921s (2.819s in batching)
training loss:	0.480513
validation loss:	0.503636
validation error:	0.240513
2017-03-21 16:08:12,097 INFO     Wrote output to trainNN/out/v050-finunified-60-g10e2ae6-dirty:lstm-best-features-power,pitch,ffv,word2vec_dim30_4M_clean/config.json
2017-03-21 16:08:40,715 INFO     Saving network params to trainNN/out/v050-finunified-60-g10e2ae6-dirty:lstm-best-features-power,pitch,ffv,word2vec_dim30_4M_clean/epoch-058.pkl
2017-03-21 16:08:41,591 INFO     epoch: 58 took 29.496s (2.772s in batching)
training loss:	0.480143
validation loss:	0.509360
validation error:	0.242154
2017-03-21 16:08:41,593 INFO     Wrote output to trainNN/out/v050-finunified-60-g10e2ae6-dirty:lstm-best-features-power,pitch,ffv,word2vec_dim30_4M_clean/config.json
2017-03-21 16:09:10,210 INFO     Saving network params to trainNN/out/v050-finunified-60-g10e2ae6-dirty:lstm-best-features-power,pitch,ffv,word2vec_dim30_4M_clean/epoch-059.pkl
2017-03-21 16:09:11,110 INFO     epoch: 59 took 29.519s (2.753s in batching)
training loss:	0.479436
validation loss:	0.510309
validation error:	0.243897
2017-03-21 16:09:11,111 INFO     Wrote output to trainNN/out/v050-finunified-60-g10e2ae6-dirty:lstm-best-features-power,pitch,ffv,word2vec_dim30_4M_clean/config.json
2017-03-21 16:09:40,235 INFO     Saving network params to trainNN/out/v050-finunified-60-g10e2ae6-dirty:lstm-best-features-power,pitch,ffv,word2vec_dim30_4M_clean/epoch-060.pkl
2017-03-21 16:09:41,108 INFO     epoch: 60 took 29.999s (2.810s in batching)
training loss:	0.478518
validation loss:	0.510448
validation error:	0.242872
2017-03-21 16:09:41,110 INFO     Wrote output to trainNN/out/v050-finunified-60-g10e2ae6-dirty:lstm-best-features-power,pitch,ffv,word2vec_dim30_4M_clean/config.json
2017-03-21 16:10:09,560 INFO     Saving network params to trainNN/out/v050-finunified-60-g10e2ae6-dirty:lstm-best-features-power,pitch,ffv,word2vec_dim30_4M_clean/epoch-061.pkl
2017-03-21 16:10:10,412 INFO     epoch: 61 took 29.303s (2.767s in batching)
training loss:	0.478403
validation loss:	0.504780
validation error:	0.241846
2017-03-21 16:10:10,413 INFO     Wrote output to trainNN/out/v050-finunified-60-g10e2ae6-dirty:lstm-best-features-power,pitch,ffv,word2vec_dim30_4M_clean/config.json
2017-03-21 16:10:38,819 INFO     Saving network params to trainNN/out/v050-finunified-60-g10e2ae6-dirty:lstm-best-features-power,pitch,ffv,word2vec_dim30_4M_clean/epoch-062.pkl
2017-03-21 16:10:39,674 INFO     epoch: 62 took 29.263s (2.751s in batching)
training loss:	0.477293
validation loss:	0.508156
validation error:	0.240615
2017-03-21 16:10:39,676 INFO     Wrote output to trainNN/out/v050-finunified-60-g10e2ae6-dirty:lstm-best-features-power,pitch,ffv,word2vec_dim30_4M_clean/config.json
2017-03-21 16:11:08,322 INFO     Saving network params to trainNN/out/v050-finunified-60-g10e2ae6-dirty:lstm-best-features-power,pitch,ffv,word2vec_dim30_4M_clean/epoch-063.pkl
2017-03-21 16:11:09,204 INFO     epoch: 63 took 29.530s (2.789s in batching)
training loss:	0.477248
validation loss:	0.511930
validation error:	0.244923
2017-03-21 16:11:09,206 INFO     Wrote output to trainNN/out/v050-finunified-60-g10e2ae6-dirty:lstm-best-features-power,pitch,ffv,word2vec_dim30_4M_clean/config.json
2017-03-21 16:11:37,970 INFO     Saving network params to trainNN/out/v050-finunified-60-g10e2ae6-dirty:lstm-best-features-power,pitch,ffv,word2vec_dim30_4M_clean/epoch-064.pkl
2017-03-21 16:11:38,832 INFO     epoch: 64 took 29.628s (2.762s in batching)
training loss:	0.476155
validation loss:	0.509234
validation error:	0.241436
2017-03-21 16:11:38,834 INFO     Wrote output to trainNN/out/v050-finunified-60-g10e2ae6-dirty:lstm-best-features-power,pitch,ffv,word2vec_dim30_4M_clean/config.json
2017-03-21 16:12:08,466 INFO     Saving network params to trainNN/out/v050-finunified-60-g10e2ae6-dirty:lstm-best-features-power,pitch,ffv,word2vec_dim30_4M_clean/epoch-065.pkl
2017-03-21 16:12:09,328 INFO     epoch: 65 took 30.496s (2.917s in batching)
training loss:	0.475733
validation loss:	0.510169
validation error:	0.244410
2017-03-21 16:12:09,330 INFO     Wrote output to trainNN/out/v050-finunified-60-g10e2ae6-dirty:lstm-best-features-power,pitch,ffv,word2vec_dim30_4M_clean/config.json
2017-03-21 16:12:38,936 INFO     Saving network params to trainNN/out/v050-finunified-60-g10e2ae6-dirty:lstm-best-features-power,pitch,ffv,word2vec_dim30_4M_clean/epoch-066.pkl
2017-03-21 16:12:39,864 INFO     epoch: 66 took 30.536s (2.893s in batching)
training loss:	0.475134
validation loss:	0.512718
validation error:	0.242667
2017-03-21 16:12:39,866 INFO     Wrote output to trainNN/out/v050-finunified-60-g10e2ae6-dirty:lstm-best-features-power,pitch,ffv,word2vec_dim30_4M_clean/config.json
2017-03-21 16:13:08,554 INFO     Saving network params to trainNN/out/v050-finunified-60-g10e2ae6-dirty:lstm-best-features-power,pitch,ffv,word2vec_dim30_4M_clean/epoch-067.pkl
2017-03-21 16:13:09,431 INFO     epoch: 67 took 29.566s (2.781s in batching)
training loss:	0.474566
validation loss:	0.511703
validation error:	0.241949
2017-03-21 16:13:09,432 INFO     Wrote output to trainNN/out/v050-finunified-60-g10e2ae6-dirty:lstm-best-features-power,pitch,ffv,word2vec_dim30_4M_clean/config.json
2017-03-21 16:13:38,110 INFO     Saving network params to trainNN/out/v050-finunified-60-g10e2ae6-dirty:lstm-best-features-power,pitch,ffv,word2vec_dim30_4M_clean/epoch-068.pkl
2017-03-21 16:13:38,981 INFO     epoch: 68 took 29.551s (2.769s in batching)
training loss:	0.474067
validation loss:	0.510980
validation error:	0.241231
2017-03-21 16:13:38,983 INFO     Wrote output to trainNN/out/v050-finunified-60-g10e2ae6-dirty:lstm-best-features-power,pitch,ffv,word2vec_dim30_4M_clean/config.json
2017-03-21 16:14:08,296 INFO     Saving network params to trainNN/out/v050-finunified-60-g10e2ae6-dirty:lstm-best-features-power,pitch,ffv,word2vec_dim30_4M_clean/epoch-069.pkl
2017-03-21 16:14:09,222 INFO     epoch: 69 took 30.240s (2.864s in batching)
training loss:	0.472628
validation loss:	0.511187
validation error:	0.242051
2017-03-21 16:14:09,224 INFO     Wrote output to trainNN/out/v050-finunified-60-g10e2ae6-dirty:lstm-best-features-power,pitch,ffv,word2vec_dim30_4M_clean/config.json
2017-03-21 16:14:38,090 INFO     Saving network params to trainNN/out/v050-finunified-60-g10e2ae6-dirty:lstm-best-features-power,pitch,ffv,word2vec_dim30_4M_clean/epoch-070.pkl
2017-03-21 16:14:38,950 INFO     epoch: 70 took 29.729s (2.817s in batching)
training loss:	0.472326
validation loss:	0.511649
validation error:	0.245231
2017-03-21 16:14:38,952 INFO     Wrote output to trainNN/out/v050-finunified-60-g10e2ae6-dirty:lstm-best-features-power,pitch,ffv,word2vec_dim30_4M_clean/config.json
2017-03-21 16:15:07,589 INFO     Saving network params to trainNN/out/v050-finunified-60-g10e2ae6-dirty:lstm-best-features-power,pitch,ffv,word2vec_dim30_4M_clean/epoch-071.pkl
2017-03-21 16:15:08,458 INFO     epoch: 71 took 29.507s (2.775s in batching)
training loss:	0.471398
validation loss:	0.515204
validation error:	0.246769
2017-03-21 16:15:08,460 INFO     Wrote output to trainNN/out/v050-finunified-60-g10e2ae6-dirty:lstm-best-features-power,pitch,ffv,word2vec_dim30_4M_clean/config.json
2017-03-21 16:15:37,454 INFO     Saving network params to trainNN/out/v050-finunified-60-g10e2ae6-dirty:lstm-best-features-power,pitch,ffv,word2vec_dim30_4M_clean/epoch-072.pkl
2017-03-21 16:15:38,402 INFO     epoch: 72 took 29.944s (2.804s in batching)
training loss:	0.471709
validation loss:	0.520773
validation error:	0.248000
2017-03-21 16:15:38,404 INFO     Wrote output to trainNN/out/v050-finunified-60-g10e2ae6-dirty:lstm-best-features-power,pitch,ffv,word2vec_dim30_4M_clean/config.json
2017-03-21 16:16:07,679 INFO     Saving network params to trainNN/out/v050-finunified-60-g10e2ae6-dirty:lstm-best-features-power,pitch,ffv,word2vec_dim30_4M_clean/epoch-073.pkl
2017-03-21 16:16:08,536 INFO     epoch: 73 took 30.134s (2.847s in batching)
training loss:	0.471145
validation loss:	0.515217
validation error:	0.245641
2017-03-21 16:16:08,537 INFO     Wrote output to trainNN/out/v050-finunified-60-g10e2ae6-dirty:lstm-best-features-power,pitch,ffv,word2vec_dim30_4M_clean/config.json
2017-03-21 16:16:37,190 INFO     Saving network params to trainNN/out/v050-finunified-60-g10e2ae6-dirty:lstm-best-features-power,pitch,ffv,word2vec_dim30_4M_clean/epoch-074.pkl
2017-03-21 16:16:38,045 INFO     epoch: 74 took 29.509s (2.795s in batching)
training loss:	0.470966
validation loss:	0.513991
validation error:	0.242974
2017-03-21 16:16:38,047 INFO     Wrote output to trainNN/out/v050-finunified-60-g10e2ae6-dirty:lstm-best-features-power,pitch,ffv,word2vec_dim30_4M_clean/config.json
2017-03-21 16:17:06,420 INFO     Saving network params to trainNN/out/v050-finunified-60-g10e2ae6-dirty:lstm-best-features-power,pitch,ffv,word2vec_dim30_4M_clean/epoch-075.pkl
2017-03-21 16:17:07,273 INFO     epoch: 75 took 29.228s (2.744s in batching)
training loss:	0.469273
validation loss:	0.525803
validation error:	0.250359
2017-03-21 16:17:07,274 INFO     Wrote output to trainNN/out/v050-finunified-60-g10e2ae6-dirty:lstm-best-features-power,pitch,ffv,word2vec_dim30_4M_clean/config.json
2017-03-21 16:17:35,671 INFO     Saving network params to trainNN/out/v050-finunified-60-g10e2ae6-dirty:lstm-best-features-power,pitch,ffv,word2vec_dim30_4M_clean/epoch-076.pkl
2017-03-21 16:17:36,529 INFO     epoch: 76 took 29.256s (2.726s in batching)
training loss:	0.470164
validation loss:	0.524417
validation error:	0.253744
2017-03-21 16:17:36,531 INFO     Wrote output to trainNN/out/v050-finunified-60-g10e2ae6-dirty:lstm-best-features-power,pitch,ffv,word2vec_dim30_4M_clean/config.json
2017-03-21 16:18:05,352 INFO     Saving network params to trainNN/out/v050-finunified-60-g10e2ae6-dirty:lstm-best-features-power,pitch,ffv,word2vec_dim30_4M_clean/epoch-077.pkl
2017-03-21 16:18:06,259 INFO     epoch: 77 took 29.730s (2.777s in batching)
training loss:	0.468888
validation loss:	0.519305
validation error:	0.250359
2017-03-21 16:18:06,261 INFO     Wrote output to trainNN/out/v050-finunified-60-g10e2ae6-dirty:lstm-best-features-power,pitch,ffv,word2vec_dim30_4M_clean/config.json
2017-03-21 16:18:35,625 INFO     Saving network params to trainNN/out/v050-finunified-60-g10e2ae6-dirty:lstm-best-features-power,pitch,ffv,word2vec_dim30_4M_clean/epoch-078.pkl
2017-03-21 16:18:36,491 INFO     epoch: 78 took 30.231s (2.875s in batching)
training loss:	0.467822
validation loss:	0.521079
validation error:	0.248923
2017-03-21 16:18:36,492 INFO     Wrote output to trainNN/out/v050-finunified-60-g10e2ae6-dirty:lstm-best-features-power,pitch,ffv,word2vec_dim30_4M_clean/config.json
2017-03-21 16:19:05,057 INFO     Saving network params to trainNN/out/v050-finunified-60-g10e2ae6-dirty:lstm-best-features-power,pitch,ffv,word2vec_dim30_4M_clean/epoch-079.pkl
2017-03-21 16:19:05,912 INFO     epoch: 79 took 29.422s (2.766s in batching)
training loss:	0.466703
validation loss:	0.519155
validation error:	0.247487
2017-03-21 16:19:05,914 INFO     Wrote output to trainNN/out/v050-finunified-60-g10e2ae6-dirty:lstm-best-features-power,pitch,ffv,word2vec_dim30_4M_clean/config.json
2017-03-21 16:19:34,440 INFO     Saving network params to trainNN/out/v050-finunified-60-g10e2ae6-dirty:lstm-best-features-power,pitch,ffv,word2vec_dim30_4M_clean/epoch-080.pkl
2017-03-21 16:19:35,301 INFO     epoch: 80 took 29.388s (2.767s in batching)
training loss:	0.467099
validation loss:	0.521286
validation error:	0.251385
2017-03-21 16:19:35,303 INFO     Wrote output to trainNN/out/v050-finunified-60-g10e2ae6-dirty:lstm-best-features-power,pitch,ffv,word2vec_dim30_4M_clean/config.json
2017-03-21 16:20:04,378 INFO     Saving network params to trainNN/out/v050-finunified-60-g10e2ae6-dirty:lstm-best-features-power,pitch,ffv,word2vec_dim30_4M_clean/epoch-081.pkl
2017-03-21 16:20:05,290 INFO     epoch: 81 took 29.989s (2.833s in batching)
training loss:	0.465633
validation loss:	0.518069
validation error:	0.245231
2017-03-21 16:20:05,292 INFO     Wrote output to trainNN/out/v050-finunified-60-g10e2ae6-dirty:lstm-best-features-power,pitch,ffv,word2vec_dim30_4M_clean/config.json
2017-03-21 16:20:34,108 INFO     Saving network params to trainNN/out/v050-finunified-60-g10e2ae6-dirty:lstm-best-features-power,pitch,ffv,word2vec_dim30_4M_clean/epoch-082.pkl
2017-03-21 16:20:34,980 INFO     epoch: 82 took 29.690s (2.799s in batching)
training loss:	0.465205
validation loss:	0.522572
validation error:	0.252308
2017-03-21 16:20:34,982 INFO     Wrote output to trainNN/out/v050-finunified-60-g10e2ae6-dirty:lstm-best-features-power,pitch,ffv,word2vec_dim30_4M_clean/config.json
2017-03-21 16:21:03,905 INFO     Saving network params to trainNN/out/v050-finunified-60-g10e2ae6-dirty:lstm-best-features-power,pitch,ffv,word2vec_dim30_4M_clean/epoch-083.pkl
2017-03-21 16:21:04,763 INFO     epoch: 83 took 29.784s (2.803s in batching)
training loss:	0.464524
validation loss:	0.527010
validation error:	0.252615
2017-03-21 16:21:04,765 INFO     Wrote output to trainNN/out/v050-finunified-60-g10e2ae6-dirty:lstm-best-features-power,pitch,ffv,word2vec_dim30_4M_clean/config.json
2017-03-21 16:21:33,684 INFO     Saving network params to trainNN/out/v050-finunified-60-g10e2ae6-dirty:lstm-best-features-power,pitch,ffv,word2vec_dim30_4M_clean/epoch-084.pkl
2017-03-21 16:21:34,595 INFO     epoch: 84 took 29.832s (2.809s in batching)
training loss:	0.465260
validation loss:	0.522735
validation error:	0.249744
2017-03-21 16:21:34,597 INFO     Wrote output to trainNN/out/v050-finunified-60-g10e2ae6-dirty:lstm-best-features-power,pitch,ffv,word2vec_dim30_4M_clean/config.json
2017-03-21 16:22:03,445 INFO     Saving network params to trainNN/out/v050-finunified-60-g10e2ae6-dirty:lstm-best-features-power,pitch,ffv,word2vec_dim30_4M_clean/epoch-085.pkl
2017-03-21 16:22:04,345 INFO     epoch: 85 took 29.750s (2.783s in batching)
training loss:	0.464326
validation loss:	0.526012
validation error:	0.247077
2017-03-21 16:22:04,347 INFO     Wrote output to trainNN/out/v050-finunified-60-g10e2ae6-dirty:lstm-best-features-power,pitch,ffv,word2vec_dim30_4M_clean/config.json
2017-03-21 16:22:33,701 INFO     Saving network params to trainNN/out/v050-finunified-60-g10e2ae6-dirty:lstm-best-features-power,pitch,ffv,word2vec_dim30_4M_clean/epoch-086.pkl
2017-03-21 16:22:34,616 INFO     epoch: 86 took 30.272s (2.858s in batching)
training loss:	0.462439
validation loss:	0.529061
validation error:	0.252308
2017-03-21 16:22:34,618 INFO     Wrote output to trainNN/out/v050-finunified-60-g10e2ae6-dirty:lstm-best-features-power,pitch,ffv,word2vec_dim30_4M_clean/config.json
2017-03-21 16:23:03,590 INFO     Saving network params to trainNN/out/v050-finunified-60-g10e2ae6-dirty:lstm-best-features-power,pitch,ffv,word2vec_dim30_4M_clean/epoch-087.pkl
2017-03-21 16:23:04,462 INFO     epoch: 87 took 29.845s (2.828s in batching)
training loss:	0.462363
validation loss:	0.527925
validation error:	0.250769
2017-03-21 16:23:04,464 INFO     Wrote output to trainNN/out/v050-finunified-60-g10e2ae6-dirty:lstm-best-features-power,pitch,ffv,word2vec_dim30_4M_clean/config.json
2017-03-21 16:23:33,249 INFO     Saving network params to trainNN/out/v050-finunified-60-g10e2ae6-dirty:lstm-best-features-power,pitch,ffv,word2vec_dim30_4M_clean/epoch-088.pkl
2017-03-21 16:23:34,114 INFO     epoch: 88 took 29.653s (2.811s in batching)
training loss:	0.462394
validation loss:	0.525056
validation error:	0.247795
2017-03-21 16:23:34,116 INFO     Wrote output to trainNN/out/v050-finunified-60-g10e2ae6-dirty:lstm-best-features-power,pitch,ffv,word2vec_dim30_4M_clean/config.json
2017-03-21 16:24:02,727 INFO     Saving network params to trainNN/out/v050-finunified-60-g10e2ae6-dirty:lstm-best-features-power,pitch,ffv,word2vec_dim30_4M_clean/epoch-089.pkl
2017-03-21 16:24:03,613 INFO     epoch: 89 took 29.499s (2.759s in batching)
training loss:	0.461596
validation loss:	0.530320
validation error:	0.247795
2017-03-21 16:24:03,615 INFO     Wrote output to trainNN/out/v050-finunified-60-g10e2ae6-dirty:lstm-best-features-power,pitch,ffv,word2vec_dim30_4M_clean/config.json
2017-03-21 16:24:32,734 INFO     Saving network params to trainNN/out/v050-finunified-60-g10e2ae6-dirty:lstm-best-features-power,pitch,ffv,word2vec_dim30_4M_clean/epoch-090.pkl
2017-03-21 16:24:33,639 INFO     epoch: 90 took 30.026s (2.811s in batching)
training loss:	0.462269
validation loss:	0.529134
validation error:	0.252000
2017-03-21 16:24:33,641 INFO     Wrote output to trainNN/out/v050-finunified-60-g10e2ae6-dirty:lstm-best-features-power,pitch,ffv,word2vec_dim30_4M_clean/config.json
2017-03-21 16:25:02,429 INFO     Saving network params to trainNN/out/v050-finunified-60-g10e2ae6-dirty:lstm-best-features-power,pitch,ffv,word2vec_dim30_4M_clean/epoch-091.pkl
2017-03-21 16:25:03,282 INFO     epoch: 91 took 29.643s (2.791s in batching)
training loss:	0.459913
validation loss:	0.533043
validation error:	0.257026
2017-03-21 16:25:03,284 INFO     Wrote output to trainNN/out/v050-finunified-60-g10e2ae6-dirty:lstm-best-features-power,pitch,ffv,word2vec_dim30_4M_clean/config.json
2017-03-21 16:25:32,336 INFO     Saving network params to trainNN/out/v050-finunified-60-g10e2ae6-dirty:lstm-best-features-power,pitch,ffv,word2vec_dim30_4M_clean/epoch-092.pkl
2017-03-21 16:25:33,227 INFO     epoch: 92 took 29.945s (2.818s in batching)
training loss:	0.460042
validation loss:	0.531078
validation error:	0.249333
2017-03-21 16:25:33,229 INFO     Wrote output to trainNN/out/v050-finunified-60-g10e2ae6-dirty:lstm-best-features-power,pitch,ffv,word2vec_dim30_4M_clean/config.json
2017-03-21 16:26:02,133 INFO     Saving network params to trainNN/out/v050-finunified-60-g10e2ae6-dirty:lstm-best-features-power,pitch,ffv,word2vec_dim30_4M_clean/epoch-093.pkl
2017-03-21 16:26:03,002 INFO     epoch: 93 took 29.775s (2.810s in batching)
training loss:	0.460456
validation loss:	0.530633
validation error:	0.247897
2017-03-21 16:26:03,006 INFO     Wrote output to trainNN/out/v050-finunified-60-g10e2ae6-dirty:lstm-best-features-power,pitch,ffv,word2vec_dim30_4M_clean/config.json
2017-03-21 16:26:31,882 INFO     Saving network params to trainNN/out/v050-finunified-60-g10e2ae6-dirty:lstm-best-features-power,pitch,ffv,word2vec_dim30_4M_clean/epoch-094.pkl
2017-03-21 16:26:32,744 INFO     epoch: 94 took 29.742s (2.776s in batching)
training loss:	0.459492
validation loss:	0.533218
validation error:	0.253231
2017-03-21 16:26:32,746 INFO     Wrote output to trainNN/out/v050-finunified-60-g10e2ae6-dirty:lstm-best-features-power,pitch,ffv,word2vec_dim30_4M_clean/config.json
2017-03-21 16:27:01,350 INFO     Saving network params to trainNN/out/v050-finunified-60-g10e2ae6-dirty:lstm-best-features-power,pitch,ffv,word2vec_dim30_4M_clean/epoch-095.pkl
2017-03-21 16:27:02,221 INFO     epoch: 95 took 29.477s (2.752s in batching)
training loss:	0.457934
validation loss:	0.533221
validation error:	0.251795
2017-03-21 16:27:02,223 INFO     Wrote output to trainNN/out/v050-finunified-60-g10e2ae6-dirty:lstm-best-features-power,pitch,ffv,word2vec_dim30_4M_clean/config.json
2017-03-21 16:27:30,842 INFO     Saving network params to trainNN/out/v050-finunified-60-g10e2ae6-dirty:lstm-best-features-power,pitch,ffv,word2vec_dim30_4M_clean/epoch-096.pkl
2017-03-21 16:27:31,701 INFO     epoch: 96 took 29.480s (2.768s in batching)
training loss:	0.459101
validation loss:	0.529409
validation error:	0.249128
2017-03-21 16:27:31,703 INFO     Wrote output to trainNN/out/v050-finunified-60-g10e2ae6-dirty:lstm-best-features-power,pitch,ffv,word2vec_dim30_4M_clean/config.json
2017-03-21 16:28:00,897 INFO     Saving network params to trainNN/out/v050-finunified-60-g10e2ae6-dirty:lstm-best-features-power,pitch,ffv,word2vec_dim30_4M_clean/epoch-097.pkl
2017-03-21 16:28:01,756 INFO     epoch: 97 took 30.055s (2.847s in batching)
training loss:	0.457673
validation loss:	0.539534
validation error:	0.248923
2017-03-21 16:28:01,758 INFO     Wrote output to trainNN/out/v050-finunified-60-g10e2ae6-dirty:lstm-best-features-power,pitch,ffv,word2vec_dim30_4M_clean/config.json
2017-03-21 16:28:30,478 INFO     Saving network params to trainNN/out/v050-finunified-60-g10e2ae6-dirty:lstm-best-features-power,pitch,ffv,word2vec_dim30_4M_clean/epoch-098.pkl
2017-03-21 16:28:31,346 INFO     epoch: 98 took 29.590s (2.769s in batching)
training loss:	0.456640
validation loss:	0.539285
validation error:	0.255385
2017-03-21 16:28:31,348 INFO     Wrote output to trainNN/out/v050-finunified-60-g10e2ae6-dirty:lstm-best-features-power,pitch,ffv,word2vec_dim30_4M_clean/config.json
2017-03-21 16:29:00,114 INFO     Saving network params to trainNN/out/v050-finunified-60-g10e2ae6-dirty:lstm-best-features-power,pitch,ffv,word2vec_dim30_4M_clean/epoch-099.pkl
2017-03-21 16:29:00,980 INFO     epoch: 99 took 29.634s (2.799s in batching)
training loss:	0.456203
validation loss:	0.542041
validation error:	0.257538
2017-03-21 16:29:00,982 INFO     Wrote output to trainNN/out/v050-finunified-60-g10e2ae6-dirty:lstm-best-features-power,pitch,ffv,word2vec_dim30_4M_clean/config.json
