2017-03-18 19:02:00,410 DEBUG    version=v050-finunified-59-g49231f9-dirty:lstm-best-features-power,pitch,ffv,word2vec_dim30
2017-03-18 19:02:24,633 DEBUG    set input dim to 39
2017-03-18 19:02:24,633 DEBUG    input dim = 39
2017-03-18 19:02:24,642 DEBUG    loading data into ram
2017-03-18 19:02:24,896 DEBUG    loading data took 0.253s (cpu: 0.251s)
2017-03-18 19:02:31,459 DEBUG    set input dim to 39
2017-03-18 19:02:31,459 DEBUG    input dim = 39
2017-03-18 19:02:31,462 DEBUG    loading data into ram
2017-03-18 19:02:31,495 DEBUG    loading data took 0.033s (cpu: 0.033s)
2017-03-18 19:02:31,720 DEBUG    Applying L2 regularization with 0.000100
2017-03-18 19:02:31,790 INFO     Training network with 46027 trainable out of 46237 total params.
2017-03-18 19:02:32,276 DEBUG    Using adam with learning_rate=0.001000
2017-03-18 19:05:42,079 DEBUG    Starting training...
2017-03-18 19:06:12,445 INFO     Saving network params to trainNN/out/v050-finunified-59-g49231f9-dirty:lstm-best-features-power,pitch,ffv,word2vec_dim30/epoch-000.pkl
2017-03-18 19:06:13,351 INFO     epoch: 0 took 31.272s (2.945s in batching)
training loss:	0.605205
validation loss:	0.558109
validation error:	0.291897
2017-03-18 19:06:13,352 INFO     Wrote output to trainNN/out/v050-finunified-59-g49231f9-dirty:lstm-best-features-power,pitch,ffv,word2vec_dim30/config.json
2017-03-18 19:06:42,931 INFO     Saving network params to trainNN/out/v050-finunified-59-g49231f9-dirty:lstm-best-features-power,pitch,ffv,word2vec_dim30/epoch-001.pkl
2017-03-18 19:06:43,834 INFO     epoch: 1 took 30.483s (2.823s in batching)
training loss:	0.569734
validation loss:	0.547046
validation error:	0.279077
2017-03-18 19:06:43,835 INFO     Wrote output to trainNN/out/v050-finunified-59-g49231f9-dirty:lstm-best-features-power,pitch,ffv,word2vec_dim30/config.json
2017-03-18 19:07:13,503 INFO     Saving network params to trainNN/out/v050-finunified-59-g49231f9-dirty:lstm-best-features-power,pitch,ffv,word2vec_dim30/epoch-002.pkl
2017-03-18 19:07:14,409 INFO     epoch: 2 took 30.575s (2.834s in batching)
training loss:	0.556883
validation loss:	0.537768
validation error:	0.270154
2017-03-18 19:07:14,410 INFO     Wrote output to trainNN/out/v050-finunified-59-g49231f9-dirty:lstm-best-features-power,pitch,ffv,word2vec_dim30/config.json
2017-03-18 19:07:44,333 INFO     Saving network params to trainNN/out/v050-finunified-59-g49231f9-dirty:lstm-best-features-power,pitch,ffv,word2vec_dim30/epoch-003.pkl
2017-03-18 19:07:45,240 INFO     epoch: 3 took 30.830s (2.863s in batching)
training loss:	0.549849
validation loss:	0.530254
validation error:	0.264308
2017-03-18 19:07:45,241 INFO     Wrote output to trainNN/out/v050-finunified-59-g49231f9-dirty:lstm-best-features-power,pitch,ffv,word2vec_dim30/config.json
2017-03-18 19:08:15,023 INFO     Saving network params to trainNN/out/v050-finunified-59-g49231f9-dirty:lstm-best-features-power,pitch,ffv,word2vec_dim30/epoch-004.pkl
2017-03-18 19:08:15,929 INFO     epoch: 4 took 30.689s (2.858s in batching)
training loss:	0.543552
validation loss:	0.524920
validation error:	0.258154
2017-03-18 19:08:15,929 INFO     Wrote output to trainNN/out/v050-finunified-59-g49231f9-dirty:lstm-best-features-power,pitch,ffv,word2vec_dim30/config.json
2017-03-18 19:08:46,172 INFO     Saving network params to trainNN/out/v050-finunified-59-g49231f9-dirty:lstm-best-features-power,pitch,ffv,word2vec_dim30/epoch-005.pkl
2017-03-18 19:08:47,098 INFO     epoch: 5 took 31.169s (2.903s in batching)
training loss:	0.538846
validation loss:	0.522498
validation error:	0.257744
2017-03-18 19:08:47,099 INFO     Wrote output to trainNN/out/v050-finunified-59-g49231f9-dirty:lstm-best-features-power,pitch,ffv,word2vec_dim30/config.json
2017-03-18 19:09:17,129 INFO     Saving network params to trainNN/out/v050-finunified-59-g49231f9-dirty:lstm-best-features-power,pitch,ffv,word2vec_dim30/epoch-006.pkl
2017-03-18 19:09:18,048 INFO     epoch: 6 took 30.950s (2.871s in batching)
training loss:	0.534712
validation loss:	0.516849
validation error:	0.250974
2017-03-18 19:09:18,049 INFO     Wrote output to trainNN/out/v050-finunified-59-g49231f9-dirty:lstm-best-features-power,pitch,ffv,word2vec_dim30/config.json
2017-03-18 19:09:48,727 INFO     Saving network params to trainNN/out/v050-finunified-59-g49231f9-dirty:lstm-best-features-power,pitch,ffv,word2vec_dim30/epoch-007.pkl
2017-03-18 19:09:49,648 INFO     epoch: 7 took 31.600s (2.948s in batching)
training loss:	0.531525
validation loss:	0.515816
validation error:	0.252923
2017-03-18 19:09:49,648 INFO     Wrote output to trainNN/out/v050-finunified-59-g49231f9-dirty:lstm-best-features-power,pitch,ffv,word2vec_dim30/config.json
2017-03-18 19:10:20,075 INFO     Saving network params to trainNN/out/v050-finunified-59-g49231f9-dirty:lstm-best-features-power,pitch,ffv,word2vec_dim30/epoch-008.pkl
2017-03-18 19:10:20,981 INFO     epoch: 8 took 31.334s (2.922s in batching)
training loss:	0.528061
validation loss:	0.512735
validation error:	0.253436
2017-03-18 19:10:20,982 INFO     Wrote output to trainNN/out/v050-finunified-59-g49231f9-dirty:lstm-best-features-power,pitch,ffv,word2vec_dim30/config.json
2017-03-18 19:10:50,768 INFO     Saving network params to trainNN/out/v050-finunified-59-g49231f9-dirty:lstm-best-features-power,pitch,ffv,word2vec_dim30/epoch-009.pkl
2017-03-18 19:10:51,687 INFO     epoch: 9 took 30.705s (2.841s in batching)
training loss:	0.525383
validation loss:	0.511674
validation error:	0.251590
2017-03-18 19:10:51,688 INFO     Wrote output to trainNN/out/v050-finunified-59-g49231f9-dirty:lstm-best-features-power,pitch,ffv,word2vec_dim30/config.json
2017-03-18 19:11:21,442 INFO     Saving network params to trainNN/out/v050-finunified-59-g49231f9-dirty:lstm-best-features-power,pitch,ffv,word2vec_dim30/epoch-010.pkl
2017-03-18 19:11:22,395 INFO     epoch: 10 took 30.708s (2.849s in batching)
training loss:	0.522831
validation loss:	0.510899
validation error:	0.246667
2017-03-18 19:11:22,396 INFO     Wrote output to trainNN/out/v050-finunified-59-g49231f9-dirty:lstm-best-features-power,pitch,ffv,word2vec_dim30/config.json
2017-03-18 19:11:52,260 INFO     Saving network params to trainNN/out/v050-finunified-59-g49231f9-dirty:lstm-best-features-power,pitch,ffv,word2vec_dim30/epoch-011.pkl
2017-03-18 19:11:53,168 INFO     epoch: 11 took 30.773s (2.851s in batching)
training loss:	0.521255
validation loss:	0.510682
validation error:	0.249231
2017-03-18 19:11:53,169 INFO     Wrote output to trainNN/out/v050-finunified-59-g49231f9-dirty:lstm-best-features-power,pitch,ffv,word2vec_dim30/config.json
2017-03-18 19:12:23,358 INFO     Saving network params to trainNN/out/v050-finunified-59-g49231f9-dirty:lstm-best-features-power,pitch,ffv,word2vec_dim30/epoch-012.pkl
2017-03-18 19:12:24,264 INFO     epoch: 12 took 31.096s (2.898s in batching)
training loss:	0.518475
validation loss:	0.511789
validation error:	0.248308
2017-03-18 19:12:24,265 INFO     Wrote output to trainNN/out/v050-finunified-59-g49231f9-dirty:lstm-best-features-power,pitch,ffv,word2vec_dim30/config.json
2017-03-18 19:12:54,988 INFO     Saving network params to trainNN/out/v050-finunified-59-g49231f9-dirty:lstm-best-features-power,pitch,ffv,word2vec_dim30/epoch-013.pkl
2017-03-18 19:12:55,892 INFO     epoch: 13 took 31.628s (2.948s in batching)
training loss:	0.517014
validation loss:	0.510515
validation error:	0.244513
2017-03-18 19:12:55,893 INFO     Wrote output to trainNN/out/v050-finunified-59-g49231f9-dirty:lstm-best-features-power,pitch,ffv,word2vec_dim30/config.json
2017-03-18 19:13:25,451 INFO     Saving network params to trainNN/out/v050-finunified-59-g49231f9-dirty:lstm-best-features-power,pitch,ffv,word2vec_dim30/epoch-014.pkl
2017-03-18 19:13:26,353 INFO     epoch: 14 took 30.461s (2.824s in batching)
training loss:	0.514274
validation loss:	0.514228
validation error:	0.250564
2017-03-18 19:13:26,354 INFO     Wrote output to trainNN/out/v050-finunified-59-g49231f9-dirty:lstm-best-features-power,pitch,ffv,word2vec_dim30/config.json
2017-03-18 19:13:55,963 INFO     Saving network params to trainNN/out/v050-finunified-59-g49231f9-dirty:lstm-best-features-power,pitch,ffv,word2vec_dim30/epoch-015.pkl
2017-03-18 19:13:56,938 INFO     epoch: 15 took 30.585s (2.817s in batching)
training loss:	0.512901
validation loss:	0.508008
validation error:	0.246974
2017-03-18 19:13:56,939 INFO     Wrote output to trainNN/out/v050-finunified-59-g49231f9-dirty:lstm-best-features-power,pitch,ffv,word2vec_dim30/config.json
2017-03-18 19:14:26,814 INFO     Saving network params to trainNN/out/v050-finunified-59-g49231f9-dirty:lstm-best-features-power,pitch,ffv,word2vec_dim30/epoch-016.pkl
2017-03-18 19:14:27,789 INFO     epoch: 16 took 30.851s (2.855s in batching)
training loss:	0.511174
validation loss:	0.505699
validation error:	0.243692
2017-03-18 19:14:27,789 INFO     Wrote output to trainNN/out/v050-finunified-59-g49231f9-dirty:lstm-best-features-power,pitch,ffv,word2vec_dim30/config.json
2017-03-18 19:14:57,348 INFO     Saving network params to trainNN/out/v050-finunified-59-g49231f9-dirty:lstm-best-features-power,pitch,ffv,word2vec_dim30/epoch-017.pkl
2017-03-18 19:14:58,249 INFO     epoch: 17 took 30.460s (2.812s in batching)
training loss:	0.510404
validation loss:	0.501008
validation error:	0.245026
2017-03-18 19:14:58,250 INFO     Wrote output to trainNN/out/v050-finunified-59-g49231f9-dirty:lstm-best-features-power,pitch,ffv,word2vec_dim30/config.json
2017-03-18 19:15:27,957 INFO     Saving network params to trainNN/out/v050-finunified-59-g49231f9-dirty:lstm-best-features-power,pitch,ffv,word2vec_dim30/epoch-018.pkl
2017-03-18 19:15:28,860 INFO     epoch: 18 took 30.611s (2.822s in batching)
training loss:	0.507987
validation loss:	0.499180
validation error:	0.238667
2017-03-18 19:15:28,861 INFO     Wrote output to trainNN/out/v050-finunified-59-g49231f9-dirty:lstm-best-features-power,pitch,ffv,word2vec_dim30/config.json
2017-03-18 19:15:58,485 INFO     Saving network params to trainNN/out/v050-finunified-59-g49231f9-dirty:lstm-best-features-power,pitch,ffv,word2vec_dim30/epoch-019.pkl
2017-03-18 19:15:59,393 INFO     epoch: 19 took 30.533s (2.811s in batching)
training loss:	0.506389
validation loss:	0.501190
validation error:	0.243282
2017-03-18 19:15:59,394 INFO     Wrote output to trainNN/out/v050-finunified-59-g49231f9-dirty:lstm-best-features-power,pitch,ffv,word2vec_dim30/config.json
2017-03-18 19:16:29,475 INFO     Saving network params to trainNN/out/v050-finunified-59-g49231f9-dirty:lstm-best-features-power,pitch,ffv,word2vec_dim30/epoch-020.pkl
2017-03-18 19:16:30,390 INFO     epoch: 20 took 30.997s (2.870s in batching)
training loss:	0.505045
validation loss:	0.499772
validation error:	0.241846
2017-03-18 19:16:30,391 INFO     Wrote output to trainNN/out/v050-finunified-59-g49231f9-dirty:lstm-best-features-power,pitch,ffv,word2vec_dim30/config.json
2017-03-18 19:16:59,963 INFO     Saving network params to trainNN/out/v050-finunified-59-g49231f9-dirty:lstm-best-features-power,pitch,ffv,word2vec_dim30/epoch-021.pkl
2017-03-18 19:17:00,875 INFO     epoch: 21 took 30.485s (2.809s in batching)
training loss:	0.504946
validation loss:	0.502812
validation error:	0.241949
2017-03-18 19:17:00,876 INFO     Wrote output to trainNN/out/v050-finunified-59-g49231f9-dirty:lstm-best-features-power,pitch,ffv,word2vec_dim30/config.json
2017-03-18 19:17:32,101 INFO     Saving network params to trainNN/out/v050-finunified-59-g49231f9-dirty:lstm-best-features-power,pitch,ffv,word2vec_dim30/epoch-022.pkl
2017-03-18 19:17:33,108 INFO     epoch: 22 took 32.233s (3.018s in batching)
training loss:	0.503455
validation loss:	0.498885
validation error:	0.237026
2017-03-18 19:17:33,109 INFO     Wrote output to trainNN/out/v050-finunified-59-g49231f9-dirty:lstm-best-features-power,pitch,ffv,word2vec_dim30/config.json
2017-03-18 19:18:04,860 INFO     Saving network params to trainNN/out/v050-finunified-59-g49231f9-dirty:lstm-best-features-power,pitch,ffv,word2vec_dim30/epoch-023.pkl
2017-03-18 19:18:05,776 INFO     epoch: 23 took 32.669s (3.111s in batching)
training loss:	0.502305
validation loss:	0.501498
validation error:	0.244615
2017-03-18 19:18:05,777 INFO     Wrote output to trainNN/out/v050-finunified-59-g49231f9-dirty:lstm-best-features-power,pitch,ffv,word2vec_dim30/config.json
2017-03-18 19:18:35,758 INFO     Saving network params to trainNN/out/v050-finunified-59-g49231f9-dirty:lstm-best-features-power,pitch,ffv,word2vec_dim30/epoch-024.pkl
2017-03-18 19:18:36,694 INFO     epoch: 24 took 30.917s (2.876s in batching)
training loss:	0.501941
validation loss:	0.498954
validation error:	0.238154
2017-03-18 19:18:36,695 INFO     Wrote output to trainNN/out/v050-finunified-59-g49231f9-dirty:lstm-best-features-power,pitch,ffv,word2vec_dim30/config.json
2017-03-18 19:19:06,525 INFO     Saving network params to trainNN/out/v050-finunified-59-g49231f9-dirty:lstm-best-features-power,pitch,ffv,word2vec_dim30/epoch-025.pkl
2017-03-18 19:19:07,433 INFO     epoch: 25 took 30.739s (2.857s in batching)
training loss:	0.500932
validation loss:	0.496982
validation error:	0.235897
2017-03-18 19:19:07,434 INFO     Wrote output to trainNN/out/v050-finunified-59-g49231f9-dirty:lstm-best-features-power,pitch,ffv,word2vec_dim30/config.json
2017-03-18 19:19:36,845 INFO     Saving network params to trainNN/out/v050-finunified-59-g49231f9-dirty:lstm-best-features-power,pitch,ffv,word2vec_dim30/epoch-026.pkl
2017-03-18 19:19:37,746 INFO     epoch: 26 took 30.313s (2.796s in batching)
training loss:	0.499877
validation loss:	0.501383
validation error:	0.239897
2017-03-18 19:19:37,747 INFO     Wrote output to trainNN/out/v050-finunified-59-g49231f9-dirty:lstm-best-features-power,pitch,ffv,word2vec_dim30/config.json
2017-03-18 19:20:07,170 INFO     Saving network params to trainNN/out/v050-finunified-59-g49231f9-dirty:lstm-best-features-power,pitch,ffv,word2vec_dim30/epoch-027.pkl
2017-03-18 19:20:08,070 INFO     epoch: 27 took 30.324s (2.792s in batching)
training loss:	0.498867
validation loss:	0.503273
validation error:	0.239897
2017-03-18 19:20:08,071 INFO     Wrote output to trainNN/out/v050-finunified-59-g49231f9-dirty:lstm-best-features-power,pitch,ffv,word2vec_dim30/config.json
2017-03-18 19:20:37,706 INFO     Saving network params to trainNN/out/v050-finunified-59-g49231f9-dirty:lstm-best-features-power,pitch,ffv,word2vec_dim30/epoch-028.pkl
2017-03-18 19:20:38,621 INFO     epoch: 28 took 30.552s (2.819s in batching)
training loss:	0.497461
validation loss:	0.507168
validation error:	0.247385
2017-03-18 19:20:38,623 INFO     Wrote output to trainNN/out/v050-finunified-59-g49231f9-dirty:lstm-best-features-power,pitch,ffv,word2vec_dim30/config.json
2017-03-18 19:21:08,360 INFO     Saving network params to trainNN/out/v050-finunified-59-g49231f9-dirty:lstm-best-features-power,pitch,ffv,word2vec_dim30/epoch-029.pkl
2017-03-18 19:21:09,259 INFO     epoch: 29 took 30.637s (2.829s in batching)
training loss:	0.496852
validation loss:	0.498788
validation error:	0.236205
2017-03-18 19:21:09,260 INFO     Wrote output to trainNN/out/v050-finunified-59-g49231f9-dirty:lstm-best-features-power,pitch,ffv,word2vec_dim30/config.json
2017-03-18 19:21:38,966 INFO     Saving network params to trainNN/out/v050-finunified-59-g49231f9-dirty:lstm-best-features-power,pitch,ffv,word2vec_dim30/epoch-030.pkl
2017-03-18 19:21:39,869 INFO     epoch: 30 took 30.610s (2.800s in batching)
training loss:	0.496334
validation loss:	0.502465
validation error:	0.238051
2017-03-18 19:21:39,870 INFO     Wrote output to trainNN/out/v050-finunified-59-g49231f9-dirty:lstm-best-features-power,pitch,ffv,word2vec_dim30/config.json
2017-03-18 19:22:09,816 INFO     Saving network params to trainNN/out/v050-finunified-59-g49231f9-dirty:lstm-best-features-power,pitch,ffv,word2vec_dim30/epoch-031.pkl
2017-03-18 19:22:10,749 INFO     epoch: 31 took 30.880s (2.866s in batching)
training loss:	0.495666
validation loss:	0.498402
validation error:	0.238872
2017-03-18 19:22:10,750 INFO     Wrote output to trainNN/out/v050-finunified-59-g49231f9-dirty:lstm-best-features-power,pitch,ffv,word2vec_dim30/config.json
2017-03-18 19:22:40,471 INFO     Saving network params to trainNN/out/v050-finunified-59-g49231f9-dirty:lstm-best-features-power,pitch,ffv,word2vec_dim30/epoch-032.pkl
2017-03-18 19:22:41,378 INFO     epoch: 32 took 30.629s (2.843s in batching)
training loss:	0.494533
validation loss:	0.499369
validation error:	0.238154
2017-03-18 19:22:41,379 INFO     Wrote output to trainNN/out/v050-finunified-59-g49231f9-dirty:lstm-best-features-power,pitch,ffv,word2vec_dim30/config.json
2017-03-18 19:23:11,326 INFO     Saving network params to trainNN/out/v050-finunified-59-g49231f9-dirty:lstm-best-features-power,pitch,ffv,word2vec_dim30/epoch-033.pkl
2017-03-18 19:23:12,238 INFO     epoch: 33 took 30.860s (2.876s in batching)
training loss:	0.493894
validation loss:	0.501603
validation error:	0.239077
2017-03-18 19:23:12,240 INFO     Wrote output to trainNN/out/v050-finunified-59-g49231f9-dirty:lstm-best-features-power,pitch,ffv,word2vec_dim30/config.json
2017-03-18 19:23:42,024 INFO     Saving network params to trainNN/out/v050-finunified-59-g49231f9-dirty:lstm-best-features-power,pitch,ffv,word2vec_dim30/epoch-034.pkl
2017-03-18 19:23:42,935 INFO     epoch: 34 took 30.697s (2.874s in batching)
training loss:	0.492790
validation loss:	0.496242
validation error:	0.237128
2017-03-18 19:23:42,936 INFO     Wrote output to trainNN/out/v050-finunified-59-g49231f9-dirty:lstm-best-features-power,pitch,ffv,word2vec_dim30/config.json
2017-03-18 19:24:13,146 INFO     Saving network params to trainNN/out/v050-finunified-59-g49231f9-dirty:lstm-best-features-power,pitch,ffv,word2vec_dim30/epoch-035.pkl
2017-03-18 19:24:14,093 INFO     epoch: 35 took 31.158s (2.912s in batching)
training loss:	0.492646
validation loss:	0.497792
validation error:	0.234872
2017-03-18 19:24:14,094 INFO     Wrote output to trainNN/out/v050-finunified-59-g49231f9-dirty:lstm-best-features-power,pitch,ffv,word2vec_dim30/config.json
2017-03-18 19:24:43,687 INFO     Saving network params to trainNN/out/v050-finunified-59-g49231f9-dirty:lstm-best-features-power,pitch,ffv,word2vec_dim30/epoch-036.pkl
2017-03-18 19:24:44,609 INFO     epoch: 36 took 30.516s (2.825s in batching)
training loss:	0.491748
validation loss:	0.498863
validation error:	0.237949
2017-03-18 19:24:44,610 INFO     Wrote output to trainNN/out/v050-finunified-59-g49231f9-dirty:lstm-best-features-power,pitch,ffv,word2vec_dim30/config.json
2017-03-18 19:25:14,448 INFO     Saving network params to trainNN/out/v050-finunified-59-g49231f9-dirty:lstm-best-features-power,pitch,ffv,word2vec_dim30/epoch-037.pkl
2017-03-18 19:25:15,375 INFO     epoch: 37 took 30.767s (2.870s in batching)
training loss:	0.491201
validation loss:	0.505117
validation error:	0.241231
2017-03-18 19:25:15,377 INFO     Wrote output to trainNN/out/v050-finunified-59-g49231f9-dirty:lstm-best-features-power,pitch,ffv,word2vec_dim30/config.json
2017-03-18 19:25:45,346 INFO     Saving network params to trainNN/out/v050-finunified-59-g49231f9-dirty:lstm-best-features-power,pitch,ffv,word2vec_dim30/epoch-038.pkl
2017-03-18 19:25:46,249 INFO     epoch: 38 took 30.873s (2.897s in batching)
training loss:	0.490079
validation loss:	0.500581
validation error:	0.239282
2017-03-18 19:25:46,250 INFO     Wrote output to trainNN/out/v050-finunified-59-g49231f9-dirty:lstm-best-features-power,pitch,ffv,word2vec_dim30/config.json
2017-03-18 19:26:15,836 INFO     Saving network params to trainNN/out/v050-finunified-59-g49231f9-dirty:lstm-best-features-power,pitch,ffv,word2vec_dim30/epoch-039.pkl
2017-03-18 19:26:16,742 INFO     epoch: 39 took 30.493s (2.841s in batching)
training loss:	0.489851
validation loss:	0.498635
validation error:	0.239487
2017-03-18 19:26:16,743 INFO     Wrote output to trainNN/out/v050-finunified-59-g49231f9-dirty:lstm-best-features-power,pitch,ffv,word2vec_dim30/config.json
2017-03-18 19:26:46,445 INFO     Saving network params to trainNN/out/v050-finunified-59-g49231f9-dirty:lstm-best-features-power,pitch,ffv,word2vec_dim30/epoch-040.pkl
2017-03-18 19:26:47,353 INFO     epoch: 40 took 30.611s (2.849s in batching)
training loss:	0.489991
validation loss:	0.497214
validation error:	0.236410
2017-03-18 19:26:47,354 INFO     Wrote output to trainNN/out/v050-finunified-59-g49231f9-dirty:lstm-best-features-power,pitch,ffv,word2vec_dim30/config.json
2017-03-18 19:27:17,089 INFO     Saving network params to trainNN/out/v050-finunified-59-g49231f9-dirty:lstm-best-features-power,pitch,ffv,word2vec_dim30/epoch-041.pkl
2017-03-18 19:27:17,997 INFO     epoch: 41 took 30.644s (2.849s in batching)
training loss:	0.488495
validation loss:	0.499104
validation error:	0.235897
2017-03-18 19:27:17,998 INFO     Wrote output to trainNN/out/v050-finunified-59-g49231f9-dirty:lstm-best-features-power,pitch,ffv,word2vec_dim30/config.json
2017-03-18 19:27:47,799 INFO     Saving network params to trainNN/out/v050-finunified-59-g49231f9-dirty:lstm-best-features-power,pitch,ffv,word2vec_dim30/epoch-042.pkl
2017-03-18 19:27:48,704 INFO     epoch: 42 took 30.707s (2.857s in batching)
training loss:	0.487613
validation loss:	0.504170
validation error:	0.245333
2017-03-18 19:27:48,705 INFO     Wrote output to trainNN/out/v050-finunified-59-g49231f9-dirty:lstm-best-features-power,pitch,ffv,word2vec_dim30/config.json
2017-03-18 19:28:18,220 INFO     Saving network params to trainNN/out/v050-finunified-59-g49231f9-dirty:lstm-best-features-power,pitch,ffv,word2vec_dim30/epoch-043.pkl
2017-03-18 19:28:19,163 INFO     epoch: 43 took 30.459s (2.817s in batching)
training loss:	0.487387
validation loss:	0.505228
validation error:	0.245538
2017-03-18 19:28:19,164 INFO     Wrote output to trainNN/out/v050-finunified-59-g49231f9-dirty:lstm-best-features-power,pitch,ffv,word2vec_dim30/config.json
2017-03-18 19:28:49,480 INFO     Saving network params to trainNN/out/v050-finunified-59-g49231f9-dirty:lstm-best-features-power,pitch,ffv,word2vec_dim30/epoch-044.pkl
2017-03-18 19:28:50,459 INFO     epoch: 44 took 31.296s (2.915s in batching)
training loss:	0.486748
validation loss:	0.503042
validation error:	0.243179
2017-03-18 19:28:50,461 INFO     Wrote output to trainNN/out/v050-finunified-59-g49231f9-dirty:lstm-best-features-power,pitch,ffv,word2vec_dim30/config.json
2017-03-18 19:29:20,795 INFO     Saving network params to trainNN/out/v050-finunified-59-g49231f9-dirty:lstm-best-features-power,pitch,ffv,word2vec_dim30/epoch-045.pkl
2017-03-18 19:29:21,710 INFO     epoch: 45 took 31.251s (2.932s in batching)
training loss:	0.486595
validation loss:	0.500946
validation error:	0.235385
2017-03-18 19:29:21,711 INFO     Wrote output to trainNN/out/v050-finunified-59-g49231f9-dirty:lstm-best-features-power,pitch,ffv,word2vec_dim30/config.json
2017-03-18 19:29:51,434 INFO     Saving network params to trainNN/out/v050-finunified-59-g49231f9-dirty:lstm-best-features-power,pitch,ffv,word2vec_dim30/epoch-046.pkl
2017-03-18 19:29:52,364 INFO     epoch: 46 took 30.654s (2.857s in batching)
training loss:	0.485488
validation loss:	0.500653
validation error:	0.237231
2017-03-18 19:29:52,365 INFO     Wrote output to trainNN/out/v050-finunified-59-g49231f9-dirty:lstm-best-features-power,pitch,ffv,word2vec_dim30/config.json
2017-03-18 19:30:22,269 INFO     Saving network params to trainNN/out/v050-finunified-59-g49231f9-dirty:lstm-best-features-power,pitch,ffv,word2vec_dim30/epoch-047.pkl
2017-03-18 19:30:23,179 INFO     epoch: 47 took 30.815s (2.883s in batching)
training loss:	0.484552
validation loss:	0.498993
validation error:	0.241333
2017-03-18 19:30:23,180 INFO     Wrote output to trainNN/out/v050-finunified-59-g49231f9-dirty:lstm-best-features-power,pitch,ffv,word2vec_dim30/config.json
2017-03-18 19:30:52,667 INFO     Saving network params to trainNN/out/v050-finunified-59-g49231f9-dirty:lstm-best-features-power,pitch,ffv,word2vec_dim30/epoch-048.pkl
2017-03-18 19:30:53,586 INFO     epoch: 48 took 30.407s (2.811s in batching)
training loss:	0.484102
validation loss:	0.500997
validation error:	0.238564
2017-03-18 19:30:53,588 INFO     Wrote output to trainNN/out/v050-finunified-59-g49231f9-dirty:lstm-best-features-power,pitch,ffv,word2vec_dim30/config.json
2017-03-18 19:31:24,616 INFO     Saving network params to trainNN/out/v050-finunified-59-g49231f9-dirty:lstm-best-features-power,pitch,ffv,word2vec_dim30/epoch-049.pkl
2017-03-18 19:31:25,627 INFO     epoch: 49 took 32.040s (3.012s in batching)
training loss:	0.483669
validation loss:	0.503349
validation error:	0.237538
2017-03-18 19:31:25,628 INFO     Wrote output to trainNN/out/v050-finunified-59-g49231f9-dirty:lstm-best-features-power,pitch,ffv,word2vec_dim30/config.json
2017-03-18 19:31:57,212 INFO     Saving network params to trainNN/out/v050-finunified-59-g49231f9-dirty:lstm-best-features-power,pitch,ffv,word2vec_dim30/epoch-050.pkl
2017-03-18 19:31:58,135 INFO     epoch: 50 took 32.509s (3.080s in batching)
training loss:	0.482235
validation loss:	0.502178
validation error:	0.244513
2017-03-18 19:31:58,137 INFO     Wrote output to trainNN/out/v050-finunified-59-g49231f9-dirty:lstm-best-features-power,pitch,ffv,word2vec_dim30/config.json
2017-03-18 19:32:27,996 INFO     Saving network params to trainNN/out/v050-finunified-59-g49231f9-dirty:lstm-best-features-power,pitch,ffv,word2vec_dim30/epoch-051.pkl
2017-03-18 19:32:28,907 INFO     epoch: 51 took 30.771s (2.886s in batching)
training loss:	0.482330
validation loss:	0.501332
validation error:	0.238769
2017-03-18 19:32:28,908 INFO     Wrote output to trainNN/out/v050-finunified-59-g49231f9-dirty:lstm-best-features-power,pitch,ffv,word2vec_dim30/config.json
2017-03-18 19:32:58,668 INFO     Saving network params to trainNN/out/v050-finunified-59-g49231f9-dirty:lstm-best-features-power,pitch,ffv,word2vec_dim30/epoch-052.pkl
2017-03-18 19:32:59,579 INFO     epoch: 52 took 30.673s (2.872s in batching)
training loss:	0.482943
validation loss:	0.508399
validation error:	0.246564
2017-03-18 19:32:59,581 INFO     Wrote output to trainNN/out/v050-finunified-59-g49231f9-dirty:lstm-best-features-power,pitch,ffv,word2vec_dim30/config.json
2017-03-18 19:33:29,378 INFO     Saving network params to trainNN/out/v050-finunified-59-g49231f9-dirty:lstm-best-features-power,pitch,ffv,word2vec_dim30/epoch-053.pkl
2017-03-18 19:33:30,285 INFO     epoch: 53 took 30.706s (2.846s in batching)
training loss:	0.481183
validation loss:	0.506943
validation error:	0.240410
2017-03-18 19:33:30,287 INFO     Wrote output to trainNN/out/v050-finunified-59-g49231f9-dirty:lstm-best-features-power,pitch,ffv,word2vec_dim30/config.json
2017-03-18 19:34:00,032 INFO     Saving network params to trainNN/out/v050-finunified-59-g49231f9-dirty:lstm-best-features-power,pitch,ffv,word2vec_dim30/epoch-054.pkl
2017-03-18 19:34:00,953 INFO     epoch: 54 took 30.668s (2.855s in batching)
training loss:	0.480856
validation loss:	0.507765
validation error:	0.241231
2017-03-18 19:34:00,954 INFO     Wrote output to trainNN/out/v050-finunified-59-g49231f9-dirty:lstm-best-features-power,pitch,ffv,word2vec_dim30/config.json
2017-03-18 19:34:30,989 INFO     Saving network params to trainNN/out/v050-finunified-59-g49231f9-dirty:lstm-best-features-power,pitch,ffv,word2vec_dim30/epoch-055.pkl
2017-03-18 19:34:31,910 INFO     epoch: 55 took 30.957s (2.906s in batching)
training loss:	0.480253
validation loss:	0.504639
validation error:	0.241846
2017-03-18 19:34:31,912 INFO     Wrote output to trainNN/out/v050-finunified-59-g49231f9-dirty:lstm-best-features-power,pitch,ffv,word2vec_dim30/config.json
2017-03-18 19:35:02,120 INFO     Saving network params to trainNN/out/v050-finunified-59-g49231f9-dirty:lstm-best-features-power,pitch,ffv,word2vec_dim30/epoch-056.pkl
2017-03-18 19:35:03,041 INFO     epoch: 56 took 31.131s (2.919s in batching)
training loss:	0.479103
validation loss:	0.505732
validation error:	0.241231
2017-03-18 19:35:03,042 INFO     Wrote output to trainNN/out/v050-finunified-59-g49231f9-dirty:lstm-best-features-power,pitch,ffv,word2vec_dim30/config.json
2017-03-18 19:35:33,119 INFO     Saving network params to trainNN/out/v050-finunified-59-g49231f9-dirty:lstm-best-features-power,pitch,ffv,word2vec_dim30/epoch-057.pkl
2017-03-18 19:35:34,046 INFO     epoch: 57 took 31.005s (2.876s in batching)
training loss:	0.478866
validation loss:	0.502662
validation error:	0.241128
2017-03-18 19:35:34,047 INFO     Wrote output to trainNN/out/v050-finunified-59-g49231f9-dirty:lstm-best-features-power,pitch,ffv,word2vec_dim30/config.json
2017-03-18 19:36:04,656 INFO     Saving network params to trainNN/out/v050-finunified-59-g49231f9-dirty:lstm-best-features-power,pitch,ffv,word2vec_dim30/epoch-058.pkl
2017-03-18 19:36:05,564 INFO     epoch: 58 took 31.518s (2.977s in batching)
training loss:	0.477657
validation loss:	0.503534
validation error:	0.238359
2017-03-18 19:36:05,565 INFO     Wrote output to trainNN/out/v050-finunified-59-g49231f9-dirty:lstm-best-features-power,pitch,ffv,word2vec_dim30/config.json
2017-03-18 19:36:36,547 INFO     Saving network params to trainNN/out/v050-finunified-59-g49231f9-dirty:lstm-best-features-power,pitch,ffv,word2vec_dim30/epoch-059.pkl
2017-03-18 19:36:37,520 INFO     epoch: 59 took 31.956s (2.983s in batching)
training loss:	0.477111
validation loss:	0.504149
validation error:	0.242359
2017-03-18 19:36:37,522 INFO     Wrote output to trainNN/out/v050-finunified-59-g49231f9-dirty:lstm-best-features-power,pitch,ffv,word2vec_dim30/config.json
2017-03-18 19:37:07,358 INFO     Saving network params to trainNN/out/v050-finunified-59-g49231f9-dirty:lstm-best-features-power,pitch,ffv,word2vec_dim30/epoch-060.pkl
2017-03-18 19:37:08,273 INFO     epoch: 60 took 30.753s (2.857s in batching)
training loss:	0.476299
validation loss:	0.509971
validation error:	0.248410
2017-03-18 19:37:08,275 INFO     Wrote output to trainNN/out/v050-finunified-59-g49231f9-dirty:lstm-best-features-power,pitch,ffv,word2vec_dim30/config.json
2017-03-18 19:37:39,630 INFO     Saving network params to trainNN/out/v050-finunified-59-g49231f9-dirty:lstm-best-features-power,pitch,ffv,word2vec_dim30/epoch-061.pkl
2017-03-18 19:37:40,653 INFO     epoch: 61 took 32.379s (3.046s in batching)
training loss:	0.477108
validation loss:	0.507587
validation error:	0.240615
2017-03-18 19:37:40,655 INFO     Wrote output to trainNN/out/v050-finunified-59-g49231f9-dirty:lstm-best-features-power,pitch,ffv,word2vec_dim30/config.json
2017-03-18 19:38:12,536 INFO     Saving network params to trainNN/out/v050-finunified-59-g49231f9-dirty:lstm-best-features-power,pitch,ffv,word2vec_dim30/epoch-062.pkl
2017-03-18 19:38:13,453 INFO     epoch: 62 took 32.801s (3.134s in batching)
training loss:	0.475678
validation loss:	0.508643
validation error:	0.241949
2017-03-18 19:38:13,455 INFO     Wrote output to trainNN/out/v050-finunified-59-g49231f9-dirty:lstm-best-features-power,pitch,ffv,word2vec_dim30/config.json
2017-03-18 19:38:43,384 INFO     Saving network params to trainNN/out/v050-finunified-59-g49231f9-dirty:lstm-best-features-power,pitch,ffv,word2vec_dim30/epoch-063.pkl
2017-03-18 19:38:44,328 INFO     epoch: 63 took 30.875s (2.883s in batching)
training loss:	0.476295
validation loss:	0.510025
validation error:	0.241641
2017-03-18 19:38:44,330 INFO     Wrote output to trainNN/out/v050-finunified-59-g49231f9-dirty:lstm-best-features-power,pitch,ffv,word2vec_dim30/config.json
2017-03-18 19:39:14,328 INFO     Saving network params to trainNN/out/v050-finunified-59-g49231f9-dirty:lstm-best-features-power,pitch,ffv,word2vec_dim30/epoch-064.pkl
2017-03-18 19:39:15,253 INFO     epoch: 64 took 30.925s (2.887s in batching)
training loss:	0.474606
validation loss:	0.505952
validation error:	0.245026
2017-03-18 19:39:15,255 INFO     Wrote output to trainNN/out/v050-finunified-59-g49231f9-dirty:lstm-best-features-power,pitch,ffv,word2vec_dim30/config.json
2017-03-18 19:39:45,205 INFO     Saving network params to trainNN/out/v050-finunified-59-g49231f9-dirty:lstm-best-features-power,pitch,ffv,word2vec_dim30/epoch-065.pkl
2017-03-18 19:39:46,118 INFO     epoch: 65 took 30.865s (2.868s in batching)
training loss:	0.473818
validation loss:	0.509100
validation error:	0.241641
2017-03-18 19:39:46,120 INFO     Wrote output to trainNN/out/v050-finunified-59-g49231f9-dirty:lstm-best-features-power,pitch,ffv,word2vec_dim30/config.json
2017-03-18 19:40:15,614 INFO     Saving network params to trainNN/out/v050-finunified-59-g49231f9-dirty:lstm-best-features-power,pitch,ffv,word2vec_dim30/epoch-066.pkl
2017-03-18 19:40:16,519 INFO     epoch: 66 took 30.400s (2.812s in batching)
training loss:	0.472875
validation loss:	0.505091
validation error:	0.239385
2017-03-18 19:40:16,520 INFO     Wrote output to trainNN/out/v050-finunified-59-g49231f9-dirty:lstm-best-features-power,pitch,ffv,word2vec_dim30/config.json
2017-03-18 19:40:46,470 INFO     Saving network params to trainNN/out/v050-finunified-59-g49231f9-dirty:lstm-best-features-power,pitch,ffv,word2vec_dim30/epoch-067.pkl
2017-03-18 19:40:47,417 INFO     epoch: 67 took 30.898s (2.877s in batching)
training loss:	0.473562
validation loss:	0.513780
validation error:	0.245231
2017-03-18 19:40:47,418 INFO     Wrote output to trainNN/out/v050-finunified-59-g49231f9-dirty:lstm-best-features-power,pitch,ffv,word2vec_dim30/config.json
2017-03-18 19:41:17,263 INFO     Saving network params to trainNN/out/v050-finunified-59-g49231f9-dirty:lstm-best-features-power,pitch,ffv,word2vec_dim30/epoch-068.pkl
2017-03-18 19:41:18,198 INFO     epoch: 68 took 30.781s (2.859s in batching)
training loss:	0.472640
validation loss:	0.507750
validation error:	0.241949
2017-03-18 19:41:18,200 INFO     Wrote output to trainNN/out/v050-finunified-59-g49231f9-dirty:lstm-best-features-power,pitch,ffv,word2vec_dim30/config.json
2017-03-18 19:41:48,458 INFO     Saving network params to trainNN/out/v050-finunified-59-g49231f9-dirty:lstm-best-features-power,pitch,ffv,word2vec_dim30/epoch-069.pkl
2017-03-18 19:41:49,383 INFO     epoch: 69 took 31.185s (2.912s in batching)
training loss:	0.470981
validation loss:	0.512919
validation error:	0.244000
2017-03-18 19:41:49,385 INFO     Wrote output to trainNN/out/v050-finunified-59-g49231f9-dirty:lstm-best-features-power,pitch,ffv,word2vec_dim30/config.json
2017-03-18 19:42:19,274 INFO     Saving network params to trainNN/out/v050-finunified-59-g49231f9-dirty:lstm-best-features-power,pitch,ffv,word2vec_dim30/epoch-070.pkl
2017-03-18 19:42:20,260 INFO     epoch: 70 took 30.877s (2.860s in batching)
training loss:	0.471247
validation loss:	0.514905
validation error:	0.242462
2017-03-18 19:42:20,262 INFO     Wrote output to trainNN/out/v050-finunified-59-g49231f9-dirty:lstm-best-features-power,pitch,ffv,word2vec_dim30/config.json
2017-03-18 19:42:50,112 INFO     Saving network params to trainNN/out/v050-finunified-59-g49231f9-dirty:lstm-best-features-power,pitch,ffv,word2vec_dim30/epoch-071.pkl
2017-03-18 19:42:51,045 INFO     epoch: 71 took 30.785s (2.844s in batching)
training loss:	0.470165
validation loss:	0.514083
validation error:	0.245538
2017-03-18 19:42:51,047 INFO     Wrote output to trainNN/out/v050-finunified-59-g49231f9-dirty:lstm-best-features-power,pitch,ffv,word2vec_dim30/config.json
2017-03-18 19:43:21,327 INFO     Saving network params to trainNN/out/v050-finunified-59-g49231f9-dirty:lstm-best-features-power,pitch,ffv,word2vec_dim30/epoch-072.pkl
2017-03-18 19:43:22,275 INFO     epoch: 72 took 31.230s (2.930s in batching)
training loss:	0.469465
validation loss:	0.513474
validation error:	0.247385
2017-03-18 19:43:22,276 INFO     Wrote output to trainNN/out/v050-finunified-59-g49231f9-dirty:lstm-best-features-power,pitch,ffv,word2vec_dim30/config.json
2017-03-18 19:43:52,408 INFO     Saving network params to trainNN/out/v050-finunified-59-g49231f9-dirty:lstm-best-features-power,pitch,ffv,word2vec_dim30/epoch-073.pkl
2017-03-18 19:43:53,309 INFO     epoch: 73 took 31.035s (2.904s in batching)
training loss:	0.468943
validation loss:	0.519891
validation error:	0.249231
2017-03-18 19:43:53,311 INFO     Wrote output to trainNN/out/v050-finunified-59-g49231f9-dirty:lstm-best-features-power,pitch,ffv,word2vec_dim30/config.json
2017-03-18 19:44:23,037 INFO     Saving network params to trainNN/out/v050-finunified-59-g49231f9-dirty:lstm-best-features-power,pitch,ffv,word2vec_dim30/epoch-074.pkl
2017-03-18 19:44:23,964 INFO     epoch: 74 took 30.654s (2.831s in batching)
training loss:	0.468199
validation loss:	0.513710
validation error:	0.245436
2017-03-18 19:44:23,966 INFO     Wrote output to trainNN/out/v050-finunified-59-g49231f9-dirty:lstm-best-features-power,pitch,ffv,word2vec_dim30/config.json
2017-03-18 19:44:54,026 INFO     Saving network params to trainNN/out/v050-finunified-59-g49231f9-dirty:lstm-best-features-power,pitch,ffv,word2vec_dim30/epoch-075.pkl
2017-03-18 19:44:54,942 INFO     epoch: 75 took 30.978s (2.881s in batching)
training loss:	0.467344
validation loss:	0.515193
validation error:	0.246872
2017-03-18 19:44:54,943 INFO     Wrote output to trainNN/out/v050-finunified-59-g49231f9-dirty:lstm-best-features-power,pitch,ffv,word2vec_dim30/config.json
2017-03-18 19:45:25,003 INFO     Saving network params to trainNN/out/v050-finunified-59-g49231f9-dirty:lstm-best-features-power,pitch,ffv,word2vec_dim30/epoch-076.pkl
2017-03-18 19:45:25,954 INFO     epoch: 76 took 31.013s (2.903s in batching)
training loss:	0.467634
validation loss:	0.514555
validation error:	0.245641
2017-03-18 19:45:25,956 INFO     Wrote output to trainNN/out/v050-finunified-59-g49231f9-dirty:lstm-best-features-power,pitch,ffv,word2vec_dim30/config.json
2017-03-18 19:45:55,395 INFO     Saving network params to trainNN/out/v050-finunified-59-g49231f9-dirty:lstm-best-features-power,pitch,ffv,word2vec_dim30/epoch-077.pkl
2017-03-18 19:45:56,303 INFO     epoch: 77 took 30.348s (2.802s in batching)
training loss:	0.466693
validation loss:	0.516564
validation error:	0.247590
2017-03-18 19:45:56,305 INFO     Wrote output to trainNN/out/v050-finunified-59-g49231f9-dirty:lstm-best-features-power,pitch,ffv,word2vec_dim30/config.json
2017-03-18 19:46:26,162 INFO     Saving network params to trainNN/out/v050-finunified-59-g49231f9-dirty:lstm-best-features-power,pitch,ffv,word2vec_dim30/epoch-078.pkl
2017-03-18 19:46:27,085 INFO     epoch: 78 took 30.782s (2.851s in batching)
training loss:	0.466030
validation loss:	0.520018
validation error:	0.245846
2017-03-18 19:46:27,086 INFO     Wrote output to trainNN/out/v050-finunified-59-g49231f9-dirty:lstm-best-features-power,pitch,ffv,word2vec_dim30/config.json
2017-03-18 19:46:57,034 INFO     Saving network params to trainNN/out/v050-finunified-59-g49231f9-dirty:lstm-best-features-power,pitch,ffv,word2vec_dim30/epoch-079.pkl
2017-03-18 19:46:57,947 INFO     epoch: 79 took 30.862s (2.864s in batching)
training loss:	0.466092
validation loss:	0.517982
validation error:	0.247590
2017-03-18 19:46:57,948 INFO     Wrote output to trainNN/out/v050-finunified-59-g49231f9-dirty:lstm-best-features-power,pitch,ffv,word2vec_dim30/config.json
2017-03-18 19:47:27,888 INFO     Saving network params to trainNN/out/v050-finunified-59-g49231f9-dirty:lstm-best-features-power,pitch,ffv,word2vec_dim30/epoch-080.pkl
2017-03-18 19:47:28,828 INFO     epoch: 80 took 30.881s (2.889s in batching)
training loss:	0.467099
validation loss:	0.514292
validation error:	0.246872
2017-03-18 19:47:28,830 INFO     Wrote output to trainNN/out/v050-finunified-59-g49231f9-dirty:lstm-best-features-power,pitch,ffv,word2vec_dim30/config.json
2017-03-18 19:47:58,820 INFO     Saving network params to trainNN/out/v050-finunified-59-g49231f9-dirty:lstm-best-features-power,pitch,ffv,word2vec_dim30/epoch-081.pkl
2017-03-18 19:47:59,736 INFO     epoch: 81 took 30.908s (2.879s in batching)
training loss:	0.465254
validation loss:	0.523373
validation error:	0.250256
2017-03-18 19:47:59,738 INFO     Wrote output to trainNN/out/v050-finunified-59-g49231f9-dirty:lstm-best-features-power,pitch,ffv,word2vec_dim30/config.json
2017-03-18 19:48:29,421 INFO     Saving network params to trainNN/out/v050-finunified-59-g49231f9-dirty:lstm-best-features-power,pitch,ffv,word2vec_dim30/epoch-082.pkl
2017-03-18 19:48:30,329 INFO     epoch: 82 took 30.593s (2.846s in batching)
training loss:	0.463724
validation loss:	0.517216
validation error:	0.246051
2017-03-18 19:48:30,331 INFO     Wrote output to trainNN/out/v050-finunified-59-g49231f9-dirty:lstm-best-features-power,pitch,ffv,word2vec_dim30/config.json
2017-03-18 19:49:00,498 INFO     Saving network params to trainNN/out/v050-finunified-59-g49231f9-dirty:lstm-best-features-power,pitch,ffv,word2vec_dim30/epoch-083.pkl
2017-03-18 19:49:01,410 INFO     epoch: 83 took 31.081s (2.882s in batching)
training loss:	0.464516
validation loss:	0.523059
validation error:	0.253128
2017-03-18 19:49:01,412 INFO     Wrote output to trainNN/out/v050-finunified-59-g49231f9-dirty:lstm-best-features-power,pitch,ffv,word2vec_dim30/config.json
2017-03-18 19:49:31,084 INFO     Saving network params to trainNN/out/v050-finunified-59-g49231f9-dirty:lstm-best-features-power,pitch,ffv,word2vec_dim30/epoch-084.pkl
2017-03-18 19:49:32,002 INFO     epoch: 84 took 30.592s (2.833s in batching)
training loss:	0.462512
validation loss:	0.522292
validation error:	0.246256
2017-03-18 19:49:32,003 INFO     Wrote output to trainNN/out/v050-finunified-59-g49231f9-dirty:lstm-best-features-power,pitch,ffv,word2vec_dim30/config.json
2017-03-18 19:50:02,248 INFO     Saving network params to trainNN/out/v050-finunified-59-g49231f9-dirty:lstm-best-features-power,pitch,ffv,word2vec_dim30/epoch-085.pkl
2017-03-18 19:50:03,184 INFO     epoch: 85 took 31.183s (2.917s in batching)
training loss:	0.462416
validation loss:	0.523406
validation error:	0.245231
2017-03-18 19:50:03,186 INFO     Wrote output to trainNN/out/v050-finunified-59-g49231f9-dirty:lstm-best-features-power,pitch,ffv,word2vec_dim30/config.json
2017-03-18 19:50:33,066 INFO     Saving network params to trainNN/out/v050-finunified-59-g49231f9-dirty:lstm-best-features-power,pitch,ffv,word2vec_dim30/epoch-086.pkl
2017-03-18 19:50:33,948 INFO     epoch: 86 took 30.764s (2.859s in batching)
training loss:	0.463599
validation loss:	0.523088
validation error:	0.247179
2017-03-18 19:50:33,950 INFO     Wrote output to trainNN/out/v050-finunified-59-g49231f9-dirty:lstm-best-features-power,pitch,ffv,word2vec_dim30/config.json
2017-03-18 19:51:03,468 INFO     Saving network params to trainNN/out/v050-finunified-59-g49231f9-dirty:lstm-best-features-power,pitch,ffv,word2vec_dim30/epoch-087.pkl
2017-03-18 19:51:04,388 INFO     epoch: 87 took 30.440s (2.802s in batching)
training loss:	0.461994
validation loss:	0.529784
validation error:	0.246769
2017-03-18 19:51:04,390 INFO     Wrote output to trainNN/out/v050-finunified-59-g49231f9-dirty:lstm-best-features-power,pitch,ffv,word2vec_dim30/config.json
2017-03-18 19:51:33,635 INFO     Saving network params to trainNN/out/v050-finunified-59-g49231f9-dirty:lstm-best-features-power,pitch,ffv,word2vec_dim30/epoch-088.pkl
2017-03-18 19:51:34,536 INFO     epoch: 88 took 30.148s (2.796s in batching)
training loss:	0.460622
validation loss:	0.524024
validation error:	0.249128
2017-03-18 19:51:34,538 INFO     Wrote output to trainNN/out/v050-finunified-59-g49231f9-dirty:lstm-best-features-power,pitch,ffv,word2vec_dim30/config.json
2017-03-18 19:52:03,800 INFO     Saving network params to trainNN/out/v050-finunified-59-g49231f9-dirty:lstm-best-features-power,pitch,ffv,word2vec_dim30/epoch-089.pkl
2017-03-18 19:52:04,712 INFO     epoch: 89 took 30.176s (2.787s in batching)
training loss:	0.460633
validation loss:	0.520340
validation error:	0.249538
2017-03-18 19:52:04,714 INFO     Wrote output to trainNN/out/v050-finunified-59-g49231f9-dirty:lstm-best-features-power,pitch,ffv,word2vec_dim30/config.json
2017-03-18 19:52:34,599 INFO     Saving network params to trainNN/out/v050-finunified-59-g49231f9-dirty:lstm-best-features-power,pitch,ffv,word2vec_dim30/epoch-090.pkl
2017-03-18 19:52:35,510 INFO     epoch: 90 took 30.798s (2.857s in batching)
training loss:	0.460217
validation loss:	0.524448
validation error:	0.248821
2017-03-18 19:52:35,512 INFO     Wrote output to trainNN/out/v050-finunified-59-g49231f9-dirty:lstm-best-features-power,pitch,ffv,word2vec_dim30/config.json
2017-03-18 19:53:05,025 INFO     Saving network params to trainNN/out/v050-finunified-59-g49231f9-dirty:lstm-best-features-power,pitch,ffv,word2vec_dim30/epoch-091.pkl
2017-03-18 19:53:05,957 INFO     epoch: 91 took 30.447s (2.800s in batching)
training loss:	0.460284
validation loss:	0.525441
validation error:	0.247897
2017-03-18 19:53:05,959 INFO     Wrote output to trainNN/out/v050-finunified-59-g49231f9-dirty:lstm-best-features-power,pitch,ffv,word2vec_dim30/config.json
2017-03-18 19:53:35,784 INFO     Saving network params to trainNN/out/v050-finunified-59-g49231f9-dirty:lstm-best-features-power,pitch,ffv,word2vec_dim30/epoch-092.pkl
2017-03-18 19:53:36,717 INFO     epoch: 92 took 30.760s (2.856s in batching)
training loss:	0.459827
validation loss:	0.530391
validation error:	0.250051
2017-03-18 19:53:36,719 INFO     Wrote output to trainNN/out/v050-finunified-59-g49231f9-dirty:lstm-best-features-power,pitch,ffv,word2vec_dim30/config.json
2017-03-18 19:54:06,468 INFO     Saving network params to trainNN/out/v050-finunified-59-g49231f9-dirty:lstm-best-features-power,pitch,ffv,word2vec_dim30/epoch-093.pkl
2017-03-18 19:54:07,379 INFO     epoch: 93 took 30.662s (2.847s in batching)
training loss:	0.458906
validation loss:	0.527148
validation error:	0.251282
2017-03-18 19:54:07,381 INFO     Wrote output to trainNN/out/v050-finunified-59-g49231f9-dirty:lstm-best-features-power,pitch,ffv,word2vec_dim30/config.json
2017-03-18 19:54:38,119 INFO     Saving network params to trainNN/out/v050-finunified-59-g49231f9-dirty:lstm-best-features-power,pitch,ffv,word2vec_dim30/epoch-094.pkl
2017-03-18 19:54:39,044 INFO     epoch: 94 took 31.665s (2.939s in batching)
training loss:	0.458241
validation loss:	0.527348
validation error:	0.250256
2017-03-18 19:54:39,046 INFO     Wrote output to trainNN/out/v050-finunified-59-g49231f9-dirty:lstm-best-features-power,pitch,ffv,word2vec_dim30/config.json
2017-03-18 19:55:08,792 INFO     Saving network params to trainNN/out/v050-finunified-59-g49231f9-dirty:lstm-best-features-power,pitch,ffv,word2vec_dim30/epoch-095.pkl
2017-03-18 19:55:09,699 INFO     epoch: 95 took 30.656s (2.840s in batching)
training loss:	0.457822
validation loss:	0.532255
validation error:	0.248000
2017-03-18 19:55:09,702 INFO     Wrote output to trainNN/out/v050-finunified-59-g49231f9-dirty:lstm-best-features-power,pitch,ffv,word2vec_dim30/config.json
2017-03-18 19:55:39,408 INFO     Saving network params to trainNN/out/v050-finunified-59-g49231f9-dirty:lstm-best-features-power,pitch,ffv,word2vec_dim30/epoch-096.pkl
2017-03-18 19:55:40,352 INFO     epoch: 96 took 30.652s (2.818s in batching)
training loss:	0.456870
validation loss:	0.533014
validation error:	0.251077
2017-03-18 19:55:40,354 INFO     Wrote output to trainNN/out/v050-finunified-59-g49231f9-dirty:lstm-best-features-power,pitch,ffv,word2vec_dim30/config.json
2017-03-18 19:56:10,078 INFO     Saving network params to trainNN/out/v050-finunified-59-g49231f9-dirty:lstm-best-features-power,pitch,ffv,word2vec_dim30/epoch-097.pkl
2017-03-18 19:56:10,983 INFO     epoch: 97 took 30.631s (2.840s in batching)
training loss:	0.456659
validation loss:	0.531452
validation error:	0.250667
2017-03-18 19:56:10,986 INFO     Wrote output to trainNN/out/v050-finunified-59-g49231f9-dirty:lstm-best-features-power,pitch,ffv,word2vec_dim30/config.json
2017-03-18 19:56:40,682 INFO     Saving network params to trainNN/out/v050-finunified-59-g49231f9-dirty:lstm-best-features-power,pitch,ffv,word2vec_dim30/epoch-098.pkl
2017-03-18 19:56:41,635 INFO     epoch: 98 took 30.651s (2.836s in batching)
training loss:	0.455903
validation loss:	0.534805
validation error:	0.250872
2017-03-18 19:56:41,637 INFO     Wrote output to trainNN/out/v050-finunified-59-g49231f9-dirty:lstm-best-features-power,pitch,ffv,word2vec_dim30/config.json
2017-03-18 19:57:11,250 INFO     Saving network params to trainNN/out/v050-finunified-59-g49231f9-dirty:lstm-best-features-power,pitch,ffv,word2vec_dim30/epoch-099.pkl
2017-03-18 19:57:12,274 INFO     epoch: 99 took 30.639s (2.832s in batching)
training loss:	0.456391
validation loss:	0.529369
validation error:	0.253538
2017-03-18 19:57:12,276 INFO     Wrote output to trainNN/out/v050-finunified-59-g49231f9-dirty:lstm-best-features-power,pitch,ffv,word2vec_dim30/config.json
