2017-01-27 00:33:40,034 DEBUG    version=v045-unified-21-g6906991-dirty:ff-ffv-dropout-inp.2-75.5-40.5
2017-01-27 00:33:40,036 INFO     Open DBase(data/db/all240302-spk.dat, data/db/all240302-spk.idx, mode='r')
2017-01-27 00:33:44,163 DEBUG    getting all bc uttids...configs/ff-ffv-dropout/ff-ffv-dropout-inp.2-75.5-40.5.json, train
2017-01-27 00:33:44,163 INFO     Open DBase(data/db/all240302-spk.dat, data/db/all240302-spk.idx, mode='r')
2017-01-27 00:33:50,936 DEBUG    loading cached extracted data from data/cache/extract-17095dffdd75068299ccb5dd895af8ecaa0fbe1575b09b5b1ad4e4febf4d84ae.pickle
2017-01-27 00:33:55,380 DEBUG    set input dim to 9
2017-01-27 00:33:55,380 DEBUG    input dim = 9
2017-01-27 00:33:55,462 DEBUG    shuffling batches
2017-01-27 00:34:29,186 DEBUG    shuffling done
2017-01-27 00:34:29,186 DEBUG    loading data into ram
2017-01-27 00:34:29,244 DEBUG    loading data took 0.058s (cpu: 0.058s)
2017-01-27 00:34:29,245 DEBUG    getting all bc uttids...configs/ff-ffv-dropout/ff-ffv-dropout-inp.2-75.5-40.5.json, validate
2017-01-27 00:34:29,470 DEBUG    set input dim to 9
2017-01-27 00:34:29,470 DEBUG    input dim = 9
2017-01-27 00:34:29,896 DEBUG    shuffling batches
2017-01-27 00:34:33,123 DEBUG    shuffling done
2017-01-27 00:34:33,123 DEBUG    loading data into ram
2017-01-27 00:34:33,129 DEBUG    loading data took 0.007s (cpu: 0.006s)
2017-01-27 00:34:34,633 INFO     Training network with 30197 trainable out of 30197 total params.
2017-01-27 00:34:34,670 DEBUG    Using adam with learning_rate=0.001000
2017-01-27 00:34:42,199 DEBUG    Starting training...
2017-01-27 00:34:53,735 INFO     Saving network params to trainNN/out/v045-unified-21-g6906991-dirty:ff-ffv-dropout-inp.2-75.5-40.5/epoch-000.pkl
2017-01-27 00:34:54,222 INFO     epoch: 0 took 12.023s (0.012s in batching)
training loss:	0.667151
validation loss:	0.662141
validation error:	0.386944
2017-01-27 00:34:54,222 INFO     Wrote output to trainNN/out/v045-unified-21-g6906991-dirty:ff-ffv-dropout-inp.2-75.5-40.5/config.json
2017-01-27 00:35:05,604 INFO     Saving network params to trainNN/out/v045-unified-21-g6906991-dirty:ff-ffv-dropout-inp.2-75.5-40.5/epoch-001.pkl
2017-01-27 00:35:06,074 INFO     epoch: 1 took 11.853s (0.009s in batching)
training loss:	0.661799
validation loss:	0.659338
validation error:	0.385120
2017-01-27 00:35:06,075 INFO     Wrote output to trainNN/out/v045-unified-21-g6906991-dirty:ff-ffv-dropout-inp.2-75.5-40.5/config.json
2017-01-27 00:35:17,417 INFO     Saving network params to trainNN/out/v045-unified-21-g6906991-dirty:ff-ffv-dropout-inp.2-75.5-40.5/epoch-002.pkl
2017-01-27 00:35:17,909 INFO     epoch: 2 took 11.835s (0.008s in batching)
training loss:	0.661345
validation loss:	0.660111
validation error:	0.382632
2017-01-27 00:35:17,910 INFO     Wrote output to trainNN/out/v045-unified-21-g6906991-dirty:ff-ffv-dropout-inp.2-75.5-40.5/config.json
2017-01-27 00:35:29,380 INFO     Saving network params to trainNN/out/v045-unified-21-g6906991-dirty:ff-ffv-dropout-inp.2-75.5-40.5/epoch-003.pkl
2017-01-27 00:35:29,860 INFO     epoch: 3 took 11.951s (0.009s in batching)
training loss:	0.661132
validation loss:	0.656153
validation error:	0.383475
2017-01-27 00:35:29,860 INFO     Wrote output to trainNN/out/v045-unified-21-g6906991-dirty:ff-ffv-dropout-inp.2-75.5-40.5/config.json
2017-01-27 00:35:41,183 INFO     Saving network params to trainNN/out/v045-unified-21-g6906991-dirty:ff-ffv-dropout-inp.2-75.5-40.5/epoch-004.pkl
2017-01-27 00:35:41,655 INFO     epoch: 4 took 11.795s (0.008s in batching)
training loss:	0.660672
validation loss:	0.661052
validation error:	0.381581
2017-01-27 00:35:41,655 INFO     Wrote output to trainNN/out/v045-unified-21-g6906991-dirty:ff-ffv-dropout-inp.2-75.5-40.5/config.json
2017-01-27 00:35:53,022 INFO     Saving network params to trainNN/out/v045-unified-21-g6906991-dirty:ff-ffv-dropout-inp.2-75.5-40.5/epoch-005.pkl
2017-01-27 00:35:53,617 INFO     epoch: 5 took 11.962s (0.008s in batching)
training loss:	0.660365
validation loss:	0.651913
validation error:	0.385333
2017-01-27 00:35:53,617 INFO     Wrote output to trainNN/out/v045-unified-21-g6906991-dirty:ff-ffv-dropout-inp.2-75.5-40.5/config.json
2017-01-27 00:36:05,775 INFO     Saving network params to trainNN/out/v045-unified-21-g6906991-dirty:ff-ffv-dropout-inp.2-75.5-40.5/epoch-006.pkl
2017-01-27 00:36:06,247 INFO     epoch: 6 took 12.630s (0.010s in batching)
training loss:	0.660490
validation loss:	0.655606
validation error:	0.382429
2017-01-27 00:36:06,248 INFO     Wrote output to trainNN/out/v045-unified-21-g6906991-dirty:ff-ffv-dropout-inp.2-75.5-40.5/config.json
2017-01-27 00:36:18,142 INFO     Saving network params to trainNN/out/v045-unified-21-g6906991-dirty:ff-ffv-dropout-inp.2-75.5-40.5/epoch-007.pkl
2017-01-27 00:36:18,609 INFO     epoch: 7 took 12.362s (0.009s in batching)
training loss:	0.660258
validation loss:	0.660956
validation error:	0.382528
2017-01-27 00:36:18,610 INFO     Wrote output to trainNN/out/v045-unified-21-g6906991-dirty:ff-ffv-dropout-inp.2-75.5-40.5/config.json
2017-01-27 00:36:29,984 INFO     Saving network params to trainNN/out/v045-unified-21-g6906991-dirty:ff-ffv-dropout-inp.2-75.5-40.5/epoch-008.pkl
2017-01-27 00:36:30,456 INFO     epoch: 8 took 11.847s (0.008s in batching)
training loss:	0.660180
validation loss:	0.659082
validation error:	0.382429
2017-01-27 00:36:30,457 INFO     Wrote output to trainNN/out/v045-unified-21-g6906991-dirty:ff-ffv-dropout-inp.2-75.5-40.5/config.json
2017-01-27 00:36:42,091 INFO     Saving network params to trainNN/out/v045-unified-21-g6906991-dirty:ff-ffv-dropout-inp.2-75.5-40.5/epoch-009.pkl
2017-01-27 00:36:42,558 INFO     epoch: 9 took 12.101s (0.009s in batching)
training loss:	0.659808
validation loss:	0.656038
validation error:	0.383301
2017-01-27 00:36:42,558 INFO     Wrote output to trainNN/out/v045-unified-21-g6906991-dirty:ff-ffv-dropout-inp.2-75.5-40.5/config.json
2017-01-27 00:36:54,549 INFO     Saving network params to trainNN/out/v045-unified-21-g6906991-dirty:ff-ffv-dropout-inp.2-75.5-40.5/epoch-010.pkl
2017-01-27 00:36:55,029 INFO     epoch: 10 took 12.471s (0.009s in batching)
training loss:	0.659725
validation loss:	0.657401
validation error:	0.383024
2017-01-27 00:36:55,029 INFO     Wrote output to trainNN/out/v045-unified-21-g6906991-dirty:ff-ffv-dropout-inp.2-75.5-40.5/config.json
2017-01-27 00:37:06,317 INFO     Saving network params to trainNN/out/v045-unified-21-g6906991-dirty:ff-ffv-dropout-inp.2-75.5-40.5/epoch-011.pkl
2017-01-27 00:37:06,780 INFO     epoch: 11 took 11.752s (0.008s in batching)
training loss:	0.659618
validation loss:	0.658482
validation error:	0.380005
2017-01-27 00:37:06,781 INFO     Wrote output to trainNN/out/v045-unified-21-g6906991-dirty:ff-ffv-dropout-inp.2-75.5-40.5/config.json
2017-01-27 00:37:18,292 INFO     Saving network params to trainNN/out/v045-unified-21-g6906991-dirty:ff-ffv-dropout-inp.2-75.5-40.5/epoch-012.pkl
2017-01-27 00:37:18,760 INFO     epoch: 12 took 11.979s (0.008s in batching)
training loss:	0.659435
validation loss:	0.655533
validation error:	0.379693
2017-01-27 00:37:18,760 INFO     Wrote output to trainNN/out/v045-unified-21-g6906991-dirty:ff-ffv-dropout-inp.2-75.5-40.5/config.json
2017-01-27 00:37:30,459 INFO     Saving network params to trainNN/out/v045-unified-21-g6906991-dirty:ff-ffv-dropout-inp.2-75.5-40.5/epoch-013.pkl
2017-01-27 00:37:30,927 INFO     epoch: 13 took 12.167s (0.009s in batching)
training loss:	0.659490
validation loss:	0.660648
validation error:	0.379589
2017-01-27 00:37:30,927 INFO     Wrote output to trainNN/out/v045-unified-21-g6906991-dirty:ff-ffv-dropout-inp.2-75.5-40.5/config.json
2017-01-27 00:37:42,279 INFO     Saving network params to trainNN/out/v045-unified-21-g6906991-dirty:ff-ffv-dropout-inp.2-75.5-40.5/epoch-014.pkl
2017-01-27 00:37:42,751 INFO     epoch: 14 took 11.825s (0.008s in batching)
training loss:	0.659301
validation loss:	0.659606
validation error:	0.383375
2017-01-27 00:37:42,752 INFO     Wrote output to trainNN/out/v045-unified-21-g6906991-dirty:ff-ffv-dropout-inp.2-75.5-40.5/config.json
2017-01-27 00:37:54,377 INFO     Saving network params to trainNN/out/v045-unified-21-g6906991-dirty:ff-ffv-dropout-inp.2-75.5-40.5/epoch-015.pkl
2017-01-27 00:37:54,850 INFO     epoch: 15 took 12.099s (0.009s in batching)
training loss:	0.659101
validation loss:	0.659176
validation error:	0.379792
2017-01-27 00:37:54,851 INFO     Wrote output to trainNN/out/v045-unified-21-g6906991-dirty:ff-ffv-dropout-inp.2-75.5-40.5/config.json
2017-01-27 00:38:06,438 INFO     Saving network params to trainNN/out/v045-unified-21-g6906991-dirty:ff-ffv-dropout-inp.2-75.5-40.5/epoch-016.pkl
2017-01-27 00:38:06,915 INFO     epoch: 16 took 12.065s (0.009s in batching)
training loss:	0.659278
validation loss:	0.659924
validation error:	0.380748
2017-01-27 00:38:06,916 INFO     Wrote output to trainNN/out/v045-unified-21-g6906991-dirty:ff-ffv-dropout-inp.2-75.5-40.5/config.json
2017-01-27 00:38:18,569 INFO     Saving network params to trainNN/out/v045-unified-21-g6906991-dirty:ff-ffv-dropout-inp.2-75.5-40.5/epoch-017.pkl
2017-01-27 00:38:19,047 INFO     epoch: 17 took 12.131s (0.009s in batching)
training loss:	0.659244
validation loss:	0.654308
validation error:	0.386062
2017-01-27 00:38:19,048 INFO     Wrote output to trainNN/out/v045-unified-21-g6906991-dirty:ff-ffv-dropout-inp.2-75.5-40.5/config.json
2017-01-27 00:38:30,703 INFO     Saving network params to trainNN/out/v045-unified-21-g6906991-dirty:ff-ffv-dropout-inp.2-75.5-40.5/epoch-018.pkl
2017-01-27 00:38:31,181 INFO     epoch: 18 took 12.135s (0.010s in batching)
training loss:	0.659187
validation loss:	0.656173
validation error:	0.383356
2017-01-27 00:38:31,182 INFO     Wrote output to trainNN/out/v045-unified-21-g6906991-dirty:ff-ffv-dropout-inp.2-75.5-40.5/config.json
2017-01-27 00:38:42,610 INFO     Saving network params to trainNN/out/v045-unified-21-g6906991-dirty:ff-ffv-dropout-inp.2-75.5-40.5/epoch-019.pkl
2017-01-27 00:38:43,088 INFO     epoch: 19 took 11.907s (0.008s in batching)
training loss:	0.659218
validation loss:	0.657549
validation error:	0.381408
2017-01-27 00:38:43,089 INFO     Wrote output to trainNN/out/v045-unified-21-g6906991-dirty:ff-ffv-dropout-inp.2-75.5-40.5/config.json
2017-01-27 00:38:54,562 INFO     Saving network params to trainNN/out/v045-unified-21-g6906991-dirty:ff-ffv-dropout-inp.2-75.5-40.5/epoch-020.pkl
2017-01-27 00:38:55,049 INFO     epoch: 20 took 11.961s (0.008s in batching)
training loss:	0.659187
validation loss:	0.655587
validation error:	0.376530
2017-01-27 00:38:55,050 INFO     Wrote output to trainNN/out/v045-unified-21-g6906991-dirty:ff-ffv-dropout-inp.2-75.5-40.5/config.json
2017-01-27 00:39:06,492 INFO     Saving network params to trainNN/out/v045-unified-21-g6906991-dirty:ff-ffv-dropout-inp.2-75.5-40.5/epoch-021.pkl
2017-01-27 00:39:06,963 INFO     epoch: 21 took 11.915s (0.008s in batching)
training loss:	0.658940
validation loss:	0.657058
validation error:	0.377819
2017-01-27 00:39:06,964 INFO     Wrote output to trainNN/out/v045-unified-21-g6906991-dirty:ff-ffv-dropout-inp.2-75.5-40.5/config.json
2017-01-27 00:39:18,475 INFO     Saving network params to trainNN/out/v045-unified-21-g6906991-dirty:ff-ffv-dropout-inp.2-75.5-40.5/epoch-022.pkl
2017-01-27 00:39:18,964 INFO     epoch: 22 took 12.000s (0.008s in batching)
training loss:	0.659139
validation loss:	0.653601
validation error:	0.377908
2017-01-27 00:39:18,964 INFO     Wrote output to trainNN/out/v045-unified-21-g6906991-dirty:ff-ffv-dropout-inp.2-75.5-40.5/config.json
2017-01-27 00:39:30,585 INFO     Saving network params to trainNN/out/v045-unified-21-g6906991-dirty:ff-ffv-dropout-inp.2-75.5-40.5/epoch-023.pkl
2017-01-27 00:39:31,067 INFO     epoch: 23 took 12.103s (0.009s in batching)
training loss:	0.659013
validation loss:	0.653290
validation error:	0.380416
2017-01-27 00:39:31,068 INFO     Wrote output to trainNN/out/v045-unified-21-g6906991-dirty:ff-ffv-dropout-inp.2-75.5-40.5/config.json
2017-01-27 00:39:42,595 INFO     Saving network params to trainNN/out/v045-unified-21-g6906991-dirty:ff-ffv-dropout-inp.2-75.5-40.5/epoch-024.pkl
2017-01-27 00:39:43,078 INFO     epoch: 24 took 12.011s (0.009s in batching)
training loss:	0.658992
validation loss:	0.655517
validation error:	0.380986
2017-01-27 00:39:43,079 INFO     Wrote output to trainNN/out/v045-unified-21-g6906991-dirty:ff-ffv-dropout-inp.2-75.5-40.5/config.json
2017-01-27 00:39:54,574 INFO     Saving network params to trainNN/out/v045-unified-21-g6906991-dirty:ff-ffv-dropout-inp.2-75.5-40.5/epoch-025.pkl
2017-01-27 00:39:55,047 INFO     epoch: 25 took 11.968s (0.008s in batching)
training loss:	0.659091
validation loss:	0.656986
validation error:	0.378473
2017-01-27 00:39:55,047 INFO     Wrote output to trainNN/out/v045-unified-21-g6906991-dirty:ff-ffv-dropout-inp.2-75.5-40.5/config.json
2017-01-27 00:40:06,846 INFO     Saving network params to trainNN/out/v045-unified-21-g6906991-dirty:ff-ffv-dropout-inp.2-75.5-40.5/epoch-026.pkl
2017-01-27 00:40:07,326 INFO     epoch: 26 took 12.280s (0.009s in batching)
training loss:	0.658965
validation loss:	0.655307
validation error:	0.382711
2017-01-27 00:40:07,327 INFO     Wrote output to trainNN/out/v045-unified-21-g6906991-dirty:ff-ffv-dropout-inp.2-75.5-40.5/config.json
2017-01-27 00:40:18,746 INFO     Saving network params to trainNN/out/v045-unified-21-g6906991-dirty:ff-ffv-dropout-inp.2-75.5-40.5/epoch-027.pkl
2017-01-27 00:40:19,237 INFO     epoch: 27 took 11.911s (0.008s in batching)
training loss:	0.658824
validation loss:	0.657151
validation error:	0.380114
2017-01-27 00:40:19,238 INFO     Wrote output to trainNN/out/v045-unified-21-g6906991-dirty:ff-ffv-dropout-inp.2-75.5-40.5/config.json
2017-01-27 00:40:30,715 INFO     Saving network params to trainNN/out/v045-unified-21-g6906991-dirty:ff-ffv-dropout-inp.2-75.5-40.5/epoch-028.pkl
2017-01-27 00:40:31,188 INFO     epoch: 28 took 11.950s (0.008s in batching)
training loss:	0.658728
validation loss:	0.658284
validation error:	0.387053
2017-01-27 00:40:31,188 INFO     Wrote output to trainNN/out/v045-unified-21-g6906991-dirty:ff-ffv-dropout-inp.2-75.5-40.5/config.json
2017-01-27 00:40:42,778 INFO     Saving network params to trainNN/out/v045-unified-21-g6906991-dirty:ff-ffv-dropout-inp.2-75.5-40.5/epoch-029.pkl
2017-01-27 00:40:43,244 INFO     epoch: 29 took 12.056s (0.009s in batching)
training loss:	0.658636
validation loss:	0.654161
validation error:	0.377943
2017-01-27 00:40:43,245 INFO     Wrote output to trainNN/out/v045-unified-21-g6906991-dirty:ff-ffv-dropout-inp.2-75.5-40.5/config.json
2017-01-27 00:40:54,753 INFO     Saving network params to trainNN/out/v045-unified-21-g6906991-dirty:ff-ffv-dropout-inp.2-75.5-40.5/epoch-030.pkl
2017-01-27 00:40:55,225 INFO     epoch: 30 took 11.981s (0.009s in batching)
training loss:	0.658767
validation loss:	0.658956
validation error:	0.380069
2017-01-27 00:40:55,226 INFO     Wrote output to trainNN/out/v045-unified-21-g6906991-dirty:ff-ffv-dropout-inp.2-75.5-40.5/config.json
2017-01-27 00:41:06,880 INFO     Saving network params to trainNN/out/v045-unified-21-g6906991-dirty:ff-ffv-dropout-inp.2-75.5-40.5/epoch-031.pkl
2017-01-27 00:41:07,359 INFO     epoch: 31 took 12.134s (0.009s in batching)
training loss:	0.658780
validation loss:	0.656711
validation error:	0.381016
2017-01-27 00:41:07,360 INFO     Wrote output to trainNN/out/v045-unified-21-g6906991-dirty:ff-ffv-dropout-inp.2-75.5-40.5/config.json
2017-01-27 00:41:18,943 INFO     Saving network params to trainNN/out/v045-unified-21-g6906991-dirty:ff-ffv-dropout-inp.2-75.5-40.5/epoch-032.pkl
2017-01-27 00:41:19,467 INFO     epoch: 32 took 12.108s (0.009s in batching)
training loss:	0.658832
validation loss:	0.655744
validation error:	0.377591
2017-01-27 00:41:19,468 INFO     Wrote output to trainNN/out/v045-unified-21-g6906991-dirty:ff-ffv-dropout-inp.2-75.5-40.5/config.json
2017-01-27 00:41:31,223 INFO     Saving network params to trainNN/out/v045-unified-21-g6906991-dirty:ff-ffv-dropout-inp.2-75.5-40.5/epoch-033.pkl
2017-01-27 00:41:31,878 INFO     epoch: 33 took 12.411s (0.010s in batching)
training loss:	0.658767
validation loss:	0.659154
validation error:	0.378944
2017-01-27 00:41:31,879 INFO     Wrote output to trainNN/out/v045-unified-21-g6906991-dirty:ff-ffv-dropout-inp.2-75.5-40.5/config.json
2017-01-27 00:41:44,012 INFO     Saving network params to trainNN/out/v045-unified-21-g6906991-dirty:ff-ffv-dropout-inp.2-75.5-40.5/epoch-034.pkl
2017-01-27 00:41:44,475 INFO     epoch: 34 took 12.597s (0.012s in batching)
training loss:	0.658502
validation loss:	0.653340
validation error:	0.382275
2017-01-27 00:41:44,476 INFO     Wrote output to trainNN/out/v045-unified-21-g6906991-dirty:ff-ffv-dropout-inp.2-75.5-40.5/config.json
2017-01-27 00:41:55,998 INFO     Saving network params to trainNN/out/v045-unified-21-g6906991-dirty:ff-ffv-dropout-inp.2-75.5-40.5/epoch-035.pkl
2017-01-27 00:41:56,468 INFO     epoch: 35 took 11.992s (0.008s in batching)
training loss:	0.658965
validation loss:	0.654788
validation error:	0.381056
2017-01-27 00:41:56,469 INFO     Wrote output to trainNN/out/v045-unified-21-g6906991-dirty:ff-ffv-dropout-inp.2-75.5-40.5/config.json
2017-01-27 00:42:08,473 INFO     Saving network params to trainNN/out/v045-unified-21-g6906991-dirty:ff-ffv-dropout-inp.2-75.5-40.5/epoch-036.pkl
2017-01-27 00:42:08,965 INFO     epoch: 36 took 12.497s (0.010s in batching)
training loss:	0.658414
validation loss:	0.656515
validation error:	0.383906
2017-01-27 00:42:08,966 INFO     Wrote output to trainNN/out/v045-unified-21-g6906991-dirty:ff-ffv-dropout-inp.2-75.5-40.5/config.json
2017-01-27 00:42:20,771 INFO     Saving network params to trainNN/out/v045-unified-21-g6906991-dirty:ff-ffv-dropout-inp.2-75.5-40.5/epoch-037.pkl
2017-01-27 00:42:21,275 INFO     epoch: 37 took 12.309s (0.009s in batching)
training loss:	0.658689
validation loss:	0.660422
validation error:	0.384337
2017-01-27 00:42:21,275 INFO     Wrote output to trainNN/out/v045-unified-21-g6906991-dirty:ff-ffv-dropout-inp.2-75.5-40.5/config.json
2017-01-27 00:42:33,118 INFO     Saving network params to trainNN/out/v045-unified-21-g6906991-dirty:ff-ffv-dropout-inp.2-75.5-40.5/epoch-038.pkl
2017-01-27 00:42:33,596 INFO     epoch: 38 took 12.322s (0.009s in batching)
training loss:	0.658526
validation loss:	0.656568
validation error:	0.381472
2017-01-27 00:42:33,597 INFO     Wrote output to trainNN/out/v045-unified-21-g6906991-dirty:ff-ffv-dropout-inp.2-75.5-40.5/config.json
2017-01-27 00:42:45,053 INFO     Saving network params to trainNN/out/v045-unified-21-g6906991-dirty:ff-ffv-dropout-inp.2-75.5-40.5/epoch-039.pkl
2017-01-27 00:42:45,520 INFO     epoch: 39 took 11.923s (0.008s in batching)
training loss:	0.658670
validation loss:	0.653665
validation error:	0.380600
2017-01-27 00:42:45,521 INFO     Wrote output to trainNN/out/v045-unified-21-g6906991-dirty:ff-ffv-dropout-inp.2-75.5-40.5/config.json
2017-01-27 00:42:57,413 INFO     Saving network params to trainNN/out/v045-unified-21-g6906991-dirty:ff-ffv-dropout-inp.2-75.5-40.5/epoch-040.pkl
2017-01-27 00:42:57,877 INFO     epoch: 40 took 12.357s (0.009s in batching)
training loss:	0.658632
validation loss:	0.657205
validation error:	0.378974
2017-01-27 00:42:57,878 INFO     Wrote output to trainNN/out/v045-unified-21-g6906991-dirty:ff-ffv-dropout-inp.2-75.5-40.5/config.json
2017-01-27 00:43:09,173 INFO     Saving network params to trainNN/out/v045-unified-21-g6906991-dirty:ff-ffv-dropout-inp.2-75.5-40.5/epoch-041.pkl
2017-01-27 00:43:09,648 INFO     epoch: 41 took 11.771s (0.008s in batching)
training loss:	0.658271
validation loss:	0.654480
validation error:	0.378647
2017-01-27 00:43:09,649 INFO     Wrote output to trainNN/out/v045-unified-21-g6906991-dirty:ff-ffv-dropout-inp.2-75.5-40.5/config.json
2017-01-27 00:43:21,119 INFO     Saving network params to trainNN/out/v045-unified-21-g6906991-dirty:ff-ffv-dropout-inp.2-75.5-40.5/epoch-042.pkl
2017-01-27 00:43:21,589 INFO     epoch: 42 took 11.941s (0.009s in batching)
training loss:	0.658777
validation loss:	0.655490
validation error:	0.378141
2017-01-27 00:43:21,590 INFO     Wrote output to trainNN/out/v045-unified-21-g6906991-dirty:ff-ffv-dropout-inp.2-75.5-40.5/config.json
2017-01-27 00:43:32,958 INFO     Saving network params to trainNN/out/v045-unified-21-g6906991-dirty:ff-ffv-dropout-inp.2-75.5-40.5/epoch-043.pkl
2017-01-27 00:43:33,444 INFO     epoch: 43 took 11.855s (0.008s in batching)
training loss:	0.658550
validation loss:	0.656373
validation error:	0.381527
2017-01-27 00:43:33,445 INFO     Wrote output to trainNN/out/v045-unified-21-g6906991-dirty:ff-ffv-dropout-inp.2-75.5-40.5/config.json
2017-01-27 00:43:45,455 INFO     Saving network params to trainNN/out/v045-unified-21-g6906991-dirty:ff-ffv-dropout-inp.2-75.5-40.5/epoch-044.pkl
2017-01-27 00:43:46,001 INFO     epoch: 44 took 12.556s (0.009s in batching)
training loss:	0.658533
validation loss:	0.658674
validation error:	0.386141
2017-01-27 00:43:46,002 INFO     Wrote output to trainNN/out/v045-unified-21-g6906991-dirty:ff-ffv-dropout-inp.2-75.5-40.5/config.json
2017-01-27 00:43:57,984 INFO     Saving network params to trainNN/out/v045-unified-21-g6906991-dirty:ff-ffv-dropout-inp.2-75.5-40.5/epoch-045.pkl
2017-01-27 00:43:58,484 INFO     epoch: 45 took 12.483s (0.009s in batching)
training loss:	0.658345
validation loss:	0.653360
validation error:	0.383296
2017-01-27 00:43:58,485 INFO     Wrote output to trainNN/out/v045-unified-21-g6906991-dirty:ff-ffv-dropout-inp.2-75.5-40.5/config.json
2017-01-27 00:44:10,539 INFO     Saving network params to trainNN/out/v045-unified-21-g6906991-dirty:ff-ffv-dropout-inp.2-75.5-40.5/epoch-046.pkl
2017-01-27 00:44:11,086 INFO     epoch: 46 took 12.602s (0.009s in batching)
training loss:	0.658165
validation loss:	0.655136
validation error:	0.382369
2017-01-27 00:44:11,087 INFO     Wrote output to trainNN/out/v045-unified-21-g6906991-dirty:ff-ffv-dropout-inp.2-75.5-40.5/config.json
2017-01-27 00:44:23,269 INFO     Saving network params to trainNN/out/v045-unified-21-g6906991-dirty:ff-ffv-dropout-inp.2-75.5-40.5/epoch-047.pkl
2017-01-27 00:44:23,756 INFO     epoch: 47 took 12.670s (0.009s in batching)
training loss:	0.658611
validation loss:	0.656509
validation error:	0.382850
2017-01-27 00:44:23,757 INFO     Wrote output to trainNN/out/v045-unified-21-g6906991-dirty:ff-ffv-dropout-inp.2-75.5-40.5/config.json
2017-01-27 00:44:36,160 INFO     Saving network params to trainNN/out/v045-unified-21-g6906991-dirty:ff-ffv-dropout-inp.2-75.5-40.5/epoch-048.pkl
2017-01-27 00:44:36,737 INFO     epoch: 48 took 12.980s (0.009s in batching)
training loss:	0.658076
validation loss:	0.659199
validation error:	0.384302
2017-01-27 00:44:36,738 INFO     Wrote output to trainNN/out/v045-unified-21-g6906991-dirty:ff-ffv-dropout-inp.2-75.5-40.5/config.json
2017-01-27 00:44:48,414 INFO     Saving network params to trainNN/out/v045-unified-21-g6906991-dirty:ff-ffv-dropout-inp.2-75.5-40.5/epoch-049.pkl
2017-01-27 00:44:48,882 INFO     epoch: 49 took 12.146s (0.014s in batching)
training loss:	0.657895
validation loss:	0.658314
validation error:	0.377626
2017-01-27 00:44:48,883 INFO     Wrote output to trainNN/out/v045-unified-21-g6906991-dirty:ff-ffv-dropout-inp.2-75.5-40.5/config.json
2017-01-27 00:45:00,634 INFO     Saving network params to trainNN/out/v045-unified-21-g6906991-dirty:ff-ffv-dropout-inp.2-75.5-40.5/epoch-050.pkl
2017-01-27 00:45:01,121 INFO     epoch: 50 took 12.239s (0.009s in batching)
training loss:	0.657789
validation loss:	0.657328
validation error:	0.376278
2017-01-27 00:45:01,122 INFO     Wrote output to trainNN/out/v045-unified-21-g6906991-dirty:ff-ffv-dropout-inp.2-75.5-40.5/config.json
2017-01-27 00:45:12,906 INFO     Saving network params to trainNN/out/v045-unified-21-g6906991-dirty:ff-ffv-dropout-inp.2-75.5-40.5/epoch-051.pkl
2017-01-27 00:45:13,408 INFO     epoch: 51 took 12.287s (0.009s in batching)
training loss:	0.657644
validation loss:	0.656528
validation error:	0.376397
2017-01-27 00:45:13,409 INFO     Wrote output to trainNN/out/v045-unified-21-g6906991-dirty:ff-ffv-dropout-inp.2-75.5-40.5/config.json
2017-01-27 00:45:25,075 INFO     Saving network params to trainNN/out/v045-unified-21-g6906991-dirty:ff-ffv-dropout-inp.2-75.5-40.5/epoch-052.pkl
2017-01-27 00:45:25,556 INFO     epoch: 52 took 12.148s (0.009s in batching)
training loss:	0.657871
validation loss:	0.657052
validation error:	0.383058
2017-01-27 00:45:25,557 INFO     Wrote output to trainNN/out/v045-unified-21-g6906991-dirty:ff-ffv-dropout-inp.2-75.5-40.5/config.json
2017-01-27 00:45:37,175 INFO     Saving network params to trainNN/out/v045-unified-21-g6906991-dirty:ff-ffv-dropout-inp.2-75.5-40.5/epoch-053.pkl
2017-01-27 00:45:37,665 INFO     epoch: 53 took 12.109s (0.009s in batching)
training loss:	0.657724
validation loss:	0.658172
validation error:	0.377581
2017-01-27 00:45:37,666 INFO     Wrote output to trainNN/out/v045-unified-21-g6906991-dirty:ff-ffv-dropout-inp.2-75.5-40.5/config.json
2017-01-27 00:45:49,034 INFO     Saving network params to trainNN/out/v045-unified-21-g6906991-dirty:ff-ffv-dropout-inp.2-75.5-40.5/epoch-054.pkl
2017-01-27 00:45:49,498 INFO     epoch: 54 took 11.833s (0.008s in batching)
training loss:	0.657524
validation loss:	0.655358
validation error:	0.385893
2017-01-27 00:45:49,499 INFO     Wrote output to trainNN/out/v045-unified-21-g6906991-dirty:ff-ffv-dropout-inp.2-75.5-40.5/config.json
2017-01-27 00:46:00,823 INFO     Saving network params to trainNN/out/v045-unified-21-g6906991-dirty:ff-ffv-dropout-inp.2-75.5-40.5/epoch-055.pkl
2017-01-27 00:46:01,288 INFO     epoch: 55 took 11.790s (0.008s in batching)
training loss:	0.657758
validation loss:	0.656037
validation error:	0.374563
2017-01-27 00:46:01,289 INFO     Wrote output to trainNN/out/v045-unified-21-g6906991-dirty:ff-ffv-dropout-inp.2-75.5-40.5/config.json
2017-01-27 00:46:12,963 INFO     Saving network params to trainNN/out/v045-unified-21-g6906991-dirty:ff-ffv-dropout-inp.2-75.5-40.5/epoch-056.pkl
2017-01-27 00:46:13,497 INFO     epoch: 56 took 12.208s (0.009s in batching)
training loss:	0.657826
validation loss:	0.654864
validation error:	0.375554
2017-01-27 00:46:13,498 INFO     Wrote output to trainNN/out/v045-unified-21-g6906991-dirty:ff-ffv-dropout-inp.2-75.5-40.5/config.json
2017-01-27 00:46:25,521 INFO     Saving network params to trainNN/out/v045-unified-21-g6906991-dirty:ff-ffv-dropout-inp.2-75.5-40.5/epoch-057.pkl
2017-01-27 00:46:26,007 INFO     epoch: 57 took 12.510s (0.010s in batching)
training loss:	0.657629
validation loss:	0.654672
validation error:	0.385304
2017-01-27 00:46:26,009 INFO     Wrote output to trainNN/out/v045-unified-21-g6906991-dirty:ff-ffv-dropout-inp.2-75.5-40.5/config.json
2017-01-27 00:46:37,320 INFO     Saving network params to trainNN/out/v045-unified-21-g6906991-dirty:ff-ffv-dropout-inp.2-75.5-40.5/epoch-058.pkl
2017-01-27 00:46:37,803 INFO     epoch: 58 took 11.795s (0.009s in batching)
training loss:	0.658076
validation loss:	0.659427
validation error:	0.381551
2017-01-27 00:46:37,804 INFO     Wrote output to trainNN/out/v045-unified-21-g6906991-dirty:ff-ffv-dropout-inp.2-75.5-40.5/config.json
2017-01-27 00:46:49,311 INFO     Saving network params to trainNN/out/v045-unified-21-g6906991-dirty:ff-ffv-dropout-inp.2-75.5-40.5/epoch-059.pkl
2017-01-27 00:46:49,779 INFO     epoch: 59 took 11.976s (0.009s in batching)
training loss:	0.658687
validation loss:	0.657512
validation error:	0.381130
2017-01-27 00:46:49,780 INFO     Wrote output to trainNN/out/v045-unified-21-g6906991-dirty:ff-ffv-dropout-inp.2-75.5-40.5/config.json
2017-01-27 00:47:01,904 INFO     Saving network params to trainNN/out/v045-unified-21-g6906991-dirty:ff-ffv-dropout-inp.2-75.5-40.5/epoch-060.pkl
2017-01-27 00:47:02,412 INFO     epoch: 60 took 12.633s (0.009s in batching)
training loss:	0.658783
validation loss:	0.657656
validation error:	0.379569
2017-01-27 00:47:02,413 INFO     Wrote output to trainNN/out/v045-unified-21-g6906991-dirty:ff-ffv-dropout-inp.2-75.5-40.5/config.json
2017-01-27 00:47:13,889 INFO     Saving network params to trainNN/out/v045-unified-21-g6906991-dirty:ff-ffv-dropout-inp.2-75.5-40.5/epoch-061.pkl
2017-01-27 00:47:14,424 INFO     epoch: 61 took 12.012s (0.008s in batching)
training loss:	0.658675
validation loss:	0.653710
validation error:	0.375881
2017-01-27 00:47:14,426 INFO     Wrote output to trainNN/out/v045-unified-21-g6906991-dirty:ff-ffv-dropout-inp.2-75.5-40.5/config.json
2017-01-27 00:47:26,342 INFO     Saving network params to trainNN/out/v045-unified-21-g6906991-dirty:ff-ffv-dropout-inp.2-75.5-40.5/epoch-062.pkl
2017-01-27 00:47:26,819 INFO     epoch: 62 took 12.395s (0.013s in batching)
training loss:	0.658546
validation loss:	0.657290
validation error:	0.379167
2017-01-27 00:47:26,820 INFO     Wrote output to trainNN/out/v045-unified-21-g6906991-dirty:ff-ffv-dropout-inp.2-75.5-40.5/config.json
2017-01-27 00:47:38,343 INFO     Saving network params to trainNN/out/v045-unified-21-g6906991-dirty:ff-ffv-dropout-inp.2-75.5-40.5/epoch-063.pkl
2017-01-27 00:47:38,811 INFO     epoch: 63 took 11.992s (0.008s in batching)
training loss:	0.658788
validation loss:	0.658992
validation error:	0.376377
2017-01-27 00:47:38,813 INFO     Wrote output to trainNN/out/v045-unified-21-g6906991-dirty:ff-ffv-dropout-inp.2-75.5-40.5/config.json
2017-01-27 00:47:50,383 INFO     Saving network params to trainNN/out/v045-unified-21-g6906991-dirty:ff-ffv-dropout-inp.2-75.5-40.5/epoch-064.pkl
2017-01-27 00:47:50,882 INFO     epoch: 64 took 12.071s (0.009s in batching)
training loss:	0.658735
validation loss:	0.654025
validation error:	0.377636
2017-01-27 00:47:50,883 INFO     Wrote output to trainNN/out/v045-unified-21-g6906991-dirty:ff-ffv-dropout-inp.2-75.5-40.5/config.json
2017-01-27 00:48:02,573 INFO     Saving network params to trainNN/out/v045-unified-21-g6906991-dirty:ff-ffv-dropout-inp.2-75.5-40.5/epoch-065.pkl
2017-01-27 00:48:03,082 INFO     epoch: 65 took 12.200s (0.009s in batching)
training loss:	0.658408
validation loss:	0.656863
validation error:	0.381239
2017-01-27 00:48:03,083 INFO     Wrote output to trainNN/out/v045-unified-21-g6906991-dirty:ff-ffv-dropout-inp.2-75.5-40.5/config.json
2017-01-27 00:48:14,641 INFO     Saving network params to trainNN/out/v045-unified-21-g6906991-dirty:ff-ffv-dropout-inp.2-75.5-40.5/epoch-066.pkl
2017-01-27 00:48:15,119 INFO     epoch: 66 took 12.037s (0.008s in batching)
training loss:	0.658395
validation loss:	0.657201
validation error:	0.376382
2017-01-27 00:48:15,121 INFO     Wrote output to trainNN/out/v045-unified-21-g6906991-dirty:ff-ffv-dropout-inp.2-75.5-40.5/config.json
2017-01-27 00:48:26,709 INFO     Saving network params to trainNN/out/v045-unified-21-g6906991-dirty:ff-ffv-dropout-inp.2-75.5-40.5/epoch-067.pkl
2017-01-27 00:48:27,178 INFO     epoch: 67 took 12.059s (0.009s in batching)
training loss:	0.658605
validation loss:	0.656947
validation error:	0.378716
2017-01-27 00:48:27,179 INFO     Wrote output to trainNN/out/v045-unified-21-g6906991-dirty:ff-ffv-dropout-inp.2-75.5-40.5/config.json
2017-01-27 00:48:39,227 INFO     Saving network params to trainNN/out/v045-unified-21-g6906991-dirty:ff-ffv-dropout-inp.2-75.5-40.5/epoch-068.pkl
2017-01-27 00:48:39,704 INFO     epoch: 68 took 12.526s (0.009s in batching)
training loss:	0.658573
validation loss:	0.654151
validation error:	0.383955
2017-01-27 00:48:39,705 INFO     Wrote output to trainNN/out/v045-unified-21-g6906991-dirty:ff-ffv-dropout-inp.2-75.5-40.5/config.json
2017-01-27 00:48:51,000 INFO     Saving network params to trainNN/out/v045-unified-21-g6906991-dirty:ff-ffv-dropout-inp.2-75.5-40.5/epoch-069.pkl
2017-01-27 00:48:51,465 INFO     epoch: 69 took 11.761s (0.008s in batching)
training loss:	0.658468
validation loss:	0.655405
validation error:	0.375663
2017-01-27 00:48:51,466 INFO     Wrote output to trainNN/out/v045-unified-21-g6906991-dirty:ff-ffv-dropout-inp.2-75.5-40.5/config.json
2017-01-27 00:49:02,825 INFO     Saving network params to trainNN/out/v045-unified-21-g6906991-dirty:ff-ffv-dropout-inp.2-75.5-40.5/epoch-070.pkl
2017-01-27 00:49:03,312 INFO     epoch: 70 took 11.848s (0.008s in batching)
training loss:	0.658249
validation loss:	0.656312
validation error:	0.377869
2017-01-27 00:49:03,314 INFO     Wrote output to trainNN/out/v045-unified-21-g6906991-dirty:ff-ffv-dropout-inp.2-75.5-40.5/config.json
2017-01-27 00:49:14,713 INFO     Saving network params to trainNN/out/v045-unified-21-g6906991-dirty:ff-ffv-dropout-inp.2-75.5-40.5/epoch-071.pkl
2017-01-27 00:49:15,179 INFO     epoch: 71 took 11.867s (0.008s in batching)
training loss:	0.658306
validation loss:	0.659645
validation error:	0.374870
2017-01-27 00:49:15,181 INFO     Wrote output to trainNN/out/v045-unified-21-g6906991-dirty:ff-ffv-dropout-inp.2-75.5-40.5/config.json
2017-01-27 00:49:26,941 INFO     Saving network params to trainNN/out/v045-unified-21-g6906991-dirty:ff-ffv-dropout-inp.2-75.5-40.5/epoch-072.pkl
2017-01-27 00:49:27,407 INFO     epoch: 72 took 12.228s (0.009s in batching)
training loss:	0.658613
validation loss:	0.657875
validation error:	0.378082
2017-01-27 00:49:27,409 INFO     Wrote output to trainNN/out/v045-unified-21-g6906991-dirty:ff-ffv-dropout-inp.2-75.5-40.5/config.json
2017-01-27 00:49:38,800 INFO     Saving network params to trainNN/out/v045-unified-21-g6906991-dirty:ff-ffv-dropout-inp.2-75.5-40.5/epoch-073.pkl
2017-01-27 00:49:39,270 INFO     epoch: 73 took 11.863s (0.008s in batching)
training loss:	0.658437
validation loss:	0.657422
validation error:	0.380401
2017-01-27 00:49:39,271 INFO     Wrote output to trainNN/out/v045-unified-21-g6906991-dirty:ff-ffv-dropout-inp.2-75.5-40.5/config.json
2017-01-27 00:49:50,590 INFO     Saving network params to trainNN/out/v045-unified-21-g6906991-dirty:ff-ffv-dropout-inp.2-75.5-40.5/epoch-074.pkl
2017-01-27 00:49:51,059 INFO     epoch: 74 took 11.789s (0.008s in batching)
training loss:	0.658470
validation loss:	0.658471
validation error:	0.377130
2017-01-27 00:49:51,060 INFO     Wrote output to trainNN/out/v045-unified-21-g6906991-dirty:ff-ffv-dropout-inp.2-75.5-40.5/config.json
2017-01-27 00:50:02,350 INFO     Saving network params to trainNN/out/v045-unified-21-g6906991-dirty:ff-ffv-dropout-inp.2-75.5-40.5/epoch-075.pkl
2017-01-27 00:50:02,813 INFO     epoch: 75 took 11.754s (0.008s in batching)
training loss:	0.658615
validation loss:	0.659813
validation error:	0.380595
2017-01-27 00:50:02,814 INFO     Wrote output to trainNN/out/v045-unified-21-g6906991-dirty:ff-ffv-dropout-inp.2-75.5-40.5/config.json
2017-01-27 00:50:14,082 INFO     Saving network params to trainNN/out/v045-unified-21-g6906991-dirty:ff-ffv-dropout-inp.2-75.5-40.5/epoch-076.pkl
2017-01-27 00:50:14,550 INFO     epoch: 76 took 11.737s (0.008s in batching)
training loss:	0.658207
validation loss:	0.660352
validation error:	0.378726
2017-01-27 00:50:14,551 INFO     Wrote output to trainNN/out/v045-unified-21-g6906991-dirty:ff-ffv-dropout-inp.2-75.5-40.5/config.json
2017-01-27 00:50:25,813 INFO     Saving network params to trainNN/out/v045-unified-21-g6906991-dirty:ff-ffv-dropout-inp.2-75.5-40.5/epoch-077.pkl
2017-01-27 00:50:26,322 INFO     epoch: 77 took 11.772s (0.008s in batching)
training loss:	0.658296
validation loss:	0.657312
validation error:	0.379519
2017-01-27 00:50:26,324 INFO     Wrote output to trainNN/out/v045-unified-21-g6906991-dirty:ff-ffv-dropout-inp.2-75.5-40.5/config.json
2017-01-27 00:50:37,694 INFO     Saving network params to trainNN/out/v045-unified-21-g6906991-dirty:ff-ffv-dropout-inp.2-75.5-40.5/epoch-078.pkl
2017-01-27 00:50:38,160 INFO     epoch: 78 took 11.838s (0.008s in batching)
training loss:	0.658392
validation loss:	0.660311
validation error:	0.383767
2017-01-27 00:50:38,162 INFO     Wrote output to trainNN/out/v045-unified-21-g6906991-dirty:ff-ffv-dropout-inp.2-75.5-40.5/config.json
2017-01-27 00:50:49,524 INFO     Saving network params to trainNN/out/v045-unified-21-g6906991-dirty:ff-ffv-dropout-inp.2-75.5-40.5/epoch-079.pkl
2017-01-27 00:50:49,990 INFO     epoch: 79 took 11.830s (0.008s in batching)
training loss:	0.658231
validation loss:	0.660251
validation error:	0.380907
2017-01-27 00:50:49,991 INFO     Wrote output to trainNN/out/v045-unified-21-g6906991-dirty:ff-ffv-dropout-inp.2-75.5-40.5/config.json
2017-01-27 00:51:01,421 INFO     Saving network params to trainNN/out/v045-unified-21-g6906991-dirty:ff-ffv-dropout-inp.2-75.5-40.5/epoch-080.pkl
2017-01-27 00:51:01,889 INFO     epoch: 80 took 11.899s (0.008s in batching)
training loss:	0.658476
validation loss:	0.662639
validation error:	0.380590
2017-01-27 00:51:01,891 INFO     Wrote output to trainNN/out/v045-unified-21-g6906991-dirty:ff-ffv-dropout-inp.2-75.5-40.5/config.json
2017-01-27 00:51:13,146 INFO     Saving network params to trainNN/out/v045-unified-21-g6906991-dirty:ff-ffv-dropout-inp.2-75.5-40.5/epoch-081.pkl
2017-01-27 00:51:13,613 INFO     epoch: 81 took 11.724s (0.008s in batching)
training loss:	0.658131
validation loss:	0.658602
validation error:	0.380059
2017-01-27 00:51:13,614 INFO     Wrote output to trainNN/out/v045-unified-21-g6906991-dirty:ff-ffv-dropout-inp.2-75.5-40.5/config.json
2017-01-27 00:51:25,419 INFO     Saving network params to trainNN/out/v045-unified-21-g6906991-dirty:ff-ffv-dropout-inp.2-75.5-40.5/epoch-082.pkl
2017-01-27 00:51:25,921 INFO     epoch: 82 took 12.308s (0.009s in batching)
training loss:	0.658253
validation loss:	0.659832
validation error:	0.378850
2017-01-27 00:51:25,922 INFO     Wrote output to trainNN/out/v045-unified-21-g6906991-dirty:ff-ffv-dropout-inp.2-75.5-40.5/config.json
2017-01-27 00:51:38,237 INFO     Saving network params to trainNN/out/v045-unified-21-g6906991-dirty:ff-ffv-dropout-inp.2-75.5-40.5/epoch-083.pkl
2017-01-27 00:51:38,715 INFO     epoch: 83 took 12.794s (0.010s in batching)
training loss:	0.658201
validation loss:	0.659532
validation error:	0.376248
2017-01-27 00:51:38,717 INFO     Wrote output to trainNN/out/v045-unified-21-g6906991-dirty:ff-ffv-dropout-inp.2-75.5-40.5/config.json
2017-01-27 00:51:50,414 INFO     Saving network params to trainNN/out/v045-unified-21-g6906991-dirty:ff-ffv-dropout-inp.2-75.5-40.5/epoch-084.pkl
2017-01-27 00:51:50,936 INFO     epoch: 84 took 12.221s (0.009s in batching)
training loss:	0.658337
validation loss:	0.660296
validation error:	0.375866
2017-01-27 00:51:50,938 INFO     Wrote output to trainNN/out/v045-unified-21-g6906991-dirty:ff-ffv-dropout-inp.2-75.5-40.5/config.json
2017-01-27 00:52:02,248 INFO     Saving network params to trainNN/out/v045-unified-21-g6906991-dirty:ff-ffv-dropout-inp.2-75.5-40.5/epoch-085.pkl
2017-01-27 00:52:02,713 INFO     epoch: 85 took 11.777s (0.010s in batching)
training loss:	0.658303
validation loss:	0.657320
validation error:	0.374582
2017-01-27 00:52:02,715 INFO     Wrote output to trainNN/out/v045-unified-21-g6906991-dirty:ff-ffv-dropout-inp.2-75.5-40.5/config.json
2017-01-27 00:52:14,626 INFO     Saving network params to trainNN/out/v045-unified-21-g6906991-dirty:ff-ffv-dropout-inp.2-75.5-40.5/epoch-086.pkl
2017-01-27 00:52:15,127 INFO     epoch: 86 took 12.414s (0.009s in batching)
training loss:	0.658233
validation loss:	0.657089
validation error:	0.379569
2017-01-27 00:52:15,129 INFO     Wrote output to trainNN/out/v045-unified-21-g6906991-dirty:ff-ffv-dropout-inp.2-75.5-40.5/config.json
2017-01-27 00:52:26,761 INFO     Saving network params to trainNN/out/v045-unified-21-g6906991-dirty:ff-ffv-dropout-inp.2-75.5-40.5/epoch-087.pkl
2017-01-27 00:52:27,237 INFO     epoch: 87 took 12.109s (0.009s in batching)
training loss:	0.658406
validation loss:	0.652667
validation error:	0.381036
2017-01-27 00:52:27,238 INFO     Wrote output to trainNN/out/v045-unified-21-g6906991-dirty:ff-ffv-dropout-inp.2-75.5-40.5/config.json
2017-01-27 00:52:38,707 INFO     Saving network params to trainNN/out/v045-unified-21-g6906991-dirty:ff-ffv-dropout-inp.2-75.5-40.5/epoch-088.pkl
2017-01-27 00:52:39,176 INFO     epoch: 88 took 11.939s (0.008s in batching)
training loss:	0.658160
validation loss:	0.655332
validation error:	0.379237
2017-01-27 00:52:39,177 INFO     Wrote output to trainNN/out/v045-unified-21-g6906991-dirty:ff-ffv-dropout-inp.2-75.5-40.5/config.json
2017-01-27 00:52:50,597 INFO     Saving network params to trainNN/out/v045-unified-21-g6906991-dirty:ff-ffv-dropout-inp.2-75.5-40.5/epoch-089.pkl
2017-01-27 00:52:51,065 INFO     epoch: 89 took 11.889s (0.009s in batching)
training loss:	0.658407
validation loss:	0.658370
validation error:	0.378572
2017-01-27 00:52:51,066 INFO     Wrote output to trainNN/out/v045-unified-21-g6906991-dirty:ff-ffv-dropout-inp.2-75.5-40.5/config.json
2017-01-27 00:53:02,531 INFO     Saving network params to trainNN/out/v045-unified-21-g6906991-dirty:ff-ffv-dropout-inp.2-75.5-40.5/epoch-090.pkl
2017-01-27 00:53:02,997 INFO     epoch: 90 took 11.932s (0.008s in batching)
training loss:	0.658514
validation loss:	0.660206
validation error:	0.381239
2017-01-27 00:53:02,999 INFO     Wrote output to trainNN/out/v045-unified-21-g6906991-dirty:ff-ffv-dropout-inp.2-75.5-40.5/config.json
2017-01-27 00:53:14,363 INFO     Saving network params to trainNN/out/v045-unified-21-g6906991-dirty:ff-ffv-dropout-inp.2-75.5-40.5/epoch-091.pkl
2017-01-27 00:53:14,860 INFO     epoch: 91 took 11.863s (0.008s in batching)
training loss:	0.658117
validation loss:	0.659752
validation error:	0.377199
2017-01-27 00:53:15,080 INFO     Wrote output to trainNN/out/v045-unified-21-g6906991-dirty:ff-ffv-dropout-inp.2-75.5-40.5/config.json
2017-01-27 00:53:26,547 INFO     Saving network params to trainNN/out/v045-unified-21-g6906991-dirty:ff-ffv-dropout-inp.2-75.5-40.5/epoch-092.pkl
2017-01-27 00:53:27,053 INFO     epoch: 92 took 12.193s (0.029s in batching)
training loss:	0.658188
validation loss:	0.656834
validation error:	0.379817
2017-01-27 00:53:27,078 INFO     Wrote output to trainNN/out/v045-unified-21-g6906991-dirty:ff-ffv-dropout-inp.2-75.5-40.5/config.json
2017-01-27 00:53:38,503 INFO     Saving network params to trainNN/out/v045-unified-21-g6906991-dirty:ff-ffv-dropout-inp.2-75.5-40.5/epoch-093.pkl
2017-01-27 00:53:38,968 INFO     epoch: 93 took 11.916s (0.018s in batching)
training loss:	0.658064
validation loss:	0.660670
validation error:	0.375361
2017-01-27 00:53:38,970 INFO     Wrote output to trainNN/out/v045-unified-21-g6906991-dirty:ff-ffv-dropout-inp.2-75.5-40.5/config.json
2017-01-27 00:53:50,232 INFO     Saving network params to trainNN/out/v045-unified-21-g6906991-dirty:ff-ffv-dropout-inp.2-75.5-40.5/epoch-094.pkl
2017-01-27 00:53:50,705 INFO     epoch: 94 took 11.737s (0.008s in batching)
training loss:	0.658188
validation loss:	0.660827
validation error:	0.384714
2017-01-27 00:53:50,707 INFO     Wrote output to trainNN/out/v045-unified-21-g6906991-dirty:ff-ffv-dropout-inp.2-75.5-40.5/config.json
2017-01-27 00:54:01,980 INFO     Saving network params to trainNN/out/v045-unified-21-g6906991-dirty:ff-ffv-dropout-inp.2-75.5-40.5/epoch-095.pkl
2017-01-27 00:54:02,447 INFO     epoch: 95 took 11.742s (0.008s in batching)
training loss:	0.658297
validation loss:	0.660826
validation error:	0.384471
2017-01-27 00:54:02,449 INFO     Wrote output to trainNN/out/v045-unified-21-g6906991-dirty:ff-ffv-dropout-inp.2-75.5-40.5/config.json
2017-01-27 00:54:13,938 INFO     Saving network params to trainNN/out/v045-unified-21-g6906991-dirty:ff-ffv-dropout-inp.2-75.5-40.5/epoch-096.pkl
2017-01-27 00:54:14,408 INFO     epoch: 96 took 11.960s (0.009s in batching)
training loss:	0.658253
validation loss:	0.655483
validation error:	0.376907
2017-01-27 00:54:14,409 INFO     Wrote output to trainNN/out/v045-unified-21-g6906991-dirty:ff-ffv-dropout-inp.2-75.5-40.5/config.json
2017-01-27 00:54:25,810 INFO     Saving network params to trainNN/out/v045-unified-21-g6906991-dirty:ff-ffv-dropout-inp.2-75.5-40.5/epoch-097.pkl
2017-01-27 00:54:26,276 INFO     epoch: 97 took 11.868s (0.008s in batching)
training loss:	0.658305
validation loss:	0.659638
validation error:	0.377403
2017-01-27 00:54:26,278 INFO     Wrote output to trainNN/out/v045-unified-21-g6906991-dirty:ff-ffv-dropout-inp.2-75.5-40.5/config.json
2017-01-27 00:54:37,762 INFO     Saving network params to trainNN/out/v045-unified-21-g6906991-dirty:ff-ffv-dropout-inp.2-75.5-40.5/epoch-098.pkl
2017-01-27 00:54:38,229 INFO     epoch: 98 took 11.953s (0.008s in batching)
training loss:	0.658187
validation loss:	0.658496
validation error:	0.383836
2017-01-27 00:54:38,231 INFO     Wrote output to trainNN/out/v045-unified-21-g6906991-dirty:ff-ffv-dropout-inp.2-75.5-40.5/config.json
2017-01-27 00:54:49,517 INFO     Saving network params to trainNN/out/v045-unified-21-g6906991-dirty:ff-ffv-dropout-inp.2-75.5-40.5/epoch-099.pkl
2017-01-27 00:54:49,982 INFO     epoch: 99 took 11.753s (0.008s in batching)
training loss:	0.658408
validation loss:	0.658925
validation error:	0.380446
2017-01-27 00:54:49,984 INFO     Wrote output to trainNN/out/v045-unified-21-g6906991-dirty:ff-ffv-dropout-inp.2-75.5-40.5/config.json
2017-01-27 00:55:01,390 INFO     Saving network params to trainNN/out/v045-unified-21-g6906991-dirty:ff-ffv-dropout-inp.2-75.5-40.5/epoch-100.pkl
2017-01-27 00:55:01,853 INFO     epoch: 100 took 11.871s (0.008s in batching)
training loss:	0.658155
validation loss:	0.659284
validation error:	0.375435
2017-01-27 00:55:01,855 INFO     Wrote output to trainNN/out/v045-unified-21-g6906991-dirty:ff-ffv-dropout-inp.2-75.5-40.5/config.json
2017-01-27 00:55:13,367 INFO     Saving network params to trainNN/out/v045-unified-21-g6906991-dirty:ff-ffv-dropout-inp.2-75.5-40.5/epoch-101.pkl
2017-01-27 00:55:13,843 INFO     epoch: 101 took 11.989s (0.008s in batching)
training loss:	0.658321
validation loss:	0.658922
validation error:	0.377928
2017-01-27 00:55:13,845 INFO     Wrote output to trainNN/out/v045-unified-21-g6906991-dirty:ff-ffv-dropout-inp.2-75.5-40.5/config.json
2017-01-27 00:55:25,753 INFO     Saving network params to trainNN/out/v045-unified-21-g6906991-dirty:ff-ffv-dropout-inp.2-75.5-40.5/epoch-102.pkl
2017-01-27 00:55:26,269 INFO     epoch: 102 took 12.426s (0.009s in batching)
training loss:	0.658376
validation loss:	0.663566
validation error:	0.382721
2017-01-27 00:55:26,270 INFO     Wrote output to trainNN/out/v045-unified-21-g6906991-dirty:ff-ffv-dropout-inp.2-75.5-40.5/config.json
2017-01-27 00:55:38,211 INFO     Saving network params to trainNN/out/v045-unified-21-g6906991-dirty:ff-ffv-dropout-inp.2-75.5-40.5/epoch-103.pkl
2017-01-27 00:55:38,677 INFO     epoch: 103 took 12.409s (0.009s in batching)
training loss:	0.658255
validation loss:	0.664059
validation error:	0.377452
2017-01-27 00:55:38,679 INFO     Wrote output to trainNN/out/v045-unified-21-g6906991-dirty:ff-ffv-dropout-inp.2-75.5-40.5/config.json
2017-01-27 00:55:50,451 INFO     Saving network params to trainNN/out/v045-unified-21-g6906991-dirty:ff-ffv-dropout-inp.2-75.5-40.5/epoch-104.pkl
2017-01-27 00:55:50,921 INFO     epoch: 104 took 12.243s (0.009s in batching)
training loss:	0.658168
validation loss:	0.660434
validation error:	0.377432
2017-01-27 00:55:50,923 INFO     Wrote output to trainNN/out/v045-unified-21-g6906991-dirty:ff-ffv-dropout-inp.2-75.5-40.5/config.json
2017-01-27 00:56:02,319 INFO     Saving network params to trainNN/out/v045-unified-21-g6906991-dirty:ff-ffv-dropout-inp.2-75.5-40.5/epoch-105.pkl
2017-01-27 00:56:02,790 INFO     epoch: 105 took 11.869s (0.009s in batching)
training loss:	0.658194
validation loss:	0.657960
validation error:	0.375172
2017-01-27 00:56:02,792 INFO     Wrote output to trainNN/out/v045-unified-21-g6906991-dirty:ff-ffv-dropout-inp.2-75.5-40.5/config.json
2017-01-27 00:56:14,446 INFO     Saving network params to trainNN/out/v045-unified-21-g6906991-dirty:ff-ffv-dropout-inp.2-75.5-40.5/epoch-106.pkl
2017-01-27 00:56:14,928 INFO     epoch: 106 took 12.138s (0.009s in batching)
training loss:	0.658074
validation loss:	0.657988
validation error:	0.378964
2017-01-27 00:56:14,930 INFO     Wrote output to trainNN/out/v045-unified-21-g6906991-dirty:ff-ffv-dropout-inp.2-75.5-40.5/config.json
2017-01-27 00:56:26,458 INFO     Saving network params to trainNN/out/v045-unified-21-g6906991-dirty:ff-ffv-dropout-inp.2-75.5-40.5/epoch-107.pkl
2017-01-27 00:56:26,966 INFO     epoch: 107 took 12.038s (0.008s in batching)
training loss:	0.659029
validation loss:	0.656688
validation error:	0.380649
2017-01-27 00:56:26,968 INFO     Wrote output to trainNN/out/v045-unified-21-g6906991-dirty:ff-ffv-dropout-inp.2-75.5-40.5/config.json
2017-01-27 00:56:38,422 INFO     Saving network params to trainNN/out/v045-unified-21-g6906991-dirty:ff-ffv-dropout-inp.2-75.5-40.5/epoch-108.pkl
2017-01-27 00:56:38,901 INFO     epoch: 108 took 11.935s (0.008s in batching)
training loss:	0.660132
validation loss:	0.658607
validation error:	0.381482
2017-01-27 00:56:38,902 INFO     Wrote output to trainNN/out/v045-unified-21-g6906991-dirty:ff-ffv-dropout-inp.2-75.5-40.5/config.json
2017-01-27 00:56:50,221 INFO     Saving network params to trainNN/out/v045-unified-21-g6906991-dirty:ff-ffv-dropout-inp.2-75.5-40.5/epoch-109.pkl
2017-01-27 00:56:50,683 INFO     epoch: 109 took 11.782s (0.008s in batching)
training loss:	0.660030
validation loss:	0.656783
validation error:	0.378642
2017-01-27 00:56:50,685 INFO     Wrote output to trainNN/out/v045-unified-21-g6906991-dirty:ff-ffv-dropout-inp.2-75.5-40.5/config.json
2017-01-27 00:57:01,935 INFO     Saving network params to trainNN/out/v045-unified-21-g6906991-dirty:ff-ffv-dropout-inp.2-75.5-40.5/epoch-110.pkl
2017-01-27 00:57:02,402 INFO     epoch: 110 took 11.719s (0.008s in batching)
training loss:	0.660121
validation loss:	0.661404
validation error:	0.379445
2017-01-27 00:57:02,404 INFO     Wrote output to trainNN/out/v045-unified-21-g6906991-dirty:ff-ffv-dropout-inp.2-75.5-40.5/config.json
2017-01-27 00:57:13,663 INFO     Saving network params to trainNN/out/v045-unified-21-g6906991-dirty:ff-ffv-dropout-inp.2-75.5-40.5/epoch-111.pkl
2017-01-27 00:57:14,128 INFO     epoch: 111 took 11.726s (0.008s in batching)
training loss:	0.660229
validation loss:	0.661634
validation error:	0.379425
2017-01-27 00:57:14,129 INFO     Wrote output to trainNN/out/v045-unified-21-g6906991-dirty:ff-ffv-dropout-inp.2-75.5-40.5/config.json
2017-01-27 00:57:25,393 INFO     Saving network params to trainNN/out/v045-unified-21-g6906991-dirty:ff-ffv-dropout-inp.2-75.5-40.5/epoch-112.pkl
2017-01-27 00:57:25,858 INFO     epoch: 112 took 11.731s (0.008s in batching)
training loss:	0.659205
validation loss:	0.658989
validation error:	0.379048
2017-01-27 00:57:25,860 INFO     Wrote output to trainNN/out/v045-unified-21-g6906991-dirty:ff-ffv-dropout-inp.2-75.5-40.5/config.json
2017-01-27 00:57:37,111 INFO     Saving network params to trainNN/out/v045-unified-21-g6906991-dirty:ff-ffv-dropout-inp.2-75.5-40.5/epoch-113.pkl
2017-01-27 00:57:37,579 INFO     epoch: 113 took 11.720s (0.008s in batching)
training loss:	0.658382
validation loss:	0.659018
validation error:	0.381066
2017-01-27 00:57:37,580 INFO     Wrote output to trainNN/out/v045-unified-21-g6906991-dirty:ff-ffv-dropout-inp.2-75.5-40.5/config.json
2017-01-27 00:57:48,840 INFO     Saving network params to trainNN/out/v045-unified-21-g6906991-dirty:ff-ffv-dropout-inp.2-75.5-40.5/epoch-114.pkl
2017-01-27 00:57:49,308 INFO     epoch: 114 took 11.729s (0.008s in batching)
training loss:	0.658204
validation loss:	0.656553
validation error:	0.379078
2017-01-27 00:57:49,310 INFO     Wrote output to trainNN/out/v045-unified-21-g6906991-dirty:ff-ffv-dropout-inp.2-75.5-40.5/config.json
2017-01-27 00:58:00,983 INFO     Saving network params to trainNN/out/v045-unified-21-g6906991-dirty:ff-ffv-dropout-inp.2-75.5-40.5/epoch-115.pkl
2017-01-27 00:58:01,487 INFO     epoch: 115 took 12.179s (0.009s in batching)
training loss:	0.658356
validation loss:	0.662550
validation error:	0.378087
2017-01-27 00:58:01,489 INFO     Wrote output to trainNN/out/v045-unified-21-g6906991-dirty:ff-ffv-dropout-inp.2-75.5-40.5/config.json
2017-01-27 00:58:13,166 INFO     Saving network params to trainNN/out/v045-unified-21-g6906991-dirty:ff-ffv-dropout-inp.2-75.5-40.5/epoch-116.pkl
2017-01-27 00:58:13,640 INFO     epoch: 116 took 12.153s (0.009s in batching)
training loss:	0.658226
validation loss:	0.657883
validation error:	0.378399
2017-01-27 00:58:13,642 INFO     Wrote output to trainNN/out/v045-unified-21-g6906991-dirty:ff-ffv-dropout-inp.2-75.5-40.5/config.json
2017-01-27 00:58:24,988 INFO     Saving network params to trainNN/out/v045-unified-21-g6906991-dirty:ff-ffv-dropout-inp.2-75.5-40.5/epoch-117.pkl
2017-01-27 00:58:25,456 INFO     epoch: 117 took 11.816s (0.008s in batching)
training loss:	0.658236
validation loss:	0.655687
validation error:	0.374240
2017-01-27 00:58:25,458 INFO     Wrote output to trainNN/out/v045-unified-21-g6906991-dirty:ff-ffv-dropout-inp.2-75.5-40.5/config.json
2017-01-27 00:58:36,745 INFO     Saving network params to trainNN/out/v045-unified-21-g6906991-dirty:ff-ffv-dropout-inp.2-75.5-40.5/epoch-118.pkl
2017-01-27 00:58:37,216 INFO     epoch: 118 took 11.760s (0.008s in batching)
training loss:	0.658078
validation loss:	0.659484
validation error:	0.376639
2017-01-27 00:58:37,217 INFO     Wrote output to trainNN/out/v045-unified-21-g6906991-dirty:ff-ffv-dropout-inp.2-75.5-40.5/config.json
2017-01-27 00:58:48,485 INFO     Saving network params to trainNN/out/v045-unified-21-g6906991-dirty:ff-ffv-dropout-inp.2-75.5-40.5/epoch-119.pkl
2017-01-27 00:58:48,950 INFO     epoch: 119 took 11.734s (0.008s in batching)
training loss:	0.658162
validation loss:	0.659440
validation error:	0.377289
2017-01-27 00:58:48,951 INFO     Wrote output to trainNN/out/v045-unified-21-g6906991-dirty:ff-ffv-dropout-inp.2-75.5-40.5/config.json
2017-01-27 00:59:00,212 INFO     Saving network params to trainNN/out/v045-unified-21-g6906991-dirty:ff-ffv-dropout-inp.2-75.5-40.5/epoch-120.pkl
2017-01-27 00:59:00,682 INFO     epoch: 120 took 11.732s (0.008s in batching)
training loss:	0.658190
validation loss:	0.658690
validation error:	0.377735
2017-01-27 00:59:00,685 INFO     Wrote output to trainNN/out/v045-unified-21-g6906991-dirty:ff-ffv-dropout-inp.2-75.5-40.5/config.json
2017-01-27 00:59:11,964 INFO     Saving network params to trainNN/out/v045-unified-21-g6906991-dirty:ff-ffv-dropout-inp.2-75.5-40.5/epoch-121.pkl
2017-01-27 00:59:12,428 INFO     epoch: 121 took 11.746s (0.011s in batching)
training loss:	0.658402
validation loss:	0.658440
validation error:	0.381611
2017-01-27 00:59:12,430 INFO     Wrote output to trainNN/out/v045-unified-21-g6906991-dirty:ff-ffv-dropout-inp.2-75.5-40.5/config.json
2017-01-27 00:59:23,720 INFO     Saving network params to trainNN/out/v045-unified-21-g6906991-dirty:ff-ffv-dropout-inp.2-75.5-40.5/epoch-122.pkl
2017-01-27 00:59:24,185 INFO     epoch: 122 took 11.757s (0.008s in batching)
training loss:	0.658298
validation loss:	0.662732
validation error:	0.379594
2017-01-27 00:59:24,187 INFO     Wrote output to trainNN/out/v045-unified-21-g6906991-dirty:ff-ffv-dropout-inp.2-75.5-40.5/config.json
2017-01-27 00:59:35,450 INFO     Saving network params to trainNN/out/v045-unified-21-g6906991-dirty:ff-ffv-dropout-inp.2-75.5-40.5/epoch-123.pkl
2017-01-27 00:59:35,915 INFO     epoch: 123 took 11.730s (0.008s in batching)
training loss:	0.658376
validation loss:	0.659174
validation error:	0.377670
2017-01-27 00:59:35,917 INFO     Wrote output to trainNN/out/v045-unified-21-g6906991-dirty:ff-ffv-dropout-inp.2-75.5-40.5/config.json
2017-01-27 00:59:47,197 INFO     Saving network params to trainNN/out/v045-unified-21-g6906991-dirty:ff-ffv-dropout-inp.2-75.5-40.5/epoch-124.pkl
2017-01-27 00:59:47,662 INFO     epoch: 124 took 11.747s (0.008s in batching)
training loss:	0.658041
validation loss:	0.658165
validation error:	0.376213
2017-01-27 00:59:47,664 INFO     Wrote output to trainNN/out/v045-unified-21-g6906991-dirty:ff-ffv-dropout-inp.2-75.5-40.5/config.json
2017-01-27 00:59:59,211 INFO     Saving network params to trainNN/out/v045-unified-21-g6906991-dirty:ff-ffv-dropout-inp.2-75.5-40.5/epoch-125.pkl
2017-01-27 00:59:59,690 INFO     epoch: 125 took 12.028s (0.009s in batching)
training loss:	0.658198
validation loss:	0.660727
validation error:	0.379876
2017-01-27 00:59:59,692 INFO     Wrote output to trainNN/out/v045-unified-21-g6906991-dirty:ff-ffv-dropout-inp.2-75.5-40.5/config.json
2017-01-27 01:00:11,081 INFO     Saving network params to trainNN/out/v045-unified-21-g6906991-dirty:ff-ffv-dropout-inp.2-75.5-40.5/epoch-126.pkl
2017-01-27 01:00:11,547 INFO     epoch: 126 took 11.857s (0.008s in batching)
training loss:	0.658123
validation loss:	0.655637
validation error:	0.376560
2017-01-27 01:00:11,549 INFO     Wrote output to trainNN/out/v045-unified-21-g6906991-dirty:ff-ffv-dropout-inp.2-75.5-40.5/config.json
2017-01-27 01:00:22,980 INFO     Saving network params to trainNN/out/v045-unified-21-g6906991-dirty:ff-ffv-dropout-inp.2-75.5-40.5/epoch-127.pkl
2017-01-27 01:00:23,450 INFO     epoch: 127 took 11.903s (0.008s in batching)
training loss:	0.658129
validation loss:	0.658415
validation error:	0.375906
2017-01-27 01:00:23,452 INFO     Wrote output to trainNN/out/v045-unified-21-g6906991-dirty:ff-ffv-dropout-inp.2-75.5-40.5/config.json
2017-01-27 01:00:34,807 INFO     Saving network params to trainNN/out/v045-unified-21-g6906991-dirty:ff-ffv-dropout-inp.2-75.5-40.5/epoch-128.pkl
2017-01-27 01:00:35,273 INFO     epoch: 128 took 11.823s (0.008s in batching)
training loss:	0.658226
validation loss:	0.657065
validation error:	0.378022
2017-01-27 01:00:35,275 INFO     Wrote output to trainNN/out/v045-unified-21-g6906991-dirty:ff-ffv-dropout-inp.2-75.5-40.5/config.json
2017-01-27 01:00:46,589 INFO     Saving network params to trainNN/out/v045-unified-21-g6906991-dirty:ff-ffv-dropout-inp.2-75.5-40.5/epoch-129.pkl
2017-01-27 01:00:47,055 INFO     epoch: 129 took 11.782s (0.009s in batching)
training loss:	0.658099
validation loss:	0.660454
validation error:	0.377234
2017-01-27 01:00:47,057 INFO     Wrote output to trainNN/out/v045-unified-21-g6906991-dirty:ff-ffv-dropout-inp.2-75.5-40.5/config.json
2017-01-27 01:00:58,720 INFO     Saving network params to trainNN/out/v045-unified-21-g6906991-dirty:ff-ffv-dropout-inp.2-75.5-40.5/epoch-130.pkl
2017-01-27 01:00:59,187 INFO     epoch: 130 took 12.132s (0.009s in batching)
training loss:	0.658183
validation loss:	0.661956
validation error:	0.375757
2017-01-27 01:00:59,189 INFO     Wrote output to trainNN/out/v045-unified-21-g6906991-dirty:ff-ffv-dropout-inp.2-75.5-40.5/config.json
2017-01-27 01:01:10,777 INFO     Saving network params to trainNN/out/v045-unified-21-g6906991-dirty:ff-ffv-dropout-inp.2-75.5-40.5/epoch-131.pkl
2017-01-27 01:01:11,274 INFO     epoch: 131 took 12.087s (0.009s in batching)
training loss:	0.658196
validation loss:	0.661022
validation error:	0.377244
2017-01-27 01:01:11,276 INFO     Wrote output to trainNN/out/v045-unified-21-g6906991-dirty:ff-ffv-dropout-inp.2-75.5-40.5/config.json
2017-01-27 01:01:23,028 INFO     Saving network params to trainNN/out/v045-unified-21-g6906991-dirty:ff-ffv-dropout-inp.2-75.5-40.5/epoch-132.pkl
2017-01-27 01:01:23,510 INFO     epoch: 132 took 12.236s (0.009s in batching)
training loss:	0.658287
validation loss:	0.659915
validation error:	0.378696
2017-01-27 01:01:23,512 INFO     Wrote output to trainNN/out/v045-unified-21-g6906991-dirty:ff-ffv-dropout-inp.2-75.5-40.5/config.json
2017-01-27 01:01:35,410 INFO     Saving network params to trainNN/out/v045-unified-21-g6906991-dirty:ff-ffv-dropout-inp.2-75.5-40.5/epoch-133.pkl
2017-01-27 01:01:35,929 INFO     epoch: 133 took 12.418s (0.009s in batching)
training loss:	0.658114
validation loss:	0.659054
validation error:	0.378870
2017-01-27 01:01:35,931 INFO     Wrote output to trainNN/out/v045-unified-21-g6906991-dirty:ff-ffv-dropout-inp.2-75.5-40.5/config.json
2017-01-27 01:01:48,307 INFO     Saving network params to trainNN/out/v045-unified-21-g6906991-dirty:ff-ffv-dropout-inp.2-75.5-40.5/epoch-134.pkl
2017-01-27 01:01:48,801 INFO     epoch: 134 took 12.872s (0.010s in batching)
training loss:	0.658083
validation loss:	0.656987
validation error:	0.376411
2017-01-27 01:01:48,803 INFO     Wrote output to trainNN/out/v045-unified-21-g6906991-dirty:ff-ffv-dropout-inp.2-75.5-40.5/config.json
2017-01-27 01:02:00,732 INFO     Saving network params to trainNN/out/v045-unified-21-g6906991-dirty:ff-ffv-dropout-inp.2-75.5-40.5/epoch-135.pkl
2017-01-27 01:02:01,204 INFO     epoch: 135 took 12.403s (0.009s in batching)
training loss:	0.658395
validation loss:	0.658680
validation error:	0.378642
2017-01-27 01:02:01,206 INFO     Wrote output to trainNN/out/v045-unified-21-g6906991-dirty:ff-ffv-dropout-inp.2-75.5-40.5/config.json
2017-01-27 01:02:12,604 INFO     Saving network params to trainNN/out/v045-unified-21-g6906991-dirty:ff-ffv-dropout-inp.2-75.5-40.5/epoch-136.pkl
2017-01-27 01:02:13,073 INFO     epoch: 136 took 11.869s (0.008s in batching)
training loss:	0.658293
validation loss:	0.658504
validation error:	0.377715
2017-01-27 01:02:13,075 INFO     Wrote output to trainNN/out/v045-unified-21-g6906991-dirty:ff-ffv-dropout-inp.2-75.5-40.5/config.json
2017-01-27 01:02:24,397 INFO     Saving network params to trainNN/out/v045-unified-21-g6906991-dirty:ff-ffv-dropout-inp.2-75.5-40.5/epoch-137.pkl
2017-01-27 01:02:24,872 INFO     epoch: 137 took 11.799s (0.008s in batching)
training loss:	0.658205
validation loss:	0.657288
validation error:	0.379291
2017-01-27 01:02:24,874 INFO     Wrote output to trainNN/out/v045-unified-21-g6906991-dirty:ff-ffv-dropout-inp.2-75.5-40.5/config.json
2017-01-27 01:02:37,101 INFO     Saving network params to trainNN/out/v045-unified-21-g6906991-dirty:ff-ffv-dropout-inp.2-75.5-40.5/epoch-138.pkl
2017-01-27 01:02:37,670 INFO     epoch: 138 took 12.798s (0.009s in batching)
training loss:	0.657959
validation loss:	0.662423
validation error:	0.379841
2017-01-27 01:02:37,673 INFO     Wrote output to trainNN/out/v045-unified-21-g6906991-dirty:ff-ffv-dropout-inp.2-75.5-40.5/config.json
2017-01-27 01:02:49,892 INFO     Saving network params to trainNN/out/v045-unified-21-g6906991-dirty:ff-ffv-dropout-inp.2-75.5-40.5/epoch-139.pkl
2017-01-27 01:02:50,366 INFO     epoch: 139 took 12.696s (0.009s in batching)
training loss:	0.658024
validation loss:	0.660515
validation error:	0.373244
2017-01-27 01:02:50,368 INFO     Wrote output to trainNN/out/v045-unified-21-g6906991-dirty:ff-ffv-dropout-inp.2-75.5-40.5/config.json
2017-01-27 01:03:02,190 INFO     Saving network params to trainNN/out/v045-unified-21-g6906991-dirty:ff-ffv-dropout-inp.2-75.5-40.5/epoch-140.pkl
2017-01-27 01:03:02,660 INFO     epoch: 140 took 12.294s (0.009s in batching)
training loss:	0.658150
validation loss:	0.659961
validation error:	0.379727
2017-01-27 01:03:02,662 INFO     Wrote output to trainNN/out/v045-unified-21-g6906991-dirty:ff-ffv-dropout-inp.2-75.5-40.5/config.json
2017-01-27 01:03:14,485 INFO     Saving network params to trainNN/out/v045-unified-21-g6906991-dirty:ff-ffv-dropout-inp.2-75.5-40.5/epoch-141.pkl
2017-01-27 01:03:15,000 INFO     epoch: 141 took 12.340s (0.009s in batching)
training loss:	0.658207
validation loss:	0.656776
validation error:	0.377576
2017-01-27 01:03:15,002 INFO     Wrote output to trainNN/out/v045-unified-21-g6906991-dirty:ff-ffv-dropout-inp.2-75.5-40.5/config.json
2017-01-27 01:03:26,565 INFO     Saving network params to trainNN/out/v045-unified-21-g6906991-dirty:ff-ffv-dropout-inp.2-75.5-40.5/epoch-142.pkl
2017-01-27 01:03:27,038 INFO     epoch: 142 took 12.038s (0.012s in batching)
training loss:	0.658076
validation loss:	0.662577
validation error:	0.378077
2017-01-27 01:03:27,040 INFO     Wrote output to trainNN/out/v045-unified-21-g6906991-dirty:ff-ffv-dropout-inp.2-75.5-40.5/config.json
2017-01-27 01:03:38,470 INFO     Saving network params to trainNN/out/v045-unified-21-g6906991-dirty:ff-ffv-dropout-inp.2-75.5-40.5/epoch-143.pkl
2017-01-27 01:03:38,937 INFO     epoch: 143 took 11.899s (0.008s in batching)
training loss:	0.658242
validation loss:	0.661199
validation error:	0.378196
2017-01-27 01:03:38,939 INFO     Wrote output to trainNN/out/v045-unified-21-g6906991-dirty:ff-ffv-dropout-inp.2-75.5-40.5/config.json
2017-01-27 01:03:50,261 INFO     Saving network params to trainNN/out/v045-unified-21-g6906991-dirty:ff-ffv-dropout-inp.2-75.5-40.5/epoch-144.pkl
2017-01-27 01:03:50,730 INFO     epoch: 144 took 11.793s (0.008s in batching)
training loss:	0.658378
validation loss:	0.656712
validation error:	0.377760
2017-01-27 01:03:50,734 INFO     Wrote output to trainNN/out/v045-unified-21-g6906991-dirty:ff-ffv-dropout-inp.2-75.5-40.5/config.json
2017-01-27 01:04:02,274 INFO     Saving network params to trainNN/out/v045-unified-21-g6906991-dirty:ff-ffv-dropout-inp.2-75.5-40.5/epoch-145.pkl
2017-01-27 01:04:02,787 INFO     epoch: 145 took 12.057s (0.013s in batching)
training loss:	0.658235
validation loss:	0.658345
validation error:	0.380560
2017-01-27 01:04:02,790 INFO     Wrote output to trainNN/out/v045-unified-21-g6906991-dirty:ff-ffv-dropout-inp.2-75.5-40.5/config.json
2017-01-27 01:04:14,589 INFO     Saving network params to trainNN/out/v045-unified-21-g6906991-dirty:ff-ffv-dropout-inp.2-75.5-40.5/epoch-146.pkl
2017-01-27 01:04:15,058 INFO     epoch: 146 took 12.271s (0.010s in batching)
training loss:	0.658386
validation loss:	0.656140
validation error:	0.378607
2017-01-27 01:04:15,060 INFO     Wrote output to trainNN/out/v045-unified-21-g6906991-dirty:ff-ffv-dropout-inp.2-75.5-40.5/config.json
2017-01-27 01:04:26,397 INFO     Saving network params to trainNN/out/v045-unified-21-g6906991-dirty:ff-ffv-dropout-inp.2-75.5-40.5/epoch-147.pkl
2017-01-27 01:04:26,862 INFO     epoch: 147 took 11.804s (0.008s in batching)
training loss:	0.658139
validation loss:	0.658987
validation error:	0.377720
2017-01-27 01:04:26,864 INFO     Wrote output to trainNN/out/v045-unified-21-g6906991-dirty:ff-ffv-dropout-inp.2-75.5-40.5/config.json
2017-01-27 01:04:38,648 INFO     Saving network params to trainNN/out/v045-unified-21-g6906991-dirty:ff-ffv-dropout-inp.2-75.5-40.5/epoch-148.pkl
2017-01-27 01:04:39,115 INFO     epoch: 148 took 12.253s (0.010s in batching)
training loss:	0.658195
validation loss:	0.662395
validation error:	0.380957
2017-01-27 01:04:39,117 INFO     Wrote output to trainNN/out/v045-unified-21-g6906991-dirty:ff-ffv-dropout-inp.2-75.5-40.5/config.json
2017-01-27 01:04:50,685 INFO     Saving network params to trainNN/out/v045-unified-21-g6906991-dirty:ff-ffv-dropout-inp.2-75.5-40.5/epoch-149.pkl
2017-01-27 01:04:51,188 INFO     epoch: 149 took 12.073s (0.009s in batching)
training loss:	0.657910
validation loss:	0.661591
validation error:	0.378553
2017-01-27 01:04:51,191 INFO     Wrote output to trainNN/out/v045-unified-21-g6906991-dirty:ff-ffv-dropout-inp.2-75.5-40.5/config.json
2017-01-27 01:05:03,287 INFO     Saving network params to trainNN/out/v045-unified-21-g6906991-dirty:ff-ffv-dropout-inp.2-75.5-40.5/epoch-150.pkl
2017-01-27 01:05:03,788 INFO     epoch: 150 took 12.599s (0.009s in batching)
training loss:	0.658160
validation loss:	0.660427
validation error:	0.379871
2017-01-27 01:05:03,790 INFO     Wrote output to trainNN/out/v045-unified-21-g6906991-dirty:ff-ffv-dropout-inp.2-75.5-40.5/config.json
2017-01-27 01:05:15,214 INFO     Saving network params to trainNN/out/v045-unified-21-g6906991-dirty:ff-ffv-dropout-inp.2-75.5-40.5/epoch-151.pkl
2017-01-27 01:05:15,691 INFO     epoch: 151 took 11.903s (0.009s in batching)
training loss:	0.658332
validation loss:	0.663206
validation error:	0.384679
2017-01-27 01:05:15,693 INFO     Wrote output to trainNN/out/v045-unified-21-g6906991-dirty:ff-ffv-dropout-inp.2-75.5-40.5/config.json
2017-01-27 01:05:27,095 INFO     Saving network params to trainNN/out/v045-unified-21-g6906991-dirty:ff-ffv-dropout-inp.2-75.5-40.5/epoch-152.pkl
2017-01-27 01:05:27,561 INFO     epoch: 152 took 11.871s (0.008s in batching)
training loss:	0.657883
validation loss:	0.656566
validation error:	0.378568
2017-01-27 01:05:27,564 INFO     Wrote output to trainNN/out/v045-unified-21-g6906991-dirty:ff-ffv-dropout-inp.2-75.5-40.5/config.json
2017-01-27 01:05:39,182 INFO     Saving network params to trainNN/out/v045-unified-21-g6906991-dirty:ff-ffv-dropout-inp.2-75.5-40.5/epoch-153.pkl
2017-01-27 01:05:39,653 INFO     epoch: 153 took 12.092s (0.009s in batching)
training loss:	0.658167
validation loss:	0.661126
validation error:	0.380828
2017-01-27 01:05:39,655 INFO     Wrote output to trainNN/out/v045-unified-21-g6906991-dirty:ff-ffv-dropout-inp.2-75.5-40.5/config.json
2017-01-27 01:05:50,966 INFO     Saving network params to trainNN/out/v045-unified-21-g6906991-dirty:ff-ffv-dropout-inp.2-75.5-40.5/epoch-154.pkl
2017-01-27 01:05:51,432 INFO     epoch: 154 took 11.779s (0.008s in batching)
training loss:	0.658046
validation loss:	0.661125
validation error:	0.376734
2017-01-27 01:05:51,434 INFO     Wrote output to trainNN/out/v045-unified-21-g6906991-dirty:ff-ffv-dropout-inp.2-75.5-40.5/config.json
2017-01-27 01:06:02,763 INFO     Saving network params to trainNN/out/v045-unified-21-g6906991-dirty:ff-ffv-dropout-inp.2-75.5-40.5/epoch-155.pkl
2017-01-27 01:06:03,234 INFO     epoch: 155 took 11.802s (0.008s in batching)
training loss:	0.658063
validation loss:	0.661249
validation error:	0.376555
2017-01-27 01:06:03,237 INFO     Wrote output to trainNN/out/v045-unified-21-g6906991-dirty:ff-ffv-dropout-inp.2-75.5-40.5/config.json
2017-01-27 01:06:14,564 INFO     Saving network params to trainNN/out/v045-unified-21-g6906991-dirty:ff-ffv-dropout-inp.2-75.5-40.5/epoch-156.pkl
2017-01-27 01:06:15,032 INFO     epoch: 156 took 11.798s (0.008s in batching)
training loss:	0.658020
validation loss:	0.662333
validation error:	0.381432
2017-01-27 01:06:15,034 INFO     Wrote output to trainNN/out/v045-unified-21-g6906991-dirty:ff-ffv-dropout-inp.2-75.5-40.5/config.json
2017-01-27 01:06:26,375 INFO     Saving network params to trainNN/out/v045-unified-21-g6906991-dirty:ff-ffv-dropout-inp.2-75.5-40.5/epoch-157.pkl
2017-01-27 01:06:26,845 INFO     epoch: 157 took 11.814s (0.008s in batching)
training loss:	0.658233
validation loss:	0.659326
validation error:	0.377234
2017-01-27 01:06:26,848 INFO     Wrote output to trainNN/out/v045-unified-21-g6906991-dirty:ff-ffv-dropout-inp.2-75.5-40.5/config.json
2017-01-27 01:06:38,288 INFO     Saving network params to trainNN/out/v045-unified-21-g6906991-dirty:ff-ffv-dropout-inp.2-75.5-40.5/epoch-158.pkl
2017-01-27 01:06:38,759 INFO     epoch: 158 took 11.913s (0.009s in batching)
training loss:	0.657921
validation loss:	0.656731
validation error:	0.381462
2017-01-27 01:06:38,761 INFO     Wrote output to trainNN/out/v045-unified-21-g6906991-dirty:ff-ffv-dropout-inp.2-75.5-40.5/config.json
2017-01-27 01:06:50,168 INFO     Saving network params to trainNN/out/v045-unified-21-g6906991-dirty:ff-ffv-dropout-inp.2-75.5-40.5/epoch-159.pkl
2017-01-27 01:06:50,642 INFO     epoch: 159 took 11.883s (0.008s in batching)
training loss:	0.657905
validation loss:	0.658313
validation error:	0.383276
2017-01-27 01:06:50,645 INFO     Wrote output to trainNN/out/v045-unified-21-g6906991-dirty:ff-ffv-dropout-inp.2-75.5-40.5/config.json
2017-01-27 01:07:02,097 INFO     Saving network params to trainNN/out/v045-unified-21-g6906991-dirty:ff-ffv-dropout-inp.2-75.5-40.5/epoch-160.pkl
2017-01-27 01:07:02,569 INFO     epoch: 160 took 11.927s (0.009s in batching)
training loss:	0.658126
validation loss:	0.660012
validation error:	0.379499
2017-01-27 01:07:02,572 INFO     Wrote output to trainNN/out/v045-unified-21-g6906991-dirty:ff-ffv-dropout-inp.2-75.5-40.5/config.json
2017-01-27 01:07:14,010 INFO     Saving network params to trainNN/out/v045-unified-21-g6906991-dirty:ff-ffv-dropout-inp.2-75.5-40.5/epoch-161.pkl
2017-01-27 01:07:14,478 INFO     epoch: 161 took 11.908s (0.009s in batching)
training loss:	0.658007
validation loss:	0.660954
validation error:	0.374379
2017-01-27 01:07:14,480 INFO     Wrote output to trainNN/out/v045-unified-21-g6906991-dirty:ff-ffv-dropout-inp.2-75.5-40.5/config.json
2017-01-27 01:07:25,817 INFO     Saving network params to trainNN/out/v045-unified-21-g6906991-dirty:ff-ffv-dropout-inp.2-75.5-40.5/epoch-162.pkl
2017-01-27 01:07:26,293 INFO     epoch: 162 took 11.815s (0.008s in batching)
training loss:	0.658099
validation loss:	0.659305
validation error:	0.376694
2017-01-27 01:07:26,296 INFO     Wrote output to trainNN/out/v045-unified-21-g6906991-dirty:ff-ffv-dropout-inp.2-75.5-40.5/config.json
2017-01-27 01:07:37,632 INFO     Saving network params to trainNN/out/v045-unified-21-g6906991-dirty:ff-ffv-dropout-inp.2-75.5-40.5/epoch-163.pkl
2017-01-27 01:07:38,099 INFO     epoch: 163 took 11.806s (0.009s in batching)
training loss:	0.657905
validation loss:	0.660194
validation error:	0.385239
2017-01-27 01:07:38,102 INFO     Wrote output to trainNN/out/v045-unified-21-g6906991-dirty:ff-ffv-dropout-inp.2-75.5-40.5/config.json
2017-01-27 01:07:49,434 INFO     Saving network params to trainNN/out/v045-unified-21-g6906991-dirty:ff-ffv-dropout-inp.2-75.5-40.5/epoch-164.pkl
2017-01-27 01:07:49,905 INFO     epoch: 164 took 11.806s (0.008s in batching)
training loss:	0.658244
validation loss:	0.657012
validation error:	0.376917
2017-01-27 01:07:49,907 INFO     Wrote output to trainNN/out/v045-unified-21-g6906991-dirty:ff-ffv-dropout-inp.2-75.5-40.5/config.json
2017-01-27 01:08:01,284 INFO     Saving network params to trainNN/out/v045-unified-21-g6906991-dirty:ff-ffv-dropout-inp.2-75.5-40.5/epoch-165.pkl
2017-01-27 01:08:01,764 INFO     epoch: 165 took 11.859s (0.008s in batching)
training loss:	0.658171
validation loss:	0.657633
validation error:	0.383232
2017-01-27 01:08:01,767 INFO     Wrote output to trainNN/out/v045-unified-21-g6906991-dirty:ff-ffv-dropout-inp.2-75.5-40.5/config.json
2017-01-27 01:08:13,292 INFO     Saving network params to trainNN/out/v045-unified-21-g6906991-dirty:ff-ffv-dropout-inp.2-75.5-40.5/epoch-166.pkl
2017-01-27 01:08:13,763 INFO     epoch: 166 took 11.999s (0.008s in batching)
training loss:	0.657958
validation loss:	0.660716
validation error:	0.376515
2017-01-27 01:08:13,766 INFO     Wrote output to trainNN/out/v045-unified-21-g6906991-dirty:ff-ffv-dropout-inp.2-75.5-40.5/config.json
2017-01-27 01:08:25,099 INFO     Saving network params to trainNN/out/v045-unified-21-g6906991-dirty:ff-ffv-dropout-inp.2-75.5-40.5/epoch-167.pkl
2017-01-27 01:08:25,604 INFO     epoch: 167 took 11.841s (0.008s in batching)
training loss:	0.657891
validation loss:	0.659509
validation error:	0.377844
2017-01-27 01:08:25,606 INFO     Wrote output to trainNN/out/v045-unified-21-g6906991-dirty:ff-ffv-dropout-inp.2-75.5-40.5/config.json
2017-01-27 01:08:37,374 INFO     Saving network params to trainNN/out/v045-unified-21-g6906991-dirty:ff-ffv-dropout-inp.2-75.5-40.5/epoch-168.pkl
2017-01-27 01:08:37,878 INFO     epoch: 168 took 12.274s (0.009s in batching)
training loss:	0.657902
validation loss:	0.657440
validation error:	0.379931
2017-01-27 01:08:37,880 INFO     Wrote output to trainNN/out/v045-unified-21-g6906991-dirty:ff-ffv-dropout-inp.2-75.5-40.5/config.json
2017-01-27 01:08:49,464 INFO     Saving network params to trainNN/out/v045-unified-21-g6906991-dirty:ff-ffv-dropout-inp.2-75.5-40.5/epoch-169.pkl
2017-01-27 01:08:49,929 INFO     epoch: 169 took 12.051s (0.008s in batching)
training loss:	0.657999
validation loss:	0.658040
validation error:	0.378944
2017-01-27 01:08:49,931 INFO     Wrote output to trainNN/out/v045-unified-21-g6906991-dirty:ff-ffv-dropout-inp.2-75.5-40.5/config.json
2017-01-27 01:09:01,521 INFO     Saving network params to trainNN/out/v045-unified-21-g6906991-dirty:ff-ffv-dropout-inp.2-75.5-40.5/epoch-170.pkl
2017-01-27 01:09:02,031 INFO     epoch: 170 took 12.102s (0.008s in batching)
training loss:	0.658012
validation loss:	0.660913
validation error:	0.377487
2017-01-27 01:09:02,034 INFO     Wrote output to trainNN/out/v045-unified-21-g6906991-dirty:ff-ffv-dropout-inp.2-75.5-40.5/config.json
2017-01-27 01:09:13,356 INFO     Saving network params to trainNN/out/v045-unified-21-g6906991-dirty:ff-ffv-dropout-inp.2-75.5-40.5/epoch-171.pkl
2017-01-27 01:09:13,821 INFO     epoch: 171 took 11.790s (0.008s in batching)
training loss:	0.657927
validation loss:	0.663083
validation error:	0.377358
2017-01-27 01:09:13,824 INFO     Wrote output to trainNN/out/v045-unified-21-g6906991-dirty:ff-ffv-dropout-inp.2-75.5-40.5/config.json
2017-01-27 01:09:25,129 INFO     Saving network params to trainNN/out/v045-unified-21-g6906991-dirty:ff-ffv-dropout-inp.2-75.5-40.5/epoch-172.pkl
2017-01-27 01:09:25,597 INFO     epoch: 172 took 11.776s (0.008s in batching)
training loss:	0.658280
validation loss:	0.655595
validation error:	0.376198
2017-01-27 01:09:25,600 INFO     Wrote output to trainNN/out/v045-unified-21-g6906991-dirty:ff-ffv-dropout-inp.2-75.5-40.5/config.json
2017-01-27 01:09:36,892 INFO     Saving network params to trainNN/out/v045-unified-21-g6906991-dirty:ff-ffv-dropout-inp.2-75.5-40.5/epoch-173.pkl
2017-01-27 01:09:37,362 INFO     epoch: 173 took 11.764s (0.008s in batching)
training loss:	0.657636
validation loss:	0.660976
validation error:	0.377026
2017-01-27 01:09:37,364 INFO     Wrote output to trainNN/out/v045-unified-21-g6906991-dirty:ff-ffv-dropout-inp.2-75.5-40.5/config.json
2017-01-27 01:09:48,650 INFO     Saving network params to trainNN/out/v045-unified-21-g6906991-dirty:ff-ffv-dropout-inp.2-75.5-40.5/epoch-174.pkl
2017-01-27 01:09:49,115 INFO     epoch: 174 took 11.753s (0.008s in batching)
training loss:	0.657625
validation loss:	0.658837
validation error:	0.373591
2017-01-27 01:09:49,118 INFO     Wrote output to trainNN/out/v045-unified-21-g6906991-dirty:ff-ffv-dropout-inp.2-75.5-40.5/config.json
2017-01-27 01:10:00,447 INFO     Saving network params to trainNN/out/v045-unified-21-g6906991-dirty:ff-ffv-dropout-inp.2-75.5-40.5/epoch-175.pkl
2017-01-27 01:10:00,936 INFO     epoch: 175 took 11.821s (0.008s in batching)
training loss:	0.657483
validation loss:	0.655795
validation error:	0.374701
2017-01-27 01:10:00,938 INFO     Wrote output to trainNN/out/v045-unified-21-g6906991-dirty:ff-ffv-dropout-inp.2-75.5-40.5/config.json
2017-01-27 01:10:12,966 INFO     Saving network params to trainNN/out/v045-unified-21-g6906991-dirty:ff-ffv-dropout-inp.2-75.5-40.5/epoch-176.pkl
2017-01-27 01:10:13,452 INFO     epoch: 176 took 12.517s (0.009s in batching)
training loss:	0.657688
validation loss:	0.660023
validation error:	0.379514
2017-01-27 01:10:13,455 INFO     Wrote output to trainNN/out/v045-unified-21-g6906991-dirty:ff-ffv-dropout-inp.2-75.5-40.5/config.json
2017-01-27 01:10:24,848 INFO     Saving network params to trainNN/out/v045-unified-21-g6906991-dirty:ff-ffv-dropout-inp.2-75.5-40.5/epoch-177.pkl
2017-01-27 01:10:25,318 INFO     epoch: 177 took 11.866s (0.008s in batching)
training loss:	0.657429
validation loss:	0.662071
validation error:	0.379931
2017-01-27 01:10:25,321 INFO     Wrote output to trainNN/out/v045-unified-21-g6906991-dirty:ff-ffv-dropout-inp.2-75.5-40.5/config.json
2017-01-27 01:10:36,697 INFO     Saving network params to trainNN/out/v045-unified-21-g6906991-dirty:ff-ffv-dropout-inp.2-75.5-40.5/epoch-178.pkl
2017-01-27 01:10:37,166 INFO     epoch: 178 took 11.849s (0.008s in batching)
training loss:	0.657265
validation loss:	0.658918
validation error:	0.377294
2017-01-27 01:10:37,169 INFO     Wrote output to trainNN/out/v045-unified-21-g6906991-dirty:ff-ffv-dropout-inp.2-75.5-40.5/config.json
2017-01-27 01:10:48,513 INFO     Saving network params to trainNN/out/v045-unified-21-g6906991-dirty:ff-ffv-dropout-inp.2-75.5-40.5/epoch-179.pkl
2017-01-27 01:10:48,982 INFO     epoch: 179 took 11.815s (0.008s in batching)
training loss:	0.657471
validation loss:	0.657699
validation error:	0.375385
2017-01-27 01:10:48,984 INFO     Wrote output to trainNN/out/v045-unified-21-g6906991-dirty:ff-ffv-dropout-inp.2-75.5-40.5/config.json
2017-01-27 01:11:00,299 INFO     Saving network params to trainNN/out/v045-unified-21-g6906991-dirty:ff-ffv-dropout-inp.2-75.5-40.5/epoch-180.pkl
2017-01-27 01:11:00,766 INFO     epoch: 180 took 11.784s (0.008s in batching)
training loss:	0.657584
validation loss:	0.658734
validation error:	0.379147
2017-01-27 01:11:00,768 INFO     Wrote output to trainNN/out/v045-unified-21-g6906991-dirty:ff-ffv-dropout-inp.2-75.5-40.5/config.json
2017-01-27 01:11:12,274 INFO     Saving network params to trainNN/out/v045-unified-21-g6906991-dirty:ff-ffv-dropout-inp.2-75.5-40.5/epoch-181.pkl
2017-01-27 01:11:12,743 INFO     epoch: 181 took 11.978s (0.008s in batching)
training loss:	0.657549
validation loss:	0.659891
validation error:	0.374508
2017-01-27 01:11:12,746 INFO     Wrote output to trainNN/out/v045-unified-21-g6906991-dirty:ff-ffv-dropout-inp.2-75.5-40.5/config.json
2017-01-27 01:11:24,186 INFO     Saving network params to trainNN/out/v045-unified-21-g6906991-dirty:ff-ffv-dropout-inp.2-75.5-40.5/epoch-182.pkl
2017-01-27 01:11:24,656 INFO     epoch: 182 took 11.913s (0.008s in batching)
training loss:	0.657303
validation loss:	0.659405
validation error:	0.378478
2017-01-27 01:11:24,658 INFO     Wrote output to trainNN/out/v045-unified-21-g6906991-dirty:ff-ffv-dropout-inp.2-75.5-40.5/config.json
2017-01-27 01:11:35,967 INFO     Saving network params to trainNN/out/v045-unified-21-g6906991-dirty:ff-ffv-dropout-inp.2-75.5-40.5/epoch-183.pkl
2017-01-27 01:11:36,438 INFO     epoch: 183 took 11.783s (0.008s in batching)
training loss:	0.657467
validation loss:	0.655959
validation error:	0.381284
2017-01-27 01:11:36,441 INFO     Wrote output to trainNN/out/v045-unified-21-g6906991-dirty:ff-ffv-dropout-inp.2-75.5-40.5/config.json
2017-01-27 01:11:47,789 INFO     Saving network params to trainNN/out/v045-unified-21-g6906991-dirty:ff-ffv-dropout-inp.2-75.5-40.5/epoch-184.pkl
2017-01-27 01:11:48,255 INFO     epoch: 184 took 11.816s (0.008s in batching)
training loss:	0.657261
validation loss:	0.660040
validation error:	0.378354
2017-01-27 01:11:48,258 INFO     Wrote output to trainNN/out/v045-unified-21-g6906991-dirty:ff-ffv-dropout-inp.2-75.5-40.5/config.json
2017-01-27 01:11:59,632 INFO     Saving network params to trainNN/out/v045-unified-21-g6906991-dirty:ff-ffv-dropout-inp.2-75.5-40.5/epoch-185.pkl
2017-01-27 01:12:00,109 INFO     epoch: 185 took 11.855s (0.009s in batching)
training loss:	0.657190
validation loss:	0.654806
validation error:	0.375430
2017-01-27 01:12:00,112 INFO     Wrote output to trainNN/out/v045-unified-21-g6906991-dirty:ff-ffv-dropout-inp.2-75.5-40.5/config.json
2017-01-27 01:12:11,433 INFO     Saving network params to trainNN/out/v045-unified-21-g6906991-dirty:ff-ffv-dropout-inp.2-75.5-40.5/epoch-186.pkl
2017-01-27 01:12:11,923 INFO     epoch: 186 took 11.814s (0.009s in batching)
training loss:	0.657411
validation loss:	0.658644
validation error:	0.378201
2017-01-27 01:12:11,926 INFO     Wrote output to trainNN/out/v045-unified-21-g6906991-dirty:ff-ffv-dropout-inp.2-75.5-40.5/config.json
2017-01-27 01:12:23,254 INFO     Saving network params to trainNN/out/v045-unified-21-g6906991-dirty:ff-ffv-dropout-inp.2-75.5-40.5/epoch-187.pkl
2017-01-27 01:12:23,724 INFO     epoch: 187 took 11.801s (0.008s in batching)
training loss:	0.657385
validation loss:	0.662083
validation error:	0.377997
2017-01-27 01:12:23,727 INFO     Wrote output to trainNN/out/v045-unified-21-g6906991-dirty:ff-ffv-dropout-inp.2-75.5-40.5/config.json
2017-01-27 01:12:35,128 INFO     Saving network params to trainNN/out/v045-unified-21-g6906991-dirty:ff-ffv-dropout-inp.2-75.5-40.5/epoch-188.pkl
2017-01-27 01:12:35,599 INFO     epoch: 188 took 11.874s (0.008s in batching)
training loss:	0.657321
validation loss:	0.657882
validation error:	0.377819
2017-01-27 01:12:35,602 INFO     Wrote output to trainNN/out/v045-unified-21-g6906991-dirty:ff-ffv-dropout-inp.2-75.5-40.5/config.json
2017-01-27 01:12:46,903 INFO     Saving network params to trainNN/out/v045-unified-21-g6906991-dirty:ff-ffv-dropout-inp.2-75.5-40.5/epoch-189.pkl
2017-01-27 01:12:47,379 INFO     epoch: 189 took 11.780s (0.008s in batching)
training loss:	0.657073
validation loss:	0.657086
validation error:	0.376372
2017-01-27 01:12:47,382 INFO     Wrote output to trainNN/out/v045-unified-21-g6906991-dirty:ff-ffv-dropout-inp.2-75.5-40.5/config.json
2017-01-27 01:12:58,909 INFO     Saving network params to trainNN/out/v045-unified-21-g6906991-dirty:ff-ffv-dropout-inp.2-75.5-40.5/epoch-190.pkl
2017-01-27 01:12:59,373 INFO     epoch: 190 took 11.994s (0.008s in batching)
training loss:	0.657345
validation loss:	0.658145
validation error:	0.374201
2017-01-27 01:12:59,376 INFO     Wrote output to trainNN/out/v045-unified-21-g6906991-dirty:ff-ffv-dropout-inp.2-75.5-40.5/config.json
2017-01-27 01:13:10,969 INFO     Saving network params to trainNN/out/v045-unified-21-g6906991-dirty:ff-ffv-dropout-inp.2-75.5-40.5/epoch-191.pkl
2017-01-27 01:13:11,436 INFO     epoch: 191 took 12.063s (0.008s in batching)
training loss:	0.657284
validation loss:	0.661327
validation error:	0.383484
2017-01-27 01:13:11,439 INFO     Wrote output to trainNN/out/v045-unified-21-g6906991-dirty:ff-ffv-dropout-inp.2-75.5-40.5/config.json
2017-01-27 01:13:22,819 INFO     Saving network params to trainNN/out/v045-unified-21-g6906991-dirty:ff-ffv-dropout-inp.2-75.5-40.5/epoch-192.pkl
2017-01-27 01:13:23,286 INFO     epoch: 192 took 11.850s (0.008s in batching)
training loss:	0.657303
validation loss:	0.658711
validation error:	0.379098
2017-01-27 01:13:23,289 INFO     Wrote output to trainNN/out/v045-unified-21-g6906991-dirty:ff-ffv-dropout-inp.2-75.5-40.5/config.json
2017-01-27 01:13:34,604 INFO     Saving network params to trainNN/out/v045-unified-21-g6906991-dirty:ff-ffv-dropout-inp.2-75.5-40.5/epoch-193.pkl
2017-01-27 01:13:35,074 INFO     epoch: 193 took 11.788s (0.008s in batching)
training loss:	0.657465
validation loss:	0.658808
validation error:	0.375668
2017-01-27 01:13:35,076 INFO     Wrote output to trainNN/out/v045-unified-21-g6906991-dirty:ff-ffv-dropout-inp.2-75.5-40.5/config.json
2017-01-27 01:13:46,374 INFO     Saving network params to trainNN/out/v045-unified-21-g6906991-dirty:ff-ffv-dropout-inp.2-75.5-40.5/epoch-194.pkl
2017-01-27 01:13:46,844 INFO     epoch: 194 took 11.770s (0.008s in batching)
training loss:	0.657217
validation loss:	0.659800
validation error:	0.377239
2017-01-27 01:13:46,847 INFO     Wrote output to trainNN/out/v045-unified-21-g6906991-dirty:ff-ffv-dropout-inp.2-75.5-40.5/config.json
2017-01-27 01:13:58,110 INFO     Saving network params to trainNN/out/v045-unified-21-g6906991-dirty:ff-ffv-dropout-inp.2-75.5-40.5/epoch-195.pkl
2017-01-27 01:13:58,576 INFO     epoch: 195 took 11.732s (0.008s in batching)
training loss:	0.657398
validation loss:	0.658419
validation error:	0.377779
2017-01-27 01:13:58,579 INFO     Wrote output to trainNN/out/v045-unified-21-g6906991-dirty:ff-ffv-dropout-inp.2-75.5-40.5/config.json
2017-01-27 01:14:09,941 INFO     Saving network params to trainNN/out/v045-unified-21-g6906991-dirty:ff-ffv-dropout-inp.2-75.5-40.5/epoch-196.pkl
2017-01-27 01:14:10,410 INFO     epoch: 196 took 11.834s (0.008s in batching)
training loss:	0.657127
validation loss:	0.659086
validation error:	0.379063
2017-01-27 01:14:10,413 INFO     Wrote output to trainNN/out/v045-unified-21-g6906991-dirty:ff-ffv-dropout-inp.2-75.5-40.5/config.json
2017-01-27 01:14:21,933 INFO     Saving network params to trainNN/out/v045-unified-21-g6906991-dirty:ff-ffv-dropout-inp.2-75.5-40.5/epoch-197.pkl
2017-01-27 01:14:22,406 INFO     epoch: 197 took 11.996s (0.008s in batching)
training loss:	0.657368
validation loss:	0.659168
validation error:	0.379227
2017-01-27 01:14:22,409 INFO     Wrote output to trainNN/out/v045-unified-21-g6906991-dirty:ff-ffv-dropout-inp.2-75.5-40.5/config.json
2017-01-27 01:14:33,733 INFO     Saving network params to trainNN/out/v045-unified-21-g6906991-dirty:ff-ffv-dropout-inp.2-75.5-40.5/epoch-198.pkl
2017-01-27 01:14:34,215 INFO     epoch: 198 took 11.808s (0.008s in batching)
training loss:	0.657291
validation loss:	0.656887
validation error:	0.376575
2017-01-27 01:14:34,218 INFO     Wrote output to trainNN/out/v045-unified-21-g6906991-dirty:ff-ffv-dropout-inp.2-75.5-40.5/config.json
2017-01-27 01:14:45,544 INFO     Saving network params to trainNN/out/v045-unified-21-g6906991-dirty:ff-ffv-dropout-inp.2-75.5-40.5/epoch-199.pkl
2017-01-27 01:14:46,014 INFO     epoch: 199 took 11.799s (0.009s in batching)
training loss:	0.656984
validation loss:	0.656623
validation error:	0.381457
2017-01-27 01:14:46,016 INFO     Wrote output to trainNN/out/v045-unified-21-g6906991-dirty:ff-ffv-dropout-inp.2-75.5-40.5/config.json
