2017-02-05 04:42:13,534 DEBUG    version=v048-finunified-1-g2f8a7ec-dirty:lstm-best-context-500ms
2017-02-05 04:42:13,687 INFO     Open DBase(data/db/all240302-spk.dat, data/db/all240302-spk.idx, mode='r')
2017-02-05 04:42:31,099 DEBUG    extracting and saving data to data/cache/extract-8a46b6f21a7aa223173b23f535a30a86dc1dccad4d99c41898ab8d21c492f952.pickle
2017-02-05 04:42:31,937 INFO     Open DBase(data/db/all240302-spk.dat, data/db/all240302-spk.idx, mode='r')
2017-02-05 05:09:50,288 DEBUG    set input dim to 14
2017-02-05 05:09:50,288 DEBUG    input dim = 14
2017-02-05 05:09:50,305 DEBUG    shuffling batches
2017-02-05 05:09:54,707 DEBUG    shuffling done
2017-02-05 05:09:54,707 DEBUG    loading data into ram
2017-02-05 05:09:54,831 DEBUG    loading data took 0.124s (cpu: 0.124s)
2017-02-05 05:09:55,172 DEBUG    set input dim to 14
2017-02-05 05:09:55,172 DEBUG    input dim = 14
2017-02-05 05:09:55,201 DEBUG    shuffling batches
2017-02-05 05:09:55,632 DEBUG    shuffling done
2017-02-05 05:09:55,632 DEBUG    loading data into ram
2017-02-05 05:09:55,645 DEBUG    loading data took 0.013s (cpu: 0.013s)
2017-02-05 05:09:56,065 DEBUG    Applying L2 regularization with 0.000100
2017-02-05 05:09:56,203 INFO     Training network with 39027 trainable out of 39237 total params.
2017-02-05 05:09:57,145 DEBUG    Using adam with learning_rate=0.001000
2017-02-05 05:10:37,874 DEBUG    Starting training...
2017-02-05 05:11:07,434 INFO     Saving network params to trainNN/out/v048-finunified-1-g2f8a7ec-dirty:lstm-best-context-500ms/epoch-000.pkl
2017-02-05 05:11:08,097 INFO     epoch: 0 took 30.222s (0.001s in batching)
training loss:	0.622905
validation loss:	0.591265
validation error:	0.311200
2017-02-05 05:11:08,099 INFO     Wrote output to trainNN/out/v048-finunified-1-g2f8a7ec-dirty:lstm-best-context-500ms/config.json
2017-02-05 05:11:37,425 INFO     Saving network params to trainNN/out/v048-finunified-1-g2f8a7ec-dirty:lstm-best-context-500ms/epoch-001.pkl
2017-02-05 05:11:38,089 INFO     epoch: 1 took 29.993s (0.001s in batching)
training loss:	0.599636
validation loss:	0.585528
validation error:	0.306700
2017-02-05 05:11:38,092 INFO     Wrote output to trainNN/out/v048-finunified-1-g2f8a7ec-dirty:lstm-best-context-500ms/config.json
2017-02-05 05:12:08,770 INFO     Saving network params to trainNN/out/v048-finunified-1-g2f8a7ec-dirty:lstm-best-context-500ms/epoch-002.pkl
2017-02-05 05:12:09,478 INFO     epoch: 2 took 31.389s (0.001s in batching)
training loss:	0.590412
validation loss:	0.572361
validation error:	0.291700
2017-02-05 05:12:09,481 INFO     Wrote output to trainNN/out/v048-finunified-1-g2f8a7ec-dirty:lstm-best-context-500ms/config.json
2017-02-05 05:12:41,026 INFO     Saving network params to trainNN/out/v048-finunified-1-g2f8a7ec-dirty:lstm-best-context-500ms/epoch-003.pkl
2017-02-05 05:12:45,139 INFO     epoch: 3 took 35.661s (0.001s in batching)
training loss:	0.583464
validation loss:	0.573859
validation error:	0.295200
2017-02-05 05:12:45,142 INFO     Wrote output to trainNN/out/v048-finunified-1-g2f8a7ec-dirty:lstm-best-context-500ms/config.json
2017-02-05 05:13:17,722 INFO     Saving network params to trainNN/out/v048-finunified-1-g2f8a7ec-dirty:lstm-best-context-500ms/epoch-004.pkl
2017-02-05 05:13:18,456 INFO     epoch: 4 took 33.317s (0.001s in batching)
training loss:	0.578501
validation loss:	0.562856
validation error:	0.285300
2017-02-05 05:13:18,459 INFO     Wrote output to trainNN/out/v048-finunified-1-g2f8a7ec-dirty:lstm-best-context-500ms/config.json
2017-02-05 05:14:01,809 INFO     Saving network params to trainNN/out/v048-finunified-1-g2f8a7ec-dirty:lstm-best-context-500ms/epoch-005.pkl
2017-02-05 05:14:02,745 INFO     epoch: 5 took 44.289s (0.001s in batching)
training loss:	0.575036
validation loss:	0.563428
validation error:	0.285100
2017-02-05 05:14:02,748 INFO     Wrote output to trainNN/out/v048-finunified-1-g2f8a7ec-dirty:lstm-best-context-500ms/config.json
2017-02-05 05:14:48,950 INFO     Saving network params to trainNN/out/v048-finunified-1-g2f8a7ec-dirty:lstm-best-context-500ms/epoch-006.pkl
2017-02-05 05:14:49,888 INFO     epoch: 6 took 47.142s (0.001s in batching)
training loss:	0.570989
validation loss:	0.567356
validation error:	0.286800
2017-02-05 05:14:49,891 INFO     Wrote output to trainNN/out/v048-finunified-1-g2f8a7ec-dirty:lstm-best-context-500ms/config.json
2017-02-05 05:15:35,754 INFO     Saving network params to trainNN/out/v048-finunified-1-g2f8a7ec-dirty:lstm-best-context-500ms/epoch-007.pkl
2017-02-05 05:15:36,688 INFO     epoch: 7 took 46.800s (0.001s in batching)
training loss:	0.568271
validation loss:	0.561118
validation error:	0.285100
2017-02-05 05:15:36,691 INFO     Wrote output to trainNN/out/v048-finunified-1-g2f8a7ec-dirty:lstm-best-context-500ms/config.json
2017-02-05 05:16:23,094 INFO     Saving network params to trainNN/out/v048-finunified-1-g2f8a7ec-dirty:lstm-best-context-500ms/epoch-008.pkl
2017-02-05 05:16:24,028 INFO     epoch: 8 took 47.340s (0.001s in batching)
training loss:	0.565763
validation loss:	0.561891
validation error:	0.283900
2017-02-05 05:16:24,031 INFO     Wrote output to trainNN/out/v048-finunified-1-g2f8a7ec-dirty:lstm-best-context-500ms/config.json
2017-02-05 05:17:09,876 INFO     Saving network params to trainNN/out/v048-finunified-1-g2f8a7ec-dirty:lstm-best-context-500ms/epoch-009.pkl
2017-02-05 05:17:10,797 INFO     epoch: 9 took 46.769s (0.001s in batching)
training loss:	0.563318
validation loss:	0.551656
validation error:	0.274200
2017-02-05 05:17:10,800 INFO     Wrote output to trainNN/out/v048-finunified-1-g2f8a7ec-dirty:lstm-best-context-500ms/config.json
2017-02-05 05:17:56,966 INFO     Saving network params to trainNN/out/v048-finunified-1-g2f8a7ec-dirty:lstm-best-context-500ms/epoch-010.pkl
2017-02-05 05:17:57,897 INFO     epoch: 10 took 47.100s (0.001s in batching)
training loss:	0.561817
validation loss:	0.552618
validation error:	0.273700
2017-02-05 05:17:57,900 INFO     Wrote output to trainNN/out/v048-finunified-1-g2f8a7ec-dirty:lstm-best-context-500ms/config.json
2017-02-05 05:18:43,904 INFO     Saving network params to trainNN/out/v048-finunified-1-g2f8a7ec-dirty:lstm-best-context-500ms/epoch-011.pkl
2017-02-05 05:18:44,836 INFO     epoch: 11 took 46.939s (0.001s in batching)
training loss:	0.559482
validation loss:	0.552376
validation error:	0.276000
2017-02-05 05:18:44,839 INFO     Wrote output to trainNN/out/v048-finunified-1-g2f8a7ec-dirty:lstm-best-context-500ms/config.json
2017-02-05 05:19:31,006 INFO     Saving network params to trainNN/out/v048-finunified-1-g2f8a7ec-dirty:lstm-best-context-500ms/epoch-012.pkl
2017-02-05 05:19:31,944 INFO     epoch: 12 took 47.108s (0.001s in batching)
training loss:	0.557561
validation loss:	0.547149
validation error:	0.270700
2017-02-05 05:19:31,947 INFO     Wrote output to trainNN/out/v048-finunified-1-g2f8a7ec-dirty:lstm-best-context-500ms/config.json
2017-02-05 05:20:17,914 INFO     Saving network params to trainNN/out/v048-finunified-1-g2f8a7ec-dirty:lstm-best-context-500ms/epoch-013.pkl
2017-02-05 05:20:18,855 INFO     epoch: 13 took 46.911s (0.001s in batching)
training loss:	0.556222
validation loss:	0.545494
validation error:	0.269700
2017-02-05 05:20:18,858 INFO     Wrote output to trainNN/out/v048-finunified-1-g2f8a7ec-dirty:lstm-best-context-500ms/config.json
2017-02-05 05:21:05,169 INFO     Saving network params to trainNN/out/v048-finunified-1-g2f8a7ec-dirty:lstm-best-context-500ms/epoch-014.pkl
2017-02-05 05:21:06,117 INFO     epoch: 14 took 47.262s (0.001s in batching)
training loss:	0.554538
validation loss:	0.546909
validation error:	0.271500
2017-02-05 05:21:06,120 INFO     Wrote output to trainNN/out/v048-finunified-1-g2f8a7ec-dirty:lstm-best-context-500ms/config.json
2017-02-05 05:21:52,074 INFO     Saving network params to trainNN/out/v048-finunified-1-g2f8a7ec-dirty:lstm-best-context-500ms/epoch-015.pkl
2017-02-05 05:21:53,024 INFO     epoch: 15 took 46.907s (0.001s in batching)
training loss:	0.553520
validation loss:	0.545964
validation error:	0.273400
2017-02-05 05:21:53,027 INFO     Wrote output to trainNN/out/v048-finunified-1-g2f8a7ec-dirty:lstm-best-context-500ms/config.json
2017-02-05 05:22:39,043 INFO     Saving network params to trainNN/out/v048-finunified-1-g2f8a7ec-dirty:lstm-best-context-500ms/epoch-016.pkl
2017-02-05 05:22:39,997 INFO     epoch: 16 took 46.974s (0.001s in batching)
training loss:	0.552684
validation loss:	0.543090
validation error:	0.268300
2017-02-05 05:22:40,001 INFO     Wrote output to trainNN/out/v048-finunified-1-g2f8a7ec-dirty:lstm-best-context-500ms/config.json
2017-02-05 05:23:26,303 INFO     Saving network params to trainNN/out/v048-finunified-1-g2f8a7ec-dirty:lstm-best-context-500ms/epoch-017.pkl
2017-02-05 05:23:27,235 INFO     epoch: 17 took 47.237s (0.001s in batching)
training loss:	0.551458
validation loss:	0.542871
validation error:	0.267300
2017-02-05 05:23:27,238 INFO     Wrote output to trainNN/out/v048-finunified-1-g2f8a7ec-dirty:lstm-best-context-500ms/config.json
2017-02-05 05:24:13,505 INFO     Saving network params to trainNN/out/v048-finunified-1-g2f8a7ec-dirty:lstm-best-context-500ms/epoch-018.pkl
2017-02-05 05:24:14,455 INFO     epoch: 18 took 47.220s (0.001s in batching)
training loss:	0.550311
validation loss:	0.543205
validation error:	0.268200
2017-02-05 05:24:14,458 INFO     Wrote output to trainNN/out/v048-finunified-1-g2f8a7ec-dirty:lstm-best-context-500ms/config.json
2017-02-05 05:25:00,650 INFO     Saving network params to trainNN/out/v048-finunified-1-g2f8a7ec-dirty:lstm-best-context-500ms/epoch-019.pkl
2017-02-05 05:25:01,589 INFO     epoch: 19 took 47.134s (0.001s in batching)
training loss:	0.549655
validation loss:	0.542398
validation error:	0.269900
2017-02-05 05:25:01,596 INFO     Wrote output to trainNN/out/v048-finunified-1-g2f8a7ec-dirty:lstm-best-context-500ms/config.json
2017-02-05 05:25:47,655 INFO     Saving network params to trainNN/out/v048-finunified-1-g2f8a7ec-dirty:lstm-best-context-500ms/epoch-020.pkl
2017-02-05 05:25:48,599 INFO     epoch: 20 took 47.010s (0.001s in batching)
training loss:	0.549011
validation loss:	0.542237
validation error:	0.266800
2017-02-05 05:25:48,602 INFO     Wrote output to trainNN/out/v048-finunified-1-g2f8a7ec-dirty:lstm-best-context-500ms/config.json
2017-02-05 05:26:35,013 INFO     Saving network params to trainNN/out/v048-finunified-1-g2f8a7ec-dirty:lstm-best-context-500ms/epoch-021.pkl
2017-02-05 05:26:35,960 INFO     epoch: 21 took 47.361s (0.001s in batching)
training loss:	0.547759
validation loss:	0.546729
validation error:	0.273800
2017-02-05 05:26:35,964 INFO     Wrote output to trainNN/out/v048-finunified-1-g2f8a7ec-dirty:lstm-best-context-500ms/config.json
2017-02-05 05:27:22,112 INFO     Saving network params to trainNN/out/v048-finunified-1-g2f8a7ec-dirty:lstm-best-context-500ms/epoch-022.pkl
2017-02-05 05:27:23,033 INFO     epoch: 22 took 47.073s (0.001s in batching)
training loss:	0.547427
validation loss:	0.538562
validation error:	0.265600
2017-02-05 05:27:23,036 INFO     Wrote output to trainNN/out/v048-finunified-1-g2f8a7ec-dirty:lstm-best-context-500ms/config.json
2017-02-05 05:28:08,990 INFO     Saving network params to trainNN/out/v048-finunified-1-g2f8a7ec-dirty:lstm-best-context-500ms/epoch-023.pkl
2017-02-05 05:28:09,925 INFO     epoch: 23 took 46.892s (0.001s in batching)
training loss:	0.546226
validation loss:	0.538138
validation error:	0.263200
2017-02-05 05:28:09,929 INFO     Wrote output to trainNN/out/v048-finunified-1-g2f8a7ec-dirty:lstm-best-context-500ms/config.json
2017-02-05 05:28:55,970 INFO     Saving network params to trainNN/out/v048-finunified-1-g2f8a7ec-dirty:lstm-best-context-500ms/epoch-024.pkl
2017-02-05 05:28:56,869 INFO     epoch: 24 took 46.944s (0.001s in batching)
training loss:	0.546010
validation loss:	0.538901
validation error:	0.265200
2017-02-05 05:28:56,873 INFO     Wrote output to trainNN/out/v048-finunified-1-g2f8a7ec-dirty:lstm-best-context-500ms/config.json
2017-02-05 05:29:42,982 INFO     Saving network params to trainNN/out/v048-finunified-1-g2f8a7ec-dirty:lstm-best-context-500ms/epoch-025.pkl
2017-02-05 05:29:43,905 INFO     epoch: 25 took 47.037s (0.001s in batching)
training loss:	0.545510
validation loss:	0.541803
validation error:	0.266500
2017-02-05 05:29:43,909 INFO     Wrote output to trainNN/out/v048-finunified-1-g2f8a7ec-dirty:lstm-best-context-500ms/config.json
2017-02-05 05:30:29,777 INFO     Saving network params to trainNN/out/v048-finunified-1-g2f8a7ec-dirty:lstm-best-context-500ms/epoch-026.pkl
2017-02-05 05:30:30,712 INFO     epoch: 26 took 46.807s (0.001s in batching)
training loss:	0.545017
validation loss:	0.538168
validation error:	0.264400
2017-02-05 05:30:30,716 INFO     Wrote output to trainNN/out/v048-finunified-1-g2f8a7ec-dirty:lstm-best-context-500ms/config.json
2017-02-05 05:31:17,270 INFO     Saving network params to trainNN/out/v048-finunified-1-g2f8a7ec-dirty:lstm-best-context-500ms/epoch-027.pkl
2017-02-05 05:31:18,197 INFO     epoch: 27 took 47.486s (0.001s in batching)
training loss:	0.544452
validation loss:	0.538286
validation error:	0.266100
2017-02-05 05:31:18,201 INFO     Wrote output to trainNN/out/v048-finunified-1-g2f8a7ec-dirty:lstm-best-context-500ms/config.json
2017-02-05 05:32:04,150 INFO     Saving network params to trainNN/out/v048-finunified-1-g2f8a7ec-dirty:lstm-best-context-500ms/epoch-028.pkl
2017-02-05 05:32:05,118 INFO     epoch: 28 took 46.920s (0.001s in batching)
training loss:	0.543397
validation loss:	0.537370
validation error:	0.265500
2017-02-05 05:32:05,122 INFO     Wrote output to trainNN/out/v048-finunified-1-g2f8a7ec-dirty:lstm-best-context-500ms/config.json
2017-02-05 05:32:51,321 INFO     Saving network params to trainNN/out/v048-finunified-1-g2f8a7ec-dirty:lstm-best-context-500ms/epoch-029.pkl
2017-02-05 05:32:52,239 INFO     epoch: 29 took 47.121s (0.001s in batching)
training loss:	0.542315
validation loss:	0.539071
validation error:	0.267700
2017-02-05 05:32:52,243 INFO     Wrote output to trainNN/out/v048-finunified-1-g2f8a7ec-dirty:lstm-best-context-500ms/config.json
2017-02-05 05:33:37,934 INFO     Saving network params to trainNN/out/v048-finunified-1-g2f8a7ec-dirty:lstm-best-context-500ms/epoch-030.pkl
2017-02-05 05:33:38,849 INFO     epoch: 30 took 46.610s (0.001s in batching)
training loss:	0.542031
validation loss:	0.537802
validation error:	0.265800
2017-02-05 05:33:38,853 INFO     Wrote output to trainNN/out/v048-finunified-1-g2f8a7ec-dirty:lstm-best-context-500ms/config.json
2017-02-05 05:34:24,219 INFO     Saving network params to trainNN/out/v048-finunified-1-g2f8a7ec-dirty:lstm-best-context-500ms/epoch-031.pkl
2017-02-05 05:34:25,115 INFO     epoch: 31 took 46.266s (0.001s in batching)
training loss:	0.542626
validation loss:	0.536421
validation error:	0.267100
2017-02-05 05:34:25,119 INFO     Wrote output to trainNN/out/v048-finunified-1-g2f8a7ec-dirty:lstm-best-context-500ms/config.json
2017-02-05 05:35:11,374 INFO     Saving network params to trainNN/out/v048-finunified-1-g2f8a7ec-dirty:lstm-best-context-500ms/epoch-032.pkl
2017-02-05 05:35:12,290 INFO     epoch: 32 took 47.175s (0.001s in batching)
training loss:	0.540990
validation loss:	0.538175
validation error:	0.266200
2017-02-05 05:35:12,294 INFO     Wrote output to trainNN/out/v048-finunified-1-g2f8a7ec-dirty:lstm-best-context-500ms/config.json
2017-02-05 05:35:57,811 INFO     Saving network params to trainNN/out/v048-finunified-1-g2f8a7ec-dirty:lstm-best-context-500ms/epoch-033.pkl
2017-02-05 05:35:58,755 INFO     epoch: 33 took 46.465s (0.001s in batching)
training loss:	0.540918
validation loss:	0.538538
validation error:	0.263900
2017-02-05 05:35:58,759 INFO     Wrote output to trainNN/out/v048-finunified-1-g2f8a7ec-dirty:lstm-best-context-500ms/config.json
2017-02-05 05:36:44,742 INFO     Saving network params to trainNN/out/v048-finunified-1-g2f8a7ec-dirty:lstm-best-context-500ms/epoch-034.pkl
2017-02-05 05:36:45,670 INFO     epoch: 34 took 46.914s (0.001s in batching)
training loss:	0.540319
validation loss:	0.539433
validation error:	0.266800
2017-02-05 05:36:45,674 INFO     Wrote output to trainNN/out/v048-finunified-1-g2f8a7ec-dirty:lstm-best-context-500ms/config.json
2017-02-05 05:37:31,253 INFO     Saving network params to trainNN/out/v048-finunified-1-g2f8a7ec-dirty:lstm-best-context-500ms/epoch-035.pkl
2017-02-05 05:37:32,182 INFO     epoch: 35 took 46.512s (0.001s in batching)
training loss:	0.539894
validation loss:	0.537878
validation error:	0.268400
2017-02-05 05:37:32,186 INFO     Wrote output to trainNN/out/v048-finunified-1-g2f8a7ec-dirty:lstm-best-context-500ms/config.json
2017-02-05 05:38:18,193 INFO     Saving network params to trainNN/out/v048-finunified-1-g2f8a7ec-dirty:lstm-best-context-500ms/epoch-036.pkl
2017-02-05 05:38:19,113 INFO     epoch: 36 took 46.931s (0.001s in batching)
training loss:	0.538806
validation loss:	0.536210
validation error:	0.263900
2017-02-05 05:38:19,117 INFO     Wrote output to trainNN/out/v048-finunified-1-g2f8a7ec-dirty:lstm-best-context-500ms/config.json
2017-02-05 05:39:05,095 INFO     Saving network params to trainNN/out/v048-finunified-1-g2f8a7ec-dirty:lstm-best-context-500ms/epoch-037.pkl
2017-02-05 05:39:06,042 INFO     epoch: 37 took 46.929s (0.001s in batching)
training loss:	0.538218
validation loss:	0.536729
validation error:	0.263300
2017-02-05 05:39:06,046 INFO     Wrote output to trainNN/out/v048-finunified-1-g2f8a7ec-dirty:lstm-best-context-500ms/config.json
2017-02-05 05:39:52,136 INFO     Saving network params to trainNN/out/v048-finunified-1-g2f8a7ec-dirty:lstm-best-context-500ms/epoch-038.pkl
2017-02-05 05:39:53,051 INFO     epoch: 38 took 47.009s (0.001s in batching)
training loss:	0.537919
validation loss:	0.536761
validation error:	0.262500
2017-02-05 05:39:53,055 INFO     Wrote output to trainNN/out/v048-finunified-1-g2f8a7ec-dirty:lstm-best-context-500ms/config.json
2017-02-05 05:40:38,849 INFO     Saving network params to trainNN/out/v048-finunified-1-g2f8a7ec-dirty:lstm-best-context-500ms/epoch-039.pkl
2017-02-05 05:40:39,762 INFO     epoch: 39 took 46.711s (0.001s in batching)
training loss:	0.537923
validation loss:	0.537294
validation error:	0.265000
2017-02-05 05:40:39,766 INFO     Wrote output to trainNN/out/v048-finunified-1-g2f8a7ec-dirty:lstm-best-context-500ms/config.json
2017-02-05 05:41:25,778 INFO     Saving network params to trainNN/out/v048-finunified-1-g2f8a7ec-dirty:lstm-best-context-500ms/epoch-040.pkl
2017-02-05 05:41:26,723 INFO     epoch: 40 took 46.961s (0.001s in batching)
training loss:	0.537478
validation loss:	0.534561
validation error:	0.260200
2017-02-05 05:41:26,727 INFO     Wrote output to trainNN/out/v048-finunified-1-g2f8a7ec-dirty:lstm-best-context-500ms/config.json
2017-02-05 05:42:12,582 INFO     Saving network params to trainNN/out/v048-finunified-1-g2f8a7ec-dirty:lstm-best-context-500ms/epoch-041.pkl
2017-02-05 05:42:13,500 INFO     epoch: 41 took 46.777s (0.001s in batching)
training loss:	0.536706
validation loss:	0.537464
validation error:	0.266500
2017-02-05 05:42:13,505 INFO     Wrote output to trainNN/out/v048-finunified-1-g2f8a7ec-dirty:lstm-best-context-500ms/config.json
2017-02-05 05:42:59,146 INFO     Saving network params to trainNN/out/v048-finunified-1-g2f8a7ec-dirty:lstm-best-context-500ms/epoch-042.pkl
2017-02-05 05:43:00,064 INFO     epoch: 42 took 46.563s (0.001s in batching)
training loss:	0.536769
validation loss:	0.542008
validation error:	0.273900
2017-02-05 05:43:00,068 INFO     Wrote output to trainNN/out/v048-finunified-1-g2f8a7ec-dirty:lstm-best-context-500ms/config.json
2017-02-05 05:43:46,182 INFO     Saving network params to trainNN/out/v048-finunified-1-g2f8a7ec-dirty:lstm-best-context-500ms/epoch-043.pkl
2017-02-05 05:43:47,096 INFO     epoch: 43 took 47.032s (0.001s in batching)
training loss:	0.535808
validation loss:	0.533941
validation error:	0.263100
2017-02-05 05:43:47,100 INFO     Wrote output to trainNN/out/v048-finunified-1-g2f8a7ec-dirty:lstm-best-context-500ms/config.json
2017-02-05 05:44:33,217 INFO     Saving network params to trainNN/out/v048-finunified-1-g2f8a7ec-dirty:lstm-best-context-500ms/epoch-044.pkl
2017-02-05 05:44:34,136 INFO     epoch: 44 took 47.041s (0.001s in batching)
training loss:	0.535266
validation loss:	0.533697
validation error:	0.260600
2017-02-05 05:44:34,141 INFO     Wrote output to trainNN/out/v048-finunified-1-g2f8a7ec-dirty:lstm-best-context-500ms/config.json
2017-02-05 05:45:19,993 INFO     Saving network params to trainNN/out/v048-finunified-1-g2f8a7ec-dirty:lstm-best-context-500ms/epoch-045.pkl
2017-02-05 05:45:20,926 INFO     epoch: 45 took 46.790s (0.001s in batching)
training loss:	0.535279
validation loss:	0.535187
validation error:	0.262000
2017-02-05 05:45:20,931 INFO     Wrote output to trainNN/out/v048-finunified-1-g2f8a7ec-dirty:lstm-best-context-500ms/config.json
2017-02-05 05:46:06,897 INFO     Saving network params to trainNN/out/v048-finunified-1-g2f8a7ec-dirty:lstm-best-context-500ms/epoch-046.pkl
2017-02-05 05:46:07,836 INFO     epoch: 46 took 46.909s (0.001s in batching)
training loss:	0.535105
validation loss:	0.532833
validation error:	0.261600
2017-02-05 05:46:07,840 INFO     Wrote output to trainNN/out/v048-finunified-1-g2f8a7ec-dirty:lstm-best-context-500ms/config.json
2017-02-05 05:46:53,966 INFO     Saving network params to trainNN/out/v048-finunified-1-g2f8a7ec-dirty:lstm-best-context-500ms/epoch-047.pkl
2017-02-05 05:46:54,889 INFO     epoch: 47 took 47.054s (0.001s in batching)
training loss:	0.534351
validation loss:	0.534957
validation error:	0.263300
2017-02-05 05:46:54,894 INFO     Wrote output to trainNN/out/v048-finunified-1-g2f8a7ec-dirty:lstm-best-context-500ms/config.json
2017-02-05 05:47:41,444 INFO     Saving network params to trainNN/out/v048-finunified-1-g2f8a7ec-dirty:lstm-best-context-500ms/epoch-048.pkl
2017-02-05 05:47:42,375 INFO     epoch: 48 took 47.485s (0.001s in batching)
training loss:	0.533990
validation loss:	0.532781
validation error:	0.263300
2017-02-05 05:47:42,379 INFO     Wrote output to trainNN/out/v048-finunified-1-g2f8a7ec-dirty:lstm-best-context-500ms/config.json
2017-02-05 05:48:28,690 INFO     Saving network params to trainNN/out/v048-finunified-1-g2f8a7ec-dirty:lstm-best-context-500ms/epoch-049.pkl
2017-02-05 05:48:29,607 INFO     epoch: 49 took 47.233s (0.001s in batching)
training loss:	0.533321
validation loss:	0.535039
validation error:	0.260400
2017-02-05 05:48:29,612 INFO     Wrote output to trainNN/out/v048-finunified-1-g2f8a7ec-dirty:lstm-best-context-500ms/config.json
2017-02-05 05:49:15,700 INFO     Saving network params to trainNN/out/v048-finunified-1-g2f8a7ec-dirty:lstm-best-context-500ms/epoch-050.pkl
2017-02-05 05:49:16,647 INFO     epoch: 50 took 47.039s (0.001s in batching)
training loss:	0.532984
validation loss:	0.535664
validation error:	0.261300
2017-02-05 05:49:16,651 INFO     Wrote output to trainNN/out/v048-finunified-1-g2f8a7ec-dirty:lstm-best-context-500ms/config.json
2017-02-05 05:50:02,425 INFO     Saving network params to trainNN/out/v048-finunified-1-g2f8a7ec-dirty:lstm-best-context-500ms/epoch-051.pkl
2017-02-05 05:50:03,357 INFO     epoch: 51 took 46.710s (0.001s in batching)
training loss:	0.532966
validation loss:	0.543980
validation error:	0.264900
2017-02-05 05:50:03,362 INFO     Wrote output to trainNN/out/v048-finunified-1-g2f8a7ec-dirty:lstm-best-context-500ms/config.json
2017-02-05 05:50:49,654 INFO     Saving network params to trainNN/out/v048-finunified-1-g2f8a7ec-dirty:lstm-best-context-500ms/epoch-052.pkl
2017-02-05 05:50:50,595 INFO     epoch: 52 took 47.238s (0.001s in batching)
training loss:	0.532601
validation loss:	0.538490
validation error:	0.262900
2017-02-05 05:50:50,599 INFO     Wrote output to trainNN/out/v048-finunified-1-g2f8a7ec-dirty:lstm-best-context-500ms/config.json
2017-02-05 05:51:37,263 INFO     Saving network params to trainNN/out/v048-finunified-1-g2f8a7ec-dirty:lstm-best-context-500ms/epoch-053.pkl
2017-02-05 05:51:38,212 INFO     epoch: 53 took 47.617s (0.001s in batching)
training loss:	0.532104
validation loss:	0.534691
validation error:	0.265700
2017-02-05 05:51:38,216 INFO     Wrote output to trainNN/out/v048-finunified-1-g2f8a7ec-dirty:lstm-best-context-500ms/config.json
2017-02-05 05:52:25,030 INFO     Saving network params to trainNN/out/v048-finunified-1-g2f8a7ec-dirty:lstm-best-context-500ms/epoch-054.pkl
2017-02-05 05:52:26,007 INFO     epoch: 54 took 47.796s (0.001s in batching)
training loss:	0.532246
validation loss:	0.537263
validation error:	0.266900
2017-02-05 05:52:26,012 INFO     Wrote output to trainNN/out/v048-finunified-1-g2f8a7ec-dirty:lstm-best-context-500ms/config.json
2017-02-05 05:53:12,722 INFO     Saving network params to trainNN/out/v048-finunified-1-g2f8a7ec-dirty:lstm-best-context-500ms/epoch-055.pkl
2017-02-05 05:53:13,651 INFO     epoch: 55 took 47.644s (0.001s in batching)
training loss:	0.531334
validation loss:	0.537128
validation error:	0.266600
2017-02-05 05:53:13,656 INFO     Wrote output to trainNN/out/v048-finunified-1-g2f8a7ec-dirty:lstm-best-context-500ms/config.json
2017-02-05 05:54:00,334 INFO     Saving network params to trainNN/out/v048-finunified-1-g2f8a7ec-dirty:lstm-best-context-500ms/epoch-056.pkl
2017-02-05 05:54:01,277 INFO     epoch: 56 took 47.626s (0.001s in batching)
training loss:	0.530996
validation loss:	0.534984
validation error:	0.265300
2017-02-05 05:54:01,282 INFO     Wrote output to trainNN/out/v048-finunified-1-g2f8a7ec-dirty:lstm-best-context-500ms/config.json
2017-02-05 05:54:47,875 INFO     Saving network params to trainNN/out/v048-finunified-1-g2f8a7ec-dirty:lstm-best-context-500ms/epoch-057.pkl
2017-02-05 05:54:48,811 INFO     epoch: 57 took 47.534s (0.001s in batching)
training loss:	0.530817
validation loss:	0.535988
validation error:	0.264200
2017-02-05 05:54:48,815 INFO     Wrote output to trainNN/out/v048-finunified-1-g2f8a7ec-dirty:lstm-best-context-500ms/config.json
2017-02-05 05:55:35,547 INFO     Saving network params to trainNN/out/v048-finunified-1-g2f8a7ec-dirty:lstm-best-context-500ms/epoch-058.pkl
2017-02-05 05:55:36,495 INFO     epoch: 58 took 47.684s (0.001s in batching)
training loss:	0.530468
validation loss:	0.535896
validation error:	0.261200
2017-02-05 05:55:36,499 INFO     Wrote output to trainNN/out/v048-finunified-1-g2f8a7ec-dirty:lstm-best-context-500ms/config.json
2017-02-05 05:56:23,421 INFO     Saving network params to trainNN/out/v048-finunified-1-g2f8a7ec-dirty:lstm-best-context-500ms/epoch-059.pkl
2017-02-05 05:56:24,353 INFO     epoch: 59 took 47.859s (0.001s in batching)
training loss:	0.530185
validation loss:	0.534443
validation error:	0.263700
2017-02-05 05:56:24,358 INFO     Wrote output to trainNN/out/v048-finunified-1-g2f8a7ec-dirty:lstm-best-context-500ms/config.json
2017-02-05 05:57:11,066 INFO     Saving network params to trainNN/out/v048-finunified-1-g2f8a7ec-dirty:lstm-best-context-500ms/epoch-060.pkl
2017-02-05 05:57:12,007 INFO     epoch: 60 took 47.653s (0.001s in batching)
training loss:	0.530488
validation loss:	0.536421
validation error:	0.263500
2017-02-05 05:57:12,012 INFO     Wrote output to trainNN/out/v048-finunified-1-g2f8a7ec-dirty:lstm-best-context-500ms/config.json
2017-02-05 05:57:58,973 INFO     Saving network params to trainNN/out/v048-finunified-1-g2f8a7ec-dirty:lstm-best-context-500ms/epoch-061.pkl
2017-02-05 05:57:59,915 INFO     epoch: 61 took 47.908s (0.001s in batching)
training loss:	0.529389
validation loss:	0.534818
validation error:	0.263900
2017-02-05 05:57:59,920 INFO     Wrote output to trainNN/out/v048-finunified-1-g2f8a7ec-dirty:lstm-best-context-500ms/config.json
2017-02-05 05:58:46,850 INFO     Saving network params to trainNN/out/v048-finunified-1-g2f8a7ec-dirty:lstm-best-context-500ms/epoch-062.pkl
2017-02-05 05:58:47,806 INFO     epoch: 62 took 47.892s (0.001s in batching)
training loss:	0.529360
validation loss:	0.534316
validation error:	0.264100
2017-02-05 05:58:47,811 INFO     Wrote output to trainNN/out/v048-finunified-1-g2f8a7ec-dirty:lstm-best-context-500ms/config.json
2017-02-05 05:59:34,479 INFO     Saving network params to trainNN/out/v048-finunified-1-g2f8a7ec-dirty:lstm-best-context-500ms/epoch-063.pkl
2017-02-05 05:59:35,408 INFO     epoch: 63 took 47.602s (0.001s in batching)
training loss:	0.528818
validation loss:	0.533381
validation error:	0.261800
2017-02-05 05:59:35,413 INFO     Wrote output to trainNN/out/v048-finunified-1-g2f8a7ec-dirty:lstm-best-context-500ms/config.json
2017-02-05 06:00:22,415 INFO     Saving network params to trainNN/out/v048-finunified-1-g2f8a7ec-dirty:lstm-best-context-500ms/epoch-064.pkl
2017-02-05 06:00:23,400 INFO     epoch: 64 took 47.992s (0.001s in batching)
training loss:	0.527721
validation loss:	0.534879
validation error:	0.263700
2017-02-05 06:00:23,405 INFO     Wrote output to trainNN/out/v048-finunified-1-g2f8a7ec-dirty:lstm-best-context-500ms/config.json
2017-02-05 06:01:10,358 INFO     Saving network params to trainNN/out/v048-finunified-1-g2f8a7ec-dirty:lstm-best-context-500ms/epoch-065.pkl
2017-02-05 06:01:11,307 INFO     epoch: 65 took 47.907s (0.001s in batching)
training loss:	0.528353
validation loss:	0.535627
validation error:	0.265300
2017-02-05 06:01:11,312 INFO     Wrote output to trainNN/out/v048-finunified-1-g2f8a7ec-dirty:lstm-best-context-500ms/config.json
2017-02-05 06:01:58,392 INFO     Saving network params to trainNN/out/v048-finunified-1-g2f8a7ec-dirty:lstm-best-context-500ms/epoch-066.pkl
2017-02-05 06:01:59,355 INFO     epoch: 66 took 48.048s (0.001s in batching)
training loss:	0.528059
validation loss:	0.535999
validation error:	0.265500
2017-02-05 06:01:59,360 INFO     Wrote output to trainNN/out/v048-finunified-1-g2f8a7ec-dirty:lstm-best-context-500ms/config.json
2017-02-05 06:02:46,297 INFO     Saving network params to trainNN/out/v048-finunified-1-g2f8a7ec-dirty:lstm-best-context-500ms/epoch-067.pkl
2017-02-05 06:02:47,249 INFO     epoch: 67 took 47.894s (0.001s in batching)
training loss:	0.526380
validation loss:	0.538317
validation error:	0.265600
2017-02-05 06:02:47,254 INFO     Wrote output to trainNN/out/v048-finunified-1-g2f8a7ec-dirty:lstm-best-context-500ms/config.json
2017-02-05 06:03:33,933 INFO     Saving network params to trainNN/out/v048-finunified-1-g2f8a7ec-dirty:lstm-best-context-500ms/epoch-068.pkl
2017-02-05 06:03:34,906 INFO     epoch: 68 took 47.657s (0.001s in batching)
training loss:	0.527079
validation loss:	0.536515
validation error:	0.264500
2017-02-05 06:03:34,911 INFO     Wrote output to trainNN/out/v048-finunified-1-g2f8a7ec-dirty:lstm-best-context-500ms/config.json
2017-02-05 06:04:21,987 INFO     Saving network params to trainNN/out/v048-finunified-1-g2f8a7ec-dirty:lstm-best-context-500ms/epoch-069.pkl
2017-02-05 06:04:22,951 INFO     epoch: 69 took 48.045s (0.001s in batching)
training loss:	0.526319
validation loss:	0.548116
validation error:	0.272000
2017-02-05 06:04:22,956 INFO     Wrote output to trainNN/out/v048-finunified-1-g2f8a7ec-dirty:lstm-best-context-500ms/config.json
2017-02-05 06:05:09,924 INFO     Saving network params to trainNN/out/v048-finunified-1-g2f8a7ec-dirty:lstm-best-context-500ms/epoch-070.pkl
2017-02-05 06:05:10,886 INFO     epoch: 70 took 47.936s (0.001s in batching)
training loss:	0.525922
validation loss:	0.536884
validation error:	0.264500
2017-02-05 06:05:10,892 INFO     Wrote output to trainNN/out/v048-finunified-1-g2f8a7ec-dirty:lstm-best-context-500ms/config.json
2017-02-05 06:05:57,958 INFO     Saving network params to trainNN/out/v048-finunified-1-g2f8a7ec-dirty:lstm-best-context-500ms/epoch-071.pkl
2017-02-05 06:05:58,915 INFO     epoch: 71 took 48.028s (0.001s in batching)
training loss:	0.525433
validation loss:	0.536306
validation error:	0.266000
2017-02-05 06:05:58,920 INFO     Wrote output to trainNN/out/v048-finunified-1-g2f8a7ec-dirty:lstm-best-context-500ms/config.json
2017-02-05 06:06:45,960 INFO     Saving network params to trainNN/out/v048-finunified-1-g2f8a7ec-dirty:lstm-best-context-500ms/epoch-072.pkl
2017-02-05 06:06:46,906 INFO     epoch: 72 took 47.991s (0.001s in batching)
training loss:	0.525504
validation loss:	0.536026
validation error:	0.262000
2017-02-05 06:06:46,911 INFO     Wrote output to trainNN/out/v048-finunified-1-g2f8a7ec-dirty:lstm-best-context-500ms/config.json
2017-02-05 06:07:33,813 INFO     Saving network params to trainNN/out/v048-finunified-1-g2f8a7ec-dirty:lstm-best-context-500ms/epoch-073.pkl
2017-02-05 06:07:34,758 INFO     epoch: 73 took 47.852s (0.001s in batching)
training loss:	0.524360
validation loss:	0.535247
validation error:	0.262100
2017-02-05 06:07:34,763 INFO     Wrote output to trainNN/out/v048-finunified-1-g2f8a7ec-dirty:lstm-best-context-500ms/config.json
2017-02-05 06:08:21,793 INFO     Saving network params to trainNN/out/v048-finunified-1-g2f8a7ec-dirty:lstm-best-context-500ms/epoch-074.pkl
2017-02-05 06:08:22,760 INFO     epoch: 74 took 48.003s (0.001s in batching)
training loss:	0.524244
validation loss:	0.534973
validation error:	0.262100
2017-02-05 06:08:22,766 INFO     Wrote output to trainNN/out/v048-finunified-1-g2f8a7ec-dirty:lstm-best-context-500ms/config.json
2017-02-05 06:09:09,919 INFO     Saving network params to trainNN/out/v048-finunified-1-g2f8a7ec-dirty:lstm-best-context-500ms/epoch-075.pkl
2017-02-05 06:09:10,880 INFO     epoch: 75 took 48.120s (0.001s in batching)
training loss:	0.524092
validation loss:	0.538945
validation error:	0.263700
2017-02-05 06:09:10,886 INFO     Wrote output to trainNN/out/v048-finunified-1-g2f8a7ec-dirty:lstm-best-context-500ms/config.json
2017-02-05 06:09:57,852 INFO     Saving network params to trainNN/out/v048-finunified-1-g2f8a7ec-dirty:lstm-best-context-500ms/epoch-076.pkl
2017-02-05 06:09:58,811 INFO     epoch: 76 took 47.931s (0.001s in batching)
training loss:	0.523929
validation loss:	0.535992
validation error:	0.266400
2017-02-05 06:09:58,817 INFO     Wrote output to trainNN/out/v048-finunified-1-g2f8a7ec-dirty:lstm-best-context-500ms/config.json
2017-02-05 06:10:45,823 INFO     Saving network params to trainNN/out/v048-finunified-1-g2f8a7ec-dirty:lstm-best-context-500ms/epoch-077.pkl
2017-02-05 06:10:46,753 INFO     epoch: 77 took 47.941s (0.001s in batching)
training loss:	0.522946
validation loss:	0.537939
validation error:	0.268100
2017-02-05 06:10:46,759 INFO     Wrote output to trainNN/out/v048-finunified-1-g2f8a7ec-dirty:lstm-best-context-500ms/config.json
2017-02-05 06:11:34,009 INFO     Saving network params to trainNN/out/v048-finunified-1-g2f8a7ec-dirty:lstm-best-context-500ms/epoch-078.pkl
2017-02-05 06:11:34,955 INFO     epoch: 78 took 48.202s (0.001s in batching)
training loss:	0.523538
validation loss:	0.540432
validation error:	0.265600
2017-02-05 06:11:34,960 INFO     Wrote output to trainNN/out/v048-finunified-1-g2f8a7ec-dirty:lstm-best-context-500ms/config.json
2017-02-05 06:12:21,935 INFO     Saving network params to trainNN/out/v048-finunified-1-g2f8a7ec-dirty:lstm-best-context-500ms/epoch-079.pkl
2017-02-05 06:12:22,876 INFO     epoch: 79 took 47.922s (0.001s in batching)
training loss:	0.522874
validation loss:	0.539942
validation error:	0.268400
2017-02-05 06:12:22,882 INFO     Wrote output to trainNN/out/v048-finunified-1-g2f8a7ec-dirty:lstm-best-context-500ms/config.json
2017-02-05 06:13:09,616 INFO     Saving network params to trainNN/out/v048-finunified-1-g2f8a7ec-dirty:lstm-best-context-500ms/epoch-080.pkl
2017-02-05 06:13:10,570 INFO     epoch: 80 took 47.694s (0.001s in batching)
training loss:	0.522079
validation loss:	0.538311
validation error:	0.264100
2017-02-05 06:13:10,576 INFO     Wrote output to trainNN/out/v048-finunified-1-g2f8a7ec-dirty:lstm-best-context-500ms/config.json
2017-02-05 06:13:57,565 INFO     Saving network params to trainNN/out/v048-finunified-1-g2f8a7ec-dirty:lstm-best-context-500ms/epoch-081.pkl
2017-02-05 06:13:58,525 INFO     epoch: 81 took 47.954s (0.001s in batching)
training loss:	0.522573
validation loss:	0.540626
validation error:	0.268200
2017-02-05 06:13:58,530 INFO     Wrote output to trainNN/out/v048-finunified-1-g2f8a7ec-dirty:lstm-best-context-500ms/config.json
2017-02-05 06:14:45,288 INFO     Saving network params to trainNN/out/v048-finunified-1-g2f8a7ec-dirty:lstm-best-context-500ms/epoch-082.pkl
2017-02-05 06:14:46,259 INFO     epoch: 82 took 47.735s (0.001s in batching)
training loss:	0.521051
validation loss:	0.541768
validation error:	0.268100
2017-02-05 06:14:46,265 INFO     Wrote output to trainNN/out/v048-finunified-1-g2f8a7ec-dirty:lstm-best-context-500ms/config.json
2017-02-05 06:15:33,202 INFO     Saving network params to trainNN/out/v048-finunified-1-g2f8a7ec-dirty:lstm-best-context-500ms/epoch-083.pkl
2017-02-05 06:15:34,144 INFO     epoch: 83 took 47.884s (0.001s in batching)
training loss:	0.521014
validation loss:	0.544116
validation error:	0.267200
2017-02-05 06:15:34,150 INFO     Wrote output to trainNN/out/v048-finunified-1-g2f8a7ec-dirty:lstm-best-context-500ms/config.json
2017-02-05 06:16:21,125 INFO     Saving network params to trainNN/out/v048-finunified-1-g2f8a7ec-dirty:lstm-best-context-500ms/epoch-084.pkl
2017-02-05 06:16:22,093 INFO     epoch: 84 took 47.949s (0.001s in batching)
training loss:	0.519875
validation loss:	0.538033
validation error:	0.262700
2017-02-05 06:16:22,099 INFO     Wrote output to trainNN/out/v048-finunified-1-g2f8a7ec-dirty:lstm-best-context-500ms/config.json
2017-02-05 06:17:08,875 INFO     Saving network params to trainNN/out/v048-finunified-1-g2f8a7ec-dirty:lstm-best-context-500ms/epoch-085.pkl
2017-02-05 06:17:09,823 INFO     epoch: 85 took 47.730s (0.001s in batching)
training loss:	0.520478
validation loss:	0.541694
validation error:	0.266200
2017-02-05 06:17:09,828 INFO     Wrote output to trainNN/out/v048-finunified-1-g2f8a7ec-dirty:lstm-best-context-500ms/config.json
2017-02-05 06:17:56,845 INFO     Saving network params to trainNN/out/v048-finunified-1-g2f8a7ec-dirty:lstm-best-context-500ms/epoch-086.pkl
2017-02-05 06:17:57,784 INFO     epoch: 86 took 47.961s (0.001s in batching)
training loss:	0.520467
validation loss:	0.545173
validation error:	0.266900
2017-02-05 06:17:57,790 INFO     Wrote output to trainNN/out/v048-finunified-1-g2f8a7ec-dirty:lstm-best-context-500ms/config.json
2017-02-05 06:18:44,604 INFO     Saving network params to trainNN/out/v048-finunified-1-g2f8a7ec-dirty:lstm-best-context-500ms/epoch-087.pkl
2017-02-05 06:18:45,545 INFO     epoch: 87 took 47.762s (0.001s in batching)
training loss:	0.519201
validation loss:	0.544632
validation error:	0.267700
2017-02-05 06:18:45,552 INFO     Wrote output to trainNN/out/v048-finunified-1-g2f8a7ec-dirty:lstm-best-context-500ms/config.json
2017-02-05 06:19:32,693 INFO     Saving network params to trainNN/out/v048-finunified-1-g2f8a7ec-dirty:lstm-best-context-500ms/epoch-088.pkl
2017-02-05 06:19:33,624 INFO     epoch: 88 took 48.078s (0.001s in batching)
training loss:	0.518978
validation loss:	0.544396
validation error:	0.266400
2017-02-05 06:19:33,630 INFO     Wrote output to trainNN/out/v048-finunified-1-g2f8a7ec-dirty:lstm-best-context-500ms/config.json
2017-02-05 06:20:20,229 INFO     Saving network params to trainNN/out/v048-finunified-1-g2f8a7ec-dirty:lstm-best-context-500ms/epoch-089.pkl
2017-02-05 06:20:21,147 INFO     epoch: 89 took 47.523s (0.001s in batching)
training loss:	0.518339
validation loss:	0.541398
validation error:	0.266500
2017-02-05 06:20:21,153 INFO     Wrote output to trainNN/out/v048-finunified-1-g2f8a7ec-dirty:lstm-best-context-500ms/config.json
2017-02-05 06:21:07,508 INFO     Saving network params to trainNN/out/v048-finunified-1-g2f8a7ec-dirty:lstm-best-context-500ms/epoch-090.pkl
2017-02-05 06:21:08,521 INFO     epoch: 90 took 47.374s (0.001s in batching)
training loss:	0.517989
validation loss:	0.546031
validation error:	0.268600
2017-02-05 06:21:08,527 INFO     Wrote output to trainNN/out/v048-finunified-1-g2f8a7ec-dirty:lstm-best-context-500ms/config.json
2017-02-05 06:21:55,118 INFO     Saving network params to trainNN/out/v048-finunified-1-g2f8a7ec-dirty:lstm-best-context-500ms/epoch-091.pkl
2017-02-05 06:21:56,043 INFO     epoch: 91 took 47.522s (0.001s in batching)
training loss:	0.518374
validation loss:	0.545060
validation error:	0.270000
2017-02-05 06:21:56,049 INFO     Wrote output to trainNN/out/v048-finunified-1-g2f8a7ec-dirty:lstm-best-context-500ms/config.json
2017-02-05 06:22:42,476 INFO     Saving network params to trainNN/out/v048-finunified-1-g2f8a7ec-dirty:lstm-best-context-500ms/epoch-092.pkl
2017-02-05 06:22:43,412 INFO     epoch: 92 took 47.369s (0.001s in batching)
training loss:	0.517593
validation loss:	0.550515
validation error:	0.270000
2017-02-05 06:22:43,418 INFO     Wrote output to trainNN/out/v048-finunified-1-g2f8a7ec-dirty:lstm-best-context-500ms/config.json
2017-02-05 06:23:29,852 INFO     Saving network params to trainNN/out/v048-finunified-1-g2f8a7ec-dirty:lstm-best-context-500ms/epoch-093.pkl
2017-02-05 06:23:30,779 INFO     epoch: 93 took 47.367s (0.001s in batching)
training loss:	0.516750
validation loss:	0.547563
validation error:	0.269300
2017-02-05 06:23:30,785 INFO     Wrote output to trainNN/out/v048-finunified-1-g2f8a7ec-dirty:lstm-best-context-500ms/config.json
2017-02-05 06:24:17,479 INFO     Saving network params to trainNN/out/v048-finunified-1-g2f8a7ec-dirty:lstm-best-context-500ms/epoch-094.pkl
2017-02-05 06:24:18,436 INFO     epoch: 94 took 47.657s (0.001s in batching)
training loss:	0.516273
validation loss:	0.542376
validation error:	0.267000
2017-02-05 06:24:18,443 INFO     Wrote output to trainNN/out/v048-finunified-1-g2f8a7ec-dirty:lstm-best-context-500ms/config.json
2017-02-05 06:25:05,036 INFO     Saving network params to trainNN/out/v048-finunified-1-g2f8a7ec-dirty:lstm-best-context-500ms/epoch-095.pkl
2017-02-05 06:25:05,989 INFO     epoch: 95 took 47.553s (0.001s in batching)
training loss:	0.516603
validation loss:	0.547168
validation error:	0.266400
2017-02-05 06:25:05,995 INFO     Wrote output to trainNN/out/v048-finunified-1-g2f8a7ec-dirty:lstm-best-context-500ms/config.json
2017-02-05 06:25:52,622 INFO     Saving network params to trainNN/out/v048-finunified-1-g2f8a7ec-dirty:lstm-best-context-500ms/epoch-096.pkl
2017-02-05 06:25:53,568 INFO     epoch: 96 took 47.579s (0.001s in batching)
training loss:	0.515775
validation loss:	0.543358
validation error:	0.267000
2017-02-05 06:25:53,574 INFO     Wrote output to trainNN/out/v048-finunified-1-g2f8a7ec-dirty:lstm-best-context-500ms/config.json
2017-02-05 06:26:40,182 INFO     Saving network params to trainNN/out/v048-finunified-1-g2f8a7ec-dirty:lstm-best-context-500ms/epoch-097.pkl
2017-02-05 06:26:41,135 INFO     epoch: 97 took 47.567s (0.001s in batching)
training loss:	0.515283
validation loss:	0.546550
validation error:	0.267800
2017-02-05 06:26:41,142 INFO     Wrote output to trainNN/out/v048-finunified-1-g2f8a7ec-dirty:lstm-best-context-500ms/config.json
2017-02-05 06:27:27,663 INFO     Saving network params to trainNN/out/v048-finunified-1-g2f8a7ec-dirty:lstm-best-context-500ms/epoch-098.pkl
2017-02-05 06:27:28,602 INFO     epoch: 98 took 47.467s (0.001s in batching)
training loss:	0.515282
validation loss:	0.546736
validation error:	0.271200
2017-02-05 06:27:28,608 INFO     Wrote output to trainNN/out/v048-finunified-1-g2f8a7ec-dirty:lstm-best-context-500ms/config.json
2017-02-05 06:28:15,363 INFO     Saving network params to trainNN/out/v048-finunified-1-g2f8a7ec-dirty:lstm-best-context-500ms/epoch-099.pkl
2017-02-05 06:28:16,307 INFO     epoch: 99 took 47.705s (0.001s in batching)
training loss:	0.515070
validation loss:	0.545163
validation error:	0.274100
2017-02-05 06:28:16,314 INFO     Wrote output to trainNN/out/v048-finunified-1-g2f8a7ec-dirty:lstm-best-context-500ms/config.json
