2017-01-24 10:40:27,155 DEBUG    version=v043-unified-1-gc7bb63f-dirty:simple-ff-50-20
2017-01-24 10:40:27,173 INFO     Open DBase(data/db/all240302-spk.dat, data/db/all240302-spk.idx, mode='r')
2017-01-24 10:40:53,130 DEBUG    loading cached extracted data from data/cache/extract-563f0cfda2bc8b6a659563483d8ddca63a2cf90cdf00f9f7f789bf6027ccda0a.pickle
2017-01-24 10:40:54,234 DEBUG    set input dim to 2
2017-01-24 10:40:54,236 DEBUG    input dim = 2
2017-01-24 10:40:54,398 DEBUG    loading data into ram
2017-01-24 10:40:54,545 DEBUG    loading data took 0.146s (cpu: 0.145s
2017-01-24 10:40:55,106 DEBUG    set input dim to 2
2017-01-24 10:40:55,107 DEBUG    input dim = 2
2017-01-24 10:40:55,125 DEBUG    loading data into ram
2017-01-24 10:40:55,139 DEBUG    loading data took 0.014s (cpu: 0.014s
2017-01-24 10:40:55,167 INFO     Training network with 5112 trainable out of 5112 total params.
2017-01-24 10:40:55,198 DEBUG    Using sgd with learning_rate=0.700000
2017-01-24 10:40:57,479 DEBUG    Starting training...
2017-01-24 10:42:38,720 INFO     Saving network params to trainNN/out/v043-unified-1-gc7bb63f-dirty:simple-ff-50-20/epoch-000.pkl
2017-01-24 10:42:48,248 INFO     epoch: 0 took 110.769s (83.511s in batching)
training loss:	0.626862
validation loss:	0.615065
validation error:	0.344035
2017-01-24 10:42:48,251 INFO     Wrote output to trainNN/out/v043-unified-1-gc7bb63f-dirty:simple-ff-50-20/config.json
2017-01-24 10:44:29,121 INFO     Saving network params to trainNN/out/v043-unified-1-gc7bb63f-dirty:simple-ff-50-20/epoch-001.pkl
2017-01-24 10:44:38,609 INFO     epoch: 1 took 110.361s (83.191s in batching)
training loss:	0.615127
validation loss:	0.612994
validation error:	0.338572
2017-01-24 10:44:38,612 INFO     Wrote output to trainNN/out/v043-unified-1-gc7bb63f-dirty:simple-ff-50-20/config.json
2017-01-24 10:46:19,265 INFO     Saving network params to trainNN/out/v043-unified-1-gc7bb63f-dirty:simple-ff-50-20/epoch-002.pkl
2017-01-24 10:46:28,565 INFO     epoch: 2 took 109.956s (83.415s in batching)
training loss:	0.611310
validation loss:	0.608874
validation error:	0.336605
2017-01-24 10:46:28,567 INFO     Wrote output to trainNN/out/v043-unified-1-gc7bb63f-dirty:simple-ff-50-20/config.json
2017-01-24 10:48:09,241 INFO     Saving network params to trainNN/out/v043-unified-1-gc7bb63f-dirty:simple-ff-50-20/epoch-003.pkl
2017-01-24 10:48:18,626 INFO     epoch: 3 took 110.061s (83.309s in batching)
training loss:	0.608778
validation loss:	0.607673
validation error:	0.334528
2017-01-24 10:48:18,628 INFO     Wrote output to trainNN/out/v043-unified-1-gc7bb63f-dirty:simple-ff-50-20/config.json
2017-01-24 10:49:58,031 INFO     Saving network params to trainNN/out/v043-unified-1-gc7bb63f-dirty:simple-ff-50-20/epoch-004.pkl
2017-01-24 10:50:07,373 INFO     epoch: 4 took 108.748s (82.707s in batching)
training loss:	0.607007
validation loss:	0.611276
validation error:	0.335331
2017-01-24 10:50:07,376 INFO     Wrote output to trainNN/out/v043-unified-1-gc7bb63f-dirty:simple-ff-50-20/config.json
2017-01-24 10:51:47,396 INFO     Saving network params to trainNN/out/v043-unified-1-gc7bb63f-dirty:simple-ff-50-20/epoch-005.pkl
2017-01-24 10:51:56,898 INFO     epoch: 5 took 109.525s (82.804s in batching)
training loss:	0.605459
validation loss:	0.608744
validation error:	0.335311
2017-01-24 10:51:56,901 INFO     Wrote output to trainNN/out/v043-unified-1-gc7bb63f-dirty:simple-ff-50-20/config.json
2017-01-24 10:53:36,445 INFO     Saving network params to trainNN/out/v043-unified-1-gc7bb63f-dirty:simple-ff-50-20/epoch-006.pkl
2017-01-24 10:53:45,679 INFO     epoch: 6 took 108.780s (82.631s in batching)
training loss:	0.604402
validation loss:	0.606441
validation error:	0.332887
2017-01-24 10:53:45,681 INFO     Wrote output to trainNN/out/v043-unified-1-gc7bb63f-dirty:simple-ff-50-20/config.json
2017-01-24 10:55:24,830 INFO     Saving network params to trainNN/out/v043-unified-1-gc7bb63f-dirty:simple-ff-50-20/epoch-007.pkl
2017-01-24 10:55:34,015 INFO     epoch: 7 took 108.337s (82.278s in batching)
training loss:	0.603675
validation loss:	0.605650
validation error:	0.331108
2017-01-24 10:55:34,018 INFO     Wrote output to trainNN/out/v043-unified-1-gc7bb63f-dirty:simple-ff-50-20/config.json
2017-01-24 10:57:13,554 INFO     Saving network params to trainNN/out/v043-unified-1-gc7bb63f-dirty:simple-ff-50-20/epoch-008.pkl
2017-01-24 10:57:23,163 INFO     epoch: 8 took 109.148s (82.189s in batching)
training loss:	0.603026
validation loss:	0.608758
validation error:	0.334706
2017-01-24 10:57:23,166 INFO     Wrote output to trainNN/out/v043-unified-1-gc7bb63f-dirty:simple-ff-50-20/config.json
2017-01-24 10:59:03,600 INFO     Saving network params to trainNN/out/v043-unified-1-gc7bb63f-dirty:simple-ff-50-20/epoch-009.pkl
2017-01-24 10:59:12,908 INFO     epoch: 9 took 109.745s (83.008s in batching)
training loss:	0.602446
validation loss:	0.605712
validation error:	0.331539
2017-01-24 10:59:12,911 INFO     Wrote output to trainNN/out/v043-unified-1-gc7bb63f-dirty:simple-ff-50-20/config.json
2017-01-24 11:00:53,560 INFO     Saving network params to trainNN/out/v043-unified-1-gc7bb63f-dirty:simple-ff-50-20/epoch-010.pkl
2017-01-24 11:01:03,176 INFO     epoch: 10 took 110.268s (83.199s in batching)
training loss:	0.601917
validation loss:	0.606079
validation error:	0.331440
2017-01-24 11:01:03,179 INFO     Wrote output to trainNN/out/v043-unified-1-gc7bb63f-dirty:simple-ff-50-20/config.json
2017-01-24 11:02:43,497 INFO     Saving network params to trainNN/out/v043-unified-1-gc7bb63f-dirty:simple-ff-50-20/epoch-011.pkl
2017-01-24 11:02:52,856 INFO     epoch: 11 took 109.680s (82.898s in batching)
training loss:	0.601450
validation loss:	0.607415
validation error:	0.332382
2017-01-24 11:02:52,859 INFO     Wrote output to trainNN/out/v043-unified-1-gc7bb63f-dirty:simple-ff-50-20/config.json
2017-01-24 11:04:33,337 INFO     Saving network params to trainNN/out/v043-unified-1-gc7bb63f-dirty:simple-ff-50-20/epoch-012.pkl
2017-01-24 11:04:42,822 INFO     epoch: 12 took 109.966s (83.070s in batching)
training loss:	0.601224
validation loss:	0.608723
validation error:	0.331628
2017-01-24 11:04:42,825 INFO     Wrote output to trainNN/out/v043-unified-1-gc7bb63f-dirty:simple-ff-50-20/config.json
2017-01-24 11:06:22,926 INFO     Saving network params to trainNN/out/v043-unified-1-gc7bb63f-dirty:simple-ff-50-20/epoch-013.pkl
2017-01-24 11:06:32,224 INFO     epoch: 13 took 109.402s (82.590s in batching)
training loss:	0.600858
validation loss:	0.606229
validation error:	0.332035
2017-01-24 11:06:32,227 INFO     Wrote output to trainNN/out/v043-unified-1-gc7bb63f-dirty:simple-ff-50-20/config.json
2017-01-24 11:08:12,270 INFO     Saving network params to trainNN/out/v043-unified-1-gc7bb63f-dirty:simple-ff-50-20/epoch-014.pkl
2017-01-24 11:08:21,779 INFO     epoch: 14 took 109.555s (83.012s in batching)
training loss:	0.600430
validation loss:	0.603559
validation error:	0.328560
2017-01-24 11:08:21,784 INFO     Wrote output to trainNN/out/v043-unified-1-gc7bb63f-dirty:simple-ff-50-20/config.json
2017-01-24 11:10:00,839 INFO     Saving network params to trainNN/out/v043-unified-1-gc7bb63f-dirty:simple-ff-50-20/epoch-015.pkl
2017-01-24 11:10:10,143 INFO     epoch: 15 took 108.365s (82.553s in batching)
training loss:	0.600150
validation loss:	0.607272
validation error:	0.329036
2017-01-24 11:10:10,147 INFO     Wrote output to trainNN/out/v043-unified-1-gc7bb63f-dirty:simple-ff-50-20/config.json
2017-01-24 11:11:48,875 INFO     Saving network params to trainNN/out/v043-unified-1-gc7bb63f-dirty:simple-ff-50-20/epoch-016.pkl
2017-01-24 11:11:58,113 INFO     epoch: 16 took 107.970s (82.063s in batching)
training loss:	0.599888
validation loss:	0.606491
validation error:	0.331618
2017-01-24 11:11:58,116 INFO     Wrote output to trainNN/out/v043-unified-1-gc7bb63f-dirty:simple-ff-50-20/config.json
2017-01-24 11:13:36,851 INFO     Saving network params to trainNN/out/v043-unified-1-gc7bb63f-dirty:simple-ff-50-20/epoch-017.pkl
2017-01-24 11:13:46,082 INFO     epoch: 17 took 107.969s (81.976s in batching)
training loss:	0.599606
validation loss:	0.603935
validation error:	0.329085
2017-01-24 11:13:46,085 INFO     Wrote output to trainNN/out/v043-unified-1-gc7bb63f-dirty:simple-ff-50-20/config.json
2017-01-24 11:15:25,601 INFO     Saving network params to trainNN/out/v043-unified-1-gc7bb63f-dirty:simple-ff-50-20/epoch-018.pkl
2017-01-24 11:15:34,871 INFO     epoch: 18 took 108.788s (82.695s in batching)
training loss:	0.599333
validation loss:	0.602831
validation error:	0.329309
2017-01-24 11:15:34,873 INFO     Wrote output to trainNN/out/v043-unified-1-gc7bb63f-dirty:simple-ff-50-20/config.json
2017-01-24 11:17:13,710 INFO     Saving network params to trainNN/out/v043-unified-1-gc7bb63f-dirty:simple-ff-50-20/epoch-019.pkl
2017-01-24 11:17:23,015 INFO     epoch: 19 took 108.145s (81.984s in batching)
training loss:	0.599114
validation loss:	0.606279
validation error:	0.334444
2017-01-24 11:17:23,018 INFO     Wrote output to trainNN/out/v043-unified-1-gc7bb63f-dirty:simple-ff-50-20/config.json
2017-01-24 11:19:01,063 INFO     Saving network params to trainNN/out/v043-unified-1-gc7bb63f-dirty:simple-ff-50-20/epoch-020.pkl
2017-01-24 11:19:10,380 INFO     epoch: 20 took 107.365s (82.084s in batching)
training loss:	0.598896
validation loss:	0.607107
validation error:	0.329978
2017-01-24 11:19:10,383 INFO     Wrote output to trainNN/out/v043-unified-1-gc7bb63f-dirty:simple-ff-50-20/config.json
2017-01-24 11:20:49,630 INFO     Saving network params to trainNN/out/v043-unified-1-gc7bb63f-dirty:simple-ff-50-20/epoch-021.pkl
2017-01-24 11:20:59,039 INFO     epoch: 21 took 108.658s (83.355s in batching)
training loss:	0.598724
validation loss:	0.603069
validation error:	0.327311
2017-01-24 11:20:59,042 INFO     Wrote output to trainNN/out/v043-unified-1-gc7bb63f-dirty:simple-ff-50-20/config.json
2017-01-24 11:22:37,808 INFO     Saving network params to trainNN/out/v043-unified-1-gc7bb63f-dirty:simple-ff-50-20/epoch-022.pkl
2017-01-24 11:22:47,116 INFO     epoch: 22 took 108.078s (82.779s in batching)
training loss:	0.598523
validation loss:	0.610079
validation error:	0.330855
2017-01-24 11:22:47,120 INFO     Wrote output to trainNN/out/v043-unified-1-gc7bb63f-dirty:simple-ff-50-20/config.json
2017-01-24 11:24:25,492 INFO     Saving network params to trainNN/out/v043-unified-1-gc7bb63f-dirty:simple-ff-50-20/epoch-023.pkl
2017-01-24 11:24:34,803 INFO     epoch: 23 took 107.687s (82.269s in batching)
training loss:	0.598403
validation loss:	0.604988
validation error:	0.327147
2017-01-24 11:24:34,806 INFO     Wrote output to trainNN/out/v043-unified-1-gc7bb63f-dirty:simple-ff-50-20/config.json
2017-01-24 11:26:13,953 INFO     Saving network params to trainNN/out/v043-unified-1-gc7bb63f-dirty:simple-ff-50-20/epoch-024.pkl
2017-01-24 11:26:23,309 INFO     epoch: 24 took 108.506s (83.033s in batching)
training loss:	0.598293
validation loss:	0.608644
validation error:	0.331589
2017-01-24 11:26:23,312 INFO     Wrote output to trainNN/out/v043-unified-1-gc7bb63f-dirty:simple-ff-50-20/config.json
2017-01-24 11:28:02,672 INFO     Saving network params to trainNN/out/v043-unified-1-gc7bb63f-dirty:simple-ff-50-20/epoch-025.pkl
2017-01-24 11:28:12,028 INFO     epoch: 25 took 108.719s (83.236s in batching)
training loss:	0.598077
validation loss:	0.603556
validation error:	0.328808
2017-01-24 11:28:12,031 INFO     Wrote output to trainNN/out/v043-unified-1-gc7bb63f-dirty:simple-ff-50-20/config.json
2017-01-24 11:29:50,832 INFO     Saving network params to trainNN/out/v043-unified-1-gc7bb63f-dirty:simple-ff-50-20/epoch-026.pkl
2017-01-24 11:30:00,110 INFO     epoch: 26 took 108.082s (82.478s in batching)
training loss:	0.598018
validation loss:	0.608272
validation error:	0.330092
2017-01-24 11:30:00,113 INFO     Wrote output to trainNN/out/v043-unified-1-gc7bb63f-dirty:simple-ff-50-20/config.json
2017-01-24 11:31:39,458 INFO     Saving network params to trainNN/out/v043-unified-1-gc7bb63f-dirty:simple-ff-50-20/epoch-027.pkl
2017-01-24 11:31:48,764 INFO     epoch: 27 took 108.654s (83.057s in batching)
training loss:	0.597908
validation loss:	0.601471
validation error:	0.328456
2017-01-24 11:31:48,767 INFO     Wrote output to trainNN/out/v043-unified-1-gc7bb63f-dirty:simple-ff-50-20/config.json
2017-01-24 11:33:27,548 INFO     Saving network params to trainNN/out/v043-unified-1-gc7bb63f-dirty:simple-ff-50-20/epoch-028.pkl
2017-01-24 11:33:36,790 INFO     epoch: 28 took 108.026s (82.533s in batching)
training loss:	0.597677
validation loss:	0.602416
validation error:	0.331361
2017-01-24 11:33:36,793 INFO     Wrote output to trainNN/out/v043-unified-1-gc7bb63f-dirty:simple-ff-50-20/config.json
2017-01-24 11:35:15,912 INFO     Saving network params to trainNN/out/v043-unified-1-gc7bb63f-dirty:simple-ff-50-20/epoch-029.pkl
2017-01-24 11:35:25,220 INFO     epoch: 29 took 108.430s (82.907s in batching)
training loss:	0.597686
validation loss:	0.602258
validation error:	0.327643
2017-01-24 11:35:25,223 INFO     Wrote output to trainNN/out/v043-unified-1-gc7bb63f-dirty:simple-ff-50-20/config.json
2017-01-24 11:37:04,162 INFO     Saving network params to trainNN/out/v043-unified-1-gc7bb63f-dirty:simple-ff-50-20/epoch-030.pkl
2017-01-24 11:37:13,513 INFO     epoch: 30 took 108.293s (82.690s in batching)
training loss:	0.597549
validation loss:	0.607747
validation error:	0.329705
2017-01-24 11:37:13,516 INFO     Wrote output to trainNN/out/v043-unified-1-gc7bb63f-dirty:simple-ff-50-20/config.json
2017-01-24 11:38:52,325 INFO     Saving network params to trainNN/out/v043-unified-1-gc7bb63f-dirty:simple-ff-50-20/epoch-031.pkl
2017-01-24 11:39:01,604 INFO     epoch: 31 took 108.091s (82.693s in batching)
training loss:	0.597423
validation loss:	0.601536
validation error:	0.327108
2017-01-24 11:39:01,607 INFO     Wrote output to trainNN/out/v043-unified-1-gc7bb63f-dirty:simple-ff-50-20/config.json
2017-01-24 11:40:40,654 INFO     Saving network params to trainNN/out/v043-unified-1-gc7bb63f-dirty:simple-ff-50-20/epoch-032.pkl
2017-01-24 11:40:49,974 INFO     epoch: 32 took 108.371s (82.755s in batching)
training loss:	0.597371
validation loss:	0.604228
validation error:	0.328020
2017-01-24 11:40:49,978 INFO     Wrote output to trainNN/out/v043-unified-1-gc7bb63f-dirty:simple-ff-50-20/config.json
2017-01-24 11:42:28,934 INFO     Saving network params to trainNN/out/v043-unified-1-gc7bb63f-dirty:simple-ff-50-20/epoch-033.pkl
2017-01-24 11:42:38,264 INFO     epoch: 33 took 108.290s (82.646s in batching)
training loss:	0.597082
validation loss:	0.602239
validation error:	0.326577
2017-01-24 11:42:38,268 INFO     Wrote output to trainNN/out/v043-unified-1-gc7bb63f-dirty:simple-ff-50-20/config.json
2017-01-24 11:44:17,069 INFO     Saving network params to trainNN/out/v043-unified-1-gc7bb63f-dirty:simple-ff-50-20/epoch-034.pkl
2017-01-24 11:44:26,346 INFO     epoch: 34 took 108.081s (82.472s in batching)
training loss:	0.597126
validation loss:	0.602485
validation error:	0.331440
2017-01-24 11:44:26,349 INFO     Wrote output to trainNN/out/v043-unified-1-gc7bb63f-dirty:simple-ff-50-20/config.json
2017-01-24 11:46:05,277 INFO     Saving network params to trainNN/out/v043-unified-1-gc7bb63f-dirty:simple-ff-50-20/epoch-035.pkl
2017-01-24 11:46:14,587 INFO     epoch: 35 took 108.241s (82.622s in batching)
training loss:	0.597026
validation loss:	0.614289
validation error:	0.334186
2017-01-24 11:46:14,590 INFO     Wrote output to trainNN/out/v043-unified-1-gc7bb63f-dirty:simple-ff-50-20/config.json
2017-01-24 11:47:53,472 INFO     Saving network params to trainNN/out/v043-unified-1-gc7bb63f-dirty:simple-ff-50-20/epoch-036.pkl
2017-01-24 11:48:02,774 INFO     epoch: 36 took 108.187s (82.675s in batching)
training loss:	0.596939
validation loss:	0.603128
validation error:	0.329195
2017-01-24 11:48:02,778 INFO     Wrote output to trainNN/out/v043-unified-1-gc7bb63f-dirty:simple-ff-50-20/config.json
2017-01-24 11:49:41,457 INFO     Saving network params to trainNN/out/v043-unified-1-gc7bb63f-dirty:simple-ff-50-20/epoch-037.pkl
2017-01-24 11:49:50,768 INFO     epoch: 37 took 107.994s (82.419s in batching)
training loss:	0.596885
validation loss:	0.602197
validation error:	0.329730
2017-01-24 11:49:50,771 INFO     Wrote output to trainNN/out/v043-unified-1-gc7bb63f-dirty:simple-ff-50-20/config.json
2017-01-24 11:51:29,531 INFO     Saving network params to trainNN/out/v043-unified-1-gc7bb63f-dirty:simple-ff-50-20/epoch-038.pkl
2017-01-24 11:51:38,806 INFO     epoch: 38 took 108.038s (82.494s in batching)
training loss:	0.596766
validation loss:	0.603090
validation error:	0.328198
2017-01-24 11:51:38,809 INFO     Wrote output to trainNN/out/v043-unified-1-gc7bb63f-dirty:simple-ff-50-20/config.json
2017-01-24 11:53:17,883 INFO     Saving network params to trainNN/out/v043-unified-1-gc7bb63f-dirty:simple-ff-50-20/epoch-039.pkl
2017-01-24 11:53:27,283 INFO     epoch: 39 took 108.477s (82.632s in batching)
training loss:	0.596754
validation loss:	0.602107
validation error:	0.325958
2017-01-24 11:53:27,287 INFO     Wrote output to trainNN/out/v043-unified-1-gc7bb63f-dirty:simple-ff-50-20/config.json
2017-01-24 11:55:06,978 INFO     Saving network params to trainNN/out/v043-unified-1-gc7bb63f-dirty:simple-ff-50-20/epoch-040.pkl
2017-01-24 11:55:16,290 INFO     epoch: 40 took 109.007s (83.360s in batching)
training loss:	0.596552
validation loss:	0.607205
validation error:	0.327990
2017-01-24 11:55:16,294 INFO     Wrote output to trainNN/out/v043-unified-1-gc7bb63f-dirty:simple-ff-50-20/config.json
2017-01-24 11:56:55,679 INFO     Saving network params to trainNN/out/v043-unified-1-gc7bb63f-dirty:simple-ff-50-20/epoch-041.pkl
2017-01-24 11:57:05,058 INFO     epoch: 41 took 108.768s (83.062s in batching)
training loss:	0.596742
validation loss:	0.600980
validation error:	0.326800
2017-01-24 11:57:05,062 INFO     Wrote output to trainNN/out/v043-unified-1-gc7bb63f-dirty:simple-ff-50-20/config.json
2017-01-24 11:58:44,188 INFO     Saving network params to trainNN/out/v043-unified-1-gc7bb63f-dirty:simple-ff-50-20/epoch-042.pkl
2017-01-24 11:58:53,471 INFO     epoch: 42 took 108.413s (82.784s in batching)
training loss:	0.596487
validation loss:	0.604692
validation error:	0.326216
2017-01-24 11:58:53,475 INFO     Wrote output to trainNN/out/v043-unified-1-gc7bb63f-dirty:simple-ff-50-20/config.json
2017-01-24 12:00:30,612 INFO     Saving network params to trainNN/out/v043-unified-1-gc7bb63f-dirty:simple-ff-50-20/epoch-043.pkl
2017-01-24 12:00:39,792 INFO     epoch: 43 took 106.322s (82.039s in batching)
training loss:	0.596433
validation loss:	0.600499
validation error:	0.325507
2017-01-24 12:00:39,796 INFO     Wrote output to trainNN/out/v043-unified-1-gc7bb63f-dirty:simple-ff-50-20/config.json
2017-01-24 12:02:16,445 INFO     Saving network params to trainNN/out/v043-unified-1-gc7bb63f-dirty:simple-ff-50-20/epoch-044.pkl
2017-01-24 12:02:25,593 INFO     epoch: 44 took 105.801s (81.705s in batching)
training loss:	0.596374
validation loss:	0.600025
validation error:	0.327757
2017-01-24 12:02:25,597 INFO     Wrote output to trainNN/out/v043-unified-1-gc7bb63f-dirty:simple-ff-50-20/config.json
2017-01-24 12:04:02,506 INFO     Saving network params to trainNN/out/v043-unified-1-gc7bb63f-dirty:simple-ff-50-20/epoch-045.pkl
2017-01-24 12:04:11,552 INFO     epoch: 45 took 105.959s (81.854s in batching)
training loss:	0.596308
validation loss:	0.604400
validation error:	0.331960
2017-01-24 12:04:11,556 INFO     Wrote output to trainNN/out/v043-unified-1-gc7bb63f-dirty:simple-ff-50-20/config.json
2017-01-24 12:05:48,642 INFO     Saving network params to trainNN/out/v043-unified-1-gc7bb63f-dirty:simple-ff-50-20/epoch-046.pkl
2017-01-24 12:05:57,936 INFO     epoch: 46 took 106.384s (81.908s in batching)
training loss:	0.596260
validation loss:	0.605384
validation error:	0.333309
2017-01-24 12:05:57,940 INFO     Wrote output to trainNN/out/v043-unified-1-gc7bb63f-dirty:simple-ff-50-20/config.json
2017-01-24 12:07:35,631 INFO     Saving network params to trainNN/out/v043-unified-1-gc7bb63f-dirty:simple-ff-50-20/epoch-047.pkl
2017-01-24 12:07:44,825 INFO     epoch: 47 took 106.890s (82.474s in batching)
training loss:	0.596116
validation loss:	0.604865
validation error:	0.325611
2017-01-24 12:07:44,830 INFO     Wrote output to trainNN/out/v043-unified-1-gc7bb63f-dirty:simple-ff-50-20/config.json
2017-01-24 12:09:22,607 INFO     Saving network params to trainNN/out/v043-unified-1-gc7bb63f-dirty:simple-ff-50-20/epoch-048.pkl
2017-01-24 12:09:31,850 INFO     epoch: 48 took 107.025s (82.433s in batching)
training loss:	0.596248
validation loss:	0.600923
validation error:	0.328421
2017-01-24 12:09:31,854 INFO     Wrote output to trainNN/out/v043-unified-1-gc7bb63f-dirty:simple-ff-50-20/config.json
2017-01-24 12:11:09,013 INFO     Saving network params to trainNN/out/v043-unified-1-gc7bb63f-dirty:simple-ff-50-20/epoch-049.pkl
2017-01-24 12:11:18,140 INFO     epoch: 49 took 106.290s (81.707s in batching)
training loss:	0.596079
validation loss:	0.604746
validation error:	0.332337
2017-01-24 12:11:18,144 INFO     Wrote output to trainNN/out/v043-unified-1-gc7bb63f-dirty:simple-ff-50-20/config.json
2017-01-24 12:12:56,257 INFO     Saving network params to trainNN/out/v043-unified-1-gc7bb63f-dirty:simple-ff-50-20/epoch-050.pkl
2017-01-24 12:13:05,414 INFO     epoch: 50 took 107.275s (82.550s in batching)
training loss:	0.595918
validation loss:	0.609040
validation error:	0.331836
2017-01-24 12:13:05,418 INFO     Wrote output to trainNN/out/v043-unified-1-gc7bb63f-dirty:simple-ff-50-20/config.json
2017-01-24 12:14:42,859 INFO     Saving network params to trainNN/out/v043-unified-1-gc7bb63f-dirty:simple-ff-50-20/epoch-051.pkl
2017-01-24 12:14:52,020 INFO     epoch: 51 took 106.606s (81.877s in batching)
training loss:	0.596040
validation loss:	0.604214
validation error:	0.327519
2017-01-24 12:14:52,024 INFO     Wrote output to trainNN/out/v043-unified-1-gc7bb63f-dirty:simple-ff-50-20/config.json
2017-01-24 12:16:29,735 INFO     Saving network params to trainNN/out/v043-unified-1-gc7bb63f-dirty:simple-ff-50-20/epoch-052.pkl
2017-01-24 12:16:38,940 INFO     epoch: 52 took 106.920s (82.118s in batching)
training loss:	0.595929
validation loss:	0.600658
validation error:	0.324783
2017-01-24 12:16:38,944 INFO     Wrote output to trainNN/out/v043-unified-1-gc7bb63f-dirty:simple-ff-50-20/config.json
2017-01-24 12:18:16,769 INFO     Saving network params to trainNN/out/v043-unified-1-gc7bb63f-dirty:simple-ff-50-20/epoch-053.pkl
2017-01-24 12:18:26,007 INFO     epoch: 53 took 107.067s (82.093s in batching)
training loss:	0.595903
validation loss:	0.605649
validation error:	0.330716
2017-01-24 12:18:26,011 INFO     Wrote output to trainNN/out/v043-unified-1-gc7bb63f-dirty:simple-ff-50-20/config.json
2017-01-24 12:20:04,558 INFO     Saving network params to trainNN/out/v043-unified-1-gc7bb63f-dirty:simple-ff-50-20/epoch-054.pkl
2017-01-24 12:20:13,833 INFO     epoch: 54 took 107.826s (82.724s in batching)
training loss:	0.595852
validation loss:	0.601363
validation error:	0.328491
2017-01-24 12:20:13,837 INFO     Wrote output to trainNN/out/v043-unified-1-gc7bb63f-dirty:simple-ff-50-20/config.json
2017-01-24 12:21:52,137 INFO     Saving network params to trainNN/out/v043-unified-1-gc7bb63f-dirty:simple-ff-50-20/epoch-055.pkl
2017-01-24 12:22:01,403 INFO     epoch: 55 took 107.570s (82.491s in batching)
training loss:	0.595655
validation loss:	0.600278
validation error:	0.327142
2017-01-24 12:22:01,408 INFO     Wrote output to trainNN/out/v043-unified-1-gc7bb63f-dirty:simple-ff-50-20/config.json
2017-01-24 12:23:39,945 INFO     Saving network params to trainNN/out/v043-unified-1-gc7bb63f-dirty:simple-ff-50-20/epoch-056.pkl
2017-01-24 12:23:49,229 INFO     epoch: 56 took 107.826s (82.656s in batching)
training loss:	0.595706
validation loss:	0.599013
validation error:	0.325715
2017-01-24 12:23:49,233 INFO     Wrote output to trainNN/out/v043-unified-1-gc7bb63f-dirty:simple-ff-50-20/config.json
2017-01-24 12:25:27,805 INFO     Saving network params to trainNN/out/v043-unified-1-gc7bb63f-dirty:simple-ff-50-20/epoch-057.pkl
2017-01-24 12:25:37,064 INFO     epoch: 57 took 107.835s (82.627s in batching)
training loss:	0.595687
validation loss:	0.602675
validation error:	0.324788
2017-01-24 12:25:37,068 INFO     Wrote output to trainNN/out/v043-unified-1-gc7bb63f-dirty:simple-ff-50-20/config.json
2017-01-24 12:27:15,376 INFO     Saving network params to trainNN/out/v043-unified-1-gc7bb63f-dirty:simple-ff-50-20/epoch-058.pkl
2017-01-24 12:27:24,589 INFO     epoch: 58 took 107.525s (82.221s in batching)
training loss:	0.595666
validation loss:	0.601462
validation error:	0.327732
2017-01-24 12:27:24,593 INFO     Wrote output to trainNN/out/v043-unified-1-gc7bb63f-dirty:simple-ff-50-20/config.json
2017-01-24 12:29:02,829 INFO     Saving network params to trainNN/out/v043-unified-1-gc7bb63f-dirty:simple-ff-50-20/epoch-059.pkl
2017-01-24 12:29:12,116 INFO     epoch: 59 took 107.527s (82.160s in batching)
training loss:	0.595617
validation loss:	0.604995
validation error:	0.330553
2017-01-24 12:29:12,120 INFO     Wrote output to trainNN/out/v043-unified-1-gc7bb63f-dirty:simple-ff-50-20/config.json
2017-01-24 12:30:50,246 INFO     Saving network params to trainNN/out/v043-unified-1-gc7bb63f-dirty:simple-ff-50-20/epoch-060.pkl
2017-01-24 12:30:59,511 INFO     epoch: 60 took 107.395s (82.036s in batching)
training loss:	0.595601
validation loss:	0.607227
validation error:	0.331757
2017-01-24 12:30:59,515 INFO     Wrote output to trainNN/out/v043-unified-1-gc7bb63f-dirty:simple-ff-50-20/config.json
2017-01-24 12:32:37,789 INFO     Saving network params to trainNN/out/v043-unified-1-gc7bb63f-dirty:simple-ff-50-20/epoch-061.pkl
2017-01-24 12:32:46,978 INFO     epoch: 61 took 107.467s (82.128s in batching)
training loss:	0.595466
validation loss:	0.605732
validation error:	0.332307
2017-01-24 12:32:46,983 INFO     Wrote output to trainNN/out/v043-unified-1-gc7bb63f-dirty:simple-ff-50-20/config.json
2017-01-24 12:34:25,852 INFO     Saving network params to trainNN/out/v043-unified-1-gc7bb63f-dirty:simple-ff-50-20/epoch-062.pkl
2017-01-24 12:34:35,109 INFO     epoch: 62 took 108.131s (82.432s in batching)
training loss:	0.595505
validation loss:	0.599201
validation error:	0.327777
2017-01-24 12:34:35,114 INFO     Wrote output to trainNN/out/v043-unified-1-gc7bb63f-dirty:simple-ff-50-20/config.json
2017-01-24 12:36:13,416 INFO     Saving network params to trainNN/out/v043-unified-1-gc7bb63f-dirty:simple-ff-50-20/epoch-063.pkl
2017-01-24 12:36:22,743 INFO     epoch: 63 took 107.634s (82.155s in batching)
training loss:	0.595497
validation loss:	0.602454
validation error:	0.328054
2017-01-24 12:36:22,748 INFO     Wrote output to trainNN/out/v043-unified-1-gc7bb63f-dirty:simple-ff-50-20/config.json
2017-01-24 12:38:02,046 INFO     Saving network params to trainNN/out/v043-unified-1-gc7bb63f-dirty:simple-ff-50-20/epoch-064.pkl
2017-01-24 12:38:11,398 INFO     epoch: 64 took 108.655s (83.052s in batching)
training loss:	0.595409
validation loss:	0.600614
validation error:	0.328451
2017-01-24 12:38:11,403 INFO     Wrote output to trainNN/out/v043-unified-1-gc7bb63f-dirty:simple-ff-50-20/config.json
2017-01-24 12:39:50,730 INFO     Saving network params to trainNN/out/v043-unified-1-gc7bb63f-dirty:simple-ff-50-20/epoch-065.pkl
2017-01-24 12:40:00,141 INFO     epoch: 65 took 108.743s (82.726s in batching)
training loss:	0.595356
validation loss:	0.603574
validation error:	0.328382
2017-01-24 12:40:00,145 INFO     Wrote output to trainNN/out/v043-unified-1-gc7bb63f-dirty:simple-ff-50-20/config.json
2017-01-24 12:41:40,363 INFO     Saving network params to trainNN/out/v043-unified-1-gc7bb63f-dirty:simple-ff-50-20/epoch-066.pkl
2017-01-24 12:41:49,790 INFO     epoch: 66 took 109.649s (83.607s in batching)
training loss:	0.595414
validation loss:	0.599835
validation error:	0.327370
2017-01-24 12:41:49,795 INFO     Wrote output to trainNN/out/v043-unified-1-gc7bb63f-dirty:simple-ff-50-20/config.json
2017-01-24 12:43:29,230 INFO     Saving network params to trainNN/out/v043-unified-1-gc7bb63f-dirty:simple-ff-50-20/epoch-067.pkl
2017-01-24 12:43:38,553 INFO     epoch: 67 took 108.763s (82.852s in batching)
training loss:	0.595345
validation loss:	0.602711
validation error:	0.327945
2017-01-24 12:43:38,558 INFO     Wrote output to trainNN/out/v043-unified-1-gc7bb63f-dirty:simple-ff-50-20/config.json
2017-01-24 12:45:17,759 INFO     Saving network params to trainNN/out/v043-unified-1-gc7bb63f-dirty:simple-ff-50-20/epoch-068.pkl
2017-01-24 12:45:27,076 INFO     epoch: 68 took 108.523s (82.647s in batching)
training loss:	0.595323
validation loss:	0.601271
validation error:	0.329155
2017-01-24 12:45:27,081 INFO     Wrote output to trainNN/out/v043-unified-1-gc7bb63f-dirty:simple-ff-50-20/config.json
2017-01-24 12:47:06,181 INFO     Saving network params to trainNN/out/v043-unified-1-gc7bb63f-dirty:simple-ff-50-20/epoch-069.pkl
2017-01-24 12:47:15,528 INFO     epoch: 69 took 108.452s (82.532s in batching)
training loss:	0.595217
validation loss:	0.605350
validation error:	0.330568
2017-01-24 12:47:15,532 INFO     Wrote output to trainNN/out/v043-unified-1-gc7bb63f-dirty:simple-ff-50-20/config.json
2017-01-24 12:48:54,724 INFO     Saving network params to trainNN/out/v043-unified-1-gc7bb63f-dirty:simple-ff-50-20/epoch-070.pkl
2017-01-24 12:49:04,074 INFO     epoch: 70 took 108.547s (82.616s in batching)
training loss:	0.595192
validation loss:	0.600157
validation error:	0.326800
2017-01-24 12:49:04,080 INFO     Wrote output to trainNN/out/v043-unified-1-gc7bb63f-dirty:simple-ff-50-20/config.json
2017-01-24 12:50:43,801 INFO     Saving network params to trainNN/out/v043-unified-1-gc7bb63f-dirty:simple-ff-50-20/epoch-071.pkl
2017-01-24 12:50:53,177 INFO     epoch: 71 took 109.103s (83.144s in batching)
training loss:	0.595134
validation loss:	0.597976
validation error:	0.326468
2017-01-24 12:50:53,183 INFO     Wrote output to trainNN/out/v043-unified-1-gc7bb63f-dirty:simple-ff-50-20/config.json
2017-01-24 12:52:31,986 INFO     Saving network params to trainNN/out/v043-unified-1-gc7bb63f-dirty:simple-ff-50-20/epoch-072.pkl
2017-01-24 12:52:41,273 INFO     epoch: 72 took 108.096s (82.262s in batching)
training loss:	0.595038
validation loss:	0.599951
validation error:	0.326196
2017-01-24 12:52:41,278 INFO     Wrote output to trainNN/out/v043-unified-1-gc7bb63f-dirty:simple-ff-50-20/config.json
2017-01-24 12:54:20,425 INFO     Saving network params to trainNN/out/v043-unified-1-gc7bb63f-dirty:simple-ff-50-20/epoch-073.pkl
2017-01-24 12:54:29,776 INFO     epoch: 73 took 108.503s (82.504s in batching)
training loss:	0.595085
validation loss:	0.604253
validation error:	0.330057
2017-01-24 12:54:29,782 INFO     Wrote output to trainNN/out/v043-unified-1-gc7bb63f-dirty:simple-ff-50-20/config.json
2017-01-24 12:56:09,824 INFO     Saving network params to trainNN/out/v043-unified-1-gc7bb63f-dirty:simple-ff-50-20/epoch-074.pkl
2017-01-24 12:56:19,236 INFO     epoch: 74 took 109.461s (83.539s in batching)
training loss:	0.594945
validation loss:	0.600613
validation error:	0.327266
2017-01-24 12:56:19,242 INFO     Wrote output to trainNN/out/v043-unified-1-gc7bb63f-dirty:simple-ff-50-20/config.json
2017-01-24 12:57:59,260 INFO     Saving network params to trainNN/out/v043-unified-1-gc7bb63f-dirty:simple-ff-50-20/epoch-075.pkl
2017-01-24 12:58:08,683 INFO     epoch: 75 took 109.447s (83.451s in batching)
training loss:	0.594988
validation loss:	0.604306
validation error:	0.326840
2017-01-24 12:58:08,689 INFO     Wrote output to trainNN/out/v043-unified-1-gc7bb63f-dirty:simple-ff-50-20/config.json
2017-01-24 12:59:47,838 INFO     Saving network params to trainNN/out/v043-unified-1-gc7bb63f-dirty:simple-ff-50-20/epoch-076.pkl
2017-01-24 12:59:57,132 INFO     epoch: 76 took 108.449s (82.532s in batching)
training loss:	0.594901
validation loss:	0.600218
validation error:	0.328094
2017-01-24 12:59:57,137 INFO     Wrote output to trainNN/out/v043-unified-1-gc7bb63f-dirty:simple-ff-50-20/config.json
2017-01-24 13:01:36,715 INFO     Saving network params to trainNN/out/v043-unified-1-gc7bb63f-dirty:simple-ff-50-20/epoch-077.pkl
2017-01-24 13:01:46,067 INFO     epoch: 77 took 108.935s (82.949s in batching)
training loss:	0.594947
validation loss:	0.607610
validation error:	0.330354
2017-01-24 13:01:46,072 INFO     Wrote output to trainNN/out/v043-unified-1-gc7bb63f-dirty:simple-ff-50-20/config.json
2017-01-24 13:03:25,452 INFO     Saving network params to trainNN/out/v043-unified-1-gc7bb63f-dirty:simple-ff-50-20/epoch-078.pkl
2017-01-24 13:03:34,763 INFO     epoch: 78 took 108.696s (82.832s in batching)
training loss:	0.594927
validation loss:	0.604408
validation error:	0.329403
2017-01-24 13:03:34,768 INFO     Wrote output to trainNN/out/v043-unified-1-gc7bb63f-dirty:simple-ff-50-20/config.json
2017-01-24 13:05:13,977 INFO     Saving network params to trainNN/out/v043-unified-1-gc7bb63f-dirty:simple-ff-50-20/epoch-079.pkl
2017-01-24 13:05:23,257 INFO     epoch: 79 took 108.494s (82.649s in batching)
training loss:	0.594910
validation loss:	0.602095
validation error:	0.325383
2017-01-24 13:05:23,262 INFO     Wrote output to trainNN/out/v043-unified-1-gc7bb63f-dirty:simple-ff-50-20/config.json
2017-01-24 13:07:03,186 INFO     Saving network params to trainNN/out/v043-unified-1-gc7bb63f-dirty:simple-ff-50-20/epoch-080.pkl
2017-01-24 13:07:12,562 INFO     epoch: 80 took 109.305s (83.286s in batching)
training loss:	0.594904
validation loss:	0.603634
validation error:	0.330706
2017-01-24 13:07:12,567 INFO     Wrote output to trainNN/out/v043-unified-1-gc7bb63f-dirty:simple-ff-50-20/config.json
2017-01-24 13:08:51,898 INFO     Saving network params to trainNN/out/v043-unified-1-gc7bb63f-dirty:simple-ff-50-20/epoch-081.pkl
2017-01-24 13:09:01,218 INFO     epoch: 81 took 108.656s (82.756s in batching)
training loss:	0.594906
validation loss:	0.600438
validation error:	0.326513
2017-01-24 13:09:01,223 INFO     Wrote output to trainNN/out/v043-unified-1-gc7bb63f-dirty:simple-ff-50-20/config.json
2017-01-24 13:10:40,503 INFO     Saving network params to trainNN/out/v043-unified-1-gc7bb63f-dirty:simple-ff-50-20/epoch-082.pkl
2017-01-24 13:10:49,777 INFO     epoch: 82 took 108.559s (82.649s in batching)
training loss:	0.594781
validation loss:	0.601687
validation error:	0.330389
2017-01-24 13:10:49,783 INFO     Wrote output to trainNN/out/v043-unified-1-gc7bb63f-dirty:simple-ff-50-20/config.json
2017-01-24 13:12:28,653 INFO     Saving network params to trainNN/out/v043-unified-1-gc7bb63f-dirty:simple-ff-50-20/epoch-083.pkl
2017-01-24 13:12:37,765 INFO     epoch: 83 took 107.987s (82.571s in batching)
training loss:	0.594771
validation loss:	0.604848
validation error:	0.330126
2017-01-24 13:12:37,770 INFO     Wrote output to trainNN/out/v043-unified-1-gc7bb63f-dirty:simple-ff-50-20/config.json
2017-01-24 13:14:16,153 INFO     Saving network params to trainNN/out/v043-unified-1-gc7bb63f-dirty:simple-ff-50-20/epoch-084.pkl
2017-01-24 13:14:25,535 INFO     epoch: 84 took 107.771s (82.336s in batching)
training loss:	0.594776
validation loss:	0.600083
validation error:	0.324887
2017-01-24 13:14:25,541 INFO     Wrote output to trainNN/out/v043-unified-1-gc7bb63f-dirty:simple-ff-50-20/config.json
2017-01-24 13:16:04,048 INFO     Saving network params to trainNN/out/v043-unified-1-gc7bb63f-dirty:simple-ff-50-20/epoch-085.pkl
2017-01-24 13:16:13,166 INFO     epoch: 85 took 107.631s (82.473s in batching)
training loss:	0.594664
validation loss:	0.601002
validation error:	0.328387
2017-01-24 13:16:13,171 INFO     Wrote output to trainNN/out/v043-unified-1-gc7bb63f-dirty:simple-ff-50-20/config.json
2017-01-24 13:17:50,277 INFO     Saving network params to trainNN/out/v043-unified-1-gc7bb63f-dirty:simple-ff-50-20/epoch-086.pkl
2017-01-24 13:17:59,339 INFO     epoch: 86 took 106.173s (82.052s in batching)
training loss:	0.594741
validation loss:	0.601570
validation error:	0.327638
2017-01-24 13:17:59,345 INFO     Wrote output to trainNN/out/v043-unified-1-gc7bb63f-dirty:simple-ff-50-20/config.json
2017-01-24 13:19:36,152 INFO     Saving network params to trainNN/out/v043-unified-1-gc7bb63f-dirty:simple-ff-50-20/epoch-087.pkl
2017-01-24 13:19:45,239 INFO     epoch: 87 took 105.900s (81.692s in batching)
training loss:	0.594686
validation loss:	0.599857
validation error:	0.324605
2017-01-24 13:19:45,245 INFO     Wrote output to trainNN/out/v043-unified-1-gc7bb63f-dirty:simple-ff-50-20/config.json
2017-01-24 13:21:22,574 INFO     Saving network params to trainNN/out/v043-unified-1-gc7bb63f-dirty:simple-ff-50-20/epoch-088.pkl
2017-01-24 13:21:31,816 INFO     epoch: 88 took 106.576s (81.998s in batching)
training loss:	0.594544
validation loss:	0.602133
validation error:	0.327499
2017-01-24 13:21:31,822 INFO     Wrote output to trainNN/out/v043-unified-1-gc7bb63f-dirty:simple-ff-50-20/config.json
2017-01-24 13:23:09,657 INFO     Saving network params to trainNN/out/v043-unified-1-gc7bb63f-dirty:simple-ff-50-20/epoch-089.pkl
2017-01-24 13:23:18,857 INFO     epoch: 89 took 107.041s (82.474s in batching)
training loss:	0.594648
validation loss:	0.600807
validation error:	0.324139
2017-01-24 13:23:18,862 INFO     Wrote output to trainNN/out/v043-unified-1-gc7bb63f-dirty:simple-ff-50-20/config.json
2017-01-24 13:24:56,314 INFO     Saving network params to trainNN/out/v043-unified-1-gc7bb63f-dirty:simple-ff-50-20/epoch-090.pkl
2017-01-24 13:25:05,507 INFO     epoch: 90 took 106.650s (82.144s in batching)
training loss:	0.594626
validation loss:	0.601488
validation error:	0.329120
2017-01-24 13:25:05,512 INFO     Wrote output to trainNN/out/v043-unified-1-gc7bb63f-dirty:simple-ff-50-20/config.json
2017-01-24 13:26:43,007 INFO     Saving network params to trainNN/out/v043-unified-1-gc7bb63f-dirty:simple-ff-50-20/epoch-091.pkl
2017-01-24 13:26:52,138 INFO     epoch: 91 took 106.631s (81.913s in batching)
training loss:	0.594446
validation loss:	0.601928
validation error:	0.328149
2017-01-24 13:26:52,144 INFO     Wrote output to trainNN/out/v043-unified-1-gc7bb63f-dirty:simple-ff-50-20/config.json
2017-01-24 13:28:29,650 INFO     Saving network params to trainNN/out/v043-unified-1-gc7bb63f-dirty:simple-ff-50-20/epoch-092.pkl
2017-01-24 13:28:38,828 INFO     epoch: 92 took 106.690s (81.980s in batching)
training loss:	0.594572
validation loss:	0.599967
validation error:	0.327390
2017-01-24 13:28:38,834 INFO     Wrote output to trainNN/out/v043-unified-1-gc7bb63f-dirty:simple-ff-50-20/config.json
2017-01-24 13:30:16,272 INFO     Saving network params to trainNN/out/v043-unified-1-gc7bb63f-dirty:simple-ff-50-20/epoch-093.pkl
2017-01-24 13:30:25,525 INFO     epoch: 93 took 106.696s (81.686s in batching)
training loss:	0.594494
validation loss:	0.603259
validation error:	0.330196
2017-01-24 13:30:25,530 INFO     Wrote output to trainNN/out/v043-unified-1-gc7bb63f-dirty:simple-ff-50-20/config.json
2017-01-24 13:32:03,598 INFO     Saving network params to trainNN/out/v043-unified-1-gc7bb63f-dirty:simple-ff-50-20/epoch-094.pkl
2017-01-24 13:32:12,827 INFO     epoch: 94 took 107.303s (82.344s in batching)
training loss:	0.594470
validation loss:	0.601540
validation error:	0.326662
2017-01-24 13:32:12,833 INFO     Wrote output to trainNN/out/v043-unified-1-gc7bb63f-dirty:simple-ff-50-20/config.json
2017-01-24 13:33:51,317 INFO     Saving network params to trainNN/out/v043-unified-1-gc7bb63f-dirty:simple-ff-50-20/epoch-095.pkl
2017-01-24 13:34:00,540 INFO     epoch: 95 took 107.713s (82.625s in batching)
training loss:	0.594361
validation loss:	0.600482
validation error:	0.327767
2017-01-24 13:34:00,546 INFO     Wrote output to trainNN/out/v043-unified-1-gc7bb63f-dirty:simple-ff-50-20/config.json
2017-01-24 13:35:38,016 INFO     Saving network params to trainNN/out/v043-unified-1-gc7bb63f-dirty:simple-ff-50-20/epoch-096.pkl
2017-01-24 13:35:47,227 INFO     epoch: 96 took 106.687s (81.645s in batching)
training loss:	0.594304
validation loss:	0.613338
validation error:	0.332273
2017-01-24 13:35:47,233 INFO     Wrote output to trainNN/out/v043-unified-1-gc7bb63f-dirty:simple-ff-50-20/config.json
2017-01-24 13:37:25,115 INFO     Saving network params to trainNN/out/v043-unified-1-gc7bb63f-dirty:simple-ff-50-20/epoch-097.pkl
2017-01-24 13:37:34,336 INFO     epoch: 97 took 107.109s (81.943s in batching)
training loss:	0.594339
validation loss:	0.603034
validation error:	0.329085
2017-01-24 13:37:34,342 INFO     Wrote output to trainNN/out/v043-unified-1-gc7bb63f-dirty:simple-ff-50-20/config.json
2017-01-24 13:39:12,035 INFO     Saving network params to trainNN/out/v043-unified-1-gc7bb63f-dirty:simple-ff-50-20/epoch-098.pkl
2017-01-24 13:39:21,263 INFO     epoch: 98 took 106.927s (81.724s in batching)
training loss:	0.594306
validation loss:	0.600362
validation error:	0.323420
2017-01-24 13:39:21,270 INFO     Wrote output to trainNN/out/v043-unified-1-gc7bb63f-dirty:simple-ff-50-20/config.json
2017-01-24 13:40:59,182 INFO     Saving network params to trainNN/out/v043-unified-1-gc7bb63f-dirty:simple-ff-50-20/epoch-099.pkl
2017-01-24 13:41:08,383 INFO     epoch: 99 took 107.120s (81.798s in batching)
training loss:	0.594374
validation loss:	0.603409
validation error:	0.326364
2017-01-24 13:41:08,389 INFO     Wrote output to trainNN/out/v043-unified-1-gc7bb63f-dirty:simple-ff-50-20/config.json
2017-01-24 13:42:46,296 INFO     Saving network params to trainNN/out/v043-unified-1-gc7bb63f-dirty:simple-ff-50-20/epoch-100.pkl
2017-01-24 13:42:55,490 INFO     epoch: 100 took 107.108s (81.814s in batching)
training loss:	0.594413
validation loss:	0.602632
validation error:	0.327554
2017-01-24 13:42:55,496 INFO     Wrote output to trainNN/out/v043-unified-1-gc7bb63f-dirty:simple-ff-50-20/config.json
2017-01-24 13:44:33,867 INFO     Saving network params to trainNN/out/v043-unified-1-gc7bb63f-dirty:simple-ff-50-20/epoch-101.pkl
2017-01-24 13:44:43,096 INFO     epoch: 101 took 107.605s (82.233s in batching)
training loss:	0.594289
validation loss:	0.602764
validation error:	0.329487
2017-01-24 13:44:43,102 INFO     Wrote output to trainNN/out/v043-unified-1-gc7bb63f-dirty:simple-ff-50-20/config.json
2017-01-24 13:46:21,903 INFO     Saving network params to trainNN/out/v043-unified-1-gc7bb63f-dirty:simple-ff-50-20/epoch-102.pkl
2017-01-24 13:46:31,183 INFO     epoch: 102 took 108.087s (82.665s in batching)
training loss:	0.594185
validation loss:	0.601756
validation error:	0.327475
2017-01-24 13:46:31,189 INFO     Wrote output to trainNN/out/v043-unified-1-gc7bb63f-dirty:simple-ff-50-20/config.json
2017-01-24 13:48:09,603 INFO     Saving network params to trainNN/out/v043-unified-1-gc7bb63f-dirty:simple-ff-50-20/epoch-103.pkl
2017-01-24 13:48:18,888 INFO     epoch: 103 took 107.705s (82.256s in batching)
training loss:	0.594312
validation loss:	0.598241
validation error:	0.325046
2017-01-24 13:48:18,894 INFO     Wrote output to trainNN/out/v043-unified-1-gc7bb63f-dirty:simple-ff-50-20/config.json
2017-01-24 13:49:57,509 INFO     Saving network params to trainNN/out/v043-unified-1-gc7bb63f-dirty:simple-ff-50-20/epoch-104.pkl
2017-01-24 13:50:06,825 INFO     epoch: 104 took 107.937s (82.378s in batching)
training loss:	0.594108
validation loss:	0.599880
validation error:	0.326196
2017-01-24 13:50:06,832 INFO     Wrote output to trainNN/out/v043-unified-1-gc7bb63f-dirty:simple-ff-50-20/config.json
2017-01-24 13:51:45,806 INFO     Saving network params to trainNN/out/v043-unified-1-gc7bb63f-dirty:simple-ff-50-20/epoch-105.pkl
2017-01-24 13:51:55,114 INFO     epoch: 105 took 108.289s (82.547s in batching)
training loss:	0.594248
validation loss:	0.606304
validation error:	0.330126
2017-01-24 13:51:55,120 INFO     Wrote output to trainNN/out/v043-unified-1-gc7bb63f-dirty:simple-ff-50-20/config.json
2017-01-24 13:53:33,415 INFO     Saving network params to trainNN/out/v043-unified-1-gc7bb63f-dirty:simple-ff-50-20/epoch-106.pkl
2017-01-24 13:53:42,700 INFO     epoch: 106 took 107.586s (82.019s in batching)
training loss:	0.594098
validation loss:	0.600790
validation error:	0.325705
2017-01-24 13:53:42,706 INFO     Wrote output to trainNN/out/v043-unified-1-gc7bb63f-dirty:simple-ff-50-20/config.json
2017-01-24 13:55:21,051 INFO     Saving network params to trainNN/out/v043-unified-1-gc7bb63f-dirty:simple-ff-50-20/epoch-107.pkl
2017-01-24 13:55:30,307 INFO     epoch: 107 took 107.607s (82.069s in batching)
training loss:	0.594079
validation loss:	0.599215
validation error:	0.324823
2017-01-24 13:55:30,314 INFO     Wrote output to trainNN/out/v043-unified-1-gc7bb63f-dirty:simple-ff-50-20/config.json
2017-01-24 13:57:08,433 INFO     Saving network params to trainNN/out/v043-unified-1-gc7bb63f-dirty:simple-ff-50-20/epoch-108.pkl
2017-01-24 13:57:17,667 INFO     epoch: 108 took 107.360s (81.927s in batching)
training loss:	0.594131
validation loss:	0.606644
validation error:	0.326384
2017-01-24 13:57:17,673 INFO     Wrote output to trainNN/out/v043-unified-1-gc7bb63f-dirty:simple-ff-50-20/config.json
2017-01-24 13:58:56,053 INFO     Saving network params to trainNN/out/v043-unified-1-gc7bb63f-dirty:simple-ff-50-20/epoch-109.pkl
2017-01-24 13:59:05,313 INFO     epoch: 109 took 107.647s (82.053s in batching)
training loss:	0.594111
validation loss:	0.599901
validation error:	0.326483
2017-01-24 13:59:05,320 INFO     Wrote output to trainNN/out/v043-unified-1-gc7bb63f-dirty:simple-ff-50-20/config.json
2017-01-24 14:00:43,404 INFO     Saving network params to trainNN/out/v043-unified-1-gc7bb63f-dirty:simple-ff-50-20/epoch-110.pkl
2017-01-24 14:00:52,646 INFO     epoch: 110 took 107.332s (81.907s in batching)
training loss:	0.594039
validation loss:	0.600515
validation error:	0.328079
2017-01-24 14:00:52,652 INFO     Wrote output to trainNN/out/v043-unified-1-gc7bb63f-dirty:simple-ff-50-20/config.json
2017-01-24 14:02:31,170 INFO     Saving network params to trainNN/out/v043-unified-1-gc7bb63f-dirty:simple-ff-50-20/epoch-111.pkl
2017-01-24 14:02:40,470 INFO     epoch: 111 took 107.824s (82.300s in batching)
training loss:	0.594134
validation loss:	0.600038
validation error:	0.326667
2017-01-24 14:02:40,476 INFO     Wrote output to trainNN/out/v043-unified-1-gc7bb63f-dirty:simple-ff-50-20/config.json
2017-01-24 14:04:19,119 INFO     Saving network params to trainNN/out/v043-unified-1-gc7bb63f-dirty:simple-ff-50-20/epoch-112.pkl
2017-01-24 14:04:28,361 INFO     epoch: 112 took 107.891s (82.402s in batching)
training loss:	0.594012
validation loss:	0.604083
validation error:	0.327826
2017-01-24 14:04:28,368 INFO     Wrote output to trainNN/out/v043-unified-1-gc7bb63f-dirty:simple-ff-50-20/config.json
2017-01-24 14:06:07,418 INFO     Saving network params to trainNN/out/v043-unified-1-gc7bb63f-dirty:simple-ff-50-20/epoch-113.pkl
2017-01-24 14:06:16,724 INFO     epoch: 113 took 108.363s (82.701s in batching)
training loss:	0.594115
validation loss:	0.600059
validation error:	0.327658
2017-01-24 14:06:16,829 INFO     Wrote output to trainNN/out/v043-unified-1-gc7bb63f-dirty:simple-ff-50-20/config.json
2017-01-24 14:07:55,049 INFO     Saving network params to trainNN/out/v043-unified-1-gc7bb63f-dirty:simple-ff-50-20/epoch-114.pkl
2017-01-24 14:08:04,306 INFO     epoch: 114 took 107.583s (81.936s in batching)
training loss:	0.594015
validation loss:	0.601455
validation error:	0.326116
2017-01-24 14:08:04,313 INFO     Wrote output to trainNN/out/v043-unified-1-gc7bb63f-dirty:simple-ff-50-20/config.json
2017-01-24 14:09:42,632 INFO     Saving network params to trainNN/out/v043-unified-1-gc7bb63f-dirty:simple-ff-50-20/epoch-115.pkl
2017-01-24 14:09:51,871 INFO     epoch: 115 took 107.565s (82.046s in batching)
training loss:	0.594040
validation loss:	0.602016
validation error:	0.324069
2017-01-24 14:09:51,877 INFO     Wrote output to trainNN/out/v043-unified-1-gc7bb63f-dirty:simple-ff-50-20/config.json
2017-01-24 14:11:30,310 INFO     Saving network params to trainNN/out/v043-unified-1-gc7bb63f-dirty:simple-ff-50-20/epoch-116.pkl
2017-01-24 14:11:39,551 INFO     epoch: 116 took 107.680s (82.226s in batching)
training loss:	0.594138
validation loss:	0.602848
validation error:	0.326186
2017-01-24 14:11:39,558 INFO     Wrote output to trainNN/out/v043-unified-1-gc7bb63f-dirty:simple-ff-50-20/config.json
2017-01-24 14:13:18,207 INFO     Saving network params to trainNN/out/v043-unified-1-gc7bb63f-dirty:simple-ff-50-20/epoch-117.pkl
2017-01-24 14:13:27,570 INFO     epoch: 117 took 108.019s (82.423s in batching)
training loss:	0.593958
validation loss:	0.601810
validation error:	0.327261
2017-01-24 14:13:27,576 INFO     Wrote output to trainNN/out/v043-unified-1-gc7bb63f-dirty:simple-ff-50-20/config.json
2017-01-24 14:15:05,907 INFO     Saving network params to trainNN/out/v043-unified-1-gc7bb63f-dirty:simple-ff-50-20/epoch-118.pkl
2017-01-24 14:15:15,233 INFO     epoch: 118 took 107.664s (82.046s in batching)
training loss:	0.594022
validation loss:	0.599913
validation error:	0.326969
2017-01-24 14:15:15,240 INFO     Wrote output to trainNN/out/v043-unified-1-gc7bb63f-dirty:simple-ff-50-20/config.json
2017-01-24 14:16:54,573 INFO     Saving network params to trainNN/out/v043-unified-1-gc7bb63f-dirty:simple-ff-50-20/epoch-119.pkl
2017-01-24 14:17:03,911 INFO     epoch: 119 took 108.678s (83.027s in batching)
training loss:	0.593939
validation loss:	0.602117
validation error:	0.326999
2017-01-24 14:17:03,918 INFO     Wrote output to trainNN/out/v043-unified-1-gc7bb63f-dirty:simple-ff-50-20/config.json
2017-01-24 14:18:42,600 INFO     Saving network params to trainNN/out/v043-unified-1-gc7bb63f-dirty:simple-ff-50-20/epoch-120.pkl
2017-01-24 14:18:51,808 INFO     epoch: 120 took 107.897s (82.436s in batching)
training loss:	0.593860
validation loss:	0.598796
validation error:	0.326944
2017-01-24 14:18:51,815 INFO     Wrote output to trainNN/out/v043-unified-1-gc7bb63f-dirty:simple-ff-50-20/config.json
2017-01-24 14:20:30,534 INFO     Saving network params to trainNN/out/v043-unified-1-gc7bb63f-dirty:simple-ff-50-20/epoch-121.pkl
2017-01-24 14:20:39,804 INFO     epoch: 121 took 107.996s (82.324s in batching)
training loss:	0.593868
validation loss:	0.599513
validation error:	0.324981
2017-01-24 14:20:39,811 INFO     Wrote output to trainNN/out/v043-unified-1-gc7bb63f-dirty:simple-ff-50-20/config.json
2017-01-24 14:22:16,878 INFO     Saving network params to trainNN/out/v043-unified-1-gc7bb63f-dirty:simple-ff-50-20/epoch-122.pkl
2017-01-24 14:22:25,920 INFO     epoch: 122 took 106.116s (81.613s in batching)
training loss:	0.593895
validation loss:	0.602338
validation error:	0.324441
2017-01-24 14:22:25,927 INFO     Wrote output to trainNN/out/v043-unified-1-gc7bb63f-dirty:simple-ff-50-20/config.json
2017-01-24 14:24:02,846 INFO     Saving network params to trainNN/out/v043-unified-1-gc7bb63f-dirty:simple-ff-50-20/epoch-123.pkl
2017-01-24 14:24:11,928 INFO     epoch: 123 took 106.008s (81.867s in batching)
training loss:	0.593804
validation loss:	0.598218
validation error:	0.325427
2017-01-24 14:24:11,934 INFO     Wrote output to trainNN/out/v043-unified-1-gc7bb63f-dirty:simple-ff-50-20/config.json
2017-01-24 14:25:48,847 INFO     Saving network params to trainNN/out/v043-unified-1-gc7bb63f-dirty:simple-ff-50-20/epoch-124.pkl
2017-01-24 14:25:57,958 INFO     epoch: 124 took 106.030s (81.922s in batching)
training loss:	0.593913
validation loss:	0.601668
validation error:	0.324233
2017-01-24 14:25:57,965 INFO     Wrote output to trainNN/out/v043-unified-1-gc7bb63f-dirty:simple-ff-50-20/config.json
2017-01-24 14:27:34,674 INFO     Saving network params to trainNN/out/v043-unified-1-gc7bb63f-dirty:simple-ff-50-20/epoch-125.pkl
2017-01-24 14:27:43,731 INFO     epoch: 125 took 105.773s (81.631s in batching)
training loss:	0.593926
validation loss:	0.600820
validation error:	0.322820
2017-01-24 14:27:43,739 INFO     Wrote output to trainNN/out/v043-unified-1-gc7bb63f-dirty:simple-ff-50-20/config.json
2017-01-24 14:29:21,286 INFO     Saving network params to trainNN/out/v043-unified-1-gc7bb63f-dirty:simple-ff-50-20/epoch-126.pkl
2017-01-24 14:29:30,528 INFO     epoch: 126 took 106.797s (82.442s in batching)
training loss:	0.593892
validation loss:	0.607600
validation error:	0.327787
2017-01-24 14:29:30,536 INFO     Wrote output to trainNN/out/v043-unified-1-gc7bb63f-dirty:simple-ff-50-20/config.json
2017-01-24 14:31:07,694 INFO     Saving network params to trainNN/out/v043-unified-1-gc7bb63f-dirty:simple-ff-50-20/epoch-127.pkl
2017-01-24 14:31:16,806 INFO     epoch: 127 took 106.277s (81.842s in batching)
training loss:	0.593959
validation loss:	0.598118
validation error:	0.321120
2017-01-24 14:31:16,813 INFO     Wrote output to trainNN/out/v043-unified-1-gc7bb63f-dirty:simple-ff-50-20/config.json
2017-01-24 14:32:54,067 INFO     Saving network params to trainNN/out/v043-unified-1-gc7bb63f-dirty:simple-ff-50-20/epoch-128.pkl
2017-01-24 14:33:03,195 INFO     epoch: 128 took 106.389s (81.855s in batching)
training loss:	0.593776
validation loss:	0.601262
validation error:	0.327475
2017-01-24 14:33:03,202 INFO     Wrote output to trainNN/out/v043-unified-1-gc7bb63f-dirty:simple-ff-50-20/config.json
2017-01-24 14:34:40,863 INFO     Saving network params to trainNN/out/v043-unified-1-gc7bb63f-dirty:simple-ff-50-20/epoch-129.pkl
2017-01-24 14:34:49,999 INFO     epoch: 129 took 106.804s (82.070s in batching)
training loss:	0.593816
validation loss:	0.599102
validation error:	0.326121
2017-01-24 14:34:50,006 INFO     Wrote output to trainNN/out/v043-unified-1-gc7bb63f-dirty:simple-ff-50-20/config.json
2017-01-24 14:36:27,421 INFO     Saving network params to trainNN/out/v043-unified-1-gc7bb63f-dirty:simple-ff-50-20/epoch-130.pkl
2017-01-24 14:36:36,563 INFO     epoch: 130 took 106.564s (81.843s in batching)
training loss:	0.593834
validation loss:	0.603564
validation error:	0.327296
2017-01-24 14:36:36,571 INFO     Wrote output to trainNN/out/v043-unified-1-gc7bb63f-dirty:simple-ff-50-20/config.json
2017-01-24 14:38:14,493 INFO     Saving network params to trainNN/out/v043-unified-1-gc7bb63f-dirty:simple-ff-50-20/epoch-131.pkl
2017-01-24 14:38:23,669 INFO     epoch: 131 took 107.105s (82.277s in batching)
training loss:	0.593691
validation loss:	0.601263
validation error:	0.328481
2017-01-24 14:38:23,676 INFO     Wrote output to trainNN/out/v043-unified-1-gc7bb63f-dirty:simple-ff-50-20/config.json
2017-01-24 14:40:02,000 INFO     Saving network params to trainNN/out/v043-unified-1-gc7bb63f-dirty:simple-ff-50-20/epoch-132.pkl
2017-01-24 14:40:11,226 INFO     epoch: 132 took 107.557s (82.557s in batching)
training loss:	0.593781
validation loss:	0.600618
validation error:	0.323366
2017-01-24 14:40:11,233 INFO     Wrote output to trainNN/out/v043-unified-1-gc7bb63f-dirty:simple-ff-50-20/config.json
2017-01-24 14:41:49,876 INFO     Saving network params to trainNN/out/v043-unified-1-gc7bb63f-dirty:simple-ff-50-20/epoch-133.pkl
2017-01-24 14:41:59,163 INFO     epoch: 133 took 107.937s (82.912s in batching)
training loss:	0.593754
validation loss:	0.599328
validation error:	0.326027
2017-01-24 14:41:59,170 INFO     Wrote output to trainNN/out/v043-unified-1-gc7bb63f-dirty:simple-ff-50-20/config.json
2017-01-24 14:43:37,842 INFO     Saving network params to trainNN/out/v043-unified-1-gc7bb63f-dirty:simple-ff-50-20/epoch-134.pkl
2017-01-24 14:43:47,147 INFO     epoch: 134 took 107.984s (82.860s in batching)
training loss:	0.593736
validation loss:	0.600668
validation error:	0.328555
2017-01-24 14:43:47,154 INFO     Wrote output to trainNN/out/v043-unified-1-gc7bb63f-dirty:simple-ff-50-20/config.json
2017-01-24 14:45:25,524 INFO     Saving network params to trainNN/out/v043-unified-1-gc7bb63f-dirty:simple-ff-50-20/epoch-135.pkl
2017-01-24 14:45:34,787 INFO     epoch: 135 took 107.641s (82.455s in batching)
training loss:	0.593777
validation loss:	0.610084
validation error:	0.328917
2017-01-24 14:45:34,795 INFO     Wrote output to trainNN/out/v043-unified-1-gc7bb63f-dirty:simple-ff-50-20/config.json
2017-01-24 14:47:12,718 INFO     Saving network params to trainNN/out/v043-unified-1-gc7bb63f-dirty:simple-ff-50-20/epoch-136.pkl
2017-01-24 14:47:21,967 INFO     epoch: 136 took 107.180s (82.040s in batching)
training loss:	0.593784
validation loss:	0.601105
validation error:	0.322910
2017-01-24 14:47:21,975 INFO     Wrote output to trainNN/out/v043-unified-1-gc7bb63f-dirty:simple-ff-50-20/config.json
2017-01-24 14:49:00,893 INFO     Saving network params to trainNN/out/v043-unified-1-gc7bb63f-dirty:simple-ff-50-20/epoch-137.pkl
2017-01-24 14:49:10,169 INFO     epoch: 137 took 108.202s (82.932s in batching)
training loss:	0.593731
validation loss:	0.599654
validation error:	0.325760
2017-01-24 14:49:10,274 INFO     Wrote output to trainNN/out/v043-unified-1-gc7bb63f-dirty:simple-ff-50-20/config.json
2017-01-24 14:50:48,570 INFO     Saving network params to trainNN/out/v043-unified-1-gc7bb63f-dirty:simple-ff-50-20/epoch-138.pkl
2017-01-24 14:50:57,787 INFO     epoch: 138 took 107.618s (82.302s in batching)
training loss:	0.593693
validation loss:	0.602547
validation error:	0.326300
2017-01-24 14:50:57,794 INFO     Wrote output to trainNN/out/v043-unified-1-gc7bb63f-dirty:simple-ff-50-20/config.json
2017-01-24 14:52:36,677 INFO     Saving network params to trainNN/out/v043-unified-1-gc7bb63f-dirty:simple-ff-50-20/epoch-139.pkl
2017-01-24 14:52:45,980 INFO     epoch: 139 took 108.194s (82.857s in batching)
training loss:	0.593662
validation loss:	0.599842
validation error:	0.324332
2017-01-24 14:52:45,988 INFO     Wrote output to trainNN/out/v043-unified-1-gc7bb63f-dirty:simple-ff-50-20/config.json
2017-01-24 14:54:24,882 INFO     Saving network params to trainNN/out/v043-unified-1-gc7bb63f-dirty:simple-ff-50-20/epoch-140.pkl
2017-01-24 14:54:34,247 INFO     epoch: 140 took 108.266s (82.970s in batching)
training loss:	0.593600
validation loss:	0.606055
validation error:	0.331797
2017-01-24 14:54:34,254 INFO     Wrote output to trainNN/out/v043-unified-1-gc7bb63f-dirty:simple-ff-50-20/config.json
2017-01-24 14:56:12,550 INFO     Saving network params to trainNN/out/v043-unified-1-gc7bb63f-dirty:simple-ff-50-20/epoch-141.pkl
2017-01-24 14:56:21,757 INFO     epoch: 141 took 107.511s (82.248s in batching)
training loss:	0.593746
validation loss:	0.600463
validation error:	0.326771
2017-01-24 14:56:21,765 INFO     Wrote output to trainNN/out/v043-unified-1-gc7bb63f-dirty:simple-ff-50-20/config.json
2017-01-24 14:58:00,300 INFO     Saving network params to trainNN/out/v043-unified-1-gc7bb63f-dirty:simple-ff-50-20/epoch-142.pkl
2017-01-24 14:58:09,568 INFO     epoch: 142 took 107.811s (82.389s in batching)
training loss:	0.593666
validation loss:	0.606823
validation error:	0.326523
2017-01-24 14:58:09,576 INFO     Wrote output to trainNN/out/v043-unified-1-gc7bb63f-dirty:simple-ff-50-20/config.json
2017-01-24 14:59:47,986 INFO     Saving network params to trainNN/out/v043-unified-1-gc7bb63f-dirty:simple-ff-50-20/epoch-143.pkl
2017-01-24 14:59:57,250 INFO     epoch: 143 took 107.682s (82.227s in batching)
training loss:	0.593651
validation loss:	0.600621
validation error:	0.327494
2017-01-24 14:59:57,258 INFO     Wrote output to trainNN/out/v043-unified-1-gc7bb63f-dirty:simple-ff-50-20/config.json
2017-01-24 15:01:35,864 INFO     Saving network params to trainNN/out/v043-unified-1-gc7bb63f-dirty:simple-ff-50-20/epoch-144.pkl
2017-01-24 15:01:45,112 INFO     epoch: 144 took 107.863s (82.321s in batching)
training loss:	0.593796
validation loss:	0.598602
validation error:	0.321586
2017-01-24 15:01:45,120 INFO     Wrote output to trainNN/out/v043-unified-1-gc7bb63f-dirty:simple-ff-50-20/config.json
2017-01-24 15:03:23,522 INFO     Saving network params to trainNN/out/v043-unified-1-gc7bb63f-dirty:simple-ff-50-20/epoch-145.pkl
2017-01-24 15:03:32,837 INFO     epoch: 145 took 107.725s (82.220s in batching)
training loss:	0.593643
validation loss:	0.607709
validation error:	0.323985
2017-01-24 15:03:32,946 INFO     Wrote output to trainNN/out/v043-unified-1-gc7bb63f-dirty:simple-ff-50-20/config.json
2017-01-24 15:05:12,057 INFO     Saving network params to trainNN/out/v043-unified-1-gc7bb63f-dirty:simple-ff-50-20/epoch-146.pkl
2017-01-24 15:05:21,373 INFO     epoch: 146 took 108.536s (82.165s in batching)
training loss:	0.593595
validation loss:	0.601888
validation error:	0.323380
2017-01-24 15:05:21,381 INFO     Wrote output to trainNN/out/v043-unified-1-gc7bb63f-dirty:simple-ff-50-20/config.json
2017-01-24 15:07:00,746 INFO     Saving network params to trainNN/out/v043-unified-1-gc7bb63f-dirty:simple-ff-50-20/epoch-147.pkl
2017-01-24 15:07:10,195 INFO     epoch: 147 took 108.822s (82.352s in batching)
training loss:	0.593525
validation loss:	0.601770
validation error:	0.326994
2017-01-24 15:07:10,204 INFO     Wrote output to trainNN/out/v043-unified-1-gc7bb63f-dirty:simple-ff-50-20/config.json
2017-01-24 15:08:49,493 INFO     Saving network params to trainNN/out/v043-unified-1-gc7bb63f-dirty:simple-ff-50-20/epoch-148.pkl
2017-01-24 15:08:58,922 INFO     epoch: 148 took 108.726s (82.277s in batching)
training loss:	0.593573
validation loss:	0.600579
validation error:	0.326037
2017-01-24 15:08:58,930 INFO     Wrote output to trainNN/out/v043-unified-1-gc7bb63f-dirty:simple-ff-50-20/config.json
2017-01-24 15:10:38,371 INFO     Saving network params to trainNN/out/v043-unified-1-gc7bb63f-dirty:simple-ff-50-20/epoch-149.pkl
2017-01-24 15:10:47,615 INFO     epoch: 149 took 108.693s (82.609s in batching)
training loss:	0.593595
validation loss:	0.600270
validation error:	0.327494
2017-01-24 15:10:47,623 INFO     Wrote output to trainNN/out/v043-unified-1-gc7bb63f-dirty:simple-ff-50-20/config.json
2017-01-24 15:12:27,080 INFO     Saving network params to trainNN/out/v043-unified-1-gc7bb63f-dirty:simple-ff-50-20/epoch-150.pkl
2017-01-24 15:12:36,452 INFO     epoch: 150 took 108.837s (82.629s in batching)
training loss:	0.593608
validation loss:	0.599467
validation error:	0.326151
2017-01-24 15:12:36,460 INFO     Wrote output to trainNN/out/v043-unified-1-gc7bb63f-dirty:simple-ff-50-20/config.json
2017-01-24 15:14:16,145 INFO     Saving network params to trainNN/out/v043-unified-1-gc7bb63f-dirty:simple-ff-50-20/epoch-151.pkl
2017-01-24 15:14:25,511 INFO     epoch: 151 took 109.059s (82.884s in batching)
training loss:	0.593603
validation loss:	0.601431
validation error:	0.327147
2017-01-24 15:14:25,519 INFO     Wrote output to trainNN/out/v043-unified-1-gc7bb63f-dirty:simple-ff-50-20/config.json
2017-01-24 15:16:04,209 INFO     Saving network params to trainNN/out/v043-unified-1-gc7bb63f-dirty:simple-ff-50-20/epoch-152.pkl
2017-01-24 15:16:13,510 INFO     epoch: 152 took 107.999s (82.010s in batching)
training loss:	0.593456
validation loss:	0.600950
validation error:	0.327197
2017-01-24 15:16:13,518 INFO     Wrote output to trainNN/out/v043-unified-1-gc7bb63f-dirty:simple-ff-50-20/config.json
2017-01-24 15:17:52,323 INFO     Saving network params to trainNN/out/v043-unified-1-gc7bb63f-dirty:simple-ff-50-20/epoch-153.pkl
2017-01-24 15:18:01,604 INFO     epoch: 153 took 108.093s (82.077s in batching)
training loss:	0.593557
validation loss:	0.602320
validation error:	0.324382
2017-01-24 15:18:01,611 INFO     Wrote output to trainNN/out/v043-unified-1-gc7bb63f-dirty:simple-ff-50-20/config.json
2017-01-24 15:19:40,368 INFO     Saving network params to trainNN/out/v043-unified-1-gc7bb63f-dirty:simple-ff-50-20/epoch-154.pkl
2017-01-24 15:19:49,675 INFO     epoch: 154 took 108.072s (82.044s in batching)
training loss:	0.593500
validation loss:	0.602393
validation error:	0.327063
2017-01-24 15:19:49,684 INFO     Wrote output to trainNN/out/v043-unified-1-gc7bb63f-dirty:simple-ff-50-20/config.json
2017-01-24 15:21:28,157 INFO     Saving network params to trainNN/out/v043-unified-1-gc7bb63f-dirty:simple-ff-50-20/epoch-155.pkl
2017-01-24 15:21:37,416 INFO     epoch: 155 took 107.740s (81.992s in batching)
training loss:	0.593492
validation loss:	0.601875
validation error:	0.326344
2017-01-24 15:21:37,424 INFO     Wrote output to trainNN/out/v043-unified-1-gc7bb63f-dirty:simple-ff-50-20/config.json
2017-01-24 15:23:15,834 INFO     Saving network params to trainNN/out/v043-unified-1-gc7bb63f-dirty:simple-ff-50-20/epoch-156.pkl
2017-01-24 15:23:25,111 INFO     epoch: 156 took 107.695s (81.853s in batching)
training loss:	0.593449
validation loss:	0.600852
validation error:	0.327846
2017-01-24 15:23:25,119 INFO     Wrote output to trainNN/out/v043-unified-1-gc7bb63f-dirty:simple-ff-50-20/config.json
2017-01-24 15:25:03,686 INFO     Saving network params to trainNN/out/v043-unified-1-gc7bb63f-dirty:simple-ff-50-20/epoch-157.pkl
2017-01-24 15:25:13,003 INFO     epoch: 157 took 107.892s (82.269s in batching)
training loss:	0.593583
validation loss:	0.602288
validation error:	0.324758
2017-01-24 15:25:13,011 INFO     Wrote output to trainNN/out/v043-unified-1-gc7bb63f-dirty:simple-ff-50-20/config.json
2017-01-24 15:26:51,445 INFO     Saving network params to trainNN/out/v043-unified-1-gc7bb63f-dirty:simple-ff-50-20/epoch-158.pkl
2017-01-24 15:27:00,724 INFO     epoch: 158 took 107.721s (81.871s in batching)
training loss:	0.593348
validation loss:	0.601569
validation error:	0.325388
2017-01-24 15:27:00,732 INFO     Wrote output to trainNN/out/v043-unified-1-gc7bb63f-dirty:simple-ff-50-20/config.json
2017-01-24 15:28:40,492 INFO     Saving network params to trainNN/out/v043-unified-1-gc7bb63f-dirty:simple-ff-50-20/epoch-159.pkl
2017-01-24 15:28:49,954 INFO     epoch: 159 took 109.230s (82.625s in batching)
training loss:	0.593413
validation loss:	0.599791
validation error:	0.327222
2017-01-24 15:28:49,962 INFO     Wrote output to trainNN/out/v043-unified-1-gc7bb63f-dirty:simple-ff-50-20/config.json
2017-01-24 15:30:29,869 INFO     Saving network params to trainNN/out/v043-unified-1-gc7bb63f-dirty:simple-ff-50-20/epoch-160.pkl
2017-01-24 15:30:39,184 INFO     epoch: 160 took 109.229s (82.956s in batching)
training loss:	0.593495
validation loss:	0.600232
validation error:	0.325140
2017-01-24 15:30:39,192 INFO     Wrote output to trainNN/out/v043-unified-1-gc7bb63f-dirty:simple-ff-50-20/config.json
2017-01-24 15:32:17,230 INFO     Saving network params to trainNN/out/v043-unified-1-gc7bb63f-dirty:simple-ff-50-20/epoch-161.pkl
2017-01-24 15:32:26,408 INFO     epoch: 161 took 107.224s (82.212s in batching)
training loss:	0.593364
validation loss:	0.605988
validation error:	0.327727
2017-01-24 15:32:26,416 INFO     Wrote output to trainNN/out/v043-unified-1-gc7bb63f-dirty:simple-ff-50-20/config.json
2017-01-24 15:34:04,540 INFO     Saving network params to trainNN/out/v043-unified-1-gc7bb63f-dirty:simple-ff-50-20/epoch-162.pkl
2017-01-24 15:34:13,765 INFO     epoch: 162 took 107.357s (81.837s in batching)
training loss:	0.593473
validation loss:	0.599572
validation error:	0.326107
2017-01-24 15:34:13,870 INFO     Wrote output to trainNN/out/v043-unified-1-gc7bb63f-dirty:simple-ff-50-20/config.json
2017-01-24 15:35:52,442 INFO     Saving network params to trainNN/out/v043-unified-1-gc7bb63f-dirty:simple-ff-50-20/epoch-163.pkl
2017-01-24 15:36:01,752 INFO     epoch: 163 took 107.987s (82.559s in batching)
training loss:	0.593378
validation loss:	0.598989
validation error:	0.324491
2017-01-24 15:36:01,760 INFO     Wrote output to trainNN/out/v043-unified-1-gc7bb63f-dirty:simple-ff-50-20/config.json
2017-01-24 15:37:40,617 INFO     Saving network params to trainNN/out/v043-unified-1-gc7bb63f-dirty:simple-ff-50-20/epoch-164.pkl
2017-01-24 15:37:49,922 INFO     epoch: 164 took 108.169s (82.611s in batching)
training loss:	0.593400
validation loss:	0.600437
validation error:	0.326126
2017-01-24 15:37:49,930 INFO     Wrote output to trainNN/out/v043-unified-1-gc7bb63f-dirty:simple-ff-50-20/config.json
2017-01-24 15:39:28,342 INFO     Saving network params to trainNN/out/v043-unified-1-gc7bb63f-dirty:simple-ff-50-20/epoch-165.pkl
2017-01-24 15:39:37,574 INFO     epoch: 165 took 107.652s (81.970s in batching)
training loss:	0.593373
validation loss:	0.600454
validation error:	0.326503
2017-01-24 15:39:37,682 INFO     Wrote output to trainNN/out/v043-unified-1-gc7bb63f-dirty:simple-ff-50-20/config.json
2017-01-24 15:41:15,947 INFO     Saving network params to trainNN/out/v043-unified-1-gc7bb63f-dirty:simple-ff-50-20/epoch-166.pkl
2017-01-24 15:41:25,206 INFO     epoch: 166 took 107.633s (82.203s in batching)
training loss:	0.593336
validation loss:	0.605329
validation error:	0.326602
2017-01-24 15:41:25,315 INFO     Wrote output to trainNN/out/v043-unified-1-gc7bb63f-dirty:simple-ff-50-20/config.json
2017-01-24 15:43:03,460 INFO     Saving network params to trainNN/out/v043-unified-1-gc7bb63f-dirty:simple-ff-50-20/epoch-167.pkl
2017-01-24 15:43:12,704 INFO     epoch: 167 took 107.498s (82.038s in batching)
training loss:	0.593361
validation loss:	0.599769
validation error:	0.321090
2017-01-24 15:43:12,713 INFO     Wrote output to trainNN/out/v043-unified-1-gc7bb63f-dirty:simple-ff-50-20/config.json
2017-01-24 15:44:50,785 INFO     Saving network params to trainNN/out/v043-unified-1-gc7bb63f-dirty:simple-ff-50-20/epoch-168.pkl
2017-01-24 15:45:00,017 INFO     epoch: 168 took 107.313s (81.919s in batching)
training loss:	0.593323
validation loss:	0.600612
validation error:	0.323187
2017-01-24 15:45:00,026 INFO     Wrote output to trainNN/out/v043-unified-1-gc7bb63f-dirty:simple-ff-50-20/config.json
2017-01-24 15:46:38,189 INFO     Saving network params to trainNN/out/v043-unified-1-gc7bb63f-dirty:simple-ff-50-20/epoch-169.pkl
2017-01-24 15:46:47,460 INFO     epoch: 169 took 107.443s (82.040s in batching)
training loss:	0.593361
validation loss:	0.600340
validation error:	0.326810
2017-01-24 15:46:47,566 INFO     Wrote output to trainNN/out/v043-unified-1-gc7bb63f-dirty:simple-ff-50-20/config.json
2017-01-24 15:48:26,095 INFO     Saving network params to trainNN/out/v043-unified-1-gc7bb63f-dirty:simple-ff-50-20/epoch-170.pkl
2017-01-24 15:48:35,461 INFO     epoch: 170 took 108.001s (81.802s in batching)
training loss:	0.593251
validation loss:	0.600347
validation error:	0.327975
2017-01-24 15:48:35,570 INFO     Wrote output to trainNN/out/v043-unified-1-gc7bb63f-dirty:simple-ff-50-20/config.json
2017-01-24 15:50:14,780 INFO     Saving network params to trainNN/out/v043-unified-1-gc7bb63f-dirty:simple-ff-50-20/epoch-171.pkl
2017-01-24 15:50:24,052 INFO     epoch: 171 took 108.591s (82.673s in batching)
training loss:	0.593351
validation loss:	0.600613
validation error:	0.327822
2017-01-24 15:50:24,060 INFO     Wrote output to trainNN/out/v043-unified-1-gc7bb63f-dirty:simple-ff-50-20/config.json
2017-01-24 15:52:02,678 INFO     Saving network params to trainNN/out/v043-unified-1-gc7bb63f-dirty:simple-ff-50-20/epoch-172.pkl
2017-01-24 15:52:11,975 INFO     epoch: 172 took 107.922s (82.678s in batching)
training loss:	0.593272
validation loss:	0.601754
validation error:	0.328064
2017-01-24 15:52:11,983 INFO     Wrote output to trainNN/out/v043-unified-1-gc7bb63f-dirty:simple-ff-50-20/config.json
2017-01-24 15:53:50,010 INFO     Saving network params to trainNN/out/v043-unified-1-gc7bb63f-dirty:simple-ff-50-20/epoch-173.pkl
2017-01-24 15:53:59,216 INFO     epoch: 173 took 107.242s (82.049s in batching)
training loss:	0.593267
validation loss:	0.602065
validation error:	0.325393
2017-01-24 15:53:59,225 INFO     Wrote output to trainNN/out/v043-unified-1-gc7bb63f-dirty:simple-ff-50-20/config.json
2017-01-24 15:55:37,495 INFO     Saving network params to trainNN/out/v043-unified-1-gc7bb63f-dirty:simple-ff-50-20/epoch-174.pkl
2017-01-24 15:55:46,744 INFO     epoch: 174 took 107.528s (82.274s in batching)
training loss:	0.593223
validation loss:	0.600352
validation error:	0.324818
2017-01-24 15:55:46,851 INFO     Wrote output to trainNN/out/v043-unified-1-gc7bb63f-dirty:simple-ff-50-20/config.json
2017-01-24 15:57:25,575 INFO     Saving network params to trainNN/out/v043-unified-1-gc7bb63f-dirty:simple-ff-50-20/epoch-175.pkl
2017-01-24 15:57:34,874 INFO     epoch: 175 took 108.130s (82.707s in batching)
training loss:	0.593166
validation loss:	0.613349
validation error:	0.328535
2017-01-24 15:57:34,883 INFO     Wrote output to trainNN/out/v043-unified-1-gc7bb63f-dirty:simple-ff-50-20/config.json
2017-01-24 15:59:13,218 INFO     Saving network params to trainNN/out/v043-unified-1-gc7bb63f-dirty:simple-ff-50-20/epoch-176.pkl
2017-01-24 15:59:22,531 INFO     epoch: 176 took 107.657s (81.847s in batching)
training loss:	0.593169
validation loss:	0.599655
validation error:	0.326320
2017-01-24 15:59:22,540 INFO     Wrote output to trainNN/out/v043-unified-1-gc7bb63f-dirty:simple-ff-50-20/config.json
2017-01-24 16:01:01,599 INFO     Saving network params to trainNN/out/v043-unified-1-gc7bb63f-dirty:simple-ff-50-20/epoch-177.pkl
2017-01-24 16:01:10,879 INFO     epoch: 177 took 108.348s (82.464s in batching)
training loss:	0.593169
validation loss:	0.600073
validation error:	0.327380
2017-01-24 16:01:10,888 INFO     Wrote output to trainNN/out/v043-unified-1-gc7bb63f-dirty:simple-ff-50-20/config.json
2017-01-24 16:02:49,831 INFO     Saving network params to trainNN/out/v043-unified-1-gc7bb63f-dirty:simple-ff-50-20/epoch-178.pkl
2017-01-24 16:02:59,155 INFO     epoch: 178 took 108.276s (82.244s in batching)
training loss:	0.593257
validation loss:	0.600713
validation error:	0.324937
2017-01-24 16:02:59,164 INFO     Wrote output to trainNN/out/v043-unified-1-gc7bb63f-dirty:simple-ff-50-20/config.json
2017-01-24 16:04:38,872 INFO     Saving network params to trainNN/out/v043-unified-1-gc7bb63f-dirty:simple-ff-50-20/epoch-179.pkl
2017-01-24 16:04:48,202 INFO     epoch: 179 took 109.047s (83.080s in batching)
training loss:	0.593110
validation loss:	0.602956
validation error:	0.324228
2017-01-24 16:04:48,311 INFO     Wrote output to trainNN/out/v043-unified-1-gc7bb63f-dirty:simple-ff-50-20/config.json
2017-01-24 16:06:27,713 INFO     Saving network params to trainNN/out/v043-unified-1-gc7bb63f-dirty:simple-ff-50-20/epoch-180.pkl
2017-01-24 16:06:37,098 INFO     epoch: 180 took 108.896s (82.766s in batching)
training loss:	0.593161
validation loss:	0.601503
validation error:	0.325537
2017-01-24 16:06:37,106 INFO     Wrote output to trainNN/out/v043-unified-1-gc7bb63f-dirty:simple-ff-50-20/config.json
2017-01-24 16:08:16,192 INFO     Saving network params to trainNN/out/v043-unified-1-gc7bb63f-dirty:simple-ff-50-20/epoch-181.pkl
2017-01-24 16:08:25,550 INFO     epoch: 181 took 108.452s (82.490s in batching)
training loss:	0.593189
validation loss:	0.601658
validation error:	0.327281
2017-01-24 16:08:25,559 INFO     Wrote output to trainNN/out/v043-unified-1-gc7bb63f-dirty:simple-ff-50-20/config.json
2017-01-24 16:10:05,180 INFO     Saving network params to trainNN/out/v043-unified-1-gc7bb63f-dirty:simple-ff-50-20/epoch-182.pkl
2017-01-24 16:10:14,573 INFO     epoch: 182 took 109.023s (82.932s in batching)
training loss:	0.593195
validation loss:	0.599718
validation error:	0.324208
2017-01-24 16:10:14,582 INFO     Wrote output to trainNN/out/v043-unified-1-gc7bb63f-dirty:simple-ff-50-20/config.json
2017-01-24 16:11:53,961 INFO     Saving network params to trainNN/out/v043-unified-1-gc7bb63f-dirty:simple-ff-50-20/epoch-183.pkl
2017-01-24 16:12:03,313 INFO     epoch: 183 took 108.740s (82.768s in batching)
training loss:	0.593193
validation loss:	0.600930
validation error:	0.323004
2017-01-24 16:12:03,322 INFO     Wrote output to trainNN/out/v043-unified-1-gc7bb63f-dirty:simple-ff-50-20/config.json
2017-01-24 16:13:42,276 INFO     Saving network params to trainNN/out/v043-unified-1-gc7bb63f-dirty:simple-ff-50-20/epoch-184.pkl
2017-01-24 16:13:51,645 INFO     epoch: 184 took 108.332s (82.266s in batching)
training loss:	0.593059
validation loss:	0.598864
validation error:	0.326077
2017-01-24 16:13:51,654 INFO     Wrote output to trainNN/out/v043-unified-1-gc7bb63f-dirty:simple-ff-50-20/config.json
2017-01-24 16:15:31,632 INFO     Saving network params to trainNN/out/v043-unified-1-gc7bb63f-dirty:simple-ff-50-20/epoch-185.pkl
2017-01-24 16:15:41,009 INFO     epoch: 185 took 109.364s (83.220s in batching)
training loss:	0.593110
validation loss:	0.604353
validation error:	0.331792
2017-01-24 16:15:41,115 INFO     Wrote output to trainNN/out/v043-unified-1-gc7bb63f-dirty:simple-ff-50-20/config.json
2017-01-24 16:17:20,631 INFO     Saving network params to trainNN/out/v043-unified-1-gc7bb63f-dirty:simple-ff-50-20/epoch-186.pkl
2017-01-24 16:17:29,976 INFO     epoch: 186 took 108.967s (82.867s in batching)
training loss:	0.593023
validation loss:	0.599078
validation error:	0.326102
2017-01-24 16:17:29,985 INFO     Wrote output to trainNN/out/v043-unified-1-gc7bb63f-dirty:simple-ff-50-20/config.json
2017-01-24 16:19:09,731 INFO     Saving network params to trainNN/out/v043-unified-1-gc7bb63f-dirty:simple-ff-50-20/epoch-187.pkl
2017-01-24 16:19:19,133 INFO     epoch: 187 took 109.157s (83.033s in batching)
training loss:	0.593211
validation loss:	0.600089
validation error:	0.326295
2017-01-24 16:19:19,142 INFO     Wrote output to trainNN/out/v043-unified-1-gc7bb63f-dirty:simple-ff-50-20/config.json
2017-01-24 16:20:58,968 INFO     Saving network params to trainNN/out/v043-unified-1-gc7bb63f-dirty:simple-ff-50-20/epoch-188.pkl
2017-01-24 16:21:08,293 INFO     epoch: 188 took 109.160s (82.930s in batching)
training loss:	0.592982
validation loss:	0.602195
validation error:	0.322216
2017-01-24 16:21:08,302 INFO     Wrote output to trainNN/out/v043-unified-1-gc7bb63f-dirty:simple-ff-50-20/config.json
2017-01-24 16:22:46,577 INFO     Saving network params to trainNN/out/v043-unified-1-gc7bb63f-dirty:simple-ff-50-20/epoch-189.pkl
2017-01-24 16:22:55,833 INFO     epoch: 189 took 107.540s (81.994s in batching)
training loss:	0.593085
validation loss:	0.599878
validation error:	0.325467
2017-01-24 16:22:55,842 INFO     Wrote output to trainNN/out/v043-unified-1-gc7bb63f-dirty:simple-ff-50-20/config.json
2017-01-24 16:24:34,530 INFO     Saving network params to trainNN/out/v043-unified-1-gc7bb63f-dirty:simple-ff-50-20/epoch-190.pkl
2017-01-24 16:24:43,830 INFO     epoch: 190 took 107.998s (82.504s in batching)
training loss:	0.593026
validation loss:	0.600136
validation error:	0.326786
2017-01-24 16:24:43,840 INFO     Wrote output to trainNN/out/v043-unified-1-gc7bb63f-dirty:simple-ff-50-20/config.json
2017-01-24 16:26:22,310 INFO     Saving network params to trainNN/out/v043-unified-1-gc7bb63f-dirty:simple-ff-50-20/epoch-191.pkl
2017-01-24 16:26:31,533 INFO     epoch: 191 took 107.703s (82.282s in batching)
training loss:	0.592973
validation loss:	0.599475
validation error:	0.323306
2017-01-24 16:26:31,543 INFO     Wrote output to trainNN/out/v043-unified-1-gc7bb63f-dirty:simple-ff-50-20/config.json
2017-01-24 16:28:10,208 INFO     Saving network params to trainNN/out/v043-unified-1-gc7bb63f-dirty:simple-ff-50-20/epoch-192.pkl
2017-01-24 16:28:19,515 INFO     epoch: 192 took 107.981s (82.395s in batching)
training loss:	0.593004
validation loss:	0.599579
validation error:	0.322424
2017-01-24 16:28:19,524 INFO     Wrote output to trainNN/out/v043-unified-1-gc7bb63f-dirty:simple-ff-50-20/config.json
2017-01-24 16:29:58,176 INFO     Saving network params to trainNN/out/v043-unified-1-gc7bb63f-dirty:simple-ff-50-20/epoch-193.pkl
2017-01-24 16:30:07,495 INFO     epoch: 193 took 107.981s (82.160s in batching)
training loss:	0.592976
validation loss:	0.599281
validation error:	0.325388
2017-01-24 16:30:07,505 INFO     Wrote output to trainNN/out/v043-unified-1-gc7bb63f-dirty:simple-ff-50-20/config.json
2017-01-24 16:31:46,330 INFO     Saving network params to trainNN/out/v043-unified-1-gc7bb63f-dirty:simple-ff-50-20/epoch-194.pkl
2017-01-24 16:31:55,637 INFO     epoch: 194 took 108.141s (82.277s in batching)
training loss:	0.592975
validation loss:	0.599742
validation error:	0.323708
2017-01-24 16:31:55,646 INFO     Wrote output to trainNN/out/v043-unified-1-gc7bb63f-dirty:simple-ff-50-20/config.json
2017-01-24 16:33:34,242 INFO     Saving network params to trainNN/out/v043-unified-1-gc7bb63f-dirty:simple-ff-50-20/epoch-195.pkl
2017-01-24 16:33:43,500 INFO     epoch: 195 took 107.864s (82.015s in batching)
training loss:	0.592977
validation loss:	0.600516
validation error:	0.326325
2017-01-24 16:33:43,510 INFO     Wrote output to trainNN/out/v043-unified-1-gc7bb63f-dirty:simple-ff-50-20/config.json
2017-01-24 16:35:22,859 INFO     Saving network params to trainNN/out/v043-unified-1-gc7bb63f-dirty:simple-ff-50-20/epoch-196.pkl
2017-01-24 16:35:32,179 INFO     epoch: 196 took 108.679s (82.872s in batching)
training loss:	0.592971
validation loss:	0.599431
validation error:	0.324501
2017-01-24 16:35:32,189 INFO     Wrote output to trainNN/out/v043-unified-1-gc7bb63f-dirty:simple-ff-50-20/config.json
2017-01-24 16:37:11,642 INFO     Saving network params to trainNN/out/v043-unified-1-gc7bb63f-dirty:simple-ff-50-20/epoch-197.pkl
2017-01-24 16:37:21,041 INFO     epoch: 197 took 108.862s (82.880s in batching)
training loss:	0.592921
validation loss:	0.601387
validation error:	0.328694
2017-01-24 16:37:21,051 INFO     Wrote output to trainNN/out/v043-unified-1-gc7bb63f-dirty:simple-ff-50-20/config.json
2017-01-24 16:39:00,263 INFO     Saving network params to trainNN/out/v043-unified-1-gc7bb63f-dirty:simple-ff-50-20/epoch-198.pkl
2017-01-24 16:39:09,622 INFO     epoch: 198 took 108.580s (82.547s in batching)
training loss:	0.592839
validation loss:	0.603848
validation error:	0.327866
2017-01-24 16:39:09,631 INFO     Wrote output to trainNN/out/v043-unified-1-gc7bb63f-dirty:simple-ff-50-20/config.json
2017-01-24 16:40:47,561 INFO     Saving network params to trainNN/out/v043-unified-1-gc7bb63f-dirty:simple-ff-50-20/epoch-199.pkl
2017-01-24 16:40:56,707 INFO     epoch: 199 took 107.085s (82.109s in batching)
training loss:	0.592976
validation loss:	0.604853
validation error:	0.329660
2017-01-24 16:40:56,716 INFO     Wrote output to trainNN/out/v043-unified-1-gc7bb63f-dirty:simple-ff-50-20/config.json
