2017-01-24 21:24:33,581 DEBUG    version=v044-unified-1-g8a5dd7c-dirty:simple-ff-ffv-50
2017-01-24 21:24:33,596 INFO     Open DBase(data/db/all240302-spk.dat, data/db/all240302-spk.idx, mode='r')
2017-01-24 21:25:05,587 DEBUG    loading cached extracted data from data/cache/extract-17095dffdd75068299ccb5dd895af8ecaa0fbe1575b09b5b1ad4e4febf4d84ae.pickle
2017-01-24 21:25:07,775 DEBUG    set input dim to 9
2017-01-24 21:25:07,775 DEBUG    input dim = 9
2017-01-24 21:25:08,040 DEBUG    loading data into ram
2017-01-24 21:25:08,302 DEBUG    loading data took 0.262s (cpu: 0.143s
2017-01-24 21:25:09,297 DEBUG    set input dim to 9
2017-01-24 21:25:09,298 DEBUG    input dim = 9
2017-01-24 21:25:09,342 DEBUG    loading data into ram
2017-01-24 21:25:09,368 DEBUG    loading data took 0.026s (cpu: 0.014s
2017-01-24 21:25:09,428 INFO     Training network with 18152 trainable out of 18152 total params.
2017-01-24 21:25:09,466 DEBUG    Using sgd with learning_rate=0.700000
2017-01-24 21:25:12,710 DEBUG    Starting training...
2017-01-24 21:31:22,918 INFO     Saving network params to trainNN/out/v044-unified-1-g8a5dd7c-dirty:simple-ff-ffv-50/epoch-000.pkl
2017-01-24 21:31:38,449 INFO     epoch: 0 took 385.738s (103.931s in batching)
training loss:	0.694395
validation loss:	0.693245
validation error:	0.499990
2017-01-24 21:31:38,451 INFO     Wrote output to trainNN/out/v044-unified-1-g8a5dd7c-dirty:simple-ff-ffv-50/config.json
2017-01-24 21:33:28,834 INFO     Saving network params to trainNN/out/v044-unified-1-g8a5dd7c-dirty:simple-ff-ffv-50/epoch-001.pkl
2017-01-24 21:33:39,387 INFO     epoch: 1 took 120.938s (85.569s in batching)
training loss:	0.693562
validation loss:	0.693447
validation error:	0.500035
2017-01-24 21:33:39,489 INFO     Wrote output to trainNN/out/v044-unified-1-g8a5dd7c-dirty:simple-ff-ffv-50/config.json
2017-01-24 21:36:17,238 INFO     Saving network params to trainNN/out/v044-unified-1-g8a5dd7c-dirty:simple-ff-ffv-50/epoch-002.pkl
2017-01-24 21:36:27,472 INFO     epoch: 2 took 168.085s (86.927s in batching)
training loss:	0.693557
validation loss:	0.693155
validation error:	0.500030
2017-01-24 21:36:27,573 INFO     Wrote output to trainNN/out/v044-unified-1-g8a5dd7c-dirty:simple-ff-ffv-50/config.json
2017-01-24 21:38:14,024 INFO     Saving network params to trainNN/out/v044-unified-1-g8a5dd7c-dirty:simple-ff-ffv-50/epoch-003.pkl
2017-01-24 21:38:24,172 INFO     epoch: 3 took 116.700s (85.201s in batching)
training loss:	0.693581
validation loss:	0.693147
validation error:	0.499990
2017-01-24 21:38:24,174 INFO     Wrote output to trainNN/out/v044-unified-1-g8a5dd7c-dirty:simple-ff-ffv-50/config.json
2017-01-24 21:40:10,369 INFO     Saving network params to trainNN/out/v044-unified-1-g8a5dd7c-dirty:simple-ff-ffv-50/epoch-004.pkl
2017-01-24 21:40:20,519 INFO     epoch: 4 took 116.347s (84.505s in batching)
training loss:	0.693568
validation loss:	0.693214
validation error:	0.499990
2017-01-24 21:40:20,621 INFO     Wrote output to trainNN/out/v044-unified-1-g8a5dd7c-dirty:simple-ff-ffv-50/config.json
2017-01-24 21:42:06,817 INFO     Saving network params to trainNN/out/v044-unified-1-g8a5dd7c-dirty:simple-ff-ffv-50/epoch-005.pkl
2017-01-24 21:42:16,995 INFO     epoch: 5 took 116.476s (84.685s in batching)
training loss:	0.693558
validation loss:	0.694467
validation error:	0.499990
2017-01-24 21:42:16,997 INFO     Wrote output to trainNN/out/v044-unified-1-g8a5dd7c-dirty:simple-ff-ffv-50/config.json
2017-01-24 21:44:03,452 INFO     Saving network params to trainNN/out/v044-unified-1-g8a5dd7c-dirty:simple-ff-ffv-50/epoch-006.pkl
2017-01-24 21:44:13,639 INFO     epoch: 6 took 116.644s (84.809s in batching)
training loss:	0.693570
validation loss:	0.693211
validation error:	0.499980
2017-01-24 21:44:13,642 INFO     Wrote output to trainNN/out/v044-unified-1-g8a5dd7c-dirty:simple-ff-ffv-50/config.json
2017-01-24 21:46:00,324 INFO     Saving network params to trainNN/out/v044-unified-1-g8a5dd7c-dirty:simple-ff-ffv-50/epoch-007.pkl
2017-01-24 21:46:10,519 INFO     epoch: 7 took 116.879s (85.024s in batching)
training loss:	0.693557
validation loss:	0.693298
validation error:	0.499990
2017-01-24 21:46:10,521 INFO     Wrote output to trainNN/out/v044-unified-1-g8a5dd7c-dirty:simple-ff-ffv-50/config.json
2017-01-24 21:47:56,683 INFO     Saving network params to trainNN/out/v044-unified-1-g8a5dd7c-dirty:simple-ff-ffv-50/epoch-008.pkl
2017-01-24 21:48:06,796 INFO     epoch: 8 took 116.278s (84.660s in batching)
training loss:	0.693553
validation loss:	0.693564
validation error:	0.500005
2017-01-24 21:48:06,799 INFO     Wrote output to trainNN/out/v044-unified-1-g8a5dd7c-dirty:simple-ff-ffv-50/config.json
2017-01-24 21:49:52,480 INFO     Saving network params to trainNN/out/v044-unified-1-g8a5dd7c-dirty:simple-ff-ffv-50/epoch-009.pkl
2017-01-24 21:50:02,543 INFO     epoch: 9 took 115.747s (84.490s in batching)
training loss:	0.693518
validation loss:	0.693560
validation error:	0.500025
2017-01-24 21:50:02,546 INFO     Wrote output to trainNN/out/v044-unified-1-g8a5dd7c-dirty:simple-ff-ffv-50/config.json
2017-01-24 21:51:47,423 INFO     Saving network params to trainNN/out/v044-unified-1-g8a5dd7c-dirty:simple-ff-ffv-50/epoch-010.pkl
2017-01-24 21:51:57,491 INFO     epoch: 10 took 114.948s (84.248s in batching)
training loss:	0.692404
validation loss:	0.673087
validation error:	0.422067
2017-01-24 21:51:57,494 INFO     Wrote output to trainNN/out/v044-unified-1-g8a5dd7c-dirty:simple-ff-ffv-50/config.json
2017-01-24 21:53:42,721 INFO     Saving network params to trainNN/out/v044-unified-1-g8a5dd7c-dirty:simple-ff-ffv-50/epoch-011.pkl
2017-01-24 21:53:52,735 INFO     epoch: 11 took 115.244s (84.502s in batching)
training loss:	0.691357
validation loss:	0.694999
validation error:	0.500025
2017-01-24 21:53:52,837 INFO     Wrote output to trainNN/out/v044-unified-1-g8a5dd7c-dirty:simple-ff-ffv-50/config.json
2017-01-24 21:55:39,066 INFO     Saving network params to trainNN/out/v044-unified-1-g8a5dd7c-dirty:simple-ff-ffv-50/epoch-012.pkl
2017-01-24 21:55:49,291 INFO     epoch: 12 took 116.556s (85.084s in batching)
training loss:	0.693577
validation loss:	0.693564
validation error:	0.500045
2017-01-24 21:55:49,393 INFO     Wrote output to trainNN/out/v044-unified-1-g8a5dd7c-dirty:simple-ff-ffv-50/config.json
2017-01-24 21:57:36,415 INFO     Saving network params to trainNN/out/v044-unified-1-g8a5dd7c-dirty:simple-ff-ffv-50/epoch-013.pkl
2017-01-24 21:57:46,615 INFO     epoch: 13 took 117.324s (85.351s in batching)
training loss:	0.693571
validation loss:	0.693672
validation error:	0.500030
2017-01-24 21:57:46,619 INFO     Wrote output to trainNN/out/v044-unified-1-g8a5dd7c-dirty:simple-ff-ffv-50/config.json
2017-01-24 21:59:33,002 INFO     Saving network params to trainNN/out/v044-unified-1-g8a5dd7c-dirty:simple-ff-ffv-50/epoch-014.pkl
2017-01-24 21:59:43,137 INFO     epoch: 14 took 116.522s (84.858s in batching)
training loss:	0.693562
validation loss:	0.693168
validation error:	0.500045
2017-01-24 21:59:43,140 INFO     Wrote output to trainNN/out/v044-unified-1-g8a5dd7c-dirty:simple-ff-ffv-50/config.json
2017-01-24 22:01:01,740 INFO     received exit signal, waiting for epoch to finish...
2017-01-24 22:01:29,175 INFO     Saving network params to trainNN/out/v044-unified-1-g8a5dd7c-dirty:simple-ff-ffv-50/epoch-015.pkl
2017-01-24 22:01:39,362 INFO     epoch: 15 took 116.225s (84.854s in batching)
training loss:	0.693583
validation loss:	0.693399
validation error:	0.500045
2017-01-24 22:01:39,465 INFO     Wrote output to trainNN/out/v044-unified-1-g8a5dd7c-dirty:simple-ff-ffv-50/config.json
