2017-01-26 06:16:24,455 DEBUG    version=v045-unified-12-ge8c8d99:lstm-adam-75-75
2017-01-26 06:16:24,471 INFO     Open DBase(data/db/all240302-spk.dat, data/db/all240302-spk.idx, mode='r')
2017-01-26 06:16:39,209 DEBUG    loading cached extracted data from data/cache/extract-563f0cfda2bc8b6a659563483d8ddca63a2cf90cdf00f9f7f789bf6027ccda0a.pickle
2017-01-26 06:16:40,156 DEBUG    set input dim to 2
2017-01-26 06:16:40,158 DEBUG    input dim = 2
2017-01-26 06:16:40,324 DEBUG    shuffling batches
2017-01-26 06:18:00,686 DEBUG    shuffling done
2017-01-26 06:18:00,686 DEBUG    loading data into ram
2017-01-26 06:18:00,823 DEBUG    loading data took 0.137s (cpu: 0.137s)
2017-01-26 06:18:01,399 DEBUG    set input dim to 2
2017-01-26 06:18:01,399 DEBUG    input dim = 2
2017-01-26 06:18:01,705 DEBUG    shuffling batches
2017-01-26 06:18:09,478 DEBUG    shuffling done
2017-01-26 06:18:09,478 DEBUG    loading data into ram
2017-01-26 06:18:09,492 DEBUG    loading data took 0.014s (cpu: 0.014s)
2017-01-26 06:18:09,752 INFO     Training network with 69302 trainable out of 69602 total params.
2017-01-26 06:18:10,465 DEBUG    Using adam with learning_rate=0.001000
2017-01-26 06:18:49,556 DEBUG    Starting training...
2017-01-26 06:44:44,576 INFO     Saving network params to trainNN/out/v045-unified-12-ge8c8d99:lstm-adam-75-75/epoch-000.pkl
2017-01-26 06:45:23,776 INFO     epoch: 0 took 1594.220s (0.043s in batching)
training loss:	0.609447
validation loss:	0.588776
validation error:	0.317879
2017-01-26 06:45:23,779 INFO     Wrote output to trainNN/out/v045-unified-12-ge8c8d99:lstm-adam-75-75/config.json
2017-01-26 07:12:37,973 INFO     Saving network params to trainNN/out/v045-unified-12-ge8c8d99:lstm-adam-75-75/epoch-001.pkl
2017-01-26 07:13:16,840 INFO     epoch: 1 took 1673.064s (0.045s in batching)
training loss:	0.575446
validation loss:	0.581178
validation error:	0.307747
2017-01-26 07:13:16,844 INFO     Wrote output to trainNN/out/v045-unified-12-ge8c8d99:lstm-adam-75-75/config.json
2017-01-26 07:40:02,513 INFO     Saving network params to trainNN/out/v045-unified-12-ge8c8d99:lstm-adam-75-75/epoch-002.pkl
2017-01-26 07:40:39,478 INFO     epoch: 2 took 1642.638s (0.045s in batching)
training loss:	0.556786
validation loss:	0.586445
validation error:	0.307678
2017-01-26 07:40:39,482 INFO     Wrote output to trainNN/out/v045-unified-12-ge8c8d99:lstm-adam-75-75/config.json
2017-01-26 08:07:01,450 INFO     Saving network params to trainNN/out/v045-unified-12-ge8c8d99:lstm-adam-75-75/epoch-003.pkl
2017-01-26 08:07:38,449 INFO     epoch: 3 took 1618.971s (0.044s in batching)
training loss:	0.536675
validation loss:	0.597456
validation error:	0.311901
2017-01-26 08:07:38,453 INFO     Wrote output to trainNN/out/v045-unified-12-ge8c8d99:lstm-adam-75-75/config.json
2017-01-26 08:34:08,890 INFO     Saving network params to trainNN/out/v045-unified-12-ge8c8d99:lstm-adam-75-75/epoch-004.pkl
2017-01-26 08:34:45,994 INFO     epoch: 4 took 1627.544s (0.044s in batching)
training loss:	0.514808
validation loss:	0.618141
validation error:	0.318305
2017-01-26 08:34:45,998 INFO     Wrote output to trainNN/out/v045-unified-12-ge8c8d99:lstm-adam-75-75/config.json
2017-01-26 09:01:01,852 INFO     Saving network params to trainNN/out/v045-unified-12-ge8c8d99:lstm-adam-75-75/epoch-005.pkl
2017-01-26 09:01:38,344 INFO     epoch: 5 took 1612.350s (0.046s in batching)
training loss:	0.492956
validation loss:	0.636213
validation error:	0.320991
2017-01-26 09:01:38,347 INFO     Wrote output to trainNN/out/v045-unified-12-ge8c8d99:lstm-adam-75-75/config.json
2017-01-26 09:27:45,459 INFO     Saving network params to trainNN/out/v045-unified-12-ge8c8d99:lstm-adam-75-75/epoch-006.pkl
2017-01-26 09:28:21,966 INFO     epoch: 6 took 1603.623s (0.049s in batching)
training loss:	0.472286
validation loss:	0.664903
validation error:	0.329695
2017-01-26 09:28:21,970 INFO     Wrote output to trainNN/out/v045-unified-12-ge8c8d99:lstm-adam-75-75/config.json
2017-01-26 09:54:28,820 INFO     Saving network params to trainNN/out/v045-unified-12-ge8c8d99:lstm-adam-75-75/epoch-007.pkl
2017-01-26 09:55:05,323 INFO     epoch: 7 took 1603.357s (0.050s in batching)
training loss:	0.453353
validation loss:	0.693653
validation error:	0.333517
2017-01-26 09:55:05,327 INFO     Wrote output to trainNN/out/v045-unified-12-ge8c8d99:lstm-adam-75-75/config.json
2017-01-26 10:21:16,060 INFO     Saving network params to trainNN/out/v045-unified-12-ge8c8d99:lstm-adam-75-75/epoch-008.pkl
2017-01-26 10:21:52,716 INFO     epoch: 8 took 1607.393s (0.048s in batching)
training loss:	0.436673
validation loss:	0.719029
validation error:	0.339390
2017-01-26 10:21:52,719 INFO     Wrote output to trainNN/out/v045-unified-12-ge8c8d99:lstm-adam-75-75/config.json
2017-01-26 10:48:08,314 INFO     Saving network params to trainNN/out/v045-unified-12-ge8c8d99:lstm-adam-75-75/epoch-009.pkl
2017-01-26 10:48:45,225 INFO     epoch: 9 took 1612.509s (0.049s in batching)
training loss:	0.421568
validation loss:	0.739620
validation error:	0.339405
2017-01-26 10:48:45,228 INFO     Wrote output to trainNN/out/v045-unified-12-ge8c8d99:lstm-adam-75-75/config.json
2017-01-26 11:14:54,689 INFO     Saving network params to trainNN/out/v045-unified-12-ge8c8d99:lstm-adam-75-75/epoch-010.pkl
2017-01-26 11:15:30,986 INFO     epoch: 10 took 1605.761s (0.049s in batching)
training loss:	0.407551
validation loss:	0.750796
validation error:	0.341799
2017-01-26 11:15:30,989 INFO     Wrote output to trainNN/out/v045-unified-12-ge8c8d99:lstm-adam-75-75/config.json
2017-01-26 11:41:49,014 INFO     Saving network params to trainNN/out/v045-unified-12-ge8c8d99:lstm-adam-75-75/epoch-011.pkl
2017-01-26 11:42:25,656 INFO     epoch: 11 took 1614.671s (0.049s in batching)
training loss:	0.395258
validation loss:	0.777964
validation error:	0.342969
2017-01-26 11:42:25,660 INFO     Wrote output to trainNN/out/v045-unified-12-ge8c8d99:lstm-adam-75-75/config.json
2017-01-26 12:08:47,778 INFO     Saving network params to trainNN/out/v045-unified-12-ge8c8d99:lstm-adam-75-75/epoch-012.pkl
2017-01-26 12:09:24,635 INFO     epoch: 12 took 1618.979s (0.049s in batching)
training loss:	0.384451
validation loss:	0.782714
validation error:	0.346483
2017-01-26 12:09:24,638 INFO     Wrote output to trainNN/out/v045-unified-12-ge8c8d99:lstm-adam-75-75/config.json
2017-01-26 12:35:48,288 INFO     Saving network params to trainNN/out/v045-unified-12-ge8c8d99:lstm-adam-75-75/epoch-013.pkl
2017-01-26 12:36:24,934 INFO     epoch: 13 took 1620.299s (0.050s in batching)
training loss:	0.376276
validation loss:	0.825992
validation error:	0.351717
2017-01-26 12:36:24,937 INFO     Wrote output to trainNN/out/v045-unified-12-ge8c8d99:lstm-adam-75-75/config.json
2017-01-26 13:02:40,079 INFO     Saving network params to trainNN/out/v045-unified-12-ge8c8d99:lstm-adam-75-75/epoch-014.pkl
2017-01-26 13:03:16,627 INFO     epoch: 14 took 1611.693s (0.050s in batching)
training loss:	0.365797
validation loss:	0.835421
validation error:	0.346533
2017-01-26 13:03:16,631 INFO     Wrote output to trainNN/out/v045-unified-12-ge8c8d99:lstm-adam-75-75/config.json
2017-01-26 13:29:36,971 INFO     Saving network params to trainNN/out/v045-unified-12-ge8c8d99:lstm-adam-75-75/epoch-015.pkl
2017-01-26 13:30:13,840 INFO     epoch: 15 took 1617.213s (0.049s in batching)
training loss:	0.357273
validation loss:	0.844197
validation error:	0.349209
2017-01-26 13:30:13,843 INFO     Wrote output to trainNN/out/v045-unified-12-ge8c8d99:lstm-adam-75-75/config.json
2017-01-26 13:56:24,830 INFO     Saving network params to trainNN/out/v045-unified-12-ge8c8d99:lstm-adam-75-75/epoch-016.pkl
2017-01-26 13:57:00,055 INFO     epoch: 16 took 1606.215s (0.049s in batching)
training loss:	0.349409
validation loss:	0.879254
validation error:	0.350696
2017-01-26 13:57:00,058 INFO     Wrote output to trainNN/out/v045-unified-12-ge8c8d99:lstm-adam-75-75/config.json
2017-01-26 14:26:35,803 INFO     Saving network params to trainNN/out/v045-unified-12-ge8c8d99:lstm-adam-75-75/epoch-017.pkl
2017-01-26 14:27:17,299 INFO     epoch: 17 took 1817.244s (0.047s in batching)
training loss:	0.342557
validation loss:	0.898247
validation error:	0.352739
2017-01-26 14:27:17,303 INFO     Wrote output to trainNN/out/v045-unified-12-ge8c8d99:lstm-adam-75-75/config.json
2017-01-26 14:56:53,384 INFO     Saving network params to trainNN/out/v045-unified-12-ge8c8d99:lstm-adam-75-75/epoch-018.pkl
2017-01-26 14:57:34,791 INFO     epoch: 18 took 1817.492s (0.047s in batching)
training loss:	0.336210
validation loss:	0.908195
validation error:	0.355152
2017-01-26 14:57:34,794 INFO     Wrote output to trainNN/out/v045-unified-12-ge8c8d99:lstm-adam-75-75/config.json
2017-01-26 15:27:08,858 INFO     Saving network params to trainNN/out/v045-unified-12-ge8c8d99:lstm-adam-75-75/epoch-019.pkl
2017-01-26 15:27:50,446 INFO     epoch: 19 took 1815.655s (0.047s in batching)
training loss:	0.330168
validation loss:	0.921903
validation error:	0.353358
2017-01-26 15:27:50,450 INFO     Wrote output to trainNN/out/v045-unified-12-ge8c8d99:lstm-adam-75-75/config.json
2017-01-26 15:57:27,200 INFO     Saving network params to trainNN/out/v045-unified-12-ge8c8d99:lstm-adam-75-75/epoch-020.pkl
2017-01-26 15:58:08,543 INFO     epoch: 20 took 1818.097s (0.047s in batching)
training loss:	0.324571
validation loss:	0.934166
validation error:	0.353432
2017-01-26 15:58:08,547 INFO     Wrote output to trainNN/out/v045-unified-12-ge8c8d99:lstm-adam-75-75/config.json
2017-01-26 16:27:42,829 INFO     Saving network params to trainNN/out/v045-unified-12-ge8c8d99:lstm-adam-75-75/epoch-021.pkl
2017-01-26 16:28:24,441 INFO     epoch: 21 took 1815.898s (0.048s in batching)
training loss:	0.319221
validation loss:	0.959465
validation error:	0.357442
2017-01-26 16:28:24,445 INFO     Wrote output to trainNN/out/v045-unified-12-ge8c8d99:lstm-adam-75-75/config.json
2017-01-26 16:57:57,175 INFO     Saving network params to trainNN/out/v045-unified-12-ge8c8d99:lstm-adam-75-75/epoch-022.pkl
2017-01-26 16:58:38,751 INFO     epoch: 22 took 1814.311s (0.047s in batching)
training loss:	0.314814
validation loss:	0.976428
validation error:	0.354577
2017-01-26 16:58:38,755 INFO     Wrote output to trainNN/out/v045-unified-12-ge8c8d99:lstm-adam-75-75/config.json
2017-01-26 17:28:15,551 INFO     Saving network params to trainNN/out/v045-unified-12-ge8c8d99:lstm-adam-75-75/epoch-023.pkl
2017-01-26 17:28:57,150 INFO     epoch: 23 took 1818.399s (0.047s in batching)
training loss:	0.309999
validation loss:	0.977502
validation error:	0.354627
2017-01-26 17:28:57,154 INFO     Wrote output to trainNN/out/v045-unified-12-ge8c8d99:lstm-adam-75-75/config.json
2017-01-26 17:58:29,832 INFO     Saving network params to trainNN/out/v045-unified-12-ge8c8d99:lstm-adam-75-75/epoch-024.pkl
2017-01-26 17:59:11,321 INFO     epoch: 24 took 1814.171s (0.048s in batching)
training loss:	0.305530
validation loss:	0.983845
validation error:	0.356362
2017-01-26 17:59:11,325 INFO     Wrote output to trainNN/out/v045-unified-12-ge8c8d99:lstm-adam-75-75/config.json
2017-01-26 18:28:47,137 INFO     Saving network params to trainNN/out/v045-unified-12-ge8c8d99:lstm-adam-75-75/epoch-025.pkl
2017-01-26 18:29:28,483 INFO     epoch: 25 took 1817.162s (0.047s in batching)
training loss:	0.302443
validation loss:	1.001313
validation error:	0.359465
2017-01-26 18:29:28,487 INFO     Wrote output to trainNN/out/v045-unified-12-ge8c8d99:lstm-adam-75-75/config.json
2017-01-26 18:59:02,583 INFO     Saving network params to trainNN/out/v045-unified-12-ge8c8d99:lstm-adam-75-75/epoch-026.pkl
2017-01-26 18:59:43,949 INFO     epoch: 26 took 1815.466s (0.047s in batching)
training loss:	0.298008
validation loss:	0.995440
validation error:	0.358419
2017-01-26 18:59:43,953 INFO     Wrote output to trainNN/out/v045-unified-12-ge8c8d99:lstm-adam-75-75/config.json
2017-01-26 19:29:16,731 INFO     Saving network params to trainNN/out/v045-unified-12-ge8c8d99:lstm-adam-75-75/epoch-027.pkl
2017-01-26 19:29:58,268 INFO     epoch: 27 took 1814.319s (0.047s in batching)
training loss:	0.294503
validation loss:	1.010903
validation error:	0.362458
2017-01-26 19:29:58,273 INFO     Wrote output to trainNN/out/v045-unified-12-ge8c8d99:lstm-adam-75-75/config.json
2017-01-26 19:59:33,399 INFO     Saving network params to trainNN/out/v045-unified-12-ge8c8d99:lstm-adam-75-75/epoch-028.pkl
2017-01-26 20:00:14,892 INFO     epoch: 28 took 1816.624s (0.046s in batching)
training loss:	0.291552
validation loss:	1.026681
validation error:	0.356188
2017-01-26 20:00:14,896 INFO     Wrote output to trainNN/out/v045-unified-12-ge8c8d99:lstm-adam-75-75/config.json
2017-01-26 20:29:46,811 INFO     Saving network params to trainNN/out/v045-unified-12-ge8c8d99:lstm-adam-75-75/epoch-029.pkl
2017-01-26 20:30:28,291 INFO     epoch: 29 took 1813.399s (0.047s in batching)
training loss:	0.288229
validation loss:	1.028643
validation error:	0.358483
2017-01-26 20:30:28,295 INFO     Wrote output to trainNN/out/v045-unified-12-ge8c8d99:lstm-adam-75-75/config.json
2017-01-26 21:00:01,433 INFO     Saving network params to trainNN/out/v045-unified-12-ge8c8d99:lstm-adam-75-75/epoch-030.pkl
2017-01-26 21:00:42,938 INFO     epoch: 30 took 1814.647s (0.048s in batching)
training loss:	0.285099
validation loss:	1.030309
validation error:	0.355321
2017-01-26 21:00:42,942 INFO     Wrote output to trainNN/out/v045-unified-12-ge8c8d99:lstm-adam-75-75/config.json
2017-01-26 21:30:19,599 INFO     Saving network params to trainNN/out/v045-unified-12-ge8c8d99:lstm-adam-75-75/epoch-031.pkl
2017-01-26 21:31:01,053 INFO     epoch: 31 took 1818.114s (0.047s in batching)
training loss:	0.282242
validation loss:	1.055530
validation error:	0.360208
2017-01-26 21:31:01,057 INFO     Wrote output to trainNN/out/v045-unified-12-ge8c8d99:lstm-adam-75-75/config.json
2017-01-26 22:00:33,585 INFO     Saving network params to trainNN/out/v045-unified-12-ge8c8d99:lstm-adam-75-75/epoch-032.pkl
2017-01-26 22:01:15,083 INFO     epoch: 32 took 1814.030s (0.047s in batching)
training loss:	0.279812
validation loss:	1.057046
validation error:	0.360714
2017-01-26 22:01:15,087 INFO     Wrote output to trainNN/out/v045-unified-12-ge8c8d99:lstm-adam-75-75/config.json
2017-01-26 22:30:48,392 INFO     Saving network params to trainNN/out/v045-unified-12-ge8c8d99:lstm-adam-75-75/epoch-033.pkl
2017-01-26 22:31:29,582 INFO     epoch: 33 took 1814.500s (0.047s in batching)
training loss:	0.276938
validation loss:	1.074598
validation error:	0.358840
2017-01-26 22:31:29,587 INFO     Wrote output to trainNN/out/v045-unified-12-ge8c8d99:lstm-adam-75-75/config.json
2017-01-26 23:01:04,807 INFO     Saving network params to trainNN/out/v045-unified-12-ge8c8d99:lstm-adam-75-75/epoch-034.pkl
2017-01-26 23:01:46,347 INFO     epoch: 34 took 1816.765s (0.047s in batching)
training loss:	0.274569
validation loss:	1.063658
validation error:	0.360724
2017-01-26 23:01:46,352 INFO     Wrote output to trainNN/out/v045-unified-12-ge8c8d99:lstm-adam-75-75/config.json
2017-01-26 23:31:20,097 INFO     Saving network params to trainNN/out/v045-unified-12-ge8c8d99:lstm-adam-75-75/epoch-035.pkl
2017-01-26 23:32:01,601 INFO     epoch: 35 took 1815.254s (0.047s in batching)
training loss:	0.271585
validation loss:	1.082228
validation error:	0.361720
2017-01-26 23:32:01,605 INFO     Wrote output to trainNN/out/v045-unified-12-ge8c8d99:lstm-adam-75-75/config.json
2017-01-26 23:53:00,579 INFO     received exit signal, waiting for epoch to finish...
2017-01-27 00:10:41,388 INFO     Saving network params to trainNN/out/v045-unified-12-ge8c8d99:lstm-adam-75-75/epoch-036.pkl
2017-01-27 00:12:10,159 INFO     epoch: 36 took 2408.558s (0.048s in batching)
training loss:	0.270132
validation loss:	1.098755
validation error:	0.361715
2017-01-27 00:12:10,164 INFO     Wrote output to trainNN/out/v045-unified-12-ge8c8d99:lstm-adam-75-75/config.json
