2017-01-24 04:37:23,231 DEBUG    version=v043-unified:simple-ff-50-100
2017-01-24 04:37:23,951 INFO     Open DBase(data/db/all240302-spk.dat, data/db/all240302-spk.idx, mode='r')
2017-01-24 04:37:41,542 DEBUG    loading cached extracted data from data/cache/extract-563f0cfda2bc8b6a659563483d8ddca63a2cf90cdf00f9f7f789bf6027ccda0a.pickle
2017-01-24 04:37:42,890 DEBUG    set input dim to 2
2017-01-24 04:37:42,893 DEBUG    input dim = 2
2017-01-24 04:37:43,059 DEBUG    loading data into ram
2017-01-24 04:37:43,199 DEBUG    loading data took 0.139s (cpu: 0.138s
2017-01-24 04:37:43,733 DEBUG    set input dim to 2
2017-01-24 04:37:43,733 DEBUG    input dim = 2
2017-01-24 04:37:43,752 DEBUG    loading data into ram
2017-01-24 04:37:43,766 DEBUG    loading data took 0.014s (cpu: 0.014s
2017-01-24 04:37:43,803 INFO     Training network with 9352 trainable out of 9352 total params.
2017-01-24 04:37:43,835 DEBUG    Using sgd with learning_rate=0.700000
2017-01-24 04:37:56,139 INFO     Waiting for existing lock by process '21744' (I am process '21743')
2017-01-24 04:37:56,142 INFO     To manually release the lock, delete /home/rruede/.theano/compiledir_Linux-3.16--generic-x86_64-with-debian-jessie-sid-x86_64-3.6.0-64/lock_dir
2017-01-24 04:38:10,449 INFO     Waiting for existing lock by process '21744' (I am process '21743')
2017-01-24 04:38:10,450 INFO     To manually release the lock, delete /home/rruede/.theano/compiledir_Linux-3.16--generic-x86_64-with-debian-jessie-sid-x86_64-3.6.0-64/lock_dir
2017-01-24 04:38:16,602 INFO     Waiting for existing lock by process '21744' (I am process '21743')
2017-01-24 04:38:16,602 INFO     To manually release the lock, delete /home/rruede/.theano/compiledir_Linux-3.16--generic-x86_64-with-debian-jessie-sid-x86_64-3.6.0-64/lock_dir
2017-01-24 04:38:24,255 INFO     Waiting for existing lock by process '21738' (I am process '21743')
2017-01-24 04:38:24,256 INFO     To manually release the lock, delete /home/rruede/.theano/compiledir_Linux-3.16--generic-x86_64-with-debian-jessie-sid-x86_64-3.6.0-64/lock_dir
2017-01-24 04:38:30,241 INFO     Waiting for existing lock by process '21738' (I am process '21743')
2017-01-24 04:38:30,242 INFO     To manually release the lock, delete /home/rruede/.theano/compiledir_Linux-3.16--generic-x86_64-with-debian-jessie-sid-x86_64-3.6.0-64/lock_dir
2017-01-24 04:38:40,018 INFO     Waiting for existing lock by process '21738' (I am process '21743')
2017-01-24 04:38:40,019 INFO     To manually release the lock, delete /home/rruede/.theano/compiledir_Linux-3.16--generic-x86_64-with-debian-jessie-sid-x86_64-3.6.0-64/lock_dir
2017-01-24 04:38:46,579 INFO     Waiting for existing lock by process '21738' (I am process '21743')
2017-01-24 04:38:46,579 INFO     To manually release the lock, delete /home/rruede/.theano/compiledir_Linux-3.16--generic-x86_64-with-debian-jessie-sid-x86_64-3.6.0-64/lock_dir
2017-01-24 04:38:53,026 INFO     Waiting for existing lock by process '21738' (I am process '21743')
2017-01-24 04:38:53,027 INFO     To manually release the lock, delete /home/rruede/.theano/compiledir_Linux-3.16--generic-x86_64-with-debian-jessie-sid-x86_64-3.6.0-64/lock_dir
2017-01-24 04:39:02,070 INFO     Waiting for existing lock by process '21738' (I am process '21743')
2017-01-24 04:39:02,070 INFO     To manually release the lock, delete /home/rruede/.theano/compiledir_Linux-3.16--generic-x86_64-with-debian-jessie-sid-x86_64-3.6.0-64/lock_dir
2017-01-24 04:39:09,196 INFO     Waiting for existing lock by process '21738' (I am process '21743')
2017-01-24 04:39:09,197 INFO     To manually release the lock, delete /home/rruede/.theano/compiledir_Linux-3.16--generic-x86_64-with-debian-jessie-sid-x86_64-3.6.0-64/lock_dir
2017-01-24 04:39:15,619 INFO     Waiting for existing lock by process '21738' (I am process '21743')
2017-01-24 04:39:15,620 INFO     To manually release the lock, delete /home/rruede/.theano/compiledir_Linux-3.16--generic-x86_64-with-debian-jessie-sid-x86_64-3.6.0-64/lock_dir
2017-01-24 04:39:23,399 INFO     Waiting for existing lock by process '21738' (I am process '21743')
2017-01-24 04:39:23,400 INFO     To manually release the lock, delete /home/rruede/.theano/compiledir_Linux-3.16--generic-x86_64-with-debian-jessie-sid-x86_64-3.6.0-64/lock_dir
2017-01-24 04:39:30,701 INFO     Waiting for existing lock by process '21738' (I am process '21743')
2017-01-24 04:39:30,702 INFO     To manually release the lock, delete /home/rruede/.theano/compiledir_Linux-3.16--generic-x86_64-with-debian-jessie-sid-x86_64-3.6.0-64/lock_dir
2017-01-24 04:39:40,261 DEBUG    Starting training...
2017-01-24 04:41:26,223 INFO     Saving network params to trainNN/out/v043-unified:simple-ff-50-100/epoch-000.pkl
2017-01-24 04:41:37,274 INFO     epoch: 0 took 117.012s (83.558s in batching)
training loss:	0.623650
validation loss:	0.613767
validation error:	0.339326
2017-01-24 04:41:37,276 INFO     Wrote output to trainNN/out/v043-unified:simple-ff-50-100/config.json
2017-01-24 04:43:29,930 INFO     Saving network params to trainNN/out/v043-unified:simple-ff-50-100/epoch-001.pkl
2017-01-24 04:43:40,746 INFO     epoch: 1 took 123.472s (83.073s in batching)
training loss:	0.611823
validation loss:	0.609533
validation error:	0.335083
2017-01-24 04:43:40,748 INFO     Wrote output to trainNN/out/v043-unified:simple-ff-50-100/config.json
2017-01-24 04:45:26,157 INFO     Saving network params to trainNN/out/v043-unified:simple-ff-50-100/epoch-002.pkl
2017-01-24 04:45:37,081 INFO     epoch: 2 took 116.335s (82.627s in batching)
training loss:	0.607662
validation loss:	0.624199
validation error:	0.348714
2017-01-24 04:45:37,084 INFO     Wrote output to trainNN/out/v043-unified:simple-ff-50-100/config.json
2017-01-24 04:47:22,790 INFO     Saving network params to trainNN/out/v043-unified:simple-ff-50-100/epoch-003.pkl
2017-01-24 04:47:33,689 INFO     epoch: 3 took 116.608s (82.712s in batching)
training loss:	0.604709
validation loss:	0.608073
validation error:	0.331886
2017-01-24 04:47:33,691 INFO     Wrote output to trainNN/out/v043-unified:simple-ff-50-100/config.json
2017-01-24 04:49:19,919 INFO     Saving network params to trainNN/out/v043-unified:simple-ff-50-100/epoch-004.pkl
2017-01-24 04:49:30,880 INFO     epoch: 4 took 117.191s (82.870s in batching)
training loss:	0.602528
validation loss:	0.606955
validation error:	0.330905
2017-01-24 04:49:30,883 INFO     Wrote output to trainNN/out/v043-unified:simple-ff-50-100/config.json
2017-01-24 04:51:17,021 INFO     Saving network params to trainNN/out/v043-unified:simple-ff-50-100/epoch-005.pkl
2017-01-24 04:51:27,861 INFO     epoch: 5 took 116.982s (82.772s in batching)
training loss:	0.600957
validation loss:	0.605180
validation error:	0.327480
2017-01-24 04:51:27,864 INFO     Wrote output to trainNN/out/v043-unified:simple-ff-50-100/config.json
2017-01-24 04:53:13,964 INFO     Saving network params to trainNN/out/v043-unified:simple-ff-50-100/epoch-006.pkl
2017-01-24 04:53:24,739 INFO     epoch: 6 took 116.878s (83.167s in batching)
training loss:	0.599569
validation loss:	0.602883
validation error:	0.328406
2017-01-24 04:53:24,841 INFO     Wrote output to trainNN/out/v043-unified:simple-ff-50-100/config.json
2017-01-24 04:55:11,363 INFO     Saving network params to trainNN/out/v043-unified:simple-ff-50-100/epoch-007.pkl
2017-01-24 04:55:22,110 INFO     epoch: 7 took 117.370s (83.226s in batching)
training loss:	0.598394
validation loss:	0.600907
validation error:	0.327812
2017-01-24 04:55:22,209 INFO     Wrote output to trainNN/out/v043-unified:simple-ff-50-100/config.json
2017-01-24 04:57:08,012 INFO     Saving network params to trainNN/out/v043-unified:simple-ff-50-100/epoch-008.pkl
2017-01-24 04:57:18,666 INFO     epoch: 8 took 116.557s (82.623s in batching)
training loss:	0.597380
validation loss:	0.601845
validation error:	0.328947
2017-01-24 04:57:18,669 INFO     Wrote output to trainNN/out/v043-unified:simple-ff-50-100/config.json
2017-01-24 04:59:04,597 INFO     Saving network params to trainNN/out/v043-unified:simple-ff-50-100/epoch-009.pkl
2017-01-24 04:59:15,278 INFO     epoch: 9 took 116.612s (82.983s in batching)
training loss:	0.596639
validation loss:	0.603384
validation error:	0.326067
2017-01-24 04:59:15,281 INFO     Wrote output to trainNN/out/v043-unified:simple-ff-50-100/config.json
2017-01-24 05:01:01,736 INFO     Saving network params to trainNN/out/v043-unified:simple-ff-50-100/epoch-010.pkl
2017-01-24 05:01:12,538 INFO     epoch: 10 took 117.260s (83.161s in batching)
training loss:	0.595970
validation loss:	0.600872
validation error:	0.325760
2017-01-24 05:01:12,541 INFO     Wrote output to trainNN/out/v043-unified:simple-ff-50-100/config.json
2017-01-24 05:02:58,908 INFO     Saving network params to trainNN/out/v043-unified:simple-ff-50-100/epoch-011.pkl
2017-01-24 05:03:09,815 INFO     epoch: 11 took 117.277s (83.243s in batching)
training loss:	0.595169
validation loss:	0.603030
validation error:	0.329566
2017-01-24 05:03:09,818 INFO     Wrote output to trainNN/out/v043-unified:simple-ff-50-100/config.json
2017-01-24 05:04:56,350 INFO     Saving network params to trainNN/out/v043-unified:simple-ff-50-100/epoch-012.pkl
2017-01-24 05:05:07,165 INFO     epoch: 12 took 117.350s (83.404s in batching)
training loss:	0.594810
validation loss:	0.607888
validation error:	0.331613
2017-01-24 05:05:07,168 INFO     Wrote output to trainNN/out/v043-unified:simple-ff-50-100/config.json
2017-01-24 05:06:53,408 INFO     Saving network params to trainNN/out/v043-unified:simple-ff-50-100/epoch-013.pkl
2017-01-24 05:07:04,115 INFO     epoch: 13 took 116.949s (83.015s in batching)
training loss:	0.594239
validation loss:	0.603085
validation error:	0.327965
2017-01-24 05:07:04,118 INFO     Wrote output to trainNN/out/v043-unified:simple-ff-50-100/config.json
2017-01-24 05:08:50,169 INFO     Saving network params to trainNN/out/v043-unified:simple-ff-50-100/epoch-014.pkl
2017-01-24 05:09:00,723 INFO     epoch: 14 took 116.608s (83.128s in batching)
training loss:	0.593782
validation loss:	0.601125
validation error:	0.325467
2017-01-24 05:09:00,726 INFO     Wrote output to trainNN/out/v043-unified:simple-ff-50-100/config.json
2017-01-24 05:10:47,028 INFO     Saving network params to trainNN/out/v043-unified:simple-ff-50-100/epoch-015.pkl
2017-01-24 05:10:57,785 INFO     epoch: 15 took 117.062s (82.957s in batching)
training loss:	0.593353
validation loss:	0.604166
validation error:	0.328882
2017-01-24 05:10:57,788 INFO     Wrote output to trainNN/out/v043-unified:simple-ff-50-100/config.json
2017-01-24 05:12:44,321 INFO     Saving network params to trainNN/out/v043-unified:simple-ff-50-100/epoch-016.pkl
2017-01-24 05:12:54,992 INFO     epoch: 16 took 117.207s (83.174s in batching)
training loss:	0.592942
validation loss:	0.604107
validation error:	0.327688
2017-01-24 05:12:54,995 INFO     Wrote output to trainNN/out/v043-unified:simple-ff-50-100/config.json
2017-01-24 05:14:41,642 INFO     Saving network params to trainNN/out/v043-unified:simple-ff-50-100/epoch-017.pkl
2017-01-24 05:14:52,280 INFO     epoch: 17 took 117.288s (83.417s in batching)
training loss:	0.592637
validation loss:	0.603117
validation error:	0.326716
2017-01-24 05:14:52,283 INFO     Wrote output to trainNN/out/v043-unified:simple-ff-50-100/config.json
2017-01-24 05:16:38,105 INFO     Saving network params to trainNN/out/v043-unified:simple-ff-50-100/epoch-018.pkl
2017-01-24 05:16:48,905 INFO     epoch: 18 took 116.625s (82.540s in batching)
training loss:	0.592355
validation loss:	0.607428
validation error:	0.330082
2017-01-24 05:16:48,908 INFO     Wrote output to trainNN/out/v043-unified:simple-ff-50-100/config.json
2017-01-24 05:18:35,112 INFO     Saving network params to trainNN/out/v043-unified:simple-ff-50-100/epoch-019.pkl
2017-01-24 05:18:45,870 INFO     epoch: 19 took 116.965s (83.027s in batching)
training loss:	0.591990
validation loss:	0.605469
validation error:	0.328337
2017-01-24 05:18:45,973 INFO     Wrote output to trainNN/out/v043-unified:simple-ff-50-100/config.json
2017-01-24 05:20:33,502 INFO     Saving network params to trainNN/out/v043-unified:simple-ff-50-100/epoch-020.pkl
2017-01-24 05:20:44,088 INFO     epoch: 20 took 118.218s (84.049s in batching)
training loss:	0.591770
validation loss:	0.602902
validation error:	0.327271
2017-01-24 05:20:44,091 INFO     Wrote output to trainNN/out/v043-unified:simple-ff-50-100/config.json
2017-01-24 05:22:30,786 INFO     Saving network params to trainNN/out/v043-unified:simple-ff-50-100/epoch-021.pkl
2017-01-24 05:22:41,598 INFO     epoch: 21 took 117.510s (83.381s in batching)
training loss:	0.591550
validation loss:	0.601997
validation error:	0.327152
2017-01-24 05:22:41,601 INFO     Wrote output to trainNN/out/v043-unified:simple-ff-50-100/config.json
2017-01-24 05:24:28,720 INFO     Saving network params to trainNN/out/v043-unified:simple-ff-50-100/epoch-022.pkl
2017-01-24 05:24:39,437 INFO     epoch: 22 took 117.839s (83.530s in batching)
training loss:	0.591353
validation loss:	0.602541
validation error:	0.326553
2017-01-24 05:24:39,440 INFO     Wrote output to trainNN/out/v043-unified:simple-ff-50-100/config.json
2017-01-24 05:26:25,996 INFO     Saving network params to trainNN/out/v043-unified:simple-ff-50-100/epoch-023.pkl
2017-01-24 05:26:36,847 INFO     epoch: 23 took 117.410s (83.047s in batching)
training loss:	0.591050
validation loss:	0.603053
validation error:	0.326845
2017-01-24 05:26:36,849 INFO     Wrote output to trainNN/out/v043-unified:simple-ff-50-100/config.json
2017-01-24 05:28:23,458 INFO     Saving network params to trainNN/out/v043-unified:simple-ff-50-100/epoch-024.pkl
2017-01-24 05:28:34,106 INFO     epoch: 24 took 117.259s (82.993s in batching)
training loss:	0.590768
validation loss:	0.606475
validation error:	0.332050
2017-01-24 05:28:34,109 INFO     Wrote output to trainNN/out/v043-unified:simple-ff-50-100/config.json
2017-01-24 05:30:20,491 INFO     Saving network params to trainNN/out/v043-unified:simple-ff-50-100/epoch-025.pkl
2017-01-24 05:30:31,326 INFO     epoch: 25 took 117.220s (82.924s in batching)
training loss:	0.590724
validation loss:	0.602574
validation error:	0.324976
2017-01-24 05:30:31,329 INFO     Wrote output to trainNN/out/v043-unified:simple-ff-50-100/config.json
2017-01-24 05:32:18,002 INFO     Saving network params to trainNN/out/v043-unified:simple-ff-50-100/epoch-026.pkl
2017-01-24 05:32:28,764 INFO     epoch: 26 took 117.439s (83.058s in batching)
training loss:	0.590375
validation loss:	0.602951
validation error:	0.326374
2017-01-24 05:32:28,767 INFO     Wrote output to trainNN/out/v043-unified:simple-ff-50-100/config.json
2017-01-24 05:34:16,237 INFO     Saving network params to trainNN/out/v043-unified:simple-ff-50-100/epoch-027.pkl
2017-01-24 05:34:27,137 INFO     epoch: 27 took 118.373s (83.945s in batching)
training loss:	0.590321
validation loss:	0.606768
validation error:	0.328793
2017-01-24 05:34:27,141 INFO     Wrote output to trainNN/out/v043-unified:simple-ff-50-100/config.json
2017-01-24 05:36:14,086 INFO     Saving network params to trainNN/out/v043-unified:simple-ff-50-100/epoch-028.pkl
2017-01-24 05:36:24,926 INFO     epoch: 28 took 117.789s (83.405s in batching)
training loss:	0.590136
validation loss:	0.606298
validation error:	0.329517
2017-01-24 05:36:24,930 INFO     Wrote output to trainNN/out/v043-unified:simple-ff-50-100/config.json
2017-01-24 05:38:12,086 INFO     Saving network params to trainNN/out/v043-unified:simple-ff-50-100/epoch-029.pkl
2017-01-24 05:38:22,841 INFO     epoch: 29 took 117.915s (83.600s in batching)
training loss:	0.589968
validation loss:	0.603082
validation error:	0.327286
2017-01-24 05:38:22,845 INFO     Wrote output to trainNN/out/v043-unified:simple-ff-50-100/config.json
2017-01-24 05:40:10,256 INFO     Saving network params to trainNN/out/v043-unified:simple-ff-50-100/epoch-030.pkl
2017-01-24 05:40:21,149 INFO     epoch: 30 took 118.308s (84.014s in batching)
training loss:	0.589741
validation loss:	0.604137
validation error:	0.327227
2017-01-24 05:40:21,153 INFO     Wrote output to trainNN/out/v043-unified:simple-ff-50-100/config.json
2017-01-24 05:42:08,455 INFO     Saving network params to trainNN/out/v043-unified:simple-ff-50-100/epoch-031.pkl
2017-01-24 05:42:19,423 INFO     epoch: 31 took 118.273s (83.830s in batching)
training loss:	0.589664
validation loss:	0.603102
validation error:	0.325646
2017-01-24 05:42:19,427 INFO     Wrote output to trainNN/out/v043-unified:simple-ff-50-100/config.json
2017-01-24 05:44:06,429 INFO     Saving network params to trainNN/out/v043-unified:simple-ff-50-100/epoch-032.pkl
2017-01-24 05:44:17,225 INFO     epoch: 32 took 117.802s (83.467s in batching)
training loss:	0.589536
validation loss:	0.602362
validation error:	0.325527
2017-01-24 05:44:17,230 INFO     Wrote output to trainNN/out/v043-unified:simple-ff-50-100/config.json
2017-01-24 05:46:05,046 INFO     Saving network params to trainNN/out/v043-unified:simple-ff-50-100/epoch-033.pkl
2017-01-24 05:46:15,867 INFO     epoch: 33 took 118.642s (84.236s in batching)
training loss:	0.589301
validation loss:	0.603316
validation error:	0.326176
2017-01-24 05:46:15,872 INFO     Wrote output to trainNN/out/v043-unified:simple-ff-50-100/config.json
2017-01-24 05:48:01,739 INFO     Saving network params to trainNN/out/v043-unified:simple-ff-50-100/epoch-034.pkl
2017-01-24 05:48:12,321 INFO     epoch: 34 took 116.454s (83.085s in batching)
training loss:	0.589245
validation loss:	0.608226
validation error:	0.331812
2017-01-24 05:48:12,325 INFO     Wrote output to trainNN/out/v043-unified:simple-ff-50-100/config.json
2017-01-24 05:49:57,988 INFO     Saving network params to trainNN/out/v043-unified:simple-ff-50-100/epoch-035.pkl
2017-01-24 05:50:08,497 INFO     epoch: 35 took 116.175s (82.885s in batching)
training loss:	0.589172
validation loss:	0.601773
validation error:	0.325621
2017-01-24 05:50:08,501 INFO     Wrote output to trainNN/out/v043-unified:simple-ff-50-100/config.json
2017-01-24 05:51:54,282 INFO     Saving network params to trainNN/out/v043-unified:simple-ff-50-100/epoch-036.pkl
2017-01-24 05:52:05,046 INFO     epoch: 36 took 116.550s (82.935s in batching)
training loss:	0.589009
validation loss:	0.608357
validation error:	0.329705
2017-01-24 05:52:05,051 INFO     Wrote output to trainNN/out/v043-unified:simple-ff-50-100/config.json
2017-01-24 05:53:51,268 INFO     Saving network params to trainNN/out/v043-unified:simple-ff-50-100/epoch-037.pkl
2017-01-24 05:54:01,961 INFO     epoch: 37 took 116.915s (83.163s in batching)
training loss:	0.588916
validation loss:	0.605803
validation error:	0.326280
2017-01-24 05:54:01,965 INFO     Wrote output to trainNN/out/v043-unified:simple-ff-50-100/config.json
2017-01-24 05:55:48,126 INFO     Saving network params to trainNN/out/v043-unified:simple-ff-50-100/epoch-038.pkl
2017-01-24 05:55:58,826 INFO     epoch: 38 took 116.865s (83.415s in batching)
training loss:	0.588758
validation loss:	0.608854
validation error:	0.327286
2017-01-24 05:55:58,830 INFO     Wrote output to trainNN/out/v043-unified:simple-ff-50-100/config.json
2017-01-24 05:57:45,362 INFO     Saving network params to trainNN/out/v043-unified:simple-ff-50-100/epoch-039.pkl
2017-01-24 05:57:56,289 INFO     epoch: 39 took 117.463s (83.648s in batching)
training loss:	0.588758
validation loss:	0.605100
validation error:	0.326463
2017-01-24 05:57:56,295 INFO     Wrote output to trainNN/out/v043-unified:simple-ff-50-100/config.json
2017-01-24 05:59:42,637 INFO     Saving network params to trainNN/out/v043-unified:simple-ff-50-100/epoch-040.pkl
2017-01-24 05:59:53,313 INFO     epoch: 40 took 117.024s (83.259s in batching)
training loss:	0.588574
validation loss:	0.603490
validation error:	0.325279
2017-01-24 05:59:53,317 INFO     Wrote output to trainNN/out/v043-unified:simple-ff-50-100/config.json
2017-01-24 06:01:39,987 INFO     Saving network params to trainNN/out/v043-unified:simple-ff-50-100/epoch-041.pkl
2017-01-24 06:01:50,730 INFO     epoch: 41 took 117.417s (83.752s in batching)
training loss:	0.588529
validation loss:	0.604786
validation error:	0.326835
2017-01-24 06:01:50,734 INFO     Wrote output to trainNN/out/v043-unified:simple-ff-50-100/config.json
2017-01-24 06:03:37,534 INFO     Saving network params to trainNN/out/v043-unified:simple-ff-50-100/epoch-042.pkl
2017-01-24 06:03:48,289 INFO     epoch: 42 took 117.558s (83.616s in batching)
training loss:	0.588308
validation loss:	0.606641
validation error:	0.330429
2017-01-24 06:03:48,293 INFO     Wrote output to trainNN/out/v043-unified:simple-ff-50-100/config.json
2017-01-24 06:05:34,861 INFO     Saving network params to trainNN/out/v043-unified:simple-ff-50-100/epoch-043.pkl
2017-01-24 06:05:45,621 INFO     epoch: 43 took 117.332s (83.252s in batching)
training loss:	0.588198
validation loss:	0.609250
validation error:	0.331028
2017-01-24 06:05:45,625 INFO     Wrote output to trainNN/out/v043-unified:simple-ff-50-100/config.json
2017-01-24 06:07:32,257 INFO     Saving network params to trainNN/out/v043-unified:simple-ff-50-100/epoch-044.pkl
2017-01-24 06:07:42,842 INFO     epoch: 44 took 117.221s (83.233s in batching)
training loss:	0.588253
validation loss:	0.603768
validation error:	0.327291
2017-01-24 06:07:42,846 INFO     Wrote output to trainNN/out/v043-unified:simple-ff-50-100/config.json
2017-01-24 06:09:28,854 INFO     Saving network params to trainNN/out/v043-unified:simple-ff-50-100/epoch-045.pkl
2017-01-24 06:09:39,511 INFO     epoch: 45 took 116.669s (82.900s in batching)
training loss:	0.588064
validation loss:	0.605428
validation error:	0.327831
2017-01-24 06:09:39,516 INFO     Wrote output to trainNN/out/v043-unified:simple-ff-50-100/config.json
2017-01-24 06:11:25,962 INFO     Saving network params to trainNN/out/v043-unified:simple-ff-50-100/epoch-046.pkl
2017-01-24 06:11:36,739 INFO     epoch: 46 took 117.228s (83.199s in batching)
training loss:	0.588086
validation loss:	0.607396
validation error:	0.330503
2017-01-24 06:11:36,743 INFO     Wrote output to trainNN/out/v043-unified:simple-ff-50-100/config.json
2017-01-24 06:13:22,999 INFO     Saving network params to trainNN/out/v043-unified:simple-ff-50-100/epoch-047.pkl
2017-01-24 06:13:33,739 INFO     epoch: 47 took 116.999s (83.119s in batching)
training loss:	0.587955
validation loss:	0.605881
validation error:	0.325973
2017-01-24 06:13:33,744 INFO     Wrote output to trainNN/out/v043-unified:simple-ff-50-100/config.json
2017-01-24 06:15:20,405 INFO     Saving network params to trainNN/out/v043-unified:simple-ff-50-100/epoch-048.pkl
2017-01-24 06:15:31,204 INFO     epoch: 48 took 117.465s (83.465s in batching)
training loss:	0.587915
validation loss:	0.608662
validation error:	0.328496
2017-01-24 06:15:31,209 INFO     Wrote output to trainNN/out/v043-unified:simple-ff-50-100/config.json
2017-01-24 06:17:18,579 INFO     Saving network params to trainNN/out/v043-unified:simple-ff-50-100/epoch-049.pkl
2017-01-24 06:17:29,383 INFO     epoch: 49 took 118.179s (83.973s in batching)
training loss:	0.587857
validation loss:	0.606157
validation error:	0.329274
2017-01-24 06:17:29,387 INFO     Wrote output to trainNN/out/v043-unified:simple-ff-50-100/config.json
2017-01-24 06:19:16,698 INFO     Saving network params to trainNN/out/v043-unified:simple-ff-50-100/epoch-050.pkl
2017-01-24 06:19:27,371 INFO     epoch: 50 took 117.989s (83.830s in batching)
training loss:	0.587659
validation loss:	0.604427
validation error:	0.325204
2017-01-24 06:19:27,376 INFO     Wrote output to trainNN/out/v043-unified:simple-ff-50-100/config.json
2017-01-24 06:21:14,578 INFO     Saving network params to trainNN/out/v043-unified:simple-ff-50-100/epoch-051.pkl
2017-01-24 06:21:25,364 INFO     epoch: 51 took 117.993s (83.653s in batching)
training loss:	0.587675
validation loss:	0.606347
validation error:	0.327717
2017-01-24 06:21:25,370 INFO     Wrote output to trainNN/out/v043-unified:simple-ff-50-100/config.json
2017-01-24 06:23:11,623 INFO     Saving network params to trainNN/out/v043-unified:simple-ff-50-100/epoch-052.pkl
2017-01-24 06:23:22,333 INFO     epoch: 52 took 116.969s (82.967s in batching)
training loss:	0.587594
validation loss:	0.607335
validation error:	0.329740
2017-01-24 06:23:22,338 INFO     Wrote output to trainNN/out/v043-unified:simple-ff-50-100/config.json
2017-01-24 06:25:09,032 INFO     Saving network params to trainNN/out/v043-unified:simple-ff-50-100/epoch-053.pkl
2017-01-24 06:25:19,771 INFO     epoch: 53 took 117.437s (83.115s in batching)
training loss:	0.587497
validation loss:	0.607571
validation error:	0.331237
2017-01-24 06:25:19,775 INFO     Wrote output to trainNN/out/v043-unified:simple-ff-50-100/config.json
2017-01-24 06:27:06,417 INFO     Saving network params to trainNN/out/v043-unified:simple-ff-50-100/epoch-054.pkl
2017-01-24 06:27:17,167 INFO     epoch: 54 took 117.397s (83.039s in batching)
training loss:	0.587497
validation loss:	0.606322
validation error:	0.329824
2017-01-24 06:27:17,172 INFO     Wrote output to trainNN/out/v043-unified:simple-ff-50-100/config.json
2017-01-24 06:29:03,967 INFO     Saving network params to trainNN/out/v043-unified:simple-ff-50-100/epoch-055.pkl
2017-01-24 06:29:14,710 INFO     epoch: 55 took 117.543s (83.208s in batching)
training loss:	0.587518
validation loss:	0.603279
validation error:	0.325740
2017-01-24 06:29:14,714 INFO     Wrote output to trainNN/out/v043-unified:simple-ff-50-100/config.json
2017-01-24 06:31:01,110 INFO     Saving network params to trainNN/out/v043-unified:simple-ff-50-100/epoch-056.pkl
2017-01-24 06:31:11,811 INFO     epoch: 56 took 117.102s (83.034s in batching)
training loss:	0.587315
validation loss:	0.608817
validation error:	0.329834
2017-01-24 06:31:11,816 INFO     Wrote output to trainNN/out/v043-unified:simple-ff-50-100/config.json
2017-01-24 06:32:58,125 INFO     Saving network params to trainNN/out/v043-unified:simple-ff-50-100/epoch-057.pkl
2017-01-24 06:33:09,045 INFO     epoch: 57 took 117.234s (82.885s in batching)
training loss:	0.587182
validation loss:	0.603705
validation error:	0.325695
2017-01-24 06:33:09,051 INFO     Wrote output to trainNN/out/v043-unified:simple-ff-50-100/config.json
2017-01-24 06:34:55,902 INFO     Saving network params to trainNN/out/v043-unified:simple-ff-50-100/epoch-058.pkl
2017-01-24 06:35:06,477 INFO     epoch: 58 took 117.432s (83.363s in batching)
training loss:	0.587209
validation loss:	0.606308
validation error:	0.327053
2017-01-24 06:35:06,482 INFO     Wrote output to trainNN/out/v043-unified:simple-ff-50-100/config.json
2017-01-24 06:36:53,010 INFO     Saving network params to trainNN/out/v043-unified:simple-ff-50-100/epoch-059.pkl
2017-01-24 06:37:03,839 INFO     epoch: 59 took 117.362s (83.027s in batching)
training loss:	0.587099
validation loss:	0.606323
validation error:	0.326037
2017-01-24 06:37:03,844 INFO     Wrote output to trainNN/out/v043-unified:simple-ff-50-100/config.json
2017-01-24 06:38:51,466 INFO     Saving network params to trainNN/out/v043-unified:simple-ff-50-100/epoch-060.pkl
2017-01-24 06:39:02,278 INFO     epoch: 60 took 118.439s (83.847s in batching)
training loss:	0.587033
validation loss:	0.603738
validation error:	0.325779
2017-01-24 06:39:02,283 INFO     Wrote output to trainNN/out/v043-unified:simple-ff-50-100/config.json
2017-01-24 06:40:49,022 INFO     Saving network params to trainNN/out/v043-unified:simple-ff-50-100/epoch-061.pkl
2017-01-24 06:40:59,788 INFO     epoch: 61 took 117.511s (83.162s in batching)
training loss:	0.587024
validation loss:	0.605765
validation error:	0.327598
2017-01-24 06:40:59,793 INFO     Wrote output to trainNN/out/v043-unified:simple-ff-50-100/config.json
2017-01-24 06:42:46,377 INFO     Saving network params to trainNN/out/v043-unified:simple-ff-50-100/epoch-062.pkl
2017-01-24 06:42:57,189 INFO     epoch: 62 took 117.400s (83.078s in batching)
training loss:	0.586958
validation loss:	0.604139
validation error:	0.326880
2017-01-24 06:42:57,194 INFO     Wrote output to trainNN/out/v043-unified:simple-ff-50-100/config.json
2017-01-24 06:44:43,905 INFO     Saving network params to trainNN/out/v043-unified:simple-ff-50-100/epoch-063.pkl
2017-01-24 06:44:54,918 INFO     epoch: 63 took 117.729s (83.130s in batching)
training loss:	0.586917
validation loss:	0.607342
validation error:	0.330092
2017-01-24 06:44:54,922 INFO     Wrote output to trainNN/out/v043-unified:simple-ff-50-100/config.json
2017-01-24 06:46:41,311 INFO     Saving network params to trainNN/out/v043-unified:simple-ff-50-100/epoch-064.pkl
2017-01-24 06:46:52,054 INFO     epoch: 64 took 117.136s (82.790s in batching)
training loss:	0.586881
validation loss:	0.605669
validation error:	0.325279
2017-01-24 06:46:52,059 INFO     Wrote output to trainNN/out/v043-unified:simple-ff-50-100/config.json
2017-01-24 06:48:39,261 INFO     Saving network params to trainNN/out/v043-unified:simple-ff-50-100/epoch-065.pkl
2017-01-24 06:48:49,868 INFO     epoch: 65 took 117.814s (83.412s in batching)
training loss:	0.586845
validation loss:	0.604117
validation error:	0.323727
2017-01-24 06:48:49,874 INFO     Wrote output to trainNN/out/v043-unified:simple-ff-50-100/config.json
2017-01-24 06:50:37,231 INFO     Saving network params to trainNN/out/v043-unified:simple-ff-50-100/epoch-066.pkl
2017-01-24 06:50:48,046 INFO     epoch: 66 took 118.177s (83.498s in batching)
training loss:	0.586727
validation loss:	0.605037
validation error:	0.327524
2017-01-24 06:50:48,050 INFO     Wrote output to trainNN/out/v043-unified:simple-ff-50-100/config.json
2017-01-24 06:52:35,132 INFO     Saving network params to trainNN/out/v043-unified:simple-ff-50-100/epoch-067.pkl
2017-01-24 06:52:46,021 INFO     epoch: 67 took 117.976s (83.457s in batching)
training loss:	0.586653
validation loss:	0.608937
validation error:	0.331232
2017-01-24 06:52:46,026 INFO     Wrote output to trainNN/out/v043-unified:simple-ff-50-100/config.json
2017-01-24 06:54:33,963 INFO     Saving network params to trainNN/out/v043-unified:simple-ff-50-100/epoch-068.pkl
2017-01-24 06:54:44,798 INFO     epoch: 68 took 118.777s (84.155s in batching)
training loss:	0.586695
validation loss:	0.605813
validation error:	0.326791
2017-01-24 06:54:44,803 INFO     Wrote output to trainNN/out/v043-unified:simple-ff-50-100/config.json
2017-01-24 06:56:32,022 INFO     Saving network params to trainNN/out/v043-unified:simple-ff-50-100/epoch-069.pkl
2017-01-24 06:56:42,692 INFO     epoch: 69 took 117.894s (83.440s in batching)
training loss:	0.586506
validation loss:	0.607541
validation error:	0.329522
2017-01-24 06:56:42,697 INFO     Wrote output to trainNN/out/v043-unified:simple-ff-50-100/config.json
2017-01-24 06:58:28,909 INFO     Saving network params to trainNN/out/v043-unified:simple-ff-50-100/epoch-070.pkl
2017-01-24 06:58:39,648 INFO     epoch: 70 took 116.956s (83.028s in batching)
training loss:	0.586533
validation loss:	0.605883
validation error:	0.327172
2017-01-24 06:58:39,653 INFO     Wrote output to trainNN/out/v043-unified:simple-ff-50-100/config.json
2017-01-24 07:00:25,492 INFO     Saving network params to trainNN/out/v043-unified:simple-ff-50-100/epoch-071.pkl
2017-01-24 07:00:36,184 INFO     epoch: 71 took 116.536s (83.011s in batching)
training loss:	0.586478
validation loss:	0.607251
validation error:	0.327643
2017-01-24 07:00:36,188 INFO     Wrote output to trainNN/out/v043-unified:simple-ff-50-100/config.json
2017-01-24 07:02:22,060 INFO     Saving network params to trainNN/out/v043-unified:simple-ff-50-100/epoch-072.pkl
2017-01-24 07:02:32,752 INFO     epoch: 72 took 116.568s (82.888s in batching)
training loss:	0.586488
validation loss:	0.608947
validation error:	0.330677
2017-01-24 07:02:32,757 INFO     Wrote output to trainNN/out/v043-unified:simple-ff-50-100/config.json
2017-01-24 07:04:18,197 INFO     Saving network params to trainNN/out/v043-unified:simple-ff-50-100/epoch-073.pkl
2017-01-24 07:04:28,918 INFO     epoch: 73 took 116.166s (82.602s in batching)
training loss:	0.586379
validation loss:	0.606706
validation error:	0.327762
2017-01-24 07:04:28,923 INFO     Wrote output to trainNN/out/v043-unified:simple-ff-50-100/config.json
2017-01-24 07:06:14,920 INFO     Saving network params to trainNN/out/v043-unified:simple-ff-50-100/epoch-074.pkl
2017-01-24 07:06:25,909 INFO     epoch: 74 took 116.992s (83.005s in batching)
training loss:	0.586347
validation loss:	0.605663
validation error:	0.325993
2017-01-24 07:06:25,915 INFO     Wrote output to trainNN/out/v043-unified:simple-ff-50-100/config.json
2017-01-24 07:08:11,242 INFO     Saving network params to trainNN/out/v043-unified:simple-ff-50-100/epoch-075.pkl
2017-01-24 07:08:22,021 INFO     epoch: 75 took 116.112s (82.500s in batching)
training loss:	0.586403
validation loss:	0.603998
validation error:	0.326275
2017-01-24 07:08:22,026 INFO     Wrote output to trainNN/out/v043-unified:simple-ff-50-100/config.json
2017-01-24 07:10:07,647 INFO     Saving network params to trainNN/out/v043-unified:simple-ff-50-100/epoch-076.pkl
2017-01-24 07:10:18,307 INFO     epoch: 76 took 116.286s (82.579s in batching)
training loss:	0.586274
validation loss:	0.604991
validation error:	0.325214
2017-01-24 07:10:18,312 INFO     Wrote output to trainNN/out/v043-unified:simple-ff-50-100/config.json
2017-01-24 07:12:04,309 INFO     Saving network params to trainNN/out/v043-unified:simple-ff-50-100/epoch-077.pkl
2017-01-24 07:12:15,247 INFO     epoch: 77 took 116.940s (82.959s in batching)
training loss:	0.586164
validation loss:	0.607150
validation error:	0.328466
2017-01-24 07:12:15,252 INFO     Wrote output to trainNN/out/v043-unified:simple-ff-50-100/config.json
2017-01-24 07:14:01,528 INFO     Saving network params to trainNN/out/v043-unified:simple-ff-50-100/epoch-078.pkl
2017-01-24 07:14:12,414 INFO     epoch: 78 took 117.167s (83.000s in batching)
training loss:	0.586219
validation loss:	0.607888
validation error:	0.328292
2017-01-24 07:14:12,419 INFO     Wrote output to trainNN/out/v043-unified:simple-ff-50-100/config.json
2017-01-24 07:15:58,571 INFO     Saving network params to trainNN/out/v043-unified:simple-ff-50-100/epoch-079.pkl
2017-01-24 07:16:09,304 INFO     epoch: 79 took 116.890s (82.965s in batching)
training loss:	0.586058
validation loss:	0.608373
validation error:	0.327876
2017-01-24 07:16:09,310 INFO     Wrote output to trainNN/out/v043-unified:simple-ff-50-100/config.json
2017-01-24 07:17:55,680 INFO     Saving network params to trainNN/out/v043-unified:simple-ff-50-100/epoch-080.pkl
2017-01-24 07:18:06,537 INFO     epoch: 80 took 117.232s (83.190s in batching)
training loss:	0.586017
validation loss:	0.607069
validation error:	0.328119
2017-01-24 07:18:06,542 INFO     Wrote output to trainNN/out/v043-unified:simple-ff-50-100/config.json
2017-01-24 07:19:52,666 INFO     Saving network params to trainNN/out/v043-unified:simple-ff-50-100/epoch-081.pkl
2017-01-24 07:20:03,304 INFO     epoch: 81 took 116.768s (82.784s in batching)
training loss:	0.586040
validation loss:	0.609692
validation error:	0.329537
2017-01-24 07:20:03,309 INFO     Wrote output to trainNN/out/v043-unified:simple-ff-50-100/config.json
2017-01-24 07:21:49,834 INFO     Saving network params to trainNN/out/v043-unified:simple-ff-50-100/epoch-082.pkl
2017-01-24 07:22:00,401 INFO     epoch: 82 took 117.097s (83.537s in batching)
training loss:	0.585971
validation loss:	0.605314
validation error:	0.327073
2017-01-24 07:22:00,406 INFO     Wrote output to trainNN/out/v043-unified:simple-ff-50-100/config.json
2017-01-24 07:23:46,736 INFO     Saving network params to trainNN/out/v043-unified:simple-ff-50-100/epoch-083.pkl
2017-01-24 07:23:57,506 INFO     epoch: 83 took 117.106s (83.091s in batching)
training loss:	0.585998
validation loss:	0.605680
validation error:	0.327797
2017-01-24 07:23:57,512 INFO     Wrote output to trainNN/out/v043-unified:simple-ff-50-100/config.json
2017-01-24 07:25:43,979 INFO     Saving network params to trainNN/out/v043-unified:simple-ff-50-100/epoch-084.pkl
2017-01-24 07:25:54,762 INFO     epoch: 84 took 117.256s (83.148s in batching)
training loss:	0.585978
validation loss:	0.607373
validation error:	0.327256
2017-01-24 07:25:54,768 INFO     Wrote output to trainNN/out/v043-unified:simple-ff-50-100/config.json
2017-01-24 07:27:41,424 INFO     Saving network params to trainNN/out/v043-unified:simple-ff-50-100/epoch-085.pkl
2017-01-24 07:27:52,179 INFO     epoch: 85 took 117.417s (83.405s in batching)
training loss:	0.585818
validation loss:	0.605960
validation error:	0.326116
2017-01-24 07:27:52,185 INFO     Wrote output to trainNN/out/v043-unified:simple-ff-50-100/config.json
2017-01-24 07:29:38,781 INFO     Saving network params to trainNN/out/v043-unified:simple-ff-50-100/epoch-086.pkl
2017-01-24 07:29:49,805 INFO     epoch: 86 took 117.626s (83.313s in batching)
training loss:	0.585858
validation loss:	0.605186
validation error:	0.326667
2017-01-24 07:29:49,811 INFO     Wrote output to trainNN/out/v043-unified:simple-ff-50-100/config.json
2017-01-24 07:31:36,344 INFO     Saving network params to trainNN/out/v043-unified:simple-ff-50-100/epoch-087.pkl
2017-01-24 07:31:47,103 INFO     epoch: 87 took 117.298s (83.502s in batching)
training loss:	0.585780
validation loss:	0.606963
validation error:	0.327033
2017-01-24 07:31:47,109 INFO     Wrote output to trainNN/out/v043-unified:simple-ff-50-100/config.json
2017-01-24 07:33:34,149 INFO     Saving network params to trainNN/out/v043-unified:simple-ff-50-100/epoch-088.pkl
2017-01-24 07:33:44,865 INFO     epoch: 88 took 117.762s (83.827s in batching)
training loss:	0.585713
validation loss:	0.613311
validation error:	0.331975
2017-01-24 07:33:44,871 INFO     Wrote output to trainNN/out/v043-unified:simple-ff-50-100/config.json
2017-01-24 07:35:30,850 INFO     Saving network params to trainNN/out/v043-unified:simple-ff-50-100/epoch-089.pkl
2017-01-24 07:35:41,655 INFO     epoch: 89 took 116.790s (82.802s in batching)
training loss:	0.585802
validation loss:	0.607406
validation error:	0.328887
2017-01-24 07:35:41,660 INFO     Wrote output to trainNN/out/v043-unified:simple-ff-50-100/config.json
2017-01-24 07:37:27,999 INFO     Saving network params to trainNN/out/v043-unified:simple-ff-50-100/epoch-090.pkl
2017-01-24 07:37:38,695 INFO     epoch: 90 took 117.040s (83.077s in batching)
training loss:	0.585569
validation loss:	0.606155
validation error:	0.327167
2017-01-24 07:37:38,700 INFO     Wrote output to trainNN/out/v043-unified:simple-ff-50-100/config.json
2017-01-24 07:39:25,109 INFO     Saving network params to trainNN/out/v043-unified:simple-ff-50-100/epoch-091.pkl
2017-01-24 07:39:35,815 INFO     epoch: 91 took 117.120s (82.876s in batching)
training loss:	0.585650
validation loss:	0.604790
validation error:	0.325214
2017-01-24 07:39:35,820 INFO     Wrote output to trainNN/out/v043-unified:simple-ff-50-100/config.json
2017-01-24 07:41:22,035 INFO     Saving network params to trainNN/out/v043-unified:simple-ff-50-100/epoch-092.pkl
2017-01-24 07:41:32,925 INFO     epoch: 92 took 117.110s (82.801s in batching)
training loss:	0.585673
validation loss:	0.604620
validation error:	0.324887
2017-01-24 07:41:32,931 INFO     Wrote output to trainNN/out/v043-unified:simple-ff-50-100/config.json
2017-01-24 07:43:19,195 INFO     Saving network params to trainNN/out/v043-unified:simple-ff-50-100/epoch-093.pkl
2017-01-24 07:43:29,784 INFO     epoch: 93 took 116.859s (82.942s in batching)
training loss:	0.585598
validation loss:	0.607850
validation error:	0.328223
2017-01-24 07:43:29,790 INFO     Wrote output to trainNN/out/v043-unified:simple-ff-50-100/config.json
2017-01-24 07:45:16,299 INFO     Saving network params to trainNN/out/v043-unified:simple-ff-50-100/epoch-094.pkl
2017-01-24 07:45:26,956 INFO     epoch: 94 took 117.172s (83.074s in batching)
training loss:	0.585502
validation loss:	0.607026
validation error:	0.326404
2017-01-24 07:45:26,962 INFO     Wrote output to trainNN/out/v043-unified:simple-ff-50-100/config.json
2017-01-24 07:47:13,519 INFO     Saving network params to trainNN/out/v043-unified:simple-ff-50-100/epoch-095.pkl
2017-01-24 07:47:24,321 INFO     epoch: 95 took 117.364s (83.063s in batching)
training loss:	0.585487
validation loss:	0.604723
validation error:	0.324164
2017-01-24 07:47:24,328 INFO     Wrote output to trainNN/out/v043-unified:simple-ff-50-100/config.json
2017-01-24 07:49:10,800 INFO     Saving network params to trainNN/out/v043-unified:simple-ff-50-100/epoch-096.pkl
2017-01-24 07:49:21,510 INFO     epoch: 96 took 117.190s (83.010s in batching)
training loss:	0.585494
validation loss:	0.607523
validation error:	0.327311
2017-01-24 07:49:21,516 INFO     Wrote output to trainNN/out/v043-unified:simple-ff-50-100/config.json
2017-01-24 07:51:07,799 INFO     Saving network params to trainNN/out/v043-unified:simple-ff-50-100/epoch-097.pkl
2017-01-24 07:51:18,468 INFO     epoch: 97 took 116.958s (82.659s in batching)
training loss:	0.585461
validation loss:	0.606293
validation error:	0.327445
2017-01-24 07:51:18,474 INFO     Wrote output to trainNN/out/v043-unified:simple-ff-50-100/config.json
2017-01-24 07:53:04,859 INFO     Saving network params to trainNN/out/v043-unified:simple-ff-50-100/epoch-098.pkl
2017-01-24 07:53:15,512 INFO     epoch: 98 took 117.044s (82.809s in batching)
training loss:	0.585390
validation loss:	0.608871
validation error:	0.329794
2017-01-24 07:53:15,518 INFO     Wrote output to trainNN/out/v043-unified:simple-ff-50-100/config.json
2017-01-24 07:55:02,333 INFO     Saving network params to trainNN/out/v043-unified:simple-ff-50-100/epoch-099.pkl
2017-01-24 07:55:12,854 INFO     epoch: 99 took 117.342s (83.189s in batching)
training loss:	0.585399
validation loss:	0.605994
validation error:	0.325541
2017-01-24 07:55:12,860 INFO     Wrote output to trainNN/out/v043-unified:simple-ff-50-100/config.json
2017-01-24 07:56:59,119 INFO     Saving network params to trainNN/out/v043-unified:simple-ff-50-100/epoch-100.pkl
2017-01-24 07:57:09,678 INFO     epoch: 100 took 116.824s (82.712s in batching)
training loss:	0.585365
validation loss:	0.607690
validation error:	0.325423
2017-01-24 07:57:09,684 INFO     Wrote output to trainNN/out/v043-unified:simple-ff-50-100/config.json
2017-01-24 07:58:56,323 INFO     Saving network params to trainNN/out/v043-unified:simple-ff-50-100/epoch-101.pkl
2017-01-24 07:59:06,982 INFO     epoch: 101 took 117.304s (83.090s in batching)
training loss:	0.585431
validation loss:	0.606740
validation error:	0.328511
2017-01-24 07:59:06,988 INFO     Wrote output to trainNN/out/v043-unified:simple-ff-50-100/config.json
2017-01-24 08:00:53,743 INFO     Saving network params to trainNN/out/v043-unified:simple-ff-50-100/epoch-102.pkl
2017-01-24 08:01:04,240 INFO     epoch: 102 took 117.258s (83.004s in batching)
training loss:	0.585403
validation loss:	0.604862
validation error:	0.324748
2017-01-24 08:01:04,247 INFO     Wrote output to trainNN/out/v043-unified:simple-ff-50-100/config.json
2017-01-24 08:02:51,710 INFO     Saving network params to trainNN/out/v043-unified:simple-ff-50-100/epoch-103.pkl
2017-01-24 08:03:02,802 INFO     epoch: 103 took 118.562s (83.897s in batching)
training loss:	0.585302
validation loss:	0.612910
validation error:	0.332243
2017-01-24 08:03:02,808 INFO     Wrote output to trainNN/out/v043-unified:simple-ff-50-100/config.json
2017-01-24 08:04:49,795 INFO     Saving network params to trainNN/out/v043-unified:simple-ff-50-100/epoch-104.pkl
2017-01-24 08:05:00,705 INFO     epoch: 104 took 117.903s (83.549s in batching)
training loss:	0.585193
validation loss:	0.607600
validation error:	0.326280
2017-01-24 08:05:00,711 INFO     Wrote output to trainNN/out/v043-unified:simple-ff-50-100/config.json
2017-01-24 08:06:47,715 INFO     Saving network params to trainNN/out/v043-unified:simple-ff-50-100/epoch-105.pkl
2017-01-24 08:06:58,607 INFO     epoch: 105 took 117.902s (83.413s in batching)
training loss:	0.585336
validation loss:	0.605789
validation error:	0.327688
2017-01-24 08:06:58,613 INFO     Wrote output to trainNN/out/v043-unified:simple-ff-50-100/config.json
2017-01-24 08:08:44,250 INFO     Saving network params to trainNN/out/v043-unified:simple-ff-50-100/epoch-106.pkl
2017-01-24 08:08:54,814 INFO     epoch: 106 took 116.207s (82.499s in batching)
training loss:	0.585115
validation loss:	0.607881
validation error:	0.328877
2017-01-24 08:08:54,821 INFO     Wrote output to trainNN/out/v043-unified:simple-ff-50-100/config.json
2017-01-24 08:10:40,038 INFO     Saving network params to trainNN/out/v043-unified:simple-ff-50-100/epoch-107.pkl
2017-01-24 08:10:50,684 INFO     epoch: 107 took 115.870s (82.516s in batching)
training loss:	0.585289
validation loss:	0.605674
validation error:	0.325923
2017-01-24 08:10:50,691 INFO     Wrote output to trainNN/out/v043-unified:simple-ff-50-100/config.json
2017-01-24 08:12:36,079 INFO     Saving network params to trainNN/out/v043-unified:simple-ff-50-100/epoch-108.pkl
2017-01-24 08:12:46,750 INFO     epoch: 108 took 116.066s (82.644s in batching)
training loss:	0.585125
validation loss:	0.609013
validation error:	0.329150
2017-01-24 08:12:46,756 INFO     Wrote output to trainNN/out/v043-unified:simple-ff-50-100/config.json
2017-01-24 08:14:31,827 INFO     Saving network params to trainNN/out/v043-unified:simple-ff-50-100/epoch-109.pkl
2017-01-24 08:14:42,514 INFO     epoch: 109 took 115.763s (82.263s in batching)
training loss:	0.585253
validation loss:	0.608023
validation error:	0.327480
2017-01-24 08:14:42,520 INFO     Wrote output to trainNN/out/v043-unified:simple-ff-50-100/config.json
2017-01-24 08:16:27,779 INFO     Saving network params to trainNN/out/v043-unified:simple-ff-50-100/epoch-110.pkl
2017-01-24 08:16:38,374 INFO     epoch: 110 took 115.861s (82.843s in batching)
training loss:	0.585169
validation loss:	0.604971
validation error:	0.327623
2017-01-24 08:16:38,380 INFO     Wrote output to trainNN/out/v043-unified:simple-ff-50-100/config.json
2017-01-24 08:18:23,326 INFO     Saving network params to trainNN/out/v043-unified:simple-ff-50-100/epoch-111.pkl
2017-01-24 08:18:34,208 INFO     epoch: 111 took 115.834s (82.175s in batching)
training loss:	0.585064
validation loss:	0.608689
validation error:	0.326989
2017-01-24 08:18:34,214 INFO     Wrote output to trainNN/out/v043-unified:simple-ff-50-100/config.json
2017-01-24 08:20:19,615 INFO     Saving network params to trainNN/out/v043-unified:simple-ff-50-100/epoch-112.pkl
2017-01-24 08:20:30,201 INFO     epoch: 112 took 115.993s (82.593s in batching)
training loss:	0.585165
validation loss:	0.608202
validation error:	0.329864
2017-01-24 08:20:30,208 INFO     Wrote output to trainNN/out/v043-unified:simple-ff-50-100/config.json
2017-01-24 08:22:15,243 INFO     Saving network params to trainNN/out/v043-unified:simple-ff-50-100/epoch-113.pkl
2017-01-24 08:22:25,827 INFO     epoch: 113 took 115.625s (82.360s in batching)
training loss:	0.584975
validation loss:	0.604241
validation error:	0.326672
2017-01-24 08:22:25,833 INFO     Wrote output to trainNN/out/v043-unified:simple-ff-50-100/config.json
2017-01-24 08:24:11,549 INFO     Saving network params to trainNN/out/v043-unified:simple-ff-50-100/epoch-114.pkl
2017-01-24 08:24:22,436 INFO     epoch: 114 took 116.610s (82.761s in batching)
training loss:	0.585023
validation loss:	0.605914
validation error:	0.328253
2017-01-24 08:24:22,444 INFO     Wrote output to trainNN/out/v043-unified:simple-ff-50-100/config.json
2017-01-24 08:26:08,289 INFO     Saving network params to trainNN/out/v043-unified:simple-ff-50-100/epoch-115.pkl
2017-01-24 08:26:19,148 INFO     epoch: 115 took 116.711s (82.892s in batching)
training loss:	0.585065
validation loss:	0.606348
validation error:	0.324605
2017-01-24 08:26:19,154 INFO     Wrote output to trainNN/out/v043-unified:simple-ff-50-100/config.json
2017-01-24 08:28:04,284 INFO     Saving network params to trainNN/out/v043-unified:simple-ff-50-100/epoch-116.pkl
2017-01-24 08:28:15,023 INFO     epoch: 116 took 115.875s (82.373s in batching)
training loss:	0.584924
validation loss:	0.609272
validation error:	0.331113
2017-01-24 08:28:15,030 INFO     Wrote output to trainNN/out/v043-unified:simple-ff-50-100/config.json
2017-01-24 08:30:01,003 INFO     Saving network params to trainNN/out/v043-unified:simple-ff-50-100/epoch-117.pkl
2017-01-24 08:30:11,916 INFO     epoch: 117 took 116.894s (82.857s in batching)
training loss:	0.584843
validation loss:	0.615972
validation error:	0.332862
2017-01-24 08:30:11,924 INFO     Wrote output to trainNN/out/v043-unified:simple-ff-50-100/config.json
2017-01-24 08:31:57,704 INFO     Saving network params to trainNN/out/v043-unified:simple-ff-50-100/epoch-118.pkl
2017-01-24 08:32:08,314 INFO     epoch: 118 took 116.398s (82.643s in batching)
training loss:	0.584888
validation loss:	0.613104
validation error:	0.327747
2017-01-24 08:32:08,320 INFO     Wrote output to trainNN/out/v043-unified:simple-ff-50-100/config.json
2017-01-24 08:33:53,977 INFO     Saving network params to trainNN/out/v043-unified:simple-ff-50-100/epoch-119.pkl
2017-01-24 08:34:04,905 INFO     epoch: 119 took 116.591s (82.594s in batching)
training loss:	0.584864
validation loss:	0.612488
validation error:	0.329730
2017-01-24 08:34:04,912 INFO     Wrote output to trainNN/out/v043-unified:simple-ff-50-100/config.json
2017-01-24 08:35:50,448 INFO     Saving network params to trainNN/out/v043-unified:simple-ff-50-100/epoch-120.pkl
2017-01-24 08:36:01,189 INFO     epoch: 120 took 116.284s (82.510s in batching)
training loss:	0.584931
validation loss:	0.606041
validation error:	0.326092
2017-01-24 08:36:01,195 INFO     Wrote output to trainNN/out/v043-unified:simple-ff-50-100/config.json
2017-01-24 08:37:47,825 INFO     Saving network params to trainNN/out/v043-unified:simple-ff-50-100/epoch-121.pkl
2017-01-24 08:37:58,591 INFO     epoch: 121 took 117.402s (83.193s in batching)
training loss:	0.584843
validation loss:	0.605625
validation error:	0.325740
2017-01-24 08:37:58,598 INFO     Wrote output to trainNN/out/v043-unified:simple-ff-50-100/config.json
2017-01-24 08:39:44,928 INFO     Saving network params to trainNN/out/v043-unified:simple-ff-50-100/epoch-122.pkl
2017-01-24 08:39:55,686 INFO     epoch: 122 took 117.095s (82.859s in batching)
training loss:	0.584997
validation loss:	0.608071
validation error:	0.326062
2017-01-24 08:39:55,693 INFO     Wrote output to trainNN/out/v043-unified:simple-ff-50-100/config.json
2017-01-24 08:41:42,320 INFO     Saving network params to trainNN/out/v043-unified:simple-ff-50-100/epoch-123.pkl
2017-01-24 08:41:53,078 INFO     epoch: 123 took 117.392s (83.118s in batching)
training loss:	0.584803
validation loss:	0.607190
validation error:	0.327271
2017-01-24 08:41:53,085 INFO     Wrote output to trainNN/out/v043-unified:simple-ff-50-100/config.json
2017-01-24 08:43:39,881 INFO     Saving network params to trainNN/out/v043-unified:simple-ff-50-100/epoch-124.pkl
2017-01-24 08:43:50,801 INFO     epoch: 124 took 117.723s (83.018s in batching)
training loss:	0.584838
validation loss:	0.607012
validation error:	0.326905
2017-01-24 08:43:50,808 INFO     Wrote output to trainNN/out/v043-unified:simple-ff-50-100/config.json
2017-01-24 08:45:38,294 INFO     Saving network params to trainNN/out/v043-unified:simple-ff-50-100/epoch-125.pkl
2017-01-24 08:45:48,948 INFO     epoch: 125 took 118.148s (83.872s in batching)
training loss:	0.584741
validation loss:	0.608948
validation error:	0.327509
2017-01-24 08:45:48,956 INFO     Wrote output to trainNN/out/v043-unified:simple-ff-50-100/config.json
2017-01-24 08:47:36,107 INFO     Saving network params to trainNN/out/v043-unified:simple-ff-50-100/epoch-126.pkl
2017-01-24 08:47:46,823 INFO     epoch: 126 took 117.875s (83.541s in batching)
training loss:	0.584813
validation loss:	0.607785
validation error:	0.328074
2017-01-24 08:47:46,831 INFO     Wrote output to trainNN/out/v043-unified:simple-ff-50-100/config.json
2017-01-24 08:49:33,342 INFO     Saving network params to trainNN/out/v043-unified:simple-ff-50-100/epoch-127.pkl
2017-01-24 08:49:44,042 INFO     epoch: 127 took 117.218s (83.124s in batching)
training loss:	0.584799
validation loss:	0.606107
validation error:	0.325789
2017-01-24 08:49:44,049 INFO     Wrote output to trainNN/out/v043-unified:simple-ff-50-100/config.json
2017-01-24 08:51:30,590 INFO     Saving network params to trainNN/out/v043-unified:simple-ff-50-100/epoch-128.pkl
2017-01-24 08:51:41,463 INFO     epoch: 128 took 117.421s (83.044s in batching)
training loss:	0.584734
validation loss:	0.610380
validation error:	0.328258
2017-01-24 08:51:41,470 INFO     Wrote output to trainNN/out/v043-unified:simple-ff-50-100/config.json
2017-01-24 08:53:27,977 INFO     Saving network params to trainNN/out/v043-unified:simple-ff-50-100/epoch-129.pkl
2017-01-24 08:53:38,850 INFO     epoch: 129 took 117.387s (83.001s in batching)
training loss:	0.584572
validation loss:	0.607222
validation error:	0.325185
2017-01-24 08:53:38,857 INFO     Wrote output to trainNN/out/v043-unified:simple-ff-50-100/config.json
2017-01-24 08:55:25,749 INFO     Saving network params to trainNN/out/v043-unified:simple-ff-50-100/epoch-130.pkl
2017-01-24 08:55:36,546 INFO     epoch: 130 took 117.696s (83.420s in batching)
training loss:	0.584733
validation loss:	0.610943
validation error:	0.327841
2017-01-24 08:55:36,554 INFO     Wrote output to trainNN/out/v043-unified:simple-ff-50-100/config.json
2017-01-24 08:57:23,324 INFO     Saving network params to trainNN/out/v043-unified:simple-ff-50-100/epoch-131.pkl
2017-01-24 08:57:34,060 INFO     epoch: 131 took 117.514s (83.307s in batching)
training loss:	0.584619
validation loss:	0.613042
validation error:	0.333765
2017-01-24 08:57:34,068 INFO     Wrote output to trainNN/out/v043-unified:simple-ff-50-100/config.json
2017-01-24 08:59:20,388 INFO     Saving network params to trainNN/out/v043-unified:simple-ff-50-100/epoch-132.pkl
2017-01-24 08:59:31,198 INFO     epoch: 132 took 117.138s (83.166s in batching)
training loss:	0.584458
validation loss:	0.606947
validation error:	0.326617
2017-01-24 08:59:31,206 INFO     Wrote output to trainNN/out/v043-unified:simple-ff-50-100/config.json
2017-01-24 09:01:18,902 INFO     Saving network params to trainNN/out/v043-unified:simple-ff-50-100/epoch-133.pkl
2017-01-24 09:01:29,871 INFO     epoch: 133 took 118.672s (84.079s in batching)
training loss:	0.584630
validation loss:	0.608665
validation error:	0.328476
2017-01-24 09:01:29,878 INFO     Wrote output to trainNN/out/v043-unified:simple-ff-50-100/config.json
2017-01-24 09:03:16,217 INFO     Saving network params to trainNN/out/v043-unified:simple-ff-50-100/epoch-134.pkl
2017-01-24 09:03:27,173 INFO     epoch: 134 took 117.302s (83.041s in batching)
training loss:	0.584587
validation loss:	0.611015
validation error:	0.329735
2017-01-24 09:03:27,180 INFO     Wrote output to trainNN/out/v043-unified:simple-ff-50-100/config.json
2017-01-24 09:05:13,765 INFO     Saving network params to trainNN/out/v043-unified:simple-ff-50-100/epoch-135.pkl
2017-01-24 09:05:24,667 INFO     epoch: 135 took 117.494s (83.033s in batching)
training loss:	0.584580
validation loss:	0.607577
validation error:	0.328010
2017-01-24 09:05:24,674 INFO     Wrote output to trainNN/out/v043-unified:simple-ff-50-100/config.json
2017-01-24 09:07:11,729 INFO     Saving network params to trainNN/out/v043-unified:simple-ff-50-100/epoch-136.pkl
2017-01-24 09:07:22,687 INFO     epoch: 136 took 118.021s (83.659s in batching)
training loss:	0.584470
validation loss:	0.610752
validation error:	0.328159
2017-01-24 09:07:22,695 INFO     Wrote output to trainNN/out/v043-unified:simple-ff-50-100/config.json
2017-01-24 09:09:09,479 INFO     Saving network params to trainNN/out/v043-unified:simple-ff-50-100/epoch-137.pkl
2017-01-24 09:09:20,347 INFO     epoch: 137 took 117.659s (83.195s in batching)
training loss:	0.584495
validation loss:	0.608700
validation error:	0.327708
2017-01-24 09:09:20,354 INFO     Wrote output to trainNN/out/v043-unified:simple-ff-50-100/config.json
2017-01-24 09:11:07,385 INFO     Saving network params to trainNN/out/v043-unified:simple-ff-50-100/epoch-138.pkl
2017-01-24 09:11:18,226 INFO     epoch: 138 took 117.880s (83.258s in batching)
training loss:	0.584481
validation loss:	0.605458
validation error:	0.325631
2017-01-24 09:11:18,234 INFO     Wrote output to trainNN/out/v043-unified:simple-ff-50-100/config.json
2017-01-24 09:13:05,190 INFO     Saving network params to trainNN/out/v043-unified:simple-ff-50-100/epoch-139.pkl
2017-01-24 09:13:15,948 INFO     epoch: 139 took 117.721s (83.160s in batching)
training loss:	0.584322
validation loss:	0.611951
validation error:	0.333621
2017-01-24 09:13:15,955 INFO     Wrote output to trainNN/out/v043-unified:simple-ff-50-100/config.json
2017-01-24 09:15:03,181 INFO     Saving network params to trainNN/out/v043-unified:simple-ff-50-100/epoch-140.pkl
2017-01-24 09:15:14,008 INFO     epoch: 140 took 118.060s (83.412s in batching)
training loss:	0.584560
validation loss:	0.611249
validation error:	0.326959
2017-01-24 09:15:14,016 INFO     Wrote output to trainNN/out/v043-unified:simple-ff-50-100/config.json
2017-01-24 09:17:00,749 INFO     Saving network params to trainNN/out/v043-unified:simple-ff-50-100/epoch-141.pkl
2017-01-24 09:17:11,429 INFO     epoch: 141 took 117.421s (83.148s in batching)
training loss:	0.584438
validation loss:	0.607336
validation error:	0.325546
2017-01-24 09:17:11,436 INFO     Wrote output to trainNN/out/v043-unified:simple-ff-50-100/config.json
2017-01-24 09:18:58,276 INFO     Saving network params to trainNN/out/v043-unified:simple-ff-50-100/epoch-142.pkl
2017-01-24 09:19:09,112 INFO     epoch: 142 took 117.683s (83.130s in batching)
training loss:	0.584349
validation loss:	0.608585
validation error:	0.330339
2017-01-24 09:19:09,119 INFO     Wrote output to trainNN/out/v043-unified:simple-ff-50-100/config.json
2017-01-24 09:20:56,766 INFO     Saving network params to trainNN/out/v043-unified:simple-ff-50-100/epoch-143.pkl
2017-01-24 09:21:07,615 INFO     epoch: 143 took 118.503s (83.890s in batching)
training loss:	0.584459
validation loss:	0.607765
validation error:	0.327088
2017-01-24 09:21:07,623 INFO     Wrote output to trainNN/out/v043-unified:simple-ff-50-100/config.json
2017-01-24 09:22:53,571 INFO     Saving network params to trainNN/out/v043-unified:simple-ff-50-100/epoch-144.pkl
2017-01-24 09:23:04,460 INFO     epoch: 144 took 116.845s (82.533s in batching)
training loss:	0.584340
validation loss:	0.610245
validation error:	0.329750
2017-01-24 09:23:04,468 INFO     Wrote output to trainNN/out/v043-unified:simple-ff-50-100/config.json
2017-01-24 09:24:51,508 INFO     Saving network params to trainNN/out/v043-unified:simple-ff-50-100/epoch-145.pkl
2017-01-24 09:25:02,089 INFO     epoch: 145 took 117.629s (83.194s in batching)
training loss:	0.584415
validation loss:	0.608897
validation error:	0.327014
2017-01-24 09:25:02,097 INFO     Wrote output to trainNN/out/v043-unified:simple-ff-50-100/config.json
2017-01-24 09:26:47,844 INFO     Saving network params to trainNN/out/v043-unified:simple-ff-50-100/epoch-146.pkl
2017-01-24 09:26:59,041 INFO     epoch: 146 took 116.952s (82.654s in batching)
training loss:	0.584390
validation loss:	0.608564
validation error:	0.328525
2017-01-24 09:26:59,049 INFO     Wrote output to trainNN/out/v043-unified:simple-ff-50-100/config.json
2017-01-24 09:28:45,609 INFO     Saving network params to trainNN/out/v043-unified:simple-ff-50-100/epoch-147.pkl
2017-01-24 09:28:56,329 INFO     epoch: 147 took 117.288s (82.969s in batching)
training loss:	0.584238
validation loss:	0.606571
validation error:	0.328248
2017-01-24 09:28:56,337 INFO     Wrote output to trainNN/out/v043-unified:simple-ff-50-100/config.json
2017-01-24 09:30:42,698 INFO     Saving network params to trainNN/out/v043-unified:simple-ff-50-100/epoch-148.pkl
2017-01-24 09:30:53,430 INFO     epoch: 148 took 117.100s (82.775s in batching)
training loss:	0.584266
validation loss:	0.612559
validation error:	0.331509
2017-01-24 09:30:53,438 INFO     Wrote output to trainNN/out/v043-unified:simple-ff-50-100/config.json
2017-01-24 09:32:39,420 INFO     Saving network params to trainNN/out/v043-unified:simple-ff-50-100/epoch-149.pkl
2017-01-24 09:32:50,136 INFO     epoch: 149 took 116.707s (82.726s in batching)
training loss:	0.584466
validation loss:	0.609649
validation error:	0.328912
2017-01-24 09:32:50,144 INFO     Wrote output to trainNN/out/v043-unified:simple-ff-50-100/config.json
2017-01-24 09:34:36,350 INFO     Saving network params to trainNN/out/v043-unified:simple-ff-50-100/epoch-150.pkl
2017-01-24 09:34:47,218 INFO     epoch: 150 took 117.081s (82.940s in batching)
training loss:	0.584298
validation loss:	0.610824
validation error:	0.330969
2017-01-24 09:34:47,225 INFO     Wrote output to trainNN/out/v043-unified:simple-ff-50-100/config.json
2017-01-24 09:36:33,358 INFO     Saving network params to trainNN/out/v043-unified:simple-ff-50-100/epoch-151.pkl
2017-01-24 09:36:44,001 INFO     epoch: 151 took 116.783s (82.924s in batching)
training loss:	0.584374
validation loss:	0.611427
validation error:	0.332347
2017-01-24 09:36:44,010 INFO     Wrote output to trainNN/out/v043-unified:simple-ff-50-100/config.json
2017-01-24 09:38:30,956 INFO     Saving network params to trainNN/out/v043-unified:simple-ff-50-100/epoch-152.pkl
2017-01-24 09:38:41,951 INFO     epoch: 152 took 117.950s (83.385s in batching)
training loss:	0.584293
validation loss:	0.611094
validation error:	0.331296
2017-01-24 09:38:41,959 INFO     Wrote output to trainNN/out/v043-unified:simple-ff-50-100/config.json
2017-01-24 09:40:28,506 INFO     Saving network params to trainNN/out/v043-unified:simple-ff-50-100/epoch-153.pkl
2017-01-24 09:40:39,207 INFO     epoch: 153 took 117.256s (83.206s in batching)
training loss:	0.584281
validation loss:	0.606998
validation error:	0.327494
2017-01-24 09:40:39,215 INFO     Wrote output to trainNN/out/v043-unified:simple-ff-50-100/config.json
2017-01-24 09:42:26,707 INFO     Saving network params to trainNN/out/v043-unified:simple-ff-50-100/epoch-154.pkl
2017-01-24 09:42:37,628 INFO     epoch: 154 took 118.421s (83.693s in batching)
training loss:	0.584188
validation loss:	0.610874
validation error:	0.330478
2017-01-24 09:42:37,636 INFO     Wrote output to trainNN/out/v043-unified:simple-ff-50-100/config.json
2017-01-24 09:44:24,023 INFO     Saving network params to trainNN/out/v043-unified:simple-ff-50-100/epoch-155.pkl
2017-01-24 09:44:34,983 INFO     epoch: 155 took 117.355s (83.233s in batching)
training loss:	0.584308
validation loss:	0.606950
validation error:	0.326399
2017-01-24 09:44:34,991 INFO     Wrote output to trainNN/out/v043-unified:simple-ff-50-100/config.json
2017-01-24 09:46:21,451 INFO     Saving network params to trainNN/out/v043-unified:simple-ff-50-100/epoch-156.pkl
2017-01-24 09:46:32,385 INFO     epoch: 156 took 117.402s (82.930s in batching)
training loss:	0.584263
validation loss:	0.606134
validation error:	0.327549
2017-01-24 09:46:32,392 INFO     Wrote output to trainNN/out/v043-unified:simple-ff-50-100/config.json
2017-01-24 09:48:18,509 INFO     Saving network params to trainNN/out/v043-unified:simple-ff-50-100/epoch-157.pkl
2017-01-24 09:48:29,561 INFO     epoch: 157 took 117.177s (82.635s in batching)
training loss:	0.584094
validation loss:	0.617377
validation error:	0.335014
2017-01-24 09:48:29,569 INFO     Wrote output to trainNN/out/v043-unified:simple-ff-50-100/config.json
2017-01-24 09:50:16,142 INFO     Saving network params to trainNN/out/v043-unified:simple-ff-50-100/epoch-158.pkl
2017-01-24 09:50:26,995 INFO     epoch: 158 took 117.434s (83.202s in batching)
training loss:	0.584134
validation loss:	0.612886
validation error:	0.328426
2017-01-24 09:50:27,004 INFO     Wrote output to trainNN/out/v043-unified:simple-ff-50-100/config.json
2017-01-24 09:52:13,221 INFO     Saving network params to trainNN/out/v043-unified:simple-ff-50-100/epoch-159.pkl
2017-01-24 09:52:24,226 INFO     epoch: 159 took 117.230s (82.721s in batching)
training loss:	0.584226
validation loss:	0.609997
validation error:	0.329730
2017-01-24 09:52:24,235 INFO     Wrote output to trainNN/out/v043-unified:simple-ff-50-100/config.json
2017-01-24 09:54:11,355 INFO     Saving network params to trainNN/out/v043-unified:simple-ff-50-100/epoch-160.pkl
2017-01-24 09:54:22,217 INFO     epoch: 160 took 117.991s (83.625s in batching)
training loss:	0.584042
validation loss:	0.607765
validation error:	0.327430
2017-01-24 09:54:22,227 INFO     Wrote output to trainNN/out/v043-unified:simple-ff-50-100/config.json
2017-01-24 09:56:08,811 INFO     Saving network params to trainNN/out/v043-unified:simple-ff-50-100/epoch-161.pkl
2017-01-24 09:56:19,586 INFO     epoch: 161 took 117.369s (83.050s in batching)
training loss:	0.584070
validation loss:	0.614062
validation error:	0.328426
2017-01-24 09:56:19,594 INFO     Wrote output to trainNN/out/v043-unified:simple-ff-50-100/config.json
2017-01-24 09:58:06,623 INFO     Saving network params to trainNN/out/v043-unified:simple-ff-50-100/epoch-162.pkl
2017-01-24 09:58:17,547 INFO     epoch: 162 took 117.961s (83.173s in batching)
training loss:	0.583961
validation loss:	0.605931
validation error:	0.325556
2017-01-24 09:58:17,555 INFO     Wrote output to trainNN/out/v043-unified:simple-ff-50-100/config.json
2017-01-24 10:00:04,974 INFO     Saving network params to trainNN/out/v043-unified:simple-ff-50-100/epoch-163.pkl
2017-01-24 10:00:15,942 INFO     epoch: 163 took 118.396s (83.713s in batching)
training loss:	0.584110
validation loss:	0.606229
validation error:	0.325829
2017-01-24 10:00:15,951 INFO     Wrote output to trainNN/out/v043-unified:simple-ff-50-100/config.json
2017-01-24 10:02:02,421 INFO     Saving network params to trainNN/out/v043-unified:simple-ff-50-100/epoch-164.pkl
2017-01-24 10:02:13,320 INFO     epoch: 164 took 117.378s (83.108s in batching)
training loss:	0.584067
validation loss:	0.609389
validation error:	0.329026
2017-01-24 10:02:13,328 INFO     Wrote output to trainNN/out/v043-unified:simple-ff-50-100/config.json
2017-01-24 10:04:00,154 INFO     Saving network params to trainNN/out/v043-unified:simple-ff-50-100/epoch-165.pkl
2017-01-24 10:04:11,122 INFO     epoch: 165 took 117.802s (83.204s in batching)
training loss:	0.583991
validation loss:	0.607364
validation error:	0.326672
2017-01-24 10:04:11,130 INFO     Wrote output to trainNN/out/v043-unified:simple-ff-50-100/config.json
2017-01-24 10:05:57,485 INFO     Saving network params to trainNN/out/v043-unified:simple-ff-50-100/epoch-166.pkl
2017-01-24 10:06:08,469 INFO     epoch: 166 took 117.347s (82.888s in batching)
training loss:	0.584011
validation loss:	0.604713
validation error:	0.323911
2017-01-24 10:06:08,478 INFO     Wrote output to trainNN/out/v043-unified:simple-ff-50-100/config.json
2017-01-24 10:07:54,868 INFO     Saving network params to trainNN/out/v043-unified:simple-ff-50-100/epoch-167.pkl
2017-01-24 10:08:05,834 INFO     epoch: 167 took 117.364s (82.871s in batching)
training loss:	0.584018
validation loss:	0.609739
validation error:	0.326339
2017-01-24 10:08:05,842 INFO     Wrote output to trainNN/out/v043-unified:simple-ff-50-100/config.json
2017-01-24 10:09:52,616 INFO     Saving network params to trainNN/out/v043-unified:simple-ff-50-100/epoch-168.pkl
2017-01-24 10:10:03,612 INFO     epoch: 168 took 117.779s (83.221s in batching)
training loss:	0.584022
validation loss:	0.606869
validation error:	0.326954
2017-01-24 10:10:03,620 INFO     Wrote output to trainNN/out/v043-unified:simple-ff-50-100/config.json
2017-01-24 10:11:50,435 INFO     Saving network params to trainNN/out/v043-unified:simple-ff-50-100/epoch-169.pkl
2017-01-24 10:12:01,235 INFO     epoch: 169 took 117.623s (83.185s in batching)
training loss:	0.583953
validation loss:	0.606712
validation error:	0.325893
2017-01-24 10:12:01,245 INFO     Wrote output to trainNN/out/v043-unified:simple-ff-50-100/config.json
2017-01-24 10:13:48,187 INFO     Saving network params to trainNN/out/v043-unified:simple-ff-50-100/epoch-170.pkl
2017-01-24 10:13:59,251 INFO     epoch: 170 took 118.016s (83.042s in batching)
training loss:	0.584000
validation loss:	0.608141
validation error:	0.329442
2017-01-24 10:13:59,260 INFO     Wrote output to trainNN/out/v043-unified:simple-ff-50-100/config.json
2017-01-24 10:15:45,693 INFO     Saving network params to trainNN/out/v043-unified:simple-ff-50-100/epoch-171.pkl
2017-01-24 10:15:56,742 INFO     epoch: 171 took 117.490s (82.819s in batching)
training loss:	0.584004
validation loss:	0.607545
validation error:	0.327004
2017-01-24 10:15:56,750 INFO     Wrote output to trainNN/out/v043-unified:simple-ff-50-100/config.json
2017-01-24 10:17:43,004 INFO     Saving network params to trainNN/out/v043-unified:simple-ff-50-100/epoch-172.pkl
2017-01-24 10:17:53,856 INFO     epoch: 172 took 117.114s (82.690s in batching)
training loss:	0.583907
validation loss:	0.607717
validation error:	0.326954
2017-01-24 10:17:53,866 INFO     Wrote output to trainNN/out/v043-unified:simple-ff-50-100/config.json
2017-01-24 10:19:41,088 INFO     Saving network params to trainNN/out/v043-unified:simple-ff-50-100/epoch-173.pkl
2017-01-24 10:19:52,055 INFO     epoch: 173 took 118.199s (83.264s in batching)
training loss:	0.583948
validation loss:	0.607088
validation error:	0.325636
2017-01-24 10:19:52,063 INFO     Wrote output to trainNN/out/v043-unified:simple-ff-50-100/config.json
2017-01-24 10:21:38,085 INFO     Saving network params to trainNN/out/v043-unified:simple-ff-50-100/epoch-174.pkl
2017-01-24 10:21:48,852 INFO     epoch: 174 took 116.797s (82.497s in batching)
training loss:	0.583797
validation loss:	0.606856
validation error:	0.326820
2017-01-24 10:21:48,861 INFO     Wrote output to trainNN/out/v043-unified:simple-ff-50-100/config.json
2017-01-24 10:23:35,255 INFO     Saving network params to trainNN/out/v043-unified:simple-ff-50-100/epoch-175.pkl
2017-01-24 10:23:46,024 INFO     epoch: 175 took 117.172s (82.667s in batching)
training loss:	0.583932
validation loss:	0.606691
validation error:	0.326017
2017-01-24 10:23:46,032 INFO     Wrote output to trainNN/out/v043-unified:simple-ff-50-100/config.json
2017-01-24 10:25:32,498 INFO     Saving network params to trainNN/out/v043-unified:simple-ff-50-100/epoch-176.pkl
2017-01-24 10:25:43,224 INFO     epoch: 176 took 117.201s (82.853s in batching)
training loss:	0.583855
validation loss:	0.609766
validation error:	0.330543
2017-01-24 10:25:43,232 INFO     Wrote output to trainNN/out/v043-unified:simple-ff-50-100/config.json
2017-01-24 10:27:30,076 INFO     Saving network params to trainNN/out/v043-unified:simple-ff-50-100/epoch-177.pkl
2017-01-24 10:27:40,955 INFO     epoch: 177 took 117.731s (82.915s in batching)
training loss:	0.583868
validation loss:	0.617143
validation error:	0.335598
2017-01-24 10:27:40,964 INFO     Wrote output to trainNN/out/v043-unified:simple-ff-50-100/config.json
2017-01-24 10:29:28,335 INFO     Saving network params to trainNN/out/v043-unified:simple-ff-50-100/epoch-178.pkl
2017-01-24 10:29:39,185 INFO     epoch: 178 took 118.230s (83.567s in batching)
training loss:	0.583848
validation loss:	0.607744
validation error:	0.327346
2017-01-24 10:29:39,194 INFO     Wrote output to trainNN/out/v043-unified:simple-ff-50-100/config.json
2017-01-24 10:31:25,791 INFO     Saving network params to trainNN/out/v043-unified:simple-ff-50-100/epoch-179.pkl
2017-01-24 10:31:36,531 INFO     epoch: 179 took 117.346s (82.615s in batching)
training loss:	0.583866
validation loss:	0.613331
validation error:	0.330796
2017-01-24 10:31:36,540 INFO     Wrote output to trainNN/out/v043-unified:simple-ff-50-100/config.json
2017-01-24 10:33:23,196 INFO     Saving network params to trainNN/out/v043-unified:simple-ff-50-100/epoch-180.pkl
2017-01-24 10:33:34,315 INFO     epoch: 180 took 117.784s (82.964s in batching)
training loss:	0.583912
validation loss:	0.609029
validation error:	0.327242
2017-01-24 10:33:34,324 INFO     Wrote output to trainNN/out/v043-unified:simple-ff-50-100/config.json
2017-01-24 10:35:21,085 INFO     Saving network params to trainNN/out/v043-unified:simple-ff-50-100/epoch-181.pkl
2017-01-24 10:35:31,980 INFO     epoch: 181 took 117.665s (82.942s in batching)
training loss:	0.583911
validation loss:	0.610673
validation error:	0.326820
2017-01-24 10:35:31,989 INFO     Wrote output to trainNN/out/v043-unified:simple-ff-50-100/config.json
2017-01-24 10:37:18,634 INFO     Saving network params to trainNN/out/v043-unified:simple-ff-50-100/epoch-182.pkl
2017-01-24 10:37:29,619 INFO     epoch: 182 took 117.639s (82.951s in batching)
training loss:	0.583781
validation loss:	0.609515
validation error:	0.325502
2017-01-24 10:37:29,628 INFO     Wrote output to trainNN/out/v043-unified:simple-ff-50-100/config.json
2017-01-24 10:39:16,743 INFO     Saving network params to trainNN/out/v043-unified:simple-ff-50-100/epoch-183.pkl
2017-01-24 10:39:27,491 INFO     epoch: 183 took 117.872s (83.028s in batching)
training loss:	0.583804
validation loss:	0.613472
validation error:	0.326890
2017-01-24 10:39:27,501 INFO     Wrote output to trainNN/out/v043-unified:simple-ff-50-100/config.json
2017-01-24 10:41:14,840 INFO     Saving network params to trainNN/out/v043-unified:simple-ff-50-100/epoch-184.pkl
2017-01-24 10:41:25,711 INFO     epoch: 184 took 118.220s (83.640s in batching)
training loss:	0.583834
validation loss:	0.610044
validation error:	0.326820
2017-01-24 10:41:25,719 INFO     Wrote output to trainNN/out/v043-unified:simple-ff-50-100/config.json
2017-01-24 10:43:12,429 INFO     Saving network params to trainNN/out/v043-unified:simple-ff-50-100/epoch-185.pkl
2017-01-24 10:43:23,440 INFO     epoch: 185 took 117.729s (82.812s in batching)
training loss:	0.583781
validation loss:	0.609153
validation error:	0.328634
2017-01-24 10:43:23,451 INFO     Wrote output to trainNN/out/v043-unified:simple-ff-50-100/config.json
2017-01-24 10:45:09,605 INFO     Saving network params to trainNN/out/v043-unified:simple-ff-50-100/epoch-186.pkl
2017-01-24 10:45:20,320 INFO     epoch: 186 took 116.879s (82.585s in batching)
training loss:	0.583726
validation loss:	0.610389
validation error:	0.324976
2017-01-24 10:45:20,329 INFO     Wrote output to trainNN/out/v043-unified:simple-ff-50-100/config.json
2017-01-24 10:47:06,172 INFO     Saving network params to trainNN/out/v043-unified:simple-ff-50-100/epoch-187.pkl
2017-01-24 10:47:16,590 INFO     epoch: 187 took 116.270s (82.451s in batching)
training loss:	0.583699
validation loss:	0.606192
validation error:	0.326017
2017-01-24 10:47:16,600 INFO     Wrote output to trainNN/out/v043-unified:simple-ff-50-100/config.json
2017-01-24 10:49:01,732 INFO     Saving network params to trainNN/out/v043-unified:simple-ff-50-100/epoch-188.pkl
2017-01-24 10:49:12,787 INFO     epoch: 188 took 116.197s (82.095s in batching)
training loss:	0.583825
validation loss:	0.609794
validation error:	0.327133
2017-01-24 10:49:12,796 INFO     Wrote output to trainNN/out/v043-unified:simple-ff-50-100/config.json
2017-01-24 10:50:59,048 INFO     Saving network params to trainNN/out/v043-unified:simple-ff-50-100/epoch-189.pkl
2017-01-24 10:51:09,626 INFO     epoch: 189 took 116.839s (82.854s in batching)
training loss:	0.583729
validation loss:	0.611570
validation error:	0.324798
2017-01-24 10:51:09,636 INFO     Wrote output to trainNN/out/v043-unified:simple-ff-50-100/config.json
2017-01-24 10:52:55,211 INFO     Saving network params to trainNN/out/v043-unified:simple-ff-50-100/epoch-190.pkl
2017-01-24 10:53:06,413 INFO     epoch: 190 took 116.787s (82.444s in batching)
training loss:	0.583615
validation loss:	0.608001
validation error:	0.327232
2017-01-24 10:53:06,422 INFO     Wrote output to trainNN/out/v043-unified:simple-ff-50-100/config.json
2017-01-24 10:54:52,784 INFO     Saving network params to trainNN/out/v043-unified:simple-ff-50-100/epoch-191.pkl
2017-01-24 10:55:03,719 INFO     epoch: 191 took 117.306s (82.821s in batching)
training loss:	0.583721
validation loss:	0.610825
validation error:	0.327717
2017-01-24 10:55:03,728 INFO     Wrote output to trainNN/out/v043-unified:simple-ff-50-100/config.json
2017-01-24 10:56:49,343 INFO     Saving network params to trainNN/out/v043-unified:simple-ff-50-100/epoch-192.pkl
2017-01-24 10:57:00,248 INFO     epoch: 192 took 116.529s (82.514s in batching)
training loss:	0.583559
validation loss:	0.608763
validation error:	0.325824
2017-01-24 10:57:00,257 INFO     Wrote output to trainNN/out/v043-unified:simple-ff-50-100/config.json
2017-01-24 10:58:47,322 INFO     Saving network params to trainNN/out/v043-unified:simple-ff-50-100/epoch-193.pkl
2017-01-24 10:58:58,032 INFO     epoch: 193 took 117.784s (83.214s in batching)
training loss:	0.583627
validation loss:	0.607939
validation error:	0.326662
2017-01-24 10:58:58,041 INFO     Wrote output to trainNN/out/v043-unified:simple-ff-50-100/config.json
2017-01-24 11:00:44,281 INFO     Saving network params to trainNN/out/v043-unified:simple-ff-50-100/epoch-194.pkl
2017-01-24 11:00:55,130 INFO     epoch: 194 took 117.099s (82.794s in batching)
training loss:	0.583624
validation loss:	0.612536
validation error:	0.328773
2017-01-24 11:00:55,139 INFO     Wrote output to trainNN/out/v043-unified:simple-ff-50-100/config.json
2017-01-24 11:02:41,824 INFO     Saving network params to trainNN/out/v043-unified:simple-ff-50-100/epoch-195.pkl
2017-01-24 11:02:52,572 INFO     epoch: 195 took 117.442s (82.778s in batching)
training loss:	0.583700
validation loss:	0.607932
validation error:	0.326161
2017-01-24 11:02:52,581 INFO     Wrote output to trainNN/out/v043-unified:simple-ff-50-100/config.json
2017-01-24 11:04:39,555 INFO     Saving network params to trainNN/out/v043-unified:simple-ff-50-100/epoch-196.pkl
2017-01-24 11:04:50,533 INFO     epoch: 196 took 117.961s (83.267s in batching)
training loss:	0.583677
validation loss:	0.611605
validation error:	0.330905
2017-01-24 11:04:50,544 INFO     Wrote output to trainNN/out/v043-unified:simple-ff-50-100/config.json
2017-01-24 11:06:36,779 INFO     Saving network params to trainNN/out/v043-unified:simple-ff-50-100/epoch-197.pkl
2017-01-24 11:06:47,347 INFO     epoch: 197 took 116.813s (82.894s in batching)
training loss:	0.583570
validation loss:	0.606587
validation error:	0.327405
2017-01-24 11:06:47,356 INFO     Wrote output to trainNN/out/v043-unified:simple-ff-50-100/config.json
2017-01-24 11:08:31,621 INFO     Saving network params to trainNN/out/v043-unified:simple-ff-50-100/epoch-198.pkl
2017-01-24 11:08:41,709 INFO     epoch: 198 took 114.363s (81.595s in batching)
training loss:	0.583576
validation loss:	0.609033
validation error:	0.327717
2017-01-24 11:08:41,720 INFO     Wrote output to trainNN/out/v043-unified:simple-ff-50-100/config.json
2017-01-24 11:10:27,080 INFO     Saving network params to trainNN/out/v043-unified:simple-ff-50-100/epoch-199.pkl
2017-01-24 11:10:37,873 INFO     epoch: 199 took 116.163s (82.342s in batching)
training loss:	0.583603
validation loss:	0.609357
validation error:	0.327058
2017-01-24 11:10:37,883 INFO     Wrote output to trainNN/out/v043-unified:simple-ff-50-100/config.json
