2017-01-18 21:42:28 >>> version=v039-lstm-sgd-train-history
2017-01-18 21:42:28 >>> loading numpy file extract_pfiles_python/out/v038-lstm-online-sgd-1-14-g3e63d2d-dirty/train.input.npz
2017-01-18 21:42:29 >>> loading numpy file extract_pfiles_python/out/v038-lstm-online-sgd-1-14-g3e63d2d-dirty/train.output.npz
2017-01-18 21:42:29 >>> loading numpy file extract_pfiles_python/out/v038-lstm-online-sgd-1-14-g3e63d2d-dirty/validate.input.npz
2017-01-18 21:42:29 >>> loading numpy file extract_pfiles_python/out/v038-lstm-online-sgd-1-14-g3e63d2d-dirty/validate.output.npz
2017-01-18 21:42:29 >>> Training network with 71952 trainable out of 72252 total params.
2017-01-18 21:42:29 >>> Using sgd with learning_rate=1.000000
2017-01-18 21:42:29 >>> Compiling theano functions...
2017-01-18 21:42:40 >>> Starting training...
2017-01-18 21:43:33 >>> Saving network params to trainNN/out/v039-lstm-sgd-train-history/epoch-000.pkl
2017-01-18 21:43:35 >>> epoch: 0 took 54.522s
training loss:	0.693035
validation loss:	0.691351
validation error:	0.476171
2017-01-18 21:43:35 >>> Wrote output to trainNN/out/v039-lstm-sgd-train-history/config.json
2017-01-18 21:44:28 >>> Saving network params to trainNN/out/v039-lstm-sgd-train-history/epoch-001.pkl
2017-01-18 21:44:29 >>> epoch: 1 took 54.462s
training loss:	0.687766
validation loss:	0.682969
validation error:	0.444511
2017-01-18 21:44:29 >>> Wrote output to trainNN/out/v039-lstm-sgd-train-history/config.json
2017-01-18 21:45:22 >>> Saving network params to trainNN/out/v039-lstm-sgd-train-history/epoch-002.pkl
2017-01-18 21:45:24 >>> epoch: 2 took 54.441s
training loss:	0.688090
validation loss:	0.693500
validation error:	0.501319
2017-01-18 21:45:24 >>> Wrote output to trainNN/out/v039-lstm-sgd-train-history/config.json
2017-01-18 21:46:17 >>> Saving network params to trainNN/out/v039-lstm-sgd-train-history/epoch-003.pkl
2017-01-18 21:46:18 >>> epoch: 3 took 54.391s
training loss:	0.691023
validation loss:	0.691928
validation error:	0.473118
2017-01-18 21:46:18 >>> Wrote output to trainNN/out/v039-lstm-sgd-train-history/config.json
2017-01-18 21:47:11 >>> Saving network params to trainNN/out/v039-lstm-sgd-train-history/epoch-004.pkl
2017-01-18 21:47:13 >>> epoch: 4 took 54.951s
training loss:	0.691225
validation loss:	0.689692
validation error:	0.468428
2017-01-18 21:47:13 >>> Wrote output to trainNN/out/v039-lstm-sgd-train-history/config.json
2017-01-18 21:48:06 >>> Saving network params to trainNN/out/v039-lstm-sgd-train-history/epoch-005.pkl
2017-01-18 21:48:08 >>> epoch: 5 took 54.572s
training loss:	0.681944
validation loss:	0.678102
validation error:	0.428207
2017-01-18 21:48:08 >>> Wrote output to trainNN/out/v039-lstm-sgd-train-history/config.json
2017-01-18 21:49:00 >>> Saving network params to trainNN/out/v039-lstm-sgd-train-history/epoch-006.pkl
2017-01-18 21:49:02 >>> epoch: 6 took 54.218s
training loss:	0.676139
validation loss:	0.672694
validation error:	0.418530
2017-01-18 21:49:02 >>> Wrote output to trainNN/out/v039-lstm-sgd-train-history/config.json
2017-01-18 21:49:55 >>> Saving network params to trainNN/out/v039-lstm-sgd-train-history/epoch-007.pkl
2017-01-18 21:49:56 >>> epoch: 7 took 54.174s
training loss:	0.672891
validation loss:	0.674304
validation error:	0.423163
2017-01-18 21:49:56 >>> Wrote output to trainNN/out/v039-lstm-sgd-train-history/config.json
2017-01-18 21:50:49 >>> Saving network params to trainNN/out/v039-lstm-sgd-train-history/epoch-008.pkl
2017-01-18 21:50:50 >>> epoch: 8 took 54.307s
training loss:	0.671308
validation loss:	0.674361
validation error:	0.427945
2017-01-18 21:50:50 >>> Wrote output to trainNN/out/v039-lstm-sgd-train-history/config.json
2017-01-18 21:51:43 >>> Saving network params to trainNN/out/v039-lstm-sgd-train-history/epoch-009.pkl
2017-01-18 21:51:45 >>> epoch: 9 took 54.558s
training loss:	0.669399
validation loss:	0.667104
validation error:	0.411843
2017-01-18 21:51:45 >>> Wrote output to trainNN/out/v039-lstm-sgd-train-history/config.json
2017-01-18 21:52:40 >>> Saving network params to trainNN/out/v039-lstm-sgd-train-history/epoch-010.pkl
2017-01-18 21:52:42 >>> epoch: 10 took 56.805s
training loss:	0.668254
validation loss:	0.670204
validation error:	0.415418
2017-01-18 21:52:42 >>> Wrote output to trainNN/out/v039-lstm-sgd-train-history/config.json
2017-01-18 21:53:35 >>> Saving network params to trainNN/out/v039-lstm-sgd-train-history/epoch-011.pkl
2017-01-18 21:53:36 >>> epoch: 11 took 54.400s
training loss:	0.666772
validation loss:	0.664352
validation error:	0.408198
2017-01-18 21:53:36 >>> Wrote output to trainNN/out/v039-lstm-sgd-train-history/config.json
2017-01-18 21:54:29 >>> Saving network params to trainNN/out/v039-lstm-sgd-train-history/epoch-012.pkl
2017-01-18 21:54:31 >>> epoch: 12 took 54.466s
training loss:	0.665665
validation loss:	0.663361
validation error:	0.404320
2017-01-18 21:54:31 >>> Wrote output to trainNN/out/v039-lstm-sgd-train-history/config.json
2017-01-18 21:55:24 >>> Saving network params to trainNN/out/v039-lstm-sgd-train-history/epoch-013.pkl
2017-01-18 21:55:26 >>> epoch: 13 took 55.388s
training loss:	0.664562
validation loss:	0.668802
validation error:	0.414891
2017-01-18 21:55:26 >>> Wrote output to trainNN/out/v039-lstm-sgd-train-history/config.json
2017-01-18 21:56:19 >>> Saving network params to trainNN/out/v039-lstm-sgd-train-history/epoch-014.pkl
2017-01-18 21:56:21 >>> epoch: 14 took 54.670s
training loss:	0.663481
validation loss:	0.659863
validation error:	0.400453
2017-01-18 21:56:21 >>> Wrote output to trainNN/out/v039-lstm-sgd-train-history/config.json
2017-01-18 21:57:13 >>> Saving network params to trainNN/out/v039-lstm-sgd-train-history/epoch-015.pkl
2017-01-18 21:57:15 >>> epoch: 15 took 54.068s
training loss:	0.662510
validation loss:	0.667759
validation error:	0.409860
2017-01-18 21:57:15 >>> Wrote output to trainNN/out/v039-lstm-sgd-train-history/config.json
2017-01-18 21:58:07 >>> Saving network params to trainNN/out/v039-lstm-sgd-train-history/epoch-016.pkl
2017-01-18 21:58:09 >>> epoch: 16 took 54.008s
training loss:	0.661207
validation loss:	0.664624
validation error:	0.406229
2017-01-18 21:58:09 >>> Wrote output to trainNN/out/v039-lstm-sgd-train-history/config.json
2017-01-18 21:59:01 >>> Saving network params to trainNN/out/v039-lstm-sgd-train-history/epoch-017.pkl
2017-01-18 21:59:03 >>> epoch: 17 took 53.924s
training loss:	0.660442
validation loss:	0.665312
validation error:	0.407054
2017-01-18 21:59:03 >>> Wrote output to trainNN/out/v039-lstm-sgd-train-history/config.json
2017-01-18 21:59:55 >>> Saving network params to trainNN/out/v039-lstm-sgd-train-history/epoch-018.pkl
2017-01-18 21:59:57 >>> epoch: 18 took 53.981s
training loss:	0.659009
validation loss:	0.655858
validation error:	0.396498
2017-01-18 21:59:57 >>> Wrote output to trainNN/out/v039-lstm-sgd-train-history/config.json
2017-01-18 22:00:49 >>> Saving network params to trainNN/out/v039-lstm-sgd-train-history/epoch-019.pkl
2017-01-18 22:00:51 >>> epoch: 19 took 54.285s
training loss:	0.657867
validation loss:	0.658003
validation error:	0.397096
2017-01-18 22:00:51 >>> Wrote output to trainNN/out/v039-lstm-sgd-train-history/config.json
2017-01-18 22:01:43 >>> Saving network params to trainNN/out/v039-lstm-sgd-train-history/epoch-020.pkl
2017-01-18 22:01:45 >>> epoch: 20 took 54.043s
training loss:	0.656938
validation loss:	0.658181
validation error:	0.397559
2017-01-18 22:01:45 >>> Wrote output to trainNN/out/v039-lstm-sgd-train-history/config.json
2017-01-18 22:02:37 >>> Saving network params to trainNN/out/v039-lstm-sgd-train-history/epoch-021.pkl
2017-01-18 22:02:39 >>> epoch: 21 took 53.975s
training loss:	0.656009
validation loss:	0.655279
validation error:	0.395920
2017-01-18 22:02:39 >>> Wrote output to trainNN/out/v039-lstm-sgd-train-history/config.json
2017-01-18 22:03:31 >>> Saving network params to trainNN/out/v039-lstm-sgd-train-history/epoch-022.pkl
2017-01-18 22:03:33 >>> epoch: 22 took 54.071s
training loss:	0.654728
validation loss:	0.654671
validation error:	0.395150
2017-01-18 22:03:33 >>> Wrote output to trainNN/out/v039-lstm-sgd-train-history/config.json
2017-01-18 22:04:26 >>> Saving network params to trainNN/out/v039-lstm-sgd-train-history/epoch-023.pkl
2017-01-18 22:04:27 >>> epoch: 23 took 54.144s
training loss:	0.653956
validation loss:	0.651480
validation error:	0.389754
2017-01-18 22:04:27 >>> Wrote output to trainNN/out/v039-lstm-sgd-train-history/config.json
2017-01-18 22:05:20 >>> Saving network params to trainNN/out/v039-lstm-sgd-train-history/epoch-024.pkl
2017-01-18 22:05:21 >>> epoch: 24 took 53.971s
training loss:	0.653353
validation loss:	0.652874
validation error:	0.391975
2017-01-18 22:05:21 >>> Wrote output to trainNN/out/v039-lstm-sgd-train-history/config.json
2017-01-18 22:06:14 >>> Saving network params to trainNN/out/v039-lstm-sgd-train-history/epoch-025.pkl
2017-01-18 22:06:16 >>> epoch: 25 took 54.312s
training loss:	0.652746
validation loss:	0.654514
validation error:	0.394731
2017-01-18 22:06:16 >>> Wrote output to trainNN/out/v039-lstm-sgd-train-history/config.json
2017-01-18 22:07:08 >>> Saving network params to trainNN/out/v039-lstm-sgd-train-history/epoch-026.pkl
2017-01-18 22:07:10 >>> epoch: 26 took 54.448s
training loss:	0.651721
validation loss:	0.652555
validation error:	0.394537
2017-01-18 22:07:10 >>> Wrote output to trainNN/out/v039-lstm-sgd-train-history/config.json
2017-01-18 22:08:02 >>> Saving network params to trainNN/out/v039-lstm-sgd-train-history/epoch-027.pkl
2017-01-18 22:08:04 >>> epoch: 27 took 53.747s
training loss:	0.650891
validation loss:	0.649870
validation error:	0.387500
2017-01-18 22:08:04 >>> Wrote output to trainNN/out/v039-lstm-sgd-train-history/config.json
