2017-01-25 08:31:46,782 DEBUG    version=v045-unified-dirty:simple-ff-ffv-adam-60-60
2017-01-25 08:31:46,797 INFO     Open DBase(data/db/all240302-spk.dat, data/db/all240302-spk.idx, mode='r')
2017-01-25 08:34:40,065 DEBUG    loading cached extracted data from data/cache/extract-17095dffdd75068299ccb5dd895af8ecaa0fbe1575b09b5b1ad4e4febf4d84ae.pickle
2017-01-25 08:34:55,728 DEBUG    set input dim to 9
2017-01-25 08:34:55,904 DEBUG    input dim = 9
2017-01-25 08:34:56,218 DEBUG    shuffling batches
2017-01-25 08:37:57,041 DEBUG    shuffling done
2017-01-25 08:37:57,042 DEBUG    loading data into ram
2017-01-25 08:37:57,180 DEBUG    loading data took 0.138s (cpu: 0.138s)
2017-01-25 08:37:57,756 DEBUG    set input dim to 9
2017-01-25 08:37:57,756 DEBUG    input dim = 9
2017-01-25 08:37:58,167 DEBUG    shuffling batches
2017-01-25 08:38:07,024 DEBUG    shuffling done
2017-01-25 08:38:07,025 DEBUG    loading data into ram
2017-01-25 08:38:07,039 DEBUG    loading data took 0.015s (cpu: 0.015s)
2017-01-25 08:38:07,096 INFO     Training network with 25442 trainable out of 25442 total params.
2017-01-25 08:38:07,179 DEBUG    Using adam with learning_rate=0.001000
2017-01-25 08:38:16,672 DEBUG    Starting training...
2017-01-25 08:39:04,485 INFO     Saving network params to trainNN/out/v045-unified-dirty:simple-ff-ffv-adam-60-60/epoch-000.pkl
2017-01-25 08:39:09,114 INFO     epoch: 0 took 52.441s (0.025s in batching)
training loss:	0.631551
validation loss:	0.620715
validation error:	0.351598
2017-01-25 08:39:09,124 INFO     Wrote output to trainNN/out/v045-unified-dirty:simple-ff-ffv-adam-60-60/config.json
2017-01-25 08:40:33,239 INFO     Saving network params to trainNN/out/v045-unified-dirty:simple-ff-ffv-adam-60-60/epoch-001.pkl
2017-01-25 08:40:36,174 INFO     epoch: 1 took 87.059s (0.021s in batching)
training loss:	0.618202
validation loss:	0.611109
validation error:	0.339861
2017-01-25 08:40:36,175 INFO     Wrote output to trainNN/out/v045-unified-dirty:simple-ff-ffv-adam-60-60/config.json
2017-01-25 08:42:58,967 INFO     Saving network params to trainNN/out/v045-unified-dirty:simple-ff-ffv-adam-60-60/epoch-002.pkl
2017-01-25 08:43:01,178 INFO     epoch: 2 took 145.004s (0.021s in batching)
training loss:	0.612498
validation loss:	0.608519
validation error:	0.337685
2017-01-25 08:43:01,194 INFO     Wrote output to trainNN/out/v045-unified-dirty:simple-ff-ffv-adam-60-60/config.json
2017-01-25 08:43:32,220 INFO     Saving network params to trainNN/out/v045-unified-dirty:simple-ff-ffv-adam-60-60/epoch-003.pkl
2017-01-25 08:43:34,304 INFO     epoch: 3 took 33.127s (0.020s in batching)
training loss:	0.609176
validation loss:	0.605122
validation error:	0.330290
2017-01-25 08:43:34,307 INFO     Wrote output to trainNN/out/v045-unified-dirty:simple-ff-ffv-adam-60-60/config.json
2017-01-25 08:44:09,819 INFO     Saving network params to trainNN/out/v045-unified-dirty:simple-ff-ffv-adam-60-60/epoch-004.pkl
2017-01-25 08:44:12,335 INFO     epoch: 4 took 38.031s (0.020s in batching)
training loss:	0.607198
validation loss:	0.607214
validation error:	0.334691
2017-01-25 08:44:12,338 INFO     Wrote output to trainNN/out/v045-unified-dirty:simple-ff-ffv-adam-60-60/config.json
2017-01-25 08:44:55,370 INFO     Saving network params to trainNN/out/v045-unified-dirty:simple-ff-ffv-adam-60-60/epoch-005.pkl
2017-01-25 08:44:59,310 INFO     epoch: 5 took 46.974s (0.021s in batching)
training loss:	0.605293
validation loss:	0.606092
validation error:	0.333006
2017-01-25 08:44:59,312 INFO     Wrote output to trainNN/out/v045-unified-dirty:simple-ff-ffv-adam-60-60/config.json
2017-01-25 08:45:48,682 INFO     Saving network params to trainNN/out/v045-unified-dirty:simple-ff-ffv-adam-60-60/epoch-006.pkl
2017-01-25 08:45:52,876 INFO     epoch: 6 took 53.566s (0.020s in batching)
training loss:	0.603949
validation loss:	0.603054
validation error:	0.330860
2017-01-25 08:45:52,879 INFO     Wrote output to trainNN/out/v045-unified-dirty:simple-ff-ffv-adam-60-60/config.json
2017-01-25 08:46:43,557 INFO     Saving network params to trainNN/out/v045-unified-dirty:simple-ff-ffv-adam-60-60/epoch-007.pkl
2017-01-25 08:46:47,712 INFO     epoch: 7 took 54.835s (0.022s in batching)
training loss:	0.602642
validation loss:	0.602651
validation error:	0.327742
2017-01-25 08:46:47,714 INFO     Wrote output to trainNN/out/v045-unified-dirty:simple-ff-ffv-adam-60-60/config.json
2017-01-25 08:47:38,596 INFO     Saving network params to trainNN/out/v045-unified-dirty:simple-ff-ffv-adam-60-60/epoch-008.pkl
2017-01-25 08:47:42,731 INFO     epoch: 8 took 55.019s (0.022s in batching)
training loss:	0.601601
validation loss:	0.601967
validation error:	0.328426
2017-01-25 08:47:42,733 INFO     Wrote output to trainNN/out/v045-unified-dirty:simple-ff-ffv-adam-60-60/config.json
2017-01-25 08:48:31,939 INFO     Saving network params to trainNN/out/v045-unified-dirty:simple-ff-ffv-adam-60-60/epoch-009.pkl
2017-01-25 08:48:36,086 INFO     epoch: 9 took 53.355s (0.021s in batching)
training loss:	0.600289
validation loss:	0.600643
validation error:	0.327455
2017-01-25 08:48:36,089 INFO     Wrote output to trainNN/out/v045-unified-dirty:simple-ff-ffv-adam-60-60/config.json
2017-01-25 08:49:25,314 INFO     Saving network params to trainNN/out/v045-unified-dirty:simple-ff-ffv-adam-60-60/epoch-010.pkl
2017-01-25 08:49:29,364 INFO     epoch: 10 took 53.278s (0.021s in batching)
training loss:	0.599672
validation loss:	0.598995
validation error:	0.325051
2017-01-25 08:49:29,377 INFO     Wrote output to trainNN/out/v045-unified-dirty:simple-ff-ffv-adam-60-60/config.json
2017-01-25 08:50:19,140 INFO     Saving network params to trainNN/out/v045-unified-dirty:simple-ff-ffv-adam-60-60/epoch-011.pkl
2017-01-25 08:50:23,167 INFO     epoch: 11 took 53.803s (0.021s in batching)
training loss:	0.598914
validation loss:	0.606719
validation error:	0.335033
2017-01-25 08:50:23,170 INFO     Wrote output to trainNN/out/v045-unified-dirty:simple-ff-ffv-adam-60-60/config.json
2017-01-25 08:51:12,443 INFO     Saving network params to trainNN/out/v045-unified-dirty:simple-ff-ffv-adam-60-60/epoch-012.pkl
2017-01-25 08:51:16,515 INFO     epoch: 12 took 53.348s (0.022s in batching)
training loss:	0.598316
validation loss:	0.601954
validation error:	0.326880
2017-01-25 08:51:16,526 INFO     Wrote output to trainNN/out/v045-unified-dirty:simple-ff-ffv-adam-60-60/config.json
2017-01-25 08:52:04,979 INFO     Saving network params to trainNN/out/v045-unified-dirty:simple-ff-ffv-adam-60-60/epoch-013.pkl
2017-01-25 08:52:09,156 INFO     epoch: 13 took 52.641s (0.020s in batching)
training loss:	0.597910
validation loss:	0.598975
validation error:	0.327450
2017-01-25 08:52:09,159 INFO     Wrote output to trainNN/out/v045-unified-dirty:simple-ff-ffv-adam-60-60/config.json
2017-01-25 08:52:56,724 INFO     Saving network params to trainNN/out/v045-unified-dirty:simple-ff-ffv-adam-60-60/epoch-014.pkl
2017-01-25 08:53:00,562 INFO     epoch: 14 took 51.406s (0.020s in batching)
training loss:	0.597426
validation loss:	0.602488
validation error:	0.326914
2017-01-25 08:53:00,564 INFO     Wrote output to trainNN/out/v045-unified-dirty:simple-ff-ffv-adam-60-60/config.json
2017-01-25 08:53:48,179 INFO     Saving network params to trainNN/out/v045-unified-dirty:simple-ff-ffv-adam-60-60/epoch-015.pkl
2017-01-25 08:53:52,053 INFO     epoch: 15 took 51.491s (0.019s in batching)
training loss:	0.597046
validation loss:	0.605237
validation error:	0.330825
2017-01-25 08:53:52,064 INFO     Wrote output to trainNN/out/v045-unified-dirty:simple-ff-ffv-adam-60-60/config.json
2017-01-25 08:54:40,348 INFO     Saving network params to trainNN/out/v045-unified-dirty:simple-ff-ffv-adam-60-60/epoch-016.pkl
2017-01-25 08:54:44,236 INFO     epoch: 16 took 52.183s (0.021s in batching)
training loss:	0.596571
validation loss:	0.598607
validation error:	0.323871
2017-01-25 08:54:44,249 INFO     Wrote output to trainNN/out/v045-unified-dirty:simple-ff-ffv-adam-60-60/config.json
2017-01-25 08:55:28,625 INFO     Saving network params to trainNN/out/v045-unified-dirty:simple-ff-ffv-adam-60-60/epoch-017.pkl
2017-01-25 08:55:32,179 INFO     epoch: 17 took 47.943s (0.021s in batching)
training loss:	0.596276
validation loss:	0.598204
validation error:	0.325457
2017-01-25 08:55:32,182 INFO     Wrote output to trainNN/out/v045-unified-dirty:simple-ff-ffv-adam-60-60/config.json
2017-01-25 08:56:16,291 INFO     Saving network params to trainNN/out/v045-unified-dirty:simple-ff-ffv-adam-60-60/epoch-018.pkl
2017-01-25 08:56:19,810 INFO     epoch: 18 took 47.632s (0.021s in batching)
training loss:	0.595913
validation loss:	0.598493
validation error:	0.323757
2017-01-25 08:56:19,813 INFO     Wrote output to trainNN/out/v045-unified-dirty:simple-ff-ffv-adam-60-60/config.json
2017-01-25 08:57:05,631 INFO     Saving network params to trainNN/out/v045-unified-dirty:simple-ff-ffv-adam-60-60/epoch-019.pkl
2017-01-25 08:57:09,882 INFO     epoch: 19 took 50.071s (0.021s in batching)
training loss:	0.595439
validation loss:	0.600706
validation error:	0.327826
2017-01-25 08:57:09,885 INFO     Wrote output to trainNN/out/v045-unified-dirty:simple-ff-ffv-adam-60-60/config.json
2017-01-25 08:58:08,438 INFO     Saving network params to trainNN/out/v045-unified-dirty:simple-ff-ffv-adam-60-60/epoch-020.pkl
2017-01-25 08:58:13,446 INFO     epoch: 20 took 63.565s (0.021s in batching)
training loss:	0.595544
validation loss:	0.599745
validation error:	0.324144
2017-01-25 08:58:13,449 INFO     Wrote output to trainNN/out/v045-unified-dirty:simple-ff-ffv-adam-60-60/config.json
2017-01-25 08:59:12,195 INFO     Saving network params to trainNN/out/v045-unified-dirty:simple-ff-ffv-adam-60-60/epoch-021.pkl
2017-01-25 08:59:17,181 INFO     epoch: 21 took 63.735s (0.023s in batching)
training loss:	0.595074
validation loss:	0.602763
validation error:	0.325180
2017-01-25 08:59:17,184 INFO     Wrote output to trainNN/out/v045-unified-dirty:simple-ff-ffv-adam-60-60/config.json
2017-01-25 09:00:16,818 INFO     Saving network params to trainNN/out/v045-unified-dirty:simple-ff-ffv-adam-60-60/epoch-022.pkl
2017-01-25 09:00:21,853 INFO     epoch: 22 took 64.672s (0.022s in batching)
training loss:	0.594815
validation loss:	0.599278
validation error:	0.324520
2017-01-25 09:00:21,856 INFO     Wrote output to trainNN/out/v045-unified-dirty:simple-ff-ffv-adam-60-60/config.json
2017-01-25 09:01:20,948 INFO     Saving network params to trainNN/out/v045-unified-dirty:simple-ff-ffv-adam-60-60/epoch-023.pkl
2017-01-25 09:01:25,953 INFO     epoch: 23 took 64.100s (0.023s in batching)
training loss:	0.594610
validation loss:	0.600222
validation error:	0.326815
2017-01-25 09:01:25,956 INFO     Wrote output to trainNN/out/v045-unified-dirty:simple-ff-ffv-adam-60-60/config.json
2017-01-25 09:02:25,538 INFO     Saving network params to trainNN/out/v045-unified-dirty:simple-ff-ffv-adam-60-60/epoch-024.pkl
2017-01-25 09:02:30,543 INFO     epoch: 24 took 64.589s (0.021s in batching)
training loss:	0.594438
validation loss:	0.597421
validation error:	0.324188
2017-01-25 09:02:30,546 INFO     Wrote output to trainNN/out/v045-unified-dirty:simple-ff-ffv-adam-60-60/config.json
2017-01-25 09:03:29,409 INFO     Saving network params to trainNN/out/v045-unified-dirty:simple-ff-ffv-adam-60-60/epoch-025.pkl
2017-01-25 09:03:34,361 INFO     epoch: 25 took 63.818s (0.023s in batching)
training loss:	0.594495
validation loss:	0.598512
validation error:	0.323261
2017-01-25 09:03:34,364 INFO     Wrote output to trainNN/out/v045-unified-dirty:simple-ff-ffv-adam-60-60/config.json
2017-01-25 09:04:33,333 INFO     Saving network params to trainNN/out/v045-unified-dirty:simple-ff-ffv-adam-60-60/epoch-026.pkl
2017-01-25 09:04:38,253 INFO     epoch: 26 took 63.892s (0.022s in batching)
training loss:	0.593993
validation loss:	0.602041
validation error:	0.327871
2017-01-25 09:04:38,256 INFO     Wrote output to trainNN/out/v045-unified-dirty:simple-ff-ffv-adam-60-60/config.json
2017-01-25 09:05:37,312 INFO     Saving network params to trainNN/out/v045-unified-dirty:simple-ff-ffv-adam-60-60/epoch-027.pkl
2017-01-25 09:05:42,427 INFO     epoch: 27 took 64.174s (0.022s in batching)
training loss:	0.593899
validation loss:	0.600365
validation error:	0.328327
2017-01-25 09:05:42,430 INFO     Wrote output to trainNN/out/v045-unified-dirty:simple-ff-ffv-adam-60-60/config.json
2017-01-25 09:06:41,424 INFO     Saving network params to trainNN/out/v045-unified-dirty:simple-ff-ffv-adam-60-60/epoch-028.pkl
2017-01-25 09:06:46,329 INFO     epoch: 28 took 63.902s (0.022s in batching)
training loss:	0.593737
validation loss:	0.597356
validation error:	0.324337
2017-01-25 09:06:46,332 INFO     Wrote output to trainNN/out/v045-unified-dirty:simple-ff-ffv-adam-60-60/config.json
2017-01-25 09:07:45,944 INFO     Saving network params to trainNN/out/v045-unified-dirty:simple-ff-ffv-adam-60-60/epoch-029.pkl
2017-01-25 09:07:50,689 INFO     epoch: 29 took 64.360s (0.022s in batching)
training loss:	0.593573
validation loss:	0.597446
validation error:	0.323237
2017-01-25 09:07:50,694 INFO     Wrote output to trainNN/out/v045-unified-dirty:simple-ff-ffv-adam-60-60/config.json
2017-01-25 09:08:48,950 INFO     Saving network params to trainNN/out/v045-unified-dirty:simple-ff-ffv-adam-60-60/epoch-030.pkl
2017-01-25 09:08:53,905 INFO     epoch: 30 took 63.217s (0.023s in batching)
training loss:	0.593514
validation loss:	0.600107
validation error:	0.323623
2017-01-25 09:08:53,908 INFO     Wrote output to trainNN/out/v045-unified-dirty:simple-ff-ffv-adam-60-60/config.json
2017-01-25 09:09:51,546 INFO     Saving network params to trainNN/out/v045-unified-dirty:simple-ff-ffv-adam-60-60/epoch-031.pkl
2017-01-25 09:09:56,283 INFO     epoch: 31 took 62.378s (0.021s in batching)
training loss:	0.593234
validation loss:	0.599497
validation error:	0.325720
2017-01-25 09:09:56,287 INFO     Wrote output to trainNN/out/v045-unified-dirty:simple-ff-ffv-adam-60-60/config.json
2017-01-25 09:10:55,071 INFO     Saving network params to trainNN/out/v045-unified-dirty:simple-ff-ffv-adam-60-60/epoch-032.pkl
2017-01-25 09:11:00,799 INFO     epoch: 32 took 64.516s (0.021s in batching)
training loss:	0.593142
validation loss:	0.596767
validation error:	0.321621
2017-01-25 09:11:00,803 INFO     Wrote output to trainNN/out/v045-unified-dirty:simple-ff-ffv-adam-60-60/config.json
2017-01-25 09:12:07,571 INFO     Saving network params to trainNN/out/v045-unified-dirty:simple-ff-ffv-adam-60-60/epoch-033.pkl
2017-01-25 09:12:13,369 INFO     epoch: 33 took 72.570s (0.022s in batching)
training loss:	0.592945
validation loss:	0.599360
validation error:	0.324967
2017-01-25 09:12:13,372 INFO     Wrote output to trainNN/out/v045-unified-dirty:simple-ff-ffv-adam-60-60/config.json
2017-01-25 09:13:20,175 INFO     Saving network params to trainNN/out/v045-unified-dirty:simple-ff-ffv-adam-60-60/epoch-034.pkl
2017-01-25 09:13:26,060 INFO     epoch: 34 took 72.692s (0.022s in batching)
training loss:	0.592783
validation loss:	0.596198
validation error:	0.321313
2017-01-25 09:13:26,064 INFO     Wrote output to trainNN/out/v045-unified-dirty:simple-ff-ffv-adam-60-60/config.json
2017-01-25 09:14:32,748 INFO     Saving network params to trainNN/out/v045-unified-dirty:simple-ff-ffv-adam-60-60/epoch-035.pkl
2017-01-25 09:14:38,720 INFO     epoch: 35 took 72.660s (0.021s in batching)
training loss:	0.592791
validation loss:	0.598490
validation error:	0.323445
2017-01-25 09:14:38,723 INFO     Wrote output to trainNN/out/v045-unified-dirty:simple-ff-ffv-adam-60-60/config.json
2017-01-25 09:15:45,601 INFO     Saving network params to trainNN/out/v045-unified-dirty:simple-ff-ffv-adam-60-60/epoch-036.pkl
2017-01-25 09:15:51,484 INFO     epoch: 36 took 72.764s (0.021s in batching)
training loss:	0.592560
validation loss:	0.596648
validation error:	0.319693
2017-01-25 09:15:51,498 INFO     Wrote output to trainNN/out/v045-unified-dirty:simple-ff-ffv-adam-60-60/config.json
2017-01-25 09:16:58,456 INFO     Saving network params to trainNN/out/v045-unified-dirty:simple-ff-ffv-adam-60-60/epoch-037.pkl
2017-01-25 09:17:04,196 INFO     epoch: 37 took 72.711s (0.022s in batching)
training loss:	0.592362
validation loss:	0.596408
validation error:	0.323440
2017-01-25 09:17:04,199 INFO     Wrote output to trainNN/out/v045-unified-dirty:simple-ff-ffv-adam-60-60/config.json
2017-01-25 09:18:11,103 INFO     Saving network params to trainNN/out/v045-unified-dirty:simple-ff-ffv-adam-60-60/epoch-038.pkl
2017-01-25 09:18:17,522 INFO     epoch: 38 took 73.327s (0.023s in batching)
training loss:	0.592345
validation loss:	0.594689
validation error:	0.320228
2017-01-25 09:18:17,793 INFO     Wrote output to trainNN/out/v045-unified-dirty:simple-ff-ffv-adam-60-60/config.json
2017-01-25 09:19:26,300 INFO     Saving network params to trainNN/out/v045-unified-dirty:simple-ff-ffv-adam-60-60/epoch-039.pkl
2017-01-25 09:19:32,104 INFO     epoch: 39 took 74.581s (0.022s in batching)
training loss:	0.592271
validation loss:	0.595076
validation error:	0.321546
2017-01-25 09:19:32,108 INFO     Wrote output to trainNN/out/v045-unified-dirty:simple-ff-ffv-adam-60-60/config.json
2017-01-25 09:20:39,128 INFO     Saving network params to trainNN/out/v045-unified-dirty:simple-ff-ffv-adam-60-60/epoch-040.pkl
2017-01-25 09:20:44,900 INFO     epoch: 40 took 72.796s (0.022s in batching)
training loss:	0.592094
validation loss:	0.598342
validation error:	0.324907
2017-01-25 09:20:44,908 INFO     Wrote output to trainNN/out/v045-unified-dirty:simple-ff-ffv-adam-60-60/config.json
2017-01-25 09:21:52,126 INFO     Saving network params to trainNN/out/v045-unified-dirty:simple-ff-ffv-adam-60-60/epoch-041.pkl
2017-01-25 09:21:57,923 INFO     epoch: 41 took 73.023s (0.022s in batching)
training loss:	0.591855
validation loss:	0.596537
validation error:	0.321983
2017-01-25 09:21:57,937 INFO     Wrote output to trainNN/out/v045-unified-dirty:simple-ff-ffv-adam-60-60/config.json
2017-01-25 09:23:04,839 INFO     Saving network params to trainNN/out/v045-unified-dirty:simple-ff-ffv-adam-60-60/epoch-042.pkl
2017-01-25 09:23:10,572 INFO     epoch: 42 took 72.649s (0.022s in batching)
training loss:	0.591782
validation loss:	0.597607
validation error:	0.322037
2017-01-25 09:23:10,576 INFO     Wrote output to trainNN/out/v045-unified-dirty:simple-ff-ffv-adam-60-60/config.json
2017-01-25 09:24:17,653 INFO     Saving network params to trainNN/out/v045-unified-dirty:simple-ff-ffv-adam-60-60/epoch-043.pkl
2017-01-25 09:24:23,410 INFO     epoch: 43 took 72.839s (0.023s in batching)
training loss:	0.591709
validation loss:	0.597366
validation error:	0.322027
2017-01-25 09:24:23,421 INFO     Wrote output to trainNN/out/v045-unified-dirty:simple-ff-ffv-adam-60-60/config.json
2017-01-25 09:25:30,522 INFO     Saving network params to trainNN/out/v045-unified-dirty:simple-ff-ffv-adam-60-60/epoch-044.pkl
2017-01-25 09:25:36,319 INFO     epoch: 44 took 72.909s (0.023s in batching)
training loss:	0.591616
validation loss:	0.596397
validation error:	0.320501
2017-01-25 09:25:36,327 INFO     Wrote output to trainNN/out/v045-unified-dirty:simple-ff-ffv-adam-60-60/config.json
2017-01-25 09:26:43,528 INFO     Saving network params to trainNN/out/v045-unified-dirty:simple-ff-ffv-adam-60-60/epoch-045.pkl
2017-01-25 09:26:49,285 INFO     epoch: 45 took 72.965s (0.021s in batching)
training loss:	0.591506
validation loss:	0.605456
validation error:	0.324704
2017-01-25 09:26:49,289 INFO     Wrote output to trainNN/out/v045-unified-dirty:simple-ff-ffv-adam-60-60/config.json
2017-01-25 09:27:56,273 INFO     Saving network params to trainNN/out/v045-unified-dirty:simple-ff-ffv-adam-60-60/epoch-046.pkl
2017-01-25 09:28:02,011 INFO     epoch: 46 took 72.727s (0.022s in batching)
training loss:	0.591339
validation loss:	0.600028
validation error:	0.327489
2017-01-25 09:28:02,015 INFO     Wrote output to trainNN/out/v045-unified-dirty:simple-ff-ffv-adam-60-60/config.json
2017-01-25 09:29:09,090 INFO     Saving network params to trainNN/out/v045-unified-dirty:simple-ff-ffv-adam-60-60/epoch-047.pkl
2017-01-25 09:29:14,826 INFO     epoch: 47 took 72.815s (0.021s in batching)
training loss:	0.591220
validation loss:	0.597172
validation error:	0.323316
2017-01-25 09:29:14,830 INFO     Wrote output to trainNN/out/v045-unified-dirty:simple-ff-ffv-adam-60-60/config.json
2017-01-25 09:30:21,829 INFO     Saving network params to trainNN/out/v045-unified-dirty:simple-ff-ffv-adam-60-60/epoch-048.pkl
2017-01-25 09:30:27,552 INFO     epoch: 48 took 72.726s (0.022s in batching)
training loss:	0.591226
validation loss:	0.596304
validation error:	0.322627
2017-01-25 09:30:27,559 INFO     Wrote output to trainNN/out/v045-unified-dirty:simple-ff-ffv-adam-60-60/config.json
2017-01-25 09:31:34,413 INFO     Saving network params to trainNN/out/v045-unified-dirty:simple-ff-ffv-adam-60-60/epoch-049.pkl
2017-01-25 09:31:40,145 INFO     epoch: 49 took 72.593s (0.021s in batching)
training loss:	0.590955
validation loss:	0.597192
validation error:	0.323370
2017-01-25 09:31:40,163 INFO     Wrote output to trainNN/out/v045-unified-dirty:simple-ff-ffv-adam-60-60/config.json
2017-01-25 09:32:48,386 INFO     Saving network params to trainNN/out/v045-unified-dirty:simple-ff-ffv-adam-60-60/epoch-050.pkl
2017-01-25 09:32:54,118 INFO     epoch: 50 took 73.973s (0.022s in batching)
training loss:	0.590938
validation loss:	0.597789
validation error:	0.322166
2017-01-25 09:32:54,122 INFO     Wrote output to trainNN/out/v045-unified-dirty:simple-ff-ffv-adam-60-60/config.json
2017-01-25 09:34:01,735 INFO     Saving network params to trainNN/out/v045-unified-dirty:simple-ff-ffv-adam-60-60/epoch-051.pkl
2017-01-25 09:34:07,600 INFO     epoch: 51 took 73.482s (0.022s in batching)
training loss:	0.590904
validation loss:	0.597025
validation error:	0.321978
2017-01-25 09:34:07,636 INFO     Wrote output to trainNN/out/v045-unified-dirty:simple-ff-ffv-adam-60-60/config.json
2017-01-25 09:37:09,158 INFO     Saving network params to trainNN/out/v045-unified-dirty:simple-ff-ffv-adam-60-60/epoch-052.pkl
2017-01-25 09:37:14,933 INFO     epoch: 52 took 187.333s (0.023s in batching)
training loss:	0.590785
validation loss:	0.596170
validation error:	0.322969
2017-01-25 09:37:14,953 INFO     Wrote output to trainNN/out/v045-unified-dirty:simple-ff-ffv-adam-60-60/config.json
2017-01-25 09:38:22,170 INFO     Saving network params to trainNN/out/v045-unified-dirty:simple-ff-ffv-adam-60-60/epoch-053.pkl
2017-01-25 09:38:27,893 INFO     epoch: 53 took 72.960s (0.021s in batching)
training loss:	0.590949
validation loss:	0.597089
validation error:	0.323103
2017-01-25 09:38:27,910 INFO     Wrote output to trainNN/out/v045-unified-dirty:simple-ff-ffv-adam-60-60/config.json
2017-01-25 09:39:34,091 INFO     Saving network params to trainNN/out/v045-unified-dirty:simple-ff-ffv-adam-60-60/epoch-054.pkl
2017-01-25 09:39:39,666 INFO     epoch: 54 took 71.773s (0.021s in batching)
training loss:	0.590637
validation loss:	0.595844
validation error:	0.320243
2017-01-25 09:39:39,683 INFO     Wrote output to trainNN/out/v045-unified-dirty:simple-ff-ffv-adam-60-60/config.json
2017-01-25 09:40:46,832 INFO     Saving network params to trainNN/out/v045-unified-dirty:simple-ff-ffv-adam-60-60/epoch-055.pkl
2017-01-25 09:40:52,592 INFO     epoch: 55 took 72.926s (0.029s in batching)
training loss:	0.590525
validation loss:	0.599699
validation error:	0.325948
2017-01-25 09:40:52,601 INFO     Wrote output to trainNN/out/v045-unified-dirty:simple-ff-ffv-adam-60-60/config.json
2017-01-25 09:41:59,794 INFO     Saving network params to trainNN/out/v045-unified-dirty:simple-ff-ffv-adam-60-60/epoch-056.pkl
2017-01-25 09:42:05,596 INFO     epoch: 56 took 73.004s (0.022s in batching)
training loss:	0.590494
validation loss:	0.597794
validation error:	0.324213
2017-01-25 09:42:05,601 INFO     Wrote output to trainNN/out/v045-unified-dirty:simple-ff-ffv-adam-60-60/config.json
2017-01-25 09:43:12,921 INFO     Saving network params to trainNN/out/v045-unified-dirty:simple-ff-ffv-adam-60-60/epoch-057.pkl
2017-01-25 09:43:18,703 INFO     epoch: 57 took 73.107s (0.022s in batching)
training loss:	0.590424
validation loss:	0.596161
validation error:	0.322498
2017-01-25 09:43:18,711 INFO     Wrote output to trainNN/out/v045-unified-dirty:simple-ff-ffv-adam-60-60/config.json
2017-01-25 09:44:25,835 INFO     Saving network params to trainNN/out/v045-unified-dirty:simple-ff-ffv-adam-60-60/epoch-058.pkl
2017-01-25 09:44:31,543 INFO     epoch: 58 took 72.839s (0.022s in batching)
training loss:	0.590502
validation loss:	0.598431
validation error:	0.323777
2017-01-25 09:44:31,548 INFO     Wrote output to trainNN/out/v045-unified-dirty:simple-ff-ffv-adam-60-60/config.json
2017-01-25 09:45:37,519 INFO     Saving network params to trainNN/out/v045-unified-dirty:simple-ff-ffv-adam-60-60/epoch-059.pkl
2017-01-25 09:45:43,279 INFO     epoch: 59 took 71.736s (0.021s in batching)
training loss:	0.590358
validation loss:	0.596002
validation error:	0.321655
2017-01-25 09:45:43,287 INFO     Wrote output to trainNN/out/v045-unified-dirty:simple-ff-ffv-adam-60-60/config.json
2017-01-25 09:46:50,483 INFO     Saving network params to trainNN/out/v045-unified-dirty:simple-ff-ffv-adam-60-60/epoch-060.pkl
2017-01-25 09:46:56,194 INFO     epoch: 60 took 72.915s (0.020s in batching)
training loss:	0.590252
validation loss:	0.596637
validation error:	0.319772
2017-01-25 09:46:56,199 INFO     Wrote output to trainNN/out/v045-unified-dirty:simple-ff-ffv-adam-60-60/config.json
2017-01-25 09:48:03,244 INFO     Saving network params to trainNN/out/v045-unified-dirty:simple-ff-ffv-adam-60-60/epoch-061.pkl
2017-01-25 09:48:09,016 INFO     epoch: 61 took 72.822s (0.021s in batching)
training loss:	0.590219
validation loss:	0.595480
validation error:	0.318870
2017-01-25 09:48:09,035 INFO     Wrote output to trainNN/out/v045-unified-dirty:simple-ff-ffv-adam-60-60/config.json
2017-01-25 09:49:16,195 INFO     Saving network params to trainNN/out/v045-unified-dirty:simple-ff-ffv-adam-60-60/epoch-062.pkl
2017-01-25 09:49:22,017 INFO     epoch: 62 took 73.002s (0.021s in batching)
training loss:	0.590073
validation loss:	0.598546
validation error:	0.321343
2017-01-25 09:49:22,022 INFO     Wrote output to trainNN/out/v045-unified-dirty:simple-ff-ffv-adam-60-60/config.json
2017-01-25 09:50:29,199 INFO     Saving network params to trainNN/out/v045-unified-dirty:simple-ff-ffv-adam-60-60/epoch-063.pkl
2017-01-25 09:50:35,116 INFO     epoch: 63 took 73.098s (0.025s in batching)
training loss:	0.590089
validation loss:	0.598103
validation error:	0.321938
2017-01-25 09:50:35,121 INFO     Wrote output to trainNN/out/v045-unified-dirty:simple-ff-ffv-adam-60-60/config.json
2017-01-25 09:51:41,936 INFO     Saving network params to trainNN/out/v045-unified-dirty:simple-ff-ffv-adam-60-60/epoch-064.pkl
2017-01-25 09:51:47,915 INFO     epoch: 64 took 72.799s (0.021s in batching)
training loss:	0.589963
validation loss:	0.598072
validation error:	0.323762
2017-01-25 09:51:47,920 INFO     Wrote output to trainNN/out/v045-unified-dirty:simple-ff-ffv-adam-60-60/config.json
2017-01-25 09:52:55,014 INFO     Saving network params to trainNN/out/v045-unified-dirty:simple-ff-ffv-adam-60-60/epoch-065.pkl
2017-01-25 09:53:00,875 INFO     epoch: 65 took 72.960s (0.022s in batching)
training loss:	0.589956
validation loss:	0.596220
validation error:	0.320912
2017-01-25 09:53:00,880 INFO     Wrote output to trainNN/out/v045-unified-dirty:simple-ff-ffv-adam-60-60/config.json
2017-01-25 09:54:08,113 INFO     Saving network params to trainNN/out/v045-unified-dirty:simple-ff-ffv-adam-60-60/epoch-066.pkl
2017-01-25 09:54:13,879 INFO     epoch: 66 took 73.004s (0.021s in batching)
training loss:	0.589768
validation loss:	0.595843
validation error:	0.320094
2017-01-25 09:54:13,886 INFO     Wrote output to trainNN/out/v045-unified-dirty:simple-ff-ffv-adam-60-60/config.json
2017-01-25 09:55:21,098 INFO     Saving network params to trainNN/out/v045-unified-dirty:simple-ff-ffv-adam-60-60/epoch-067.pkl
2017-01-25 09:55:26,851 INFO     epoch: 67 took 72.972s (0.021s in batching)
training loss:	0.589787
validation loss:	0.595480
validation error:	0.318364
2017-01-25 09:55:26,859 INFO     Wrote output to trainNN/out/v045-unified-dirty:simple-ff-ffv-adam-60-60/config.json
2017-01-25 09:56:34,000 INFO     Saving network params to trainNN/out/v045-unified-dirty:simple-ff-ffv-adam-60-60/epoch-068.pkl
2017-01-25 09:56:39,734 INFO     epoch: 68 took 72.883s (0.020s in batching)
training loss:	0.589747
validation loss:	0.598328
validation error:	0.319926
2017-01-25 09:56:39,741 INFO     Wrote output to trainNN/out/v045-unified-dirty:simple-ff-ffv-adam-60-60/config.json
2017-01-25 09:57:47,240 INFO     Saving network params to trainNN/out/v045-unified-dirty:simple-ff-ffv-adam-60-60/epoch-069.pkl
2017-01-25 09:57:52,889 INFO     epoch: 69 took 73.155s (0.022s in batching)
training loss:	0.589602
validation loss:	0.597653
validation error:	0.322647
2017-01-25 09:57:52,896 INFO     Wrote output to trainNN/out/v045-unified-dirty:simple-ff-ffv-adam-60-60/config.json
2017-01-25 09:58:59,752 INFO     Saving network params to trainNN/out/v045-unified-dirty:simple-ff-ffv-adam-60-60/epoch-070.pkl
2017-01-25 09:59:05,498 INFO     epoch: 70 took 72.609s (0.021s in batching)
training loss:	0.589545
validation loss:	0.597962
validation error:	0.322424
2017-01-25 09:59:05,503 INFO     Wrote output to trainNN/out/v045-unified-dirty:simple-ff-ffv-adam-60-60/config.json
2017-01-25 10:00:12,760 INFO     Saving network params to trainNN/out/v045-unified-dirty:simple-ff-ffv-adam-60-60/epoch-071.pkl
2017-01-25 10:00:19,201 INFO     epoch: 71 took 73.688s (0.022s in batching)
training loss:	0.589616
validation loss:	0.594284
validation error:	0.317854
2017-01-25 10:00:20,179 INFO     Wrote output to trainNN/out/v045-unified-dirty:simple-ff-ffv-adam-60-60/config.json
2017-01-25 10:01:24,201 INFO     Saving network params to trainNN/out/v045-unified-dirty:simple-ff-ffv-adam-60-60/epoch-072.pkl
2017-01-25 10:01:29,897 INFO     epoch: 72 took 70.711s (0.022s in batching)
training loss:	0.589374
validation loss:	0.595324
validation error:	0.320282
2017-01-25 10:01:29,902 INFO     Wrote output to trainNN/out/v045-unified-dirty:simple-ff-ffv-adam-60-60/config.json
2017-01-25 10:02:36,850 INFO     Saving network params to trainNN/out/v045-unified-dirty:simple-ff-ffv-adam-60-60/epoch-073.pkl
2017-01-25 10:02:42,614 INFO     epoch: 73 took 72.715s (0.021s in batching)
training loss:	0.589362
validation loss:	0.599282
validation error:	0.323831
2017-01-25 10:02:42,620 INFO     Wrote output to trainNN/out/v045-unified-dirty:simple-ff-ffv-adam-60-60/config.json
2017-01-25 10:03:49,868 INFO     Saving network params to trainNN/out/v045-unified-dirty:simple-ff-ffv-adam-60-60/epoch-074.pkl
2017-01-25 10:03:55,781 INFO     epoch: 74 took 73.169s (0.022s in batching)
training loss:	0.589200
validation loss:	0.597762
validation error:	0.321487
2017-01-25 10:03:55,788 INFO     Wrote output to trainNN/out/v045-unified-dirty:simple-ff-ffv-adam-60-60/config.json
2017-01-25 10:05:02,988 INFO     Saving network params to trainNN/out/v045-unified-dirty:simple-ff-ffv-adam-60-60/epoch-075.pkl
2017-01-25 10:05:08,731 INFO     epoch: 75 took 72.950s (0.021s in batching)
training loss:	0.589287
validation loss:	0.596753
validation error:	0.321249
2017-01-25 10:05:08,747 INFO     Wrote output to trainNN/out/v045-unified-dirty:simple-ff-ffv-adam-60-60/config.json
2017-01-25 10:06:15,686 INFO     Saving network params to trainNN/out/v045-unified-dirty:simple-ff-ffv-adam-60-60/epoch-076.pkl
2017-01-25 10:06:21,431 INFO     epoch: 76 took 72.699s (0.021s in batching)
training loss:	0.589171
validation loss:	0.594618
validation error:	0.319028
2017-01-25 10:06:21,452 INFO     Wrote output to trainNN/out/v045-unified-dirty:simple-ff-ffv-adam-60-60/config.json
2017-01-25 10:07:28,544 INFO     Saving network params to trainNN/out/v045-unified-dirty:simple-ff-ffv-adam-60-60/epoch-077.pkl
2017-01-25 10:07:34,281 INFO     epoch: 77 took 72.851s (0.021s in batching)
training loss:	0.589137
validation loss:	0.597609
validation error:	0.323227
2017-01-25 10:07:34,287 INFO     Wrote output to trainNN/out/v045-unified-dirty:simple-ff-ffv-adam-60-60/config.json
2017-01-25 10:08:41,414 INFO     Saving network params to trainNN/out/v045-unified-dirty:simple-ff-ffv-adam-60-60/epoch-078.pkl
2017-01-25 10:08:47,204 INFO     epoch: 78 took 72.922s (0.022s in batching)
training loss:	0.589086
validation loss:	0.596035
validation error:	0.320337
2017-01-25 10:08:47,209 INFO     Wrote output to trainNN/out/v045-unified-dirty:simple-ff-ffv-adam-60-60/config.json
2017-01-25 10:09:54,556 INFO     Saving network params to trainNN/out/v045-unified-dirty:simple-ff-ffv-adam-60-60/epoch-079.pkl
2017-01-25 10:10:00,392 INFO     epoch: 79 took 73.188s (0.022s in batching)
training loss:	0.589038
validation loss:	0.597139
validation error:	0.321993
2017-01-25 10:10:00,397 INFO     Wrote output to trainNN/out/v045-unified-dirty:simple-ff-ffv-adam-60-60/config.json
2017-01-25 10:11:07,492 INFO     Saving network params to trainNN/out/v045-unified-dirty:simple-ff-ffv-adam-60-60/epoch-080.pkl
2017-01-25 10:11:13,291 INFO     epoch: 80 took 72.899s (0.022s in batching)
training loss:	0.589071
validation loss:	0.595857
validation error:	0.321021
2017-01-25 10:11:13,297 INFO     Wrote output to trainNN/out/v045-unified-dirty:simple-ff-ffv-adam-60-60/config.json
2017-01-25 10:12:20,604 INFO     Saving network params to trainNN/out/v045-unified-dirty:simple-ff-ffv-adam-60-60/epoch-081.pkl
2017-01-25 10:12:26,291 INFO     epoch: 81 took 73.001s (0.022s in batching)
training loss:	0.588940
validation loss:	0.595121
validation error:	0.319256
2017-01-25 10:12:26,297 INFO     Wrote output to trainNN/out/v045-unified-dirty:simple-ff-ffv-adam-60-60/config.json
2017-01-25 10:13:33,878 INFO     Saving network params to trainNN/out/v045-unified-dirty:simple-ff-ffv-adam-60-60/epoch-082.pkl
2017-01-25 10:13:39,688 INFO     epoch: 82 took 73.397s (0.021s in batching)
training loss:	0.588913
validation loss:	0.595192
validation error:	0.320833
2017-01-25 10:13:39,694 INFO     Wrote output to trainNN/out/v045-unified-dirty:simple-ff-ffv-adam-60-60/config.json
2017-01-25 10:14:47,173 INFO     Saving network params to trainNN/out/v045-unified-dirty:simple-ff-ffv-adam-60-60/epoch-083.pkl
2017-01-25 10:14:52,956 INFO     epoch: 83 took 73.269s (0.022s in batching)
training loss:	0.588814
validation loss:	0.595691
validation error:	0.320669
2017-01-25 10:14:52,975 INFO     Wrote output to trainNN/out/v045-unified-dirty:simple-ff-ffv-adam-60-60/config.json
2017-01-25 10:16:04,583 INFO     Saving network params to trainNN/out/v045-unified-dirty:simple-ff-ffv-adam-60-60/epoch-084.pkl
2017-01-25 10:16:10,570 INFO     epoch: 84 took 77.614s (0.020s in batching)
training loss:	0.588662
validation loss:	0.598522
validation error:	0.321393
2017-01-25 10:16:10,587 INFO     Wrote output to trainNN/out/v045-unified-dirty:simple-ff-ffv-adam-60-60/config.json
2017-01-25 10:17:17,913 INFO     Saving network params to trainNN/out/v045-unified-dirty:simple-ff-ffv-adam-60-60/epoch-085.pkl
2017-01-25 10:17:24,478 INFO     epoch: 85 took 73.906s (0.021s in batching)
training loss:	0.588832
validation loss:	0.599958
validation error:	0.321571
2017-01-25 10:17:24,567 INFO     Wrote output to trainNN/out/v045-unified-dirty:simple-ff-ffv-adam-60-60/config.json
2017-01-25 10:18:32,666 INFO     Saving network params to trainNN/out/v045-unified-dirty:simple-ff-ffv-adam-60-60/epoch-086.pkl
2017-01-25 10:18:38,552 INFO     epoch: 86 took 74.076s (0.022s in batching)
training loss:	0.588737
validation loss:	0.596417
validation error:	0.320734
2017-01-25 10:18:38,558 INFO     Wrote output to trainNN/out/v045-unified-dirty:simple-ff-ffv-adam-60-60/config.json
2017-01-25 10:19:45,987 INFO     Saving network params to trainNN/out/v045-unified-dirty:simple-ff-ffv-adam-60-60/epoch-087.pkl
2017-01-25 10:19:51,901 INFO     epoch: 87 took 73.349s (0.022s in batching)
training loss:	0.588572
validation loss:	0.602767
validation error:	0.320610
2017-01-25 10:19:51,922 INFO     Wrote output to trainNN/out/v045-unified-dirty:simple-ff-ffv-adam-60-60/config.json
2017-01-25 10:20:58,913 INFO     Saving network params to trainNN/out/v045-unified-dirty:simple-ff-ffv-adam-60-60/epoch-088.pkl
2017-01-25 10:21:04,895 INFO     epoch: 88 took 72.994s (0.022s in batching)
training loss:	0.588526
validation loss:	0.598955
validation error:	0.322265
2017-01-25 10:21:04,901 INFO     Wrote output to trainNN/out/v045-unified-dirty:simple-ff-ffv-adam-60-60/config.json
2017-01-25 10:22:12,572 INFO     Saving network params to trainNN/out/v045-unified-dirty:simple-ff-ffv-adam-60-60/epoch-089.pkl
2017-01-25 10:22:18,495 INFO     epoch: 89 took 73.600s (0.022s in batching)
training loss:	0.588539
validation loss:	0.599619
validation error:	0.324297
2017-01-25 10:22:18,505 INFO     Wrote output to trainNN/out/v045-unified-dirty:simple-ff-ffv-adam-60-60/config.json
2017-01-25 10:23:25,288 INFO     Saving network params to trainNN/out/v045-unified-dirty:simple-ff-ffv-adam-60-60/epoch-090.pkl
2017-01-25 10:23:30,936 INFO     epoch: 90 took 72.441s (0.022s in batching)
training loss:	0.588522
validation loss:	0.597688
validation error:	0.322221
2017-01-25 10:23:30,955 INFO     Wrote output to trainNN/out/v045-unified-dirty:simple-ff-ffv-adam-60-60/config.json
2017-01-25 10:24:37,571 INFO     Saving network params to trainNN/out/v045-unified-dirty:simple-ff-ffv-adam-60-60/epoch-091.pkl
2017-01-25 10:24:43,327 INFO     epoch: 91 took 72.391s (0.022s in batching)
training loss:	0.588440
validation loss:	0.594027
validation error:	0.319281
2017-01-25 10:24:43,334 INFO     Wrote output to trainNN/out/v045-unified-dirty:simple-ff-ffv-adam-60-60/config.json
2017-01-25 10:25:50,749 INFO     Saving network params to trainNN/out/v045-unified-dirty:simple-ff-ffv-adam-60-60/epoch-092.pkl
2017-01-25 10:25:56,484 INFO     epoch: 92 took 73.157s (0.021s in batching)
training loss:	0.588257
validation loss:	0.599069
validation error:	0.322458
2017-01-25 10:25:56,490 INFO     Wrote output to trainNN/out/v045-unified-dirty:simple-ff-ffv-adam-60-60/config.json
2017-01-25 10:27:11,597 INFO     Saving network params to trainNN/out/v045-unified-dirty:simple-ff-ffv-adam-60-60/epoch-093.pkl
2017-01-25 10:27:17,236 INFO     epoch: 93 took 80.752s (0.022s in batching)
training loss:	0.588313
validation loss:	0.596704
validation error:	0.320144
2017-01-25 10:27:17,245 INFO     Wrote output to trainNN/out/v045-unified-dirty:simple-ff-ffv-adam-60-60/config.json
2017-01-25 10:28:24,902 INFO     Saving network params to trainNN/out/v045-unified-dirty:simple-ff-ffv-adam-60-60/epoch-094.pkl
2017-01-25 10:28:30,699 INFO     epoch: 94 took 73.463s (0.021s in batching)
training loss:	0.588289
validation loss:	0.594947
validation error:	0.318602
2017-01-25 10:28:30,723 INFO     Wrote output to trainNN/out/v045-unified-dirty:simple-ff-ffv-adam-60-60/config.json
2017-01-25 10:29:38,001 INFO     Saving network params to trainNN/out/v045-unified-dirty:simple-ff-ffv-adam-60-60/epoch-095.pkl
2017-01-25 10:29:43,774 INFO     epoch: 95 took 73.076s (0.022s in batching)
training loss:	0.588345
validation loss:	0.601280
validation error:	0.323286
2017-01-25 10:29:43,780 INFO     Wrote output to trainNN/out/v045-unified-dirty:simple-ff-ffv-adam-60-60/config.json
2017-01-25 10:30:51,318 INFO     Saving network params to trainNN/out/v045-unified-dirty:simple-ff-ffv-adam-60-60/epoch-096.pkl
2017-01-25 10:30:57,172 INFO     epoch: 96 took 73.398s (0.021s in batching)
training loss:	0.588187
validation loss:	0.595959
validation error:	0.319633
2017-01-25 10:30:57,183 INFO     Wrote output to trainNN/out/v045-unified-dirty:simple-ff-ffv-adam-60-60/config.json
2017-01-25 10:32:04,888 INFO     Saving network params to trainNN/out/v045-unified-dirty:simple-ff-ffv-adam-60-60/epoch-097.pkl
2017-01-25 10:32:10,662 INFO     epoch: 97 took 73.489s (0.022s in batching)
training loss:	0.588125
validation loss:	0.595861
validation error:	0.321135
2017-01-25 10:32:10,669 INFO     Wrote output to trainNN/out/v045-unified-dirty:simple-ff-ffv-adam-60-60/config.json
2017-01-25 10:33:18,173 INFO     Saving network params to trainNN/out/v045-unified-dirty:simple-ff-ffv-adam-60-60/epoch-098.pkl
2017-01-25 10:33:23,960 INFO     epoch: 98 took 73.298s (0.022s in batching)
training loss:	0.588163
validation loss:	0.597288
validation error:	0.320149
2017-01-25 10:33:23,976 INFO     Wrote output to trainNN/out/v045-unified-dirty:simple-ff-ffv-adam-60-60/config.json
2017-01-25 10:34:31,549 INFO     Saving network params to trainNN/out/v045-unified-dirty:simple-ff-ffv-adam-60-60/epoch-099.pkl
2017-01-25 10:34:37,378 INFO     epoch: 99 took 73.417s (0.022s in batching)
training loss:	0.588079
validation loss:	0.595216
validation error:	0.319712
2017-01-25 10:34:37,386 INFO     Wrote output to trainNN/out/v045-unified-dirty:simple-ff-ffv-adam-60-60/config.json
2017-01-25 10:35:44,067 INFO     Saving network params to trainNN/out/v045-unified-dirty:simple-ff-ffv-adam-60-60/epoch-100.pkl
2017-01-25 10:35:49,739 INFO     epoch: 100 took 72.362s (0.021s in batching)
training loss:	0.588077
validation loss:	0.597029
validation error:	0.320803
2017-01-25 10:35:49,745 INFO     Wrote output to trainNN/out/v045-unified-dirty:simple-ff-ffv-adam-60-60/config.json
2017-01-25 10:36:57,494 INFO     Saving network params to trainNN/out/v045-unified-dirty:simple-ff-ffv-adam-60-60/epoch-101.pkl
2017-01-25 10:37:03,288 INFO     epoch: 101 took 73.549s (0.022s in batching)
training loss:	0.587914
validation loss:	0.599116
validation error:	0.322409
2017-01-25 10:37:03,296 INFO     Wrote output to trainNN/out/v045-unified-dirty:simple-ff-ffv-adam-60-60/config.json
2017-01-25 10:38:11,067 INFO     Saving network params to trainNN/out/v045-unified-dirty:simple-ff-ffv-adam-60-60/epoch-102.pkl
2017-01-25 10:38:16,948 INFO     epoch: 102 took 73.659s (0.022s in batching)
training loss:	0.587898
validation loss:	0.601219
validation error:	0.326711
2017-01-25 10:38:16,954 INFO     Wrote output to trainNN/out/v045-unified-dirty:simple-ff-ffv-adam-60-60/config.json
2017-01-25 10:39:24,538 INFO     Saving network params to trainNN/out/v045-unified-dirty:simple-ff-ffv-adam-60-60/epoch-103.pkl
2017-01-25 10:39:30,322 INFO     epoch: 103 took 73.374s (0.022s in batching)
training loss:	0.588092
validation loss:	0.596496
validation error:	0.320585
2017-01-25 10:39:30,330 INFO     Wrote output to trainNN/out/v045-unified-dirty:simple-ff-ffv-adam-60-60/config.json
2017-01-25 10:40:38,027 INFO     Saving network params to trainNN/out/v045-unified-dirty:simple-ff-ffv-adam-60-60/epoch-104.pkl
2017-01-25 10:40:43,839 INFO     epoch: 104 took 73.517s (0.022s in batching)
training loss:	0.587880
validation loss:	0.596218
validation error:	0.319539
2017-01-25 10:40:43,844 INFO     Wrote output to trainNN/out/v045-unified-dirty:simple-ff-ffv-adam-60-60/config.json
2017-01-25 10:41:51,472 INFO     Saving network params to trainNN/out/v045-unified-dirty:simple-ff-ffv-adam-60-60/epoch-105.pkl
2017-01-25 10:41:57,257 INFO     epoch: 105 took 73.418s (0.022s in batching)
training loss:	0.587921
validation loss:	0.595290
validation error:	0.319851
2017-01-25 10:41:57,263 INFO     Wrote output to trainNN/out/v045-unified-dirty:simple-ff-ffv-adam-60-60/config.json
2017-01-25 10:43:04,786 INFO     Saving network params to trainNN/out/v045-unified-dirty:simple-ff-ffv-adam-60-60/epoch-106.pkl
2017-01-25 10:43:10,634 INFO     epoch: 106 took 73.377s (0.022s in batching)
training loss:	0.587892
validation loss:	0.597551
validation error:	0.319985
2017-01-25 10:43:10,640 INFO     Wrote output to trainNN/out/v045-unified-dirty:simple-ff-ffv-adam-60-60/config.json
2017-01-25 10:44:18,320 INFO     Saving network params to trainNN/out/v045-unified-dirty:simple-ff-ffv-adam-60-60/epoch-107.pkl
2017-01-25 10:44:24,109 INFO     epoch: 107 took 73.475s (0.021s in batching)
training loss:	0.587790
validation loss:	0.598896
validation error:	0.322166
2017-01-25 10:44:24,115 INFO     Wrote output to trainNN/out/v045-unified-dirty:simple-ff-ffv-adam-60-60/config.json
2017-01-25 10:45:31,821 INFO     Saving network params to trainNN/out/v045-unified-dirty:simple-ff-ffv-adam-60-60/epoch-108.pkl
2017-01-25 10:45:37,581 INFO     epoch: 108 took 73.473s (0.020s in batching)
training loss:	0.587728
validation loss:	0.595691
validation error:	0.319311
2017-01-25 10:45:37,593 INFO     Wrote output to trainNN/out/v045-unified-dirty:simple-ff-ffv-adam-60-60/config.json
2017-01-25 10:46:44,807 INFO     Saving network params to trainNN/out/v045-unified-dirty:simple-ff-ffv-adam-60-60/epoch-109.pkl
2017-01-25 10:46:50,618 INFO     epoch: 109 took 73.036s (0.021s in batching)
training loss:	0.587754
validation loss:	0.598110
validation error:	0.321165
2017-01-25 10:46:50,624 INFO     Wrote output to trainNN/out/v045-unified-dirty:simple-ff-ffv-adam-60-60/config.json
2017-01-25 10:47:58,347 INFO     Saving network params to trainNN/out/v045-unified-dirty:simple-ff-ffv-adam-60-60/epoch-110.pkl
2017-01-25 10:48:04,200 INFO     epoch: 110 took 73.582s (0.022s in batching)
training loss:	0.587692
validation loss:	0.596634
validation error:	0.322002
2017-01-25 10:48:04,206 INFO     Wrote output to trainNN/out/v045-unified-dirty:simple-ff-ffv-adam-60-60/config.json
2017-01-25 10:49:11,695 INFO     Saving network params to trainNN/out/v045-unified-dirty:simple-ff-ffv-adam-60-60/epoch-111.pkl
2017-01-25 10:49:17,446 INFO     epoch: 111 took 73.246s (0.021s in batching)
training loss:	0.587735
validation loss:	0.597067
validation error:	0.318959
2017-01-25 10:49:17,453 INFO     Wrote output to trainNN/out/v045-unified-dirty:simple-ff-ffv-adam-60-60/config.json
2017-01-25 10:50:21,560 INFO     Saving network params to trainNN/out/v045-unified-dirty:simple-ff-ffv-adam-60-60/epoch-112.pkl
2017-01-25 10:50:26,330 INFO     epoch: 112 took 68.884s (0.022s in batching)
training loss:	0.587697
validation loss:	0.596043
validation error:	0.318250
2017-01-25 10:50:26,338 INFO     Wrote output to trainNN/out/v045-unified-dirty:simple-ff-ffv-adam-60-60/config.json
2017-01-25 10:51:22,727 INFO     Saving network params to trainNN/out/v045-unified-dirty:simple-ff-ffv-adam-60-60/epoch-113.pkl
2017-01-25 10:51:27,337 INFO     epoch: 113 took 61.007s (0.022s in batching)
training loss:	0.587648
validation loss:	0.598535
validation error:	0.321254
2017-01-25 10:51:27,343 INFO     Wrote output to trainNN/out/v045-unified-dirty:simple-ff-ffv-adam-60-60/config.json
2017-01-25 10:52:22,088 INFO     Saving network params to trainNN/out/v045-unified-dirty:simple-ff-ffv-adam-60-60/epoch-114.pkl
2017-01-25 10:52:26,562 INFO     epoch: 114 took 59.225s (0.019s in batching)
training loss:	0.587666
validation loss:	0.597799
validation error:	0.322260
2017-01-25 10:52:26,575 INFO     Wrote output to trainNN/out/v045-unified-dirty:simple-ff-ffv-adam-60-60/config.json
2017-01-25 10:53:19,930 INFO     Saving network params to trainNN/out/v045-unified-dirty:simple-ff-ffv-adam-60-60/epoch-115.pkl
2017-01-25 10:53:24,655 INFO     epoch: 115 took 58.093s (0.020s in batching)
training loss:	0.587425
validation loss:	0.596614
validation error:	0.320000
2017-01-25 10:53:24,662 INFO     Wrote output to trainNN/out/v045-unified-dirty:simple-ff-ffv-adam-60-60/config.json
2017-01-25 10:54:19,342 INFO     Saving network params to trainNN/out/v045-unified-dirty:simple-ff-ffv-adam-60-60/epoch-116.pkl
2017-01-25 10:54:24,118 INFO     epoch: 116 took 59.462s (0.021s in batching)
training loss:	0.587507
validation loss:	0.595962
validation error:	0.319876
2017-01-25 10:54:24,147 INFO     Wrote output to trainNN/out/v045-unified-dirty:simple-ff-ffv-adam-60-60/config.json
2017-01-25 10:55:28,111 INFO     Saving network params to trainNN/out/v045-unified-dirty:simple-ff-ffv-adam-60-60/epoch-117.pkl
2017-01-25 10:55:33,592 INFO     epoch: 117 took 69.474s (0.021s in batching)
training loss:	0.587479
validation loss:	0.596322
validation error:	0.320164
2017-01-25 10:55:33,610 INFO     Wrote output to trainNN/out/v045-unified-dirty:simple-ff-ffv-adam-60-60/config.json
2017-01-25 10:56:37,563 INFO     Saving network params to trainNN/out/v045-unified-dirty:simple-ff-ffv-adam-60-60/epoch-118.pkl
2017-01-25 10:56:42,988 INFO     epoch: 118 took 69.396s (0.020s in batching)
training loss:	0.587467
validation loss:	0.595745
validation error:	0.319083
2017-01-25 10:56:42,997 INFO     Wrote output to trainNN/out/v045-unified-dirty:simple-ff-ffv-adam-60-60/config.json
2017-01-25 10:57:47,110 INFO     Saving network params to trainNN/out/v045-unified-dirty:simple-ff-ffv-adam-60-60/epoch-119.pkl
2017-01-25 10:57:52,550 INFO     epoch: 119 took 69.561s (0.021s in batching)
training loss:	0.587398
validation loss:	0.593981
validation error:	0.317824
2017-01-25 10:57:52,569 INFO     Wrote output to trainNN/out/v045-unified-dirty:simple-ff-ffv-adam-60-60/config.json
2017-01-25 10:58:56,903 INFO     Saving network params to trainNN/out/v045-unified-dirty:simple-ff-ffv-adam-60-60/epoch-120.pkl
2017-01-25 10:59:02,345 INFO     epoch: 120 took 69.795s (0.022s in batching)
training loss:	0.587362
validation loss:	0.599222
validation error:	0.322206
2017-01-25 10:59:02,356 INFO     Wrote output to trainNN/out/v045-unified-dirty:simple-ff-ffv-adam-60-60/config.json
2017-01-25 11:00:07,196 INFO     Saving network params to trainNN/out/v045-unified-dirty:simple-ff-ffv-adam-60-60/epoch-121.pkl
2017-01-25 11:00:12,815 INFO     epoch: 121 took 70.464s (0.021s in batching)
training loss:	0.587397
validation loss:	0.597779
validation error:	0.321279
2017-01-25 11:00:13,148 INFO     Wrote output to trainNN/out/v045-unified-dirty:simple-ff-ffv-adam-60-60/config.json
2017-01-25 11:01:18,406 INFO     Saving network params to trainNN/out/v045-unified-dirty:simple-ff-ffv-adam-60-60/epoch-122.pkl
2017-01-25 11:01:23,818 INFO     epoch: 122 took 71.010s (0.021s in batching)
training loss:	0.587214
validation loss:	0.601068
validation error:	0.323831
2017-01-25 11:01:23,825 INFO     Wrote output to trainNN/out/v045-unified-dirty:simple-ff-ffv-adam-60-60/config.json
2017-01-25 11:02:27,803 INFO     Saving network params to trainNN/out/v045-unified-dirty:simple-ff-ffv-adam-60-60/epoch-123.pkl
2017-01-25 11:02:33,459 INFO     epoch: 123 took 69.641s (0.021s in batching)
training loss:	0.587373
validation loss:	0.595208
validation error:	0.318974
2017-01-25 11:02:33,466 INFO     Wrote output to trainNN/out/v045-unified-dirty:simple-ff-ffv-adam-60-60/config.json
2017-01-25 11:03:37,262 INFO     Saving network params to trainNN/out/v045-unified-dirty:simple-ff-ffv-adam-60-60/epoch-124.pkl
2017-01-25 11:03:42,664 INFO     epoch: 124 took 69.206s (0.020s in batching)
training loss:	0.587278
validation loss:	0.595724
validation error:	0.317641
2017-01-25 11:03:42,672 INFO     Wrote output to trainNN/out/v045-unified-dirty:simple-ff-ffv-adam-60-60/config.json
2017-01-25 11:04:58,946 INFO     Saving network params to trainNN/out/v045-unified-dirty:simple-ff-ffv-adam-60-60/epoch-125.pkl
2017-01-25 11:05:05,688 INFO     epoch: 125 took 83.023s (0.022s in batching)
training loss:	0.587286
validation loss:	0.596472
validation error:	0.319078
2017-01-25 11:05:05,696 INFO     Wrote output to trainNN/out/v045-unified-dirty:simple-ff-ffv-adam-60-60/config.json
2017-01-25 11:06:22,853 INFO     Saving network params to trainNN/out/v045-unified-dirty:simple-ff-ffv-adam-60-60/epoch-126.pkl
2017-01-25 11:06:29,557 INFO     epoch: 126 took 83.869s (0.023s in batching)
training loss:	0.587155
validation loss:	0.594526
validation error:	0.318270
2017-01-25 11:06:29,565 INFO     Wrote output to trainNN/out/v045-unified-dirty:simple-ff-ffv-adam-60-60/config.json
2017-01-25 11:07:41,590 INFO     Saving network params to trainNN/out/v045-unified-dirty:simple-ff-ffv-adam-60-60/epoch-127.pkl
2017-01-25 11:07:47,892 INFO     epoch: 127 took 78.335s (0.023s in batching)
training loss:	0.587092
validation loss:	0.596288
validation error:	0.317586
2017-01-25 11:07:47,901 INFO     Wrote output to trainNN/out/v045-unified-dirty:simple-ff-ffv-adam-60-60/config.json
2017-01-25 11:08:59,258 INFO     Saving network params to trainNN/out/v045-unified-dirty:simple-ff-ffv-adam-60-60/epoch-128.pkl
2017-01-25 11:09:05,341 INFO     epoch: 128 took 77.438s (0.022s in batching)
training loss:	0.587226
validation loss:	0.596506
validation error:	0.319321
2017-01-25 11:09:05,359 INFO     Wrote output to trainNN/out/v045-unified-dirty:simple-ff-ffv-adam-60-60/config.json
2017-01-25 11:10:19,241 INFO     Saving network params to trainNN/out/v045-unified-dirty:simple-ff-ffv-adam-60-60/epoch-129.pkl
2017-01-25 11:10:26,030 INFO     epoch: 129 took 80.700s (0.023s in batching)
training loss:	0.587111
validation loss:	0.597997
validation error:	0.319425
2017-01-25 11:10:26,049 INFO     Wrote output to trainNN/out/v045-unified-dirty:simple-ff-ffv-adam-60-60/config.json
2017-01-25 11:11:43,518 INFO     Saving network params to trainNN/out/v045-unified-dirty:simple-ff-ffv-adam-60-60/epoch-130.pkl
2017-01-25 11:11:50,314 INFO     epoch: 130 took 84.284s (0.022s in batching)
training loss:	0.587088
validation loss:	0.598120
validation error:	0.318796
2017-01-25 11:11:50,325 INFO     Wrote output to trainNN/out/v045-unified-dirty:simple-ff-ffv-adam-60-60/config.json
2017-01-25 11:13:07,764 INFO     Saving network params to trainNN/out/v045-unified-dirty:simple-ff-ffv-adam-60-60/epoch-131.pkl
2017-01-25 11:13:14,572 INFO     epoch: 131 took 84.258s (0.022s in batching)
training loss:	0.587058
validation loss:	0.596978
validation error:	0.320322
2017-01-25 11:13:14,581 INFO     Wrote output to trainNN/out/v045-unified-dirty:simple-ff-ffv-adam-60-60/config.json
2017-01-25 11:14:31,987 INFO     Saving network params to trainNN/out/v045-unified-dirty:simple-ff-ffv-adam-60-60/epoch-132.pkl
2017-01-25 11:14:38,845 INFO     epoch: 132 took 84.273s (0.022s in batching)
training loss:	0.587151
validation loss:	0.597364
validation error:	0.320882
2017-01-25 11:14:38,853 INFO     Wrote output to trainNN/out/v045-unified-dirty:simple-ff-ffv-adam-60-60/config.json
2017-01-25 11:15:56,324 INFO     Saving network params to trainNN/out/v045-unified-dirty:simple-ff-ffv-adam-60-60/epoch-133.pkl
2017-01-25 11:16:03,084 INFO     epoch: 133 took 84.239s (0.022s in batching)
training loss:	0.587163
validation loss:	0.595785
validation error:	0.320064
2017-01-25 11:16:03,100 INFO     Wrote output to trainNN/out/v045-unified-dirty:simple-ff-ffv-adam-60-60/config.json
2017-01-25 11:17:21,728 INFO     Saving network params to trainNN/out/v045-unified-dirty:simple-ff-ffv-adam-60-60/epoch-134.pkl
2017-01-25 11:17:27,763 INFO     epoch: 134 took 84.677s (0.022s in batching)
training loss:	0.587143
validation loss:	0.596528
validation error:	0.319881
2017-01-25 11:17:27,792 INFO     Wrote output to trainNN/out/v045-unified-dirty:simple-ff-ffv-adam-60-60/config.json
2017-01-25 11:18:36,575 INFO     Saving network params to trainNN/out/v045-unified-dirty:simple-ff-ffv-adam-60-60/epoch-135.pkl
2017-01-25 11:18:43,251 INFO     epoch: 135 took 75.490s (0.021s in batching)
training loss:	0.587013
validation loss:	0.595008
validation error:	0.317973
2017-01-25 11:18:43,259 INFO     Wrote output to trainNN/out/v045-unified-dirty:simple-ff-ffv-adam-60-60/config.json
2017-01-25 11:20:00,046 INFO     Saving network params to trainNN/out/v045-unified-dirty:simple-ff-ffv-adam-60-60/epoch-136.pkl
2017-01-25 11:20:06,958 INFO     epoch: 136 took 83.707s (0.021s in batching)
training loss:	0.587067
validation loss:	0.596146
validation error:	0.319276
2017-01-25 11:20:06,971 INFO     Wrote output to trainNN/out/v045-unified-dirty:simple-ff-ffv-adam-60-60/config.json
2017-01-25 11:21:24,369 INFO     Saving network params to trainNN/out/v045-unified-dirty:simple-ff-ffv-adam-60-60/epoch-137.pkl
2017-01-25 11:21:31,197 INFO     epoch: 137 took 84.239s (0.022s in batching)
training loss:	0.586968
validation loss:	0.597286
validation error:	0.320600
2017-01-25 11:21:31,205 INFO     Wrote output to trainNN/out/v045-unified-dirty:simple-ff-ffv-adam-60-60/config.json
2017-01-25 11:22:49,006 INFO     Saving network params to trainNN/out/v045-unified-dirty:simple-ff-ffv-adam-60-60/epoch-138.pkl
2017-01-25 11:22:55,852 INFO     epoch: 138 took 84.655s (0.023s in batching)
training loss:	0.586788
validation loss:	0.596218
validation error:	0.318548
2017-01-25 11:22:55,860 INFO     Wrote output to trainNN/out/v045-unified-dirty:simple-ff-ffv-adam-60-60/config.json
2017-01-25 11:24:12,473 INFO     Saving network params to trainNN/out/v045-unified-dirty:simple-ff-ffv-adam-60-60/epoch-139.pkl
2017-01-25 11:24:18,474 INFO     epoch: 139 took 82.622s (0.022s in batching)
training loss:	0.586946
validation loss:	0.599515
validation error:	0.323544
2017-01-25 11:24:18,483 INFO     Wrote output to trainNN/out/v045-unified-dirty:simple-ff-ffv-adam-60-60/config.json
2017-01-25 11:25:31,691 INFO     Saving network params to trainNN/out/v045-unified-dirty:simple-ff-ffv-adam-60-60/epoch-140.pkl
2017-01-25 11:25:38,449 INFO     epoch: 140 took 79.975s (0.021s in batching)
training loss:	0.586892
validation loss:	0.597675
validation error:	0.321879
2017-01-25 11:25:38,469 INFO     Wrote output to trainNN/out/v045-unified-dirty:simple-ff-ffv-adam-60-60/config.json
2017-01-25 11:26:54,397 INFO     Saving network params to trainNN/out/v045-unified-dirty:simple-ff-ffv-adam-60-60/epoch-141.pkl
2017-01-25 11:27:01,044 INFO     epoch: 141 took 82.595s (0.022s in batching)
training loss:	0.586832
validation loss:	0.597901
validation error:	0.321472
2017-01-25 11:27:01,052 INFO     Wrote output to trainNN/out/v045-unified-dirty:simple-ff-ffv-adam-60-60/config.json
2017-01-25 11:28:17,999 INFO     Saving network params to trainNN/out/v045-unified-dirty:simple-ff-ffv-adam-60-60/epoch-142.pkl
2017-01-25 11:28:24,913 INFO     epoch: 142 took 83.869s (0.022s in batching)
training loss:	0.586695
validation loss:	0.594665
validation error:	0.318786
2017-01-25 11:28:24,921 INFO     Wrote output to trainNN/out/v045-unified-dirty:simple-ff-ffv-adam-60-60/config.json
2017-01-25 11:29:42,256 INFO     Saving network params to trainNN/out/v045-unified-dirty:simple-ff-ffv-adam-60-60/epoch-143.pkl
2017-01-25 11:29:49,127 INFO     epoch: 143 took 84.215s (0.022s in batching)
training loss:	0.586801
validation loss:	0.596945
validation error:	0.318513
2017-01-25 11:29:49,136 INFO     Wrote output to trainNN/out/v045-unified-dirty:simple-ff-ffv-adam-60-60/config.json
2017-01-25 11:31:06,289 INFO     Saving network params to trainNN/out/v045-unified-dirty:simple-ff-ffv-adam-60-60/epoch-144.pkl
2017-01-25 11:31:13,180 INFO     epoch: 144 took 84.052s (0.022s in batching)
training loss:	0.586699
validation loss:	0.594936
validation error:	0.318766
2017-01-25 11:31:13,203 INFO     Wrote output to trainNN/out/v045-unified-dirty:simple-ff-ffv-adam-60-60/config.json
2017-01-25 11:32:30,845 INFO     Saving network params to trainNN/out/v045-unified-dirty:simple-ff-ffv-adam-60-60/epoch-145.pkl
2017-01-25 11:32:37,712 INFO     epoch: 145 took 84.532s (0.022s in batching)
training loss:	0.586717
validation loss:	0.595539
validation error:	0.320352
2017-01-25 11:32:37,726 INFO     Wrote output to trainNN/out/v045-unified-dirty:simple-ff-ffv-adam-60-60/config.json
2017-01-25 11:33:55,150 INFO     Saving network params to trainNN/out/v045-unified-dirty:simple-ff-ffv-adam-60-60/epoch-146.pkl
2017-01-25 11:34:02,022 INFO     epoch: 146 took 84.310s (0.022s in batching)
training loss:	0.586718
validation loss:	0.596478
validation error:	0.319603
2017-01-25 11:34:02,038 INFO     Wrote output to trainNN/out/v045-unified-dirty:simple-ff-ffv-adam-60-60/config.json
2017-01-25 11:35:19,380 INFO     Saving network params to trainNN/out/v045-unified-dirty:simple-ff-ffv-adam-60-60/epoch-147.pkl
2017-01-25 11:35:26,282 INFO     epoch: 147 took 84.260s (0.022s in batching)
training loss:	0.586681
validation loss:	0.596979
validation error:	0.318825
2017-01-25 11:35:26,295 INFO     Wrote output to trainNN/out/v045-unified-dirty:simple-ff-ffv-adam-60-60/config.json
2017-01-25 11:36:43,172 INFO     Saving network params to trainNN/out/v045-unified-dirty:simple-ff-ffv-adam-60-60/epoch-148.pkl
2017-01-25 11:36:50,041 INFO     epoch: 148 took 83.759s (0.022s in batching)
training loss:	0.586645
validation loss:	0.595618
validation error:	0.318305
2017-01-25 11:36:50,050 INFO     Wrote output to trainNN/out/v045-unified-dirty:simple-ff-ffv-adam-60-60/config.json
2017-01-25 11:38:07,367 INFO     Saving network params to trainNN/out/v045-unified-dirty:simple-ff-ffv-adam-60-60/epoch-149.pkl
2017-01-25 11:38:14,278 INFO     epoch: 149 took 84.236s (0.023s in batching)
training loss:	0.586597
validation loss:	0.597137
validation error:	0.319316
2017-01-25 11:38:14,286 INFO     Wrote output to trainNN/out/v045-unified-dirty:simple-ff-ffv-adam-60-60/config.json
2017-01-25 11:39:31,426 INFO     Saving network params to trainNN/out/v045-unified-dirty:simple-ff-ffv-adam-60-60/epoch-150.pkl
2017-01-25 11:39:38,353 INFO     epoch: 150 took 84.076s (0.023s in batching)
training loss:	0.586703
validation loss:	0.597806
validation error:	0.322498
2017-01-25 11:39:38,362 INFO     Wrote output to trainNN/out/v045-unified-dirty:simple-ff-ffv-adam-60-60/config.json
2017-01-25 11:40:55,397 INFO     Saving network params to trainNN/out/v045-unified-dirty:simple-ff-ffv-adam-60-60/epoch-151.pkl
2017-01-25 11:41:02,292 INFO     epoch: 151 took 83.939s (0.023s in batching)
training loss:	0.586494
validation loss:	0.599792
validation error:	0.322929
2017-01-25 11:41:02,302 INFO     Wrote output to trainNN/out/v045-unified-dirty:simple-ff-ffv-adam-60-60/config.json
2017-01-25 11:42:20,002 INFO     Saving network params to trainNN/out/v045-unified-dirty:simple-ff-ffv-adam-60-60/epoch-152.pkl
2017-01-25 11:42:26,847 INFO     epoch: 152 took 84.555s (0.022s in batching)
training loss:	0.586468
validation loss:	0.597679
validation error:	0.321388
2017-01-25 11:42:26,856 INFO     Wrote output to trainNN/out/v045-unified-dirty:simple-ff-ffv-adam-60-60/config.json
2017-01-25 11:43:39,649 INFO     Saving network params to trainNN/out/v045-unified-dirty:simple-ff-ffv-adam-60-60/epoch-153.pkl
2017-01-25 11:43:45,364 INFO     epoch: 153 took 78.517s (0.023s in batching)
training loss:	0.586641
validation loss:	0.595139
validation error:	0.319291
2017-01-25 11:43:45,382 INFO     Wrote output to trainNN/out/v045-unified-dirty:simple-ff-ffv-adam-60-60/config.json
2017-01-25 11:44:49,212 INFO     Saving network params to trainNN/out/v045-unified-dirty:simple-ff-ffv-adam-60-60/epoch-154.pkl
2017-01-25 11:44:53,890 INFO     epoch: 154 took 68.309s (0.022s in batching)
training loss:	0.586530
validation loss:	0.596995
validation error:	0.320451
2017-01-25 11:44:54,362 INFO     Wrote output to trainNN/out/v045-unified-dirty:simple-ff-ffv-adam-60-60/config.json
2017-01-25 11:45:46,695 INFO     Saving network params to trainNN/out/v045-unified-dirty:simple-ff-ffv-adam-60-60/epoch-155.pkl
2017-01-25 11:45:50,974 INFO     epoch: 155 took 57.301s (0.024s in batching)
training loss:	0.586455
validation loss:	0.599665
validation error:	0.322176
2017-01-25 11:45:51,068 INFO     Wrote output to trainNN/out/v045-unified-dirty:simple-ff-ffv-adam-60-60/config.json
2017-01-25 11:46:44,384 INFO     Saving network params to trainNN/out/v045-unified-dirty:simple-ff-ffv-adam-60-60/epoch-156.pkl
2017-01-25 11:46:49,677 INFO     epoch: 156 took 58.702s (0.023s in batching)
training loss:	0.586551
validation loss:	0.595049
validation error:	0.317730
2017-01-25 11:46:49,699 INFO     Wrote output to trainNN/out/v045-unified-dirty:simple-ff-ffv-adam-60-60/config.json
2017-01-25 11:48:02,061 INFO     Saving network params to trainNN/out/v045-unified-dirty:simple-ff-ffv-adam-60-60/epoch-157.pkl
2017-01-25 11:48:08,511 INFO     epoch: 157 took 78.837s (0.021s in batching)
training loss:	0.586470
validation loss:	0.597540
validation error:	0.319990
2017-01-25 11:48:08,532 INFO     Wrote output to trainNN/out/v045-unified-dirty:simple-ff-ffv-adam-60-60/config.json
2017-01-25 11:49:24,143 INFO     Saving network params to trainNN/out/v045-unified-dirty:simple-ff-ffv-adam-60-60/epoch-158.pkl
2017-01-25 11:49:30,558 INFO     epoch: 158 took 82.047s (0.022s in batching)
training loss:	0.586485
validation loss:	0.599299
validation error:	0.322012
2017-01-25 11:49:30,569 INFO     Wrote output to trainNN/out/v045-unified-dirty:simple-ff-ffv-adam-60-60/config.json
2017-01-25 11:50:45,879 INFO     Saving network params to trainNN/out/v045-unified-dirty:simple-ff-ffv-adam-60-60/epoch-159.pkl
2017-01-25 11:50:51,727 INFO     epoch: 159 took 81.169s (0.023s in batching)
training loss:	0.586281
validation loss:	0.595522
validation error:	0.318538
2017-01-25 11:50:51,740 INFO     Wrote output to trainNN/out/v045-unified-dirty:simple-ff-ffv-adam-60-60/config.json
2017-01-25 11:52:00,311 INFO     Saving network params to trainNN/out/v045-unified-dirty:simple-ff-ffv-adam-60-60/epoch-160.pkl
2017-01-25 11:52:06,937 INFO     epoch: 160 took 75.210s (0.022s in batching)
training loss:	0.586385
validation loss:	0.596464
validation error:	0.319182
2017-01-25 11:52:06,946 INFO     Wrote output to trainNN/out/v045-unified-dirty:simple-ff-ffv-adam-60-60/config.json
2017-01-25 11:53:22,583 INFO     Saving network params to trainNN/out/v045-unified-dirty:simple-ff-ffv-adam-60-60/epoch-161.pkl
2017-01-25 11:53:29,245 INFO     epoch: 161 took 82.308s (0.023s in batching)
training loss:	0.586474
validation loss:	0.593220
validation error:	0.317001
2017-01-25 11:53:29,254 INFO     Wrote output to trainNN/out/v045-unified-dirty:simple-ff-ffv-adam-60-60/config.json
2017-01-25 11:54:39,760 INFO     Saving network params to trainNN/out/v045-unified-dirty:simple-ff-ffv-adam-60-60/epoch-162.pkl
2017-01-25 11:54:44,669 INFO     epoch: 162 took 75.424s (0.022s in batching)
training loss:	0.586344
validation loss:	0.595694
validation error:	0.319366
2017-01-25 11:54:44,678 INFO     Wrote output to trainNN/out/v045-unified-dirty:simple-ff-ffv-adam-60-60/config.json
2017-01-25 11:55:41,217 INFO     Saving network params to trainNN/out/v045-unified-dirty:simple-ff-ffv-adam-60-60/epoch-163.pkl
2017-01-25 11:55:46,065 INFO     epoch: 163 took 61.393s (0.023s in batching)
training loss:	0.586351
validation loss:	0.597470
validation error:	0.320971
2017-01-25 11:55:46,165 INFO     Wrote output to trainNN/out/v045-unified-dirty:simple-ff-ffv-adam-60-60/config.json
2017-01-25 11:56:46,448 INFO     Saving network params to trainNN/out/v045-unified-dirty:simple-ff-ffv-adam-60-60/epoch-164.pkl
2017-01-25 11:56:52,894 INFO     epoch: 164 took 66.825s (0.023s in batching)
training loss:	0.586340
validation loss:	0.597078
validation error:	0.318686
2017-01-25 11:56:52,918 INFO     Wrote output to trainNN/out/v045-unified-dirty:simple-ff-ffv-adam-60-60/config.json
2017-01-25 11:58:03,447 INFO     Saving network params to trainNN/out/v045-unified-dirty:simple-ff-ffv-adam-60-60/epoch-165.pkl
2017-01-25 11:58:09,567 INFO     epoch: 165 took 76.680s (0.022s in batching)
training loss:	0.586376
validation loss:	0.598384
validation error:	0.322330
2017-01-25 11:58:09,584 INFO     Wrote output to trainNN/out/v045-unified-dirty:simple-ff-ffv-adam-60-60/config.json
2017-01-25 11:59:00,045 INFO     Saving network params to trainNN/out/v045-unified-dirty:simple-ff-ffv-adam-60-60/epoch-166.pkl
2017-01-25 11:59:04,868 INFO     epoch: 166 took 55.295s (0.020s in batching)
training loss:	0.586328
validation loss:	0.595908
validation error:	0.317913
2017-01-25 11:59:04,884 INFO     Wrote output to trainNN/out/v045-unified-dirty:simple-ff-ffv-adam-60-60/config.json
2017-01-25 12:00:03,826 INFO     Saving network params to trainNN/out/v045-unified-dirty:simple-ff-ffv-adam-60-60/epoch-167.pkl
2017-01-25 12:00:09,842 INFO     epoch: 167 took 64.979s (0.022s in batching)
training loss:	0.586354
validation loss:	0.595698
validation error:	0.317883
2017-01-25 12:00:09,932 INFO     Wrote output to trainNN/out/v045-unified-dirty:simple-ff-ffv-adam-60-60/config.json
2017-01-25 12:01:12,493 INFO     Saving network params to trainNN/out/v045-unified-dirty:simple-ff-ffv-adam-60-60/epoch-168.pkl
2017-01-25 12:01:17,327 INFO     epoch: 168 took 67.487s (0.025s in batching)
training loss:	0.586200
validation loss:	0.598994
validation error:	0.320748
2017-01-25 12:01:17,337 INFO     Wrote output to trainNN/out/v045-unified-dirty:simple-ff-ffv-adam-60-60/config.json
2017-01-25 12:02:16,717 INFO     Saving network params to trainNN/out/v045-unified-dirty:simple-ff-ffv-adam-60-60/epoch-169.pkl
2017-01-25 12:02:21,736 INFO     epoch: 169 took 64.408s (0.022s in batching)
training loss:	0.586240
validation loss:	0.596260
validation error:	0.320654
2017-01-25 12:02:22,660 INFO     Wrote output to trainNN/out/v045-unified-dirty:simple-ff-ffv-adam-60-60/config.json
2017-01-25 12:03:26,148 INFO     Saving network params to trainNN/out/v045-unified-dirty:simple-ff-ffv-adam-60-60/epoch-170.pkl
2017-01-25 12:03:31,694 INFO     epoch: 170 took 69.955s (0.022s in batching)
training loss:	0.586189
validation loss:	0.596944
validation error:	0.319683
2017-01-25 12:03:33,436 INFO     Wrote output to trainNN/out/v045-unified-dirty:simple-ff-ffv-adam-60-60/config.json
2017-01-25 12:04:32,653 INFO     Saving network params to trainNN/out/v045-unified-dirty:simple-ff-ffv-adam-60-60/epoch-171.pkl
2017-01-25 12:04:38,710 INFO     epoch: 171 took 67.019s (0.022s in batching)
training loss:	0.586303
validation loss:	0.596490
validation error:	0.319638
2017-01-25 12:04:38,735 INFO     Wrote output to trainNN/out/v045-unified-dirty:simple-ff-ffv-adam-60-60/config.json
2017-01-25 12:05:48,578 INFO     Saving network params to trainNN/out/v045-unified-dirty:simple-ff-ffv-adam-60-60/epoch-172.pkl
2017-01-25 12:05:54,910 INFO     epoch: 172 took 76.200s (0.023s in batching)
training loss:	0.586111
validation loss:	0.596637
validation error:	0.318498
2017-01-25 12:05:54,929 INFO     Wrote output to trainNN/out/v045-unified-dirty:simple-ff-ffv-adam-60-60/config.json
2017-01-25 12:07:08,056 INFO     Saving network params to trainNN/out/v045-unified-dirty:simple-ff-ffv-adam-60-60/epoch-173.pkl
2017-01-25 12:07:14,521 INFO     epoch: 173 took 79.611s (0.022s in batching)
training loss:	0.586245
validation loss:	0.597897
validation error:	0.320292
2017-01-25 12:07:14,530 INFO     Wrote output to trainNN/out/v045-unified-dirty:simple-ff-ffv-adam-60-60/config.json
2017-01-25 12:08:28,950 INFO     Saving network params to trainNN/out/v045-unified-dirty:simple-ff-ffv-adam-60-60/epoch-174.pkl
2017-01-25 12:08:35,384 INFO     epoch: 174 took 80.863s (0.022s in batching)
training loss:	0.586137
validation loss:	0.595120
validation error:	0.318216
2017-01-25 12:08:35,393 INFO     Wrote output to trainNN/out/v045-unified-dirty:simple-ff-ffv-adam-60-60/config.json
2017-01-25 12:09:50,658 INFO     Saving network params to trainNN/out/v045-unified-dirty:simple-ff-ffv-adam-60-60/epoch-175.pkl
2017-01-25 12:09:57,297 INFO     epoch: 175 took 81.913s (0.023s in batching)
training loss:	0.586130
validation loss:	0.595796
validation error:	0.318890
2017-01-25 12:09:57,306 INFO     Wrote output to trainNN/out/v045-unified-dirty:simple-ff-ffv-adam-60-60/config.json
2017-01-25 12:11:12,456 INFO     Saving network params to trainNN/out/v045-unified-dirty:simple-ff-ffv-adam-60-60/epoch-176.pkl
2017-01-25 12:11:18,569 INFO     epoch: 176 took 81.272s (0.023s in batching)
training loss:	0.586112
validation loss:	0.595298
validation error:	0.318394
2017-01-25 12:11:18,578 INFO     Wrote output to trainNN/out/v045-unified-dirty:simple-ff-ffv-adam-60-60/config.json
2017-01-25 12:12:32,297 INFO     Saving network params to trainNN/out/v045-unified-dirty:simple-ff-ffv-adam-60-60/epoch-177.pkl
2017-01-25 12:12:38,929 INFO     epoch: 177 took 80.360s (0.023s in batching)
training loss:	0.586206
validation loss:	0.594910
validation error:	0.317368
2017-01-25 12:12:38,938 INFO     Wrote output to trainNN/out/v045-unified-dirty:simple-ff-ffv-adam-60-60/config.json
2017-01-25 12:13:52,807 INFO     Saving network params to trainNN/out/v045-unified-dirty:simple-ff-ffv-adam-60-60/epoch-178.pkl
2017-01-25 12:13:59,395 INFO     epoch: 178 took 80.466s (0.022s in batching)
training loss:	0.586180
validation loss:	0.594285
validation error:	0.317462
2017-01-25 12:13:59,411 INFO     Wrote output to trainNN/out/v045-unified-dirty:simple-ff-ffv-adam-60-60/config.json
2017-01-25 12:15:14,265 INFO     Saving network params to trainNN/out/v045-unified-dirty:simple-ff-ffv-adam-60-60/epoch-179.pkl
2017-01-25 12:15:20,932 INFO     epoch: 179 took 81.538s (0.023s in batching)
training loss:	0.585995
validation loss:	0.600882
validation error:	0.320808
2017-01-25 12:15:20,942 INFO     Wrote output to trainNN/out/v045-unified-dirty:simple-ff-ffv-adam-60-60/config.json
2017-01-25 12:16:35,835 INFO     Saving network params to trainNN/out/v045-unified-dirty:simple-ff-ffv-adam-60-60/epoch-180.pkl
2017-01-25 12:16:42,391 INFO     epoch: 180 took 81.458s (0.022s in batching)
training loss:	0.586045
validation loss:	0.596499
validation error:	0.318270
2017-01-25 12:16:42,405 INFO     Wrote output to trainNN/out/v045-unified-dirty:simple-ff-ffv-adam-60-60/config.json
2017-01-25 12:17:57,110 INFO     Saving network params to trainNN/out/v045-unified-dirty:simple-ff-ffv-adam-60-60/epoch-181.pkl
2017-01-25 12:18:03,772 INFO     epoch: 181 took 81.381s (0.023s in batching)
training loss:	0.586048
validation loss:	0.597197
validation error:	0.320520
2017-01-25 12:18:03,796 INFO     Wrote output to trainNN/out/v045-unified-dirty:simple-ff-ffv-adam-60-60/config.json
2017-01-25 12:19:18,927 INFO     Saving network params to trainNN/out/v045-unified-dirty:simple-ff-ffv-adam-60-60/epoch-182.pkl
2017-01-25 12:19:25,483 INFO     epoch: 182 took 81.711s (0.023s in batching)
training loss:	0.586118
validation loss:	0.595627
validation error:	0.318444
2017-01-25 12:19:25,493 INFO     Wrote output to trainNN/out/v045-unified-dirty:simple-ff-ffv-adam-60-60/config.json
2017-01-25 12:20:40,014 INFO     Saving network params to trainNN/out/v045-unified-dirty:simple-ff-ffv-adam-60-60/epoch-183.pkl
2017-01-25 12:20:46,592 INFO     epoch: 183 took 81.109s (0.023s in batching)
training loss:	0.586136
validation loss:	0.596088
validation error:	0.318781
2017-01-25 12:20:46,603 INFO     Wrote output to trainNN/out/v045-unified-dirty:simple-ff-ffv-adam-60-60/config.json
2017-01-25 12:22:01,407 INFO     Saving network params to trainNN/out/v045-unified-dirty:simple-ff-ffv-adam-60-60/epoch-184.pkl
2017-01-25 12:22:08,063 INFO     epoch: 184 took 81.471s (0.023s in batching)
training loss:	0.586152
validation loss:	0.595463
validation error:	0.319708
2017-01-25 12:22:08,073 INFO     Wrote output to trainNN/out/v045-unified-dirty:simple-ff-ffv-adam-60-60/config.json
2017-01-25 12:23:23,064 INFO     Saving network params to trainNN/out/v045-unified-dirty:simple-ff-ffv-adam-60-60/epoch-185.pkl
2017-01-25 12:23:29,750 INFO     epoch: 185 took 81.687s (0.022s in batching)
training loss:	0.586027
validation loss:	0.594295
validation error:	0.318463
2017-01-25 12:23:29,762 INFO     Wrote output to trainNN/out/v045-unified-dirty:simple-ff-ffv-adam-60-60/config.json
2017-01-25 12:24:45,246 INFO     Saving network params to trainNN/out/v045-unified-dirty:simple-ff-ffv-adam-60-60/epoch-186.pkl
2017-01-25 12:24:51,825 INFO     epoch: 186 took 82.076s (0.022s in batching)
training loss:	0.585959
validation loss:	0.598746
validation error:	0.323063
2017-01-25 12:24:51,839 INFO     Wrote output to trainNN/out/v045-unified-dirty:simple-ff-ffv-adam-60-60/config.json
2017-01-25 12:26:07,031 INFO     Saving network params to trainNN/out/v045-unified-dirty:simple-ff-ffv-adam-60-60/epoch-187.pkl
2017-01-25 12:26:13,635 INFO     epoch: 187 took 81.809s (0.023s in batching)
training loss:	0.585973
validation loss:	0.595010
validation error:	0.317705
2017-01-25 12:26:13,645 INFO     Wrote output to trainNN/out/v045-unified-dirty:simple-ff-ffv-adam-60-60/config.json
2017-01-25 12:27:29,040 INFO     Saving network params to trainNN/out/v045-unified-dirty:simple-ff-ffv-adam-60-60/epoch-188.pkl
2017-01-25 12:27:35,618 INFO     epoch: 188 took 81.983s (0.023s in batching)
training loss:	0.585914
validation loss:	0.594630
validation error:	0.316312
2017-01-25 12:27:35,628 INFO     Wrote output to trainNN/out/v045-unified-dirty:simple-ff-ffv-adam-60-60/config.json
2017-01-25 12:28:51,381 INFO     Saving network params to trainNN/out/v045-unified-dirty:simple-ff-ffv-adam-60-60/epoch-189.pkl
2017-01-25 12:28:58,060 INFO     epoch: 189 took 82.443s (0.022s in batching)
training loss:	0.585846
validation loss:	0.594662
validation error:	0.318285
2017-01-25 12:28:58,071 INFO     Wrote output to trainNN/out/v045-unified-dirty:simple-ff-ffv-adam-60-60/config.json
2017-01-25 12:30:12,789 INFO     Saving network params to trainNN/out/v045-unified-dirty:simple-ff-ffv-adam-60-60/epoch-190.pkl
2017-01-25 12:30:19,341 INFO     epoch: 190 took 81.280s (0.023s in batching)
training loss:	0.585896
validation loss:	0.594508
validation error:	0.317908
2017-01-25 12:30:19,359 INFO     Wrote output to trainNN/out/v045-unified-dirty:simple-ff-ffv-adam-60-60/config.json
2017-01-25 12:31:32,907 INFO     Saving network params to trainNN/out/v045-unified-dirty:simple-ff-ffv-adam-60-60/epoch-191.pkl
2017-01-25 12:31:38,881 INFO     epoch: 191 took 79.540s (0.022s in batching)
training loss:	0.585963
validation loss:	0.595996
validation error:	0.318840
2017-01-25 12:31:38,900 INFO     Wrote output to trainNN/out/v045-unified-dirty:simple-ff-ffv-adam-60-60/config.json
2017-01-25 12:32:51,748 INFO     Saving network params to trainNN/out/v045-unified-dirty:simple-ff-ffv-adam-60-60/epoch-192.pkl
2017-01-25 12:32:57,991 INFO     epoch: 192 took 79.109s (0.021s in batching)
training loss:	0.585888
validation loss:	0.594588
validation error:	0.318439
2017-01-25 12:32:58,002 INFO     Wrote output to trainNN/out/v045-unified-dirty:simple-ff-ffv-adam-60-60/config.json
2017-01-25 12:34:13,447 INFO     Saving network params to trainNN/out/v045-unified-dirty:simple-ff-ffv-adam-60-60/epoch-193.pkl
2017-01-25 12:34:20,097 INFO     epoch: 193 took 82.107s (0.022s in batching)
training loss:	0.585836
validation loss:	0.596336
validation error:	0.319767
2017-01-25 12:34:21,775 INFO     Wrote output to trainNN/out/v045-unified-dirty:simple-ff-ffv-adam-60-60/config.json
2017-01-25 12:35:37,787 INFO     Saving network params to trainNN/out/v045-unified-dirty:simple-ff-ffv-adam-60-60/epoch-194.pkl
2017-01-25 12:35:44,404 INFO     epoch: 194 took 84.307s (0.023s in batching)
training loss:	0.585798
validation loss:	0.599012
validation error:	0.319445
2017-01-25 12:35:44,414 INFO     Wrote output to trainNN/out/v045-unified-dirty:simple-ff-ffv-adam-60-60/config.json
2017-01-25 12:36:58,318 INFO     Saving network params to trainNN/out/v045-unified-dirty:simple-ff-ffv-adam-60-60/epoch-195.pkl
2017-01-25 12:37:04,839 INFO     epoch: 195 took 80.435s (0.023s in batching)
training loss:	0.585850
validation loss:	0.596818
validation error:	0.319291
2017-01-25 12:37:04,849 INFO     Wrote output to trainNN/out/v045-unified-dirty:simple-ff-ffv-adam-60-60/config.json
2017-01-25 12:38:19,231 INFO     Saving network params to trainNN/out/v045-unified-dirty:simple-ff-ffv-adam-60-60/epoch-196.pkl
2017-01-25 12:38:25,841 INFO     epoch: 196 took 81.003s (0.023s in batching)
training loss:	0.585818
validation loss:	0.594675
validation error:	0.317705
2017-01-25 12:38:25,852 INFO     Wrote output to trainNN/out/v045-unified-dirty:simple-ff-ffv-adam-60-60/config.json
2017-01-25 12:39:41,812 INFO     Saving network params to trainNN/out/v045-unified-dirty:simple-ff-ffv-adam-60-60/epoch-197.pkl
2017-01-25 12:39:48,529 INFO     epoch: 197 took 82.687s (0.023s in batching)
training loss:	0.585810
validation loss:	0.596150
validation error:	0.318468
2017-01-25 12:39:48,539 INFO     Wrote output to trainNN/out/v045-unified-dirty:simple-ff-ffv-adam-60-60/config.json
2017-01-25 12:41:04,917 INFO     Saving network params to trainNN/out/v045-unified-dirty:simple-ff-ffv-adam-60-60/epoch-198.pkl
2017-01-25 12:41:11,617 INFO     epoch: 198 took 83.088s (0.022s in batching)
training loss:	0.585742
validation loss:	0.596553
validation error:	0.321700
2017-01-25 12:41:11,627 INFO     Wrote output to trainNN/out/v045-unified-dirty:simple-ff-ffv-adam-60-60/config.json
2017-01-25 12:42:27,776 INFO     Saving network params to trainNN/out/v045-unified-dirty:simple-ff-ffv-adam-60-60/epoch-199.pkl
2017-01-25 12:42:34,567 INFO     epoch: 199 took 82.951s (0.022s in batching)
training loss:	0.585728
validation loss:	0.597095
validation error:	0.318260
2017-01-25 12:42:34,578 INFO     Wrote output to trainNN/out/v045-unified-dirty:simple-ff-ffv-adam-60-60/config.json
