2017-01-25 07:11:04,544 DEBUG    version=v045-unified-dirty:simple-ff-ffv-adam-50-100
2017-01-25 07:11:04,560 INFO     Open DBase(data/db/all240302-spk.dat, data/db/all240302-spk.idx, mode='r')
2017-01-25 07:11:28,942 DEBUG    loading cached extracted data from data/cache/extract-17095dffdd75068299ccb5dd895af8ecaa0fbe1575b09b5b1ad4e4febf4d84ae.pickle
2017-01-25 07:11:35,123 DEBUG    set input dim to 9
2017-01-25 07:11:35,130 DEBUG    input dim = 9
2017-01-25 07:11:35,305 DEBUG    shuffling batches
2017-01-25 07:13:10,130 DEBUG    shuffling done
2017-01-25 07:13:10,131 DEBUG    loading data into ram
2017-01-25 07:13:10,280 DEBUG    loading data took 0.144s (cpu: 0.141s)
2017-01-25 07:13:10,854 DEBUG    set input dim to 9
2017-01-25 07:13:10,854 DEBUG    input dim = 9
2017-01-25 07:13:11,216 DEBUG    shuffling batches
2017-01-25 07:13:19,950 DEBUG    shuffling done
2017-01-25 07:13:19,950 DEBUG    loading data into ram
2017-01-25 07:13:19,965 DEBUG    loading data took 0.014s (cpu: 0.014s)
2017-01-25 07:13:20,183 INFO     Training network with 23352 trainable out of 23352 total params.
2017-01-25 07:13:20,296 DEBUG    Using adam with learning_rate=0.001000
2017-01-25 07:13:26,589 DEBUG    Starting training...
2017-01-25 07:14:20,939 INFO     Saving network params to trainNN/out/v045-unified-dirty:simple-ff-ffv-adam-50-100/epoch-000.pkl
2017-01-25 07:14:25,548 INFO     epoch: 0 took 58.958s (0.024s in batching)
training loss:	0.631808
validation loss:	0.629377
validation error:	0.358949
2017-01-25 07:14:25,550 INFO     Wrote output to trainNN/out/v045-unified-dirty:simple-ff-ffv-adam-50-100/config.json
2017-01-25 07:15:19,504 INFO     Saving network params to trainNN/out/v045-unified-dirty:simple-ff-ffv-adam-50-100/epoch-001.pkl
2017-01-25 07:15:23,897 INFO     epoch: 1 took 58.349s (0.021s in batching)
training loss:	0.617353
validation loss:	0.617569
validation error:	0.345546
2017-01-25 07:15:23,899 INFO     Wrote output to trainNN/out/v045-unified-dirty:simple-ff-ffv-adam-50-100/config.json
2017-01-25 07:16:17,414 INFO     Saving network params to trainNN/out/v045-unified-dirty:simple-ff-ffv-adam-50-100/epoch-002.pkl
2017-01-25 07:16:21,820 INFO     epoch: 2 took 57.923s (0.023s in batching)
training loss:	0.612066
validation loss:	0.611486
validation error:	0.340525
2017-01-25 07:16:21,831 INFO     Wrote output to trainNN/out/v045-unified-dirty:simple-ff-ffv-adam-50-100/config.json
2017-01-25 07:17:15,452 INFO     Saving network params to trainNN/out/v045-unified-dirty:simple-ff-ffv-adam-50-100/epoch-003.pkl
2017-01-25 07:17:19,780 INFO     epoch: 3 took 57.961s (0.022s in batching)
training loss:	0.608561
validation loss:	0.612017
validation error:	0.340729
2017-01-25 07:17:19,790 INFO     Wrote output to trainNN/out/v045-unified-dirty:simple-ff-ffv-adam-50-100/config.json
2017-01-25 07:18:13,721 INFO     Saving network params to trainNN/out/v045-unified-dirty:simple-ff-ffv-adam-50-100/epoch-004.pkl
2017-01-25 07:18:17,876 INFO     epoch: 4 took 58.096s (0.022s in batching)
training loss:	0.606080
validation loss:	0.605620
validation error:	0.333244
2017-01-25 07:18:17,884 INFO     Wrote output to trainNN/out/v045-unified-dirty:simple-ff-ffv-adam-50-100/config.json
2017-01-25 07:19:08,980 INFO     Saving network params to trainNN/out/v045-unified-dirty:simple-ff-ffv-adam-50-100/epoch-005.pkl
2017-01-25 07:19:12,782 INFO     epoch: 5 took 54.906s (0.023s in batching)
training loss:	0.604139
validation loss:	0.605505
validation error:	0.332724
2017-01-25 07:19:12,784 INFO     Wrote output to trainNN/out/v045-unified-dirty:simple-ff-ffv-adam-50-100/config.json
2017-01-25 07:20:02,127 INFO     Saving network params to trainNN/out/v045-unified-dirty:simple-ff-ffv-adam-50-100/epoch-006.pkl
2017-01-25 07:20:06,213 INFO     epoch: 6 took 53.431s (0.022s in batching)
training loss:	0.602608
validation loss:	0.605302
validation error:	0.333343
2017-01-25 07:20:06,223 INFO     Wrote output to trainNN/out/v045-unified-dirty:simple-ff-ffv-adam-50-100/config.json
2017-01-25 07:20:57,745 INFO     Saving network params to trainNN/out/v045-unified-dirty:simple-ff-ffv-adam-50-100/epoch-007.pkl
2017-01-25 07:21:01,841 INFO     epoch: 7 took 55.628s (0.021s in batching)
training loss:	0.601155
validation loss:	0.603787
validation error:	0.330538
2017-01-25 07:21:01,849 INFO     Wrote output to trainNN/out/v045-unified-dirty:simple-ff-ffv-adam-50-100/config.json
2017-01-25 07:21:50,778 INFO     Saving network params to trainNN/out/v045-unified-dirty:simple-ff-ffv-adam-50-100/epoch-008.pkl
2017-01-25 07:21:54,715 INFO     epoch: 8 took 52.874s (0.020s in batching)
training loss:	0.600143
validation loss:	0.601292
validation error:	0.326389
2017-01-25 07:21:54,728 INFO     Wrote output to trainNN/out/v045-unified-dirty:simple-ff-ffv-adam-50-100/config.json
2017-01-25 07:22:42,411 INFO     Saving network params to trainNN/out/v045-unified-dirty:simple-ff-ffv-adam-50-100/epoch-009.pkl
2017-01-25 07:22:46,806 INFO     epoch: 9 took 52.091s (0.020s in batching)
training loss:	0.599170
validation loss:	0.601788
validation error:	0.328109
2017-01-25 07:22:46,818 INFO     Wrote output to trainNN/out/v045-unified-dirty:simple-ff-ffv-adam-50-100/config.json
2017-01-25 07:23:46,138 INFO     Saving network params to trainNN/out/v045-unified-dirty:simple-ff-ffv-adam-50-100/epoch-010.pkl
2017-01-25 07:23:51,249 INFO     epoch: 10 took 64.444s (0.022s in batching)
training loss:	0.598393
validation loss:	0.600819
validation error:	0.325888
2017-01-25 07:23:51,263 INFO     Wrote output to trainNN/out/v045-unified-dirty:simple-ff-ffv-adam-50-100/config.json
2017-01-25 07:24:51,301 INFO     Saving network params to trainNN/out/v045-unified-dirty:simple-ff-ffv-adam-50-100/epoch-011.pkl
2017-01-25 07:24:56,273 INFO     epoch: 11 took 65.024s (0.022s in batching)
training loss:	0.597840
validation loss:	0.607072
validation error:	0.333418
2017-01-25 07:24:56,283 INFO     Wrote output to trainNN/out/v045-unified-dirty:simple-ff-ffv-adam-50-100/config.json
2017-01-25 07:25:56,358 INFO     Saving network params to trainNN/out/v045-unified-dirty:simple-ff-ffv-adam-50-100/epoch-012.pkl
2017-01-25 07:26:00,966 INFO     epoch: 12 took 64.693s (0.022s in batching)
training loss:	0.597054
validation loss:	0.602109
validation error:	0.329016
2017-01-25 07:26:00,973 INFO     Wrote output to trainNN/out/v045-unified-dirty:simple-ff-ffv-adam-50-100/config.json
2017-01-25 07:26:59,413 INFO     Saving network params to trainNN/out/v045-unified-dirty:simple-ff-ffv-adam-50-100/epoch-013.pkl
2017-01-25 07:27:04,421 INFO     epoch: 13 took 63.455s (0.022s in batching)
training loss:	0.596553
validation loss:	0.601473
validation error:	0.327727
2017-01-25 07:27:04,424 INFO     Wrote output to trainNN/out/v045-unified-dirty:simple-ff-ffv-adam-50-100/config.json
2017-01-25 07:28:05,044 INFO     Saving network params to trainNN/out/v045-unified-dirty:simple-ff-ffv-adam-50-100/epoch-014.pkl
2017-01-25 07:28:10,030 INFO     epoch: 14 took 65.609s (0.021s in batching)
training loss:	0.596086
validation loss:	0.598485
validation error:	0.323995
2017-01-25 07:28:10,042 INFO     Wrote output to trainNN/out/v045-unified-dirty:simple-ff-ffv-adam-50-100/config.json
2017-01-25 07:29:10,237 INFO     Saving network params to trainNN/out/v045-unified-dirty:simple-ff-ffv-adam-50-100/epoch-015.pkl
2017-01-25 07:29:15,220 INFO     epoch: 15 took 65.190s (0.022s in batching)
training loss:	0.595576
validation loss:	0.602300
validation error:	0.329115
2017-01-25 07:29:15,234 INFO     Wrote output to trainNN/out/v045-unified-dirty:simple-ff-ffv-adam-50-100/config.json
2017-01-25 07:30:13,117 INFO     Saving network params to trainNN/out/v045-unified-dirty:simple-ff-ffv-adam-50-100/epoch-016.pkl
2017-01-25 07:30:18,056 INFO     epoch: 16 took 62.836s (0.021s in batching)
training loss:	0.595275
validation loss:	0.598429
validation error:	0.324020
2017-01-25 07:30:18,059 INFO     Wrote output to trainNN/out/v045-unified-dirty:simple-ff-ffv-adam-50-100/config.json
2017-01-25 07:31:18,261 INFO     Saving network params to trainNN/out/v045-unified-dirty:simple-ff-ffv-adam-50-100/epoch-017.pkl
2017-01-25 07:31:23,546 INFO     epoch: 17 took 65.490s (0.023s in batching)
training loss:	0.594775
validation loss:	0.599637
validation error:	0.326701
2017-01-25 07:31:23,560 INFO     Wrote output to trainNN/out/v045-unified-dirty:simple-ff-ffv-adam-50-100/config.json
2017-01-25 07:32:23,759 INFO     Saving network params to trainNN/out/v045-unified-dirty:simple-ff-ffv-adam-50-100/epoch-018.pkl
2017-01-25 07:32:28,767 INFO     epoch: 18 took 65.221s (0.021s in batching)
training loss:	0.594635
validation loss:	0.600474
validation error:	0.326082
2017-01-25 07:32:28,779 INFO     Wrote output to trainNN/out/v045-unified-dirty:simple-ff-ffv-adam-50-100/config.json
2017-01-25 07:33:27,151 INFO     Saving network params to trainNN/out/v045-unified-dirty:simple-ff-ffv-adam-50-100/epoch-019.pkl
2017-01-25 07:33:32,144 INFO     epoch: 19 took 63.377s (0.023s in batching)
training loss:	0.594023
validation loss:	0.598733
validation error:	0.326617
2017-01-25 07:33:32,146 INFO     Wrote output to trainNN/out/v045-unified-dirty:simple-ff-ffv-adam-50-100/config.json
2017-01-25 07:34:32,837 INFO     Saving network params to trainNN/out/v045-unified-dirty:simple-ff-ffv-adam-50-100/epoch-020.pkl
2017-01-25 07:34:37,791 INFO     epoch: 20 took 65.648s (0.021s in batching)
training loss:	0.593874
validation loss:	0.601779
validation error:	0.328144
2017-01-25 07:34:37,805 INFO     Wrote output to trainNN/out/v045-unified-dirty:simple-ff-ffv-adam-50-100/config.json
2017-01-25 07:35:37,610 INFO     Saving network params to trainNN/out/v045-unified-dirty:simple-ff-ffv-adam-50-100/epoch-021.pkl
2017-01-25 07:35:42,680 INFO     epoch: 21 took 64.888s (0.022s in batching)
training loss:	0.593509
validation loss:	0.596849
validation error:	0.323653
2017-01-25 07:35:42,683 INFO     Wrote output to trainNN/out/v045-unified-dirty:simple-ff-ffv-adam-50-100/config.json
2017-01-25 07:36:41,332 INFO     Saving network params to trainNN/out/v045-unified-dirty:simple-ff-ffv-adam-50-100/epoch-022.pkl
2017-01-25 07:36:45,943 INFO     epoch: 22 took 63.263s (0.021s in batching)
training loss:	0.593301
validation loss:	0.598800
validation error:	0.325338
2017-01-25 07:36:45,946 INFO     Wrote output to trainNN/out/v045-unified-dirty:simple-ff-ffv-adam-50-100/config.json
2017-01-25 07:37:46,457 INFO     Saving network params to trainNN/out/v045-unified-dirty:simple-ff-ffv-adam-50-100/epoch-023.pkl
2017-01-25 07:37:51,324 INFO     epoch: 23 took 65.381s (0.023s in batching)
training loss:	0.593104
validation loss:	0.596492
validation error:	0.319955
2017-01-25 07:37:51,326 INFO     Wrote output to trainNN/out/v045-unified-dirty:simple-ff-ffv-adam-50-100/config.json
2017-01-25 07:38:51,662 INFO     Saving network params to trainNN/out/v045-unified-dirty:simple-ff-ffv-adam-50-100/epoch-024.pkl
2017-01-25 07:38:56,620 INFO     epoch: 24 took 65.297s (0.021s in batching)
training loss:	0.592870
validation loss:	0.601457
validation error:	0.325893
2017-01-25 07:38:56,623 INFO     Wrote output to trainNN/out/v045-unified-dirty:simple-ff-ffv-adam-50-100/config.json
2017-01-25 07:39:55,869 INFO     Saving network params to trainNN/out/v045-unified-dirty:simple-ff-ffv-adam-50-100/epoch-025.pkl
2017-01-25 07:40:00,959 INFO     epoch: 25 took 64.339s (0.021s in batching)
training loss:	0.592576
validation loss:	0.597568
validation error:	0.323589
2017-01-25 07:40:00,973 INFO     Wrote output to trainNN/out/v045-unified-dirty:simple-ff-ffv-adam-50-100/config.json
2017-01-25 07:40:59,755 INFO     Saving network params to trainNN/out/v045-unified-dirty:simple-ff-ffv-adam-50-100/epoch-026.pkl
2017-01-25 07:41:04,815 INFO     epoch: 26 took 63.856s (0.021s in batching)
training loss:	0.592472
validation loss:	0.597733
validation error:	0.323787
2017-01-25 07:41:04,820 INFO     Wrote output to trainNN/out/v045-unified-dirty:simple-ff-ffv-adam-50-100/config.json
2017-01-25 07:42:05,033 INFO     Saving network params to trainNN/out/v045-unified-dirty:simple-ff-ffv-adam-50-100/epoch-027.pkl
2017-01-25 07:42:09,878 INFO     epoch: 27 took 65.063s (0.023s in batching)
training loss:	0.592172
validation loss:	0.598678
validation error:	0.324278
2017-01-25 07:42:09,884 INFO     Wrote output to trainNN/out/v045-unified-dirty:simple-ff-ffv-adam-50-100/config.json
2017-01-25 07:43:09,462 INFO     Saving network params to trainNN/out/v045-unified-dirty:simple-ff-ffv-adam-50-100/epoch-028.pkl
2017-01-25 07:43:14,466 INFO     epoch: 28 took 64.588s (0.021s in batching)
training loss:	0.591926
validation loss:	0.600386
validation error:	0.324610
2017-01-25 07:43:14,473 INFO     Wrote output to trainNN/out/v045-unified-dirty:simple-ff-ffv-adam-50-100/config.json
2017-01-25 07:44:13,473 INFO     Saving network params to trainNN/out/v045-unified-dirty:simple-ff-ffv-adam-50-100/epoch-029.pkl
2017-01-25 07:44:18,475 INFO     epoch: 29 took 64.009s (0.023s in batching)
training loss:	0.591767
validation loss:	0.597131
validation error:	0.323504
2017-01-25 07:44:18,478 INFO     Wrote output to trainNN/out/v045-unified-dirty:simple-ff-ffv-adam-50-100/config.json
2017-01-25 07:45:18,445 INFO     Saving network params to trainNN/out/v045-unified-dirty:simple-ff-ffv-adam-50-100/epoch-030.pkl
2017-01-25 07:45:23,521 INFO     epoch: 30 took 65.045s (0.022s in batching)
training loss:	0.591793
validation loss:	0.598748
validation error:	0.325418
2017-01-25 07:45:23,524 INFO     Wrote output to trainNN/out/v045-unified-dirty:simple-ff-ffv-adam-50-100/config.json
2017-01-25 07:46:23,392 INFO     Saving network params to trainNN/out/v045-unified-dirty:simple-ff-ffv-adam-50-100/epoch-031.pkl
2017-01-25 07:46:28,374 INFO     epoch: 31 took 64.853s (0.022s in batching)
training loss:	0.591554
validation loss:	0.596753
validation error:	0.323608
2017-01-25 07:46:28,386 INFO     Wrote output to trainNN/out/v045-unified-dirty:simple-ff-ffv-adam-50-100/config.json
2017-01-25 07:47:27,511 INFO     Saving network params to trainNN/out/v045-unified-dirty:simple-ff-ffv-adam-50-100/epoch-032.pkl
2017-01-25 07:47:32,492 INFO     epoch: 32 took 64.118s (0.021s in batching)
training loss:	0.591415
validation loss:	0.599797
validation error:	0.325755
2017-01-25 07:47:32,496 INFO     Wrote output to trainNN/out/v045-unified-dirty:simple-ff-ffv-adam-50-100/config.json
2017-01-25 07:48:32,414 INFO     Saving network params to trainNN/out/v045-unified-dirty:simple-ff-ffv-adam-50-100/epoch-033.pkl
2017-01-25 07:48:37,604 INFO     epoch: 33 took 65.112s (0.023s in batching)
training loss:	0.591156
validation loss:	0.597136
validation error:	0.321214
2017-01-25 07:48:37,607 INFO     Wrote output to trainNN/out/v045-unified-dirty:simple-ff-ffv-adam-50-100/config.json
2017-01-25 07:49:37,249 INFO     Saving network params to trainNN/out/v045-unified-dirty:simple-ff-ffv-adam-50-100/epoch-034.pkl
2017-01-25 07:49:42,220 INFO     epoch: 34 took 64.616s (0.021s in batching)
training loss:	0.591110
validation loss:	0.598937
validation error:	0.323326
2017-01-25 07:49:42,230 INFO     Wrote output to trainNN/out/v045-unified-dirty:simple-ff-ffv-adam-50-100/config.json
2017-01-25 07:50:41,942 INFO     Saving network params to trainNN/out/v045-unified-dirty:simple-ff-ffv-adam-50-100/epoch-035.pkl
2017-01-25 07:50:46,589 INFO     epoch: 35 took 64.369s (0.022s in batching)
training loss:	0.590834
validation loss:	0.597659
validation error:	0.323772
2017-01-25 07:50:46,592 INFO     Wrote output to trainNN/out/v045-unified-dirty:simple-ff-ffv-adam-50-100/config.json
2017-01-25 07:51:46,337 INFO     Saving network params to trainNN/out/v045-unified-dirty:simple-ff-ffv-adam-50-100/epoch-036.pkl
2017-01-25 07:51:51,374 INFO     epoch: 36 took 64.785s (0.021s in batching)
training loss:	0.590931
validation loss:	0.598393
validation error:	0.324030
2017-01-25 07:51:51,377 INFO     Wrote output to trainNN/out/v045-unified-dirty:simple-ff-ffv-adam-50-100/config.json
2017-01-25 07:52:50,677 INFO     Saving network params to trainNN/out/v045-unified-dirty:simple-ff-ffv-adam-50-100/epoch-037.pkl
2017-01-25 07:52:55,726 INFO     epoch: 37 took 64.352s (0.023s in batching)
training loss:	0.590776
validation loss:	0.596281
validation error:	0.322394
2017-01-25 07:52:55,738 INFO     Wrote output to trainNN/out/v045-unified-dirty:simple-ff-ffv-adam-50-100/config.json
2017-01-25 07:53:56,543 INFO     Saving network params to trainNN/out/v045-unified-dirty:simple-ff-ffv-adam-50-100/epoch-038.pkl
2017-01-25 07:54:01,488 INFO     epoch: 38 took 65.762s (0.021s in batching)
training loss:	0.590711
validation loss:	0.596749
validation error:	0.324401
2017-01-25 07:54:01,500 INFO     Wrote output to trainNN/out/v045-unified-dirty:simple-ff-ffv-adam-50-100/config.json
2017-01-25 07:55:00,260 INFO     Saving network params to trainNN/out/v045-unified-dirty:simple-ff-ffv-adam-50-100/epoch-039.pkl
2017-01-25 07:55:05,368 INFO     epoch: 39 took 63.880s (0.023s in batching)
training loss:	0.590619
validation loss:	0.598221
validation error:	0.324317
2017-01-25 07:55:05,374 INFO     Wrote output to trainNN/out/v045-unified-dirty:simple-ff-ffv-adam-50-100/config.json
2017-01-25 07:56:04,668 INFO     Saving network params to trainNN/out/v045-unified-dirty:simple-ff-ffv-adam-50-100/epoch-040.pkl
2017-01-25 07:56:09,613 INFO     epoch: 40 took 64.246s (0.021s in batching)
training loss:	0.590546
validation loss:	0.598846
validation error:	0.325115
2017-01-25 07:56:09,617 INFO     Wrote output to trainNN/out/v045-unified-dirty:simple-ff-ffv-adam-50-100/config.json
2017-01-25 07:57:10,131 INFO     Saving network params to trainNN/out/v045-unified-dirty:simple-ff-ffv-adam-50-100/epoch-041.pkl
2017-01-25 07:57:15,457 INFO     epoch: 41 took 65.844s (0.023s in batching)
training loss:	0.590308
validation loss:	0.597508
validation error:	0.324441
2017-01-25 07:57:15,461 INFO     Wrote output to trainNN/out/v045-unified-dirty:simple-ff-ffv-adam-50-100/config.json
2017-01-25 07:58:14,464 INFO     Saving network params to trainNN/out/v045-unified-dirty:simple-ff-ffv-adam-50-100/epoch-042.pkl
2017-01-25 07:58:19,415 INFO     epoch: 42 took 63.958s (0.021s in batching)
training loss:	0.590448
validation loss:	0.598796
validation error:	0.322830
2017-01-25 07:58:19,419 INFO     Wrote output to trainNN/out/v045-unified-dirty:simple-ff-ffv-adam-50-100/config.json
2017-01-25 07:59:18,965 INFO     Saving network params to trainNN/out/v045-unified-dirty:simple-ff-ffv-adam-50-100/epoch-043.pkl
2017-01-25 07:59:23,785 INFO     epoch: 43 took 64.371s (0.022s in batching)
training loss:	0.590118
validation loss:	0.596422
validation error:	0.320704
2017-01-25 07:59:23,799 INFO     Wrote output to trainNN/out/v045-unified-dirty:simple-ff-ffv-adam-50-100/config.json
2017-01-25 08:00:24,635 INFO     Saving network params to trainNN/out/v045-unified-dirty:simple-ff-ffv-adam-50-100/epoch-044.pkl
2017-01-25 08:00:29,660 INFO     epoch: 44 took 65.875s (0.021s in batching)
training loss:	0.590000
validation loss:	0.597127
validation error:	0.321244
2017-01-25 08:00:29,676 INFO     Wrote output to trainNN/out/v045-unified-dirty:simple-ff-ffv-adam-50-100/config.json
2017-01-25 08:01:28,644 INFO     Saving network params to trainNN/out/v045-unified-dirty:simple-ff-ffv-adam-50-100/epoch-045.pkl
2017-01-25 08:01:33,643 INFO     epoch: 45 took 63.983s (0.023s in batching)
training loss:	0.590006
validation loss:	0.597309
validation error:	0.323732
2017-01-25 08:01:33,647 INFO     Wrote output to trainNN/out/v045-unified-dirty:simple-ff-ffv-adam-50-100/config.json
2017-01-25 08:02:33,249 INFO     Saving network params to trainNN/out/v045-unified-dirty:simple-ff-ffv-adam-50-100/epoch-046.pkl
2017-01-25 08:02:38,049 INFO     epoch: 46 took 64.406s (0.021s in batching)
training loss:	0.589898
validation loss:	0.596566
validation error:	0.321110
2017-01-25 08:02:38,062 INFO     Wrote output to trainNN/out/v045-unified-dirty:simple-ff-ffv-adam-50-100/config.json
2017-01-25 08:03:38,686 INFO     Saving network params to trainNN/out/v045-unified-dirty:simple-ff-ffv-adam-50-100/epoch-047.pkl
2017-01-25 08:03:43,722 INFO     epoch: 47 took 65.673s (0.022s in batching)
training loss:	0.589796
validation loss:	0.596598
validation error:	0.321432
2017-01-25 08:03:43,733 INFO     Wrote output to trainNN/out/v045-unified-dirty:simple-ff-ffv-adam-50-100/config.json
2017-01-25 08:04:43,449 INFO     Saving network params to trainNN/out/v045-unified-dirty:simple-ff-ffv-adam-50-100/epoch-048.pkl
2017-01-25 08:04:48,102 INFO     epoch: 48 took 64.379s (0.021s in batching)
training loss:	0.589687
validation loss:	0.601298
validation error:	0.326176
2017-01-25 08:04:48,112 INFO     Wrote output to trainNN/out/v045-unified-dirty:simple-ff-ffv-adam-50-100/config.json
2017-01-25 08:05:47,570 INFO     Saving network params to trainNN/out/v045-unified-dirty:simple-ff-ffv-adam-50-100/epoch-049.pkl
2017-01-25 08:05:52,680 INFO     epoch: 49 took 64.578s (0.022s in batching)
training loss:	0.589714
validation loss:	0.603531
validation error:	0.326429
2017-01-25 08:05:52,683 INFO     Wrote output to trainNN/out/v045-unified-dirty:simple-ff-ffv-adam-50-100/config.json
2017-01-25 08:06:49,325 INFO     Saving network params to trainNN/out/v045-unified-dirty:simple-ff-ffv-adam-50-100/epoch-050.pkl
2017-01-25 08:06:53,735 INFO     epoch: 50 took 61.055s (0.022s in batching)
training loss:	0.589562
validation loss:	0.601818
validation error:	0.327569
2017-01-25 08:06:53,748 INFO     Wrote output to trainNN/out/v045-unified-dirty:simple-ff-ffv-adam-50-100/config.json
2017-01-25 08:07:47,215 INFO     Saving network params to trainNN/out/v045-unified-dirty:simple-ff-ffv-adam-50-100/epoch-051.pkl
2017-01-25 08:07:51,478 INFO     epoch: 51 took 57.744s (0.023s in batching)
training loss:	0.589562
validation loss:	0.601893
validation error:	0.323554
2017-01-25 08:07:51,491 INFO     Wrote output to trainNN/out/v045-unified-dirty:simple-ff-ffv-adam-50-100/config.json
2017-01-25 08:08:44,607 INFO     Saving network params to trainNN/out/v045-unified-dirty:simple-ff-ffv-adam-50-100/epoch-052.pkl
2017-01-25 08:08:48,961 INFO     epoch: 52 took 57.483s (0.023s in batching)
training loss:	0.589375
validation loss:	0.597016
validation error:	0.320729
2017-01-25 08:08:48,965 INFO     Wrote output to trainNN/out/v045-unified-dirty:simple-ff-ffv-adam-50-100/config.json
2017-01-25 08:09:42,955 INFO     Saving network params to trainNN/out/v045-unified-dirty:simple-ff-ffv-adam-50-100/epoch-053.pkl
2017-01-25 08:09:47,344 INFO     epoch: 53 took 58.383s (0.022s in batching)
training loss:	0.589336
validation loss:	0.596821
validation error:	0.321849
2017-01-25 08:09:47,348 INFO     Wrote output to trainNN/out/v045-unified-dirty:simple-ff-ffv-adam-50-100/config.json
2017-01-25 08:10:40,891 INFO     Saving network params to trainNN/out/v045-unified-dirty:simple-ff-ffv-adam-50-100/epoch-054.pkl
2017-01-25 08:10:45,192 INFO     epoch: 54 took 57.847s (0.022s in batching)
training loss:	0.589207
validation loss:	0.595729
validation error:	0.321046
2017-01-25 08:10:45,196 INFO     Wrote output to trainNN/out/v045-unified-dirty:simple-ff-ffv-adam-50-100/config.json
2017-01-25 08:11:38,393 INFO     Saving network params to trainNN/out/v045-unified-dirty:simple-ff-ffv-adam-50-100/epoch-055.pkl
2017-01-25 08:11:42,509 INFO     epoch: 55 took 57.318s (0.022s in batching)
training loss:	0.589166
validation loss:	0.597487
validation error:	0.322969
2017-01-25 08:11:42,513 INFO     Wrote output to trainNN/out/v045-unified-dirty:simple-ff-ffv-adam-50-100/config.json
2017-01-25 08:12:35,498 INFO     Saving network params to trainNN/out/v045-unified-dirty:simple-ff-ffv-adam-50-100/epoch-056.pkl
2017-01-25 08:12:39,934 INFO     epoch: 56 took 57.425s (0.023s in batching)
training loss:	0.589129
validation loss:	0.597381
validation error:	0.321066
2017-01-25 08:12:39,950 INFO     Wrote output to trainNN/out/v045-unified-dirty:simple-ff-ffv-adam-50-100/config.json
2017-01-25 08:13:33,681 INFO     Saving network params to trainNN/out/v045-unified-dirty:simple-ff-ffv-adam-50-100/epoch-057.pkl
2017-01-25 08:13:38,135 INFO     epoch: 57 took 58.201s (0.023s in batching)
training loss:	0.589238
validation loss:	0.597528
validation error:	0.320347
2017-01-25 08:13:38,151 INFO     Wrote output to trainNN/out/v045-unified-dirty:simple-ff-ffv-adam-50-100/config.json
2017-01-25 08:14:31,981 INFO     Saving network params to trainNN/out/v045-unified-dirty:simple-ff-ffv-adam-50-100/epoch-058.pkl
2017-01-25 08:14:36,246 INFO     epoch: 58 took 58.111s (0.022s in batching)
training loss:	0.588930
validation loss:	0.599660
validation error:	0.323762
2017-01-25 08:14:36,251 INFO     Wrote output to trainNN/out/v045-unified-dirty:simple-ff-ffv-adam-50-100/config.json
2017-01-25 08:15:28,543 INFO     Saving network params to trainNN/out/v045-unified-dirty:simple-ff-ffv-adam-50-100/epoch-059.pkl
2017-01-25 08:15:32,837 INFO     epoch: 59 took 56.591s (0.023s in batching)
training loss:	0.589163
validation loss:	0.596353
validation error:	0.320828
2017-01-25 08:15:32,841 INFO     Wrote output to trainNN/out/v045-unified-dirty:simple-ff-ffv-adam-50-100/config.json
2017-01-25 08:16:26,726 INFO     Saving network params to trainNN/out/v045-unified-dirty:simple-ff-ffv-adam-50-100/epoch-060.pkl
2017-01-25 08:16:30,987 INFO     epoch: 60 took 58.150s (0.023s in batching)
training loss:	0.588900
validation loss:	0.595378
validation error:	0.320575
2017-01-25 08:16:30,991 INFO     Wrote output to trainNN/out/v045-unified-dirty:simple-ff-ffv-adam-50-100/config.json
2017-01-25 08:17:24,590 INFO     Saving network params to trainNN/out/v045-unified-dirty:simple-ff-ffv-adam-50-100/epoch-061.pkl
2017-01-25 08:17:28,865 INFO     epoch: 61 took 57.879s (0.022s in batching)
training loss:	0.588910
validation loss:	0.596070
validation error:	0.319296
2017-01-25 08:17:28,881 INFO     Wrote output to trainNN/out/v045-unified-dirty:simple-ff-ffv-adam-50-100/config.json
2017-01-25 08:18:22,739 INFO     Saving network params to trainNN/out/v045-unified-dirty:simple-ff-ffv-adam-50-100/epoch-062.pkl
2017-01-25 08:18:26,882 INFO     epoch: 62 took 58.016s (0.024s in batching)
training loss:	0.588858
validation loss:	0.596510
validation error:	0.320595
2017-01-25 08:18:26,886 INFO     Wrote output to trainNN/out/v045-unified-dirty:simple-ff-ffv-adam-50-100/config.json
2017-01-25 08:19:19,479 INFO     Saving network params to trainNN/out/v045-unified-dirty:simple-ff-ffv-adam-50-100/epoch-063.pkl
2017-01-25 08:19:23,769 INFO     epoch: 63 took 56.887s (0.023s in batching)
training loss:	0.588713
validation loss:	0.601517
validation error:	0.321804
2017-01-25 08:19:23,773 INFO     Wrote output to trainNN/out/v045-unified-dirty:simple-ff-ffv-adam-50-100/config.json
2017-01-25 08:20:17,266 INFO     Saving network params to trainNN/out/v045-unified-dirty:simple-ff-ffv-adam-50-100/epoch-064.pkl
2017-01-25 08:20:21,615 INFO     epoch: 64 took 57.847s (0.022s in batching)
training loss:	0.588759
validation loss:	0.598717
validation error:	0.322905
2017-01-25 08:20:21,629 INFO     Wrote output to trainNN/out/v045-unified-dirty:simple-ff-ffv-adam-50-100/config.json
2017-01-25 08:21:15,340 INFO     Saving network params to trainNN/out/v045-unified-dirty:simple-ff-ffv-adam-50-100/epoch-065.pkl
2017-01-25 08:21:19,817 INFO     epoch: 65 took 58.202s (0.025s in batching)
training loss:	0.588626
validation loss:	0.597712
validation error:	0.321209
2017-01-25 08:21:19,828 INFO     Wrote output to trainNN/out/v045-unified-dirty:simple-ff-ffv-adam-50-100/config.json
2017-01-25 08:22:07,637 INFO     Saving network params to trainNN/out/v045-unified-dirty:simple-ff-ffv-adam-50-100/epoch-066.pkl
2017-01-25 08:22:11,414 INFO     epoch: 66 took 51.597s (0.022s in batching)
training loss:	0.588658
validation loss:	0.596591
validation error:	0.321621
2017-01-25 08:22:11,419 INFO     Wrote output to trainNN/out/v045-unified-dirty:simple-ff-ffv-adam-50-100/config.json
2017-01-25 08:22:59,197 INFO     Saving network params to trainNN/out/v045-unified-dirty:simple-ff-ffv-adam-50-100/epoch-067.pkl
2017-01-25 08:23:03,136 INFO     epoch: 67 took 51.722s (0.023s in batching)
training loss:	0.588568
validation loss:	0.598172
validation error:	0.321175
2017-01-25 08:23:03,143 INFO     Wrote output to trainNN/out/v045-unified-dirty:simple-ff-ffv-adam-50-100/config.json
2017-01-25 08:23:51,236 INFO     Saving network params to trainNN/out/v045-unified-dirty:simple-ff-ffv-adam-50-100/epoch-068.pkl
2017-01-25 08:23:55,174 INFO     epoch: 68 took 52.038s (0.023s in batching)
training loss:	0.588594
validation loss:	0.596745
validation error:	0.321482
2017-01-25 08:23:55,190 INFO     Wrote output to trainNN/out/v045-unified-dirty:simple-ff-ffv-adam-50-100/config.json
2017-01-25 08:24:40,013 INFO     Saving network params to trainNN/out/v045-unified-dirty:simple-ff-ffv-adam-50-100/epoch-069.pkl
2017-01-25 08:24:43,401 INFO     epoch: 69 took 48.227s (0.023s in batching)
training loss:	0.588429
validation loss:	0.596005
validation error:	0.319053
2017-01-25 08:24:43,411 INFO     Wrote output to trainNN/out/v045-unified-dirty:simple-ff-ffv-adam-50-100/config.json
2017-01-25 08:25:23,687 INFO     Saving network params to trainNN/out/v045-unified-dirty:simple-ff-ffv-adam-50-100/epoch-070.pkl
2017-01-25 08:25:26,958 INFO     epoch: 70 took 43.557s (0.022s in batching)
training loss:	0.588344
validation loss:	0.600793
validation error:	0.325576
2017-01-25 08:25:26,975 INFO     Wrote output to trainNN/out/v045-unified-dirty:simple-ff-ffv-adam-50-100/config.json
2017-01-25 08:26:07,336 INFO     Saving network params to trainNN/out/v045-unified-dirty:simple-ff-ffv-adam-50-100/epoch-071.pkl
2017-01-25 08:26:10,824 INFO     epoch: 71 took 43.866s (0.022s in batching)
training loss:	0.588410
validation loss:	0.594834
validation error:	0.319470
2017-01-25 08:26:10,829 INFO     Wrote output to trainNN/out/v045-unified-dirty:simple-ff-ffv-adam-50-100/config.json
2017-01-25 08:26:51,301 INFO     Saving network params to trainNN/out/v045-unified-dirty:simple-ff-ffv-adam-50-100/epoch-072.pkl
2017-01-25 08:26:54,626 INFO     epoch: 72 took 43.802s (0.022s in batching)
training loss:	0.588289
validation loss:	0.597998
validation error:	0.322686
2017-01-25 08:26:54,631 INFO     Wrote output to trainNN/out/v045-unified-dirty:simple-ff-ffv-adam-50-100/config.json
2017-01-25 08:27:35,037 INFO     Saving network params to trainNN/out/v045-unified-dirty:simple-ff-ffv-adam-50-100/epoch-073.pkl
2017-01-25 08:27:38,254 INFO     epoch: 73 took 43.628s (0.023s in batching)
training loss:	0.588379
validation loss:	0.596823
validation error:	0.322107
2017-01-25 08:27:38,259 INFO     Wrote output to trainNN/out/v045-unified-dirty:simple-ff-ffv-adam-50-100/config.json
2017-01-25 08:28:18,860 INFO     Saving network params to trainNN/out/v045-unified-dirty:simple-ff-ffv-adam-50-100/epoch-074.pkl
2017-01-25 08:28:22,063 INFO     epoch: 74 took 43.809s (0.022s in batching)
training loss:	0.588144
validation loss:	0.598138
validation error:	0.321363
2017-01-25 08:28:22,068 INFO     Wrote output to trainNN/out/v045-unified-dirty:simple-ff-ffv-adam-50-100/config.json
2017-01-25 08:29:01,885 INFO     Saving network params to trainNN/out/v045-unified-dirty:simple-ff-ffv-adam-50-100/epoch-075.pkl
2017-01-25 08:29:05,399 INFO     epoch: 75 took 43.336s (0.022s in batching)
training loss:	0.588153
validation loss:	0.598149
validation error:	0.321452
2017-01-25 08:29:05,404 INFO     Wrote output to trainNN/out/v045-unified-dirty:simple-ff-ffv-adam-50-100/config.json
2017-01-25 08:29:46,327 INFO     Saving network params to trainNN/out/v045-unified-dirty:simple-ff-ffv-adam-50-100/epoch-076.pkl
2017-01-25 08:29:49,558 INFO     epoch: 76 took 44.160s (0.023s in batching)
training loss:	0.588092
validation loss:	0.597685
validation error:	0.322171
2017-01-25 08:29:49,564 INFO     Wrote output to trainNN/out/v045-unified-dirty:simple-ff-ffv-adam-50-100/config.json
2017-01-25 08:30:30,164 INFO     Saving network params to trainNN/out/v045-unified-dirty:simple-ff-ffv-adam-50-100/epoch-077.pkl
2017-01-25 08:30:33,288 INFO     epoch: 77 took 43.730s (0.023s in batching)
training loss:	0.588056
validation loss:	0.599191
validation error:	0.321829
2017-01-25 08:30:33,294 INFO     Wrote output to trainNN/out/v045-unified-dirty:simple-ff-ffv-adam-50-100/config.json
2017-01-25 08:31:14,137 INFO     Saving network params to trainNN/out/v045-unified-dirty:simple-ff-ffv-adam-50-100/epoch-078.pkl
2017-01-25 08:31:17,309 INFO     epoch: 78 took 44.020s (0.023s in batching)
training loss:	0.588064
validation loss:	0.597013
validation error:	0.322716
2017-01-25 08:31:17,314 INFO     Wrote output to trainNN/out/v045-unified-dirty:simple-ff-ffv-adam-50-100/config.json
2017-01-25 08:31:57,278 INFO     Saving network params to trainNN/out/v045-unified-dirty:simple-ff-ffv-adam-50-100/epoch-079.pkl
2017-01-25 08:32:01,240 INFO     epoch: 79 took 43.931s (0.023s in batching)
training loss:	0.587988
validation loss:	0.595806
validation error:	0.321452
2017-01-25 08:32:01,494 INFO     Wrote output to trainNN/out/v045-unified-dirty:simple-ff-ffv-adam-50-100/config.json
2017-01-25 08:32:42,460 INFO     Saving network params to trainNN/out/v045-unified-dirty:simple-ff-ffv-adam-50-100/epoch-080.pkl
2017-01-25 08:32:45,670 INFO     epoch: 80 took 44.430s (0.022s in batching)
training loss:	0.587909
validation loss:	0.596832
validation error:	0.319668
2017-01-25 08:32:45,675 INFO     Wrote output to trainNN/out/v045-unified-dirty:simple-ff-ffv-adam-50-100/config.json
2017-01-25 08:33:52,206 INFO     Saving network params to trainNN/out/v045-unified-dirty:simple-ff-ffv-adam-50-100/epoch-081.pkl
2017-01-25 08:34:04,026 INFO     epoch: 81 took 78.353s (0.022s in batching)
training loss:	0.587912
validation loss:	0.599322
validation error:	0.322577
2017-01-25 08:34:04,120 INFO     Wrote output to trainNN/out/v045-unified-dirty:simple-ff-ffv-adam-50-100/config.json
2017-01-25 08:34:45,112 INFO     Saving network params to trainNN/out/v045-unified-dirty:simple-ff-ffv-adam-50-100/epoch-082.pkl
2017-01-25 08:34:48,511 INFO     epoch: 82 took 44.488s (0.022s in batching)
training loss:	0.587832
validation loss:	0.596239
validation error:	0.319222
2017-01-25 08:34:48,528 INFO     Wrote output to trainNN/out/v045-unified-dirty:simple-ff-ffv-adam-50-100/config.json
2017-01-25 08:35:28,214 INFO     Saving network params to trainNN/out/v045-unified-dirty:simple-ff-ffv-adam-50-100/epoch-083.pkl
2017-01-25 08:35:31,490 INFO     epoch: 83 took 42.978s (0.022s in batching)
training loss:	0.587825
validation loss:	0.598575
validation error:	0.320897
2017-01-25 08:35:31,495 INFO     Wrote output to trainNN/out/v045-unified-dirty:simple-ff-ffv-adam-50-100/config.json
2017-01-25 08:36:10,145 INFO     Saving network params to trainNN/out/v045-unified-dirty:simple-ff-ffv-adam-50-100/epoch-084.pkl
2017-01-25 08:36:13,398 INFO     epoch: 84 took 41.908s (0.021s in batching)
training loss:	0.587726
validation loss:	0.596862
validation error:	0.319940
2017-01-25 08:36:13,403 INFO     Wrote output to trainNN/out/v045-unified-dirty:simple-ff-ffv-adam-50-100/config.json
2017-01-25 08:37:02,456 INFO     Saving network params to trainNN/out/v045-unified-dirty:simple-ff-ffv-adam-50-100/epoch-085.pkl
2017-01-25 08:37:05,618 INFO     epoch: 85 took 52.220s (0.022s in batching)
training loss:	0.587780
validation loss:	0.595786
validation error:	0.320079
2017-01-25 08:37:05,623 INFO     Wrote output to trainNN/out/v045-unified-dirty:simple-ff-ffv-adam-50-100/config.json
2017-01-25 08:37:46,219 INFO     Saving network params to trainNN/out/v045-unified-dirty:simple-ff-ffv-adam-50-100/epoch-086.pkl
2017-01-25 08:37:49,227 INFO     epoch: 86 took 43.609s (0.022s in batching)
training loss:	0.587697
validation loss:	0.598175
validation error:	0.320778
2017-01-25 08:37:49,267 INFO     Wrote output to trainNN/out/v045-unified-dirty:simple-ff-ffv-adam-50-100/config.json
2017-01-25 08:38:32,141 INFO     Saving network params to trainNN/out/v045-unified-dirty:simple-ff-ffv-adam-50-100/epoch-087.pkl
2017-01-25 08:38:35,895 INFO     epoch: 87 took 46.668s (0.022s in batching)
training loss:	0.587734
validation loss:	0.597433
validation error:	0.321229
2017-01-25 08:38:35,906 INFO     Wrote output to trainNN/out/v045-unified-dirty:simple-ff-ffv-adam-50-100/config.json
2017-01-25 08:39:24,190 INFO     Saving network params to trainNN/out/v045-unified-dirty:simple-ff-ffv-adam-50-100/epoch-088.pkl
2017-01-25 08:39:28,107 INFO     epoch: 88 took 52.212s (0.022s in batching)
training loss:	0.587648
validation loss:	0.598730
validation error:	0.322458
2017-01-25 08:39:28,113 INFO     Wrote output to trainNN/out/v045-unified-dirty:simple-ff-ffv-adam-50-100/config.json
2017-01-25 08:40:48,008 INFO     Saving network params to trainNN/out/v045-unified-dirty:simple-ff-ffv-adam-50-100/epoch-089.pkl
2017-01-25 08:40:50,956 INFO     epoch: 89 took 82.849s (0.023s in batching)
training loss:	0.587590
validation loss:	0.596691
validation error:	0.318929
2017-01-25 08:40:50,962 INFO     Wrote output to trainNN/out/v045-unified-dirty:simple-ff-ffv-adam-50-100/config.json
2017-01-25 08:43:21,918 INFO     Saving network params to trainNN/out/v045-unified-dirty:simple-ff-ffv-adam-50-100/epoch-090.pkl
2017-01-25 08:43:24,377 INFO     epoch: 90 took 153.421s (0.021s in batching)
training loss:	0.587470
validation loss:	0.597587
validation error:	0.321834
2017-01-25 08:43:24,382 INFO     Wrote output to trainNN/out/v045-unified-dirty:simple-ff-ffv-adam-50-100/config.json
2017-01-25 08:43:59,838 INFO     Saving network params to trainNN/out/v045-unified-dirty:simple-ff-ffv-adam-50-100/epoch-091.pkl
2017-01-25 08:44:02,993 INFO     epoch: 91 took 38.616s (0.021s in batching)
training loss:	0.587456
validation loss:	0.596757
validation error:	0.320411
2017-01-25 08:44:03,005 INFO     Wrote output to trainNN/out/v045-unified-dirty:simple-ff-ffv-adam-50-100/config.json
2017-01-25 08:44:43,179 INFO     Saving network params to trainNN/out/v045-unified-dirty:simple-ff-ffv-adam-50-100/epoch-092.pkl
2017-01-25 08:44:47,195 INFO     epoch: 92 took 44.202s (0.021s in batching)
training loss:	0.587596
validation loss:	0.598356
validation error:	0.322186
2017-01-25 08:44:47,210 INFO     Wrote output to trainNN/out/v045-unified-dirty:simple-ff-ffv-adam-50-100/config.json
2017-01-25 08:45:36,317 INFO     Saving network params to trainNN/out/v045-unified-dirty:simple-ff-ffv-adam-50-100/epoch-093.pkl
2017-01-25 08:45:40,453 INFO     epoch: 93 took 53.258s (0.022s in batching)
training loss:	0.587573
validation loss:	0.599607
validation error:	0.321467
2017-01-25 08:45:40,469 INFO     Wrote output to trainNN/out/v045-unified-dirty:simple-ff-ffv-adam-50-100/config.json
2017-01-25 08:46:31,098 INFO     Saving network params to trainNN/out/v045-unified-dirty:simple-ff-ffv-adam-50-100/epoch-094.pkl
2017-01-25 08:46:35,341 INFO     epoch: 94 took 54.888s (0.022s in batching)
training loss:	0.587489
validation loss:	0.595706
validation error:	0.319931
2017-01-25 08:46:35,349 INFO     Wrote output to trainNN/out/v045-unified-dirty:simple-ff-ffv-adam-50-100/config.json
2017-01-25 08:47:26,284 INFO     Saving network params to trainNN/out/v045-unified-dirty:simple-ff-ffv-adam-50-100/epoch-095.pkl
2017-01-25 08:47:30,581 INFO     epoch: 95 took 55.239s (0.023s in batching)
training loss:	0.587415
validation loss:	0.596973
validation error:	0.319167
2017-01-25 08:47:30,596 INFO     Wrote output to trainNN/out/v045-unified-dirty:simple-ff-ffv-adam-50-100/config.json
2017-01-25 08:48:19,865 INFO     Saving network params to trainNN/out/v045-unified-dirty:simple-ff-ffv-adam-50-100/epoch-096.pkl
2017-01-25 08:48:24,258 INFO     epoch: 96 took 53.678s (0.022s in batching)
training loss:	0.587390
validation loss:	0.599366
validation error:	0.323142
2017-01-25 08:48:24,264 INFO     Wrote output to trainNN/out/v045-unified-dirty:simple-ff-ffv-adam-50-100/config.json
2017-01-25 08:49:13,765 INFO     Saving network params to trainNN/out/v045-unified-dirty:simple-ff-ffv-adam-50-100/epoch-097.pkl
2017-01-25 08:49:17,905 INFO     epoch: 97 took 53.647s (0.022s in batching)
training loss:	0.587357
validation loss:	0.597493
validation error:	0.320213
2017-01-25 08:49:17,911 INFO     Wrote output to trainNN/out/v045-unified-dirty:simple-ff-ffv-adam-50-100/config.json
2017-01-25 08:50:07,656 INFO     Saving network params to trainNN/out/v045-unified-dirty:simple-ff-ffv-adam-50-100/epoch-098.pkl
2017-01-25 08:50:11,868 INFO     epoch: 98 took 53.964s (0.022s in batching)
training loss:	0.587384
validation loss:	0.600022
validation error:	0.325591
2017-01-25 08:50:11,874 INFO     Wrote output to trainNN/out/v045-unified-dirty:simple-ff-ffv-adam-50-100/config.json
2017-01-25 08:51:01,408 INFO     Saving network params to trainNN/out/v045-unified-dirty:simple-ff-ffv-adam-50-100/epoch-099.pkl
2017-01-25 08:51:05,496 INFO     epoch: 99 took 53.628s (0.023s in batching)
training loss:	0.587247
validation loss:	0.599812
validation error:	0.321799
2017-01-25 08:51:05,502 INFO     Wrote output to trainNN/out/v045-unified-dirty:simple-ff-ffv-adam-50-100/config.json
2017-01-25 08:51:54,369 INFO     Saving network params to trainNN/out/v045-unified-dirty:simple-ff-ffv-adam-50-100/epoch-100.pkl
2017-01-25 08:51:58,472 INFO     epoch: 100 took 52.976s (0.023s in batching)
training loss:	0.587343
validation loss:	0.596397
validation error:	0.319400
2017-01-25 08:51:58,486 INFO     Wrote output to trainNN/out/v045-unified-dirty:simple-ff-ffv-adam-50-100/config.json
2017-01-25 08:52:46,241 INFO     Saving network params to trainNN/out/v045-unified-dirty:simple-ff-ffv-adam-50-100/epoch-101.pkl
2017-01-25 08:52:50,236 INFO     epoch: 101 took 51.764s (0.022s in batching)
training loss:	0.587216
validation loss:	0.598988
validation error:	0.320421
2017-01-25 08:52:50,244 INFO     Wrote output to trainNN/out/v045-unified-dirty:simple-ff-ffv-adam-50-100/config.json
2017-01-25 08:53:37,721 INFO     Saving network params to trainNN/out/v045-unified-dirty:simple-ff-ffv-adam-50-100/epoch-102.pkl
2017-01-25 08:53:41,803 INFO     epoch: 102 took 51.567s (0.021s in batching)
training loss:	0.587260
validation loss:	0.597531
validation error:	0.318622
2017-01-25 08:53:41,809 INFO     Wrote output to trainNN/out/v045-unified-dirty:simple-ff-ffv-adam-50-100/config.json
2017-01-25 08:54:29,979 INFO     Saving network params to trainNN/out/v045-unified-dirty:simple-ff-ffv-adam-50-100/epoch-103.pkl
2017-01-25 08:54:33,922 INFO     epoch: 103 took 52.118s (0.021s in batching)
training loss:	0.587155
validation loss:	0.594734
validation error:	0.318240
2017-01-25 08:54:33,928 INFO     Wrote output to trainNN/out/v045-unified-dirty:simple-ff-ffv-adam-50-100/config.json
2017-01-25 08:55:19,538 INFO     Saving network params to trainNN/out/v045-unified-dirty:simple-ff-ffv-adam-50-100/epoch-104.pkl
2017-01-25 08:55:23,077 INFO     epoch: 104 took 49.155s (0.022s in batching)
training loss:	0.587129
validation loss:	0.596828
validation error:	0.319802
2017-01-25 08:55:23,083 INFO     Wrote output to trainNN/out/v045-unified-dirty:simple-ff-ffv-adam-50-100/config.json
2017-01-25 08:56:07,001 INFO     Saving network params to trainNN/out/v045-unified-dirty:simple-ff-ffv-adam-50-100/epoch-105.pkl
2017-01-25 08:56:10,618 INFO     epoch: 105 took 47.541s (0.022s in batching)
training loss:	0.587073
validation loss:	0.602226
validation error:	0.326369
2017-01-25 08:56:10,624 INFO     Wrote output to trainNN/out/v045-unified-dirty:simple-ff-ffv-adam-50-100/config.json
2017-01-25 08:56:55,053 INFO     Saving network params to trainNN/out/v045-unified-dirty:simple-ff-ffv-adam-50-100/epoch-106.pkl
2017-01-25 08:56:59,370 INFO     epoch: 106 took 48.752s (0.023s in batching)
training loss:	0.587164
validation loss:	0.595293
validation error:	0.318518
2017-01-25 08:56:59,416 INFO     Wrote output to trainNN/out/v045-unified-dirty:simple-ff-ffv-adam-50-100/config.json
2017-01-25 08:57:56,820 INFO     Saving network params to trainNN/out/v045-unified-dirty:simple-ff-ffv-adam-50-100/epoch-107.pkl
2017-01-25 08:58:01,939 INFO     epoch: 107 took 62.569s (0.023s in batching)
training loss:	0.587138
validation loss:	0.597159
validation error:	0.321135
2017-01-25 08:58:01,960 INFO     Wrote output to trainNN/out/v045-unified-dirty:simple-ff-ffv-adam-50-100/config.json
2017-01-25 08:59:00,824 INFO     Saving network params to trainNN/out/v045-unified-dirty:simple-ff-ffv-adam-50-100/epoch-108.pkl
2017-01-25 08:59:05,876 INFO     epoch: 108 took 63.938s (0.024s in batching)
training loss:	0.587217
validation loss:	0.597082
validation error:	0.319544
2017-01-25 08:59:05,883 INFO     Wrote output to trainNN/out/v045-unified-dirty:simple-ff-ffv-adam-50-100/config.json
2017-01-25 09:00:05,507 INFO     Saving network params to trainNN/out/v045-unified-dirty:simple-ff-ffv-adam-50-100/epoch-109.pkl
2017-01-25 09:00:10,607 INFO     epoch: 109 took 64.730s (0.022s in batching)
training loss:	0.587160
validation loss:	0.598021
validation error:	0.321631
2017-01-25 09:00:10,613 INFO     Wrote output to trainNN/out/v045-unified-dirty:simple-ff-ffv-adam-50-100/config.json
2017-01-25 09:01:09,962 INFO     Saving network params to trainNN/out/v045-unified-dirty:simple-ff-ffv-adam-50-100/epoch-110.pkl
2017-01-25 09:01:15,017 INFO     epoch: 110 took 64.410s (0.025s in batching)
training loss:	0.587144
validation loss:	0.595462
validation error:	0.318910
2017-01-25 09:01:15,023 INFO     Wrote output to trainNN/out/v045-unified-dirty:simple-ff-ffv-adam-50-100/config.json
2017-01-25 09:02:14,781 INFO     Saving network params to trainNN/out/v045-unified-dirty:simple-ff-ffv-adam-50-100/epoch-111.pkl
2017-01-25 09:02:19,866 INFO     epoch: 111 took 64.850s (0.023s in batching)
training loss:	0.587016
validation loss:	0.600027
validation error:	0.322607
2017-01-25 09:02:19,873 INFO     Wrote output to trainNN/out/v045-unified-dirty:simple-ff-ffv-adam-50-100/config.json
2017-01-25 09:03:18,789 INFO     Saving network params to trainNN/out/v045-unified-dirty:simple-ff-ffv-adam-50-100/epoch-112.pkl
2017-01-25 09:03:23,820 INFO     epoch: 112 took 63.954s (0.024s in batching)
training loss:	0.586972
validation loss:	0.598564
validation error:	0.320991
2017-01-25 09:03:23,827 INFO     Wrote output to trainNN/out/v045-unified-dirty:simple-ff-ffv-adam-50-100/config.json
2017-01-25 09:04:22,897 INFO     Saving network params to trainNN/out/v045-unified-dirty:simple-ff-ffv-adam-50-100/epoch-113.pkl
2017-01-25 09:04:27,981 INFO     epoch: 113 took 64.161s (0.022s in batching)
training loss:	0.586906
validation loss:	0.597201
validation error:	0.318880
2017-01-25 09:04:27,987 INFO     Wrote output to trainNN/out/v045-unified-dirty:simple-ff-ffv-adam-50-100/config.json
2017-01-25 09:05:27,077 INFO     Saving network params to trainNN/out/v045-unified-dirty:simple-ff-ffv-adam-50-100/epoch-114.pkl
2017-01-25 09:05:32,120 INFO     epoch: 114 took 64.139s (0.023s in batching)
training loss:	0.587024
validation loss:	0.598560
validation error:	0.321199
2017-01-25 09:05:32,126 INFO     Wrote output to trainNN/out/v045-unified-dirty:simple-ff-ffv-adam-50-100/config.json
2017-01-25 09:06:31,377 INFO     Saving network params to trainNN/out/v045-unified-dirty:simple-ff-ffv-adam-50-100/epoch-115.pkl
2017-01-25 09:06:36,425 INFO     epoch: 115 took 64.305s (0.024s in batching)
training loss:	0.586776
validation loss:	0.596061
validation error:	0.319574
2017-01-25 09:06:36,432 INFO     Wrote output to trainNN/out/v045-unified-dirty:simple-ff-ffv-adam-50-100/config.json
2017-01-25 09:07:36,043 INFO     Saving network params to trainNN/out/v045-unified-dirty:simple-ff-ffv-adam-50-100/epoch-116.pkl
2017-01-25 09:07:41,314 INFO     epoch: 116 took 64.889s (0.023s in batching)
training loss:	0.586940
validation loss:	0.597197
validation error:	0.319182
2017-01-25 09:07:41,320 INFO     Wrote output to trainNN/out/v045-unified-dirty:simple-ff-ffv-adam-50-100/config.json
2017-01-25 09:08:39,610 INFO     Saving network params to trainNN/out/v045-unified-dirty:simple-ff-ffv-adam-50-100/epoch-117.pkl
2017-01-25 09:08:44,710 INFO     epoch: 117 took 63.396s (0.023s in batching)
training loss:	0.586795
validation loss:	0.596919
validation error:	0.320808
2017-01-25 09:08:44,759 INFO     Wrote output to trainNN/out/v045-unified-dirty:simple-ff-ffv-adam-50-100/config.json
2017-01-25 09:09:42,598 INFO     Saving network params to trainNN/out/v045-unified-dirty:simple-ff-ffv-adam-50-100/epoch-118.pkl
2017-01-25 09:09:47,740 INFO     epoch: 118 took 63.030s (0.022s in batching)
training loss:	0.586863
validation loss:	0.600075
validation error:	0.324867
2017-01-25 09:09:47,746 INFO     Wrote output to trainNN/out/v045-unified-dirty:simple-ff-ffv-adam-50-100/config.json
2017-01-25 09:10:46,055 INFO     Saving network params to trainNN/out/v045-unified-dirty:simple-ff-ffv-adam-50-100/epoch-119.pkl
2017-01-25 09:10:51,473 INFO     epoch: 119 took 63.734s (0.023s in batching)
training loss:	0.586849
validation loss:	0.596692
validation error:	0.320302
2017-01-25 09:10:51,480 INFO     Wrote output to trainNN/out/v045-unified-dirty:simple-ff-ffv-adam-50-100/config.json
2017-01-25 09:11:57,851 INFO     Saving network params to trainNN/out/v045-unified-dirty:simple-ff-ffv-adam-50-100/epoch-120.pkl
2017-01-25 09:12:03,741 INFO     epoch: 120 took 72.268s (0.023s in batching)
training loss:	0.586830
validation loss:	0.595782
validation error:	0.320030
2017-01-25 09:12:03,748 INFO     Wrote output to trainNN/out/v045-unified-dirty:simple-ff-ffv-adam-50-100/config.json
2017-01-25 09:13:10,763 INFO     Saving network params to trainNN/out/v045-unified-dirty:simple-ff-ffv-adam-50-100/epoch-121.pkl
2017-01-25 09:13:16,586 INFO     epoch: 121 took 72.844s (0.024s in batching)
training loss:	0.586757
validation loss:	0.596057
validation error:	0.320981
2017-01-25 09:13:16,597 INFO     Wrote output to trainNN/out/v045-unified-dirty:simple-ff-ffv-adam-50-100/config.json
2017-01-25 09:14:23,530 INFO     Saving network params to trainNN/out/v045-unified-dirty:simple-ff-ffv-adam-50-100/epoch-122.pkl
2017-01-25 09:14:29,357 INFO     epoch: 122 took 72.771s (0.023s in batching)
training loss:	0.586847
validation loss:	0.596684
validation error:	0.319881
2017-01-25 09:14:29,364 INFO     Wrote output to trainNN/out/v045-unified-dirty:simple-ff-ffv-adam-50-100/config.json
2017-01-25 09:15:36,395 INFO     Saving network params to trainNN/out/v045-unified-dirty:simple-ff-ffv-adam-50-100/epoch-123.pkl
2017-01-25 09:15:42,338 INFO     epoch: 123 took 72.981s (0.024s in batching)
training loss:	0.586804
validation loss:	0.598653
validation error:	0.321690
2017-01-25 09:15:42,345 INFO     Wrote output to trainNN/out/v045-unified-dirty:simple-ff-ffv-adam-50-100/config.json
2017-01-25 09:16:49,656 INFO     Saving network params to trainNN/out/v045-unified-dirty:simple-ff-ffv-adam-50-100/epoch-124.pkl
2017-01-25 09:16:55,456 INFO     epoch: 124 took 73.118s (0.024s in batching)
training loss:	0.586759
validation loss:	0.600799
validation error:	0.321259
2017-01-25 09:16:55,463 INFO     Wrote output to trainNN/out/v045-unified-dirty:simple-ff-ffv-adam-50-100/config.json
2017-01-25 09:18:02,494 INFO     Saving network params to trainNN/out/v045-unified-dirty:simple-ff-ffv-adam-50-100/epoch-125.pkl
2017-01-25 09:18:08,343 INFO     epoch: 125 took 72.887s (0.022s in batching)
training loss:	0.586688
validation loss:	0.597206
validation error:	0.321259
2017-01-25 09:18:08,353 INFO     Wrote output to trainNN/out/v045-unified-dirty:simple-ff-ffv-adam-50-100/config.json
2017-01-25 09:19:17,611 INFO     Saving network params to trainNN/out/v045-unified-dirty:simple-ff-ffv-adam-50-100/epoch-126.pkl
2017-01-25 09:19:23,513 INFO     epoch: 126 took 75.170s (0.024s in batching)
training loss:	0.586685
validation loss:	0.597492
validation error:	0.320689
2017-01-25 09:19:23,524 INFO     Wrote output to trainNN/out/v045-unified-dirty:simple-ff-ffv-adam-50-100/config.json
2017-01-25 09:20:30,769 INFO     Saving network params to trainNN/out/v045-unified-dirty:simple-ff-ffv-adam-50-100/epoch-127.pkl
2017-01-25 09:20:36,652 INFO     epoch: 127 took 73.139s (0.023s in batching)
training loss:	0.586676
validation loss:	0.594794
validation error:	0.317859
2017-01-25 09:20:36,672 INFO     Wrote output to trainNN/out/v045-unified-dirty:simple-ff-ffv-adam-50-100/config.json
2017-01-25 09:21:44,053 INFO     Saving network params to trainNN/out/v045-unified-dirty:simple-ff-ffv-adam-50-100/epoch-128.pkl
2017-01-25 09:21:49,913 INFO     epoch: 128 took 73.261s (0.024s in batching)
training loss:	0.586577
validation loss:	0.595461
validation error:	0.319009
2017-01-25 09:21:49,921 INFO     Wrote output to trainNN/out/v045-unified-dirty:simple-ff-ffv-adam-50-100/config.json
2017-01-25 09:22:57,079 INFO     Saving network params to trainNN/out/v045-unified-dirty:simple-ff-ffv-adam-50-100/epoch-129.pkl
2017-01-25 09:23:02,924 INFO     epoch: 129 took 73.011s (0.024s in batching)
training loss:	0.586572
validation loss:	0.595749
validation error:	0.318568
2017-01-25 09:23:02,931 INFO     Wrote output to trainNN/out/v045-unified-dirty:simple-ff-ffv-adam-50-100/config.json
2017-01-25 09:24:10,162 INFO     Saving network params to trainNN/out/v045-unified-dirty:simple-ff-ffv-adam-50-100/epoch-130.pkl
2017-01-25 09:24:16,011 INFO     epoch: 130 took 73.087s (0.023s in batching)
training loss:	0.586486
validation loss:	0.598510
validation error:	0.322349
2017-01-25 09:24:16,023 INFO     Wrote output to trainNN/out/v045-unified-dirty:simple-ff-ffv-adam-50-100/config.json
2017-01-25 09:25:23,361 INFO     Saving network params to trainNN/out/v045-unified-dirty:simple-ff-ffv-adam-50-100/epoch-131.pkl
2017-01-25 09:25:29,194 INFO     epoch: 131 took 73.183s (0.024s in batching)
training loss:	0.586634
validation loss:	0.598552
validation error:	0.321660
2017-01-25 09:25:29,201 INFO     Wrote output to trainNN/out/v045-unified-dirty:simple-ff-ffv-adam-50-100/config.json
2017-01-25 09:26:36,649 INFO     Saving network params to trainNN/out/v045-unified-dirty:simple-ff-ffv-adam-50-100/epoch-132.pkl
2017-01-25 09:26:42,519 INFO     epoch: 132 took 73.325s (0.027s in batching)
training loss:	0.586564
validation loss:	0.599991
validation error:	0.325323
2017-01-25 09:26:42,537 INFO     Wrote output to trainNN/out/v045-unified-dirty:simple-ff-ffv-adam-50-100/config.json
2017-01-25 09:27:49,748 INFO     Saving network params to trainNN/out/v045-unified-dirty:simple-ff-ffv-adam-50-100/epoch-133.pkl
2017-01-25 09:27:55,547 INFO     epoch: 133 took 73.028s (0.023s in batching)
training loss:	0.586492
validation loss:	0.599131
validation error:	0.319921
2017-01-25 09:27:55,556 INFO     Wrote output to trainNN/out/v045-unified-dirty:simple-ff-ffv-adam-50-100/config.json
2017-01-25 09:29:02,889 INFO     Saving network params to trainNN/out/v045-unified-dirty:simple-ff-ffv-adam-50-100/epoch-134.pkl
2017-01-25 09:29:08,712 INFO     epoch: 134 took 73.166s (0.025s in batching)
training loss:	0.586559
validation loss:	0.597420
validation error:	0.321636
2017-01-25 09:29:08,722 INFO     Wrote output to trainNN/out/v045-unified-dirty:simple-ff-ffv-adam-50-100/config.json
2017-01-25 09:30:15,889 INFO     Saving network params to trainNN/out/v045-unified-dirty:simple-ff-ffv-adam-50-100/epoch-135.pkl
2017-01-25 09:30:21,721 INFO     epoch: 135 took 73.008s (0.024s in batching)
training loss:	0.586556
validation loss:	0.596956
validation error:	0.320084
2017-01-25 09:30:21,728 INFO     Wrote output to trainNN/out/v045-unified-dirty:simple-ff-ffv-adam-50-100/config.json
2017-01-25 09:31:28,747 INFO     Saving network params to trainNN/out/v045-unified-dirty:simple-ff-ffv-adam-50-100/epoch-136.pkl
2017-01-25 09:31:34,586 INFO     epoch: 136 took 72.866s (0.024s in batching)
training loss:	0.586452
validation loss:	0.596178
validation error:	0.317849
2017-01-25 09:31:34,594 INFO     Wrote output to trainNN/out/v045-unified-dirty:simple-ff-ffv-adam-50-100/config.json
2017-01-25 09:32:42,841 INFO     Saving network params to trainNN/out/v045-unified-dirty:simple-ff-ffv-adam-50-100/epoch-137.pkl
2017-01-25 09:32:48,914 INFO     epoch: 137 took 74.328s (0.025s in batching)
training loss:	0.586450
validation loss:	0.595648
validation error:	0.318057
2017-01-25 09:32:48,922 INFO     Wrote output to trainNN/out/v045-unified-dirty:simple-ff-ffv-adam-50-100/config.json
2017-01-25 09:33:56,493 INFO     Saving network params to trainNN/out/v045-unified-dirty:simple-ff-ffv-adam-50-100/epoch-138.pkl
2017-01-25 09:34:02,563 INFO     epoch: 138 took 73.650s (0.023s in batching)
training loss:	0.586502
validation loss:	0.597453
validation error:	0.318528
2017-01-25 09:34:02,573 INFO     Wrote output to trainNN/out/v045-unified-dirty:simple-ff-ffv-adam-50-100/config.json
2017-01-25 09:36:30,138 INFO     Saving network params to trainNN/out/v045-unified-dirty:simple-ff-ffv-adam-50-100/epoch-139.pkl
2017-01-25 09:36:35,655 INFO     epoch: 139 took 153.092s (0.025s in batching)
training loss:	0.586462
validation loss:	0.600235
validation error:	0.322840
2017-01-25 09:36:35,696 INFO     Wrote output to trainNN/out/v045-unified-dirty:simple-ff-ffv-adam-50-100/config.json
2017-01-25 09:37:39,705 INFO     Saving network params to trainNN/out/v045-unified-dirty:simple-ff-ffv-adam-50-100/epoch-140.pkl
2017-01-25 09:37:45,793 INFO     epoch: 140 took 70.123s (0.024s in batching)
training loss:	0.586293
validation loss:	0.595496
validation error:	0.317378
2017-01-25 09:37:45,821 INFO     Wrote output to trainNN/out/v045-unified-dirty:simple-ff-ffv-adam-50-100/config.json
2017-01-25 09:38:53,068 INFO     Saving network params to trainNN/out/v045-unified-dirty:simple-ff-ffv-adam-50-100/epoch-141.pkl
2017-01-25 09:38:58,859 INFO     epoch: 141 took 73.081s (0.022s in batching)
training loss:	0.586370
validation loss:	0.596419
validation error:	0.319792
2017-01-25 09:38:58,868 INFO     Wrote output to trainNN/out/v045-unified-dirty:simple-ff-ffv-adam-50-100/config.json
2017-01-25 09:40:05,144 INFO     Saving network params to trainNN/out/v045-unified-dirty:simple-ff-ffv-adam-50-100/epoch-142.pkl
2017-01-25 09:40:11,093 INFO     epoch: 142 took 72.234s (0.024s in batching)
training loss:	0.586359
validation loss:	0.599587
validation error:	0.319762
2017-01-25 09:40:11,102 INFO     Wrote output to trainNN/out/v045-unified-dirty:simple-ff-ffv-adam-50-100/config.json
2017-01-25 09:41:18,313 INFO     Saving network params to trainNN/out/v045-unified-dirty:simple-ff-ffv-adam-50-100/epoch-143.pkl
2017-01-25 09:41:24,274 INFO     epoch: 143 took 73.181s (0.024s in batching)
training loss:	0.586402
validation loss:	0.597364
validation error:	0.319708
2017-01-25 09:41:24,281 INFO     Wrote output to trainNN/out/v045-unified-dirty:simple-ff-ffv-adam-50-100/config.json
2017-01-25 09:42:31,583 INFO     Saving network params to trainNN/out/v045-unified-dirty:simple-ff-ffv-adam-50-100/epoch-144.pkl
2017-01-25 09:42:37,520 INFO     epoch: 144 took 73.246s (0.023s in batching)
training loss:	0.586306
validation loss:	0.596875
validation error:	0.320144
2017-01-25 09:42:37,536 INFO     Wrote output to trainNN/out/v045-unified-dirty:simple-ff-ffv-adam-50-100/config.json
2017-01-25 09:43:44,862 INFO     Saving network params to trainNN/out/v045-unified-dirty:simple-ff-ffv-adam-50-100/epoch-145.pkl
2017-01-25 09:43:50,867 INFO     epoch: 145 took 73.347s (0.024s in batching)
training loss:	0.586280
validation loss:	0.601730
validation error:	0.323559
2017-01-25 09:43:50,890 INFO     Wrote output to trainNN/out/v045-unified-dirty:simple-ff-ffv-adam-50-100/config.json
2017-01-25 09:44:57,483 INFO     Saving network params to trainNN/out/v045-unified-dirty:simple-ff-ffv-adam-50-100/epoch-146.pkl
2017-01-25 09:45:03,299 INFO     epoch: 146 took 72.433s (0.024s in batching)
training loss:	0.586145
validation loss:	0.596365
validation error:	0.318230
2017-01-25 09:45:03,307 INFO     Wrote output to trainNN/out/v045-unified-dirty:simple-ff-ffv-adam-50-100/config.json
2017-01-25 09:46:10,265 INFO     Saving network params to trainNN/out/v045-unified-dirty:simple-ff-ffv-adam-50-100/epoch-147.pkl
2017-01-25 09:46:16,159 INFO     epoch: 147 took 72.860s (0.023s in batching)
training loss:	0.586203
validation loss:	0.596865
validation error:	0.320446
2017-01-25 09:46:16,171 INFO     Wrote output to trainNN/out/v045-unified-dirty:simple-ff-ffv-adam-50-100/config.json
2017-01-25 09:47:23,443 INFO     Saving network params to trainNN/out/v045-unified-dirty:simple-ff-ffv-adam-50-100/epoch-148.pkl
2017-01-25 09:47:29,403 INFO     epoch: 148 took 73.244s (0.024s in batching)
training loss:	0.586164
validation loss:	0.599066
validation error:	0.321779
2017-01-25 09:47:29,414 INFO     Wrote output to trainNN/out/v045-unified-dirty:simple-ff-ffv-adam-50-100/config.json
2017-01-25 09:48:36,555 INFO     Saving network params to trainNN/out/v045-unified-dirty:simple-ff-ffv-adam-50-100/epoch-149.pkl
2017-01-25 09:48:42,518 INFO     epoch: 149 took 73.115s (0.023s in batching)
training loss:	0.586174
validation loss:	0.598636
validation error:	0.321393
2017-01-25 09:48:42,527 INFO     Wrote output to trainNN/out/v045-unified-dirty:simple-ff-ffv-adam-50-100/config.json
2017-01-25 09:49:49,948 INFO     Saving network params to trainNN/out/v045-unified-dirty:simple-ff-ffv-adam-50-100/epoch-150.pkl
2017-01-25 09:49:55,926 INFO     epoch: 150 took 73.408s (0.024s in batching)
training loss:	0.586118
validation loss:	0.595865
validation error:	0.319559
2017-01-25 09:49:55,936 INFO     Wrote output to trainNN/out/v045-unified-dirty:simple-ff-ffv-adam-50-100/config.json
2017-01-25 09:51:02,865 INFO     Saving network params to trainNN/out/v045-unified-dirty:simple-ff-ffv-adam-50-100/epoch-151.pkl
2017-01-25 09:51:08,794 INFO     epoch: 151 took 72.868s (0.024s in batching)
training loss:	0.586192
validation loss:	0.596588
validation error:	0.318280
2017-01-25 09:51:08,802 INFO     Wrote output to trainNN/out/v045-unified-dirty:simple-ff-ffv-adam-50-100/config.json
2017-01-25 09:52:15,843 INFO     Saving network params to trainNN/out/v045-unified-dirty:simple-ff-ffv-adam-50-100/epoch-152.pkl
2017-01-25 09:52:21,814 INFO     epoch: 152 took 73.020s (0.023s in batching)
training loss:	0.586169
validation loss:	0.595445
validation error:	0.316976
2017-01-25 09:52:21,828 INFO     Wrote output to trainNN/out/v045-unified-dirty:simple-ff-ffv-adam-50-100/config.json
2017-01-25 09:53:29,237 INFO     Saving network params to trainNN/out/v045-unified-dirty:simple-ff-ffv-adam-50-100/epoch-153.pkl
2017-01-25 09:53:35,207 INFO     epoch: 153 took 73.393s (0.024s in batching)
training loss:	0.586165
validation loss:	0.598052
validation error:	0.320912
2017-01-25 09:53:35,214 INFO     Wrote output to trainNN/out/v045-unified-dirty:simple-ff-ffv-adam-50-100/config.json
2017-01-25 09:54:42,504 INFO     Saving network params to trainNN/out/v045-unified-dirty:simple-ff-ffv-adam-50-100/epoch-154.pkl
2017-01-25 09:54:48,487 INFO     epoch: 154 took 73.280s (0.024s in batching)
training loss:	0.586121
validation loss:	0.598817
validation error:	0.323767
2017-01-25 09:54:48,498 INFO     Wrote output to trainNN/out/v045-unified-dirty:simple-ff-ffv-adam-50-100/config.json
2017-01-25 09:55:55,725 INFO     Saving network params to trainNN/out/v045-unified-dirty:simple-ff-ffv-adam-50-100/epoch-155.pkl
2017-01-25 09:56:01,702 INFO     epoch: 155 took 73.215s (0.023s in batching)
training loss:	0.586062
validation loss:	0.597255
validation error:	0.319138
2017-01-25 09:56:01,717 INFO     Wrote output to trainNN/out/v045-unified-dirty:simple-ff-ffv-adam-50-100/config.json
2017-01-25 09:57:08,852 INFO     Saving network params to trainNN/out/v045-unified-dirty:simple-ff-ffv-adam-50-100/epoch-156.pkl
2017-01-25 09:57:14,846 INFO     epoch: 156 took 73.144s (0.025s in batching)
training loss:	0.586145
validation loss:	0.598336
validation error:	0.321675
2017-01-25 09:57:14,868 INFO     Wrote output to trainNN/out/v045-unified-dirty:simple-ff-ffv-adam-50-100/config.json
2017-01-25 09:58:21,980 INFO     Saving network params to trainNN/out/v045-unified-dirty:simple-ff-ffv-adam-50-100/epoch-157.pkl
2017-01-25 09:58:27,913 INFO     epoch: 157 took 73.068s (0.023s in batching)
training loss:	0.586007
validation loss:	0.597189
validation error:	0.320902
2017-01-25 09:58:27,922 INFO     Wrote output to trainNN/out/v045-unified-dirty:simple-ff-ffv-adam-50-100/config.json
2017-01-25 09:59:34,832 INFO     Saving network params to trainNN/out/v045-unified-dirty:simple-ff-ffv-adam-50-100/epoch-158.pkl
2017-01-25 09:59:40,802 INFO     epoch: 158 took 72.889s (0.024s in batching)
training loss:	0.586036
validation loss:	0.598594
validation error:	0.320793
2017-01-25 09:59:40,810 INFO     Wrote output to trainNN/out/v045-unified-dirty:simple-ff-ffv-adam-50-100/config.json
2017-01-25 10:00:46,335 INFO     Saving network params to trainNN/out/v045-unified-dirty:simple-ff-ffv-adam-50-100/epoch-159.pkl
2017-01-25 10:00:51,329 INFO     epoch: 159 took 70.527s (0.024s in batching)
training loss:	0.586089
validation loss:	0.595420
validation error:	0.317180
2017-01-25 10:00:51,338 INFO     Wrote output to trainNN/out/v045-unified-dirty:simple-ff-ffv-adam-50-100/config.json
2017-01-25 10:01:57,351 INFO     Saving network params to trainNN/out/v045-unified-dirty:simple-ff-ffv-adam-50-100/epoch-160.pkl
2017-01-25 10:02:03,498 INFO     epoch: 160 took 72.169s (0.023s in batching)
training loss:	0.586034
validation loss:	0.596257
validation error:	0.319648
2017-01-25 10:02:03,508 INFO     Wrote output to trainNN/out/v045-unified-dirty:simple-ff-ffv-adam-50-100/config.json
2017-01-25 10:03:11,153 INFO     Saving network params to trainNN/out/v045-unified-dirty:simple-ff-ffv-adam-50-100/epoch-161.pkl
2017-01-25 10:03:17,304 INFO     epoch: 161 took 73.807s (0.024s in batching)
training loss:	0.585952
validation loss:	0.596067
validation error:	0.318914
2017-01-25 10:03:17,326 INFO     Wrote output to trainNN/out/v045-unified-dirty:simple-ff-ffv-adam-50-100/config.json
2017-01-25 10:04:24,748 INFO     Saving network params to trainNN/out/v045-unified-dirty:simple-ff-ffv-adam-50-100/epoch-162.pkl
2017-01-25 10:04:30,711 INFO     epoch: 162 took 73.407s (0.022s in batching)
training loss:	0.585966
validation loss:	0.596410
validation error:	0.320124
2017-01-25 10:04:30,722 INFO     Wrote output to trainNN/out/v045-unified-dirty:simple-ff-ffv-adam-50-100/config.json
2017-01-25 10:05:37,827 INFO     Saving network params to trainNN/out/v045-unified-dirty:simple-ff-ffv-adam-50-100/epoch-163.pkl
2017-01-25 10:05:43,878 INFO     epoch: 163 took 73.166s (0.024s in batching)
training loss:	0.586159
validation loss:	0.598470
validation error:	0.320426
2017-01-25 10:05:43,891 INFO     Wrote output to trainNN/out/v045-unified-dirty:simple-ff-ffv-adam-50-100/config.json
2017-01-25 10:06:50,705 INFO     Saving network params to trainNN/out/v045-unified-dirty:simple-ff-ffv-adam-50-100/epoch-164.pkl
2017-01-25 10:06:56,659 INFO     epoch: 164 took 72.781s (0.024s in batching)
training loss:	0.585948
validation loss:	0.596562
validation error:	0.318424
2017-01-25 10:06:56,672 INFO     Wrote output to trainNN/out/v045-unified-dirty:simple-ff-ffv-adam-50-100/config.json
2017-01-25 10:08:03,870 INFO     Saving network params to trainNN/out/v045-unified-dirty:simple-ff-ffv-adam-50-100/epoch-165.pkl
2017-01-25 10:08:09,914 INFO     epoch: 165 took 73.256s (0.023s in batching)
training loss:	0.585893
validation loss:	0.597674
validation error:	0.320976
2017-01-25 10:08:09,924 INFO     Wrote output to trainNN/out/v045-unified-dirty:simple-ff-ffv-adam-50-100/config.json
2017-01-25 10:09:17,229 INFO     Saving network params to trainNN/out/v045-unified-dirty:simple-ff-ffv-adam-50-100/epoch-166.pkl
2017-01-25 10:09:23,266 INFO     epoch: 166 took 73.352s (0.025s in batching)
training loss:	0.585959
validation loss:	0.594636
validation error:	0.318449
2017-01-25 10:09:23,276 INFO     Wrote output to trainNN/out/v045-unified-dirty:simple-ff-ffv-adam-50-100/config.json
2017-01-25 10:10:30,629 INFO     Saving network params to trainNN/out/v045-unified-dirty:simple-ff-ffv-adam-50-100/epoch-167.pkl
2017-01-25 10:10:36,606 INFO     epoch: 167 took 73.340s (0.023s in batching)
training loss:	0.585999
validation loss:	0.596280
validation error:	0.317561
2017-01-25 10:10:36,627 INFO     Wrote output to trainNN/out/v045-unified-dirty:simple-ff-ffv-adam-50-100/config.json
2017-01-25 10:11:43,802 INFO     Saving network params to trainNN/out/v045-unified-dirty:simple-ff-ffv-adam-50-100/epoch-168.pkl
2017-01-25 10:11:49,816 INFO     epoch: 168 took 73.210s (0.025s in batching)
training loss:	0.585975
validation loss:	0.598423
validation error:	0.319425
2017-01-25 10:11:49,825 INFO     Wrote output to trainNN/out/v045-unified-dirty:simple-ff-ffv-adam-50-100/config.json
2017-01-25 10:12:57,435 INFO     Saving network params to trainNN/out/v045-unified-dirty:simple-ff-ffv-adam-50-100/epoch-169.pkl
2017-01-25 10:13:03,507 INFO     epoch: 169 took 73.690s (0.024s in batching)
training loss:	0.585880
validation loss:	0.599154
validation error:	0.320758
2017-01-25 10:13:03,520 INFO     Wrote output to trainNN/out/v045-unified-dirty:simple-ff-ffv-adam-50-100/config.json
2017-01-25 10:14:10,739 INFO     Saving network params to trainNN/out/v045-unified-dirty:simple-ff-ffv-adam-50-100/epoch-170.pkl
2017-01-25 10:14:16,763 INFO     epoch: 170 took 73.256s (0.023s in batching)
training loss:	0.585946
validation loss:	0.599559
validation error:	0.322002
2017-01-25 10:14:16,780 INFO     Wrote output to trainNN/out/v045-unified-dirty:simple-ff-ffv-adam-50-100/config.json
2017-01-25 10:15:24,286 INFO     Saving network params to trainNN/out/v045-unified-dirty:simple-ff-ffv-adam-50-100/epoch-171.pkl
2017-01-25 10:15:30,294 INFO     epoch: 171 took 73.532s (0.024s in batching)
training loss:	0.585851
validation loss:	0.598425
validation error:	0.321011
2017-01-25 10:15:30,312 INFO     Wrote output to trainNN/out/v045-unified-dirty:simple-ff-ffv-adam-50-100/config.json
2017-01-25 10:16:41,995 INFO     Saving network params to trainNN/out/v045-unified-dirty:simple-ff-ffv-adam-50-100/epoch-172.pkl
2017-01-25 10:16:48,193 INFO     epoch: 172 took 77.899s (0.023s in batching)
training loss:	0.585803
validation loss:	0.595859
validation error:	0.318062
2017-01-25 10:16:48,265 INFO     Wrote output to trainNN/out/v045-unified-dirty:simple-ff-ffv-adam-50-100/config.json
2017-01-25 10:17:57,375 INFO     Saving network params to trainNN/out/v045-unified-dirty:simple-ff-ffv-adam-50-100/epoch-173.pkl
2017-01-25 10:18:03,387 INFO     epoch: 173 took 75.194s (0.024s in batching)
training loss:	0.585893
validation loss:	0.598498
validation error:	0.321234
2017-01-25 10:18:03,411 INFO     Wrote output to trainNN/out/v045-unified-dirty:simple-ff-ffv-adam-50-100/config.json
2017-01-25 10:19:10,674 INFO     Saving network params to trainNN/out/v045-unified-dirty:simple-ff-ffv-adam-50-100/epoch-174.pkl
2017-01-25 10:19:16,810 INFO     epoch: 174 took 73.422s (0.023s in batching)
training loss:	0.585719
validation loss:	0.599356
validation error:	0.321279
2017-01-25 10:19:16,827 INFO     Wrote output to trainNN/out/v045-unified-dirty:simple-ff-ffv-adam-50-100/config.json
2017-01-25 10:20:24,098 INFO     Saving network params to trainNN/out/v045-unified-dirty:simple-ff-ffv-adam-50-100/epoch-175.pkl
2017-01-25 10:20:30,109 INFO     epoch: 175 took 73.299s (0.024s in batching)
training loss:	0.585762
validation loss:	0.597460
validation error:	0.318597
2017-01-25 10:20:30,122 INFO     Wrote output to trainNN/out/v045-unified-dirty:simple-ff-ffv-adam-50-100/config.json
2017-01-25 10:21:37,566 INFO     Saving network params to trainNN/out/v045-unified-dirty:simple-ff-ffv-adam-50-100/epoch-176.pkl
2017-01-25 10:21:43,732 INFO     epoch: 176 took 73.623s (0.023s in batching)
training loss:	0.585740
validation loss:	0.597246
validation error:	0.320991
2017-01-25 10:21:43,741 INFO     Wrote output to trainNN/out/v045-unified-dirty:simple-ff-ffv-adam-50-100/config.json
2017-01-25 10:22:51,382 INFO     Saving network params to trainNN/out/v045-unified-dirty:simple-ff-ffv-adam-50-100/epoch-177.pkl
2017-01-25 10:22:57,457 INFO     epoch: 177 took 73.725s (0.025s in batching)
training loss:	0.585741
validation loss:	0.597756
validation error:	0.317799
2017-01-25 10:22:57,466 INFO     Wrote output to trainNN/out/v045-unified-dirty:simple-ff-ffv-adam-50-100/config.json
2017-01-25 10:24:03,334 INFO     Saving network params to trainNN/out/v045-unified-dirty:simple-ff-ffv-adam-50-100/epoch-178.pkl
2017-01-25 10:24:09,387 INFO     epoch: 178 took 71.930s (0.023s in batching)
training loss:	0.585748
validation loss:	0.596558
validation error:	0.319415
2017-01-25 10:24:09,397 INFO     Wrote output to trainNN/out/v045-unified-dirty:simple-ff-ffv-adam-50-100/config.json
2017-01-25 10:25:16,681 INFO     Saving network params to trainNN/out/v045-unified-dirty:simple-ff-ffv-adam-50-100/epoch-179.pkl
2017-01-25 10:25:22,795 INFO     epoch: 179 took 73.408s (0.025s in batching)
training loss:	0.585816
validation loss:	0.597555
validation error:	0.318582
2017-01-25 10:25:22,804 INFO     Wrote output to trainNN/out/v045-unified-dirty:simple-ff-ffv-adam-50-100/config.json
2017-01-25 10:26:30,596 INFO     Saving network params to trainNN/out/v045-unified-dirty:simple-ff-ffv-adam-50-100/epoch-180.pkl
2017-01-25 10:26:41,204 INFO     epoch: 180 took 78.409s (0.023s in batching)
training loss:	0.585841
validation loss:	0.595514
validation error:	0.318409
2017-01-25 10:26:41,256 INFO     Wrote output to trainNN/out/v045-unified-dirty:simple-ff-ffv-adam-50-100/config.json
2017-01-25 10:27:51,438 INFO     Saving network params to trainNN/out/v045-unified-dirty:simple-ff-ffv-adam-50-100/epoch-181.pkl
2017-01-25 10:27:58,270 INFO     epoch: 181 took 77.066s (0.023s in batching)
training loss:	0.585701
validation loss:	0.597739
validation error:	0.320828
2017-01-25 10:27:58,455 INFO     Wrote output to trainNN/out/v045-unified-dirty:simple-ff-ffv-adam-50-100/config.json
2017-01-25 10:29:06,171 INFO     Saving network params to trainNN/out/v045-unified-dirty:simple-ff-ffv-adam-50-100/epoch-182.pkl
2017-01-25 10:29:12,215 INFO     epoch: 182 took 73.945s (0.024s in batching)
training loss:	0.585781
validation loss:	0.596275
validation error:	0.318052
2017-01-25 10:29:12,225 INFO     Wrote output to trainNN/out/v045-unified-dirty:simple-ff-ffv-adam-50-100/config.json
2017-01-25 10:30:19,550 INFO     Saving network params to trainNN/out/v045-unified-dirty:simple-ff-ffv-adam-50-100/epoch-183.pkl
2017-01-25 10:30:25,643 INFO     epoch: 183 took 73.427s (0.025s in batching)
training loss:	0.585607
validation loss:	0.596097
validation error:	0.317695
2017-01-25 10:30:25,663 INFO     Wrote output to trainNN/out/v045-unified-dirty:simple-ff-ffv-adam-50-100/config.json
2017-01-25 10:31:33,510 INFO     Saving network params to trainNN/out/v045-unified-dirty:simple-ff-ffv-adam-50-100/epoch-184.pkl
2017-01-25 10:31:39,598 INFO     epoch: 184 took 73.956s (0.024s in batching)
training loss:	0.585591
validation loss:	0.600057
validation error:	0.322582
2017-01-25 10:31:39,609 INFO     Wrote output to trainNN/out/v045-unified-dirty:simple-ff-ffv-adam-50-100/config.json
2017-01-25 10:32:47,142 INFO     Saving network params to trainNN/out/v045-unified-dirty:simple-ff-ffv-adam-50-100/epoch-185.pkl
2017-01-25 10:32:53,227 INFO     epoch: 185 took 73.629s (0.025s in batching)
training loss:	0.585642
validation loss:	0.597683
validation error:	0.320872
2017-01-25 10:32:53,236 INFO     Wrote output to trainNN/out/v045-unified-dirty:simple-ff-ffv-adam-50-100/config.json
2017-01-25 10:34:00,774 INFO     Saving network params to trainNN/out/v045-unified-dirty:simple-ff-ffv-adam-50-100/epoch-186.pkl
2017-01-25 10:34:06,860 INFO     epoch: 186 took 73.633s (0.023s in batching)
training loss:	0.585770
validation loss:	0.597474
validation error:	0.317883
2017-01-25 10:34:06,891 INFO     Wrote output to trainNN/out/v045-unified-dirty:simple-ff-ffv-adam-50-100/config.json
2017-01-25 10:35:14,166 INFO     Saving network params to trainNN/out/v045-unified-dirty:simple-ff-ffv-adam-50-100/epoch-187.pkl
2017-01-25 10:35:20,112 INFO     epoch: 187 took 73.252s (0.025s in batching)
training loss:	0.585734
validation loss:	0.595827
validation error:	0.317393
2017-01-25 10:35:20,123 INFO     Wrote output to trainNN/out/v045-unified-dirty:simple-ff-ffv-adam-50-100/config.json
2017-01-25 10:36:27,197 INFO     Saving network params to trainNN/out/v045-unified-dirty:simple-ff-ffv-adam-50-100/epoch-188.pkl
2017-01-25 10:36:33,276 INFO     epoch: 188 took 73.164s (0.024s in batching)
training loss:	0.585541
validation loss:	0.596099
validation error:	0.317958
2017-01-25 10:36:33,288 INFO     Wrote output to trainNN/out/v045-unified-dirty:simple-ff-ffv-adam-50-100/config.json
2017-01-25 10:37:40,976 INFO     Saving network params to trainNN/out/v045-unified-dirty:simple-ff-ffv-adam-50-100/epoch-189.pkl
2017-01-25 10:37:47,134 INFO     epoch: 189 took 73.859s (0.023s in batching)
training loss:	0.585730
validation loss:	0.596651
validation error:	0.318161
2017-01-25 10:37:47,145 INFO     Wrote output to trainNN/out/v045-unified-dirty:simple-ff-ffv-adam-50-100/config.json
2017-01-25 10:38:54,950 INFO     Saving network params to trainNN/out/v045-unified-dirty:simple-ff-ffv-adam-50-100/epoch-190.pkl
2017-01-25 10:39:01,023 INFO     epoch: 190 took 73.889s (0.025s in batching)
training loss:	0.585605
validation loss:	0.600135
validation error:	0.322860
2017-01-25 10:39:01,052 INFO     Wrote output to trainNN/out/v045-unified-dirty:simple-ff-ffv-adam-50-100/config.json
2017-01-25 10:40:08,731 INFO     Saving network params to trainNN/out/v045-unified-dirty:simple-ff-ffv-adam-50-100/epoch-191.pkl
2017-01-25 10:40:14,870 INFO     epoch: 191 took 73.847s (0.025s in batching)
training loss:	0.585545
validation loss:	0.597050
validation error:	0.319524
2017-01-25 10:40:14,886 INFO     Wrote output to trainNN/out/v045-unified-dirty:simple-ff-ffv-adam-50-100/config.json
2017-01-25 10:41:22,449 INFO     Saving network params to trainNN/out/v045-unified-dirty:simple-ff-ffv-adam-50-100/epoch-192.pkl
2017-01-25 10:41:28,686 INFO     epoch: 192 took 73.816s (0.023s in batching)
training loss:	0.585708
validation loss:	0.597172
validation error:	0.318468
2017-01-25 10:41:28,696 INFO     Wrote output to trainNN/out/v045-unified-dirty:simple-ff-ffv-adam-50-100/config.json
2017-01-25 10:42:36,239 INFO     Saving network params to trainNN/out/v045-unified-dirty:simple-ff-ffv-adam-50-100/epoch-193.pkl
2017-01-25 10:42:42,544 INFO     epoch: 193 took 73.858s (0.024s in batching)
training loss:	0.585513
validation loss:	0.596881
validation error:	0.318647
2017-01-25 10:42:42,686 INFO     Wrote output to trainNN/out/v045-unified-dirty:simple-ff-ffv-adam-50-100/config.json
2017-01-25 10:43:50,322 INFO     Saving network params to trainNN/out/v045-unified-dirty:simple-ff-ffv-adam-50-100/epoch-194.pkl
2017-01-25 10:43:56,527 INFO     epoch: 194 took 73.983s (0.024s in batching)
training loss:	0.585487
validation loss:	0.598077
validation error:	0.320967
2017-01-25 10:43:56,537 INFO     Wrote output to trainNN/out/v045-unified-dirty:simple-ff-ffv-adam-50-100/config.json
2017-01-25 10:45:04,267 INFO     Saving network params to trainNN/out/v045-unified-dirty:simple-ff-ffv-adam-50-100/epoch-195.pkl
2017-01-25 10:45:10,392 INFO     epoch: 195 took 73.866s (0.024s in batching)
training loss:	0.585598
validation loss:	0.599507
validation error:	0.320332
2017-01-25 10:45:10,404 INFO     Wrote output to trainNN/out/v045-unified-dirty:simple-ff-ffv-adam-50-100/config.json
2017-01-25 10:46:17,735 INFO     Saving network params to trainNN/out/v045-unified-dirty:simple-ff-ffv-adam-50-100/epoch-196.pkl
2017-01-25 10:46:23,753 INFO     epoch: 196 took 73.361s (0.025s in batching)
training loss:	0.585485
validation loss:	0.597797
validation error:	0.320838
2017-01-25 10:46:23,766 INFO     Wrote output to trainNN/out/v045-unified-dirty:simple-ff-ffv-adam-50-100/config.json
2017-01-25 10:47:31,367 INFO     Saving network params to trainNN/out/v045-unified-dirty:simple-ff-ffv-adam-50-100/epoch-197.pkl
2017-01-25 10:47:37,430 INFO     epoch: 197 took 73.677s (0.023s in batching)
training loss:	0.585494
validation loss:	0.597422
validation error:	0.320243
2017-01-25 10:47:37,443 INFO     Wrote output to trainNN/out/v045-unified-dirty:simple-ff-ffv-adam-50-100/config.json
2017-01-25 10:48:45,221 INFO     Saving network params to trainNN/out/v045-unified-dirty:simple-ff-ffv-adam-50-100/epoch-198.pkl
2017-01-25 10:48:51,222 INFO     epoch: 198 took 73.792s (0.025s in batching)
training loss:	0.585349
validation loss:	0.595736
validation error:	0.317457
2017-01-25 10:48:51,233 INFO     Wrote output to trainNN/out/v045-unified-dirty:simple-ff-ffv-adam-50-100/config.json
2017-01-25 10:49:58,561 INFO     Saving network params to trainNN/out/v045-unified-dirty:simple-ff-ffv-adam-50-100/epoch-199.pkl
2017-01-25 10:50:04,624 INFO     epoch: 199 took 73.402s (0.023s in batching)
training loss:	0.585545
validation loss:	0.596263
validation error:	0.318349
2017-01-25 10:50:04,635 INFO     Wrote output to trainNN/out/v045-unified-dirty:simple-ff-ffv-adam-50-100/config.json
