2017-01-24 20:20:05,426 DEBUG    version=v044-unified-dirty:simple-ff-ffv-100-50
2017-01-24 20:20:05,525 INFO     Open DBase(data/db/all240302-spk.dat, data/db/all240302-spk.idx, mode='r')
2017-01-24 20:20:24,790 DEBUG    loading cached extracted data from data/cache/extract-17095dffdd75068299ccb5dd895af8ecaa0fbe1575b09b5b1ad4e4febf4d84ae.pickle
2017-01-24 20:20:27,113 DEBUG    set input dim to 9
2017-01-24 20:20:27,114 DEBUG    input dim = 9
2017-01-24 20:20:27,330 DEBUG    loading data into ram
2017-01-24 20:20:27,473 DEBUG    loading data took 0.143s (cpu: 0.142s
2017-01-24 20:20:28,060 DEBUG    set input dim to 9
2017-01-24 20:20:28,060 DEBUG    input dim = 9
2017-01-24 20:20:28,080 DEBUG    loading data into ram
2017-01-24 20:20:28,094 DEBUG    loading data took 0.014s (cpu: 0.014s
2017-01-24 20:20:28,124 INFO     Training network with 41252 trainable out of 41252 total params.
2017-01-24 20:20:28,155 DEBUG    Using sgd with learning_rate=0.700000
2017-01-24 20:20:30,223 DEBUG    Starting training...
2017-01-24 20:22:21,811 INFO     Saving network params to trainNN/out/v044-unified-dirty:simple-ff-ffv-100-50/epoch-000.pkl
2017-01-24 20:22:32,389 INFO     epoch: 0 took 122.166s (86.962s in batching)
training loss:	0.711653
validation loss:	0.694964
validation error:	0.500045
2017-01-24 20:22:32,392 INFO     Wrote output to trainNN/out/v044-unified-dirty:simple-ff-ffv-100-50/config.json
2017-01-24 20:24:23,722 INFO     Saving network params to trainNN/out/v044-unified-dirty:simple-ff-ffv-100-50/epoch-001.pkl
2017-01-24 20:24:34,353 INFO     epoch: 1 took 121.964s (86.603s in batching)
training loss:	0.693626
validation loss:	0.693179
validation error:	0.499950
2017-01-24 20:24:34,356 INFO     Wrote output to trainNN/out/v044-unified-dirty:simple-ff-ffv-100-50/config.json
2017-01-24 20:26:25,951 INFO     Saving network params to trainNN/out/v044-unified-dirty:simple-ff-ffv-100-50/epoch-002.pkl
2017-01-24 20:26:36,534 INFO     epoch: 2 took 122.181s (86.887s in batching)
training loss:	0.694104
validation loss:	0.694621
validation error:	0.500015
2017-01-24 20:26:36,536 INFO     Wrote output to trainNN/out/v044-unified-dirty:simple-ff-ffv-100-50/config.json
2017-01-24 20:28:28,028 INFO     Saving network params to trainNN/out/v044-unified-dirty:simple-ff-ffv-100-50/epoch-003.pkl
2017-01-24 20:28:38,650 INFO     epoch: 3 took 122.116s (86.571s in batching)
training loss:	0.693586
validation loss:	0.693176
validation error:	0.500045
2017-01-24 20:28:38,652 INFO     Wrote output to trainNN/out/v044-unified-dirty:simple-ff-ffv-100-50/config.json
2017-01-24 20:30:30,332 INFO     Saving network params to trainNN/out/v044-unified-dirty:simple-ff-ffv-100-50/epoch-004.pkl
2017-01-24 20:30:40,899 INFO     epoch: 4 took 122.249s (86.963s in batching)
training loss:	0.693547
validation loss:	0.693138
validation error:	0.499544
2017-01-24 20:30:40,901 INFO     Wrote output to trainNN/out/v044-unified-dirty:simple-ff-ffv-100-50/config.json
2017-01-24 20:32:32,360 INFO     Saving network params to trainNN/out/v044-unified-dirty:simple-ff-ffv-100-50/epoch-005.pkl
2017-01-24 20:32:42,917 INFO     epoch: 5 took 122.018s (86.774s in batching)
training loss:	0.693562
validation loss:	0.693169
validation error:	0.500000
2017-01-24 20:32:42,920 INFO     Wrote output to trainNN/out/v044-unified-dirty:simple-ff-ffv-100-50/config.json
2017-01-24 20:34:34,088 INFO     Saving network params to trainNN/out/v044-unified-dirty:simple-ff-ffv-100-50/epoch-006.pkl
2017-01-24 20:34:44,679 INFO     epoch: 6 took 121.762s (86.549s in batching)
training loss:	0.691049
validation loss:	0.693348
validation error:	0.500015
2017-01-24 20:34:44,681 INFO     Wrote output to trainNN/out/v044-unified-dirty:simple-ff-ffv-100-50/config.json
2017-01-24 20:36:35,967 INFO     Saving network params to trainNN/out/v044-unified-dirty:simple-ff-ffv-100-50/epoch-007.pkl
2017-01-24 20:36:46,496 INFO     epoch: 7 took 121.817s (86.747s in batching)
training loss:	0.693556
validation loss:	0.693336
validation error:	0.500050
2017-01-24 20:36:46,499 INFO     Wrote output to trainNN/out/v044-unified-dirty:simple-ff-ffv-100-50/config.json
2017-01-24 20:38:37,636 INFO     Saving network params to trainNN/out/v044-unified-dirty:simple-ff-ffv-100-50/epoch-008.pkl
2017-01-24 20:38:48,180 INFO     epoch: 8 took 121.684s (86.664s in batching)
training loss:	0.693539
validation loss:	0.693254
validation error:	0.499965
2017-01-24 20:38:48,182 INFO     Wrote output to trainNN/out/v044-unified-dirty:simple-ff-ffv-100-50/config.json
2017-01-24 20:40:39,372 INFO     Saving network params to trainNN/out/v044-unified-dirty:simple-ff-ffv-100-50/epoch-009.pkl
2017-01-24 20:40:49,878 INFO     epoch: 9 took 121.698s (86.607s in batching)
training loss:	0.693561
validation loss:	0.693371
validation error:	0.500025
2017-01-24 20:40:49,882 INFO     Wrote output to trainNN/out/v044-unified-dirty:simple-ff-ffv-100-50/config.json
2017-01-24 20:42:41,189 INFO     Saving network params to trainNN/out/v044-unified-dirty:simple-ff-ffv-100-50/epoch-010.pkl
2017-01-24 20:42:51,718 INFO     epoch: 10 took 121.840s (87.094s in batching)
training loss:	0.693550
validation loss:	0.693706
validation error:	0.500005
2017-01-24 20:42:51,721 INFO     Wrote output to trainNN/out/v044-unified-dirty:simple-ff-ffv-100-50/config.json
2017-01-24 20:44:42,950 INFO     Saving network params to trainNN/out/v044-unified-dirty:simple-ff-ffv-100-50/epoch-011.pkl
2017-01-24 20:44:53,575 INFO     epoch: 11 took 121.857s (86.660s in batching)
training loss:	0.693519
validation loss:	0.694099
validation error:	0.500035
2017-01-24 20:44:53,577 INFO     Wrote output to trainNN/out/v044-unified-dirty:simple-ff-ffv-100-50/config.json
2017-01-24 20:46:44,550 INFO     Saving network params to trainNN/out/v044-unified-dirty:simple-ff-ffv-100-50/epoch-012.pkl
2017-01-24 20:46:55,112 INFO     epoch: 12 took 121.537s (86.225s in batching)
training loss:	0.676646
validation loss:	0.697680
validation error:	0.470870
2017-01-24 20:46:55,114 INFO     Wrote output to trainNN/out/v044-unified-dirty:simple-ff-ffv-100-50/config.json
2017-01-24 20:48:46,884 INFO     Saving network params to trainNN/out/v044-unified-dirty:simple-ff-ffv-100-50/epoch-013.pkl
2017-01-24 20:48:57,463 INFO     epoch: 13 took 122.351s (87.065s in batching)
training loss:	0.691063
validation loss:	0.693924
validation error:	0.499995
2017-01-24 20:48:57,465 INFO     Wrote output to trainNN/out/v044-unified-dirty:simple-ff-ffv-100-50/config.json
2017-01-24 20:50:48,432 INFO     Saving network params to trainNN/out/v044-unified-dirty:simple-ff-ffv-100-50/epoch-014.pkl
2017-01-24 20:50:58,823 INFO     epoch: 14 took 121.360s (86.515s in batching)
training loss:	0.693551
validation loss:	0.698974
validation error:	0.499985
2017-01-24 20:50:58,826 INFO     Wrote output to trainNN/out/v044-unified-dirty:simple-ff-ffv-100-50/config.json
2017-01-24 20:52:49,910 INFO     Saving network params to trainNN/out/v044-unified-dirty:simple-ff-ffv-100-50/epoch-015.pkl
2017-01-24 20:53:00,425 INFO     epoch: 15 took 121.602s (86.426s in batching)
training loss:	0.693570
validation loss:	0.696224
validation error:	0.500000
2017-01-24 20:53:00,428 INFO     Wrote output to trainNN/out/v044-unified-dirty:simple-ff-ffv-100-50/config.json
2017-01-24 20:54:51,335 INFO     Saving network params to trainNN/out/v044-unified-dirty:simple-ff-ffv-100-50/epoch-016.pkl
2017-01-24 20:55:01,836 INFO     epoch: 16 took 121.411s (86.558s in batching)
training loss:	0.693580
validation loss:	0.693155
validation error:	0.500015
2017-01-24 20:55:01,840 INFO     Wrote output to trainNN/out/v044-unified-dirty:simple-ff-ffv-100-50/config.json
2017-01-24 20:56:52,674 INFO     Saving network params to trainNN/out/v044-unified-dirty:simple-ff-ffv-100-50/epoch-017.pkl
2017-01-24 20:57:03,066 INFO     epoch: 17 took 121.230s (86.245s in batching)
training loss:	0.693549
validation loss:	0.693279
validation error:	0.499995
2017-01-24 20:57:03,069 INFO     Wrote output to trainNN/out/v044-unified-dirty:simple-ff-ffv-100-50/config.json
2017-01-24 20:58:54,074 INFO     Saving network params to trainNN/out/v044-unified-dirty:simple-ff-ffv-100-50/epoch-018.pkl
2017-01-24 20:59:04,687 INFO     epoch: 18 took 121.621s (86.639s in batching)
training loss:	0.693565
validation loss:	0.693346
validation error:	0.500069
2017-01-24 20:59:04,690 INFO     Wrote output to trainNN/out/v044-unified-dirty:simple-ff-ffv-100-50/config.json
2017-01-24 21:00:55,878 INFO     Saving network params to trainNN/out/v044-unified-dirty:simple-ff-ffv-100-50/epoch-019.pkl
2017-01-24 21:01:06,374 INFO     epoch: 19 took 121.687s (86.413s in batching)
training loss:	0.693529
validation loss:	0.693347
validation error:	0.500025
2017-01-24 21:01:06,377 INFO     Wrote output to trainNN/out/v044-unified-dirty:simple-ff-ffv-100-50/config.json
2017-01-24 21:02:57,843 INFO     Saving network params to trainNN/out/v044-unified-dirty:simple-ff-ffv-100-50/epoch-020.pkl
2017-01-24 21:03:08,472 INFO     epoch: 20 took 122.099s (86.893s in batching)
training loss:	0.692386
validation loss:	0.693538
validation error:	0.499955
2017-01-24 21:03:08,475 INFO     Wrote output to trainNN/out/v044-unified-dirty:simple-ff-ffv-100-50/config.json
2017-01-24 21:05:00,368 INFO     Saving network params to trainNN/out/v044-unified-dirty:simple-ff-ffv-100-50/epoch-021.pkl
2017-01-24 21:05:10,986 INFO     epoch: 21 took 122.514s (87.724s in batching)
training loss:	0.693572
validation loss:	0.693147
validation error:	0.500040
2017-01-24 21:05:10,989 INFO     Wrote output to trainNN/out/v044-unified-dirty:simple-ff-ffv-100-50/config.json
2017-01-24 21:07:02,409 INFO     Saving network params to trainNN/out/v044-unified-dirty:simple-ff-ffv-100-50/epoch-022.pkl
2017-01-24 21:07:12,994 INFO     epoch: 22 took 122.008s (86.730s in batching)
training loss:	0.693569
validation loss:	0.693311
validation error:	0.500059
2017-01-24 21:07:12,997 INFO     Wrote output to trainNN/out/v044-unified-dirty:simple-ff-ffv-100-50/config.json
2017-01-24 21:09:04,699 INFO     Saving network params to trainNN/out/v044-unified-dirty:simple-ff-ffv-100-50/epoch-023.pkl
2017-01-24 21:09:15,264 INFO     epoch: 23 took 122.270s (86.848s in batching)
training loss:	0.693538
validation loss:	0.693373
validation error:	0.499926
2017-01-24 21:09:15,267 INFO     Wrote output to trainNN/out/v044-unified-dirty:simple-ff-ffv-100-50/config.json
2017-01-24 21:11:06,882 INFO     Saving network params to trainNN/out/v044-unified-dirty:simple-ff-ffv-100-50/epoch-024.pkl
2017-01-24 21:11:17,510 INFO     epoch: 24 took 122.247s (86.578s in batching)
training loss:	0.693580
validation loss:	0.693180
validation error:	0.500055
2017-01-24 21:11:17,513 INFO     Wrote output to trainNN/out/v044-unified-dirty:simple-ff-ffv-100-50/config.json
2017-01-24 21:13:08,799 INFO     Saving network params to trainNN/out/v044-unified-dirty:simple-ff-ffv-100-50/epoch-025.pkl
2017-01-24 21:13:19,387 INFO     epoch: 25 took 121.877s (86.670s in batching)
training loss:	0.693556
validation loss:	0.693437
validation error:	0.499970
2017-01-24 21:13:19,390 INFO     Wrote output to trainNN/out/v044-unified-dirty:simple-ff-ffv-100-50/config.json
2017-01-24 21:15:10,565 INFO     Saving network params to trainNN/out/v044-unified-dirty:simple-ff-ffv-100-50/epoch-026.pkl
2017-01-24 21:15:20,995 INFO     epoch: 26 took 121.608s (86.869s in batching)
training loss:	0.693556
validation loss:	0.693150
validation error:	0.499980
2017-01-24 21:15:21,098 INFO     Wrote output to trainNN/out/v044-unified-dirty:simple-ff-ffv-100-50/config.json
2017-01-24 21:17:12,568 INFO     Saving network params to trainNN/out/v044-unified-dirty:simple-ff-ffv-100-50/epoch-027.pkl
2017-01-24 21:17:23,036 INFO     epoch: 27 took 122.041s (87.079s in batching)
training loss:	0.693537
validation loss:	0.694689
validation error:	0.500050
2017-01-24 21:17:23,138 INFO     Wrote output to trainNN/out/v044-unified-dirty:simple-ff-ffv-100-50/config.json
2017-01-24 21:19:14,322 INFO     Saving network params to trainNN/out/v044-unified-dirty:simple-ff-ffv-100-50/epoch-028.pkl
2017-01-24 21:19:24,888 INFO     epoch: 28 took 121.852s (86.404s in batching)
training loss:	0.693543
validation loss:	0.693268
validation error:	0.500035
2017-01-24 21:19:24,891 INFO     Wrote output to trainNN/out/v044-unified-dirty:simple-ff-ffv-100-50/config.json
2017-01-24 21:21:15,872 INFO     Saving network params to trainNN/out/v044-unified-dirty:simple-ff-ffv-100-50/epoch-029.pkl
2017-01-24 21:21:26,492 INFO     epoch: 29 took 121.604s (86.313s in batching)
training loss:	0.693526
validation loss:	0.693259
validation error:	0.499990
2017-01-24 21:21:26,496 INFO     Wrote output to trainNN/out/v044-unified-dirty:simple-ff-ffv-100-50/config.json
2017-01-24 21:23:17,576 INFO     Saving network params to trainNN/out/v044-unified-dirty:simple-ff-ffv-100-50/epoch-030.pkl
2017-01-24 21:23:28,195 INFO     epoch: 30 took 121.703s (86.774s in batching)
training loss:	0.693558
validation loss:	0.693381
validation error:	0.500020
2017-01-24 21:23:28,199 INFO     Wrote output to trainNN/out/v044-unified-dirty:simple-ff-ffv-100-50/config.json
2017-01-24 21:24:28,523 INFO     received exit signal, waiting for epoch to finish...
2017-01-24 21:27:10,752 INFO     Saving network params to trainNN/out/v044-unified-dirty:simple-ff-ffv-100-50/epoch-031.pkl
2017-01-24 21:27:58,001 INFO     epoch: 31 took 269.806s (99.017s in batching)
training loss:	0.693542
validation loss:	0.693770
validation error:	0.499990
2017-01-24 21:27:58,006 INFO     Wrote output to trainNN/out/v044-unified-dirty:simple-ff-ffv-100-50/config.json
