2017-01-11 01:37:23 >>> version=v037-lstm-adam-2-g6842b5b-dirty
2017-01-11 01:37:23 >>> loading config file extract_pfiles_python/out/v033-online-800ms-stride=2-glorotnormal/config.json
2017-01-11 01:37:23 >>> loading numpy file extract_pfiles_python/out/v033-online-800ms-stride=2-glorotnormal/train.npz
2017-01-11 01:37:27 >>> loading numpy file extract_pfiles_python/out/v033-online-800ms-stride=2-glorotnormal/validate.npz
2017-01-11 01:37:28 >>> Training network with 71952 trainable out of 72252 total params.
2017-01-11 01:37:29 >>> Using adam with learning_rate=0.001000
2017-01-11 01:37:29 >>> Compiling theano functions...
2017-01-11 01:46:42 >>> Starting training...
2017-01-11 02:08:22 >>> Saving network params to trainNN/out/v037-lstm-adam-2-g6842b5b-dirty/epoch-000.pkl
2017-01-11 02:08:52 >>> epoch: 0 took 1329.530s
training loss:	0.624057
validation loss:	0.604248
validation error:	0.332343
2017-01-11 02:08:52 >>> Wrote output to trainNN/out/v037-lstm-adam-2-g6842b5b-dirty/config.json
2017-01-11 02:30:29 >>> Saving network params to trainNN/out/v037-lstm-adam-2-g6842b5b-dirty/epoch-001.pkl
2017-01-11 02:30:59 >>> epoch: 1 took 1326.869s
training loss:	0.589864
validation loss:	0.601339
validation error:	0.327425
2017-01-11 02:30:59 >>> Wrote output to trainNN/out/v037-lstm-adam-2-g6842b5b-dirty/config.json
2017-01-11 02:52:27 >>> Saving network params to trainNN/out/v037-lstm-adam-2-g6842b5b-dirty/epoch-002.pkl
2017-01-11 02:52:56 >>> epoch: 2 took 1317.308s
training loss:	0.562265
validation loss:	0.625556
validation error:	0.335144
2017-01-11 02:52:56 >>> Wrote output to trainNN/out/v037-lstm-adam-2-g6842b5b-dirty/config.json
2017-01-11 03:14:27 >>> Saving network params to trainNN/out/v037-lstm-adam-2-g6842b5b-dirty/epoch-003.pkl
2017-01-11 03:14:57 >>> epoch: 3 took 1320.687s
training loss:	0.529579
validation loss:	0.658323
validation error:	0.347653
2017-01-11 03:14:57 >>> Wrote output to trainNN/out/v037-lstm-adam-2-g6842b5b-dirty/config.json
2017-01-11 03:36:29 >>> Saving network params to trainNN/out/v037-lstm-adam-2-g6842b5b-dirty/epoch-004.pkl
2017-01-11 03:36:58 >>> epoch: 4 took 1321.217s
training loss:	0.498283
validation loss:	0.698963
validation error:	0.354108
2017-01-11 03:36:58 >>> Wrote output to trainNN/out/v037-lstm-adam-2-g6842b5b-dirty/config.json
2017-01-11 03:58:30 >>> Saving network params to trainNN/out/v037-lstm-adam-2-g6842b5b-dirty/epoch-005.pkl
2017-01-11 03:58:59 >>> epoch: 5 took 1321.212s
training loss:	0.471369
validation loss:	0.728966
validation error:	0.357595
2017-01-11 03:58:59 >>> Wrote output to trainNN/out/v037-lstm-adam-2-g6842b5b-dirty/config.json
2017-01-11 04:20:34 >>> Saving network params to trainNN/out/v037-lstm-adam-2-g6842b5b-dirty/epoch-006.pkl
2017-01-11 04:21:03 >>> epoch: 6 took 1324.179s
training loss:	0.448881
validation loss:	0.765188
validation error:	0.364367
2017-01-11 04:21:03 >>> Wrote output to trainNN/out/v037-lstm-adam-2-g6842b5b-dirty/config.json
2017-01-11 04:42:38 >>> Saving network params to trainNN/out/v037-lstm-adam-2-g6842b5b-dirty/epoch-007.pkl
2017-01-11 04:43:08 >>> epoch: 7 took 1324.964s
training loss:	0.429666
validation loss:	0.778805
validation error:	0.367959
2017-01-11 04:43:08 >>> Wrote output to trainNN/out/v037-lstm-adam-2-g6842b5b-dirty/config.json
2017-01-11 05:04:40 >>> Saving network params to trainNN/out/v037-lstm-adam-2-g6842b5b-dirty/epoch-008.pkl
2017-01-11 05:05:09 >>> epoch: 8 took 1321.105s
training loss:	0.413668
validation loss:	0.818060
validation error:	0.368179
2017-01-11 05:05:09 >>> Wrote output to trainNN/out/v037-lstm-adam-2-g6842b5b-dirty/config.json
2017-01-11 05:26:46 >>> Saving network params to trainNN/out/v037-lstm-adam-2-g6842b5b-dirty/epoch-009.pkl
2017-01-11 05:27:16 >>> epoch: 9 took 1326.780s
training loss:	0.399823
validation loss:	0.854853
validation error:	0.371771
2017-01-11 05:27:16 >>> Wrote output to trainNN/out/v037-lstm-adam-2-g6842b5b-dirty/config.json
2017-01-11 05:48:55 >>> Saving network params to trainNN/out/v037-lstm-adam-2-g6842b5b-dirty/epoch-010.pkl
2017-01-11 05:49:25 >>> epoch: 10 took 1328.786s
training loss:	0.388182
validation loss:	0.879142
validation error:	0.374959
2017-01-11 05:49:25 >>> Wrote output to trainNN/out/v037-lstm-adam-2-g6842b5b-dirty/config.json
2017-01-11 06:11:02 >>> Saving network params to trainNN/out/v037-lstm-adam-2-g6842b5b-dirty/epoch-011.pkl
2017-01-11 06:11:32 >>> epoch: 11 took 1326.945s
training loss:	0.377926
validation loss:	0.874291
validation error:	0.372799
2017-01-11 06:11:32 >>> Wrote output to trainNN/out/v037-lstm-adam-2-g6842b5b-dirty/config.json
2017-01-11 06:33:05 >>> Saving network params to trainNN/out/v037-lstm-adam-2-g6842b5b-dirty/epoch-012.pkl
2017-01-11 06:33:34 >>> epoch: 12 took 1322.141s
training loss:	0.369001
validation loss:	0.933448
validation error:	0.380339
2017-01-11 06:33:34 >>> Wrote output to trainNN/out/v037-lstm-adam-2-g6842b5b-dirty/config.json
2017-01-11 06:55:07 >>> Saving network params to trainNN/out/v037-lstm-adam-2-g6842b5b-dirty/epoch-013.pkl
2017-01-11 06:55:36 >>> epoch: 13 took 1322.403s
training loss:	0.360690
validation loss:	0.919896
validation error:	0.378634
2017-01-11 06:55:36 >>> Wrote output to trainNN/out/v037-lstm-adam-2-g6842b5b-dirty/config.json
2017-01-11 07:17:08 >>> Saving network params to trainNN/out/v037-lstm-adam-2-g6842b5b-dirty/epoch-014.pkl
2017-01-11 07:17:37 >>> epoch: 14 took 1320.522s
training loss:	0.353579
validation loss:	0.957717
validation error:	0.380606
2017-01-11 07:17:37 >>> Wrote output to trainNN/out/v037-lstm-adam-2-g6842b5b-dirty/config.json
2017-01-11 07:39:07 >>> Saving network params to trainNN/out/v037-lstm-adam-2-g6842b5b-dirty/epoch-015.pkl
2017-01-11 07:39:36 >>> epoch: 15 took 1319.551s
training loss:	0.346869
validation loss:	0.950715
validation error:	0.380755
2017-01-11 07:39:36 >>> Wrote output to trainNN/out/v037-lstm-adam-2-g6842b5b-dirty/config.json
2017-01-11 08:01:15 >>> Saving network params to trainNN/out/v037-lstm-adam-2-g6842b5b-dirty/epoch-016.pkl
2017-01-11 08:01:46 >>> epoch: 16 took 1329.043s
training loss:	0.341166
validation loss:	0.986598
validation error:	0.380273
2017-01-11 08:01:46 >>> Wrote output to trainNN/out/v037-lstm-adam-2-g6842b5b-dirty/config.json
2017-01-11 08:23:51 >>> Saving network params to trainNN/out/v037-lstm-adam-2-g6842b5b-dirty/epoch-017.pkl
2017-01-11 08:24:22 >>> epoch: 17 took 1356.120s
training loss:	0.335817
validation loss:	1.016377
validation error:	0.384182
2017-01-11 08:24:22 >>> Wrote output to trainNN/out/v037-lstm-adam-2-g6842b5b-dirty/config.json
2017-01-11 08:46:28 >>> Saving network params to trainNN/out/v037-lstm-adam-2-g6842b5b-dirty/epoch-018.pkl
2017-01-11 08:46:59 >>> epoch: 18 took 1357.211s
training loss:	0.330971
validation loss:	0.992059
validation error:	0.381554
2017-01-11 08:46:59 >>> Wrote output to trainNN/out/v037-lstm-adam-2-g6842b5b-dirty/config.json
2017-01-11 09:09:05 >>> Saving network params to trainNN/out/v037-lstm-adam-2-g6842b5b-dirty/epoch-019.pkl
2017-01-11 09:09:36 >>> epoch: 19 took 1357.546s
training loss:	0.326295
validation loss:	1.000990
validation error:	0.386080
2017-01-11 09:09:36 >>> Wrote output to trainNN/out/v037-lstm-adam-2-g6842b5b-dirty/config.json
2017-01-11 09:31:49 >>> Saving network params to trainNN/out/v037-lstm-adam-2-g6842b5b-dirty/epoch-020.pkl
2017-01-11 09:32:20 >>> epoch: 20 took 1363.665s
training loss:	0.321924
validation loss:	1.016718
validation error:	0.386361
2017-01-11 09:32:20 >>> Wrote output to trainNN/out/v037-lstm-adam-2-g6842b5b-dirty/config.json
2017-01-11 09:54:24 >>> Saving network params to trainNN/out/v037-lstm-adam-2-g6842b5b-dirty/epoch-021.pkl
2017-01-11 09:54:54 >>> epoch: 21 took 1354.340s
training loss:	0.318184
validation loss:	1.040558
validation error:	0.384700
2017-01-11 09:54:54 >>> Wrote output to trainNN/out/v037-lstm-adam-2-g6842b5b-dirty/config.json
2017-01-11 10:18:17 >>> Saving network params to trainNN/out/v037-lstm-adam-2-g6842b5b-dirty/epoch-022.pkl
2017-01-11 10:18:52 >>> epoch: 22 took 1437.984s
training loss:	0.314414
validation loss:	1.076257
validation error:	0.391757
2017-01-11 10:18:52 >>> Wrote output to trainNN/out/v037-lstm-adam-2-g6842b5b-dirty/config.json
2017-01-11 10:43:45 >>> Saving network params to trainNN/out/v037-lstm-adam-2-g6842b5b-dirty/epoch-023.pkl
2017-01-11 10:44:21 >>> epoch: 23 took 1528.427s
training loss:	0.310941
validation loss:	1.061640
validation error:	0.389724
2017-01-11 10:44:21 >>> Wrote output to trainNN/out/v037-lstm-adam-2-g6842b5b-dirty/config.json
2017-01-11 11:09:13 >>> Saving network params to trainNN/out/v037-lstm-adam-2-g6842b5b-dirty/epoch-024.pkl
2017-01-11 11:09:50 >>> epoch: 24 took 1528.741s
training loss:	0.307553
validation loss:	1.059487
validation error:	0.390909
2017-01-11 11:09:50 >>> Wrote output to trainNN/out/v037-lstm-adam-2-g6842b5b-dirty/config.json
2017-01-11 11:34:50 >>> Saving network params to trainNN/out/v037-lstm-adam-2-g6842b5b-dirty/epoch-025.pkl
2017-01-11 11:35:27 >>> epoch: 25 took 1537.511s
training loss:	0.304800
validation loss:	1.085189
validation error:	0.390124
2017-01-11 11:35:27 >>> Wrote output to trainNN/out/v037-lstm-adam-2-g6842b5b-dirty/config.json
2017-01-11 12:21:12 >>> Saving network params to trainNN/out/v037-lstm-adam-2-g6842b5b-dirty/epoch-026.pkl
2017-01-11 12:23:11 >>> epoch: 26 took 2863.617s
training loss:	0.301906
validation loss:	1.084993
validation error:	0.388743
2017-01-11 12:23:11 >>> Wrote output to trainNN/out/v037-lstm-adam-2-g6842b5b-dirty/config.json
2017-01-11 13:04:13 >>> Saving network params to trainNN/out/v037-lstm-adam-2-g6842b5b-dirty/epoch-027.pkl
2017-01-11 13:06:12 >>> epoch: 27 took 2581.306s
training loss:	0.299363
validation loss:	1.077373
validation error:	0.388305
2017-01-11 13:06:12 >>> Wrote output to trainNN/out/v037-lstm-adam-2-g6842b5b-dirty/config.json
2017-01-11 13:46:11 >>> Saving network params to trainNN/out/v037-lstm-adam-2-g6842b5b-dirty/epoch-028.pkl
2017-01-11 13:46:41 >>> epoch: 28 took 2428.705s
training loss:	0.296468
validation loss:	1.097899
validation error:	0.392085
2017-01-11 13:46:41 >>> Wrote output to trainNN/out/v037-lstm-adam-2-g6842b5b-dirty/config.json
2017-01-11 14:13:00 >>> Saving network params to trainNN/out/v037-lstm-adam-2-g6842b5b-dirty/epoch-029.pkl
2017-01-11 14:14:59 >>> epoch: 29 took 1698.171s
training loss:	0.294282
validation loss:	1.101357
validation error:	0.389746
2017-01-11 14:14:59 >>> Wrote output to trainNN/out/v037-lstm-adam-2-g6842b5b-dirty/config.json
2017-01-11 15:01:04 >>> Saving network params to trainNN/out/v037-lstm-adam-2-g6842b5b-dirty/epoch-030.pkl
2017-01-11 15:03:03 >>> epoch: 30 took 2883.782s
training loss:	0.292022
validation loss:	1.085823
validation error:	0.391035
2017-01-11 15:03:03 >>> Wrote output to trainNN/out/v037-lstm-adam-2-g6842b5b-dirty/config.json
2017-01-11 15:42:02 >>> Saving network params to trainNN/out/v037-lstm-adam-2-g6842b5b-dirty/epoch-031.pkl
2017-01-11 15:42:32 >>> epoch: 31 took 2368.976s
training loss:	0.289795
validation loss:	1.120875
validation error:	0.391823
2017-01-11 15:42:32 >>> Wrote output to trainNN/out/v037-lstm-adam-2-g6842b5b-dirty/config.json
