2017-01-24 21:25:16,924 DEBUG    version=v044-unified-1-g8a5dd7c-dirty:simple-ff-ffv-75-40
2017-01-24 21:25:16,925 INFO     Open DBase(data/db/all240302-spk.dat, data/db/all240302-spk.idx, mode='r')
2017-01-24 21:25:38,081 DEBUG    loading cached extracted data from data/cache/extract-17095dffdd75068299ccb5dd895af8ecaa0fbe1575b09b5b1ad4e4febf4d84ae.pickle
2017-01-24 21:25:39,602 DEBUG    set input dim to 9
2017-01-24 21:25:39,603 DEBUG    input dim = 9
2017-01-24 21:25:39,780 DEBUG    loading data into ram
2017-01-24 21:25:39,948 DEBUG    loading data took 0.168s (cpu: 0.129s
2017-01-24 21:25:40,663 DEBUG    set input dim to 9
2017-01-24 21:25:40,664 DEBUG    input dim = 9
2017-01-24 21:25:40,682 DEBUG    loading data into ram
2017-01-24 21:25:40,706 DEBUG    loading data took 0.023s (cpu: 0.013s
2017-01-24 21:25:40,777 INFO     Training network with 30197 trainable out of 30197 total params.
2017-01-24 21:25:40,820 DEBUG    Using sgd with learning_rate=0.700000
2017-01-24 21:25:44,790 DEBUG    Starting training...
2017-01-24 21:31:48,247 INFO     Saving network params to trainNN/out/v044-unified-1-g8a5dd7c-dirty:simple-ff-ffv-75-40/epoch-000.pkl
2017-01-24 21:31:58,929 INFO     epoch: 0 took 374.138s (121.569s in batching)
training loss:	0.702413
validation loss:	0.694162
validation error:	0.500025
2017-01-24 21:31:58,932 INFO     Wrote output to trainNN/out/v044-unified-1-g8a5dd7c-dirty:simple-ff-ffv-75-40/config.json
2017-01-24 21:33:56,935 INFO     Saving network params to trainNN/out/v044-unified-1-g8a5dd7c-dirty:simple-ff-ffv-75-40/epoch-001.pkl
2017-01-24 21:34:15,653 INFO     epoch: 1 took 136.724s (86.696s in batching)
training loss:	0.693514
validation loss:	0.693488
validation error:	0.500015
2017-01-24 21:34:15,754 INFO     Wrote output to trainNN/out/v044-unified-1-g8a5dd7c-dirty:simple-ff-ffv-75-40/config.json
2017-01-24 21:36:42,358 INFO     Saving network params to trainNN/out/v044-unified-1-g8a5dd7c-dirty:simple-ff-ffv-75-40/epoch-002.pkl
2017-01-24 21:36:52,475 INFO     epoch: 2 took 156.823s (88.954s in batching)
training loss:	0.693577
validation loss:	0.693167
validation error:	0.499995
2017-01-24 21:36:52,478 INFO     Wrote output to trainNN/out/v044-unified-1-g8a5dd7c-dirty:simple-ff-ffv-75-40/config.json
2017-01-24 21:38:38,876 INFO     Saving network params to trainNN/out/v044-unified-1-g8a5dd7c-dirty:simple-ff-ffv-75-40/epoch-003.pkl
2017-01-24 21:38:49,006 INFO     epoch: 3 took 116.531s (83.797s in batching)
training loss:	0.693599
validation loss:	0.693962
validation error:	0.499906
2017-01-24 21:38:49,009 INFO     Wrote output to trainNN/out/v044-unified-1-g8a5dd7c-dirty:simple-ff-ffv-75-40/config.json
2017-01-24 21:40:35,568 INFO     Saving network params to trainNN/out/v044-unified-1-g8a5dd7c-dirty:simple-ff-ffv-75-40/epoch-004.pkl
2017-01-24 21:40:45,614 INFO     epoch: 4 took 116.608s (83.628s in batching)
training loss:	0.693584
validation loss:	0.693435
validation error:	0.499955
2017-01-24 21:40:45,616 INFO     Wrote output to trainNN/out/v044-unified-1-g8a5dd7c-dirty:simple-ff-ffv-75-40/config.json
2017-01-24 21:42:32,083 INFO     Saving network params to trainNN/out/v044-unified-1-g8a5dd7c-dirty:simple-ff-ffv-75-40/epoch-005.pkl
2017-01-24 21:42:42,336 INFO     epoch: 5 took 116.722s (83.577s in batching)
training loss:	0.693593
validation loss:	0.693254
validation error:	0.500040
2017-01-24 21:42:42,338 INFO     Wrote output to trainNN/out/v044-unified-1-g8a5dd7c-dirty:simple-ff-ffv-75-40/config.json
2017-01-24 21:44:28,837 INFO     Saving network params to trainNN/out/v044-unified-1-g8a5dd7c-dirty:simple-ff-ffv-75-40/epoch-006.pkl
2017-01-24 21:44:38,932 INFO     epoch: 6 took 116.596s (83.691s in batching)
training loss:	0.693647
validation loss:	0.693239
validation error:	0.500005
2017-01-24 21:44:38,935 INFO     Wrote output to trainNN/out/v044-unified-1-g8a5dd7c-dirty:simple-ff-ffv-75-40/config.json
2017-01-24 21:46:24,975 INFO     Saving network params to trainNN/out/v044-unified-1-g8a5dd7c-dirty:simple-ff-ffv-75-40/epoch-007.pkl
2017-01-24 21:46:35,083 INFO     epoch: 7 took 116.151s (83.123s in batching)
training loss:	0.693565
validation loss:	0.693427
validation error:	0.500025
2017-01-24 21:46:35,086 INFO     Wrote output to trainNN/out/v044-unified-1-g8a5dd7c-dirty:simple-ff-ffv-75-40/config.json
2017-01-24 21:48:21,432 INFO     Saving network params to trainNN/out/v044-unified-1-g8a5dd7c-dirty:simple-ff-ffv-75-40/epoch-008.pkl
2017-01-24 21:48:31,610 INFO     epoch: 8 took 116.527s (83.642s in batching)
training loss:	0.691690
validation loss:	0.693429
validation error:	0.500005
2017-01-24 21:48:31,613 INFO     Wrote output to trainNN/out/v044-unified-1-g8a5dd7c-dirty:simple-ff-ffv-75-40/config.json
2017-01-24 21:50:16,957 INFO     Saving network params to trainNN/out/v044-unified-1-g8a5dd7c-dirty:simple-ff-ffv-75-40/epoch-009.pkl
2017-01-24 21:50:27,001 INFO     epoch: 9 took 115.391s (83.074s in batching)
training loss:	0.693560
validation loss:	0.693157
validation error:	0.499995
2017-01-24 21:50:27,003 INFO     Wrote output to trainNN/out/v044-unified-1-g8a5dd7c-dirty:simple-ff-ffv-75-40/config.json
2017-01-24 21:52:12,360 INFO     Saving network params to trainNN/out/v044-unified-1-g8a5dd7c-dirty:simple-ff-ffv-75-40/epoch-010.pkl
2017-01-24 21:52:22,409 INFO     epoch: 10 took 115.408s (83.474s in batching)
training loss:	0.693553
validation loss:	0.694796
validation error:	0.500005
2017-01-24 21:52:22,411 INFO     Wrote output to trainNN/out/v044-unified-1-g8a5dd7c-dirty:simple-ff-ffv-75-40/config.json
2017-01-24 21:54:07,425 INFO     Saving network params to trainNN/out/v044-unified-1-g8a5dd7c-dirty:simple-ff-ffv-75-40/epoch-011.pkl
2017-01-24 21:54:17,261 INFO     epoch: 11 took 114.853s (83.037s in batching)
training loss:	0.693563
validation loss:	0.693492
validation error:	0.499995
2017-01-24 21:54:17,361 INFO     Wrote output to trainNN/out/v044-unified-1-g8a5dd7c-dirty:simple-ff-ffv-75-40/config.json
2017-01-24 21:56:03,489 INFO     Saving network params to trainNN/out/v044-unified-1-g8a5dd7c-dirty:simple-ff-ffv-75-40/epoch-012.pkl
2017-01-24 21:56:13,556 INFO     epoch: 12 took 116.294s (83.435s in batching)
training loss:	0.693443
validation loss:	0.693198
validation error:	0.500005
2017-01-24 21:56:13,657 INFO     Wrote output to trainNN/out/v044-unified-1-g8a5dd7c-dirty:simple-ff-ffv-75-40/config.json
2017-01-24 21:58:00,285 INFO     Saving network params to trainNN/out/v044-unified-1-g8a5dd7c-dirty:simple-ff-ffv-75-40/epoch-013.pkl
2017-01-24 21:58:10,350 INFO     epoch: 13 took 116.794s (83.619s in batching)
training loss:	0.693580
validation loss:	0.693764
validation error:	0.500000
2017-01-24 21:58:10,353 INFO     Wrote output to trainNN/out/v044-unified-1-g8a5dd7c-dirty:simple-ff-ffv-75-40/config.json
2017-01-24 21:59:56,519 INFO     Saving network params to trainNN/out/v044-unified-1-g8a5dd7c-dirty:simple-ff-ffv-75-40/epoch-014.pkl
2017-01-24 22:00:06,480 INFO     epoch: 14 took 116.130s (83.502s in batching)
training loss:	0.693568
validation loss:	0.694141
validation error:	0.500010
2017-01-24 22:00:06,483 INFO     Wrote output to trainNN/out/v044-unified-1-g8a5dd7c-dirty:simple-ff-ffv-75-40/config.json
2017-01-24 22:01:54,293 INFO     Saving network params to trainNN/out/v044-unified-1-g8a5dd7c-dirty:simple-ff-ffv-75-40/epoch-015.pkl
2017-01-24 22:02:04,600 INFO     epoch: 15 took 118.120s (85.220s in batching)
training loss:	0.687122
validation loss:	0.658570
validation error:	0.388719
2017-01-24 22:02:04,701 INFO     Wrote output to trainNN/out/v044-unified-1-g8a5dd7c-dirty:simple-ff-ffv-75-40/config.json
2017-01-24 22:03:51,399 INFO     Saving network params to trainNN/out/v044-unified-1-g8a5dd7c-dirty:simple-ff-ffv-75-40/epoch-016.pkl
2017-01-24 22:04:01,866 INFO     epoch: 16 took 117.266s (84.990s in batching)
training loss:	0.665423
validation loss:	0.668134
validation error:	0.399767
2017-01-24 22:04:01,969 INFO     Wrote output to trainNN/out/v044-unified-1-g8a5dd7c-dirty:simple-ff-ffv-75-40/config.json
2017-01-24 22:05:46,741 INFO     Saving network params to trainNN/out/v044-unified-1-g8a5dd7c-dirty:simple-ff-ffv-75-40/epoch-017.pkl
2017-01-24 22:05:56,352 INFO     epoch: 17 took 114.486s (83.519s in batching)
training loss:	0.661482
validation loss:	0.647290
validation error:	0.373794
2017-01-24 22:05:56,355 INFO     Wrote output to trainNN/out/v044-unified-1-g8a5dd7c-dirty:simple-ff-ffv-75-40/config.json
2017-01-24 22:07:50,121 INFO     Saving network params to trainNN/out/v044-unified-1-g8a5dd7c-dirty:simple-ff-ffv-75-40/epoch-018.pkl
2017-01-24 22:08:01,629 INFO     epoch: 18 took 125.277s (87.021s in batching)
training loss:	0.658898
validation loss:	0.659137
validation error:	0.384753
2017-01-24 22:08:01,729 INFO     Wrote output to trainNN/out/v044-unified-1-g8a5dd7c-dirty:simple-ff-ffv-75-40/config.json
2017-01-24 22:10:01,257 INFO     Saving network params to trainNN/out/v044-unified-1-g8a5dd7c-dirty:simple-ff-ffv-75-40/epoch-019.pkl
2017-01-24 22:10:12,851 INFO     epoch: 19 took 131.222s (89.787s in batching)
training loss:	0.657280
validation loss:	0.643123
validation error:	0.367247
2017-01-24 22:10:12,854 INFO     Wrote output to trainNN/out/v044-unified-1-g8a5dd7c-dirty:simple-ff-ffv-75-40/config.json
2017-01-24 22:12:12,375 INFO     Saving network params to trainNN/out/v044-unified-1-g8a5dd7c-dirty:simple-ff-ffv-75-40/epoch-020.pkl
2017-01-24 22:12:23,880 INFO     epoch: 20 took 131.029s (89.715s in batching)
training loss:	0.654780
validation loss:	0.643199
validation error:	0.373011
2017-01-24 22:12:23,982 INFO     Wrote output to trainNN/out/v044-unified-1-g8a5dd7c-dirty:simple-ff-ffv-75-40/config.json
2017-01-24 22:14:23,257 INFO     Saving network params to trainNN/out/v044-unified-1-g8a5dd7c-dirty:simple-ff-ffv-75-40/epoch-021.pkl
2017-01-24 22:14:34,621 INFO     epoch: 21 took 130.741s (89.271s in batching)
training loss:	0.654282
validation loss:	0.651184
validation error:	0.382657
2017-01-24 22:14:34,722 INFO     Wrote output to trainNN/out/v044-unified-1-g8a5dd7c-dirty:simple-ff-ffv-75-40/config.json
2017-01-24 22:16:34,419 INFO     Saving network params to trainNN/out/v044-unified-1-g8a5dd7c-dirty:simple-ff-ffv-75-40/epoch-022.pkl
2017-01-24 22:16:45,497 INFO     epoch: 22 took 130.876s (89.479s in batching)
training loss:	0.649406
validation loss:	0.638887
validation error:	0.363787
2017-01-24 22:16:45,500 INFO     Wrote output to trainNN/out/v044-unified-1-g8a5dd7c-dirty:simple-ff-ffv-75-40/config.json
2017-01-24 22:18:45,983 INFO     Saving network params to trainNN/out/v044-unified-1-g8a5dd7c-dirty:simple-ff-ffv-75-40/epoch-023.pkl
2017-01-24 22:18:57,623 INFO     epoch: 23 took 132.126s (90.163s in batching)
training loss:	0.639215
validation loss:	0.631120
validation error:	0.361095
2017-01-24 22:18:57,626 INFO     Wrote output to trainNN/out/v044-unified-1-g8a5dd7c-dirty:simple-ff-ffv-75-40/config.json
2017-01-24 22:20:57,453 INFO     Saving network params to trainNN/out/v044-unified-1-g8a5dd7c-dirty:simple-ff-ffv-75-40/epoch-024.pkl
2017-01-24 22:21:08,847 INFO     epoch: 24 took 131.224s (89.851s in batching)
training loss:	0.637212
validation loss:	0.631630
validation error:	0.359678
2017-01-24 22:21:08,851 INFO     Wrote output to trainNN/out/v044-unified-1-g8a5dd7c-dirty:simple-ff-ffv-75-40/config.json
2017-01-24 22:23:08,569 INFO     Saving network params to trainNN/out/v044-unified-1-g8a5dd7c-dirty:simple-ff-ffv-75-40/epoch-025.pkl
2017-01-24 22:23:20,051 INFO     epoch: 25 took 131.204s (89.707s in batching)
training loss:	0.636370
validation loss:	0.633139
validation error:	0.361125
2017-01-24 22:23:20,055 INFO     Wrote output to trainNN/out/v044-unified-1-g8a5dd7c-dirty:simple-ff-ffv-75-40/config.json
2017-01-24 22:25:19,628 INFO     Saving network params to trainNN/out/v044-unified-1-g8a5dd7c-dirty:simple-ff-ffv-75-40/epoch-026.pkl
2017-01-24 22:25:31,231 INFO     epoch: 26 took 131.180s (89.618s in batching)
training loss:	0.634875
validation loss:	0.632578
validation error:	0.359237
2017-01-24 22:25:31,234 INFO     Wrote output to trainNN/out/v044-unified-1-g8a5dd7c-dirty:simple-ff-ffv-75-40/config.json
2017-01-24 22:27:30,341 INFO     Saving network params to trainNN/out/v044-unified-1-g8a5dd7c-dirty:simple-ff-ffv-75-40/epoch-027.pkl
2017-01-24 22:27:41,882 INFO     epoch: 27 took 130.651s (89.400s in batching)
training loss:	0.633462
validation loss:	0.632138
validation error:	0.363762
2017-01-24 22:27:41,885 INFO     Wrote output to trainNN/out/v044-unified-1-g8a5dd7c-dirty:simple-ff-ffv-75-40/config.json
2017-01-24 22:29:41,556 INFO     Saving network params to trainNN/out/v044-unified-1-g8a5dd7c-dirty:simple-ff-ffv-75-40/epoch-028.pkl
2017-01-24 22:29:53,002 INFO     epoch: 28 took 131.120s (89.530s in batching)
training loss:	0.632343
validation loss:	0.640483
validation error:	0.370340
2017-01-24 22:29:53,006 INFO     Wrote output to trainNN/out/v044-unified-1-g8a5dd7c-dirty:simple-ff-ffv-75-40/config.json
2017-01-24 22:31:53,284 INFO     Saving network params to trainNN/out/v044-unified-1-g8a5dd7c-dirty:simple-ff-ffv-75-40/epoch-029.pkl
2017-01-24 22:32:04,313 INFO     epoch: 29 took 131.312s (90.040s in batching)
training loss:	0.643876
validation loss:	0.641732
validation error:	0.367504
2017-01-24 22:32:04,317 INFO     Wrote output to trainNN/out/v044-unified-1-g8a5dd7c-dirty:simple-ff-ffv-75-40/config.json
2017-01-24 22:34:04,663 INFO     Saving network params to trainNN/out/v044-unified-1-g8a5dd7c-dirty:simple-ff-ffv-75-40/epoch-030.pkl
2017-01-24 22:34:17,170 INFO     epoch: 30 took 132.857s (90.026s in batching)
training loss:	0.647589
validation loss:	0.638248
validation error:	0.365408
2017-01-24 22:34:17,220 INFO     Wrote output to trainNN/out/v044-unified-1-g8a5dd7c-dirty:simple-ff-ffv-75-40/config.json
2017-01-24 22:36:17,329 INFO     Saving network params to trainNN/out/v044-unified-1-g8a5dd7c-dirty:simple-ff-ffv-75-40/epoch-031.pkl
2017-01-24 22:36:28,818 INFO     epoch: 31 took 131.648s (89.592s in batching)
training loss:	0.646615
validation loss:	0.637653
validation error:	0.363866
2017-01-24 22:36:28,821 INFO     Wrote output to trainNN/out/v044-unified-1-g8a5dd7c-dirty:simple-ff-ffv-75-40/config.json
2017-01-24 22:38:32,080 INFO     Saving network params to trainNN/out/v044-unified-1-g8a5dd7c-dirty:simple-ff-ffv-75-40/epoch-032.pkl
2017-01-24 22:38:50,955 INFO     epoch: 32 took 142.138s (90.241s in batching)
training loss:	0.646414
validation loss:	0.643130
validation error:	0.367782
2017-01-24 22:38:50,960 INFO     Wrote output to trainNN/out/v044-unified-1-g8a5dd7c-dirty:simple-ff-ffv-75-40/config.json
2017-01-24 22:41:56,379 INFO     Saving network params to trainNN/out/v044-unified-1-g8a5dd7c-dirty:simple-ff-ffv-75-40/epoch-033.pkl
2017-01-24 22:42:07,521 INFO     epoch: 33 took 196.566s (96.327s in batching)
training loss:	0.646250
validation loss:	0.639739
validation error:	0.365309
2017-01-24 22:42:07,525 INFO     Wrote output to trainNN/out/v044-unified-1-g8a5dd7c-dirty:simple-ff-ffv-75-40/config.json
2017-01-24 22:44:03,139 INFO     Saving network params to trainNN/out/v044-unified-1-g8a5dd7c-dirty:simple-ff-ffv-75-40/epoch-034.pkl
2017-01-24 22:44:14,305 INFO     epoch: 34 took 126.784s (87.588s in batching)
training loss:	0.645825
validation loss:	0.641102
validation error:	0.364149
2017-01-24 22:44:14,309 INFO     Wrote output to trainNN/out/v044-unified-1-g8a5dd7c-dirty:simple-ff-ffv-75-40/config.json
2017-01-24 22:46:13,293 INFO     Saving network params to trainNN/out/v044-unified-1-g8a5dd7c-dirty:simple-ff-ffv-75-40/epoch-035.pkl
2017-01-24 22:46:24,794 INFO     epoch: 35 took 130.488s (89.247s in batching)
training loss:	0.645946
validation loss:	0.642038
validation error:	0.368843
2017-01-24 22:46:24,798 INFO     Wrote output to trainNN/out/v044-unified-1-g8a5dd7c-dirty:simple-ff-ffv-75-40/config.json
2017-01-24 22:48:25,528 INFO     Saving network params to trainNN/out/v044-unified-1-g8a5dd7c-dirty:simple-ff-ffv-75-40/epoch-036.pkl
2017-01-24 22:48:36,816 INFO     epoch: 36 took 132.022s (90.098s in batching)
training loss:	0.645621
validation loss:	0.640257
validation error:	0.368357
2017-01-24 22:48:36,918 INFO     Wrote output to trainNN/out/v044-unified-1-g8a5dd7c-dirty:simple-ff-ffv-75-40/config.json
2017-01-24 22:50:37,051 INFO     Saving network params to trainNN/out/v044-unified-1-g8a5dd7c-dirty:simple-ff-ffv-75-40/epoch-037.pkl
2017-01-24 22:50:48,602 INFO     epoch: 37 took 131.786s (90.041s in batching)
training loss:	0.645748
validation loss:	0.644860
validation error:	0.367430
2017-01-24 22:50:48,606 INFO     Wrote output to trainNN/out/v044-unified-1-g8a5dd7c-dirty:simple-ff-ffv-75-40/config.json
2017-01-24 22:52:47,958 INFO     Saving network params to trainNN/out/v044-unified-1-g8a5dd7c-dirty:simple-ff-ffv-75-40/epoch-038.pkl
2017-01-24 22:52:59,382 INFO     epoch: 38 took 130.781s (89.536s in batching)
training loss:	0.645419
validation loss:	0.637277
validation error:	0.365814
2017-01-24 22:52:59,486 INFO     Wrote output to trainNN/out/v044-unified-1-g8a5dd7c-dirty:simple-ff-ffv-75-40/config.json
2017-01-24 22:54:59,190 INFO     Saving network params to trainNN/out/v044-unified-1-g8a5dd7c-dirty:simple-ff-ffv-75-40/epoch-039.pkl
2017-01-24 22:55:10,765 INFO     epoch: 39 took 131.382s (89.799s in batching)
training loss:	0.645674
validation loss:	0.643293
validation error:	0.368069
2017-01-24 22:55:10,770 INFO     Wrote output to trainNN/out/v044-unified-1-g8a5dd7c-dirty:simple-ff-ffv-75-40/config.json
2017-01-24 22:57:10,557 INFO     Saving network params to trainNN/out/v044-unified-1-g8a5dd7c-dirty:simple-ff-ffv-75-40/epoch-040.pkl
2017-01-24 22:57:22,163 INFO     epoch: 40 took 131.398s (89.703s in batching)
training loss:	0.645474
validation loss:	0.641490
validation error:	0.366781
2017-01-24 22:57:22,167 INFO     Wrote output to trainNN/out/v044-unified-1-g8a5dd7c-dirty:simple-ff-ffv-75-40/config.json
2017-01-24 22:59:21,797 INFO     Saving network params to trainNN/out/v044-unified-1-g8a5dd7c-dirty:simple-ff-ffv-75-40/epoch-041.pkl
2017-01-24 22:59:33,448 INFO     epoch: 41 took 131.285s (89.878s in batching)
training loss:	0.644904
validation loss:	0.642507
validation error:	0.372773
2017-01-24 22:59:33,452 INFO     Wrote output to trainNN/out/v044-unified-1-g8a5dd7c-dirty:simple-ff-ffv-75-40/config.json
2017-01-24 23:01:32,521 INFO     Saving network params to trainNN/out/v044-unified-1-g8a5dd7c-dirty:simple-ff-ffv-75-40/epoch-042.pkl
2017-01-24 23:01:43,986 INFO     epoch: 42 took 130.538s (89.402s in batching)
training loss:	0.644247
validation loss:	0.639675
validation error:	0.363579
2017-01-24 23:01:43,990 INFO     Wrote output to trainNN/out/v044-unified-1-g8a5dd7c-dirty:simple-ff-ffv-75-40/config.json
2017-01-24 23:03:44,178 INFO     Saving network params to trainNN/out/v044-unified-1-g8a5dd7c-dirty:simple-ff-ffv-75-40/epoch-043.pkl
2017-01-24 23:03:55,414 INFO     epoch: 43 took 131.428s (89.708s in batching)
training loss:	0.643205
validation loss:	0.636276
validation error:	0.359484
2017-01-24 23:03:55,418 INFO     Wrote output to trainNN/out/v044-unified-1-g8a5dd7c-dirty:simple-ff-ffv-75-40/config.json
2017-01-24 23:05:54,863 INFO     Saving network params to trainNN/out/v044-unified-1-g8a5dd7c-dirty:simple-ff-ffv-75-40/epoch-044.pkl
2017-01-24 23:06:06,442 INFO     epoch: 44 took 131.029s (89.568s in batching)
training loss:	0.642366
validation loss:	0.634481
validation error:	0.359896
2017-01-24 23:06:06,546 INFO     Wrote output to trainNN/out/v044-unified-1-g8a5dd7c-dirty:simple-ff-ffv-75-40/config.json
2017-01-24 23:08:06,270 INFO     Saving network params to trainNN/out/v044-unified-1-g8a5dd7c-dirty:simple-ff-ffv-75-40/epoch-045.pkl
2017-01-24 23:08:17,678 INFO     epoch: 45 took 131.235s (89.594s in batching)
training loss:	0.640523
validation loss:	0.637748
validation error:	0.360352
2017-01-24 23:08:17,682 INFO     Wrote output to trainNN/out/v044-unified-1-g8a5dd7c-dirty:simple-ff-ffv-75-40/config.json
2017-01-24 23:10:17,308 INFO     Saving network params to trainNN/out/v044-unified-1-g8a5dd7c-dirty:simple-ff-ffv-75-40/epoch-046.pkl
2017-01-24 23:10:28,771 INFO     epoch: 46 took 131.093s (89.599s in batching)
training loss:	0.639553
validation loss:	0.640711
validation error:	0.363658
2017-01-24 23:10:28,775 INFO     Wrote output to trainNN/out/v044-unified-1-g8a5dd7c-dirty:simple-ff-ffv-75-40/config.json
2017-01-24 23:12:28,101 INFO     Saving network params to trainNN/out/v044-unified-1-g8a5dd7c-dirty:simple-ff-ffv-75-40/epoch-047.pkl
2017-01-24 23:12:39,684 INFO     epoch: 47 took 130.913s (89.491s in batching)
training loss:	0.639192
validation loss:	0.631041
validation error:	0.357546
2017-01-24 23:12:39,688 INFO     Wrote output to trainNN/out/v044-unified-1-g8a5dd7c-dirty:simple-ff-ffv-75-40/config.json
2017-01-24 23:14:39,459 INFO     Saving network params to trainNN/out/v044-unified-1-g8a5dd7c-dirty:simple-ff-ffv-75-40/epoch-048.pkl
2017-01-24 23:14:50,911 INFO     epoch: 48 took 131.227s (89.685s in batching)
training loss:	0.638362
validation loss:	0.641639
validation error:	0.362766
2017-01-24 23:14:50,915 INFO     Wrote output to trainNN/out/v044-unified-1-g8a5dd7c-dirty:simple-ff-ffv-75-40/config.json
2017-01-24 23:16:50,305 INFO     Saving network params to trainNN/out/v044-unified-1-g8a5dd7c-dirty:simple-ff-ffv-75-40/epoch-049.pkl
2017-01-24 23:17:01,794 INFO     epoch: 49 took 130.883s (89.546s in batching)
training loss:	0.636770
validation loss:	0.641974
validation error:	0.362949
2017-01-24 23:17:01,798 INFO     Wrote output to trainNN/out/v044-unified-1-g8a5dd7c-dirty:simple-ff-ffv-75-40/config.json
2017-01-24 23:19:02,038 INFO     Saving network params to trainNN/out/v044-unified-1-g8a5dd7c-dirty:simple-ff-ffv-75-40/epoch-050.pkl
2017-01-24 23:19:13,307 INFO     epoch: 50 took 131.513s (89.989s in batching)
training loss:	0.634985
validation loss:	0.629375
validation error:	0.359093
2017-01-24 23:19:13,311 INFO     Wrote output to trainNN/out/v044-unified-1-g8a5dd7c-dirty:simple-ff-ffv-75-40/config.json
2017-01-24 23:21:12,524 INFO     Saving network params to trainNN/out/v044-unified-1-g8a5dd7c-dirty:simple-ff-ffv-75-40/epoch-051.pkl
2017-01-24 23:21:24,023 INFO     epoch: 51 took 130.717s (89.484s in batching)
training loss:	0.631512
validation loss:	0.625576
validation error:	0.356352
2017-01-24 23:21:24,028 INFO     Wrote output to trainNN/out/v044-unified-1-g8a5dd7c-dirty:simple-ff-ffv-75-40/config.json
2017-01-24 23:23:21,867 INFO     Saving network params to trainNN/out/v044-unified-1-g8a5dd7c-dirty:simple-ff-ffv-75-40/epoch-052.pkl
2017-01-24 23:23:32,894 INFO     epoch: 52 took 128.871s (88.409s in batching)
training loss:	0.627707
validation loss:	0.634976
validation error:	0.358072
2017-01-24 23:23:32,900 INFO     Wrote output to trainNN/out/v044-unified-1-g8a5dd7c-dirty:simple-ff-ffv-75-40/config.json
2017-01-24 23:25:27,627 INFO     Saving network params to trainNN/out/v044-unified-1-g8a5dd7c-dirty:simple-ff-ffv-75-40/epoch-053.pkl
2017-01-24 23:25:39,110 INFO     epoch: 53 took 126.216s (85.144s in batching)
training loss:	0.626950
validation loss:	0.624963
validation error:	0.355048
2017-01-24 23:25:39,115 INFO     Wrote output to trainNN/out/v044-unified-1-g8a5dd7c-dirty:simple-ff-ffv-75-40/config.json
2017-01-24 23:27:37,622 INFO     Saving network params to trainNN/out/v044-unified-1-g8a5dd7c-dirty:simple-ff-ffv-75-40/epoch-054.pkl
2017-01-24 23:27:49,091 INFO     epoch: 54 took 129.980s (86.828s in batching)
training loss:	0.626005
validation loss:	0.623200
validation error:	0.354151
2017-01-24 23:27:49,096 INFO     Wrote output to trainNN/out/v044-unified-1-g8a5dd7c-dirty:simple-ff-ffv-75-40/config.json
2017-01-24 23:29:49,070 INFO     Saving network params to trainNN/out/v044-unified-1-g8a5dd7c-dirty:simple-ff-ffv-75-40/epoch-055.pkl
2017-01-24 23:30:00,490 INFO     epoch: 55 took 131.400s (86.510s in batching)
training loss:	0.625315
validation loss:	0.623266
validation error:	0.352654
2017-01-24 23:30:00,495 INFO     Wrote output to trainNN/out/v044-unified-1-g8a5dd7c-dirty:simple-ff-ffv-75-40/config.json
2017-01-24 23:32:00,691 INFO     Saving network params to trainNN/out/v044-unified-1-g8a5dd7c-dirty:simple-ff-ffv-75-40/epoch-056.pkl
2017-01-24 23:32:12,194 INFO     epoch: 56 took 131.703s (87.350s in batching)
training loss:	0.624437
validation loss:	0.619831
validation error:	0.347564
2017-01-24 23:32:12,198 INFO     Wrote output to trainNN/out/v044-unified-1-g8a5dd7c-dirty:simple-ff-ffv-75-40/config.json
2017-01-24 23:34:11,389 INFO     Saving network params to trainNN/out/v044-unified-1-g8a5dd7c-dirty:simple-ff-ffv-75-40/epoch-057.pkl
2017-01-24 23:34:22,859 INFO     epoch: 57 took 130.665s (89.497s in batching)
training loss:	0.623697
validation loss:	0.619886
validation error:	0.348258
2017-01-24 23:34:22,863 INFO     Wrote output to trainNN/out/v044-unified-1-g8a5dd7c-dirty:simple-ff-ffv-75-40/config.json
2017-01-24 23:37:32,502 INFO     Saving network params to trainNN/out/v044-unified-1-g8a5dd7c-dirty:simple-ff-ffv-75-40/epoch-058.pkl
2017-01-24 23:40:45,417 INFO     epoch: 58 took 382.393s (88.956s in batching)
training loss:	0.623227
validation loss:	0.616681
validation error:	0.346077
2017-01-24 23:40:47,040 INFO     Wrote output to trainNN/out/v044-unified-1-g8a5dd7c-dirty:simple-ff-ffv-75-40/config.json
2017-01-24 23:45:06,299 INFO     Saving network params to trainNN/out/v044-unified-1-g8a5dd7c-dirty:simple-ff-ffv-75-40/epoch-059.pkl
2017-01-24 23:45:21,703 INFO     epoch: 59 took 276.451s (182.755s in batching)
training loss:	0.622742
validation loss:	0.620054
validation error:	0.345551
2017-01-24 23:45:21,748 INFO     Wrote output to trainNN/out/v044-unified-1-g8a5dd7c-dirty:simple-ff-ffv-75-40/config.json
2017-01-24 23:48:11,399 INFO     Saving network params to trainNN/out/v044-unified-1-g8a5dd7c-dirty:simple-ff-ffv-75-40/epoch-060.pkl
2017-01-24 23:48:27,844 INFO     epoch: 60 took 186.141s (92.960s in batching)
training loss:	0.622650
validation loss:	0.618622
validation error:	0.344927
2017-01-24 23:48:27,863 INFO     Wrote output to trainNN/out/v044-unified-1-g8a5dd7c-dirty:simple-ff-ffv-75-40/config.json
2017-01-24 23:51:24,578 INFO     Saving network params to trainNN/out/v044-unified-1-g8a5dd7c-dirty:simple-ff-ffv-75-40/epoch-061.pkl
2017-01-24 23:51:41,071 INFO     epoch: 61 took 193.226s (92.488s in batching)
training loss:	0.622434
validation loss:	0.623344
validation error:	0.347812
2017-01-24 23:51:41,076 INFO     Wrote output to trainNN/out/v044-unified-1-g8a5dd7c-dirty:simple-ff-ffv-75-40/config.json
2017-01-24 23:54:36,901 INFO     Saving network params to trainNN/out/v044-unified-1-g8a5dd7c-dirty:simple-ff-ffv-75-40/epoch-062.pkl
2017-01-24 23:54:53,480 INFO     epoch: 62 took 192.409s (92.410s in batching)
training loss:	0.622139
validation loss:	0.618617
validation error:	0.347078
2017-01-24 23:54:53,497 INFO     Wrote output to trainNN/out/v044-unified-1-g8a5dd7c-dirty:simple-ff-ffv-75-40/config.json
2017-01-24 23:57:49,057 INFO     Saving network params to trainNN/out/v044-unified-1-g8a5dd7c-dirty:simple-ff-ffv-75-40/epoch-063.pkl
2017-01-24 23:58:05,710 INFO     epoch: 63 took 192.230s (92.181s in batching)
training loss:	0.622068
validation loss:	0.632773
validation error:	0.359162
2017-01-24 23:58:05,727 INFO     Wrote output to trainNN/out/v044-unified-1-g8a5dd7c-dirty:simple-ff-ffv-75-40/config.json
2017-01-25 00:01:01,504 INFO     Saving network params to trainNN/out/v044-unified-1-g8a5dd7c-dirty:simple-ff-ffv-75-40/epoch-064.pkl
2017-01-25 00:01:18,013 INFO     epoch: 64 took 192.303s (92.164s in batching)
training loss:	0.621939
validation loss:	0.631971
validation error:	0.346032
2017-01-25 00:01:18,022 INFO     Wrote output to trainNN/out/v044-unified-1-g8a5dd7c-dirty:simple-ff-ffv-75-40/config.json
2017-01-25 00:04:12,387 INFO     Saving network params to trainNN/out/v044-unified-1-g8a5dd7c-dirty:simple-ff-ffv-75-40/epoch-065.pkl
2017-01-25 00:04:28,998 INFO     epoch: 65 took 190.985s (91.998s in batching)
training loss:	0.621512
validation loss:	0.619798
validation error:	0.344451
2017-01-25 00:04:29,118 INFO     Wrote output to trainNN/out/v044-unified-1-g8a5dd7c-dirty:simple-ff-ffv-75-40/config.json
2017-01-25 00:07:24,839 INFO     Saving network params to trainNN/out/v044-unified-1-g8a5dd7c-dirty:simple-ff-ffv-75-40/epoch-066.pkl
2017-01-25 00:07:41,018 INFO     epoch: 66 took 192.020s (92.289s in batching)
training loss:	0.621395
validation loss:	0.621154
validation error:	0.349591
2017-01-25 00:07:41,035 INFO     Wrote output to trainNN/out/v044-unified-1-g8a5dd7c-dirty:simple-ff-ffv-75-40/config.json
2017-01-25 00:10:36,084 INFO     Saving network params to trainNN/out/v044-unified-1-g8a5dd7c-dirty:simple-ff-ffv-75-40/epoch-067.pkl
2017-01-25 00:10:52,415 INFO     epoch: 67 took 191.397s (91.648s in batching)
training loss:	0.621424
validation loss:	0.617612
validation error:	0.344565
2017-01-25 00:10:52,540 INFO     Wrote output to trainNN/out/v044-unified-1-g8a5dd7c-dirty:simple-ff-ffv-75-40/config.json
2017-01-25 00:13:48,520 INFO     Saving network params to trainNN/out/v044-unified-1-g8a5dd7c-dirty:simple-ff-ffv-75-40/epoch-068.pkl
2017-01-25 00:14:04,952 INFO     epoch: 68 took 192.537s (92.101s in batching)
training loss:	0.621248
validation loss:	0.618110
validation error:	0.345869
2017-01-25 00:14:04,957 INFO     Wrote output to trainNN/out/v044-unified-1-g8a5dd7c-dirty:simple-ff-ffv-75-40/config.json
2017-01-25 00:17:01,446 INFO     Saving network params to trainNN/out/v044-unified-1-g8a5dd7c-dirty:simple-ff-ffv-75-40/epoch-069.pkl
2017-01-25 00:17:17,799 INFO     epoch: 69 took 192.847s (92.726s in batching)
training loss:	0.620840
validation loss:	0.615661
validation error:	0.342800
2017-01-25 00:17:17,819 INFO     Wrote output to trainNN/out/v044-unified-1-g8a5dd7c-dirty:simple-ff-ffv-75-40/config.json
2017-01-25 00:20:12,437 INFO     Saving network params to trainNN/out/v044-unified-1-g8a5dd7c-dirty:simple-ff-ffv-75-40/epoch-070.pkl
2017-01-25 00:20:28,543 INFO     epoch: 70 took 190.744s (91.591s in batching)
training loss:	0.620631
validation loss:	0.616939
validation error:	0.340798
2017-01-25 00:20:28,549 INFO     Wrote output to trainNN/out/v044-unified-1-g8a5dd7c-dirty:simple-ff-ffv-75-40/config.json
2017-01-25 00:23:22,821 INFO     Saving network params to trainNN/out/v044-unified-1-g8a5dd7c-dirty:simple-ff-ffv-75-40/epoch-071.pkl
2017-01-25 00:23:39,064 INFO     epoch: 71 took 190.521s (91.565s in batching)
training loss:	0.620058
validation loss:	0.617553
validation error:	0.347019
2017-01-25 00:23:39,079 INFO     Wrote output to trainNN/out/v044-unified-1-g8a5dd7c-dirty:simple-ff-ffv-75-40/config.json
2017-01-25 00:26:34,379 INFO     Saving network params to trainNN/out/v044-unified-1-g8a5dd7c-dirty:simple-ff-ffv-75-40/epoch-072.pkl
2017-01-25 00:26:50,616 INFO     epoch: 72 took 191.552s (91.850s in batching)
training loss:	0.619528
validation loss:	0.637338
validation error:	0.356719
2017-01-25 00:26:50,632 INFO     Wrote output to trainNN/out/v044-unified-1-g8a5dd7c-dirty:simple-ff-ffv-75-40/config.json
2017-01-25 00:29:46,278 INFO     Saving network params to trainNN/out/v044-unified-1-g8a5dd7c-dirty:simple-ff-ffv-75-40/epoch-073.pkl
2017-01-25 00:30:02,594 INFO     epoch: 73 took 191.979s (91.882s in batching)
training loss:	0.619277
validation loss:	0.617924
validation error:	0.342900
2017-01-25 00:30:02,612 INFO     Wrote output to trainNN/out/v044-unified-1-g8a5dd7c-dirty:simple-ff-ffv-75-40/config.json
2017-01-25 00:32:58,734 INFO     Saving network params to trainNN/out/v044-unified-1-g8a5dd7c-dirty:simple-ff-ffv-75-40/epoch-074.pkl
2017-01-25 00:33:15,302 INFO     epoch: 74 took 192.708s (92.240s in batching)
training loss:	0.619116
validation loss:	0.619359
validation error:	0.347207
2017-01-25 00:33:15,320 INFO     Wrote output to trainNN/out/v044-unified-1-g8a5dd7c-dirty:simple-ff-ffv-75-40/config.json
2017-01-25 00:36:10,828 INFO     Saving network params to trainNN/out/v044-unified-1-g8a5dd7c-dirty:simple-ff-ffv-75-40/epoch-075.pkl
2017-01-25 00:36:26,941 INFO     epoch: 75 took 191.639s (91.949s in batching)
training loss:	0.619734
validation loss:	0.616333
validation error:	0.341993
2017-01-25 00:36:26,959 INFO     Wrote output to trainNN/out/v044-unified-1-g8a5dd7c-dirty:simple-ff-ffv-75-40/config.json
2017-01-25 00:39:23,138 INFO     Saving network params to trainNN/out/v044-unified-1-g8a5dd7c-dirty:simple-ff-ffv-75-40/epoch-076.pkl
2017-01-25 00:39:39,642 INFO     epoch: 76 took 192.701s (92.120s in batching)
training loss:	0.620118
validation loss:	0.628537
validation error:	0.347266
2017-01-25 00:39:39,680 INFO     Wrote output to trainNN/out/v044-unified-1-g8a5dd7c-dirty:simple-ff-ffv-75-40/config.json
2017-01-25 00:42:36,307 INFO     Saving network params to trainNN/out/v044-unified-1-g8a5dd7c-dirty:simple-ff-ffv-75-40/epoch-077.pkl
2017-01-25 00:42:53,238 INFO     epoch: 77 took 193.595s (92.591s in batching)
training loss:	0.619934
validation loss:	0.625549
validation error:	0.351926
2017-01-25 00:42:53,244 INFO     Wrote output to trainNN/out/v044-unified-1-g8a5dd7c-dirty:simple-ff-ffv-75-40/config.json
2017-01-25 00:45:49,355 INFO     Saving network params to trainNN/out/v044-unified-1-g8a5dd7c-dirty:simple-ff-ffv-75-40/epoch-078.pkl
2017-01-25 00:46:05,792 INFO     epoch: 78 took 192.554s (91.881s in batching)
training loss:	0.620098
validation loss:	0.614637
validation error:	0.340471
2017-01-25 00:46:05,802 INFO     Wrote output to trainNN/out/v044-unified-1-g8a5dd7c-dirty:simple-ff-ffv-75-40/config.json
2017-01-25 00:49:02,488 INFO     Saving network params to trainNN/out/v044-unified-1-g8a5dd7c-dirty:simple-ff-ffv-75-40/epoch-079.pkl
2017-01-25 00:49:19,147 INFO     epoch: 79 took 193.355s (92.325s in batching)
training loss:	0.619963
validation loss:	0.619253
validation error:	0.343846
2017-01-25 00:49:19,162 INFO     Wrote output to trainNN/out/v044-unified-1-g8a5dd7c-dirty:simple-ff-ffv-75-40/config.json
2017-01-25 00:52:16,226 INFO     Saving network params to trainNN/out/v044-unified-1-g8a5dd7c-dirty:simple-ff-ffv-75-40/epoch-080.pkl
2017-01-25 00:52:32,877 INFO     epoch: 80 took 193.731s (92.687s in batching)
training loss:	0.619598
validation loss:	0.618810
validation error:	0.343613
2017-01-25 00:52:32,899 INFO     Wrote output to trainNN/out/v044-unified-1-g8a5dd7c-dirty:simple-ff-ffv-75-40/config.json
2017-01-25 00:55:29,991 INFO     Saving network params to trainNN/out/v044-unified-1-g8a5dd7c-dirty:simple-ff-ffv-75-40/epoch-081.pkl
2017-01-25 00:55:46,508 INFO     epoch: 81 took 193.630s (92.148s in batching)
training loss:	0.619618
validation loss:	0.614899
validation error:	0.340079
2017-01-25 00:55:46,514 INFO     Wrote output to trainNN/out/v044-unified-1-g8a5dd7c-dirty:simple-ff-ffv-75-40/config.json
2017-01-25 00:58:44,226 INFO     Saving network params to trainNN/out/v044-unified-1-g8a5dd7c-dirty:simple-ff-ffv-75-40/epoch-082.pkl
2017-01-25 00:59:01,003 INFO     epoch: 82 took 194.495s (92.602s in batching)
training loss:	0.619775
validation loss:	0.620138
validation error:	0.350632
2017-01-25 00:59:01,018 INFO     Wrote output to trainNN/out/v044-unified-1-g8a5dd7c-dirty:simple-ff-ffv-75-40/config.json
2017-01-25 01:01:58,145 INFO     Saving network params to trainNN/out/v044-unified-1-g8a5dd7c-dirty:simple-ff-ffv-75-40/epoch-083.pkl
2017-01-25 01:02:14,872 INFO     epoch: 83 took 193.869s (92.400s in batching)
training loss:	0.619049
validation loss:	0.634403
validation error:	0.353328
2017-01-25 01:02:14,889 INFO     Wrote output to trainNN/out/v044-unified-1-g8a5dd7c-dirty:simple-ff-ffv-75-40/config.json
2017-01-25 01:05:11,815 INFO     Saving network params to trainNN/out/v044-unified-1-g8a5dd7c-dirty:simple-ff-ffv-75-40/epoch-084.pkl
2017-01-25 01:05:28,241 INFO     epoch: 84 took 193.368s (92.487s in batching)
training loss:	0.618117
validation loss:	0.629944
validation error:	0.354721
2017-01-25 01:05:28,257 INFO     Wrote output to trainNN/out/v044-unified-1-g8a5dd7c-dirty:simple-ff-ffv-75-40/config.json
2017-01-25 01:08:25,286 INFO     Saving network params to trainNN/out/v044-unified-1-g8a5dd7c-dirty:simple-ff-ffv-75-40/epoch-085.pkl
2017-01-25 01:08:41,736 INFO     epoch: 85 took 193.495s (92.272s in batching)
training loss:	0.618136
validation loss:	0.624305
validation error:	0.344877
2017-01-25 01:08:41,767 INFO     Wrote output to trainNN/out/v044-unified-1-g8a5dd7c-dirty:simple-ff-ffv-75-40/config.json
2017-01-25 01:11:38,585 INFO     Saving network params to trainNN/out/v044-unified-1-g8a5dd7c-dirty:simple-ff-ffv-75-40/epoch-086.pkl
2017-01-25 01:11:55,156 INFO     epoch: 86 took 193.420s (92.254s in batching)
training loss:	0.617862
validation loss:	0.617704
validation error:	0.344981
2017-01-25 01:11:55,179 INFO     Wrote output to trainNN/out/v044-unified-1-g8a5dd7c-dirty:simple-ff-ffv-75-40/config.json
2017-01-25 01:14:51,430 INFO     Saving network params to trainNN/out/v044-unified-1-g8a5dd7c-dirty:simple-ff-ffv-75-40/epoch-087.pkl
2017-01-25 01:15:07,846 INFO     epoch: 87 took 192.690s (92.033s in batching)
training loss:	0.617880
validation loss:	0.614930
validation error:	0.340268
2017-01-25 01:15:07,862 INFO     Wrote output to trainNN/out/v044-unified-1-g8a5dd7c-dirty:simple-ff-ffv-75-40/config.json
2017-01-25 01:18:03,778 INFO     Saving network params to trainNN/out/v044-unified-1-g8a5dd7c-dirty:simple-ff-ffv-75-40/epoch-088.pkl
2017-01-25 01:18:20,045 INFO     epoch: 88 took 192.199s (91.826s in batching)
training loss:	0.617699
validation loss:	0.631725
validation error:	0.353115
2017-01-25 01:18:20,053 INFO     Wrote output to trainNN/out/v044-unified-1-g8a5dd7c-dirty:simple-ff-ffv-75-40/config.json
2017-01-25 01:21:17,713 INFO     Saving network params to trainNN/out/v044-unified-1-g8a5dd7c-dirty:simple-ff-ffv-75-40/epoch-089.pkl
2017-01-25 01:21:34,288 INFO     epoch: 89 took 194.243s (92.122s in batching)
training loss:	0.617675
validation loss:	0.620283
validation error:	0.343965
2017-01-25 01:21:34,305 INFO     Wrote output to trainNN/out/v044-unified-1-g8a5dd7c-dirty:simple-ff-ffv-75-40/config.json
2017-01-25 01:24:30,992 INFO     Saving network params to trainNN/out/v044-unified-1-g8a5dd7c-dirty:simple-ff-ffv-75-40/epoch-090.pkl
2017-01-25 01:24:47,554 INFO     epoch: 90 took 193.267s (92.154s in batching)
training loss:	0.617682
validation loss:	0.617146
validation error:	0.342612
2017-01-25 01:24:47,570 INFO     Wrote output to trainNN/out/v044-unified-1-g8a5dd7c-dirty:simple-ff-ffv-75-40/config.json
2017-01-25 01:27:44,163 INFO     Saving network params to trainNN/out/v044-unified-1-g8a5dd7c-dirty:simple-ff-ffv-75-40/epoch-091.pkl
2017-01-25 01:28:00,900 INFO     epoch: 91 took 193.345s (92.081s in batching)
training loss:	0.617503
validation loss:	0.615572
validation error:	0.343038
2017-01-25 01:28:00,920 INFO     Wrote output to trainNN/out/v044-unified-1-g8a5dd7c-dirty:simple-ff-ffv-75-40/config.json
2017-01-25 01:30:56,887 INFO     Saving network params to trainNN/out/v044-unified-1-g8a5dd7c-dirty:simple-ff-ffv-75-40/epoch-092.pkl
2017-01-25 01:31:13,740 INFO     epoch: 92 took 192.841s (91.796s in batching)
training loss:	0.617492
validation loss:	0.618949
validation error:	0.343276
2017-01-25 01:31:13,758 INFO     Wrote output to trainNN/out/v044-unified-1-g8a5dd7c-dirty:simple-ff-ffv-75-40/config.json
2017-01-25 01:34:10,617 INFO     Saving network params to trainNN/out/v044-unified-1-g8a5dd7c-dirty:simple-ff-ffv-75-40/epoch-093.pkl
2017-01-25 01:34:27,173 INFO     epoch: 93 took 193.433s (91.871s in batching)
training loss:	0.617778
validation loss:	0.626702
validation error:	0.347841
2017-01-25 01:34:27,191 INFO     Wrote output to trainNN/out/v044-unified-1-g8a5dd7c-dirty:simple-ff-ffv-75-40/config.json
2017-01-25 01:37:24,392 INFO     Saving network params to trainNN/out/v044-unified-1-g8a5dd7c-dirty:simple-ff-ffv-75-40/epoch-094.pkl
2017-01-25 01:37:40,924 INFO     epoch: 94 took 193.751s (92.339s in batching)
training loss:	0.617524
validation loss:	0.615248
validation error:	0.342721
2017-01-25 01:37:40,941 INFO     Wrote output to trainNN/out/v044-unified-1-g8a5dd7c-dirty:simple-ff-ffv-75-40/config.json
2017-01-25 01:40:37,218 INFO     Saving network params to trainNN/out/v044-unified-1-g8a5dd7c-dirty:simple-ff-ffv-75-40/epoch-095.pkl
2017-01-25 01:40:54,079 INFO     epoch: 95 took 193.154s (92.143s in batching)
training loss:	0.617196
validation loss:	0.615954
validation error:	0.339747
2017-01-25 01:40:54,085 INFO     Wrote output to trainNN/out/v044-unified-1-g8a5dd7c-dirty:simple-ff-ffv-75-40/config.json
2017-01-25 01:43:50,841 INFO     Saving network params to trainNN/out/v044-unified-1-g8a5dd7c-dirty:simple-ff-ffv-75-40/epoch-096.pkl
2017-01-25 01:44:07,578 INFO     epoch: 96 took 193.499s (91.896s in batching)
training loss:	0.617212
validation loss:	0.622660
validation error:	0.344981
2017-01-25 01:44:07,585 INFO     Wrote output to trainNN/out/v044-unified-1-g8a5dd7c-dirty:simple-ff-ffv-75-40/config.json
2017-01-25 01:47:05,884 INFO     Saving network params to trainNN/out/v044-unified-1-g8a5dd7c-dirty:simple-ff-ffv-75-40/epoch-097.pkl
2017-01-25 01:47:22,345 INFO     epoch: 97 took 194.767s (92.069s in batching)
training loss:	0.617307
validation loss:	0.615763
validation error:	0.338250
2017-01-25 01:47:22,360 INFO     Wrote output to trainNN/out/v044-unified-1-g8a5dd7c-dirty:simple-ff-ffv-75-40/config.json
2017-01-25 01:50:18,910 INFO     Saving network params to trainNN/out/v044-unified-1-g8a5dd7c-dirty:simple-ff-ffv-75-40/epoch-098.pkl
2017-01-25 01:50:35,504 INFO     epoch: 98 took 193.159s (92.303s in batching)
training loss:	0.617264
validation loss:	0.617085
validation error:	0.338845
2017-01-25 01:50:35,516 INFO     Wrote output to trainNN/out/v044-unified-1-g8a5dd7c-dirty:simple-ff-ffv-75-40/config.json
2017-01-25 01:53:32,335 INFO     Saving network params to trainNN/out/v044-unified-1-g8a5dd7c-dirty:simple-ff-ffv-75-40/epoch-099.pkl
2017-01-25 01:53:48,992 INFO     epoch: 99 took 193.488s (92.434s in batching)
training loss:	0.617137
validation loss:	0.620174
validation error:	0.340634
2017-01-25 01:53:48,999 INFO     Wrote output to trainNN/out/v044-unified-1-g8a5dd7c-dirty:simple-ff-ffv-75-40/config.json
2017-01-25 01:56:44,673 INFO     Saving network params to trainNN/out/v044-unified-1-g8a5dd7c-dirty:simple-ff-ffv-75-40/epoch-100.pkl
2017-01-25 01:57:01,342 INFO     epoch: 100 took 192.350s (91.899s in batching)
training loss:	0.617189
validation loss:	0.614753
validation error:	0.343673
2017-01-25 01:57:01,361 INFO     Wrote output to trainNN/out/v044-unified-1-g8a5dd7c-dirty:simple-ff-ffv-75-40/config.json
2017-01-25 01:59:57,442 INFO     Saving network params to trainNN/out/v044-unified-1-g8a5dd7c-dirty:simple-ff-ffv-75-40/epoch-101.pkl
2017-01-25 02:00:13,907 INFO     epoch: 101 took 192.564s (92.269s in batching)
training loss:	0.617047
validation loss:	0.618140
validation error:	0.343817
2017-01-25 02:00:13,920 INFO     Wrote output to trainNN/out/v044-unified-1-g8a5dd7c-dirty:simple-ff-ffv-75-40/config.json
2017-01-25 02:03:11,678 INFO     Saving network params to trainNN/out/v044-unified-1-g8a5dd7c-dirty:simple-ff-ffv-75-40/epoch-102.pkl
2017-01-25 02:03:28,180 INFO     epoch: 102 took 194.274s (92.431s in batching)
training loss:	0.616950
validation loss:	0.637879
validation error:	0.348570
2017-01-25 02:03:28,196 INFO     Wrote output to trainNN/out/v044-unified-1-g8a5dd7c-dirty:simple-ff-ffv-75-40/config.json
2017-01-25 02:06:24,926 INFO     Saving network params to trainNN/out/v044-unified-1-g8a5dd7c-dirty:simple-ff-ffv-75-40/epoch-103.pkl
2017-01-25 02:06:41,667 INFO     epoch: 103 took 193.487s (92.358s in batching)
training loss:	0.616842
validation loss:	0.617269
validation error:	0.341745
2017-01-25 02:06:41,687 INFO     Wrote output to trainNN/out/v044-unified-1-g8a5dd7c-dirty:simple-ff-ffv-75-40/config.json
2017-01-25 02:09:38,273 INFO     Saving network params to trainNN/out/v044-unified-1-g8a5dd7c-dirty:simple-ff-ffv-75-40/epoch-104.pkl
2017-01-25 02:09:54,946 INFO     epoch: 104 took 193.280s (92.617s in batching)
training loss:	0.616979
validation loss:	0.615841
validation error:	0.339802
2017-01-25 02:09:54,965 INFO     Wrote output to trainNN/out/v044-unified-1-g8a5dd7c-dirty:simple-ff-ffv-75-40/config.json
2017-01-25 02:12:51,785 INFO     Saving network params to trainNN/out/v044-unified-1-g8a5dd7c-dirty:simple-ff-ffv-75-40/epoch-105.pkl
2017-01-25 02:13:08,333 INFO     epoch: 105 took 193.386s (92.701s in batching)
training loss:	0.616946
validation loss:	0.616809
validation error:	0.344501
2017-01-25 02:13:08,350 INFO     Wrote output to trainNN/out/v044-unified-1-g8a5dd7c-dirty:simple-ff-ffv-75-40/config.json
2017-01-25 02:16:04,523 INFO     Saving network params to trainNN/out/v044-unified-1-g8a5dd7c-dirty:simple-ff-ffv-75-40/epoch-106.pkl
2017-01-25 02:16:20,953 INFO     epoch: 106 took 192.620s (92.163s in batching)
training loss:	0.617025
validation loss:	0.622336
validation error:	0.338845
2017-01-25 02:16:20,970 INFO     Wrote output to trainNN/out/v044-unified-1-g8a5dd7c-dirty:simple-ff-ffv-75-40/config.json
2017-01-25 02:19:18,008 INFO     Saving network params to trainNN/out/v044-unified-1-g8a5dd7c-dirty:simple-ff-ffv-75-40/epoch-107.pkl
2017-01-25 02:19:34,595 INFO     epoch: 107 took 193.642s (92.801s in batching)
training loss:	0.616970
validation loss:	0.618557
validation error:	0.339628
2017-01-25 02:19:34,611 INFO     Wrote output to trainNN/out/v044-unified-1-g8a5dd7c-dirty:simple-ff-ffv-75-40/config.json
2017-01-25 02:22:31,035 INFO     Saving network params to trainNN/out/v044-unified-1-g8a5dd7c-dirty:simple-ff-ffv-75-40/epoch-108.pkl
2017-01-25 02:22:47,384 INFO     epoch: 108 took 192.789s (92.090s in batching)
training loss:	0.616674
validation loss:	0.614865
validation error:	0.341393
2017-01-25 02:22:47,402 INFO     Wrote output to trainNN/out/v044-unified-1-g8a5dd7c-dirty:simple-ff-ffv-75-40/config.json
2017-01-25 02:25:43,011 INFO     Saving network params to trainNN/out/v044-unified-1-g8a5dd7c-dirty:simple-ff-ffv-75-40/epoch-109.pkl
2017-01-25 02:25:59,284 INFO     epoch: 109 took 191.900s (92.024s in batching)
training loss:	0.616852
validation loss:	0.614570
validation error:	0.340872
2017-01-25 02:25:59,301 INFO     Wrote output to trainNN/out/v044-unified-1-g8a5dd7c-dirty:simple-ff-ffv-75-40/config.json
2017-01-25 02:28:54,253 INFO     Saving network params to trainNN/out/v044-unified-1-g8a5dd7c-dirty:simple-ff-ffv-75-40/epoch-110.pkl
2017-01-25 02:29:10,486 INFO     epoch: 110 took 191.202s (92.493s in batching)
training loss:	0.616849
validation loss:	0.617573
validation error:	0.339470
2017-01-25 02:29:10,493 INFO     Wrote output to trainNN/out/v044-unified-1-g8a5dd7c-dirty:simple-ff-ffv-75-40/config.json
2017-01-25 02:32:06,710 INFO     Saving network params to trainNN/out/v044-unified-1-g8a5dd7c-dirty:simple-ff-ffv-75-40/epoch-111.pkl
2017-01-25 02:32:23,327 INFO     epoch: 111 took 192.841s (92.365s in batching)
training loss:	0.616641
validation loss:	0.618532
validation error:	0.343950
2017-01-25 02:32:23,344 INFO     Wrote output to trainNN/out/v044-unified-1-g8a5dd7c-dirty:simple-ff-ffv-75-40/config.json
2017-01-25 02:35:19,700 INFO     Saving network params to trainNN/out/v044-unified-1-g8a5dd7c-dirty:simple-ff-ffv-75-40/epoch-112.pkl
2017-01-25 02:35:36,103 INFO     epoch: 112 took 192.776s (92.407s in batching)
training loss:	0.617000
validation loss:	0.612979
validation error:	0.340590
2017-01-25 02:35:36,123 INFO     Wrote output to trainNN/out/v044-unified-1-g8a5dd7c-dirty:simple-ff-ffv-75-40/config.json
2017-01-25 02:38:32,205 INFO     Saving network params to trainNN/out/v044-unified-1-g8a5dd7c-dirty:simple-ff-ffv-75-40/epoch-113.pkl
2017-01-25 02:38:48,854 INFO     epoch: 113 took 192.751s (92.216s in batching)
training loss:	0.616873
validation loss:	0.616280
validation error:	0.339663
2017-01-25 02:38:48,873 INFO     Wrote output to trainNN/out/v044-unified-1-g8a5dd7c-dirty:simple-ff-ffv-75-40/config.json
2017-01-25 02:41:45,496 INFO     Saving network params to trainNN/out/v044-unified-1-g8a5dd7c-dirty:simple-ff-ffv-75-40/epoch-114.pkl
2017-01-25 02:42:01,925 INFO     epoch: 114 took 193.070s (92.492s in batching)
training loss:	0.616964
validation loss:	0.621078
validation error:	0.343628
2017-01-25 02:42:01,943 INFO     Wrote output to trainNN/out/v044-unified-1-g8a5dd7c-dirty:simple-ff-ffv-75-40/config.json
2017-01-25 02:44:58,615 INFO     Saving network params to trainNN/out/v044-unified-1-g8a5dd7c-dirty:simple-ff-ffv-75-40/epoch-115.pkl
2017-01-25 02:45:15,438 INFO     epoch: 115 took 193.513s (93.300s in batching)
training loss:	0.616754
validation loss:	0.631011
validation error:	0.350260
2017-01-25 02:45:15,454 INFO     Wrote output to trainNN/out/v044-unified-1-g8a5dd7c-dirty:simple-ff-ffv-75-40/config.json
2017-01-25 02:48:11,491 INFO     Saving network params to trainNN/out/v044-unified-1-g8a5dd7c-dirty:simple-ff-ffv-75-40/epoch-116.pkl
2017-01-25 02:48:28,495 INFO     epoch: 116 took 193.057s (93.099s in batching)
training loss:	0.616667
validation loss:	0.611997
validation error:	0.337665
2017-01-25 02:48:28,532 INFO     Wrote output to trainNN/out/v044-unified-1-g8a5dd7c-dirty:simple-ff-ffv-75-40/config.json
2017-01-25 02:51:24,503 INFO     Saving network params to trainNN/out/v044-unified-1-g8a5dd7c-dirty:simple-ff-ffv-75-40/epoch-117.pkl
2017-01-25 02:51:41,281 INFO     epoch: 117 took 192.786s (93.686s in batching)
training loss:	0.616563
validation loss:	0.616692
validation error:	0.339683
2017-01-25 02:51:41,312 INFO     Wrote output to trainNN/out/v044-unified-1-g8a5dd7c-dirty:simple-ff-ffv-75-40/config.json
2017-01-25 02:54:38,654 INFO     Saving network params to trainNN/out/v044-unified-1-g8a5dd7c-dirty:simple-ff-ffv-75-40/epoch-118.pkl
2017-01-25 02:54:55,087 INFO     epoch: 118 took 193.807s (93.115s in batching)
training loss:	0.616484
validation loss:	0.636853
validation error:	0.349026
2017-01-25 02:54:55,096 INFO     Wrote output to trainNN/out/v044-unified-1-g8a5dd7c-dirty:simple-ff-ffv-75-40/config.json
2017-01-25 02:57:50,159 INFO     Saving network params to trainNN/out/v044-unified-1-g8a5dd7c-dirty:simple-ff-ffv-75-40/epoch-119.pkl
2017-01-25 02:58:07,144 INFO     epoch: 119 took 191.991s (92.495s in batching)
training loss:	0.616574
validation loss:	0.661715
validation error:	0.360857
2017-01-25 02:58:07,754 INFO     Wrote output to trainNN/out/v044-unified-1-g8a5dd7c-dirty:simple-ff-ffv-75-40/config.json
2017-01-25 03:01:03,825 INFO     Saving network params to trainNN/out/v044-unified-1-g8a5dd7c-dirty:simple-ff-ffv-75-40/epoch-120.pkl
2017-01-25 03:01:20,539 INFO     epoch: 120 took 193.461s (92.581s in batching)
training loss:	0.616737
validation loss:	0.615375
validation error:	0.338572
2017-01-25 03:01:20,546 INFO     Wrote output to trainNN/out/v044-unified-1-g8a5dd7c-dirty:simple-ff-ffv-75-40/config.json
2017-01-25 03:04:17,091 INFO     Saving network params to trainNN/out/v044-unified-1-g8a5dd7c-dirty:simple-ff-ffv-75-40/epoch-121.pkl
2017-01-25 03:04:34,084 INFO     epoch: 121 took 193.545s (92.247s in batching)
training loss:	0.616619
validation loss:	0.647074
validation error:	0.362949
2017-01-25 03:04:34,099 INFO     Wrote output to trainNN/out/v044-unified-1-g8a5dd7c-dirty:simple-ff-ffv-75-40/config.json
2017-01-25 03:07:28,440 INFO     Saving network params to trainNN/out/v044-unified-1-g8a5dd7c-dirty:simple-ff-ffv-75-40/epoch-122.pkl
2017-01-25 03:07:45,137 INFO     epoch: 122 took 191.054s (91.595s in batching)
training loss:	0.616567
validation loss:	0.617307
validation error:	0.345195
2017-01-25 03:07:45,145 INFO     Wrote output to trainNN/out/v044-unified-1-g8a5dd7c-dirty:simple-ff-ffv-75-40/config.json
2017-01-25 03:10:40,419 INFO     Saving network params to trainNN/out/v044-unified-1-g8a5dd7c-dirty:simple-ff-ffv-75-40/epoch-123.pkl
2017-01-25 03:10:57,115 INFO     epoch: 123 took 191.977s (91.526s in batching)
training loss:	0.616453
validation loss:	0.618902
validation error:	0.341432
2017-01-25 03:10:57,133 INFO     Wrote output to trainNN/out/v044-unified-1-g8a5dd7c-dirty:simple-ff-ffv-75-40/config.json
2017-01-25 03:13:51,944 INFO     Saving network params to trainNN/out/v044-unified-1-g8a5dd7c-dirty:simple-ff-ffv-75-40/epoch-124.pkl
2017-01-25 03:14:08,468 INFO     epoch: 124 took 191.353s (91.661s in batching)
training loss:	0.616735
validation loss:	0.619054
validation error:	0.343048
2017-01-25 03:14:08,498 INFO     Wrote output to trainNN/out/v044-unified-1-g8a5dd7c-dirty:simple-ff-ffv-75-40/config.json
2017-01-25 03:17:04,706 INFO     Saving network params to trainNN/out/v044-unified-1-g8a5dd7c-dirty:simple-ff-ffv-75-40/epoch-125.pkl
2017-01-25 03:17:20,955 INFO     epoch: 125 took 192.487s (91.740s in batching)
training loss:	0.616752
validation loss:	0.615179
validation error:	0.343594
2017-01-25 03:17:20,971 INFO     Wrote output to trainNN/out/v044-unified-1-g8a5dd7c-dirty:simple-ff-ffv-75-40/config.json
2017-01-25 03:20:15,084 INFO     Saving network params to trainNN/out/v044-unified-1-g8a5dd7c-dirty:simple-ff-ffv-75-40/epoch-126.pkl
2017-01-25 03:20:31,267 INFO     epoch: 126 took 190.312s (90.991s in batching)
training loss:	0.616595
validation loss:	0.613998
validation error:	0.341214
2017-01-25 03:20:31,275 INFO     Wrote output to trainNN/out/v044-unified-1-g8a5dd7c-dirty:simple-ff-ffv-75-40/config.json
2017-01-25 03:23:27,184 INFO     Saving network params to trainNN/out/v044-unified-1-g8a5dd7c-dirty:simple-ff-ffv-75-40/epoch-127.pkl
2017-01-25 03:23:43,434 INFO     epoch: 127 took 192.167s (91.708s in batching)
training loss:	0.616366
validation loss:	0.617154
validation error:	0.344104
2017-01-25 03:23:43,454 INFO     Wrote output to trainNN/out/v044-unified-1-g8a5dd7c-dirty:simple-ff-ffv-75-40/config.json
2017-01-25 03:26:39,046 INFO     Saving network params to trainNN/out/v044-unified-1-g8a5dd7c-dirty:simple-ff-ffv-75-40/epoch-128.pkl
2017-01-25 03:26:55,460 INFO     epoch: 128 took 192.025s (91.187s in batching)
training loss:	0.616362
validation loss:	0.616739
validation error:	0.339772
2017-01-25 03:26:55,487 INFO     Wrote output to trainNN/out/v044-unified-1-g8a5dd7c-dirty:simple-ff-ffv-75-40/config.json
2017-01-25 03:29:50,586 INFO     Saving network params to trainNN/out/v044-unified-1-g8a5dd7c-dirty:simple-ff-ffv-75-40/epoch-129.pkl
2017-01-25 03:30:07,047 INFO     epoch: 129 took 191.588s (91.168s in batching)
training loss:	0.616553
validation loss:	0.624953
validation error:	0.343281
2017-01-25 03:30:07,067 INFO     Wrote output to trainNN/out/v044-unified-1-g8a5dd7c-dirty:simple-ff-ffv-75-40/config.json
2017-01-25 03:33:02,820 INFO     Saving network params to trainNN/out/v044-unified-1-g8a5dd7c-dirty:simple-ff-ffv-75-40/epoch-130.pkl
2017-01-25 03:33:18,952 INFO     epoch: 130 took 191.904s (91.449s in batching)
training loss:	0.616630
validation loss:	0.612586
validation error:	0.340833
2017-01-25 03:33:18,961 INFO     Wrote output to trainNN/out/v044-unified-1-g8a5dd7c-dirty:simple-ff-ffv-75-40/config.json
2017-01-25 03:36:14,135 INFO     Saving network params to trainNN/out/v044-unified-1-g8a5dd7c-dirty:simple-ff-ffv-75-40/epoch-131.pkl
2017-01-25 03:36:30,521 INFO     epoch: 131 took 191.569s (91.406s in batching)
training loss:	0.616286
validation loss:	0.615573
validation error:	0.337943
2017-01-25 03:36:30,552 INFO     Wrote output to trainNN/out/v044-unified-1-g8a5dd7c-dirty:simple-ff-ffv-75-40/config.json
2017-01-25 03:39:26,186 INFO     Saving network params to trainNN/out/v044-unified-1-g8a5dd7c-dirty:simple-ff-ffv-75-40/epoch-132.pkl
2017-01-25 03:39:42,223 INFO     epoch: 132 took 191.702s (91.479s in batching)
training loss:	0.616316
validation loss:	0.622118
validation error:	0.341244
2017-01-25 03:39:42,240 INFO     Wrote output to trainNN/out/v044-unified-1-g8a5dd7c-dirty:simple-ff-ffv-75-40/config.json
2017-01-25 03:42:38,833 INFO     Saving network params to trainNN/out/v044-unified-1-g8a5dd7c-dirty:simple-ff-ffv-75-40/epoch-133.pkl
2017-01-25 03:42:55,596 INFO     epoch: 133 took 193.373s (94.790s in batching)
training loss:	0.616392
validation loss:	0.614406
validation error:	0.341120
2017-01-25 03:42:55,744 INFO     Wrote output to trainNN/out/v044-unified-1-g8a5dd7c-dirty:simple-ff-ffv-75-40/config.json
2017-01-25 03:45:53,259 INFO     Saving network params to trainNN/out/v044-unified-1-g8a5dd7c-dirty:simple-ff-ffv-75-40/epoch-134.pkl
2017-01-25 03:46:10,089 INFO     epoch: 134 took 194.493s (93.772s in batching)
training loss:	0.616064
validation loss:	0.622639
validation error:	0.348129
2017-01-25 03:46:10,111 INFO     Wrote output to trainNN/out/v044-unified-1-g8a5dd7c-dirty:simple-ff-ffv-75-40/config.json
2017-01-25 03:49:09,382 INFO     Saving network params to trainNN/out/v044-unified-1-g8a5dd7c-dirty:simple-ff-ffv-75-40/epoch-135.pkl
2017-01-25 03:49:26,118 INFO     epoch: 135 took 196.028s (93.599s in batching)
training loss:	0.616064
validation loss:	0.612027
validation error:	0.336793
2017-01-25 03:49:26,126 INFO     Wrote output to trainNN/out/v044-unified-1-g8a5dd7c-dirty:simple-ff-ffv-75-40/config.json
2017-01-25 03:52:18,475 INFO     Saving network params to trainNN/out/v044-unified-1-g8a5dd7c-dirty:simple-ff-ffv-75-40/epoch-136.pkl
2017-01-25 03:52:34,866 INFO     epoch: 136 took 188.748s (92.261s in batching)
training loss:	0.615657
validation loss:	0.614466
validation error:	0.339147
2017-01-25 03:52:34,892 INFO     Wrote output to trainNN/out/v044-unified-1-g8a5dd7c-dirty:simple-ff-ffv-75-40/config.json
2017-01-25 03:55:28,343 INFO     Saving network params to trainNN/out/v044-unified-1-g8a5dd7c-dirty:simple-ff-ffv-75-40/epoch-137.pkl
2017-01-25 03:55:45,233 INFO     epoch: 137 took 190.367s (92.790s in batching)
training loss:	0.615834
validation loss:	0.612661
validation error:	0.341700
2017-01-25 03:55:45,270 INFO     Wrote output to trainNN/out/v044-unified-1-g8a5dd7c-dirty:simple-ff-ffv-75-40/config.json
2017-01-25 03:58:40,256 INFO     Saving network params to trainNN/out/v044-unified-1-g8a5dd7c-dirty:simple-ff-ffv-75-40/epoch-138.pkl
2017-01-25 03:58:56,998 INFO     epoch: 138 took 191.765s (92.985s in batching)
training loss:	0.615374
validation loss:	0.629686
validation error:	0.359410
2017-01-25 03:58:57,007 INFO     Wrote output to trainNN/out/v044-unified-1-g8a5dd7c-dirty:simple-ff-ffv-75-40/config.json
2017-01-25 04:01:52,697 INFO     Saving network params to trainNN/out/v044-unified-1-g8a5dd7c-dirty:simple-ff-ffv-75-40/epoch-139.pkl
2017-01-25 04:02:09,666 INFO     epoch: 139 took 192.668s (94.252s in batching)
training loss:	0.615356
validation loss:	0.614054
validation error:	0.337467
2017-01-25 04:02:09,675 INFO     Wrote output to trainNN/out/v044-unified-1-g8a5dd7c-dirty:simple-ff-ffv-75-40/config.json
2017-01-25 04:05:05,222 INFO     Saving network params to trainNN/out/v044-unified-1-g8a5dd7c-dirty:simple-ff-ffv-75-40/epoch-140.pkl
2017-01-25 04:05:22,005 INFO     epoch: 140 took 192.339s (93.670s in batching)
training loss:	0.615381
validation loss:	0.614197
validation error:	0.342354
2017-01-25 04:05:22,027 INFO     Wrote output to trainNN/out/v044-unified-1-g8a5dd7c-dirty:simple-ff-ffv-75-40/config.json
2017-01-25 04:08:17,493 INFO     Saving network params to trainNN/out/v044-unified-1-g8a5dd7c-dirty:simple-ff-ffv-75-40/epoch-141.pkl
2017-01-25 04:08:34,666 INFO     epoch: 141 took 192.661s (95.781s in batching)
training loss:	0.615222
validation loss:	0.619778
validation error:	0.339024
2017-01-25 04:08:34,686 INFO     Wrote output to trainNN/out/v044-unified-1-g8a5dd7c-dirty:simple-ff-ffv-75-40/config.json
2017-01-25 04:11:34,045 INFO     Saving network params to trainNN/out/v044-unified-1-g8a5dd7c-dirty:simple-ff-ffv-75-40/epoch-142.pkl
2017-01-25 04:11:50,976 INFO     epoch: 142 took 196.310s (95.623s in batching)
training loss:	0.615104
validation loss:	0.614642
validation error:	0.342359
2017-01-25 04:11:50,985 INFO     Wrote output to trainNN/out/v044-unified-1-g8a5dd7c-dirty:simple-ff-ffv-75-40/config.json
2017-01-25 04:14:44,765 INFO     Saving network params to trainNN/out/v044-unified-1-g8a5dd7c-dirty:simple-ff-ffv-75-40/epoch-143.pkl
2017-01-25 04:15:01,614 INFO     epoch: 143 took 190.609s (95.368s in batching)
training loss:	0.615326
validation loss:	0.613775
validation error:	0.342166
2017-01-25 04:15:01,651 INFO     Wrote output to trainNN/out/v044-unified-1-g8a5dd7c-dirty:simple-ff-ffv-75-40/config.json
2017-01-25 04:17:57,451 INFO     Saving network params to trainNN/out/v044-unified-1-g8a5dd7c-dirty:simple-ff-ffv-75-40/epoch-144.pkl
2017-01-25 04:18:14,473 INFO     epoch: 144 took 192.888s (95.971s in batching)
training loss:	0.614877
validation loss:	0.616085
validation error:	0.341522
2017-01-25 04:18:14,483 INFO     Wrote output to trainNN/out/v044-unified-1-g8a5dd7c-dirty:simple-ff-ffv-75-40/config.json
2017-01-25 04:21:11,003 INFO     Saving network params to trainNN/out/v044-unified-1-g8a5dd7c-dirty:simple-ff-ffv-75-40/epoch-145.pkl
2017-01-25 04:21:27,634 INFO     epoch: 145 took 193.161s (95.591s in batching)
training loss:	0.614852
validation loss:	0.615618
validation error:	0.341829
2017-01-25 04:21:27,642 INFO     Wrote output to trainNN/out/v044-unified-1-g8a5dd7c-dirty:simple-ff-ffv-75-40/config.json
2017-01-25 04:24:22,238 INFO     Saving network params to trainNN/out/v044-unified-1-g8a5dd7c-dirty:simple-ff-ffv-75-40/epoch-146.pkl
2017-01-25 04:24:39,303 INFO     epoch: 146 took 191.669s (95.432s in batching)
training loss:	0.614666
validation loss:	0.610530
validation error:	0.337928
2017-01-25 04:24:39,318 INFO     Wrote output to trainNN/out/v044-unified-1-g8a5dd7c-dirty:simple-ff-ffv-75-40/config.json
2017-01-25 04:27:34,810 INFO     Saving network params to trainNN/out/v044-unified-1-g8a5dd7c-dirty:simple-ff-ffv-75-40/epoch-147.pkl
2017-01-25 04:27:51,465 INFO     epoch: 147 took 192.162s (95.410s in batching)
training loss:	0.614803
validation loss:	0.613315
validation error:	0.339916
2017-01-25 04:27:51,490 INFO     Wrote output to trainNN/out/v044-unified-1-g8a5dd7c-dirty:simple-ff-ffv-75-40/config.json
2017-01-25 04:30:44,307 INFO     Saving network params to trainNN/out/v044-unified-1-g8a5dd7c-dirty:simple-ff-ffv-75-40/epoch-148.pkl
2017-01-25 04:31:00,751 INFO     epoch: 148 took 189.286s (92.908s in batching)
training loss:	0.614478
validation loss:	0.617295
validation error:	0.343509
2017-01-25 04:31:00,774 INFO     Wrote output to trainNN/out/v044-unified-1-g8a5dd7c-dirty:simple-ff-ffv-75-40/config.json
2017-01-25 04:33:56,175 INFO     Saving network params to trainNN/out/v044-unified-1-g8a5dd7c-dirty:simple-ff-ffv-75-40/epoch-149.pkl
2017-01-25 04:34:12,605 INFO     epoch: 149 took 191.855s (92.976s in batching)
training loss:	0.614365
validation loss:	0.618369
validation error:	0.338518
2017-01-25 04:34:12,616 INFO     Wrote output to trainNN/out/v044-unified-1-g8a5dd7c-dirty:simple-ff-ffv-75-40/config.json
2017-01-25 04:37:08,636 INFO     Saving network params to trainNN/out/v044-unified-1-g8a5dd7c-dirty:simple-ff-ffv-75-40/epoch-150.pkl
2017-01-25 04:37:24,884 INFO     epoch: 150 took 192.279s (93.355s in batching)
training loss:	0.614588
validation loss:	0.616371
validation error:	0.340615
2017-01-25 04:37:24,904 INFO     Wrote output to trainNN/out/v044-unified-1-g8a5dd7c-dirty:simple-ff-ffv-75-40/config.json
2017-01-25 04:40:19,162 INFO     Saving network params to trainNN/out/v044-unified-1-g8a5dd7c-dirty:simple-ff-ffv-75-40/epoch-151.pkl
2017-01-25 04:40:35,531 INFO     epoch: 151 took 190.647s (92.920s in batching)
training loss:	0.614571
validation loss:	0.664874
validation error:	0.413869
2017-01-25 04:40:35,548 INFO     Wrote output to trainNN/out/v044-unified-1-g8a5dd7c-dirty:simple-ff-ffv-75-40/config.json
2017-01-25 04:43:31,814 INFO     Saving network params to trainNN/out/v044-unified-1-g8a5dd7c-dirty:simple-ff-ffv-75-40/epoch-152.pkl
2017-01-25 04:43:48,307 INFO     epoch: 152 took 192.776s (93.103s in batching)
training loss:	0.614337
validation loss:	0.609808
validation error:	0.336317
2017-01-25 04:43:48,330 INFO     Wrote output to trainNN/out/v044-unified-1-g8a5dd7c-dirty:simple-ff-ffv-75-40/config.json
2017-01-25 04:46:42,745 INFO     Saving network params to trainNN/out/v044-unified-1-g8a5dd7c-dirty:simple-ff-ffv-75-40/epoch-153.pkl
2017-01-25 04:46:59,129 INFO     epoch: 153 took 190.822s (92.725s in batching)
training loss:	0.614258
validation loss:	0.611383
validation error:	0.339851
2017-01-25 04:46:59,152 INFO     Wrote output to trainNN/out/v044-unified-1-g8a5dd7c-dirty:simple-ff-ffv-75-40/config.json
2017-01-25 04:49:54,860 INFO     Saving network params to trainNN/out/v044-unified-1-g8a5dd7c-dirty:simple-ff-ffv-75-40/epoch-154.pkl
2017-01-25 04:50:11,211 INFO     epoch: 154 took 192.083s (92.552s in batching)
training loss:	0.614344
validation loss:	0.619774
validation error:	0.342102
2017-01-25 04:50:11,244 INFO     Wrote output to trainNN/out/v044-unified-1-g8a5dd7c-dirty:simple-ff-ffv-75-40/config.json
2017-01-25 04:53:06,402 INFO     Saving network params to trainNN/out/v044-unified-1-g8a5dd7c-dirty:simple-ff-ffv-75-40/epoch-155.pkl
2017-01-25 04:53:22,858 INFO     epoch: 155 took 191.647s (92.454s in batching)
training loss:	0.614153
validation loss:	0.611696
validation error:	0.338330
2017-01-25 04:53:22,878 INFO     Wrote output to trainNN/out/v044-unified-1-g8a5dd7c-dirty:simple-ff-ffv-75-40/config.json
2017-01-25 04:56:17,781 INFO     Saving network params to trainNN/out/v044-unified-1-g8a5dd7c-dirty:simple-ff-ffv-75-40/epoch-156.pkl
2017-01-25 04:56:34,088 INFO     epoch: 156 took 191.230s (92.389s in batching)
training loss:	0.614233
validation loss:	0.613260
validation error:	0.341978
2017-01-25 04:56:34,097 INFO     Wrote output to trainNN/out/v044-unified-1-g8a5dd7c-dirty:simple-ff-ffv-75-40/config.json
2017-01-25 04:59:29,668 INFO     Saving network params to trainNN/out/v044-unified-1-g8a5dd7c-dirty:simple-ff-ffv-75-40/epoch-157.pkl
2017-01-25 04:59:46,042 INFO     epoch: 157 took 191.954s (92.676s in batching)
training loss:	0.614076
validation loss:	0.613586
validation error:	0.338369
2017-01-25 04:59:46,075 INFO     Wrote output to trainNN/out/v044-unified-1-g8a5dd7c-dirty:simple-ff-ffv-75-40/config.json
2017-01-25 05:02:40,876 INFO     Saving network params to trainNN/out/v044-unified-1-g8a5dd7c-dirty:simple-ff-ffv-75-40/epoch-158.pkl
2017-01-25 05:02:57,264 INFO     epoch: 158 took 191.221s (92.203s in batching)
training loss:	0.614200
validation loss:	0.613221
validation error:	0.336089
2017-01-25 05:02:57,272 INFO     Wrote output to trainNN/out/v044-unified-1-g8a5dd7c-dirty:simple-ff-ffv-75-40/config.json
2017-01-25 05:05:53,098 INFO     Saving network params to trainNN/out/v044-unified-1-g8a5dd7c-dirty:simple-ff-ffv-75-40/epoch-159.pkl
2017-01-25 05:06:09,542 INFO     epoch: 159 took 192.278s (92.534s in batching)
training loss:	0.614160
validation loss:	0.627487
validation error:	0.346022
2017-01-25 05:06:09,563 INFO     Wrote output to trainNN/out/v044-unified-1-g8a5dd7c-dirty:simple-ff-ffv-75-40/config.json
2017-01-25 05:09:05,474 INFO     Saving network params to trainNN/out/v044-unified-1-g8a5dd7c-dirty:simple-ff-ffv-75-40/epoch-160.pkl
2017-01-25 05:09:21,931 INFO     epoch: 160 took 192.389s (92.378s in batching)
training loss:	0.614239
validation loss:	0.612639
validation error:	0.339256
2017-01-25 05:09:21,954 INFO     Wrote output to trainNN/out/v044-unified-1-g8a5dd7c-dirty:simple-ff-ffv-75-40/config.json
2017-01-25 05:12:17,648 INFO     Saving network params to trainNN/out/v044-unified-1-g8a5dd7c-dirty:simple-ff-ffv-75-40/epoch-161.pkl
2017-01-25 05:12:34,014 INFO     epoch: 161 took 192.083s (92.742s in batching)
training loss:	0.613989
validation loss:	0.612121
validation error:	0.337512
2017-01-25 05:12:34,024 INFO     Wrote output to trainNN/out/v044-unified-1-g8a5dd7c-dirty:simple-ff-ffv-75-40/config.json
2017-01-25 05:15:29,486 INFO     Saving network params to trainNN/out/v044-unified-1-g8a5dd7c-dirty:simple-ff-ffv-75-40/epoch-162.pkl
2017-01-25 05:15:45,758 INFO     epoch: 162 took 191.744s (92.157s in batching)
training loss:	0.614123
validation loss:	0.611621
validation error:	0.336902
2017-01-25 05:15:45,791 INFO     Wrote output to trainNN/out/v044-unified-1-g8a5dd7c-dirty:simple-ff-ffv-75-40/config.json
2017-01-25 05:18:40,158 INFO     Saving network params to trainNN/out/v044-unified-1-g8a5dd7c-dirty:simple-ff-ffv-75-40/epoch-163.pkl
2017-01-25 05:18:56,484 INFO     epoch: 163 took 190.727s (92.092s in batching)
training loss:	0.613957
validation loss:	0.610965
validation error:	0.339038
2017-01-25 05:18:56,516 INFO     Wrote output to trainNN/out/v044-unified-1-g8a5dd7c-dirty:simple-ff-ffv-75-40/config.json
2017-01-25 05:21:51,822 INFO     Saving network params to trainNN/out/v044-unified-1-g8a5dd7c-dirty:simple-ff-ffv-75-40/epoch-164.pkl
2017-01-25 05:22:08,277 INFO     epoch: 164 took 191.792s (92.127s in batching)
training loss:	0.613793
validation loss:	0.621785
validation error:	0.348183
2017-01-25 05:22:08,292 INFO     Wrote output to trainNN/out/v044-unified-1-g8a5dd7c-dirty:simple-ff-ffv-75-40/config.json
2017-01-25 05:25:04,328 INFO     Saving network params to trainNN/out/v044-unified-1-g8a5dd7c-dirty:simple-ff-ffv-75-40/epoch-165.pkl
2017-01-25 05:25:20,938 INFO     epoch: 165 took 192.662s (92.503s in batching)
training loss:	0.613699
validation loss:	0.612379
validation error:	0.337903
2017-01-25 05:25:20,960 INFO     Wrote output to trainNN/out/v044-unified-1-g8a5dd7c-dirty:simple-ff-ffv-75-40/config.json
2017-01-25 05:28:16,771 INFO     Saving network params to trainNN/out/v044-unified-1-g8a5dd7c-dirty:simple-ff-ffv-75-40/epoch-166.pkl
2017-01-25 05:28:32,932 INFO     epoch: 166 took 191.994s (92.200s in batching)
training loss:	0.614076
validation loss:	0.610508
validation error:	0.338320
2017-01-25 05:28:32,942 INFO     Wrote output to trainNN/out/v044-unified-1-g8a5dd7c-dirty:simple-ff-ffv-75-40/config.json
2017-01-25 05:31:27,340 INFO     Saving network params to trainNN/out/v044-unified-1-g8a5dd7c-dirty:simple-ff-ffv-75-40/epoch-167.pkl
2017-01-25 05:31:43,606 INFO     epoch: 167 took 190.674s (91.948s in batching)
training loss:	0.614064
validation loss:	0.624224
validation error:	0.336986
2017-01-25 05:31:43,621 INFO     Wrote output to trainNN/out/v044-unified-1-g8a5dd7c-dirty:simple-ff-ffv-75-40/config.json
2017-01-25 05:34:39,027 INFO     Saving network params to trainNN/out/v044-unified-1-g8a5dd7c-dirty:simple-ff-ffv-75-40/epoch-168.pkl
2017-01-25 05:34:55,480 INFO     epoch: 168 took 191.874s (92.419s in batching)
training loss:	0.614165
validation loss:	0.613992
validation error:	0.338235
2017-01-25 05:34:55,498 INFO     Wrote output to trainNN/out/v044-unified-1-g8a5dd7c-dirty:simple-ff-ffv-75-40/config.json
2017-01-25 05:37:51,904 INFO     Saving network params to trainNN/out/v044-unified-1-g8a5dd7c-dirty:simple-ff-ffv-75-40/epoch-169.pkl
2017-01-25 05:38:08,565 INFO     epoch: 169 took 193.085s (92.776s in batching)
training loss:	0.614080
validation loss:	0.613491
validation error:	0.338979
2017-01-25 05:38:08,591 INFO     Wrote output to trainNN/out/v044-unified-1-g8a5dd7c-dirty:simple-ff-ffv-75-40/config.json
2017-01-25 05:41:05,284 INFO     Saving network params to trainNN/out/v044-unified-1-g8a5dd7c-dirty:simple-ff-ffv-75-40/epoch-170.pkl
2017-01-25 05:41:22,053 INFO     epoch: 170 took 193.488s (92.905s in batching)
training loss:	0.614225
validation loss:	0.626175
validation error:	0.345928
2017-01-25 05:41:22,070 INFO     Wrote output to trainNN/out/v044-unified-1-g8a5dd7c-dirty:simple-ff-ffv-75-40/config.json
2017-01-25 05:44:17,894 INFO     Saving network params to trainNN/out/v044-unified-1-g8a5dd7c-dirty:simple-ff-ffv-75-40/epoch-171.pkl
2017-01-25 05:44:34,288 INFO     epoch: 171 took 192.235s (92.264s in batching)
training loss:	0.614026
validation loss:	0.609665
validation error:	0.336352
2017-01-25 05:44:34,308 INFO     Wrote output to trainNN/out/v044-unified-1-g8a5dd7c-dirty:simple-ff-ffv-75-40/config.json
2017-01-25 05:47:30,119 INFO     Saving network params to trainNN/out/v044-unified-1-g8a5dd7c-dirty:simple-ff-ffv-75-40/epoch-172.pkl
2017-01-25 05:47:46,722 INFO     epoch: 172 took 192.434s (92.619s in batching)
training loss:	0.613856
validation loss:	0.609489
validation error:	0.335534
2017-01-25 05:47:46,741 INFO     Wrote output to trainNN/out/v044-unified-1-g8a5dd7c-dirty:simple-ff-ffv-75-40/config.json
2017-01-25 05:50:41,780 INFO     Saving network params to trainNN/out/v044-unified-1-g8a5dd7c-dirty:simple-ff-ffv-75-40/epoch-173.pkl
2017-01-25 05:50:58,171 INFO     epoch: 173 took 191.449s (92.133s in batching)
training loss:	0.614245
validation loss:	0.611628
validation error:	0.336758
2017-01-25 05:50:58,180 INFO     Wrote output to trainNN/out/v044-unified-1-g8a5dd7c-dirty:simple-ff-ffv-75-40/config.json
2017-01-25 05:53:53,155 INFO     Saving network params to trainNN/out/v044-unified-1-g8a5dd7c-dirty:simple-ff-ffv-75-40/epoch-174.pkl
2017-01-25 05:54:09,028 INFO     epoch: 174 took 190.857s (92.107s in batching)
training loss:	0.614173
validation loss:	0.614488
validation error:	0.338929
2017-01-25 05:54:09,048 INFO     Wrote output to trainNN/out/v044-unified-1-g8a5dd7c-dirty:simple-ff-ffv-75-40/config.json
2017-01-25 05:57:00,216 INFO     Saving network params to trainNN/out/v044-unified-1-g8a5dd7c-dirty:simple-ff-ffv-75-40/epoch-175.pkl
2017-01-25 05:57:16,074 INFO     epoch: 175 took 187.046s (93.004s in batching)
training loss:	0.613701
validation loss:	0.611833
validation error:	0.334082
2017-01-25 05:57:16,096 INFO     Wrote output to trainNN/out/v044-unified-1-g8a5dd7c-dirty:simple-ff-ffv-75-40/config.json
2017-01-25 06:00:09,017 INFO     Saving network params to trainNN/out/v044-unified-1-g8a5dd7c-dirty:simple-ff-ffv-75-40/epoch-176.pkl
2017-01-25 06:00:23,461 INFO     epoch: 176 took 187.387s (93.319s in batching)
training loss:	0.613717
validation loss:	0.610768
validation error:	0.336436
2017-01-25 06:00:23,471 INFO     Wrote output to trainNN/out/v044-unified-1-g8a5dd7c-dirty:simple-ff-ffv-75-40/config.json
2017-01-25 06:03:23,232 INFO     Saving network params to trainNN/out/v044-unified-1-g8a5dd7c-dirty:simple-ff-ffv-75-40/epoch-177.pkl
2017-01-25 06:03:41,137 INFO     epoch: 177 took 197.676s (92.893s in batching)
training loss:	0.613921
validation loss:	0.611831
validation error:	0.338121
2017-01-25 06:03:41,147 INFO     Wrote output to trainNN/out/v044-unified-1-g8a5dd7c-dirty:simple-ff-ffv-75-40/config.json
2017-01-25 06:06:45,109 INFO     Saving network params to trainNN/out/v044-unified-1-g8a5dd7c-dirty:simple-ff-ffv-75-40/epoch-178.pkl
2017-01-25 06:07:03,115 INFO     epoch: 178 took 201.978s (91.931s in batching)
training loss:	0.614040
validation loss:	0.610966
validation error:	0.335093
2017-01-25 06:07:03,132 INFO     Wrote output to trainNN/out/v044-unified-1-g8a5dd7c-dirty:simple-ff-ffv-75-40/config.json
2017-01-25 06:10:07,409 INFO     Saving network params to trainNN/out/v044-unified-1-g8a5dd7c-dirty:simple-ff-ffv-75-40/epoch-179.pkl
2017-01-25 06:10:25,352 INFO     epoch: 179 took 202.236s (92.255s in batching)
training loss:	0.613874
validation loss:	0.624023
validation error:	0.346087
2017-01-25 06:10:25,371 INFO     Wrote output to trainNN/out/v044-unified-1-g8a5dd7c-dirty:simple-ff-ffv-75-40/config.json
2017-01-25 06:13:29,273 INFO     Saving network params to trainNN/out/v044-unified-1-g8a5dd7c-dirty:simple-ff-ffv-75-40/epoch-180.pkl
2017-01-25 06:13:47,447 INFO     epoch: 180 took 202.096s (92.214s in batching)
training loss:	0.614201
validation loss:	0.640813
validation error:	0.380848
2017-01-25 06:13:47,469 INFO     Wrote output to trainNN/out/v044-unified-1-g8a5dd7c-dirty:simple-ff-ffv-75-40/config.json
2017-01-25 06:16:51,743 INFO     Saving network params to trainNN/out/v044-unified-1-g8a5dd7c-dirty:simple-ff-ffv-75-40/epoch-181.pkl
2017-01-25 06:17:10,001 INFO     epoch: 181 took 202.554s (92.761s in batching)
training loss:	0.613881
validation loss:	0.609627
validation error:	0.334538
2017-01-25 06:17:10,018 INFO     Wrote output to trainNN/out/v044-unified-1-g8a5dd7c-dirty:simple-ff-ffv-75-40/config.json
2017-01-25 06:20:14,124 INFO     Saving network params to trainNN/out/v044-unified-1-g8a5dd7c-dirty:simple-ff-ffv-75-40/epoch-182.pkl
2017-01-25 06:20:32,198 INFO     epoch: 182 took 202.197s (91.941s in batching)
training loss:	0.613810
validation loss:	0.616816
validation error:	0.338454
2017-01-25 06:20:32,208 INFO     Wrote output to trainNN/out/v044-unified-1-g8a5dd7c-dirty:simple-ff-ffv-75-40/config.json
2017-01-25 06:23:35,892 INFO     Saving network params to trainNN/out/v044-unified-1-g8a5dd7c-dirty:simple-ff-ffv-75-40/epoch-183.pkl
2017-01-25 06:23:53,671 INFO     epoch: 183 took 201.473s (92.048s in batching)
training loss:	0.614001
validation loss:	0.618981
validation error:	0.341249
2017-01-25 06:23:53,688 INFO     Wrote output to trainNN/out/v044-unified-1-g8a5dd7c-dirty:simple-ff-ffv-75-40/config.json
2017-01-25 06:26:57,627 INFO     Saving network params to trainNN/out/v044-unified-1-g8a5dd7c-dirty:simple-ff-ffv-75-40/epoch-184.pkl
2017-01-25 06:27:15,541 INFO     epoch: 184 took 201.870s (91.896s in batching)
training loss:	0.613843
validation loss:	0.616066
validation error:	0.338151
2017-01-25 06:27:15,562 INFO     Wrote output to trainNN/out/v044-unified-1-g8a5dd7c-dirty:simple-ff-ffv-75-40/config.json
2017-01-25 06:30:19,705 INFO     Saving network params to trainNN/out/v044-unified-1-g8a5dd7c-dirty:simple-ff-ffv-75-40/epoch-185.pkl
2017-01-25 06:30:37,352 INFO     epoch: 185 took 201.811s (91.792s in batching)
training loss:	0.613832
validation loss:	0.614493
validation error:	0.339103
2017-01-25 06:30:37,362 INFO     Wrote output to trainNN/out/v044-unified-1-g8a5dd7c-dirty:simple-ff-ffv-75-40/config.json
2017-01-25 06:33:42,001 INFO     Saving network params to trainNN/out/v044-unified-1-g8a5dd7c-dirty:simple-ff-ffv-75-40/epoch-186.pkl
2017-01-25 06:33:59,543 INFO     epoch: 186 took 202.191s (91.847s in batching)
training loss:	0.613821
validation loss:	0.612072
validation error:	0.337204
2017-01-25 06:33:59,554 INFO     Wrote output to trainNN/out/v044-unified-1-g8a5dd7c-dirty:simple-ff-ffv-75-40/config.json
2017-01-25 06:37:03,219 INFO     Saving network params to trainNN/out/v044-unified-1-g8a5dd7c-dirty:simple-ff-ffv-75-40/epoch-187.pkl
2017-01-25 06:37:20,917 INFO     epoch: 187 took 201.375s (92.051s in batching)
training loss:	0.613754
validation loss:	0.613345
validation error:	0.337913
2017-01-25 06:37:20,939 INFO     Wrote output to trainNN/out/v044-unified-1-g8a5dd7c-dirty:simple-ff-ffv-75-40/config.json
2017-01-25 06:40:24,576 INFO     Saving network params to trainNN/out/v044-unified-1-g8a5dd7c-dirty:simple-ff-ffv-75-40/epoch-188.pkl
2017-01-25 06:40:42,688 INFO     epoch: 188 took 201.771s (91.622s in batching)
training loss:	0.613818
validation loss:	0.631860
validation error:	0.342944
2017-01-25 06:40:42,699 INFO     Wrote output to trainNN/out/v044-unified-1-g8a5dd7c-dirty:simple-ff-ffv-75-40/config.json
2017-01-25 06:43:45,991 INFO     Saving network params to trainNN/out/v044-unified-1-g8a5dd7c-dirty:simple-ff-ffv-75-40/epoch-189.pkl
2017-01-25 06:44:04,260 INFO     epoch: 189 took 201.572s (91.718s in batching)
training loss:	0.613555
validation loss:	0.614094
validation error:	0.340481
2017-01-25 06:44:04,270 INFO     Wrote output to trainNN/out/v044-unified-1-g8a5dd7c-dirty:simple-ff-ffv-75-40/config.json
2017-01-25 06:47:08,470 INFO     Saving network params to trainNN/out/v044-unified-1-g8a5dd7c-dirty:simple-ff-ffv-75-40/epoch-190.pkl
2017-01-25 06:47:26,660 INFO     epoch: 190 took 202.400s (92.520s in batching)
training loss:	0.613779
validation loss:	0.611200
validation error:	0.337041
2017-01-25 06:47:26,677 INFO     Wrote output to trainNN/out/v044-unified-1-g8a5dd7c-dirty:simple-ff-ffv-75-40/config.json
2017-01-25 06:50:30,032 INFO     Saving network params to trainNN/out/v044-unified-1-g8a5dd7c-dirty:simple-ff-ffv-75-40/epoch-191.pkl
2017-01-25 06:50:47,771 INFO     epoch: 191 took 201.110s (91.371s in batching)
training loss:	0.613746
validation loss:	0.615521
validation error:	0.336213
2017-01-25 06:50:47,781 INFO     Wrote output to trainNN/out/v044-unified-1-g8a5dd7c-dirty:simple-ff-ffv-75-40/config.json
2017-01-25 06:53:51,921 INFO     Saving network params to trainNN/out/v044-unified-1-g8a5dd7c-dirty:simple-ff-ffv-75-40/epoch-192.pkl
2017-01-25 06:54:09,788 INFO     epoch: 192 took 202.017s (91.566s in batching)
training loss:	0.613373
validation loss:	0.611466
validation error:	0.339767
2017-01-25 06:54:09,805 INFO     Wrote output to trainNN/out/v044-unified-1-g8a5dd7c-dirty:simple-ff-ffv-75-40/config.json
2017-01-25 06:57:13,838 INFO     Saving network params to trainNN/out/v044-unified-1-g8a5dd7c-dirty:simple-ff-ffv-75-40/epoch-193.pkl
2017-01-25 06:57:31,734 INFO     epoch: 193 took 201.947s (91.350s in batching)
training loss:	0.613579
validation loss:	0.612713
validation error:	0.337774
2017-01-25 06:57:31,756 INFO     Wrote output to trainNN/out/v044-unified-1-g8a5dd7c-dirty:simple-ff-ffv-75-40/config.json
2017-01-25 07:00:36,289 INFO     Saving network params to trainNN/out/v044-unified-1-g8a5dd7c-dirty:simple-ff-ffv-75-40/epoch-194.pkl
2017-01-25 07:00:54,455 INFO     epoch: 194 took 202.721s (91.906s in batching)
training loss:	0.613499
validation loss:	0.610386
validation error:	0.334300
2017-01-25 07:00:54,465 INFO     Wrote output to trainNN/out/v044-unified-1-g8a5dd7c-dirty:simple-ff-ffv-75-40/config.json
2017-01-25 07:03:59,400 INFO     Saving network params to trainNN/out/v044-unified-1-g8a5dd7c-dirty:simple-ff-ffv-75-40/epoch-195.pkl
2017-01-25 07:04:17,192 INFO     epoch: 195 took 202.736s (91.254s in batching)
training loss:	0.613755
validation loss:	0.611845
validation error:	0.336664
2017-01-25 07:04:17,208 INFO     Wrote output to trainNN/out/v044-unified-1-g8a5dd7c-dirty:simple-ff-ffv-75-40/config.json
2017-01-25 07:07:20,565 INFO     Saving network params to trainNN/out/v044-unified-1-g8a5dd7c-dirty:simple-ff-ffv-75-40/epoch-196.pkl
2017-01-25 07:07:38,427 INFO     epoch: 196 took 201.235s (92.035s in batching)
training loss:	0.613540
validation loss:	0.611946
validation error:	0.339831
2017-01-25 07:07:38,440 INFO     Wrote output to trainNN/out/v044-unified-1-g8a5dd7c-dirty:simple-ff-ffv-75-40/config.json
2017-01-25 07:10:35,619 INFO     Saving network params to trainNN/out/v044-unified-1-g8a5dd7c-dirty:simple-ff-ffv-75-40/epoch-197.pkl
2017-01-25 07:10:52,587 INFO     epoch: 197 took 194.160s (91.687s in batching)
training loss:	0.613635
validation loss:	0.612601
validation error:	0.336208
2017-01-25 07:10:52,597 INFO     Wrote output to trainNN/out/v044-unified-1-g8a5dd7c-dirty:simple-ff-ffv-75-40/config.json
2017-01-25 07:13:56,898 INFO     Saving network params to trainNN/out/v044-unified-1-g8a5dd7c-dirty:simple-ff-ffv-75-40/epoch-198.pkl
2017-01-25 07:14:14,928 INFO     epoch: 198 took 202.341s (92.088s in batching)
training loss:	0.613375
validation loss:	0.617242
validation error:	0.343028
2017-01-25 07:14:14,938 INFO     Wrote output to trainNN/out/v044-unified-1-g8a5dd7c-dirty:simple-ff-ffv-75-40/config.json
2017-01-25 07:17:19,932 INFO     Saving network params to trainNN/out/v044-unified-1-g8a5dd7c-dirty:simple-ff-ffv-75-40/epoch-199.pkl
2017-01-25 07:17:37,622 INFO     epoch: 199 took 202.694s (91.691s in batching)
training loss:	0.613608
validation loss:	0.627244
validation error:	0.339296
2017-01-25 07:17:37,641 INFO     Wrote output to trainNN/out/v044-unified-1-g8a5dd7c-dirty:simple-ff-ffv-75-40/config.json
