2017-01-24 22:38:24,574 DEBUG    version=v044-unified-2-g35d999d-dirty:simple-ff-ffv-adam-200
2017-01-24 22:38:24,591 INFO     Open DBase(data/db/all240302-spk.dat, data/db/all240302-spk.idx, mode='r')
2017-01-24 22:38:51,540 DEBUG    loading cached extracted data from data/cache/extract-17095dffdd75068299ccb5dd895af8ecaa0fbe1575b09b5b1ad4e4febf4d84ae.pickle
2017-01-24 22:38:53,850 DEBUG    set input dim to 9
2017-01-24 22:38:53,850 DEBUG    input dim = 9
2017-01-24 22:38:54,166 DEBUG    loading data into ram
2017-01-24 22:38:54,432 DEBUG    loading data took 0.267s (cpu: 0.147s
2017-01-24 22:38:55,505 DEBUG    set input dim to 9
2017-01-24 22:38:55,505 DEBUG    input dim = 9
2017-01-24 22:38:55,551 DEBUG    loading data into ram
2017-01-24 22:38:55,573 DEBUG    loading data took 0.021s (cpu: 0.014s
2017-01-24 22:38:55,622 INFO     Training network with 72602 trainable out of 72602 total params.
2017-01-24 22:38:55,702 DEBUG    Using adam with learning_rate=0.001000
2017-01-24 22:38:59,610 DEBUG    Starting training...
2017-01-24 22:42:17,919 INFO     Saving network params to trainNN/out/v044-unified-2-g35d999d-dirty:simple-ff-ffv-adam-200/epoch-000.pkl
2017-01-24 22:42:28,782 INFO     epoch: 0 took 209.167s (107.850s in batching)
training loss:	0.631744
validation loss:	0.620422
validation error:	0.353651
2017-01-24 22:42:28,784 INFO     Wrote output to trainNN/out/v044-unified-2-g35d999d-dirty:simple-ff-ffv-adam-200/config.json
2017-01-24 22:44:26,099 INFO     Saving network params to trainNN/out/v044-unified-2-g35d999d-dirty:simple-ff-ffv-adam-200/epoch-001.pkl
2017-01-24 22:44:37,174 INFO     epoch: 1 took 128.392s (85.064s in batching)
training loss:	0.619441
validation loss:	0.615746
validation error:	0.347048
2017-01-24 22:44:37,176 INFO     Wrote output to trainNN/out/v044-unified-2-g35d999d-dirty:simple-ff-ffv-adam-200/config.json
2017-01-24 22:46:36,221 INFO     Saving network params to trainNN/out/v044-unified-2-g35d999d-dirty:simple-ff-ffv-adam-200/epoch-002.pkl
2017-01-24 22:46:47,376 INFO     epoch: 2 took 130.202s (85.500s in batching)
training loss:	0.615177
validation loss:	0.616889
validation error:	0.346612
2017-01-24 22:46:47,379 INFO     Wrote output to trainNN/out/v044-unified-2-g35d999d-dirty:simple-ff-ffv-adam-200/config.json
2017-01-24 22:48:46,829 INFO     Saving network params to trainNN/out/v044-unified-2-g35d999d-dirty:simple-ff-ffv-adam-200/epoch-003.pkl
2017-01-24 22:48:57,905 INFO     epoch: 3 took 130.529s (86.000s in batching)
training loss:	0.612570
validation loss:	0.609786
validation error:	0.340367
2017-01-24 22:48:58,005 INFO     Wrote output to trainNN/out/v044-unified-2-g35d999d-dirty:simple-ff-ffv-adam-200/config.json
2017-01-24 22:50:57,633 INFO     Saving network params to trainNN/out/v044-unified-2-g35d999d-dirty:simple-ff-ffv-adam-200/epoch-004.pkl
2017-01-24 22:51:08,638 INFO     epoch: 4 took 130.733s (85.681s in batching)
training loss:	0.610596
validation loss:	0.607051
validation error:	0.335142
2017-01-24 22:51:08,641 INFO     Wrote output to trainNN/out/v044-unified-2-g35d999d-dirty:simple-ff-ffv-adam-200/config.json
2017-01-24 22:53:07,623 INFO     Saving network params to trainNN/out/v044-unified-2-g35d999d-dirty:simple-ff-ffv-adam-200/epoch-005.pkl
2017-01-24 22:53:18,717 INFO     epoch: 5 took 130.079s (85.787s in batching)
training loss:	0.608954
validation loss:	0.614889
validation error:	0.338810
2017-01-24 22:53:18,817 INFO     Wrote output to trainNN/out/v044-unified-2-g35d999d-dirty:simple-ff-ffv-adam-200/config.json
2017-01-24 22:55:17,846 INFO     Saving network params to trainNN/out/v044-unified-2-g35d999d-dirty:simple-ff-ffv-adam-200/epoch-006.pkl
2017-01-24 22:55:28,896 INFO     epoch: 6 took 130.179s (85.507s in batching)
training loss:	0.607811
validation loss:	0.605457
validation error:	0.332748
2017-01-24 22:55:28,899 INFO     Wrote output to trainNN/out/v044-unified-2-g35d999d-dirty:simple-ff-ffv-adam-200/config.json
2017-01-24 22:57:28,089 INFO     Saving network params to trainNN/out/v044-unified-2-g35d999d-dirty:simple-ff-ffv-adam-200/epoch-007.pkl
2017-01-24 22:57:39,138 INFO     epoch: 7 took 130.242s (85.343s in batching)
training loss:	0.606763
validation loss:	0.604728
validation error:	0.333551
2017-01-24 22:57:39,241 INFO     Wrote output to trainNN/out/v044-unified-2-g35d999d-dirty:simple-ff-ffv-adam-200/config.json
2017-01-24 22:59:37,830 INFO     Saving network params to trainNN/out/v044-unified-2-g35d999d-dirty:simple-ff-ffv-adam-200/epoch-008.pkl
2017-01-24 22:59:48,806 INFO     epoch: 8 took 129.668s (84.898s in batching)
training loss:	0.606113
validation loss:	0.607610
validation error:	0.335668
2017-01-24 22:59:48,809 INFO     Wrote output to trainNN/out/v044-unified-2-g35d999d-dirty:simple-ff-ffv-adam-200/config.json
2017-01-24 23:01:47,388 INFO     Saving network params to trainNN/out/v044-unified-2-g35d999d-dirty:simple-ff-ffv-adam-200/epoch-009.pkl
2017-01-24 23:01:58,421 INFO     epoch: 9 took 129.615s (85.040s in batching)
training loss:	0.605289
validation loss:	0.605929
validation error:	0.331281
2017-01-24 23:01:58,424 INFO     Wrote output to trainNN/out/v044-unified-2-g35d999d-dirty:simple-ff-ffv-adam-200/config.json
2017-01-24 23:03:58,067 INFO     Saving network params to trainNN/out/v044-unified-2-g35d999d-dirty:simple-ff-ffv-adam-200/epoch-010.pkl
2017-01-24 23:04:08,839 INFO     epoch: 10 took 130.418s (85.520s in batching)
training loss:	0.604760
validation loss:	0.602805
validation error:	0.328818
2017-01-24 23:04:08,842 INFO     Wrote output to trainNN/out/v044-unified-2-g35d999d-dirty:simple-ff-ffv-adam-200/config.json
2017-01-24 23:06:08,523 INFO     Saving network params to trainNN/out/v044-unified-2-g35d999d-dirty:simple-ff-ffv-adam-200/epoch-011.pkl
2017-01-24 23:06:19,642 INFO     epoch: 11 took 130.803s (85.716s in batching)
training loss:	0.604353
validation loss:	0.609517
validation error:	0.338111
2017-01-24 23:06:19,745 INFO     Wrote output to trainNN/out/v044-unified-2-g35d999d-dirty:simple-ff-ffv-adam-200/config.json
2017-01-24 23:08:18,522 INFO     Saving network params to trainNN/out/v044-unified-2-g35d999d-dirty:simple-ff-ffv-adam-200/epoch-012.pkl
2017-01-24 23:08:29,580 INFO     epoch: 12 took 129.938s (84.998s in batching)
training loss:	0.603849
validation loss:	0.605516
validation error:	0.331861
2017-01-24 23:08:29,584 INFO     Wrote output to trainNN/out/v044-unified-2-g35d999d-dirty:simple-ff-ffv-adam-200/config.json
2017-01-24 23:10:29,028 INFO     Saving network params to trainNN/out/v044-unified-2-g35d999d-dirty:simple-ff-ffv-adam-200/epoch-013.pkl
2017-01-24 23:10:40,101 INFO     epoch: 13 took 130.521s (85.965s in batching)
training loss:	0.603393
validation loss:	0.608666
validation error:	0.334374
2017-01-24 23:10:40,104 INFO     Wrote output to trainNN/out/v044-unified-2-g35d999d-dirty:simple-ff-ffv-adam-200/config.json
2017-01-24 23:12:39,294 INFO     Saving network params to trainNN/out/v044-unified-2-g35d999d-dirty:simple-ff-ffv-adam-200/epoch-014.pkl
2017-01-24 23:12:50,369 INFO     epoch: 14 took 130.268s (85.669s in batching)
training loss:	0.603176
validation loss:	0.605368
validation error:	0.332897
2017-01-24 23:12:50,372 INFO     Wrote output to trainNN/out/v044-unified-2-g35d999d-dirty:simple-ff-ffv-adam-200/config.json
2017-01-24 23:14:49,683 INFO     Saving network params to trainNN/out/v044-unified-2-g35d999d-dirty:simple-ff-ffv-adam-200/epoch-015.pkl
2017-01-24 23:15:00,789 INFO     epoch: 15 took 130.420s (85.829s in batching)
training loss:	0.602707
validation loss:	0.608240
validation error:	0.334766
2017-01-24 23:15:00,792 INFO     Wrote output to trainNN/out/v044-unified-2-g35d999d-dirty:simple-ff-ffv-adam-200/config.json
2017-01-24 23:17:00,122 INFO     Saving network params to trainNN/out/v044-unified-2-g35d999d-dirty:simple-ff-ffv-adam-200/epoch-016.pkl
2017-01-24 23:17:11,185 INFO     epoch: 16 took 130.396s (85.961s in batching)
training loss:	0.602407
validation loss:	0.605674
validation error:	0.330959
2017-01-24 23:17:11,189 INFO     Wrote output to trainNN/out/v044-unified-2-g35d999d-dirty:simple-ff-ffv-adam-200/config.json
2017-01-24 23:19:10,974 INFO     Saving network params to trainNN/out/v044-unified-2-g35d999d-dirty:simple-ff-ffv-adam-200/epoch-017.pkl
2017-01-24 23:19:21,586 INFO     epoch: 17 took 130.401s (86.141s in batching)
training loss:	0.602252
validation loss:	0.602205
validation error:	0.328074
2017-01-24 23:19:21,589 INFO     Wrote output to trainNN/out/v044-unified-2-g35d999d-dirty:simple-ff-ffv-adam-200/config.json
2017-01-24 23:21:20,707 INFO     Saving network params to trainNN/out/v044-unified-2-g35d999d-dirty:simple-ff-ffv-adam-200/epoch-018.pkl
2017-01-24 23:21:31,859 INFO     epoch: 18 took 130.273s (85.469s in batching)
training loss:	0.601984
validation loss:	0.601473
validation error:	0.327772
2017-01-24 23:21:31,862 INFO     Wrote output to trainNN/out/v044-unified-2-g35d999d-dirty:simple-ff-ffv-adam-200/config.json
2017-01-24 23:23:30,610 INFO     Saving network params to trainNN/out/v044-unified-2-g35d999d-dirty:simple-ff-ffv-adam-200/epoch-019.pkl
2017-01-24 23:23:41,834 INFO     epoch: 19 took 129.975s (85.692s in batching)
training loss:	0.601754
validation loss:	0.602542
validation error:	0.329695
2017-01-24 23:23:41,836 INFO     Wrote output to trainNN/out/v044-unified-2-g35d999d-dirty:simple-ff-ffv-adam-200/config.json
2017-01-24 23:25:40,237 INFO     Saving network params to trainNN/out/v044-unified-2-g35d999d-dirty:simple-ff-ffv-adam-200/epoch-020.pkl
2017-01-24 23:25:51,271 INFO     epoch: 20 took 129.438s (84.775s in batching)
training loss:	0.601249
validation loss:	0.604052
validation error:	0.330667
2017-01-24 23:25:51,274 INFO     Wrote output to trainNN/out/v044-unified-2-g35d999d-dirty:simple-ff-ffv-adam-200/config.json
2017-01-24 23:27:51,883 INFO     Saving network params to trainNN/out/v044-unified-2-g35d999d-dirty:simple-ff-ffv-adam-200/epoch-021.pkl
2017-01-24 23:28:03,189 INFO     epoch: 21 took 131.918s (85.857s in batching)
training loss:	0.601235
validation loss:	0.606632
validation error:	0.333269
2017-01-24 23:28:03,193 INFO     Wrote output to trainNN/out/v044-unified-2-g35d999d-dirty:simple-ff-ffv-adam-200/config.json
2017-01-24 23:30:04,374 INFO     Saving network params to trainNN/out/v044-unified-2-g35d999d-dirty:simple-ff-ffv-adam-200/epoch-022.pkl
2017-01-24 23:30:15,705 INFO     epoch: 22 took 132.515s (85.690s in batching)
training loss:	0.601164
validation loss:	0.604189
validation error:	0.332312
2017-01-24 23:30:15,708 INFO     Wrote output to trainNN/out/v044-unified-2-g35d999d-dirty:simple-ff-ffv-adam-200/config.json
2017-01-24 23:32:16,404 INFO     Saving network params to trainNN/out/v044-unified-2-g35d999d-dirty:simple-ff-ffv-adam-200/epoch-023.pkl
2017-01-24 23:32:27,079 INFO     epoch: 23 took 131.374s (85.559s in batching)
training loss:	0.600839
validation loss:	0.602519
validation error:	0.326914
2017-01-24 23:32:27,082 INFO     Wrote output to trainNN/out/v044-unified-2-g35d999d-dirty:simple-ff-ffv-adam-200/config.json
2017-01-24 23:34:26,195 INFO     Saving network params to trainNN/out/v044-unified-2-g35d999d-dirty:simple-ff-ffv-adam-200/epoch-024.pkl
2017-01-24 23:34:37,180 INFO     epoch: 24 took 130.102s (85.201s in batching)
training loss:	0.600546
validation loss:	0.603223
validation error:	0.328020
2017-01-24 23:34:37,183 INFO     Wrote output to trainNN/out/v044-unified-2-g35d999d-dirty:simple-ff-ffv-adam-200/config.json
2017-01-24 23:36:58,628 INFO     Saving network params to trainNN/out/v044-unified-2-g35d999d-dirty:simple-ff-ffv-adam-200/epoch-025.pkl
2017-01-24 23:37:11,022 INFO     epoch: 25 took 153.841s (84.668s in batching)
training loss:	0.600380
validation loss:	0.600715
validation error:	0.328287
2017-01-24 23:37:11,039 INFO     Wrote output to trainNN/out/v044-unified-2-g35d999d-dirty:simple-ff-ffv-adam-200/config.json
2017-01-24 23:39:09,038 INFO     Saving network params to trainNN/out/v044-unified-2-g35d999d-dirty:simple-ff-ffv-adam-200/epoch-026.pkl
2017-01-24 23:39:19,771 INFO     epoch: 26 took 128.715s (82.376s in batching)
training loss:	0.600156
validation loss:	0.602986
validation error:	0.329204
2017-01-24 23:39:20,242 INFO     Wrote output to trainNN/out/v044-unified-2-g35d999d-dirty:simple-ff-ffv-adam-200/config.json
2017-01-24 23:41:10,054 INFO     Saving network params to trainNN/out/v044-unified-2-g35d999d-dirty:simple-ff-ffv-adam-200/epoch-027.pkl
2017-01-24 23:41:20,835 INFO     epoch: 27 took 121.095s (83.447s in batching)
training loss:	0.600014
validation loss:	0.602092
validation error:	0.328818
2017-01-24 23:41:20,850 INFO     Wrote output to trainNN/out/v044-unified-2-g35d999d-dirty:simple-ff-ffv-adam-200/config.json
2017-01-24 23:44:02,405 INFO     Saving network params to trainNN/out/v044-unified-2-g35d999d-dirty:simple-ff-ffv-adam-200/epoch-028.pkl
2017-01-24 23:44:16,814 INFO     epoch: 28 took 175.983s (89.491s in batching)
training loss:	0.599897
validation loss:	0.600651
validation error:	0.326563
2017-01-24 23:44:16,818 INFO     Wrote output to trainNN/out/v044-unified-2-g35d999d-dirty:simple-ff-ffv-adam-200/config.json
2017-01-24 23:46:57,209 INFO     Saving network params to trainNN/out/v044-unified-2-g35d999d-dirty:simple-ff-ffv-adam-200/epoch-029.pkl
2017-01-24 23:47:11,820 INFO     epoch: 29 took 175.006s (89.307s in batching)
training loss:	0.599676
validation loss:	0.602815
validation error:	0.326686
2017-01-24 23:47:11,826 INFO     Wrote output to trainNN/out/v044-unified-2-g35d999d-dirty:simple-ff-ffv-adam-200/config.json
2017-01-24 23:49:55,374 INFO     Saving network params to trainNN/out/v044-unified-2-g35d999d-dirty:simple-ff-ffv-adam-200/epoch-030.pkl
2017-01-24 23:50:10,428 INFO     epoch: 30 took 178.608s (88.702s in batching)
training loss:	0.599659
validation loss:	0.601462
validation error:	0.327281
2017-01-24 23:50:10,432 INFO     Wrote output to trainNN/out/v044-unified-2-g35d999d-dirty:simple-ff-ffv-adam-200/config.json
2017-01-24 23:52:53,463 INFO     Saving network params to trainNN/out/v044-unified-2-g35d999d-dirty:simple-ff-ffv-adam-200/epoch-031.pkl
2017-01-24 23:53:08,264 INFO     epoch: 31 took 177.836s (87.894s in batching)
training loss:	0.599404
validation loss:	0.605209
validation error:	0.331594
2017-01-24 23:53:08,267 INFO     Wrote output to trainNN/out/v044-unified-2-g35d999d-dirty:simple-ff-ffv-adam-200/config.json
2017-01-24 23:55:50,991 INFO     Saving network params to trainNN/out/v044-unified-2-g35d999d-dirty:simple-ff-ffv-adam-200/epoch-032.pkl
2017-01-24 23:56:05,878 INFO     epoch: 32 took 177.615s (87.548s in batching)
training loss:	0.599393
validation loss:	0.602249
validation error:	0.329720
2017-01-24 23:56:05,882 INFO     Wrote output to trainNN/out/v044-unified-2-g35d999d-dirty:simple-ff-ffv-adam-200/config.json
2017-01-24 23:58:49,118 INFO     Saving network params to trainNN/out/v044-unified-2-g35d999d-dirty:simple-ff-ffv-adam-200/epoch-033.pkl
2017-01-24 23:59:03,846 INFO     epoch: 33 took 177.968s (87.813s in batching)
training loss:	0.599158
validation loss:	0.605832
validation error:	0.332367
2017-01-24 23:59:03,850 INFO     Wrote output to trainNN/out/v044-unified-2-g35d999d-dirty:simple-ff-ffv-adam-200/config.json
2017-01-25 00:01:47,359 INFO     Saving network params to trainNN/out/v044-unified-2-g35d999d-dirty:simple-ff-ffv-adam-200/epoch-034.pkl
2017-01-25 00:02:02,171 INFO     epoch: 34 took 178.325s (87.873s in batching)
training loss:	0.599143
validation loss:	0.602352
validation error:	0.327732
2017-01-25 00:02:02,207 INFO     Wrote output to trainNN/out/v044-unified-2-g35d999d-dirty:simple-ff-ffv-adam-200/config.json
2017-01-25 00:04:47,338 INFO     Saving network params to trainNN/out/v044-unified-2-g35d999d-dirty:simple-ff-ffv-adam-200/epoch-035.pkl
2017-01-25 00:05:02,267 INFO     epoch: 35 took 180.096s (88.575s in batching)
training loss:	0.598907
validation loss:	0.601323
validation error:	0.326731
2017-01-25 00:05:02,372 INFO     Wrote output to trainNN/out/v044-unified-2-g35d999d-dirty:simple-ff-ffv-adam-200/config.json
2017-01-25 00:07:46,581 INFO     Saving network params to trainNN/out/v044-unified-2-g35d999d-dirty:simple-ff-ffv-adam-200/epoch-036.pkl
2017-01-25 00:08:01,535 INFO     epoch: 36 took 179.268s (88.091s in batching)
training loss:	0.598765
validation loss:	0.603207
validation error:	0.329001
2017-01-25 00:08:01,550 INFO     Wrote output to trainNN/out/v044-unified-2-g35d999d-dirty:simple-ff-ffv-adam-200/config.json
2017-01-25 00:10:44,576 INFO     Saving network params to trainNN/out/v044-unified-2-g35d999d-dirty:simple-ff-ffv-adam-200/epoch-037.pkl
2017-01-25 00:10:59,586 INFO     epoch: 37 took 178.051s (87.879s in batching)
training loss:	0.598663
validation loss:	0.601653
validation error:	0.326047
2017-01-25 00:10:59,709 INFO     Wrote output to trainNN/out/v044-unified-2-g35d999d-dirty:simple-ff-ffv-adam-200/config.json
2017-01-25 00:13:43,575 INFO     Saving network params to trainNN/out/v044-unified-2-g35d999d-dirty:simple-ff-ffv-adam-200/epoch-038.pkl
2017-01-25 00:13:58,435 INFO     epoch: 38 took 178.849s (88.099s in batching)
training loss:	0.598522
validation loss:	0.605694
validation error:	0.331356
2017-01-25 00:13:58,439 INFO     Wrote output to trainNN/out/v044-unified-2-g35d999d-dirty:simple-ff-ffv-adam-200/config.json
2017-01-25 00:16:41,925 INFO     Saving network params to trainNN/out/v044-unified-2-g35d999d-dirty:simple-ff-ffv-adam-200/epoch-039.pkl
2017-01-25 00:16:56,692 INFO     epoch: 39 took 178.257s (88.103s in batching)
training loss:	0.598446
validation loss:	0.602076
validation error:	0.326855
2017-01-25 00:16:56,709 INFO     Wrote output to trainNN/out/v044-unified-2-g35d999d-dirty:simple-ff-ffv-adam-200/config.json
2017-01-25 00:19:42,020 INFO     Saving network params to trainNN/out/v044-unified-2-g35d999d-dirty:simple-ff-ffv-adam-200/epoch-040.pkl
2017-01-25 00:19:56,907 INFO     epoch: 40 took 180.215s (88.640s in batching)
training loss:	0.598310
validation loss:	0.602821
validation error:	0.328520
2017-01-25 00:19:56,912 INFO     Wrote output to trainNN/out/v044-unified-2-g35d999d-dirty:simple-ff-ffv-adam-200/config.json
2017-01-25 00:22:41,579 INFO     Saving network params to trainNN/out/v044-unified-2-g35d999d-dirty:simple-ff-ffv-adam-200/epoch-041.pkl
2017-01-25 00:22:56,537 INFO     epoch: 41 took 179.630s (88.275s in batching)
training loss:	0.598253
validation loss:	0.600503
validation error:	0.326087
2017-01-25 00:22:56,568 INFO     Wrote output to trainNN/out/v044-unified-2-g35d999d-dirty:simple-ff-ffv-adam-200/config.json
2017-01-25 00:25:40,181 INFO     Saving network params to trainNN/out/v044-unified-2-g35d999d-dirty:simple-ff-ffv-adam-200/epoch-042.pkl
2017-01-25 00:25:54,706 INFO     epoch: 42 took 178.169s (87.811s in batching)
training loss:	0.597993
validation loss:	0.600763
validation error:	0.325928
2017-01-25 00:25:54,715 INFO     Wrote output to trainNN/out/v044-unified-2-g35d999d-dirty:simple-ff-ffv-adam-200/config.json
2017-01-25 00:28:39,105 INFO     Saving network params to trainNN/out/v044-unified-2-g35d999d-dirty:simple-ff-ffv-adam-200/epoch-043.pkl
2017-01-25 00:28:53,901 INFO     epoch: 43 took 179.196s (87.962s in batching)
training loss:	0.597906
validation loss:	0.600210
validation error:	0.325170
2017-01-25 00:28:53,910 INFO     Wrote output to trainNN/out/v044-unified-2-g35d999d-dirty:simple-ff-ffv-adam-200/config.json
2017-01-25 00:31:37,404 INFO     Saving network params to trainNN/out/v044-unified-2-g35d999d-dirty:simple-ff-ffv-adam-200/epoch-044.pkl
2017-01-25 00:31:52,191 INFO     epoch: 44 took 178.289s (87.993s in batching)
training loss:	0.597851
validation loss:	0.600563
validation error:	0.326582
2017-01-25 00:31:52,307 INFO     Wrote output to trainNN/out/v044-unified-2-g35d999d-dirty:simple-ff-ffv-adam-200/config.json
2017-01-25 00:34:35,684 INFO     Saving network params to trainNN/out/v044-unified-2-g35d999d-dirty:simple-ff-ffv-adam-200/epoch-045.pkl
2017-01-25 00:34:50,359 INFO     epoch: 45 took 178.168s (87.421s in batching)
training loss:	0.597686
validation loss:	0.601692
validation error:	0.327187
2017-01-25 00:34:50,377 INFO     Wrote output to trainNN/out/v044-unified-2-g35d999d-dirty:simple-ff-ffv-adam-200/config.json
2017-01-25 00:37:33,754 INFO     Saving network params to trainNN/out/v044-unified-2-g35d999d-dirty:simple-ff-ffv-adam-200/epoch-046.pkl
2017-01-25 00:37:48,552 INFO     epoch: 46 took 178.193s (87.379s in batching)
training loss:	0.597643
validation loss:	0.601440
validation error:	0.326315
2017-01-25 00:37:48,557 INFO     Wrote output to trainNN/out/v044-unified-2-g35d999d-dirty:simple-ff-ffv-adam-200/config.json
2017-01-25 00:40:31,840 INFO     Saving network params to trainNN/out/v044-unified-2-g35d999d-dirty:simple-ff-ffv-adam-200/epoch-047.pkl
2017-01-25 00:40:46,741 INFO     epoch: 47 took 178.189s (87.624s in batching)
training loss:	0.597495
validation loss:	0.605003
validation error:	0.329973
2017-01-25 00:40:46,746 INFO     Wrote output to trainNN/out/v044-unified-2-g35d999d-dirty:simple-ff-ffv-adam-200/config.json
2017-01-25 00:43:29,681 INFO     Saving network params to trainNN/out/v044-unified-2-g35d999d-dirty:simple-ff-ffv-adam-200/epoch-048.pkl
2017-01-25 00:43:44,717 INFO     epoch: 48 took 177.976s (87.363s in batching)
training loss:	0.597335
validation loss:	0.602602
validation error:	0.327370
2017-01-25 00:43:44,732 INFO     Wrote output to trainNN/out/v044-unified-2-g35d999d-dirty:simple-ff-ffv-adam-200/config.json
2017-01-25 00:46:29,143 INFO     Saving network params to trainNN/out/v044-unified-2-g35d999d-dirty:simple-ff-ffv-adam-200/epoch-049.pkl
2017-01-25 00:46:44,041 INFO     epoch: 49 took 179.325s (88.281s in batching)
training loss:	0.597307
validation loss:	0.601603
validation error:	0.324912
2017-01-25 00:46:44,046 INFO     Wrote output to trainNN/out/v044-unified-2-g35d999d-dirty:simple-ff-ffv-adam-200/config.json
2017-01-25 00:49:27,170 INFO     Saving network params to trainNN/out/v044-unified-2-g35d999d-dirty:simple-ff-ffv-adam-200/epoch-050.pkl
2017-01-25 00:49:42,127 INFO     epoch: 50 took 178.086s (87.573s in batching)
training loss:	0.597240
validation loss:	0.599925
validation error:	0.327088
2017-01-25 00:49:42,146 INFO     Wrote output to trainNN/out/v044-unified-2-g35d999d-dirty:simple-ff-ffv-adam-200/config.json
2017-01-25 00:52:25,543 INFO     Saving network params to trainNN/out/v044-unified-2-g35d999d-dirty:simple-ff-ffv-adam-200/epoch-051.pkl
2017-01-25 00:52:40,433 INFO     epoch: 51 took 178.306s (87.501s in batching)
training loss:	0.597066
validation loss:	0.599519
validation error:	0.325626
2017-01-25 00:52:40,438 INFO     Wrote output to trainNN/out/v044-unified-2-g35d999d-dirty:simple-ff-ffv-adam-200/config.json
2017-01-25 00:55:25,662 INFO     Saving network params to trainNN/out/v044-unified-2-g35d999d-dirty:simple-ff-ffv-adam-200/epoch-052.pkl
2017-01-25 00:55:40,551 INFO     epoch: 52 took 180.118s (88.206s in batching)
training loss:	0.596948
validation loss:	0.602529
validation error:	0.326672
2017-01-25 00:55:40,562 INFO     Wrote output to trainNN/out/v044-unified-2-g35d999d-dirty:simple-ff-ffv-adam-200/config.json
2017-01-25 00:58:24,494 INFO     Saving network params to trainNN/out/v044-unified-2-g35d999d-dirty:simple-ff-ffv-adam-200/epoch-053.pkl
2017-01-25 00:58:39,126 INFO     epoch: 53 took 178.575s (87.653s in batching)
training loss:	0.596819
validation loss:	0.600847
validation error:	0.325066
2017-01-25 00:58:39,138 INFO     Wrote output to trainNN/out/v044-unified-2-g35d999d-dirty:simple-ff-ffv-adam-200/config.json
2017-01-25 01:01:23,046 INFO     Saving network params to trainNN/out/v044-unified-2-g35d999d-dirty:simple-ff-ffv-adam-200/epoch-054.pkl
2017-01-25 01:01:37,842 INFO     epoch: 54 took 178.716s (87.689s in batching)
training loss:	0.596793
validation loss:	0.600973
validation error:	0.325879
2017-01-25 01:01:37,860 INFO     Wrote output to trainNN/out/v044-unified-2-g35d999d-dirty:simple-ff-ffv-adam-200/config.json
2017-01-25 01:04:22,298 INFO     Saving network params to trainNN/out/v044-unified-2-g35d999d-dirty:simple-ff-ffv-adam-200/epoch-055.pkl
2017-01-25 01:04:36,980 INFO     epoch: 55 took 179.138s (87.663s in batching)
training loss:	0.596662
validation loss:	0.599547
validation error:	0.325651
2017-01-25 01:04:36,991 INFO     Wrote output to trainNN/out/v044-unified-2-g35d999d-dirty:simple-ff-ffv-adam-200/config.json
2017-01-25 01:07:21,680 INFO     Saving network params to trainNN/out/v044-unified-2-g35d999d-dirty:simple-ff-ffv-adam-200/epoch-056.pkl
2017-01-25 01:07:36,592 INFO     epoch: 56 took 179.612s (87.902s in batching)
training loss:	0.596622
validation loss:	0.601446
validation error:	0.327078
2017-01-25 01:07:36,611 INFO     Wrote output to trainNN/out/v044-unified-2-g35d999d-dirty:simple-ff-ffv-adam-200/config.json
2017-01-25 01:10:20,685 INFO     Saving network params to trainNN/out/v044-unified-2-g35d999d-dirty:simple-ff-ffv-adam-200/epoch-057.pkl
2017-01-25 01:10:35,471 INFO     epoch: 57 took 178.878s (87.837s in batching)
training loss:	0.596439
validation loss:	0.599540
validation error:	0.325393
2017-01-25 01:10:35,484 INFO     Wrote output to trainNN/out/v044-unified-2-g35d999d-dirty:simple-ff-ffv-adam-200/config.json
2017-01-25 01:13:18,647 INFO     Saving network params to trainNN/out/v044-unified-2-g35d999d-dirty:simple-ff-ffv-adam-200/epoch-058.pkl
2017-01-25 01:13:33,585 INFO     epoch: 58 took 178.114s (87.447s in batching)
training loss:	0.596540
validation loss:	0.599752
validation error:	0.325145
2017-01-25 01:13:33,600 INFO     Wrote output to trainNN/out/v044-unified-2-g35d999d-dirty:simple-ff-ffv-adam-200/config.json
2017-01-25 01:16:17,940 INFO     Saving network params to trainNN/out/v044-unified-2-g35d999d-dirty:simple-ff-ffv-adam-200/epoch-059.pkl
2017-01-25 01:16:33,080 INFO     epoch: 59 took 179.495s (88.068s in batching)
training loss:	0.596425
validation loss:	0.601454
validation error:	0.326449
2017-01-25 01:16:33,085 INFO     Wrote output to trainNN/out/v044-unified-2-g35d999d-dirty:simple-ff-ffv-adam-200/config.json
2017-01-25 01:19:17,731 INFO     Saving network params to trainNN/out/v044-unified-2-g35d999d-dirty:simple-ff-ffv-adam-200/epoch-060.pkl
2017-01-25 01:19:34,306 INFO     epoch: 60 took 181.227s (88.352s in batching)
training loss:	0.596276
validation loss:	0.599105
validation error:	0.325423
2017-01-25 01:19:34,316 INFO     Wrote output to trainNN/out/v044-unified-2-g35d999d-dirty:simple-ff-ffv-adam-200/config.json
2017-01-25 01:22:19,415 INFO     Saving network params to trainNN/out/v044-unified-2-g35d999d-dirty:simple-ff-ffv-adam-200/epoch-061.pkl
2017-01-25 01:22:34,201 INFO     epoch: 61 took 179.894s (88.229s in batching)
training loss:	0.596310
validation loss:	0.600752
validation error:	0.327083
2017-01-25 01:22:34,206 INFO     Wrote output to trainNN/out/v044-unified-2-g35d999d-dirty:simple-ff-ffv-adam-200/config.json
2017-01-25 01:25:18,366 INFO     Saving network params to trainNN/out/v044-unified-2-g35d999d-dirty:simple-ff-ffv-adam-200/epoch-062.pkl
2017-01-25 01:25:33,060 INFO     epoch: 62 took 178.860s (87.705s in batching)
training loss:	0.596160
validation loss:	0.603908
validation error:	0.328654
2017-01-25 01:25:33,077 INFO     Wrote output to trainNN/out/v044-unified-2-g35d999d-dirty:simple-ff-ffv-adam-200/config.json
2017-01-25 01:28:18,416 INFO     Saving network params to trainNN/out/v044-unified-2-g35d999d-dirty:simple-ff-ffv-adam-200/epoch-063.pkl
2017-01-25 01:28:33,148 INFO     epoch: 63 took 180.088s (88.399s in batching)
training loss:	0.596090
validation loss:	0.600119
validation error:	0.327291
2017-01-25 01:28:33,166 INFO     Wrote output to trainNN/out/v044-unified-2-g35d999d-dirty:simple-ff-ffv-adam-200/config.json
2017-01-25 01:31:17,392 INFO     Saving network params to trainNN/out/v044-unified-2-g35d999d-dirty:simple-ff-ffv-adam-200/epoch-064.pkl
2017-01-25 01:31:32,525 INFO     epoch: 64 took 179.377s (87.844s in batching)
training loss:	0.596115
validation loss:	0.601586
validation error:	0.325655
2017-01-25 01:31:32,538 INFO     Wrote output to trainNN/out/v044-unified-2-g35d999d-dirty:simple-ff-ffv-adam-200/config.json
2017-01-25 01:34:17,537 INFO     Saving network params to trainNN/out/v044-unified-2-g35d999d-dirty:simple-ff-ffv-adam-200/epoch-065.pkl
2017-01-25 01:34:32,648 INFO     epoch: 65 took 180.122s (87.997s in batching)
training loss:	0.596036
validation loss:	0.600826
validation error:	0.326057
2017-01-25 01:34:32,660 INFO     Wrote output to trainNN/out/v044-unified-2-g35d999d-dirty:simple-ff-ffv-adam-200/config.json
2017-01-25 01:37:16,281 INFO     Saving network params to trainNN/out/v044-unified-2-g35d999d-dirty:simple-ff-ffv-adam-200/epoch-066.pkl
2017-01-25 01:37:31,180 INFO     epoch: 66 took 178.532s (87.679s in batching)
training loss:	0.595930
validation loss:	0.599215
validation error:	0.324372
2017-01-25 01:37:31,198 INFO     Wrote output to trainNN/out/v044-unified-2-g35d999d-dirty:simple-ff-ffv-adam-200/config.json
2017-01-25 01:40:14,589 INFO     Saving network params to trainNN/out/v044-unified-2-g35d999d-dirty:simple-ff-ffv-adam-200/epoch-067.pkl
2017-01-25 01:40:29,425 INFO     epoch: 67 took 178.246s (87.362s in batching)
training loss:	0.595770
validation loss:	0.601915
validation error:	0.327708
2017-01-25 01:40:29,438 INFO     Wrote output to trainNN/out/v044-unified-2-g35d999d-dirty:simple-ff-ffv-adam-200/config.json
2017-01-25 01:43:13,447 INFO     Saving network params to trainNN/out/v044-unified-2-g35d999d-dirty:simple-ff-ffv-adam-200/epoch-068.pkl
2017-01-25 01:43:28,421 INFO     epoch: 68 took 178.996s (87.885s in batching)
training loss:	0.595701
validation loss:	0.599747
validation error:	0.326077
2017-01-25 01:43:28,438 INFO     Wrote output to trainNN/out/v044-unified-2-g35d999d-dirty:simple-ff-ffv-adam-200/config.json
2017-01-25 01:46:14,211 INFO     Saving network params to trainNN/out/v044-unified-2-g35d999d-dirty:simple-ff-ffv-adam-200/epoch-069.pkl
2017-01-25 01:46:29,046 INFO     epoch: 69 took 180.624s (87.382s in batching)
training loss:	0.595860
validation loss:	0.599176
validation error:	0.323995
2017-01-25 01:46:29,152 INFO     Wrote output to trainNN/out/v044-unified-2-g35d999d-dirty:simple-ff-ffv-adam-200/config.json
2017-01-25 01:49:13,059 INFO     Saving network params to trainNN/out/v044-unified-2-g35d999d-dirty:simple-ff-ffv-adam-200/epoch-070.pkl
2017-01-25 01:49:27,890 INFO     epoch: 70 took 178.844s (87.732s in batching)
training loss:	0.595741
validation loss:	0.600494
validation error:	0.323450
2017-01-25 01:49:27,903 INFO     Wrote output to trainNN/out/v044-unified-2-g35d999d-dirty:simple-ff-ffv-adam-200/config.json
2017-01-25 01:52:11,722 INFO     Saving network params to trainNN/out/v044-unified-2-g35d999d-dirty:simple-ff-ffv-adam-200/epoch-071.pkl
2017-01-25 01:52:26,653 INFO     epoch: 71 took 178.763s (87.693s in batching)
training loss:	0.595560
validation loss:	0.600963
validation error:	0.326344
2017-01-25 01:52:26,660 INFO     Wrote output to trainNN/out/v044-unified-2-g35d999d-dirty:simple-ff-ffv-adam-200/config.json
2017-01-25 01:55:10,163 INFO     Saving network params to trainNN/out/v044-unified-2-g35d999d-dirty:simple-ff-ffv-adam-200/epoch-072.pkl
2017-01-25 01:55:25,034 INFO     epoch: 72 took 178.380s (87.560s in batching)
training loss:	0.595505
validation loss:	0.598801
validation error:	0.324506
2017-01-25 01:55:25,040 INFO     Wrote output to trainNN/out/v044-unified-2-g35d999d-dirty:simple-ff-ffv-adam-200/config.json
2017-01-25 01:58:08,333 INFO     Saving network params to trainNN/out/v044-unified-2-g35d999d-dirty:simple-ff-ffv-adam-200/epoch-073.pkl
2017-01-25 01:58:23,064 INFO     epoch: 73 took 178.030s (87.530s in batching)
training loss:	0.595450
validation loss:	0.600001
validation error:	0.325071
2017-01-25 01:58:23,072 INFO     Wrote output to trainNN/out/v044-unified-2-g35d999d-dirty:simple-ff-ffv-adam-200/config.json
2017-01-25 02:01:06,765 INFO     Saving network params to trainNN/out/v044-unified-2-g35d999d-dirty:simple-ff-ffv-adam-200/epoch-074.pkl
2017-01-25 02:01:21,536 INFO     epoch: 74 took 178.471s (87.706s in batching)
training loss:	0.595440
validation loss:	0.600549
validation error:	0.324064
2017-01-25 02:01:21,554 INFO     Wrote output to trainNN/out/v044-unified-2-g35d999d-dirty:simple-ff-ffv-adam-200/config.json
2017-01-25 02:04:05,803 INFO     Saving network params to trainNN/out/v044-unified-2-g35d999d-dirty:simple-ff-ffv-adam-200/epoch-075.pkl
2017-01-25 02:04:20,529 INFO     epoch: 75 took 178.993s (87.885s in batching)
training loss:	0.595316
validation loss:	0.604778
validation error:	0.327073
2017-01-25 02:04:20,547 INFO     Wrote output to trainNN/out/v044-unified-2-g35d999d-dirty:simple-ff-ffv-adam-200/config.json
2017-01-25 02:07:03,846 INFO     Saving network params to trainNN/out/v044-unified-2-g35d999d-dirty:simple-ff-ffv-adam-200/epoch-076.pkl
2017-01-25 02:07:18,650 INFO     epoch: 76 took 178.121s (87.574s in batching)
training loss:	0.595363
validation loss:	0.600917
validation error:	0.326929
2017-01-25 02:07:18,667 INFO     Wrote output to trainNN/out/v044-unified-2-g35d999d-dirty:simple-ff-ffv-adam-200/config.json
2017-01-25 02:10:02,361 INFO     Saving network params to trainNN/out/v044-unified-2-g35d999d-dirty:simple-ff-ffv-adam-200/epoch-077.pkl
2017-01-25 02:10:17,118 INFO     epoch: 77 took 178.469s (87.944s in batching)
training loss:	0.595177
validation loss:	0.600087
validation error:	0.324996
2017-01-25 02:10:17,135 INFO     Wrote output to trainNN/out/v044-unified-2-g35d999d-dirty:simple-ff-ffv-adam-200/config.json
2017-01-25 02:13:01,040 INFO     Saving network params to trainNN/out/v044-unified-2-g35d999d-dirty:simple-ff-ffv-adam-200/epoch-078.pkl
2017-01-25 02:13:15,926 INFO     epoch: 78 took 178.808s (87.666s in batching)
training loss:	0.595396
validation loss:	0.599429
validation error:	0.324625
2017-01-25 02:13:15,939 INFO     Wrote output to trainNN/out/v044-unified-2-g35d999d-dirty:simple-ff-ffv-adam-200/config.json
2017-01-25 02:15:59,613 INFO     Saving network params to trainNN/out/v044-unified-2-g35d999d-dirty:simple-ff-ffv-adam-200/epoch-079.pkl
2017-01-25 02:16:14,347 INFO     epoch: 79 took 178.421s (87.630s in batching)
training loss:	0.595116
validation loss:	0.598299
validation error:	0.324545
2017-01-25 02:16:14,363 INFO     Wrote output to trainNN/out/v044-unified-2-g35d999d-dirty:simple-ff-ffv-adam-200/config.json
2017-01-25 02:18:57,613 INFO     Saving network params to trainNN/out/v044-unified-2-g35d999d-dirty:simple-ff-ffv-adam-200/epoch-080.pkl
2017-01-25 02:19:12,575 INFO     epoch: 80 took 178.228s (87.793s in batching)
training loss:	0.595028
validation loss:	0.600452
validation error:	0.326126
2017-01-25 02:19:12,580 INFO     Wrote output to trainNN/out/v044-unified-2-g35d999d-dirty:simple-ff-ffv-adam-200/config.json
2017-01-25 02:21:55,471 INFO     Saving network params to trainNN/out/v044-unified-2-g35d999d-dirty:simple-ff-ffv-adam-200/epoch-081.pkl
2017-01-25 02:22:10,403 INFO     epoch: 81 took 177.828s (87.562s in batching)
training loss:	0.595006
validation loss:	0.600399
validation error:	0.325651
2017-01-25 02:22:10,420 INFO     Wrote output to trainNN/out/v044-unified-2-g35d999d-dirty:simple-ff-ffv-adam-200/config.json
2017-01-25 02:24:53,377 INFO     Saving network params to trainNN/out/v044-unified-2-g35d999d-dirty:simple-ff-ffv-adam-200/epoch-082.pkl
2017-01-25 02:25:08,447 INFO     epoch: 82 took 178.044s (87.930s in batching)
training loss:	0.594952
validation loss:	0.601492
validation error:	0.324942
2017-01-25 02:25:08,464 INFO     Wrote output to trainNN/out/v044-unified-2-g35d999d-dirty:simple-ff-ffv-adam-200/config.json
2017-01-25 02:27:52,682 INFO     Saving network params to trainNN/out/v044-unified-2-g35d999d-dirty:simple-ff-ffv-adam-200/epoch-083.pkl
2017-01-25 02:28:07,593 INFO     epoch: 83 took 179.146s (88.425s in batching)
training loss:	0.594872
validation loss:	0.599740
validation error:	0.326622
2017-01-25 02:28:07,610 INFO     Wrote output to trainNN/out/v044-unified-2-g35d999d-dirty:simple-ff-ffv-adam-200/config.json
2017-01-25 02:30:50,335 INFO     Saving network params to trainNN/out/v044-unified-2-g35d999d-dirty:simple-ff-ffv-adam-200/epoch-084.pkl
2017-01-25 02:31:05,306 INFO     epoch: 84 took 177.713s (87.970s in batching)
training loss:	0.594854
validation loss:	0.601869
validation error:	0.328059
2017-01-25 02:31:05,312 INFO     Wrote output to trainNN/out/v044-unified-2-g35d999d-dirty:simple-ff-ffv-adam-200/config.json
2017-01-25 02:33:49,574 INFO     Saving network params to trainNN/out/v044-unified-2-g35d999d-dirty:simple-ff-ffv-adam-200/epoch-085.pkl
2017-01-25 02:34:04,149 INFO     epoch: 85 took 178.843s (88.034s in batching)
training loss:	0.594938
validation loss:	0.599805
validation error:	0.325368
2017-01-25 02:34:04,154 INFO     Wrote output to trainNN/out/v044-unified-2-g35d999d-dirty:simple-ff-ffv-adam-200/config.json
2017-01-25 02:36:47,626 INFO     Saving network params to trainNN/out/v044-unified-2-g35d999d-dirty:simple-ff-ffv-adam-200/epoch-086.pkl
2017-01-25 02:37:02,401 INFO     epoch: 86 took 178.252s (88.084s in batching)
training loss:	0.594804
validation loss:	0.602651
validation error:	0.326736
2017-01-25 02:37:02,416 INFO     Wrote output to trainNN/out/v044-unified-2-g35d999d-dirty:simple-ff-ffv-adam-200/config.json
2017-01-25 02:39:47,487 INFO     Saving network params to trainNN/out/v044-unified-2-g35d999d-dirty:simple-ff-ffv-adam-200/epoch-087.pkl
2017-01-25 02:40:02,401 INFO     epoch: 87 took 179.999s (88.632s in batching)
training loss:	0.594698
validation loss:	0.599152
validation error:	0.325675
2017-01-25 02:40:02,409 INFO     Wrote output to trainNN/out/v044-unified-2-g35d999d-dirty:simple-ff-ffv-adam-200/config.json
2017-01-25 02:42:45,167 INFO     Saving network params to trainNN/out/v044-unified-2-g35d999d-dirty:simple-ff-ffv-adam-200/epoch-088.pkl
2017-01-25 02:42:59,931 INFO     epoch: 88 took 177.530s (87.730s in batching)
training loss:	0.594717
validation loss:	0.598632
validation error:	0.325081
2017-01-25 02:42:59,948 INFO     Wrote output to trainNN/out/v044-unified-2-g35d999d-dirty:simple-ff-ffv-adam-200/config.json
2017-01-25 02:45:41,833 INFO     Saving network params to trainNN/out/v044-unified-2-g35d999d-dirty:simple-ff-ffv-adam-200/epoch-089.pkl
2017-01-25 02:45:56,387 INFO     epoch: 89 took 176.457s (87.542s in batching)
training loss:	0.594688
validation loss:	0.599594
validation error:	0.323504
2017-01-25 02:45:56,404 INFO     Wrote output to trainNN/out/v044-unified-2-g35d999d-dirty:simple-ff-ffv-adam-200/config.json
2017-01-25 02:48:36,943 INFO     Saving network params to trainNN/out/v044-unified-2-g35d999d-dirty:simple-ff-ffv-adam-200/epoch-090.pkl
2017-01-25 02:48:51,795 INFO     epoch: 90 took 175.407s (86.917s in batching)
training loss:	0.594718
validation loss:	0.600481
validation error:	0.325819
2017-01-25 02:48:51,808 INFO     Wrote output to trainNN/out/v044-unified-2-g35d999d-dirty:simple-ff-ffv-adam-200/config.json
2017-01-25 02:51:31,947 INFO     Saving network params to trainNN/out/v044-unified-2-g35d999d-dirty:simple-ff-ffv-adam-200/epoch-091.pkl
2017-01-25 02:51:46,770 INFO     epoch: 91 took 174.975s (87.182s in batching)
training loss:	0.594519
validation loss:	0.598366
validation error:	0.325190
2017-01-25 02:51:46,790 INFO     Wrote output to trainNN/out/v044-unified-2-g35d999d-dirty:simple-ff-ffv-adam-200/config.json
2017-01-25 02:54:29,071 INFO     Saving network params to trainNN/out/v044-unified-2-g35d999d-dirty:simple-ff-ffv-adam-200/epoch-092.pkl
2017-01-25 02:54:43,891 INFO     epoch: 92 took 177.085s (87.406s in batching)
training loss:	0.594619
validation loss:	0.599266
validation error:	0.325541
2017-01-25 02:54:43,903 INFO     Wrote output to trainNN/out/v044-unified-2-g35d999d-dirty:simple-ff-ffv-adam-200/config.json
2017-01-25 02:57:23,948 INFO     Saving network params to trainNN/out/v044-unified-2-g35d999d-dirty:simple-ff-ffv-adam-200/epoch-093.pkl
2017-01-25 02:57:38,605 INFO     epoch: 93 took 174.750s (86.793s in batching)
training loss:	0.594483
validation loss:	0.605175
validation error:	0.330890
2017-01-25 02:57:38,612 INFO     Wrote output to trainNN/out/v044-unified-2-g35d999d-dirty:simple-ff-ffv-adam-200/config.json
2017-01-25 03:00:20,398 INFO     Saving network params to trainNN/out/v044-unified-2-g35d999d-dirty:simple-ff-ffv-adam-200/epoch-094.pkl
2017-01-25 03:00:35,054 INFO     epoch: 94 took 176.432s (87.085s in batching)
training loss:	0.594415
validation loss:	0.598783
validation error:	0.324625
2017-01-25 03:00:35,096 INFO     Wrote output to trainNN/out/v044-unified-2-g35d999d-dirty:simple-ff-ffv-adam-200/config.json
2017-01-25 03:03:18,042 INFO     Saving network params to trainNN/out/v044-unified-2-g35d999d-dirty:simple-ff-ffv-adam-200/epoch-095.pkl
2017-01-25 03:03:32,770 INFO     epoch: 95 took 177.733s (87.350s in batching)
training loss:	0.594428
validation loss:	0.599378
validation error:	0.326875
2017-01-25 03:03:32,780 INFO     Wrote output to trainNN/out/v044-unified-2-g35d999d-dirty:simple-ff-ffv-adam-200/config.json
2017-01-25 03:06:12,877 INFO     Saving network params to trainNN/out/v044-unified-2-g35d999d-dirty:simple-ff-ffv-adam-200/epoch-096.pkl
2017-01-25 03:06:27,580 INFO     epoch: 96 took 174.810s (86.414s in batching)
training loss:	0.594352
validation loss:	0.600365
validation error:	0.325333
2017-01-25 03:06:27,589 INFO     Wrote output to trainNN/out/v044-unified-2-g35d999d-dirty:simple-ff-ffv-adam-200/config.json
2017-01-25 03:09:09,240 INFO     Saving network params to trainNN/out/v044-unified-2-g35d999d-dirty:simple-ff-ffv-adam-200/epoch-097.pkl
2017-01-25 03:09:24,941 INFO     epoch: 97 took 177.233s (86.969s in batching)
training loss:	0.594219
validation loss:	0.600113
validation error:	0.325026
2017-01-25 03:09:25,127 INFO     Wrote output to trainNN/out/v044-unified-2-g35d999d-dirty:simple-ff-ffv-adam-200/config.json
2017-01-25 03:12:05,673 INFO     Saving network params to trainNN/out/v044-unified-2-g35d999d-dirty:simple-ff-ffv-adam-200/epoch-098.pkl
2017-01-25 03:12:20,419 INFO     epoch: 98 took 175.607s (86.744s in batching)
training loss:	0.594363
validation loss:	0.599585
validation error:	0.324585
2017-01-25 03:12:20,426 INFO     Wrote output to trainNN/out/v044-unified-2-g35d999d-dirty:simple-ff-ffv-adam-200/config.json
2017-01-25 03:15:01,834 INFO     Saving network params to trainNN/out/v044-unified-2-g35d999d-dirty:simple-ff-ffv-adam-200/epoch-099.pkl
2017-01-25 03:15:16,630 INFO     epoch: 99 took 176.211s (86.711s in batching)
training loss:	0.594213
validation loss:	0.597881
validation error:	0.321883
2017-01-25 03:15:16,648 INFO     Wrote output to trainNN/out/v044-unified-2-g35d999d-dirty:simple-ff-ffv-adam-200/config.json
2017-01-25 03:17:59,011 INFO     Saving network params to trainNN/out/v044-unified-2-g35d999d-dirty:simple-ff-ffv-adam-200/epoch-100.pkl
2017-01-25 03:18:13,706 INFO     epoch: 100 took 177.076s (87.116s in batching)
training loss:	0.594242
validation loss:	0.599390
validation error:	0.326458
2017-01-25 03:18:13,726 INFO     Wrote output to trainNN/out/v044-unified-2-g35d999d-dirty:simple-ff-ffv-adam-200/config.json
2017-01-25 03:20:56,286 INFO     Saving network params to trainNN/out/v044-unified-2-g35d999d-dirty:simple-ff-ffv-adam-200/epoch-101.pkl
2017-01-25 03:21:10,834 INFO     epoch: 101 took 177.128s (87.637s in batching)
training loss:	0.594233
validation loss:	0.599660
validation error:	0.326141
2017-01-25 03:21:10,841 INFO     Wrote output to trainNN/out/v044-unified-2-g35d999d-dirty:simple-ff-ffv-adam-200/config.json
2017-01-25 03:23:53,990 INFO     Saving network params to trainNN/out/v044-unified-2-g35d999d-dirty:simple-ff-ffv-adam-200/epoch-102.pkl
2017-01-25 03:24:08,578 INFO     epoch: 102 took 177.744s (87.371s in batching)
training loss:	0.594222
validation loss:	0.600901
validation error:	0.326652
2017-01-25 03:24:08,594 INFO     Wrote output to trainNN/out/v044-unified-2-g35d999d-dirty:simple-ff-ffv-adam-200/config.json
2017-01-25 03:26:51,913 INFO     Saving network params to trainNN/out/v044-unified-2-g35d999d-dirty:simple-ff-ffv-adam-200/epoch-103.pkl
2017-01-25 03:27:06,657 INFO     epoch: 103 took 178.079s (87.297s in batching)
training loss:	0.594134
validation loss:	0.596488
validation error:	0.323559
2017-01-25 03:27:06,664 INFO     Wrote output to trainNN/out/v044-unified-2-g35d999d-dirty:simple-ff-ffv-adam-200/config.json
2017-01-25 03:29:48,796 INFO     Saving network params to trainNN/out/v044-unified-2-g35d999d-dirty:simple-ff-ffv-adam-200/epoch-104.pkl
2017-01-25 03:30:03,608 INFO     epoch: 104 took 176.951s (87.124s in batching)
training loss:	0.594023
validation loss:	0.599812
validation error:	0.324605
2017-01-25 03:30:03,627 INFO     Wrote output to trainNN/out/v044-unified-2-g35d999d-dirty:simple-ff-ffv-adam-200/config.json
2017-01-25 03:32:46,375 INFO     Saving network params to trainNN/out/v044-unified-2-g35d999d-dirty:simple-ff-ffv-adam-200/epoch-105.pkl
2017-01-25 03:33:01,200 INFO     epoch: 105 took 177.592s (86.983s in batching)
training loss:	0.594040
validation loss:	0.599366
validation error:	0.325616
2017-01-25 03:33:05,783 INFO     Wrote output to trainNN/out/v044-unified-2-g35d999d-dirty:simple-ff-ffv-adam-200/config.json
2017-01-25 03:35:45,564 INFO     Saving network params to trainNN/out/v044-unified-2-g35d999d-dirty:simple-ff-ffv-adam-200/epoch-106.pkl
2017-01-25 03:36:00,171 INFO     epoch: 106 took 178.971s (86.447s in batching)
training loss:	0.594067
validation loss:	0.598436
validation error:	0.324520
2017-01-25 03:36:00,177 INFO     Wrote output to trainNN/out/v044-unified-2-g35d999d-dirty:simple-ff-ffv-adam-200/config.json
2017-01-25 03:38:43,703 INFO     Saving network params to trainNN/out/v044-unified-2-g35d999d-dirty:simple-ff-ffv-adam-200/epoch-107.pkl
2017-01-25 03:38:58,353 INFO     epoch: 107 took 178.182s (87.620s in batching)
training loss:	0.593992
validation loss:	0.599163
validation error:	0.325874
2017-01-25 03:38:58,370 INFO     Wrote output to trainNN/out/v044-unified-2-g35d999d-dirty:simple-ff-ffv-adam-200/config.json
2017-01-25 03:41:42,251 INFO     Saving network params to trainNN/out/v044-unified-2-g35d999d-dirty:simple-ff-ffv-adam-200/epoch-108.pkl
2017-01-25 03:41:56,944 INFO     epoch: 108 took 178.589s (88.610s in batching)
training loss:	0.593879
validation loss:	0.597316
validation error:	0.323499
2017-01-25 03:41:56,988 INFO     Wrote output to trainNN/out/v044-unified-2-g35d999d-dirty:simple-ff-ffv-adam-200/config.json
2017-01-25 03:44:38,148 INFO     Saving network params to trainNN/out/v044-unified-2-g35d999d-dirty:simple-ff-ffv-adam-200/epoch-109.pkl
2017-01-25 03:44:52,900 INFO     epoch: 109 took 175.958s (87.802s in batching)
training loss:	0.593955
validation loss:	0.597402
validation error:	0.324714
2017-01-25 03:44:52,919 INFO     Wrote output to trainNN/out/v044-unified-2-g35d999d-dirty:simple-ff-ffv-adam-200/config.json
2017-01-25 03:47:38,924 INFO     Saving network params to trainNN/out/v044-unified-2-g35d999d-dirty:simple-ff-ffv-adam-200/epoch-110.pkl
2017-01-25 03:47:53,554 INFO     epoch: 110 took 180.654s (88.516s in batching)
training loss:	0.593880
validation loss:	0.599071
validation error:	0.325794
2017-01-25 03:47:53,571 INFO     Wrote output to trainNN/out/v044-unified-2-g35d999d-dirty:simple-ff-ffv-adam-200/config.json
2017-01-25 03:50:34,680 INFO     Saving network params to trainNN/out/v044-unified-2-g35d999d-dirty:simple-ff-ffv-adam-200/epoch-111.pkl
2017-01-25 03:50:49,091 INFO     epoch: 111 took 175.522s (87.528s in batching)
training loss:	0.593904
validation loss:	0.598576
validation error:	0.325527
2017-01-25 03:50:49,136 INFO     Wrote output to trainNN/out/v044-unified-2-g35d999d-dirty:simple-ff-ffv-adam-200/config.json
2017-01-25 03:53:26,881 INFO     Saving network params to trainNN/out/v044-unified-2-g35d999d-dirty:simple-ff-ffv-adam-200/epoch-112.pkl
2017-01-25 03:53:41,212 INFO     epoch: 112 took 172.132s (86.447s in batching)
training loss:	0.593796
validation loss:	0.599014
validation error:	0.325120
2017-01-25 03:53:41,233 INFO     Wrote output to trainNN/out/v044-unified-2-g35d999d-dirty:simple-ff-ffv-adam-200/config.json
2017-01-25 03:56:23,392 INFO     Saving network params to trainNN/out/v044-unified-2-g35d999d-dirty:simple-ff-ffv-adam-200/epoch-113.pkl
2017-01-25 03:56:38,274 INFO     epoch: 113 took 177.066s (87.810s in batching)
training loss:	0.593814
validation loss:	0.598352
validation error:	0.324595
2017-01-25 03:56:38,292 INFO     Wrote output to trainNN/out/v044-unified-2-g35d999d-dirty:simple-ff-ffv-adam-200/config.json
2017-01-25 03:59:18,210 INFO     Saving network params to trainNN/out/v044-unified-2-g35d999d-dirty:simple-ff-ffv-adam-200/epoch-114.pkl
2017-01-25 03:59:32,750 INFO     epoch: 114 took 174.476s (87.544s in batching)
training loss:	0.593676
validation loss:	0.598628
validation error:	0.322374
2017-01-25 03:59:32,769 INFO     Wrote output to trainNN/out/v044-unified-2-g35d999d-dirty:simple-ff-ffv-adam-200/config.json
2017-01-25 04:02:15,993 INFO     Saving network params to trainNN/out/v044-unified-2-g35d999d-dirty:simple-ff-ffv-adam-200/epoch-115.pkl
2017-01-25 04:02:30,946 INFO     epoch: 115 took 178.196s (88.689s in batching)
training loss:	0.593729
validation loss:	0.598413
validation error:	0.325006
2017-01-25 04:02:30,952 INFO     Wrote output to trainNN/out/v044-unified-2-g35d999d-dirty:simple-ff-ffv-adam-200/config.json
2017-01-25 04:05:11,182 INFO     Saving network params to trainNN/out/v044-unified-2-g35d999d-dirty:simple-ff-ffv-adam-200/epoch-116.pkl
2017-01-25 04:05:25,682 INFO     epoch: 116 took 174.736s (87.576s in batching)
training loss:	0.593794
validation loss:	0.600350
validation error:	0.326037
2017-01-25 04:05:25,694 INFO     Wrote output to trainNN/out/v044-unified-2-g35d999d-dirty:simple-ff-ffv-adam-200/config.json
2017-01-25 04:08:06,792 INFO     Saving network params to trainNN/out/v044-unified-2-g35d999d-dirty:simple-ff-ffv-adam-200/epoch-117.pkl
2017-01-25 04:08:21,799 INFO     epoch: 117 took 176.117s (89.088s in batching)
training loss:	0.593668
validation loss:	0.603189
validation error:	0.326245
2017-01-25 04:08:21,806 INFO     Wrote output to trainNN/out/v044-unified-2-g35d999d-dirty:simple-ff-ffv-adam-200/config.json
2017-01-25 04:11:06,420 INFO     Saving network params to trainNN/out/v044-unified-2-g35d999d-dirty:simple-ff-ffv-adam-200/epoch-118.pkl
2017-01-25 04:11:21,568 INFO     epoch: 118 took 179.769s (89.699s in batching)
training loss:	0.593714
validation loss:	0.601385
validation error:	0.328258
2017-01-25 04:11:21,586 INFO     Wrote output to trainNN/out/v044-unified-2-g35d999d-dirty:simple-ff-ffv-adam-200/config.json
2017-01-25 04:14:03,258 INFO     Saving network params to trainNN/out/v044-unified-2-g35d999d-dirty:simple-ff-ffv-adam-200/epoch-119.pkl
2017-01-25 04:14:17,821 INFO     epoch: 119 took 176.253s (88.928s in batching)
training loss:	0.593574
validation loss:	0.598150
validation error:	0.322875
2017-01-25 04:14:17,828 INFO     Wrote output to trainNN/out/v044-unified-2-g35d999d-dirty:simple-ff-ffv-adam-200/config.json
2017-01-25 04:16:57,075 INFO     Saving network params to trainNN/out/v044-unified-2-g35d999d-dirty:simple-ff-ffv-adam-200/epoch-120.pkl
2017-01-25 04:17:11,866 INFO     epoch: 120 took 174.045s (88.351s in batching)
training loss:	0.593526
validation loss:	0.601637
validation error:	0.327554
2017-01-25 04:17:11,884 INFO     Wrote output to trainNN/out/v044-unified-2-g35d999d-dirty:simple-ff-ffv-adam-200/config.json
2017-01-25 04:19:54,038 INFO     Saving network params to trainNN/out/v044-unified-2-g35d999d-dirty:simple-ff-ffv-adam-200/epoch-121.pkl
2017-01-25 04:20:08,977 INFO     epoch: 121 took 177.111s (89.221s in batching)
training loss:	0.593622
validation loss:	0.597422
validation error:	0.323484
2017-01-25 04:20:08,998 INFO     Wrote output to trainNN/out/v044-unified-2-g35d999d-dirty:simple-ff-ffv-adam-200/config.json
2017-01-25 04:22:47,823 INFO     Saving network params to trainNN/out/v044-unified-2-g35d999d-dirty:simple-ff-ffv-adam-200/epoch-122.pkl
2017-01-25 04:23:02,303 INFO     epoch: 122 took 173.308s (88.072s in batching)
training loss:	0.593452
validation loss:	0.598716
validation error:	0.324401
2017-01-25 04:23:02,310 INFO     Wrote output to trainNN/out/v044-unified-2-g35d999d-dirty:simple-ff-ffv-adam-200/config.json
2017-01-25 04:25:43,656 INFO     Saving network params to trainNN/out/v044-unified-2-g35d999d-dirty:simple-ff-ffv-adam-200/epoch-123.pkl
2017-01-25 04:25:58,457 INFO     epoch: 123 took 176.147s (88.895s in batching)
training loss:	0.593494
validation loss:	0.601003
validation error:	0.325715
2017-01-25 04:25:58,491 INFO     Wrote output to trainNN/out/v044-unified-2-g35d999d-dirty:simple-ff-ffv-adam-200/config.json
2017-01-25 04:28:38,978 INFO     Saving network params to trainNN/out/v044-unified-2-g35d999d-dirty:simple-ff-ffv-adam-200/epoch-124.pkl
2017-01-25 04:28:53,460 INFO     epoch: 124 took 175.028s (88.543s in batching)
training loss:	0.593391
validation loss:	0.601418
validation error:	0.327341
2017-01-25 04:28:53,505 INFO     Wrote output to trainNN/out/v044-unified-2-g35d999d-dirty:simple-ff-ffv-adam-200/config.json
2017-01-25 04:31:33,859 INFO     Saving network params to trainNN/out/v044-unified-2-g35d999d-dirty:simple-ff-ffv-adam-200/epoch-125.pkl
2017-01-25 04:31:48,614 INFO     epoch: 125 took 175.154s (88.069s in batching)
training loss:	0.593443
validation loss:	0.598658
validation error:	0.325056
2017-01-25 04:31:48,628 INFO     Wrote output to trainNN/out/v044-unified-2-g35d999d-dirty:simple-ff-ffv-adam-200/config.json
2017-01-25 04:34:32,208 INFO     Saving network params to trainNN/out/v044-unified-2-g35d999d-dirty:simple-ff-ffv-adam-200/epoch-126.pkl
2017-01-25 04:34:47,110 INFO     epoch: 126 took 178.496s (89.061s in batching)
training loss:	0.593393
validation loss:	0.597367
validation error:	0.323147
2017-01-25 04:34:47,128 INFO     Wrote output to trainNN/out/v044-unified-2-g35d999d-dirty:simple-ff-ffv-adam-200/config.json
2017-01-25 04:37:29,437 INFO     Saving network params to trainNN/out/v044-unified-2-g35d999d-dirty:simple-ff-ffv-adam-200/epoch-127.pkl
2017-01-25 04:37:43,790 INFO     epoch: 127 took 176.680s (88.845s in batching)
training loss:	0.593341
validation loss:	0.598116
validation error:	0.322776
2017-01-25 04:37:43,812 INFO     Wrote output to trainNN/out/v044-unified-2-g35d999d-dirty:simple-ff-ffv-adam-200/config.json
2017-01-25 04:40:25,978 INFO     Saving network params to trainNN/out/v044-unified-2-g35d999d-dirty:simple-ff-ffv-adam-200/epoch-128.pkl
2017-01-25 04:40:40,792 INFO     epoch: 128 took 177.003s (88.571s in batching)
training loss:	0.593469
validation loss:	0.598206
validation error:	0.323950
2017-01-25 04:40:40,816 INFO     Wrote output to trainNN/out/v044-unified-2-g35d999d-dirty:simple-ff-ffv-adam-200/config.json
2017-01-25 04:43:25,219 INFO     Saving network params to trainNN/out/v044-unified-2-g35d999d-dirty:simple-ff-ffv-adam-200/epoch-129.pkl
2017-01-25 04:43:39,912 INFO     epoch: 129 took 179.120s (89.060s in batching)
training loss:	0.593389
validation loss:	0.598221
validation error:	0.322974
2017-01-25 04:43:39,929 INFO     Wrote output to trainNN/out/v044-unified-2-g35d999d-dirty:simple-ff-ffv-adam-200/config.json
2017-01-25 04:46:21,360 INFO     Saving network params to trainNN/out/v044-unified-2-g35d999d-dirty:simple-ff-ffv-adam-200/epoch-130.pkl
2017-01-25 04:46:36,071 INFO     epoch: 130 took 176.159s (88.278s in batching)
training loss:	0.593312
validation loss:	0.598089
validation error:	0.323499
2017-01-25 04:46:36,089 INFO     Wrote output to trainNN/out/v044-unified-2-g35d999d-dirty:simple-ff-ffv-adam-200/config.json
2017-01-25 04:49:19,137 INFO     Saving network params to trainNN/out/v044-unified-2-g35d999d-dirty:simple-ff-ffv-adam-200/epoch-131.pkl
2017-01-25 04:49:33,906 INFO     epoch: 131 took 177.835s (88.675s in batching)
training loss:	0.593282
validation loss:	0.600389
validation error:	0.326240
2017-01-25 04:49:33,931 INFO     Wrote output to trainNN/out/v044-unified-2-g35d999d-dirty:simple-ff-ffv-adam-200/config.json
2017-01-25 04:52:16,515 INFO     Saving network params to trainNN/out/v044-unified-2-g35d999d-dirty:simple-ff-ffv-adam-200/epoch-132.pkl
2017-01-25 04:52:31,299 INFO     epoch: 132 took 177.392s (88.502s in batching)
training loss:	0.593134
validation loss:	0.598412
validation error:	0.323990
2017-01-25 04:52:31,306 INFO     Wrote output to trainNN/out/v044-unified-2-g35d999d-dirty:simple-ff-ffv-adam-200/config.json
2017-01-25 04:55:13,470 INFO     Saving network params to trainNN/out/v044-unified-2-g35d999d-dirty:simple-ff-ffv-adam-200/epoch-133.pkl
2017-01-25 04:55:28,116 INFO     epoch: 133 took 176.817s (88.427s in batching)
training loss:	0.593207
validation loss:	0.598065
validation error:	0.323757
2017-01-25 04:55:28,134 INFO     Wrote output to trainNN/out/v044-unified-2-g35d999d-dirty:simple-ff-ffv-adam-200/config.json
2017-01-25 04:58:12,187 INFO     Saving network params to trainNN/out/v044-unified-2-g35d999d-dirty:simple-ff-ffv-adam-200/epoch-134.pkl
2017-01-25 04:58:26,778 INFO     epoch: 134 took 178.662s (88.819s in batching)
training loss:	0.593253
validation loss:	0.600060
validation error:	0.327465
2017-01-25 04:58:26,806 INFO     Wrote output to trainNN/out/v044-unified-2-g35d999d-dirty:simple-ff-ffv-adam-200/config.json
2017-01-25 05:01:10,442 INFO     Saving network params to trainNN/out/v044-unified-2-g35d999d-dirty:simple-ff-ffv-adam-200/epoch-135.pkl
2017-01-25 05:01:25,140 INFO     epoch: 135 took 178.362s (88.879s in batching)
training loss:	0.593167
validation loss:	0.600288
validation error:	0.326622
2017-01-25 05:01:25,158 INFO     Wrote output to trainNN/out/v044-unified-2-g35d999d-dirty:simple-ff-ffv-adam-200/config.json
2017-01-25 05:04:09,114 INFO     Saving network params to trainNN/out/v044-unified-2-g35d999d-dirty:simple-ff-ffv-adam-200/epoch-136.pkl
2017-01-25 05:04:24,050 INFO     epoch: 136 took 178.910s (89.045s in batching)
training loss:	0.593177
validation loss:	0.597807
validation error:	0.324996
2017-01-25 05:04:24,059 INFO     Wrote output to trainNN/out/v044-unified-2-g35d999d-dirty:simple-ff-ffv-adam-200/config.json
2017-01-25 05:07:07,541 INFO     Saving network params to trainNN/out/v044-unified-2-g35d999d-dirty:simple-ff-ffv-adam-200/epoch-137.pkl
2017-01-25 05:07:22,457 INFO     epoch: 137 took 178.407s (88.903s in batching)
training loss:	0.593116
validation loss:	0.597859
validation error:	0.322989
2017-01-25 05:07:22,474 INFO     Wrote output to trainNN/out/v044-unified-2-g35d999d-dirty:simple-ff-ffv-adam-200/config.json
2017-01-25 05:10:05,115 INFO     Saving network params to trainNN/out/v044-unified-2-g35d999d-dirty:simple-ff-ffv-adam-200/epoch-138.pkl
2017-01-25 05:10:19,901 INFO     epoch: 138 took 177.445s (88.289s in batching)
training loss:	0.593005
validation loss:	0.597175
validation error:	0.322409
2017-01-25 05:10:19,922 INFO     Wrote output to trainNN/out/v044-unified-2-g35d999d-dirty:simple-ff-ffv-adam-200/config.json
2017-01-25 05:13:03,450 INFO     Saving network params to trainNN/out/v044-unified-2-g35d999d-dirty:simple-ff-ffv-adam-200/epoch-139.pkl
2017-01-25 05:13:18,166 INFO     epoch: 139 took 178.265s (88.869s in batching)
training loss:	0.593060
validation loss:	0.599445
validation error:	0.325606
2017-01-25 05:13:18,179 INFO     Wrote output to trainNN/out/v044-unified-2-g35d999d-dirty:simple-ff-ffv-adam-200/config.json
2017-01-25 05:16:01,780 INFO     Saving network params to trainNN/out/v044-unified-2-g35d999d-dirty:simple-ff-ffv-adam-200/epoch-140.pkl
2017-01-25 05:16:16,597 INFO     epoch: 140 took 178.431s (88.544s in batching)
training loss:	0.593002
validation loss:	0.597430
validation error:	0.323470
2017-01-25 05:16:16,605 INFO     Wrote output to trainNN/out/v044-unified-2-g35d999d-dirty:simple-ff-ffv-adam-200/config.json
2017-01-25 05:19:00,338 INFO     Saving network params to trainNN/out/v044-unified-2-g35d999d-dirty:simple-ff-ffv-adam-200/epoch-141.pkl
2017-01-25 05:19:15,274 INFO     epoch: 141 took 178.676s (88.753s in batching)
training loss:	0.593038
validation loss:	0.599522
validation error:	0.326141
2017-01-25 05:19:15,290 INFO     Wrote output to trainNN/out/v044-unified-2-g35d999d-dirty:simple-ff-ffv-adam-200/config.json
2017-01-25 05:21:58,108 INFO     Saving network params to trainNN/out/v044-unified-2-g35d999d-dirty:simple-ff-ffv-adam-200/epoch-142.pkl
2017-01-25 05:22:13,002 INFO     epoch: 142 took 177.728s (88.413s in batching)
training loss:	0.592940
validation loss:	0.601153
validation error:	0.326905
2017-01-25 05:22:13,020 INFO     Wrote output to trainNN/out/v044-unified-2-g35d999d-dirty:simple-ff-ffv-adam-200/config.json
2017-01-25 05:24:56,395 INFO     Saving network params to trainNN/out/v044-unified-2-g35d999d-dirty:simple-ff-ffv-adam-200/epoch-143.pkl
2017-01-25 05:25:11,246 INFO     epoch: 143 took 178.244s (88.678s in batching)
training loss:	0.593062
validation loss:	0.597082
validation error:	0.324109
2017-01-25 05:25:11,255 INFO     Wrote output to trainNN/out/v044-unified-2-g35d999d-dirty:simple-ff-ffv-adam-200/config.json
2017-01-25 05:27:54,884 INFO     Saving network params to trainNN/out/v044-unified-2-g35d999d-dirty:simple-ff-ffv-adam-200/epoch-144.pkl
2017-01-25 05:28:09,390 INFO     epoch: 144 took 178.144s (88.394s in batching)
training loss:	0.592907
validation loss:	0.597952
validation error:	0.321928
2017-01-25 05:28:09,403 INFO     Wrote output to trainNN/out/v044-unified-2-g35d999d-dirty:simple-ff-ffv-adam-200/config.json
2017-01-25 05:30:52,562 INFO     Saving network params to trainNN/out/v044-unified-2-g35d999d-dirty:simple-ff-ffv-adam-200/epoch-145.pkl
2017-01-25 05:31:07,246 INFO     epoch: 145 took 177.856s (88.458s in batching)
training loss:	0.592955
validation loss:	0.598131
validation error:	0.325006
2017-01-25 05:31:07,261 INFO     Wrote output to trainNN/out/v044-unified-2-g35d999d-dirty:simple-ff-ffv-adam-200/config.json
2017-01-25 05:33:50,890 INFO     Saving network params to trainNN/out/v044-unified-2-g35d999d-dirty:simple-ff-ffv-adam-200/epoch-146.pkl
2017-01-25 05:34:05,550 INFO     epoch: 146 took 178.304s (88.364s in batching)
training loss:	0.593004
validation loss:	0.599574
validation error:	0.326102
2017-01-25 05:34:05,578 INFO     Wrote output to trainNN/out/v044-unified-2-g35d999d-dirty:simple-ff-ffv-adam-200/config.json
2017-01-25 05:36:49,215 INFO     Saving network params to trainNN/out/v044-unified-2-g35d999d-dirty:simple-ff-ffv-adam-200/epoch-147.pkl
2017-01-25 05:37:04,070 INFO     epoch: 147 took 178.521s (88.742s in batching)
training loss:	0.592990
validation loss:	0.596620
validation error:	0.321819
2017-01-25 05:37:04,078 INFO     Wrote output to trainNN/out/v044-unified-2-g35d999d-dirty:simple-ff-ffv-adam-200/config.json
2017-01-25 05:39:48,254 INFO     Saving network params to trainNN/out/v044-unified-2-g35d999d-dirty:simple-ff-ffv-adam-200/epoch-148.pkl
2017-01-25 05:40:02,996 INFO     epoch: 148 took 178.925s (88.694s in batching)
training loss:	0.592842
validation loss:	0.598110
validation error:	0.325874
2017-01-25 05:40:03,018 INFO     Wrote output to trainNN/out/v044-unified-2-g35d999d-dirty:simple-ff-ffv-adam-200/config.json
2017-01-25 05:42:45,810 INFO     Saving network params to trainNN/out/v044-unified-2-g35d999d-dirty:simple-ff-ffv-adam-200/epoch-149.pkl
2017-01-25 05:43:00,506 INFO     epoch: 149 took 177.511s (88.259s in batching)
training loss:	0.592889
validation loss:	0.599878
validation error:	0.326354
2017-01-25 05:43:00,515 INFO     Wrote output to trainNN/out/v044-unified-2-g35d999d-dirty:simple-ff-ffv-adam-200/config.json
2017-01-25 05:45:43,302 INFO     Saving network params to trainNN/out/v044-unified-2-g35d999d-dirty:simple-ff-ffv-adam-200/epoch-150.pkl
2017-01-25 05:45:58,235 INFO     epoch: 150 took 177.728s (88.406s in batching)
training loss:	0.592818
validation loss:	0.600690
validation error:	0.326404
2017-01-25 05:45:58,243 INFO     Wrote output to trainNN/out/v044-unified-2-g35d999d-dirty:simple-ff-ffv-adam-200/config.json
2017-01-25 05:48:40,538 INFO     Saving network params to trainNN/out/v044-unified-2-g35d999d-dirty:simple-ff-ffv-adam-200/epoch-151.pkl
2017-01-25 05:48:55,289 INFO     epoch: 151 took 177.054s (88.184s in batching)
training loss:	0.592762
validation loss:	0.596437
validation error:	0.322022
2017-01-25 05:48:55,297 INFO     Wrote output to trainNN/out/v044-unified-2-g35d999d-dirty:simple-ff-ffv-adam-200/config.json
2017-01-25 05:51:38,254 INFO     Saving network params to trainNN/out/v044-unified-2-g35d999d-dirty:simple-ff-ffv-adam-200/epoch-152.pkl
2017-01-25 05:51:53,131 INFO     epoch: 152 took 177.842s (88.422s in batching)
training loss:	0.592749
validation loss:	0.596774
validation error:	0.323326
2017-01-25 05:51:53,139 INFO     Wrote output to trainNN/out/v044-unified-2-g35d999d-dirty:simple-ff-ffv-adam-200/config.json
2017-01-25 05:54:35,292 INFO     Saving network params to trainNN/out/v044-unified-2-g35d999d-dirty:simple-ff-ffv-adam-200/epoch-153.pkl
2017-01-25 05:54:49,714 INFO     epoch: 153 took 176.583s (88.755s in batching)
training loss:	0.592744
validation loss:	0.597956
validation error:	0.323519
2017-01-25 05:54:49,739 INFO     Wrote output to trainNN/out/v044-unified-2-g35d999d-dirty:simple-ff-ffv-adam-200/config.json
2017-01-25 05:57:31,523 INFO     Saving network params to trainNN/out/v044-unified-2-g35d999d-dirty:simple-ff-ffv-adam-200/epoch-154.pkl
2017-01-25 05:57:45,805 INFO     epoch: 154 took 176.092s (89.415s in batching)
training loss:	0.592712
validation loss:	0.598832
validation error:	0.323608
2017-01-25 05:57:45,823 INFO     Wrote output to trainNN/out/v044-unified-2-g35d999d-dirty:simple-ff-ffv-adam-200/config.json
2017-01-25 06:00:46,819 INFO     Saving network params to trainNN/out/v044-unified-2-g35d999d-dirty:simple-ff-ffv-adam-200/epoch-155.pkl
2017-01-25 06:01:20,272 INFO     epoch: 155 took 214.449s (105.393s in batching)
training loss:	0.592708
validation loss:	0.598839
validation error:	0.325690
2017-01-25 06:01:20,662 INFO     Wrote output to trainNN/out/v044-unified-2-g35d999d-dirty:simple-ff-ffv-adam-200/config.json
2017-01-25 06:04:20,175 INFO     Saving network params to trainNN/out/v044-unified-2-g35d999d-dirty:simple-ff-ffv-adam-200/epoch-156.pkl
2017-01-25 06:04:36,413 INFO     epoch: 156 took 196.159s (87.613s in batching)
training loss:	0.592703
validation loss:	0.597158
validation error:	0.322840
2017-01-25 06:04:36,426 INFO     Wrote output to trainNN/out/v044-unified-2-g35d999d-dirty:simple-ff-ffv-adam-200/config.json
2017-01-25 06:07:36,199 INFO     Saving network params to trainNN/out/v044-unified-2-g35d999d-dirty:simple-ff-ffv-adam-200/epoch-157.pkl
2017-01-25 06:07:52,760 INFO     epoch: 157 took 196.347s (86.541s in batching)
training loss:	0.592666
validation loss:	0.597679
validation error:	0.323861
2017-01-25 06:07:52,783 INFO     Wrote output to trainNN/out/v044-unified-2-g35d999d-dirty:simple-ff-ffv-adam-200/config.json
2017-01-25 06:10:52,113 INFO     Saving network params to trainNN/out/v044-unified-2-g35d999d-dirty:simple-ff-ffv-adam-200/epoch-158.pkl
2017-01-25 06:11:08,608 INFO     epoch: 158 took 195.848s (86.547s in batching)
training loss:	0.592657
validation loss:	0.601886
validation error:	0.327569
2017-01-25 06:11:08,624 INFO     Wrote output to trainNN/out/v044-unified-2-g35d999d-dirty:simple-ff-ffv-adam-200/config.json
2017-01-25 06:14:07,870 INFO     Saving network params to trainNN/out/v044-unified-2-g35d999d-dirty:simple-ff-ffv-adam-200/epoch-159.pkl
2017-01-25 06:14:24,338 INFO     epoch: 159 took 195.730s (86.316s in batching)
training loss:	0.592639
validation loss:	0.597823
validation error:	0.324079
2017-01-25 06:14:24,358 INFO     Wrote output to trainNN/out/v044-unified-2-g35d999d-dirty:simple-ff-ffv-adam-200/config.json
2017-01-25 06:17:23,335 INFO     Saving network params to trainNN/out/v044-unified-2-g35d999d-dirty:simple-ff-ffv-adam-200/epoch-160.pkl
2017-01-25 06:17:39,722 INFO     epoch: 160 took 195.384s (86.376s in batching)
training loss:	0.592562
validation loss:	0.598443
validation error:	0.324218
2017-01-25 06:17:39,740 INFO     Wrote output to trainNN/out/v044-unified-2-g35d999d-dirty:simple-ff-ffv-adam-200/config.json
2017-01-25 06:20:39,608 INFO     Saving network params to trainNN/out/v044-unified-2-g35d999d-dirty:simple-ff-ffv-adam-200/epoch-161.pkl
2017-01-25 06:20:56,041 INFO     epoch: 161 took 196.319s (86.780s in batching)
training loss:	0.592546
validation loss:	0.598457
validation error:	0.323529
2017-01-25 06:20:56,050 INFO     Wrote output to trainNN/out/v044-unified-2-g35d999d-dirty:simple-ff-ffv-adam-200/config.json
2017-01-25 06:23:54,145 INFO     Saving network params to trainNN/out/v044-unified-2-g35d999d-dirty:simple-ff-ffv-adam-200/epoch-162.pkl
2017-01-25 06:24:10,624 INFO     epoch: 162 took 194.582s (86.308s in batching)
training loss:	0.592627
validation loss:	0.597560
validation error:	0.323549
2017-01-25 06:24:10,634 INFO     Wrote output to trainNN/out/v044-unified-2-g35d999d-dirty:simple-ff-ffv-adam-200/config.json
2017-01-25 06:27:09,755 INFO     Saving network params to trainNN/out/v044-unified-2-g35d999d-dirty:simple-ff-ffv-adam-200/epoch-163.pkl
2017-01-25 06:27:26,059 INFO     epoch: 163 took 195.435s (86.245s in batching)
training loss:	0.592629
validation loss:	0.597597
validation error:	0.323846
2017-01-25 06:27:26,081 INFO     Wrote output to trainNN/out/v044-unified-2-g35d999d-dirty:simple-ff-ffv-adam-200/config.json
2017-01-25 06:30:25,272 INFO     Saving network params to trainNN/out/v044-unified-2-g35d999d-dirty:simple-ff-ffv-adam-200/epoch-164.pkl
2017-01-25 06:30:41,628 INFO     epoch: 164 took 195.569s (86.356s in batching)
training loss:	0.592616
validation loss:	0.598639
validation error:	0.324853
2017-01-25 06:30:41,648 INFO     Wrote output to trainNN/out/v044-unified-2-g35d999d-dirty:simple-ff-ffv-adam-200/config.json
2017-01-25 06:33:42,046 INFO     Saving network params to trainNN/out/v044-unified-2-g35d999d-dirty:simple-ff-ffv-adam-200/epoch-165.pkl
2017-01-25 06:33:58,506 INFO     epoch: 165 took 196.878s (86.940s in batching)
training loss:	0.592422
validation loss:	0.598362
validation error:	0.324208
2017-01-25 06:33:58,515 INFO     Wrote output to trainNN/out/v044-unified-2-g35d999d-dirty:simple-ff-ffv-adam-200/config.json
2017-01-25 06:36:56,941 INFO     Saving network params to trainNN/out/v044-unified-2-g35d999d-dirty:simple-ff-ffv-adam-200/epoch-166.pkl
2017-01-25 06:37:13,268 INFO     epoch: 166 took 194.762s (86.224s in batching)
training loss:	0.592451
validation loss:	0.598669
validation error:	0.325646
2017-01-25 06:37:13,290 INFO     Wrote output to trainNN/out/v044-unified-2-g35d999d-dirty:simple-ff-ffv-adam-200/config.json
2017-01-25 06:40:12,212 INFO     Saving network params to trainNN/out/v044-unified-2-g35d999d-dirty:simple-ff-ffv-adam-200/epoch-167.pkl
2017-01-25 06:40:28,551 INFO     epoch: 167 took 195.283s (86.343s in batching)
training loss:	0.592575
validation loss:	0.597471
validation error:	0.323425
2017-01-25 06:40:28,572 INFO     Wrote output to trainNN/out/v044-unified-2-g35d999d-dirty:simple-ff-ffv-adam-200/config.json
2017-01-25 06:43:26,744 INFO     Saving network params to trainNN/out/v044-unified-2-g35d999d-dirty:simple-ff-ffv-adam-200/epoch-168.pkl
2017-01-25 06:43:42,935 INFO     epoch: 168 took 194.384s (86.022s in batching)
training loss:	0.592518
validation loss:	0.598121
validation error:	0.324719
2017-01-25 06:43:42,954 INFO     Wrote output to trainNN/out/v044-unified-2-g35d999d-dirty:simple-ff-ffv-adam-200/config.json
2017-01-25 06:46:42,279 INFO     Saving network params to trainNN/out/v044-unified-2-g35d999d-dirty:simple-ff-ffv-adam-200/epoch-169.pkl
2017-01-25 06:46:58,413 INFO     epoch: 169 took 195.478s (86.622s in batching)
training loss:	0.592387
validation loss:	0.600998
validation error:	0.325269
2017-01-25 06:46:58,447 INFO     Wrote output to trainNN/out/v044-unified-2-g35d999d-dirty:simple-ff-ffv-adam-200/config.json
2017-01-25 06:49:56,699 INFO     Saving network params to trainNN/out/v044-unified-2-g35d999d-dirty:simple-ff-ffv-adam-200/epoch-170.pkl
2017-01-25 06:50:13,072 INFO     epoch: 170 took 194.658s (86.018s in batching)
training loss:	0.592473
validation loss:	0.601276
validation error:	0.326206
2017-01-25 06:50:13,092 INFO     Wrote output to trainNN/out/v044-unified-2-g35d999d-dirty:simple-ff-ffv-adam-200/config.json
2017-01-25 06:53:13,272 INFO     Saving network params to trainNN/out/v044-unified-2-g35d999d-dirty:simple-ff-ffv-adam-200/epoch-171.pkl
2017-01-25 06:53:29,478 INFO     epoch: 171 took 196.407s (86.701s in batching)
training loss:	0.592438
validation loss:	0.597047
validation error:	0.323380
2017-01-25 06:53:29,495 INFO     Wrote output to trainNN/out/v044-unified-2-g35d999d-dirty:simple-ff-ffv-adam-200/config.json
2017-01-25 06:56:27,899 INFO     Saving network params to trainNN/out/v044-unified-2-g35d999d-dirty:simple-ff-ffv-adam-200/epoch-172.pkl
2017-01-25 06:56:44,263 INFO     epoch: 172 took 194.785s (86.240s in batching)
training loss:	0.592367
validation loss:	0.597083
validation error:	0.321195
2017-01-25 06:56:44,286 INFO     Wrote output to trainNN/out/v044-unified-2-g35d999d-dirty:simple-ff-ffv-adam-200/config.json
2017-01-25 06:59:44,841 INFO     Saving network params to trainNN/out/v044-unified-2-g35d999d-dirty:simple-ff-ffv-adam-200/epoch-173.pkl
2017-01-25 07:00:01,026 INFO     epoch: 173 took 196.763s (86.794s in batching)
training loss:	0.592358
validation loss:	0.598036
validation error:	0.324476
2017-01-25 07:00:01,044 INFO     Wrote output to trainNN/out/v044-unified-2-g35d999d-dirty:simple-ff-ffv-adam-200/config.json
2017-01-25 07:03:02,064 INFO     Saving network params to trainNN/out/v044-unified-2-g35d999d-dirty:simple-ff-ffv-adam-200/epoch-174.pkl
2017-01-25 07:03:18,889 INFO     epoch: 174 took 197.862s (86.911s in batching)
training loss:	0.592317
validation loss:	0.598116
validation error:	0.324377
2017-01-25 07:03:18,911 INFO     Wrote output to trainNN/out/v044-unified-2-g35d999d-dirty:simple-ff-ffv-adam-200/config.json
2017-01-25 07:06:18,490 INFO     Saving network params to trainNN/out/v044-unified-2-g35d999d-dirty:simple-ff-ffv-adam-200/epoch-175.pkl
2017-01-25 07:06:34,920 INFO     epoch: 175 took 196.031s (86.847s in batching)
training loss:	0.592375
validation loss:	0.597924
validation error:	0.323370
2017-01-25 07:06:34,936 INFO     Wrote output to trainNN/out/v044-unified-2-g35d999d-dirty:simple-ff-ffv-adam-200/config.json
2017-01-25 07:09:31,751 INFO     Saving network params to trainNN/out/v044-unified-2-g35d999d-dirty:simple-ff-ffv-adam-200/epoch-176.pkl
2017-01-25 07:09:47,477 INFO     epoch: 176 took 192.557s (87.235s in batching)
training loss:	0.592296
validation loss:	0.600297
validation error:	0.326810
2017-01-25 07:09:47,488 INFO     Wrote output to trainNN/out/v044-unified-2-g35d999d-dirty:simple-ff-ffv-adam-200/config.json
2017-01-25 07:12:43,155 INFO     Saving network params to trainNN/out/v044-unified-2-g35d999d-dirty:simple-ff-ffv-adam-200/epoch-177.pkl
2017-01-25 07:13:02,432 INFO     epoch: 177 took 194.955s (87.075s in batching)
training loss:	0.592281
validation loss:	0.597908
validation error:	0.323009
2017-01-25 07:13:03,115 INFO     Wrote output to trainNN/out/v044-unified-2-g35d999d-dirty:simple-ff-ffv-adam-200/config.json
2017-01-25 07:16:03,615 INFO     Saving network params to trainNN/out/v044-unified-2-g35d999d-dirty:simple-ff-ffv-adam-200/epoch-178.pkl
2017-01-25 07:16:20,349 INFO     epoch: 178 took 197.917s (87.002s in batching)
training loss:	0.592309
validation loss:	0.598311
validation error:	0.324595
2017-01-25 07:16:20,366 INFO     Wrote output to trainNN/out/v044-unified-2-g35d999d-dirty:simple-ff-ffv-adam-200/config.json
2017-01-25 07:19:15,852 INFO     Saving network params to trainNN/out/v044-unified-2-g35d999d-dirty:simple-ff-ffv-adam-200/epoch-179.pkl
2017-01-25 07:19:31,486 INFO     epoch: 179 took 191.137s (86.608s in batching)
training loss:	0.592261
validation loss:	0.598554
validation error:	0.322701
2017-01-25 07:19:31,524 INFO     Wrote output to trainNN/out/v044-unified-2-g35d999d-dirty:simple-ff-ffv-adam-200/config.json
2017-01-25 07:22:20,157 INFO     Saving network params to trainNN/out/v044-unified-2-g35d999d-dirty:simple-ff-ffv-adam-200/epoch-180.pkl
2017-01-25 07:22:36,422 INFO     epoch: 180 took 184.935s (86.633s in batching)
training loss:	0.592315
validation loss:	0.598039
validation error:	0.321527
2017-01-25 07:22:36,817 INFO     Wrote output to trainNN/out/v044-unified-2-g35d999d-dirty:simple-ff-ffv-adam-200/config.json
2017-01-25 07:25:28,721 INFO     Saving network params to trainNN/out/v044-unified-2-g35d999d-dirty:simple-ff-ffv-adam-200/epoch-181.pkl
2017-01-25 07:25:44,662 INFO     epoch: 181 took 188.241s (87.926s in batching)
training loss:	0.592279
validation loss:	0.598556
validation error:	0.323420
2017-01-25 07:25:44,681 INFO     Wrote output to trainNN/out/v044-unified-2-g35d999d-dirty:simple-ff-ffv-adam-200/config.json
2017-01-25 07:28:38,604 INFO     Saving network params to trainNN/out/v044-unified-2-g35d999d-dirty:simple-ff-ffv-adam-200/epoch-182.pkl
2017-01-25 07:28:54,512 INFO     epoch: 182 took 189.850s (88.066s in batching)
training loss:	0.592274
validation loss:	0.599298
validation error:	0.323306
2017-01-25 07:28:54,521 INFO     Wrote output to trainNN/out/v044-unified-2-g35d999d-dirty:simple-ff-ffv-adam-200/config.json
2017-01-25 07:31:48,493 INFO     Saving network params to trainNN/out/v044-unified-2-g35d999d-dirty:simple-ff-ffv-adam-200/epoch-183.pkl
2017-01-25 07:32:04,384 INFO     epoch: 183 took 189.872s (88.051s in batching)
training loss:	0.592192
validation loss:	0.599739
validation error:	0.324897
2017-01-25 07:32:04,402 INFO     Wrote output to trainNN/out/v044-unified-2-g35d999d-dirty:simple-ff-ffv-adam-200/config.json
2017-01-25 07:34:56,881 INFO     Saving network params to trainNN/out/v044-unified-2-g35d999d-dirty:simple-ff-ffv-adam-200/epoch-184.pkl
2017-01-25 07:35:12,435 INFO     epoch: 184 took 188.051s (87.411s in batching)
training loss:	0.592270
validation loss:	0.598657
validation error:	0.323261
2017-01-25 07:35:12,457 INFO     Wrote output to trainNN/out/v044-unified-2-g35d999d-dirty:simple-ff-ffv-adam-200/config.json
2017-01-25 07:38:05,315 INFO     Saving network params to trainNN/out/v044-unified-2-g35d999d-dirty:simple-ff-ffv-adam-200/epoch-185.pkl
2017-01-25 07:38:20,861 INFO     epoch: 185 took 188.426s (87.331s in batching)
training loss:	0.592118
validation loss:	0.597058
validation error:	0.323316
2017-01-25 07:38:20,872 INFO     Wrote output to trainNN/out/v044-unified-2-g35d999d-dirty:simple-ff-ffv-adam-200/config.json
2017-01-25 07:41:12,809 INFO     Saving network params to trainNN/out/v044-unified-2-g35d999d-dirty:simple-ff-ffv-adam-200/epoch-186.pkl
2017-01-25 07:41:28,371 INFO     epoch: 186 took 187.510s (87.007s in batching)
training loss:	0.592185
validation loss:	0.600002
validation error:	0.326825
2017-01-25 07:41:28,388 INFO     Wrote output to trainNN/out/v044-unified-2-g35d999d-dirty:simple-ff-ffv-adam-200/config.json
2017-01-25 07:44:19,388 INFO     Saving network params to trainNN/out/v044-unified-2-g35d999d-dirty:simple-ff-ffv-adam-200/epoch-187.pkl
2017-01-25 07:44:34,980 INFO     epoch: 187 took 186.609s (87.175s in batching)
training loss:	0.592150
validation loss:	0.607768
validation error:	0.332253
2017-01-25 07:44:34,990 INFO     Wrote output to trainNN/out/v044-unified-2-g35d999d-dirty:simple-ff-ffv-adam-200/config.json
2017-01-25 07:47:26,973 INFO     Saving network params to trainNN/out/v044-unified-2-g35d999d-dirty:simple-ff-ffv-adam-200/epoch-188.pkl
2017-01-25 07:47:42,478 INFO     epoch: 188 took 187.498s (87.173s in batching)
training loss:	0.592063
validation loss:	0.597673
validation error:	0.324188
2017-01-25 07:47:42,488 INFO     Wrote output to trainNN/out/v044-unified-2-g35d999d-dirty:simple-ff-ffv-adam-200/config.json
2017-01-25 07:50:32,507 INFO     Saving network params to trainNN/out/v044-unified-2-g35d999d-dirty:simple-ff-ffv-adam-200/epoch-189.pkl
2017-01-25 07:50:48,678 INFO     epoch: 189 took 186.200s (86.752s in batching)
training loss:	0.592170
validation loss:	0.600169
validation error:	0.325769
2017-01-25 07:50:48,696 INFO     Wrote output to trainNN/out/v044-unified-2-g35d999d-dirty:simple-ff-ffv-adam-200/config.json
2017-01-25 07:53:40,014 INFO     Saving network params to trainNN/out/v044-unified-2-g35d999d-dirty:simple-ff-ffv-adam-200/epoch-190.pkl
2017-01-25 07:53:55,671 INFO     epoch: 190 took 186.993s (86.906s in batching)
training loss:	0.592119
validation loss:	0.598996
validation error:	0.324704
2017-01-25 07:53:55,693 INFO     Wrote output to trainNN/out/v044-unified-2-g35d999d-dirty:simple-ff-ffv-adam-200/config.json
2017-01-25 07:56:46,741 INFO     Saving network params to trainNN/out/v044-unified-2-g35d999d-dirty:simple-ff-ffv-adam-200/epoch-191.pkl
2017-01-25 07:57:02,375 INFO     epoch: 191 took 186.704s (86.821s in batching)
training loss:	0.592082
validation loss:	0.596994
validation error:	0.321289
2017-01-25 07:57:02,393 INFO     Wrote output to trainNN/out/v044-unified-2-g35d999d-dirty:simple-ff-ffv-adam-200/config.json
2017-01-25 07:59:53,662 INFO     Saving network params to trainNN/out/v044-unified-2-g35d999d-dirty:simple-ff-ffv-adam-200/epoch-192.pkl
2017-01-25 08:00:09,479 INFO     epoch: 192 took 187.104s (87.034s in batching)
training loss:	0.592160
validation loss:	0.599913
validation error:	0.324476
2017-01-25 08:00:09,500 INFO     Wrote output to trainNN/out/v044-unified-2-g35d999d-dirty:simple-ff-ffv-adam-200/config.json
2017-01-25 08:03:01,091 INFO     Saving network params to trainNN/out/v044-unified-2-g35d999d-dirty:simple-ff-ffv-adam-200/epoch-193.pkl
2017-01-25 08:03:16,812 INFO     epoch: 193 took 187.333s (87.213s in batching)
training loss:	0.591998
validation loss:	0.597942
validation error:	0.321160
2017-01-25 08:03:16,822 INFO     Wrote output to trainNN/out/v044-unified-2-g35d999d-dirty:simple-ff-ffv-adam-200/config.json
2017-01-25 08:06:07,878 INFO     Saving network params to trainNN/out/v044-unified-2-g35d999d-dirty:simple-ff-ffv-adam-200/epoch-194.pkl
2017-01-25 08:06:23,502 INFO     epoch: 194 took 186.690s (86.862s in batching)
training loss:	0.592012
validation loss:	0.599275
validation error:	0.324491
2017-01-25 08:06:23,512 INFO     Wrote output to trainNN/out/v044-unified-2-g35d999d-dirty:simple-ff-ffv-adam-200/config.json
2017-01-25 08:09:07,265 INFO     Saving network params to trainNN/out/v044-unified-2-g35d999d-dirty:simple-ff-ffv-adam-200/epoch-195.pkl
2017-01-25 08:09:22,451 INFO     epoch: 195 took 178.948s (89.975s in batching)
training loss:	0.592070
validation loss:	0.598900
validation error:	0.323420
2017-01-25 08:09:22,460 INFO     Wrote output to trainNN/out/v044-unified-2-g35d999d-dirty:simple-ff-ffv-adam-200/config.json
2017-01-25 08:12:07,877 INFO     Saving network params to trainNN/out/v044-unified-2-g35d999d-dirty:simple-ff-ffv-adam-200/epoch-196.pkl
2017-01-25 08:12:23,303 INFO     epoch: 196 took 180.852s (91.148s in batching)
training loss:	0.591970
validation loss:	0.601035
validation error:	0.324788
2017-01-25 08:12:23,320 INFO     Wrote output to trainNN/out/v044-unified-2-g35d999d-dirty:simple-ff-ffv-adam-200/config.json
2017-01-25 08:15:07,252 INFO     Saving network params to trainNN/out/v044-unified-2-g35d999d-dirty:simple-ff-ffv-adam-200/epoch-197.pkl
2017-01-25 08:15:22,777 INFO     epoch: 197 took 179.474s (90.178s in batching)
training loss:	0.591993
validation loss:	0.599279
validation error:	0.324803
2017-01-25 08:15:22,787 INFO     Wrote output to trainNN/out/v044-unified-2-g35d999d-dirty:simple-ff-ffv-adam-200/config.json
2017-01-25 08:18:06,189 INFO     Saving network params to trainNN/out/v044-unified-2-g35d999d-dirty:simple-ff-ffv-adam-200/epoch-198.pkl
2017-01-25 08:18:21,540 INFO     epoch: 198 took 178.763s (90.336s in batching)
training loss:	0.591939
validation loss:	0.596444
validation error:	0.322186
2017-01-25 08:18:21,563 INFO     Wrote output to trainNN/out/v044-unified-2-g35d999d-dirty:simple-ff-ffv-adam-200/config.json
2017-01-25 08:21:05,534 INFO     Saving network params to trainNN/out/v044-unified-2-g35d999d-dirty:simple-ff-ffv-adam-200/epoch-199.pkl
2017-01-25 08:21:20,865 INFO     epoch: 199 took 179.325s (90.124s in batching)
training loss:	0.591941
validation loss:	0.597851
validation error:	0.323252
2017-01-25 08:21:20,880 INFO     Wrote output to trainNN/out/v044-unified-2-g35d999d-dirty:simple-ff-ffv-adam-200/config.json
