2017-01-26 22:35:31,517 DEBUG    version=v045-unified-16-gf17a658-dirty:simple-ff-ffv-adam-75-40-mintalklen-0-a
2017-01-26 22:35:31,517 INFO     Open DBase(data/db/all240302-spk.dat, data/db/all240302-spk.idx, mode='r')
2017-01-26 22:35:36,252 DEBUG    getting all bc uttids...configs/simple-ff-ffv-adam-75-40-mintalklen.json, train
2017-01-26 22:35:36,275 INFO     Open DBase(data/db/all240302-spk.dat, data/db/all240302-spk.idx, mode='r')
2017-01-26 22:37:40,344 DEBUG    loading cached extracted data from data/cache/extract-9fd8005404082bacfdff4f76e5cc7bd2ecbc33e1a924c2f4c6f3465261b55580.pickle
2017-01-26 22:37:41,805 DEBUG    set input dim to 9
2017-01-26 22:37:41,805 DEBUG    input dim = 9
2017-01-26 22:37:41,832 DEBUG    shuffling batches
2017-01-26 22:37:53,784 DEBUG    shuffling done
2017-01-26 22:37:53,784 DEBUG    loading data into ram
2017-01-26 22:37:53,821 DEBUG    loading data took 0.036s (cpu: 0.021s)
2017-01-26 22:37:53,821 DEBUG    getting all bc uttids...configs/simple-ff-ffv-adam-75-40-mintalklen.json, validate
2017-01-26 22:38:03,478 DEBUG    set input dim to 9
2017-01-26 22:38:03,478 DEBUG    input dim = 9
2017-01-26 22:38:03,591 DEBUG    shuffling batches
2017-01-26 22:38:04,770 DEBUG    shuffling done
2017-01-26 22:38:04,770 DEBUG    loading data into ram
2017-01-26 22:38:04,773 DEBUG    loading data took 0.003s (cpu: 0.003s)
2017-01-26 22:38:04,821 INFO     Training network with 30197 trainable out of 30197 total params.
2017-01-26 22:38:04,851 DEBUG    Using adam with learning_rate=0.001000
2017-01-26 22:38:06,959 DEBUG    Starting training...
2017-01-26 22:38:19,264 INFO     Saving network params to trainNN/out/v045-unified-16-gf17a658-dirty:simple-ff-ffv-adam-75-40-mintalklen-0-a/epoch-000.pkl
2017-01-26 22:38:19,759 INFO     epoch: 0 took 12.800s (0.003s in batching)
training loss:	0.640160
validation loss:	0.635485
validation error:	0.370187
2017-01-26 22:38:19,760 INFO     Wrote output to trainNN/out/v045-unified-16-gf17a658-dirty:simple-ff-ffv-adam-75-40-mintalklen-0-a/config.json
2017-01-26 22:38:32,565 INFO     Saving network params to trainNN/out/v045-unified-16-gf17a658-dirty:simple-ff-ffv-adam-75-40-mintalklen-0-a/epoch-001.pkl
2017-01-26 22:38:33,082 INFO     epoch: 1 took 13.322s (0.003s in batching)
training loss:	0.626467
validation loss:	0.627421
validation error:	0.360678
2017-01-26 22:38:33,082 INFO     Wrote output to trainNN/out/v045-unified-16-gf17a658-dirty:simple-ff-ffv-adam-75-40-mintalklen-0-a/config.json
2017-01-26 22:38:45,897 INFO     Saving network params to trainNN/out/v045-unified-16-gf17a658-dirty:simple-ff-ffv-adam-75-40-mintalklen-0-a/epoch-002.pkl
2017-01-26 22:38:46,425 INFO     epoch: 2 took 13.343s (0.004s in batching)
training loss:	0.620487
validation loss:	0.631842
validation error:	0.362201
2017-01-26 22:38:46,426 INFO     Wrote output to trainNN/out/v045-unified-16-gf17a658-dirty:simple-ff-ffv-adam-75-40-mintalklen-0-a/config.json
2017-01-26 22:38:58,671 INFO     Saving network params to trainNN/out/v045-unified-16-gf17a658-dirty:simple-ff-ffv-adam-75-40-mintalklen-0-a/epoch-003.pkl
2017-01-26 22:38:59,212 INFO     epoch: 3 took 12.787s (0.004s in batching)
training loss:	0.616340
validation loss:	0.622036
validation error:	0.351848
2017-01-26 22:38:59,213 INFO     Wrote output to trainNN/out/v045-unified-16-gf17a658-dirty:simple-ff-ffv-adam-75-40-mintalklen-0-a/config.json
2017-01-26 22:39:11,480 INFO     Saving network params to trainNN/out/v045-unified-16-gf17a658-dirty:simple-ff-ffv-adam-75-40-mintalklen-0-a/epoch-004.pkl
2017-01-26 22:39:12,867 INFO     epoch: 4 took 13.655s (0.004s in batching)
training loss:	0.613083
validation loss:	0.624059
validation error:	0.353163
2017-01-26 22:39:12,868 INFO     Wrote output to trainNN/out/v045-unified-16-gf17a658-dirty:simple-ff-ffv-adam-75-40-mintalklen-0-a/config.json
2017-01-26 22:39:25,620 INFO     Saving network params to trainNN/out/v045-unified-16-gf17a658-dirty:simple-ff-ffv-adam-75-40-mintalklen-0-a/epoch-005.pkl
2017-01-26 22:39:26,160 INFO     epoch: 5 took 13.293s (0.004s in batching)
training loss:	0.610572
validation loss:	0.621463
validation error:	0.349495
2017-01-26 22:39:26,160 INFO     Wrote output to trainNN/out/v045-unified-16-gf17a658-dirty:simple-ff-ffv-adam-75-40-mintalklen-0-a/config.json
2017-01-26 22:39:38,469 INFO     Saving network params to trainNN/out/v045-unified-16-gf17a658-dirty:simple-ff-ffv-adam-75-40-mintalklen-0-a/epoch-006.pkl
2017-01-26 22:39:39,093 INFO     epoch: 6 took 12.933s (0.003s in batching)
training loss:	0.608194
validation loss:	0.622744
validation error:	0.354699
2017-01-26 22:39:39,093 INFO     Wrote output to trainNN/out/v045-unified-16-gf17a658-dirty:simple-ff-ffv-adam-75-40-mintalklen-0-a/config.json
2017-01-26 22:39:51,652 INFO     Saving network params to trainNN/out/v045-unified-16-gf17a658-dirty:simple-ff-ffv-adam-75-40-mintalklen-0-a/epoch-007.pkl
2017-01-26 22:39:52,252 INFO     epoch: 7 took 13.159s (0.004s in batching)
training loss:	0.606721
validation loss:	0.622431
validation error:	0.351391
2017-01-26 22:39:52,267 INFO     Wrote output to trainNN/out/v045-unified-16-gf17a658-dirty:simple-ff-ffv-adam-75-40-mintalklen-0-a/config.json
2017-01-26 22:40:04,917 INFO     Saving network params to trainNN/out/v045-unified-16-gf17a658-dirty:simple-ff-ffv-adam-75-40-mintalklen-0-a/epoch-008.pkl
2017-01-26 22:40:05,471 INFO     epoch: 8 took 13.219s (0.003s in batching)
training loss:	0.604862
validation loss:	0.620904
validation error:	0.347419
2017-01-26 22:40:05,502 INFO     Wrote output to trainNN/out/v045-unified-16-gf17a658-dirty:simple-ff-ffv-adam-75-40-mintalklen-0-a/config.json
2017-01-26 22:40:17,566 INFO     Saving network params to trainNN/out/v045-unified-16-gf17a658-dirty:simple-ff-ffv-adam-75-40-mintalklen-0-a/epoch-009.pkl
2017-01-26 22:40:18,094 INFO     epoch: 9 took 12.623s (0.004s in batching)
training loss:	0.603734
validation loss:	0.619318
validation error:	0.348055
2017-01-26 22:40:18,095 INFO     Wrote output to trainNN/out/v045-unified-16-gf17a658-dirty:simple-ff-ffv-adam-75-40-mintalklen-0-a/config.json
2017-01-26 22:40:28,822 INFO     Saving network params to trainNN/out/v045-unified-16-gf17a658-dirty:simple-ff-ffv-adam-75-40-mintalklen-0-a/epoch-010.pkl
2017-01-26 22:40:29,213 INFO     epoch: 10 took 11.119s (0.003s in batching)
training loss:	0.601677
validation loss:	0.619973
validation error:	0.348304
2017-01-26 22:40:29,214 INFO     Wrote output to trainNN/out/v045-unified-16-gf17a658-dirty:simple-ff-ffv-adam-75-40-mintalklen-0-a/config.json
2017-01-26 22:40:37,701 INFO     Saving network params to trainNN/out/v045-unified-16-gf17a658-dirty:simple-ff-ffv-adam-75-40-mintalklen-0-a/epoch-011.pkl
2017-01-26 22:40:38,103 INFO     epoch: 11 took 8.889s (0.003s in batching)
training loss:	0.600706
validation loss:	0.618718
validation error:	0.348318
2017-01-26 22:40:38,104 INFO     Wrote output to trainNN/out/v045-unified-16-gf17a658-dirty:simple-ff-ffv-adam-75-40-mintalklen-0-a/config.json
2017-01-26 22:40:46,671 INFO     Saving network params to trainNN/out/v045-unified-16-gf17a658-dirty:simple-ff-ffv-adam-75-40-mintalklen-0-a/epoch-012.pkl
2017-01-26 22:40:47,058 INFO     epoch: 12 took 8.955s (0.005s in batching)
training loss:	0.599654
validation loss:	0.616893
validation error:	0.343585
2017-01-26 22:40:47,058 INFO     Wrote output to trainNN/out/v045-unified-16-gf17a658-dirty:simple-ff-ffv-adam-75-40-mintalklen-0-a/config.json
2017-01-26 22:40:55,590 INFO     Saving network params to trainNN/out/v045-unified-16-gf17a658-dirty:simple-ff-ffv-adam-75-40-mintalklen-0-a/epoch-013.pkl
2017-01-26 22:40:55,996 INFO     epoch: 13 took 8.938s (0.003s in batching)
training loss:	0.598717
validation loss:	0.619862
validation error:	0.346796
2017-01-26 22:40:55,997 INFO     Wrote output to trainNN/out/v045-unified-16-gf17a658-dirty:simple-ff-ffv-adam-75-40-mintalklen-0-a/config.json
2017-01-26 22:41:04,365 INFO     Saving network params to trainNN/out/v045-unified-16-gf17a658-dirty:simple-ff-ffv-adam-75-40-mintalklen-0-a/epoch-014.pkl
2017-01-26 22:41:04,756 INFO     epoch: 14 took 8.760s (0.003s in batching)
training loss:	0.597704
validation loss:	0.618296
validation error:	0.343086
2017-01-26 22:41:04,757 INFO     Wrote output to trainNN/out/v045-unified-16-gf17a658-dirty:simple-ff-ffv-adam-75-40-mintalklen-0-a/config.json
2017-01-26 22:41:12,676 INFO     Saving network params to trainNN/out/v045-unified-16-gf17a658-dirty:simple-ff-ffv-adam-75-40-mintalklen-0-a/epoch-015.pkl
2017-01-26 22:41:13,059 INFO     epoch: 15 took 8.303s (0.004s in batching)
training loss:	0.596905
validation loss:	0.620500
validation error:	0.349163
2017-01-26 22:41:13,060 INFO     Wrote output to trainNN/out/v045-unified-16-gf17a658-dirty:simple-ff-ffv-adam-75-40-mintalklen-0-a/config.json
2017-01-26 22:41:21,470 INFO     Saving network params to trainNN/out/v045-unified-16-gf17a658-dirty:simple-ff-ffv-adam-75-40-mintalklen-0-a/epoch-016.pkl
2017-01-26 22:41:21,834 INFO     epoch: 16 took 8.775s (0.003s in batching)
training loss:	0.596537
validation loss:	0.617151
validation error:	0.340720
2017-01-26 22:41:21,835 INFO     Wrote output to trainNN/out/v045-unified-16-gf17a658-dirty:simple-ff-ffv-adam-75-40-mintalklen-0-a/config.json
2017-01-26 22:41:30,065 INFO     Saving network params to trainNN/out/v045-unified-16-gf17a658-dirty:simple-ff-ffv-adam-75-40-mintalklen-0-a/epoch-017.pkl
2017-01-26 22:41:30,439 INFO     epoch: 17 took 8.605s (0.004s in batching)
training loss:	0.595767
validation loss:	0.624845
validation error:	0.349924
2017-01-26 22:41:30,440 INFO     Wrote output to trainNN/out/v045-unified-16-gf17a658-dirty:simple-ff-ffv-adam-75-40-mintalklen-0-a/config.json
2017-01-26 22:41:38,352 INFO     Saving network params to trainNN/out/v045-unified-16-gf17a658-dirty:simple-ff-ffv-adam-75-40-mintalklen-0-a/epoch-018.pkl
2017-01-26 22:41:38,734 INFO     epoch: 18 took 8.294s (0.003s in batching)
training loss:	0.594766
validation loss:	0.616776
validation error:	0.339045
2017-01-26 22:41:38,734 INFO     Wrote output to trainNN/out/v045-unified-16-gf17a658-dirty:simple-ff-ffv-adam-75-40-mintalklen-0-a/config.json
2017-01-26 22:41:47,504 INFO     Saving network params to trainNN/out/v045-unified-16-gf17a658-dirty:simple-ff-ffv-adam-75-40-mintalklen-0-a/epoch-019.pkl
2017-01-26 22:41:47,933 INFO     epoch: 19 took 9.199s (0.003s in batching)
training loss:	0.594256
validation loss:	0.628649
validation error:	0.355156
2017-01-26 22:41:47,934 INFO     Wrote output to trainNN/out/v045-unified-16-gf17a658-dirty:simple-ff-ffv-adam-75-40-mintalklen-0-a/config.json
2017-01-26 22:41:56,470 INFO     Saving network params to trainNN/out/v045-unified-16-gf17a658-dirty:simple-ff-ffv-adam-75-40-mintalklen-0-a/epoch-020.pkl
2017-01-26 22:41:56,896 INFO     epoch: 20 took 8.963s (0.003s in batching)
training loss:	0.593349
validation loss:	0.616894
validation error:	0.338879
2017-01-26 22:41:56,896 INFO     Wrote output to trainNN/out/v045-unified-16-gf17a658-dirty:simple-ff-ffv-adam-75-40-mintalklen-0-a/config.json
2017-01-26 22:42:05,065 INFO     Saving network params to trainNN/out/v045-unified-16-gf17a658-dirty:simple-ff-ffv-adam-75-40-mintalklen-0-a/epoch-021.pkl
2017-01-26 22:42:05,429 INFO     epoch: 21 took 8.533s (0.003s in batching)
training loss:	0.592999
validation loss:	0.618601
validation error:	0.341356
2017-01-26 22:42:05,429 INFO     Wrote output to trainNN/out/v045-unified-16-gf17a658-dirty:simple-ff-ffv-adam-75-40-mintalklen-0-a/config.json
2017-01-26 22:42:13,961 INFO     Saving network params to trainNN/out/v045-unified-16-gf17a658-dirty:simple-ff-ffv-adam-75-40-mintalklen-0-a/epoch-022.pkl
2017-01-26 22:42:14,465 INFO     epoch: 22 took 9.036s (0.003s in batching)
training loss:	0.592550
validation loss:	0.625178
validation error:	0.342671
2017-01-26 22:42:14,466 INFO     Wrote output to trainNN/out/v045-unified-16-gf17a658-dirty:simple-ff-ffv-adam-75-40-mintalklen-0-a/config.json
2017-01-26 22:42:26,654 INFO     Saving network params to trainNN/out/v045-unified-16-gf17a658-dirty:simple-ff-ffv-adam-75-40-mintalklen-0-a/epoch-023.pkl
2017-01-26 22:42:27,028 INFO     epoch: 23 took 12.563s (0.003s in batching)
training loss:	0.591862
validation loss:	0.619663
validation error:	0.341952
2017-01-26 22:42:27,029 INFO     Wrote output to trainNN/out/v045-unified-16-gf17a658-dirty:simple-ff-ffv-adam-75-40-mintalklen-0-a/config.json
2017-01-26 22:42:35,074 INFO     Saving network params to trainNN/out/v045-unified-16-gf17a658-dirty:simple-ff-ffv-adam-75-40-mintalklen-0-a/epoch-024.pkl
2017-01-26 22:42:35,449 INFO     epoch: 24 took 8.421s (0.003s in batching)
training loss:	0.591228
validation loss:	0.616836
validation error:	0.341301
2017-01-26 22:42:35,450 INFO     Wrote output to trainNN/out/v045-unified-16-gf17a658-dirty:simple-ff-ffv-adam-75-40-mintalklen-0-a/config.json
2017-01-26 22:42:43,909 INFO     Saving network params to trainNN/out/v045-unified-16-gf17a658-dirty:simple-ff-ffv-adam-75-40-mintalklen-0-a/epoch-025.pkl
2017-01-26 22:42:44,289 INFO     epoch: 25 took 8.840s (0.003s in batching)
training loss:	0.591066
validation loss:	0.615881
validation error:	0.341758
2017-01-26 22:42:44,290 INFO     Wrote output to trainNN/out/v045-unified-16-gf17a658-dirty:simple-ff-ffv-adam-75-40-mintalklen-0-a/config.json
2017-01-26 22:42:52,765 INFO     Saving network params to trainNN/out/v045-unified-16-gf17a658-dirty:simple-ff-ffv-adam-75-40-mintalklen-0-a/epoch-026.pkl
2017-01-26 22:42:53,136 INFO     epoch: 26 took 8.847s (0.003s in batching)
training loss:	0.590360
validation loss:	0.616668
validation error:	0.340941
2017-01-26 22:42:53,136 INFO     Wrote output to trainNN/out/v045-unified-16-gf17a658-dirty:simple-ff-ffv-adam-75-40-mintalklen-0-a/config.json
2017-01-26 22:43:01,370 INFO     Saving network params to trainNN/out/v045-unified-16-gf17a658-dirty:simple-ff-ffv-adam-75-40-mintalklen-0-a/epoch-027.pkl
2017-01-26 22:43:01,772 INFO     epoch: 27 took 8.636s (0.003s in batching)
training loss:	0.589862
validation loss:	0.616320
validation error:	0.341439
2017-01-26 22:43:01,772 INFO     Wrote output to trainNN/out/v045-unified-16-gf17a658-dirty:simple-ff-ffv-adam-75-40-mintalklen-0-a/config.json
2017-01-26 22:43:10,364 INFO     Saving network params to trainNN/out/v045-unified-16-gf17a658-dirty:simple-ff-ffv-adam-75-40-mintalklen-0-a/epoch-028.pkl
2017-01-26 22:43:10,762 INFO     epoch: 28 took 8.990s (0.003s in batching)
training loss:	0.589824
validation loss:	0.612638
validation error:	0.336761
2017-01-26 22:43:10,763 INFO     Wrote output to trainNN/out/v045-unified-16-gf17a658-dirty:simple-ff-ffv-adam-75-40-mintalklen-0-a/config.json
2017-01-26 22:43:19,455 INFO     Saving network params to trainNN/out/v045-unified-16-gf17a658-dirty:simple-ff-ffv-adam-75-40-mintalklen-0-a/epoch-029.pkl
2017-01-26 22:43:19,827 INFO     epoch: 29 took 9.065s (0.003s in batching)
training loss:	0.588977
validation loss:	0.613917
validation error:	0.337052
2017-01-26 22:43:19,828 INFO     Wrote output to trainNN/out/v045-unified-16-gf17a658-dirty:simple-ff-ffv-adam-75-40-mintalklen-0-a/config.json
2017-01-26 22:43:28,531 INFO     Saving network params to trainNN/out/v045-unified-16-gf17a658-dirty:simple-ff-ffv-adam-75-40-mintalklen-0-a/epoch-030.pkl
2017-01-26 22:43:28,907 INFO     epoch: 30 took 9.080s (0.004s in batching)
training loss:	0.588503
validation loss:	0.617857
validation error:	0.344138
2017-01-26 22:43:28,908 INFO     Wrote output to trainNN/out/v045-unified-16-gf17a658-dirty:simple-ff-ffv-adam-75-40-mintalklen-0-a/config.json
2017-01-26 22:43:37,683 INFO     Saving network params to trainNN/out/v045-unified-16-gf17a658-dirty:simple-ff-ffv-adam-75-40-mintalklen-0-a/epoch-031.pkl
2017-01-26 22:43:38,134 INFO     epoch: 31 took 9.227s (0.003s in batching)
training loss:	0.588663
validation loss:	0.614816
validation error:	0.342408
2017-01-26 22:43:38,136 INFO     Wrote output to trainNN/out/v045-unified-16-gf17a658-dirty:simple-ff-ffv-adam-75-40-mintalklen-0-a/config.json
2017-01-26 22:43:47,109 INFO     Saving network params to trainNN/out/v045-unified-16-gf17a658-dirty:simple-ff-ffv-adam-75-40-mintalklen-0-a/epoch-032.pkl
2017-01-26 22:43:47,482 INFO     epoch: 32 took 9.348s (0.004s in batching)
training loss:	0.587807
validation loss:	0.619177
validation error:	0.340415
2017-01-26 22:43:47,483 INFO     Wrote output to trainNN/out/v045-unified-16-gf17a658-dirty:simple-ff-ffv-adam-75-40-mintalklen-0-a/config.json
2017-01-26 22:43:55,536 INFO     Saving network params to trainNN/out/v045-unified-16-gf17a658-dirty:simple-ff-ffv-adam-75-40-mintalklen-0-a/epoch-033.pkl
2017-01-26 22:43:55,908 INFO     epoch: 33 took 8.426s (0.003s in batching)
training loss:	0.587747
validation loss:	0.619291
validation error:	0.341107
2017-01-26 22:43:55,909 INFO     Wrote output to trainNN/out/v045-unified-16-gf17a658-dirty:simple-ff-ffv-adam-75-40-mintalklen-0-a/config.json
2017-01-26 22:44:04,582 INFO     Saving network params to trainNN/out/v045-unified-16-gf17a658-dirty:simple-ff-ffv-adam-75-40-mintalklen-0-a/epoch-034.pkl
2017-01-26 22:44:05,033 INFO     epoch: 34 took 9.125s (0.004s in batching)
training loss:	0.587330
validation loss:	0.618215
validation error:	0.342796
2017-01-26 22:44:05,035 INFO     Wrote output to trainNN/out/v045-unified-16-gf17a658-dirty:simple-ff-ffv-adam-75-40-mintalklen-0-a/config.json
2017-01-26 22:44:14,075 INFO     Saving network params to trainNN/out/v045-unified-16-gf17a658-dirty:simple-ff-ffv-adam-75-40-mintalklen-0-a/epoch-035.pkl
2017-01-26 22:44:14,480 INFO     epoch: 35 took 9.447s (0.005s in batching)
training loss:	0.586959
validation loss:	0.619582
validation error:	0.344692
2017-01-26 22:44:14,481 INFO     Wrote output to trainNN/out/v045-unified-16-gf17a658-dirty:simple-ff-ffv-adam-75-40-mintalklen-0-a/config.json
2017-01-26 22:44:22,525 INFO     Saving network params to trainNN/out/v045-unified-16-gf17a658-dirty:simple-ff-ffv-adam-75-40-mintalklen-0-a/epoch-036.pkl
2017-01-26 22:44:22,906 INFO     epoch: 36 took 8.426s (0.003s in batching)
training loss:	0.586158
validation loss:	0.617932
validation error:	0.340581
2017-01-26 22:44:22,907 INFO     Wrote output to trainNN/out/v045-unified-16-gf17a658-dirty:simple-ff-ffv-adam-75-40-mintalklen-0-a/config.json
2017-01-26 22:44:31,491 INFO     Saving network params to trainNN/out/v045-unified-16-gf17a658-dirty:simple-ff-ffv-adam-75-40-mintalklen-0-a/epoch-037.pkl
2017-01-26 22:44:31,936 INFO     epoch: 37 took 9.030s (0.003s in batching)
training loss:	0.586191
validation loss:	0.618135
validation error:	0.340318
2017-01-26 22:44:31,938 INFO     Wrote output to trainNN/out/v045-unified-16-gf17a658-dirty:simple-ff-ffv-adam-75-40-mintalklen-0-a/config.json
2017-01-26 22:44:40,905 INFO     Saving network params to trainNN/out/v045-unified-16-gf17a658-dirty:simple-ff-ffv-adam-75-40-mintalklen-0-a/epoch-038.pkl
2017-01-26 22:44:41,331 INFO     epoch: 38 took 9.395s (0.005s in batching)
training loss:	0.585938
validation loss:	0.619785
validation error:	0.343820
2017-01-26 22:44:41,332 INFO     Wrote output to trainNN/out/v045-unified-16-gf17a658-dirty:simple-ff-ffv-adam-75-40-mintalklen-0-a/config.json
2017-01-26 22:44:49,706 INFO     Saving network params to trainNN/out/v045-unified-16-gf17a658-dirty:simple-ff-ffv-adam-75-40-mintalklen-0-a/epoch-039.pkl
2017-01-26 22:44:50,093 INFO     epoch: 39 took 8.762s (0.005s in batching)
training loss:	0.585532
validation loss:	0.616986
validation error:	0.337232
2017-01-26 22:44:50,094 INFO     Wrote output to trainNN/out/v045-unified-16-gf17a658-dirty:simple-ff-ffv-adam-75-40-mintalklen-0-a/config.json
2017-01-26 22:44:58,459 INFO     Saving network params to trainNN/out/v045-unified-16-gf17a658-dirty:simple-ff-ffv-adam-75-40-mintalklen-0-a/epoch-040.pkl
2017-01-26 22:44:58,847 INFO     epoch: 40 took 8.754s (0.004s in batching)
training loss:	0.585354
validation loss:	0.616514
validation error:	0.336913
2017-01-26 22:44:58,848 INFO     Wrote output to trainNN/out/v045-unified-16-gf17a658-dirty:simple-ff-ffv-adam-75-40-mintalklen-0-a/config.json
2017-01-26 22:45:07,168 INFO     Saving network params to trainNN/out/v045-unified-16-gf17a658-dirty:simple-ff-ffv-adam-75-40-mintalklen-0-a/epoch-041.pkl
2017-01-26 22:45:07,562 INFO     epoch: 41 took 8.715s (0.004s in batching)
training loss:	0.585130
validation loss:	0.617970
validation error:	0.340623
2017-01-26 22:45:07,563 INFO     Wrote output to trainNN/out/v045-unified-16-gf17a658-dirty:simple-ff-ffv-adam-75-40-mintalklen-0-a/config.json
2017-01-26 22:45:15,748 INFO     Saving network params to trainNN/out/v045-unified-16-gf17a658-dirty:simple-ff-ffv-adam-75-40-mintalklen-0-a/epoch-042.pkl
2017-01-26 22:45:16,151 INFO     epoch: 42 took 8.589s (0.003s in batching)
training loss:	0.584792
validation loss:	0.617804
validation error:	0.337979
2017-01-26 22:45:16,152 INFO     Wrote output to trainNN/out/v045-unified-16-gf17a658-dirty:simple-ff-ffv-adam-75-40-mintalklen-0-a/config.json
2017-01-26 22:45:24,701 INFO     Saving network params to trainNN/out/v045-unified-16-gf17a658-dirty:simple-ff-ffv-adam-75-40-mintalklen-0-a/epoch-043.pkl
2017-01-26 22:45:25,239 INFO     epoch: 43 took 9.088s (0.004s in batching)
training loss:	0.584744
validation loss:	0.615022
validation error:	0.335474
2017-01-26 22:45:25,240 INFO     Wrote output to trainNN/out/v045-unified-16-gf17a658-dirty:simple-ff-ffv-adam-75-40-mintalklen-0-a/config.json
2017-01-26 22:45:36,717 INFO     Saving network params to trainNN/out/v045-unified-16-gf17a658-dirty:simple-ff-ffv-adam-75-40-mintalklen-0-a/epoch-044.pkl
2017-01-26 22:45:37,258 INFO     epoch: 44 took 12.019s (0.003s in batching)
training loss:	0.584259
validation loss:	0.617268
validation error:	0.338893
2017-01-26 22:45:37,260 INFO     Wrote output to trainNN/out/v045-unified-16-gf17a658-dirty:simple-ff-ffv-adam-75-40-mintalklen-0-a/config.json
2017-01-26 22:45:48,667 INFO     Saving network params to trainNN/out/v045-unified-16-gf17a658-dirty:simple-ff-ffv-adam-75-40-mintalklen-0-a/epoch-045.pkl
2017-01-26 22:45:49,153 INFO     epoch: 45 took 11.895s (0.004s in batching)
training loss:	0.584087
validation loss:	0.615690
validation error:	0.337952
2017-01-26 22:45:49,154 INFO     Wrote output to trainNN/out/v045-unified-16-gf17a658-dirty:simple-ff-ffv-adam-75-40-mintalklen-0-a/config.json
2017-01-26 22:46:00,817 INFO     Saving network params to trainNN/out/v045-unified-16-gf17a658-dirty:simple-ff-ffv-adam-75-40-mintalklen-0-a/epoch-046.pkl
2017-01-26 22:46:01,292 INFO     epoch: 46 took 12.139s (0.003s in batching)
training loss:	0.583763
validation loss:	0.619664
validation error:	0.341287
2017-01-26 22:46:01,293 INFO     Wrote output to trainNN/out/v045-unified-16-gf17a658-dirty:simple-ff-ffv-adam-75-40-mintalklen-0-a/config.json
2017-01-26 22:46:12,875 INFO     Saving network params to trainNN/out/v045-unified-16-gf17a658-dirty:simple-ff-ffv-adam-75-40-mintalklen-0-a/epoch-047.pkl
2017-01-26 22:46:13,379 INFO     epoch: 47 took 12.086s (0.003s in batching)
training loss:	0.583797
validation loss:	0.624622
validation error:	0.344609
2017-01-26 22:46:13,380 INFO     Wrote output to trainNN/out/v045-unified-16-gf17a658-dirty:simple-ff-ffv-adam-75-40-mintalklen-0-a/config.json
2017-01-26 22:46:24,931 INFO     Saving network params to trainNN/out/v045-unified-16-gf17a658-dirty:simple-ff-ffv-adam-75-40-mintalklen-0-a/epoch-048.pkl
2017-01-26 22:46:25,422 INFO     epoch: 48 took 12.044s (0.004s in batching)
training loss:	0.583374
validation loss:	0.617233
validation error:	0.336360
2017-01-26 22:46:25,423 INFO     Wrote output to trainNN/out/v045-unified-16-gf17a658-dirty:simple-ff-ffv-adam-75-40-mintalklen-0-a/config.json
2017-01-26 22:46:37,085 INFO     Saving network params to trainNN/out/v045-unified-16-gf17a658-dirty:simple-ff-ffv-adam-75-40-mintalklen-0-a/epoch-049.pkl
2017-01-26 22:46:37,597 INFO     epoch: 49 took 12.175s (0.005s in batching)
training loss:	0.583460
validation loss:	0.616704
validation error:	0.339266
2017-01-26 22:46:37,598 INFO     Wrote output to trainNN/out/v045-unified-16-gf17a658-dirty:simple-ff-ffv-adam-75-40-mintalklen-0-a/config.json
2017-01-26 22:46:49,085 INFO     Saving network params to trainNN/out/v045-unified-16-gf17a658-dirty:simple-ff-ffv-adam-75-40-mintalklen-0-a/epoch-050.pkl
2017-01-26 22:46:49,589 INFO     epoch: 50 took 11.992s (0.004s in batching)
training loss:	0.583296
validation loss:	0.620190
validation error:	0.339349
2017-01-26 22:46:49,590 INFO     Wrote output to trainNN/out/v045-unified-16-gf17a658-dirty:simple-ff-ffv-adam-75-40-mintalklen-0-a/config.json
2017-01-26 22:47:01,003 INFO     Saving network params to trainNN/out/v045-unified-16-gf17a658-dirty:simple-ff-ffv-adam-75-40-mintalklen-0-a/epoch-051.pkl
2017-01-26 22:47:01,516 INFO     epoch: 51 took 11.927s (0.004s in batching)
training loss:	0.582969
validation loss:	0.615273
validation error:	0.334353
2017-01-26 22:47:01,517 INFO     Wrote output to trainNN/out/v045-unified-16-gf17a658-dirty:simple-ff-ffv-adam-75-40-mintalklen-0-a/config.json
2017-01-26 22:47:13,156 INFO     Saving network params to trainNN/out/v045-unified-16-gf17a658-dirty:simple-ff-ffv-adam-75-40-mintalklen-0-a/epoch-052.pkl
2017-01-26 22:47:13,633 INFO     epoch: 52 took 12.117s (0.003s in batching)
training loss:	0.582919
validation loss:	0.621678
validation error:	0.344913
2017-01-26 22:47:13,635 INFO     Wrote output to trainNN/out/v045-unified-16-gf17a658-dirty:simple-ff-ffv-adam-75-40-mintalklen-0-a/config.json
2017-01-26 22:47:25,205 INFO     Saving network params to trainNN/out/v045-unified-16-gf17a658-dirty:simple-ff-ffv-adam-75-40-mintalklen-0-a/epoch-053.pkl
2017-01-26 22:47:25,676 INFO     epoch: 53 took 12.043s (0.003s in batching)
training loss:	0.582385
validation loss:	0.620131
validation error:	0.337592
2017-01-26 22:47:25,677 INFO     Wrote output to trainNN/out/v045-unified-16-gf17a658-dirty:simple-ff-ffv-adam-75-40-mintalklen-0-a/config.json
2017-01-26 22:47:37,062 INFO     Saving network params to trainNN/out/v045-unified-16-gf17a658-dirty:simple-ff-ffv-adam-75-40-mintalklen-0-a/epoch-054.pkl
2017-01-26 22:47:37,537 INFO     epoch: 54 took 11.861s (0.003s in batching)
training loss:	0.582502
validation loss:	0.615376
validation error:	0.334851
2017-01-26 22:47:37,538 INFO     Wrote output to trainNN/out/v045-unified-16-gf17a658-dirty:simple-ff-ffv-adam-75-40-mintalklen-0-a/config.json
2017-01-26 22:47:49,133 INFO     Saving network params to trainNN/out/v045-unified-16-gf17a658-dirty:simple-ff-ffv-adam-75-40-mintalklen-0-a/epoch-055.pkl
2017-01-26 22:47:49,657 INFO     epoch: 55 took 12.120s (0.003s in batching)
training loss:	0.582235
validation loss:	0.616077
validation error:	0.337882
2017-01-26 22:47:49,659 INFO     Wrote output to trainNN/out/v045-unified-16-gf17a658-dirty:simple-ff-ffv-adam-75-40-mintalklen-0-a/config.json
2017-01-26 22:48:01,193 INFO     Saving network params to trainNN/out/v045-unified-16-gf17a658-dirty:simple-ff-ffv-adam-75-40-mintalklen-0-a/epoch-056.pkl
2017-01-26 22:48:01,676 INFO     epoch: 56 took 12.019s (0.003s in batching)
training loss:	0.581962
validation loss:	0.619436
validation error:	0.339640
2017-01-26 22:48:01,678 INFO     Wrote output to trainNN/out/v045-unified-16-gf17a658-dirty:simple-ff-ffv-adam-75-40-mintalklen-0-a/config.json
2017-01-26 22:48:13,102 INFO     Saving network params to trainNN/out/v045-unified-16-gf17a658-dirty:simple-ff-ffv-adam-75-40-mintalklen-0-a/epoch-057.pkl
2017-01-26 22:48:13,583 INFO     epoch: 57 took 11.907s (0.004s in batching)
training loss:	0.582015
validation loss:	0.618850
validation error:	0.343585
2017-01-26 22:48:13,584 INFO     Wrote output to trainNN/out/v045-unified-16-gf17a658-dirty:simple-ff-ffv-adam-75-40-mintalklen-0-a/config.json
2017-01-26 22:48:25,175 INFO     Saving network params to trainNN/out/v045-unified-16-gf17a658-dirty:simple-ff-ffv-adam-75-40-mintalklen-0-a/epoch-058.pkl
2017-01-26 22:48:25,646 INFO     epoch: 58 took 12.063s (0.003s in batching)
training loss:	0.581951
validation loss:	0.624295
validation error:	0.340083
2017-01-26 22:48:25,647 INFO     Wrote output to trainNN/out/v045-unified-16-gf17a658-dirty:simple-ff-ffv-adam-75-40-mintalklen-0-a/config.json
2017-01-26 22:48:37,249 INFO     Saving network params to trainNN/out/v045-unified-16-gf17a658-dirty:simple-ff-ffv-adam-75-40-mintalklen-0-a/epoch-059.pkl
2017-01-26 22:48:37,733 INFO     epoch: 59 took 12.088s (0.003s in batching)
training loss:	0.581666
validation loss:	0.619762
validation error:	0.333550
2017-01-26 22:48:37,735 INFO     Wrote output to trainNN/out/v045-unified-16-gf17a658-dirty:simple-ff-ffv-adam-75-40-mintalklen-0-a/config.json
2017-01-26 22:48:49,147 INFO     Saving network params to trainNN/out/v045-unified-16-gf17a658-dirty:simple-ff-ffv-adam-75-40-mintalklen-0-a/epoch-060.pkl
2017-01-26 22:48:49,651 INFO     epoch: 60 took 11.918s (0.003s in batching)
training loss:	0.581397
validation loss:	0.616793
validation error:	0.334187
2017-01-26 22:48:49,652 INFO     Wrote output to trainNN/out/v045-unified-16-gf17a658-dirty:simple-ff-ffv-adam-75-40-mintalklen-0-a/config.json
2017-01-26 22:49:01,266 INFO     Saving network params to trainNN/out/v045-unified-16-gf17a658-dirty:simple-ff-ffv-adam-75-40-mintalklen-0-a/epoch-061.pkl
2017-01-26 22:49:01,747 INFO     epoch: 61 took 12.096s (0.003s in batching)
training loss:	0.581148
validation loss:	0.616805
validation error:	0.337232
2017-01-26 22:49:01,749 INFO     Wrote output to trainNN/out/v045-unified-16-gf17a658-dirty:simple-ff-ffv-adam-75-40-mintalklen-0-a/config.json
2017-01-26 22:49:13,222 INFO     Saving network params to trainNN/out/v045-unified-16-gf17a658-dirty:simple-ff-ffv-adam-75-40-mintalklen-0-a/epoch-062.pkl
2017-01-26 22:49:13,687 INFO     epoch: 62 took 11.939s (0.003s in batching)
training loss:	0.581080
validation loss:	0.618935
validation error:	0.337647
2017-01-26 22:49:13,688 INFO     Wrote output to trainNN/out/v045-unified-16-gf17a658-dirty:simple-ff-ffv-adam-75-40-mintalklen-0-a/config.json
2017-01-26 22:49:25,041 INFO     Saving network params to trainNN/out/v045-unified-16-gf17a658-dirty:simple-ff-ffv-adam-75-40-mintalklen-0-a/epoch-063.pkl
2017-01-26 22:49:25,529 INFO     epoch: 63 took 11.842s (0.003s in batching)
training loss:	0.580744
validation loss:	0.619280
validation error:	0.337730
2017-01-26 22:49:25,530 INFO     Wrote output to trainNN/out/v045-unified-16-gf17a658-dirty:simple-ff-ffv-adam-75-40-mintalklen-0-a/config.json
2017-01-26 22:49:37,147 INFO     Saving network params to trainNN/out/v045-unified-16-gf17a658-dirty:simple-ff-ffv-adam-75-40-mintalklen-0-a/epoch-064.pkl
2017-01-26 22:49:37,690 INFO     epoch: 64 took 12.160s (0.003s in batching)
training loss:	0.580923
validation loss:	0.615257
validation error:	0.336138
2017-01-26 22:49:37,692 INFO     Wrote output to trainNN/out/v045-unified-16-gf17a658-dirty:simple-ff-ffv-adam-75-40-mintalklen-0-a/config.json
2017-01-26 22:49:49,628 INFO     Saving network params to trainNN/out/v045-unified-16-gf17a658-dirty:simple-ff-ffv-adam-75-40-mintalklen-0-a/epoch-065.pkl
2017-01-26 22:49:50,116 INFO     epoch: 65 took 12.426s (0.004s in batching)
training loss:	0.580440
validation loss:	0.618573
validation error:	0.336720
2017-01-26 22:49:50,117 INFO     Wrote output to trainNN/out/v045-unified-16-gf17a658-dirty:simple-ff-ffv-adam-75-40-mintalklen-0-a/config.json
2017-01-26 22:50:01,610 INFO     Saving network params to trainNN/out/v045-unified-16-gf17a658-dirty:simple-ff-ffv-adam-75-40-mintalklen-0-a/epoch-066.pkl
2017-01-26 22:50:02,144 INFO     epoch: 66 took 12.028s (0.003s in batching)
training loss:	0.580813
validation loss:	0.615301
validation error:	0.336360
2017-01-26 22:50:02,145 INFO     Wrote output to trainNN/out/v045-unified-16-gf17a658-dirty:simple-ff-ffv-adam-75-40-mintalklen-0-a/config.json
2017-01-26 22:50:13,834 INFO     Saving network params to trainNN/out/v045-unified-16-gf17a658-dirty:simple-ff-ffv-adam-75-40-mintalklen-0-a/epoch-067.pkl
2017-01-26 22:50:14,306 INFO     epoch: 67 took 12.162s (0.003s in batching)
training loss:	0.580402
validation loss:	0.618259
validation error:	0.340637
2017-01-26 22:50:14,307 INFO     Wrote output to trainNN/out/v045-unified-16-gf17a658-dirty:simple-ff-ffv-adam-75-40-mintalklen-0-a/config.json
2017-01-26 22:50:25,909 INFO     Saving network params to trainNN/out/v045-unified-16-gf17a658-dirty:simple-ff-ffv-adam-75-40-mintalklen-0-a/epoch-068.pkl
2017-01-26 22:50:26,412 INFO     epoch: 68 took 12.105s (0.003s in batching)
training loss:	0.580428
validation loss:	0.619306
validation error:	0.337606
2017-01-26 22:50:26,414 INFO     Wrote output to trainNN/out/v045-unified-16-gf17a658-dirty:simple-ff-ffv-adam-75-40-mintalklen-0-a/config.json
2017-01-26 22:50:37,896 INFO     Saving network params to trainNN/out/v045-unified-16-gf17a658-dirty:simple-ff-ffv-adam-75-40-mintalklen-0-a/epoch-069.pkl
2017-01-26 22:50:38,396 INFO     epoch: 69 took 11.985s (0.004s in batching)
training loss:	0.580084
validation loss:	0.621610
validation error:	0.338422
2017-01-26 22:50:38,399 INFO     Wrote output to trainNN/out/v045-unified-16-gf17a658-dirty:simple-ff-ffv-adam-75-40-mintalklen-0-a/config.json
2017-01-26 22:50:50,110 INFO     Saving network params to trainNN/out/v045-unified-16-gf17a658-dirty:simple-ff-ffv-adam-75-40-mintalklen-0-a/epoch-070.pkl
2017-01-26 22:50:50,620 INFO     epoch: 70 took 12.223s (0.004s in batching)
training loss:	0.579985
validation loss:	0.619516
validation error:	0.338491
2017-01-26 22:50:50,621 INFO     Wrote output to trainNN/out/v045-unified-16-gf17a658-dirty:simple-ff-ffv-adam-75-40-mintalklen-0-a/config.json
2017-01-26 22:51:02,203 INFO     Saving network params to trainNN/out/v045-unified-16-gf17a658-dirty:simple-ff-ffv-adam-75-40-mintalklen-0-a/epoch-071.pkl
2017-01-26 22:51:02,679 INFO     epoch: 71 took 12.060s (0.003s in batching)
training loss:	0.579993
validation loss:	0.620195
validation error:	0.336069
2017-01-26 22:51:02,681 INFO     Wrote output to trainNN/out/v045-unified-16-gf17a658-dirty:simple-ff-ffv-adam-75-40-mintalklen-0-a/config.json
2017-01-26 22:51:14,150 INFO     Saving network params to trainNN/out/v045-unified-16-gf17a658-dirty:simple-ff-ffv-adam-75-40-mintalklen-0-a/epoch-072.pkl
2017-01-26 22:51:14,635 INFO     epoch: 72 took 11.956s (0.003s in batching)
training loss:	0.579875
validation loss:	0.619326
validation error:	0.335100
2017-01-26 22:51:14,637 INFO     Wrote output to trainNN/out/v045-unified-16-gf17a658-dirty:simple-ff-ffv-adam-75-40-mintalklen-0-a/config.json
2017-01-26 22:51:26,249 INFO     Saving network params to trainNN/out/v045-unified-16-gf17a658-dirty:simple-ff-ffv-adam-75-40-mintalklen-0-a/epoch-073.pkl
2017-01-26 22:51:26,732 INFO     epoch: 73 took 12.097s (0.004s in batching)
training loss:	0.579319
validation loss:	0.617409
validation error:	0.336484
2017-01-26 22:51:26,734 INFO     Wrote output to trainNN/out/v045-unified-16-gf17a658-dirty:simple-ff-ffv-adam-75-40-mintalklen-0-a/config.json
2017-01-26 22:51:38,330 INFO     Saving network params to trainNN/out/v045-unified-16-gf17a658-dirty:simple-ff-ffv-adam-75-40-mintalklen-0-a/epoch-074.pkl
2017-01-26 22:51:38,843 INFO     epoch: 74 took 12.111s (0.003s in batching)
training loss:	0.579381
validation loss:	0.618144
validation error:	0.335349
2017-01-26 22:51:38,844 INFO     Wrote output to trainNN/out/v045-unified-16-gf17a658-dirty:simple-ff-ffv-adam-75-40-mintalklen-0-a/config.json
2017-01-26 22:51:50,391 INFO     Saving network params to trainNN/out/v045-unified-16-gf17a658-dirty:simple-ff-ffv-adam-75-40-mintalklen-0-a/epoch-075.pkl
2017-01-26 22:51:50,880 INFO     epoch: 75 took 12.037s (0.003s in batching)
training loss:	0.579531
validation loss:	0.618767
validation error:	0.336775
2017-01-26 22:51:50,881 INFO     Wrote output to trainNN/out/v045-unified-16-gf17a658-dirty:simple-ff-ffv-adam-75-40-mintalklen-0-a/config.json
2017-01-26 22:52:02,468 INFO     Saving network params to trainNN/out/v045-unified-16-gf17a658-dirty:simple-ff-ffv-adam-75-40-mintalklen-0-a/epoch-076.pkl
2017-01-26 22:52:02,963 INFO     epoch: 76 took 12.084s (0.003s in batching)
training loss:	0.579306
validation loss:	0.624344
validation error:	0.342865
2017-01-26 22:52:02,965 INFO     Wrote output to trainNN/out/v045-unified-16-gf17a658-dirty:simple-ff-ffv-adam-75-40-mintalklen-0-a/config.json
2017-01-26 22:52:14,528 INFO     Saving network params to trainNN/out/v045-unified-16-gf17a658-dirty:simple-ff-ffv-adam-75-40-mintalklen-0-a/epoch-077.pkl
2017-01-26 22:52:15,003 INFO     epoch: 77 took 12.039s (0.004s in batching)
training loss:	0.579206
validation loss:	0.622383
validation error:	0.340997
2017-01-26 22:52:15,004 INFO     Wrote output to trainNN/out/v045-unified-16-gf17a658-dirty:simple-ff-ffv-adam-75-40-mintalklen-0-a/config.json
2017-01-26 22:52:26,369 INFO     Saving network params to trainNN/out/v045-unified-16-gf17a658-dirty:simple-ff-ffv-adam-75-40-mintalklen-0-a/epoch-078.pkl
2017-01-26 22:52:26,867 INFO     epoch: 78 took 11.864s (0.004s in batching)
training loss:	0.579176
validation loss:	0.618845
validation error:	0.335253
2017-01-26 22:52:26,868 INFO     Wrote output to trainNN/out/v045-unified-16-gf17a658-dirty:simple-ff-ffv-adam-75-40-mintalklen-0-a/config.json
2017-01-26 22:52:38,473 INFO     Saving network params to trainNN/out/v045-unified-16-gf17a658-dirty:simple-ff-ffv-adam-75-40-mintalklen-0-a/epoch-079.pkl
2017-01-26 22:52:38,956 INFO     epoch: 79 took 12.089s (0.004s in batching)
training loss:	0.578958
validation loss:	0.622959
validation error:	0.338325
2017-01-26 22:52:38,957 INFO     Wrote output to trainNN/out/v045-unified-16-gf17a658-dirty:simple-ff-ffv-adam-75-40-mintalklen-0-a/config.json
2017-01-26 22:52:50,517 INFO     Saving network params to trainNN/out/v045-unified-16-gf17a658-dirty:simple-ff-ffv-adam-75-40-mintalklen-0-a/epoch-080.pkl
2017-01-26 22:52:50,989 INFO     epoch: 80 took 12.033s (0.003s in batching)
training loss:	0.578857
validation loss:	0.618896
validation error:	0.338464
2017-01-26 22:52:50,990 INFO     Wrote output to trainNN/out/v045-unified-16-gf17a658-dirty:simple-ff-ffv-adam-75-40-mintalklen-0-a/config.json
2017-01-26 22:53:02,289 INFO     Saving network params to trainNN/out/v045-unified-16-gf17a658-dirty:simple-ff-ffv-adam-75-40-mintalklen-0-a/epoch-081.pkl
2017-01-26 22:53:02,768 INFO     epoch: 81 took 11.780s (0.003s in batching)
training loss:	0.578602
validation loss:	0.618381
validation error:	0.337066
2017-01-26 22:53:02,770 INFO     Wrote output to trainNN/out/v045-unified-16-gf17a658-dirty:simple-ff-ffv-adam-75-40-mintalklen-0-a/config.json
2017-01-26 22:53:14,331 INFO     Saving network params to trainNN/out/v045-unified-16-gf17a658-dirty:simple-ff-ffv-adam-75-40-mintalklen-0-a/epoch-082.pkl
2017-01-26 22:53:14,848 INFO     epoch: 82 took 12.080s (0.003s in batching)
training loss:	0.578733
validation loss:	0.621025
validation error:	0.344761
2017-01-26 22:53:14,851 INFO     Wrote output to trainNN/out/v045-unified-16-gf17a658-dirty:simple-ff-ffv-adam-75-40-mintalklen-0-a/config.json
2017-01-26 22:53:26,752 INFO     Saving network params to trainNN/out/v045-unified-16-gf17a658-dirty:simple-ff-ffv-adam-75-40-mintalklen-0-a/epoch-083.pkl
2017-01-26 22:53:27,235 INFO     epoch: 83 took 12.386s (0.005s in batching)
training loss:	0.578512
validation loss:	0.618655
validation error:	0.337965
2017-01-26 22:53:27,237 INFO     Wrote output to trainNN/out/v045-unified-16-gf17a658-dirty:simple-ff-ffv-adam-75-40-mintalklen-0-a/config.json
2017-01-26 22:53:38,659 INFO     Saving network params to trainNN/out/v045-unified-16-gf17a658-dirty:simple-ff-ffv-adam-75-40-mintalklen-0-a/epoch-084.pkl
2017-01-26 22:53:39,174 INFO     epoch: 84 took 11.940s (0.004s in batching)
training loss:	0.578383
validation loss:	0.615641
validation error:	0.336720
2017-01-26 22:53:39,176 INFO     Wrote output to trainNN/out/v045-unified-16-gf17a658-dirty:simple-ff-ffv-adam-75-40-mintalklen-0-a/config.json
2017-01-26 22:53:50,791 INFO     Saving network params to trainNN/out/v045-unified-16-gf17a658-dirty:simple-ff-ffv-adam-75-40-mintalklen-0-a/epoch-085.pkl
2017-01-26 22:53:51,279 INFO     epoch: 85 took 12.104s (0.003s in batching)
training loss:	0.578441
validation loss:	0.621521
validation error:	0.337301
2017-01-26 22:53:51,280 INFO     Wrote output to trainNN/out/v045-unified-16-gf17a658-dirty:simple-ff-ffv-adam-75-40-mintalklen-0-a/config.json
2017-01-26 22:54:02,897 INFO     Saving network params to trainNN/out/v045-unified-16-gf17a658-dirty:simple-ff-ffv-adam-75-40-mintalklen-0-a/epoch-086.pkl
2017-01-26 22:54:03,389 INFO     epoch: 86 took 12.110s (0.003s in batching)
training loss:	0.577919
validation loss:	0.619981
validation error:	0.340304
2017-01-26 22:54:03,392 INFO     Wrote output to trainNN/out/v045-unified-16-gf17a658-dirty:simple-ff-ffv-adam-75-40-mintalklen-0-a/config.json
2017-01-26 22:54:14,778 INFO     Saving network params to trainNN/out/v045-unified-16-gf17a658-dirty:simple-ff-ffv-adam-75-40-mintalklen-0-a/epoch-087.pkl
2017-01-26 22:54:15,268 INFO     epoch: 87 took 11.879s (0.005s in batching)
training loss:	0.578171
validation loss:	0.620505
validation error:	0.338796
2017-01-26 22:54:15,270 INFO     Wrote output to trainNN/out/v045-unified-16-gf17a658-dirty:simple-ff-ffv-adam-75-40-mintalklen-0-a/config.json
2017-01-26 22:54:26,811 INFO     Saving network params to trainNN/out/v045-unified-16-gf17a658-dirty:simple-ff-ffv-adam-75-40-mintalklen-0-a/epoch-088.pkl
2017-01-26 22:54:27,288 INFO     epoch: 88 took 12.021s (0.004s in batching)
training loss:	0.578244
validation loss:	0.621285
validation error:	0.339557
2017-01-26 22:54:27,290 INFO     Wrote output to trainNN/out/v045-unified-16-gf17a658-dirty:simple-ff-ffv-adam-75-40-mintalklen-0-a/config.json
2017-01-26 22:54:38,749 INFO     Saving network params to trainNN/out/v045-unified-16-gf17a658-dirty:simple-ff-ffv-adam-75-40-mintalklen-0-a/epoch-089.pkl
2017-01-26 22:54:39,272 INFO     epoch: 89 took 11.984s (0.003s in batching)
training loss:	0.577856
validation loss:	0.620385
validation error:	0.339834
2017-01-26 22:54:39,274 INFO     Wrote output to trainNN/out/v045-unified-16-gf17a658-dirty:simple-ff-ffv-adam-75-40-mintalklen-0-a/config.json
2017-01-26 22:54:50,710 INFO     Saving network params to trainNN/out/v045-unified-16-gf17a658-dirty:simple-ff-ffv-adam-75-40-mintalklen-0-a/epoch-090.pkl
2017-01-26 22:54:51,193 INFO     epoch: 90 took 11.921s (0.003s in batching)
training loss:	0.578088
validation loss:	0.620483
validation error:	0.336706
2017-01-26 22:54:51,196 INFO     Wrote output to trainNN/out/v045-unified-16-gf17a658-dirty:simple-ff-ffv-adam-75-40-mintalklen-0-a/config.json
2017-01-26 22:55:02,795 INFO     Saving network params to trainNN/out/v045-unified-16-gf17a658-dirty:simple-ff-ffv-adam-75-40-mintalklen-0-a/epoch-091.pkl
2017-01-26 22:55:03,302 INFO     epoch: 91 took 12.109s (0.004s in batching)
training loss:	0.578009
validation loss:	0.617984
validation error:	0.338740
2017-01-26 22:55:03,304 INFO     Wrote output to trainNN/out/v045-unified-16-gf17a658-dirty:simple-ff-ffv-adam-75-40-mintalklen-0-a/config.json
2017-01-26 22:55:14,766 INFO     Saving network params to trainNN/out/v045-unified-16-gf17a658-dirty:simple-ff-ffv-adam-75-40-mintalklen-0-a/epoch-092.pkl
2017-01-26 22:55:15,239 INFO     epoch: 92 took 11.938s (0.004s in batching)
training loss:	0.577778
validation loss:	0.621826
validation error:	0.339612
2017-01-26 22:55:15,241 INFO     Wrote output to trainNN/out/v045-unified-16-gf17a658-dirty:simple-ff-ffv-adam-75-40-mintalklen-0-a/config.json
2017-01-26 22:55:26,618 INFO     Saving network params to trainNN/out/v045-unified-16-gf17a658-dirty:simple-ff-ffv-adam-75-40-mintalklen-0-a/epoch-093.pkl
2017-01-26 22:55:27,112 INFO     epoch: 93 took 11.872s (0.003s in batching)
training loss:	0.577765
validation loss:	0.619418
validation error:	0.338699
2017-01-26 22:55:27,114 INFO     Wrote output to trainNN/out/v045-unified-16-gf17a658-dirty:simple-ff-ffv-adam-75-40-mintalklen-0-a/config.json
2017-01-26 22:55:38,822 INFO     Saving network params to trainNN/out/v045-unified-16-gf17a658-dirty:simple-ff-ffv-adam-75-40-mintalklen-0-a/epoch-094.pkl
2017-01-26 22:55:39,327 INFO     epoch: 94 took 12.215s (0.003s in batching)
training loss:	0.577653
validation loss:	0.621197
validation error:	0.337675
2017-01-26 22:55:39,329 INFO     Wrote output to trainNN/out/v045-unified-16-gf17a658-dirty:simple-ff-ffv-adam-75-40-mintalklen-0-a/config.json
2017-01-26 22:55:50,897 INFO     Saving network params to trainNN/out/v045-unified-16-gf17a658-dirty:simple-ff-ffv-adam-75-40-mintalklen-0-a/epoch-095.pkl
2017-01-26 22:55:51,391 INFO     epoch: 95 took 12.064s (0.004s in batching)
training loss:	0.577546
validation loss:	0.621143
validation error:	0.337024
2017-01-26 22:55:51,393 INFO     Wrote output to trainNN/out/v045-unified-16-gf17a658-dirty:simple-ff-ffv-adam-75-40-mintalklen-0-a/config.json
2017-01-26 22:56:02,682 INFO     Saving network params to trainNN/out/v045-unified-16-gf17a658-dirty:simple-ff-ffv-adam-75-40-mintalklen-0-a/epoch-096.pkl
2017-01-26 22:56:03,162 INFO     epoch: 96 took 11.770s (0.003s in batching)
training loss:	0.577015
validation loss:	0.624227
validation error:	0.337232
2017-01-26 22:56:03,163 INFO     Wrote output to trainNN/out/v045-unified-16-gf17a658-dirty:simple-ff-ffv-adam-75-40-mintalklen-0-a/config.json
2017-01-26 22:56:14,658 INFO     Saving network params to trainNN/out/v045-unified-16-gf17a658-dirty:simple-ff-ffv-adam-75-40-mintalklen-0-a/epoch-097.pkl
2017-01-26 22:56:15,143 INFO     epoch: 97 took 11.981s (0.003s in batching)
training loss:	0.577355
validation loss:	0.622330
validation error:	0.337702
2017-01-26 22:56:15,145 INFO     Wrote output to trainNN/out/v045-unified-16-gf17a658-dirty:simple-ff-ffv-adam-75-40-mintalklen-0-a/config.json
2017-01-26 22:56:26,668 INFO     Saving network params to trainNN/out/v045-unified-16-gf17a658-dirty:simple-ff-ffv-adam-75-40-mintalklen-0-a/epoch-098.pkl
2017-01-26 22:56:27,157 INFO     epoch: 98 took 12.015s (0.004s in batching)
training loss:	0.577355
validation loss:	0.621174
validation error:	0.339280
2017-01-26 22:56:27,160 INFO     Wrote output to trainNN/out/v045-unified-16-gf17a658-dirty:simple-ff-ffv-adam-75-40-mintalklen-0-a/config.json
2017-01-26 22:56:38,485 INFO     Saving network params to trainNN/out/v045-unified-16-gf17a658-dirty:simple-ff-ffv-adam-75-40-mintalklen-0-a/epoch-099.pkl
2017-01-26 22:56:38,973 INFO     epoch: 99 took 11.815s (0.004s in batching)
training loss:	0.577201
validation loss:	0.622669
validation error:	0.338561
2017-01-26 22:56:38,974 INFO     Wrote output to trainNN/out/v045-unified-16-gf17a658-dirty:simple-ff-ffv-adam-75-40-mintalklen-0-a/config.json
2017-01-26 22:56:50,583 INFO     Saving network params to trainNN/out/v045-unified-16-gf17a658-dirty:simple-ff-ffv-adam-75-40-mintalklen-0-a/epoch-100.pkl
2017-01-26 22:56:51,070 INFO     epoch: 100 took 12.097s (0.003s in batching)
training loss:	0.576802
validation loss:	0.619881
validation error:	0.335363
2017-01-26 22:56:51,071 INFO     Wrote output to trainNN/out/v045-unified-16-gf17a658-dirty:simple-ff-ffv-adam-75-40-mintalklen-0-a/config.json
2017-01-26 22:57:02,872 INFO     Saving network params to trainNN/out/v045-unified-16-gf17a658-dirty:simple-ff-ffv-adam-75-40-mintalklen-0-a/epoch-101.pkl
2017-01-26 22:57:03,400 INFO     epoch: 101 took 12.330s (0.004s in batching)
training loss:	0.577191
validation loss:	0.620745
validation error:	0.334685
2017-01-26 22:57:03,402 INFO     Wrote output to trainNN/out/v045-unified-16-gf17a658-dirty:simple-ff-ffv-adam-75-40-mintalklen-0-a/config.json
2017-01-26 22:57:14,912 INFO     Saving network params to trainNN/out/v045-unified-16-gf17a658-dirty:simple-ff-ffv-adam-75-40-mintalklen-0-a/epoch-102.pkl
2017-01-26 22:57:15,452 INFO     epoch: 102 took 12.053s (0.004s in batching)
training loss:	0.576905
validation loss:	0.622816
validation error:	0.338090
2017-01-26 22:57:15,454 INFO     Wrote output to trainNN/out/v045-unified-16-gf17a658-dirty:simple-ff-ffv-adam-75-40-mintalklen-0-a/config.json
2017-01-26 22:57:27,083 INFO     Saving network params to trainNN/out/v045-unified-16-gf17a658-dirty:simple-ff-ffv-adam-75-40-mintalklen-0-a/epoch-103.pkl
2017-01-26 22:57:27,586 INFO     epoch: 103 took 12.133s (0.003s in batching)
training loss:	0.576847
validation loss:	0.620531
validation error:	0.340512
2017-01-26 22:57:27,588 INFO     Wrote output to trainNN/out/v045-unified-16-gf17a658-dirty:simple-ff-ffv-adam-75-40-mintalklen-0-a/config.json
2017-01-26 22:57:39,205 INFO     Saving network params to trainNN/out/v045-unified-16-gf17a658-dirty:simple-ff-ffv-adam-75-40-mintalklen-0-a/epoch-104.pkl
2017-01-26 22:57:39,689 INFO     epoch: 104 took 12.104s (0.003s in batching)
training loss:	0.576688
validation loss:	0.618385
validation error:	0.335128
2017-01-26 22:57:39,691 INFO     Wrote output to trainNN/out/v045-unified-16-gf17a658-dirty:simple-ff-ffv-adam-75-40-mintalklen-0-a/config.json
2017-01-26 22:57:51,162 INFO     Saving network params to trainNN/out/v045-unified-16-gf17a658-dirty:simple-ff-ffv-adam-75-40-mintalklen-0-a/epoch-105.pkl
2017-01-26 22:57:51,658 INFO     epoch: 105 took 11.969s (0.003s in batching)
training loss:	0.576844
validation loss:	0.622555
validation error:	0.341273
2017-01-26 22:57:51,661 INFO     Wrote output to trainNN/out/v045-unified-16-gf17a658-dirty:simple-ff-ffv-adam-75-40-mintalklen-0-a/config.json
2017-01-26 22:58:03,274 INFO     Saving network params to trainNN/out/v045-unified-16-gf17a658-dirty:simple-ff-ffv-adam-75-40-mintalklen-0-a/epoch-106.pkl
2017-01-26 22:58:03,777 INFO     epoch: 106 took 12.118s (0.005s in batching)
training loss:	0.576617
validation loss:	0.621833
validation error:	0.336138
2017-01-26 22:58:03,778 INFO     Wrote output to trainNN/out/v045-unified-16-gf17a658-dirty:simple-ff-ffv-adam-75-40-mintalklen-0-a/config.json
2017-01-26 22:58:15,260 INFO     Saving network params to trainNN/out/v045-unified-16-gf17a658-dirty:simple-ff-ffv-adam-75-40-mintalklen-0-a/epoch-107.pkl
2017-01-26 22:58:15,750 INFO     epoch: 107 took 11.974s (0.003s in batching)
training loss:	0.576808
validation loss:	0.626247
validation error:	0.343765
2017-01-26 22:58:15,753 INFO     Wrote output to trainNN/out/v045-unified-16-gf17a658-dirty:simple-ff-ffv-adam-75-40-mintalklen-0-a/config.json
2017-01-26 22:58:27,376 INFO     Saving network params to trainNN/out/v045-unified-16-gf17a658-dirty:simple-ff-ffv-adam-75-40-mintalklen-0-a/epoch-108.pkl
2017-01-26 22:58:27,866 INFO     epoch: 108 took 12.116s (0.005s in batching)
training loss:	0.576524
validation loss:	0.620407
validation error:	0.335820
2017-01-26 22:58:27,868 INFO     Wrote output to trainNN/out/v045-unified-16-gf17a658-dirty:simple-ff-ffv-adam-75-40-mintalklen-0-a/config.json
2017-01-26 22:58:39,436 INFO     Saving network params to trainNN/out/v045-unified-16-gf17a658-dirty:simple-ff-ffv-adam-75-40-mintalklen-0-a/epoch-109.pkl
2017-01-26 22:58:39,919 INFO     epoch: 109 took 12.053s (0.003s in batching)
training loss:	0.576159
validation loss:	0.621347
validation error:	0.342228
2017-01-26 22:58:39,921 INFO     Wrote output to trainNN/out/v045-unified-16-gf17a658-dirty:simple-ff-ffv-adam-75-40-mintalklen-0-a/config.json
2017-01-26 22:58:51,575 INFO     Saving network params to trainNN/out/v045-unified-16-gf17a658-dirty:simple-ff-ffv-adam-75-40-mintalklen-0-a/epoch-110.pkl
2017-01-26 22:58:52,057 INFO     epoch: 110 took 12.138s (0.003s in batching)
training loss:	0.576409
validation loss:	0.622295
validation error:	0.337730
2017-01-26 22:58:52,059 INFO     Wrote output to trainNN/out/v045-unified-16-gf17a658-dirty:simple-ff-ffv-adam-75-40-mintalklen-0-a/config.json
2017-01-26 22:59:03,444 INFO     Saving network params to trainNN/out/v045-unified-16-gf17a658-dirty:simple-ff-ffv-adam-75-40-mintalklen-0-a/epoch-111.pkl
2017-01-26 22:59:03,919 INFO     epoch: 111 took 11.862s (0.003s in batching)
training loss:	0.576164
validation loss:	0.625748
validation error:	0.343432
2017-01-26 22:59:03,921 INFO     Wrote output to trainNN/out/v045-unified-16-gf17a658-dirty:simple-ff-ffv-adam-75-40-mintalklen-0-a/config.json
2017-01-26 22:59:15,437 INFO     Saving network params to trainNN/out/v045-unified-16-gf17a658-dirty:simple-ff-ffv-adam-75-40-mintalklen-0-a/epoch-112.pkl
2017-01-26 22:59:15,930 INFO     epoch: 112 took 12.011s (0.003s in batching)
training loss:	0.576268
validation loss:	0.625121
validation error:	0.336014
2017-01-26 22:59:15,932 INFO     Wrote output to trainNN/out/v045-unified-16-gf17a658-dirty:simple-ff-ffv-adam-75-40-mintalklen-0-a/config.json
2017-01-26 22:59:27,515 INFO     Saving network params to trainNN/out/v045-unified-16-gf17a658-dirty:simple-ff-ffv-adam-75-40-mintalklen-0-a/epoch-113.pkl
2017-01-26 22:59:28,003 INFO     epoch: 113 took 12.073s (0.003s in batching)
training loss:	0.576245
validation loss:	0.622655
validation error:	0.337010
2017-01-26 22:59:28,005 INFO     Wrote output to trainNN/out/v045-unified-16-gf17a658-dirty:simple-ff-ffv-adam-75-40-mintalklen-0-a/config.json
2017-01-26 22:59:39,357 INFO     Saving network params to trainNN/out/v045-unified-16-gf17a658-dirty:simple-ff-ffv-adam-75-40-mintalklen-0-a/epoch-114.pkl
2017-01-26 22:59:39,958 INFO     epoch: 114 took 11.955s (0.003s in batching)
training loss:	0.575948
validation loss:	0.618381
validation error:	0.336872
2017-01-26 22:59:39,960 INFO     Wrote output to trainNN/out/v045-unified-16-gf17a658-dirty:simple-ff-ffv-adam-75-40-mintalklen-0-a/config.json
2017-01-26 22:59:51,616 INFO     Saving network params to trainNN/out/v045-unified-16-gf17a658-dirty:simple-ff-ffv-adam-75-40-mintalklen-0-a/epoch-115.pkl
2017-01-26 22:59:52,098 INFO     epoch: 115 took 12.140s (0.004s in batching)
training loss:	0.576129
validation loss:	0.623229
validation error:	0.336484
2017-01-26 22:59:52,100 INFO     Wrote output to trainNN/out/v045-unified-16-gf17a658-dirty:simple-ff-ffv-adam-75-40-mintalklen-0-a/config.json
2017-01-26 23:00:03,596 INFO     Saving network params to trainNN/out/v045-unified-16-gf17a658-dirty:simple-ff-ffv-adam-75-40-mintalklen-0-a/epoch-116.pkl
2017-01-26 23:00:04,100 INFO     epoch: 116 took 12.002s (0.003s in batching)
training loss:	0.576072
validation loss:	0.624868
validation error:	0.340927
2017-01-26 23:00:04,102 INFO     Wrote output to trainNN/out/v045-unified-16-gf17a658-dirty:simple-ff-ffv-adam-75-40-mintalklen-0-a/config.json
2017-01-26 23:00:15,413 INFO     Saving network params to trainNN/out/v045-unified-16-gf17a658-dirty:simple-ff-ffv-adam-75-40-mintalklen-0-a/epoch-117.pkl
2017-01-26 23:00:15,909 INFO     epoch: 117 took 11.809s (0.003s in batching)
training loss:	0.575985
validation loss:	0.621760
validation error:	0.340720
2017-01-26 23:00:15,912 INFO     Wrote output to trainNN/out/v045-unified-16-gf17a658-dirty:simple-ff-ffv-adam-75-40-mintalklen-0-a/config.json
2017-01-26 23:00:27,436 INFO     Saving network params to trainNN/out/v045-unified-16-gf17a658-dirty:simple-ff-ffv-adam-75-40-mintalklen-0-a/epoch-118.pkl
2017-01-26 23:00:27,930 INFO     epoch: 118 took 12.020s (0.003s in batching)
training loss:	0.575749
validation loss:	0.621959
validation error:	0.338436
2017-01-26 23:00:27,932 INFO     Wrote output to trainNN/out/v045-unified-16-gf17a658-dirty:simple-ff-ffv-adam-75-40-mintalklen-0-a/config.json
2017-01-26 23:00:39,568 INFO     Saving network params to trainNN/out/v045-unified-16-gf17a658-dirty:simple-ff-ffv-adam-75-40-mintalklen-0-a/epoch-119.pkl
2017-01-26 23:00:40,070 INFO     epoch: 119 took 12.141s (0.004s in batching)
training loss:	0.575840
validation loss:	0.621139
validation error:	0.336830
2017-01-26 23:00:40,072 INFO     Wrote output to trainNN/out/v045-unified-16-gf17a658-dirty:simple-ff-ffv-adam-75-40-mintalklen-0-a/config.json
2017-01-26 23:00:51,465 INFO     Saving network params to trainNN/out/v045-unified-16-gf17a658-dirty:simple-ff-ffv-adam-75-40-mintalklen-0-a/epoch-120.pkl
2017-01-26 23:00:51,951 INFO     epoch: 120 took 11.880s (0.003s in batching)
training loss:	0.575661
validation loss:	0.622778
validation error:	0.337232
2017-01-26 23:00:51,953 INFO     Wrote output to trainNN/out/v045-unified-16-gf17a658-dirty:simple-ff-ffv-adam-75-40-mintalklen-0-a/config.json
2017-01-26 23:01:03,574 INFO     Saving network params to trainNN/out/v045-unified-16-gf17a658-dirty:simple-ff-ffv-adam-75-40-mintalklen-0-a/epoch-121.pkl
2017-01-26 23:01:04,067 INFO     epoch: 121 took 12.116s (0.003s in batching)
training loss:	0.575959
validation loss:	0.621564
validation error:	0.338311
2017-01-26 23:01:04,069 INFO     Wrote output to trainNN/out/v045-unified-16-gf17a658-dirty:simple-ff-ffv-adam-75-40-mintalklen-0-a/config.json
2017-01-26 23:01:15,673 INFO     Saving network params to trainNN/out/v045-unified-16-gf17a658-dirty:simple-ff-ffv-adam-75-40-mintalklen-0-a/epoch-122.pkl
2017-01-26 23:01:16,087 INFO     epoch: 122 took 12.020s (0.004s in batching)
training loss:	0.575694
validation loss:	0.624528
validation error:	0.343599
2017-01-26 23:01:16,560 INFO     Wrote output to trainNN/out/v045-unified-16-gf17a658-dirty:simple-ff-ffv-adam-75-40-mintalklen-0-a/config.json
2017-01-26 23:01:27,956 INFO     Saving network params to trainNN/out/v045-unified-16-gf17a658-dirty:simple-ff-ffv-adam-75-40-mintalklen-0-a/epoch-123.pkl
2017-01-26 23:01:28,439 INFO     epoch: 123 took 12.352s (0.003s in batching)
training loss:	0.575526
validation loss:	0.619016
validation error:	0.336000
2017-01-26 23:01:28,441 INFO     Wrote output to trainNN/out/v045-unified-16-gf17a658-dirty:simple-ff-ffv-adam-75-40-mintalklen-0-a/config.json
2017-01-26 23:01:39,918 INFO     Saving network params to trainNN/out/v045-unified-16-gf17a658-dirty:simple-ff-ffv-adam-75-40-mintalklen-0-a/epoch-124.pkl
2017-01-26 23:01:40,435 INFO     epoch: 124 took 11.996s (0.003s in batching)
training loss:	0.575568
validation loss:	0.621211
validation error:	0.335917
2017-01-26 23:01:40,437 INFO     Wrote output to trainNN/out/v045-unified-16-gf17a658-dirty:simple-ff-ffv-adam-75-40-mintalklen-0-a/config.json
2017-01-26 23:01:51,995 INFO     Saving network params to trainNN/out/v045-unified-16-gf17a658-dirty:simple-ff-ffv-adam-75-40-mintalklen-0-a/epoch-125.pkl
2017-01-26 23:01:52,492 INFO     epoch: 125 took 12.057s (0.003s in batching)
training loss:	0.575514
validation loss:	0.620002
validation error:	0.337868
2017-01-26 23:01:52,509 INFO     Wrote output to trainNN/out/v045-unified-16-gf17a658-dirty:simple-ff-ffv-adam-75-40-mintalklen-0-a/config.json
2017-01-26 23:02:03,887 INFO     Saving network params to trainNN/out/v045-unified-16-gf17a658-dirty:simple-ff-ffv-adam-75-40-mintalklen-0-a/epoch-126.pkl
2017-01-26 23:02:04,370 INFO     epoch: 126 took 11.878s (0.003s in batching)
training loss:	0.575182
validation loss:	0.621989
validation error:	0.338727
2017-01-26 23:02:04,372 INFO     Wrote output to trainNN/out/v045-unified-16-gf17a658-dirty:simple-ff-ffv-adam-75-40-mintalklen-0-a/config.json
2017-01-26 23:02:16,008 INFO     Saving network params to trainNN/out/v045-unified-16-gf17a658-dirty:simple-ff-ffv-adam-75-40-mintalklen-0-a/epoch-127.pkl
2017-01-26 23:02:16,488 INFO     epoch: 127 took 12.118s (0.003s in batching)
training loss:	0.575344
validation loss:	0.619076
validation error:	0.336997
2017-01-26 23:02:16,491 INFO     Wrote output to trainNN/out/v045-unified-16-gf17a658-dirty:simple-ff-ffv-adam-75-40-mintalklen-0-a/config.json
2017-01-26 23:02:28,124 INFO     Saving network params to trainNN/out/v045-unified-16-gf17a658-dirty:simple-ff-ffv-adam-75-40-mintalklen-0-a/epoch-128.pkl
2017-01-26 23:02:28,610 INFO     epoch: 128 took 12.123s (0.004s in batching)
training loss:	0.575162
validation loss:	0.622044
validation error:	0.338851
2017-01-26 23:02:28,613 INFO     Wrote output to trainNN/out/v045-unified-16-gf17a658-dirty:simple-ff-ffv-adam-75-40-mintalklen-0-a/config.json
2017-01-26 23:02:39,980 INFO     Saving network params to trainNN/out/v045-unified-16-gf17a658-dirty:simple-ff-ffv-adam-75-40-mintalklen-0-a/epoch-129.pkl
2017-01-26 23:02:40,504 INFO     epoch: 129 took 11.893s (0.003s in batching)
training loss:	0.575406
validation loss:	0.619995
validation error:	0.338547
2017-01-26 23:02:40,507 INFO     Wrote output to trainNN/out/v045-unified-16-gf17a658-dirty:simple-ff-ffv-adam-75-40-mintalklen-0-a/config.json
2017-01-26 23:02:52,161 INFO     Saving network params to trainNN/out/v045-unified-16-gf17a658-dirty:simple-ff-ffv-adam-75-40-mintalklen-0-a/epoch-130.pkl
2017-01-26 23:02:52,649 INFO     epoch: 130 took 12.145s (0.004s in batching)
training loss:	0.575080
validation loss:	0.621148
validation error:	0.336789
2017-01-26 23:02:52,652 INFO     Wrote output to trainNN/out/v045-unified-16-gf17a658-dirty:simple-ff-ffv-adam-75-40-mintalklen-0-a/config.json
2017-01-26 23:03:04,128 INFO     Saving network params to trainNN/out/v045-unified-16-gf17a658-dirty:simple-ff-ffv-adam-75-40-mintalklen-0-a/epoch-131.pkl
2017-01-26 23:03:04,653 INFO     epoch: 131 took 12.005s (0.004s in batching)
training loss:	0.575073
validation loss:	0.624761
validation error:	0.338796
2017-01-26 23:03:04,655 INFO     Wrote output to trainNN/out/v045-unified-16-gf17a658-dirty:simple-ff-ffv-adam-75-40-mintalklen-0-a/config.json
2017-01-26 23:03:16,040 INFO     Saving network params to trainNN/out/v045-unified-16-gf17a658-dirty:simple-ff-ffv-adam-75-40-mintalklen-0-a/epoch-132.pkl
2017-01-26 23:03:16,524 INFO     epoch: 132 took 11.870s (0.003s in batching)
training loss:	0.575249
validation loss:	0.622298
validation error:	0.338076
2017-01-26 23:03:16,526 INFO     Wrote output to trainNN/out/v045-unified-16-gf17a658-dirty:simple-ff-ffv-adam-75-40-mintalklen-0-a/config.json
2017-01-26 23:03:28,059 INFO     Saving network params to trainNN/out/v045-unified-16-gf17a658-dirty:simple-ff-ffv-adam-75-40-mintalklen-0-a/epoch-133.pkl
2017-01-26 23:03:28,556 INFO     epoch: 133 took 12.032s (0.003s in batching)
training loss:	0.575149
validation loss:	0.619125
validation error:	0.335336
2017-01-26 23:03:28,558 INFO     Wrote output to trainNN/out/v045-unified-16-gf17a658-dirty:simple-ff-ffv-adam-75-40-mintalklen-0-a/config.json
2017-01-26 23:03:40,238 INFO     Saving network params to trainNN/out/v045-unified-16-gf17a658-dirty:simple-ff-ffv-adam-75-40-mintalklen-0-a/epoch-134.pkl
2017-01-26 23:03:40,726 INFO     epoch: 134 took 12.170s (0.003s in batching)
training loss:	0.574911
validation loss:	0.618712
validation error:	0.334879
2017-01-26 23:03:40,728 INFO     Wrote output to trainNN/out/v045-unified-16-gf17a658-dirty:simple-ff-ffv-adam-75-40-mintalklen-0-a/config.json
2017-01-26 23:03:52,155 INFO     Saving network params to trainNN/out/v045-unified-16-gf17a658-dirty:simple-ff-ffv-adam-75-40-mintalklen-0-a/epoch-135.pkl
2017-01-26 23:03:52,667 INFO     epoch: 135 took 11.941s (0.003s in batching)
training loss:	0.574784
validation loss:	0.621905
validation error:	0.339003
2017-01-26 23:03:52,671 INFO     Wrote output to trainNN/out/v045-unified-16-gf17a658-dirty:simple-ff-ffv-adam-75-40-mintalklen-0-a/config.json
2017-01-26 23:04:04,243 INFO     Saving network params to trainNN/out/v045-unified-16-gf17a658-dirty:simple-ff-ffv-adam-75-40-mintalklen-0-a/epoch-136.pkl
2017-01-26 23:04:04,732 INFO     epoch: 136 took 12.065s (0.005s in batching)
training loss:	0.574847
validation loss:	0.623809
validation error:	0.341287
2017-01-26 23:04:04,736 INFO     Wrote output to trainNN/out/v045-unified-16-gf17a658-dirty:simple-ff-ffv-adam-75-40-mintalklen-0-a/config.json
2017-01-26 23:04:16,283 INFO     Saving network params to trainNN/out/v045-unified-16-gf17a658-dirty:simple-ff-ffv-adam-75-40-mintalklen-0-a/epoch-137.pkl
2017-01-26 23:04:16,779 INFO     epoch: 137 took 12.047s (0.004s in batching)
training loss:	0.574784
validation loss:	0.623772
validation error:	0.337135
2017-01-26 23:04:16,783 INFO     Wrote output to trainNN/out/v045-unified-16-gf17a658-dirty:simple-ff-ffv-adam-75-40-mintalklen-0-a/config.json
2017-01-26 23:04:28,210 INFO     Saving network params to trainNN/out/v045-unified-16-gf17a658-dirty:simple-ff-ffv-adam-75-40-mintalklen-0-a/epoch-138.pkl
2017-01-26 23:04:28,697 INFO     epoch: 138 took 11.918s (0.004s in batching)
training loss:	0.574746
validation loss:	0.622756
validation error:	0.338270
2017-01-26 23:04:28,699 INFO     Wrote output to trainNN/out/v045-unified-16-gf17a658-dirty:simple-ff-ffv-adam-75-40-mintalklen-0-a/config.json
2017-01-26 23:04:40,154 INFO     Saving network params to trainNN/out/v045-unified-16-gf17a658-dirty:simple-ff-ffv-adam-75-40-mintalklen-0-a/epoch-139.pkl
2017-01-26 23:04:40,655 INFO     epoch: 139 took 11.959s (0.003s in batching)
training loss:	0.574646
validation loss:	0.622991
validation error:	0.335820
2017-01-26 23:04:40,659 INFO     Wrote output to trainNN/out/v045-unified-16-gf17a658-dirty:simple-ff-ffv-adam-75-40-mintalklen-0-a/config.json
2017-01-26 23:04:52,150 INFO     Saving network params to trainNN/out/v045-unified-16-gf17a658-dirty:simple-ff-ffv-adam-75-40-mintalklen-0-a/epoch-140.pkl
2017-01-26 23:04:52,648 INFO     epoch: 140 took 11.993s (0.003s in batching)
training loss:	0.574592
validation loss:	0.619592
validation error:	0.337038
2017-01-26 23:04:52,651 INFO     Wrote output to trainNN/out/v045-unified-16-gf17a658-dirty:simple-ff-ffv-adam-75-40-mintalklen-0-a/config.json
2017-01-26 23:05:04,077 INFO     Saving network params to trainNN/out/v045-unified-16-gf17a658-dirty:simple-ff-ffv-adam-75-40-mintalklen-0-a/epoch-141.pkl
2017-01-26 23:05:04,551 INFO     epoch: 141 took 11.902s (0.004s in batching)
training loss:	0.574439
validation loss:	0.624797
validation error:	0.339419
2017-01-26 23:05:04,729 INFO     Wrote output to trainNN/out/v045-unified-16-gf17a658-dirty:simple-ff-ffv-adam-75-40-mintalklen-0-a/config.json
2017-01-26 23:05:16,295 INFO     Saving network params to trainNN/out/v045-unified-16-gf17a658-dirty:simple-ff-ffv-adam-75-40-mintalklen-0-a/epoch-142.pkl
2017-01-26 23:05:16,791 INFO     epoch: 142 took 12.240s (0.003s in batching)
training loss:	0.574815
validation loss:	0.626273
validation error:	0.341564
2017-01-26 23:05:16,793 INFO     Wrote output to trainNN/out/v045-unified-16-gf17a658-dirty:simple-ff-ffv-adam-75-40-mintalklen-0-a/config.json
2017-01-26 23:05:28,395 INFO     Saving network params to trainNN/out/v045-unified-16-gf17a658-dirty:simple-ff-ffv-adam-75-40-mintalklen-0-a/epoch-143.pkl
2017-01-26 23:05:28,898 INFO     epoch: 143 took 12.107s (0.004s in batching)
training loss:	0.574647
validation loss:	0.622910
validation error:	0.337121
2017-01-26 23:05:28,921 INFO     Wrote output to trainNN/out/v045-unified-16-gf17a658-dirty:simple-ff-ffv-adam-75-40-mintalklen-0-a/config.json
2017-01-26 23:05:40,198 INFO     Saving network params to trainNN/out/v045-unified-16-gf17a658-dirty:simple-ff-ffv-adam-75-40-mintalklen-0-a/epoch-144.pkl
2017-01-26 23:05:40,690 INFO     epoch: 144 took 11.792s (0.005s in batching)
training loss:	0.574486
validation loss:	0.624888
validation error:	0.338408
2017-01-26 23:05:40,693 INFO     Wrote output to trainNN/out/v045-unified-16-gf17a658-dirty:simple-ff-ffv-adam-75-40-mintalklen-0-a/config.json
2017-01-26 23:05:52,335 INFO     Saving network params to trainNN/out/v045-unified-16-gf17a658-dirty:simple-ff-ffv-adam-75-40-mintalklen-0-a/epoch-145.pkl
2017-01-26 23:05:52,809 INFO     epoch: 145 took 12.119s (0.004s in batching)
training loss:	0.574321
validation loss:	0.622780
validation error:	0.336526
2017-01-26 23:05:52,812 INFO     Wrote output to trainNN/out/v045-unified-16-gf17a658-dirty:simple-ff-ffv-adam-75-40-mintalklen-0-a/config.json
2017-01-26 23:06:04,349 INFO     Saving network params to trainNN/out/v045-unified-16-gf17a658-dirty:simple-ff-ffv-adam-75-40-mintalklen-0-a/epoch-146.pkl
2017-01-26 23:06:04,843 INFO     epoch: 146 took 12.034s (0.003s in batching)
training loss:	0.574381
validation loss:	0.622792
validation error:	0.337564
2017-01-26 23:06:04,846 INFO     Wrote output to trainNN/out/v045-unified-16-gf17a658-dirty:simple-ff-ffv-adam-75-40-mintalklen-0-a/config.json
2017-01-26 23:06:16,212 INFO     Saving network params to trainNN/out/v045-unified-16-gf17a658-dirty:simple-ff-ffv-adam-75-40-mintalklen-0-a/epoch-147.pkl
2017-01-26 23:06:16,709 INFO     epoch: 147 took 11.866s (0.004s in batching)
training loss:	0.574418
validation loss:	0.626360
validation error:	0.339792
2017-01-26 23:06:16,713 INFO     Wrote output to trainNN/out/v045-unified-16-gf17a658-dirty:simple-ff-ffv-adam-75-40-mintalklen-0-a/config.json
2017-01-26 23:06:28,405 INFO     Saving network params to trainNN/out/v045-unified-16-gf17a658-dirty:simple-ff-ffv-adam-75-40-mintalklen-0-a/epoch-148.pkl
2017-01-26 23:06:28,889 INFO     epoch: 148 took 12.180s (0.004s in batching)
training loss:	0.574488
validation loss:	0.626840
validation error:	0.341163
2017-01-26 23:06:28,893 INFO     Wrote output to trainNN/out/v045-unified-16-gf17a658-dirty:simple-ff-ffv-adam-75-40-mintalklen-0-a/config.json
2017-01-26 23:06:40,449 INFO     Saving network params to trainNN/out/v045-unified-16-gf17a658-dirty:simple-ff-ffv-adam-75-40-mintalklen-0-a/epoch-149.pkl
2017-01-26 23:06:40,931 INFO     epoch: 149 took 12.042s (0.004s in batching)
training loss:	0.574293
validation loss:	0.620623
validation error:	0.336955
2017-01-26 23:06:40,934 INFO     Wrote output to trainNN/out/v045-unified-16-gf17a658-dirty:simple-ff-ffv-adam-75-40-mintalklen-0-a/config.json
2017-01-26 23:06:52,535 INFO     Saving network params to trainNN/out/v045-unified-16-gf17a658-dirty:simple-ff-ffv-adam-75-40-mintalklen-0-a/epoch-150.pkl
2017-01-26 23:06:53,076 INFO     epoch: 150 took 12.145s (0.004s in batching)
training loss:	0.574081
validation loss:	0.621649
validation error:	0.340235
2017-01-26 23:06:53,079 INFO     Wrote output to trainNN/out/v045-unified-16-gf17a658-dirty:simple-ff-ffv-adam-75-40-mintalklen-0-a/config.json
2017-01-26 23:07:04,667 INFO     Saving network params to trainNN/out/v045-unified-16-gf17a658-dirty:simple-ff-ffv-adam-75-40-mintalklen-0-a/epoch-151.pkl
2017-01-26 23:07:05,177 INFO     epoch: 151 took 12.101s (0.004s in batching)
training loss:	0.574077
validation loss:	0.622694
validation error:	0.340374
2017-01-26 23:07:05,180 INFO     Wrote output to trainNN/out/v045-unified-16-gf17a658-dirty:simple-ff-ffv-adam-75-40-mintalklen-0-a/config.json
2017-01-26 23:07:16,714 INFO     Saving network params to trainNN/out/v045-unified-16-gf17a658-dirty:simple-ff-ffv-adam-75-40-mintalklen-0-a/epoch-152.pkl
2017-01-26 23:07:17,192 INFO     epoch: 152 took 12.015s (0.003s in batching)
training loss:	0.574191
validation loss:	0.621625
validation error:	0.337744
2017-01-26 23:07:17,194 INFO     Wrote output to trainNN/out/v045-unified-16-gf17a658-dirty:simple-ff-ffv-adam-75-40-mintalklen-0-a/config.json
2017-01-26 23:07:28,548 INFO     Saving network params to trainNN/out/v045-unified-16-gf17a658-dirty:simple-ff-ffv-adam-75-40-mintalklen-0-a/epoch-153.pkl
2017-01-26 23:07:29,048 INFO     epoch: 153 took 11.856s (0.003s in batching)
training loss:	0.574112
validation loss:	0.632954
validation error:	0.335073
2017-01-26 23:07:29,052 INFO     Wrote output to trainNN/out/v045-unified-16-gf17a658-dirty:simple-ff-ffv-adam-75-40-mintalklen-0-a/config.json
2017-01-26 23:07:40,603 INFO     Saving network params to trainNN/out/v045-unified-16-gf17a658-dirty:simple-ff-ffv-adam-75-40-mintalklen-0-a/epoch-154.pkl
2017-01-26 23:07:41,085 INFO     epoch: 154 took 12.037s (0.004s in batching)
training loss:	0.574098
validation loss:	0.628796
validation error:	0.345287
2017-01-26 23:07:41,088 INFO     Wrote output to trainNN/out/v045-unified-16-gf17a658-dirty:simple-ff-ffv-adam-75-40-mintalklen-0-a/config.json
2017-01-26 23:07:52,745 INFO     Saving network params to trainNN/out/v045-unified-16-gf17a658-dirty:simple-ff-ffv-adam-75-40-mintalklen-0-a/epoch-155.pkl
2017-01-26 23:07:54,321 INFO     epoch: 155 took 13.236s (0.004s in batching)
training loss:	0.574114
validation loss:	0.622073
validation error:	0.340318
2017-01-26 23:07:54,324 INFO     Wrote output to trainNN/out/v045-unified-16-gf17a658-dirty:simple-ff-ffv-adam-75-40-mintalklen-0-a/config.json
2017-01-26 23:08:05,513 INFO     Saving network params to trainNN/out/v045-unified-16-gf17a658-dirty:simple-ff-ffv-adam-75-40-mintalklen-0-a/epoch-156.pkl
2017-01-26 23:08:05,991 INFO     epoch: 156 took 11.670s (0.004s in batching)
training loss:	0.573858
validation loss:	0.621610
validation error:	0.336913
2017-01-26 23:08:05,994 INFO     Wrote output to trainNN/out/v045-unified-16-gf17a658-dirty:simple-ff-ffv-adam-75-40-mintalklen-0-a/config.json
2017-01-26 23:08:17,542 INFO     Saving network params to trainNN/out/v045-unified-16-gf17a658-dirty:simple-ff-ffv-adam-75-40-mintalklen-0-a/epoch-157.pkl
2017-01-26 23:08:18,040 INFO     epoch: 157 took 12.049s (0.003s in batching)
training loss:	0.573834
validation loss:	0.622491
validation error:	0.337799
2017-01-26 23:08:18,044 INFO     Wrote output to trainNN/out/v045-unified-16-gf17a658-dirty:simple-ff-ffv-adam-75-40-mintalklen-0-a/config.json
2017-01-26 23:08:29,609 INFO     Saving network params to trainNN/out/v045-unified-16-gf17a658-dirty:simple-ff-ffv-adam-75-40-mintalklen-0-a/epoch-158.pkl
2017-01-26 23:08:30,100 INFO     epoch: 158 took 12.060s (0.004s in batching)
training loss:	0.573856
validation loss:	0.621814
validation error:	0.335765
2017-01-26 23:08:30,103 INFO     Wrote output to trainNN/out/v045-unified-16-gf17a658-dirty:simple-ff-ffv-adam-75-40-mintalklen-0-a/config.json
2017-01-26 23:08:41,299 INFO     Saving network params to trainNN/out/v045-unified-16-gf17a658-dirty:simple-ff-ffv-adam-75-40-mintalklen-0-a/epoch-159.pkl
2017-01-26 23:08:41,810 INFO     epoch: 159 took 11.710s (0.004s in batching)
training loss:	0.573741
validation loss:	0.623728
validation error:	0.337315
2017-01-26 23:08:41,813 INFO     Wrote output to trainNN/out/v045-unified-16-gf17a658-dirty:simple-ff-ffv-adam-75-40-mintalklen-0-a/config.json
2017-01-26 23:08:53,651 INFO     Saving network params to trainNN/out/v045-unified-16-gf17a658-dirty:simple-ff-ffv-adam-75-40-mintalklen-0-a/epoch-160.pkl
2017-01-26 23:08:54,257 INFO     epoch: 160 took 12.447s (0.004s in batching)
training loss:	0.573865
validation loss:	0.625356
validation error:	0.337633
2017-01-26 23:08:54,261 INFO     Wrote output to trainNN/out/v045-unified-16-gf17a658-dirty:simple-ff-ffv-adam-75-40-mintalklen-0-a/config.json
2017-01-26 23:09:06,448 INFO     Saving network params to trainNN/out/v045-unified-16-gf17a658-dirty:simple-ff-ffv-adam-75-40-mintalklen-0-a/epoch-161.pkl
2017-01-26 23:09:07,053 INFO     epoch: 161 took 12.796s (0.005s in batching)
training loss:	0.573609
validation loss:	0.622464
validation error:	0.337135
2017-01-26 23:09:07,057 INFO     Wrote output to trainNN/out/v045-unified-16-gf17a658-dirty:simple-ff-ffv-adam-75-40-mintalklen-0-a/config.json
2017-01-26 23:09:18,768 INFO     Saving network params to trainNN/out/v045-unified-16-gf17a658-dirty:simple-ff-ffv-adam-75-40-mintalklen-0-a/epoch-162.pkl
2017-01-26 23:09:19,258 INFO     epoch: 162 took 12.205s (0.005s in batching)
training loss:	0.573957
validation loss:	0.625564
validation error:	0.340997
2017-01-26 23:09:19,261 INFO     Wrote output to trainNN/out/v045-unified-16-gf17a658-dirty:simple-ff-ffv-adam-75-40-mintalklen-0-a/config.json
2017-01-26 23:09:30,857 INFO     Saving network params to trainNN/out/v045-unified-16-gf17a658-dirty:simple-ff-ffv-adam-75-40-mintalklen-0-a/epoch-163.pkl
2017-01-26 23:09:31,350 INFO     epoch: 163 took 12.092s (0.003s in batching)
training loss:	0.573557
validation loss:	0.620950
validation error:	0.337578
2017-01-26 23:09:31,354 INFO     Wrote output to trainNN/out/v045-unified-16-gf17a658-dirty:simple-ff-ffv-adam-75-40-mintalklen-0-a/config.json
2017-01-26 23:09:42,859 INFO     Saving network params to trainNN/out/v045-unified-16-gf17a658-dirty:simple-ff-ffv-adam-75-40-mintalklen-0-a/epoch-164.pkl
2017-01-26 23:09:43,356 INFO     epoch: 164 took 12.005s (0.004s in batching)
training loss:	0.573555
validation loss:	0.625653
validation error:	0.337647
2017-01-26 23:09:43,359 INFO     Wrote output to trainNN/out/v045-unified-16-gf17a658-dirty:simple-ff-ffv-adam-75-40-mintalklen-0-a/config.json
2017-01-26 23:09:54,793 INFO     Saving network params to trainNN/out/v045-unified-16-gf17a658-dirty:simple-ff-ffv-adam-75-40-mintalklen-0-a/epoch-165.pkl
2017-01-26 23:09:55,267 INFO     epoch: 165 took 11.911s (0.004s in batching)
training loss:	0.573639
validation loss:	0.621160
validation error:	0.337522
2017-01-26 23:09:55,271 INFO     Wrote output to trainNN/out/v045-unified-16-gf17a658-dirty:simple-ff-ffv-adam-75-40-mintalklen-0-a/config.json
2017-01-26 23:10:06,913 INFO     Saving network params to trainNN/out/v045-unified-16-gf17a658-dirty:simple-ff-ffv-adam-75-40-mintalklen-0-a/epoch-166.pkl
2017-01-26 23:10:07,394 INFO     epoch: 166 took 12.127s (0.004s in batching)
training loss:	0.573577
validation loss:	0.621599
validation error:	0.338381
2017-01-26 23:10:07,398 INFO     Wrote output to trainNN/out/v045-unified-16-gf17a658-dirty:simple-ff-ffv-adam-75-40-mintalklen-0-a/config.json
2017-01-26 23:10:18,896 INFO     Saving network params to trainNN/out/v045-unified-16-gf17a658-dirty:simple-ff-ffv-adam-75-40-mintalklen-0-a/epoch-167.pkl
2017-01-26 23:10:19,391 INFO     epoch: 167 took 11.997s (0.004s in batching)
training loss:	0.573540
validation loss:	0.625140
validation error:	0.338561
2017-01-26 23:10:19,395 INFO     Wrote output to trainNN/out/v045-unified-16-gf17a658-dirty:simple-ff-ffv-adam-75-40-mintalklen-0-a/config.json
2017-01-26 23:10:30,678 INFO     Saving network params to trainNN/out/v045-unified-16-gf17a658-dirty:simple-ff-ffv-adam-75-40-mintalklen-0-a/epoch-168.pkl
2017-01-26 23:10:31,153 INFO     epoch: 168 took 11.763s (0.004s in batching)
training loss:	0.573641
validation loss:	0.626476
validation error:	0.340097
2017-01-26 23:10:31,156 INFO     Wrote output to trainNN/out/v045-unified-16-gf17a658-dirty:simple-ff-ffv-adam-75-40-mintalklen-0-a/config.json
2017-01-26 23:10:42,778 INFO     Saving network params to trainNN/out/v045-unified-16-gf17a658-dirty:simple-ff-ffv-adam-75-40-mintalklen-0-a/epoch-169.pkl
2017-01-26 23:10:43,248 INFO     epoch: 169 took 12.095s (0.003s in batching)
training loss:	0.573434
validation loss:	0.622705
validation error:	0.337093
2017-01-26 23:10:43,252 INFO     Wrote output to trainNN/out/v045-unified-16-gf17a658-dirty:simple-ff-ffv-adam-75-40-mintalklen-0-a/config.json
2017-01-26 23:10:54,945 INFO     Saving network params to trainNN/out/v045-unified-16-gf17a658-dirty:simple-ff-ffv-adam-75-40-mintalklen-0-a/epoch-170.pkl
2017-01-26 23:10:55,434 INFO     epoch: 170 took 12.185s (0.004s in batching)
training loss:	0.573338
validation loss:	0.622219
validation error:	0.340249
2017-01-26 23:10:55,436 INFO     Wrote output to trainNN/out/v045-unified-16-gf17a658-dirty:simple-ff-ffv-adam-75-40-mintalklen-0-a/config.json
2017-01-26 23:11:06,784 INFO     Saving network params to trainNN/out/v045-unified-16-gf17a658-dirty:simple-ff-ffv-adam-75-40-mintalklen-0-a/epoch-171.pkl
2017-01-26 23:11:07,278 INFO     epoch: 171 took 11.844s (0.003s in batching)
training loss:	0.573223
validation loss:	0.631378
validation error:	0.338519
2017-01-26 23:11:07,282 INFO     Wrote output to trainNN/out/v045-unified-16-gf17a658-dirty:simple-ff-ffv-adam-75-40-mintalklen-0-a/config.json
2017-01-26 23:11:18,889 INFO     Saving network params to trainNN/out/v045-unified-16-gf17a658-dirty:simple-ff-ffv-adam-75-40-mintalklen-0-a/epoch-172.pkl
2017-01-26 23:11:19,376 INFO     epoch: 172 took 12.098s (0.004s in batching)
training loss:	0.573063
validation loss:	0.621421
validation error:	0.337398
2017-01-26 23:11:19,378 INFO     Wrote output to trainNN/out/v045-unified-16-gf17a658-dirty:simple-ff-ffv-adam-75-40-mintalklen-0-a/config.json
2017-01-26 23:11:30,920 INFO     Saving network params to trainNN/out/v045-unified-16-gf17a658-dirty:simple-ff-ffv-adam-75-40-mintalklen-0-a/epoch-173.pkl
2017-01-26 23:11:31,422 INFO     epoch: 173 took 12.046s (0.003s in batching)
training loss:	0.573230
validation loss:	0.623813
validation error:	0.338187
2017-01-26 23:11:31,425 INFO     Wrote output to trainNN/out/v045-unified-16-gf17a658-dirty:simple-ff-ffv-adam-75-40-mintalklen-0-a/config.json
2017-01-26 23:11:42,725 INFO     Saving network params to trainNN/out/v045-unified-16-gf17a658-dirty:simple-ff-ffv-adam-75-40-mintalklen-0-a/epoch-174.pkl
2017-01-26 23:11:43,241 INFO     epoch: 174 took 11.819s (0.004s in batching)
training loss:	0.573202
validation loss:	0.621018
validation error:	0.337190
2017-01-26 23:11:43,245 INFO     Wrote output to trainNN/out/v045-unified-16-gf17a658-dirty:simple-ff-ffv-adam-75-40-mintalklen-0-a/config.json
2017-01-26 23:11:54,747 INFO     Saving network params to trainNN/out/v045-unified-16-gf17a658-dirty:simple-ff-ffv-adam-75-40-mintalklen-0-a/epoch-175.pkl
2017-01-26 23:11:55,252 INFO     epoch: 175 took 12.011s (0.004s in batching)
training loss:	0.573214
validation loss:	0.625157
validation error:	0.340581
2017-01-26 23:11:55,256 INFO     Wrote output to trainNN/out/v045-unified-16-gf17a658-dirty:simple-ff-ffv-adam-75-40-mintalklen-0-a/config.json
2017-01-26 23:12:06,830 INFO     Saving network params to trainNN/out/v045-unified-16-gf17a658-dirty:simple-ff-ffv-adam-75-40-mintalklen-0-a/epoch-176.pkl
2017-01-26 23:12:07,308 INFO     epoch: 176 took 12.057s (0.004s in batching)
training loss:	0.573320
validation loss:	0.622850
validation error:	0.339612
2017-01-26 23:12:07,311 INFO     Wrote output to trainNN/out/v045-unified-16-gf17a658-dirty:simple-ff-ffv-adam-75-40-mintalklen-0-a/config.json
2017-01-26 23:12:18,687 INFO     Saving network params to trainNN/out/v045-unified-16-gf17a658-dirty:simple-ff-ffv-adam-75-40-mintalklen-0-a/epoch-177.pkl
2017-01-26 23:12:19,183 INFO     epoch: 177 took 11.875s (0.003s in batching)
training loss:	0.572993
validation loss:	0.624175
validation error:	0.338436
2017-01-26 23:12:19,186 INFO     Wrote output to trainNN/out/v045-unified-16-gf17a658-dirty:simple-ff-ffv-adam-75-40-mintalklen-0-a/config.json
2017-01-26 23:12:31,444 INFO     Saving network params to trainNN/out/v045-unified-16-gf17a658-dirty:simple-ff-ffv-adam-75-40-mintalklen-0-a/epoch-178.pkl
2017-01-26 23:12:32,060 INFO     epoch: 178 took 12.876s (0.004s in batching)
training loss:	0.573031
validation loss:	0.628534
validation error:	0.337522
2017-01-26 23:12:32,063 INFO     Wrote output to trainNN/out/v045-unified-16-gf17a658-dirty:simple-ff-ffv-adam-75-40-mintalklen-0-a/config.json
2017-01-26 23:12:44,075 INFO     Saving network params to trainNN/out/v045-unified-16-gf17a658-dirty:simple-ff-ffv-adam-75-40-mintalklen-0-a/epoch-179.pkl
2017-01-26 23:12:44,632 INFO     epoch: 179 took 12.572s (0.005s in batching)
training loss:	0.573295
validation loss:	0.620402
validation error:	0.339668
2017-01-26 23:12:44,635 INFO     Wrote output to trainNN/out/v045-unified-16-gf17a658-dirty:simple-ff-ffv-adam-75-40-mintalklen-0-a/config.json
2017-01-26 23:12:56,159 INFO     Saving network params to trainNN/out/v045-unified-16-gf17a658-dirty:simple-ff-ffv-adam-75-40-mintalklen-0-a/epoch-180.pkl
2017-01-26 23:12:56,669 INFO     epoch: 180 took 12.037s (0.004s in batching)
training loss:	0.573279
validation loss:	0.624283
validation error:	0.337606
2017-01-26 23:12:56,672 INFO     Wrote output to trainNN/out/v045-unified-16-gf17a658-dirty:simple-ff-ffv-adam-75-40-mintalklen-0-a/config.json
2017-01-26 23:13:08,188 INFO     Saving network params to trainNN/out/v045-unified-16-gf17a658-dirty:simple-ff-ffv-adam-75-40-mintalklen-0-a/epoch-181.pkl
2017-01-26 23:13:08,671 INFO     epoch: 181 took 12.002s (0.003s in batching)
training loss:	0.573034
validation loss:	0.622165
validation error:	0.338035
2017-01-26 23:13:08,674 INFO     Wrote output to trainNN/out/v045-unified-16-gf17a658-dirty:simple-ff-ffv-adam-75-40-mintalklen-0-a/config.json
2017-01-26 23:13:20,269 INFO     Saving network params to trainNN/out/v045-unified-16-gf17a658-dirty:simple-ff-ffv-adam-75-40-mintalklen-0-a/epoch-182.pkl
2017-01-26 23:13:20,745 INFO     epoch: 182 took 12.074s (0.004s in batching)
training loss:	0.572782
validation loss:	0.620837
validation error:	0.336291
2017-01-26 23:13:20,748 INFO     Wrote output to trainNN/out/v045-unified-16-gf17a658-dirty:simple-ff-ffv-adam-75-40-mintalklen-0-a/config.json
2017-01-26 23:13:32,114 INFO     Saving network params to trainNN/out/v045-unified-16-gf17a658-dirty:simple-ff-ffv-adam-75-40-mintalklen-0-a/epoch-183.pkl
2017-01-26 23:13:32,594 INFO     epoch: 183 took 11.850s (0.003s in batching)
training loss:	0.572697
validation loss:	0.621182
validation error:	0.339779
2017-01-26 23:13:32,599 INFO     Wrote output to trainNN/out/v045-unified-16-gf17a658-dirty:simple-ff-ffv-adam-75-40-mintalklen-0-a/config.json
2017-01-26 23:13:44,212 INFO     Saving network params to trainNN/out/v045-unified-16-gf17a658-dirty:simple-ff-ffv-adam-75-40-mintalklen-0-a/epoch-184.pkl
2017-01-26 23:13:44,729 INFO     epoch: 184 took 12.135s (0.005s in batching)
training loss:	0.572928
validation loss:	0.625331
validation error:	0.338187
2017-01-26 23:13:44,732 INFO     Wrote output to trainNN/out/v045-unified-16-gf17a658-dirty:simple-ff-ffv-adam-75-40-mintalklen-0-a/config.json
2017-01-26 23:13:56,925 INFO     Saving network params to trainNN/out/v045-unified-16-gf17a658-dirty:simple-ff-ffv-adam-75-40-mintalklen-0-a/epoch-185.pkl
2017-01-26 23:13:57,652 INFO     epoch: 185 took 12.923s (0.004s in batching)
training loss:	0.572998
validation loss:	0.622526
validation error:	0.337882
2017-01-26 23:13:57,682 INFO     Wrote output to trainNN/out/v045-unified-16-gf17a658-dirty:simple-ff-ffv-adam-75-40-mintalklen-0-a/config.json
2017-01-26 23:14:09,309 INFO     Saving network params to trainNN/out/v045-unified-16-gf17a658-dirty:simple-ff-ffv-adam-75-40-mintalklen-0-a/epoch-186.pkl
2017-01-26 23:14:09,871 INFO     epoch: 186 took 12.219s (0.005s in batching)
training loss:	0.572899
validation loss:	0.624972
validation error:	0.336637
2017-01-26 23:14:09,875 INFO     Wrote output to trainNN/out/v045-unified-16-gf17a658-dirty:simple-ff-ffv-adam-75-40-mintalklen-0-a/config.json
2017-01-26 23:14:21,714 INFO     Saving network params to trainNN/out/v045-unified-16-gf17a658-dirty:simple-ff-ffv-adam-75-40-mintalklen-0-a/epoch-187.pkl
2017-01-26 23:14:22,294 INFO     epoch: 187 took 12.423s (0.004s in batching)
training loss:	0.572825
validation loss:	0.622926
validation error:	0.337356
2017-01-26 23:14:22,299 INFO     Wrote output to trainNN/out/v045-unified-16-gf17a658-dirty:simple-ff-ffv-adam-75-40-mintalklen-0-a/config.json
2017-01-26 23:14:34,064 INFO     Saving network params to trainNN/out/v045-unified-16-gf17a658-dirty:simple-ff-ffv-adam-75-40-mintalklen-0-a/epoch-188.pkl
2017-01-26 23:14:34,582 INFO     epoch: 188 took 12.287s (0.005s in batching)
training loss:	0.572942
validation loss:	0.625456
validation error:	0.339599
2017-01-26 23:14:34,586 INFO     Wrote output to trainNN/out/v045-unified-16-gf17a658-dirty:simple-ff-ffv-adam-75-40-mintalklen-0-a/config.json
2017-01-26 23:14:46,029 INFO     Saving network params to trainNN/out/v045-unified-16-gf17a658-dirty:simple-ff-ffv-adam-75-40-mintalklen-0-a/epoch-189.pkl
2017-01-26 23:14:46,525 INFO     epoch: 189 took 11.944s (0.004s in batching)
training loss:	0.572829
validation loss:	0.627736
validation error:	0.342325
2017-01-26 23:14:46,530 INFO     Wrote output to trainNN/out/v045-unified-16-gf17a658-dirty:simple-ff-ffv-adam-75-40-mintalklen-0-a/config.json
2017-01-26 23:14:58,122 INFO     Saving network params to trainNN/out/v045-unified-16-gf17a658-dirty:simple-ff-ffv-adam-75-40-mintalklen-0-a/epoch-190.pkl
2017-01-26 23:14:58,604 INFO     epoch: 190 took 12.079s (0.004s in batching)
training loss:	0.572851
validation loss:	0.628855
validation error:	0.344291
2017-01-26 23:14:58,607 INFO     Wrote output to trainNN/out/v045-unified-16-gf17a658-dirty:simple-ff-ffv-adam-75-40-mintalklen-0-a/config.json
2017-01-26 23:15:10,254 INFO     Saving network params to trainNN/out/v045-unified-16-gf17a658-dirty:simple-ff-ffv-adam-75-40-mintalklen-0-a/epoch-191.pkl
2017-01-26 23:15:10,730 INFO     epoch: 191 took 12.125s (0.003s in batching)
training loss:	0.572547
validation loss:	0.626297
validation error:	0.340180
2017-01-26 23:15:10,755 INFO     Wrote output to trainNN/out/v045-unified-16-gf17a658-dirty:simple-ff-ffv-adam-75-40-mintalklen-0-a/config.json
2017-01-26 23:15:22,175 INFO     Saving network params to trainNN/out/v045-unified-16-gf17a658-dirty:simple-ff-ffv-adam-75-40-mintalklen-0-a/epoch-192.pkl
2017-01-26 23:15:22,669 INFO     epoch: 192 took 11.940s (0.003s in batching)
training loss:	0.572774
validation loss:	0.623576
validation error:	0.338657
2017-01-26 23:15:22,674 INFO     Wrote output to trainNN/out/v045-unified-16-gf17a658-dirty:simple-ff-ffv-adam-75-40-mintalklen-0-a/config.json
2017-01-26 23:15:34,540 INFO     Saving network params to trainNN/out/v045-unified-16-gf17a658-dirty:simple-ff-ffv-adam-75-40-mintalklen-0-a/epoch-193.pkl
2017-01-26 23:15:35,054 INFO     epoch: 193 took 12.385s (0.005s in batching)
training loss:	0.572585
validation loss:	0.623832
validation error:	0.337343
2017-01-26 23:15:35,059 INFO     Wrote output to trainNN/out/v045-unified-16-gf17a658-dirty:simple-ff-ffv-adam-75-40-mintalklen-0-a/config.json
2017-01-26 23:15:46,647 INFO     Saving network params to trainNN/out/v045-unified-16-gf17a658-dirty:simple-ff-ffv-adam-75-40-mintalklen-0-a/epoch-194.pkl
2017-01-26 23:15:47,148 INFO     epoch: 194 took 12.094s (0.004s in batching)
training loss:	0.572429
validation loss:	0.632197
validation error:	0.352138
2017-01-26 23:15:47,153 INFO     Wrote output to trainNN/out/v045-unified-16-gf17a658-dirty:simple-ff-ffv-adam-75-40-mintalklen-0-a/config.json
2017-01-26 23:15:58,471 INFO     Saving network params to trainNN/out/v045-unified-16-gf17a658-dirty:simple-ff-ffv-adam-75-40-mintalklen-0-a/epoch-195.pkl
2017-01-26 23:15:58,962 INFO     epoch: 195 took 11.814s (0.004s in batching)
training loss:	0.572614
validation loss:	0.619496
validation error:	0.335349
2017-01-26 23:15:58,967 INFO     Wrote output to trainNN/out/v045-unified-16-gf17a658-dirty:simple-ff-ffv-adam-75-40-mintalklen-0-a/config.json
2017-01-26 23:16:10,681 INFO     Saving network params to trainNN/out/v045-unified-16-gf17a658-dirty:simple-ff-ffv-adam-75-40-mintalklen-0-a/epoch-196.pkl
2017-01-26 23:16:11,258 INFO     epoch: 196 took 12.296s (0.005s in batching)
training loss:	0.572528
validation loss:	0.622452
validation error:	0.335958
2017-01-26 23:16:11,261 INFO     Wrote output to trainNN/out/v045-unified-16-gf17a658-dirty:simple-ff-ffv-adam-75-40-mintalklen-0-a/config.json
2017-01-26 23:16:23,165 INFO     Saving network params to trainNN/out/v045-unified-16-gf17a658-dirty:simple-ff-ffv-adam-75-40-mintalklen-0-a/epoch-197.pkl
2017-01-26 23:16:23,751 INFO     epoch: 197 took 12.493s (0.004s in batching)
training loss:	0.572469
validation loss:	0.624981
validation error:	0.338104
2017-01-26 23:16:23,779 INFO     Wrote output to trainNN/out/v045-unified-16-gf17a658-dirty:simple-ff-ffv-adam-75-40-mintalklen-0-a/config.json
2017-01-26 23:16:35,473 INFO     Saving network params to trainNN/out/v045-unified-16-gf17a658-dirty:simple-ff-ffv-adam-75-40-mintalklen-0-a/epoch-198.pkl
2017-01-26 23:16:35,996 INFO     epoch: 198 took 12.245s (0.005s in batching)
training loss:	0.572701
validation loss:	0.625088
validation error:	0.340471
2017-01-26 23:16:35,999 INFO     Wrote output to trainNN/out/v045-unified-16-gf17a658-dirty:simple-ff-ffv-adam-75-40-mintalklen-0-a/config.json
2017-01-26 23:16:47,837 INFO     Saving network params to trainNN/out/v045-unified-16-gf17a658-dirty:simple-ff-ffv-adam-75-40-mintalklen-0-a/epoch-199.pkl
2017-01-26 23:16:48,350 INFO     epoch: 199 took 12.354s (0.005s in batching)
training loss:	0.572462
validation loss:	0.624925
validation error:	0.340913
2017-01-26 23:16:48,353 INFO     Wrote output to trainNN/out/v045-unified-16-gf17a658-dirty:simple-ff-ffv-adam-75-40-mintalklen-0-a/config.json
