2017-02-05 05:10:58,783 DEBUG    version=v048-finunified-4-ga18ab48-dirty:lstm-best-context-1000ms
2017-02-05 05:10:58,784 INFO     Open DBase(data/db/all240302-spk.dat, data/db/all240302-spk.idx, mode='r')
2017-02-05 05:11:14,159 DEBUG    extracting and saving data to data/cache/extract-dbae36ffdd026d965de719cdec8f612a329307d9b84412ed067f55618c64f8ac.pickle
2017-02-05 05:12:29,439 DEBUG    set input dim to 14
2017-02-05 05:12:29,507 DEBUG    input dim = 14
2017-02-05 05:12:29,522 DEBUG    shuffling batches
2017-02-05 05:12:34,228 DEBUG    shuffling done
2017-02-05 05:12:34,228 DEBUG    loading data into ram
2017-02-05 05:12:34,359 DEBUG    loading data took 0.131s (cpu: 0.131s)
2017-02-05 05:12:34,692 DEBUG    set input dim to 14
2017-02-05 05:12:34,692 DEBUG    input dim = 14
2017-02-05 05:12:34,723 DEBUG    shuffling batches
2017-02-05 05:12:35,180 DEBUG    shuffling done
2017-02-05 05:12:35,180 DEBUG    loading data into ram
2017-02-05 05:12:35,194 DEBUG    loading data took 0.014s (cpu: 0.014s)
2017-02-05 05:12:35,777 DEBUG    Applying L2 regularization with 0.000100
2017-02-05 05:12:35,999 INFO     Training network with 39027 trainable out of 39237 total params.
2017-02-05 05:12:36,964 DEBUG    Using adam with learning_rate=0.001000
2017-02-05 05:13:18,630 DEBUG    Starting training...
2017-02-05 05:14:20,549 INFO     Saving network params to trainNN/out/v048-finunified-4-ga18ab48-dirty:lstm-best-context-1000ms/epoch-000.pkl
2017-02-05 05:14:21,959 INFO     epoch: 0 took 63.328s (0.001s in batching)
training loss:	0.615346
validation loss:	0.578034
validation error:	0.298700
2017-02-05 05:14:21,961 INFO     Wrote output to trainNN/out/v048-finunified-4-ga18ab48-dirty:lstm-best-context-1000ms/config.json
2017-02-05 05:15:25,813 INFO     Saving network params to trainNN/out/v048-finunified-4-ga18ab48-dirty:lstm-best-context-1000ms/epoch-001.pkl
2017-02-05 05:15:27,251 INFO     epoch: 1 took 65.293s (0.001s in batching)
training loss:	0.587898
validation loss:	0.567345
validation error:	0.296900
2017-02-05 05:15:27,254 INFO     Wrote output to trainNN/out/v048-finunified-4-ga18ab48-dirty:lstm-best-context-1000ms/config.json
2017-02-05 05:16:31,170 INFO     Saving network params to trainNN/out/v048-finunified-4-ga18ab48-dirty:lstm-best-context-1000ms/epoch-002.pkl
2017-02-05 05:16:32,613 INFO     epoch: 2 took 65.362s (0.001s in batching)
training loss:	0.577628
validation loss:	0.563570
validation error:	0.288500
2017-02-05 05:16:32,616 INFO     Wrote output to trainNN/out/v048-finunified-4-ga18ab48-dirty:lstm-best-context-1000ms/config.json
2017-02-05 05:17:36,509 INFO     Saving network params to trainNN/out/v048-finunified-4-ga18ab48-dirty:lstm-best-context-1000ms/epoch-003.pkl
2017-02-05 05:17:37,905 INFO     epoch: 3 took 65.291s (0.001s in batching)
training loss:	0.572479
validation loss:	0.561795
validation error:	0.288400
2017-02-05 05:17:37,907 INFO     Wrote output to trainNN/out/v048-finunified-4-ga18ab48-dirty:lstm-best-context-1000ms/config.json
2017-02-05 05:18:41,788 INFO     Saving network params to trainNN/out/v048-finunified-4-ga18ab48-dirty:lstm-best-context-1000ms/epoch-004.pkl
2017-02-05 05:18:43,223 INFO     epoch: 4 took 65.319s (0.001s in batching)
training loss:	0.567220
validation loss:	0.551991
validation error:	0.279100
2017-02-05 05:18:43,226 INFO     Wrote output to trainNN/out/v048-finunified-4-ga18ab48-dirty:lstm-best-context-1000ms/config.json
2017-02-05 05:19:47,188 INFO     Saving network params to trainNN/out/v048-finunified-4-ga18ab48-dirty:lstm-best-context-1000ms/epoch-005.pkl
2017-02-05 05:19:48,601 INFO     epoch: 5 took 65.378s (0.001s in batching)
training loss:	0.562343
validation loss:	0.548108
validation error:	0.275400
2017-02-05 05:19:48,604 INFO     Wrote output to trainNN/out/v048-finunified-4-ga18ab48-dirty:lstm-best-context-1000ms/config.json
2017-02-05 05:20:52,438 INFO     Saving network params to trainNN/out/v048-finunified-4-ga18ab48-dirty:lstm-best-context-1000ms/epoch-006.pkl
2017-02-05 05:20:53,880 INFO     epoch: 6 took 65.279s (0.001s in batching)
training loss:	0.558901
validation loss:	0.543062
validation error:	0.271300
2017-02-05 05:20:53,883 INFO     Wrote output to trainNN/out/v048-finunified-4-ga18ab48-dirty:lstm-best-context-1000ms/config.json
2017-02-05 05:21:58,008 INFO     Saving network params to trainNN/out/v048-finunified-4-ga18ab48-dirty:lstm-best-context-1000ms/epoch-007.pkl
2017-02-05 05:21:59,406 INFO     epoch: 7 took 65.526s (0.001s in batching)
training loss:	0.555345
validation loss:	0.546046
validation error:	0.274200
2017-02-05 05:21:59,409 INFO     Wrote output to trainNN/out/v048-finunified-4-ga18ab48-dirty:lstm-best-context-1000ms/config.json
2017-02-05 05:23:03,418 INFO     Saving network params to trainNN/out/v048-finunified-4-ga18ab48-dirty:lstm-best-context-1000ms/epoch-008.pkl
2017-02-05 05:23:04,826 INFO     epoch: 8 took 65.421s (0.001s in batching)
training loss:	0.551995
validation loss:	0.546274
validation error:	0.273600
2017-02-05 05:23:04,829 INFO     Wrote output to trainNN/out/v048-finunified-4-ga18ab48-dirty:lstm-best-context-1000ms/config.json
2017-02-05 05:24:08,789 INFO     Saving network params to trainNN/out/v048-finunified-4-ga18ab48-dirty:lstm-best-context-1000ms/epoch-009.pkl
2017-02-05 05:24:10,219 INFO     epoch: 9 took 65.393s (0.001s in batching)
training loss:	0.548486
validation loss:	0.539429
validation error:	0.268300
2017-02-05 05:24:10,222 INFO     Wrote output to trainNN/out/v048-finunified-4-ga18ab48-dirty:lstm-best-context-1000ms/config.json
2017-02-05 05:25:14,251 INFO     Saving network params to trainNN/out/v048-finunified-4-ga18ab48-dirty:lstm-best-context-1000ms/epoch-010.pkl
2017-02-05 05:25:15,676 INFO     epoch: 10 took 65.457s (0.001s in batching)
training loss:	0.544294
validation loss:	0.535039
validation error:	0.264800
2017-02-05 05:25:15,679 INFO     Wrote output to trainNN/out/v048-finunified-4-ga18ab48-dirty:lstm-best-context-1000ms/config.json
2017-02-05 05:26:19,583 INFO     Saving network params to trainNN/out/v048-finunified-4-ga18ab48-dirty:lstm-best-context-1000ms/epoch-011.pkl
2017-02-05 05:26:20,999 INFO     epoch: 11 took 65.323s (0.001s in batching)
training loss:	0.542051
validation loss:	0.534244
validation error:	0.265800
2017-02-05 05:26:21,003 INFO     Wrote output to trainNN/out/v048-finunified-4-ga18ab48-dirty:lstm-best-context-1000ms/config.json
2017-02-05 05:27:24,641 INFO     Saving network params to trainNN/out/v048-finunified-4-ga18ab48-dirty:lstm-best-context-1000ms/epoch-012.pkl
2017-02-05 05:27:26,030 INFO     epoch: 12 took 65.031s (0.001s in batching)
training loss:	0.540048
validation loss:	0.531140
validation error:	0.262900
2017-02-05 05:27:26,033 INFO     Wrote output to trainNN/out/v048-finunified-4-ga18ab48-dirty:lstm-best-context-1000ms/config.json
2017-02-05 05:28:29,968 INFO     Saving network params to trainNN/out/v048-finunified-4-ga18ab48-dirty:lstm-best-context-1000ms/epoch-013.pkl
2017-02-05 05:28:31,397 INFO     epoch: 13 took 65.366s (0.001s in batching)
training loss:	0.537975
validation loss:	0.527631
validation error:	0.258900
2017-02-05 05:28:31,400 INFO     Wrote output to trainNN/out/v048-finunified-4-ga18ab48-dirty:lstm-best-context-1000ms/config.json
2017-02-05 05:29:35,203 INFO     Saving network params to trainNN/out/v048-finunified-4-ga18ab48-dirty:lstm-best-context-1000ms/epoch-014.pkl
2017-02-05 05:29:36,629 INFO     epoch: 14 took 65.232s (0.001s in batching)
training loss:	0.537497
validation loss:	0.529582
validation error:	0.263400
2017-02-05 05:29:36,632 INFO     Wrote output to trainNN/out/v048-finunified-4-ga18ab48-dirty:lstm-best-context-1000ms/config.json
2017-02-05 05:30:40,380 INFO     Saving network params to trainNN/out/v048-finunified-4-ga18ab48-dirty:lstm-best-context-1000ms/epoch-015.pkl
2017-02-05 05:30:41,792 INFO     epoch: 15 took 65.163s (0.001s in batching)
training loss:	0.535929
validation loss:	0.527015
validation error:	0.261600
2017-02-05 05:30:41,795 INFO     Wrote output to trainNN/out/v048-finunified-4-ga18ab48-dirty:lstm-best-context-1000ms/config.json
2017-02-05 05:31:45,519 INFO     Saving network params to trainNN/out/v048-finunified-4-ga18ab48-dirty:lstm-best-context-1000ms/epoch-016.pkl
2017-02-05 05:31:46,919 INFO     epoch: 16 took 65.127s (0.001s in batching)
training loss:	0.534444
validation loss:	0.524550
validation error:	0.259300
2017-02-05 05:31:46,922 INFO     Wrote output to trainNN/out/v048-finunified-4-ga18ab48-dirty:lstm-best-context-1000ms/config.json
2017-02-05 05:32:50,788 INFO     Saving network params to trainNN/out/v048-finunified-4-ga18ab48-dirty:lstm-best-context-1000ms/epoch-017.pkl
2017-02-05 05:32:52,171 INFO     epoch: 17 took 65.252s (0.001s in batching)
training loss:	0.532817
validation loss:	0.525688
validation error:	0.260600
2017-02-05 05:32:52,174 INFO     Wrote output to trainNN/out/v048-finunified-4-ga18ab48-dirty:lstm-best-context-1000ms/config.json
2017-02-05 05:33:55,777 INFO     Saving network params to trainNN/out/v048-finunified-4-ga18ab48-dirty:lstm-best-context-1000ms/epoch-018.pkl
2017-02-05 05:33:57,185 INFO     epoch: 18 took 65.014s (0.001s in batching)
training loss:	0.530998
validation loss:	0.523838
validation error:	0.260400
2017-02-05 05:33:57,188 INFO     Wrote output to trainNN/out/v048-finunified-4-ga18ab48-dirty:lstm-best-context-1000ms/config.json
2017-02-05 05:35:00,836 INFO     Saving network params to trainNN/out/v048-finunified-4-ga18ab48-dirty:lstm-best-context-1000ms/epoch-019.pkl
2017-02-05 05:35:02,236 INFO     epoch: 19 took 65.052s (0.001s in batching)
training loss:	0.530348
validation loss:	0.525975
validation error:	0.259900
2017-02-05 05:35:02,239 INFO     Wrote output to trainNN/out/v048-finunified-4-ga18ab48-dirty:lstm-best-context-1000ms/config.json
2017-02-05 05:36:05,510 INFO     Saving network params to trainNN/out/v048-finunified-4-ga18ab48-dirty:lstm-best-context-1000ms/epoch-020.pkl
2017-02-05 05:36:06,920 INFO     epoch: 20 took 64.684s (0.001s in batching)
training loss:	0.529721
validation loss:	0.525867
validation error:	0.260600
2017-02-05 05:36:06,924 INFO     Wrote output to trainNN/out/v048-finunified-4-ga18ab48-dirty:lstm-best-context-1000ms/config.json
2017-02-05 05:37:10,560 INFO     Saving network params to trainNN/out/v048-finunified-4-ga18ab48-dirty:lstm-best-context-1000ms/epoch-021.pkl
2017-02-05 05:37:11,965 INFO     epoch: 21 took 65.044s (0.001s in batching)
training loss:	0.528580
validation loss:	0.522057
validation error:	0.256900
2017-02-05 05:37:11,968 INFO     Wrote output to trainNN/out/v048-finunified-4-ga18ab48-dirty:lstm-best-context-1000ms/config.json
2017-02-05 05:38:15,776 INFO     Saving network params to trainNN/out/v048-finunified-4-ga18ab48-dirty:lstm-best-context-1000ms/epoch-022.pkl
2017-02-05 05:38:17,154 INFO     epoch: 22 took 65.190s (0.001s in batching)
training loss:	0.527253
validation loss:	0.525764
validation error:	0.257600
2017-02-05 05:38:17,158 INFO     Wrote output to trainNN/out/v048-finunified-4-ga18ab48-dirty:lstm-best-context-1000ms/config.json
2017-02-05 05:39:20,873 INFO     Saving network params to trainNN/out/v048-finunified-4-ga18ab48-dirty:lstm-best-context-1000ms/epoch-023.pkl
2017-02-05 05:39:22,267 INFO     epoch: 23 took 65.112s (0.001s in batching)
training loss:	0.526630
validation loss:	0.525698
validation error:	0.258400
2017-02-05 05:39:22,270 INFO     Wrote output to trainNN/out/v048-finunified-4-ga18ab48-dirty:lstm-best-context-1000ms/config.json
2017-02-05 05:40:25,774 INFO     Saving network params to trainNN/out/v048-finunified-4-ga18ab48-dirty:lstm-best-context-1000ms/epoch-024.pkl
2017-02-05 05:40:27,180 INFO     epoch: 24 took 64.913s (0.001s in batching)
training loss:	0.526423
validation loss:	0.521916
validation error:	0.259500
2017-02-05 05:40:27,183 INFO     Wrote output to trainNN/out/v048-finunified-4-ga18ab48-dirty:lstm-best-context-1000ms/config.json
2017-02-05 05:41:30,556 INFO     Saving network params to trainNN/out/v048-finunified-4-ga18ab48-dirty:lstm-best-context-1000ms/epoch-025.pkl
2017-02-05 05:41:32,007 INFO     epoch: 25 took 64.827s (0.001s in batching)
training loss:	0.525232
validation loss:	0.522532
validation error:	0.258300
2017-02-05 05:41:32,011 INFO     Wrote output to trainNN/out/v048-finunified-4-ga18ab48-dirty:lstm-best-context-1000ms/config.json
2017-02-05 05:42:35,412 INFO     Saving network params to trainNN/out/v048-finunified-4-ga18ab48-dirty:lstm-best-context-1000ms/epoch-026.pkl
2017-02-05 05:42:36,834 INFO     epoch: 26 took 64.827s (0.001s in batching)
training loss:	0.524803
validation loss:	0.531374
validation error:	0.264300
2017-02-05 05:42:36,838 INFO     Wrote output to trainNN/out/v048-finunified-4-ga18ab48-dirty:lstm-best-context-1000ms/config.json
2017-02-05 05:43:40,518 INFO     Saving network params to trainNN/out/v048-finunified-4-ga18ab48-dirty:lstm-best-context-1000ms/epoch-027.pkl
2017-02-05 05:43:41,889 INFO     epoch: 27 took 65.055s (0.001s in batching)
training loss:	0.524582
validation loss:	0.524843
validation error:	0.259600
2017-02-05 05:43:41,893 INFO     Wrote output to trainNN/out/v048-finunified-4-ga18ab48-dirty:lstm-best-context-1000ms/config.json
2017-02-05 05:44:45,308 INFO     Saving network params to trainNN/out/v048-finunified-4-ga18ab48-dirty:lstm-best-context-1000ms/epoch-028.pkl
2017-02-05 05:44:46,720 INFO     epoch: 28 took 64.831s (0.001s in batching)
training loss:	0.523418
validation loss:	0.520586
validation error:	0.255900
2017-02-05 05:44:46,724 INFO     Wrote output to trainNN/out/v048-finunified-4-ga18ab48-dirty:lstm-best-context-1000ms/config.json
2017-02-05 05:45:50,308 INFO     Saving network params to trainNN/out/v048-finunified-4-ga18ab48-dirty:lstm-best-context-1000ms/epoch-029.pkl
2017-02-05 05:45:51,684 INFO     epoch: 29 took 64.964s (0.001s in batching)
training loss:	0.522496
validation loss:	0.522052
validation error:	0.255900
2017-02-05 05:45:51,688 INFO     Wrote output to trainNN/out/v048-finunified-4-ga18ab48-dirty:lstm-best-context-1000ms/config.json
2017-02-05 05:46:55,346 INFO     Saving network params to trainNN/out/v048-finunified-4-ga18ab48-dirty:lstm-best-context-1000ms/epoch-030.pkl
2017-02-05 05:46:56,766 INFO     epoch: 30 took 65.082s (0.001s in batching)
training loss:	0.521829
validation loss:	0.520348
validation error:	0.256600
2017-02-05 05:46:56,770 INFO     Wrote output to trainNN/out/v048-finunified-4-ga18ab48-dirty:lstm-best-context-1000ms/config.json
2017-02-05 05:48:00,583 INFO     Saving network params to trainNN/out/v048-finunified-4-ga18ab48-dirty:lstm-best-context-1000ms/epoch-031.pkl
2017-02-05 05:48:02,009 INFO     epoch: 31 took 65.242s (0.001s in batching)
training loss:	0.520562
validation loss:	0.522280
validation error:	0.257500
2017-02-05 05:48:02,013 INFO     Wrote output to trainNN/out/v048-finunified-4-ga18ab48-dirty:lstm-best-context-1000ms/config.json
2017-02-05 05:49:05,313 INFO     Saving network params to trainNN/out/v048-finunified-4-ga18ab48-dirty:lstm-best-context-1000ms/epoch-032.pkl
2017-02-05 05:49:06,705 INFO     epoch: 32 took 64.697s (0.001s in batching)
training loss:	0.520858
validation loss:	0.520251
validation error:	0.257300
2017-02-05 05:49:06,709 INFO     Wrote output to trainNN/out/v048-finunified-4-ga18ab48-dirty:lstm-best-context-1000ms/config.json
2017-02-05 05:50:10,480 INFO     Saving network params to trainNN/out/v048-finunified-4-ga18ab48-dirty:lstm-best-context-1000ms/epoch-033.pkl
2017-02-05 05:50:11,897 INFO     epoch: 33 took 65.192s (0.001s in batching)
training loss:	0.520496
validation loss:	0.523222
validation error:	0.261500
2017-02-05 05:50:11,901 INFO     Wrote output to trainNN/out/v048-finunified-4-ga18ab48-dirty:lstm-best-context-1000ms/config.json
2017-02-05 05:51:16,392 INFO     Saving network params to trainNN/out/v048-finunified-4-ga18ab48-dirty:lstm-best-context-1000ms/epoch-034.pkl
2017-02-05 05:51:17,834 INFO     epoch: 34 took 65.937s (0.001s in batching)
training loss:	0.519162
validation loss:	0.522016
validation error:	0.259800
2017-02-05 05:51:17,838 INFO     Wrote output to trainNN/out/v048-finunified-4-ga18ab48-dirty:lstm-best-context-1000ms/config.json
2017-02-05 05:52:22,377 INFO     Saving network params to trainNN/out/v048-finunified-4-ga18ab48-dirty:lstm-best-context-1000ms/epoch-035.pkl
2017-02-05 05:52:23,811 INFO     epoch: 35 took 65.976s (0.001s in batching)
training loss:	0.518900
validation loss:	0.523715
validation error:	0.259200
2017-02-05 05:52:23,815 INFO     Wrote output to trainNN/out/v048-finunified-4-ga18ab48-dirty:lstm-best-context-1000ms/config.json
2017-02-05 05:53:28,692 INFO     Saving network params to trainNN/out/v048-finunified-4-ga18ab48-dirty:lstm-best-context-1000ms/epoch-036.pkl
2017-02-05 05:53:30,119 INFO     epoch: 36 took 66.308s (0.001s in batching)
training loss:	0.518316
validation loss:	0.519350
validation error:	0.255500
2017-02-05 05:53:30,123 INFO     Wrote output to trainNN/out/v048-finunified-4-ga18ab48-dirty:lstm-best-context-1000ms/config.json
2017-02-05 05:54:34,986 INFO     Saving network params to trainNN/out/v048-finunified-4-ga18ab48-dirty:lstm-best-context-1000ms/epoch-037.pkl
2017-02-05 05:54:36,395 INFO     epoch: 37 took 66.276s (0.001s in batching)
training loss:	0.517913
validation loss:	0.521271
validation error:	0.259600
2017-02-05 05:54:36,399 INFO     Wrote output to trainNN/out/v048-finunified-4-ga18ab48-dirty:lstm-best-context-1000ms/config.json
2017-02-05 05:55:41,078 INFO     Saving network params to trainNN/out/v048-finunified-4-ga18ab48-dirty:lstm-best-context-1000ms/epoch-038.pkl
2017-02-05 05:55:42,492 INFO     epoch: 38 took 66.097s (0.001s in batching)
training loss:	0.516900
validation loss:	0.523141
validation error:	0.261100
2017-02-05 05:55:42,496 INFO     Wrote output to trainNN/out/v048-finunified-4-ga18ab48-dirty:lstm-best-context-1000ms/config.json
2017-02-05 05:56:47,369 INFO     Saving network params to trainNN/out/v048-finunified-4-ga18ab48-dirty:lstm-best-context-1000ms/epoch-039.pkl
2017-02-05 05:56:48,794 INFO     epoch: 39 took 66.302s (0.001s in batching)
training loss:	0.516255
validation loss:	0.520477
validation error:	0.255900
2017-02-05 05:56:48,798 INFO     Wrote output to trainNN/out/v048-finunified-4-ga18ab48-dirty:lstm-best-context-1000ms/config.json
2017-02-05 05:57:53,449 INFO     Saving network params to trainNN/out/v048-finunified-4-ga18ab48-dirty:lstm-best-context-1000ms/epoch-040.pkl
2017-02-05 05:57:54,880 INFO     epoch: 40 took 66.086s (0.001s in batching)
training loss:	0.516042
validation loss:	0.517625
validation error:	0.254800
2017-02-05 05:57:54,884 INFO     Wrote output to trainNN/out/v048-finunified-4-ga18ab48-dirty:lstm-best-context-1000ms/config.json
2017-02-05 05:58:59,569 INFO     Saving network params to trainNN/out/v048-finunified-4-ga18ab48-dirty:lstm-best-context-1000ms/epoch-041.pkl
2017-02-05 05:59:00,944 INFO     epoch: 41 took 66.065s (0.001s in batching)
training loss:	0.516110
validation loss:	0.519217
validation error:	0.254600
2017-02-05 05:59:00,949 INFO     Wrote output to trainNN/out/v048-finunified-4-ga18ab48-dirty:lstm-best-context-1000ms/config.json
2017-02-05 06:00:06,016 INFO     Saving network params to trainNN/out/v048-finunified-4-ga18ab48-dirty:lstm-best-context-1000ms/epoch-042.pkl
2017-02-05 06:00:07,442 INFO     epoch: 42 took 66.498s (0.001s in batching)
training loss:	0.514716
validation loss:	0.521629
validation error:	0.256700
2017-02-05 06:00:07,446 INFO     Wrote output to trainNN/out/v048-finunified-4-ga18ab48-dirty:lstm-best-context-1000ms/config.json
2017-02-05 06:01:12,322 INFO     Saving network params to trainNN/out/v048-finunified-4-ga18ab48-dirty:lstm-best-context-1000ms/epoch-043.pkl
2017-02-05 06:01:13,763 INFO     epoch: 43 took 66.321s (0.001s in batching)
training loss:	0.514683
validation loss:	0.518516
validation error:	0.251700
2017-02-05 06:01:13,768 INFO     Wrote output to trainNN/out/v048-finunified-4-ga18ab48-dirty:lstm-best-context-1000ms/config.json
2017-02-05 06:02:18,937 INFO     Saving network params to trainNN/out/v048-finunified-4-ga18ab48-dirty:lstm-best-context-1000ms/epoch-044.pkl
2017-02-05 06:02:20,395 INFO     epoch: 44 took 66.632s (0.001s in batching)
training loss:	0.514715
validation loss:	0.521265
validation error:	0.260400
2017-02-05 06:02:20,400 INFO     Wrote output to trainNN/out/v048-finunified-4-ga18ab48-dirty:lstm-best-context-1000ms/config.json
2017-02-05 06:03:25,288 INFO     Saving network params to trainNN/out/v048-finunified-4-ga18ab48-dirty:lstm-best-context-1000ms/epoch-045.pkl
2017-02-05 06:03:26,719 INFO     epoch: 45 took 66.324s (0.001s in batching)
training loss:	0.513329
validation loss:	0.527271
validation error:	0.261700
2017-02-05 06:03:26,724 INFO     Wrote output to trainNN/out/v048-finunified-4-ga18ab48-dirty:lstm-best-context-1000ms/config.json
2017-02-05 06:04:31,375 INFO     Saving network params to trainNN/out/v048-finunified-4-ga18ab48-dirty:lstm-best-context-1000ms/epoch-046.pkl
2017-02-05 06:04:32,792 INFO     epoch: 46 took 66.073s (0.001s in batching)
training loss:	0.513892
validation loss:	0.518028
validation error:	0.254200
2017-02-05 06:04:32,796 INFO     Wrote output to trainNN/out/v048-finunified-4-ga18ab48-dirty:lstm-best-context-1000ms/config.json
2017-02-05 06:05:37,853 INFO     Saving network params to trainNN/out/v048-finunified-4-ga18ab48-dirty:lstm-best-context-1000ms/epoch-047.pkl
2017-02-05 06:05:39,274 INFO     epoch: 47 took 66.482s (0.001s in batching)
training loss:	0.512339
validation loss:	0.520430
validation error:	0.256600
2017-02-05 06:05:39,278 INFO     Wrote output to trainNN/out/v048-finunified-4-ga18ab48-dirty:lstm-best-context-1000ms/config.json
2017-02-05 06:06:44,297 INFO     Saving network params to trainNN/out/v048-finunified-4-ga18ab48-dirty:lstm-best-context-1000ms/epoch-048.pkl
2017-02-05 06:06:45,717 INFO     epoch: 48 took 66.443s (0.001s in batching)
training loss:	0.512345
validation loss:	0.524668
validation error:	0.260400
2017-02-05 06:06:45,722 INFO     Wrote output to trainNN/out/v048-finunified-4-ga18ab48-dirty:lstm-best-context-1000ms/config.json
2017-02-05 06:07:50,615 INFO     Saving network params to trainNN/out/v048-finunified-4-ga18ab48-dirty:lstm-best-context-1000ms/epoch-049.pkl
2017-02-05 06:07:52,053 INFO     epoch: 49 took 66.336s (0.001s in batching)
training loss:	0.512247
validation loss:	0.519953
validation error:	0.252100
2017-02-05 06:07:52,058 INFO     Wrote output to trainNN/out/v048-finunified-4-ga18ab48-dirty:lstm-best-context-1000ms/config.json
2017-02-05 06:08:57,160 INFO     Saving network params to trainNN/out/v048-finunified-4-ga18ab48-dirty:lstm-best-context-1000ms/epoch-050.pkl
2017-02-05 06:08:58,618 INFO     epoch: 50 took 66.565s (0.001s in batching)
training loss:	0.511870
validation loss:	0.520980
validation error:	0.254400
2017-02-05 06:08:58,623 INFO     Wrote output to trainNN/out/v048-finunified-4-ga18ab48-dirty:lstm-best-context-1000ms/config.json
2017-02-05 06:10:03,506 INFO     Saving network params to trainNN/out/v048-finunified-4-ga18ab48-dirty:lstm-best-context-1000ms/epoch-051.pkl
2017-02-05 06:10:04,944 INFO     epoch: 51 took 66.326s (0.001s in batching)
training loss:	0.511027
validation loss:	0.519567
validation error:	0.254200
2017-02-05 06:10:04,949 INFO     Wrote output to trainNN/out/v048-finunified-4-ga18ab48-dirty:lstm-best-context-1000ms/config.json
2017-02-05 06:11:09,880 INFO     Saving network params to trainNN/out/v048-finunified-4-ga18ab48-dirty:lstm-best-context-1000ms/epoch-052.pkl
2017-02-05 06:11:11,345 INFO     epoch: 52 took 66.401s (0.001s in batching)
training loss:	0.510137
validation loss:	0.523347
validation error:	0.257500
2017-02-05 06:11:11,350 INFO     Wrote output to trainNN/out/v048-finunified-4-ga18ab48-dirty:lstm-best-context-1000ms/config.json
2017-02-05 06:12:16,472 INFO     Saving network params to trainNN/out/v048-finunified-4-ga18ab48-dirty:lstm-best-context-1000ms/epoch-053.pkl
2017-02-05 06:12:17,918 INFO     epoch: 53 took 66.573s (0.001s in batching)
training loss:	0.509718
validation loss:	0.523632
validation error:	0.259100
2017-02-05 06:12:17,923 INFO     Wrote output to trainNN/out/v048-finunified-4-ga18ab48-dirty:lstm-best-context-1000ms/config.json
2017-02-05 06:13:22,738 INFO     Saving network params to trainNN/out/v048-finunified-4-ga18ab48-dirty:lstm-best-context-1000ms/epoch-054.pkl
2017-02-05 06:13:24,188 INFO     epoch: 54 took 66.270s (0.001s in batching)
training loss:	0.509800
validation loss:	0.521304
validation error:	0.258900
2017-02-05 06:13:24,193 INFO     Wrote output to trainNN/out/v048-finunified-4-ga18ab48-dirty:lstm-best-context-1000ms/config.json
2017-02-05 06:14:28,864 INFO     Saving network params to trainNN/out/v048-finunified-4-ga18ab48-dirty:lstm-best-context-1000ms/epoch-055.pkl
2017-02-05 06:14:30,296 INFO     epoch: 55 took 66.109s (0.001s in batching)
training loss:	0.508733
validation loss:	0.524866
validation error:	0.257600
2017-02-05 06:14:30,301 INFO     Wrote output to trainNN/out/v048-finunified-4-ga18ab48-dirty:lstm-best-context-1000ms/config.json
2017-02-05 06:15:35,170 INFO     Saving network params to trainNN/out/v048-finunified-4-ga18ab48-dirty:lstm-best-context-1000ms/epoch-056.pkl
2017-02-05 06:15:36,615 INFO     epoch: 56 took 66.319s (0.001s in batching)
training loss:	0.508913
validation loss:	0.528449
validation error:	0.262300
2017-02-05 06:15:36,620 INFO     Wrote output to trainNN/out/v048-finunified-4-ga18ab48-dirty:lstm-best-context-1000ms/config.json
2017-02-05 06:16:41,544 INFO     Saving network params to trainNN/out/v048-finunified-4-ga18ab48-dirty:lstm-best-context-1000ms/epoch-057.pkl
2017-02-05 06:16:42,961 INFO     epoch: 57 took 66.346s (0.001s in batching)
training loss:	0.509844
validation loss:	0.524244
validation error:	0.257200
2017-02-05 06:16:42,966 INFO     Wrote output to trainNN/out/v048-finunified-4-ga18ab48-dirty:lstm-best-context-1000ms/config.json
2017-02-05 06:17:47,828 INFO     Saving network params to trainNN/out/v048-finunified-4-ga18ab48-dirty:lstm-best-context-1000ms/epoch-058.pkl
2017-02-05 06:17:49,262 INFO     epoch: 58 took 66.300s (0.001s in batching)
training loss:	0.508001
validation loss:	0.522418
validation error:	0.254100
2017-02-05 06:17:49,267 INFO     Wrote output to trainNN/out/v048-finunified-4-ga18ab48-dirty:lstm-best-context-1000ms/config.json
2017-02-05 06:18:53,902 INFO     Saving network params to trainNN/out/v048-finunified-4-ga18ab48-dirty:lstm-best-context-1000ms/epoch-059.pkl
2017-02-05 06:18:55,329 INFO     epoch: 59 took 66.067s (0.001s in batching)
training loss:	0.507547
validation loss:	0.526445
validation error:	0.254900
2017-02-05 06:18:55,334 INFO     Wrote output to trainNN/out/v048-finunified-4-ga18ab48-dirty:lstm-best-context-1000ms/config.json
2017-02-05 06:20:00,022 INFO     Saving network params to trainNN/out/v048-finunified-4-ga18ab48-dirty:lstm-best-context-1000ms/epoch-060.pkl
2017-02-05 06:20:01,467 INFO     epoch: 60 took 66.138s (0.001s in batching)
training loss:	0.507526
validation loss:	0.524998
validation error:	0.256000
2017-02-05 06:20:01,472 INFO     Wrote output to trainNN/out/v048-finunified-4-ga18ab48-dirty:lstm-best-context-1000ms/config.json
2017-02-05 06:21:05,838 INFO     Saving network params to trainNN/out/v048-finunified-4-ga18ab48-dirty:lstm-best-context-1000ms/epoch-061.pkl
2017-02-05 06:21:07,234 INFO     epoch: 61 took 65.768s (0.001s in batching)
training loss:	0.507315
validation loss:	0.521961
validation error:	0.255500
2017-02-05 06:21:07,239 INFO     Wrote output to trainNN/out/v048-finunified-4-ga18ab48-dirty:lstm-best-context-1000ms/config.json
2017-02-05 06:22:11,565 INFO     Saving network params to trainNN/out/v048-finunified-4-ga18ab48-dirty:lstm-best-context-1000ms/epoch-062.pkl
2017-02-05 06:22:12,982 INFO     epoch: 62 took 65.748s (0.001s in batching)
training loss:	0.506397
validation loss:	0.524433
validation error:	0.260200
2017-02-05 06:22:12,987 INFO     Wrote output to trainNN/out/v048-finunified-4-ga18ab48-dirty:lstm-best-context-1000ms/config.json
2017-02-05 06:23:17,314 INFO     Saving network params to trainNN/out/v048-finunified-4-ga18ab48-dirty:lstm-best-context-1000ms/epoch-063.pkl
2017-02-05 06:23:18,706 INFO     epoch: 63 took 65.724s (0.001s in batching)
training loss:	0.505678
validation loss:	0.523860
validation error:	0.260900
2017-02-05 06:23:18,711 INFO     Wrote output to trainNN/out/v048-finunified-4-ga18ab48-dirty:lstm-best-context-1000ms/config.json
2017-02-05 06:24:23,272 INFO     Saving network params to trainNN/out/v048-finunified-4-ga18ab48-dirty:lstm-best-context-1000ms/epoch-064.pkl
2017-02-05 06:24:24,702 INFO     epoch: 64 took 65.996s (0.001s in batching)
training loss:	0.505650
validation loss:	0.526734
validation error:	0.257000
2017-02-05 06:24:24,707 INFO     Wrote output to trainNN/out/v048-finunified-4-ga18ab48-dirty:lstm-best-context-1000ms/config.json
2017-02-05 06:25:29,186 INFO     Saving network params to trainNN/out/v048-finunified-4-ga18ab48-dirty:lstm-best-context-1000ms/epoch-065.pkl
2017-02-05 06:25:30,610 INFO     epoch: 65 took 65.908s (0.001s in batching)
training loss:	0.505310
validation loss:	0.528789
validation error:	0.257500
2017-02-05 06:25:30,616 INFO     Wrote output to trainNN/out/v048-finunified-4-ga18ab48-dirty:lstm-best-context-1000ms/config.json
2017-02-05 06:26:35,199 INFO     Saving network params to trainNN/out/v048-finunified-4-ga18ab48-dirty:lstm-best-context-1000ms/epoch-066.pkl
2017-02-05 06:26:36,621 INFO     epoch: 66 took 66.010s (0.001s in batching)
training loss:	0.504999
validation loss:	0.527892
validation error:	0.256400
2017-02-05 06:26:36,626 INFO     Wrote output to trainNN/out/v048-finunified-4-ga18ab48-dirty:lstm-best-context-1000ms/config.json
2017-02-05 06:27:41,067 INFO     Saving network params to trainNN/out/v048-finunified-4-ga18ab48-dirty:lstm-best-context-1000ms/epoch-067.pkl
2017-02-05 06:27:42,466 INFO     epoch: 67 took 65.845s (0.001s in batching)
training loss:	0.504079
validation loss:	0.525540
validation error:	0.254900
2017-02-05 06:27:42,471 INFO     Wrote output to trainNN/out/v048-finunified-4-ga18ab48-dirty:lstm-best-context-1000ms/config.json
2017-02-05 06:28:41,667 INFO     Saving network params to trainNN/out/v048-finunified-4-ga18ab48-dirty:lstm-best-context-1000ms/epoch-068.pkl
2017-02-05 06:28:42,861 INFO     epoch: 68 took 60.395s (0.001s in batching)
training loss:	0.503522
validation loss:	0.527620
validation error:	0.256200
2017-02-05 06:28:42,866 INFO     Wrote output to trainNN/out/v048-finunified-4-ga18ab48-dirty:lstm-best-context-1000ms/config.json
2017-02-05 06:29:35,892 INFO     Saving network params to trainNN/out/v048-finunified-4-ga18ab48-dirty:lstm-best-context-1000ms/epoch-069.pkl
2017-02-05 06:29:37,092 INFO     epoch: 69 took 54.231s (0.001s in batching)
training loss:	0.503774
validation loss:	0.533548
validation error:	0.264400
2017-02-05 06:29:37,097 INFO     Wrote output to trainNN/out/v048-finunified-4-ga18ab48-dirty:lstm-best-context-1000ms/config.json
2017-02-05 06:30:30,197 INFO     Saving network params to trainNN/out/v048-finunified-4-ga18ab48-dirty:lstm-best-context-1000ms/epoch-070.pkl
2017-02-05 06:30:31,420 INFO     epoch: 70 took 54.329s (0.001s in batching)
training loss:	0.503373
validation loss:	0.528051
validation error:	0.255900
2017-02-05 06:30:31,425 INFO     Wrote output to trainNN/out/v048-finunified-4-ga18ab48-dirty:lstm-best-context-1000ms/config.json
2017-02-05 06:31:23,083 INFO     Saving network params to trainNN/out/v048-finunified-4-ga18ab48-dirty:lstm-best-context-1000ms/epoch-071.pkl
2017-02-05 06:31:24,148 INFO     epoch: 71 took 52.728s (0.001s in batching)
training loss:	0.502750
validation loss:	0.525635
validation error:	0.253900
2017-02-05 06:31:24,154 INFO     Wrote output to trainNN/out/v048-finunified-4-ga18ab48-dirty:lstm-best-context-1000ms/config.json
2017-02-05 06:32:11,091 INFO     Saving network params to trainNN/out/v048-finunified-4-ga18ab48-dirty:lstm-best-context-1000ms/epoch-072.pkl
2017-02-05 06:32:12,174 INFO     epoch: 72 took 48.026s (0.001s in batching)
training loss:	0.502501
validation loss:	0.527203
validation error:	0.258000
2017-02-05 06:32:12,179 INFO     Wrote output to trainNN/out/v048-finunified-4-ga18ab48-dirty:lstm-best-context-1000ms/config.json
2017-02-05 06:32:58,960 INFO     Saving network params to trainNN/out/v048-finunified-4-ga18ab48-dirty:lstm-best-context-1000ms/epoch-073.pkl
2017-02-05 06:33:00,028 INFO     epoch: 73 took 47.854s (0.001s in batching)
training loss:	0.501689
validation loss:	0.528117
validation error:	0.257200
2017-02-05 06:33:00,034 INFO     Wrote output to trainNN/out/v048-finunified-4-ga18ab48-dirty:lstm-best-context-1000ms/config.json
2017-02-05 06:33:47,007 INFO     Saving network params to trainNN/out/v048-finunified-4-ga18ab48-dirty:lstm-best-context-1000ms/epoch-074.pkl
2017-02-05 06:33:48,086 INFO     epoch: 74 took 48.058s (0.001s in batching)
training loss:	0.500450
validation loss:	0.533689
validation error:	0.265400
2017-02-05 06:33:48,092 INFO     Wrote output to trainNN/out/v048-finunified-4-ga18ab48-dirty:lstm-best-context-1000ms/config.json
2017-02-05 06:34:34,901 INFO     Saving network params to trainNN/out/v048-finunified-4-ga18ab48-dirty:lstm-best-context-1000ms/epoch-075.pkl
2017-02-05 06:34:36,005 INFO     epoch: 75 took 47.918s (0.001s in batching)
training loss:	0.501424
validation loss:	0.527984
validation error:	0.255700
2017-02-05 06:34:36,010 INFO     Wrote output to trainNN/out/v048-finunified-4-ga18ab48-dirty:lstm-best-context-1000ms/config.json
2017-02-05 06:35:22,742 INFO     Saving network params to trainNN/out/v048-finunified-4-ga18ab48-dirty:lstm-best-context-1000ms/epoch-076.pkl
2017-02-05 06:35:23,813 INFO     epoch: 76 took 47.809s (0.001s in batching)
training loss:	0.500856
validation loss:	0.530724
validation error:	0.260200
2017-02-05 06:35:23,819 INFO     Wrote output to trainNN/out/v048-finunified-4-ga18ab48-dirty:lstm-best-context-1000ms/config.json
2017-02-05 06:36:10,872 INFO     Saving network params to trainNN/out/v048-finunified-4-ga18ab48-dirty:lstm-best-context-1000ms/epoch-077.pkl
2017-02-05 06:36:11,974 INFO     epoch: 77 took 48.161s (0.001s in batching)
training loss:	0.500624
validation loss:	0.533958
validation error:	0.256800
2017-02-05 06:36:11,980 INFO     Wrote output to trainNN/out/v048-finunified-4-ga18ab48-dirty:lstm-best-context-1000ms/config.json
2017-02-05 06:36:58,807 INFO     Saving network params to trainNN/out/v048-finunified-4-ga18ab48-dirty:lstm-best-context-1000ms/epoch-078.pkl
2017-02-05 06:36:59,897 INFO     epoch: 78 took 47.923s (0.001s in batching)
training loss:	0.499554
validation loss:	0.532802
validation error:	0.260600
2017-02-05 06:36:59,903 INFO     Wrote output to trainNN/out/v048-finunified-4-ga18ab48-dirty:lstm-best-context-1000ms/config.json
2017-02-05 06:37:46,809 INFO     Saving network params to trainNN/out/v048-finunified-4-ga18ab48-dirty:lstm-best-context-1000ms/epoch-079.pkl
2017-02-05 06:37:47,909 INFO     epoch: 79 took 48.012s (0.001s in batching)
training loss:	0.499361
validation loss:	0.530027
validation error:	0.260900
2017-02-05 06:37:47,914 INFO     Wrote output to trainNN/out/v048-finunified-4-ga18ab48-dirty:lstm-best-context-1000ms/config.json
2017-02-05 06:38:34,748 INFO     Saving network params to trainNN/out/v048-finunified-4-ga18ab48-dirty:lstm-best-context-1000ms/epoch-080.pkl
2017-02-05 06:38:35,833 INFO     epoch: 80 took 47.925s (0.001s in batching)
training loss:	0.498968
validation loss:	0.532032
validation error:	0.254200
2017-02-05 06:38:35,839 INFO     Wrote output to trainNN/out/v048-finunified-4-ga18ab48-dirty:lstm-best-context-1000ms/config.json
2017-02-05 06:39:22,871 INFO     Saving network params to trainNN/out/v048-finunified-4-ga18ab48-dirty:lstm-best-context-1000ms/epoch-081.pkl
2017-02-05 06:39:23,943 INFO     epoch: 81 took 48.109s (0.001s in batching)
training loss:	0.499165
validation loss:	0.532666
validation error:	0.260100
2017-02-05 06:39:23,948 INFO     Wrote output to trainNN/out/v048-finunified-4-ga18ab48-dirty:lstm-best-context-1000ms/config.json
2017-02-05 06:40:10,844 INFO     Saving network params to trainNN/out/v048-finunified-4-ga18ab48-dirty:lstm-best-context-1000ms/epoch-082.pkl
2017-02-05 06:40:11,932 INFO     epoch: 82 took 47.989s (0.001s in batching)
training loss:	0.498005
validation loss:	0.531463
validation error:	0.254200
2017-02-05 06:40:11,937 INFO     Wrote output to trainNN/out/v048-finunified-4-ga18ab48-dirty:lstm-best-context-1000ms/config.json
2017-02-05 06:40:58,797 INFO     Saving network params to trainNN/out/v048-finunified-4-ga18ab48-dirty:lstm-best-context-1000ms/epoch-083.pkl
2017-02-05 06:40:59,867 INFO     epoch: 83 took 47.935s (0.001s in batching)
training loss:	0.497490
validation loss:	0.533136
validation error:	0.260600
2017-02-05 06:40:59,872 INFO     Wrote output to trainNN/out/v048-finunified-4-ga18ab48-dirty:lstm-best-context-1000ms/config.json
2017-02-05 06:41:46,831 INFO     Saving network params to trainNN/out/v048-finunified-4-ga18ab48-dirty:lstm-best-context-1000ms/epoch-084.pkl
2017-02-05 06:41:47,920 INFO     epoch: 84 took 48.053s (0.001s in batching)
training loss:	0.496896
validation loss:	0.536598
validation error:	0.261500
2017-02-05 06:41:47,925 INFO     Wrote output to trainNN/out/v048-finunified-4-ga18ab48-dirty:lstm-best-context-1000ms/config.json
2017-02-05 06:42:34,988 INFO     Saving network params to trainNN/out/v048-finunified-4-ga18ab48-dirty:lstm-best-context-1000ms/epoch-085.pkl
2017-02-05 06:42:36,066 INFO     epoch: 85 took 48.146s (0.001s in batching)
training loss:	0.497062
validation loss:	0.535085
validation error:	0.260300
2017-02-05 06:42:36,072 INFO     Wrote output to trainNN/out/v048-finunified-4-ga18ab48-dirty:lstm-best-context-1000ms/config.json
2017-02-05 06:43:23,101 INFO     Saving network params to trainNN/out/v048-finunified-4-ga18ab48-dirty:lstm-best-context-1000ms/epoch-086.pkl
2017-02-05 06:43:24,185 INFO     epoch: 86 took 48.119s (0.001s in batching)
training loss:	0.496161
validation loss:	0.540489
validation error:	0.265000
2017-02-05 06:43:24,191 INFO     Wrote output to trainNN/out/v048-finunified-4-ga18ab48-dirty:lstm-best-context-1000ms/config.json
2017-02-05 06:44:11,444 INFO     Saving network params to trainNN/out/v048-finunified-4-ga18ab48-dirty:lstm-best-context-1000ms/epoch-087.pkl
2017-02-05 06:44:12,520 INFO     epoch: 87 took 48.335s (0.001s in batching)
training loss:	0.496003
validation loss:	0.538179
validation error:	0.261200
2017-02-05 06:44:12,526 INFO     Wrote output to trainNN/out/v048-finunified-4-ga18ab48-dirty:lstm-best-context-1000ms/config.json
2017-02-05 06:44:59,340 INFO     Saving network params to trainNN/out/v048-finunified-4-ga18ab48-dirty:lstm-best-context-1000ms/epoch-088.pkl
2017-02-05 06:45:00,427 INFO     epoch: 88 took 47.907s (0.001s in batching)
training loss:	0.495423
validation loss:	0.539296
validation error:	0.265100
2017-02-05 06:45:00,434 INFO     Wrote output to trainNN/out/v048-finunified-4-ga18ab48-dirty:lstm-best-context-1000ms/config.json
2017-02-05 06:45:47,424 INFO     Saving network params to trainNN/out/v048-finunified-4-ga18ab48-dirty:lstm-best-context-1000ms/epoch-089.pkl
2017-02-05 06:45:48,501 INFO     epoch: 89 took 48.073s (0.001s in batching)
training loss:	0.495539
validation loss:	0.533596
validation error:	0.259700
2017-02-05 06:45:48,507 INFO     Wrote output to trainNN/out/v048-finunified-4-ga18ab48-dirty:lstm-best-context-1000ms/config.json
2017-02-05 06:46:35,578 INFO     Saving network params to trainNN/out/v048-finunified-4-ga18ab48-dirty:lstm-best-context-1000ms/epoch-090.pkl
2017-02-05 06:46:36,654 INFO     epoch: 90 took 48.153s (0.001s in batching)
training loss:	0.494816
validation loss:	0.534036
validation error:	0.261500
2017-02-05 06:46:36,660 INFO     Wrote output to trainNN/out/v048-finunified-4-ga18ab48-dirty:lstm-best-context-1000ms/config.json
2017-02-05 06:47:23,687 INFO     Saving network params to trainNN/out/v048-finunified-4-ga18ab48-dirty:lstm-best-context-1000ms/epoch-091.pkl
2017-02-05 06:47:24,760 INFO     epoch: 91 took 48.106s (0.001s in batching)
training loss:	0.494166
validation loss:	0.535860
validation error:	0.260100
2017-02-05 06:47:24,765 INFO     Wrote output to trainNN/out/v048-finunified-4-ga18ab48-dirty:lstm-best-context-1000ms/config.json
2017-02-05 06:48:11,839 INFO     Saving network params to trainNN/out/v048-finunified-4-ga18ab48-dirty:lstm-best-context-1000ms/epoch-092.pkl
2017-02-05 06:48:12,932 INFO     epoch: 92 took 48.172s (0.001s in batching)
training loss:	0.494165
validation loss:	0.540347
validation error:	0.263600
2017-02-05 06:48:12,938 INFO     Wrote output to trainNN/out/v048-finunified-4-ga18ab48-dirty:lstm-best-context-1000ms/config.json
2017-02-05 06:48:59,992 INFO     Saving network params to trainNN/out/v048-finunified-4-ga18ab48-dirty:lstm-best-context-1000ms/epoch-093.pkl
2017-02-05 06:49:01,101 INFO     epoch: 93 took 48.169s (0.001s in batching)
training loss:	0.494236
validation loss:	0.536583
validation error:	0.261100
2017-02-05 06:49:01,107 INFO     Wrote output to trainNN/out/v048-finunified-4-ga18ab48-dirty:lstm-best-context-1000ms/config.json
2017-02-05 06:49:48,133 INFO     Saving network params to trainNN/out/v048-finunified-4-ga18ab48-dirty:lstm-best-context-1000ms/epoch-094.pkl
2017-02-05 06:49:49,215 INFO     epoch: 94 took 48.114s (0.001s in batching)
training loss:	0.493757
validation loss:	0.541805
validation error:	0.262500
2017-02-05 06:49:49,220 INFO     Wrote output to trainNN/out/v048-finunified-4-ga18ab48-dirty:lstm-best-context-1000ms/config.json
2017-02-05 06:50:36,358 INFO     Saving network params to trainNN/out/v048-finunified-4-ga18ab48-dirty:lstm-best-context-1000ms/epoch-095.pkl
2017-02-05 06:50:37,436 INFO     epoch: 95 took 48.222s (0.001s in batching)
training loss:	0.493960
validation loss:	0.537055
validation error:	0.260700
2017-02-05 06:50:37,442 INFO     Wrote output to trainNN/out/v048-finunified-4-ga18ab48-dirty:lstm-best-context-1000ms/config.json
2017-02-05 06:51:24,483 INFO     Saving network params to trainNN/out/v048-finunified-4-ga18ab48-dirty:lstm-best-context-1000ms/epoch-096.pkl
2017-02-05 06:51:25,597 INFO     epoch: 96 took 48.161s (0.001s in batching)
training loss:	0.493171
validation loss:	0.537480
validation error:	0.263200
2017-02-05 06:51:25,604 INFO     Wrote output to trainNN/out/v048-finunified-4-ga18ab48-dirty:lstm-best-context-1000ms/config.json
2017-02-05 06:52:12,759 INFO     Saving network params to trainNN/out/v048-finunified-4-ga18ab48-dirty:lstm-best-context-1000ms/epoch-097.pkl
2017-02-05 06:52:13,850 INFO     epoch: 97 took 48.253s (0.001s in batching)
training loss:	0.492300
validation loss:	0.534776
validation error:	0.261000
2017-02-05 06:52:13,856 INFO     Wrote output to trainNN/out/v048-finunified-4-ga18ab48-dirty:lstm-best-context-1000ms/config.json
2017-02-05 06:53:00,960 INFO     Saving network params to trainNN/out/v048-finunified-4-ga18ab48-dirty:lstm-best-context-1000ms/epoch-098.pkl
2017-02-05 06:53:02,075 INFO     epoch: 98 took 48.225s (0.001s in batching)
training loss:	0.492032
validation loss:	0.536519
validation error:	0.260500
2017-02-05 06:53:02,082 INFO     Wrote output to trainNN/out/v048-finunified-4-ga18ab48-dirty:lstm-best-context-1000ms/config.json
2017-02-05 06:53:49,296 INFO     Saving network params to trainNN/out/v048-finunified-4-ga18ab48-dirty:lstm-best-context-1000ms/epoch-099.pkl
2017-02-05 06:53:50,385 INFO     epoch: 99 took 48.310s (0.001s in batching)
training loss:	0.491322
validation loss:	0.538180
validation error:	0.261300
2017-02-05 06:53:50,392 INFO     Wrote output to trainNN/out/v048-finunified-4-ga18ab48-dirty:lstm-best-context-1000ms/config.json
