2017-02-10 09:20:21,432 DEBUG    version=v050-finunified-6-gca252aa-dirty:lstm-best-features-power,pitch,ffv,word2vec_dim15
2017-02-10 09:20:21,452 INFO     Open DBase(data/db/all240302-spk.dat, data/db/all240302-spk.idx, mode='r')
2017-02-10 09:20:21,483 INFO     loading uttdb cache
2017-02-10 09:20:40,937 DEBUG    extracting and saving data to data/cache/extract-4cffe62596d202cb9ffcbb9f8ea038d1e127f67c905a40f6c25e9107c4419747.pickle
2017-02-10 09:30:41,395 DEBUG    set input dim to 24
2017-02-10 09:30:41,396 DEBUG    input dim = 24
2017-02-10 09:30:41,405 DEBUG    shuffling batches
2017-02-10 09:30:44,010 DEBUG    shuffling done
2017-02-10 09:30:44,010 DEBUG    loading data into ram
2017-02-10 09:30:44,077 DEBUG    loading data took 0.067s (cpu: 0.067s)
2017-02-10 09:30:44,306 DEBUG    set input dim to 24
2017-02-10 09:30:44,306 DEBUG    input dim = 24
2017-02-10 09:30:44,328 DEBUG    shuffling batches
2017-02-10 09:30:44,578 DEBUG    shuffling done
2017-02-10 09:30:44,578 DEBUG    loading data into ram
2017-02-10 09:30:44,585 DEBUG    loading data took 0.007s (cpu: 0.007s)
2017-02-10 09:30:44,834 DEBUG    Applying L2 regularization with 0.000100
2017-02-10 09:30:44,890 INFO     Training network with 41827 trainable out of 42037 total params.
2017-02-10 09:30:45,273 DEBUG    Using adam with learning_rate=0.001000
2017-02-10 09:31:04,927 DEBUG    Starting training...
2017-02-10 09:31:57,574 INFO     Saving network params to trainNN/out/v050-finunified-6-gca252aa-dirty:lstm-best-features-power,pitch,ffv,word2vec_dim15/epoch-000.pkl
2017-02-10 09:31:59,622 INFO     epoch: 0 took 54.695s (0.001s in batching)
training loss:	0.602244
validation loss:	0.555874
validation error:	0.290500
2017-02-10 09:31:59,623 INFO     Wrote output to trainNN/out/v050-finunified-6-gca252aa-dirty:lstm-best-features-power,pitch,ffv,word2vec_dim15/config.json
2017-02-10 09:32:54,291 INFO     Saving network params to trainNN/out/v050-finunified-6-gca252aa-dirty:lstm-best-features-power,pitch,ffv,word2vec_dim15/epoch-001.pkl
2017-02-10 09:32:56,348 INFO     epoch: 1 took 56.726s (0.001s in batching)
training loss:	0.567739
validation loss:	0.547924
validation error:	0.278500
2017-02-10 09:32:56,349 INFO     Wrote output to trainNN/out/v050-finunified-6-gca252aa-dirty:lstm-best-features-power,pitch,ffv,word2vec_dim15/config.json
2017-02-10 09:33:50,071 INFO     Saving network params to trainNN/out/v050-finunified-6-gca252aa-dirty:lstm-best-features-power,pitch,ffv,word2vec_dim15/epoch-002.pkl
2017-02-10 09:33:52,117 INFO     epoch: 2 took 55.769s (0.001s in batching)
training loss:	0.556273
validation loss:	0.539223
validation error:	0.269700
2017-02-10 09:33:52,118 INFO     Wrote output to trainNN/out/v050-finunified-6-gca252aa-dirty:lstm-best-features-power,pitch,ffv,word2vec_dim15/config.json
2017-02-10 09:34:43,616 INFO     Saving network params to trainNN/out/v050-finunified-6-gca252aa-dirty:lstm-best-features-power,pitch,ffv,word2vec_dim15/epoch-003.pkl
2017-02-10 09:34:45,682 INFO     epoch: 3 took 53.565s (0.001s in batching)
training loss:	0.548592
validation loss:	0.535547
validation error:	0.270800
2017-02-10 09:34:45,682 INFO     Wrote output to trainNN/out/v050-finunified-6-gca252aa-dirty:lstm-best-features-power,pitch,ffv,word2vec_dim15/config.json
2017-02-10 09:35:39,555 INFO     Saving network params to trainNN/out/v050-finunified-6-gca252aa-dirty:lstm-best-features-power,pitch,ffv,word2vec_dim15/epoch-004.pkl
2017-02-10 09:35:41,585 INFO     epoch: 4 took 55.903s (0.001s in batching)
training loss:	0.543233
validation loss:	0.528579
validation error:	0.263200
2017-02-10 09:35:41,586 INFO     Wrote output to trainNN/out/v050-finunified-6-gca252aa-dirty:lstm-best-features-power,pitch,ffv,word2vec_dim15/config.json
2017-02-10 09:36:33,209 INFO     Saving network params to trainNN/out/v050-finunified-6-gca252aa-dirty:lstm-best-features-power,pitch,ffv,word2vec_dim15/epoch-005.pkl
2017-02-10 09:36:35,260 INFO     epoch: 5 took 53.675s (0.001s in batching)
training loss:	0.537909
validation loss:	0.523453
validation error:	0.256500
2017-02-10 09:36:35,261 INFO     Wrote output to trainNN/out/v050-finunified-6-gca252aa-dirty:lstm-best-features-power,pitch,ffv,word2vec_dim15/config.json
2017-02-10 09:37:28,043 INFO     Saving network params to trainNN/out/v050-finunified-6-gca252aa-dirty:lstm-best-features-power,pitch,ffv,word2vec_dim15/epoch-006.pkl
2017-02-10 09:37:30,102 INFO     epoch: 6 took 54.842s (0.001s in batching)
training loss:	0.534019
validation loss:	0.526659
validation error:	0.255500
2017-02-10 09:37:30,103 INFO     Wrote output to trainNN/out/v050-finunified-6-gca252aa-dirty:lstm-best-features-power,pitch,ffv,word2vec_dim15/config.json
2017-02-10 09:38:34,338 INFO     Saving network params to trainNN/out/v050-finunified-6-gca252aa-dirty:lstm-best-features-power,pitch,ffv,word2vec_dim15/epoch-007.pkl
2017-02-10 09:38:37,061 INFO     epoch: 7 took 66.957s (0.001s in batching)
training loss:	0.530551
validation loss:	0.518854
validation error:	0.252500
2017-02-10 09:38:37,062 INFO     Wrote output to trainNN/out/v050-finunified-6-gca252aa-dirty:lstm-best-features-power,pitch,ffv,word2vec_dim15/config.json
2017-02-10 09:39:44,690 INFO     Saving network params to trainNN/out/v050-finunified-6-gca252aa-dirty:lstm-best-features-power,pitch,ffv,word2vec_dim15/epoch-008.pkl
2017-02-10 09:39:47,117 INFO     epoch: 8 took 70.057s (0.001s in batching)
training loss:	0.527706
validation loss:	0.517641
validation error:	0.257100
2017-02-10 09:39:47,118 INFO     Wrote output to trainNN/out/v050-finunified-6-gca252aa-dirty:lstm-best-features-power,pitch,ffv,word2vec_dim15/config.json
2017-02-10 09:40:54,811 INFO     Saving network params to trainNN/out/v050-finunified-6-gca252aa-dirty:lstm-best-features-power,pitch,ffv,word2vec_dim15/epoch-009.pkl
2017-02-10 09:40:57,487 INFO     epoch: 9 took 70.370s (0.001s in batching)
training loss:	0.524594
validation loss:	0.518637
validation error:	0.253800
2017-02-10 09:40:57,488 INFO     Wrote output to trainNN/out/v050-finunified-6-gca252aa-dirty:lstm-best-features-power,pitch,ffv,word2vec_dim15/config.json
2017-02-10 09:42:01,465 INFO     Saving network params to trainNN/out/v050-finunified-6-gca252aa-dirty:lstm-best-features-power,pitch,ffv,word2vec_dim15/epoch-010.pkl
2017-02-10 09:42:02,389 INFO     epoch: 10 took 64.902s (0.001s in batching)
training loss:	0.523128
validation loss:	0.515721
validation error:	0.253900
2017-02-10 09:42:02,389 INFO     Wrote output to trainNN/out/v050-finunified-6-gca252aa-dirty:lstm-best-features-power,pitch,ffv,word2vec_dim15/config.json
2017-02-10 09:43:04,413 INFO     Saving network params to trainNN/out/v050-finunified-6-gca252aa-dirty:lstm-best-features-power,pitch,ffv,word2vec_dim15/epoch-011.pkl
2017-02-10 09:43:07,349 INFO     epoch: 11 took 64.960s (0.001s in batching)
training loss:	0.521374
validation loss:	0.516343
validation error:	0.250000
2017-02-10 09:43:07,351 INFO     Wrote output to trainNN/out/v050-finunified-6-gca252aa-dirty:lstm-best-features-power,pitch,ffv,word2vec_dim15/config.json
2017-02-10 09:44:15,194 INFO     Saving network params to trainNN/out/v050-finunified-6-gca252aa-dirty:lstm-best-features-power,pitch,ffv,word2vec_dim15/epoch-012.pkl
2017-02-10 09:44:18,313 INFO     epoch: 12 took 70.965s (0.001s in batching)
training loss:	0.519663
validation loss:	0.511113
validation error:	0.254000
2017-02-10 09:44:18,314 INFO     Wrote output to trainNN/out/v050-finunified-6-gca252aa-dirty:lstm-best-features-power,pitch,ffv,word2vec_dim15/config.json
2017-02-10 09:45:22,234 INFO     Saving network params to trainNN/out/v050-finunified-6-gca252aa-dirty:lstm-best-features-power,pitch,ffv,word2vec_dim15/epoch-013.pkl
2017-02-10 09:45:24,325 INFO     epoch: 13 took 66.011s (0.001s in batching)
training loss:	0.516889
validation loss:	0.513797
validation error:	0.251000
2017-02-10 09:45:24,326 INFO     Wrote output to trainNN/out/v050-finunified-6-gca252aa-dirty:lstm-best-features-power,pitch,ffv,word2vec_dim15/config.json
2017-02-10 09:46:19,588 INFO     Saving network params to trainNN/out/v050-finunified-6-gca252aa-dirty:lstm-best-features-power,pitch,ffv,word2vec_dim15/epoch-014.pkl
2017-02-10 09:46:21,623 INFO     epoch: 14 took 57.299s (0.001s in batching)
training loss:	0.516534
validation loss:	0.512143
validation error:	0.246400
2017-02-10 09:46:21,624 INFO     Wrote output to trainNN/out/v050-finunified-6-gca252aa-dirty:lstm-best-features-power,pitch,ffv,word2vec_dim15/config.json
2017-02-10 09:47:17,025 INFO     Saving network params to trainNN/out/v050-finunified-6-gca252aa-dirty:lstm-best-features-power,pitch,ffv,word2vec_dim15/epoch-015.pkl
2017-02-10 09:47:19,051 INFO     epoch: 15 took 57.429s (0.001s in batching)
training loss:	0.514559
validation loss:	0.509330
validation error:	0.247400
2017-02-10 09:47:19,053 INFO     Wrote output to trainNN/out/v050-finunified-6-gca252aa-dirty:lstm-best-features-power,pitch,ffv,word2vec_dim15/config.json
2017-02-10 09:48:11,532 INFO     Saving network params to trainNN/out/v050-finunified-6-gca252aa-dirty:lstm-best-features-power,pitch,ffv,word2vec_dim15/epoch-016.pkl
2017-02-10 09:48:13,555 INFO     epoch: 16 took 54.504s (0.001s in batching)
training loss:	0.513307
validation loss:	0.508201
validation error:	0.244600
2017-02-10 09:48:13,556 INFO     Wrote output to trainNN/out/v050-finunified-6-gca252aa-dirty:lstm-best-features-power,pitch,ffv,word2vec_dim15/config.json
2017-02-10 09:49:07,364 INFO     Saving network params to trainNN/out/v050-finunified-6-gca252aa-dirty:lstm-best-features-power,pitch,ffv,word2vec_dim15/epoch-017.pkl
2017-02-10 09:49:09,394 INFO     epoch: 17 took 55.838s (0.001s in batching)
training loss:	0.511670
validation loss:	0.509034
validation error:	0.247800
2017-02-10 09:49:09,395 INFO     Wrote output to trainNN/out/v050-finunified-6-gca252aa-dirty:lstm-best-features-power,pitch,ffv,word2vec_dim15/config.json
2017-02-10 09:50:04,036 INFO     Saving network params to trainNN/out/v050-finunified-6-gca252aa-dirty:lstm-best-features-power,pitch,ffv,word2vec_dim15/epoch-018.pkl
2017-02-10 09:50:06,148 INFO     epoch: 18 took 56.755s (0.001s in batching)
training loss:	0.510998
validation loss:	0.507416
validation error:	0.245700
2017-02-10 09:50:06,149 INFO     Wrote output to trainNN/out/v050-finunified-6-gca252aa-dirty:lstm-best-features-power,pitch,ffv,word2vec_dim15/config.json
2017-02-10 09:51:05,569 INFO     Saving network params to trainNN/out/v050-finunified-6-gca252aa-dirty:lstm-best-features-power,pitch,ffv,word2vec_dim15/epoch-019.pkl
2017-02-10 09:51:08,671 INFO     epoch: 19 took 62.523s (0.000s in batching)
training loss:	0.510193
validation loss:	0.505271
validation error:	0.245100
2017-02-10 09:51:08,672 INFO     Wrote output to trainNN/out/v050-finunified-6-gca252aa-dirty:lstm-best-features-power,pitch,ffv,word2vec_dim15/config.json
2017-02-10 09:52:12,619 INFO     Saving network params to trainNN/out/v050-finunified-6-gca252aa-dirty:lstm-best-features-power,pitch,ffv,word2vec_dim15/epoch-020.pkl
2017-02-10 09:52:15,375 INFO     epoch: 20 took 66.704s (0.000s in batching)
training loss:	0.509131
validation loss:	0.504882
validation error:	0.245800
2017-02-10 09:52:15,376 INFO     Wrote output to trainNN/out/v050-finunified-6-gca252aa-dirty:lstm-best-features-power,pitch,ffv,word2vec_dim15/config.json
2017-02-10 09:53:18,871 INFO     Saving network params to trainNN/out/v050-finunified-6-gca252aa-dirty:lstm-best-features-power,pitch,ffv,word2vec_dim15/epoch-021.pkl
2017-02-10 09:53:21,633 INFO     epoch: 21 took 66.258s (0.001s in batching)
training loss:	0.507910
validation loss:	0.504679
validation error:	0.243200
2017-02-10 09:53:21,634 INFO     Wrote output to trainNN/out/v050-finunified-6-gca252aa-dirty:lstm-best-features-power,pitch,ffv,word2vec_dim15/config.json
2017-02-10 09:54:28,190 INFO     Saving network params to trainNN/out/v050-finunified-6-gca252aa-dirty:lstm-best-features-power,pitch,ffv,word2vec_dim15/epoch-022.pkl
2017-02-10 09:54:30,911 INFO     epoch: 22 took 69.278s (0.001s in batching)
training loss:	0.506960
validation loss:	0.507112
validation error:	0.246700
2017-02-10 09:54:30,912 INFO     Wrote output to trainNN/out/v050-finunified-6-gca252aa-dirty:lstm-best-features-power,pitch,ffv,word2vec_dim15/config.json
2017-02-10 09:55:34,891 INFO     Saving network params to trainNN/out/v050-finunified-6-gca252aa-dirty:lstm-best-features-power,pitch,ffv,word2vec_dim15/epoch-023.pkl
2017-02-10 09:55:37,636 INFO     epoch: 23 took 66.725s (0.001s in batching)
training loss:	0.505931
validation loss:	0.506171
validation error:	0.242700
2017-02-10 09:55:37,637 INFO     Wrote output to trainNN/out/v050-finunified-6-gca252aa-dirty:lstm-best-features-power,pitch,ffv,word2vec_dim15/config.json
2017-02-10 09:56:43,264 INFO     Saving network params to trainNN/out/v050-finunified-6-gca252aa-dirty:lstm-best-features-power,pitch,ffv,word2vec_dim15/epoch-024.pkl
2017-02-10 09:56:46,277 INFO     epoch: 24 took 68.641s (0.001s in batching)
training loss:	0.505654
validation loss:	0.501975
validation error:	0.242200
2017-02-10 09:56:46,278 INFO     Wrote output to trainNN/out/v050-finunified-6-gca252aa-dirty:lstm-best-features-power,pitch,ffv,word2vec_dim15/config.json
2017-02-10 09:57:46,950 INFO     Saving network params to trainNN/out/v050-finunified-6-gca252aa-dirty:lstm-best-features-power,pitch,ffv,word2vec_dim15/epoch-025.pkl
2017-02-10 09:57:49,033 INFO     epoch: 25 took 62.756s (0.000s in batching)
training loss:	0.504871
validation loss:	0.501206
validation error:	0.242300
2017-02-10 09:57:49,034 INFO     Wrote output to trainNN/out/v050-finunified-6-gca252aa-dirty:lstm-best-features-power,pitch,ffv,word2vec_dim15/config.json
2017-02-10 09:58:43,614 INFO     Saving network params to trainNN/out/v050-finunified-6-gca252aa-dirty:lstm-best-features-power,pitch,ffv,word2vec_dim15/epoch-026.pkl
2017-02-10 09:58:45,753 INFO     epoch: 26 took 56.720s (0.001s in batching)
training loss:	0.503264
validation loss:	0.503175
validation error:	0.242500
2017-02-10 09:58:45,754 INFO     Wrote output to trainNN/out/v050-finunified-6-gca252aa-dirty:lstm-best-features-power,pitch,ffv,word2vec_dim15/config.json
2017-02-10 09:59:40,302 INFO     Saving network params to trainNN/out/v050-finunified-6-gca252aa-dirty:lstm-best-features-power,pitch,ffv,word2vec_dim15/epoch-027.pkl
2017-02-10 09:59:42,385 INFO     epoch: 27 took 56.632s (0.001s in batching)
training loss:	0.503031
validation loss:	0.502418
validation error:	0.244300
2017-02-10 09:59:42,386 INFO     Wrote output to trainNN/out/v050-finunified-6-gca252aa-dirty:lstm-best-features-power,pitch,ffv,word2vec_dim15/config.json
2017-02-10 10:00:38,646 INFO     Saving network params to trainNN/out/v050-finunified-6-gca252aa-dirty:lstm-best-features-power,pitch,ffv,word2vec_dim15/epoch-028.pkl
2017-02-10 10:00:39,526 INFO     epoch: 28 took 57.141s (0.001s in batching)
training loss:	0.502450
validation loss:	0.502204
validation error:	0.241300
2017-02-10 10:00:39,527 INFO     Wrote output to trainNN/out/v050-finunified-6-gca252aa-dirty:lstm-best-features-power,pitch,ffv,word2vec_dim15/config.json
2017-02-10 10:01:15,843 INFO     Saving network params to trainNN/out/v050-finunified-6-gca252aa-dirty:lstm-best-features-power,pitch,ffv,word2vec_dim15/epoch-029.pkl
2017-02-10 10:01:17,262 INFO     epoch: 29 took 37.736s (0.001s in batching)
training loss:	0.501463
validation loss:	0.504717
validation error:	0.242000
2017-02-10 10:01:17,264 INFO     Wrote output to trainNN/out/v050-finunified-6-gca252aa-dirty:lstm-best-features-power,pitch,ffv,word2vec_dim15/config.json
2017-02-10 10:01:53,788 INFO     Saving network params to trainNN/out/v050-finunified-6-gca252aa-dirty:lstm-best-features-power,pitch,ffv,word2vec_dim15/epoch-030.pkl
2017-02-10 10:01:54,963 INFO     epoch: 30 took 37.702s (0.000s in batching)
training loss:	0.501313
validation loss:	0.502540
validation error:	0.240500
2017-02-10 10:01:54,964 INFO     Wrote output to trainNN/out/v050-finunified-6-gca252aa-dirty:lstm-best-features-power,pitch,ffv,word2vec_dim15/config.json
2017-02-10 10:02:31,554 INFO     Saving network params to trainNN/out/v050-finunified-6-gca252aa-dirty:lstm-best-features-power,pitch,ffv,word2vec_dim15/epoch-031.pkl
2017-02-10 10:02:32,629 INFO     epoch: 31 took 37.666s (0.000s in batching)
training loss:	0.499844
validation loss:	0.502331
validation error:	0.242900
2017-02-10 10:02:32,630 INFO     Wrote output to trainNN/out/v050-finunified-6-gca252aa-dirty:lstm-best-features-power,pitch,ffv,word2vec_dim15/config.json
2017-02-10 10:03:09,149 INFO     Saving network params to trainNN/out/v050-finunified-6-gca252aa-dirty:lstm-best-features-power,pitch,ffv,word2vec_dim15/epoch-032.pkl
2017-02-10 10:03:10,178 INFO     epoch: 32 took 37.548s (0.001s in batching)
training loss:	0.499425
validation loss:	0.506101
validation error:	0.242600
2017-02-10 10:03:10,179 INFO     Wrote output to trainNN/out/v050-finunified-6-gca252aa-dirty:lstm-best-features-power,pitch,ffv,word2vec_dim15/config.json
2017-02-10 10:03:40,374 INFO     Saving network params to trainNN/out/v050-finunified-6-gca252aa-dirty:lstm-best-features-power,pitch,ffv,word2vec_dim15/epoch-033.pkl
2017-02-10 10:03:40,961 INFO     epoch: 33 took 30.783s (0.001s in batching)
training loss:	0.498470
validation loss:	0.504590
validation error:	0.244100
2017-02-10 10:03:40,962 INFO     Wrote output to trainNN/out/v050-finunified-6-gca252aa-dirty:lstm-best-features-power,pitch,ffv,word2vec_dim15/config.json
2017-02-10 10:04:07,439 INFO     Saving network params to trainNN/out/v050-finunified-6-gca252aa-dirty:lstm-best-features-power,pitch,ffv,word2vec_dim15/epoch-034.pkl
2017-02-10 10:04:08,022 INFO     epoch: 34 took 27.061s (0.000s in batching)
training loss:	0.497502
validation loss:	0.501885
validation error:	0.242900
2017-02-10 10:04:08,023 INFO     Wrote output to trainNN/out/v050-finunified-6-gca252aa-dirty:lstm-best-features-power,pitch,ffv,word2vec_dim15/config.json
2017-02-10 10:04:35,401 INFO     Saving network params to trainNN/out/v050-finunified-6-gca252aa-dirty:lstm-best-features-power,pitch,ffv,word2vec_dim15/epoch-035.pkl
2017-02-10 10:04:35,983 INFO     epoch: 35 took 27.961s (0.001s in batching)
training loss:	0.497232
validation loss:	0.503133
validation error:	0.241400
2017-02-10 10:04:35,984 INFO     Wrote output to trainNN/out/v050-finunified-6-gca252aa-dirty:lstm-best-features-power,pitch,ffv,word2vec_dim15/config.json
2017-02-10 10:05:03,686 INFO     Saving network params to trainNN/out/v050-finunified-6-gca252aa-dirty:lstm-best-features-power,pitch,ffv,word2vec_dim15/epoch-036.pkl
2017-02-10 10:05:04,320 INFO     epoch: 36 took 28.337s (0.001s in batching)
training loss:	0.496633
validation loss:	0.505808
validation error:	0.246100
2017-02-10 10:05:04,321 INFO     Wrote output to trainNN/out/v050-finunified-6-gca252aa-dirty:lstm-best-features-power,pitch,ffv,word2vec_dim15/config.json
2017-02-10 10:05:33,437 INFO     Saving network params to trainNN/out/v050-finunified-6-gca252aa-dirty:lstm-best-features-power,pitch,ffv,word2vec_dim15/epoch-037.pkl
2017-02-10 10:05:36,113 INFO     epoch: 37 took 31.788s (0.032s in batching)
training loss:	0.497090
validation loss:	0.503526
validation error:	0.244000
2017-02-10 10:05:36,184 INFO     Wrote output to trainNN/out/v050-finunified-6-gca252aa-dirty:lstm-best-features-power,pitch,ffv,word2vec_dim15/config.json
2017-02-10 10:06:23,699 INFO     Saving network params to trainNN/out/v050-finunified-6-gca252aa-dirty:lstm-best-features-power,pitch,ffv,word2vec_dim15/epoch-038.pkl
2017-02-10 10:06:24,462 INFO     epoch: 38 took 48.354s (0.049s in batching)
training loss:	0.494848
validation loss:	0.504784
validation error:	0.239600
2017-02-10 10:06:24,507 INFO     Wrote output to trainNN/out/v050-finunified-6-gca252aa-dirty:lstm-best-features-power,pitch,ffv,word2vec_dim15/config.json
2017-02-10 10:06:51,705 INFO     Saving network params to trainNN/out/v050-finunified-6-gca252aa-dirty:lstm-best-features-power,pitch,ffv,word2vec_dim15/epoch-039.pkl
2017-02-10 10:06:52,307 INFO     epoch: 39 took 27.845s (0.002s in batching)
training loss:	0.494269
validation loss:	0.502889
validation error:	0.241900
2017-02-10 10:06:52,309 INFO     Wrote output to trainNN/out/v050-finunified-6-gca252aa-dirty:lstm-best-features-power,pitch,ffv,word2vec_dim15/config.json
2017-02-10 10:07:19,330 INFO     Saving network params to trainNN/out/v050-finunified-6-gca252aa-dirty:lstm-best-features-power,pitch,ffv,word2vec_dim15/epoch-040.pkl
2017-02-10 10:07:19,979 INFO     epoch: 40 took 27.672s (0.001s in batching)
training loss:	0.493443
validation loss:	0.504711
validation error:	0.245600
2017-02-10 10:07:19,980 INFO     Wrote output to trainNN/out/v050-finunified-6-gca252aa-dirty:lstm-best-features-power,pitch,ffv,word2vec_dim15/config.json
2017-02-10 10:07:46,718 INFO     Saving network params to trainNN/out/v050-finunified-6-gca252aa-dirty:lstm-best-features-power,pitch,ffv,word2vec_dim15/epoch-041.pkl
2017-02-10 10:07:47,449 INFO     epoch: 41 took 27.470s (0.000s in batching)
training loss:	0.493570
validation loss:	0.511250
validation error:	0.249700
2017-02-10 10:07:47,460 INFO     Wrote output to trainNN/out/v050-finunified-6-gca252aa-dirty:lstm-best-features-power,pitch,ffv,word2vec_dim15/config.json
2017-02-10 10:08:14,165 INFO     Saving network params to trainNN/out/v050-finunified-6-gca252aa-dirty:lstm-best-features-power,pitch,ffv,word2vec_dim15/epoch-042.pkl
2017-02-10 10:08:14,789 INFO     epoch: 42 took 27.340s (0.001s in batching)
training loss:	0.493116
validation loss:	0.503334
validation error:	0.240400
2017-02-10 10:08:14,790 INFO     Wrote output to trainNN/out/v050-finunified-6-gca252aa-dirty:lstm-best-features-power,pitch,ffv,word2vec_dim15/config.json
2017-02-10 10:08:41,599 INFO     Saving network params to trainNN/out/v050-finunified-6-gca252aa-dirty:lstm-best-features-power,pitch,ffv,word2vec_dim15/epoch-043.pkl
2017-02-10 10:08:42,294 INFO     epoch: 43 took 27.506s (0.001s in batching)
training loss:	0.491790
validation loss:	0.507352
validation error:	0.244300
2017-02-10 10:08:42,296 INFO     Wrote output to trainNN/out/v050-finunified-6-gca252aa-dirty:lstm-best-features-power,pitch,ffv,word2vec_dim15/config.json
2017-02-10 10:09:10,184 INFO     Saving network params to trainNN/out/v050-finunified-6-gca252aa-dirty:lstm-best-features-power,pitch,ffv,word2vec_dim15/epoch-044.pkl
2017-02-10 10:09:10,950 INFO     epoch: 44 took 28.656s (0.001s in batching)
training loss:	0.491059
validation loss:	0.504155
validation error:	0.243400
2017-02-10 10:09:11,097 INFO     Wrote output to trainNN/out/v050-finunified-6-gca252aa-dirty:lstm-best-features-power,pitch,ffv,word2vec_dim15/config.json
2017-02-10 10:09:38,390 INFO     Saving network params to trainNN/out/v050-finunified-6-gca252aa-dirty:lstm-best-features-power,pitch,ffv,word2vec_dim15/epoch-045.pkl
2017-02-10 10:09:39,028 INFO     epoch: 45 took 28.078s (0.001s in batching)
training loss:	0.490776
validation loss:	0.504247
validation error:	0.242800
2017-02-10 10:09:39,030 INFO     Wrote output to trainNN/out/v050-finunified-6-gca252aa-dirty:lstm-best-features-power,pitch,ffv,word2vec_dim15/config.json
2017-02-10 10:10:21,544 INFO     Saving network params to trainNN/out/v050-finunified-6-gca252aa-dirty:lstm-best-features-power,pitch,ffv,word2vec_dim15/epoch-046.pkl
2017-02-10 10:10:23,579 INFO     epoch: 46 took 44.551s (0.001s in batching)
training loss:	0.490319
validation loss:	0.506708
validation error:	0.243000
2017-02-10 10:10:23,581 INFO     Wrote output to trainNN/out/v050-finunified-6-gca252aa-dirty:lstm-best-features-power,pitch,ffv,word2vec_dim15/config.json
2017-02-10 10:11:17,516 INFO     Saving network params to trainNN/out/v050-finunified-6-gca252aa-dirty:lstm-best-features-power,pitch,ffv,word2vec_dim15/epoch-047.pkl
2017-02-10 10:11:19,438 INFO     epoch: 47 took 55.859s (0.001s in batching)
training loss:	0.489027
validation loss:	0.505696
validation error:	0.242000
2017-02-10 10:11:19,440 INFO     Wrote output to trainNN/out/v050-finunified-6-gca252aa-dirty:lstm-best-features-power,pitch,ffv,word2vec_dim15/config.json
2017-02-10 10:12:11,649 INFO     Saving network params to trainNN/out/v050-finunified-6-gca252aa-dirty:lstm-best-features-power,pitch,ffv,word2vec_dim15/epoch-048.pkl
2017-02-10 10:12:13,714 INFO     epoch: 48 took 54.276s (0.001s in batching)
training loss:	0.488598
validation loss:	0.505595
validation error:	0.240700
2017-02-10 10:12:13,717 INFO     Wrote output to trainNN/out/v050-finunified-6-gca252aa-dirty:lstm-best-features-power,pitch,ffv,word2vec_dim15/config.json
2017-02-10 10:13:09,686 INFO     Saving network params to trainNN/out/v050-finunified-6-gca252aa-dirty:lstm-best-features-power,pitch,ffv,word2vec_dim15/epoch-049.pkl
2017-02-10 10:13:11,670 INFO     epoch: 49 took 57.956s (0.001s in batching)
training loss:	0.488607
validation loss:	0.507989
validation error:	0.239200
2017-02-10 10:13:11,673 INFO     Wrote output to trainNN/out/v050-finunified-6-gca252aa-dirty:lstm-best-features-power,pitch,ffv,word2vec_dim15/config.json
2017-02-10 10:14:06,424 INFO     Saving network params to trainNN/out/v050-finunified-6-gca252aa-dirty:lstm-best-features-power,pitch,ffv,word2vec_dim15/epoch-050.pkl
2017-02-10 10:14:08,176 INFO     epoch: 50 took 56.506s (0.013s in batching)
training loss:	0.487572
validation loss:	0.507772
validation error:	0.244100
2017-02-10 10:14:08,177 INFO     Wrote output to trainNN/out/v050-finunified-6-gca252aa-dirty:lstm-best-features-power,pitch,ffv,word2vec_dim15/config.json
2017-02-10 10:15:01,579 INFO     Saving network params to trainNN/out/v050-finunified-6-gca252aa-dirty:lstm-best-features-power,pitch,ffv,word2vec_dim15/epoch-051.pkl
2017-02-10 10:15:03,624 INFO     epoch: 51 took 55.448s (0.001s in batching)
training loss:	0.486913
validation loss:	0.507330
validation error:	0.243700
2017-02-10 10:15:03,625 INFO     Wrote output to trainNN/out/v050-finunified-6-gca252aa-dirty:lstm-best-features-power,pitch,ffv,word2vec_dim15/config.json
2017-02-10 10:15:58,180 INFO     Saving network params to trainNN/out/v050-finunified-6-gca252aa-dirty:lstm-best-features-power,pitch,ffv,word2vec_dim15/epoch-052.pkl
2017-02-10 10:16:00,234 INFO     epoch: 52 took 56.610s (0.001s in batching)
training loss:	0.485861
validation loss:	0.508656
validation error:	0.242500
2017-02-10 10:16:00,236 INFO     Wrote output to trainNN/out/v050-finunified-6-gca252aa-dirty:lstm-best-features-power,pitch,ffv,word2vec_dim15/config.json
2017-02-10 10:16:54,380 INFO     Saving network params to trainNN/out/v050-finunified-6-gca252aa-dirty:lstm-best-features-power,pitch,ffv,word2vec_dim15/epoch-053.pkl
2017-02-10 10:16:56,403 INFO     epoch: 53 took 56.169s (0.001s in batching)
training loss:	0.486375
validation loss:	0.509088
validation error:	0.244700
2017-02-10 10:16:56,404 INFO     Wrote output to trainNN/out/v050-finunified-6-gca252aa-dirty:lstm-best-features-power,pitch,ffv,word2vec_dim15/config.json
2017-02-10 10:17:50,371 INFO     Saving network params to trainNN/out/v050-finunified-6-gca252aa-dirty:lstm-best-features-power,pitch,ffv,word2vec_dim15/epoch-054.pkl
2017-02-10 10:17:52,411 INFO     epoch: 54 took 56.008s (0.001s in batching)
training loss:	0.485096
validation loss:	0.509639
validation error:	0.244400
2017-02-10 10:17:52,412 INFO     Wrote output to trainNN/out/v050-finunified-6-gca252aa-dirty:lstm-best-features-power,pitch,ffv,word2vec_dim15/config.json
2017-02-10 10:18:45,782 INFO     Saving network params to trainNN/out/v050-finunified-6-gca252aa-dirty:lstm-best-features-power,pitch,ffv,word2vec_dim15/epoch-055.pkl
2017-02-10 10:18:47,727 INFO     epoch: 55 took 55.317s (0.001s in batching)
training loss:	0.484517
validation loss:	0.512278
validation error:	0.246000
2017-02-10 10:18:47,731 INFO     Wrote output to trainNN/out/v050-finunified-6-gca252aa-dirty:lstm-best-features-power,pitch,ffv,word2vec_dim15/config.json
2017-02-10 10:19:41,977 INFO     Saving network params to trainNN/out/v050-finunified-6-gca252aa-dirty:lstm-best-features-power,pitch,ffv,word2vec_dim15/epoch-056.pkl
2017-02-10 10:19:43,925 INFO     epoch: 56 took 56.198s (0.001s in batching)
training loss:	0.484026
validation loss:	0.513216
validation error:	0.246800
2017-02-10 10:19:43,928 INFO     Wrote output to trainNN/out/v050-finunified-6-gca252aa-dirty:lstm-best-features-power,pitch,ffv,word2vec_dim15/config.json
2017-02-10 10:20:36,992 INFO     Saving network params to trainNN/out/v050-finunified-6-gca252aa-dirty:lstm-best-features-power,pitch,ffv,word2vec_dim15/epoch-057.pkl
2017-02-10 10:20:39,083 INFO     epoch: 57 took 55.157s (0.001s in batching)
training loss:	0.483329
validation loss:	0.508086
validation error:	0.244500
2017-02-10 10:20:39,085 INFO     Wrote output to trainNN/out/v050-finunified-6-gca252aa-dirty:lstm-best-features-power,pitch,ffv,word2vec_dim15/config.json
2017-02-10 10:21:32,601 INFO     Saving network params to trainNN/out/v050-finunified-6-gca252aa-dirty:lstm-best-features-power,pitch,ffv,word2vec_dim15/epoch-058.pkl
2017-02-10 10:21:34,662 INFO     epoch: 58 took 55.579s (0.001s in batching)
training loss:	0.481949
validation loss:	0.515384
validation error:	0.245000
2017-02-10 10:21:34,664 INFO     Wrote output to trainNN/out/v050-finunified-6-gca252aa-dirty:lstm-best-features-power,pitch,ffv,word2vec_dim15/config.json
2017-02-10 10:22:28,286 INFO     Saving network params to trainNN/out/v050-finunified-6-gca252aa-dirty:lstm-best-features-power,pitch,ffv,word2vec_dim15/epoch-059.pkl
2017-02-10 10:22:30,364 INFO     epoch: 59 took 55.702s (0.001s in batching)
training loss:	0.481562
validation loss:	0.510249
validation error:	0.242200
2017-02-10 10:22:30,365 INFO     Wrote output to trainNN/out/v050-finunified-6-gca252aa-dirty:lstm-best-features-power,pitch,ffv,word2vec_dim15/config.json
2017-02-10 10:23:24,696 INFO     Saving network params to trainNN/out/v050-finunified-6-gca252aa-dirty:lstm-best-features-power,pitch,ffv,word2vec_dim15/epoch-060.pkl
2017-02-10 10:23:26,738 INFO     epoch: 60 took 56.374s (0.001s in batching)
training loss:	0.481356
validation loss:	0.513199
validation error:	0.245800
2017-02-10 10:23:26,739 INFO     Wrote output to trainNN/out/v050-finunified-6-gca252aa-dirty:lstm-best-features-power,pitch,ffv,word2vec_dim15/config.json
2017-02-10 10:24:20,961 INFO     Saving network params to trainNN/out/v050-finunified-6-gca252aa-dirty:lstm-best-features-power,pitch,ffv,word2vec_dim15/epoch-061.pkl
2017-02-10 10:24:23,117 INFO     epoch: 61 took 56.379s (0.001s in batching)
training loss:	0.480606
validation loss:	0.517368
validation error:	0.246100
2017-02-10 10:24:23,166 INFO     Wrote output to trainNN/out/v050-finunified-6-gca252aa-dirty:lstm-best-features-power,pitch,ffv,word2vec_dim15/config.json
2017-02-10 10:25:16,809 INFO     Saving network params to trainNN/out/v050-finunified-6-gca252aa-dirty:lstm-best-features-power,pitch,ffv,word2vec_dim15/epoch-062.pkl
2017-02-10 10:25:18,863 INFO     epoch: 62 took 55.746s (0.001s in batching)
training loss:	0.479761
validation loss:	0.510810
validation error:	0.242600
2017-02-10 10:25:18,865 INFO     Wrote output to trainNN/out/v050-finunified-6-gca252aa-dirty:lstm-best-features-power,pitch,ffv,word2vec_dim15/config.json
2017-02-10 10:26:12,334 INFO     Saving network params to trainNN/out/v050-finunified-6-gca252aa-dirty:lstm-best-features-power,pitch,ffv,word2vec_dim15/epoch-063.pkl
2017-02-10 10:26:14,308 INFO     epoch: 63 took 55.445s (0.001s in batching)
training loss:	0.479564
validation loss:	0.514339
validation error:	0.243800
2017-02-10 10:26:14,311 INFO     Wrote output to trainNN/out/v050-finunified-6-gca252aa-dirty:lstm-best-features-power,pitch,ffv,word2vec_dim15/config.json
2017-02-10 10:27:08,332 INFO     Saving network params to trainNN/out/v050-finunified-6-gca252aa-dirty:lstm-best-features-power,pitch,ffv,word2vec_dim15/epoch-064.pkl
2017-02-10 10:27:10,319 INFO     epoch: 64 took 56.011s (0.001s in batching)
training loss:	0.478526
validation loss:	0.513839
validation error:	0.242000
2017-02-10 10:27:10,322 INFO     Wrote output to trainNN/out/v050-finunified-6-gca252aa-dirty:lstm-best-features-power,pitch,ffv,word2vec_dim15/config.json
2017-02-10 10:28:03,929 INFO     Saving network params to trainNN/out/v050-finunified-6-gca252aa-dirty:lstm-best-features-power,pitch,ffv,word2vec_dim15/epoch-065.pkl
2017-02-10 10:28:06,022 INFO     epoch: 65 took 55.703s (0.001s in batching)
training loss:	0.477707
validation loss:	0.516846
validation error:	0.248200
2017-02-10 10:28:06,026 INFO     Wrote output to trainNN/out/v050-finunified-6-gca252aa-dirty:lstm-best-features-power,pitch,ffv,word2vec_dim15/config.json
2017-02-10 10:29:00,228 INFO     Saving network params to trainNN/out/v050-finunified-6-gca252aa-dirty:lstm-best-features-power,pitch,ffv,word2vec_dim15/epoch-066.pkl
2017-02-10 10:29:02,237 INFO     epoch: 66 took 56.215s (0.001s in batching)
training loss:	0.477447
validation loss:	0.517712
validation error:	0.245400
2017-02-10 10:29:02,239 INFO     Wrote output to trainNN/out/v050-finunified-6-gca252aa-dirty:lstm-best-features-power,pitch,ffv,word2vec_dim15/config.json
2017-02-10 10:29:56,373 INFO     Saving network params to trainNN/out/v050-finunified-6-gca252aa-dirty:lstm-best-features-power,pitch,ffv,word2vec_dim15/epoch-067.pkl
2017-02-10 10:29:58,381 INFO     epoch: 67 took 56.144s (0.001s in batching)
training loss:	0.476892
validation loss:	0.521777
validation error:	0.249100
2017-02-10 10:29:58,383 INFO     Wrote output to trainNN/out/v050-finunified-6-gca252aa-dirty:lstm-best-features-power,pitch,ffv,word2vec_dim15/config.json
2017-02-10 10:30:52,881 INFO     Saving network params to trainNN/out/v050-finunified-6-gca252aa-dirty:lstm-best-features-power,pitch,ffv,word2vec_dim15/epoch-068.pkl
2017-02-10 10:30:55,009 INFO     epoch: 68 took 56.628s (0.001s in batching)
training loss:	0.476859
validation loss:	0.521619
validation error:	0.248700
2017-02-10 10:30:55,012 INFO     Wrote output to trainNN/out/v050-finunified-6-gca252aa-dirty:lstm-best-features-power,pitch,ffv,word2vec_dim15/config.json
2017-02-10 10:31:50,640 INFO     Saving network params to trainNN/out/v050-finunified-6-gca252aa-dirty:lstm-best-features-power,pitch,ffv,word2vec_dim15/epoch-069.pkl
2017-02-10 10:31:52,716 INFO     epoch: 69 took 57.706s (0.001s in batching)
training loss:	0.476458
validation loss:	0.523756
validation error:	0.250200
2017-02-10 10:31:52,720 INFO     Wrote output to trainNN/out/v050-finunified-6-gca252aa-dirty:lstm-best-features-power,pitch,ffv,word2vec_dim15/config.json
2017-02-10 10:32:44,655 INFO     Saving network params to trainNN/out/v050-finunified-6-gca252aa-dirty:lstm-best-features-power,pitch,ffv,word2vec_dim15/epoch-070.pkl
2017-02-10 10:32:46,688 INFO     epoch: 70 took 53.973s (0.001s in batching)
training loss:	0.474414
validation loss:	0.521918
validation error:	0.251400
2017-02-10 10:32:46,691 INFO     Wrote output to trainNN/out/v050-finunified-6-gca252aa-dirty:lstm-best-features-power,pitch,ffv,word2vec_dim15/config.json
2017-02-10 10:33:39,613 INFO     Saving network params to trainNN/out/v050-finunified-6-gca252aa-dirty:lstm-best-features-power,pitch,ffv,word2vec_dim15/epoch-071.pkl
2017-02-10 10:33:41,640 INFO     epoch: 71 took 54.952s (0.001s in batching)
training loss:	0.473961
validation loss:	0.524849
validation error:	0.252300
2017-02-10 10:33:41,641 INFO     Wrote output to trainNN/out/v050-finunified-6-gca252aa-dirty:lstm-best-features-power,pitch,ffv,word2vec_dim15/config.json
2017-02-10 10:34:35,954 INFO     Saving network params to trainNN/out/v050-finunified-6-gca252aa-dirty:lstm-best-features-power,pitch,ffv,word2vec_dim15/epoch-072.pkl
2017-02-10 10:34:37,950 INFO     epoch: 72 took 56.310s (0.001s in batching)
training loss:	0.474214
validation loss:	0.522126
validation error:	0.250200
2017-02-10 10:34:37,951 INFO     Wrote output to trainNN/out/v050-finunified-6-gca252aa-dirty:lstm-best-features-power,pitch,ffv,word2vec_dim15/config.json
2017-02-10 10:35:31,367 INFO     Saving network params to trainNN/out/v050-finunified-6-gca252aa-dirty:lstm-best-features-power,pitch,ffv,word2vec_dim15/epoch-073.pkl
2017-02-10 10:35:33,367 INFO     epoch: 73 took 55.417s (0.001s in batching)
training loss:	0.473780
validation loss:	0.526884
validation error:	0.250200
2017-02-10 10:35:33,369 INFO     Wrote output to trainNN/out/v050-finunified-6-gca252aa-dirty:lstm-best-features-power,pitch,ffv,word2vec_dim15/config.json
2017-02-10 10:36:26,552 INFO     Saving network params to trainNN/out/v050-finunified-6-gca252aa-dirty:lstm-best-features-power,pitch,ffv,word2vec_dim15/epoch-074.pkl
2017-02-10 10:36:28,575 INFO     epoch: 74 took 55.208s (0.001s in batching)
training loss:	0.473187
validation loss:	0.526373
validation error:	0.250300
2017-02-10 10:36:28,576 INFO     Wrote output to trainNN/out/v050-finunified-6-gca252aa-dirty:lstm-best-features-power,pitch,ffv,word2vec_dim15/config.json
2017-02-10 10:37:21,602 INFO     Saving network params to trainNN/out/v050-finunified-6-gca252aa-dirty:lstm-best-features-power,pitch,ffv,word2vec_dim15/epoch-075.pkl
2017-02-10 10:37:23,579 INFO     epoch: 75 took 55.004s (0.001s in batching)
training loss:	0.471978
validation loss:	0.530431
validation error:	0.251000
2017-02-10 10:37:23,581 INFO     Wrote output to trainNN/out/v050-finunified-6-gca252aa-dirty:lstm-best-features-power,pitch,ffv,word2vec_dim15/config.json
2017-02-10 10:38:16,528 INFO     Saving network params to trainNN/out/v050-finunified-6-gca252aa-dirty:lstm-best-features-power,pitch,ffv,word2vec_dim15/epoch-076.pkl
2017-02-10 10:38:18,439 INFO     epoch: 76 took 54.860s (0.001s in batching)
training loss:	0.471176
validation loss:	0.531959
validation error:	0.251900
2017-02-10 10:38:18,441 INFO     Wrote output to trainNN/out/v050-finunified-6-gca252aa-dirty:lstm-best-features-power,pitch,ffv,word2vec_dim15/config.json
2017-02-10 10:39:12,528 INFO     Saving network params to trainNN/out/v050-finunified-6-gca252aa-dirty:lstm-best-features-power,pitch,ffv,word2vec_dim15/epoch-077.pkl
2017-02-10 10:39:14,539 INFO     epoch: 77 took 56.100s (0.001s in batching)
training loss:	0.471972
validation loss:	0.535866
validation error:	0.249500
2017-02-10 10:39:14,541 INFO     Wrote output to trainNN/out/v050-finunified-6-gca252aa-dirty:lstm-best-features-power,pitch,ffv,word2vec_dim15/config.json
2017-02-10 10:40:07,850 INFO     Saving network params to trainNN/out/v050-finunified-6-gca252aa-dirty:lstm-best-features-power,pitch,ffv,word2vec_dim15/epoch-078.pkl
2017-02-10 10:40:09,679 INFO     epoch: 78 took 55.140s (0.001s in batching)
training loss:	0.470654
validation loss:	0.524784
validation error:	0.248400
2017-02-10 10:40:09,681 INFO     Wrote output to trainNN/out/v050-finunified-6-gca252aa-dirty:lstm-best-features-power,pitch,ffv,word2vec_dim15/config.json
2017-02-10 10:41:02,497 INFO     Saving network params to trainNN/out/v050-finunified-6-gca252aa-dirty:lstm-best-features-power,pitch,ffv,word2vec_dim15/epoch-079.pkl
2017-02-10 10:41:04,524 INFO     epoch: 79 took 54.845s (0.001s in batching)
training loss:	0.468882
validation loss:	0.528375
validation error:	0.250000
2017-02-10 10:41:04,527 INFO     Wrote output to trainNN/out/v050-finunified-6-gca252aa-dirty:lstm-best-features-power,pitch,ffv,word2vec_dim15/config.json
2017-02-10 10:41:57,655 INFO     Saving network params to trainNN/out/v050-finunified-6-gca252aa-dirty:lstm-best-features-power,pitch,ffv,word2vec_dim15/epoch-080.pkl
2017-02-10 10:41:59,637 INFO     epoch: 80 took 55.113s (0.001s in batching)
training loss:	0.469741
validation loss:	0.529495
validation error:	0.252000
2017-02-10 10:41:59,640 INFO     Wrote output to trainNN/out/v050-finunified-6-gca252aa-dirty:lstm-best-features-power,pitch,ffv,word2vec_dim15/config.json
2017-02-10 10:42:51,147 INFO     Saving network params to trainNN/out/v050-finunified-6-gca252aa-dirty:lstm-best-features-power,pitch,ffv,word2vec_dim15/epoch-081.pkl
2017-02-10 10:42:53,124 INFO     epoch: 81 took 53.487s (0.000s in batching)
training loss:	0.468135
validation loss:	0.528818
validation error:	0.248800
2017-02-10 10:42:53,126 INFO     Wrote output to trainNN/out/v050-finunified-6-gca252aa-dirty:lstm-best-features-power,pitch,ffv,word2vec_dim15/config.json
2017-02-10 10:43:46,796 INFO     Saving network params to trainNN/out/v050-finunified-6-gca252aa-dirty:lstm-best-features-power,pitch,ffv,word2vec_dim15/epoch-082.pkl
2017-02-10 10:43:48,791 INFO     epoch: 82 took 55.667s (0.001s in batching)
training loss:	0.468197
validation loss:	0.531172
validation error:	0.248600
2017-02-10 10:43:48,793 INFO     Wrote output to trainNN/out/v050-finunified-6-gca252aa-dirty:lstm-best-features-power,pitch,ffv,word2vec_dim15/config.json
2017-02-10 10:45:12,413 INFO     Saving network params to trainNN/out/v050-finunified-6-gca252aa-dirty:lstm-best-features-power,pitch,ffv,word2vec_dim15/epoch-083.pkl
2017-02-10 10:45:14,427 INFO     epoch: 83 took 85.636s (0.001s in batching)
training loss:	0.468131
validation loss:	0.532503
validation error:	0.254500
2017-02-10 10:45:14,429 INFO     Wrote output to trainNN/out/v050-finunified-6-gca252aa-dirty:lstm-best-features-power,pitch,ffv,word2vec_dim15/config.json
2017-02-10 10:46:05,524 INFO     Saving network params to trainNN/out/v050-finunified-6-gca252aa-dirty:lstm-best-features-power,pitch,ffv,word2vec_dim15/epoch-084.pkl
2017-02-10 10:46:07,494 INFO     epoch: 84 took 53.067s (0.001s in batching)
training loss:	0.467359
validation loss:	0.534928
validation error:	0.254400
2017-02-10 10:46:07,496 INFO     Wrote output to trainNN/out/v050-finunified-6-gca252aa-dirty:lstm-best-features-power,pitch,ffv,word2vec_dim15/config.json
2017-02-10 10:46:59,367 INFO     Saving network params to trainNN/out/v050-finunified-6-gca252aa-dirty:lstm-best-features-power,pitch,ffv,word2vec_dim15/epoch-085.pkl
2017-02-10 10:47:01,343 INFO     epoch: 85 took 53.849s (0.000s in batching)
training loss:	0.467385
validation loss:	0.535401
validation error:	0.254400
2017-02-10 10:47:01,345 INFO     Wrote output to trainNN/out/v050-finunified-6-gca252aa-dirty:lstm-best-features-power,pitch,ffv,word2vec_dim15/config.json
2017-02-10 10:47:53,970 INFO     Saving network params to trainNN/out/v050-finunified-6-gca252aa-dirty:lstm-best-features-power,pitch,ffv,word2vec_dim15/epoch-086.pkl
2017-02-10 10:47:55,981 INFO     epoch: 86 took 54.638s (0.000s in batching)
training loss:	0.466615
validation loss:	0.533971
validation error:	0.252000
2017-02-10 10:47:55,983 INFO     Wrote output to trainNN/out/v050-finunified-6-gca252aa-dirty:lstm-best-features-power,pitch,ffv,word2vec_dim15/config.json
2017-02-10 10:48:48,615 INFO     Saving network params to trainNN/out/v050-finunified-6-gca252aa-dirty:lstm-best-features-power,pitch,ffv,word2vec_dim15/epoch-087.pkl
2017-02-10 10:48:50,607 INFO     epoch: 87 took 54.626s (0.001s in batching)
training loss:	0.465536
validation loss:	0.535323
validation error:	0.250300
2017-02-10 10:48:50,609 INFO     Wrote output to trainNN/out/v050-finunified-6-gca252aa-dirty:lstm-best-features-power,pitch,ffv,word2vec_dim15/config.json
2017-02-10 10:49:42,906 INFO     Saving network params to trainNN/out/v050-finunified-6-gca252aa-dirty:lstm-best-features-power,pitch,ffv,word2vec_dim15/epoch-088.pkl
2017-02-10 10:49:44,928 INFO     epoch: 88 took 54.321s (0.008s in batching)
training loss:	0.465260
validation loss:	0.535858
validation error:	0.254500
2017-02-10 10:49:44,930 INFO     Wrote output to trainNN/out/v050-finunified-6-gca252aa-dirty:lstm-best-features-power,pitch,ffv,word2vec_dim15/config.json
2017-02-10 10:50:38,057 INFO     Saving network params to trainNN/out/v050-finunified-6-gca252aa-dirty:lstm-best-features-power,pitch,ffv,word2vec_dim15/epoch-089.pkl
2017-02-10 10:50:40,052 INFO     epoch: 89 took 55.123s (0.001s in batching)
training loss:	0.464554
validation loss:	0.536487
validation error:	0.257600
2017-02-10 10:50:40,054 INFO     Wrote output to trainNN/out/v050-finunified-6-gca252aa-dirty:lstm-best-features-power,pitch,ffv,word2vec_dim15/config.json
2017-02-10 10:51:35,202 INFO     Saving network params to trainNN/out/v050-finunified-6-gca252aa-dirty:lstm-best-features-power,pitch,ffv,word2vec_dim15/epoch-090.pkl
2017-02-10 10:51:37,221 INFO     epoch: 90 took 57.169s (0.001s in batching)
training loss:	0.464546
validation loss:	0.539224
validation error:	0.256300
2017-02-10 10:51:37,229 INFO     Wrote output to trainNN/out/v050-finunified-6-gca252aa-dirty:lstm-best-features-power,pitch,ffv,word2vec_dim15/config.json
2017-02-10 10:52:31,324 INFO     Saving network params to trainNN/out/v050-finunified-6-gca252aa-dirty:lstm-best-features-power,pitch,ffv,word2vec_dim15/epoch-091.pkl
2017-02-10 10:52:33,483 INFO     epoch: 91 took 56.262s (0.001s in batching)
training loss:	0.464015
validation loss:	0.533445
validation error:	0.248800
2017-02-10 10:52:33,486 INFO     Wrote output to trainNN/out/v050-finunified-6-gca252aa-dirty:lstm-best-features-power,pitch,ffv,word2vec_dim15/config.json
2017-02-10 10:53:08,398 INFO     Saving network params to trainNN/out/v050-finunified-6-gca252aa-dirty:lstm-best-features-power,pitch,ffv,word2vec_dim15/epoch-092.pkl
2017-02-10 10:53:09,013 INFO     epoch: 92 took 35.530s (0.001s in batching)
training loss:	0.462603
validation loss:	0.536137
validation error:	0.256300
2017-02-10 10:53:09,015 INFO     Wrote output to trainNN/out/v050-finunified-6-gca252aa-dirty:lstm-best-features-power,pitch,ffv,word2vec_dim15/config.json
2017-02-10 10:53:36,161 INFO     Saving network params to trainNN/out/v050-finunified-6-gca252aa-dirty:lstm-best-features-power,pitch,ffv,word2vec_dim15/epoch-093.pkl
2017-02-10 10:53:36,786 INFO     epoch: 93 took 27.773s (0.001s in batching)
training loss:	0.462329
validation loss:	0.536973
validation error:	0.257600
2017-02-10 10:53:36,789 INFO     Wrote output to trainNN/out/v050-finunified-6-gca252aa-dirty:lstm-best-features-power,pitch,ffv,word2vec_dim15/config.json
2017-02-10 10:54:04,059 INFO     Saving network params to trainNN/out/v050-finunified-6-gca252aa-dirty:lstm-best-features-power,pitch,ffv,word2vec_dim15/epoch-094.pkl
2017-02-10 10:54:04,684 INFO     epoch: 94 took 27.897s (0.001s in batching)
training loss:	0.463420
validation loss:	0.541469
validation error:	0.252300
2017-02-10 10:54:04,686 INFO     Wrote output to trainNN/out/v050-finunified-6-gca252aa-dirty:lstm-best-features-power,pitch,ffv,word2vec_dim15/config.json
2017-02-10 10:54:32,058 INFO     Saving network params to trainNN/out/v050-finunified-6-gca252aa-dirty:lstm-best-features-power,pitch,ffv,word2vec_dim15/epoch-095.pkl
2017-02-10 10:54:32,714 INFO     epoch: 95 took 28.030s (0.001s in batching)
training loss:	0.462595
validation loss:	0.538986
validation error:	0.257700
2017-02-10 10:54:32,717 INFO     Wrote output to trainNN/out/v050-finunified-6-gca252aa-dirty:lstm-best-features-power,pitch,ffv,word2vec_dim15/config.json
2017-02-10 10:55:00,131 INFO     Saving network params to trainNN/out/v050-finunified-6-gca252aa-dirty:lstm-best-features-power,pitch,ffv,word2vec_dim15/epoch-096.pkl
2017-02-10 10:55:00,717 INFO     epoch: 96 took 28.003s (0.001s in batching)
training loss:	0.461730
validation loss:	0.533712
validation error:	0.252900
2017-02-10 10:55:00,719 INFO     Wrote output to trainNN/out/v050-finunified-6-gca252aa-dirty:lstm-best-features-power,pitch,ffv,word2vec_dim15/config.json
2017-02-10 10:55:27,801 INFO     Saving network params to trainNN/out/v050-finunified-6-gca252aa-dirty:lstm-best-features-power,pitch,ffv,word2vec_dim15/epoch-097.pkl
2017-02-10 10:55:28,400 INFO     epoch: 97 took 27.683s (0.001s in batching)
training loss:	0.461085
validation loss:	0.543399
validation error:	0.255500
2017-02-10 10:55:28,403 INFO     Wrote output to trainNN/out/v050-finunified-6-gca252aa-dirty:lstm-best-features-power,pitch,ffv,word2vec_dim15/config.json
2017-02-10 10:55:55,274 INFO     Saving network params to trainNN/out/v050-finunified-6-gca252aa-dirty:lstm-best-features-power,pitch,ffv,word2vec_dim15/epoch-098.pkl
2017-02-10 10:55:55,879 INFO     epoch: 98 took 27.480s (0.001s in batching)
training loss:	0.461062
validation loss:	0.541600
validation error:	0.258000
2017-02-10 10:55:55,881 INFO     Wrote output to trainNN/out/v050-finunified-6-gca252aa-dirty:lstm-best-features-power,pitch,ffv,word2vec_dim15/config.json
2017-02-10 10:56:22,850 INFO     Saving network params to trainNN/out/v050-finunified-6-gca252aa-dirty:lstm-best-features-power,pitch,ffv,word2vec_dim15/epoch-099.pkl
2017-02-10 10:56:23,439 INFO     epoch: 99 took 27.560s (0.001s in batching)
training loss:	0.460477
validation loss:	0.543390
validation error:	0.257900
2017-02-10 10:56:23,441 INFO     Wrote output to trainNN/out/v050-finunified-6-gca252aa-dirty:lstm-best-features-power,pitch,ffv,word2vec_dim15/config.json
