2017-03-21 11:58:19,763 DEBUG    version=v050-finunified-60-g10e2ae6-dirty:lstm-best-features-power,pitch,ffv,word2vec_dim30_4M
2017-03-21 11:58:43,951 DEBUG    extracting and saving data
2017-03-21 11:58:50,964 INFO     wrote to data/word2vec/4Mnoisefiltered-30.bin
2017-03-21 12:20:16,844 DEBUG    set input dim to 39
2017-03-21 12:20:16,844 DEBUG    input dim = 39
2017-03-21 12:20:16,855 DEBUG    loading data into ram
2017-03-21 12:20:17,051 DEBUG    loading data took 0.196s (cpu: 0.196s)
2017-03-21 12:20:17,247 DEBUG    set input dim to 39
2017-03-21 12:20:17,248 DEBUG    input dim = 39
2017-03-21 12:20:17,248 DEBUG    loading data into ram
2017-03-21 12:20:17,268 DEBUG    loading data took 0.020s (cpu: 0.020s)
2017-03-21 12:20:17,416 DEBUG    Applying L2 regularization with 0.000100
2017-03-21 12:20:17,473 INFO     Training network with 46027 trainable out of 46237 total params.
2017-03-21 12:20:18,181 DEBUG    Using adam with learning_rate=0.001000
2017-03-21 12:20:36,112 DEBUG    Starting training...
2017-03-21 12:21:04,215 INFO     Saving network params to trainNN/out/v050-finunified-60-g10e2ae6-dirty:lstm-best-features-power,pitch,ffv,word2vec_dim30_4M/epoch-000.pkl
2017-03-21 12:21:05,074 INFO     epoch: 0 took 28.962s (2.727s in batching)
training loss:	0.598917
validation loss:	0.550637
validation error:	0.280718
2017-03-21 12:21:05,075 INFO     Wrote output to trainNN/out/v050-finunified-60-g10e2ae6-dirty:lstm-best-features-power,pitch,ffv,word2vec_dim30_4M/config.json
2017-03-21 12:21:33,509 INFO     Saving network params to trainNN/out/v050-finunified-60-g10e2ae6-dirty:lstm-best-features-power,pitch,ffv,word2vec_dim30_4M/epoch-001.pkl
2017-03-21 12:21:34,556 INFO     epoch: 1 took 29.482s (2.773s in batching)
training loss:	0.562421
validation loss:	0.541921
validation error:	0.277128
2017-03-21 12:21:34,557 INFO     Wrote output to trainNN/out/v050-finunified-60-g10e2ae6-dirty:lstm-best-features-power,pitch,ffv,word2vec_dim30_4M/config.json
2017-03-21 12:22:04,249 INFO     Saving network params to trainNN/out/v050-finunified-60-g10e2ae6-dirty:lstm-best-features-power,pitch,ffv,word2vec_dim30_4M/epoch-002.pkl
2017-03-21 12:22:05,136 INFO     epoch: 2 took 30.579s (2.946s in batching)
training loss:	0.550749
validation loss:	0.531867
validation error:	0.267897
2017-03-21 12:22:05,137 INFO     Wrote output to trainNN/out/v050-finunified-60-g10e2ae6-dirty:lstm-best-features-power,pitch,ffv,word2vec_dim30_4M/config.json
2017-03-21 12:22:34,159 INFO     Saving network params to trainNN/out/v050-finunified-60-g10e2ae6-dirty:lstm-best-features-power,pitch,ffv,word2vec_dim30_4M/epoch-003.pkl
2017-03-21 12:22:35,038 INFO     epoch: 3 took 29.902s (2.832s in batching)
training loss:	0.544566
validation loss:	0.531287
validation error:	0.262051
2017-03-21 12:22:35,039 INFO     Wrote output to trainNN/out/v050-finunified-60-g10e2ae6-dirty:lstm-best-features-power,pitch,ffv,word2vec_dim30_4M/config.json
2017-03-21 12:23:03,417 INFO     Saving network params to trainNN/out/v050-finunified-60-g10e2ae6-dirty:lstm-best-features-power,pitch,ffv,word2vec_dim30_4M/epoch-004.pkl
2017-03-21 12:23:04,292 INFO     epoch: 4 took 29.254s (2.741s in batching)
training loss:	0.538695
validation loss:	0.524896
validation error:	0.261128
2017-03-21 12:23:04,293 INFO     Wrote output to trainNN/out/v050-finunified-60-g10e2ae6-dirty:lstm-best-features-power,pitch,ffv,word2vec_dim30_4M/config.json
2017-03-21 12:23:32,476 INFO     Saving network params to trainNN/out/v050-finunified-60-g10e2ae6-dirty:lstm-best-features-power,pitch,ffv,word2vec_dim30_4M/epoch-005.pkl
2017-03-21 12:23:33,416 INFO     epoch: 5 took 29.124s (2.721s in batching)
training loss:	0.536315
validation loss:	0.519383
validation error:	0.256000
2017-03-21 12:23:33,417 INFO     Wrote output to trainNN/out/v050-finunified-60-g10e2ae6-dirty:lstm-best-features-power,pitch,ffv,word2vec_dim30_4M/config.json
2017-03-21 12:24:02,110 INFO     Saving network params to trainNN/out/v050-finunified-60-g10e2ae6-dirty:lstm-best-features-power,pitch,ffv,word2vec_dim30_4M/epoch-006.pkl
2017-03-21 12:24:03,008 INFO     epoch: 6 took 29.592s (2.782s in batching)
training loss:	0.532745
validation loss:	0.521415
validation error:	0.262051
2017-03-21 12:24:03,010 INFO     Wrote output to trainNN/out/v050-finunified-60-g10e2ae6-dirty:lstm-best-features-power,pitch,ffv,word2vec_dim30_4M/config.json
2017-03-21 12:24:31,758 INFO     Saving network params to trainNN/out/v050-finunified-60-g10e2ae6-dirty:lstm-best-features-power,pitch,ffv,word2vec_dim30_4M/epoch-007.pkl
2017-03-21 12:24:32,614 INFO     epoch: 7 took 29.606s (2.807s in batching)
training loss:	0.528548
validation loss:	0.520048
validation error:	0.252410
2017-03-21 12:24:32,614 INFO     Wrote output to trainNN/out/v050-finunified-60-g10e2ae6-dirty:lstm-best-features-power,pitch,ffv,word2vec_dim30_4M/config.json
2017-03-21 12:25:01,157 INFO     Saving network params to trainNN/out/v050-finunified-60-g10e2ae6-dirty:lstm-best-features-power,pitch,ffv,word2vec_dim30_4M/epoch-008.pkl
2017-03-21 12:25:02,118 INFO     epoch: 8 took 29.505s (2.758s in batching)
training loss:	0.526672
validation loss:	0.514062
validation error:	0.248513
2017-03-21 12:25:02,120 INFO     Wrote output to trainNN/out/v050-finunified-60-g10e2ae6-dirty:lstm-best-features-power,pitch,ffv,word2vec_dim30_4M/config.json
2017-03-21 12:25:30,934 INFO     Saving network params to trainNN/out/v050-finunified-60-g10e2ae6-dirty:lstm-best-features-power,pitch,ffv,word2vec_dim30_4M/epoch-009.pkl
2017-03-21 12:25:31,801 INFO     epoch: 9 took 29.683s (2.794s in batching)
training loss:	0.523015
validation loss:	0.518331
validation error:	0.253333
2017-03-21 12:25:31,802 INFO     Wrote output to trainNN/out/v050-finunified-60-g10e2ae6-dirty:lstm-best-features-power,pitch,ffv,word2vec_dim30_4M/config.json
2017-03-21 12:26:00,807 INFO     Saving network params to trainNN/out/v050-finunified-60-g10e2ae6-dirty:lstm-best-features-power,pitch,ffv,word2vec_dim30_4M/epoch-010.pkl
2017-03-21 12:26:01,764 INFO     epoch: 10 took 29.962s (2.833s in batching)
training loss:	0.521285
validation loss:	0.508745
validation error:	0.246769
2017-03-21 12:26:01,764 INFO     Wrote output to trainNN/out/v050-finunified-60-g10e2ae6-dirty:lstm-best-features-power,pitch,ffv,word2vec_dim30_4M/config.json
2017-03-21 12:26:31,447 INFO     Saving network params to trainNN/out/v050-finunified-60-g10e2ae6-dirty:lstm-best-features-power,pitch,ffv,word2vec_dim30_4M/epoch-011.pkl
2017-03-21 12:26:32,362 INFO     epoch: 11 took 30.599s (2.919s in batching)
training loss:	0.519568
validation loss:	0.509495
validation error:	0.244205
2017-03-21 12:26:32,363 INFO     Wrote output to trainNN/out/v050-finunified-60-g10e2ae6-dirty:lstm-best-features-power,pitch,ffv,word2vec_dim30_4M/config.json
2017-03-21 12:27:01,876 INFO     Saving network params to trainNN/out/v050-finunified-60-g10e2ae6-dirty:lstm-best-features-power,pitch,ffv,word2vec_dim30_4M/epoch-012.pkl
2017-03-21 12:27:02,792 INFO     epoch: 12 took 30.430s (2.884s in batching)
training loss:	0.516871
validation loss:	0.510418
validation error:	0.247487
2017-03-21 12:27:02,793 INFO     Wrote output to trainNN/out/v050-finunified-60-g10e2ae6-dirty:lstm-best-features-power,pitch,ffv,word2vec_dim30_4M/config.json
2017-03-21 12:27:32,426 INFO     Saving network params to trainNN/out/v050-finunified-60-g10e2ae6-dirty:lstm-best-features-power,pitch,ffv,word2vec_dim30_4M/epoch-013.pkl
2017-03-21 12:27:33,298 INFO     epoch: 13 took 30.506s (2.902s in batching)
training loss:	0.515619
validation loss:	0.512036
validation error:	0.250154
2017-03-21 12:27:33,299 INFO     Wrote output to trainNN/out/v050-finunified-60-g10e2ae6-dirty:lstm-best-features-power,pitch,ffv,word2vec_dim30_4M/config.json
2017-03-21 12:28:01,932 INFO     Saving network params to trainNN/out/v050-finunified-60-g10e2ae6-dirty:lstm-best-features-power,pitch,ffv,word2vec_dim30_4M/epoch-014.pkl
2017-03-21 12:28:02,798 INFO     epoch: 14 took 29.500s (2.812s in batching)
training loss:	0.514161
validation loss:	0.518540
validation error:	0.255077
2017-03-21 12:28:02,799 INFO     Wrote output to trainNN/out/v050-finunified-60-g10e2ae6-dirty:lstm-best-features-power,pitch,ffv,word2vec_dim30_4M/config.json
2017-03-21 12:28:32,175 INFO     Saving network params to trainNN/out/v050-finunified-60-g10e2ae6-dirty:lstm-best-features-power,pitch,ffv,word2vec_dim30_4M/epoch-015.pkl
2017-03-21 12:28:33,066 INFO     epoch: 15 took 30.268s (2.883s in batching)
training loss:	0.512254
validation loss:	0.506015
validation error:	0.242256
2017-03-21 12:28:33,067 INFO     Wrote output to trainNN/out/v050-finunified-60-g10e2ae6-dirty:lstm-best-features-power,pitch,ffv,word2vec_dim30_4M/config.json
2017-03-21 12:29:01,687 INFO     Saving network params to trainNN/out/v050-finunified-60-g10e2ae6-dirty:lstm-best-features-power,pitch,ffv,word2vec_dim30_4M/epoch-016.pkl
2017-03-21 12:29:02,556 INFO     epoch: 16 took 29.490s (2.796s in batching)
training loss:	0.511319
validation loss:	0.507050
validation error:	0.244718
2017-03-21 12:29:02,557 INFO     Wrote output to trainNN/out/v050-finunified-60-g10e2ae6-dirty:lstm-best-features-power,pitch,ffv,word2vec_dim30_4M/config.json
2017-03-21 12:29:31,068 INFO     Saving network params to trainNN/out/v050-finunified-60-g10e2ae6-dirty:lstm-best-features-power,pitch,ffv,word2vec_dim30_4M/epoch-017.pkl
2017-03-21 12:29:31,932 INFO     epoch: 17 took 29.375s (2.764s in batching)
training loss:	0.509012
validation loss:	0.501901
validation error:	0.240410
2017-03-21 12:29:31,933 INFO     Wrote output to trainNN/out/v050-finunified-60-g10e2ae6-dirty:lstm-best-features-power,pitch,ffv,word2vec_dim30_4M/config.json
2017-03-21 12:30:01,844 INFO     Saving network params to trainNN/out/v050-finunified-60-g10e2ae6-dirty:lstm-best-features-power,pitch,ffv,word2vec_dim30_4M/epoch-018.pkl
2017-03-21 12:30:02,747 INFO     epoch: 18 took 30.815s (2.982s in batching)
training loss:	0.508048
validation loss:	0.503708
validation error:	0.242667
2017-03-21 12:30:02,748 INFO     Wrote output to trainNN/out/v050-finunified-60-g10e2ae6-dirty:lstm-best-features-power,pitch,ffv,word2vec_dim30_4M/config.json
2017-03-21 12:30:31,999 INFO     Saving network params to trainNN/out/v050-finunified-60-g10e2ae6-dirty:lstm-best-features-power,pitch,ffv,word2vec_dim30_4M/epoch-019.pkl
2017-03-21 12:30:32,958 INFO     epoch: 19 took 30.211s (2.938s in batching)
training loss:	0.506992
validation loss:	0.500111
validation error:	0.239692
2017-03-21 12:30:32,959 INFO     Wrote output to trainNN/out/v050-finunified-60-g10e2ae6-dirty:lstm-best-features-power,pitch,ffv,word2vec_dim30_4M/config.json
2017-03-21 12:31:02,812 INFO     Saving network params to trainNN/out/v050-finunified-60-g10e2ae6-dirty:lstm-best-features-power,pitch,ffv,word2vec_dim30_4M/epoch-020.pkl
2017-03-21 12:31:03,727 INFO     epoch: 20 took 30.769s (2.983s in batching)
training loss:	0.505692
validation loss:	0.502181
validation error:	0.241538
2017-03-21 12:31:03,728 INFO     Wrote output to trainNN/out/v050-finunified-60-g10e2ae6-dirty:lstm-best-features-power,pitch,ffv,word2vec_dim30_4M/config.json
2017-03-21 12:31:32,292 INFO     Saving network params to trainNN/out/v050-finunified-60-g10e2ae6-dirty:lstm-best-features-power,pitch,ffv,word2vec_dim30_4M/epoch-021.pkl
2017-03-21 12:31:33,143 INFO     epoch: 21 took 29.416s (2.777s in batching)
training loss:	0.505757
validation loss:	0.498536
validation error:	0.240000
2017-03-21 12:31:33,144 INFO     Wrote output to trainNN/out/v050-finunified-60-g10e2ae6-dirty:lstm-best-features-power,pitch,ffv,word2vec_dim30_4M/config.json
2017-03-21 12:32:03,416 INFO     Saving network params to trainNN/out/v050-finunified-60-g10e2ae6-dirty:lstm-best-features-power,pitch,ffv,word2vec_dim30_4M/epoch-022.pkl
2017-03-21 12:32:04,292 INFO     epoch: 22 took 31.149s (3.002s in batching)
training loss:	0.503568
validation loss:	0.497436
validation error:	0.238359
2017-03-21 12:32:04,293 INFO     Wrote output to trainNN/out/v050-finunified-60-g10e2ae6-dirty:lstm-best-features-power,pitch,ffv,word2vec_dim30_4M/config.json
2017-03-21 12:32:35,427 INFO     Saving network params to trainNN/out/v050-finunified-60-g10e2ae6-dirty:lstm-best-features-power,pitch,ffv,word2vec_dim30_4M/epoch-023.pkl
2017-03-21 12:32:36,352 INFO     epoch: 23 took 32.060s (3.099s in batching)
training loss:	0.503123
validation loss:	0.496587
validation error:	0.237231
2017-03-21 12:32:36,353 INFO     Wrote output to trainNN/out/v050-finunified-60-g10e2ae6-dirty:lstm-best-features-power,pitch,ffv,word2vec_dim30_4M/config.json
2017-03-21 12:33:07,152 INFO     Saving network params to trainNN/out/v050-finunified-60-g10e2ae6-dirty:lstm-best-features-power,pitch,ffv,word2vec_dim30_4M/epoch-024.pkl
2017-03-21 12:33:08,087 INFO     epoch: 24 took 31.735s (3.064s in batching)
training loss:	0.501357
validation loss:	0.499423
validation error:	0.242974
2017-03-21 12:33:08,088 INFO     Wrote output to trainNN/out/v050-finunified-60-g10e2ae6-dirty:lstm-best-features-power,pitch,ffv,word2vec_dim30_4M/config.json
2017-03-21 12:33:38,687 INFO     Saving network params to trainNN/out/v050-finunified-60-g10e2ae6-dirty:lstm-best-features-power,pitch,ffv,word2vec_dim30_4M/epoch-025.pkl
2017-03-21 12:33:39,657 INFO     epoch: 25 took 31.569s (3.030s in batching)
training loss:	0.499964
validation loss:	0.497394
validation error:	0.239282
2017-03-21 12:33:39,658 INFO     Wrote output to trainNN/out/v050-finunified-60-g10e2ae6-dirty:lstm-best-features-power,pitch,ffv,word2vec_dim30_4M/config.json
2017-03-21 12:34:09,939 INFO     Saving network params to trainNN/out/v050-finunified-60-g10e2ae6-dirty:lstm-best-features-power,pitch,ffv,word2vec_dim30_4M/epoch-026.pkl
2017-03-21 12:34:10,918 INFO     epoch: 26 took 31.262s (2.987s in batching)
training loss:	0.499411
validation loss:	0.492686
validation error:	0.240308
2017-03-21 12:34:10,919 INFO     Wrote output to trainNN/out/v050-finunified-60-g10e2ae6-dirty:lstm-best-features-power,pitch,ffv,word2vec_dim30_4M/config.json
2017-03-21 12:34:41,449 INFO     Saving network params to trainNN/out/v050-finunified-60-g10e2ae6-dirty:lstm-best-features-power,pitch,ffv,word2vec_dim30_4M/epoch-027.pkl
2017-03-21 12:34:42,409 INFO     epoch: 27 took 31.491s (3.033s in batching)
training loss:	0.498919
validation loss:	0.494848
validation error:	0.238872
2017-03-21 12:34:42,411 INFO     Wrote output to trainNN/out/v050-finunified-60-g10e2ae6-dirty:lstm-best-features-power,pitch,ffv,word2vec_dim30_4M/config.json
2017-03-21 12:35:13,934 INFO     Saving network params to trainNN/out/v050-finunified-60-g10e2ae6-dirty:lstm-best-features-power,pitch,ffv,word2vec_dim30_4M/epoch-028.pkl
2017-03-21 12:35:14,914 INFO     epoch: 28 took 32.504s (3.189s in batching)
training loss:	0.497976
validation loss:	0.493321
validation error:	0.236103
2017-03-21 12:35:14,915 INFO     Wrote output to trainNN/out/v050-finunified-60-g10e2ae6-dirty:lstm-best-features-power,pitch,ffv,word2vec_dim30_4M/config.json
2017-03-21 12:35:44,788 INFO     Saving network params to trainNN/out/v050-finunified-60-g10e2ae6-dirty:lstm-best-features-power,pitch,ffv,word2vec_dim30_4M/epoch-029.pkl
2017-03-21 12:35:45,695 INFO     epoch: 29 took 30.782s (2.950s in batching)
training loss:	0.496576
validation loss:	0.495778
validation error:	0.240103
2017-03-21 12:35:45,697 INFO     Wrote output to trainNN/out/v050-finunified-60-g10e2ae6-dirty:lstm-best-features-power,pitch,ffv,word2vec_dim30_4M/config.json
2017-03-21 12:36:14,066 INFO     Saving network params to trainNN/out/v050-finunified-60-g10e2ae6-dirty:lstm-best-features-power,pitch,ffv,word2vec_dim30_4M/epoch-030.pkl
2017-03-21 12:36:14,922 INFO     epoch: 30 took 29.226s (2.747s in batching)
training loss:	0.497310
validation loss:	0.501750
validation error:	0.242667
2017-03-21 12:36:14,923 INFO     Wrote output to trainNN/out/v050-finunified-60-g10e2ae6-dirty:lstm-best-features-power,pitch,ffv,word2vec_dim30_4M/config.json
2017-03-21 12:36:43,137 INFO     Saving network params to trainNN/out/v050-finunified-60-g10e2ae6-dirty:lstm-best-features-power,pitch,ffv,word2vec_dim30_4M/epoch-031.pkl
2017-03-21 12:36:43,986 INFO     epoch: 31 took 29.064s (2.717s in batching)
training loss:	0.495162
validation loss:	0.495341
validation error:	0.238256
2017-03-21 12:36:43,987 INFO     Wrote output to trainNN/out/v050-finunified-60-g10e2ae6-dirty:lstm-best-features-power,pitch,ffv,word2vec_dim30_4M/config.json
2017-03-21 12:37:18,911 INFO     Saving network params to trainNN/out/v050-finunified-60-g10e2ae6-dirty:lstm-best-features-power,pitch,ffv,word2vec_dim30_4M/epoch-032.pkl
2017-03-21 12:37:20,495 INFO     epoch: 32 took 36.509s (2.825s in batching)
training loss:	0.494430
validation loss:	0.492792
validation error:	0.235179
2017-03-21 12:37:20,496 INFO     Wrote output to trainNN/out/v050-finunified-60-g10e2ae6-dirty:lstm-best-features-power,pitch,ffv,word2vec_dim30_4M/config.json
2017-03-21 12:37:55,465 INFO     Saving network params to trainNN/out/v050-finunified-60-g10e2ae6-dirty:lstm-best-features-power,pitch,ffv,word2vec_dim30_4M/epoch-033.pkl
2017-03-21 12:37:56,326 INFO     epoch: 33 took 35.831s (2.848s in batching)
training loss:	0.494031
validation loss:	0.493524
validation error:	0.237744
2017-03-21 12:37:56,327 INFO     Wrote output to trainNN/out/v050-finunified-60-g10e2ae6-dirty:lstm-best-features-power,pitch,ffv,word2vec_dim30_4M/config.json
2017-03-21 12:38:24,947 INFO     Saving network params to trainNN/out/v050-finunified-60-g10e2ae6-dirty:lstm-best-features-power,pitch,ffv,word2vec_dim30_4M/epoch-034.pkl
2017-03-21 12:38:25,858 INFO     epoch: 34 took 29.532s (2.765s in batching)
training loss:	0.493359
validation loss:	0.492235
validation error:	0.239795
2017-03-21 12:38:25,859 INFO     Wrote output to trainNN/out/v050-finunified-60-g10e2ae6-dirty:lstm-best-features-power,pitch,ffv,word2vec_dim30_4M/config.json
2017-03-21 12:38:54,444 INFO     Saving network params to trainNN/out/v050-finunified-60-g10e2ae6-dirty:lstm-best-features-power,pitch,ffv,word2vec_dim30_4M/epoch-035.pkl
2017-03-21 12:38:55,328 INFO     epoch: 35 took 29.470s (2.765s in batching)
training loss:	0.492775
validation loss:	0.495109
validation error:	0.239795
2017-03-21 12:38:55,329 INFO     Wrote output to trainNN/out/v050-finunified-60-g10e2ae6-dirty:lstm-best-features-power,pitch,ffv,word2vec_dim30_4M/config.json
2017-03-21 12:39:23,580 INFO     Saving network params to trainNN/out/v050-finunified-60-g10e2ae6-dirty:lstm-best-features-power,pitch,ffv,word2vec_dim30_4M/epoch-036.pkl
2017-03-21 12:39:24,433 INFO     epoch: 36 took 29.105s (2.717s in batching)
training loss:	0.492861
validation loss:	0.491817
validation error:	0.235179
2017-03-21 12:39:24,434 INFO     Wrote output to trainNN/out/v050-finunified-60-g10e2ae6-dirty:lstm-best-features-power,pitch,ffv,word2vec_dim30_4M/config.json
2017-03-21 12:39:52,622 INFO     Saving network params to trainNN/out/v050-finunified-60-g10e2ae6-dirty:lstm-best-features-power,pitch,ffv,word2vec_dim30_4M/epoch-037.pkl
2017-03-21 12:39:53,496 INFO     epoch: 37 took 29.063s (2.712s in batching)
training loss:	0.491037
validation loss:	0.494597
validation error:	0.238667
2017-03-21 12:39:53,497 INFO     Wrote output to trainNN/out/v050-finunified-60-g10e2ae6-dirty:lstm-best-features-power,pitch,ffv,word2vec_dim30_4M/config.json
2017-03-21 12:40:21,984 INFO     Saving network params to trainNN/out/v050-finunified-60-g10e2ae6-dirty:lstm-best-features-power,pitch,ffv,word2vec_dim30_4M/epoch-038.pkl
2017-03-21 12:40:22,914 INFO     epoch: 38 took 29.418s (2.761s in batching)
training loss:	0.490305
validation loss:	0.491177
validation error:	0.234256
2017-03-21 12:40:22,916 INFO     Wrote output to trainNN/out/v050-finunified-60-g10e2ae6-dirty:lstm-best-features-power,pitch,ffv,word2vec_dim30_4M/config.json
2017-03-21 12:40:51,873 INFO     Saving network params to trainNN/out/v050-finunified-60-g10e2ae6-dirty:lstm-best-features-power,pitch,ffv,word2vec_dim30_4M/epoch-039.pkl
2017-03-21 12:40:52,744 INFO     epoch: 39 took 29.830s (2.793s in batching)
training loss:	0.489780
validation loss:	0.495088
validation error:	0.236718
2017-03-21 12:40:52,745 INFO     Wrote output to trainNN/out/v050-finunified-60-g10e2ae6-dirty:lstm-best-features-power,pitch,ffv,word2vec_dim30_4M/config.json
2017-03-21 12:41:21,667 INFO     Saving network params to trainNN/out/v050-finunified-60-g10e2ae6-dirty:lstm-best-features-power,pitch,ffv,word2vec_dim30_4M/epoch-040.pkl
2017-03-21 12:41:22,524 INFO     epoch: 40 took 29.780s (2.813s in batching)
training loss:	0.488245
validation loss:	0.497981
validation error:	0.239590
2017-03-21 12:41:22,526 INFO     Wrote output to trainNN/out/v050-finunified-60-g10e2ae6-dirty:lstm-best-features-power,pitch,ffv,word2vec_dim30_4M/config.json
2017-03-21 12:41:50,854 INFO     Saving network params to trainNN/out/v050-finunified-60-g10e2ae6-dirty:lstm-best-features-power,pitch,ffv,word2vec_dim30_4M/epoch-041.pkl
2017-03-21 12:41:51,711 INFO     epoch: 41 took 29.187s (2.750s in batching)
training loss:	0.487750
validation loss:	0.495200
validation error:	0.235590
2017-03-21 12:41:51,713 INFO     Wrote output to trainNN/out/v050-finunified-60-g10e2ae6-dirty:lstm-best-features-power,pitch,ffv,word2vec_dim30_4M/config.json
2017-03-21 12:42:20,062 INFO     Saving network params to trainNN/out/v050-finunified-60-g10e2ae6-dirty:lstm-best-features-power,pitch,ffv,word2vec_dim30_4M/epoch-042.pkl
2017-03-21 12:42:20,951 INFO     epoch: 42 took 29.240s (2.758s in batching)
training loss:	0.487602
validation loss:	0.492698
validation error:	0.235077
2017-03-21 12:42:20,953 INFO     Wrote output to trainNN/out/v050-finunified-60-g10e2ae6-dirty:lstm-best-features-power,pitch,ffv,word2vec_dim30_4M/config.json
2017-03-21 12:42:48,977 INFO     Saving network params to trainNN/out/v050-finunified-60-g10e2ae6-dirty:lstm-best-features-power,pitch,ffv,word2vec_dim30_4M/epoch-043.pkl
2017-03-21 12:42:49,827 INFO     epoch: 43 took 28.875s (2.689s in batching)
training loss:	0.486430
validation loss:	0.500423
validation error:	0.240923
2017-03-21 12:42:49,828 INFO     Wrote output to trainNN/out/v050-finunified-60-g10e2ae6-dirty:lstm-best-features-power,pitch,ffv,word2vec_dim30_4M/config.json
2017-03-21 12:43:17,954 INFO     Saving network params to trainNN/out/v050-finunified-60-g10e2ae6-dirty:lstm-best-features-power,pitch,ffv,word2vec_dim30_4M/epoch-044.pkl
2017-03-21 12:43:18,810 INFO     epoch: 44 took 28.983s (2.743s in batching)
training loss:	0.485617
validation loss:	0.495702
validation error:	0.234974
2017-03-21 12:43:18,811 INFO     Wrote output to trainNN/out/v050-finunified-60-g10e2ae6-dirty:lstm-best-features-power,pitch,ffv,word2vec_dim30_4M/config.json
2017-03-21 12:43:47,061 INFO     Saving network params to trainNN/out/v050-finunified-60-g10e2ae6-dirty:lstm-best-features-power,pitch,ffv,word2vec_dim30_4M/epoch-045.pkl
2017-03-21 12:43:47,921 INFO     epoch: 45 took 29.111s (2.713s in batching)
training loss:	0.484776
validation loss:	0.503196
validation error:	0.243692
2017-03-21 12:43:47,922 INFO     Wrote output to trainNN/out/v050-finunified-60-g10e2ae6-dirty:lstm-best-features-power,pitch,ffv,word2vec_dim30_4M/config.json
2017-03-21 12:44:16,068 INFO     Saving network params to trainNN/out/v050-finunified-60-g10e2ae6-dirty:lstm-best-features-power,pitch,ffv,word2vec_dim30_4M/epoch-046.pkl
2017-03-21 12:44:16,949 INFO     epoch: 46 took 29.029s (2.727s in batching)
training loss:	0.483784
validation loss:	0.499508
validation error:	0.241333
2017-03-21 12:44:16,951 INFO     Wrote output to trainNN/out/v050-finunified-60-g10e2ae6-dirty:lstm-best-features-power,pitch,ffv,word2vec_dim30_4M/config.json
2017-03-21 12:44:45,004 INFO     Saving network params to trainNN/out/v050-finunified-60-g10e2ae6-dirty:lstm-best-features-power,pitch,ffv,word2vec_dim30_4M/epoch-047.pkl
2017-03-21 12:44:45,855 INFO     epoch: 47 took 28.905s (2.692s in batching)
training loss:	0.482746
validation loss:	0.499586
validation error:	0.238872
2017-03-21 12:44:45,856 INFO     Wrote output to trainNN/out/v050-finunified-60-g10e2ae6-dirty:lstm-best-features-power,pitch,ffv,word2vec_dim30_4M/config.json
2017-03-21 12:45:13,879 INFO     Saving network params to trainNN/out/v050-finunified-60-g10e2ae6-dirty:lstm-best-features-power,pitch,ffv,word2vec_dim30_4M/epoch-048.pkl
2017-03-21 12:45:14,729 INFO     epoch: 48 took 28.874s (2.709s in batching)
training loss:	0.482526
validation loss:	0.500538
validation error:	0.235692
2017-03-21 12:45:14,730 INFO     Wrote output to trainNN/out/v050-finunified-60-g10e2ae6-dirty:lstm-best-features-power,pitch,ffv,word2vec_dim30_4M/config.json
2017-03-21 12:45:42,818 INFO     Saving network params to trainNN/out/v050-finunified-60-g10e2ae6-dirty:lstm-best-features-power,pitch,ffv,word2vec_dim30_4M/epoch-049.pkl
2017-03-21 12:45:43,679 INFO     epoch: 49 took 28.950s (2.698s in batching)
training loss:	0.482153
validation loss:	0.497787
validation error:	0.236923
2017-03-21 12:45:43,680 INFO     Wrote output to trainNN/out/v050-finunified-60-g10e2ae6-dirty:lstm-best-features-power,pitch,ffv,word2vec_dim30_4M/config.json
2017-03-21 12:46:11,913 INFO     Saving network params to trainNN/out/v050-finunified-60-g10e2ae6-dirty:lstm-best-features-power,pitch,ffv,word2vec_dim30_4M/epoch-050.pkl
2017-03-21 12:46:12,756 INFO     epoch: 50 took 29.077s (2.721s in batching)
training loss:	0.480803
validation loss:	0.502400
validation error:	0.241333
2017-03-21 12:46:12,758 INFO     Wrote output to trainNN/out/v050-finunified-60-g10e2ae6-dirty:lstm-best-features-power,pitch,ffv,word2vec_dim30_4M/config.json
2017-03-21 12:46:40,954 INFO     Saving network params to trainNN/out/v050-finunified-60-g10e2ae6-dirty:lstm-best-features-power,pitch,ffv,word2vec_dim30_4M/epoch-051.pkl
2017-03-21 12:46:41,836 INFO     epoch: 51 took 29.079s (2.714s in batching)
training loss:	0.480000
validation loss:	0.501472
validation error:	0.241128
2017-03-21 12:46:41,838 INFO     Wrote output to trainNN/out/v050-finunified-60-g10e2ae6-dirty:lstm-best-features-power,pitch,ffv,word2vec_dim30_4M/config.json
2017-03-21 12:47:10,495 INFO     Saving network params to trainNN/out/v050-finunified-60-g10e2ae6-dirty:lstm-best-features-power,pitch,ffv,word2vec_dim30_4M/epoch-052.pkl
2017-03-21 12:47:11,410 INFO     epoch: 52 took 29.574s (2.774s in batching)
training loss:	0.478660
validation loss:	0.501142
validation error:	0.242769
2017-03-21 12:47:11,412 INFO     Wrote output to trainNN/out/v050-finunified-60-g10e2ae6-dirty:lstm-best-features-power,pitch,ffv,word2vec_dim30_4M/config.json
2017-03-21 12:47:40,545 INFO     Saving network params to trainNN/out/v050-finunified-60-g10e2ae6-dirty:lstm-best-features-power,pitch,ffv,word2vec_dim30_4M/epoch-053.pkl
2017-03-21 12:47:41,453 INFO     epoch: 53 took 30.044s (2.828s in batching)
training loss:	0.478833
validation loss:	0.499294
validation error:	0.236513
2017-03-21 12:47:41,455 INFO     Wrote output to trainNN/out/v050-finunified-60-g10e2ae6-dirty:lstm-best-features-power,pitch,ffv,word2vec_dim30_4M/config.json
2017-03-21 12:48:09,749 INFO     Saving network params to trainNN/out/v050-finunified-60-g10e2ae6-dirty:lstm-best-features-power,pitch,ffv,word2vec_dim30_4M/epoch-054.pkl
2017-03-21 12:48:10,598 INFO     epoch: 54 took 29.145s (2.752s in batching)
training loss:	0.477908
validation loss:	0.500719
validation error:	0.240513
2017-03-21 12:48:10,600 INFO     Wrote output to trainNN/out/v050-finunified-60-g10e2ae6-dirty:lstm-best-features-power,pitch,ffv,word2vec_dim30_4M/config.json
2017-03-21 12:48:38,725 INFO     Saving network params to trainNN/out/v050-finunified-60-g10e2ae6-dirty:lstm-best-features-power,pitch,ffv,word2vec_dim30_4M/epoch-055.pkl
2017-03-21 12:48:39,622 INFO     epoch: 55 took 29.023s (2.732s in batching)
training loss:	0.476521
validation loss:	0.501519
validation error:	0.242154
2017-03-21 12:48:39,623 INFO     Wrote output to trainNN/out/v050-finunified-60-g10e2ae6-dirty:lstm-best-features-power,pitch,ffv,word2vec_dim30_4M/config.json
2017-03-21 12:49:01,213 INFO     received exit signal, waiting for epoch to finish...
2017-03-21 12:49:08,080 INFO     Saving network params to trainNN/out/v050-finunified-60-g10e2ae6-dirty:lstm-best-features-power,pitch,ffv,word2vec_dim30_4M/epoch-056.pkl
2017-03-21 12:49:08,964 INFO     epoch: 56 took 29.343s (2.765s in batching)
training loss:	0.475681
validation loss:	0.505727
validation error:	0.237538
2017-03-21 12:49:08,966 INFO     Wrote output to trainNN/out/v050-finunified-60-g10e2ae6-dirty:lstm-best-features-power,pitch,ffv,word2vec_dim30_4M/config.json
