2017-01-24 11:11:49,872 DEBUG    version=v043-unified-1-gc7bb63f-dirty:simple-ff-75-40
2017-01-24 11:11:49,874 INFO     Open DBase(data/db/all240302-spk.dat, data/db/all240302-spk.idx, mode='r')
2017-01-24 11:12:07,711 DEBUG    loading cached extracted data from data/cache/extract-563f0cfda2bc8b6a659563483d8ddca63a2cf90cdf00f9f7f789bf6027ccda0a.pickle
2017-01-24 11:12:08,806 DEBUG    set input dim to 2
2017-01-24 11:12:08,809 DEBUG    input dim = 2
2017-01-24 11:12:09,002 DEBUG    loading data into ram
2017-01-24 11:12:09,141 DEBUG    loading data took 0.139s (cpu: 0.138s
2017-01-24 11:12:09,708 DEBUG    set input dim to 2
2017-01-24 11:12:09,709 DEBUG    input dim = 2
2017-01-24 11:12:09,729 DEBUG    loading data into ram
2017-01-24 11:12:09,742 DEBUG    loading data took 0.014s (cpu: 0.014s
2017-01-24 11:12:09,771 INFO     Training network with 9197 trainable out of 9197 total params.
2017-01-24 11:12:09,803 DEBUG    Using sgd with learning_rate=0.700000
2017-01-24 11:12:11,667 DEBUG    Starting training...
2017-01-24 11:13:59,266 INFO     Saving network params to trainNN/out/v043-unified-1-gc7bb63f-dirty:simple-ff-75-40/epoch-000.pkl
2017-01-24 11:14:09,407 INFO     epoch: 0 took 117.740s (84.330s in batching)
training loss:	0.623654
validation loss:	0.613683
validation error:	0.341130
2017-01-24 11:14:09,410 INFO     Wrote output to trainNN/out/v043-unified-1-gc7bb63f-dirty:simple-ff-75-40/config.json
2017-01-24 11:15:56,509 INFO     Saving network params to trainNN/out/v043-unified-1-gc7bb63f-dirty:simple-ff-75-40/epoch-001.pkl
2017-01-24 11:16:06,693 INFO     epoch: 1 took 117.286s (83.906s in batching)
training loss:	0.610708
validation loss:	0.606179
validation error:	0.333636
2017-01-24 11:16:06,695 INFO     Wrote output to trainNN/out/v043-unified-1-gc7bb63f-dirty:simple-ff-75-40/config.json
2017-01-24 11:17:53,237 INFO     Saving network params to trainNN/out/v043-unified-1-gc7bb63f-dirty:simple-ff-75-40/epoch-002.pkl
2017-01-24 11:18:03,267 INFO     epoch: 2 took 116.574s (84.276s in batching)
training loss:	0.606421
validation loss:	0.606769
validation error:	0.332183
2017-01-24 11:18:03,269 INFO     Wrote output to trainNN/out/v043-unified-1-gc7bb63f-dirty:simple-ff-75-40/config.json
2017-01-24 11:19:48,844 INFO     Saving network params to trainNN/out/v043-unified-1-gc7bb63f-dirty:simple-ff-75-40/epoch-003.pkl
2017-01-24 11:19:58,905 INFO     epoch: 3 took 115.639s (84.277s in batching)
training loss:	0.603782
validation loss:	0.609470
validation error:	0.335990
2017-01-24 11:19:58,908 INFO     Wrote output to trainNN/out/v043-unified-1-gc7bb63f-dirty:simple-ff-75-40/config.json
2017-01-24 11:21:44,129 INFO     Saving network params to trainNN/out/v043-unified-1-gc7bb63f-dirty:simple-ff-75-40/epoch-004.pkl
2017-01-24 11:21:54,079 INFO     epoch: 4 took 115.173s (83.884s in batching)
training loss:	0.601878
validation loss:	0.604509
validation error:	0.330409
2017-01-24 11:21:54,081 INFO     Wrote output to trainNN/out/v043-unified-1-gc7bb63f-dirty:simple-ff-75-40/config.json
2017-01-24 11:23:39,038 INFO     Saving network params to trainNN/out/v043-unified-1-gc7bb63f-dirty:simple-ff-75-40/epoch-005.pkl
2017-01-24 11:23:48,937 INFO     epoch: 5 took 114.858s (83.589s in batching)
training loss:	0.600289
validation loss:	0.607287
validation error:	0.330602
2017-01-24 11:23:48,940 INFO     Wrote output to trainNN/out/v043-unified-1-gc7bb63f-dirty:simple-ff-75-40/config.json
2017-01-24 11:25:34,177 INFO     Saving network params to trainNN/out/v043-unified-1-gc7bb63f-dirty:simple-ff-75-40/epoch-006.pkl
2017-01-24 11:25:44,174 INFO     epoch: 6 took 115.237s (83.939s in batching)
training loss:	0.599117
validation loss:	0.604261
validation error:	0.328971
2017-01-24 11:25:44,177 INFO     Wrote output to trainNN/out/v043-unified-1-gc7bb63f-dirty:simple-ff-75-40/config.json
2017-01-24 11:27:29,152 INFO     Saving network params to trainNN/out/v043-unified-1-gc7bb63f-dirty:simple-ff-75-40/epoch-007.pkl
2017-01-24 11:27:39,170 INFO     epoch: 7 took 114.996s (83.686s in batching)
training loss:	0.598036
validation loss:	0.604049
validation error:	0.328590
2017-01-24 11:27:39,173 INFO     Wrote output to trainNN/out/v043-unified-1-gc7bb63f-dirty:simple-ff-75-40/config.json
2017-01-24 11:29:25,249 INFO     Saving network params to trainNN/out/v043-unified-1-gc7bb63f-dirty:simple-ff-75-40/epoch-008.pkl
2017-01-24 11:29:35,310 INFO     epoch: 8 took 116.140s (84.387s in batching)
training loss:	0.597185
validation loss:	0.603636
validation error:	0.328506
2017-01-24 11:29:35,313 INFO     Wrote output to trainNN/out/v043-unified-1-gc7bb63f-dirty:simple-ff-75-40/config.json
2017-01-24 11:31:22,217 INFO     Saving network params to trainNN/out/v043-unified-1-gc7bb63f-dirty:simple-ff-75-40/epoch-009.pkl
2017-01-24 11:31:32,224 INFO     epoch: 9 took 116.914s (84.897s in batching)
training loss:	0.596329
validation loss:	0.601761
validation error:	0.327375
2017-01-24 11:31:32,227 INFO     Wrote output to trainNN/out/v043-unified-1-gc7bb63f-dirty:simple-ff-75-40/config.json
2017-01-24 11:33:18,318 INFO     Saving network params to trainNN/out/v043-unified-1-gc7bb63f-dirty:simple-ff-75-40/epoch-010.pkl
2017-01-24 11:33:28,356 INFO     epoch: 10 took 116.132s (84.367s in batching)
training loss:	0.595665
validation loss:	0.600272
validation error:	0.325576
2017-01-24 11:33:28,358 INFO     Wrote output to trainNN/out/v043-unified-1-gc7bb63f-dirty:simple-ff-75-40/config.json
2017-01-24 11:35:14,675 INFO     Saving network params to trainNN/out/v043-unified-1-gc7bb63f-dirty:simple-ff-75-40/epoch-011.pkl
2017-01-24 11:35:24,737 INFO     epoch: 11 took 116.381s (84.627s in batching)
training loss:	0.594981
validation loss:	0.601629
validation error:	0.324501
2017-01-24 11:35:24,740 INFO     Wrote output to trainNN/out/v043-unified-1-gc7bb63f-dirty:simple-ff-75-40/config.json
2017-01-24 11:37:10,933 INFO     Saving network params to trainNN/out/v043-unified-1-gc7bb63f-dirty:simple-ff-75-40/epoch-012.pkl
2017-01-24 11:37:20,977 INFO     epoch: 12 took 116.240s (84.483s in batching)
training loss:	0.594617
validation loss:	0.602455
validation error:	0.327836
2017-01-24 11:37:20,980 INFO     Wrote output to trainNN/out/v043-unified-1-gc7bb63f-dirty:simple-ff-75-40/config.json
2017-01-24 11:39:06,804 INFO     Saving network params to trainNN/out/v043-unified-1-gc7bb63f-dirty:simple-ff-75-40/epoch-013.pkl
2017-01-24 11:39:16,825 INFO     epoch: 13 took 115.848s (84.290s in batching)
training loss:	0.594217
validation loss:	0.602093
validation error:	0.328054
2017-01-24 11:39:16,829 INFO     Wrote output to trainNN/out/v043-unified-1-gc7bb63f-dirty:simple-ff-75-40/config.json
2017-01-24 11:41:03,142 INFO     Saving network params to trainNN/out/v043-unified-1-gc7bb63f-dirty:simple-ff-75-40/epoch-014.pkl
2017-01-24 11:41:13,108 INFO     epoch: 14 took 116.282s (84.325s in batching)
training loss:	0.593733
validation loss:	0.603960
validation error:	0.328600
2017-01-24 11:41:13,111 INFO     Wrote output to trainNN/out/v043-unified-1-gc7bb63f-dirty:simple-ff-75-40/config.json
2017-01-24 11:42:59,947 INFO     Saving network params to trainNN/out/v043-unified-1-gc7bb63f-dirty:simple-ff-75-40/epoch-015.pkl
2017-01-24 11:43:10,020 INFO     epoch: 15 took 116.912s (84.929s in batching)
training loss:	0.593309
validation loss:	0.606535
validation error:	0.330820
2017-01-24 11:43:10,023 INFO     Wrote output to trainNN/out/v043-unified-1-gc7bb63f-dirty:simple-ff-75-40/config.json
2017-01-24 11:44:56,270 INFO     Saving network params to trainNN/out/v043-unified-1-gc7bb63f-dirty:simple-ff-75-40/epoch-016.pkl
2017-01-24 11:45:06,325 INFO     epoch: 16 took 116.306s (84.447s in batching)
training loss:	0.593055
validation loss:	0.603832
validation error:	0.328074
2017-01-24 11:45:06,328 INFO     Wrote output to trainNN/out/v043-unified-1-gc7bb63f-dirty:simple-ff-75-40/config.json
2017-01-24 11:46:52,038 INFO     Saving network params to trainNN/out/v043-unified-1-gc7bb63f-dirty:simple-ff-75-40/epoch-017.pkl
2017-01-24 11:47:02,027 INFO     epoch: 17 took 115.701s (84.057s in batching)
training loss:	0.592672
validation loss:	0.601158
validation error:	0.326062
2017-01-24 11:47:02,030 INFO     Wrote output to trainNN/out/v043-unified-1-gc7bb63f-dirty:simple-ff-75-40/config.json
2017-01-24 11:48:47,209 INFO     Saving network params to trainNN/out/v043-unified-1-gc7bb63f-dirty:simple-ff-75-40/epoch-018.pkl
2017-01-24 11:48:57,221 INFO     epoch: 18 took 115.194s (83.571s in batching)
training loss:	0.592300
validation loss:	0.604829
validation error:	0.329675
2017-01-24 11:48:57,223 INFO     Wrote output to trainNN/out/v043-unified-1-gc7bb63f-dirty:simple-ff-75-40/config.json
2017-01-24 11:50:42,431 INFO     Saving network params to trainNN/out/v043-unified-1-gc7bb63f-dirty:simple-ff-75-40/epoch-019.pkl
2017-01-24 11:50:52,426 INFO     epoch: 19 took 115.206s (83.639s in batching)
training loss:	0.592037
validation loss:	0.600919
validation error:	0.325908
2017-01-24 11:50:52,429 INFO     Wrote output to trainNN/out/v043-unified-1-gc7bb63f-dirty:simple-ff-75-40/config.json
2017-01-24 11:52:38,105 INFO     Saving network params to trainNN/out/v043-unified-1-gc7bb63f-dirty:simple-ff-75-40/epoch-020.pkl
2017-01-24 11:52:48,115 INFO     epoch: 20 took 115.688s (83.870s in batching)
training loss:	0.591813
validation loss:	0.603079
validation error:	0.326796
2017-01-24 11:52:48,119 INFO     Wrote output to trainNN/out/v043-unified-1-gc7bb63f-dirty:simple-ff-75-40/config.json
2017-01-24 11:54:35,241 INFO     Saving network params to trainNN/out/v043-unified-1-gc7bb63f-dirty:simple-ff-75-40/epoch-021.pkl
2017-01-24 11:54:45,323 INFO     epoch: 21 took 117.208s (84.860s in batching)
training loss:	0.591489
validation loss:	0.603328
validation error:	0.326349
2017-01-24 11:54:45,326 INFO     Wrote output to trainNN/out/v043-unified-1-gc7bb63f-dirty:simple-ff-75-40/config.json
2017-01-24 11:56:31,438 INFO     Saving network params to trainNN/out/v043-unified-1-gc7bb63f-dirty:simple-ff-75-40/epoch-022.pkl
2017-01-24 11:56:41,477 INFO     epoch: 22 took 116.153s (84.260s in batching)
training loss:	0.591323
validation loss:	0.603492
validation error:	0.324287
2017-01-24 11:56:41,479 INFO     Wrote output to trainNN/out/v043-unified-1-gc7bb63f-dirty:simple-ff-75-40/config.json
2017-01-24 11:58:27,666 INFO     Saving network params to trainNN/out/v043-unified-1-gc7bb63f-dirty:simple-ff-75-40/epoch-023.pkl
2017-01-24 11:58:37,712 INFO     epoch: 23 took 116.236s (84.284s in batching)
training loss:	0.591088
validation loss:	0.602802
validation error:	0.326151
2017-01-24 11:58:37,717 INFO     Wrote output to trainNN/out/v043-unified-1-gc7bb63f-dirty:simple-ff-75-40/config.json
2017-01-24 12:00:21,731 INFO     Saving network params to trainNN/out/v043-unified-1-gc7bb63f-dirty:simple-ff-75-40/epoch-024.pkl
2017-01-24 12:00:31,610 INFO     epoch: 24 took 113.898s (83.548s in batching)
training loss:	0.590839
validation loss:	0.602473
validation error:	0.326781
2017-01-24 12:00:31,613 INFO     Wrote output to trainNN/out/v043-unified-1-gc7bb63f-dirty:simple-ff-75-40/config.json
2017-01-24 12:02:15,147 INFO     Saving network params to trainNN/out/v043-unified-1-gc7bb63f-dirty:simple-ff-75-40/epoch-025.pkl
2017-01-24 12:02:24,985 INFO     epoch: 25 took 113.374s (83.568s in batching)
training loss:	0.590759
validation loss:	0.599892
validation error:	0.323544
2017-01-24 12:02:24,988 INFO     Wrote output to trainNN/out/v043-unified-1-gc7bb63f-dirty:simple-ff-75-40/config.json
2017-01-24 12:04:08,297 INFO     Saving network params to trainNN/out/v043-unified-1-gc7bb63f-dirty:simple-ff-75-40/epoch-026.pkl
2017-01-24 12:04:18,077 INFO     epoch: 26 took 113.093s (83.129s in batching)
training loss:	0.590464
validation loss:	0.602731
validation error:	0.325591
2017-01-24 12:04:18,081 INFO     Wrote output to trainNN/out/v043-unified-1-gc7bb63f-dirty:simple-ff-75-40/config.json
2017-01-24 12:06:02,240 INFO     Saving network params to trainNN/out/v043-unified-1-gc7bb63f-dirty:simple-ff-75-40/epoch-027.pkl
2017-01-24 12:06:12,072 INFO     epoch: 27 took 113.995s (84.035s in batching)
training loss:	0.590311
validation loss:	0.603130
validation error:	0.326662
2017-01-24 12:06:12,075 INFO     Wrote output to trainNN/out/v043-unified-1-gc7bb63f-dirty:simple-ff-75-40/config.json
2017-01-24 12:07:55,490 INFO     Saving network params to trainNN/out/v043-unified-1-gc7bb63f-dirty:simple-ff-75-40/epoch-028.pkl
2017-01-24 12:08:05,346 INFO     epoch: 28 took 113.274s (83.035s in batching)
training loss:	0.590236
validation loss:	0.601359
validation error:	0.324243
2017-01-24 12:08:05,349 INFO     Wrote output to trainNN/out/v043-unified-1-gc7bb63f-dirty:simple-ff-75-40/config.json
2017-01-24 12:09:49,328 INFO     Saving network params to trainNN/out/v043-unified-1-gc7bb63f-dirty:simple-ff-75-40/epoch-029.pkl
2017-01-24 12:09:59,269 INFO     epoch: 29 took 113.924s (83.633s in batching)
training loss:	0.590013
validation loss:	0.603577
validation error:	0.326840
2017-01-24 12:09:59,273 INFO     Wrote output to trainNN/out/v043-unified-1-gc7bb63f-dirty:simple-ff-75-40/config.json
2017-01-24 12:11:43,583 INFO     Saving network params to trainNN/out/v043-unified-1-gc7bb63f-dirty:simple-ff-75-40/epoch-030.pkl
2017-01-24 12:11:53,493 INFO     epoch: 30 took 114.223s (83.635s in batching)
training loss:	0.589974
validation loss:	0.604635
validation error:	0.325928
2017-01-24 12:11:53,497 INFO     Wrote output to trainNN/out/v043-unified-1-gc7bb63f-dirty:simple-ff-75-40/config.json
2017-01-24 12:13:37,788 INFO     Saving network params to trainNN/out/v043-unified-1-gc7bb63f-dirty:simple-ff-75-40/epoch-031.pkl
2017-01-24 12:13:47,714 INFO     epoch: 31 took 114.221s (83.510s in batching)
training loss:	0.589766
validation loss:	0.604556
validation error:	0.327420
2017-01-24 12:13:47,717 INFO     Wrote output to trainNN/out/v043-unified-1-gc7bb63f-dirty:simple-ff-75-40/config.json
2017-01-24 12:15:31,980 INFO     Saving network params to trainNN/out/v043-unified-1-gc7bb63f-dirty:simple-ff-75-40/epoch-032.pkl
2017-01-24 12:15:41,937 INFO     epoch: 32 took 114.224s (83.485s in batching)
training loss:	0.589611
validation loss:	0.607419
validation error:	0.328967
2017-01-24 12:15:41,941 INFO     Wrote output to trainNN/out/v043-unified-1-gc7bb63f-dirty:simple-ff-75-40/config.json
2017-01-24 12:17:26,648 INFO     Saving network params to trainNN/out/v043-unified-1-gc7bb63f-dirty:simple-ff-75-40/epoch-033.pkl
2017-01-24 12:17:36,533 INFO     epoch: 33 took 114.595s (83.655s in batching)
training loss:	0.589487
validation loss:	0.601463
validation error:	0.326746
2017-01-24 12:17:36,537 INFO     Wrote output to trainNN/out/v043-unified-1-gc7bb63f-dirty:simple-ff-75-40/config.json
2017-01-24 12:19:21,439 INFO     Saving network params to trainNN/out/v043-unified-1-gc7bb63f-dirty:simple-ff-75-40/epoch-034.pkl
2017-01-24 12:19:31,291 INFO     epoch: 34 took 114.758s (83.750s in batching)
training loss:	0.589432
validation loss:	0.602772
validation error:	0.327683
2017-01-24 12:19:31,294 INFO     Wrote output to trainNN/out/v043-unified-1-gc7bb63f-dirty:simple-ff-75-40/config.json
2017-01-24 12:21:15,992 INFO     Saving network params to trainNN/out/v043-unified-1-gc7bb63f-dirty:simple-ff-75-40/epoch-035.pkl
2017-01-24 12:21:25,894 INFO     epoch: 35 took 114.603s (83.587s in batching)
training loss:	0.589195
validation loss:	0.605732
validation error:	0.327078
2017-01-24 12:21:25,898 INFO     Wrote output to trainNN/out/v043-unified-1-gc7bb63f-dirty:simple-ff-75-40/config.json
2017-01-24 12:23:10,915 INFO     Saving network params to trainNN/out/v043-unified-1-gc7bb63f-dirty:simple-ff-75-40/epoch-036.pkl
2017-01-24 12:23:20,841 INFO     epoch: 36 took 114.947s (83.747s in batching)
training loss:	0.589097
validation loss:	0.606340
validation error:	0.325888
2017-01-24 12:23:20,845 INFO     Wrote output to trainNN/out/v043-unified-1-gc7bb63f-dirty:simple-ff-75-40/config.json
2017-01-24 12:25:06,531 INFO     Saving network params to trainNN/out/v043-unified-1-gc7bb63f-dirty:simple-ff-75-40/epoch-037.pkl
2017-01-24 12:25:16,421 INFO     epoch: 37 took 115.580s (84.265s in batching)
training loss:	0.589025
validation loss:	0.603966
validation error:	0.326805
2017-01-24 12:25:16,425 INFO     Wrote output to trainNN/out/v043-unified-1-gc7bb63f-dirty:simple-ff-75-40/config.json
2017-01-24 12:27:01,466 INFO     Saving network params to trainNN/out/v043-unified-1-gc7bb63f-dirty:simple-ff-75-40/epoch-038.pkl
2017-01-24 12:27:11,419 INFO     epoch: 38 took 114.997s (83.481s in batching)
training loss:	0.588935
validation loss:	0.602149
validation error:	0.324748
2017-01-24 12:27:11,422 INFO     Wrote output to trainNN/out/v043-unified-1-gc7bb63f-dirty:simple-ff-75-40/config.json
2017-01-24 12:28:56,449 INFO     Saving network params to trainNN/out/v043-unified-1-gc7bb63f-dirty:simple-ff-75-40/epoch-039.pkl
2017-01-24 12:29:06,457 INFO     epoch: 39 took 115.039s (83.538s in batching)
training loss:	0.588840
validation loss:	0.603949
validation error:	0.325274
2017-01-24 12:29:06,461 INFO     Wrote output to trainNN/out/v043-unified-1-gc7bb63f-dirty:simple-ff-75-40/config.json
2017-01-24 12:30:52,188 INFO     Saving network params to trainNN/out/v043-unified-1-gc7bb63f-dirty:simple-ff-75-40/epoch-040.pkl
2017-01-24 12:31:02,224 INFO     epoch: 40 took 115.766s (84.093s in batching)
training loss:	0.588629
validation loss:	0.604357
validation error:	0.326622
2017-01-24 12:31:02,228 INFO     Wrote output to trainNN/out/v043-unified-1-gc7bb63f-dirty:simple-ff-75-40/config.json
2017-01-24 12:32:47,857 INFO     Saving network params to trainNN/out/v043-unified-1-gc7bb63f-dirty:simple-ff-75-40/epoch-041.pkl
2017-01-24 12:32:57,901 INFO     epoch: 41 took 115.677s (83.937s in batching)
training loss:	0.588615
validation loss:	0.602301
validation error:	0.324892
2017-01-24 12:32:57,905 INFO     Wrote output to trainNN/out/v043-unified-1-gc7bb63f-dirty:simple-ff-75-40/config.json
2017-01-24 12:34:44,110 INFO     Saving network params to trainNN/out/v043-unified-1-gc7bb63f-dirty:simple-ff-75-40/epoch-042.pkl
2017-01-24 12:34:54,081 INFO     epoch: 42 took 116.180s (84.024s in batching)
training loss:	0.588488
validation loss:	0.603383
validation error:	0.325834
2017-01-24 12:34:54,085 INFO     Wrote output to trainNN/out/v043-unified-1-gc7bb63f-dirty:simple-ff-75-40/config.json
2017-01-24 12:36:39,566 INFO     Saving network params to trainNN/out/v043-unified-1-gc7bb63f-dirty:simple-ff-75-40/epoch-043.pkl
2017-01-24 12:36:49,599 INFO     epoch: 43 took 115.518s (83.677s in batching)
training loss:	0.588434
validation loss:	0.611438
validation error:	0.335559
2017-01-24 12:36:49,603 INFO     Wrote output to trainNN/out/v043-unified-1-gc7bb63f-dirty:simple-ff-75-40/config.json
2017-01-24 12:38:35,369 INFO     Saving network params to trainNN/out/v043-unified-1-gc7bb63f-dirty:simple-ff-75-40/epoch-044.pkl
2017-01-24 12:38:45,429 INFO     epoch: 44 took 115.830s (83.697s in batching)
training loss:	0.588212
validation loss:	0.606538
validation error:	0.330166
2017-01-24 12:38:45,434 INFO     Wrote output to trainNN/out/v043-unified-1-gc7bb63f-dirty:simple-ff-75-40/config.json
2017-01-24 12:40:31,858 INFO     Saving network params to trainNN/out/v043-unified-1-gc7bb63f-dirty:simple-ff-75-40/epoch-045.pkl
2017-01-24 12:40:41,907 INFO     epoch: 45 took 116.478s (84.106s in batching)
training loss:	0.588255
validation loss:	0.605532
validation error:	0.329418
2017-01-24 12:40:41,911 INFO     Wrote output to trainNN/out/v043-unified-1-gc7bb63f-dirty:simple-ff-75-40/config.json
2017-01-24 12:42:28,976 INFO     Saving network params to trainNN/out/v043-unified-1-gc7bb63f-dirty:simple-ff-75-40/epoch-046.pkl
2017-01-24 12:42:39,051 INFO     epoch: 46 took 117.144s (84.694s in batching)
training loss:	0.588179
validation loss:	0.604684
validation error:	0.325675
2017-01-24 12:42:39,056 INFO     Wrote output to trainNN/out/v043-unified-1-gc7bb63f-dirty:simple-ff-75-40/config.json
2017-01-24 12:44:25,849 INFO     Saving network params to trainNN/out/v043-unified-1-gc7bb63f-dirty:simple-ff-75-40/epoch-047.pkl
2017-01-24 12:44:35,937 INFO     epoch: 47 took 116.885s (84.388s in batching)
training loss:	0.588072
validation loss:	0.601956
validation error:	0.324292
2017-01-24 12:44:35,942 INFO     Wrote output to trainNN/out/v043-unified-1-gc7bb63f-dirty:simple-ff-75-40/config.json
2017-01-24 12:46:22,855 INFO     Saving network params to trainNN/out/v043-unified-1-gc7bb63f-dirty:simple-ff-75-40/epoch-048.pkl
2017-01-24 12:46:32,918 INFO     epoch: 48 took 116.981s (84.615s in batching)
training loss:	0.587962
validation loss:	0.601015
validation error:	0.323019
2017-01-24 12:46:32,922 INFO     Wrote output to trainNN/out/v043-unified-1-gc7bb63f-dirty:simple-ff-75-40/config.json
2017-01-24 12:48:19,478 INFO     Saving network params to trainNN/out/v043-unified-1-gc7bb63f-dirty:simple-ff-75-40/epoch-049.pkl
2017-01-24 12:48:29,543 INFO     epoch: 49 took 116.625s (83.911s in batching)
training loss:	0.587842
validation loss:	0.601489
validation error:	0.324565
2017-01-24 12:48:29,548 INFO     Wrote output to trainNN/out/v043-unified-1-gc7bb63f-dirty:simple-ff-75-40/config.json
2017-01-24 12:50:16,445 INFO     Saving network params to trainNN/out/v043-unified-1-gc7bb63f-dirty:simple-ff-75-40/epoch-050.pkl
2017-01-24 12:50:26,541 INFO     epoch: 50 took 116.998s (84.419s in batching)
training loss:	0.587828
validation loss:	0.602813
validation error:	0.324173
2017-01-24 12:50:26,545 INFO     Wrote output to trainNN/out/v043-unified-1-gc7bb63f-dirty:simple-ff-75-40/config.json
2017-01-24 12:52:13,105 INFO     Saving network params to trainNN/out/v043-unified-1-gc7bb63f-dirty:simple-ff-75-40/epoch-051.pkl
2017-01-24 12:52:23,092 INFO     epoch: 51 took 116.551s (84.007s in batching)
training loss:	0.587790
validation loss:	0.600460
validation error:	0.322875
2017-01-24 12:52:23,096 INFO     Wrote output to trainNN/out/v043-unified-1-gc7bb63f-dirty:simple-ff-75-40/config.json
2017-01-24 12:54:09,350 INFO     Saving network params to trainNN/out/v043-unified-1-gc7bb63f-dirty:simple-ff-75-40/epoch-052.pkl
2017-01-24 12:54:19,405 INFO     epoch: 52 took 116.313s (83.885s in batching)
training loss:	0.587762
validation loss:	0.602344
validation error:	0.325883
2017-01-24 12:54:19,409 INFO     Wrote output to trainNN/out/v043-unified-1-gc7bb63f-dirty:simple-ff-75-40/config.json
2017-01-24 12:56:05,654 INFO     Saving network params to trainNN/out/v043-unified-1-gc7bb63f-dirty:simple-ff-75-40/epoch-053.pkl
2017-01-24 12:56:15,703 INFO     epoch: 53 took 116.298s (83.857s in batching)
training loss:	0.587509
validation loss:	0.605697
validation error:	0.327078
2017-01-24 12:56:15,708 INFO     Wrote output to trainNN/out/v043-unified-1-gc7bb63f-dirty:simple-ff-75-40/config.json
2017-01-24 12:58:02,385 INFO     Saving network params to trainNN/out/v043-unified-1-gc7bb63f-dirty:simple-ff-75-40/epoch-054.pkl
2017-01-24 12:58:12,471 INFO     epoch: 54 took 116.768s (84.345s in batching)
training loss:	0.587602
validation loss:	0.601248
validation error:	0.323484
2017-01-24 12:58:12,475 INFO     Wrote output to trainNN/out/v043-unified-1-gc7bb63f-dirty:simple-ff-75-40/config.json
2017-01-24 12:59:59,208 INFO     Saving network params to trainNN/out/v043-unified-1-gc7bb63f-dirty:simple-ff-75-40/epoch-055.pkl
2017-01-24 13:00:09,294 INFO     epoch: 55 took 116.823s (84.169s in batching)
training loss:	0.587478
validation loss:	0.601730
validation error:	0.325160
2017-01-24 13:00:09,299 INFO     Wrote output to trainNN/out/v043-unified-1-gc7bb63f-dirty:simple-ff-75-40/config.json
2017-01-24 13:01:55,730 INFO     Saving network params to trainNN/out/v043-unified-1-gc7bb63f-dirty:simple-ff-75-40/epoch-056.pkl
2017-01-24 13:02:05,749 INFO     epoch: 56 took 116.454s (83.999s in batching)
training loss:	0.587425
validation loss:	0.605013
validation error:	0.325006
2017-01-24 13:02:05,753 INFO     Wrote output to trainNN/out/v043-unified-1-gc7bb63f-dirty:simple-ff-75-40/config.json
2017-01-24 13:03:52,076 INFO     Saving network params to trainNN/out/v043-unified-1-gc7bb63f-dirty:simple-ff-75-40/epoch-057.pkl
2017-01-24 13:04:02,061 INFO     epoch: 57 took 116.313s (83.822s in batching)
training loss:	0.587344
validation loss:	0.611402
validation error:	0.325616
2017-01-24 13:04:02,066 INFO     Wrote output to trainNN/out/v043-unified-1-gc7bb63f-dirty:simple-ff-75-40/config.json
2017-01-24 13:05:48,485 INFO     Saving network params to trainNN/out/v043-unified-1-gc7bb63f-dirty:simple-ff-75-40/epoch-058.pkl
2017-01-24 13:05:58,508 INFO     epoch: 58 took 116.447s (84.062s in batching)
training loss:	0.587322
validation loss:	0.601136
validation error:	0.325130
2017-01-24 13:05:58,513 INFO     Wrote output to trainNN/out/v043-unified-1-gc7bb63f-dirty:simple-ff-75-40/config.json
2017-01-24 13:07:45,209 INFO     Saving network params to trainNN/out/v043-unified-1-gc7bb63f-dirty:simple-ff-75-40/epoch-059.pkl
2017-01-24 13:07:55,255 INFO     epoch: 59 took 116.747s (84.214s in batching)
training loss:	0.587328
validation loss:	0.604470
validation error:	0.323147
2017-01-24 13:07:55,260 INFO     Wrote output to trainNN/out/v043-unified-1-gc7bb63f-dirty:simple-ff-75-40/config.json
2017-01-24 13:09:41,143 INFO     Saving network params to trainNN/out/v043-unified-1-gc7bb63f-dirty:simple-ff-75-40/epoch-060.pkl
2017-01-24 13:09:51,138 INFO     epoch: 60 took 115.883s (83.422s in batching)
training loss:	0.587161
validation loss:	0.603061
validation error:	0.324228
2017-01-24 13:09:51,143 INFO     Wrote output to trainNN/out/v043-unified-1-gc7bb63f-dirty:simple-ff-75-40/config.json
2017-01-24 13:11:36,803 INFO     Saving network params to trainNN/out/v043-unified-1-gc7bb63f-dirty:simple-ff-75-40/epoch-061.pkl
2017-01-24 13:11:46,809 INFO     epoch: 61 took 115.670s (83.436s in batching)
training loss:	0.587153
validation loss:	0.603290
validation error:	0.326503
2017-01-24 13:11:46,814 INFO     Wrote output to trainNN/out/v043-unified-1-gc7bb63f-dirty:simple-ff-75-40/config.json
2017-01-24 13:13:31,878 INFO     Saving network params to trainNN/out/v043-unified-1-gc7bb63f-dirty:simple-ff-75-40/epoch-062.pkl
2017-01-24 13:13:41,656 INFO     epoch: 62 took 114.848s (83.388s in batching)
training loss:	0.587090
validation loss:	0.601800
validation error:	0.324397
2017-01-24 13:13:41,661 INFO     Wrote output to trainNN/out/v043-unified-1-gc7bb63f-dirty:simple-ff-75-40/config.json
2017-01-24 13:15:26,441 INFO     Saving network params to trainNN/out/v043-unified-1-gc7bb63f-dirty:simple-ff-75-40/epoch-063.pkl
2017-01-24 13:15:36,629 INFO     epoch: 63 took 114.973s (83.521s in batching)
training loss:	0.587028
validation loss:	0.602658
validation error:	0.325100
2017-01-24 13:15:36,634 INFO     Wrote output to trainNN/out/v043-unified-1-gc7bb63f-dirty:simple-ff-75-40/config.json
2017-01-24 13:17:21,458 INFO     Saving network params to trainNN/out/v043-unified-1-gc7bb63f-dirty:simple-ff-75-40/epoch-064.pkl
2017-01-24 13:17:31,252 INFO     epoch: 64 took 114.623s (83.920s in batching)
training loss:	0.586962
validation loss:	0.601104
validation error:	0.323450
2017-01-24 13:17:31,257 INFO     Wrote output to trainNN/out/v043-unified-1-gc7bb63f-dirty:simple-ff-75-40/config.json
2017-01-24 13:19:14,435 INFO     Saving network params to trainNN/out/v043-unified-1-gc7bb63f-dirty:simple-ff-75-40/epoch-065.pkl
2017-01-24 13:19:24,321 INFO     epoch: 65 took 113.069s (82.787s in batching)
training loss:	0.586792
validation loss:	0.603859
validation error:	0.324243
2017-01-24 13:19:24,326 INFO     Wrote output to trainNN/out/v043-unified-1-gc7bb63f-dirty:simple-ff-75-40/config.json
2017-01-24 13:21:08,584 INFO     Saving network params to trainNN/out/v043-unified-1-gc7bb63f-dirty:simple-ff-75-40/epoch-066.pkl
2017-01-24 13:21:18,398 INFO     epoch: 66 took 114.077s (83.412s in batching)
training loss:	0.586799
validation loss:	0.605143
validation error:	0.327539
2017-01-24 13:21:18,403 INFO     Wrote output to trainNN/out/v043-unified-1-gc7bb63f-dirty:simple-ff-75-40/config.json
2017-01-24 13:23:02,025 INFO     Saving network params to trainNN/out/v043-unified-1-gc7bb63f-dirty:simple-ff-75-40/epoch-067.pkl
2017-01-24 13:23:11,783 INFO     epoch: 67 took 113.385s (82.815s in batching)
training loss:	0.586812
validation loss:	0.601505
validation error:	0.324253
2017-01-24 13:23:11,788 INFO     Wrote output to trainNN/out/v043-unified-1-gc7bb63f-dirty:simple-ff-75-40/config.json
2017-01-24 13:24:55,255 INFO     Saving network params to trainNN/out/v043-unified-1-gc7bb63f-dirty:simple-ff-75-40/epoch-068.pkl
2017-01-24 13:25:05,067 INFO     epoch: 68 took 113.284s (82.698s in batching)
training loss:	0.586725
validation loss:	0.602098
validation error:	0.326250
2017-01-24 13:25:05,072 INFO     Wrote output to trainNN/out/v043-unified-1-gc7bb63f-dirty:simple-ff-75-40/config.json
2017-01-24 13:26:48,823 INFO     Saving network params to trainNN/out/v043-unified-1-gc7bb63f-dirty:simple-ff-75-40/epoch-069.pkl
2017-01-24 13:26:58,616 INFO     epoch: 69 took 113.549s (82.883s in batching)
training loss:	0.586761
validation loss:	0.605615
validation error:	0.328347
2017-01-24 13:26:58,621 INFO     Wrote output to trainNN/out/v043-unified-1-gc7bb63f-dirty:simple-ff-75-40/config.json
2017-01-24 13:28:42,374 INFO     Saving network params to trainNN/out/v043-unified-1-gc7bb63f-dirty:simple-ff-75-40/epoch-070.pkl
2017-01-24 13:28:52,170 INFO     epoch: 70 took 113.554s (82.847s in batching)
training loss:	0.586678
validation loss:	0.600107
validation error:	0.323009
2017-01-24 13:28:52,175 INFO     Wrote output to trainNN/out/v043-unified-1-gc7bb63f-dirty:simple-ff-75-40/config.json
2017-01-24 13:30:36,726 INFO     Saving network params to trainNN/out/v043-unified-1-gc7bb63f-dirty:simple-ff-75-40/epoch-071.pkl
2017-01-24 13:30:46,602 INFO     epoch: 71 took 114.432s (83.500s in batching)
training loss:	0.586479
validation loss:	0.604239
validation error:	0.326379
2017-01-24 13:30:46,607 INFO     Wrote output to trainNN/out/v043-unified-1-gc7bb63f-dirty:simple-ff-75-40/config.json
2017-01-24 13:32:30,944 INFO     Saving network params to trainNN/out/v043-unified-1-gc7bb63f-dirty:simple-ff-75-40/epoch-072.pkl
2017-01-24 13:32:40,840 INFO     epoch: 72 took 114.237s (82.943s in batching)
training loss:	0.586587
validation loss:	0.609206
validation error:	0.329328
2017-01-24 13:32:40,846 INFO     Wrote output to trainNN/out/v043-unified-1-gc7bb63f-dirty:simple-ff-75-40/config.json
2017-01-24 13:34:25,258 INFO     Saving network params to trainNN/out/v043-unified-1-gc7bb63f-dirty:simple-ff-75-40/epoch-073.pkl
2017-01-24 13:34:35,131 INFO     epoch: 73 took 114.291s (83.051s in batching)
training loss:	0.586502
validation loss:	0.601838
validation error:	0.322984
2017-01-24 13:34:35,136 INFO     Wrote output to trainNN/out/v043-unified-1-gc7bb63f-dirty:simple-ff-75-40/config.json
2017-01-24 13:36:20,122 INFO     Saving network params to trainNN/out/v043-unified-1-gc7bb63f-dirty:simple-ff-75-40/epoch-074.pkl
2017-01-24 13:36:30,152 INFO     epoch: 74 took 115.021s (83.695s in batching)
training loss:	0.586543
validation loss:	0.607277
validation error:	0.323346
2017-01-24 13:36:30,157 INFO     Wrote output to trainNN/out/v043-unified-1-gc7bb63f-dirty:simple-ff-75-40/config.json
2017-01-24 13:38:15,634 INFO     Saving network params to trainNN/out/v043-unified-1-gc7bb63f-dirty:simple-ff-75-40/epoch-075.pkl
2017-01-24 13:38:25,672 INFO     epoch: 75 took 115.520s (84.010s in batching)
training loss:	0.586402
validation loss:	0.601479
validation error:	0.324050
2017-01-24 13:38:25,677 INFO     Wrote output to trainNN/out/v043-unified-1-gc7bb63f-dirty:simple-ff-75-40/config.json
2017-01-24 13:40:10,583 INFO     Saving network params to trainNN/out/v043-unified-1-gc7bb63f-dirty:simple-ff-75-40/epoch-076.pkl
2017-01-24 13:40:20,613 INFO     epoch: 76 took 114.940s (83.229s in batching)
training loss:	0.586357
validation loss:	0.602379
validation error:	0.322399
2017-01-24 13:40:20,618 INFO     Wrote output to trainNN/out/v043-unified-1-gc7bb63f-dirty:simple-ff-75-40/config.json
2017-01-24 13:42:05,994 INFO     Saving network params to trainNN/out/v043-unified-1-gc7bb63f-dirty:simple-ff-75-40/epoch-077.pkl
2017-01-24 13:42:15,913 INFO     epoch: 77 took 115.301s (83.575s in batching)
training loss:	0.586296
validation loss:	0.606563
validation error:	0.324377
2017-01-24 13:42:15,919 INFO     Wrote output to trainNN/out/v043-unified-1-gc7bb63f-dirty:simple-ff-75-40/config.json
2017-01-24 13:44:01,304 INFO     Saving network params to trainNN/out/v043-unified-1-gc7bb63f-dirty:simple-ff-75-40/epoch-078.pkl
2017-01-24 13:44:11,240 INFO     epoch: 78 took 115.327s (83.675s in batching)
training loss:	0.586404
validation loss:	0.602007
validation error:	0.323346
2017-01-24 13:44:11,245 INFO     Wrote output to trainNN/out/v043-unified-1-gc7bb63f-dirty:simple-ff-75-40/config.json
2017-01-24 13:45:56,349 INFO     Saving network params to trainNN/out/v043-unified-1-gc7bb63f-dirty:simple-ff-75-40/epoch-079.pkl
2017-01-24 13:46:06,350 INFO     epoch: 79 took 115.110s (83.415s in batching)
training loss:	0.586202
validation loss:	0.603851
validation error:	0.326136
2017-01-24 13:46:06,355 INFO     Wrote output to trainNN/out/v043-unified-1-gc7bb63f-dirty:simple-ff-75-40/config.json
2017-01-24 13:47:52,015 INFO     Saving network params to trainNN/out/v043-unified-1-gc7bb63f-dirty:simple-ff-75-40/epoch-080.pkl
2017-01-24 13:48:01,966 INFO     epoch: 80 took 115.615s (83.867s in batching)
training loss:	0.586214
validation loss:	0.607705
validation error:	0.325646
2017-01-24 13:48:01,971 INFO     Wrote output to trainNN/out/v043-unified-1-gc7bb63f-dirty:simple-ff-75-40/config.json
2017-01-24 13:49:47,438 INFO     Saving network params to trainNN/out/v043-unified-1-gc7bb63f-dirty:simple-ff-75-40/epoch-081.pkl
2017-01-24 13:49:57,534 INFO     epoch: 81 took 115.568s (83.580s in batching)
training loss:	0.586186
validation loss:	0.604367
validation error:	0.331133
2017-01-24 13:49:57,640 INFO     Wrote output to trainNN/out/v043-unified-1-gc7bb63f-dirty:simple-ff-75-40/config.json
2017-01-24 13:51:43,828 INFO     Saving network params to trainNN/out/v043-unified-1-gc7bb63f-dirty:simple-ff-75-40/epoch-082.pkl
2017-01-24 13:51:53,778 INFO     epoch: 82 took 116.244s (83.880s in batching)
training loss:	0.586145
validation loss:	0.602641
validation error:	0.325061
2017-01-24 13:51:53,783 INFO     Wrote output to trainNN/out/v043-unified-1-gc7bb63f-dirty:simple-ff-75-40/config.json
2017-01-24 13:53:39,480 INFO     Saving network params to trainNN/out/v043-unified-1-gc7bb63f-dirty:simple-ff-75-40/epoch-083.pkl
2017-01-24 13:53:49,454 INFO     epoch: 83 took 115.676s (83.795s in batching)
training loss:	0.586053
validation loss:	0.602303
validation error:	0.326037
2017-01-24 13:53:49,460 INFO     Wrote output to trainNN/out/v043-unified-1-gc7bb63f-dirty:simple-ff-75-40/config.json
2017-01-24 13:55:34,864 INFO     Saving network params to trainNN/out/v043-unified-1-gc7bb63f-dirty:simple-ff-75-40/epoch-084.pkl
2017-01-24 13:55:44,791 INFO     epoch: 84 took 115.337s (83.463s in batching)
training loss:	0.586067
validation loss:	0.604723
validation error:	0.326677
2017-01-24 13:55:44,796 INFO     Wrote output to trainNN/out/v043-unified-1-gc7bb63f-dirty:simple-ff-75-40/config.json
2017-01-24 13:57:30,192 INFO     Saving network params to trainNN/out/v043-unified-1-gc7bb63f-dirty:simple-ff-75-40/epoch-085.pkl
2017-01-24 13:57:40,143 INFO     epoch: 85 took 115.353s (83.572s in batching)
training loss:	0.586021
validation loss:	0.604164
validation error:	0.322900
2017-01-24 13:57:40,150 INFO     Wrote output to trainNN/out/v043-unified-1-gc7bb63f-dirty:simple-ff-75-40/config.json
2017-01-24 13:59:25,489 INFO     Saving network params to trainNN/out/v043-unified-1-gc7bb63f-dirty:simple-ff-75-40/epoch-086.pkl
2017-01-24 13:59:35,374 INFO     epoch: 86 took 115.231s (83.530s in batching)
training loss:	0.585971
validation loss:	0.601724
validation error:	0.323063
2017-01-24 13:59:35,380 INFO     Wrote output to trainNN/out/v043-unified-1-gc7bb63f-dirty:simple-ff-75-40/config.json
2017-01-24 14:01:20,511 INFO     Saving network params to trainNN/out/v043-unified-1-gc7bb63f-dirty:simple-ff-75-40/epoch-087.pkl
2017-01-24 14:01:30,477 INFO     epoch: 87 took 115.102s (83.326s in batching)
training loss:	0.585881
validation loss:	0.601869
validation error:	0.323207
2017-01-24 14:01:30,482 INFO     Wrote output to trainNN/out/v043-unified-1-gc7bb63f-dirty:simple-ff-75-40/config.json
2017-01-24 14:03:15,403 INFO     Saving network params to trainNN/out/v043-unified-1-gc7bb63f-dirty:simple-ff-75-40/epoch-088.pkl
2017-01-24 14:03:25,309 INFO     epoch: 88 took 114.832s (83.085s in batching)
training loss:	0.585835
validation loss:	0.605131
validation error:	0.324050
2017-01-24 14:03:25,315 INFO     Wrote output to trainNN/out/v043-unified-1-gc7bb63f-dirty:simple-ff-75-40/config.json
2017-01-24 14:05:11,085 INFO     Saving network params to trainNN/out/v043-unified-1-gc7bb63f-dirty:simple-ff-75-40/epoch-089.pkl
2017-01-24 14:05:21,106 INFO     epoch: 89 took 115.797s (83.695s in batching)
training loss:	0.585887
validation loss:	0.607075
validation error:	0.326914
2017-01-24 14:05:21,111 INFO     Wrote output to trainNN/out/v043-unified-1-gc7bb63f-dirty:simple-ff-75-40/config.json
2017-01-24 14:07:06,742 INFO     Saving network params to trainNN/out/v043-unified-1-gc7bb63f-dirty:simple-ff-75-40/epoch-090.pkl
2017-01-24 14:07:16,717 INFO     epoch: 90 took 115.611s (83.579s in batching)
training loss:	0.585892
validation loss:	0.602934
validation error:	0.323856
2017-01-24 14:07:16,820 INFO     Wrote output to trainNN/out/v043-unified-1-gc7bb63f-dirty:simple-ff-75-40/config.json
2017-01-24 14:09:01,245 INFO     Saving network params to trainNN/out/v043-unified-1-gc7bb63f-dirty:simple-ff-75-40/epoch-091.pkl
2017-01-24 14:09:11,155 INFO     epoch: 91 took 114.438s (82.481s in batching)
training loss:	0.585900
validation loss:	0.605508
validation error:	0.329537
2017-01-24 14:09:11,161 INFO     Wrote output to trainNN/out/v043-unified-1-gc7bb63f-dirty:simple-ff-75-40/config.json
2017-01-24 14:10:55,603 INFO     Saving network params to trainNN/out/v043-unified-1-gc7bb63f-dirty:simple-ff-75-40/epoch-092.pkl
2017-01-24 14:11:05,503 INFO     epoch: 92 took 114.348s (82.481s in batching)
training loss:	0.585868
validation loss:	0.606155
validation error:	0.327009
2017-01-24 14:11:05,509 INFO     Wrote output to trainNN/out/v043-unified-1-gc7bb63f-dirty:simple-ff-75-40/config.json
2017-01-24 14:12:49,821 INFO     Saving network params to trainNN/out/v043-unified-1-gc7bb63f-dirty:simple-ff-75-40/epoch-093.pkl
2017-01-24 14:12:59,744 INFO     epoch: 93 took 114.240s (82.318s in batching)
training loss:	0.585752
validation loss:	0.602963
validation error:	0.323633
2017-01-24 14:12:59,749 INFO     Wrote output to trainNN/out/v043-unified-1-gc7bb63f-dirty:simple-ff-75-40/config.json
2017-01-24 14:14:44,394 INFO     Saving network params to trainNN/out/v043-unified-1-gc7bb63f-dirty:simple-ff-75-40/epoch-094.pkl
2017-01-24 14:14:54,381 INFO     epoch: 94 took 114.638s (82.966s in batching)
training loss:	0.585741
validation loss:	0.603889
validation error:	0.323668
2017-01-24 14:14:54,387 INFO     Wrote output to trainNN/out/v043-unified-1-gc7bb63f-dirty:simple-ff-75-40/config.json
2017-01-24 14:16:39,437 INFO     Saving network params to trainNN/out/v043-unified-1-gc7bb63f-dirty:simple-ff-75-40/epoch-095.pkl
2017-01-24 14:16:49,409 INFO     epoch: 95 took 115.027s (83.397s in batching)
training loss:	0.585781
validation loss:	0.602346
validation error:	0.322944
2017-01-24 14:16:49,414 INFO     Wrote output to trainNN/out/v043-unified-1-gc7bb63f-dirty:simple-ff-75-40/config.json
2017-01-24 14:18:33,748 INFO     Saving network params to trainNN/out/v043-unified-1-gc7bb63f-dirty:simple-ff-75-40/epoch-096.pkl
2017-01-24 14:18:43,592 INFO     epoch: 96 took 114.184s (82.639s in batching)
training loss:	0.585706
validation loss:	0.604296
validation error:	0.324872
2017-01-24 14:18:43,598 INFO     Wrote output to trainNN/out/v043-unified-1-gc7bb63f-dirty:simple-ff-75-40/config.json
2017-01-24 14:20:28,061 INFO     Saving network params to trainNN/out/v043-unified-1-gc7bb63f-dirty:simple-ff-75-40/epoch-097.pkl
2017-01-24 14:20:38,006 INFO     epoch: 97 took 114.413s (82.493s in batching)
training loss:	0.585647
validation loss:	0.604288
validation error:	0.325309
2017-01-24 14:20:38,012 INFO     Wrote output to trainNN/out/v043-unified-1-gc7bb63f-dirty:simple-ff-75-40/config.json
2017-01-24 14:22:20,809 INFO     Saving network params to trainNN/out/v043-unified-1-gc7bb63f-dirty:simple-ff-75-40/epoch-098.pkl
2017-01-24 14:22:30,514 INFO     epoch: 98 took 112.508s (82.065s in batching)
training loss:	0.585572
validation loss:	0.604708
validation error:	0.326840
2017-01-24 14:22:30,520 INFO     Wrote output to trainNN/out/v043-unified-1-gc7bb63f-dirty:simple-ff-75-40/config.json
2017-01-24 14:24:12,540 INFO     Saving network params to trainNN/out/v043-unified-1-gc7bb63f-dirty:simple-ff-75-40/epoch-099.pkl
2017-01-24 14:24:22,233 INFO     epoch: 99 took 111.719s (81.847s in batching)
training loss:	0.585582
validation loss:	0.602077
validation error:	0.323594
2017-01-24 14:24:22,239 INFO     Wrote output to trainNN/out/v043-unified-1-gc7bb63f-dirty:simple-ff-75-40/config.json
2017-01-24 14:26:04,290 INFO     Saving network params to trainNN/out/v043-unified-1-gc7bb63f-dirty:simple-ff-75-40/epoch-100.pkl
2017-01-24 14:26:13,996 INFO     epoch: 100 took 111.763s (81.810s in batching)
training loss:	0.585562
validation loss:	0.607132
validation error:	0.326840
2017-01-24 14:26:14,002 INFO     Wrote output to trainNN/out/v043-unified-1-gc7bb63f-dirty:simple-ff-75-40/config.json
2017-01-24 14:27:56,147 INFO     Saving network params to trainNN/out/v043-unified-1-gc7bb63f-dirty:simple-ff-75-40/epoch-101.pkl
2017-01-24 14:28:05,893 INFO     epoch: 101 took 111.897s (82.112s in batching)
training loss:	0.585552
validation loss:	0.605484
validation error:	0.327653
2017-01-24 14:28:05,900 INFO     Wrote output to trainNN/out/v043-unified-1-gc7bb63f-dirty:simple-ff-75-40/config.json
2017-01-24 14:29:48,772 INFO     Saving network params to trainNN/out/v043-unified-1-gc7bb63f-dirty:simple-ff-75-40/epoch-102.pkl
2017-01-24 14:29:58,588 INFO     epoch: 102 took 112.695s (82.615s in batching)
training loss:	0.585444
validation loss:	0.601298
validation error:	0.325254
2017-01-24 14:29:58,594 INFO     Wrote output to trainNN/out/v043-unified-1-gc7bb63f-dirty:simple-ff-75-40/config.json
2017-01-24 14:31:41,215 INFO     Saving network params to trainNN/out/v043-unified-1-gc7bb63f-dirty:simple-ff-75-40/epoch-103.pkl
2017-01-24 14:31:50,942 INFO     epoch: 103 took 112.353s (82.254s in batching)
training loss:	0.585423
validation loss:	0.601685
validation error:	0.323177
2017-01-24 14:31:50,948 INFO     Wrote output to trainNN/out/v043-unified-1-gc7bb63f-dirty:simple-ff-75-40/config.json
2017-01-24 14:33:33,803 INFO     Saving network params to trainNN/out/v043-unified-1-gc7bb63f-dirty:simple-ff-75-40/epoch-104.pkl
2017-01-24 14:33:43,677 INFO     epoch: 104 took 112.736s (82.532s in batching)
training loss:	0.585437
validation loss:	0.607575
validation error:	0.325685
2017-01-24 14:33:43,683 INFO     Wrote output to trainNN/out/v043-unified-1-gc7bb63f-dirty:simple-ff-75-40/config.json
2017-01-24 14:35:26,731 INFO     Saving network params to trainNN/out/v043-unified-1-gc7bb63f-dirty:simple-ff-75-40/epoch-105.pkl
2017-01-24 14:35:36,541 INFO     epoch: 105 took 112.864s (82.554s in batching)
training loss:	0.585379
validation loss:	0.603695
validation error:	0.324312
2017-01-24 14:35:36,547 INFO     Wrote output to trainNN/out/v043-unified-1-gc7bb63f-dirty:simple-ff-75-40/config.json
2017-01-24 14:37:19,456 INFO     Saving network params to trainNN/out/v043-unified-1-gc7bb63f-dirty:simple-ff-75-40/epoch-106.pkl
2017-01-24 14:37:29,317 INFO     epoch: 106 took 112.776s (82.354s in batching)
training loss:	0.585486
validation loss:	0.600300
validation error:	0.324238
2017-01-24 14:37:29,323 INFO     Wrote output to trainNN/out/v043-unified-1-gc7bb63f-dirty:simple-ff-75-40/config.json
2017-01-24 14:39:12,826 INFO     Saving network params to trainNN/out/v043-unified-1-gc7bb63f-dirty:simple-ff-75-40/epoch-107.pkl
2017-01-24 14:39:22,591 INFO     epoch: 107 took 113.274s (82.556s in batching)
training loss:	0.585332
validation loss:	0.608562
validation error:	0.325690
2017-01-24 14:39:22,598 INFO     Wrote output to trainNN/out/v043-unified-1-gc7bb63f-dirty:simple-ff-75-40/config.json
2017-01-24 14:41:06,247 INFO     Saving network params to trainNN/out/v043-unified-1-gc7bb63f-dirty:simple-ff-75-40/epoch-108.pkl
2017-01-24 14:41:16,055 INFO     epoch: 108 took 113.464s (82.511s in batching)
training loss:	0.585436
validation loss:	0.604031
validation error:	0.325006
2017-01-24 14:41:16,061 INFO     Wrote output to trainNN/out/v043-unified-1-gc7bb63f-dirty:simple-ff-75-40/config.json
2017-01-24 14:42:59,690 INFO     Saving network params to trainNN/out/v043-unified-1-gc7bb63f-dirty:simple-ff-75-40/epoch-109.pkl
2017-01-24 14:43:09,476 INFO     epoch: 109 took 113.421s (82.573s in batching)
training loss:	0.585306
validation loss:	0.603009
validation error:	0.326359
2017-01-24 14:43:09,482 INFO     Wrote output to trainNN/out/v043-unified-1-gc7bb63f-dirty:simple-ff-75-40/config.json
2017-01-24 14:44:53,039 INFO     Saving network params to trainNN/out/v043-unified-1-gc7bb63f-dirty:simple-ff-75-40/epoch-110.pkl
2017-01-24 14:45:02,809 INFO     epoch: 110 took 113.334s (82.151s in batching)
training loss:	0.585399
validation loss:	0.604319
validation error:	0.325110
2017-01-24 14:45:02,816 INFO     Wrote output to trainNN/out/v043-unified-1-gc7bb63f-dirty:simple-ff-75-40/config.json
2017-01-24 14:46:46,820 INFO     Saving network params to trainNN/out/v043-unified-1-gc7bb63f-dirty:simple-ff-75-40/epoch-111.pkl
2017-01-24 14:46:56,629 INFO     epoch: 111 took 113.819s (82.725s in batching)
training loss:	0.585276
validation loss:	0.606035
validation error:	0.327767
2017-01-24 14:46:56,635 INFO     Wrote output to trainNN/out/v043-unified-1-gc7bb63f-dirty:simple-ff-75-40/config.json
2017-01-24 14:48:40,453 INFO     Saving network params to trainNN/out/v043-unified-1-gc7bb63f-dirty:simple-ff-75-40/epoch-112.pkl
2017-01-24 14:48:50,309 INFO     epoch: 112 took 113.680s (82.245s in batching)
training loss:	0.585282
validation loss:	0.602622
validation error:	0.325190
2017-01-24 14:48:50,413 INFO     Wrote output to trainNN/out/v043-unified-1-gc7bb63f-dirty:simple-ff-75-40/config.json
2017-01-24 14:50:34,673 INFO     Saving network params to trainNN/out/v043-unified-1-gc7bb63f-dirty:simple-ff-75-40/epoch-113.pkl
2017-01-24 14:50:44,618 INFO     epoch: 113 took 114.309s (82.832s in batching)
training loss:	0.585206
validation loss:	0.602834
validation error:	0.325769
2017-01-24 14:50:44,625 INFO     Wrote output to trainNN/out/v043-unified-1-gc7bb63f-dirty:simple-ff-75-40/config.json
2017-01-24 14:52:28,392 INFO     Saving network params to trainNN/out/v043-unified-1-gc7bb63f-dirty:simple-ff-75-40/epoch-114.pkl
2017-01-24 14:52:38,309 INFO     epoch: 114 took 113.690s (82.277s in batching)
training loss:	0.585186
validation loss:	0.603138
validation error:	0.323212
2017-01-24 14:52:38,316 INFO     Wrote output to trainNN/out/v043-unified-1-gc7bb63f-dirty:simple-ff-75-40/config.json
2017-01-24 14:54:22,467 INFO     Saving network params to trainNN/out/v043-unified-1-gc7bb63f-dirty:simple-ff-75-40/epoch-115.pkl
2017-01-24 14:54:32,422 INFO     epoch: 115 took 114.113s (82.913s in batching)
training loss:	0.585186
validation loss:	0.600884
validation error:	0.322696
2017-01-24 14:54:32,429 INFO     Wrote output to trainNN/out/v043-unified-1-gc7bb63f-dirty:simple-ff-75-40/config.json
2017-01-24 14:56:16,177 INFO     Saving network params to trainNN/out/v043-unified-1-gc7bb63f-dirty:simple-ff-75-40/epoch-116.pkl
2017-01-24 14:56:26,042 INFO     epoch: 116 took 113.620s (82.352s in batching)
training loss:	0.585222
validation loss:	0.604286
validation error:	0.324258
2017-01-24 14:56:26,049 INFO     Wrote output to trainNN/out/v043-unified-1-gc7bb63f-dirty:simple-ff-75-40/config.json
2017-01-24 14:58:10,206 INFO     Saving network params to trainNN/out/v043-unified-1-gc7bb63f-dirty:simple-ff-75-40/epoch-117.pkl
2017-01-24 14:58:20,159 INFO     epoch: 117 took 114.117s (82.717s in batching)
training loss:	0.585082
validation loss:	0.605746
validation error:	0.326221
2017-01-24 14:58:20,165 INFO     Wrote output to trainNN/out/v043-unified-1-gc7bb63f-dirty:simple-ff-75-40/config.json
2017-01-24 15:00:04,787 INFO     Saving network params to trainNN/out/v043-unified-1-gc7bb63f-dirty:simple-ff-75-40/epoch-118.pkl
2017-01-24 15:00:14,706 INFO     epoch: 118 took 114.547s (82.972s in batching)
training loss:	0.585181
validation loss:	0.604022
validation error:	0.322335
2017-01-24 15:00:14,712 INFO     Wrote output to trainNN/out/v043-unified-1-gc7bb63f-dirty:simple-ff-75-40/config.json
2017-01-24 15:01:58,926 INFO     Saving network params to trainNN/out/v043-unified-1-gc7bb63f-dirty:simple-ff-75-40/epoch-119.pkl
2017-01-24 15:02:08,831 INFO     epoch: 119 took 114.125s (82.497s in batching)
training loss:	0.584978
validation loss:	0.607512
validation error:	0.325011
2017-01-24 15:02:08,937 INFO     Wrote output to trainNN/out/v043-unified-1-gc7bb63f-dirty:simple-ff-75-40/config.json
2017-01-24 15:03:53,728 INFO     Saving network params to trainNN/out/v043-unified-1-gc7bb63f-dirty:simple-ff-75-40/epoch-120.pkl
2017-01-24 15:04:03,739 INFO     epoch: 120 took 114.908s (82.463s in batching)
training loss:	0.585032
validation loss:	0.604266
validation error:	0.323108
2017-01-24 15:04:03,845 INFO     Wrote output to trainNN/out/v043-unified-1-gc7bb63f-dirty:simple-ff-75-40/config.json
2017-01-24 15:05:50,413 INFO     Saving network params to trainNN/out/v043-unified-1-gc7bb63f-dirty:simple-ff-75-40/epoch-121.pkl
2017-01-24 15:06:00,452 INFO     epoch: 121 took 116.712s (82.700s in batching)
training loss:	0.585047
validation loss:	0.606928
validation error:	0.325284
2017-01-24 15:06:00,458 INFO     Wrote output to trainNN/out/v043-unified-1-gc7bb63f-dirty:simple-ff-75-40/config.json
2017-01-24 15:07:47,302 INFO     Saving network params to trainNN/out/v043-unified-1-gc7bb63f-dirty:simple-ff-75-40/epoch-122.pkl
2017-01-24 15:07:57,347 INFO     epoch: 122 took 116.896s (83.123s in batching)
training loss:	0.585027
validation loss:	0.603115
validation error:	0.324917
2017-01-24 15:07:57,354 INFO     Wrote output to trainNN/out/v043-unified-1-gc7bb63f-dirty:simple-ff-75-40/config.json
2017-01-24 15:09:43,814 INFO     Saving network params to trainNN/out/v043-unified-1-gc7bb63f-dirty:simple-ff-75-40/epoch-123.pkl
2017-01-24 15:09:53,917 INFO     epoch: 123 took 116.570s (82.730s in batching)
training loss:	0.584996
validation loss:	0.605336
validation error:	0.325457
2017-01-24 15:09:53,924 INFO     Wrote output to trainNN/out/v043-unified-1-gc7bb63f-dirty:simple-ff-75-40/config.json
2017-01-24 15:11:39,635 INFO     Saving network params to trainNN/out/v043-unified-1-gc7bb63f-dirty:simple-ff-75-40/epoch-124.pkl
2017-01-24 15:11:49,561 INFO     epoch: 124 took 115.644s (82.602s in batching)
training loss:	0.584945
validation loss:	0.604823
validation error:	0.325760
2017-01-24 15:11:49,568 INFO     Wrote output to trainNN/out/v043-unified-1-gc7bb63f-dirty:simple-ff-75-40/config.json
2017-01-24 15:13:35,630 INFO     Saving network params to trainNN/out/v043-unified-1-gc7bb63f-dirty:simple-ff-75-40/epoch-125.pkl
2017-01-24 15:13:45,632 INFO     epoch: 125 took 116.072s (83.097s in batching)
training loss:	0.584983
validation loss:	0.602825
validation error:	0.324441
2017-01-24 15:13:45,639 INFO     Wrote output to trainNN/out/v043-unified-1-gc7bb63f-dirty:simple-ff-75-40/config.json
2017-01-24 15:15:31,577 INFO     Saving network params to trainNN/out/v043-unified-1-gc7bb63f-dirty:simple-ff-75-40/epoch-126.pkl
2017-01-24 15:15:41,574 INFO     epoch: 126 took 115.941s (83.270s in batching)
training loss:	0.584995
validation loss:	0.607335
validation error:	0.328203
2017-01-24 15:15:41,581 INFO     Wrote output to trainNN/out/v043-unified-1-gc7bb63f-dirty:simple-ff-75-40/config.json
2017-01-24 15:17:27,404 INFO     Saving network params to trainNN/out/v043-unified-1-gc7bb63f-dirty:simple-ff-75-40/epoch-127.pkl
2017-01-24 15:17:37,394 INFO     epoch: 127 took 115.820s (82.760s in batching)
training loss:	0.584940
validation loss:	0.603740
validation error:	0.321735
2017-01-24 15:17:37,401 INFO     Wrote output to trainNN/out/v043-unified-1-gc7bb63f-dirty:simple-ff-75-40/config.json
2017-01-24 15:19:22,905 INFO     Saving network params to trainNN/out/v043-unified-1-gc7bb63f-dirty:simple-ff-75-40/epoch-128.pkl
2017-01-24 15:19:32,960 INFO     epoch: 128 took 115.567s (82.763s in batching)
training loss:	0.584917
validation loss:	0.604678
validation error:	0.324843
2017-01-24 15:19:32,968 INFO     Wrote output to trainNN/out/v043-unified-1-gc7bb63f-dirty:simple-ff-75-40/config.json
2017-01-24 15:21:18,078 INFO     Saving network params to trainNN/out/v043-unified-1-gc7bb63f-dirty:simple-ff-75-40/epoch-129.pkl
2017-01-24 15:21:28,060 INFO     epoch: 129 took 115.100s (82.747s in batching)
training loss:	0.584896
validation loss:	0.604374
validation error:	0.326379
2017-01-24 15:21:28,068 INFO     Wrote output to trainNN/out/v043-unified-1-gc7bb63f-dirty:simple-ff-75-40/config.json
2017-01-24 15:23:12,850 INFO     Saving network params to trainNN/out/v043-unified-1-gc7bb63f-dirty:simple-ff-75-40/epoch-130.pkl
2017-01-24 15:23:22,786 INFO     epoch: 130 took 114.726s (82.988s in batching)
training loss:	0.584908
validation loss:	0.603758
validation error:	0.325606
2017-01-24 15:23:22,793 INFO     Wrote output to trainNN/out/v043-unified-1-gc7bb63f-dirty:simple-ff-75-40/config.json
2017-01-24 15:25:07,101 INFO     Saving network params to trainNN/out/v043-unified-1-gc7bb63f-dirty:simple-ff-75-40/epoch-131.pkl
2017-01-24 15:25:17,037 INFO     epoch: 131 took 114.251s (82.728s in batching)
training loss:	0.584783
validation loss:	0.604734
validation error:	0.326597
2017-01-24 15:25:17,045 INFO     Wrote output to trainNN/out/v043-unified-1-gc7bb63f-dirty:simple-ff-75-40/config.json
2017-01-24 15:27:02,393 INFO     Saving network params to trainNN/out/v043-unified-1-gc7bb63f-dirty:simple-ff-75-40/epoch-132.pkl
2017-01-24 15:27:12,464 INFO     epoch: 132 took 115.427s (83.361s in batching)
training loss:	0.584834
validation loss:	0.604661
validation error:	0.324803
2017-01-24 15:27:12,471 INFO     Wrote output to trainNN/out/v043-unified-1-gc7bb63f-dirty:simple-ff-75-40/config.json
2017-01-24 15:28:59,209 INFO     Saving network params to trainNN/out/v043-unified-1-gc7bb63f-dirty:simple-ff-75-40/epoch-133.pkl
2017-01-24 15:29:09,439 INFO     epoch: 133 took 116.975s (83.536s in batching)
training loss:	0.584841
validation loss:	0.602793
validation error:	0.322652
2017-01-24 15:29:09,446 INFO     Wrote output to trainNN/out/v043-unified-1-gc7bb63f-dirty:simple-ff-75-40/config.json
2017-01-24 15:30:55,685 INFO     Saving network params to trainNN/out/v043-unified-1-gc7bb63f-dirty:simple-ff-75-40/epoch-134.pkl
2017-01-24 15:31:05,623 INFO     epoch: 134 took 116.184s (83.320s in batching)
training loss:	0.584822
validation loss:	0.603870
validation error:	0.326344
2017-01-24 15:31:05,630 INFO     Wrote output to trainNN/out/v043-unified-1-gc7bb63f-dirty:simple-ff-75-40/config.json
2017-01-24 15:32:49,675 INFO     Saving network params to trainNN/out/v043-unified-1-gc7bb63f-dirty:simple-ff-75-40/epoch-135.pkl
2017-01-24 15:32:59,680 INFO     epoch: 135 took 114.057s (82.832s in batching)
training loss:	0.584776
validation loss:	0.604177
validation error:	0.325517
2017-01-24 15:32:59,786 INFO     Wrote output to trainNN/out/v043-unified-1-gc7bb63f-dirty:simple-ff-75-40/config.json
2017-01-24 15:34:44,899 INFO     Saving network params to trainNN/out/v043-unified-1-gc7bb63f-dirty:simple-ff-75-40/epoch-136.pkl
2017-01-24 15:34:54,914 INFO     epoch: 136 took 115.234s (82.498s in batching)
training loss:	0.584713
validation loss:	0.604580
validation error:	0.324922
2017-01-24 15:34:54,922 INFO     Wrote output to trainNN/out/v043-unified-1-gc7bb63f-dirty:simple-ff-75-40/config.json
2017-01-24 15:36:39,307 INFO     Saving network params to trainNN/out/v043-unified-1-gc7bb63f-dirty:simple-ff-75-40/epoch-137.pkl
2017-01-24 15:36:49,375 INFO     epoch: 137 took 114.461s (83.068s in batching)
training loss:	0.584812
validation loss:	0.604130
validation error:	0.327494
2017-01-24 15:36:49,382 INFO     Wrote output to trainNN/out/v043-unified-1-gc7bb63f-dirty:simple-ff-75-40/config.json
2017-01-24 15:38:34,559 INFO     Saving network params to trainNN/out/v043-unified-1-gc7bb63f-dirty:simple-ff-75-40/epoch-138.pkl
2017-01-24 15:38:44,503 INFO     epoch: 138 took 115.128s (82.451s in batching)
training loss:	0.584737
validation loss:	0.604166
validation error:	0.327668
2017-01-24 15:38:44,511 INFO     Wrote output to trainNN/out/v043-unified-1-gc7bb63f-dirty:simple-ff-75-40/config.json
2017-01-24 15:40:29,035 INFO     Saving network params to trainNN/out/v043-unified-1-gc7bb63f-dirty:simple-ff-75-40/epoch-139.pkl
2017-01-24 15:40:38,901 INFO     epoch: 139 took 114.398s (82.355s in batching)
training loss:	0.584697
validation loss:	0.604987
validation error:	0.328867
2017-01-24 15:40:39,006 INFO     Wrote output to trainNN/out/v043-unified-1-gc7bb63f-dirty:simple-ff-75-40/config.json
2017-01-24 15:42:23,036 INFO     Saving network params to trainNN/out/v043-unified-1-gc7bb63f-dirty:simple-ff-75-40/epoch-140.pkl
2017-01-24 15:42:32,823 INFO     epoch: 140 took 113.922s (82.305s in batching)
training loss:	0.584665
validation loss:	0.604370
validation error:	0.325655
2017-01-24 15:42:32,831 INFO     Wrote output to trainNN/out/v043-unified-1-gc7bb63f-dirty:simple-ff-75-40/config.json
2017-01-24 15:44:17,095 INFO     Saving network params to trainNN/out/v043-unified-1-gc7bb63f-dirty:simple-ff-75-40/epoch-141.pkl
2017-01-24 15:44:27,036 INFO     epoch: 141 took 114.213s (82.727s in batching)
training loss:	0.584629
validation loss:	0.602985
validation error:	0.325388
2017-01-24 15:44:27,044 INFO     Wrote output to trainNN/out/v043-unified-1-gc7bb63f-dirty:simple-ff-75-40/config.json
2017-01-24 15:46:11,358 INFO     Saving network params to trainNN/out/v043-unified-1-gc7bb63f-dirty:simple-ff-75-40/epoch-142.pkl
2017-01-24 15:46:21,254 INFO     epoch: 142 took 114.218s (83.056s in batching)
training loss:	0.584750
validation loss:	0.603360
validation error:	0.322424
2017-01-24 15:46:21,262 INFO     Wrote output to trainNN/out/v043-unified-1-gc7bb63f-dirty:simple-ff-75-40/config.json
2017-01-24 15:48:06,430 INFO     Saving network params to trainNN/out/v043-unified-1-gc7bb63f-dirty:simple-ff-75-40/epoch-143.pkl
2017-01-24 15:48:16,404 INFO     epoch: 143 took 115.150s (82.409s in batching)
training loss:	0.584571
validation loss:	0.603805
validation error:	0.326627
2017-01-24 15:48:16,510 INFO     Wrote output to trainNN/out/v043-unified-1-gc7bb63f-dirty:simple-ff-75-40/config.json
2017-01-24 15:50:01,682 INFO     Saving network params to trainNN/out/v043-unified-1-gc7bb63f-dirty:simple-ff-75-40/epoch-144.pkl
2017-01-24 15:50:11,526 INFO     epoch: 144 took 115.122s (82.556s in batching)
training loss:	0.584623
validation loss:	0.603447
validation error:	0.324520
2017-01-24 15:50:11,533 INFO     Wrote output to trainNN/out/v043-unified-1-gc7bb63f-dirty:simple-ff-75-40/config.json
2017-01-24 15:51:54,950 INFO     Saving network params to trainNN/out/v043-unified-1-gc7bb63f-dirty:simple-ff-75-40/epoch-145.pkl
2017-01-24 15:52:04,777 INFO     epoch: 145 took 113.251s (82.512s in batching)
training loss:	0.584629
validation loss:	0.604294
validation error:	0.323549
2017-01-24 15:52:04,785 INFO     Wrote output to trainNN/out/v043-unified-1-gc7bb63f-dirty:simple-ff-75-40/config.json
2017-01-24 15:53:48,344 INFO     Saving network params to trainNN/out/v043-unified-1-gc7bb63f-dirty:simple-ff-75-40/epoch-146.pkl
2017-01-24 15:53:58,220 INFO     epoch: 146 took 113.444s (82.578s in batching)
training loss:	0.584646
validation loss:	0.603390
validation error:	0.324575
2017-01-24 15:53:58,228 INFO     Wrote output to trainNN/out/v043-unified-1-gc7bb63f-dirty:simple-ff-75-40/config.json
2017-01-24 15:55:41,824 INFO     Saving network params to trainNN/out/v043-unified-1-gc7bb63f-dirty:simple-ff-75-40/epoch-147.pkl
2017-01-24 15:55:51,614 INFO     epoch: 147 took 113.394s (82.724s in batching)
training loss:	0.584690
validation loss:	0.601544
validation error:	0.324139
2017-01-24 15:55:51,722 INFO     Wrote output to trainNN/out/v043-unified-1-gc7bb63f-dirty:simple-ff-75-40/config.json
2017-01-24 15:57:35,343 INFO     Saving network params to trainNN/out/v043-unified-1-gc7bb63f-dirty:simple-ff-75-40/epoch-148.pkl
2017-01-24 15:57:45,187 INFO     epoch: 148 took 113.573s (82.620s in batching)
training loss:	0.584634
validation loss:	0.609695
validation error:	0.329720
2017-01-24 15:57:45,196 INFO     Wrote output to trainNN/out/v043-unified-1-gc7bb63f-dirty:simple-ff-75-40/config.json
2017-01-24 15:59:30,448 INFO     Saving network params to trainNN/out/v043-unified-1-gc7bb63f-dirty:simple-ff-75-40/epoch-149.pkl
2017-01-24 15:59:40,456 INFO     epoch: 149 took 115.269s (83.429s in batching)
training loss:	0.584632
validation loss:	0.603280
validation error:	0.324089
2017-01-24 15:59:40,464 INFO     Wrote output to trainNN/out/v043-unified-1-gc7bb63f-dirty:simple-ff-75-40/config.json
2017-01-24 16:01:25,259 INFO     Saving network params to trainNN/out/v043-unified-1-gc7bb63f-dirty:simple-ff-75-40/epoch-150.pkl
2017-01-24 16:01:35,288 INFO     epoch: 150 took 114.832s (82.853s in batching)
training loss:	0.584594
validation loss:	0.603385
validation error:	0.325839
2017-01-24 16:01:35,296 INFO     Wrote output to trainNN/out/v043-unified-1-gc7bb63f-dirty:simple-ff-75-40/config.json
2017-01-24 16:03:21,145 INFO     Saving network params to trainNN/out/v043-unified-1-gc7bb63f-dirty:simple-ff-75-40/epoch-151.pkl
2017-01-24 16:03:31,132 INFO     epoch: 151 took 115.844s (83.652s in batching)
training loss:	0.584618
validation loss:	0.605174
validation error:	0.329353
2017-01-24 16:03:31,140 INFO     Wrote output to trainNN/out/v043-unified-1-gc7bb63f-dirty:simple-ff-75-40/config.json
2017-01-24 16:05:16,407 INFO     Saving network params to trainNN/out/v043-unified-1-gc7bb63f-dirty:simple-ff-75-40/epoch-152.pkl
2017-01-24 16:05:26,409 INFO     epoch: 152 took 115.277s (83.168s in batching)
training loss:	0.584579
validation loss:	0.604680
validation error:	0.324644
2017-01-24 16:05:26,418 INFO     Wrote output to trainNN/out/v043-unified-1-gc7bb63f-dirty:simple-ff-75-40/config.json
2017-01-24 16:07:11,386 INFO     Saving network params to trainNN/out/v043-unified-1-gc7bb63f-dirty:simple-ff-75-40/epoch-153.pkl
2017-01-24 16:07:21,332 INFO     epoch: 153 took 114.922s (82.860s in batching)
training loss:	0.584522
validation loss:	0.605669
validation error:	0.327911
2017-01-24 16:07:21,340 INFO     Wrote output to trainNN/out/v043-unified-1-gc7bb63f-dirty:simple-ff-75-40/config.json
2017-01-24 16:09:06,672 INFO     Saving network params to trainNN/out/v043-unified-1-gc7bb63f-dirty:simple-ff-75-40/epoch-154.pkl
2017-01-24 16:09:16,662 INFO     epoch: 154 took 115.330s (83.096s in batching)
training loss:	0.584585
validation loss:	0.604401
validation error:	0.324634
2017-01-24 16:09:16,670 INFO     Wrote output to trainNN/out/v043-unified-1-gc7bb63f-dirty:simple-ff-75-40/config.json
2017-01-24 16:11:02,085 INFO     Saving network params to trainNN/out/v043-unified-1-gc7bb63f-dirty:simple-ff-75-40/epoch-155.pkl
2017-01-24 16:11:12,122 INFO     epoch: 155 took 115.460s (83.454s in batching)
training loss:	0.584483
validation loss:	0.600480
validation error:	0.323673
2017-01-24 16:11:12,130 INFO     Wrote output to trainNN/out/v043-unified-1-gc7bb63f-dirty:simple-ff-75-40/config.json
2017-01-24 16:12:57,303 INFO     Saving network params to trainNN/out/v043-unified-1-gc7bb63f-dirty:simple-ff-75-40/epoch-156.pkl
2017-01-24 16:13:07,310 INFO     epoch: 156 took 115.188s (82.838s in batching)
training loss:	0.584522
validation loss:	0.605848
validation error:	0.327579
2017-01-24 16:13:07,318 INFO     Wrote output to trainNN/out/v043-unified-1-gc7bb63f-dirty:simple-ff-75-40/config.json
2017-01-24 16:14:52,782 INFO     Saving network params to trainNN/out/v043-unified-1-gc7bb63f-dirty:simple-ff-75-40/epoch-157.pkl
2017-01-24 16:15:02,829 INFO     epoch: 157 took 115.518s (83.264s in batching)
training loss:	0.584549
validation loss:	0.606313
validation error:	0.324917
2017-01-24 16:15:02,935 INFO     Wrote output to trainNN/out/v043-unified-1-gc7bb63f-dirty:simple-ff-75-40/config.json
2017-01-24 16:16:48,139 INFO     Saving network params to trainNN/out/v043-unified-1-gc7bb63f-dirty:simple-ff-75-40/epoch-158.pkl
2017-01-24 16:16:58,263 INFO     epoch: 158 took 115.435s (82.869s in batching)
training loss:	0.584496
validation loss:	0.604821
validation error:	0.327093
2017-01-24 16:16:58,271 INFO     Wrote output to trainNN/out/v043-unified-1-gc7bb63f-dirty:simple-ff-75-40/config.json
2017-01-24 16:18:43,883 INFO     Saving network params to trainNN/out/v043-unified-1-gc7bb63f-dirty:simple-ff-75-40/epoch-159.pkl
2017-01-24 16:18:53,976 INFO     epoch: 159 took 115.713s (83.204s in batching)
training loss:	0.584493
validation loss:	0.604537
validation error:	0.326865
2017-01-24 16:18:53,984 INFO     Wrote output to trainNN/out/v043-unified-1-gc7bb63f-dirty:simple-ff-75-40/config.json
2017-01-24 16:20:40,689 INFO     Saving network params to trainNN/out/v043-unified-1-gc7bb63f-dirty:simple-ff-75-40/epoch-160.pkl
2017-01-24 16:20:50,746 INFO     epoch: 160 took 116.770s (83.737s in batching)
training loss:	0.584354
validation loss:	0.606236
validation error:	0.325978
2017-01-24 16:20:50,755 INFO     Wrote output to trainNN/out/v043-unified-1-gc7bb63f-dirty:simple-ff-75-40/config.json
2017-01-24 16:22:36,021 INFO     Saving network params to trainNN/out/v043-unified-1-gc7bb63f-dirty:simple-ff-75-40/epoch-161.pkl
2017-01-24 16:22:46,001 INFO     epoch: 161 took 115.255s (83.459s in batching)
training loss:	0.584272
validation loss:	0.611479
validation error:	0.328659
2017-01-24 16:22:46,009 INFO     Wrote output to trainNN/out/v043-unified-1-gc7bb63f-dirty:simple-ff-75-40/config.json
2017-01-24 16:24:30,876 INFO     Saving network params to trainNN/out/v043-unified-1-gc7bb63f-dirty:simple-ff-75-40/epoch-162.pkl
2017-01-24 16:24:40,869 INFO     epoch: 162 took 114.868s (83.219s in batching)
training loss:	0.584472
validation loss:	0.602803
validation error:	0.324674
2017-01-24 16:24:40,878 INFO     Wrote output to trainNN/out/v043-unified-1-gc7bb63f-dirty:simple-ff-75-40/config.json
2017-01-24 16:26:26,187 INFO     Saving network params to trainNN/out/v043-unified-1-gc7bb63f-dirty:simple-ff-75-40/epoch-163.pkl
2017-01-24 16:26:36,054 INFO     epoch: 163 took 115.185s (83.394s in batching)
training loss:	0.584376
validation loss:	0.606219
validation error:	0.324506
2017-01-24 16:26:36,063 INFO     Wrote output to trainNN/out/v043-unified-1-gc7bb63f-dirty:simple-ff-75-40/config.json
2017-01-24 16:28:21,488 INFO     Saving network params to trainNN/out/v043-unified-1-gc7bb63f-dirty:simple-ff-75-40/epoch-164.pkl
2017-01-24 16:28:31,615 INFO     epoch: 164 took 115.561s (83.634s in batching)
training loss:	0.584398
validation loss:	0.603955
validation error:	0.324238
2017-01-24 16:28:31,623 INFO     Wrote output to trainNN/out/v043-unified-1-gc7bb63f-dirty:simple-ff-75-40/config.json
2017-01-24 16:30:17,337 INFO     Saving network params to trainNN/out/v043-unified-1-gc7bb63f-dirty:simple-ff-75-40/epoch-165.pkl
2017-01-24 16:30:27,386 INFO     epoch: 165 took 115.771s (83.605s in batching)
training loss:	0.584346
validation loss:	0.605417
validation error:	0.325467
2017-01-24 16:30:27,395 INFO     Wrote output to trainNN/out/v043-unified-1-gc7bb63f-dirty:simple-ff-75-40/config.json
2017-01-24 16:32:12,670 INFO     Saving network params to trainNN/out/v043-unified-1-gc7bb63f-dirty:simple-ff-75-40/epoch-166.pkl
2017-01-24 16:32:22,679 INFO     epoch: 166 took 115.292s (83.270s in batching)
training loss:	0.584274
validation loss:	0.602880
validation error:	0.324074
2017-01-24 16:32:22,687 INFO     Wrote output to trainNN/out/v043-unified-1-gc7bb63f-dirty:simple-ff-75-40/config.json
2017-01-24 16:34:07,804 INFO     Saving network params to trainNN/out/v043-unified-1-gc7bb63f-dirty:simple-ff-75-40/epoch-167.pkl
2017-01-24 16:34:17,779 INFO     epoch: 167 took 115.100s (82.836s in batching)
training loss:	0.584345
validation loss:	0.606310
validation error:	0.329160
2017-01-24 16:34:17,787 INFO     Wrote output to trainNN/out/v043-unified-1-gc7bb63f-dirty:simple-ff-75-40/config.json
2017-01-24 16:36:03,267 INFO     Saving network params to trainNN/out/v043-unified-1-gc7bb63f-dirty:simple-ff-75-40/epoch-168.pkl
2017-01-24 16:36:13,209 INFO     epoch: 168 took 115.430s (82.869s in batching)
training loss:	0.584355
validation loss:	0.605691
validation error:	0.324520
2017-01-24 16:36:13,218 INFO     Wrote output to trainNN/out/v043-unified-1-gc7bb63f-dirty:simple-ff-75-40/config.json
2017-01-24 16:37:58,375 INFO     Saving network params to trainNN/out/v043-unified-1-gc7bb63f-dirty:simple-ff-75-40/epoch-169.pkl
2017-01-24 16:38:08,374 INFO     epoch: 169 took 115.164s (82.832s in batching)
training loss:	0.584339
validation loss:	0.605438
validation error:	0.329204
2017-01-24 16:38:08,382 INFO     Wrote output to trainNN/out/v043-unified-1-gc7bb63f-dirty:simple-ff-75-40/config.json
2017-01-24 16:39:53,228 INFO     Saving network params to trainNN/out/v043-unified-1-gc7bb63f-dirty:simple-ff-75-40/epoch-170.pkl
2017-01-24 16:40:03,018 INFO     epoch: 170 took 114.644s (82.956s in batching)
training loss:	0.584265
validation loss:	0.602796
validation error:	0.323594
2017-01-24 16:40:03,026 INFO     Wrote output to trainNN/out/v043-unified-1-gc7bb63f-dirty:simple-ff-75-40/config.json
2017-01-24 16:41:46,747 INFO     Saving network params to trainNN/out/v043-unified-1-gc7bb63f-dirty:simple-ff-75-40/epoch-171.pkl
2017-01-24 16:41:56,588 INFO     epoch: 171 took 113.570s (82.762s in batching)
training loss:	0.584341
validation loss:	0.605175
validation error:	0.324287
2017-01-24 16:41:56,597 INFO     Wrote output to trainNN/out/v043-unified-1-gc7bb63f-dirty:simple-ff-75-40/config.json
2017-01-24 16:43:40,278 INFO     Saving network params to trainNN/out/v043-unified-1-gc7bb63f-dirty:simple-ff-75-40/epoch-172.pkl
2017-01-24 16:43:50,110 INFO     epoch: 172 took 113.521s (82.668s in batching)
training loss:	0.584244
validation loss:	0.603532
validation error:	0.323846
2017-01-24 16:43:50,118 INFO     Wrote output to trainNN/out/v043-unified-1-gc7bb63f-dirty:simple-ff-75-40/config.json
2017-01-24 16:45:34,128 INFO     Saving network params to trainNN/out/v043-unified-1-gc7bb63f-dirty:simple-ff-75-40/epoch-173.pkl
2017-01-24 16:45:44,018 INFO     epoch: 173 took 113.908s (82.898s in batching)
training loss:	0.584233
validation loss:	0.603849
validation error:	0.325031
2017-01-24 16:45:44,027 INFO     Wrote output to trainNN/out/v043-unified-1-gc7bb63f-dirty:simple-ff-75-40/config.json
2017-01-24 16:47:28,500 INFO     Saving network params to trainNN/out/v043-unified-1-gc7bb63f-dirty:simple-ff-75-40/epoch-174.pkl
2017-01-24 16:47:38,389 INFO     epoch: 174 took 114.372s (83.449s in batching)
training loss:	0.584289
validation loss:	0.606202
validation error:	0.323911
2017-01-24 16:47:38,398 INFO     Wrote output to trainNN/out/v043-unified-1-gc7bb63f-dirty:simple-ff-75-40/config.json
2017-01-24 16:49:22,548 INFO     Saving network params to trainNN/out/v043-unified-1-gc7bb63f-dirty:simple-ff-75-40/epoch-175.pkl
2017-01-24 16:49:32,375 INFO     epoch: 175 took 113.986s (82.805s in batching)
training loss:	0.584271
validation loss:	0.603033
validation error:	0.323118
2017-01-24 16:49:32,383 INFO     Wrote output to trainNN/out/v043-unified-1-gc7bb63f-dirty:simple-ff-75-40/config.json
2017-01-24 16:51:15,969 INFO     Saving network params to trainNN/out/v043-unified-1-gc7bb63f-dirty:simple-ff-75-40/epoch-176.pkl
2017-01-24 16:51:25,897 INFO     epoch: 176 took 113.522s (82.650s in batching)
training loss:	0.584215
validation loss:	0.603618
validation error:	0.325304
2017-01-24 16:51:25,905 INFO     Wrote output to trainNN/out/v043-unified-1-gc7bb63f-dirty:simple-ff-75-40/config.json
2017-01-24 16:53:10,718 INFO     Saving network params to trainNN/out/v043-unified-1-gc7bb63f-dirty:simple-ff-75-40/epoch-177.pkl
2017-01-24 16:53:20,644 INFO     epoch: 177 took 114.748s (83.786s in batching)
training loss:	0.584313
validation loss:	0.603879
validation error:	0.326017
2017-01-24 16:53:20,653 INFO     Wrote output to trainNN/out/v043-unified-1-gc7bb63f-dirty:simple-ff-75-40/config.json
2017-01-24 16:55:04,544 INFO     Saving network params to trainNN/out/v043-unified-1-gc7bb63f-dirty:simple-ff-75-40/epoch-178.pkl
2017-01-24 16:55:14,403 INFO     epoch: 178 took 113.759s (82.964s in batching)
training loss:	0.584227
validation loss:	0.607181
validation error:	0.325576
2017-01-24 16:55:14,412 INFO     Wrote output to trainNN/out/v043-unified-1-gc7bb63f-dirty:simple-ff-75-40/config.json
2017-01-24 16:56:59,782 INFO     Saving network params to trainNN/out/v043-unified-1-gc7bb63f-dirty:simple-ff-75-40/epoch-179.pkl
2017-01-24 16:57:09,824 INFO     epoch: 179 took 115.421s (84.103s in batching)
training loss:	0.584271
validation loss:	0.603924
validation error:	0.323871
2017-01-24 16:57:09,835 INFO     Wrote output to trainNN/out/v043-unified-1-gc7bb63f-dirty:simple-ff-75-40/config.json
2017-01-24 16:58:55,652 INFO     Saving network params to trainNN/out/v043-unified-1-gc7bb63f-dirty:simple-ff-75-40/epoch-180.pkl
2017-01-24 16:59:05,702 INFO     epoch: 180 took 115.877s (83.761s in batching)
training loss:	0.584274
validation loss:	0.603288
validation error:	0.324139
2017-01-24 16:59:05,710 INFO     Wrote output to trainNN/out/v043-unified-1-gc7bb63f-dirty:simple-ff-75-40/config.json
2017-01-24 17:00:51,535 INFO     Saving network params to trainNN/out/v043-unified-1-gc7bb63f-dirty:simple-ff-75-40/epoch-181.pkl
2017-01-24 17:01:01,522 INFO     epoch: 181 took 115.820s (83.604s in batching)
training loss:	0.584241
validation loss:	0.604491
validation error:	0.325745
2017-01-24 17:01:01,531 INFO     Wrote output to trainNN/out/v043-unified-1-gc7bb63f-dirty:simple-ff-75-40/config.json
2017-01-24 17:02:47,652 INFO     Saving network params to trainNN/out/v043-unified-1-gc7bb63f-dirty:simple-ff-75-40/epoch-182.pkl
2017-01-24 17:02:57,719 INFO     epoch: 182 took 116.197s (83.970s in batching)
training loss:	0.584125
validation loss:	0.604680
validation error:	0.326230
2017-01-24 17:02:57,728 INFO     Wrote output to trainNN/out/v043-unified-1-gc7bb63f-dirty:simple-ff-75-40/config.json
2017-01-24 17:04:43,209 INFO     Saving network params to trainNN/out/v043-unified-1-gc7bb63f-dirty:simple-ff-75-40/epoch-183.pkl
2017-01-24 17:04:53,477 INFO     epoch: 183 took 115.758s (83.848s in batching)
training loss:	0.584155
validation loss:	0.606251
validation error:	0.325343
2017-01-24 17:04:53,487 INFO     Wrote output to trainNN/out/v043-unified-1-gc7bb63f-dirty:simple-ff-75-40/config.json
2017-01-24 17:06:38,170 INFO     Saving network params to trainNN/out/v043-unified-1-gc7bb63f-dirty:simple-ff-75-40/epoch-184.pkl
2017-01-24 17:06:48,040 INFO     epoch: 184 took 114.563s (83.225s in batching)
training loss:	0.584115
validation loss:	0.604370
validation error:	0.325071
2017-01-24 17:06:48,049 INFO     Wrote output to trainNN/out/v043-unified-1-gc7bb63f-dirty:simple-ff-75-40/config.json
2017-01-24 17:08:34,242 INFO     Saving network params to trainNN/out/v043-unified-1-gc7bb63f-dirty:simple-ff-75-40/epoch-185.pkl
2017-01-24 17:08:44,156 INFO     epoch: 185 took 116.116s (84.228s in batching)
training loss:	0.584169
validation loss:	0.601076
validation error:	0.323782
2017-01-24 17:08:44,165 INFO     Wrote output to trainNN/out/v043-unified-1-gc7bb63f-dirty:simple-ff-75-40/config.json
2017-01-24 17:10:29,769 INFO     Saving network params to trainNN/out/v043-unified-1-gc7bb63f-dirty:simple-ff-75-40/epoch-186.pkl
2017-01-24 17:10:39,705 INFO     epoch: 186 took 115.549s (84.011s in batching)
training loss:	0.584163
validation loss:	0.604674
validation error:	0.325021
2017-01-24 17:10:39,714 INFO     Wrote output to trainNN/out/v043-unified-1-gc7bb63f-dirty:simple-ff-75-40/config.json
2017-01-24 17:12:25,078 INFO     Saving network params to trainNN/out/v043-unified-1-gc7bb63f-dirty:simple-ff-75-40/epoch-187.pkl
2017-01-24 17:12:35,076 INFO     epoch: 187 took 115.371s (83.404s in batching)
training loss:	0.584050
validation loss:	0.603668
validation error:	0.325388
2017-01-24 17:12:35,084 INFO     Wrote output to trainNN/out/v043-unified-1-gc7bb63f-dirty:simple-ff-75-40/config.json
2017-01-24 17:14:20,110 INFO     Saving network params to trainNN/out/v043-unified-1-gc7bb63f-dirty:simple-ff-75-40/epoch-188.pkl
2017-01-24 17:14:30,073 INFO     epoch: 188 took 114.997s (83.057s in batching)
training loss:	0.584042
validation loss:	0.604500
validation error:	0.325299
2017-01-24 17:14:30,082 INFO     Wrote output to trainNN/out/v043-unified-1-gc7bb63f-dirty:simple-ff-75-40/config.json
2017-01-24 17:16:15,749 INFO     Saving network params to trainNN/out/v043-unified-1-gc7bb63f-dirty:simple-ff-75-40/epoch-189.pkl
2017-01-24 17:16:25,709 INFO     epoch: 189 took 115.636s (83.564s in batching)
training loss:	0.584142
validation loss:	0.603420
validation error:	0.325095
2017-01-24 17:16:25,718 INFO     Wrote output to trainNN/out/v043-unified-1-gc7bb63f-dirty:simple-ff-75-40/config.json
2017-01-24 17:18:11,079 INFO     Saving network params to trainNN/out/v043-unified-1-gc7bb63f-dirty:simple-ff-75-40/epoch-190.pkl
2017-01-24 17:18:21,010 INFO     epoch: 190 took 115.301s (83.482s in batching)
training loss:	0.584161
validation loss:	0.601158
validation error:	0.321532
2017-01-24 17:18:21,019 INFO     Wrote output to trainNN/out/v043-unified-1-gc7bb63f-dirty:simple-ff-75-40/config.json
2017-01-24 17:20:06,153 INFO     Saving network params to trainNN/out/v043-unified-1-gc7bb63f-dirty:simple-ff-75-40/epoch-191.pkl
2017-01-24 17:20:16,129 INFO     epoch: 191 took 115.119s (83.298s in batching)
training loss:	0.583999
validation loss:	0.600645
validation error:	0.322865
2017-01-24 17:20:16,138 INFO     Wrote output to trainNN/out/v043-unified-1-gc7bb63f-dirty:simple-ff-75-40/config.json
2017-01-24 17:22:00,689 INFO     Saving network params to trainNN/out/v043-unified-1-gc7bb63f-dirty:simple-ff-75-40/epoch-192.pkl
2017-01-24 17:22:10,558 INFO     epoch: 192 took 114.429s (83.155s in batching)
training loss:	0.584160
validation loss:	0.603847
validation error:	0.325799
2017-01-24 17:22:10,568 INFO     Wrote output to trainNN/out/v043-unified-1-gc7bb63f-dirty:simple-ff-75-40/config.json
2017-01-24 17:23:55,822 INFO     Saving network params to trainNN/out/v043-unified-1-gc7bb63f-dirty:simple-ff-75-40/epoch-193.pkl
2017-01-24 17:24:05,741 INFO     epoch: 193 took 115.183s (83.671s in batching)
training loss:	0.584098
validation loss:	0.601971
validation error:	0.322964
2017-01-24 17:24:05,750 INFO     Wrote output to trainNN/out/v043-unified-1-gc7bb63f-dirty:simple-ff-75-40/config.json
2017-01-24 17:25:50,902 INFO     Saving network params to trainNN/out/v043-unified-1-gc7bb63f-dirty:simple-ff-75-40/epoch-194.pkl
2017-01-24 17:26:00,732 INFO     epoch: 194 took 114.991s (83.439s in batching)
training loss:	0.584095
validation loss:	0.607417
validation error:	0.325507
2017-01-24 17:26:00,741 INFO     Wrote output to trainNN/out/v043-unified-1-gc7bb63f-dirty:simple-ff-75-40/config.json
2017-01-24 17:27:46,260 INFO     Saving network params to trainNN/out/v043-unified-1-gc7bb63f-dirty:simple-ff-75-40/epoch-195.pkl
2017-01-24 17:27:56,196 INFO     epoch: 195 took 115.464s (84.260s in batching)
training loss:	0.584119
validation loss:	0.605727
validation error:	0.323807
2017-01-24 17:27:56,205 INFO     Wrote output to trainNN/out/v043-unified-1-gc7bb63f-dirty:simple-ff-75-40/config.json
2017-01-24 17:29:41,687 INFO     Saving network params to trainNN/out/v043-unified-1-gc7bb63f-dirty:simple-ff-75-40/epoch-196.pkl
2017-01-24 17:29:51,507 INFO     epoch: 196 took 115.311s (83.422s in batching)
training loss:	0.584027
validation loss:	0.606496
validation error:	0.326156
2017-01-24 17:29:51,516 INFO     Wrote output to trainNN/out/v043-unified-1-gc7bb63f-dirty:simple-ff-75-40/config.json
2017-01-24 17:31:36,935 INFO     Saving network params to trainNN/out/v043-unified-1-gc7bb63f-dirty:simple-ff-75-40/epoch-197.pkl
2017-01-24 17:31:46,830 INFO     epoch: 197 took 115.323s (84.032s in batching)
training loss:	0.583905
validation loss:	0.603119
validation error:	0.325105
2017-01-24 17:31:46,839 INFO     Wrote output to trainNN/out/v043-unified-1-gc7bb63f-dirty:simple-ff-75-40/config.json
2017-01-24 17:33:32,513 INFO     Saving network params to trainNN/out/v043-unified-1-gc7bb63f-dirty:simple-ff-75-40/epoch-198.pkl
2017-01-24 17:33:42,329 INFO     epoch: 198 took 115.499s (84.511s in batching)
training loss:	0.583957
validation loss:	0.607680
validation error:	0.324287
2017-01-24 17:33:42,338 INFO     Wrote output to trainNN/out/v043-unified-1-gc7bb63f-dirty:simple-ff-75-40/config.json
2017-01-24 17:35:27,944 INFO     Saving network params to trainNN/out/v043-unified-1-gc7bb63f-dirty:simple-ff-75-40/epoch-199.pkl
2017-01-24 17:35:37,805 INFO     epoch: 199 took 115.476s (83.926s in batching)
training loss:	0.584018
validation loss:	0.605645
validation error:	0.324268
2017-01-24 17:35:37,814 INFO     Wrote output to trainNN/out/v043-unified-1-gc7bb63f-dirty:simple-ff-75-40/config.json
