2017-01-24 21:20:27,860 DEBUG    version=v044-unified-1-g8a5dd7c-dirty:simple-ff-ffv-100-20-100
2017-01-24 21:20:27,860 INFO     Open DBase(data/db/all240302-spk.dat, data/db/all240302-spk.idx, mode='r')
2017-01-24 21:20:34,938 DEBUG    loading cached extracted data from data/cache/extract-17095dffdd75068299ccb5dd895af8ecaa0fbe1575b09b5b1ad4e4febf4d84ae.pickle
2017-01-24 21:20:35,460 DEBUG    set input dim to 9
2017-01-24 21:20:35,460 DEBUG    input dim = 9
2017-01-24 21:20:35,547 DEBUG    loading data into ram
2017-01-24 21:20:35,613 DEBUG    loading data took 0.067s (cpu: 0.067s)
2017-01-24 21:20:35,858 DEBUG    set input dim to 9
2017-01-24 21:20:35,858 DEBUG    input dim = 9
2017-01-24 21:20:35,868 DEBUG    loading data into ram
2017-01-24 21:20:35,874 DEBUG    loading data took 0.006s (cpu: 0.006s)
2017-01-24 21:20:35,889 INFO     Training network with 40422 trainable out of 40422 total params.
2017-01-24 21:20:35,930 DEBUG    Using adam with learning_rate=0.001000
2017-01-24 21:20:40,873 DEBUG    Starting training...
2017-01-24 21:21:38,557 INFO     Saving network params to trainNN/out/v044-unified-1-g8a5dd7c-dirty:simple-ff-ffv-100-20-100/epoch-000.pkl
2017-01-24 21:21:43,090 INFO     epoch: 0 took 62.216s (37.981s in batching)
training loss:	0.631990
validation loss:	0.618921
validation error:	0.349001
2017-01-24 21:21:43,090 INFO     Wrote output to trainNN/out/v044-unified-1-g8a5dd7c-dirty:simple-ff-ffv-100-20-100/config.json
2017-01-24 21:22:38,872 INFO     Saving network params to trainNN/out/v044-unified-1-g8a5dd7c-dirty:simple-ff-ffv-100-20-100/epoch-001.pkl
2017-01-24 21:22:43,384 INFO     epoch: 1 took 60.295s (36.692s in batching)
training loss:	0.618010
validation loss:	0.612599
validation error:	0.339321
2017-01-24 21:22:43,385 INFO     Wrote output to trainNN/out/v044-unified-1-g8a5dd7c-dirty:simple-ff-ffv-100-20-100/config.json
2017-01-24 21:23:18,795 INFO     received exit signal, waiting for epoch to finish...
