2017-01-28 23:14:09,650 DEBUG    version=v046-unified-24-gbed2410:ff-power,pitch,ffv,mfcc-75-40
2017-01-28 23:14:09,672 INFO     Open DBase(data/db/all240302-spk.dat, data/db/all240302-spk.idx, mode='r')
2017-01-28 23:14:29,967 DEBUG    getting all bc uttids...configs/ff-power,pitch,ffv,mfcc/ff-power,pitch,ffv,mfcc-75-40.json, ['sw3988', 'sw3858', 'sw3193', 'sw4788', 'sw4218', 'sw3652', 'sw4361', 'sw3917', 'sw3195', 'sw2121', 'sw4721', 'sw3188', 'sw2999', 'sw4284', 'sw3055', 'sw2418', 'sw2239', 'sw4001', 'sw3076', 'sw3446', 'sw2386', 'sw4138', 'sw2943', 'sw3744', 'sw2393', 'sw3833', 'sw3962', 'sw3954', 'sw3565', 'sw3044', 'sw4292', 'sw4605', 'sw3004', 'sw2878', 'sw2810', 'sw3318', 'sw3200', 'sw2686', 'sw2710', 'sw4005', 'sw2008', 'sw3667', 'sw2641', 'sw4843', 'sw3586', 'sw4201', 'sw2489', 'sw3926', 'sw2184', 'sw2333', 'sw3250', 'sw4127', 'sw3395', 'sw2315', 'sw3896', 'sw4940', 'sw4337', 'sw2829', 'sw2195', 'sw2942', 'sw3440', 'sw2892', 'sw3068', 'sw3326', 'sw3717', 'sw2678', 'sw4908', 'sw2722', 'sw2297', 'sw4296', 'sw3137', 'sw4905', 'sw4863', 'sw2470', 'sw3657', 'sw4787', 'sw3292', 'sw2973', 'sw3982', 'sw2921', 'sw2737', 'sw3650', 'sw3947', 'sw3057', 'sw4643', 'sw2237', 'sw3198', 'sw2251', 'sw3614', 'sw3637', 'sw2647', 'sw2699', 'sw2363', 'sw2709', 'sw4239', 'sw2299', 'sw2778', 'sw3322', 'sw2055', 'sw3980', 'sw2430', 'sw3015', 'sw4548', 'sw2842', 'sw3842', 'sw3830', 'sw3252', 'sw2672', 'sw4019', 'sw3780', 'sw3948', 'sw3681', 'sw3695', 'sw2340', 'sw4725', 'sw2443', 'sw3996', 'sw3924', 'sw4640', 'sw3053', 'sw4628', 'sw4265', 'sw4144', 'sw4829', 'sw3633', 'sw3932', 'sw2773', 'sw3477', 'sw3655', 'sw2282', 'sw2913', 'sw3045', 'sw3073', 'sw4526', 'sw2278', 'sw3690', 'sw2652', 'sw3692', 'sw2634', 'sw4637', 'sw4042', 'sw2120', 'sw4928', 'sw3616', 'sw3863', 'sw3969', 'sw2013', 'sw3879', 'sw4617', 'sw3567', 'sw4014', 'sw4709', 'sw2501', 'sw4211', 'sw4254', 'sw2863', 'sw2979', 'sw3775', 'sw4233', 'sw4313', 'sw3622', 'sw4027', 'sw2331', 'sw2318', 'sw2410', 'sw3509', 'sw2483', 'sw3270', 'sw3815', 'sw3923', 'sw3119', 'sw2458', 'sw3468', 'sw2958', 'sw4607', 'sw3272', 'sw4184', 'sw4274', 'sw2150', 'sw4798', 'sw4758', 'sw2526', 'sw3578', 'sw3171', 'sw3700', 'sw2090', 'sw2726', 'sw3754', 'sw2932', 'sw3414', 'sw2550', 'sw2666', 'sw3123', 'sw4833', 'sw2717', 'sw3935', 'sw2758', 'sw3382', 'sw3026', 'sw2434', 'sw2317', 'sw2929', 'sw4927', 'sw2886', 'sw2912', 'sw3832', 'sw3520', 'sw4814', 'sw4350', 'sw3517', 'sw3190', 'sw2067', 'sw2615', 'sw3711', 'sw3881', 'sw4633', 'sw4124', 'sw3311', 'sw3060', 'sw3570', 'sw4728', 'sw3752', 'sw3854', 'sw3256', 'sw3238', 'sw4090', 'sw4784', 'sw4098', 'sw2964', 'sw4114', 'sw2203', 'sw3421', 'sw3247', 'sw2065', 'sw2853', 'sw3197', 'sw4611', 'sw3358', 'sw2500', 'sw2767', 'sw2256', 'sw4759', 'sw3701', 'sw4065', 'sw2388', 'sw4134', 'sw2632', 'sw3341', 'sw2661', 'sw4009', 'sw4879', 'sw3731', 'sw3595', 'sw3099', 'sw3336', 'sw2429', 'sw3970', 'sw4105', 'sw4226', 'sw2735', 'sw2830', 'sw2600', 'sw4688', 'sw2253', 'sw3366', 'sw4341', 'sw3140', 'sw2300', 'sw4171', 'sw4669', 'sw2339', 'sw2310', 'sw4283', 'sw3403', 'sw3742', 'sw2742', 'sw2567', 'sw2564', 'sw2096', 'sw3381', 'sw3706', 'sw3588', 'sw3876', 'sw2169', 'sw3936', 'sw2372', 'sw3027', 'sw3377', 'sw2723', 'sw4608', 'sw2513', 'sw3334', 'sw3191', 'sw2224', 'sw3906', 'sw3749', 'sw4359', 'sw2894', 'sw3545', 'sw3500', 'sw2327', 'sw3229', 'sw4702', 'sw3067', 'sw2838', 'sw3281', 'sw4025', 'sw4606', 'sw2383', 'sw4926', 'sw2514', 'sw4321', 'sw4821', 'sw4315', 'sw2963', 'sw3894', 'sw3542', 'sw3042', 'sw2508', 'sw2398', 'sw3214', 'sw2343', 'sw3772', 'sw3122', 'sw3724', 'sw3909', 'sw3437', 'sw3300', 'sw2998', 'sw2373', 'sw2768', 'sw3462', 'sw2433', 'sw2815', 'sw3617', 'sw4285', 'sw4771', 'sw3524', 'sw3438', 'sw3025', 'sw3130', 'sw3301', 'sw4698', 'sw2693', 'sw2816', 'sw2032', 'sw2416', 'sw3070', 'sw3869', 'sw2382', 'sw3260', 'sw3039', 'sw3727', 'sw2503', 'sw2482', 'sw3899', 'sw2736', 'sw2702', 'sw3224', 'sw2446', 'sw3525', 'sw3573', 'sw3608', 'sw2644', 'sw2488', 'sw2479', 'sw2588', 'sw3958', 'sw4044', 'sw2586', 'sw4335', 'sw3147', 'sw4805', 'sw3080', 'sw2651', 'sw2093', 'sw2530', 'sw2371', 'sw3391', 'sw3441', 'sw4003', 'sw3499', 'sw3203', 'sw4247', 'sw2924', 'sw2808', 'sw4765', 'sw3698', 'sw3431', 'sw2582', 'sw2406', 'sw4080', 'sw2846', 'sw3387', 'sw3111', 'sw3993', 'sw4761', 'sw2020', 'sw2532', 'sw3666', 'sw2866', 'sw4595', 'sw2095', 'sw2228', 'sw2855', 'sw2259', 'sw3092', 'sw2427', 'sw2883', 'sw3716', 'sw4156', 'sw2139', 'sw2197', 'sw2527', 'sw3023', 'sw3580', 'sw3072', 'sw4364', 'sw2703', 'sw3348', 'sw3684', 'sw3638', 'sw2761', 'sw3816', 'sw4325', 'sw3022', 'sw2876', 'sw4735', 'sw4083', 'sw3590', 'sw2411', 'sw2420', 'sw2009', 'sw2080', 'sw2467', 'sw2945', 'sw2137', 'sw2788', 'sw2437', 'sw4297', 'sw4200', 'sw2954', 'sw2267', 'sw4370', 'sw4273', 'sw2771', 'sw4100', 'sw3273', 'sw3867', 'sw4289', 'sw3079', 'sw3011', 'sw3686', 'sw2245', 'sw2110', 'sw2254', 'sw3204', 'sw3898', 'sw3848', 'sw4000', 'sw2186', 'sw3239', 'sw3871', 'sw2238', 'sw2281', 'sw2909', 'sw2609', 'sw4272', 'sw2739', 'sw3905', 'sw2662', 'sw3964', 'sw3840', 'sw4242', 'sw2716', 'sw3743', 'sw2493', 'sw3824', 'sw2752', 'sw3343', 'sw3792', 'sw3583', 'sw3408', 'sw4119', 'sw2165', 'sw2995', 'sw3946', 'sw3194', 'sw2561', 'sw2733', 'sw4281', 'sw2983', 'sw4346', 'sw2175', 'sw4241', 'sw2490', 'sw4012', 'sw2786', 'sw2130', 'sw4140', 'sw3639', 'sw2920', 'sw3066', 'sw3506', 'sw4756', 'sw2350', 'sw2899', 'sw3109', 'sw3020', 'sw4180', 'sw4400', 'sw2599', 'sw2368', 'sw4023', 'sw3397', 'sw4121', 'sw3558', 'sw3223', 'sw2496', 'sw3771', 'sw4017', 'sw2123', 'sw3207', 'sw2627', 'sw2593', 'sw3310', 'sw3539', 'sw2534', 'sw2798', 'sw4336', 'sw4055', 'sw3100', 'sw3774', 'sw3952', 'sw4199', 'sw3131', 'sw3501', 'sw3530', 'sw3094', 'sw3798', 'sw2174', 'sw2258', 'sw3959', 'sw3901', 'sw3369', 'sw2044', 'sw2168', 'sw4383', 'sw4576', 'sw3143', 'sw4224', 'sw3621', 'sw2884', 'sw3175', 'sw3445', 'sw2487', 'sw2024', 'sw2734', 'sw2850', 'sw4002', 'sw4235', 'sw2687', 'sw2222', 'sw2792', 'sw2348', 'sw4116', 'sw4925', 'sw4324', 'sw2705', 'sw3997', 'sw3885', 'sw2039', 'sw3781', 'sw3342', 'sw2302', 'sw2992', 'sw3114', 'sw2226', 'sw2818', 'sw3032', 'sw3314', 'sw3677', 'sw3503', 'sw3688', 'sw4877', 'sw3751', 'sw2295', 'sw3328', 'sw3838', 'sw2227', 'sw3364', 'sw3046', 'sw4684', 'sw4190', 'sw2456', 'sw4796', 'sw3098', 'sw3083', 'sw2472', 'sw2860', 'sw2895', 'sw4363', 'sw2320', 'sw2361', 'sw3115', 'sw2941', 'sw2374', 'sw3553', 'sw4041', 'sw4255', 'sw2160', 'sw2268', 'sw2754', 'sw2991', 'sw2182', 'sw3101', 'sw3596', 'sw2914', 'sw3693', 'sw3170', 'sw2453', 'sw2566', 'sw4295', 'sw2955', 'sw3263', 'sw3333', 'sw2642', 'sw3488', 'sw2872', 'sw3283', 'sw3620', 'sw4220', 'sw2151', 'sw3632', 'sw2362', 'sw3668', 'sw2375', 'sw3127', 'sw2113', 'sw2262', 'sw2997', 'sw4198', 'sw4353', 'sw4186', 'sw4659', 'sw3985', 'sw2466', 'sw3125', 'sw3295', 'sw3875', 'sw3587', 'sw2870', 'sw2656', 'sw2323', 'sw4256', 'sw3173', 'sw2658', 'sw3142', 'sw2959', 'sw3892', 'sw3470', 'sw2574', 'sw2155', 'sw3755', 'sw4367', 'sw3124', 'sw2010', 'sw3812', 'sw4358', 'sw3235', 'sw2968', 'sw4222', 'sw2474', 'sw3831', 'sw2248', 'sw4644', 'sw3825', 'sw2152', 'sw4745', 'sw2366', 'sw3559', 'sw2573', 'sw3234', 'sw3889', 'sw3161', 'sw2630', 'sw2435', 'sw3714', 'sw4917', 'sw2454', 'sw2763', 'sw2241', 'sw3851', 'sw3519', 'sw4334', 'sw3220', 'sw3177', 'sw3413', 'sw2981', 'sw3544', 'sw3915', 'sw2497', 'sw3299', 'sw3589', 'sw2079', 'sw2559', 'sw2401', 'sw3417', 'sw3476', 'sw2762', 'sw4734', 'sw2252', 'sw3439', 'sw4697', 'sw3800', 'sw3003', 'sw4148', 'sw3779', 'sw4030', 'sw2796', 'sw3904', 'sw3584', 'sw3021', 'sw3443', 'sw4695', 'sw3914', 'sw3321', 'sw2201', 'sw2448', 'sw3713', 'sw3995', 'sw2266', 'sw4822', 'sw3921', 'sw3664', 'sw3148', 'sw3033', 'sw2781', 'sw2312', 'sw3372', 'sw4258', 'sw3562', 'sw3841', 'sw2569', 'sw2438', 'sw3541', 'sw3651', 'sw3134', 'sw3537', 'sw3579', 'sw3056', 'sw3577', 'sw4203', 'sw3304', 'sw2649', 'sw3400', 'sw4384', 'sw2206', 'sw4073', 'sw2442', 'sw4298', 'sw2187', 'sw2509', 'sw3627', 'sw4294', 'sw3835', 'sw3346', 'sw3271', 'sw4067', 'sw4502', 'sw2145', 'sw3248', 'sw4886', 'sw2901', 'sw2970', 'sw4687', 'sw3794', 'sw3392', 'sw3406', 'sw3933', 'sw3634', 'sw3598', 'sw3097', 'sw3331', 'sw2293', 'sw4108', 'sw3030', 'sw3967', 'sw2962', 'sw2233', 'sw3108', 'sw2161', 'sw3963', 'sw4245', 'sw4219', 'sw2537', 'sw4523', 'sw3144', 'sw2827', 'sw2858', 'sw3799', 'sw3268', 'sw2994', 'sw4832', 'sw4594', 'sw4351', 'sw3804', 'sw4197', 'sw4674', 'sw2507', 'sw2533', 'sw2477', 'sw3388', 'sw2743', 'sw3398', 'sw4157', 'sw4244', 'sw3494', 'sw2583', 'sw4343', 'sw2091', 'sw4287', 'sw4126', 'sw3226', 'sw2795', 'sw3725', 'sw3790', 'sw3464', 'sw3669', 'sw3410', 'sw3532', 'sw3675', 'sw3960', 'sw3949', 'sw3857', 'sw3084', 'sw4311', 'sw2809', 'sw3113', 'sw4503', 'sw2399', 'sw3516', 'sw3605', 'sw3206', 'sw4382', 'sw4018', 'sw3016', 'sw2980', 'sw2292', 'sw4165', 'sw2804', 'sw2231', 'sw4214', 'sw4812', 'sw4192', 'sw2610', 'sw4615', 'sw2679', 'sw2313', 'sw2572', 'sw2862', 'sw4020', 'sw3075', 'sw3274', 'sw3009', 'sw3895', 'sw2432', 'sw2061', 'sw4445', 'sw4911', 'sw3866', 'sw2784', 'sw2111', 'sw2814', 'sw4125', 'sw4365', 'sw3855', 'sw4288', 'sw2444', 'sw3216', 'sw2887', 'sw3031', 'sw3347', 'sw2463', 'sw2712', 'sw3782', 'sw4034', 'sw2869', 'sw2933', 'sw3554', 'sw2622', 'sw3528', 'sw2403', 'sw3313', 'sw3735', 'sw3561', 'sw2748', 'sw2023', 'sw3802', 'sw3316', 'sw3085', 'sw2280', 'sw2551', 'sw3732', 'sw4024', 'sw3302', 'sw4811', 'sw2179', 'sw3093', 'sw2324', 'sw2760', 'sw2856', 'sw3696', 'sw3319', 'sw3435', 'sw3702', 'sw3814', 'sw2576', 'sw2585', 'sw3158', 'sw2025', 'sw2116', 'sw2365', 'sw3255', 'sw4333', 'sw3390', 'sw4166', 'sw3219', 'sw2715', 'sw3846', 'sw3956', 'sw4234', 'sw4096', 'sw3990', 'sw3444', 'sw3196', 'sw4133', 'sw2498', 'sw4629', 'sw2608', 'sw3759', 'sw2697', 'sw2659', 'sw2757', 'sw2255', 'sw2664', 'sw4277', 'sw4890', 'sw3181', 'sw3308', 'sw3258', 'sw4051', 'sw2793', 'sw4448', 'sw3694', 'sw2985', 'sw2270', 'sw3288', 'sw4660', 'sw4117', 'sw2713', 'sw3976', 'sw2780', 'sw2460', 'sw3721', 'sw3654', 'sw3893', 'sw4179', 'sw3077', 'sw2951', 'sw3793', 'sw3228', 'sw4338', 'sw2961', 'sw2247', 'sw2560', 'sw3245', 'sw4128', 'sw3555', 'sw4216', 'sw2769', 'sw3745', 'sw4158', 'sw4331', 'sw3737', 'sw2833', 'sw3569', 'sw3279', 'sw2589', 'sw3428', 'sw4079', 'sw3670', 'sw3710', 'sw3944', 'sw3353', 'sw3741', 'sw4107', 'sw4279', 'sw3607', 'sw3874', 'sw3352', 'sw3275', 'sw3762', 'sw3005', 'sw3128', 'sw3492', 'sw3253', 'sw3820', 'sw4209', 'sw3538', 'sw2230', 'sw4831', 'sw2520', 'sw3888', 'sw3024', 'sw4159', 'sw2813', 'sw2220', 'sw3648', 'sw3720', 'sw3576', 'sw4309', 'sw2845', 'sw2352', 'sw2675', 'sw4194', 'sw3106', 'sw4308', 'sw3169', 'sw4058', 'sw2332', 'sw3571', 'sw3221', 'sw3513', 'sw2078', 'sw2629', 'sw4173', 'sw2730', 'sw2794', 'sw2407', 'sw4340', 'sw3563', 'sw3018', 'sw3157', 'sw2158', 'sw4300', 'sw2296', 'sw2523', 'sw2531', 'sw4302', 'sw2714', 'sw3277', 'sw2221', 'sw2828', 'sw4262', 'sw2611', 'sw2114', 'sw3047', 'sw3429', 'sw2839', 'sw2967', 'sw4231', 'sw2360', 'sw3763', 'sw3132', 'sw2176', 'sw4679', 'sw3671', 'sw2552', 'sw3747', 'sw3487', 'sw3376', 'sw3764', 'sw2235', 'sw2725', 'sw2732', 'sw2654', 'sw2290', 'sw4802', 'sw2369', 'sw2504', 'sw3456', 'sw2698', 'sw3776', 'sw2624', 'sw3510', 'sw2848', 'sw2288', 'sw3103', 'sw4266', 'sw3267', 'sw3471', 'sw3809', 'sw2701', 'sw2844', 'sw4376', 'sw4196', 'sw3475', 'sw4304', 'sw2707', 'sw3058', 'sw4319', 'sw3546', 'sw2196', 'sw3186', 'sw4467', 'sw3071', 'sw4322', 'sw4092', 'sw2154', 'sw3783', 'sw3126', 'sw4316', 'sw3486', 'sw4318', 'sw3810', 'sw2719', 'sw2328', 'sw4769', 'sw3261', 'sw2392', 'sw2557', 'sw2766', 'sw2478', 'sw3560', 'sw3927', 'sw4050', 'sw3796', 'sw3795', 'sw4064', 'sw2825', 'sw2916', 'sw3187', 'sw3380', 'sw3703', 'sw2638', 'sw2419', 'sw2457', 'sw3856', 'sw3787', 'sw2621', 'sw4150', 'sw2952', 'sw2481', 'sw4008', 'sw4443', 'sw2480', 'sw2298', 'sw2578', 'sw2355', 'sw3233', 'sw3286', 'sw2704', 'sw3019', 'sw3505', 'sw2633', 'sw2452', 'sw2623', 'sw2404', 'sw4501', 'sw3704', 'sw3756', 'sw2625', 'sw4240', 'sw2405', 'sw2264', 'sw2426', 'sw2922', 'sw3973', 'sw2341', 'sw2868', 'sw3707', 'sw2499', 'sw4268', 'sw3972', 'sw4301', 'sw2897', 'sw4483', 'sw2335', 'sw4664', 'sw4130', 'sw3534', 'sw2397', 'sw2338', 'sw4135', 'sw4818', 'sw3845', 'sw4856', 'sw2309', 'sw2616', 'sw4278', 'sw2851', 'sw2631', 'sw3112', 'sw2873', 'sw3434', 'sw2086', 'sw3029', 'sw4169', 'sw2765', 'sw4228', 'sw4131', 'sw4071', 'sw2347', 'sw3910', 'sw3527', 'sw4280', 'sw3102', 'sw2006', 'sw2012', 'sw3882', 'sw4809', 'sw3786', 'sw2092', 'sw4840', 'sw4330', 'sw3548', 'sw3718', 'sw2774', 'sw2285', 'sw2505', 'sw3581', 'sw3649', 'sw3602', 'sw3116', 'sw2017', 'sw2741', 'sw3396', 'sw2153', 'sw3375', 'sw4317', 'sw3604', 'sw3237', 'sw3355', 'sw3359', 'sw3769', 'sw3533', 'sw2597', 'sw4846', 'sw2749', 'sw2613', 'sw4191', 'sw3919', 'sw3215', 'sw3479', 'sw3086', 'sw4252', 'sw2987', 'sw2510', 'sw3063', 'sw3309', 'sw3628', 'sw2345', 'sw3367', 'sw4348', 'sw2071', 'sw2879', 'sw3496', 'sw4260', 'sw3729', 'sw2718', 'sw3466', 'sw2053', 'sw2960', 'sw3225', 'sw3474', 'sw2643', 'sw3572', 'sw2548', 'sw3734', 'sw2927', 'sw2185', 'sw3644', 'sw2676', 'sw2494', 'sw4188', 'sw4801', 'sw4097', 'sw2334', 'sw3478', 'sw4015', 'sw3294', 'sw2306', 'sw2040', 'sw2408', 'sw3511', 'sw3192', 'sw3873', 'sw2614', 'sw3141', 'sw2755', 'sw2604', 'sw3766', 'sw2547', 'sw3765', 'sw2038', 'sw2094', 'sw3529', 'sw4016', 'sw2518', 'sw3150', 'sw3152', 'sw2409', 'sw2756', 'sw3036', 'sw3676', 'sw2502', 'sw3365', 'sw2050', 'sw3320', 'sw3986', 'sw2445', 'sw3064', 'sw3089', 'sw2242', 'sw4366', 'sw3768', 'sw4084', 'sw3699', 'sw4139', 'sw2923', 'sw2301', 'sw2464', 'sw4332', 'sw4880', 'sw4312', 'sw4110', 'sw4099', 'sw3740', 'sw3937', 'sw2105', 'sw3178', 'sw2910', 'sw3859', 'sw3450', 'sw2750', 'sw3276', 'sw2181', 'sw2646', 'sw2257', 'sw3227', 'sw3297', 'sw2511', 'sw3298', 'sw4603', 'sw4326', 'sw3689', 'sw3641', 'sw2746', 'sw4013', 'sw2800', 'sw3630', 'sw2022', 'sw3983', 'sw4696', 'sw2953', 'sw2041', 'sw4204', 'sw3165', 'sw2191', 'sw4112', 'sw3362', 'sw2556', 'sw3864', 'sw2346', 'sw3636', 'sw3658', 'sw3593', 'sw3156', 'sw4010', 'sw3623', 'sw3284', 'sw2592', 'sw2260', 'sw3461', 'sw2108', 'sw2890', 'sw4170', 'sw4792', 'sw3992', 'sw3839', 'sw2570', 'sw3017', 'sw3303', 'sw4329', 'sw3202', 'sw4830', 'sw4183', 'sw4785', 'sw3872', 'sw2603', 'sw2563', 'sw2806', 'sw3635', 'sw4243', 'sw2549', 'sw4726', 'sw2865', 'sw4147', 'sw2817', 'sw3491', 'sw4022', 'sw4195', 'sw2035', 'sw3568', 'sw2826', 'sw2640', 'sw3656', 'sw2390', 'sw3606', 'sw3999', 'sw4630', 'sw3386', 'sw4723', 'sw3818', 'sw3265', 'sw4868', 'sw2459', 'sw3159', 'sw4223', 'sw2395', 'sw2990', 'sw3307', 'sw3843', 'sw3335', 'sw3246', 'sw4282', 'sw3174', 'sw2785', 'sw2775', 'sw4227', 'sw4718', 'sw4914', 'sw3929', 'sw3041', 'sw2538', 'sw3791', 'sw2667', 'sw3939', 'sw2811', 'sw3337', 'sw2232', 'sw3646', 'sw2057', 'sw2969', 'sw2378', 'sw2867', 'sw2015', 'sw2089', 'sw2832', 'sw3609', 'sw4122', 'sw2054', 'sw3424', 'sw2636', 'sw3625', 'sw2759', 'sw2728', 'sw3082', 'sw2377', 'sw2988', 'sw2885', 'sw2944', 'sw3978', 'sw4176', 'sw2688', 'sw3407', 'sw2898', 'sw3155', 'sw2344', 'sw4103', 'sw3880', 'sw2525', 'sw3285', 'sw3330', 'sw4057', 'sw2358', 'sw4230', 'sw4804', 'sw3454', 'sw3945', 'sw2847', 'sw4720', 'sw2554', 'sw4269', 'sw4320', 'sw2939', 'sw3647', 'sw3230', 'sw3665', 'sw4345', 'sw3974', 'sw3979', 'sw2824', 'sw4310', 'sw3401', 'sw2261', 'sw3709', 'sw3205', 'sw3110', 'sw3262', 'sw3673', 'sw3373', 'sw3961', 'sw4185', 'sw4314', 'sw4115', 'sw2506', 'sw3803', 'sw2198', 'sw4752', 'sw3767', 'sw2989', 'sw2663', 'sw2535', 'sw4565', 'sw2450', 'sw2612', 'sw2801', 'sw2194', 'sw2820', 'sw2940', 'sw2931', 'sw2083', 'sw2993', 'sw4368', 'sw3918', 'sw3257', 'sw2543', 'sw3163', 'sw4845', 'sw3493', 'sw3418', 'sw4146', 'sw2189', 'sw2779', 'sw2840', 'sw4091', 'sw4237', 'sw3052', 'sw3829', 'sw3218', 'sw2422', 'sw2178', 'sw2019', 'sw4347', 'sw2308', 'sw2439', 'sw2618', 'sw3660', 'sw3603', 'sw3912', 'sw2162', 'sw2455', 'sw3035', 'sw2674', 'sw2468', 'sw3582', 'sw3853', 'sw2265', 'sw4869', 'sw4619', 'sw2978', 'sw2553', 'sw3661', 'sw3000', 'sw4836', 'sw2665', 'sw3001', 'sw4716', 'sw3836', 'sw2387', 'sw3254', 'sw2935', 'sw3777', 'sw3653', 'sw4355', 'sw2283', 'sw3096', 'sw3481', 'sw2517', 'sw3135', 'sw2936', 'sw3459', 'sw3160', 'sw4238', 'sw2294', 'sw3746', 'sw2275', 'sw2415', 'sw3659', 'sw3773', 'sw2807', 'sw3514', 'sw2326', 'sw3870', 'sw3168', 'sw4373', 'sw4380', 'sw4040', 'sw3891', 'sw2888', 'sw3266', 'sw4207', 'sw4474', 'sw4497', 'sw2843', 'sw2246', 'sw4154', 'sw3868', 'sw2577', 'sw4374', 'sw2605', 'sw2821', 'sw4339', 'sw3185', 'sw3719', 'sw2889', 'sw3789', 'sw4031', 'sw2202', 'sw4056', 'sw2072', 'sw2562', 'sw2598', 'sw4189', 'sw4062', 'sw2370', 'sw4060', 'sw4874', 'sw3325', 'sw3991', 'sw4011', 'sw3278', 'sw2690', 'sw2619', 'sw4825', 'sw4137', 'sw3965', 'sw4375', 'sw2819', 'sw2305', 'sw3149', 'sw3900', 'sw3785', 'sw3054', 'sw2157', 'sw3007', 'sw3902', 'sw2250', 'sw3419', 'sw4680', 'sw2584', 'sw2628', 'sw4094', 'sw2336', 'sw3087', 'sw4048', 'sw2596', 'sw3497', 'sw2919', 'sw2637', 'sw3129', 'sw2836', 'sw4823', 'sw4570', 'sw3547', 'sw3852', 'sw4145', 'sw3451', 'sw4371', 'sw2930', 'sw3834', 'sw3757', 'sw3243', 'sw3249', 'sw3088', 'sw4871', 'sw4036', 'sw3432', 'sw2797', 'sw2834', 'sw3232', 'sw2118', 'sw3761', 'sw4495', 'sw4488', 'sw3968', 'sw4075', 'sw4038', 'sw3998', 'sw4681', 'sw4352', 'sw4826', 'sw3753', 'sw4089', 'sw3199', 'sw4691', 'sw4861', 'sw2805', 'sw3549', 'sw3091', 'sw4153', 'sw3393', 'sw2837', 'sw2087', 'sw3008', 'sw2349', 'sw2591', 'sw3640', 'sw3597', 'sw4902', 'sw3770', 'sw2056', 'sw3916', 'sw2062', 'sw4362', 'sw4161', 'sw4221', 'sw2802', 'sw3287', 'sw3550', 'sw2129', 'sw4155', 'sw3078', 'sw4078', 'sw4033', 'sw2522', 'sw2835', 'sw3104', 'sw3862', 'sw4291', 'sw3683', 'sw3498', 'sw3458', 'sw2359', 'sw3329', 'sw3290', 'sw3118', 'sw3844', 'sw2729', 'sw3201', 'sw3455', 'sw2727', 'sw4076', 'sw2236', 'sw4377', 'sw2783', 'sw3280', 'sw3575', 'sw4276', 'sw2417', 'sw3323', 'sw2171', 'sw4077', 'sw3242', 'sw4072', 'sw2751', 'sw3626', 'sw2204', 'sw4847', 'sw2125', 'sw2379', 'sw2546', 'sw2149', 'sw4264', 'sw4707', 'sw2684', 'sw2353', 'sw3522', 'sw4054', 'sw2917', 'sw4162', 'sw2229', 'sw2356', 'sw4834', 'sw4205', 'sw3940', 'sw3069', 'sw3296', 'sw3643', 'sw2001', 'sw4642', 'sw4655', 'sw4178', 'sw3865', 'sw3208', 'sw3095', 'sw4710', 'sw3483', 'sw4043', 'sw3189', 'sw4858', 'sw4208', 'sw3642', 'sw4895', 'sw2915', 'sw3886', 'sw3183', 'sw4246', 'sw4212', 'sw3526', 'sw3512', 'sw3599', 'sw3723', 'sw3324', 'sw3107', 'sw2673', 'sw3631', 'sw4369', 'sw4522', 'sw3411', 'sw3164', 'sw2005', 'sw3594', 'sw4357', 'sw4421', 'sw2965', 'sw4666', 'sw3930', 'sw2166', 'sw2789', 'sw2436', 'sw4151', 'sw3340', 'sw2685', 'sw3312', 'sw2243', 'sw4293', 'sw2101', 'sw3913', 'sw3315', 'sw3920', 'sw3712', 'sw4307', 'sw4816', 'sw4149', 'sw3350', 'sw3028', 'sw2524', 'sw2303', 'sw4251', 'sw3934', 'sw2668', 'sw2696', 'sw3339', 'sw3349', 'sw3941', 'sw3624', 'sw3006', 'sw3566', 'sw3179', 'sw3167', 'sw4559', 'sw4095', 'sw3351', 'sw2028', 'sw4261', 'sw4837', 'sw3332', 'sw2861', 'sw3457', 'sw3338', 'sw3878', 'sw3420', 'sw2424', 'sw4004', 'sw2461', 'sw3629', 'sw3081', 'sw4372', 'sw3383', 'sw2515', 'sw4519', 'sw2289', 'sw2240', 'sw3543', 'sw3612', 'sw4306', 'sw4626', 'sw4682', 'sw2996', 'sw2791', 'sw2653', 'sw3908', 'sw3849', 'sw3415', 'sw4646', 'sw2957', 'sw3807', 'sw4327', 'sw3697', 'sw3748', 'sw3416', 'sw2571', 'sw2925', 'sw4047', 'sw4749', 'sw2864', 'sw3354', 'sw4379', 'sw4172', 'sw3473', 'sw2521', 'sw2841', 'sw3518', 'sw3412', 'sw3117', 'sw3922', 'sw3222', 'sw2744', 'sw2014', 'sw3950', 'sw2190', 'sw3374', 'sw2495', 'sw4167', 'sw2484', 'sw4087', 'sw4210', 'sw3453', 'sw4102', 'sw4129', 'sw3430', 'sw2580', 'sw4193', 'sw3837', 'sw2060', 'sw2167', 'sw2428', 'sw3059', 'sw2982', 'sw2822', 'sw3687', 'sw3981', 'sw3801', 'sw4733', 'sw3925', 'sw2620', 'sw3014', 'sw2249', 'sw3184', 'sw4936', 'sw3291', 'sw3977', 'sw3722', 'sw2799', 'sw2731', 'sw3556', 'sw2342', 'sw3951', 'sw4248', 'sw2648', 'sw2738', 'sw2753', 'sw3050', 'sw2720', 'sw2682', 'sw2695', 'sw2891', 'sw3151', 'sw3911', 'sw4229', 'sw3971', 'sw2469', 'sw4250', 'sw2691', 'sw3760', 'sw3363', 'sw4650', 'sw2136', 'sw3472', 'sw4035', 'sw3758', 'sw2384', 'sw4074', 'sw2926', 'sw2782', 'sw4088', 'sw2896', 'sw3120', 'sw2882', 'sw3153', 'sw2291', 'sw4029', 'sw3691', 'sw4164', 'sw3678', 'sw3356', 'sw3591', 'sw3574', 'sw4883', 'sw4249', 'sw4236', 'sw2956', 'sw2330', 'sw2565', 'sw3805', 'sw3975', 'sw4624']
2017-01-28 23:14:29,967 INFO     Open DBase(data/db/all240302-spk.dat, data/db/all240302-spk.idx, mode='r')
2017-01-28 23:14:36,717 DEBUG    loading cached extracted data from data/cache/extract-ba7571dc6a7db671d332edf0234cef97f0689e9ddc9d53ad648b07a2a09af3df.pickle
2017-01-28 23:14:50,182 DEBUG    set input dim to 29
2017-01-28 23:14:50,182 DEBUG    input dim = 29
2017-01-28 23:14:50,265 DEBUG    shuffling batches
2017-01-28 23:15:31,952 DEBUG    shuffling done
2017-01-28 23:15:32,153 DEBUG    loading data into ram
2017-01-28 23:15:32,274 DEBUG    loading data took 0.122s (cpu: 0.102s)
2017-01-28 23:15:32,393 DEBUG    getting all bc uttids...configs/ff-power,pitch,ffv,mfcc/ff-power,pitch,ffv,mfcc-75-40.json, ['sw3507', 'sw2777', 'sw3877', 'sw4349', 'sw3484', 'sw3615', 'sw2986', 'sw3138', 'sw3890', 'sw3389', 'sw4267', 'sw3903', 'sw3850', 'sw4717', 'sw4142', 'sw4257', 'sw3955', 'sw3989', 'sw3282', 'sw2177', 'sw4086', 'sw3371', 'sw4590', 'sw2431', 'sw2721', 'sw3788', 'sw2776', 'sw3379', 'sw2545', 'sw4039', 'sw3610', 'sw4123', 'sw3166', 'sw2423', 'sw3887', 'sw4046', 'sw3399', 'sw3394', 'sw3051', 'sw4066', 'sw2311', 'sw2911', 'sw3404', 'sw3447', 'sw2314', 'sw2708', 'sw2877', 'sw4770', 'sw2558', 'sw3259', 'sw3551', 'sw2402', 'sw2934', 'sw3806', 'sw3601', 'sw3465', 'sw4053', 'sw2485', 'sw3061', 'sw4106', 'sw2831', 'sw3425', 'sw2950', 'sw2045', 'sw3010', 'sw3305', 'sw3436', 'sw2724', 'sw3645', 'sw2486', 'sw3317', 'sw4290', 'sw2085', 'sw2205', 'sw4835', 'sw4661', 'sw2451', 'sw2124', 'sw4052', 'sw3049', 'sw4109', 'sw4168', 'sw4493', 'sw2875', 'sw3726', 'sw4746', 'sw2102', 'sw3515', 'sw2617', 'sw2199', 'sw2337', 'sw4342', 'sw3739', 'sw2671', 'sw2568', 'sw2329', 'sw3819', 'sw3154', 'sw4305', 'sw2681', 'sw3121', 'sw3074', 'sw3240', 'sw3502', 'sw4303', 'sw4381', 'sw3442', 'sw3013', 'sw2180', 'sw4667', 'sw2669', 'sw4181', 'sw4622', 'sw2928', 'sw4101', 'sw2539', 'sw2966', 'sw3370', 'sw4175', 'sw3460', 'sw4082', 'sw3251', 'sw3180', 'sw2900', 'sw4143', 'sw3244', 'sw3685', 'sw3966', 'sw4263', 'sw4512', 'sw4070', 'sw3817', 'sw4555', 'sw4217', 'sw2803', 'sw2276', 'sw4093', 'sw3750', 'sw3480', 'sw2269', 'sw3730', 'sw2367', 'sw2131', 'sw4225', 'sw2273', 'sw2304', 'sw3176', 'sw3897', 'sw4118', 'sw4638', 'sw4891', 'sw2747', 'sw3344', 'sw3306', 'sw2984', 'sw4903', 'sw4141', 'sw3884', 'sw2465', 'sw3823', 'sw3469', 'sw3808', 'sw4649', 'sw3728', 'sw2286', 'sw2700', 'sw2692', 'sw2441', 'sw2645', 'sw4160', 'sw2626', 'sw2764', 'sw3943', 'sw4152', 'sw3618', 'sw2790', 'sw4356', 'sw3264', 'sw3090', 'sw3463', 'sw4206', 'sw3485', 'sw4693', 'sw3449', 'sw2109', 'sw2594', 'sw4187', 'sw4799', 'sw2440', 'sw3065', 'sw2394', 'sw3345', 'sw2107', 'sw2650', 'sw3409', 'sw2740', 'sw2587', 'sw3448', 'sw3360', 'sw3592']
2017-01-28 23:15:32,724 DEBUG    set input dim to 29
2017-01-28 23:15:32,724 DEBUG    input dim = 29
2017-01-28 23:15:33,173 DEBUG    shuffling batches
2017-01-28 23:15:37,596 DEBUG    shuffling done
2017-01-28 23:15:37,596 DEBUG    loading data into ram
2017-01-28 23:15:37,652 DEBUG    loading data took 0.056s (cpu: 0.020s)
2017-01-28 23:15:38,175 INFO     Training network with 90361 trainable out of 90361 total params.
2017-01-28 23:15:38,273 DEBUG    Using adam with learning_rate=0.001000
2017-01-28 23:17:02,370 DEBUG    Starting training...
2017-01-28 23:17:19,881 INFO     Saving network params to trainNN/out/v046-unified-24-gbed2410:ff-power,pitch,ffv,mfcc-75-40/epoch-000.pkl
2017-01-28 23:17:20,734 INFO     epoch: 0 took 18.340s (0.055s in batching)
training loss:	0.621696
validation loss:	0.614588
validation error:	0.340302
2017-01-28 23:17:20,735 INFO     Wrote output to trainNN/out/v046-unified-24-gbed2410:ff-power,pitch,ffv,mfcc-75-40/config.json
2017-01-28 23:17:37,946 INFO     Saving network params to trainNN/out/v046-unified-24-gbed2410:ff-power,pitch,ffv,mfcc-75-40/epoch-001.pkl
2017-01-28 23:17:38,811 INFO     epoch: 1 took 18.077s (0.009s in batching)
training loss:	0.598966
validation loss:	0.611819
validation error:	0.336462
2017-01-28 23:17:38,811 INFO     Wrote output to trainNN/out/v046-unified-24-gbed2410:ff-power,pitch,ffv,mfcc-75-40/config.json
2017-01-28 23:17:56,051 INFO     Saving network params to trainNN/out/v046-unified-24-gbed2410:ff-power,pitch,ffv,mfcc-75-40/epoch-002.pkl
2017-01-28 23:17:56,838 INFO     epoch: 2 took 18.027s (0.010s in batching)
training loss:	0.588136
validation loss:	0.606264
validation error:	0.329972
2017-01-28 23:17:56,839 INFO     Wrote output to trainNN/out/v046-unified-24-gbed2410:ff-power,pitch,ffv,mfcc-75-40/config.json
2017-01-28 23:18:16,531 INFO     Saving network params to trainNN/out/v046-unified-24-gbed2410:ff-power,pitch,ffv,mfcc-75-40/epoch-003.pkl
2017-01-28 23:18:17,529 INFO     epoch: 3 took 20.691s (0.010s in batching)
training loss:	0.581124
validation loss:	0.606150
validation error:	0.329755
2017-01-28 23:18:17,530 INFO     Wrote output to trainNN/out/v046-unified-24-gbed2410:ff-power,pitch,ffv,mfcc-75-40/config.json
2017-01-28 23:18:41,243 INFO     Saving network params to trainNN/out/v046-unified-24-gbed2410:ff-power,pitch,ffv,mfcc-75-40/epoch-004.pkl
2017-01-28 23:18:42,252 INFO     epoch: 4 took 24.724s (0.010s in batching)
training loss:	0.576189
validation loss:	0.604243
validation error:	0.325679
2017-01-28 23:18:42,254 INFO     Wrote output to trainNN/out/v046-unified-24-gbed2410:ff-power,pitch,ffv,mfcc-75-40/config.json
2017-01-28 23:19:10,406 INFO     Saving network params to trainNN/out/v046-unified-24-gbed2410:ff-power,pitch,ffv,mfcc-75-40/epoch-005.pkl
2017-01-28 23:19:11,246 INFO     epoch: 5 took 28.994s (0.010s in batching)
training loss:	0.572551
validation loss:	0.606723
validation error:	0.327759
2017-01-28 23:19:11,529 INFO     Wrote output to trainNN/out/v046-unified-24-gbed2410:ff-power,pitch,ffv,mfcc-75-40/config.json
2017-01-28 23:19:37,206 INFO     Saving network params to trainNN/out/v046-unified-24-gbed2410:ff-power,pitch,ffv,mfcc-75-40/epoch-006.pkl
2017-01-28 23:19:38,024 INFO     epoch: 6 took 26.777s (0.025s in batching)
training loss:	0.569748
validation loss:	0.606637
validation error:	0.325410
2017-01-28 23:19:38,025 INFO     Wrote output to trainNN/out/v046-unified-24-gbed2410:ff-power,pitch,ffv,mfcc-75-40/config.json
2017-01-28 23:20:05,893 INFO     Saving network params to trainNN/out/v046-unified-24-gbed2410:ff-power,pitch,ffv,mfcc-75-40/epoch-007.pkl
2017-01-28 23:20:06,760 INFO     epoch: 7 took 28.737s (0.010s in batching)
training loss:	0.567284
validation loss:	0.612167
validation error:	0.327212
2017-01-28 23:20:06,764 INFO     Wrote output to trainNN/out/v046-unified-24-gbed2410:ff-power,pitch,ffv,mfcc-75-40/config.json
2017-01-28 23:20:30,743 INFO     Saving network params to trainNN/out/v046-unified-24-gbed2410:ff-power,pitch,ffv,mfcc-75-40/epoch-008.pkl
2017-01-28 23:20:36,725 INFO     epoch: 8 took 29.964s (0.010s in batching)
training loss:	0.565438
validation loss:	0.613287
validation error:	0.329085
2017-01-28 23:20:36,824 INFO     Wrote output to trainNN/out/v046-unified-24-gbed2410:ff-power,pitch,ffv,mfcc-75-40/config.json
2017-01-28 23:20:56,316 INFO     Saving network params to trainNN/out/v046-unified-24-gbed2410:ff-power,pitch,ffv,mfcc-75-40/epoch-009.pkl
2017-01-28 23:20:57,204 INFO     epoch: 9 took 20.479s (0.030s in batching)
training loss:	0.563700
validation loss:	0.610878
validation error:	0.327302
2017-01-28 23:20:57,205 INFO     Wrote output to trainNN/out/v046-unified-24-gbed2410:ff-power,pitch,ffv,mfcc-75-40/config.json
2017-01-28 23:21:15,275 INFO     Saving network params to trainNN/out/v046-unified-24-gbed2410:ff-power,pitch,ffv,mfcc-75-40/epoch-010.pkl
2017-01-28 23:21:16,112 INFO     epoch: 10 took 18.909s (0.010s in batching)
training loss:	0.562488
validation loss:	0.611671
validation error:	0.325943
2017-01-28 23:21:16,113 INFO     Wrote output to trainNN/out/v046-unified-24-gbed2410:ff-power,pitch,ffv,mfcc-75-40/config.json
2017-01-28 23:21:34,061 INFO     Saving network params to trainNN/out/v046-unified-24-gbed2410:ff-power,pitch,ffv,mfcc-75-40/epoch-011.pkl
2017-01-28 23:21:34,898 INFO     epoch: 11 took 18.787s (0.010s in batching)
training loss:	0.561332
validation loss:	0.617698
validation error:	0.329943
2017-01-28 23:21:34,900 INFO     Wrote output to trainNN/out/v046-unified-24-gbed2410:ff-power,pitch,ffv,mfcc-75-40/config.json
2017-01-28 23:21:53,596 INFO     Saving network params to trainNN/out/v046-unified-24-gbed2410:ff-power,pitch,ffv,mfcc-75-40/epoch-012.pkl
2017-01-28 23:21:54,443 INFO     epoch: 12 took 19.545s (0.010s in batching)
training loss:	0.560117
validation loss:	0.613963
validation error:	0.327156
2017-01-28 23:21:54,445 INFO     Wrote output to trainNN/out/v046-unified-24-gbed2410:ff-power,pitch,ffv,mfcc-75-40/config.json
2017-01-28 23:22:11,771 INFO     Saving network params to trainNN/out/v046-unified-24-gbed2410:ff-power,pitch,ffv,mfcc-75-40/epoch-013.pkl
2017-01-28 23:22:12,586 INFO     epoch: 13 took 18.142s (0.009s in batching)
training loss:	0.559267
validation loss:	0.614291
validation error:	0.327939
2017-01-28 23:22:12,587 INFO     Wrote output to trainNN/out/v046-unified-24-gbed2410:ff-power,pitch,ffv,mfcc-75-40/config.json
2017-01-28 23:22:30,162 INFO     Saving network params to trainNN/out/v046-unified-24-gbed2410:ff-power,pitch,ffv,mfcc-75-40/epoch-014.pkl
2017-01-28 23:22:31,239 INFO     epoch: 14 took 18.652s (0.010s in batching)
training loss:	0.558490
validation loss:	0.613903
validation error:	0.326873
2017-01-28 23:22:31,241 INFO     Wrote output to trainNN/out/v046-unified-24-gbed2410:ff-power,pitch,ffv,mfcc-75-40/config.json
2017-01-28 23:22:48,643 INFO     Saving network params to trainNN/out/v046-unified-24-gbed2410:ff-power,pitch,ffv,mfcc-75-40/epoch-015.pkl
2017-01-28 23:22:49,437 INFO     epoch: 15 took 18.198s (0.010s in batching)
training loss:	0.557696
validation loss:	0.617145
validation error:	0.328651
2017-01-28 23:22:49,438 INFO     Wrote output to trainNN/out/v046-unified-24-gbed2410:ff-power,pitch,ffv,mfcc-75-40/config.json
2017-01-28 23:23:06,731 INFO     Saving network params to trainNN/out/v046-unified-24-gbed2410:ff-power,pitch,ffv,mfcc-75-40/epoch-016.pkl
2017-01-28 23:23:07,529 INFO     epoch: 16 took 18.093s (0.009s in batching)
training loss:	0.556961
validation loss:	0.613855
validation error:	0.326472
2017-01-28 23:23:07,531 INFO     Wrote output to trainNN/out/v046-unified-24-gbed2410:ff-power,pitch,ffv,mfcc-75-40/config.json
2017-01-28 23:23:24,848 INFO     Saving network params to trainNN/out/v046-unified-24-gbed2410:ff-power,pitch,ffv,mfcc-75-40/epoch-017.pkl
2017-01-28 23:23:25,631 INFO     epoch: 17 took 18.101s (0.010s in batching)
training loss:	0.556490
validation loss:	0.616600
validation error:	0.324288
2017-01-28 23:23:25,632 INFO     Wrote output to trainNN/out/v046-unified-24-gbed2410:ff-power,pitch,ffv,mfcc-75-40/config.json
2017-01-28 23:23:42,866 INFO     Saving network params to trainNN/out/v046-unified-24-gbed2410:ff-power,pitch,ffv,mfcc-75-40/epoch-018.pkl
2017-01-28 23:23:43,657 INFO     epoch: 18 took 18.027s (0.009s in batching)
training loss:	0.555858
validation loss:	0.615221
validation error:	0.327151
2017-01-28 23:23:43,659 INFO     Wrote output to trainNN/out/v046-unified-24-gbed2410:ff-power,pitch,ffv,mfcc-75-40/config.json
2017-01-28 23:24:00,873 INFO     Saving network params to trainNN/out/v046-unified-24-gbed2410:ff-power,pitch,ffv,mfcc-75-40/epoch-019.pkl
2017-01-28 23:24:01,653 INFO     epoch: 19 took 17.995s (0.009s in batching)
training loss:	0.555328
validation loss:	0.616614
validation error:	0.329429
2017-01-28 23:24:01,654 INFO     Wrote output to trainNN/out/v046-unified-24-gbed2410:ff-power,pitch,ffv,mfcc-75-40/config.json
2017-01-28 23:24:18,895 INFO     Saving network params to trainNN/out/v046-unified-24-gbed2410:ff-power,pitch,ffv,mfcc-75-40/epoch-020.pkl
2017-01-28 23:24:19,688 INFO     epoch: 20 took 18.036s (0.009s in batching)
training loss:	0.554808
validation loss:	0.621131
validation error:	0.328057
2017-01-28 23:24:19,690 INFO     Wrote output to trainNN/out/v046-unified-24-gbed2410:ff-power,pitch,ffv,mfcc-75-40/config.json
2017-01-28 23:24:36,958 INFO     Saving network params to trainNN/out/v046-unified-24-gbed2410:ff-power,pitch,ffv,mfcc-75-40/epoch-021.pkl
2017-01-28 23:24:37,743 INFO     epoch: 21 took 18.054s (0.009s in batching)
training loss:	0.554295
validation loss:	0.617906
validation error:	0.325802
2017-01-28 23:24:37,744 INFO     Wrote output to trainNN/out/v046-unified-24-gbed2410:ff-power,pitch,ffv,mfcc-75-40/config.json
2017-01-28 23:24:54,982 INFO     Saving network params to trainNN/out/v046-unified-24-gbed2410:ff-power,pitch,ffv,mfcc-75-40/epoch-022.pkl
2017-01-28 23:24:55,782 INFO     epoch: 22 took 18.040s (0.010s in batching)
training loss:	0.553949
validation loss:	0.623070
validation error:	0.328712
2017-01-28 23:24:55,784 INFO     Wrote output to trainNN/out/v046-unified-24-gbed2410:ff-power,pitch,ffv,mfcc-75-40/config.json
2017-01-28 23:25:13,026 INFO     Saving network params to trainNN/out/v046-unified-24-gbed2410:ff-power,pitch,ffv,mfcc-75-40/epoch-023.pkl
2017-01-28 23:25:13,825 INFO     epoch: 23 took 18.043s (0.009s in batching)
training loss:	0.553572
validation loss:	0.619806
validation error:	0.330509
2017-01-28 23:25:13,826 INFO     Wrote output to trainNN/out/v046-unified-24-gbed2410:ff-power,pitch,ffv,mfcc-75-40/config.json
2017-01-28 23:25:31,121 INFO     Saving network params to trainNN/out/v046-unified-24-gbed2410:ff-power,pitch,ffv,mfcc-75-40/epoch-024.pkl
2017-01-28 23:25:31,937 INFO     epoch: 24 took 18.112s (0.009s in batching)
training loss:	0.553063
validation loss:	0.621582
validation error:	0.332594
2017-01-28 23:25:31,939 INFO     Wrote output to trainNN/out/v046-unified-24-gbed2410:ff-power,pitch,ffv,mfcc-75-40/config.json
2017-01-28 23:25:49,250 INFO     Saving network params to trainNN/out/v046-unified-24-gbed2410:ff-power,pitch,ffv,mfcc-75-40/epoch-025.pkl
2017-01-28 23:25:50,049 INFO     epoch: 25 took 18.112s (0.009s in batching)
training loss:	0.552562
validation loss:	0.620392
validation error:	0.328500
2017-01-28 23:25:50,052 INFO     Wrote output to trainNN/out/v046-unified-24-gbed2410:ff-power,pitch,ffv,mfcc-75-40/config.json
2017-01-28 23:26:07,372 INFO     Saving network params to trainNN/out/v046-unified-24-gbed2410:ff-power,pitch,ffv,mfcc-75-40/epoch-026.pkl
2017-01-28 23:26:08,153 INFO     epoch: 26 took 18.104s (0.009s in batching)
training loss:	0.552337
validation loss:	0.621412
validation error:	0.329118
2017-01-28 23:26:08,154 INFO     Wrote output to trainNN/out/v046-unified-24-gbed2410:ff-power,pitch,ffv,mfcc-75-40/config.json
2017-01-28 23:26:25,406 INFO     Saving network params to trainNN/out/v046-unified-24-gbed2410:ff-power,pitch,ffv,mfcc-75-40/epoch-027.pkl
2017-01-28 23:26:26,191 INFO     epoch: 27 took 18.038s (0.009s in batching)
training loss:	0.552084
validation loss:	0.625036
validation error:	0.329604
2017-01-28 23:26:26,192 INFO     Wrote output to trainNN/out/v046-unified-24-gbed2410:ff-power,pitch,ffv,mfcc-75-40/config.json
2017-01-28 23:26:43,451 INFO     Saving network params to trainNN/out/v046-unified-24-gbed2410:ff-power,pitch,ffv,mfcc-75-40/epoch-028.pkl
2017-01-28 23:26:44,246 INFO     epoch: 28 took 18.056s (0.009s in batching)
training loss:	0.551575
validation loss:	0.622043
validation error:	0.328406
2017-01-28 23:26:44,248 INFO     Wrote output to trainNN/out/v046-unified-24-gbed2410:ff-power,pitch,ffv,mfcc-75-40/config.json
2017-01-28 23:27:01,483 INFO     Saving network params to trainNN/out/v046-unified-24-gbed2410:ff-power,pitch,ffv,mfcc-75-40/epoch-029.pkl
2017-01-28 23:27:02,259 INFO     epoch: 29 took 18.012s (0.009s in batching)
training loss:	0.551394
validation loss:	0.620258
validation error:	0.328953
2017-01-28 23:27:02,260 INFO     Wrote output to trainNN/out/v046-unified-24-gbed2410:ff-power,pitch,ffv,mfcc-75-40/config.json
2017-01-28 23:27:19,549 INFO     Saving network params to trainNN/out/v046-unified-24-gbed2410:ff-power,pitch,ffv,mfcc-75-40/epoch-030.pkl
2017-01-28 23:27:20,339 INFO     epoch: 30 took 18.080s (0.009s in batching)
training loss:	0.551001
validation loss:	0.625241
validation error:	0.328939
2017-01-28 23:27:20,340 INFO     Wrote output to trainNN/out/v046-unified-24-gbed2410:ff-power,pitch,ffv,mfcc-75-40/config.json
2017-01-28 23:27:37,655 INFO     Saving network params to trainNN/out/v046-unified-24-gbed2410:ff-power,pitch,ffv,mfcc-75-40/epoch-031.pkl
2017-01-28 23:27:38,433 INFO     epoch: 31 took 18.094s (0.010s in batching)
training loss:	0.550748
validation loss:	0.624615
validation error:	0.329712
2017-01-28 23:27:38,435 INFO     Wrote output to trainNN/out/v046-unified-24-gbed2410:ff-power,pitch,ffv,mfcc-75-40/config.json
2017-01-28 23:27:55,417 INFO     Saving network params to trainNN/out/v046-unified-24-gbed2410:ff-power,pitch,ffv,mfcc-75-40/epoch-032.pkl
2017-01-28 23:27:56,200 INFO     epoch: 32 took 17.767s (0.009s in batching)
training loss:	0.550446
validation loss:	0.624291
validation error:	0.328321
2017-01-28 23:27:56,202 INFO     Wrote output to trainNN/out/v046-unified-24-gbed2410:ff-power,pitch,ffv,mfcc-75-40/config.json
2017-01-28 23:28:13,183 INFO     Saving network params to trainNN/out/v046-unified-24-gbed2410:ff-power,pitch,ffv,mfcc-75-40/epoch-033.pkl
2017-01-28 23:28:13,962 INFO     epoch: 33 took 17.762s (0.009s in batching)
training loss:	0.550027
validation loss:	0.631644
validation error:	0.334406
2017-01-28 23:28:13,964 INFO     Wrote output to trainNN/out/v046-unified-24-gbed2410:ff-power,pitch,ffv,mfcc-75-40/config.json
2017-01-28 23:28:31,006 INFO     Saving network params to trainNN/out/v046-unified-24-gbed2410:ff-power,pitch,ffv,mfcc-75-40/epoch-034.pkl
2017-01-28 23:28:31,782 INFO     epoch: 34 took 17.820s (0.009s in batching)
training loss:	0.549820
validation loss:	0.629553
validation error:	0.329184
2017-01-28 23:28:31,784 INFO     Wrote output to trainNN/out/v046-unified-24-gbed2410:ff-power,pitch,ffv,mfcc-75-40/config.json
2017-01-28 23:28:48,995 INFO     Saving network params to trainNN/out/v046-unified-24-gbed2410:ff-power,pitch,ffv,mfcc-75-40/epoch-035.pkl
2017-01-28 23:28:49,774 INFO     epoch: 35 took 17.992s (0.009s in batching)
training loss:	0.549547
validation loss:	0.635725
validation error:	0.332453
2017-01-28 23:28:49,775 INFO     Wrote output to trainNN/out/v046-unified-24-gbed2410:ff-power,pitch,ffv,mfcc-75-40/config.json
2017-01-28 23:29:06,788 INFO     Saving network params to trainNN/out/v046-unified-24-gbed2410:ff-power,pitch,ffv,mfcc-75-40/epoch-036.pkl
2017-01-28 23:29:07,570 INFO     epoch: 36 took 17.796s (0.009s in batching)
training loss:	0.549351
validation loss:	0.633383
validation error:	0.329236
2017-01-28 23:29:07,572 INFO     Wrote output to trainNN/out/v046-unified-24-gbed2410:ff-power,pitch,ffv,mfcc-75-40/config.json
2017-01-28 23:29:24,738 INFO     Saving network params to trainNN/out/v046-unified-24-gbed2410:ff-power,pitch,ffv,mfcc-75-40/epoch-037.pkl
2017-01-28 23:29:25,517 INFO     epoch: 37 took 17.947s (0.009s in batching)
training loss:	0.549052
validation loss:	0.634550
validation error:	0.329472
2017-01-28 23:29:25,519 INFO     Wrote output to trainNN/out/v046-unified-24-gbed2410:ff-power,pitch,ffv,mfcc-75-40/config.json
2017-01-28 23:29:42,788 INFO     Saving network params to trainNN/out/v046-unified-24-gbed2410:ff-power,pitch,ffv,mfcc-75-40/epoch-038.pkl
2017-01-28 23:29:43,564 INFO     epoch: 38 took 18.047s (0.010s in batching)
training loss:	0.548855
validation loss:	0.637224
validation error:	0.332538
2017-01-28 23:29:43,566 INFO     Wrote output to trainNN/out/v046-unified-24-gbed2410:ff-power,pitch,ffv,mfcc-75-40/config.json
2017-01-28 23:30:00,844 INFO     Saving network params to trainNN/out/v046-unified-24-gbed2410:ff-power,pitch,ffv,mfcc-75-40/epoch-039.pkl
2017-01-28 23:30:01,646 INFO     epoch: 39 took 18.082s (0.009s in batching)
training loss:	0.548666
validation loss:	0.637198
validation error:	0.332703
2017-01-28 23:30:01,648 INFO     Wrote output to trainNN/out/v046-unified-24-gbed2410:ff-power,pitch,ffv,mfcc-75-40/config.json
2017-01-28 23:30:18,790 INFO     Saving network params to trainNN/out/v046-unified-24-gbed2410:ff-power,pitch,ffv,mfcc-75-40/epoch-040.pkl
2017-01-28 23:30:19,595 INFO     epoch: 40 took 17.949s (0.009s in batching)
training loss:	0.548435
validation loss:	0.642378
validation error:	0.331561
2017-01-28 23:30:19,597 INFO     Wrote output to trainNN/out/v046-unified-24-gbed2410:ff-power,pitch,ffv,mfcc-75-40/config.json
2017-01-28 23:30:36,789 INFO     Saving network params to trainNN/out/v046-unified-24-gbed2410:ff-power,pitch,ffv,mfcc-75-40/epoch-041.pkl
2017-01-28 23:30:37,568 INFO     epoch: 41 took 17.972s (0.010s in batching)
training loss:	0.548198
validation loss:	0.642029
validation error:	0.333297
2017-01-28 23:30:37,569 INFO     Wrote output to trainNN/out/v046-unified-24-gbed2410:ff-power,pitch,ffv,mfcc-75-40/config.json
2017-01-28 23:30:54,890 INFO     Saving network params to trainNN/out/v046-unified-24-gbed2410:ff-power,pitch,ffv,mfcc-75-40/epoch-042.pkl
2017-01-28 23:30:55,682 INFO     epoch: 42 took 18.115s (0.009s in batching)
training loss:	0.548005
validation loss:	0.640680
validation error:	0.329123
2017-01-28 23:30:55,685 INFO     Wrote output to trainNN/out/v046-unified-24-gbed2410:ff-power,pitch,ffv,mfcc-75-40/config.json
2017-01-28 23:31:07,385 INFO     received exit signal, waiting for epoch to finish...
2017-01-28 23:31:13,039 INFO     Saving network params to trainNN/out/v046-unified-24-gbed2410:ff-power,pitch,ffv,mfcc-75-40/epoch-043.pkl
2017-01-28 23:31:13,832 INFO     epoch: 43 took 18.150s (0.010s in batching)
training loss:	0.547761
validation loss:	0.638456
validation error:	0.330873
2017-01-28 23:31:13,834 INFO     Wrote output to trainNN/out/v046-unified-24-gbed2410:ff-power,pitch,ffv,mfcc-75-40/config.json
