2017-02-09 20:46:14,715 DEBUG    version=v050-finunified-6-gca252aa-dirty:ff-best-50-25
2017-02-09 20:46:15,381 INFO     Open DBase(data/db/all240302-spk.dat, data/db/all240302-spk.idx, mode='r')
2017-02-09 20:46:15,565 INFO     loading uttdb cache
2017-02-09 20:46:42,901 DEBUG    loading cached extracted data from data/cache/extract-7a00b23850576d60137fa78432d8dfda09ea0f343092bd09848f21113b1acfd0.pickle
2017-02-09 20:47:05,299 DEBUG    set input dim to 9
2017-02-09 20:47:05,322 DEBUG    input dim = 9
2017-02-09 20:47:05,337 DEBUG    shuffling batches
2017-02-09 20:47:08,434 DEBUG    shuffling done
2017-02-09 20:47:08,434 DEBUG    loading data into ram
2017-02-09 20:47:08,504 DEBUG    loading data took 0.071s (cpu: 0.070s)
2017-02-09 20:47:08,748 DEBUG    set input dim to 9
2017-02-09 20:47:08,748 DEBUG    input dim = 9
2017-02-09 20:47:08,771 DEBUG    shuffling batches
2017-02-09 20:47:08,996 DEBUG    shuffling done
2017-02-09 20:47:08,996 DEBUG    loading data into ram
2017-02-09 20:47:09,006 DEBUG    loading data took 0.010s (cpu: 0.010s)
2017-02-09 20:47:09,194 INFO     Training network with 35127 trainable out of 35127 total params.
2017-02-09 20:47:09,237 DEBUG    Using adam with learning_rate=0.001000
2017-02-09 20:47:11,848 DEBUG    Starting training...
2017-02-09 20:47:13,098 INFO     Saving network params to trainNN/out/v050-finunified-6-gca252aa-dirty:ff-best-50-25/epoch-000.pkl
2017-02-09 20:47:13,159 INFO     epoch: 0 took 1.310s (0.001s in batching)
training loss:	0.604926
validation loss:	0.593806
validation error:	0.319000
2017-02-09 20:47:13,160 INFO     Wrote output to trainNN/out/v050-finunified-6-gca252aa-dirty:ff-best-50-25/config.json
2017-02-09 20:47:14,440 INFO     Saving network params to trainNN/out/v050-finunified-6-gca252aa-dirty:ff-best-50-25/epoch-001.pkl
2017-02-09 20:47:14,498 INFO     epoch: 1 took 1.339s (0.001s in batching)
training loss:	0.579696
validation loss:	0.578216
validation error:	0.302800
2017-02-09 20:47:14,499 INFO     Wrote output to trainNN/out/v050-finunified-6-gca252aa-dirty:ff-best-50-25/config.json
2017-02-09 20:47:14,999 INFO     received exit signal, waiting for epoch to finish...
2017-02-09 20:47:15,557 INFO     Saving network params to trainNN/out/v050-finunified-6-gca252aa-dirty:ff-best-50-25/epoch-002.pkl
2017-02-09 20:47:15,705 INFO     epoch: 2 took 1.207s (0.000s in batching)
training loss:	0.573946
validation loss:	0.571036
validation error:	0.292500
