2017-02-05 04:04:05,459 DEBUG    version=v047-unified-11-g2708ad4:lstm-best-1990ms
2017-02-05 04:04:05,461 INFO     Open DBase(data/db/all240302-spk.dat, data/db/all240302-spk.idx, mode='r')
2017-02-05 04:04:23,345 DEBUG    extracting and saving data to data/cache/extract-40bc950479899fd6b5525d6831e4d6e5584eac7201c00b534dc263526bd5c280.pickle
2017-02-05 04:07:55,422 DEBUG    set input dim to 2
2017-02-05 04:07:55,422 DEBUG    input dim = 2
2017-02-05 04:07:55,438 DEBUG    shuffling batches
2017-02-05 04:08:03,497 DEBUG    shuffling done
2017-02-05 04:08:03,497 DEBUG    loading data into ram
2017-02-05 04:08:03,565 DEBUG    loading data took 0.067s (cpu: 0.067s)
2017-02-05 04:08:03,713 DEBUG    set input dim to 2
2017-02-05 04:08:03,713 DEBUG    input dim = 2
2017-02-05 04:08:03,773 DEBUG    shuffling batches
2017-02-05 04:08:04,547 DEBUG    shuffling done
2017-02-05 04:08:04,547 DEBUG    loading data into ram
2017-02-05 04:08:04,555 DEBUG    loading data took 0.008s (cpu: 0.008s)
2017-02-05 04:08:04,712 DEBUG    Applying L2 regularization with 0.000100
2017-02-05 04:08:04,777 INFO     Training network with 26372 trainable out of 26552 total params.
2017-02-05 04:08:05,203 DEBUG    Using adam with learning_rate=0.001000
2017-02-05 04:10:16,107 DEBUG    Starting training...
2017-02-05 04:11:53,848 INFO     Saving network params to trainNN/out/v047-unified-11-g2708ad4:lstm-best-1990ms/epoch-000.pkl
2017-02-05 04:11:56,430 INFO     epoch: 0 took 100.322s (0.002s in batching)
training loss:	0.592120
validation loss:	0.568149
validation error:	0.291868
2017-02-05 04:11:56,509 INFO     Wrote output to trainNN/out/v047-unified-11-g2708ad4:lstm-best-1990ms/config.json
2017-02-05 04:14:09,860 INFO     Saving network params to trainNN/out/v047-unified-11-g2708ad4:lstm-best-1990ms/epoch-001.pkl
2017-02-05 04:14:13,265 INFO     epoch: 1 took 136.834s (0.002s in batching)
training loss:	0.574034
validation loss:	0.560373
validation error:	0.285917
2017-02-05 04:14:13,265 INFO     Wrote output to trainNN/out/v047-unified-11-g2708ad4:lstm-best-1990ms/config.json
2017-02-05 04:16:27,206 INFO     Saving network params to trainNN/out/v047-unified-11-g2708ad4:lstm-best-1990ms/epoch-002.pkl
2017-02-05 04:16:31,220 INFO     epoch: 2 took 137.955s (0.002s in batching)
training loss:	0.568323
validation loss:	0.555111
validation error:	0.282281
2017-02-05 04:16:31,221 INFO     Wrote output to trainNN/out/v047-unified-11-g2708ad4:lstm-best-1990ms/config.json
2017-02-05 04:18:45,308 INFO     Saving network params to trainNN/out/v047-unified-11-g2708ad4:lstm-best-1990ms/epoch-003.pkl
2017-02-05 04:18:48,516 INFO     epoch: 3 took 137.297s (0.002s in batching)
training loss:	0.563105
validation loss:	0.548043
validation error:	0.275967
2017-02-05 04:18:48,517 INFO     Wrote output to trainNN/out/v047-unified-11-g2708ad4:lstm-best-1990ms/config.json
2017-02-05 04:21:03,184 INFO     Saving network params to trainNN/out/v047-unified-11-g2708ad4:lstm-best-1990ms/epoch-004.pkl
2017-02-05 04:21:06,291 INFO     epoch: 4 took 137.774s (0.002s in batching)
training loss:	0.558399
validation loss:	0.545838
validation error:	0.271702
2017-02-05 04:21:06,292 INFO     Wrote output to trainNN/out/v047-unified-11-g2708ad4:lstm-best-1990ms/config.json
2017-02-05 04:23:19,927 INFO     Saving network params to trainNN/out/v047-unified-11-g2708ad4:lstm-best-1990ms/epoch-005.pkl
2017-02-05 04:23:23,428 INFO     epoch: 5 took 137.137s (0.002s in batching)
training loss:	0.554237
validation loss:	0.543221
validation error:	0.272826
2017-02-05 04:23:23,429 INFO     Wrote output to trainNN/out/v047-unified-11-g2708ad4:lstm-best-1990ms/config.json
2017-02-05 04:25:36,396 INFO     Saving network params to trainNN/out/v047-unified-11-g2708ad4:lstm-best-1990ms/epoch-006.pkl
2017-02-05 04:25:39,923 INFO     epoch: 6 took 136.495s (0.002s in batching)
training loss:	0.551987
validation loss:	0.542537
validation error:	0.269818
2017-02-05 04:25:39,924 INFO     Wrote output to trainNN/out/v047-unified-11-g2708ad4:lstm-best-1990ms/config.json
2017-02-05 04:27:52,562 INFO     Saving network params to trainNN/out/v047-unified-11-g2708ad4:lstm-best-1990ms/epoch-007.pkl
2017-02-05 04:27:55,963 INFO     epoch: 7 took 136.039s (0.002s in batching)
training loss:	0.550048
validation loss:	0.541613
validation error:	0.270579
2017-02-05 04:27:55,964 INFO     Wrote output to trainNN/out/v047-unified-11-g2708ad4:lstm-best-1990ms/config.json
2017-02-05 04:30:08,941 INFO     Saving network params to trainNN/out/v047-unified-11-g2708ad4:lstm-best-1990ms/epoch-008.pkl
2017-02-05 04:30:12,193 INFO     epoch: 8 took 136.231s (0.002s in batching)
training loss:	0.548213
validation loss:	0.537096
validation error:	0.270050
2017-02-05 04:30:12,194 INFO     Wrote output to trainNN/out/v047-unified-11-g2708ad4:lstm-best-1990ms/config.json
2017-02-05 04:32:24,562 INFO     Saving network params to trainNN/out/v047-unified-11-g2708ad4:lstm-best-1990ms/epoch-009.pkl
2017-02-05 04:32:28,574 INFO     epoch: 9 took 136.381s (0.002s in batching)
training loss:	0.546532
validation loss:	0.537561
validation error:	0.268397
2017-02-05 04:32:28,595 INFO     Wrote output to trainNN/out/v047-unified-11-g2708ad4:lstm-best-1990ms/config.json
2017-02-05 04:34:43,001 INFO     Saving network params to trainNN/out/v047-unified-11-g2708ad4:lstm-best-1990ms/epoch-010.pkl
2017-02-05 04:34:45,993 INFO     epoch: 10 took 137.419s (0.002s in batching)
training loss:	0.545058
validation loss:	0.536252
validation error:	0.268231
2017-02-05 04:34:45,994 INFO     Wrote output to trainNN/out/v047-unified-11-g2708ad4:lstm-best-1990ms/config.json
2017-02-05 04:37:00,261 INFO     Saving network params to trainNN/out/v047-unified-11-g2708ad4:lstm-best-1990ms/epoch-011.pkl
2017-02-05 04:37:03,733 INFO     epoch: 11 took 137.740s (0.002s in batching)
training loss:	0.544023
validation loss:	0.535467
validation error:	0.269289
2017-02-05 04:37:03,734 INFO     Wrote output to trainNN/out/v047-unified-11-g2708ad4:lstm-best-1990ms/config.json
2017-02-05 04:39:18,505 INFO     Saving network params to trainNN/out/v047-unified-11-g2708ad4:lstm-best-1990ms/epoch-012.pkl
2017-02-05 04:39:21,702 INFO     epoch: 12 took 137.969s (0.002s in batching)
training loss:	0.542345
validation loss:	0.533443
validation error:	0.265653
2017-02-05 04:39:21,703 INFO     Wrote output to trainNN/out/v047-unified-11-g2708ad4:lstm-best-1990ms/config.json
2017-02-05 04:41:35,645 INFO     Saving network params to trainNN/out/v047-unified-11-g2708ad4:lstm-best-1990ms/epoch-013.pkl
2017-02-05 04:41:39,138 INFO     epoch: 13 took 137.436s (0.002s in batching)
training loss:	0.540571
validation loss:	0.532588
validation error:	0.265719
2017-02-05 04:41:39,139 INFO     Wrote output to trainNN/out/v047-unified-11-g2708ad4:lstm-best-1990ms/config.json
2017-02-05 04:43:52,055 INFO     Saving network params to trainNN/out/v047-unified-11-g2708ad4:lstm-best-1990ms/epoch-014.pkl
2017-02-05 04:43:55,558 INFO     epoch: 14 took 136.420s (0.002s in batching)
training loss:	0.538130
validation loss:	0.530046
validation error:	0.265289
2017-02-05 04:43:55,558 INFO     Wrote output to trainNN/out/v047-unified-11-g2708ad4:lstm-best-1990ms/config.json
2017-02-05 04:46:08,475 INFO     Saving network params to trainNN/out/v047-unified-11-g2708ad4:lstm-best-1990ms/epoch-015.pkl
2017-02-05 04:46:11,958 INFO     epoch: 15 took 136.400s (0.002s in batching)
training loss:	0.536042
validation loss:	0.530235
validation error:	0.265521
2017-02-05 04:46:11,959 INFO     Wrote output to trainNN/out/v047-unified-11-g2708ad4:lstm-best-1990ms/config.json
2017-02-05 04:48:25,235 INFO     Saving network params to trainNN/out/v047-unified-11-g2708ad4:lstm-best-1990ms/epoch-016.pkl
2017-02-05 04:48:28,615 INFO     epoch: 16 took 136.657s (0.002s in batching)
training loss:	0.534327
validation loss:	0.525524
validation error:	0.264760
2017-02-05 04:48:28,616 INFO     Wrote output to trainNN/out/v047-unified-11-g2708ad4:lstm-best-1990ms/config.json
2017-02-05 04:50:28,067 INFO     Saving network params to trainNN/out/v047-unified-11-g2708ad4:lstm-best-1990ms/epoch-017.pkl
2017-02-05 04:50:29,998 INFO     epoch: 17 took 121.383s (0.002s in batching)
training loss:	0.532468
validation loss:	0.523683
validation error:	0.261653
2017-02-05 04:50:29,998 INFO     Wrote output to trainNN/out/v047-unified-11-g2708ad4:lstm-best-1990ms/config.json
2017-02-05 04:52:03,249 INFO     Saving network params to trainNN/out/v047-unified-11-g2708ad4:lstm-best-1990ms/epoch-018.pkl
2017-02-05 04:52:05,282 INFO     epoch: 18 took 95.285s (0.002s in batching)
training loss:	0.531016
validation loss:	0.524641
validation error:	0.261455
2017-02-05 04:52:05,283 INFO     Wrote output to trainNN/out/v047-unified-11-g2708ad4:lstm-best-1990ms/config.json
2017-02-05 04:53:38,782 INFO     Saving network params to trainNN/out/v047-unified-11-g2708ad4:lstm-best-1990ms/epoch-019.pkl
2017-02-05 04:53:40,752 INFO     epoch: 19 took 95.469s (0.002s in batching)
training loss:	0.529298
validation loss:	0.521667
validation error:	0.260893
2017-02-05 04:53:40,753 INFO     Wrote output to trainNN/out/v047-unified-11-g2708ad4:lstm-best-1990ms/config.json
2017-02-05 04:55:14,087 INFO     Saving network params to trainNN/out/v047-unified-11-g2708ad4:lstm-best-1990ms/epoch-020.pkl
2017-02-05 04:55:16,024 INFO     epoch: 20 took 95.272s (0.002s in batching)
training loss:	0.527984
validation loss:	0.525440
validation error:	0.265091
2017-02-05 04:55:16,025 INFO     Wrote output to trainNN/out/v047-unified-11-g2708ad4:lstm-best-1990ms/config.json
2017-02-05 04:56:49,141 INFO     Saving network params to trainNN/out/v047-unified-11-g2708ad4:lstm-best-1990ms/epoch-021.pkl
2017-02-05 04:56:51,119 INFO     epoch: 21 took 95.095s (0.002s in batching)
training loss:	0.526693
validation loss:	0.519635
validation error:	0.258347
2017-02-05 04:56:51,120 INFO     Wrote output to trainNN/out/v047-unified-11-g2708ad4:lstm-best-1990ms/config.json
2017-02-05 04:58:24,293 INFO     Saving network params to trainNN/out/v047-unified-11-g2708ad4:lstm-best-1990ms/epoch-022.pkl
2017-02-05 04:58:26,237 INFO     epoch: 22 took 95.119s (0.002s in batching)
training loss:	0.525343
validation loss:	0.520371
validation error:	0.258579
2017-02-05 04:58:26,238 INFO     Wrote output to trainNN/out/v047-unified-11-g2708ad4:lstm-best-1990ms/config.json
2017-02-05 04:59:59,475 INFO     Saving network params to trainNN/out/v047-unified-11-g2708ad4:lstm-best-1990ms/epoch-023.pkl
2017-02-05 05:00:01,422 INFO     epoch: 23 took 95.185s (0.002s in batching)
training loss:	0.524092
validation loss:	0.519047
validation error:	0.258182
2017-02-05 05:00:01,423 INFO     Wrote output to trainNN/out/v047-unified-11-g2708ad4:lstm-best-1990ms/config.json
2017-02-05 05:01:34,378 INFO     Saving network params to trainNN/out/v047-unified-11-g2708ad4:lstm-best-1990ms/epoch-024.pkl
2017-02-05 05:01:36,318 INFO     epoch: 24 took 94.896s (0.002s in batching)
training loss:	0.523516
validation loss:	0.518308
validation error:	0.253686
2017-02-05 05:01:36,319 INFO     Wrote output to trainNN/out/v047-unified-11-g2708ad4:lstm-best-1990ms/config.json
2017-02-05 05:03:09,843 INFO     Saving network params to trainNN/out/v047-unified-11-g2708ad4:lstm-best-1990ms/epoch-025.pkl
2017-02-05 05:03:11,816 INFO     epoch: 25 took 95.498s (0.002s in batching)
training loss:	0.522622
validation loss:	0.514202
validation error:	0.253388
2017-02-05 05:03:11,817 INFO     Wrote output to trainNN/out/v047-unified-11-g2708ad4:lstm-best-1990ms/config.json
2017-02-05 05:04:45,776 INFO     Saving network params to trainNN/out/v047-unified-11-g2708ad4:lstm-best-1990ms/epoch-026.pkl
2017-02-05 05:04:47,740 INFO     epoch: 26 took 95.924s (0.002s in batching)
training loss:	0.521321
validation loss:	0.518887
validation error:	0.256496
2017-02-05 05:04:47,741 INFO     Wrote output to trainNN/out/v047-unified-11-g2708ad4:lstm-best-1990ms/config.json
2017-02-05 05:06:21,087 INFO     Saving network params to trainNN/out/v047-unified-11-g2708ad4:lstm-best-1990ms/epoch-027.pkl
2017-02-05 05:06:23,031 INFO     epoch: 27 took 95.291s (0.002s in batching)
training loss:	0.520778
validation loss:	0.515074
validation error:	0.252628
2017-02-05 05:06:23,032 INFO     Wrote output to trainNN/out/v047-unified-11-g2708ad4:lstm-best-1990ms/config.json
2017-02-05 05:07:56,632 INFO     Saving network params to trainNN/out/v047-unified-11-g2708ad4:lstm-best-1990ms/epoch-028.pkl
2017-02-05 05:07:58,591 INFO     epoch: 28 took 95.561s (0.002s in batching)
training loss:	0.519951
validation loss:	0.515714
validation error:	0.255240
2017-02-05 05:07:58,592 INFO     Wrote output to trainNN/out/v047-unified-11-g2708ad4:lstm-best-1990ms/config.json
2017-02-05 05:09:31,770 INFO     Saving network params to trainNN/out/v047-unified-11-g2708ad4:lstm-best-1990ms/epoch-029.pkl
2017-02-05 05:09:33,723 INFO     epoch: 29 took 95.132s (0.002s in batching)
training loss:	0.519270
validation loss:	0.515114
validation error:	0.251537
2017-02-05 05:09:33,724 INFO     Wrote output to trainNN/out/v047-unified-11-g2708ad4:lstm-best-1990ms/config.json
2017-02-05 05:11:06,831 INFO     Saving network params to trainNN/out/v047-unified-11-g2708ad4:lstm-best-1990ms/epoch-030.pkl
2017-02-05 05:11:08,768 INFO     epoch: 30 took 95.045s (0.002s in batching)
training loss:	0.518424
validation loss:	0.519968
validation error:	0.254876
2017-02-05 05:11:08,769 INFO     Wrote output to trainNN/out/v047-unified-11-g2708ad4:lstm-best-1990ms/config.json
2017-02-05 05:12:41,873 INFO     Saving network params to trainNN/out/v047-unified-11-g2708ad4:lstm-best-1990ms/epoch-031.pkl
2017-02-05 05:12:43,827 INFO     epoch: 31 took 95.059s (0.002s in batching)
training loss:	0.518004
validation loss:	0.516540
validation error:	0.252529
2017-02-05 05:12:43,828 INFO     Wrote output to trainNN/out/v047-unified-11-g2708ad4:lstm-best-1990ms/config.json
2017-02-05 05:14:17,340 INFO     Saving network params to trainNN/out/v047-unified-11-g2708ad4:lstm-best-1990ms/epoch-032.pkl
2017-02-05 05:14:19,302 INFO     epoch: 32 took 95.476s (0.002s in batching)
training loss:	0.517461
validation loss:	0.515661
validation error:	0.254314
2017-02-05 05:14:19,304 INFO     Wrote output to trainNN/out/v047-unified-11-g2708ad4:lstm-best-1990ms/config.json
2017-02-05 05:19:02,784 INFO     Saving network params to trainNN/out/v047-unified-11-g2708ad4:lstm-best-1990ms/epoch-033.pkl
2017-02-05 05:19:14,081 INFO     epoch: 33 took 294.776s (1.061s in batching)
training loss:	0.517293
validation loss:	0.515051
validation error:	0.253157
2017-02-05 05:19:14,125 INFO     Wrote output to trainNN/out/v047-unified-11-g2708ad4:lstm-best-1990ms/config.json
2017-02-05 05:21:50,098 INFO     Saving network params to trainNN/out/v047-unified-11-g2708ad4:lstm-best-1990ms/epoch-034.pkl
2017-02-05 05:21:52,241 INFO     epoch: 34 took 158.162s (1.376s in batching)
training loss:	0.516430
validation loss:	0.518875
validation error:	0.258777
2017-02-05 05:21:52,265 INFO     Wrote output to trainNN/out/v047-unified-11-g2708ad4:lstm-best-1990ms/config.json
2017-02-05 05:23:24,119 INFO     Saving network params to trainNN/out/v047-unified-11-g2708ad4:lstm-best-1990ms/epoch-035.pkl
2017-02-05 05:23:26,002 INFO     epoch: 35 took 93.762s (0.002s in batching)
training loss:	0.516117
validation loss:	0.517083
validation error:	0.255140
2017-02-05 05:23:26,025 INFO     Wrote output to trainNN/out/v047-unified-11-g2708ad4:lstm-best-1990ms/config.json
2017-02-05 05:24:58,129 INFO     Saving network params to trainNN/out/v047-unified-11-g2708ad4:lstm-best-1990ms/epoch-036.pkl
2017-02-05 05:25:00,202 INFO     epoch: 36 took 94.200s (0.002s in batching)
training loss:	0.515544
validation loss:	0.515400
validation error:	0.255174
2017-02-05 05:25:00,205 INFO     Wrote output to trainNN/out/v047-unified-11-g2708ad4:lstm-best-1990ms/config.json
2017-02-05 05:26:38,109 INFO     Saving network params to trainNN/out/v047-unified-11-g2708ad4:lstm-best-1990ms/epoch-037.pkl
2017-02-05 05:26:40,319 INFO     epoch: 37 took 100.117s (0.003s in batching)
training loss:	0.514829
validation loss:	0.514702
validation error:	0.253322
2017-02-05 05:26:40,333 INFO     Wrote output to trainNN/out/v047-unified-11-g2708ad4:lstm-best-1990ms/config.json
2017-02-05 05:28:13,067 INFO     Saving network params to trainNN/out/v047-unified-11-g2708ad4:lstm-best-1990ms/epoch-038.pkl
2017-02-05 05:28:15,042 INFO     epoch: 38 took 94.723s (0.002s in batching)
training loss:	0.514339
validation loss:	0.514676
validation error:	0.253884
2017-02-05 05:28:15,045 INFO     Wrote output to trainNN/out/v047-unified-11-g2708ad4:lstm-best-1990ms/config.json
2017-02-05 05:29:46,895 INFO     Saving network params to trainNN/out/v047-unified-11-g2708ad4:lstm-best-1990ms/epoch-039.pkl
2017-02-05 05:29:48,915 INFO     epoch: 39 took 93.873s (0.002s in batching)
training loss:	0.514358
validation loss:	0.520525
validation error:	0.254347
2017-02-05 05:29:48,917 INFO     Wrote output to trainNN/out/v047-unified-11-g2708ad4:lstm-best-1990ms/config.json
2017-02-05 05:31:20,582 INFO     Saving network params to trainNN/out/v047-unified-11-g2708ad4:lstm-best-1990ms/epoch-040.pkl
2017-02-05 05:31:22,584 INFO     epoch: 40 took 93.669s (0.002s in batching)
training loss:	0.513709
validation loss:	0.515540
validation error:	0.254975
2017-02-05 05:31:22,586 INFO     Wrote output to trainNN/out/v047-unified-11-g2708ad4:lstm-best-1990ms/config.json
2017-02-05 05:32:54,123 INFO     Saving network params to trainNN/out/v047-unified-11-g2708ad4:lstm-best-1990ms/epoch-041.pkl
2017-02-05 05:32:56,081 INFO     epoch: 41 took 93.497s (0.002s in batching)
training loss:	0.512924
validation loss:	0.518959
validation error:	0.254248
2017-02-05 05:32:56,083 INFO     Wrote output to trainNN/out/v047-unified-11-g2708ad4:lstm-best-1990ms/config.json
2017-02-05 05:34:27,566 INFO     Saving network params to trainNN/out/v047-unified-11-g2708ad4:lstm-best-1990ms/epoch-042.pkl
2017-02-05 05:34:29,576 INFO     epoch: 42 took 93.495s (0.002s in batching)
training loss:	0.512941
validation loss:	0.514863
validation error:	0.252926
2017-02-05 05:34:29,578 INFO     Wrote output to trainNN/out/v047-unified-11-g2708ad4:lstm-best-1990ms/config.json
2017-02-05 05:36:01,062 INFO     Saving network params to trainNN/out/v047-unified-11-g2708ad4:lstm-best-1990ms/epoch-043.pkl
2017-02-05 05:36:03,088 INFO     epoch: 43 took 93.512s (0.002s in batching)
training loss:	0.512470
validation loss:	0.513783
validation error:	0.252165
2017-02-05 05:36:03,090 INFO     Wrote output to trainNN/out/v047-unified-11-g2708ad4:lstm-best-1990ms/config.json
2017-02-05 05:37:34,157 INFO     Saving network params to trainNN/out/v047-unified-11-g2708ad4:lstm-best-1990ms/epoch-044.pkl
2017-02-05 05:37:36,189 INFO     epoch: 44 took 93.101s (0.002s in batching)
training loss:	0.512279
validation loss:	0.514740
validation error:	0.254347
2017-02-05 05:37:36,191 INFO     Wrote output to trainNN/out/v047-unified-11-g2708ad4:lstm-best-1990ms/config.json
2017-02-05 05:39:07,119 INFO     Saving network params to trainNN/out/v047-unified-11-g2708ad4:lstm-best-1990ms/epoch-045.pkl
2017-02-05 05:39:09,058 INFO     epoch: 45 took 92.869s (0.002s in batching)
training loss:	0.511633
validation loss:	0.515620
validation error:	0.254149
2017-02-05 05:39:09,060 INFO     Wrote output to trainNN/out/v047-unified-11-g2708ad4:lstm-best-1990ms/config.json
2017-02-05 05:40:39,969 INFO     Saving network params to trainNN/out/v047-unified-11-g2708ad4:lstm-best-1990ms/epoch-046.pkl
2017-02-05 05:40:41,992 INFO     epoch: 46 took 92.934s (0.002s in batching)
training loss:	0.511386
validation loss:	0.514825
validation error:	0.254777
2017-02-05 05:40:41,994 INFO     Wrote output to trainNN/out/v047-unified-11-g2708ad4:lstm-best-1990ms/config.json
2017-02-05 05:42:13,212 INFO     Saving network params to trainNN/out/v047-unified-11-g2708ad4:lstm-best-1990ms/epoch-047.pkl
2017-02-05 05:42:15,191 INFO     epoch: 47 took 93.199s (0.002s in batching)
training loss:	0.511380
validation loss:	0.515765
validation error:	0.253223
2017-02-05 05:42:15,194 INFO     Wrote output to trainNN/out/v047-unified-11-g2708ad4:lstm-best-1990ms/config.json
2017-02-05 05:43:47,064 INFO     Saving network params to trainNN/out/v047-unified-11-g2708ad4:lstm-best-1990ms/epoch-048.pkl
2017-02-05 05:43:49,049 INFO     epoch: 48 took 93.857s (0.002s in batching)
training loss:	0.510878
validation loss:	0.517467
validation error:	0.254843
2017-02-05 05:43:49,052 INFO     Wrote output to trainNN/out/v047-unified-11-g2708ad4:lstm-best-1990ms/config.json
2017-02-05 05:45:58,279 INFO     Saving network params to trainNN/out/v047-unified-11-g2708ad4:lstm-best-1990ms/epoch-049.pkl
2017-02-05 05:46:00,243 INFO     epoch: 49 took 131.195s (0.002s in batching)
training loss:	0.510154
validation loss:	0.518206
validation error:	0.254843
2017-02-05 05:46:00,246 INFO     Wrote output to trainNN/out/v047-unified-11-g2708ad4:lstm-best-1990ms/config.json
2017-02-05 05:47:31,517 INFO     Saving network params to trainNN/out/v047-unified-11-g2708ad4:lstm-best-1990ms/epoch-050.pkl
2017-02-05 05:47:33,487 INFO     epoch: 50 took 93.244s (0.002s in batching)
training loss:	0.509680
validation loss:	0.517187
validation error:	0.254909
2017-02-05 05:47:33,489 INFO     Wrote output to trainNN/out/v047-unified-11-g2708ad4:lstm-best-1990ms/config.json
2017-02-05 05:49:05,219 INFO     Saving network params to trainNN/out/v047-unified-11-g2708ad4:lstm-best-1990ms/epoch-051.pkl
2017-02-05 05:49:07,221 INFO     epoch: 51 took 93.734s (0.002s in batching)
training loss:	0.509886
validation loss:	0.515456
validation error:	0.251471
2017-02-05 05:49:07,224 INFO     Wrote output to trainNN/out/v047-unified-11-g2708ad4:lstm-best-1990ms/config.json
2017-02-05 05:50:38,847 INFO     Saving network params to trainNN/out/v047-unified-11-g2708ad4:lstm-best-1990ms/epoch-052.pkl
2017-02-05 05:50:40,845 INFO     epoch: 52 took 93.624s (0.002s in batching)
training loss:	0.509332
validation loss:	0.514213
validation error:	0.253851
2017-02-05 05:50:40,847 INFO     Wrote output to trainNN/out/v047-unified-11-g2708ad4:lstm-best-1990ms/config.json
2017-02-05 05:52:12,527 INFO     Saving network params to trainNN/out/v047-unified-11-g2708ad4:lstm-best-1990ms/epoch-053.pkl
2017-02-05 05:52:14,476 INFO     epoch: 53 took 93.630s (0.002s in batching)
training loss:	0.508989
validation loss:	0.514718
validation error:	0.253058
2017-02-05 05:52:14,478 INFO     Wrote output to trainNN/out/v047-unified-11-g2708ad4:lstm-best-1990ms/config.json
2017-02-05 05:53:46,301 INFO     Saving network params to trainNN/out/v047-unified-11-g2708ad4:lstm-best-1990ms/epoch-054.pkl
2017-02-05 05:53:48,275 INFO     epoch: 54 took 93.800s (0.002s in batching)
training loss:	0.508338
validation loss:	0.522315
validation error:	0.256298
2017-02-05 05:53:48,276 INFO     Wrote output to trainNN/out/v047-unified-11-g2708ad4:lstm-best-1990ms/config.json
2017-02-05 05:56:50,429 INFO     Saving network params to trainNN/out/v047-unified-11-g2708ad4:lstm-best-1990ms/epoch-055.pkl
2017-02-05 05:56:58,915 INFO     epoch: 55 took 190.640s (0.002s in batching)
training loss:	0.508368
validation loss:	0.514142
validation error:	0.250281
2017-02-05 05:56:58,918 INFO     Wrote output to trainNN/out/v047-unified-11-g2708ad4:lstm-best-1990ms/config.json
2017-02-05 06:00:12,274 INFO     Saving network params to trainNN/out/v047-unified-11-g2708ad4:lstm-best-1990ms/epoch-056.pkl
2017-02-05 06:00:20,987 INFO     epoch: 56 took 202.072s (0.002s in batching)
training loss:	0.507708
validation loss:	0.521848
validation error:	0.255438
2017-02-05 06:00:20,988 INFO     Wrote output to trainNN/out/v047-unified-11-g2708ad4:lstm-best-1990ms/config.json
2017-02-05 06:03:32,625 INFO     Saving network params to trainNN/out/v047-unified-11-g2708ad4:lstm-best-1990ms/epoch-057.pkl
2017-02-05 06:03:41,183 INFO     epoch: 57 took 200.196s (0.002s in batching)
training loss:	0.507691
validation loss:	0.518383
validation error:	0.253091
2017-02-05 06:03:41,184 INFO     Wrote output to trainNN/out/v047-unified-11-g2708ad4:lstm-best-1990ms/config.json
2017-02-05 06:06:55,516 INFO     Saving network params to trainNN/out/v047-unified-11-g2708ad4:lstm-best-1990ms/epoch-058.pkl
2017-02-05 06:07:04,069 INFO     epoch: 58 took 202.886s (0.002s in batching)
training loss:	0.507472
validation loss:	0.517731
validation error:	0.256099
2017-02-05 06:07:04,071 INFO     Wrote output to trainNN/out/v047-unified-11-g2708ad4:lstm-best-1990ms/config.json
2017-02-05 06:10:18,146 INFO     Saving network params to trainNN/out/v047-unified-11-g2708ad4:lstm-best-1990ms/epoch-059.pkl
2017-02-05 06:10:26,709 INFO     epoch: 59 took 202.640s (0.002s in batching)
training loss:	0.506969
validation loss:	0.512912
validation error:	0.254744
2017-02-05 06:10:26,711 INFO     Wrote output to trainNN/out/v047-unified-11-g2708ad4:lstm-best-1990ms/config.json
2017-02-05 06:13:41,640 INFO     Saving network params to trainNN/out/v047-unified-11-g2708ad4:lstm-best-1990ms/epoch-060.pkl
2017-02-05 06:13:50,097 INFO     epoch: 60 took 203.389s (0.002s in batching)
training loss:	0.506846
validation loss:	0.521476
validation error:	0.256959
2017-02-05 06:13:50,099 INFO     Wrote output to trainNN/out/v047-unified-11-g2708ad4:lstm-best-1990ms/config.json
2017-02-05 06:17:02,858 INFO     Saving network params to trainNN/out/v047-unified-11-g2708ad4:lstm-best-1990ms/epoch-061.pkl
2017-02-05 06:17:11,420 INFO     epoch: 61 took 201.323s (0.002s in batching)
training loss:	0.506961
validation loss:	0.518483
validation error:	0.255438
2017-02-05 06:17:11,422 INFO     Wrote output to trainNN/out/v047-unified-11-g2708ad4:lstm-best-1990ms/config.json
2017-02-05 06:20:24,963 INFO     Saving network params to trainNN/out/v047-unified-11-g2708ad4:lstm-best-1990ms/epoch-062.pkl
2017-02-05 06:20:33,471 INFO     epoch: 62 took 202.051s (0.002s in batching)
training loss:	0.506768
validation loss:	0.517933
validation error:	0.254942
2017-02-05 06:20:33,473 INFO     Wrote output to trainNN/out/v047-unified-11-g2708ad4:lstm-best-1990ms/config.json
2017-02-05 06:23:48,169 INFO     Saving network params to trainNN/out/v047-unified-11-g2708ad4:lstm-best-1990ms/epoch-063.pkl
2017-02-05 06:23:56,670 INFO     epoch: 63 took 203.199s (0.002s in batching)
training loss:	0.506210
validation loss:	0.520788
validation error:	0.258678
2017-02-05 06:23:56,671 INFO     Wrote output to trainNN/out/v047-unified-11-g2708ad4:lstm-best-1990ms/config.json
2017-02-05 06:27:46,856 INFO     Saving network params to trainNN/out/v047-unified-11-g2708ad4:lstm-best-1990ms/epoch-064.pkl
2017-02-05 06:28:02,187 INFO     epoch: 64 took 245.517s (0.002s in batching)
training loss:	0.505835
validation loss:	0.519549
validation error:	0.255504
2017-02-05 06:28:02,197 INFO     Wrote output to trainNN/out/v047-unified-11-g2708ad4:lstm-best-1990ms/config.json
2017-02-05 06:32:49,161 INFO     Saving network params to trainNN/out/v047-unified-11-g2708ad4:lstm-best-1990ms/epoch-065.pkl
2017-02-05 06:33:03,882 INFO     epoch: 65 took 301.695s (0.002s in batching)
training loss:	0.505981
validation loss:	0.519455
validation error:	0.253388
2017-02-05 06:33:03,883 INFO     Wrote output to trainNN/out/v047-unified-11-g2708ad4:lstm-best-1990ms/config.json
2017-02-05 06:37:48,695 INFO     Saving network params to trainNN/out/v047-unified-11-g2708ad4:lstm-best-1990ms/epoch-066.pkl
2017-02-05 06:38:03,583 INFO     epoch: 66 took 299.701s (0.002s in batching)
training loss:	0.505656
validation loss:	0.517501
validation error:	0.253851
2017-02-05 06:38:03,585 INFO     Wrote output to trainNN/out/v047-unified-11-g2708ad4:lstm-best-1990ms/config.json
2017-02-05 06:43:22,711 INFO     Saving network params to trainNN/out/v047-unified-11-g2708ad4:lstm-best-1990ms/epoch-067.pkl
2017-02-05 06:43:46,755 INFO     epoch: 67 took 343.172s (0.002s in batching)
training loss:	0.505667
validation loss:	0.519372
validation error:	0.257752
2017-02-05 06:43:47,505 INFO     Wrote output to trainNN/out/v047-unified-11-g2708ad4:lstm-best-1990ms/config.json
2017-02-05 06:50:14,279 INFO     Saving network params to trainNN/out/v047-unified-11-g2708ad4:lstm-best-1990ms/epoch-068.pkl
2017-02-05 06:50:38,823 INFO     epoch: 68 took 412.065s (0.321s in batching)
training loss:	0.505238
validation loss:	0.518363
validation error:	0.257190
2017-02-05 06:50:38,901 INFO     Wrote output to trainNN/out/v047-unified-11-g2708ad4:lstm-best-1990ms/config.json
2017-02-05 06:57:56,008 INFO     Saving network params to trainNN/out/v047-unified-11-g2708ad4:lstm-best-1990ms/epoch-069.pkl
2017-02-05 06:58:43,560 INFO     epoch: 69 took 484.739s (0.359s in batching)
training loss:	0.504893
validation loss:	0.518239
validation error:	0.255438
2017-02-05 06:58:43,585 INFO     Wrote output to trainNN/out/v047-unified-11-g2708ad4:lstm-best-1990ms/config.json
2017-02-05 07:11:16,753 INFO     Saving network params to trainNN/out/v047-unified-11-g2708ad4:lstm-best-1990ms/epoch-070.pkl
2017-02-05 07:12:09,646 INFO     epoch: 70 took 806.088s (0.003s in batching)
training loss:	0.505099
validation loss:	0.517727
validation error:	0.255471
2017-02-05 07:12:09,672 INFO     Wrote output to trainNN/out/v047-unified-11-g2708ad4:lstm-best-1990ms/config.json
2017-02-05 07:24:45,765 INFO     Saving network params to trainNN/out/v047-unified-11-g2708ad4:lstm-best-1990ms/epoch-071.pkl
2017-02-05 07:25:37,876 INFO     epoch: 71 took 808.230s (0.002s in batching)
training loss:	0.504796
validation loss:	0.520014
validation error:	0.256331
2017-02-05 07:25:37,882 INFO     Wrote output to trainNN/out/v047-unified-11-g2708ad4:lstm-best-1990ms/config.json
2017-02-05 07:38:14,656 INFO     Saving network params to trainNN/out/v047-unified-11-g2708ad4:lstm-best-1990ms/epoch-072.pkl
2017-02-05 07:39:06,106 INFO     epoch: 72 took 808.230s (0.002s in batching)
training loss:	0.504406
validation loss:	0.521014
validation error:	0.257851
2017-02-05 07:39:06,111 INFO     Wrote output to trainNN/out/v047-unified-11-g2708ad4:lstm-best-1990ms/config.json
2017-02-05 07:51:41,754 INFO     Saving network params to trainNN/out/v047-unified-11-g2708ad4:lstm-best-1990ms/epoch-073.pkl
2017-02-05 07:52:35,333 INFO     epoch: 73 took 809.227s (0.002s in batching)
training loss:	0.504479
validation loss:	0.522080
validation error:	0.258248
2017-02-05 07:52:35,338 INFO     Wrote output to trainNN/out/v047-unified-11-g2708ad4:lstm-best-1990ms/config.json
2017-02-05 08:05:09,879 INFO     Saving network params to trainNN/out/v047-unified-11-g2708ad4:lstm-best-1990ms/epoch-074.pkl
2017-02-05 08:06:03,728 INFO     epoch: 74 took 808.396s (0.002s in batching)
training loss:	0.504279
validation loss:	0.519043
validation error:	0.257587
2017-02-05 08:06:03,734 INFO     Wrote output to trainNN/out/v047-unified-11-g2708ad4:lstm-best-1990ms/config.json
2017-02-05 08:18:39,757 INFO     Saving network params to trainNN/out/v047-unified-11-g2708ad4:lstm-best-1990ms/epoch-075.pkl
2017-02-05 08:19:32,297 INFO     epoch: 75 took 808.568s (0.002s in batching)
training loss:	0.503958
validation loss:	0.518989
validation error:	0.256198
2017-02-05 08:19:32,302 INFO     Wrote output to trainNN/out/v047-unified-11-g2708ad4:lstm-best-1990ms/config.json
2017-02-05 08:32:07,128 INFO     Saving network params to trainNN/out/v047-unified-11-g2708ad4:lstm-best-1990ms/epoch-076.pkl
2017-02-05 08:32:59,183 INFO     epoch: 76 took 806.887s (0.002s in batching)
training loss:	0.503898
validation loss:	0.522856
validation error:	0.260595
2017-02-05 08:32:59,188 INFO     Wrote output to trainNN/out/v047-unified-11-g2708ad4:lstm-best-1990ms/config.json
2017-02-05 08:45:34,296 INFO     Saving network params to trainNN/out/v047-unified-11-g2708ad4:lstm-best-1990ms/epoch-077.pkl
2017-02-05 08:46:28,173 INFO     epoch: 77 took 808.990s (0.002s in batching)
training loss:	0.503608
validation loss:	0.519577
validation error:	0.255669
2017-02-05 08:46:28,178 INFO     Wrote output to trainNN/out/v047-unified-11-g2708ad4:lstm-best-1990ms/config.json
2017-02-05 08:59:01,956 INFO     Saving network params to trainNN/out/v047-unified-11-g2708ad4:lstm-best-1990ms/epoch-078.pkl
2017-02-05 08:59:55,080 INFO     epoch: 78 took 806.907s (0.002s in batching)
training loss:	0.503643
validation loss:	0.519144
validation error:	0.258645
2017-02-05 08:59:55,085 INFO     Wrote output to trainNN/out/v047-unified-11-g2708ad4:lstm-best-1990ms/config.json
2017-02-05 09:12:27,369 INFO     Saving network params to trainNN/out/v047-unified-11-g2708ad4:lstm-best-1990ms/epoch-079.pkl
2017-02-05 09:13:20,829 INFO     epoch: 79 took 805.749s (0.002s in batching)
training loss:	0.503531
validation loss:	0.523145
validation error:	0.258248
2017-02-05 09:13:20,834 INFO     Wrote output to trainNN/out/v047-unified-11-g2708ad4:lstm-best-1990ms/config.json
2017-02-05 09:25:54,887 INFO     Saving network params to trainNN/out/v047-unified-11-g2708ad4:lstm-best-1990ms/epoch-080.pkl
2017-02-05 09:26:48,703 INFO     epoch: 80 took 807.875s (0.002s in batching)
training loss:	0.503139
validation loss:	0.520295
validation error:	0.257455
2017-02-05 09:26:48,708 INFO     Wrote output to trainNN/out/v047-unified-11-g2708ad4:lstm-best-1990ms/config.json
2017-02-05 09:39:22,050 INFO     Saving network params to trainNN/out/v047-unified-11-g2708ad4:lstm-best-1990ms/epoch-081.pkl
2017-02-05 09:40:16,983 INFO     epoch: 81 took 808.280s (0.002s in batching)
training loss:	0.502819
validation loss:	0.518954
validation error:	0.255868
2017-02-05 09:40:16,988 INFO     Wrote output to trainNN/out/v047-unified-11-g2708ad4:lstm-best-1990ms/config.json
2017-02-05 09:52:49,792 INFO     Saving network params to trainNN/out/v047-unified-11-g2708ad4:lstm-best-1990ms/epoch-082.pkl
2017-02-05 09:53:44,390 INFO     epoch: 82 took 807.407s (0.002s in batching)
training loss:	0.502573
validation loss:	0.520869
validation error:	0.258843
2017-02-05 09:53:44,396 INFO     Wrote output to trainNN/out/v047-unified-11-g2708ad4:lstm-best-1990ms/config.json
2017-02-05 10:06:11,623 INFO     Saving network params to trainNN/out/v047-unified-11-g2708ad4:lstm-best-1990ms/epoch-083.pkl
2017-02-05 10:07:03,881 INFO     epoch: 83 took 799.491s (0.002s in batching)
training loss:	0.502659
validation loss:	0.520270
validation error:	0.255636
2017-02-05 10:07:03,886 INFO     Wrote output to trainNN/out/v047-unified-11-g2708ad4:lstm-best-1990ms/config.json
2017-02-05 10:19:39,135 INFO     Saving network params to trainNN/out/v047-unified-11-g2708ad4:lstm-best-1990ms/epoch-084.pkl
2017-02-05 10:20:31,500 INFO     epoch: 84 took 807.618s (0.002s in batching)
training loss:	0.502425
validation loss:	0.524419
validation error:	0.258876
2017-02-05 10:20:31,505 INFO     Wrote output to trainNN/out/v047-unified-11-g2708ad4:lstm-best-1990ms/config.json
2017-02-05 10:33:10,223 INFO     Saving network params to trainNN/out/v047-unified-11-g2708ad4:lstm-best-1990ms/epoch-085.pkl
2017-02-05 10:34:04,211 INFO     epoch: 85 took 812.711s (0.002s in batching)
training loss:	0.502140
validation loss:	0.526359
validation error:	0.258843
2017-02-05 10:34:04,216 INFO     Wrote output to trainNN/out/v047-unified-11-g2708ad4:lstm-best-1990ms/config.json
2017-02-05 10:46:25,121 INFO     Saving network params to trainNN/out/v047-unified-11-g2708ad4:lstm-best-1990ms/epoch-086.pkl
2017-02-05 10:47:15,851 INFO     epoch: 86 took 791.640s (0.005s in batching)
training loss:	0.501849
validation loss:	0.524990
validation error:	0.259207
2017-02-05 10:47:15,856 INFO     Wrote output to trainNN/out/v047-unified-11-g2708ad4:lstm-best-1990ms/config.json
2017-02-05 10:59:37,247 INFO     Saving network params to trainNN/out/v047-unified-11-g2708ad4:lstm-best-1990ms/epoch-087.pkl
2017-02-05 11:00:26,079 INFO     epoch: 87 took 790.227s (0.002s in batching)
training loss:	0.502528
validation loss:	0.523236
validation error:	0.258711
2017-02-05 11:00:26,125 INFO     Wrote output to trainNN/out/v047-unified-11-g2708ad4:lstm-best-1990ms/config.json
2017-02-05 11:12:43,837 INFO     Saving network params to trainNN/out/v047-unified-11-g2708ad4:lstm-best-1990ms/epoch-088.pkl
2017-02-05 11:13:36,483 INFO     epoch: 88 took 790.405s (0.004s in batching)
training loss:	0.501587
validation loss:	0.524591
validation error:	0.259008
2017-02-05 11:13:36,486 INFO     Wrote output to trainNN/out/v047-unified-11-g2708ad4:lstm-best-1990ms/config.json
2017-02-05 11:24:57,294 INFO     Saving network params to trainNN/out/v047-unified-11-g2708ad4:lstm-best-1990ms/epoch-089.pkl
2017-02-05 11:25:44,457 INFO     epoch: 89 took 727.974s (0.002s in batching)
training loss:	0.501841
validation loss:	0.519638
validation error:	0.257488
2017-02-05 11:25:44,460 INFO     Wrote output to trainNN/out/v047-unified-11-g2708ad4:lstm-best-1990ms/config.json
2017-02-05 11:36:47,606 INFO     Saving network params to trainNN/out/v047-unified-11-g2708ad4:lstm-best-1990ms/epoch-090.pkl
2017-02-05 11:37:35,109 INFO     epoch: 90 took 710.651s (0.002s in batching)
training loss:	0.501645
validation loss:	0.527586
validation error:	0.257950
2017-02-05 11:37:35,112 INFO     Wrote output to trainNN/out/v047-unified-11-g2708ad4:lstm-best-1990ms/config.json
2017-02-05 11:48:38,836 INFO     Saving network params to trainNN/out/v047-unified-11-g2708ad4:lstm-best-1990ms/epoch-091.pkl
2017-02-05 11:49:25,598 INFO     epoch: 91 took 710.489s (0.002s in batching)
training loss:	0.501526
validation loss:	0.527613
validation error:	0.259306
2017-02-05 11:49:25,600 INFO     Wrote output to trainNN/out/v047-unified-11-g2708ad4:lstm-best-1990ms/config.json
2017-02-05 12:00:29,592 INFO     Saving network params to trainNN/out/v047-unified-11-g2708ad4:lstm-best-1990ms/epoch-092.pkl
2017-02-05 12:01:13,647 INFO     epoch: 92 took 708.049s (0.002s in batching)
training loss:	0.500989
validation loss:	0.525231
validation error:	0.258281
2017-02-05 12:01:13,788 INFO     Wrote output to trainNN/out/v047-unified-11-g2708ad4:lstm-best-1990ms/config.json
2017-02-05 12:12:05,558 INFO     Saving network params to trainNN/out/v047-unified-11-g2708ad4:lstm-best-1990ms/epoch-093.pkl
2017-02-05 12:12:52,571 INFO     epoch: 93 took 698.923s (0.003s in batching)
training loss:	0.500822
validation loss:	0.523194
validation error:	0.258942
2017-02-05 12:12:52,593 INFO     Wrote output to trainNN/out/v047-unified-11-g2708ad4:lstm-best-1990ms/config.json
2017-02-05 12:23:55,448 INFO     Saving network params to trainNN/out/v047-unified-11-g2708ad4:lstm-best-1990ms/epoch-094.pkl
2017-02-05 12:24:41,131 INFO     epoch: 94 took 708.561s (0.006s in batching)
training loss:	0.500931
validation loss:	0.529975
validation error:	0.260694
2017-02-05 12:24:41,137 INFO     Wrote output to trainNN/out/v047-unified-11-g2708ad4:lstm-best-1990ms/config.json
2017-02-05 12:35:42,757 INFO     Saving network params to trainNN/out/v047-unified-11-g2708ad4:lstm-best-1990ms/epoch-095.pkl
2017-02-05 12:36:22,394 INFO     epoch: 95 took 701.263s (0.002s in batching)
training loss:	0.504745
validation loss:	0.524494
validation error:	0.255438
2017-02-05 12:36:22,398 INFO     Wrote output to trainNN/out/v047-unified-11-g2708ad4:lstm-best-1990ms/config.json
2017-02-05 12:47:41,871 INFO     Saving network params to trainNN/out/v047-unified-11-g2708ad4:lstm-best-1990ms/epoch-096.pkl
2017-02-05 12:48:26,241 INFO     epoch: 96 took 723.847s (0.002s in batching)
training loss:	0.501320
validation loss:	0.523354
validation error:	0.258314
2017-02-05 12:48:26,245 INFO     Wrote output to trainNN/out/v047-unified-11-g2708ad4:lstm-best-1990ms/config.json
2017-02-05 12:59:27,230 INFO     Saving network params to trainNN/out/v047-unified-11-g2708ad4:lstm-best-1990ms/epoch-097.pkl
2017-02-05 13:00:15,668 INFO     epoch: 97 took 709.427s (0.002s in batching)
training loss:	0.500564
validation loss:	0.525741
validation error:	0.259240
2017-02-05 13:00:15,671 INFO     Wrote output to trainNN/out/v047-unified-11-g2708ad4:lstm-best-1990ms/config.json
2017-02-05 13:11:04,248 INFO     Saving network params to trainNN/out/v047-unified-11-g2708ad4:lstm-best-1990ms/epoch-098.pkl
2017-02-05 13:11:47,018 INFO     epoch: 98 took 691.347s (0.011s in batching)
training loss:	0.500970
validation loss:	0.527034
validation error:	0.260992
2017-02-05 13:11:47,051 INFO     Wrote output to trainNN/out/v047-unified-11-g2708ad4:lstm-best-1990ms/config.json
2017-02-05 13:21:12,525 INFO     Saving network params to trainNN/out/v047-unified-11-g2708ad4:lstm-best-1990ms/epoch-099.pkl
2017-02-05 13:21:52,499 INFO     epoch: 99 took 605.483s (0.003s in batching)
training loss:	0.499969
validation loss:	0.522074
validation error:	0.256496
2017-02-05 13:21:52,503 INFO     Wrote output to trainNN/out/v047-unified-11-g2708ad4:lstm-best-1990ms/config.json
