2017-02-05 18:48:11,011 DEBUG    version=v048-finunified-15-g92ee0a9:lstm-best-context-2000ms-far
2017-02-05 18:48:11,011 INFO     Open DBase(data/db/all240302-spk.dat, data/db/all240302-spk.idx, mode='r')
2017-02-05 18:48:22,556 DEBUG    extracting and saving data to data/cache/extract-cd25a77064c8f37ff957f29c70328bb212613c270d5390a2589850a5ebed7c5e.pickle
2017-02-05 18:56:17,946 DEBUG    set input dim to 14
2017-02-05 18:56:17,946 DEBUG    input dim = 14
2017-02-05 18:56:17,954 DEBUG    shuffling batches
2017-02-05 18:56:20,818 DEBUG    shuffling done
2017-02-05 18:56:20,818 DEBUG    loading data into ram
2017-02-05 18:56:20,877 DEBUG    loading data took 0.059s (cpu: 0.059s)
2017-02-05 18:56:21,067 DEBUG    set input dim to 14
2017-02-05 18:56:21,067 DEBUG    input dim = 14
2017-02-05 18:56:21,088 DEBUG    shuffling batches
2017-02-05 18:56:21,359 DEBUG    shuffling done
2017-02-05 18:56:21,359 DEBUG    loading data into ram
2017-02-05 18:56:21,366 DEBUG    loading data took 0.007s (cpu: 0.007s)
2017-02-05 18:56:21,479 DEBUG    Applying L2 regularization with 0.000100
2017-02-05 18:56:21,556 INFO     Training network with 39027 trainable out of 39237 total params.
2017-02-05 18:56:22,342 DEBUG    Using adam with learning_rate=0.001000
2017-02-05 18:56:41,062 DEBUG    Starting training...
2017-02-05 18:57:46,956 INFO     Saving network params to trainNN/out/v048-finunified-15-g92ee0a9:lstm-best-context-2000ms-far/epoch-000.pkl
2017-02-05 18:57:49,808 INFO     epoch: 0 took 68.745s (0.001s in batching)
training loss:	0.613124
validation loss:	0.571388
validation error:	0.298400
2017-02-05 18:57:49,808 INFO     Wrote output to trainNN/out/v048-finunified-15-g92ee0a9:lstm-best-context-2000ms-far/config.json
2017-02-05 18:58:56,362 INFO     Saving network params to trainNN/out/v048-finunified-15-g92ee0a9:lstm-best-context-2000ms-far/epoch-001.pkl
2017-02-05 18:58:59,213 INFO     epoch: 1 took 69.405s (0.001s in batching)
training loss:	0.582182
validation loss:	0.565071
validation error:	0.300100
2017-02-05 18:58:59,214 INFO     Wrote output to trainNN/out/v048-finunified-15-g92ee0a9:lstm-best-context-2000ms-far/config.json
2017-02-05 19:00:07,930 INFO     Saving network params to trainNN/out/v048-finunified-15-g92ee0a9:lstm-best-context-2000ms-far/epoch-002.pkl
2017-02-05 19:00:10,763 INFO     epoch: 2 took 71.550s (0.001s in batching)
training loss:	0.573356
validation loss:	0.558530
validation error:	0.287400
2017-02-05 19:00:10,764 INFO     Wrote output to trainNN/out/v048-finunified-15-g92ee0a9:lstm-best-context-2000ms-far/config.json
2017-02-05 19:01:16,619 INFO     Saving network params to trainNN/out/v048-finunified-15-g92ee0a9:lstm-best-context-2000ms-far/epoch-003.pkl
2017-02-05 19:01:19,476 INFO     epoch: 3 took 68.713s (0.001s in batching)
training loss:	0.566749
validation loss:	0.554071
validation error:	0.285600
2017-02-05 19:01:19,477 INFO     Wrote output to trainNN/out/v048-finunified-15-g92ee0a9:lstm-best-context-2000ms-far/config.json
2017-02-05 19:02:25,554 INFO     Saving network params to trainNN/out/v048-finunified-15-g92ee0a9:lstm-best-context-2000ms-far/epoch-004.pkl
2017-02-05 19:02:28,397 INFO     epoch: 4 took 68.921s (0.001s in batching)
training loss:	0.561854
validation loss:	0.547512
validation error:	0.279800
2017-02-05 19:02:28,398 INFO     Wrote output to trainNN/out/v048-finunified-15-g92ee0a9:lstm-best-context-2000ms-far/config.json
2017-02-05 19:03:34,448 INFO     Saving network params to trainNN/out/v048-finunified-15-g92ee0a9:lstm-best-context-2000ms-far/epoch-005.pkl
2017-02-05 19:03:37,289 INFO     epoch: 5 took 68.892s (0.001s in batching)
training loss:	0.557633
validation loss:	0.547072
validation error:	0.280100
2017-02-05 19:03:37,290 INFO     Wrote output to trainNN/out/v048-finunified-15-g92ee0a9:lstm-best-context-2000ms-far/config.json
2017-02-05 19:04:43,138 INFO     Saving network params to trainNN/out/v048-finunified-15-g92ee0a9:lstm-best-context-2000ms-far/epoch-006.pkl
2017-02-05 19:04:45,981 INFO     epoch: 6 took 68.692s (0.001s in batching)
training loss:	0.553701
validation loss:	0.543567
validation error:	0.275600
2017-02-05 19:04:45,982 INFO     Wrote output to trainNN/out/v048-finunified-15-g92ee0a9:lstm-best-context-2000ms-far/config.json
2017-02-05 19:05:51,979 INFO     Saving network params to trainNN/out/v048-finunified-15-g92ee0a9:lstm-best-context-2000ms-far/epoch-007.pkl
2017-02-05 19:05:54,811 INFO     epoch: 7 took 68.830s (0.001s in batching)
training loss:	0.550000
validation loss:	0.540626
validation error:	0.272000
2017-02-05 19:05:54,812 INFO     Wrote output to trainNN/out/v048-finunified-15-g92ee0a9:lstm-best-context-2000ms-far/config.json
2017-02-05 19:07:00,825 INFO     Saving network params to trainNN/out/v048-finunified-15-g92ee0a9:lstm-best-context-2000ms-far/epoch-008.pkl
2017-02-05 19:07:03,695 INFO     epoch: 8 took 68.884s (0.001s in batching)
training loss:	0.546864
validation loss:	0.539382
validation error:	0.269800
2017-02-05 19:07:03,696 INFO     Wrote output to trainNN/out/v048-finunified-15-g92ee0a9:lstm-best-context-2000ms-far/config.json
2017-02-05 19:08:10,240 INFO     Saving network params to trainNN/out/v048-finunified-15-g92ee0a9:lstm-best-context-2000ms-far/epoch-009.pkl
2017-02-05 19:08:13,082 INFO     epoch: 9 took 69.387s (0.001s in batching)
training loss:	0.544137
validation loss:	0.535862
validation error:	0.268100
2017-02-05 19:08:13,083 INFO     Wrote output to trainNN/out/v048-finunified-15-g92ee0a9:lstm-best-context-2000ms-far/config.json
2017-02-05 19:09:21,741 INFO     Saving network params to trainNN/out/v048-finunified-15-g92ee0a9:lstm-best-context-2000ms-far/epoch-010.pkl
2017-02-05 19:09:24,602 INFO     epoch: 10 took 71.520s (0.001s in batching)
training loss:	0.542643
validation loss:	0.533449
validation error:	0.263500
2017-02-05 19:09:24,603 INFO     Wrote output to trainNN/out/v048-finunified-15-g92ee0a9:lstm-best-context-2000ms-far/config.json
2017-02-05 19:10:31,867 INFO     Saving network params to trainNN/out/v048-finunified-15-g92ee0a9:lstm-best-context-2000ms-far/epoch-011.pkl
2017-02-05 19:10:34,700 INFO     epoch: 11 took 70.098s (0.001s in batching)
training loss:	0.540950
validation loss:	0.531295
validation error:	0.262900
2017-02-05 19:10:34,701 INFO     Wrote output to trainNN/out/v048-finunified-15-g92ee0a9:lstm-best-context-2000ms-far/config.json
2017-02-05 19:11:40,672 INFO     Saving network params to trainNN/out/v048-finunified-15-g92ee0a9:lstm-best-context-2000ms-far/epoch-012.pkl
2017-02-05 19:11:43,534 INFO     epoch: 12 took 68.834s (0.001s in batching)
training loss:	0.538731
validation loss:	0.530750
validation error:	0.261500
2017-02-05 19:11:43,535 INFO     Wrote output to trainNN/out/v048-finunified-15-g92ee0a9:lstm-best-context-2000ms-far/config.json
2017-02-05 19:12:49,548 INFO     Saving network params to trainNN/out/v048-finunified-15-g92ee0a9:lstm-best-context-2000ms-far/epoch-013.pkl
2017-02-05 19:12:52,379 INFO     epoch: 13 took 68.845s (0.001s in batching)
training loss:	0.536365
validation loss:	0.529637
validation error:	0.263100
2017-02-05 19:12:52,380 INFO     Wrote output to trainNN/out/v048-finunified-15-g92ee0a9:lstm-best-context-2000ms-far/config.json
2017-02-05 19:13:58,497 INFO     Saving network params to trainNN/out/v048-finunified-15-g92ee0a9:lstm-best-context-2000ms-far/epoch-014.pkl
2017-02-05 19:14:01,369 INFO     epoch: 14 took 68.990s (0.001s in batching)
training loss:	0.535324
validation loss:	0.531740
validation error:	0.267200
2017-02-05 19:14:01,370 INFO     Wrote output to trainNN/out/v048-finunified-15-g92ee0a9:lstm-best-context-2000ms-far/config.json
2017-02-05 19:15:10,134 INFO     Saving network params to trainNN/out/v048-finunified-15-g92ee0a9:lstm-best-context-2000ms-far/epoch-015.pkl
2017-02-05 19:15:12,988 INFO     epoch: 15 took 71.619s (0.001s in batching)
training loss:	0.534227
validation loss:	0.527658
validation error:	0.263200
2017-02-05 19:15:12,989 INFO     Wrote output to trainNN/out/v048-finunified-15-g92ee0a9:lstm-best-context-2000ms-far/config.json
2017-02-05 19:16:14,126 INFO     Saving network params to trainNN/out/v048-finunified-15-g92ee0a9:lstm-best-context-2000ms-far/epoch-016.pkl
2017-02-05 19:16:14,841 INFO     epoch: 16 took 61.853s (0.001s in batching)
training loss:	0.531953
validation loss:	0.528023
validation error:	0.263700
2017-02-05 19:16:14,872 INFO     Wrote output to trainNN/out/v048-finunified-15-g92ee0a9:lstm-best-context-2000ms-far/config.json
2017-02-05 19:16:48,459 INFO     Saving network params to trainNN/out/v048-finunified-15-g92ee0a9:lstm-best-context-2000ms-far/epoch-017.pkl
2017-02-05 19:16:49,227 INFO     epoch: 17 took 34.386s (0.001s in batching)
training loss:	0.530465
validation loss:	0.526787
validation error:	0.264200
2017-02-05 19:16:49,228 INFO     Wrote output to trainNN/out/v048-finunified-15-g92ee0a9:lstm-best-context-2000ms-far/config.json
2017-02-05 19:17:22,803 INFO     Saving network params to trainNN/out/v048-finunified-15-g92ee0a9:lstm-best-context-2000ms-far/epoch-018.pkl
2017-02-05 19:17:23,518 INFO     epoch: 18 took 34.291s (0.001s in batching)
training loss:	0.530402
validation loss:	0.520613
validation error:	0.253100
2017-02-05 19:17:23,519 INFO     Wrote output to trainNN/out/v048-finunified-15-g92ee0a9:lstm-best-context-2000ms-far/config.json
2017-02-05 19:17:56,588 INFO     Saving network params to trainNN/out/v048-finunified-15-g92ee0a9:lstm-best-context-2000ms-far/epoch-019.pkl
2017-02-05 19:17:57,293 INFO     epoch: 19 took 33.775s (0.001s in batching)
training loss:	0.527479
validation loss:	0.522665
validation error:	0.255400
2017-02-05 19:17:57,294 INFO     Wrote output to trainNN/out/v048-finunified-15-g92ee0a9:lstm-best-context-2000ms-far/config.json
2017-02-05 19:18:30,889 INFO     Saving network params to trainNN/out/v048-finunified-15-g92ee0a9:lstm-best-context-2000ms-far/epoch-020.pkl
2017-02-05 19:18:31,594 INFO     epoch: 20 took 34.301s (0.001s in batching)
training loss:	0.526429
validation loss:	0.522676
validation error:	0.260300
2017-02-05 19:18:31,595 INFO     Wrote output to trainNN/out/v048-finunified-15-g92ee0a9:lstm-best-context-2000ms-far/config.json
2017-02-05 19:19:04,729 INFO     Saving network params to trainNN/out/v048-finunified-15-g92ee0a9:lstm-best-context-2000ms-far/epoch-021.pkl
2017-02-05 19:19:05,435 INFO     epoch: 21 took 33.842s (0.001s in batching)
training loss:	0.525850
validation loss:	0.521795
validation error:	0.255800
2017-02-05 19:19:05,436 INFO     Wrote output to trainNN/out/v048-finunified-15-g92ee0a9:lstm-best-context-2000ms-far/config.json
2017-02-05 19:19:39,454 INFO     Saving network params to trainNN/out/v048-finunified-15-g92ee0a9:lstm-best-context-2000ms-far/epoch-022.pkl
2017-02-05 19:19:40,179 INFO     epoch: 22 took 34.744s (0.001s in batching)
training loss:	0.524358
validation loss:	0.521727
validation error:	0.256700
2017-02-05 19:19:40,180 INFO     Wrote output to trainNN/out/v048-finunified-15-g92ee0a9:lstm-best-context-2000ms-far/config.json
2017-02-05 19:20:14,277 INFO     Saving network params to trainNN/out/v048-finunified-15-g92ee0a9:lstm-best-context-2000ms-far/epoch-023.pkl
2017-02-05 19:20:14,986 INFO     epoch: 23 took 34.807s (0.001s in batching)
training loss:	0.523228
validation loss:	0.524329
validation error:	0.256900
2017-02-05 19:20:14,987 INFO     Wrote output to trainNN/out/v048-finunified-15-g92ee0a9:lstm-best-context-2000ms-far/config.json
2017-02-05 19:20:48,586 INFO     Saving network params to trainNN/out/v048-finunified-15-g92ee0a9:lstm-best-context-2000ms-far/epoch-024.pkl
2017-02-05 19:20:49,309 INFO     epoch: 24 took 34.324s (0.001s in batching)
training loss:	0.522612
validation loss:	0.522623
validation error:	0.255500
2017-02-05 19:20:49,311 INFO     Wrote output to trainNN/out/v048-finunified-15-g92ee0a9:lstm-best-context-2000ms-far/config.json
2017-02-05 19:21:22,217 INFO     Saving network params to trainNN/out/v048-finunified-15-g92ee0a9:lstm-best-context-2000ms-far/epoch-025.pkl
2017-02-05 19:21:22,916 INFO     epoch: 25 took 33.607s (0.001s in batching)
training loss:	0.521870
validation loss:	0.520301
validation error:	0.258400
2017-02-05 19:21:22,917 INFO     Wrote output to trainNN/out/v048-finunified-15-g92ee0a9:lstm-best-context-2000ms-far/config.json
2017-02-05 19:21:55,826 INFO     Saving network params to trainNN/out/v048-finunified-15-g92ee0a9:lstm-best-context-2000ms-far/epoch-026.pkl
2017-02-05 19:21:56,530 INFO     epoch: 26 took 33.614s (0.001s in batching)
training loss:	0.521025
validation loss:	0.518560
validation error:	0.254600
2017-02-05 19:21:56,532 INFO     Wrote output to trainNN/out/v048-finunified-15-g92ee0a9:lstm-best-context-2000ms-far/config.json
2017-02-05 19:22:29,583 INFO     Saving network params to trainNN/out/v048-finunified-15-g92ee0a9:lstm-best-context-2000ms-far/epoch-027.pkl
2017-02-05 19:22:30,287 INFO     epoch: 27 took 33.756s (0.001s in batching)
training loss:	0.520054
validation loss:	0.521134
validation error:	0.252300
2017-02-05 19:22:30,288 INFO     Wrote output to trainNN/out/v048-finunified-15-g92ee0a9:lstm-best-context-2000ms-far/config.json
2017-02-05 19:23:03,169 INFO     Saving network params to trainNN/out/v048-finunified-15-g92ee0a9:lstm-best-context-2000ms-far/epoch-028.pkl
2017-02-05 19:23:03,868 INFO     epoch: 28 took 33.581s (0.001s in batching)
training loss:	0.518927
validation loss:	0.518569
validation error:	0.257500
2017-02-05 19:23:03,869 INFO     Wrote output to trainNN/out/v048-finunified-15-g92ee0a9:lstm-best-context-2000ms-far/config.json
2017-02-05 19:23:36,676 INFO     Saving network params to trainNN/out/v048-finunified-15-g92ee0a9:lstm-best-context-2000ms-far/epoch-029.pkl
2017-02-05 19:23:37,380 INFO     epoch: 29 took 33.513s (0.001s in batching)
training loss:	0.518583
validation loss:	0.518843
validation error:	0.253300
2017-02-05 19:23:37,382 INFO     Wrote output to trainNN/out/v048-finunified-15-g92ee0a9:lstm-best-context-2000ms-far/config.json
2017-02-05 19:24:10,192 INFO     Saving network params to trainNN/out/v048-finunified-15-g92ee0a9:lstm-best-context-2000ms-far/epoch-030.pkl
2017-02-05 19:24:11,856 INFO     epoch: 30 took 34.476s (0.001s in batching)
training loss:	0.517153
validation loss:	0.517922
validation error:	0.254000
2017-02-05 19:24:12,494 INFO     Wrote output to trainNN/out/v048-finunified-15-g92ee0a9:lstm-best-context-2000ms-far/config.json
2017-02-05 19:24:45,415 INFO     Saving network params to trainNN/out/v048-finunified-15-g92ee0a9:lstm-best-context-2000ms-far/epoch-031.pkl
2017-02-05 19:24:46,109 INFO     epoch: 31 took 34.253s (0.001s in batching)
training loss:	0.516713
validation loss:	0.517096
validation error:	0.259100
2017-02-05 19:24:46,110 INFO     Wrote output to trainNN/out/v048-finunified-15-g92ee0a9:lstm-best-context-2000ms-far/config.json
2017-02-05 19:25:18,894 INFO     Saving network params to trainNN/out/v048-finunified-15-g92ee0a9:lstm-best-context-2000ms-far/epoch-032.pkl
2017-02-05 19:25:19,600 INFO     epoch: 32 took 33.491s (0.001s in batching)
training loss:	0.516344
validation loss:	0.520391
validation error:	0.255500
2017-02-05 19:25:19,602 INFO     Wrote output to trainNN/out/v048-finunified-15-g92ee0a9:lstm-best-context-2000ms-far/config.json
2017-02-05 19:25:52,413 INFO     Saving network params to trainNN/out/v048-finunified-15-g92ee0a9:lstm-best-context-2000ms-far/epoch-033.pkl
2017-02-05 19:25:53,109 INFO     epoch: 33 took 33.509s (0.001s in batching)
training loss:	0.516296
validation loss:	0.519490
validation error:	0.254600
2017-02-05 19:25:53,111 INFO     Wrote output to trainNN/out/v048-finunified-15-g92ee0a9:lstm-best-context-2000ms-far/config.json
2017-02-05 19:26:25,987 INFO     Saving network params to trainNN/out/v048-finunified-15-g92ee0a9:lstm-best-context-2000ms-far/epoch-034.pkl
2017-02-05 19:26:26,700 INFO     epoch: 34 took 33.590s (0.001s in batching)
training loss:	0.515148
validation loss:	0.516131
validation error:	0.254500
2017-02-05 19:26:26,701 INFO     Wrote output to trainNN/out/v048-finunified-15-g92ee0a9:lstm-best-context-2000ms-far/config.json
2017-02-05 19:27:00,070 INFO     Saving network params to trainNN/out/v048-finunified-15-g92ee0a9:lstm-best-context-2000ms-far/epoch-035.pkl
2017-02-05 19:27:00,816 INFO     epoch: 35 took 34.116s (0.001s in batching)
training loss:	0.513962
validation loss:	0.515860
validation error:	0.250800
2017-02-05 19:27:00,817 INFO     Wrote output to trainNN/out/v048-finunified-15-g92ee0a9:lstm-best-context-2000ms-far/config.json
2017-02-05 19:27:34,136 INFO     Saving network params to trainNN/out/v048-finunified-15-g92ee0a9:lstm-best-context-2000ms-far/epoch-036.pkl
2017-02-05 19:27:34,887 INFO     epoch: 36 took 34.071s (0.001s in batching)
training loss:	0.513902
validation loss:	0.517375
validation error:	0.254900
2017-02-05 19:27:34,888 INFO     Wrote output to trainNN/out/v048-finunified-15-g92ee0a9:lstm-best-context-2000ms-far/config.json
2017-02-05 19:28:08,357 INFO     Saving network params to trainNN/out/v048-finunified-15-g92ee0a9:lstm-best-context-2000ms-far/epoch-037.pkl
2017-02-05 19:28:09,535 INFO     epoch: 37 took 34.648s (0.001s in batching)
training loss:	0.512896
validation loss:	0.515746
validation error:	0.253700
2017-02-05 19:28:09,536 INFO     Wrote output to trainNN/out/v048-finunified-15-g92ee0a9:lstm-best-context-2000ms-far/config.json
2017-02-05 19:28:42,514 INFO     Saving network params to trainNN/out/v048-finunified-15-g92ee0a9:lstm-best-context-2000ms-far/epoch-038.pkl
2017-02-05 19:28:43,286 INFO     epoch: 38 took 33.751s (0.001s in batching)
training loss:	0.512807
validation loss:	0.516838
validation error:	0.252000
2017-02-05 19:28:43,288 INFO     Wrote output to trainNN/out/v048-finunified-15-g92ee0a9:lstm-best-context-2000ms-far/config.json
2017-02-05 19:29:16,799 INFO     Saving network params to trainNN/out/v048-finunified-15-g92ee0a9:lstm-best-context-2000ms-far/epoch-039.pkl
2017-02-05 19:29:17,507 INFO     epoch: 39 took 34.221s (0.001s in batching)
training loss:	0.511554
validation loss:	0.513860
validation error:	0.249900
2017-02-05 19:29:17,509 INFO     Wrote output to trainNN/out/v048-finunified-15-g92ee0a9:lstm-best-context-2000ms-far/config.json
2017-02-05 19:29:50,513 INFO     Saving network params to trainNN/out/v048-finunified-15-g92ee0a9:lstm-best-context-2000ms-far/epoch-040.pkl
2017-02-05 19:29:51,217 INFO     epoch: 40 took 33.710s (0.001s in batching)
training loss:	0.510895
validation loss:	0.517015
validation error:	0.251700
2017-02-05 19:29:51,218 INFO     Wrote output to trainNN/out/v048-finunified-15-g92ee0a9:lstm-best-context-2000ms-far/config.json
2017-02-05 19:30:24,428 INFO     Saving network params to trainNN/out/v048-finunified-15-g92ee0a9:lstm-best-context-2000ms-far/epoch-041.pkl
2017-02-05 19:30:25,136 INFO     epoch: 41 took 33.919s (0.001s in batching)
training loss:	0.511176
validation loss:	0.514924
validation error:	0.251100
2017-02-05 19:30:25,137 INFO     Wrote output to trainNN/out/v048-finunified-15-g92ee0a9:lstm-best-context-2000ms-far/config.json
2017-02-05 19:30:58,403 INFO     Saving network params to trainNN/out/v048-finunified-15-g92ee0a9:lstm-best-context-2000ms-far/epoch-042.pkl
2017-02-05 19:31:03,084 INFO     epoch: 42 took 37.948s (0.001s in batching)
training loss:	0.509739
validation loss:	0.518590
validation error:	0.253900
2017-02-05 19:31:08,324 INFO     Wrote output to trainNN/out/v048-finunified-15-g92ee0a9:lstm-best-context-2000ms-far/config.json
2017-02-05 19:31:44,237 INFO     Saving network params to trainNN/out/v048-finunified-15-g92ee0a9:lstm-best-context-2000ms-far/epoch-043.pkl
2017-02-05 19:31:45,343 INFO     epoch: 43 took 42.259s (0.001s in batching)
training loss:	0.509698
validation loss:	0.516636
validation error:	0.251100
2017-02-05 19:31:45,514 INFO     Wrote output to trainNN/out/v048-finunified-15-g92ee0a9:lstm-best-context-2000ms-far/config.json
2017-02-05 19:32:18,687 INFO     Saving network params to trainNN/out/v048-finunified-15-g92ee0a9:lstm-best-context-2000ms-far/epoch-044.pkl
2017-02-05 19:32:19,551 INFO     epoch: 44 took 34.208s (0.001s in batching)
training loss:	0.509081
validation loss:	0.516751
validation error:	0.251900
2017-02-05 19:32:20,389 INFO     Wrote output to trainNN/out/v048-finunified-15-g92ee0a9:lstm-best-context-2000ms-far/config.json
2017-02-05 19:32:53,602 INFO     Saving network params to trainNN/out/v048-finunified-15-g92ee0a9:lstm-best-context-2000ms-far/epoch-045.pkl
2017-02-05 19:32:54,334 INFO     epoch: 45 took 34.783s (0.001s in batching)
training loss:	0.508611
validation loss:	0.517634
validation error:	0.253300
2017-02-05 19:32:54,335 INFO     Wrote output to trainNN/out/v048-finunified-15-g92ee0a9:lstm-best-context-2000ms-far/config.json
2017-02-05 19:33:27,367 INFO     Saving network params to trainNN/out/v048-finunified-15-g92ee0a9:lstm-best-context-2000ms-far/epoch-046.pkl
2017-02-05 19:33:32,403 INFO     epoch: 46 took 38.070s (0.001s in batching)
training loss:	0.508491
validation loss:	0.517798
validation error:	0.253500
2017-02-05 19:33:32,404 INFO     Wrote output to trainNN/out/v048-finunified-15-g92ee0a9:lstm-best-context-2000ms-far/config.json
2017-02-05 19:34:06,076 INFO     Saving network params to trainNN/out/v048-finunified-15-g92ee0a9:lstm-best-context-2000ms-far/epoch-047.pkl
2017-02-05 19:34:06,787 INFO     epoch: 47 took 34.384s (0.001s in batching)
training loss:	0.507286
validation loss:	0.517413
validation error:	0.250900
2017-02-05 19:34:07,659 INFO     Wrote output to trainNN/out/v048-finunified-15-g92ee0a9:lstm-best-context-2000ms-far/config.json
2017-02-05 19:34:41,034 INFO     Saving network params to trainNN/out/v048-finunified-15-g92ee0a9:lstm-best-context-2000ms-far/epoch-048.pkl
2017-02-05 19:34:49,639 INFO     epoch: 48 took 42.852s (0.001s in batching)
training loss:	0.507423
validation loss:	0.520659
validation error:	0.259000
2017-02-05 19:34:49,641 INFO     Wrote output to trainNN/out/v048-finunified-15-g92ee0a9:lstm-best-context-2000ms-far/config.json
2017-02-05 19:35:22,938 INFO     Saving network params to trainNN/out/v048-finunified-15-g92ee0a9:lstm-best-context-2000ms-far/epoch-049.pkl
2017-02-05 19:35:23,653 INFO     epoch: 49 took 34.014s (0.001s in batching)
training loss:	0.506659
validation loss:	0.517723
validation error:	0.248700
2017-02-05 19:35:23,655 INFO     Wrote output to trainNN/out/v048-finunified-15-g92ee0a9:lstm-best-context-2000ms-far/config.json
2017-02-05 19:35:57,117 INFO     Saving network params to trainNN/out/v048-finunified-15-g92ee0a9:lstm-best-context-2000ms-far/epoch-050.pkl
2017-02-05 19:35:57,956 INFO     epoch: 50 took 34.303s (0.001s in batching)
training loss:	0.506702
validation loss:	0.518353
validation error:	0.254000
2017-02-05 19:35:58,236 INFO     Wrote output to trainNN/out/v048-finunified-15-g92ee0a9:lstm-best-context-2000ms-far/config.json
2017-02-05 19:36:31,515 INFO     Saving network params to trainNN/out/v048-finunified-15-g92ee0a9:lstm-best-context-2000ms-far/epoch-051.pkl
2017-02-05 19:36:35,465 INFO     epoch: 51 took 37.509s (0.001s in batching)
training loss:	0.505067
validation loss:	0.518658
validation error:	0.254700
2017-02-05 19:36:39,023 INFO     Wrote output to trainNN/out/v048-finunified-15-g92ee0a9:lstm-best-context-2000ms-far/config.json
2017-02-05 19:37:12,415 INFO     Saving network params to trainNN/out/v048-finunified-15-g92ee0a9:lstm-best-context-2000ms-far/epoch-052.pkl
2017-02-05 19:37:13,586 INFO     epoch: 52 took 38.121s (0.002s in batching)
training loss:	0.505441
validation loss:	0.516451
validation error:	0.253000
2017-02-05 19:37:23,967 INFO     Wrote output to trainNN/out/v048-finunified-15-g92ee0a9:lstm-best-context-2000ms-far/config.json
2017-02-05 19:37:57,423 INFO     Saving network params to trainNN/out/v048-finunified-15-g92ee0a9:lstm-best-context-2000ms-far/epoch-053.pkl
2017-02-05 19:37:58,130 INFO     epoch: 53 took 44.545s (0.001s in batching)
training loss:	0.503924
validation loss:	0.521920
validation error:	0.255900
2017-02-05 19:37:58,132 INFO     Wrote output to trainNN/out/v048-finunified-15-g92ee0a9:lstm-best-context-2000ms-far/config.json
2017-02-05 19:38:31,644 INFO     Saving network params to trainNN/out/v048-finunified-15-g92ee0a9:lstm-best-context-2000ms-far/epoch-054.pkl
2017-02-05 19:38:32,375 INFO     epoch: 54 took 34.244s (0.001s in batching)
training loss:	0.504298
validation loss:	0.521342
validation error:	0.255900
2017-02-05 19:38:32,376 INFO     Wrote output to trainNN/out/v048-finunified-15-g92ee0a9:lstm-best-context-2000ms-far/config.json
2017-02-05 19:39:06,249 INFO     Saving network params to trainNN/out/v048-finunified-15-g92ee0a9:lstm-best-context-2000ms-far/epoch-055.pkl
2017-02-05 19:39:10,364 INFO     epoch: 55 took 37.989s (0.001s in batching)
training loss:	0.504010
validation loss:	0.522603
validation error:	0.256100
2017-02-05 19:39:11,245 INFO     Wrote output to trainNN/out/v048-finunified-15-g92ee0a9:lstm-best-context-2000ms-far/config.json
2017-02-05 19:39:52,450 INFO     Saving network params to trainNN/out/v048-finunified-15-g92ee0a9:lstm-best-context-2000ms-far/epoch-056.pkl
2017-02-05 19:39:59,603 INFO     epoch: 56 took 49.239s (0.001s in batching)
training loss:	0.503370
validation loss:	0.521875
validation error:	0.255200
2017-02-05 19:40:02,437 INFO     Wrote output to trainNN/out/v048-finunified-15-g92ee0a9:lstm-best-context-2000ms-far/config.json
2017-02-05 19:40:42,426 INFO     Saving network params to trainNN/out/v048-finunified-15-g92ee0a9:lstm-best-context-2000ms-far/epoch-057.pkl
2017-02-05 19:40:43,191 INFO     epoch: 57 took 43.588s (0.001s in batching)
training loss:	0.503089
validation loss:	0.518146
validation error:	0.251400
2017-02-05 19:40:43,193 INFO     Wrote output to trainNN/out/v048-finunified-15-g92ee0a9:lstm-best-context-2000ms-far/config.json
2017-02-05 19:41:16,543 INFO     Saving network params to trainNN/out/v048-finunified-15-g92ee0a9:lstm-best-context-2000ms-far/epoch-058.pkl
2017-02-05 19:41:20,868 INFO     epoch: 58 took 37.678s (0.001s in batching)
training loss:	0.502698
validation loss:	0.522754
validation error:	0.254900
2017-02-05 19:41:21,988 INFO     Wrote output to trainNN/out/v048-finunified-15-g92ee0a9:lstm-best-context-2000ms-far/config.json
2017-02-05 19:42:07,156 INFO     Saving network params to trainNN/out/v048-finunified-15-g92ee0a9:lstm-best-context-2000ms-far/epoch-059.pkl
2017-02-05 19:42:10,007 INFO     epoch: 59 took 49.139s (0.001s in batching)
training loss:	0.501766
validation loss:	0.518387
validation error:	0.251500
2017-02-05 19:42:10,009 INFO     Wrote output to trainNN/out/v048-finunified-15-g92ee0a9:lstm-best-context-2000ms-far/config.json
2017-02-05 19:42:53,164 INFO     Saving network params to trainNN/out/v048-finunified-15-g92ee0a9:lstm-best-context-2000ms-far/epoch-060.pkl
2017-02-05 19:42:53,869 INFO     epoch: 60 took 43.862s (0.001s in batching)
training loss:	0.501313
validation loss:	0.517502
validation error:	0.253000
2017-02-05 19:42:53,871 INFO     Wrote output to trainNN/out/v048-finunified-15-g92ee0a9:lstm-best-context-2000ms-far/config.json
2017-02-05 19:43:27,437 INFO     Saving network params to trainNN/out/v048-finunified-15-g92ee0a9:lstm-best-context-2000ms-far/epoch-061.pkl
2017-02-05 19:43:30,289 INFO     epoch: 61 took 36.420s (0.001s in batching)
training loss:	0.500762
validation loss:	0.523193
validation error:	0.253100
2017-02-05 19:43:30,337 INFO     Wrote output to trainNN/out/v048-finunified-15-g92ee0a9:lstm-best-context-2000ms-far/config.json
2017-02-05 19:44:14,857 INFO     Saving network params to trainNN/out/v048-finunified-15-g92ee0a9:lstm-best-context-2000ms-far/epoch-062.pkl
2017-02-05 19:44:16,557 INFO     epoch: 62 took 46.268s (0.001s in batching)
training loss:	0.501117
validation loss:	0.520547
validation error:	0.254600
2017-02-05 19:44:16,559 INFO     Wrote output to trainNN/out/v048-finunified-15-g92ee0a9:lstm-best-context-2000ms-far/config.json
2017-02-05 19:45:04,380 INFO     Saving network params to trainNN/out/v048-finunified-15-g92ee0a9:lstm-best-context-2000ms-far/epoch-063.pkl
2017-02-05 19:45:06,049 INFO     epoch: 63 took 49.492s (0.001s in batching)
training loss:	0.500734
validation loss:	0.518915
validation error:	0.252200
2017-02-05 19:45:06,051 INFO     Wrote output to trainNN/out/v048-finunified-15-g92ee0a9:lstm-best-context-2000ms-far/config.json
2017-02-05 19:45:53,142 INFO     Saving network params to trainNN/out/v048-finunified-15-g92ee0a9:lstm-best-context-2000ms-far/epoch-064.pkl
2017-02-05 19:45:54,308 INFO     epoch: 64 took 48.258s (0.001s in batching)
training loss:	0.499963
validation loss:	0.518890
validation error:	0.253800
2017-02-05 19:45:54,796 INFO     Wrote output to trainNN/out/v048-finunified-15-g92ee0a9:lstm-best-context-2000ms-far/config.json
2017-02-05 19:46:42,767 INFO     Saving network params to trainNN/out/v048-finunified-15-g92ee0a9:lstm-best-context-2000ms-far/epoch-065.pkl
2017-02-05 19:46:44,483 INFO     epoch: 65 took 50.175s (0.001s in batching)
training loss:	0.499993
validation loss:	0.525881
validation error:	0.260300
2017-02-05 19:46:44,486 INFO     Wrote output to trainNN/out/v048-finunified-15-g92ee0a9:lstm-best-context-2000ms-far/config.json
2017-02-05 19:47:30,760 INFO     Saving network params to trainNN/out/v048-finunified-15-g92ee0a9:lstm-best-context-2000ms-far/epoch-066.pkl
2017-02-05 19:47:32,492 INFO     epoch: 66 took 48.009s (0.001s in batching)
training loss:	0.499259
validation loss:	0.520284
validation error:	0.254400
2017-02-05 19:47:32,494 INFO     Wrote output to trainNN/out/v048-finunified-15-g92ee0a9:lstm-best-context-2000ms-far/config.json
2017-02-05 19:48:11,764 INFO     Saving network params to trainNN/out/v048-finunified-15-g92ee0a9:lstm-best-context-2000ms-far/epoch-067.pkl
2017-02-05 19:48:13,433 INFO     epoch: 67 took 40.941s (0.001s in batching)
training loss:	0.499319
validation loss:	0.521101
validation error:	0.253800
2017-02-05 19:48:13,599 INFO     Wrote output to trainNN/out/v048-finunified-15-g92ee0a9:lstm-best-context-2000ms-far/config.json
2017-02-05 19:48:55,396 INFO     Saving network params to trainNN/out/v048-finunified-15-g92ee0a9:lstm-best-context-2000ms-far/epoch-068.pkl
2017-02-05 19:48:57,093 INFO     epoch: 68 took 43.659s (0.001s in batching)
training loss:	0.498434
validation loss:	0.520681
validation error:	0.253200
2017-02-05 19:48:57,096 INFO     Wrote output to trainNN/out/v048-finunified-15-g92ee0a9:lstm-best-context-2000ms-far/config.json
2017-02-05 19:49:46,172 INFO     Saving network params to trainNN/out/v048-finunified-15-g92ee0a9:lstm-best-context-2000ms-far/epoch-069.pkl
2017-02-05 19:49:47,881 INFO     epoch: 69 took 50.788s (0.001s in batching)
training loss:	0.498531
validation loss:	0.525403
validation error:	0.257700
2017-02-05 19:49:47,884 INFO     Wrote output to trainNN/out/v048-finunified-15-g92ee0a9:lstm-best-context-2000ms-far/config.json
2017-02-05 19:50:34,910 INFO     Saving network params to trainNN/out/v048-finunified-15-g92ee0a9:lstm-best-context-2000ms-far/epoch-070.pkl
2017-02-05 19:50:35,874 INFO     epoch: 70 took 47.993s (0.001s in batching)
training loss:	0.497870
validation loss:	0.524696
validation error:	0.255700
2017-02-05 19:50:37,911 INFO     Wrote output to trainNN/out/v048-finunified-15-g92ee0a9:lstm-best-context-2000ms-far/config.json
2017-02-05 19:51:27,023 INFO     Saving network params to trainNN/out/v048-finunified-15-g92ee0a9:lstm-best-context-2000ms-far/epoch-071.pkl
2017-02-05 19:51:53,305 INFO     epoch: 71 took 77.431s (0.001s in batching)
training loss:	0.496798
validation loss:	0.530343
validation error:	0.260400
2017-02-05 19:51:53,419 INFO     Wrote output to trainNN/out/v048-finunified-15-g92ee0a9:lstm-best-context-2000ms-far/config.json
2017-02-05 19:52:39,359 INFO     Saving network params to trainNN/out/v048-finunified-15-g92ee0a9:lstm-best-context-2000ms-far/epoch-072.pkl
2017-02-05 19:52:40,997 INFO     epoch: 72 took 47.692s (0.001s in batching)
training loss:	0.497066
validation loss:	0.523631
validation error:	0.254000
2017-02-05 19:52:40,999 INFO     Wrote output to trainNN/out/v048-finunified-15-g92ee0a9:lstm-best-context-2000ms-far/config.json
2017-02-05 19:53:15,464 INFO     Saving network params to trainNN/out/v048-finunified-15-g92ee0a9:lstm-best-context-2000ms-far/epoch-073.pkl
2017-02-05 19:53:16,165 INFO     epoch: 73 took 35.168s (0.001s in batching)
training loss:	0.496779
validation loss:	0.527505
validation error:	0.259000
2017-02-05 19:53:16,169 INFO     Wrote output to trainNN/out/v048-finunified-15-g92ee0a9:lstm-best-context-2000ms-far/config.json
2017-02-05 19:53:49,583 INFO     Saving network params to trainNN/out/v048-finunified-15-g92ee0a9:lstm-best-context-2000ms-far/epoch-074.pkl
2017-02-05 19:53:53,390 INFO     epoch: 74 took 37.225s (0.001s in batching)
training loss:	0.495519
validation loss:	0.535337
validation error:	0.266300
2017-02-05 19:53:53,393 INFO     Wrote output to trainNN/out/v048-finunified-15-g92ee0a9:lstm-best-context-2000ms-far/config.json
2017-02-05 19:54:27,555 INFO     Saving network params to trainNN/out/v048-finunified-15-g92ee0a9:lstm-best-context-2000ms-far/epoch-075.pkl
2017-02-05 19:54:28,271 INFO     epoch: 75 took 34.881s (0.001s in batching)
training loss:	0.495556
validation loss:	0.526220
validation error:	0.257700
2017-02-05 19:54:28,275 INFO     Wrote output to trainNN/out/v048-finunified-15-g92ee0a9:lstm-best-context-2000ms-far/config.json
2017-02-05 19:55:01,946 INFO     Saving network params to trainNN/out/v048-finunified-15-g92ee0a9:lstm-best-context-2000ms-far/epoch-076.pkl
2017-02-05 19:55:02,646 INFO     epoch: 76 took 34.375s (0.001s in batching)
training loss:	0.495344
validation loss:	0.527789
validation error:	0.255700
2017-02-05 19:55:02,651 INFO     Wrote output to trainNN/out/v048-finunified-15-g92ee0a9:lstm-best-context-2000ms-far/config.json
2017-02-05 19:55:36,491 INFO     Saving network params to trainNN/out/v048-finunified-15-g92ee0a9:lstm-best-context-2000ms-far/epoch-077.pkl
2017-02-05 19:55:37,225 INFO     epoch: 77 took 34.579s (0.001s in batching)
training loss:	0.494975
validation loss:	0.529689
validation error:	0.258500
2017-02-05 19:55:37,229 INFO     Wrote output to trainNN/out/v048-finunified-15-g92ee0a9:lstm-best-context-2000ms-far/config.json
2017-02-05 19:56:11,057 INFO     Saving network params to trainNN/out/v048-finunified-15-g92ee0a9:lstm-best-context-2000ms-far/epoch-078.pkl
2017-02-05 19:56:11,772 INFO     epoch: 78 took 34.547s (0.001s in batching)
training loss:	0.494588
validation loss:	0.524713
validation error:	0.255600
2017-02-05 19:56:11,777 INFO     Wrote output to trainNN/out/v048-finunified-15-g92ee0a9:lstm-best-context-2000ms-far/config.json
2017-02-05 19:56:45,675 INFO     Saving network params to trainNN/out/v048-finunified-15-g92ee0a9:lstm-best-context-2000ms-far/epoch-079.pkl
2017-02-05 19:56:46,398 INFO     epoch: 79 took 34.626s (0.001s in batching)
training loss:	0.493831
validation loss:	0.529356
validation error:	0.259400
2017-02-05 19:56:46,402 INFO     Wrote output to trainNN/out/v048-finunified-15-g92ee0a9:lstm-best-context-2000ms-far/config.json
2017-02-05 19:57:20,377 INFO     Saving network params to trainNN/out/v048-finunified-15-g92ee0a9:lstm-best-context-2000ms-far/epoch-080.pkl
2017-02-05 19:57:21,108 INFO     epoch: 80 took 34.710s (0.001s in batching)
training loss:	0.493401
validation loss:	0.533265
validation error:	0.258200
2017-02-05 19:57:21,113 INFO     Wrote output to trainNN/out/v048-finunified-15-g92ee0a9:lstm-best-context-2000ms-far/config.json
2017-02-05 19:57:54,761 INFO     Saving network params to trainNN/out/v048-finunified-15-g92ee0a9:lstm-best-context-2000ms-far/epoch-081.pkl
2017-02-05 19:57:55,484 INFO     epoch: 81 took 34.375s (0.001s in batching)
training loss:	0.492612
validation loss:	0.527296
validation error:	0.257500
2017-02-05 19:57:55,488 INFO     Wrote output to trainNN/out/v048-finunified-15-g92ee0a9:lstm-best-context-2000ms-far/config.json
2017-02-05 19:58:29,173 INFO     Saving network params to trainNN/out/v048-finunified-15-g92ee0a9:lstm-best-context-2000ms-far/epoch-082.pkl
2017-02-05 19:58:29,900 INFO     epoch: 82 took 34.416s (0.001s in batching)
training loss:	0.493173
validation loss:	0.530030
validation error:	0.257700
2017-02-05 19:58:29,904 INFO     Wrote output to trainNN/out/v048-finunified-15-g92ee0a9:lstm-best-context-2000ms-far/config.json
2017-02-05 19:59:03,681 INFO     Saving network params to trainNN/out/v048-finunified-15-g92ee0a9:lstm-best-context-2000ms-far/epoch-083.pkl
2017-02-05 19:59:04,404 INFO     epoch: 83 took 34.504s (0.001s in batching)
training loss:	0.491376
validation loss:	0.531168
validation error:	0.260000
2017-02-05 19:59:04,408 INFO     Wrote output to trainNN/out/v048-finunified-15-g92ee0a9:lstm-best-context-2000ms-far/config.json
2017-02-05 19:59:38,153 INFO     Saving network params to trainNN/out/v048-finunified-15-g92ee0a9:lstm-best-context-2000ms-far/epoch-084.pkl
2017-02-05 19:59:39,687 INFO     epoch: 84 took 35.283s (0.001s in batching)
training loss:	0.491828
validation loss:	0.531252
validation error:	0.260900
2017-02-05 19:59:39,691 INFO     Wrote output to trainNN/out/v048-finunified-15-g92ee0a9:lstm-best-context-2000ms-far/config.json
2017-02-05 20:00:13,486 INFO     Saving network params to trainNN/out/v048-finunified-15-g92ee0a9:lstm-best-context-2000ms-far/epoch-085.pkl
2017-02-05 20:00:16,427 INFO     epoch: 85 took 36.740s (0.001s in batching)
training loss:	0.491793
validation loss:	0.532722
validation error:	0.256000
2017-02-05 20:00:16,433 INFO     Wrote output to trainNN/out/v048-finunified-15-g92ee0a9:lstm-best-context-2000ms-far/config.json
2017-02-05 20:00:50,263 INFO     Saving network params to trainNN/out/v048-finunified-15-g92ee0a9:lstm-best-context-2000ms-far/epoch-086.pkl
2017-02-05 20:00:51,012 INFO     epoch: 86 took 34.585s (0.001s in batching)
training loss:	0.491346
validation loss:	0.527581
validation error:	0.257700
2017-02-05 20:00:51,017 INFO     Wrote output to trainNN/out/v048-finunified-15-g92ee0a9:lstm-best-context-2000ms-far/config.json
2017-02-05 20:01:24,719 INFO     Saving network params to trainNN/out/v048-finunified-15-g92ee0a9:lstm-best-context-2000ms-far/epoch-087.pkl
2017-02-05 20:01:25,434 INFO     epoch: 87 took 34.422s (0.001s in batching)
training loss:	0.490815
validation loss:	0.534902
validation error:	0.261400
2017-02-05 20:01:25,438 INFO     Wrote output to trainNN/out/v048-finunified-15-g92ee0a9:lstm-best-context-2000ms-far/config.json
2017-02-05 20:01:53,467 INFO     received exit signal, waiting for epoch to finish...
2017-02-05 20:01:59,060 INFO     Saving network params to trainNN/out/v048-finunified-15-g92ee0a9:lstm-best-context-2000ms-far/epoch-088.pkl
2017-02-05 20:01:59,785 INFO     epoch: 88 took 34.351s (0.001s in batching)
training loss:	0.493818
validation loss:	0.527963
validation error:	0.254700
2017-02-05 20:01:59,791 INFO     Wrote output to trainNN/out/v048-finunified-15-g92ee0a9:lstm-best-context-2000ms-far/config.json
