2017-02-05 18:10:21,737 DEBUG    version=v048-finunified-9-g94a4056-dirty:lstm-best-context-2000ms
2017-02-05 18:10:21,738 INFO     Open DBase(data/db/all240302-spk.dat, data/db/all240302-spk.idx, mode='r')
2017-02-05 18:10:39,874 INFO     balancing data...
2017-02-05 18:10:40,686 DEBUG    extracting and saving data to data/cache/extract-c680cb1483296567477d68663d9a5ea1dc5726c7c3a56158ea4824972df2c7ae.pickle
2017-02-05 18:19:50,778 DEBUG    set input dim to 14
2017-02-05 18:19:50,778 DEBUG    input dim = 14
2017-02-05 18:19:50,786 DEBUG    shuffling batches
2017-02-05 18:19:53,790 DEBUG    shuffling done
2017-02-05 18:19:53,790 DEBUG    loading data into ram
2017-02-05 18:19:53,860 DEBUG    loading data took 0.070s (cpu: 0.070s)
2017-02-05 18:19:53,994 INFO     balancing data...
2017-02-05 18:19:54,009 DEBUG    set input dim to 14
2017-02-05 18:19:54,010 DEBUG    input dim = 14
2017-02-05 18:19:54,031 DEBUG    shuffling batches
2017-02-05 18:19:54,299 DEBUG    shuffling done
2017-02-05 18:19:54,299 DEBUG    loading data into ram
2017-02-05 18:19:54,307 DEBUG    loading data took 0.008s (cpu: 0.008s)
2017-02-05 18:19:54,482 DEBUG    Applying L2 regularization with 0.000100
2017-02-05 18:19:54,542 INFO     Training network with 39171 trainable out of 39381 total params.
2017-02-05 18:19:55,202 DEBUG    Using adam with learning_rate=0.001000
2017-02-05 18:20:13,636 DEBUG    Starting training...
2017-02-05 18:20:47,327 INFO     Saving network params to trainNN/out/v048-finunified-9-g94a4056-dirty:lstm-best-context-2000ms/epoch-000.pkl
2017-02-05 18:20:48,027 INFO     epoch: 0 took 34.391s (0.001s in batching)
training loss:	5.254323
validation loss:	1.716980
validation error:	0.683900
2017-02-05 18:20:48,027 INFO     Wrote output to trainNN/out/v048-finunified-9-g94a4056-dirty:lstm-best-context-2000ms/config.json
2017-02-05 18:21:21,577 INFO     Saving network params to trainNN/out/v048-finunified-9-g94a4056-dirty:lstm-best-context-2000ms/epoch-001.pkl
2017-02-05 18:21:22,391 INFO     epoch: 1 took 34.364s (0.001s in batching)
training loss:	5.203581
validation loss:	1.610924
validation error:	0.564500
2017-02-05 18:21:22,392 INFO     Wrote output to trainNN/out/v048-finunified-9-g94a4056-dirty:lstm-best-context-2000ms/config.json
2017-02-05 18:21:56,129 INFO     Saving network params to trainNN/out/v048-finunified-9-g94a4056-dirty:lstm-best-context-2000ms/epoch-002.pkl
2017-02-05 18:21:56,847 INFO     epoch: 2 took 34.456s (0.001s in batching)
training loss:	5.174341
validation loss:	1.586724
validation error:	0.591000
2017-02-05 18:21:56,847 INFO     Wrote output to trainNN/out/v048-finunified-9-g94a4056-dirty:lstm-best-context-2000ms/config.json
2017-02-05 18:22:30,678 INFO     Saving network params to trainNN/out/v048-finunified-9-g94a4056-dirty:lstm-best-context-2000ms/epoch-003.pkl
2017-02-05 18:22:31,401 INFO     epoch: 3 took 34.554s (0.001s in batching)
training loss:	5.141162
validation loss:	1.682813
validation error:	0.603200
2017-02-05 18:22:31,402 INFO     Wrote output to trainNN/out/v048-finunified-9-g94a4056-dirty:lstm-best-context-2000ms/config.json
2017-02-05 18:23:05,034 INFO     Saving network params to trainNN/out/v048-finunified-9-g94a4056-dirty:lstm-best-context-2000ms/epoch-004.pkl
2017-02-05 18:23:05,883 INFO     epoch: 4 took 34.482s (0.001s in batching)
training loss:	5.125076
validation loss:	1.550610
validation error:	0.546200
2017-02-05 18:23:05,884 INFO     Wrote output to trainNN/out/v048-finunified-9-g94a4056-dirty:lstm-best-context-2000ms/config.json
2017-02-05 18:23:39,581 INFO     Saving network params to trainNN/out/v048-finunified-9-g94a4056-dirty:lstm-best-context-2000ms/epoch-005.pkl
2017-02-05 18:23:40,386 INFO     epoch: 5 took 34.502s (0.001s in batching)
training loss:	5.101622
validation loss:	1.566202
validation error:	0.618900
2017-02-05 18:23:40,387 INFO     Wrote output to trainNN/out/v048-finunified-9-g94a4056-dirty:lstm-best-context-2000ms/config.json
2017-02-05 18:24:14,071 INFO     Saving network params to trainNN/out/v048-finunified-9-g94a4056-dirty:lstm-best-context-2000ms/epoch-006.pkl
2017-02-05 18:24:14,801 INFO     epoch: 6 took 34.416s (0.001s in batching)
training loss:	5.118137
validation loss:	1.648910
validation error:	0.631800
2017-02-05 18:24:14,802 INFO     Wrote output to trainNN/out/v048-finunified-9-g94a4056-dirty:lstm-best-context-2000ms/config.json
2017-02-05 18:24:48,602 INFO     Saving network params to trainNN/out/v048-finunified-9-g94a4056-dirty:lstm-best-context-2000ms/epoch-007.pkl
2017-02-05 18:24:49,332 INFO     epoch: 7 took 34.530s (0.001s in batching)
training loss:	5.096063
validation loss:	1.592474
validation error:	0.603700
2017-02-05 18:24:49,332 INFO     Wrote output to trainNN/out/v048-finunified-9-g94a4056-dirty:lstm-best-context-2000ms/config.json
2017-02-05 18:25:22,872 INFO     Saving network params to trainNN/out/v048-finunified-9-g94a4056-dirty:lstm-best-context-2000ms/epoch-008.pkl
2017-02-05 18:25:23,591 INFO     epoch: 8 took 34.259s (0.001s in batching)
training loss:	5.082838
validation loss:	1.575752
validation error:	0.549500
2017-02-05 18:25:23,592 INFO     Wrote output to trainNN/out/v048-finunified-9-g94a4056-dirty:lstm-best-context-2000ms/config.json
2017-02-05 18:25:57,191 INFO     Saving network params to trainNN/out/v048-finunified-9-g94a4056-dirty:lstm-best-context-2000ms/epoch-009.pkl
2017-02-05 18:25:57,909 INFO     epoch: 9 took 34.319s (0.001s in batching)
training loss:	5.075947
validation loss:	1.566046
validation error:	0.562500
2017-02-05 18:25:57,910 INFO     Wrote output to trainNN/out/v048-finunified-9-g94a4056-dirty:lstm-best-context-2000ms/config.json
2017-02-05 18:26:31,438 INFO     Saving network params to trainNN/out/v048-finunified-9-g94a4056-dirty:lstm-best-context-2000ms/epoch-010.pkl
2017-02-05 18:26:32,159 INFO     epoch: 10 took 34.249s (0.001s in batching)
training loss:	5.064875
validation loss:	1.573872
validation error:	0.566800
2017-02-05 18:26:32,159 INFO     Wrote output to trainNN/out/v048-finunified-9-g94a4056-dirty:lstm-best-context-2000ms/config.json
2017-02-05 18:27:05,644 INFO     Saving network params to trainNN/out/v048-finunified-9-g94a4056-dirty:lstm-best-context-2000ms/epoch-011.pkl
2017-02-05 18:27:06,386 INFO     epoch: 11 took 34.227s (0.001s in batching)
training loss:	5.059863
validation loss:	1.598175
validation error:	0.585900
2017-02-05 18:27:06,387 INFO     Wrote output to trainNN/out/v048-finunified-9-g94a4056-dirty:lstm-best-context-2000ms/config.json
2017-02-05 18:27:39,822 INFO     Saving network params to trainNN/out/v048-finunified-9-g94a4056-dirty:lstm-best-context-2000ms/epoch-012.pkl
2017-02-05 18:27:40,559 INFO     epoch: 12 took 34.173s (0.001s in batching)
training loss:	5.050660
validation loss:	1.481798
validation error:	0.552700
2017-02-05 18:27:40,560 INFO     Wrote output to trainNN/out/v048-finunified-9-g94a4056-dirty:lstm-best-context-2000ms/config.json
2017-02-05 18:28:14,466 INFO     Saving network params to trainNN/out/v048-finunified-9-g94a4056-dirty:lstm-best-context-2000ms/epoch-013.pkl
2017-02-05 18:28:15,290 INFO     epoch: 13 took 34.729s (0.001s in batching)
training loss:	5.042567
validation loss:	1.519778
validation error:	0.537100
2017-02-05 18:28:15,294 INFO     Wrote output to trainNN/out/v048-finunified-9-g94a4056-dirty:lstm-best-context-2000ms/config.json
2017-02-05 18:28:53,874 INFO     Saving network params to trainNN/out/v048-finunified-9-g94a4056-dirty:lstm-best-context-2000ms/epoch-014.pkl
2017-02-05 18:28:56,577 INFO     epoch: 14 took 41.288s (0.001s in batching)
training loss:	5.032922
validation loss:	1.606585
validation error:	0.576600
2017-02-05 18:28:56,578 INFO     Wrote output to trainNN/out/v048-finunified-9-g94a4056-dirty:lstm-best-context-2000ms/config.json
2017-02-05 18:30:00,144 INFO     Saving network params to trainNN/out/v048-finunified-9-g94a4056-dirty:lstm-best-context-2000ms/epoch-015.pkl
2017-02-05 18:30:02,829 INFO     epoch: 15 took 66.252s (0.001s in batching)
training loss:	5.027314
validation loss:	1.532816
validation error:	0.570800
2017-02-05 18:30:02,830 INFO     Wrote output to trainNN/out/v048-finunified-9-g94a4056-dirty:lstm-best-context-2000ms/config.json
2017-02-05 18:31:13,921 INFO     Saving network params to trainNN/out/v048-finunified-9-g94a4056-dirty:lstm-best-context-2000ms/epoch-016.pkl
2017-02-05 18:31:17,658 INFO     epoch: 16 took 74.829s (0.001s in batching)
training loss:	5.017577
validation loss:	1.518528
validation error:	0.556600
2017-02-05 18:31:17,700 INFO     Wrote output to trainNN/out/v048-finunified-9-g94a4056-dirty:lstm-best-context-2000ms/config.json
2017-02-05 18:32:38,890 INFO     Saving network params to trainNN/out/v048-finunified-9-g94a4056-dirty:lstm-best-context-2000ms/epoch-017.pkl
2017-02-05 18:32:43,274 INFO     epoch: 17 took 85.616s (0.001s in batching)
training loss:	5.006417
validation loss:	1.578170
validation error:	0.596200
2017-02-05 18:32:43,275 INFO     Wrote output to trainNN/out/v048-finunified-9-g94a4056-dirty:lstm-best-context-2000ms/config.json
2017-02-05 18:34:04,885 INFO     Saving network params to trainNN/out/v048-finunified-9-g94a4056-dirty:lstm-best-context-2000ms/epoch-018.pkl
2017-02-05 18:34:08,336 INFO     epoch: 18 took 85.061s (0.001s in batching)
training loss:	5.003919
validation loss:	1.577646
validation error:	0.614500
2017-02-05 18:34:08,337 INFO     Wrote output to trainNN/out/v048-finunified-9-g94a4056-dirty:lstm-best-context-2000ms/config.json
2017-02-05 18:35:17,789 INFO     Saving network params to trainNN/out/v048-finunified-9-g94a4056-dirty:lstm-best-context-2000ms/epoch-019.pkl
2017-02-05 18:35:18,961 INFO     epoch: 19 took 70.626s (0.001s in batching)
training loss:	4.992751
validation loss:	1.543043
validation error:	0.608300
2017-02-05 18:35:18,962 INFO     Wrote output to trainNN/out/v048-finunified-9-g94a4056-dirty:lstm-best-context-2000ms/config.json
2017-02-05 18:36:13,195 INFO     Saving network params to trainNN/out/v048-finunified-9-g94a4056-dirty:lstm-best-context-2000ms/epoch-020.pkl
2017-02-05 18:36:16,081 INFO     epoch: 20 took 57.119s (0.001s in batching)
training loss:	4.988036
validation loss:	1.544424
validation error:	0.536700
2017-02-05 18:36:16,083 INFO     Wrote output to trainNN/out/v048-finunified-9-g94a4056-dirty:lstm-best-context-2000ms/config.json
2017-02-05 18:37:15,696 INFO     Saving network params to trainNN/out/v048-finunified-9-g94a4056-dirty:lstm-best-context-2000ms/epoch-021.pkl
2017-02-05 18:37:18,478 INFO     epoch: 21 took 62.397s (0.001s in batching)
training loss:	4.971278
validation loss:	1.576185
validation error:	0.621800
2017-02-05 18:37:18,479 INFO     Wrote output to trainNN/out/v048-finunified-9-g94a4056-dirty:lstm-best-context-2000ms/config.json
2017-02-05 18:38:10,240 INFO     Saving network params to trainNN/out/v048-finunified-9-g94a4056-dirty:lstm-best-context-2000ms/epoch-022.pkl
2017-02-05 18:38:11,509 INFO     epoch: 22 took 53.031s (0.001s in batching)
training loss:	4.970076
validation loss:	1.577231
validation error:	0.614100
2017-02-05 18:38:11,510 INFO     Wrote output to trainNN/out/v048-finunified-9-g94a4056-dirty:lstm-best-context-2000ms/config.json
2017-02-05 18:38:53,363 INFO     Saving network params to trainNN/out/v048-finunified-9-g94a4056-dirty:lstm-best-context-2000ms/epoch-023.pkl
2017-02-05 18:38:54,429 INFO     epoch: 23 took 42.920s (0.001s in batching)
training loss:	4.954715
validation loss:	1.582104
validation error:	0.644000
2017-02-05 18:38:54,430 INFO     Wrote output to trainNN/out/v048-finunified-9-g94a4056-dirty:lstm-best-context-2000ms/config.json
2017-02-05 18:39:35,895 INFO     Saving network params to trainNN/out/v048-finunified-9-g94a4056-dirty:lstm-best-context-2000ms/epoch-024.pkl
2017-02-05 18:39:37,169 INFO     epoch: 24 took 42.740s (0.001s in batching)
training loss:	4.974595
validation loss:	1.507168
validation error:	0.580100
2017-02-05 18:39:37,170 INFO     Wrote output to trainNN/out/v048-finunified-9-g94a4056-dirty:lstm-best-context-2000ms/config.json
2017-02-05 18:40:18,808 INFO     Saving network params to trainNN/out/v048-finunified-9-g94a4056-dirty:lstm-best-context-2000ms/epoch-025.pkl
2017-02-05 18:40:19,819 INFO     epoch: 25 took 42.650s (0.001s in batching)
training loss:	4.947821
validation loss:	1.522582
validation error:	0.574700
2017-02-05 18:40:19,820 INFO     Wrote output to trainNN/out/v048-finunified-9-g94a4056-dirty:lstm-best-context-2000ms/config.json
2017-02-05 18:40:54,850 INFO     Saving network params to trainNN/out/v048-finunified-9-g94a4056-dirty:lstm-best-context-2000ms/epoch-026.pkl
2017-02-05 18:40:55,560 INFO     epoch: 26 took 35.741s (0.001s in batching)
training loss:	4.931139
validation loss:	1.511384
validation error:	0.601300
2017-02-05 18:40:55,561 INFO     Wrote output to trainNN/out/v048-finunified-9-g94a4056-dirty:lstm-best-context-2000ms/config.json
2017-02-05 18:41:28,962 INFO     Saving network params to trainNN/out/v048-finunified-9-g94a4056-dirty:lstm-best-context-2000ms/epoch-027.pkl
2017-02-05 18:41:29,686 INFO     epoch: 27 took 34.126s (0.001s in batching)
training loss:	4.918574
validation loss:	1.539603
validation error:	0.578000
2017-02-05 18:41:29,687 INFO     Wrote output to trainNN/out/v048-finunified-9-g94a4056-dirty:lstm-best-context-2000ms/config.json
2017-02-05 18:42:03,035 INFO     Saving network params to trainNN/out/v048-finunified-9-g94a4056-dirty:lstm-best-context-2000ms/epoch-028.pkl
2017-02-05 18:42:03,768 INFO     epoch: 28 took 34.082s (0.001s in batching)
training loss:	4.906440
validation loss:	1.565753
validation error:	0.646400
2017-02-05 18:42:03,769 INFO     Wrote output to trainNN/out/v048-finunified-9-g94a4056-dirty:lstm-best-context-2000ms/config.json
2017-02-05 18:42:37,179 INFO     Saving network params to trainNN/out/v048-finunified-9-g94a4056-dirty:lstm-best-context-2000ms/epoch-029.pkl
2017-02-05 18:42:37,890 INFO     epoch: 29 took 34.122s (0.001s in batching)
training loss:	4.894698
validation loss:	1.488073
validation error:	0.602900
2017-02-05 18:42:37,891 INFO     Wrote output to trainNN/out/v048-finunified-9-g94a4056-dirty:lstm-best-context-2000ms/config.json
2017-02-05 18:43:11,386 INFO     Saving network params to trainNN/out/v048-finunified-9-g94a4056-dirty:lstm-best-context-2000ms/epoch-030.pkl
2017-02-05 18:43:12,093 INFO     epoch: 30 took 34.203s (0.001s in batching)
training loss:	4.889096
validation loss:	1.518514
validation error:	0.597000
2017-02-05 18:43:12,095 INFO     Wrote output to trainNN/out/v048-finunified-9-g94a4056-dirty:lstm-best-context-2000ms/config.json
2017-02-05 18:43:45,561 INFO     Saving network params to trainNN/out/v048-finunified-9-g94a4056-dirty:lstm-best-context-2000ms/epoch-031.pkl
2017-02-05 18:43:46,284 INFO     epoch: 31 took 34.190s (0.001s in batching)
training loss:	4.870559
validation loss:	1.501999
validation error:	0.576600
2017-02-05 18:43:46,285 INFO     Wrote output to trainNN/out/v048-finunified-9-g94a4056-dirty:lstm-best-context-2000ms/config.json
2017-02-05 18:44:19,955 INFO     Saving network params to trainNN/out/v048-finunified-9-g94a4056-dirty:lstm-best-context-2000ms/epoch-032.pkl
2017-02-05 18:44:20,660 INFO     epoch: 32 took 34.376s (0.001s in batching)
training loss:	4.844193
validation loss:	1.574207
validation error:	0.612800
2017-02-05 18:44:20,661 INFO     Wrote output to trainNN/out/v048-finunified-9-g94a4056-dirty:lstm-best-context-2000ms/config.json
2017-02-05 18:44:54,068 INFO     Saving network params to trainNN/out/v048-finunified-9-g94a4056-dirty:lstm-best-context-2000ms/epoch-033.pkl
2017-02-05 18:44:54,775 INFO     epoch: 33 took 34.116s (0.001s in batching)
training loss:	4.848918
validation loss:	1.514686
validation error:	0.611500
2017-02-05 18:44:54,778 INFO     Wrote output to trainNN/out/v048-finunified-9-g94a4056-dirty:lstm-best-context-2000ms/config.json
2017-02-05 18:45:28,196 INFO     Saving network params to trainNN/out/v048-finunified-9-g94a4056-dirty:lstm-best-context-2000ms/epoch-034.pkl
2017-02-05 18:45:28,929 INFO     epoch: 34 took 34.154s (0.001s in batching)
training loss:	4.815592
validation loss:	1.513983
validation error:	0.615600
2017-02-05 18:45:28,932 INFO     Wrote output to trainNN/out/v048-finunified-9-g94a4056-dirty:lstm-best-context-2000ms/config.json
2017-02-05 18:46:02,322 INFO     Saving network params to trainNN/out/v048-finunified-9-g94a4056-dirty:lstm-best-context-2000ms/epoch-035.pkl
2017-02-05 18:46:03,019 INFO     epoch: 35 took 34.089s (0.001s in batching)
training loss:	4.785339
validation loss:	1.532622
validation error:	0.627300
2017-02-05 18:46:03,020 INFO     Wrote output to trainNN/out/v048-finunified-9-g94a4056-dirty:lstm-best-context-2000ms/config.json
2017-02-05 18:46:36,466 INFO     Saving network params to trainNN/out/v048-finunified-9-g94a4056-dirty:lstm-best-context-2000ms/epoch-036.pkl
2017-02-05 18:46:37,166 INFO     epoch: 36 took 34.147s (0.001s in batching)
training loss:	4.756982
validation loss:	1.541094
validation error:	0.634200
2017-02-05 18:46:37,169 INFO     Wrote output to trainNN/out/v048-finunified-9-g94a4056-dirty:lstm-best-context-2000ms/config.json
2017-02-05 18:47:10,956 INFO     Saving network params to trainNN/out/v048-finunified-9-g94a4056-dirty:lstm-best-context-2000ms/epoch-037.pkl
2017-02-05 18:47:11,690 INFO     epoch: 37 took 34.524s (0.001s in batching)
training loss:	4.738473
validation loss:	1.543206
validation error:	0.646200
2017-02-05 18:47:11,693 INFO     Wrote output to trainNN/out/v048-finunified-9-g94a4056-dirty:lstm-best-context-2000ms/config.json
2017-02-05 18:47:45,997 INFO     Saving network params to trainNN/out/v048-finunified-9-g94a4056-dirty:lstm-best-context-2000ms/epoch-038.pkl
2017-02-05 18:47:46,710 INFO     epoch: 38 took 35.020s (0.001s in batching)
training loss:	4.715695
validation loss:	1.585561
validation error:	0.672700
2017-02-05 18:47:46,713 INFO     Wrote output to trainNN/out/v048-finunified-9-g94a4056-dirty:lstm-best-context-2000ms/config.json
2017-02-05 18:48:20,358 INFO     Saving network params to trainNN/out/v048-finunified-9-g94a4056-dirty:lstm-best-context-2000ms/epoch-039.pkl
2017-02-05 18:48:21,096 INFO     epoch: 39 took 34.386s (0.001s in batching)
training loss:	4.692340
validation loss:	1.567217
validation error:	0.640500
2017-02-05 18:48:21,100 INFO     Wrote output to trainNN/out/v048-finunified-9-g94a4056-dirty:lstm-best-context-2000ms/config.json
2017-02-05 18:48:54,609 INFO     Saving network params to trainNN/out/v048-finunified-9-g94a4056-dirty:lstm-best-context-2000ms/epoch-040.pkl
2017-02-05 18:48:55,326 INFO     epoch: 40 took 34.230s (0.001s in batching)
training loss:	4.660097
validation loss:	1.614736
validation error:	0.677000
2017-02-05 18:48:55,329 INFO     Wrote output to trainNN/out/v048-finunified-9-g94a4056-dirty:lstm-best-context-2000ms/config.json
2017-02-05 18:49:29,301 INFO     Saving network params to trainNN/out/v048-finunified-9-g94a4056-dirty:lstm-best-context-2000ms/epoch-041.pkl
2017-02-05 18:49:30,021 INFO     epoch: 41 took 34.695s (0.001s in batching)
training loss:	4.649430
validation loss:	1.581569
validation error:	0.665500
2017-02-05 18:49:30,022 INFO     Wrote output to trainNN/out/v048-finunified-9-g94a4056-dirty:lstm-best-context-2000ms/config.json
2017-02-05 18:50:03,794 INFO     Saving network params to trainNN/out/v048-finunified-9-g94a4056-dirty:lstm-best-context-2000ms/epoch-042.pkl
2017-02-05 18:50:04,512 INFO     epoch: 42 took 34.491s (0.001s in batching)
training loss:	4.640717
validation loss:	1.490774
validation error:	0.624600
2017-02-05 18:50:04,514 INFO     Wrote output to trainNN/out/v048-finunified-9-g94a4056-dirty:lstm-best-context-2000ms/config.json
2017-02-05 18:50:38,176 INFO     Saving network params to trainNN/out/v048-finunified-9-g94a4056-dirty:lstm-best-context-2000ms/epoch-043.pkl
2017-02-05 18:50:38,901 INFO     epoch: 43 took 34.389s (0.001s in batching)
training loss:	4.583973
validation loss:	1.546744
validation error:	0.648000
2017-02-05 18:50:38,904 INFO     Wrote output to trainNN/out/v048-finunified-9-g94a4056-dirty:lstm-best-context-2000ms/config.json
2017-02-05 18:51:12,758 INFO     Saving network params to trainNN/out/v048-finunified-9-g94a4056-dirty:lstm-best-context-2000ms/epoch-044.pkl
2017-02-05 18:51:13,498 INFO     epoch: 44 took 34.597s (0.001s in batching)
training loss:	4.526911
validation loss:	1.551440
validation error:	0.651100
2017-02-05 18:51:15,687 INFO     Wrote output to trainNN/out/v048-finunified-9-g94a4056-dirty:lstm-best-context-2000ms/config.json
2017-02-05 18:51:50,233 INFO     Saving network params to trainNN/out/v048-finunified-9-g94a4056-dirty:lstm-best-context-2000ms/epoch-045.pkl
2017-02-05 18:51:50,984 INFO     epoch: 45 took 37.486s (0.001s in batching)
training loss:	4.528830
validation loss:	1.570840
validation error:	0.662500
2017-02-05 18:51:50,987 INFO     Wrote output to trainNN/out/v048-finunified-9-g94a4056-dirty:lstm-best-context-2000ms/config.json
2017-02-05 18:52:25,081 INFO     Saving network params to trainNN/out/v048-finunified-9-g94a4056-dirty:lstm-best-context-2000ms/epoch-046.pkl
2017-02-05 18:52:25,832 INFO     epoch: 46 took 34.847s (0.001s in batching)
training loss:	4.507277
validation loss:	1.534831
validation error:	0.641700
2017-02-05 18:52:25,835 INFO     Wrote output to trainNN/out/v048-finunified-9-g94a4056-dirty:lstm-best-context-2000ms/config.json
2017-02-05 18:53:00,175 INFO     Saving network params to trainNN/out/v048-finunified-9-g94a4056-dirty:lstm-best-context-2000ms/epoch-047.pkl
2017-02-05 18:53:00,905 INFO     epoch: 47 took 35.073s (0.001s in batching)
training loss:	4.463305
validation loss:	1.570362
validation error:	0.669100
2017-02-05 18:53:00,908 INFO     Wrote output to trainNN/out/v048-finunified-9-g94a4056-dirty:lstm-best-context-2000ms/config.json
2017-02-05 18:53:35,366 INFO     Saving network params to trainNN/out/v048-finunified-9-g94a4056-dirty:lstm-best-context-2000ms/epoch-048.pkl
2017-02-05 18:53:36,099 INFO     epoch: 48 took 35.194s (0.001s in batching)
training loss:	4.432043
validation loss:	1.540536
validation error:	0.665300
2017-02-05 18:53:36,102 INFO     Wrote output to trainNN/out/v048-finunified-9-g94a4056-dirty:lstm-best-context-2000ms/config.json
2017-02-05 18:54:10,107 INFO     Saving network params to trainNN/out/v048-finunified-9-g94a4056-dirty:lstm-best-context-2000ms/epoch-049.pkl
2017-02-05 18:54:10,846 INFO     epoch: 49 took 34.748s (0.001s in batching)
training loss:	4.420888
validation loss:	1.560162
validation error:	0.661600
2017-02-05 18:54:10,848 INFO     Wrote output to trainNN/out/v048-finunified-9-g94a4056-dirty:lstm-best-context-2000ms/config.json
2017-02-05 18:54:44,688 INFO     Saving network params to trainNN/out/v048-finunified-9-g94a4056-dirty:lstm-best-context-2000ms/epoch-050.pkl
2017-02-05 18:54:45,408 INFO     epoch: 50 took 34.561s (0.001s in batching)
training loss:	4.380943
validation loss:	1.565904
validation error:	0.666100
2017-02-05 18:54:45,411 INFO     Wrote output to trainNN/out/v048-finunified-9-g94a4056-dirty:lstm-best-context-2000ms/config.json
2017-02-05 18:55:18,864 INFO     Saving network params to trainNN/out/v048-finunified-9-g94a4056-dirty:lstm-best-context-2000ms/epoch-051.pkl
2017-02-05 18:55:19,581 INFO     epoch: 51 took 34.173s (0.001s in batching)
training loss:	4.339366
validation loss:	1.544040
validation error:	0.663900
2017-02-05 18:55:19,584 INFO     Wrote output to trainNN/out/v048-finunified-9-g94a4056-dirty:lstm-best-context-2000ms/config.json
2017-02-05 18:55:53,139 INFO     Saving network params to trainNN/out/v048-finunified-9-g94a4056-dirty:lstm-best-context-2000ms/epoch-052.pkl
2017-02-05 18:55:53,858 INFO     epoch: 52 took 34.278s (0.001s in batching)
training loss:	4.336638
validation loss:	1.541205
validation error:	0.647000
2017-02-05 18:55:53,862 INFO     Wrote output to trainNN/out/v048-finunified-9-g94a4056-dirty:lstm-best-context-2000ms/config.json
2017-02-05 18:56:31,066 INFO     Saving network params to trainNN/out/v048-finunified-9-g94a4056-dirty:lstm-best-context-2000ms/epoch-053.pkl
2017-02-05 18:56:31,887 INFO     epoch: 53 took 38.028s (0.004s in batching)
training loss:	4.291802
validation loss:	1.508916
validation error:	0.640400
2017-02-05 18:56:31,891 INFO     Wrote output to trainNN/out/v048-finunified-9-g94a4056-dirty:lstm-best-context-2000ms/config.json
2017-02-05 18:57:29,616 INFO     Saving network params to trainNN/out/v048-finunified-9-g94a4056-dirty:lstm-best-context-2000ms/epoch-054.pkl
2017-02-05 18:57:32,476 INFO     epoch: 54 took 60.589s (0.001s in batching)
training loss:	4.276710
validation loss:	1.509664
validation error:	0.641600
2017-02-05 18:57:32,478 INFO     Wrote output to trainNN/out/v048-finunified-9-g94a4056-dirty:lstm-best-context-2000ms/config.json
2017-02-05 18:58:38,340 INFO     Saving network params to trainNN/out/v048-finunified-9-g94a4056-dirty:lstm-best-context-2000ms/epoch-055.pkl
2017-02-05 18:58:41,219 INFO     epoch: 55 took 68.743s (0.001s in batching)
training loss:	4.219421
validation loss:	1.545953
validation error:	0.657800
2017-02-05 18:58:41,223 INFO     Wrote output to trainNN/out/v048-finunified-9-g94a4056-dirty:lstm-best-context-2000ms/config.json
2017-02-05 18:59:49,936 INFO     Saving network params to trainNN/out/v048-finunified-9-g94a4056-dirty:lstm-best-context-2000ms/epoch-056.pkl
2017-02-05 18:59:52,798 INFO     epoch: 56 took 71.579s (0.001s in batching)
training loss:	4.214929
validation loss:	1.548453
validation error:	0.661900
2017-02-05 18:59:52,802 INFO     Wrote output to trainNN/out/v048-finunified-9-g94a4056-dirty:lstm-best-context-2000ms/config.json
2017-02-05 19:00:59,569 INFO     Saving network params to trainNN/out/v048-finunified-9-g94a4056-dirty:lstm-best-context-2000ms/epoch-057.pkl
2017-02-05 19:01:02,665 INFO     epoch: 57 took 69.867s (0.001s in batching)
training loss:	4.226942
validation loss:	1.491471
validation error:	0.628700
2017-02-05 19:01:02,669 INFO     Wrote output to trainNN/out/v048-finunified-9-g94a4056-dirty:lstm-best-context-2000ms/config.json
2017-02-05 19:02:08,783 INFO     Saving network params to trainNN/out/v048-finunified-9-g94a4056-dirty:lstm-best-context-2000ms/epoch-058.pkl
2017-02-05 19:02:11,638 INFO     epoch: 58 took 68.973s (0.001s in batching)
training loss:	4.139546
validation loss:	1.520394
validation error:	0.656200
2017-02-05 19:02:11,640 INFO     Wrote output to trainNN/out/v048-finunified-9-g94a4056-dirty:lstm-best-context-2000ms/config.json
2017-02-05 19:03:17,659 INFO     Saving network params to trainNN/out/v048-finunified-9-g94a4056-dirty:lstm-best-context-2000ms/epoch-059.pkl
2017-02-05 19:03:20,508 INFO     epoch: 59 took 68.871s (0.001s in batching)
training loss:	4.104234
validation loss:	1.509892
validation error:	0.629300
2017-02-05 19:03:20,512 INFO     Wrote output to trainNN/out/v048-finunified-9-g94a4056-dirty:lstm-best-context-2000ms/config.json
2017-02-05 19:04:26,513 INFO     Saving network params to trainNN/out/v048-finunified-9-g94a4056-dirty:lstm-best-context-2000ms/epoch-060.pkl
2017-02-05 19:04:29,378 INFO     epoch: 60 took 68.870s (0.001s in batching)
training loss:	4.067722
validation loss:	1.598734
validation error:	0.673900
2017-02-05 19:04:29,382 INFO     Wrote output to trainNN/out/v048-finunified-9-g94a4056-dirty:lstm-best-context-2000ms/config.json
2017-02-05 19:05:35,180 INFO     Saving network params to trainNN/out/v048-finunified-9-g94a4056-dirty:lstm-best-context-2000ms/epoch-061.pkl
2017-02-05 19:05:38,032 INFO     epoch: 61 took 68.654s (0.001s in batching)
training loss:	4.064623
validation loss:	1.588969
validation error:	0.677200
2017-02-05 19:05:38,035 INFO     Wrote output to trainNN/out/v048-finunified-9-g94a4056-dirty:lstm-best-context-2000ms/config.json
2017-02-05 19:06:44,036 INFO     Saving network params to trainNN/out/v048-finunified-9-g94a4056-dirty:lstm-best-context-2000ms/epoch-062.pkl
2017-02-05 19:06:46,881 INFO     epoch: 62 took 68.849s (0.001s in batching)
training loss:	4.061658
validation loss:	1.555495
validation error:	0.661600
2017-02-05 19:06:46,886 INFO     Wrote output to trainNN/out/v048-finunified-9-g94a4056-dirty:lstm-best-context-2000ms/config.json
2017-02-05 19:07:52,928 INFO     Saving network params to trainNN/out/v048-finunified-9-g94a4056-dirty:lstm-best-context-2000ms/epoch-063.pkl
2017-02-05 19:07:55,799 INFO     epoch: 63 took 68.918s (0.001s in batching)
training loss:	4.026531
validation loss:	1.530022
validation error:	0.646800
2017-02-05 19:07:55,809 INFO     Wrote output to trainNN/out/v048-finunified-9-g94a4056-dirty:lstm-best-context-2000ms/config.json
2017-02-05 19:09:04,490 INFO     Saving network params to trainNN/out/v048-finunified-9-g94a4056-dirty:lstm-best-context-2000ms/epoch-064.pkl
2017-02-05 19:09:07,345 INFO     epoch: 64 took 71.547s (0.001s in batching)
training loss:	4.005408
validation loss:	1.573149
validation error:	0.657000
2017-02-05 19:09:07,351 INFO     Wrote output to trainNN/out/v048-finunified-9-g94a4056-dirty:lstm-best-context-2000ms/config.json
2017-02-05 19:10:15,284 INFO     Saving network params to trainNN/out/v048-finunified-9-g94a4056-dirty:lstm-best-context-2000ms/epoch-065.pkl
2017-02-05 19:10:18,141 INFO     epoch: 65 took 70.796s (0.001s in batching)
training loss:	3.956947
validation loss:	1.540798
validation error:	0.648100
2017-02-05 19:10:18,145 INFO     Wrote output to trainNN/out/v048-finunified-9-g94a4056-dirty:lstm-best-context-2000ms/config.json
2017-02-05 19:11:24,055 INFO     Saving network params to trainNN/out/v048-finunified-9-g94a4056-dirty:lstm-best-context-2000ms/epoch-066.pkl
2017-02-05 19:11:26,892 INFO     epoch: 66 took 68.751s (0.001s in batching)
training loss:	3.902665
validation loss:	1.546656
validation error:	0.650800
2017-02-05 19:11:26,897 INFO     Wrote output to trainNN/out/v048-finunified-9-g94a4056-dirty:lstm-best-context-2000ms/config.json
2017-02-05 19:12:32,919 INFO     Saving network params to trainNN/out/v048-finunified-9-g94a4056-dirty:lstm-best-context-2000ms/epoch-067.pkl
2017-02-05 19:12:35,755 INFO     epoch: 67 took 68.863s (0.001s in batching)
training loss:	3.930192
validation loss:	1.545990
validation error:	0.646100
2017-02-05 19:12:35,758 INFO     Wrote output to trainNN/out/v048-finunified-9-g94a4056-dirty:lstm-best-context-2000ms/config.json
2017-02-05 19:13:41,922 INFO     Saving network params to trainNN/out/v048-finunified-9-g94a4056-dirty:lstm-best-context-2000ms/epoch-068.pkl
2017-02-05 19:13:44,756 INFO     epoch: 68 took 69.002s (0.001s in batching)
training loss:	3.943204
validation loss:	1.566107
validation error:	0.653600
2017-02-05 19:13:44,762 INFO     Wrote output to trainNN/out/v048-finunified-9-g94a4056-dirty:lstm-best-context-2000ms/config.json
2017-02-05 19:14:52,856 INFO     Saving network params to trainNN/out/v048-finunified-9-g94a4056-dirty:lstm-best-context-2000ms/epoch-069.pkl
2017-02-05 19:14:55,701 INFO     epoch: 69 took 70.945s (0.001s in batching)
training loss:	3.841601
validation loss:	1.550260
validation error:	0.655100
2017-02-05 19:14:55,704 INFO     Wrote output to trainNN/out/v048-finunified-9-g94a4056-dirty:lstm-best-context-2000ms/config.json
2017-02-05 19:15:10,809 INFO     received exit signal, waiting for epoch to finish...
2017-02-05 19:16:04,351 INFO     Saving network params to trainNN/out/v048-finunified-9-g94a4056-dirty:lstm-best-context-2000ms/epoch-070.pkl
2017-02-05 19:16:07,197 INFO     epoch: 70 took 71.496s (0.001s in batching)
training loss:	3.780727
validation loss:	1.580012
validation error:	0.666100
2017-02-05 19:16:07,202 INFO     Wrote output to trainNN/out/v048-finunified-9-g94a4056-dirty:lstm-best-context-2000ms/config.json
