2017-01-26 22:28:16,797 DEBUG    version=v045-unified-16-gf17a658-dirty:simple-ff-ffv-adam-75-40-mintalklen-5-a
2017-01-26 22:28:16,797 INFO     Open DBase(data/db/all240302-spk.dat, data/db/all240302-spk.idx, mode='r')
2017-01-26 22:28:21,137 DEBUG    getting all bc uttids...configs/simple-ff-ffv-adam-75-40-mintalklen.json, train
2017-01-26 22:28:21,137 INFO     Open DBase(data/db/all240302-spk.dat, data/db/all240302-spk.idx, mode='r')
2017-01-26 22:30:03,544 DEBUG    extracting and saving data to data/cache/extract-1358e07da0daaaedda36d2aa18f36b9021bcd7d3bd6b830f8da29382cee07f91.pickle
2017-01-26 22:30:03,545 DEBUG    getting all bc uttids...configs/simple-ff-ffv-adam-75-40-mintalklen.json, validate
2017-01-26 22:30:12,937 DEBUG    getting all bc uttids...configs/simple-ff-ffv-adam-75-40-mintalklen.json, eval
2017-01-26 22:30:41,359 DEBUG    set input dim to 9
2017-01-26 22:30:41,359 DEBUG    input dim = 9
2017-01-26 22:30:41,368 DEBUG    shuffling batches
2017-01-26 22:30:44,601 DEBUG    shuffling done
2017-01-26 22:30:44,601 DEBUG    loading data into ram
2017-01-26 22:30:44,607 DEBUG    loading data took 0.005s (cpu: 0.005s)
2017-01-26 22:30:44,607 DEBUG    set input dim to 9
2017-01-26 22:30:44,607 DEBUG    input dim = 9
2017-01-26 22:30:44,624 DEBUG    shuffling batches
2017-01-26 22:30:45,013 DEBUG    shuffling done
2017-01-26 22:30:45,013 DEBUG    loading data into ram
2017-01-26 22:30:45,015 DEBUG    loading data took 0.001s (cpu: 0.001s)
2017-01-26 22:30:45,033 INFO     Training network with 30197 trainable out of 30197 total params.
2017-01-26 22:30:45,062 DEBUG    Using adam with learning_rate=0.001000
2017-01-26 22:30:46,194 DEBUG    Starting training...
2017-01-26 22:30:48,441 INFO     Saving network params to trainNN/out/v045-unified-16-gf17a658-dirty:simple-ff-ffv-adam-75-40-mintalklen-5-a/epoch-000.pkl
2017-01-26 22:30:48,558 INFO     epoch: 0 took 2.364s (0.001s in batching)
training loss:	0.646075
validation loss:	0.642109
validation error:	0.382345
2017-01-26 22:30:48,559 INFO     Wrote output to trainNN/out/v045-unified-16-gf17a658-dirty:simple-ff-ffv-adam-75-40-mintalklen-5-a/config.json
2017-01-26 22:30:51,066 INFO     Saving network params to trainNN/out/v045-unified-16-gf17a658-dirty:simple-ff-ffv-adam-75-40-mintalklen-5-a/epoch-001.pkl
2017-01-26 22:30:51,177 INFO     epoch: 1 took 2.619s (0.001s in batching)
training loss:	0.629611
validation loss:	0.632096
validation error:	0.370483
2017-01-26 22:30:51,177 INFO     Wrote output to trainNN/out/v045-unified-16-gf17a658-dirty:simple-ff-ffv-adam-75-40-mintalklen-5-a/config.json
2017-01-26 22:30:53,558 INFO     Saving network params to trainNN/out/v045-unified-16-gf17a658-dirty:simple-ff-ffv-adam-75-40-mintalklen-5-a/epoch-002.pkl
2017-01-26 22:30:53,832 INFO     epoch: 2 took 2.655s (0.001s in batching)
training loss:	0.622266
validation loss:	0.632868
validation error:	0.368920
2017-01-26 22:30:53,832 INFO     Wrote output to trainNN/out/v045-unified-16-gf17a658-dirty:simple-ff-ffv-adam-75-40-mintalklen-5-a/config.json
2017-01-26 22:30:56,287 INFO     Saving network params to trainNN/out/v045-unified-16-gf17a658-dirty:simple-ff-ffv-adam-75-40-mintalklen-5-a/epoch-003.pkl
2017-01-26 22:30:56,394 INFO     epoch: 3 took 2.563s (0.001s in batching)
training loss:	0.617271
validation loss:	0.632389
validation error:	0.363586
2017-01-26 22:30:56,395 INFO     Wrote output to trainNN/out/v045-unified-16-gf17a658-dirty:simple-ff-ffv-adam-75-40-mintalklen-5-a/config.json
2017-01-26 22:30:58,861 INFO     Saving network params to trainNN/out/v045-unified-16-gf17a658-dirty:simple-ff-ffv-adam-75-40-mintalklen-5-a/epoch-004.pkl
2017-01-26 22:30:58,973 INFO     epoch: 4 took 2.578s (0.001s in batching)
training loss:	0.613092
validation loss:	0.639882
validation error:	0.371356
2017-01-26 22:30:58,973 INFO     Wrote output to trainNN/out/v045-unified-16-gf17a658-dirty:simple-ff-ffv-adam-75-40-mintalklen-5-a/config.json
2017-01-26 22:31:01,354 INFO     Saving network params to trainNN/out/v045-unified-16-gf17a658-dirty:simple-ff-ffv-adam-75-40-mintalklen-5-a/epoch-005.pkl
2017-01-26 22:31:01,465 INFO     epoch: 5 took 2.492s (0.001s in batching)
training loss:	0.607636
validation loss:	0.634750
validation error:	0.366299
2017-01-26 22:31:01,465 INFO     Wrote output to trainNN/out/v045-unified-16-gf17a658-dirty:simple-ff-ffv-adam-75-40-mintalklen-5-a/config.json
2017-01-26 22:31:03,943 INFO     Saving network params to trainNN/out/v045-unified-16-gf17a658-dirty:simple-ff-ffv-adam-75-40-mintalklen-5-a/epoch-006.pkl
2017-01-26 22:31:04,056 INFO     epoch: 6 took 2.591s (0.001s in batching)
training loss:	0.603224
validation loss:	0.642253
validation error:	0.369149
2017-01-26 22:31:04,056 INFO     Wrote output to trainNN/out/v045-unified-16-gf17a658-dirty:simple-ff-ffv-adam-75-40-mintalklen-5-a/config.json
2017-01-26 22:31:06,443 INFO     Saving network params to trainNN/out/v045-unified-16-gf17a658-dirty:simple-ff-ffv-adam-75-40-mintalklen-5-a/epoch-007.pkl
2017-01-26 22:31:06,555 INFO     epoch: 7 took 2.499s (0.001s in batching)
training loss:	0.599982
validation loss:	0.635089
validation error:	0.356138
2017-01-26 22:31:06,555 INFO     Wrote output to trainNN/out/v045-unified-16-gf17a658-dirty:simple-ff-ffv-adam-75-40-mintalklen-5-a/config.json
2017-01-26 22:31:08,912 INFO     Saving network params to trainNN/out/v045-unified-16-gf17a658-dirty:simple-ff-ffv-adam-75-40-mintalklen-5-a/epoch-008.pkl
2017-01-26 22:31:09,023 INFO     epoch: 8 took 2.468s (0.001s in batching)
training loss:	0.596300
validation loss:	0.646597
validation error:	0.359356
2017-01-26 22:31:09,026 INFO     Wrote output to trainNN/out/v045-unified-16-gf17a658-dirty:simple-ff-ffv-adam-75-40-mintalklen-5-a/config.json
2017-01-26 22:31:11,344 INFO     Saving network params to trainNN/out/v045-unified-16-gf17a658-dirty:simple-ff-ffv-adam-75-40-mintalklen-5-a/epoch-009.pkl
2017-01-26 22:31:11,434 INFO     epoch: 9 took 2.411s (0.001s in batching)
training loss:	0.593486
validation loss:	0.645084
validation error:	0.350759
2017-01-26 22:31:11,434 INFO     Wrote output to trainNN/out/v045-unified-16-gf17a658-dirty:simple-ff-ffv-adam-75-40-mintalklen-5-a/config.json
2017-01-26 22:31:13,616 INFO     Saving network params to trainNN/out/v045-unified-16-gf17a658-dirty:simple-ff-ffv-adam-75-40-mintalklen-5-a/epoch-010.pkl
2017-01-26 22:31:13,727 INFO     epoch: 10 took 2.293s (0.001s in batching)
training loss:	0.589274
validation loss:	0.646398
validation error:	0.366161
2017-01-26 22:31:14,476 INFO     Wrote output to trainNN/out/v045-unified-16-gf17a658-dirty:simple-ff-ffv-adam-75-40-mintalklen-5-a/config.json
2017-01-26 22:31:17,092 INFO     Saving network params to trainNN/out/v045-unified-16-gf17a658-dirty:simple-ff-ffv-adam-75-40-mintalklen-5-a/epoch-011.pkl
2017-01-26 22:31:17,229 INFO     epoch: 11 took 3.502s (0.001s in batching)
training loss:	0.587158
validation loss:	0.650875
validation error:	0.359540
2017-01-26 22:31:17,229 INFO     Wrote output to trainNN/out/v045-unified-16-gf17a658-dirty:simple-ff-ffv-adam-75-40-mintalklen-5-a/config.json
2017-01-26 22:31:19,939 INFO     Saving network params to trainNN/out/v045-unified-16-gf17a658-dirty:simple-ff-ffv-adam-75-40-mintalklen-5-a/epoch-012.pkl
2017-01-26 22:31:20,089 INFO     epoch: 12 took 2.861s (0.001s in batching)
training loss:	0.584316
validation loss:	0.672175
validation error:	0.364828
2017-01-26 22:31:20,090 INFO     Wrote output to trainNN/out/v045-unified-16-gf17a658-dirty:simple-ff-ffv-adam-75-40-mintalklen-5-a/config.json
2017-01-26 22:31:22,578 INFO     Saving network params to trainNN/out/v045-unified-16-gf17a658-dirty:simple-ff-ffv-adam-75-40-mintalklen-5-a/epoch-013.pkl
2017-01-26 22:31:22,695 INFO     epoch: 13 took 2.605s (0.001s in batching)
training loss:	0.582190
validation loss:	0.646820
validation error:	0.350805
2017-01-26 22:31:22,695 INFO     Wrote output to trainNN/out/v045-unified-16-gf17a658-dirty:simple-ff-ffv-adam-75-40-mintalklen-5-a/config.json
2017-01-26 22:31:25,241 INFO     Saving network params to trainNN/out/v045-unified-16-gf17a658-dirty:simple-ff-ffv-adam-75-40-mintalklen-5-a/epoch-014.pkl
2017-01-26 22:31:25,824 INFO     epoch: 14 took 3.129s (0.001s in batching)
training loss:	0.578966
validation loss:	0.659393
validation error:	0.361977
2017-01-26 22:31:29,925 INFO     Wrote output to trainNN/out/v045-unified-16-gf17a658-dirty:simple-ff-ffv-adam-75-40-mintalklen-5-a/config.json
2017-01-26 22:31:32,017 INFO     Saving network params to trainNN/out/v045-unified-16-gf17a658-dirty:simple-ff-ffv-adam-75-40-mintalklen-5-a/epoch-015.pkl
2017-01-26 22:31:32,129 INFO     epoch: 15 took 6.305s (0.001s in batching)
training loss:	0.576540
validation loss:	0.664457
validation error:	0.364322
2017-01-26 22:31:32,130 INFO     Wrote output to trainNN/out/v045-unified-16-gf17a658-dirty:simple-ff-ffv-adam-75-40-mintalklen-5-a/config.json
2017-01-26 22:31:34,572 INFO     Saving network params to trainNN/out/v045-unified-16-gf17a658-dirty:simple-ff-ffv-adam-75-40-mintalklen-5-a/epoch-016.pkl
2017-01-26 22:31:34,686 INFO     epoch: 16 took 2.557s (0.001s in batching)
training loss:	0.573210
validation loss:	0.663861
validation error:	0.356965
2017-01-26 22:31:34,686 INFO     Wrote output to trainNN/out/v045-unified-16-gf17a658-dirty:simple-ff-ffv-adam-75-40-mintalklen-5-a/config.json
2017-01-26 22:31:37,181 INFO     Saving network params to trainNN/out/v045-unified-16-gf17a658-dirty:simple-ff-ffv-adam-75-40-mintalklen-5-a/epoch-017.pkl
2017-01-26 22:31:37,293 INFO     epoch: 17 took 2.607s (0.001s in batching)
training loss:	0.571798
validation loss:	0.661377
validation error:	0.354759
2017-01-26 22:31:37,293 INFO     Wrote output to trainNN/out/v045-unified-16-gf17a658-dirty:simple-ff-ffv-adam-75-40-mintalklen-5-a/config.json
2017-01-26 22:31:39,697 INFO     Saving network params to trainNN/out/v045-unified-16-gf17a658-dirty:simple-ff-ffv-adam-75-40-mintalklen-5-a/epoch-018.pkl
2017-01-26 22:31:39,808 INFO     epoch: 18 took 2.515s (0.001s in batching)
training loss:	0.568816
validation loss:	0.659731
validation error:	0.359218
2017-01-26 22:31:39,808 INFO     Wrote output to trainNN/out/v045-unified-16-gf17a658-dirty:simple-ff-ffv-adam-75-40-mintalklen-5-a/config.json
2017-01-26 22:31:42,269 INFO     Saving network params to trainNN/out/v045-unified-16-gf17a658-dirty:simple-ff-ffv-adam-75-40-mintalklen-5-a/epoch-019.pkl
2017-01-26 22:31:42,384 INFO     epoch: 19 took 2.576s (0.001s in batching)
training loss:	0.567345
validation loss:	0.664549
validation error:	0.358713
2017-01-26 22:31:42,385 INFO     Wrote output to trainNN/out/v045-unified-16-gf17a658-dirty:simple-ff-ffv-adam-75-40-mintalklen-5-a/config.json
2017-01-26 22:31:44,944 INFO     Saving network params to trainNN/out/v045-unified-16-gf17a658-dirty:simple-ff-ffv-adam-75-40-mintalklen-5-a/epoch-020.pkl
2017-01-26 22:31:45,060 INFO     epoch: 20 took 2.676s (0.001s in batching)
training loss:	0.565809
validation loss:	0.679180
validation error:	0.373241
2017-01-26 22:31:45,061 INFO     Wrote output to trainNN/out/v045-unified-16-gf17a658-dirty:simple-ff-ffv-adam-75-40-mintalklen-5-a/config.json
2017-01-26 22:31:47,620 INFO     Saving network params to trainNN/out/v045-unified-16-gf17a658-dirty:simple-ff-ffv-adam-75-40-mintalklen-5-a/epoch-021.pkl
2017-01-26 22:31:47,736 INFO     epoch: 21 took 2.676s (0.001s in batching)
training loss:	0.564475
validation loss:	0.670256
validation error:	0.360460
2017-01-26 22:31:47,737 INFO     Wrote output to trainNN/out/v045-unified-16-gf17a658-dirty:simple-ff-ffv-adam-75-40-mintalklen-5-a/config.json
2017-01-26 22:31:50,502 INFO     Saving network params to trainNN/out/v045-unified-16-gf17a658-dirty:simple-ff-ffv-adam-75-40-mintalklen-5-a/epoch-022.pkl
2017-01-26 22:31:50,647 INFO     epoch: 22 took 2.911s (0.001s in batching)
training loss:	0.560665
validation loss:	0.694496
validation error:	0.380782
2017-01-26 22:31:50,648 INFO     Wrote output to trainNN/out/v045-unified-16-gf17a658-dirty:simple-ff-ffv-adam-75-40-mintalklen-5-a/config.json
2017-01-26 22:31:53,504 INFO     Saving network params to trainNN/out/v045-unified-16-gf17a658-dirty:simple-ff-ffv-adam-75-40-mintalklen-5-a/epoch-023.pkl
2017-01-26 22:31:53,655 INFO     epoch: 23 took 3.008s (0.001s in batching)
training loss:	0.559132
validation loss:	0.690180
validation error:	0.376828
2017-01-26 22:31:53,656 INFO     Wrote output to trainNN/out/v045-unified-16-gf17a658-dirty:simple-ff-ffv-adam-75-40-mintalklen-5-a/config.json
2017-01-26 22:31:56,216 INFO     Saving network params to trainNN/out/v045-unified-16-gf17a658-dirty:simple-ff-ffv-adam-75-40-mintalklen-5-a/epoch-024.pkl
2017-01-26 22:31:56,325 INFO     epoch: 24 took 2.670s (0.001s in batching)
training loss:	0.557024
validation loss:	0.678717
validation error:	0.359356
2017-01-26 22:31:56,326 INFO     Wrote output to trainNN/out/v045-unified-16-gf17a658-dirty:simple-ff-ffv-adam-75-40-mintalklen-5-a/config.json
2017-01-26 22:31:58,584 INFO     Saving network params to trainNN/out/v045-unified-16-gf17a658-dirty:simple-ff-ffv-adam-75-40-mintalklen-5-a/epoch-025.pkl
2017-01-26 22:31:58,725 INFO     epoch: 25 took 2.400s (0.001s in batching)
training loss:	0.555578
validation loss:	0.678447
validation error:	0.349103
2017-01-26 22:31:58,726 INFO     Wrote output to trainNN/out/v045-unified-16-gf17a658-dirty:simple-ff-ffv-adam-75-40-mintalklen-5-a/config.json
2017-01-26 22:32:01,255 INFO     Saving network params to trainNN/out/v045-unified-16-gf17a658-dirty:simple-ff-ffv-adam-75-40-mintalklen-5-a/epoch-026.pkl
2017-01-26 22:32:01,388 INFO     epoch: 26 took 2.663s (0.001s in batching)
training loss:	0.553896
validation loss:	0.684841
validation error:	0.364230
2017-01-26 22:32:01,389 INFO     Wrote output to trainNN/out/v045-unified-16-gf17a658-dirty:simple-ff-ffv-adam-75-40-mintalklen-5-a/config.json
2017-01-26 22:32:04,147 INFO     Saving network params to trainNN/out/v045-unified-16-gf17a658-dirty:simple-ff-ffv-adam-75-40-mintalklen-5-a/epoch-027.pkl
2017-01-26 22:32:04,681 INFO     epoch: 27 took 3.293s (0.001s in batching)
training loss:	0.553225
validation loss:	0.688640
validation error:	0.354253
2017-01-26 22:32:04,695 INFO     Wrote output to trainNN/out/v045-unified-16-gf17a658-dirty:simple-ff-ffv-adam-75-40-mintalklen-5-a/config.json
2017-01-26 22:32:07,255 INFO     Saving network params to trainNN/out/v045-unified-16-gf17a658-dirty:simple-ff-ffv-adam-75-40-mintalklen-5-a/epoch-028.pkl
2017-01-26 22:32:07,393 INFO     epoch: 28 took 2.712s (0.001s in batching)
training loss:	0.551455
validation loss:	0.690806
validation error:	0.369747
2017-01-26 22:32:07,396 INFO     Wrote output to trainNN/out/v045-unified-16-gf17a658-dirty:simple-ff-ffv-adam-75-40-mintalklen-5-a/config.json
2017-01-26 22:32:09,934 INFO     Saving network params to trainNN/out/v045-unified-16-gf17a658-dirty:simple-ff-ffv-adam-75-40-mintalklen-5-a/epoch-029.pkl
2017-01-26 22:32:10,050 INFO     epoch: 29 took 2.658s (0.001s in batching)
training loss:	0.549808
validation loss:	0.697070
validation error:	0.366713
2017-01-26 22:32:10,051 INFO     Wrote output to trainNN/out/v045-unified-16-gf17a658-dirty:simple-ff-ffv-adam-75-40-mintalklen-5-a/config.json
2017-01-26 22:32:12,611 INFO     Saving network params to trainNN/out/v045-unified-16-gf17a658-dirty:simple-ff-ffv-adam-75-40-mintalklen-5-a/epoch-030.pkl
2017-01-26 22:32:12,725 INFO     epoch: 30 took 2.674s (0.001s in batching)
training loss:	0.548401
validation loss:	0.699477
validation error:	0.368782
2017-01-26 22:32:12,726 INFO     Wrote output to trainNN/out/v045-unified-16-gf17a658-dirty:simple-ff-ffv-adam-75-40-mintalklen-5-a/config.json
2017-01-26 22:32:15,286 INFO     Saving network params to trainNN/out/v045-unified-16-gf17a658-dirty:simple-ff-ffv-adam-75-40-mintalklen-5-a/epoch-031.pkl
2017-01-26 22:32:15,402 INFO     epoch: 31 took 2.678s (0.001s in batching)
training loss:	0.545904
validation loss:	0.707286
validation error:	0.370942
2017-01-26 22:32:15,403 INFO     Wrote output to trainNN/out/v045-unified-16-gf17a658-dirty:simple-ff-ffv-adam-75-40-mintalklen-5-a/config.json
2017-01-26 22:32:17,885 INFO     Saving network params to trainNN/out/v045-unified-16-gf17a658-dirty:simple-ff-ffv-adam-75-40-mintalklen-5-a/epoch-032.pkl
2017-01-26 22:32:17,997 INFO     epoch: 32 took 2.595s (0.001s in batching)
training loss:	0.545183
validation loss:	0.719359
validation error:	0.371080
2017-01-26 22:32:17,998 INFO     Wrote output to trainNN/out/v045-unified-16-gf17a658-dirty:simple-ff-ffv-adam-75-40-mintalklen-5-a/config.json
2017-01-26 22:32:20,515 INFO     Saving network params to trainNN/out/v045-unified-16-gf17a658-dirty:simple-ff-ffv-adam-75-40-mintalklen-5-a/epoch-033.pkl
2017-01-26 22:32:20,627 INFO     epoch: 33 took 2.629s (0.001s in batching)
training loss:	0.543265
validation loss:	0.707827
validation error:	0.368000
2017-01-26 22:32:20,628 INFO     Wrote output to trainNN/out/v045-unified-16-gf17a658-dirty:simple-ff-ffv-adam-75-40-mintalklen-5-a/config.json
2017-01-26 22:32:23,012 INFO     Saving network params to trainNN/out/v045-unified-16-gf17a658-dirty:simple-ff-ffv-adam-75-40-mintalklen-5-a/epoch-034.pkl
2017-01-26 22:32:23,125 INFO     epoch: 34 took 2.498s (0.001s in batching)
training loss:	0.543187
validation loss:	0.697388
validation error:	0.366988
2017-01-26 22:32:23,127 INFO     Wrote output to trainNN/out/v045-unified-16-gf17a658-dirty:simple-ff-ffv-adam-75-40-mintalklen-5-a/config.json
2017-01-26 22:32:25,419 INFO     Saving network params to trainNN/out/v045-unified-16-gf17a658-dirty:simple-ff-ffv-adam-75-40-mintalklen-5-a/epoch-035.pkl
2017-01-26 22:32:25,537 INFO     epoch: 35 took 2.412s (0.001s in batching)
training loss:	0.541779
validation loss:	0.722249
validation error:	0.378575
2017-01-26 22:32:25,539 INFO     Wrote output to trainNN/out/v045-unified-16-gf17a658-dirty:simple-ff-ffv-adam-75-40-mintalklen-5-a/config.json
2017-01-26 22:32:27,973 INFO     Saving network params to trainNN/out/v045-unified-16-gf17a658-dirty:simple-ff-ffv-adam-75-40-mintalklen-5-a/epoch-036.pkl
2017-01-26 22:32:28,095 INFO     epoch: 36 took 2.558s (0.001s in batching)
training loss:	0.540756
validation loss:	0.711395
validation error:	0.361195
2017-01-26 22:32:28,101 INFO     Wrote output to trainNN/out/v045-unified-16-gf17a658-dirty:simple-ff-ffv-adam-75-40-mintalklen-5-a/config.json
2017-01-26 22:32:30,689 INFO     Saving network params to trainNN/out/v045-unified-16-gf17a658-dirty:simple-ff-ffv-adam-75-40-mintalklen-5-a/epoch-037.pkl
2017-01-26 22:32:30,800 INFO     epoch: 37 took 2.704s (0.001s in batching)
training loss:	0.540262
validation loss:	0.731846
validation error:	0.383448
2017-01-26 22:32:30,801 INFO     Wrote output to trainNN/out/v045-unified-16-gf17a658-dirty:simple-ff-ffv-adam-75-40-mintalklen-5-a/config.json
2017-01-26 22:32:33,313 INFO     Saving network params to trainNN/out/v045-unified-16-gf17a658-dirty:simple-ff-ffv-adam-75-40-mintalklen-5-a/epoch-038.pkl
2017-01-26 22:32:33,430 INFO     epoch: 38 took 2.630s (0.001s in batching)
training loss:	0.537720
validation loss:	0.717164
validation error:	0.366805
2017-01-26 22:32:33,431 INFO     Wrote output to trainNN/out/v045-unified-16-gf17a658-dirty:simple-ff-ffv-adam-75-40-mintalklen-5-a/config.json
2017-01-26 22:32:35,977 INFO     Saving network params to trainNN/out/v045-unified-16-gf17a658-dirty:simple-ff-ffv-adam-75-40-mintalklen-5-a/epoch-039.pkl
2017-01-26 22:32:36,093 INFO     epoch: 39 took 2.663s (0.001s in batching)
training loss:	0.538322
validation loss:	0.724332
validation error:	0.367218
2017-01-26 22:32:36,094 INFO     Wrote output to trainNN/out/v045-unified-16-gf17a658-dirty:simple-ff-ffv-adam-75-40-mintalklen-5-a/config.json
2017-01-26 22:32:38,485 INFO     Saving network params to trainNN/out/v045-unified-16-gf17a658-dirty:simple-ff-ffv-adam-75-40-mintalklen-5-a/epoch-040.pkl
2017-01-26 22:32:38,624 INFO     epoch: 40 took 2.532s (0.001s in batching)
training loss:	0.536683
validation loss:	0.723945
validation error:	0.364782
2017-01-26 22:32:38,626 INFO     Wrote output to trainNN/out/v045-unified-16-gf17a658-dirty:simple-ff-ffv-adam-75-40-mintalklen-5-a/config.json
2017-01-26 22:32:41,147 INFO     Saving network params to trainNN/out/v045-unified-16-gf17a658-dirty:simple-ff-ffv-adam-75-40-mintalklen-5-a/epoch-041.pkl
2017-01-26 22:32:41,312 INFO     epoch: 41 took 2.688s (0.001s in batching)
training loss:	0.534644
validation loss:	0.727903
validation error:	0.364552
2017-01-26 22:32:41,505 INFO     Wrote output to trainNN/out/v045-unified-16-gf17a658-dirty:simple-ff-ffv-adam-75-40-mintalklen-5-a/config.json
2017-01-26 22:32:43,977 INFO     Saving network params to trainNN/out/v045-unified-16-gf17a658-dirty:simple-ff-ffv-adam-75-40-mintalklen-5-a/epoch-042.pkl
2017-01-26 22:32:44,112 INFO     epoch: 42 took 2.800s (0.001s in batching)
training loss:	0.534205
validation loss:	0.728061
validation error:	0.373471
2017-01-26 22:32:44,328 INFO     Wrote output to trainNN/out/v045-unified-16-gf17a658-dirty:simple-ff-ffv-adam-75-40-mintalklen-5-a/config.json
2017-01-26 22:32:46,816 INFO     Saving network params to trainNN/out/v045-unified-16-gf17a658-dirty:simple-ff-ffv-adam-75-40-mintalklen-5-a/epoch-043.pkl
2017-01-26 22:32:46,927 INFO     epoch: 43 took 2.815s (0.001s in batching)
training loss:	0.533141
validation loss:	0.736300
validation error:	0.371402
2017-01-26 22:32:46,928 INFO     Wrote output to trainNN/out/v045-unified-16-gf17a658-dirty:simple-ff-ffv-adam-75-40-mintalklen-5-a/config.json
2017-01-26 22:32:49,400 INFO     Saving network params to trainNN/out/v045-unified-16-gf17a658-dirty:simple-ff-ffv-adam-75-40-mintalklen-5-a/epoch-044.pkl
2017-01-26 22:32:49,525 INFO     epoch: 44 took 2.597s (0.001s in batching)
training loss:	0.532513
validation loss:	0.735921
validation error:	0.373287
2017-01-26 22:32:49,526 INFO     Wrote output to trainNN/out/v045-unified-16-gf17a658-dirty:simple-ff-ffv-adam-75-40-mintalklen-5-a/config.json
2017-01-26 22:32:51,714 INFO     Saving network params to trainNN/out/v045-unified-16-gf17a658-dirty:simple-ff-ffv-adam-75-40-mintalklen-5-a/epoch-045.pkl
2017-01-26 22:32:51,857 INFO     epoch: 45 took 2.333s (0.001s in batching)
training loss:	0.531842
validation loss:	0.736013
validation error:	0.379770
2017-01-26 22:32:51,859 INFO     Wrote output to trainNN/out/v045-unified-16-gf17a658-dirty:simple-ff-ffv-adam-75-40-mintalklen-5-a/config.json
2017-01-26 22:32:54,515 INFO     Saving network params to trainNN/out/v045-unified-16-gf17a658-dirty:simple-ff-ffv-adam-75-40-mintalklen-5-a/epoch-046.pkl
2017-01-26 22:32:54,631 INFO     epoch: 46 took 2.773s (0.001s in batching)
training loss:	0.530616
validation loss:	0.740894
validation error:	0.369287
2017-01-26 22:32:54,632 INFO     Wrote output to trainNN/out/v045-unified-16-gf17a658-dirty:simple-ff-ffv-adam-75-40-mintalklen-5-a/config.json
2017-01-26 22:32:57,121 INFO     Saving network params to trainNN/out/v045-unified-16-gf17a658-dirty:simple-ff-ffv-adam-75-40-mintalklen-5-a/epoch-047.pkl
2017-01-26 22:32:57,241 INFO     epoch: 47 took 2.611s (0.001s in batching)
training loss:	0.530688
validation loss:	0.750523
validation error:	0.375816
2017-01-26 22:32:57,242 INFO     Wrote output to trainNN/out/v045-unified-16-gf17a658-dirty:simple-ff-ffv-adam-75-40-mintalklen-5-a/config.json
2017-01-26 22:32:59,918 INFO     Saving network params to trainNN/out/v045-unified-16-gf17a658-dirty:simple-ff-ffv-adam-75-40-mintalklen-5-a/epoch-048.pkl
2017-01-26 22:33:00,029 INFO     epoch: 48 took 2.788s (0.001s in batching)
training loss:	0.528446
validation loss:	0.744888
validation error:	0.376506
2017-01-26 22:33:00,030 INFO     Wrote output to trainNN/out/v045-unified-16-gf17a658-dirty:simple-ff-ffv-adam-75-40-mintalklen-5-a/config.json
2017-01-26 22:33:02,514 INFO     Saving network params to trainNN/out/v045-unified-16-gf17a658-dirty:simple-ff-ffv-adam-75-40-mintalklen-5-a/epoch-049.pkl
2017-01-26 22:33:02,632 INFO     epoch: 49 took 2.603s (0.001s in batching)
training loss:	0.529133
validation loss:	0.740469
validation error:	0.371356
2017-01-26 22:33:02,633 INFO     Wrote output to trainNN/out/v045-unified-16-gf17a658-dirty:simple-ff-ffv-adam-75-40-mintalklen-5-a/config.json
2017-01-26 22:33:05,185 INFO     Saving network params to trainNN/out/v045-unified-16-gf17a658-dirty:simple-ff-ffv-adam-75-40-mintalklen-5-a/epoch-050.pkl
2017-01-26 22:33:05,295 INFO     epoch: 50 took 2.663s (0.001s in batching)
training loss:	0.526963
validation loss:	0.739927
validation error:	0.366253
2017-01-26 22:33:05,296 INFO     Wrote output to trainNN/out/v045-unified-16-gf17a658-dirty:simple-ff-ffv-adam-75-40-mintalklen-5-a/config.json
2017-01-26 22:33:07,844 INFO     Saving network params to trainNN/out/v045-unified-16-gf17a658-dirty:simple-ff-ffv-adam-75-40-mintalklen-5-a/epoch-051.pkl
2017-01-26 22:33:07,960 INFO     epoch: 51 took 2.666s (0.001s in batching)
training loss:	0.526440
validation loss:	0.762001
validation error:	0.383172
2017-01-26 22:33:07,962 INFO     Wrote output to trainNN/out/v045-unified-16-gf17a658-dirty:simple-ff-ffv-adam-75-40-mintalklen-5-a/config.json
2017-01-26 22:33:10,451 INFO     Saving network params to trainNN/out/v045-unified-16-gf17a658-dirty:simple-ff-ffv-adam-75-40-mintalklen-5-a/epoch-052.pkl
2017-01-26 22:33:10,565 INFO     epoch: 52 took 2.605s (0.001s in batching)
training loss:	0.525601
validation loss:	0.739995
validation error:	0.369655
2017-01-26 22:33:10,568 INFO     Wrote output to trainNN/out/v045-unified-16-gf17a658-dirty:simple-ff-ffv-adam-75-40-mintalklen-5-a/config.json
2017-01-26 22:33:13,151 INFO     Saving network params to trainNN/out/v045-unified-16-gf17a658-dirty:simple-ff-ffv-adam-75-40-mintalklen-5-a/epoch-053.pkl
2017-01-26 22:33:13,269 INFO     epoch: 53 took 2.704s (0.001s in batching)
training loss:	0.524947
validation loss:	0.750967
validation error:	0.372828
2017-01-26 22:33:13,270 INFO     Wrote output to trainNN/out/v045-unified-16-gf17a658-dirty:simple-ff-ffv-adam-75-40-mintalklen-5-a/config.json
2017-01-26 22:33:15,820 INFO     Saving network params to trainNN/out/v045-unified-16-gf17a658-dirty:simple-ff-ffv-adam-75-40-mintalklen-5-a/epoch-054.pkl
2017-01-26 22:33:15,933 INFO     epoch: 54 took 2.664s (0.001s in batching)
training loss:	0.523937
validation loss:	0.769174
validation error:	0.369609
2017-01-26 22:33:15,934 INFO     Wrote output to trainNN/out/v045-unified-16-gf17a658-dirty:simple-ff-ffv-adam-75-40-mintalklen-5-a/config.json
2017-01-26 22:33:18,212 INFO     Saving network params to trainNN/out/v045-unified-16-gf17a658-dirty:simple-ff-ffv-adam-75-40-mintalklen-5-a/epoch-055.pkl
2017-01-26 22:33:18,319 INFO     epoch: 55 took 2.386s (0.001s in batching)
training loss:	0.523325
validation loss:	0.763747
validation error:	0.367310
2017-01-26 22:33:18,320 INFO     Wrote output to trainNN/out/v045-unified-16-gf17a658-dirty:simple-ff-ffv-adam-75-40-mintalklen-5-a/config.json
2017-01-26 22:33:20,725 INFO     Saving network params to trainNN/out/v045-unified-16-gf17a658-dirty:simple-ff-ffv-adam-75-40-mintalklen-5-a/epoch-056.pkl
2017-01-26 22:33:20,839 INFO     epoch: 56 took 2.520s (0.001s in batching)
training loss:	0.523600
validation loss:	0.746918
validation error:	0.364965
2017-01-26 22:33:20,840 INFO     Wrote output to trainNN/out/v045-unified-16-gf17a658-dirty:simple-ff-ffv-adam-75-40-mintalklen-5-a/config.json
2017-01-26 22:33:23,403 INFO     Saving network params to trainNN/out/v045-unified-16-gf17a658-dirty:simple-ff-ffv-adam-75-40-mintalklen-5-a/epoch-057.pkl
2017-01-26 22:33:23,521 INFO     epoch: 57 took 2.683s (0.001s in batching)
training loss:	0.522616
validation loss:	0.750690
validation error:	0.367172
2017-01-26 22:33:23,522 INFO     Wrote output to trainNN/out/v045-unified-16-gf17a658-dirty:simple-ff-ffv-adam-75-40-mintalklen-5-a/config.json
2017-01-26 22:33:26,108 INFO     Saving network params to trainNN/out/v045-unified-16-gf17a658-dirty:simple-ff-ffv-adam-75-40-mintalklen-5-a/epoch-058.pkl
2017-01-26 22:33:26,224 INFO     epoch: 58 took 2.703s (0.001s in batching)
training loss:	0.521915
validation loss:	0.770908
validation error:	0.370299
2017-01-26 22:33:26,226 INFO     Wrote output to trainNN/out/v045-unified-16-gf17a658-dirty:simple-ff-ffv-adam-75-40-mintalklen-5-a/config.json
2017-01-26 22:33:28,865 INFO     Saving network params to trainNN/out/v045-unified-16-gf17a658-dirty:simple-ff-ffv-adam-75-40-mintalklen-5-a/epoch-059.pkl
2017-01-26 22:33:28,975 INFO     epoch: 59 took 2.751s (0.001s in batching)
training loss:	0.521328
validation loss:	0.761601
validation error:	0.374667
2017-01-26 22:33:28,977 INFO     Wrote output to trainNN/out/v045-unified-16-gf17a658-dirty:simple-ff-ffv-adam-75-40-mintalklen-5-a/config.json
2017-01-26 22:33:31,405 INFO     Saving network params to trainNN/out/v045-unified-16-gf17a658-dirty:simple-ff-ffv-adam-75-40-mintalklen-5-a/epoch-060.pkl
2017-01-26 22:33:31,526 INFO     epoch: 60 took 2.551s (0.001s in batching)
training loss:	0.520217
validation loss:	0.777312
validation error:	0.375908
2017-01-26 22:33:31,527 INFO     Wrote output to trainNN/out/v045-unified-16-gf17a658-dirty:simple-ff-ffv-adam-75-40-mintalklen-5-a/config.json
2017-01-26 22:33:34,062 INFO     Saving network params to trainNN/out/v045-unified-16-gf17a658-dirty:simple-ff-ffv-adam-75-40-mintalklen-5-a/epoch-061.pkl
2017-01-26 22:33:34,171 INFO     epoch: 61 took 2.646s (0.001s in batching)
training loss:	0.520139
validation loss:	0.788711
validation error:	0.372552
2017-01-26 22:33:34,173 INFO     Wrote output to trainNN/out/v045-unified-16-gf17a658-dirty:simple-ff-ffv-adam-75-40-mintalklen-5-a/config.json
2017-01-26 22:33:36,651 INFO     Saving network params to trainNN/out/v045-unified-16-gf17a658-dirty:simple-ff-ffv-adam-75-40-mintalklen-5-a/epoch-062.pkl
2017-01-26 22:33:36,764 INFO     epoch: 62 took 2.593s (0.001s in batching)
training loss:	0.518725
validation loss:	0.769843
validation error:	0.374207
2017-01-26 22:33:36,766 INFO     Wrote output to trainNN/out/v045-unified-16-gf17a658-dirty:simple-ff-ffv-adam-75-40-mintalklen-5-a/config.json
2017-01-26 22:33:39,263 INFO     Saving network params to trainNN/out/v045-unified-16-gf17a658-dirty:simple-ff-ffv-adam-75-40-mintalklen-5-a/epoch-063.pkl
2017-01-26 22:33:39,373 INFO     epoch: 63 took 2.609s (0.001s in batching)
training loss:	0.519810
validation loss:	0.771403
validation error:	0.378207
2017-01-26 22:33:39,374 INFO     Wrote output to trainNN/out/v045-unified-16-gf17a658-dirty:simple-ff-ffv-adam-75-40-mintalklen-5-a/config.json
2017-01-26 22:33:41,863 INFO     Saving network params to trainNN/out/v045-unified-16-gf17a658-dirty:simple-ff-ffv-adam-75-40-mintalklen-5-a/epoch-064.pkl
2017-01-26 22:33:41,982 INFO     epoch: 64 took 2.609s (0.001s in batching)
training loss:	0.518445
validation loss:	0.773652
validation error:	0.374575
2017-01-26 22:33:41,984 INFO     Wrote output to trainNN/out/v045-unified-16-gf17a658-dirty:simple-ff-ffv-adam-75-40-mintalklen-5-a/config.json
2017-01-26 22:33:44,361 INFO     Saving network params to trainNN/out/v045-unified-16-gf17a658-dirty:simple-ff-ffv-adam-75-40-mintalklen-5-a/epoch-065.pkl
2017-01-26 22:33:44,497 INFO     epoch: 65 took 2.515s (0.001s in batching)
training loss:	0.518115
validation loss:	0.768563
validation error:	0.369563
2017-01-26 22:33:44,498 INFO     Wrote output to trainNN/out/v045-unified-16-gf17a658-dirty:simple-ff-ffv-adam-75-40-mintalklen-5-a/config.json
2017-01-26 22:33:46,648 INFO     Saving network params to trainNN/out/v045-unified-16-gf17a658-dirty:simple-ff-ffv-adam-75-40-mintalklen-5-a/epoch-066.pkl
2017-01-26 22:33:46,760 INFO     epoch: 66 took 2.263s (0.001s in batching)
training loss:	0.518531
validation loss:	0.769183
validation error:	0.368414
2017-01-26 22:33:46,761 INFO     Wrote output to trainNN/out/v045-unified-16-gf17a658-dirty:simple-ff-ffv-adam-75-40-mintalklen-5-a/config.json
2017-01-26 22:33:49,308 INFO     Saving network params to trainNN/out/v045-unified-16-gf17a658-dirty:simple-ff-ffv-adam-75-40-mintalklen-5-a/epoch-067.pkl
2017-01-26 22:33:49,418 INFO     epoch: 67 took 2.658s (0.001s in batching)
training loss:	0.516476
validation loss:	0.781148
validation error:	0.369885
2017-01-26 22:33:49,419 INFO     Wrote output to trainNN/out/v045-unified-16-gf17a658-dirty:simple-ff-ffv-adam-75-40-mintalklen-5-a/config.json
2017-01-26 22:33:51,876 INFO     Saving network params to trainNN/out/v045-unified-16-gf17a658-dirty:simple-ff-ffv-adam-75-40-mintalklen-5-a/epoch-068.pkl
2017-01-26 22:33:51,986 INFO     epoch: 68 took 2.568s (0.001s in batching)
training loss:	0.516306
validation loss:	0.775137
validation error:	0.370943
2017-01-26 22:33:51,988 INFO     Wrote output to trainNN/out/v045-unified-16-gf17a658-dirty:simple-ff-ffv-adam-75-40-mintalklen-5-a/config.json
2017-01-26 22:33:54,464 INFO     Saving network params to trainNN/out/v045-unified-16-gf17a658-dirty:simple-ff-ffv-adam-75-40-mintalklen-5-a/epoch-069.pkl
2017-01-26 22:33:54,572 INFO     epoch: 69 took 2.585s (0.001s in batching)
training loss:	0.515830
validation loss:	0.791330
validation error:	0.375356
2017-01-26 22:33:54,574 INFO     Wrote output to trainNN/out/v045-unified-16-gf17a658-dirty:simple-ff-ffv-adam-75-40-mintalklen-5-a/config.json
2017-01-26 22:33:57,049 INFO     Saving network params to trainNN/out/v045-unified-16-gf17a658-dirty:simple-ff-ffv-adam-75-40-mintalklen-5-a/epoch-070.pkl
2017-01-26 22:33:57,159 INFO     epoch: 70 took 2.587s (0.001s in batching)
training loss:	0.515936
validation loss:	0.783280
validation error:	0.373609
2017-01-26 22:33:57,160 INFO     Wrote output to trainNN/out/v045-unified-16-gf17a658-dirty:simple-ff-ffv-adam-75-40-mintalklen-5-a/config.json
2017-01-26 22:33:59,624 INFO     Saving network params to trainNN/out/v045-unified-16-gf17a658-dirty:simple-ff-ffv-adam-75-40-mintalklen-5-a/epoch-071.pkl
2017-01-26 22:33:59,735 INFO     epoch: 71 took 2.576s (0.001s in batching)
training loss:	0.513718
validation loss:	0.790074
validation error:	0.370943
2017-01-26 22:33:59,737 INFO     Wrote output to trainNN/out/v045-unified-16-gf17a658-dirty:simple-ff-ffv-adam-75-40-mintalklen-5-a/config.json
2017-01-26 22:34:02,184 INFO     Saving network params to trainNN/out/v045-unified-16-gf17a658-dirty:simple-ff-ffv-adam-75-40-mintalklen-5-a/epoch-072.pkl
2017-01-26 22:34:02,296 INFO     epoch: 72 took 2.560s (0.001s in batching)
training loss:	0.514882
validation loss:	0.773189
validation error:	0.375540
2017-01-26 22:34:02,297 INFO     Wrote output to trainNN/out/v045-unified-16-gf17a658-dirty:simple-ff-ffv-adam-75-40-mintalklen-5-a/config.json
2017-01-26 22:34:04,729 INFO     Saving network params to trainNN/out/v045-unified-16-gf17a658-dirty:simple-ff-ffv-adam-75-40-mintalklen-5-a/epoch-073.pkl
2017-01-26 22:34:04,841 INFO     epoch: 73 took 2.545s (0.001s in batching)
training loss:	0.513808
validation loss:	0.787253
validation error:	0.371218
2017-01-26 22:34:04,843 INFO     Wrote output to trainNN/out/v045-unified-16-gf17a658-dirty:simple-ff-ffv-adam-75-40-mintalklen-5-a/config.json
2017-01-26 22:34:07,341 INFO     Saving network params to trainNN/out/v045-unified-16-gf17a658-dirty:simple-ff-ffv-adam-75-40-mintalklen-5-a/epoch-074.pkl
2017-01-26 22:34:07,456 INFO     epoch: 74 took 2.615s (0.001s in batching)
training loss:	0.514123
validation loss:	0.785481
validation error:	0.376874
2017-01-26 22:34:07,457 INFO     Wrote output to trainNN/out/v045-unified-16-gf17a658-dirty:simple-ff-ffv-adam-75-40-mintalklen-5-a/config.json
2017-01-26 22:34:09,932 INFO     Saving network params to trainNN/out/v045-unified-16-gf17a658-dirty:simple-ff-ffv-adam-75-40-mintalklen-5-a/epoch-075.pkl
2017-01-26 22:34:10,044 INFO     epoch: 75 took 2.588s (0.001s in batching)
training loss:	0.513357
validation loss:	0.793045
validation error:	0.365793
2017-01-26 22:34:10,046 INFO     Wrote output to trainNN/out/v045-unified-16-gf17a658-dirty:simple-ff-ffv-adam-75-40-mintalklen-5-a/config.json
2017-01-26 22:34:12,073 INFO     Saving network params to trainNN/out/v045-unified-16-gf17a658-dirty:simple-ff-ffv-adam-75-40-mintalklen-5-a/epoch-076.pkl
2017-01-26 22:34:12,183 INFO     epoch: 76 took 2.138s (0.001s in batching)
training loss:	0.512112
validation loss:	0.808405
validation error:	0.368092
2017-01-26 22:34:12,184 INFO     Wrote output to trainNN/out/v045-unified-16-gf17a658-dirty:simple-ff-ffv-adam-75-40-mintalklen-5-a/config.json
2017-01-26 22:34:14,675 INFO     Saving network params to trainNN/out/v045-unified-16-gf17a658-dirty:simple-ff-ffv-adam-75-40-mintalklen-5-a/epoch-077.pkl
2017-01-26 22:34:14,789 INFO     epoch: 77 took 2.607s (0.001s in batching)
training loss:	0.512650
validation loss:	0.793008
validation error:	0.378345
2017-01-26 22:34:14,791 INFO     Wrote output to trainNN/out/v045-unified-16-gf17a658-dirty:simple-ff-ffv-adam-75-40-mintalklen-5-a/config.json
2017-01-26 22:34:17,330 INFO     Saving network params to trainNN/out/v045-unified-16-gf17a658-dirty:simple-ff-ffv-adam-75-40-mintalklen-5-a/epoch-078.pkl
2017-01-26 22:34:17,444 INFO     epoch: 78 took 2.655s (0.001s in batching)
training loss:	0.511747
validation loss:	0.783108
validation error:	0.375678
2017-01-26 22:34:17,446 INFO     Wrote output to trainNN/out/v045-unified-16-gf17a658-dirty:simple-ff-ffv-adam-75-40-mintalklen-5-a/config.json
2017-01-26 22:34:19,952 INFO     Saving network params to trainNN/out/v045-unified-16-gf17a658-dirty:simple-ff-ffv-adam-75-40-mintalklen-5-a/epoch-079.pkl
2017-01-26 22:34:20,063 INFO     epoch: 79 took 2.618s (0.001s in batching)
training loss:	0.512004
validation loss:	0.809492
validation error:	0.379816
2017-01-26 22:34:20,064 INFO     Wrote output to trainNN/out/v045-unified-16-gf17a658-dirty:simple-ff-ffv-adam-75-40-mintalklen-5-a/config.json
2017-01-26 22:34:22,606 INFO     Saving network params to trainNN/out/v045-unified-16-gf17a658-dirty:simple-ff-ffv-adam-75-40-mintalklen-5-a/epoch-080.pkl
2017-01-26 22:34:22,717 INFO     epoch: 80 took 2.655s (0.001s in batching)
training loss:	0.509714
validation loss:	0.785291
validation error:	0.370897
2017-01-26 22:34:22,719 INFO     Wrote output to trainNN/out/v045-unified-16-gf17a658-dirty:simple-ff-ffv-adam-75-40-mintalklen-5-a/config.json
2017-01-26 22:34:25,250 INFO     Saving network params to trainNN/out/v045-unified-16-gf17a658-dirty:simple-ff-ffv-adam-75-40-mintalklen-5-a/epoch-081.pkl
2017-01-26 22:34:25,370 INFO     epoch: 81 took 2.653s (0.001s in batching)
training loss:	0.510752
validation loss:	0.800179
validation error:	0.377425
2017-01-26 22:34:25,372 INFO     Wrote output to trainNN/out/v045-unified-16-gf17a658-dirty:simple-ff-ffv-adam-75-40-mintalklen-5-a/config.json
2017-01-26 22:34:27,931 INFO     Saving network params to trainNN/out/v045-unified-16-gf17a658-dirty:simple-ff-ffv-adam-75-40-mintalklen-5-a/epoch-082.pkl
2017-01-26 22:34:28,049 INFO     epoch: 82 took 2.679s (0.001s in batching)
training loss:	0.509923
validation loss:	0.795944
validation error:	0.365471
2017-01-26 22:34:28,051 INFO     Wrote output to trainNN/out/v045-unified-16-gf17a658-dirty:simple-ff-ffv-adam-75-40-mintalklen-5-a/config.json
2017-01-26 22:34:30,579 INFO     Saving network params to trainNN/out/v045-unified-16-gf17a658-dirty:simple-ff-ffv-adam-75-40-mintalklen-5-a/epoch-083.pkl
2017-01-26 22:34:30,687 INFO     epoch: 83 took 2.638s (0.001s in batching)
training loss:	0.510596
validation loss:	0.800375
validation error:	0.380506
2017-01-26 22:34:30,689 INFO     Wrote output to trainNN/out/v045-unified-16-gf17a658-dirty:simple-ff-ffv-adam-75-40-mintalklen-5-a/config.json
2017-01-26 22:34:33,215 INFO     Saving network params to trainNN/out/v045-unified-16-gf17a658-dirty:simple-ff-ffv-adam-75-40-mintalklen-5-a/epoch-084.pkl
2017-01-26 22:34:33,327 INFO     epoch: 84 took 2.640s (0.001s in batching)
training loss:	0.509134
validation loss:	0.798135
validation error:	0.387218
2017-01-26 22:34:33,328 INFO     Wrote output to trainNN/out/v045-unified-16-gf17a658-dirty:simple-ff-ffv-adam-75-40-mintalklen-5-a/config.json
2017-01-26 22:34:35,832 INFO     Saving network params to trainNN/out/v045-unified-16-gf17a658-dirty:simple-ff-ffv-adam-75-40-mintalklen-5-a/epoch-085.pkl
2017-01-26 22:34:35,951 INFO     epoch: 85 took 2.624s (0.001s in batching)
training loss:	0.508433
validation loss:	0.793166
validation error:	0.379678
2017-01-26 22:34:35,953 INFO     Wrote output to trainNN/out/v045-unified-16-gf17a658-dirty:simple-ff-ffv-adam-75-40-mintalklen-5-a/config.json
2017-01-26 22:34:38,014 INFO     Saving network params to trainNN/out/v045-unified-16-gf17a658-dirty:simple-ff-ffv-adam-75-40-mintalklen-5-a/epoch-086.pkl
2017-01-26 22:34:38,132 INFO     epoch: 86 took 2.182s (0.001s in batching)
training loss:	0.508776
validation loss:	0.790673
validation error:	0.371724
2017-01-26 22:34:38,134 INFO     Wrote output to trainNN/out/v045-unified-16-gf17a658-dirty:simple-ff-ffv-adam-75-40-mintalklen-5-a/config.json
2017-01-26 22:34:40,561 INFO     Saving network params to trainNN/out/v045-unified-16-gf17a658-dirty:simple-ff-ffv-adam-75-40-mintalklen-5-a/epoch-087.pkl
2017-01-26 22:34:40,673 INFO     epoch: 87 took 2.541s (0.001s in batching)
training loss:	0.507365
validation loss:	0.820271
validation error:	0.374437
2017-01-26 22:34:40,675 INFO     Wrote output to trainNN/out/v045-unified-16-gf17a658-dirty:simple-ff-ffv-adam-75-40-mintalklen-5-a/config.json
2017-01-26 22:34:43,236 INFO     Saving network params to trainNN/out/v045-unified-16-gf17a658-dirty:simple-ff-ffv-adam-75-40-mintalklen-5-a/epoch-088.pkl
2017-01-26 22:34:43,354 INFO     epoch: 88 took 2.680s (0.001s in batching)
training loss:	0.507500
validation loss:	0.791797
validation error:	0.374667
2017-01-26 22:34:43,355 INFO     Wrote output to trainNN/out/v045-unified-16-gf17a658-dirty:simple-ff-ffv-adam-75-40-mintalklen-5-a/config.json
2017-01-26 22:34:45,874 INFO     Saving network params to trainNN/out/v045-unified-16-gf17a658-dirty:simple-ff-ffv-adam-75-40-mintalklen-5-a/epoch-089.pkl
2017-01-26 22:34:45,983 INFO     epoch: 89 took 2.630s (0.001s in batching)
training loss:	0.508130
validation loss:	0.812317
validation error:	0.369931
2017-01-26 22:34:45,985 INFO     Wrote output to trainNN/out/v045-unified-16-gf17a658-dirty:simple-ff-ffv-adam-75-40-mintalklen-5-a/config.json
2017-01-26 22:34:48,534 INFO     Saving network params to trainNN/out/v045-unified-16-gf17a658-dirty:simple-ff-ffv-adam-75-40-mintalklen-5-a/epoch-090.pkl
2017-01-26 22:34:48,645 INFO     epoch: 90 took 2.662s (0.001s in batching)
training loss:	0.505686
validation loss:	0.797092
validation error:	0.374713
2017-01-26 22:34:48,646 INFO     Wrote output to trainNN/out/v045-unified-16-gf17a658-dirty:simple-ff-ffv-adam-75-40-mintalklen-5-a/config.json
2017-01-26 22:34:51,166 INFO     Saving network params to trainNN/out/v045-unified-16-gf17a658-dirty:simple-ff-ffv-adam-75-40-mintalklen-5-a/epoch-091.pkl
2017-01-26 22:34:51,279 INFO     epoch: 91 took 2.634s (0.001s in batching)
training loss:	0.506763
validation loss:	0.795859
validation error:	0.370759
2017-01-26 22:34:51,282 INFO     Wrote output to trainNN/out/v045-unified-16-gf17a658-dirty:simple-ff-ffv-adam-75-40-mintalklen-5-a/config.json
2017-01-26 22:34:53,791 INFO     Saving network params to trainNN/out/v045-unified-16-gf17a658-dirty:simple-ff-ffv-adam-75-40-mintalklen-5-a/epoch-092.pkl
2017-01-26 22:34:53,902 INFO     epoch: 92 took 2.623s (0.001s in batching)
training loss:	0.505676
validation loss:	0.788718
validation error:	0.367126
2017-01-26 22:34:53,904 INFO     Wrote output to trainNN/out/v045-unified-16-gf17a658-dirty:simple-ff-ffv-adam-75-40-mintalklen-5-a/config.json
2017-01-26 22:34:56,376 INFO     Saving network params to trainNN/out/v045-unified-16-gf17a658-dirty:simple-ff-ffv-adam-75-40-mintalklen-5-a/epoch-093.pkl
2017-01-26 22:34:56,491 INFO     epoch: 93 took 2.589s (0.001s in batching)
training loss:	0.505391
validation loss:	0.794542
validation error:	0.374805
2017-01-26 22:34:56,493 INFO     Wrote output to trainNN/out/v045-unified-16-gf17a658-dirty:simple-ff-ffv-adam-75-40-mintalklen-5-a/config.json
2017-01-26 22:34:58,940 INFO     Saving network params to trainNN/out/v045-unified-16-gf17a658-dirty:simple-ff-ffv-adam-75-40-mintalklen-5-a/epoch-094.pkl
2017-01-26 22:34:59,053 INFO     epoch: 94 took 2.562s (0.001s in batching)
training loss:	0.507136
validation loss:	0.799502
validation error:	0.373195
2017-01-26 22:34:59,055 INFO     Wrote output to trainNN/out/v045-unified-16-gf17a658-dirty:simple-ff-ffv-adam-75-40-mintalklen-5-a/config.json
2017-01-26 22:35:01,544 INFO     Saving network params to trainNN/out/v045-unified-16-gf17a658-dirty:simple-ff-ffv-adam-75-40-mintalklen-5-a/epoch-095.pkl
2017-01-26 22:35:01,654 INFO     epoch: 95 took 2.601s (0.001s in batching)
training loss:	0.504383
validation loss:	0.815981
validation error:	0.371034
2017-01-26 22:35:01,656 INFO     Wrote output to trainNN/out/v045-unified-16-gf17a658-dirty:simple-ff-ffv-adam-75-40-mintalklen-5-a/config.json
2017-01-26 22:35:03,877 INFO     Saving network params to trainNN/out/v045-unified-16-gf17a658-dirty:simple-ff-ffv-adam-75-40-mintalklen-5-a/epoch-096.pkl
2017-01-26 22:35:04,017 INFO     epoch: 96 took 2.363s (0.001s in batching)
training loss:	0.504709
validation loss:	0.797715
validation error:	0.376644
2017-01-26 22:35:04,019 INFO     Wrote output to trainNN/out/v045-unified-16-gf17a658-dirty:simple-ff-ffv-adam-75-40-mintalklen-5-a/config.json
2017-01-26 22:35:06,464 INFO     Saving network params to trainNN/out/v045-unified-16-gf17a658-dirty:simple-ff-ffv-adam-75-40-mintalklen-5-a/epoch-097.pkl
2017-01-26 22:35:06,578 INFO     epoch: 97 took 2.561s (0.001s in batching)
training loss:	0.502944
validation loss:	0.814427
validation error:	0.382483
2017-01-26 22:35:06,580 INFO     Wrote output to trainNN/out/v045-unified-16-gf17a658-dirty:simple-ff-ffv-adam-75-40-mintalklen-5-a/config.json
2017-01-26 22:35:09,061 INFO     Saving network params to trainNN/out/v045-unified-16-gf17a658-dirty:simple-ff-ffv-adam-75-40-mintalklen-5-a/epoch-098.pkl
2017-01-26 22:35:09,172 INFO     epoch: 98 took 2.594s (0.001s in batching)
training loss:	0.503473
validation loss:	0.814574
validation error:	0.371586
2017-01-26 22:35:09,173 INFO     Wrote output to trainNN/out/v045-unified-16-gf17a658-dirty:simple-ff-ffv-adam-75-40-mintalklen-5-a/config.json
2017-01-26 22:35:11,695 INFO     Saving network params to trainNN/out/v045-unified-16-gf17a658-dirty:simple-ff-ffv-adam-75-40-mintalklen-5-a/epoch-099.pkl
2017-01-26 22:35:11,804 INFO     epoch: 99 took 2.632s (0.001s in batching)
training loss:	0.503016
validation loss:	0.811377
validation error:	0.374115
2017-01-26 22:35:11,807 INFO     Wrote output to trainNN/out/v045-unified-16-gf17a658-dirty:simple-ff-ffv-adam-75-40-mintalklen-5-a/config.json
2017-01-26 22:35:14,335 INFO     Saving network params to trainNN/out/v045-unified-16-gf17a658-dirty:simple-ff-ffv-adam-75-40-mintalklen-5-a/epoch-100.pkl
2017-01-26 22:35:14,445 INFO     epoch: 100 took 2.641s (0.001s in batching)
training loss:	0.502845
validation loss:	0.786883
validation error:	0.375172
2017-01-26 22:35:14,447 INFO     Wrote output to trainNN/out/v045-unified-16-gf17a658-dirty:simple-ff-ffv-adam-75-40-mintalklen-5-a/config.json
2017-01-26 22:35:16,900 INFO     Saving network params to trainNN/out/v045-unified-16-gf17a658-dirty:simple-ff-ffv-adam-75-40-mintalklen-5-a/epoch-101.pkl
2017-01-26 22:35:17,011 INFO     epoch: 101 took 2.566s (0.001s in batching)
training loss:	0.502094
validation loss:	0.803463
validation error:	0.370023
2017-01-26 22:35:17,014 INFO     Wrote output to trainNN/out/v045-unified-16-gf17a658-dirty:simple-ff-ffv-adam-75-40-mintalklen-5-a/config.json
2017-01-26 22:35:19,529 INFO     Saving network params to trainNN/out/v045-unified-16-gf17a658-dirty:simple-ff-ffv-adam-75-40-mintalklen-5-a/epoch-102.pkl
2017-01-26 22:35:19,639 INFO     epoch: 102 took 2.628s (0.001s in batching)
training loss:	0.502723
validation loss:	0.818626
validation error:	0.374988
2017-01-26 22:35:19,641 INFO     Wrote output to trainNN/out/v045-unified-16-gf17a658-dirty:simple-ff-ffv-adam-75-40-mintalklen-5-a/config.json
2017-01-26 22:35:22,101 INFO     Saving network params to trainNN/out/v045-unified-16-gf17a658-dirty:simple-ff-ffv-adam-75-40-mintalklen-5-a/epoch-103.pkl
2017-01-26 22:35:22,210 INFO     epoch: 103 took 2.571s (0.001s in batching)
training loss:	0.502365
validation loss:	0.798976
validation error:	0.378851
2017-01-26 22:35:22,211 INFO     Wrote output to trainNN/out/v045-unified-16-gf17a658-dirty:simple-ff-ffv-adam-75-40-mintalklen-5-a/config.json
2017-01-26 22:35:24,699 INFO     Saving network params to trainNN/out/v045-unified-16-gf17a658-dirty:simple-ff-ffv-adam-75-40-mintalklen-5-a/epoch-104.pkl
2017-01-26 22:35:24,810 INFO     epoch: 104 took 2.601s (0.001s in batching)
training loss:	0.500333
validation loss:	0.824374
validation error:	0.382345
2017-01-26 22:35:24,814 INFO     Wrote output to trainNN/out/v045-unified-16-gf17a658-dirty:simple-ff-ffv-adam-75-40-mintalklen-5-a/config.json
2017-01-26 22:35:27,289 INFO     Saving network params to trainNN/out/v045-unified-16-gf17a658-dirty:simple-ff-ffv-adam-75-40-mintalklen-5-a/epoch-105.pkl
2017-01-26 22:35:27,401 INFO     epoch: 105 took 2.590s (0.001s in batching)
training loss:	0.502135
validation loss:	0.820748
validation error:	0.370988
2017-01-26 22:35:27,402 INFO     Wrote output to trainNN/out/v045-unified-16-gf17a658-dirty:simple-ff-ffv-adam-75-40-mintalklen-5-a/config.json
2017-01-26 22:35:29,856 INFO     Saving network params to trainNN/out/v045-unified-16-gf17a658-dirty:simple-ff-ffv-adam-75-40-mintalklen-5-a/epoch-106.pkl
2017-01-26 22:35:29,964 INFO     epoch: 106 took 2.563s (0.001s in batching)
training loss:	0.501379
validation loss:	0.810874
validation error:	0.384138
2017-01-26 22:35:29,965 INFO     Wrote output to trainNN/out/v045-unified-16-gf17a658-dirty:simple-ff-ffv-adam-75-40-mintalklen-5-a/config.json
2017-01-26 22:35:32,221 INFO     Saving network params to trainNN/out/v045-unified-16-gf17a658-dirty:simple-ff-ffv-adam-75-40-mintalklen-5-a/epoch-107.pkl
2017-01-26 22:35:32,346 INFO     epoch: 107 took 2.382s (0.001s in batching)
training loss:	0.500692
validation loss:	0.810300
validation error:	0.377425
2017-01-26 22:35:32,349 INFO     Wrote output to trainNN/out/v045-unified-16-gf17a658-dirty:simple-ff-ffv-adam-75-40-mintalklen-5-a/config.json
2017-01-26 22:35:35,040 INFO     Saving network params to trainNN/out/v045-unified-16-gf17a658-dirty:simple-ff-ffv-adam-75-40-mintalklen-5-a/epoch-108.pkl
2017-01-26 22:35:35,188 INFO     epoch: 108 took 2.843s (0.001s in batching)
training loss:	0.500297
validation loss:	0.806175
validation error:	0.371080
2017-01-26 22:35:35,193 INFO     Wrote output to trainNN/out/v045-unified-16-gf17a658-dirty:simple-ff-ffv-adam-75-40-mintalklen-5-a/config.json
2017-01-26 22:35:37,761 INFO     Saving network params to trainNN/out/v045-unified-16-gf17a658-dirty:simple-ff-ffv-adam-75-40-mintalklen-5-a/epoch-109.pkl
2017-01-26 22:35:37,883 INFO     epoch: 109 took 2.695s (0.001s in batching)
training loss:	0.500127
validation loss:	0.820022
validation error:	0.376046
2017-01-26 22:35:37,885 INFO     Wrote output to trainNN/out/v045-unified-16-gf17a658-dirty:simple-ff-ffv-adam-75-40-mintalklen-5-a/config.json
2017-01-26 22:35:40,555 INFO     Saving network params to trainNN/out/v045-unified-16-gf17a658-dirty:simple-ff-ffv-adam-75-40-mintalklen-5-a/epoch-110.pkl
2017-01-26 22:35:40,667 INFO     epoch: 110 took 2.783s (0.001s in batching)
training loss:	0.499973
validation loss:	0.813226
validation error:	0.377011
2017-01-26 22:35:40,670 INFO     Wrote output to trainNN/out/v045-unified-16-gf17a658-dirty:simple-ff-ffv-adam-75-40-mintalklen-5-a/config.json
2017-01-26 22:35:43,106 INFO     Saving network params to trainNN/out/v045-unified-16-gf17a658-dirty:simple-ff-ffv-adam-75-40-mintalklen-5-a/epoch-111.pkl
2017-01-26 22:35:43,217 INFO     epoch: 111 took 2.551s (0.001s in batching)
training loss:	0.500265
validation loss:	0.801830
validation error:	0.375126
2017-01-26 22:35:43,220 INFO     Wrote output to trainNN/out/v045-unified-16-gf17a658-dirty:simple-ff-ffv-adam-75-40-mintalklen-5-a/config.json
2017-01-26 22:35:45,737 INFO     Saving network params to trainNN/out/v045-unified-16-gf17a658-dirty:simple-ff-ffv-adam-75-40-mintalklen-5-a/epoch-112.pkl
2017-01-26 22:35:45,850 INFO     epoch: 112 took 2.632s (0.001s in batching)
training loss:	0.498346
validation loss:	0.822575
validation error:	0.381011
2017-01-26 22:35:45,852 INFO     Wrote output to trainNN/out/v045-unified-16-gf17a658-dirty:simple-ff-ffv-adam-75-40-mintalklen-5-a/config.json
2017-01-26 22:35:50,906 INFO     Saving network params to trainNN/out/v045-unified-16-gf17a658-dirty:simple-ff-ffv-adam-75-40-mintalklen-5-a/epoch-113.pkl
2017-01-26 22:35:51,114 INFO     epoch: 113 took 5.265s (0.006s in batching)
training loss:	0.498926
validation loss:	0.834614
validation error:	0.381701
2017-01-26 22:35:51,117 INFO     Wrote output to trainNN/out/v045-unified-16-gf17a658-dirty:simple-ff-ffv-adam-75-40-mintalklen-5-a/config.json
2017-01-26 22:35:55,434 INFO     Saving network params to trainNN/out/v045-unified-16-gf17a658-dirty:simple-ff-ffv-adam-75-40-mintalklen-5-a/epoch-114.pkl
2017-01-26 22:35:58,762 INFO     epoch: 114 took 7.642s (0.001s in batching)
training loss:	0.498415
validation loss:	0.827534
validation error:	0.369471
2017-01-26 22:35:59,474 INFO     Wrote output to trainNN/out/v045-unified-16-gf17a658-dirty:simple-ff-ffv-adam-75-40-mintalklen-5-a/config.json
2017-01-26 22:36:01,933 INFO     Saving network params to trainNN/out/v045-unified-16-gf17a658-dirty:simple-ff-ffv-adam-75-40-mintalklen-5-a/epoch-115.pkl
2017-01-26 22:36:02,061 INFO     epoch: 115 took 3.304s (0.002s in batching)
training loss:	0.498504
validation loss:	0.828230
validation error:	0.376138
2017-01-26 22:36:02,063 INFO     Wrote output to trainNN/out/v045-unified-16-gf17a658-dirty:simple-ff-ffv-adam-75-40-mintalklen-5-a/config.json
2017-01-26 22:36:03,985 INFO     Saving network params to trainNN/out/v045-unified-16-gf17a658-dirty:simple-ff-ffv-adam-75-40-mintalklen-5-a/epoch-116.pkl
2017-01-26 22:36:04,097 INFO     epoch: 116 took 2.036s (0.001s in batching)
training loss:	0.498668
validation loss:	0.797247
validation error:	0.372460
2017-01-26 22:36:04,100 INFO     Wrote output to trainNN/out/v045-unified-16-gf17a658-dirty:simple-ff-ffv-adam-75-40-mintalklen-5-a/config.json
2017-01-26 22:36:06,570 INFO     Saving network params to trainNN/out/v045-unified-16-gf17a658-dirty:simple-ff-ffv-adam-75-40-mintalklen-5-a/epoch-117.pkl
2017-01-26 22:36:06,681 INFO     epoch: 117 took 2.583s (0.001s in batching)
training loss:	0.497260
validation loss:	0.814287
validation error:	0.380736
2017-01-26 22:36:06,683 INFO     Wrote output to trainNN/out/v045-unified-16-gf17a658-dirty:simple-ff-ffv-adam-75-40-mintalklen-5-a/config.json
2017-01-26 22:36:09,077 INFO     Saving network params to trainNN/out/v045-unified-16-gf17a658-dirty:simple-ff-ffv-adam-75-40-mintalklen-5-a/epoch-118.pkl
2017-01-26 22:36:09,189 INFO     epoch: 118 took 2.508s (0.001s in batching)
training loss:	0.497878
validation loss:	0.814140
validation error:	0.366942
2017-01-26 22:36:09,191 INFO     Wrote output to trainNN/out/v045-unified-16-gf17a658-dirty:simple-ff-ffv-adam-75-40-mintalklen-5-a/config.json
2017-01-26 22:36:11,593 INFO     Saving network params to trainNN/out/v045-unified-16-gf17a658-dirty:simple-ff-ffv-adam-75-40-mintalklen-5-a/epoch-119.pkl
2017-01-26 22:36:11,704 INFO     epoch: 119 took 2.515s (0.001s in batching)
training loss:	0.496914
validation loss:	0.826773
validation error:	0.380736
2017-01-26 22:36:11,706 INFO     Wrote output to trainNN/out/v045-unified-16-gf17a658-dirty:simple-ff-ffv-adam-75-40-mintalklen-5-a/config.json
2017-01-26 22:36:14,165 INFO     Saving network params to trainNN/out/v045-unified-16-gf17a658-dirty:simple-ff-ffv-adam-75-40-mintalklen-5-a/epoch-120.pkl
2017-01-26 22:36:14,276 INFO     epoch: 120 took 2.572s (0.001s in batching)
training loss:	0.495772
validation loss:	0.819875
validation error:	0.379586
2017-01-26 22:36:14,278 INFO     Wrote output to trainNN/out/v045-unified-16-gf17a658-dirty:simple-ff-ffv-adam-75-40-mintalklen-5-a/config.json
2017-01-26 22:36:16,866 INFO     Saving network params to trainNN/out/v045-unified-16-gf17a658-dirty:simple-ff-ffv-adam-75-40-mintalklen-5-a/epoch-121.pkl
2017-01-26 22:36:17,044 INFO     epoch: 121 took 2.769s (0.001s in batching)
training loss:	0.496575
validation loss:	0.828490
validation error:	0.377057
2017-01-26 22:36:17,046 INFO     Wrote output to trainNN/out/v045-unified-16-gf17a658-dirty:simple-ff-ffv-adam-75-40-mintalklen-5-a/config.json
2017-01-26 22:36:20,080 INFO     Saving network params to trainNN/out/v045-unified-16-gf17a658-dirty:simple-ff-ffv-adam-75-40-mintalklen-5-a/epoch-122.pkl
2017-01-26 22:36:20,372 INFO     epoch: 122 took 3.328s (0.001s in batching)
training loss:	0.495840
validation loss:	0.831028
validation error:	0.387402
2017-01-26 22:36:20,375 INFO     Wrote output to trainNN/out/v045-unified-16-gf17a658-dirty:simple-ff-ffv-adam-75-40-mintalklen-5-a/config.json
2017-01-26 22:36:23,723 INFO     Saving network params to trainNN/out/v045-unified-16-gf17a658-dirty:simple-ff-ffv-adam-75-40-mintalklen-5-a/epoch-123.pkl
2017-01-26 22:36:23,875 INFO     epoch: 123 took 3.503s (0.002s in batching)
training loss:	0.495212
validation loss:	0.821389
validation error:	0.381241
2017-01-26 22:36:23,878 INFO     Wrote output to trainNN/out/v045-unified-16-gf17a658-dirty:simple-ff-ffv-adam-75-40-mintalklen-5-a/config.json
2017-01-26 22:36:26,477 INFO     Saving network params to trainNN/out/v045-unified-16-gf17a658-dirty:simple-ff-ffv-adam-75-40-mintalklen-5-a/epoch-124.pkl
2017-01-26 22:36:26,593 INFO     epoch: 124 took 2.718s (0.001s in batching)
training loss:	0.495161
validation loss:	0.812331
validation error:	0.369287
2017-01-26 22:36:26,596 INFO     Wrote output to trainNN/out/v045-unified-16-gf17a658-dirty:simple-ff-ffv-adam-75-40-mintalklen-5-a/config.json
2017-01-26 22:36:29,129 INFO     Saving network params to trainNN/out/v045-unified-16-gf17a658-dirty:simple-ff-ffv-adam-75-40-mintalklen-5-a/epoch-125.pkl
2017-01-26 22:36:29,271 INFO     epoch: 125 took 2.679s (0.001s in batching)
training loss:	0.494836
validation loss:	0.813320
validation error:	0.371586
2017-01-26 22:36:29,275 INFO     Wrote output to trainNN/out/v045-unified-16-gf17a658-dirty:simple-ff-ffv-adam-75-40-mintalklen-5-a/config.json
2017-01-26 22:36:31,506 INFO     Saving network params to trainNN/out/v045-unified-16-gf17a658-dirty:simple-ff-ffv-adam-75-40-mintalklen-5-a/epoch-126.pkl
2017-01-26 22:36:31,619 INFO     epoch: 126 took 2.348s (0.001s in batching)
training loss:	0.495066
validation loss:	0.818128
validation error:	0.368184
2017-01-26 22:36:31,623 INFO     Wrote output to trainNN/out/v045-unified-16-gf17a658-dirty:simple-ff-ffv-adam-75-40-mintalklen-5-a/config.json
2017-01-26 22:36:34,103 INFO     Saving network params to trainNN/out/v045-unified-16-gf17a658-dirty:simple-ff-ffv-adam-75-40-mintalklen-5-a/epoch-127.pkl
2017-01-26 22:36:34,221 INFO     epoch: 127 took 2.601s (0.001s in batching)
training loss:	0.494451
validation loss:	0.841672
validation error:	0.386023
2017-01-26 22:36:34,223 INFO     Wrote output to trainNN/out/v045-unified-16-gf17a658-dirty:simple-ff-ffv-adam-75-40-mintalklen-5-a/config.json
2017-01-26 22:36:36,685 INFO     Saving network params to trainNN/out/v045-unified-16-gf17a658-dirty:simple-ff-ffv-adam-75-40-mintalklen-5-a/epoch-128.pkl
2017-01-26 22:36:36,795 INFO     epoch: 128 took 2.574s (0.001s in batching)
training loss:	0.494085
validation loss:	0.831096
validation error:	0.384414
2017-01-26 22:36:36,797 INFO     Wrote output to trainNN/out/v045-unified-16-gf17a658-dirty:simple-ff-ffv-adam-75-40-mintalklen-5-a/config.json
2017-01-26 22:36:39,249 INFO     Saving network params to trainNN/out/v045-unified-16-gf17a658-dirty:simple-ff-ffv-adam-75-40-mintalklen-5-a/epoch-129.pkl
2017-01-26 22:36:39,377 INFO     epoch: 129 took 2.582s (0.001s in batching)
training loss:	0.493464
validation loss:	0.819873
validation error:	0.374805
2017-01-26 22:36:39,381 INFO     Wrote output to trainNN/out/v045-unified-16-gf17a658-dirty:simple-ff-ffv-adam-75-40-mintalklen-5-a/config.json
2017-01-26 22:36:41,887 INFO     Saving network params to trainNN/out/v045-unified-16-gf17a658-dirty:simple-ff-ffv-adam-75-40-mintalklen-5-a/epoch-130.pkl
2017-01-26 22:36:41,998 INFO     epoch: 130 took 2.621s (0.001s in batching)
training loss:	0.494340
validation loss:	0.822564
validation error:	0.376276
2017-01-26 22:36:42,002 INFO     Wrote output to trainNN/out/v045-unified-16-gf17a658-dirty:simple-ff-ffv-adam-75-40-mintalklen-5-a/config.json
2017-01-26 22:36:44,431 INFO     Saving network params to trainNN/out/v045-unified-16-gf17a658-dirty:simple-ff-ffv-adam-75-40-mintalklen-5-a/epoch-131.pkl
2017-01-26 22:36:44,541 INFO     epoch: 131 took 2.543s (0.001s in batching)
training loss:	0.493759
validation loss:	0.829695
validation error:	0.375494
2017-01-26 22:36:44,543 INFO     Wrote output to trainNN/out/v045-unified-16-gf17a658-dirty:simple-ff-ffv-adam-75-40-mintalklen-5-a/config.json
2017-01-26 22:36:47,039 INFO     Saving network params to trainNN/out/v045-unified-16-gf17a658-dirty:simple-ff-ffv-adam-75-40-mintalklen-5-a/epoch-132.pkl
2017-01-26 22:36:47,149 INFO     epoch: 132 took 2.608s (0.001s in batching)
training loss:	0.493094
validation loss:	0.836228
validation error:	0.382115
2017-01-26 22:36:47,152 INFO     Wrote output to trainNN/out/v045-unified-16-gf17a658-dirty:simple-ff-ffv-adam-75-40-mintalklen-5-a/config.json
2017-01-26 22:36:49,626 INFO     Saving network params to trainNN/out/v045-unified-16-gf17a658-dirty:simple-ff-ffv-adam-75-40-mintalklen-5-a/epoch-133.pkl
2017-01-26 22:36:49,738 INFO     epoch: 133 took 2.589s (0.001s in batching)
training loss:	0.493212
validation loss:	0.843580
validation error:	0.384690
2017-01-26 22:36:49,741 INFO     Wrote output to trainNN/out/v045-unified-16-gf17a658-dirty:simple-ff-ffv-adam-75-40-mintalklen-5-a/config.json
2017-01-26 22:36:52,221 INFO     Saving network params to trainNN/out/v045-unified-16-gf17a658-dirty:simple-ff-ffv-adam-75-40-mintalklen-5-a/epoch-134.pkl
2017-01-26 22:36:52,332 INFO     epoch: 134 took 2.593s (0.001s in batching)
training loss:	0.492451
validation loss:	0.838556
validation error:	0.375218
2017-01-26 22:36:52,334 INFO     Wrote output to trainNN/out/v045-unified-16-gf17a658-dirty:simple-ff-ffv-adam-75-40-mintalklen-5-a/config.json
2017-01-26 22:36:54,751 INFO     Saving network params to trainNN/out/v045-unified-16-gf17a658-dirty:simple-ff-ffv-adam-75-40-mintalklen-5-a/epoch-135.pkl
2017-01-26 22:36:54,861 INFO     epoch: 135 took 2.529s (0.001s in batching)
training loss:	0.492286
validation loss:	0.829884
validation error:	0.376230
2017-01-26 22:36:54,863 INFO     Wrote output to trainNN/out/v045-unified-16-gf17a658-dirty:simple-ff-ffv-adam-75-40-mintalklen-5-a/config.json
2017-01-26 22:36:57,098 INFO     Saving network params to trainNN/out/v045-unified-16-gf17a658-dirty:simple-ff-ffv-adam-75-40-mintalklen-5-a/epoch-136.pkl
2017-01-26 22:36:57,232 INFO     epoch: 136 took 2.371s (0.001s in batching)
training loss:	0.492183
validation loss:	0.840383
validation error:	0.376414
2017-01-26 22:36:57,235 INFO     Wrote output to trainNN/out/v045-unified-16-gf17a658-dirty:simple-ff-ffv-adam-75-40-mintalklen-5-a/config.json
2017-01-26 22:36:59,616 INFO     Saving network params to trainNN/out/v045-unified-16-gf17a658-dirty:simple-ff-ffv-adam-75-40-mintalklen-5-a/epoch-137.pkl
2017-01-26 22:36:59,728 INFO     epoch: 137 took 2.496s (0.001s in batching)
training loss:	0.491492
validation loss:	0.842023
validation error:	0.377655
2017-01-26 22:36:59,730 INFO     Wrote output to trainNN/out/v045-unified-16-gf17a658-dirty:simple-ff-ffv-adam-75-40-mintalklen-5-a/config.json
2017-01-26 22:37:02,194 INFO     Saving network params to trainNN/out/v045-unified-16-gf17a658-dirty:simple-ff-ffv-adam-75-40-mintalklen-5-a/epoch-138.pkl
2017-01-26 22:37:02,304 INFO     epoch: 138 took 2.576s (0.001s in batching)
training loss:	0.492306
validation loss:	0.829959
validation error:	0.377793
2017-01-26 22:37:02,306 INFO     Wrote output to trainNN/out/v045-unified-16-gf17a658-dirty:simple-ff-ffv-adam-75-40-mintalklen-5-a/config.json
2017-01-26 22:37:04,737 INFO     Saving network params to trainNN/out/v045-unified-16-gf17a658-dirty:simple-ff-ffv-adam-75-40-mintalklen-5-a/epoch-139.pkl
2017-01-26 22:37:04,857 INFO     epoch: 139 took 2.553s (0.001s in batching)
training loss:	0.491637
validation loss:	0.848586
validation error:	0.376046
2017-01-26 22:37:04,861 INFO     Wrote output to trainNN/out/v045-unified-16-gf17a658-dirty:simple-ff-ffv-adam-75-40-mintalklen-5-a/config.json
2017-01-26 22:37:07,337 INFO     Saving network params to trainNN/out/v045-unified-16-gf17a658-dirty:simple-ff-ffv-adam-75-40-mintalklen-5-a/epoch-140.pkl
2017-01-26 22:37:07,465 INFO     epoch: 140 took 2.608s (0.001s in batching)
training loss:	0.492373
validation loss:	0.846273
validation error:	0.384460
2017-01-26 22:37:07,469 INFO     Wrote output to trainNN/out/v045-unified-16-gf17a658-dirty:simple-ff-ffv-adam-75-40-mintalklen-5-a/config.json
2017-01-26 22:37:10,000 INFO     Saving network params to trainNN/out/v045-unified-16-gf17a658-dirty:simple-ff-ffv-adam-75-40-mintalklen-5-a/epoch-141.pkl
2017-01-26 22:37:10,116 INFO     epoch: 141 took 2.651s (0.001s in batching)
training loss:	0.491161
validation loss:	0.840272
validation error:	0.379264
2017-01-26 22:37:10,118 INFO     Wrote output to trainNN/out/v045-unified-16-gf17a658-dirty:simple-ff-ffv-adam-75-40-mintalklen-5-a/config.json
2017-01-26 22:37:12,587 INFO     Saving network params to trainNN/out/v045-unified-16-gf17a658-dirty:simple-ff-ffv-adam-75-40-mintalklen-5-a/epoch-142.pkl
2017-01-26 22:37:12,700 INFO     epoch: 142 took 2.583s (0.001s in batching)
training loss:	0.490719
validation loss:	0.834607
validation error:	0.372460
2017-01-26 22:37:12,702 INFO     Wrote output to trainNN/out/v045-unified-16-gf17a658-dirty:simple-ff-ffv-adam-75-40-mintalklen-5-a/config.json
2017-01-26 22:37:15,160 INFO     Saving network params to trainNN/out/v045-unified-16-gf17a658-dirty:simple-ff-ffv-adam-75-40-mintalklen-5-a/epoch-143.pkl
2017-01-26 22:37:15,271 INFO     epoch: 143 took 2.572s (0.001s in batching)
training loss:	0.489587
validation loss:	0.828559
validation error:	0.378942
2017-01-26 22:37:15,273 INFO     Wrote output to trainNN/out/v045-unified-16-gf17a658-dirty:simple-ff-ffv-adam-75-40-mintalklen-5-a/config.json
2017-01-26 22:37:17,693 INFO     Saving network params to trainNN/out/v045-unified-16-gf17a658-dirty:simple-ff-ffv-adam-75-40-mintalklen-5-a/epoch-144.pkl
2017-01-26 22:37:17,804 INFO     epoch: 144 took 2.532s (0.001s in batching)
training loss:	0.489840
validation loss:	0.850141
validation error:	0.379356
2017-01-26 22:37:17,807 INFO     Wrote output to trainNN/out/v045-unified-16-gf17a658-dirty:simple-ff-ffv-adam-75-40-mintalklen-5-a/config.json
2017-01-26 22:37:20,213 INFO     Saving network params to trainNN/out/v045-unified-16-gf17a658-dirty:simple-ff-ffv-adam-75-40-mintalklen-5-a/epoch-145.pkl
2017-01-26 22:37:20,325 INFO     epoch: 145 took 2.521s (0.001s in batching)
training loss:	0.490195
validation loss:	0.878375
validation error:	0.385011
2017-01-26 22:37:20,327 INFO     Wrote output to trainNN/out/v045-unified-16-gf17a658-dirty:simple-ff-ffv-adam-75-40-mintalklen-5-a/config.json
2017-01-26 22:37:22,671 INFO     Saving network params to trainNN/out/v045-unified-16-gf17a658-dirty:simple-ff-ffv-adam-75-40-mintalklen-5-a/epoch-146.pkl
2017-01-26 22:37:22,763 INFO     epoch: 146 took 2.439s (0.001s in batching)
training loss:	0.490035
validation loss:	0.859290
validation error:	0.383356
2017-01-26 22:37:22,765 INFO     Wrote output to trainNN/out/v045-unified-16-gf17a658-dirty:simple-ff-ffv-adam-75-40-mintalklen-5-a/config.json
2017-01-26 22:37:24,963 INFO     Saving network params to trainNN/out/v045-unified-16-gf17a658-dirty:simple-ff-ffv-adam-75-40-mintalklen-5-a/epoch-147.pkl
2017-01-26 22:37:25,078 INFO     epoch: 147 took 2.315s (0.001s in batching)
training loss:	0.489711
validation loss:	0.851161
validation error:	0.380000
2017-01-26 22:37:25,081 INFO     Wrote output to trainNN/out/v045-unified-16-gf17a658-dirty:simple-ff-ffv-adam-75-40-mintalklen-5-a/config.json
2017-01-26 22:37:27,531 INFO     Saving network params to trainNN/out/v045-unified-16-gf17a658-dirty:simple-ff-ffv-adam-75-40-mintalklen-5-a/epoch-148.pkl
2017-01-26 22:37:27,642 INFO     epoch: 148 took 2.563s (0.001s in batching)
training loss:	0.490217
validation loss:	0.839614
validation error:	0.387494
2017-01-26 22:37:27,644 INFO     Wrote output to trainNN/out/v045-unified-16-gf17a658-dirty:simple-ff-ffv-adam-75-40-mintalklen-5-a/config.json
2017-01-26 22:37:30,097 INFO     Saving network params to trainNN/out/v045-unified-16-gf17a658-dirty:simple-ff-ffv-adam-75-40-mintalklen-5-a/epoch-149.pkl
2017-01-26 22:37:30,209 INFO     epoch: 149 took 2.567s (0.001s in batching)
training loss:	0.489076
validation loss:	0.833994
validation error:	0.383540
2017-01-26 22:37:30,211 INFO     Wrote output to trainNN/out/v045-unified-16-gf17a658-dirty:simple-ff-ffv-adam-75-40-mintalklen-5-a/config.json
2017-01-26 22:37:32,674 INFO     Saving network params to trainNN/out/v045-unified-16-gf17a658-dirty:simple-ff-ffv-adam-75-40-mintalklen-5-a/epoch-150.pkl
2017-01-26 22:37:32,789 INFO     epoch: 150 took 2.581s (0.001s in batching)
training loss:	0.489431
validation loss:	0.837726
validation error:	0.376230
2017-01-26 22:37:32,792 INFO     Wrote output to trainNN/out/v045-unified-16-gf17a658-dirty:simple-ff-ffv-adam-75-40-mintalklen-5-a/config.json
2017-01-26 22:37:35,226 INFO     Saving network params to trainNN/out/v045-unified-16-gf17a658-dirty:simple-ff-ffv-adam-75-40-mintalklen-5-a/epoch-151.pkl
2017-01-26 22:37:35,336 INFO     epoch: 151 took 2.546s (0.001s in batching)
training loss:	0.488678
validation loss:	0.844480
validation error:	0.372874
2017-01-26 22:37:35,340 INFO     Wrote output to trainNN/out/v045-unified-16-gf17a658-dirty:simple-ff-ffv-adam-75-40-mintalklen-5-a/config.json
2017-01-26 22:37:37,770 INFO     Saving network params to trainNN/out/v045-unified-16-gf17a658-dirty:simple-ff-ffv-adam-75-40-mintalklen-5-a/epoch-152.pkl
2017-01-26 22:37:37,889 INFO     epoch: 152 took 2.554s (0.001s in batching)
training loss:	0.488409
validation loss:	0.855928
validation error:	0.380092
2017-01-26 22:37:37,892 INFO     Wrote output to trainNN/out/v045-unified-16-gf17a658-dirty:simple-ff-ffv-adam-75-40-mintalklen-5-a/config.json
2017-01-26 22:37:40,323 INFO     Saving network params to trainNN/out/v045-unified-16-gf17a658-dirty:simple-ff-ffv-adam-75-40-mintalklen-5-a/epoch-153.pkl
2017-01-26 22:37:40,435 INFO     epoch: 153 took 2.545s (0.001s in batching)
training loss:	0.488479
validation loss:	0.840913
validation error:	0.381103
2017-01-26 22:37:40,437 INFO     Wrote output to trainNN/out/v045-unified-16-gf17a658-dirty:simple-ff-ffv-adam-75-40-mintalklen-5-a/config.json
2017-01-26 22:37:42,912 INFO     Saving network params to trainNN/out/v045-unified-16-gf17a658-dirty:simple-ff-ffv-adam-75-40-mintalklen-5-a/epoch-154.pkl
2017-01-26 22:37:43,021 INFO     epoch: 154 took 2.587s (0.001s in batching)
training loss:	0.487776
validation loss:	0.852768
validation error:	0.378023
2017-01-26 22:37:43,026 INFO     Wrote output to trainNN/out/v045-unified-16-gf17a658-dirty:simple-ff-ffv-adam-75-40-mintalklen-5-a/config.json
2017-01-26 22:37:45,454 INFO     Saving network params to trainNN/out/v045-unified-16-gf17a658-dirty:simple-ff-ffv-adam-75-40-mintalklen-5-a/epoch-155.pkl
2017-01-26 22:37:45,571 INFO     epoch: 155 took 2.550s (0.001s in batching)
training loss:	0.487893
validation loss:	0.837016
validation error:	0.381563
2017-01-26 22:37:45,574 INFO     Wrote output to trainNN/out/v045-unified-16-gf17a658-dirty:simple-ff-ffv-adam-75-40-mintalklen-5-a/config.json
2017-01-26 22:37:48,057 INFO     Saving network params to trainNN/out/v045-unified-16-gf17a658-dirty:simple-ff-ffv-adam-75-40-mintalklen-5-a/epoch-156.pkl
2017-01-26 22:37:48,169 INFO     epoch: 156 took 2.597s (0.001s in batching)
training loss:	0.488145
validation loss:	0.866372
validation error:	0.393931
2017-01-26 22:37:48,174 INFO     Wrote output to trainNN/out/v045-unified-16-gf17a658-dirty:simple-ff-ffv-adam-75-40-mintalklen-5-a/config.json
2017-01-26 22:37:50,191 INFO     Saving network params to trainNN/out/v045-unified-16-gf17a658-dirty:simple-ff-ffv-adam-75-40-mintalklen-5-a/epoch-157.pkl
2017-01-26 22:37:50,306 INFO     epoch: 157 took 2.138s (0.001s in batching)
training loss:	0.486672
validation loss:	0.854409
validation error:	0.386253
2017-01-26 22:37:50,310 INFO     Wrote output to trainNN/out/v045-unified-16-gf17a658-dirty:simple-ff-ffv-adam-75-40-mintalklen-5-a/config.json
2017-01-26 22:37:52,805 INFO     Saving network params to trainNN/out/v045-unified-16-gf17a658-dirty:simple-ff-ffv-adam-75-40-mintalklen-5-a/epoch-158.pkl
2017-01-26 22:37:52,916 INFO     epoch: 158 took 2.609s (0.001s in batching)
training loss:	0.488125
validation loss:	0.856455
validation error:	0.383080
2017-01-26 22:37:52,920 INFO     Wrote output to trainNN/out/v045-unified-16-gf17a658-dirty:simple-ff-ffv-adam-75-40-mintalklen-5-a/config.json
2017-01-26 22:37:55,364 INFO     Saving network params to trainNN/out/v045-unified-16-gf17a658-dirty:simple-ff-ffv-adam-75-40-mintalklen-5-a/epoch-159.pkl
2017-01-26 22:37:55,474 INFO     epoch: 159 took 2.558s (0.001s in batching)
training loss:	0.486759
validation loss:	0.847668
validation error:	0.377149
2017-01-26 22:37:55,476 INFO     Wrote output to trainNN/out/v045-unified-16-gf17a658-dirty:simple-ff-ffv-adam-75-40-mintalklen-5-a/config.json
2017-01-26 22:37:57,932 INFO     Saving network params to trainNN/out/v045-unified-16-gf17a658-dirty:simple-ff-ffv-adam-75-40-mintalklen-5-a/epoch-160.pkl
2017-01-26 22:37:58,046 INFO     epoch: 160 took 2.572s (0.001s in batching)
training loss:	0.487157
validation loss:	0.843979
validation error:	0.382253
2017-01-26 22:37:58,051 INFO     Wrote output to trainNN/out/v045-unified-16-gf17a658-dirty:simple-ff-ffv-adam-75-40-mintalklen-5-a/config.json
2017-01-26 22:38:00,444 INFO     Saving network params to trainNN/out/v045-unified-16-gf17a658-dirty:simple-ff-ffv-adam-75-40-mintalklen-5-a/epoch-161.pkl
2017-01-26 22:38:00,552 INFO     epoch: 161 took 2.506s (0.001s in batching)
training loss:	0.486566
validation loss:	0.862973
validation error:	0.373655
2017-01-26 22:38:00,555 INFO     Wrote output to trainNN/out/v045-unified-16-gf17a658-dirty:simple-ff-ffv-adam-75-40-mintalklen-5-a/config.json
2017-01-26 22:38:02,919 INFO     Saving network params to trainNN/out/v045-unified-16-gf17a658-dirty:simple-ff-ffv-adam-75-40-mintalklen-5-a/epoch-162.pkl
2017-01-26 22:38:03,034 INFO     epoch: 162 took 2.482s (0.001s in batching)
training loss:	0.486275
validation loss:	0.850918
validation error:	0.377195
2017-01-26 22:38:03,036 INFO     Wrote output to trainNN/out/v045-unified-16-gf17a658-dirty:simple-ff-ffv-adam-75-40-mintalklen-5-a/config.json
2017-01-26 22:38:05,543 INFO     Saving network params to trainNN/out/v045-unified-16-gf17a658-dirty:simple-ff-ffv-adam-75-40-mintalklen-5-a/epoch-163.pkl
2017-01-26 22:38:05,653 INFO     epoch: 163 took 2.619s (0.001s in batching)
training loss:	0.486776
validation loss:	0.865526
validation error:	0.378253
2017-01-26 22:38:05,801 INFO     Wrote output to trainNN/out/v045-unified-16-gf17a658-dirty:simple-ff-ffv-adam-75-40-mintalklen-5-a/config.json
2017-01-26 22:38:08,978 INFO     Saving network params to trainNN/out/v045-unified-16-gf17a658-dirty:simple-ff-ffv-adam-75-40-mintalklen-5-a/epoch-164.pkl
2017-01-26 22:38:09,140 INFO     epoch: 164 took 3.487s (0.001s in batching)
training loss:	0.486261
validation loss:	0.864213
validation error:	0.378575
2017-01-26 22:38:09,142 INFO     Wrote output to trainNN/out/v045-unified-16-gf17a658-dirty:simple-ff-ffv-adam-75-40-mintalklen-5-a/config.json
2017-01-26 22:38:12,900 INFO     Saving network params to trainNN/out/v045-unified-16-gf17a658-dirty:simple-ff-ffv-adam-75-40-mintalklen-5-a/epoch-165.pkl
2017-01-26 22:38:13,055 INFO     epoch: 165 took 3.915s (0.001s in batching)
training loss:	0.486239
validation loss:	0.853366
validation error:	0.377425
2017-01-26 22:38:13,057 INFO     Wrote output to trainNN/out/v045-unified-16-gf17a658-dirty:simple-ff-ffv-adam-75-40-mintalklen-5-a/config.json
2017-01-26 22:38:16,861 INFO     Saving network params to trainNN/out/v045-unified-16-gf17a658-dirty:simple-ff-ffv-adam-75-40-mintalklen-5-a/epoch-166.pkl
2017-01-26 22:38:17,012 INFO     epoch: 166 took 3.957s (0.001s in batching)
training loss:	0.486034
validation loss:	0.864102
validation error:	0.383356
2017-01-26 22:38:17,014 INFO     Wrote output to trainNN/out/v045-unified-16-gf17a658-dirty:simple-ff-ffv-adam-75-40-mintalklen-5-a/config.json
2017-01-26 22:38:20,111 INFO     Saving network params to trainNN/out/v045-unified-16-gf17a658-dirty:simple-ff-ffv-adam-75-40-mintalklen-5-a/epoch-167.pkl
2017-01-26 22:38:20,267 INFO     epoch: 167 took 3.255s (0.001s in batching)
training loss:	0.485984
validation loss:	0.865939
validation error:	0.372644
2017-01-26 22:38:20,269 INFO     Wrote output to trainNN/out/v045-unified-16-gf17a658-dirty:simple-ff-ffv-adam-75-40-mintalklen-5-a/config.json
2017-01-26 22:38:24,050 INFO     Saving network params to trainNN/out/v045-unified-16-gf17a658-dirty:simple-ff-ffv-adam-75-40-mintalklen-5-a/epoch-168.pkl
2017-01-26 22:38:24,204 INFO     epoch: 168 took 3.937s (0.001s in batching)
training loss:	0.483963
validation loss:	0.860137
validation error:	0.388368
2017-01-26 22:38:24,207 INFO     Wrote output to trainNN/out/v045-unified-16-gf17a658-dirty:simple-ff-ffv-adam-75-40-mintalklen-5-a/config.json
2017-01-26 22:38:27,991 INFO     Saving network params to trainNN/out/v045-unified-16-gf17a658-dirty:simple-ff-ffv-adam-75-40-mintalklen-5-a/epoch-169.pkl
2017-01-26 22:38:28,146 INFO     epoch: 169 took 3.942s (0.001s in batching)
training loss:	0.484401
validation loss:	0.853931
validation error:	0.382437
2017-01-26 22:38:28,150 INFO     Wrote output to trainNN/out/v045-unified-16-gf17a658-dirty:simple-ff-ffv-adam-75-40-mintalklen-5-a/config.json
2017-01-26 22:38:31,951 INFO     Saving network params to trainNN/out/v045-unified-16-gf17a658-dirty:simple-ff-ffv-adam-75-40-mintalklen-5-a/epoch-170.pkl
2017-01-26 22:38:32,112 INFO     epoch: 170 took 3.965s (0.001s in batching)
training loss:	0.485152
validation loss:	0.858245
validation error:	0.377977
2017-01-26 22:38:32,115 INFO     Wrote output to trainNN/out/v045-unified-16-gf17a658-dirty:simple-ff-ffv-adam-75-40-mintalklen-5-a/config.json
2017-01-26 22:38:35,773 INFO     Saving network params to trainNN/out/v045-unified-16-gf17a658-dirty:simple-ff-ffv-adam-75-40-mintalklen-5-a/epoch-171.pkl
2017-01-26 22:38:35,926 INFO     epoch: 171 took 3.815s (0.001s in batching)
training loss:	0.484315
validation loss:	0.872102
validation error:	0.379310
2017-01-26 22:38:35,929 INFO     Wrote output to trainNN/out/v045-unified-16-gf17a658-dirty:simple-ff-ffv-adam-75-40-mintalklen-5-a/config.json
2017-01-26 22:38:39,707 INFO     Saving network params to trainNN/out/v045-unified-16-gf17a658-dirty:simple-ff-ffv-adam-75-40-mintalklen-5-a/epoch-172.pkl
2017-01-26 22:38:39,863 INFO     epoch: 172 took 3.936s (0.001s in batching)
training loss:	0.484612
validation loss:	0.890372
validation error:	0.383080
2017-01-26 22:38:39,867 INFO     Wrote output to trainNN/out/v045-unified-16-gf17a658-dirty:simple-ff-ffv-adam-75-40-mintalklen-5-a/config.json
2017-01-26 22:38:43,600 INFO     Saving network params to trainNN/out/v045-unified-16-gf17a658-dirty:simple-ff-ffv-adam-75-40-mintalklen-5-a/epoch-173.pkl
2017-01-26 22:38:43,759 INFO     epoch: 173 took 3.896s (0.001s in batching)
training loss:	0.484133
validation loss:	0.844147
validation error:	0.381425
2017-01-26 22:38:43,763 INFO     Wrote output to trainNN/out/v045-unified-16-gf17a658-dirty:simple-ff-ffv-adam-75-40-mintalklen-5-a/config.json
2017-01-26 22:38:47,420 INFO     Saving network params to trainNN/out/v045-unified-16-gf17a658-dirty:simple-ff-ffv-adam-75-40-mintalklen-5-a/epoch-174.pkl
2017-01-26 22:38:47,578 INFO     epoch: 174 took 3.819s (0.001s in batching)
training loss:	0.483517
validation loss:	0.857552
validation error:	0.374759
2017-01-26 22:38:47,583 INFO     Wrote output to trainNN/out/v045-unified-16-gf17a658-dirty:simple-ff-ffv-adam-75-40-mintalklen-5-a/config.json
2017-01-26 22:38:51,203 INFO     Saving network params to trainNN/out/v045-unified-16-gf17a658-dirty:simple-ff-ffv-adam-75-40-mintalklen-5-a/epoch-175.pkl
2017-01-26 22:38:51,359 INFO     epoch: 175 took 3.781s (0.001s in batching)
training loss:	0.483625
validation loss:	0.861875
validation error:	0.376368
2017-01-26 22:38:51,362 INFO     Wrote output to trainNN/out/v045-unified-16-gf17a658-dirty:simple-ff-ffv-adam-75-40-mintalklen-5-a/config.json
2017-01-26 22:38:55,138 INFO     Saving network params to trainNN/out/v045-unified-16-gf17a658-dirty:simple-ff-ffv-adam-75-40-mintalklen-5-a/epoch-176.pkl
2017-01-26 22:38:55,292 INFO     epoch: 176 took 3.933s (0.001s in batching)
training loss:	0.483763
validation loss:	0.856024
validation error:	0.382943
2017-01-26 22:38:55,297 INFO     Wrote output to trainNN/out/v045-unified-16-gf17a658-dirty:simple-ff-ffv-adam-75-40-mintalklen-5-a/config.json
2017-01-26 22:38:58,600 INFO     Saving network params to trainNN/out/v045-unified-16-gf17a658-dirty:simple-ff-ffv-adam-75-40-mintalklen-5-a/epoch-177.pkl
2017-01-26 22:38:58,759 INFO     epoch: 177 took 3.466s (0.001s in batching)
training loss:	0.484296
validation loss:	0.862163
validation error:	0.382253
2017-01-26 22:38:58,763 INFO     Wrote output to trainNN/out/v045-unified-16-gf17a658-dirty:simple-ff-ffv-adam-75-40-mintalklen-5-a/config.json
2017-01-26 22:39:02,450 INFO     Saving network params to trainNN/out/v045-unified-16-gf17a658-dirty:simple-ff-ffv-adam-75-40-mintalklen-5-a/epoch-178.pkl
2017-01-26 22:39:02,610 INFO     epoch: 178 took 3.851s (0.001s in batching)
training loss:	0.483937
validation loss:	0.842696
validation error:	0.376460
2017-01-26 22:39:02,613 INFO     Wrote output to trainNN/out/v045-unified-16-gf17a658-dirty:simple-ff-ffv-adam-75-40-mintalklen-5-a/config.json
2017-01-26 22:39:06,407 INFO     Saving network params to trainNN/out/v045-unified-16-gf17a658-dirty:simple-ff-ffv-adam-75-40-mintalklen-5-a/epoch-179.pkl
2017-01-26 22:39:06,575 INFO     epoch: 179 took 3.965s (0.001s in batching)
training loss:	0.484177
validation loss:	0.874337
validation error:	0.382483
2017-01-26 22:39:06,578 INFO     Wrote output to trainNN/out/v045-unified-16-gf17a658-dirty:simple-ff-ffv-adam-75-40-mintalklen-5-a/config.json
2017-01-26 22:39:10,334 INFO     Saving network params to trainNN/out/v045-unified-16-gf17a658-dirty:simple-ff-ffv-adam-75-40-mintalklen-5-a/epoch-180.pkl
2017-01-26 22:39:12,110 INFO     epoch: 180 took 5.535s (0.001s in batching)
training loss:	0.483055
validation loss:	0.853798
validation error:	0.375908
2017-01-26 22:39:12,312 INFO     Wrote output to trainNN/out/v045-unified-16-gf17a658-dirty:simple-ff-ffv-adam-75-40-mintalklen-5-a/config.json
2017-01-26 22:39:15,882 INFO     Saving network params to trainNN/out/v045-unified-16-gf17a658-dirty:simple-ff-ffv-adam-75-40-mintalklen-5-a/epoch-181.pkl
2017-01-26 22:39:16,032 INFO     epoch: 181 took 3.922s (0.001s in batching)
training loss:	0.482387
validation loss:	0.870398
validation error:	0.381425
2017-01-26 22:39:16,036 INFO     Wrote output to trainNN/out/v045-unified-16-gf17a658-dirty:simple-ff-ffv-adam-75-40-mintalklen-5-a/config.json
2017-01-26 22:39:19,806 INFO     Saving network params to trainNN/out/v045-unified-16-gf17a658-dirty:simple-ff-ffv-adam-75-40-mintalklen-5-a/epoch-182.pkl
2017-01-26 22:39:19,956 INFO     epoch: 182 took 3.923s (0.001s in batching)
training loss:	0.482152
validation loss:	0.857568
validation error:	0.380644
2017-01-26 22:39:19,958 INFO     Wrote output to trainNN/out/v045-unified-16-gf17a658-dirty:simple-ff-ffv-adam-75-40-mintalklen-5-a/config.json
2017-01-26 22:39:23,756 INFO     Saving network params to trainNN/out/v045-unified-16-gf17a658-dirty:simple-ff-ffv-adam-75-40-mintalklen-5-a/epoch-183.pkl
2017-01-26 22:39:23,915 INFO     epoch: 183 took 3.959s (0.001s in batching)
training loss:	0.483272
validation loss:	0.872658
validation error:	0.381931
2017-01-26 22:39:23,918 INFO     Wrote output to trainNN/out/v045-unified-16-gf17a658-dirty:simple-ff-ffv-adam-75-40-mintalklen-5-a/config.json
2017-01-26 22:39:27,528 INFO     Saving network params to trainNN/out/v045-unified-16-gf17a658-dirty:simple-ff-ffv-adam-75-40-mintalklen-5-a/epoch-184.pkl
2017-01-26 22:39:27,678 INFO     epoch: 184 took 3.763s (0.001s in batching)
training loss:	0.481779
validation loss:	0.869529
validation error:	0.380552
2017-01-26 22:39:27,680 INFO     Wrote output to trainNN/out/v045-unified-16-gf17a658-dirty:simple-ff-ffv-adam-75-40-mintalklen-5-a/config.json
2017-01-26 22:39:31,448 INFO     Saving network params to trainNN/out/v045-unified-16-gf17a658-dirty:simple-ff-ffv-adam-75-40-mintalklen-5-a/epoch-185.pkl
2017-01-26 22:39:31,730 INFO     epoch: 185 took 4.052s (0.001s in batching)
training loss:	0.482683
validation loss:	0.859331
validation error:	0.383724
2017-01-26 22:39:31,734 INFO     Wrote output to trainNN/out/v045-unified-16-gf17a658-dirty:simple-ff-ffv-adam-75-40-mintalklen-5-a/config.json
2017-01-26 22:39:35,211 INFO     Saving network params to trainNN/out/v045-unified-16-gf17a658-dirty:simple-ff-ffv-adam-75-40-mintalklen-5-a/epoch-186.pkl
2017-01-26 22:39:35,373 INFO     epoch: 186 took 3.643s (0.001s in batching)
training loss:	0.480968
validation loss:	0.861401
validation error:	0.381471
2017-01-26 22:39:35,376 INFO     Wrote output to trainNN/out/v045-unified-16-gf17a658-dirty:simple-ff-ffv-adam-75-40-mintalklen-5-a/config.json
2017-01-26 22:39:38,901 INFO     Saving network params to trainNN/out/v045-unified-16-gf17a658-dirty:simple-ff-ffv-adam-75-40-mintalklen-5-a/epoch-187.pkl
2017-01-26 22:39:39,052 INFO     epoch: 187 took 3.680s (0.001s in batching)
training loss:	0.481980
validation loss:	0.873604
validation error:	0.380874
2017-01-26 22:39:39,056 INFO     Wrote output to trainNN/out/v045-unified-16-gf17a658-dirty:simple-ff-ffv-adam-75-40-mintalklen-5-a/config.json
2017-01-26 22:39:42,786 INFO     Saving network params to trainNN/out/v045-unified-16-gf17a658-dirty:simple-ff-ffv-adam-75-40-mintalklen-5-a/epoch-188.pkl
2017-01-26 22:39:42,998 INFO     epoch: 188 took 3.944s (0.001s in batching)
training loss:	0.482064
validation loss:	0.876923
validation error:	0.382391
2017-01-26 22:39:43,036 INFO     Wrote output to trainNN/out/v045-unified-16-gf17a658-dirty:simple-ff-ffv-adam-75-40-mintalklen-5-a/config.json
2017-01-26 22:39:46,694 INFO     Saving network params to trainNN/out/v045-unified-16-gf17a658-dirty:simple-ff-ffv-adam-75-40-mintalklen-5-a/epoch-189.pkl
2017-01-26 22:39:46,920 INFO     epoch: 189 took 3.924s (0.004s in batching)
training loss:	0.481668
validation loss:	0.869465
validation error:	0.383586
2017-01-26 22:39:46,955 INFO     Wrote output to trainNN/out/v045-unified-16-gf17a658-dirty:simple-ff-ffv-adam-75-40-mintalklen-5-a/config.json
2017-01-26 22:39:50,665 INFO     Saving network params to trainNN/out/v045-unified-16-gf17a658-dirty:simple-ff-ffv-adam-75-40-mintalklen-5-a/epoch-190.pkl
2017-01-26 22:39:50,822 INFO     epoch: 190 took 3.902s (0.001s in batching)
training loss:	0.481336
validation loss:	0.878099
validation error:	0.392092
2017-01-26 22:39:50,825 INFO     Wrote output to trainNN/out/v045-unified-16-gf17a658-dirty:simple-ff-ffv-adam-75-40-mintalklen-5-a/config.json
2017-01-26 22:39:54,343 INFO     Saving network params to trainNN/out/v045-unified-16-gf17a658-dirty:simple-ff-ffv-adam-75-40-mintalklen-5-a/epoch-191.pkl
2017-01-26 22:39:54,495 INFO     epoch: 191 took 3.673s (0.001s in batching)
training loss:	0.481691
validation loss:	0.870230
validation error:	0.375448
2017-01-26 22:39:54,498 INFO     Wrote output to trainNN/out/v045-unified-16-gf17a658-dirty:simple-ff-ffv-adam-75-40-mintalklen-5-a/config.json
2017-01-26 22:39:58,279 INFO     Saving network params to trainNN/out/v045-unified-16-gf17a658-dirty:simple-ff-ffv-adam-75-40-mintalklen-5-a/epoch-192.pkl
2017-01-26 22:39:58,431 INFO     epoch: 192 took 3.937s (0.001s in batching)
training loss:	0.480382
validation loss:	0.880717
validation error:	0.384322
2017-01-26 22:39:58,452 INFO     Wrote output to trainNN/out/v045-unified-16-gf17a658-dirty:simple-ff-ffv-adam-75-40-mintalklen-5-a/config.json
2017-01-26 22:40:02,095 INFO     Saving network params to trainNN/out/v045-unified-16-gf17a658-dirty:simple-ff-ffv-adam-75-40-mintalklen-5-a/epoch-193.pkl
2017-01-26 22:40:02,285 INFO     epoch: 193 took 3.853s (0.001s in batching)
training loss:	0.480511
validation loss:	0.865110
validation error:	0.381103
2017-01-26 22:40:02,315 INFO     Wrote output to trainNN/out/v045-unified-16-gf17a658-dirty:simple-ff-ffv-adam-75-40-mintalklen-5-a/config.json
2017-01-26 22:40:05,964 INFO     Saving network params to trainNN/out/v045-unified-16-gf17a658-dirty:simple-ff-ffv-adam-75-40-mintalklen-5-a/epoch-194.pkl
2017-01-26 22:40:06,140 INFO     epoch: 194 took 3.855s (0.001s in batching)
training loss:	0.480789
validation loss:	0.861281
validation error:	0.378759
2017-01-26 22:40:06,149 INFO     Wrote output to trainNN/out/v045-unified-16-gf17a658-dirty:simple-ff-ffv-adam-75-40-mintalklen-5-a/config.json
2017-01-26 22:40:09,876 INFO     Saving network params to trainNN/out/v045-unified-16-gf17a658-dirty:simple-ff-ffv-adam-75-40-mintalklen-5-a/epoch-195.pkl
2017-01-26 22:40:10,039 INFO     epoch: 195 took 3.899s (0.003s in batching)
training loss:	0.481617
validation loss:	0.890254
validation error:	0.381931
2017-01-26 22:40:10,042 INFO     Wrote output to trainNN/out/v045-unified-16-gf17a658-dirty:simple-ff-ffv-adam-75-40-mintalklen-5-a/config.json
2017-01-26 22:40:13,600 INFO     Saving network params to trainNN/out/v045-unified-16-gf17a658-dirty:simple-ff-ffv-adam-75-40-mintalklen-5-a/epoch-196.pkl
2017-01-26 22:40:13,762 INFO     epoch: 196 took 3.723s (0.001s in batching)
training loss:	0.480309
validation loss:	0.890278
validation error:	0.386253
2017-01-26 22:40:13,767 INFO     Wrote output to trainNN/out/v045-unified-16-gf17a658-dirty:simple-ff-ffv-adam-75-40-mintalklen-5-a/config.json
2017-01-26 22:40:17,247 INFO     Saving network params to trainNN/out/v045-unified-16-gf17a658-dirty:simple-ff-ffv-adam-75-40-mintalklen-5-a/epoch-197.pkl
2017-01-26 22:40:17,399 INFO     epoch: 197 took 3.637s (0.001s in batching)
training loss:	0.480287
validation loss:	0.882982
validation error:	0.386667
2017-01-26 22:40:17,404 INFO     Wrote output to trainNN/out/v045-unified-16-gf17a658-dirty:simple-ff-ffv-adam-75-40-mintalklen-5-a/config.json
2017-01-26 22:40:20,993 INFO     Saving network params to trainNN/out/v045-unified-16-gf17a658-dirty:simple-ff-ffv-adam-75-40-mintalklen-5-a/epoch-198.pkl
2017-01-26 22:40:21,153 INFO     epoch: 198 took 3.754s (0.001s in batching)
training loss:	0.481426
validation loss:	0.862227
validation error:	0.375540
2017-01-26 22:40:21,158 INFO     Wrote output to trainNN/out/v045-unified-16-gf17a658-dirty:simple-ff-ffv-adam-75-40-mintalklen-5-a/config.json
2017-01-26 22:40:24,854 INFO     Saving network params to trainNN/out/v045-unified-16-gf17a658-dirty:simple-ff-ffv-adam-75-40-mintalklen-5-a/epoch-199.pkl
2017-01-26 22:40:25,008 INFO     epoch: 199 took 3.855s (0.001s in batching)
training loss:	0.480077
validation loss:	0.871938
validation error:	0.382575
2017-01-26 22:40:25,013 INFO     Wrote output to trainNN/out/v045-unified-16-gf17a658-dirty:simple-ff-ffv-adam-75-40-mintalklen-5-a/config.json
