2017-01-26 22:23:07,421 DEBUG    version=v045-unified-14-ga63bb92-dirty:simple-ff-ffv-adam-75-40-nomintalklen-sanity
2017-01-26 22:23:07,422 INFO     Open DBase(data/db/all240302-spk.dat, data/db/all240302-spk.idx, mode='r')
2017-01-26 22:23:12,333 DEBUG    getting all bc uttids...configs/simple-ff-ffv-adam-75-40-mintalklen.json, train
2017-01-26 22:23:12,333 INFO     Open DBase(data/db/all240302-spk.dat, data/db/all240302-spk.idx, mode='r')
2017-01-26 22:23:19,654 DEBUG    extracting and saving data to data/cache/extract-61b5d555f6566955f9d811c70503c948055bb6bcdc1bfe67935991cfe18eb848.pickle
2017-01-26 22:23:19,655 DEBUG    getting all bc uttids...configs/simple-ff-ffv-adam-75-40-mintalklen.json, validate
2017-01-26 22:23:19,921 DEBUG    getting all bc uttids...configs/simple-ff-ffv-adam-75-40-mintalklen.json, eval
2017-01-26 22:27:46,591 DEBUG    set input dim to 9
2017-01-26 22:27:46,591 DEBUG    input dim = 9
2017-01-26 22:27:46,682 DEBUG    shuffling batches
2017-01-26 22:28:21,164 DEBUG    shuffling done
2017-01-26 22:28:21,164 DEBUG    loading data into ram
2017-01-26 22:28:21,227 DEBUG    loading data took 0.063s (cpu: 0.063s)
2017-01-26 22:28:21,228 DEBUG    set input dim to 9
2017-01-26 22:28:21,229 DEBUG    input dim = 9
2017-01-26 22:28:21,678 DEBUG    shuffling batches
2017-01-26 22:28:25,123 DEBUG    shuffling done
2017-01-26 22:28:25,123 DEBUG    loading data into ram
2017-01-26 22:28:25,129 DEBUG    loading data took 0.006s (cpu: 0.006s)
2017-01-26 22:28:25,144 INFO     Training network with 30197 trainable out of 30197 total params.
2017-01-26 22:28:25,176 DEBUG    Using adam with learning_rate=0.001000
2017-01-26 22:28:27,205 DEBUG    Starting training...
2017-01-26 22:28:38,100 INFO     Saving network params to trainNN/out/v045-unified-14-ga63bb92-dirty:simple-ff-ffv-adam-75-40-nomintalklen-sanity/epoch-000.pkl
2017-01-26 22:28:38,772 INFO     epoch: 0 took 11.567s (0.013s in batching)
training loss:	0.631858
validation loss:	0.619662
validation error:	0.353165
2017-01-26 22:28:38,772 INFO     Wrote output to trainNN/out/v045-unified-14-ga63bb92-dirty:simple-ff-ffv-adam-75-40-nomintalklen-sanity/config.json
2017-01-26 22:28:49,627 INFO     Saving network params to trainNN/out/v045-unified-14-ga63bb92-dirty:simple-ff-ffv-adam-75-40-nomintalklen-sanity/epoch-001.pkl
2017-01-26 22:28:50,291 INFO     epoch: 1 took 11.519s (0.008s in batching)
training loss:	0.618220
validation loss:	0.612681
validation error:	0.342032
2017-01-26 22:28:50,291 INFO     Wrote output to trainNN/out/v045-unified-14-ga63bb92-dirty:simple-ff-ffv-adam-75-40-nomintalklen-sanity/config.json
2017-01-26 22:29:01,249 INFO     Saving network params to trainNN/out/v045-unified-14-ga63bb92-dirty:simple-ff-ffv-adam-75-40-nomintalklen-sanity/epoch-002.pkl
2017-01-26 22:29:01,920 INFO     epoch: 2 took 11.629s (0.008s in batching)
training loss:	0.612575
validation loss:	0.611583
validation error:	0.341789
2017-01-26 22:29:01,921 INFO     Wrote output to trainNN/out/v045-unified-14-ga63bb92-dirty:simple-ff-ffv-adam-75-40-nomintalklen-sanity/config.json
2017-01-26 22:29:12,916 INFO     Saving network params to trainNN/out/v045-unified-14-ga63bb92-dirty:simple-ff-ffv-adam-75-40-nomintalklen-sanity/epoch-003.pkl
2017-01-26 22:29:13,570 INFO     epoch: 3 took 11.650s (0.008s in batching)
training loss:	0.609187
validation loss:	0.609064
validation error:	0.337789
2017-01-26 22:29:13,570 INFO     Wrote output to trainNN/out/v045-unified-14-ga63bb92-dirty:simple-ff-ffv-adam-75-40-nomintalklen-sanity/config.json
2017-01-26 22:29:24,386 INFO     Saving network params to trainNN/out/v045-unified-14-ga63bb92-dirty:simple-ff-ffv-adam-75-40-nomintalklen-sanity/epoch-004.pkl
2017-01-26 22:29:25,036 INFO     epoch: 4 took 11.466s (0.008s in batching)
training loss:	0.606920
validation loss:	0.606115
validation error:	0.334320
2017-01-26 22:29:25,037 INFO     Wrote output to trainNN/out/v045-unified-14-ga63bb92-dirty:simple-ff-ffv-adam-75-40-nomintalklen-sanity/config.json
2017-01-26 22:29:36,188 INFO     Saving network params to trainNN/out/v045-unified-14-ga63bb92-dirty:simple-ff-ffv-adam-75-40-nomintalklen-sanity/epoch-005.pkl
2017-01-26 22:29:36,873 INFO     epoch: 5 took 11.836s (0.008s in batching)
training loss:	0.605147
validation loss:	0.603285
validation error:	0.330240
2017-01-26 22:29:36,873 INFO     Wrote output to trainNN/out/v045-unified-14-ga63bb92-dirty:simple-ff-ffv-adam-75-40-nomintalklen-sanity/config.json
2017-01-26 22:29:47,959 INFO     Saving network params to trainNN/out/v045-unified-14-ga63bb92-dirty:simple-ff-ffv-adam-75-40-nomintalklen-sanity/epoch-006.pkl
2017-01-26 22:29:48,616 INFO     epoch: 6 took 11.743s (0.008s in batching)
training loss:	0.603477
validation loss:	0.603379
validation error:	0.328872
2017-01-26 22:29:48,616 INFO     Wrote output to trainNN/out/v045-unified-14-ga63bb92-dirty:simple-ff-ffv-adam-75-40-nomintalklen-sanity/config.json
2017-01-26 22:29:59,499 INFO     Saving network params to trainNN/out/v045-unified-14-ga63bb92-dirty:simple-ff-ffv-adam-75-40-nomintalklen-sanity/epoch-007.pkl
2017-01-26 22:30:00,156 INFO     epoch: 7 took 11.540s (0.008s in batching)
training loss:	0.602120
validation loss:	0.605788
validation error:	0.331524
2017-01-26 22:30:00,156 INFO     Wrote output to trainNN/out/v045-unified-14-ga63bb92-dirty:simple-ff-ffv-adam-75-40-nomintalklen-sanity/config.json
2017-01-26 22:30:11,016 INFO     Saving network params to trainNN/out/v045-unified-14-ga63bb92-dirty:simple-ff-ffv-adam-75-40-nomintalklen-sanity/epoch-008.pkl
2017-01-26 22:30:11,677 INFO     epoch: 8 took 11.522s (0.008s in batching)
training loss:	0.601291
validation loss:	0.604321
validation error:	0.330607
2017-01-26 22:30:11,678 INFO     Wrote output to trainNN/out/v045-unified-14-ga63bb92-dirty:simple-ff-ffv-adam-75-40-nomintalklen-sanity/config.json
2017-01-26 22:30:22,546 INFO     Saving network params to trainNN/out/v045-unified-14-ga63bb92-dirty:simple-ff-ffv-adam-75-40-nomintalklen-sanity/epoch-009.pkl
2017-01-26 22:30:23,204 INFO     epoch: 9 took 11.527s (0.008s in batching)
training loss:	0.600237
validation loss:	0.604691
validation error:	0.331896
2017-01-26 22:30:23,205 INFO     Wrote output to trainNN/out/v045-unified-14-ga63bb92-dirty:simple-ff-ffv-adam-75-40-nomintalklen-sanity/config.json
2017-01-26 22:30:34,115 INFO     Saving network params to trainNN/out/v045-unified-14-ga63bb92-dirty:simple-ff-ffv-adam-75-40-nomintalklen-sanity/epoch-010.pkl
2017-01-26 22:30:34,774 INFO     epoch: 10 took 11.570s (0.008s in batching)
training loss:	0.599326
validation loss:	0.602160
validation error:	0.328278
2017-01-26 22:30:34,775 INFO     Wrote output to trainNN/out/v045-unified-14-ga63bb92-dirty:simple-ff-ffv-adam-75-40-nomintalklen-sanity/config.json
2017-01-26 22:30:45,831 INFO     Saving network params to trainNN/out/v045-unified-14-ga63bb92-dirty:simple-ff-ffv-adam-75-40-nomintalklen-sanity/epoch-011.pkl
2017-01-26 22:30:46,740 INFO     epoch: 11 took 11.965s (0.008s in batching)
training loss:	0.598818
validation loss:	0.604006
validation error:	0.330568
2017-01-26 22:30:46,740 INFO     Wrote output to trainNN/out/v045-unified-14-ga63bb92-dirty:simple-ff-ffv-adam-75-40-nomintalklen-sanity/config.json
2017-01-26 22:31:11,132 INFO     Saving network params to trainNN/out/v045-unified-14-ga63bb92-dirty:simple-ff-ffv-adam-75-40-nomintalklen-sanity/epoch-012.pkl
2017-01-26 22:31:12,132 INFO     epoch: 12 took 25.393s (0.009s in batching)
training loss:	0.598077
validation loss:	0.602454
validation error:	0.326191
2017-01-26 22:31:12,133 INFO     Wrote output to trainNN/out/v045-unified-14-ga63bb92-dirty:simple-ff-ffv-adam-75-40-nomintalklen-sanity/config.json
2017-01-26 22:31:31,045 INFO     Saving network params to trainNN/out/v045-unified-14-ga63bb92-dirty:simple-ff-ffv-adam-75-40-nomintalklen-sanity/epoch-013.pkl
2017-01-26 22:31:32,086 INFO     epoch: 13 took 19.954s (0.009s in batching)
training loss:	0.597708
validation loss:	0.600059
validation error:	0.324991
2017-01-26 22:31:32,087 INFO     Wrote output to trainNN/out/v045-unified-14-ga63bb92-dirty:simple-ff-ffv-adam-75-40-nomintalklen-sanity/config.json
2017-01-26 22:31:58,020 INFO     Saving network params to trainNN/out/v045-unified-14-ga63bb92-dirty:simple-ff-ffv-adam-75-40-nomintalklen-sanity/epoch-014.pkl
2017-01-26 22:31:59,149 INFO     epoch: 14 took 27.063s (0.010s in batching)
training loss:	0.597150
validation loss:	0.602093
validation error:	0.328967
2017-01-26 22:31:59,150 INFO     Wrote output to trainNN/out/v045-unified-14-ga63bb92-dirty:simple-ff-ffv-adam-75-40-nomintalklen-sanity/config.json
2017-01-26 22:32:24,581 INFO     Saving network params to trainNN/out/v045-unified-14-ga63bb92-dirty:simple-ff-ffv-adam-75-40-nomintalklen-sanity/epoch-015.pkl
2017-01-26 22:32:25,725 INFO     epoch: 15 took 26.576s (0.010s in batching)
training loss:	0.596769
validation loss:	0.600295
validation error:	0.325779
2017-01-26 22:32:25,726 INFO     Wrote output to trainNN/out/v045-unified-14-ga63bb92-dirty:simple-ff-ffv-adam-75-40-nomintalklen-sanity/config.json
2017-01-26 22:32:50,494 INFO     Saving network params to trainNN/out/v045-unified-14-ga63bb92-dirty:simple-ff-ffv-adam-75-40-nomintalklen-sanity/epoch-016.pkl
2017-01-26 22:32:51,712 INFO     epoch: 16 took 25.987s (0.011s in batching)
training loss:	0.596141
validation loss:	0.602666
validation error:	0.326042
2017-01-26 22:32:51,713 INFO     Wrote output to trainNN/out/v045-unified-14-ga63bb92-dirty:simple-ff-ffv-adam-75-40-nomintalklen-sanity/config.json
2017-01-26 22:33:17,595 INFO     Saving network params to trainNN/out/v045-unified-14-ga63bb92-dirty:simple-ff-ffv-adam-75-40-nomintalklen-sanity/epoch-017.pkl
2017-01-26 22:33:18,669 INFO     epoch: 17 took 26.957s (0.014s in batching)
training loss:	0.595764
validation loss:	0.604058
validation error:	0.326870
2017-01-26 22:33:18,669 INFO     Wrote output to trainNN/out/v045-unified-14-ga63bb92-dirty:simple-ff-ffv-adam-75-40-nomintalklen-sanity/config.json
2017-01-26 22:33:44,206 INFO     Saving network params to trainNN/out/v045-unified-14-ga63bb92-dirty:simple-ff-ffv-adam-75-40-nomintalklen-sanity/epoch-018.pkl
2017-01-26 22:33:45,285 INFO     epoch: 18 took 26.616s (0.010s in batching)
training loss:	0.595354
validation loss:	0.602885
validation error:	0.327921
2017-01-26 22:33:45,286 INFO     Wrote output to trainNN/out/v045-unified-14-ga63bb92-dirty:simple-ff-ffv-adam-75-40-nomintalklen-sanity/config.json
2017-01-26 22:34:10,286 INFO     Saving network params to trainNN/out/v045-unified-14-ga63bb92-dirty:simple-ff-ffv-adam-75-40-nomintalklen-sanity/epoch-019.pkl
2017-01-26 22:34:11,340 INFO     epoch: 19 took 26.055s (0.009s in batching)
training loss:	0.594953
validation loss:	0.598689
validation error:	0.323484
2017-01-26 22:34:11,340 INFO     Wrote output to trainNN/out/v045-unified-14-ga63bb92-dirty:simple-ff-ffv-adam-75-40-nomintalklen-sanity/config.json
2017-01-26 22:34:36,840 INFO     Saving network params to trainNN/out/v045-unified-14-ga63bb92-dirty:simple-ff-ffv-adam-75-40-nomintalklen-sanity/epoch-020.pkl
2017-01-26 22:34:37,916 INFO     epoch: 20 took 26.577s (0.009s in batching)
training loss:	0.594790
validation loss:	0.598613
validation error:	0.322121
2017-01-26 22:34:37,917 INFO     Wrote output to trainNN/out/v045-unified-14-ga63bb92-dirty:simple-ff-ffv-adam-75-40-nomintalklen-sanity/config.json
2017-01-26 22:35:03,147 INFO     Saving network params to trainNN/out/v045-unified-14-ga63bb92-dirty:simple-ff-ffv-adam-75-40-nomintalklen-sanity/epoch-021.pkl
2017-01-26 22:35:04,284 INFO     epoch: 21 took 26.368s (0.009s in batching)
training loss:	0.594221
validation loss:	0.598017
validation error:	0.323291
2017-01-26 22:35:04,285 INFO     Wrote output to trainNN/out/v045-unified-14-ga63bb92-dirty:simple-ff-ffv-adam-75-40-nomintalklen-sanity/config.json
2017-01-26 22:35:29,623 INFO     Saving network params to trainNN/out/v045-unified-14-ga63bb92-dirty:simple-ff-ffv-adam-75-40-nomintalklen-sanity/epoch-022.pkl
2017-01-26 22:35:30,710 INFO     epoch: 22 took 26.426s (0.010s in batching)
training loss:	0.593987
validation loss:	0.599281
validation error:	0.326116
2017-01-26 22:35:30,711 INFO     Wrote output to trainNN/out/v045-unified-14-ga63bb92-dirty:simple-ff-ffv-adam-75-40-nomintalklen-sanity/config.json
2017-01-26 22:36:02,455 INFO     Saving network params to trainNN/out/v045-unified-14-ga63bb92-dirty:simple-ff-ffv-adam-75-40-nomintalklen-sanity/epoch-023.pkl
2017-01-26 22:36:03,527 INFO     epoch: 23 took 32.817s (0.015s in batching)
training loss:	0.593734
validation loss:	0.597487
validation error:	0.321095
2017-01-26 22:36:03,568 INFO     Wrote output to trainNN/out/v045-unified-14-ga63bb92-dirty:simple-ff-ffv-adam-75-40-nomintalklen-sanity/config.json
2017-01-26 22:36:30,247 INFO     Saving network params to trainNN/out/v045-unified-14-ga63bb92-dirty:simple-ff-ffv-adam-75-40-nomintalklen-sanity/epoch-024.pkl
2017-01-26 22:36:31,484 INFO     epoch: 24 took 27.957s (0.010s in batching)
training loss:	0.593576
validation loss:	0.596037
validation error:	0.318111
2017-01-26 22:36:31,485 INFO     Wrote output to trainNN/out/v045-unified-14-ga63bb92-dirty:simple-ff-ffv-adam-75-40-nomintalklen-sanity/config.json
2017-01-26 22:36:56,447 INFO     Saving network params to trainNN/out/v045-unified-14-ga63bb92-dirty:simple-ff-ffv-adam-75-40-nomintalklen-sanity/epoch-025.pkl
2017-01-26 22:36:57,525 INFO     epoch: 25 took 26.040s (0.009s in batching)
training loss:	0.593251
validation loss:	0.600406
validation error:	0.325333
2017-01-26 22:36:57,526 INFO     Wrote output to trainNN/out/v045-unified-14-ga63bb92-dirty:simple-ff-ffv-adam-75-40-nomintalklen-sanity/config.json
2017-01-26 22:37:22,405 INFO     Saving network params to trainNN/out/v045-unified-14-ga63bb92-dirty:simple-ff-ffv-adam-75-40-nomintalklen-sanity/epoch-026.pkl
2017-01-26 22:37:23,424 INFO     epoch: 26 took 25.900s (0.009s in batching)
training loss:	0.593038
validation loss:	0.598748
validation error:	0.324372
2017-01-26 22:37:23,425 INFO     Wrote output to trainNN/out/v045-unified-14-ga63bb92-dirty:simple-ff-ffv-adam-75-40-nomintalklen-sanity/config.json
2017-01-26 22:37:48,211 INFO     Saving network params to trainNN/out/v045-unified-14-ga63bb92-dirty:simple-ff-ffv-adam-75-40-nomintalklen-sanity/epoch-027.pkl
2017-01-26 22:37:49,277 INFO     epoch: 27 took 25.853s (0.009s in batching)
training loss:	0.592735
validation loss:	0.596385
validation error:	0.320040
2017-01-26 22:37:49,278 INFO     Wrote output to trainNN/out/v045-unified-14-ga63bb92-dirty:simple-ff-ffv-adam-75-40-nomintalklen-sanity/config.json
2017-01-26 22:38:17,625 INFO     Saving network params to trainNN/out/v045-unified-14-ga63bb92-dirty:simple-ff-ffv-adam-75-40-nomintalklen-sanity/epoch-028.pkl
2017-01-26 22:38:19,048 INFO     epoch: 28 took 29.771s (0.009s in batching)
training loss:	0.592592
validation loss:	0.597226
validation error:	0.321710
2017-01-26 22:38:19,049 INFO     Wrote output to trainNN/out/v045-unified-14-ga63bb92-dirty:simple-ff-ffv-adam-75-40-nomintalklen-sanity/config.json
2017-01-26 22:38:57,088 INFO     Saving network params to trainNN/out/v045-unified-14-ga63bb92-dirty:simple-ff-ffv-adam-75-40-nomintalklen-sanity/epoch-029.pkl
2017-01-26 22:38:58,551 INFO     epoch: 29 took 39.503s (0.009s in batching)
training loss:	0.592346
validation loss:	0.597697
validation error:	0.322647
2017-01-26 22:38:58,552 INFO     Wrote output to trainNN/out/v045-unified-14-ga63bb92-dirty:simple-ff-ffv-adam-75-40-nomintalklen-sanity/config.json
2017-01-26 22:39:34,200 INFO     Saving network params to trainNN/out/v045-unified-14-ga63bb92-dirty:simple-ff-ffv-adam-75-40-nomintalklen-sanity/epoch-030.pkl
2017-01-26 22:39:35,634 INFO     epoch: 30 took 37.083s (0.010s in batching)
training loss:	0.592282
validation loss:	0.601831
validation error:	0.324590
2017-01-26 22:39:35,635 INFO     Wrote output to trainNN/out/v045-unified-14-ga63bb92-dirty:simple-ff-ffv-adam-75-40-nomintalklen-sanity/config.json
2017-01-26 22:40:13,095 INFO     Saving network params to trainNN/out/v045-unified-14-ga63bb92-dirty:simple-ff-ffv-adam-75-40-nomintalklen-sanity/epoch-031.pkl
2017-01-26 22:40:14,606 INFO     epoch: 31 took 38.972s (0.013s in batching)
training loss:	0.591982
validation loss:	0.598241
validation error:	0.321601
2017-01-26 22:40:14,607 INFO     Wrote output to trainNN/out/v045-unified-14-ga63bb92-dirty:simple-ff-ffv-adam-75-40-nomintalklen-sanity/config.json
2017-01-26 22:40:43,451 INFO     Saving network params to trainNN/out/v045-unified-14-ga63bb92-dirty:simple-ff-ffv-adam-75-40-nomintalklen-sanity/epoch-032.pkl
2017-01-26 22:40:44,632 INFO     epoch: 32 took 30.026s (0.010s in batching)
training loss:	0.591784
validation loss:	0.600481
validation error:	0.323281
2017-01-26 22:40:44,633 INFO     Wrote output to trainNN/out/v045-unified-14-ga63bb92-dirty:simple-ff-ffv-adam-75-40-nomintalklen-sanity/config.json
2017-01-26 22:41:09,737 INFO     Saving network params to trainNN/out/v045-unified-14-ga63bb92-dirty:simple-ff-ffv-adam-75-40-nomintalklen-sanity/epoch-033.pkl
2017-01-26 22:41:10,776 INFO     epoch: 33 took 26.144s (0.009s in batching)
training loss:	0.591542
validation loss:	0.600565
validation error:	0.325289
2017-01-26 22:41:10,777 INFO     Wrote output to trainNN/out/v045-unified-14-ga63bb92-dirty:simple-ff-ffv-adam-75-40-nomintalklen-sanity/config.json
2017-01-26 22:41:35,305 INFO     Saving network params to trainNN/out/v045-unified-14-ga63bb92-dirty:simple-ff-ffv-adam-75-40-nomintalklen-sanity/epoch-034.pkl
2017-01-26 22:41:36,333 INFO     epoch: 34 took 25.557s (0.009s in batching)
training loss:	0.591460
validation loss:	0.597661
validation error:	0.322890
2017-01-26 22:41:36,334 INFO     Wrote output to trainNN/out/v045-unified-14-ga63bb92-dirty:simple-ff-ffv-adam-75-40-nomintalklen-sanity/config.json
2017-01-26 22:42:01,930 INFO     Saving network params to trainNN/out/v045-unified-14-ga63bb92-dirty:simple-ff-ffv-adam-75-40-nomintalklen-sanity/epoch-035.pkl
2017-01-26 22:42:02,955 INFO     epoch: 35 took 26.622s (0.011s in batching)
training loss:	0.591280
validation loss:	0.603706
validation error:	0.325427
2017-01-26 22:42:02,956 INFO     Wrote output to trainNN/out/v045-unified-14-ga63bb92-dirty:simple-ff-ffv-adam-75-40-nomintalklen-sanity/config.json
2017-01-26 22:42:31,995 INFO     Saving network params to trainNN/out/v045-unified-14-ga63bb92-dirty:simple-ff-ffv-adam-75-40-nomintalklen-sanity/epoch-036.pkl
2017-01-26 22:42:33,039 INFO     epoch: 36 took 30.084s (0.009s in batching)
training loss:	0.591144
validation loss:	0.599542
validation error:	0.324084
2017-01-26 22:42:33,040 INFO     Wrote output to trainNN/out/v045-unified-14-ga63bb92-dirty:simple-ff-ffv-adam-75-40-nomintalklen-sanity/config.json
2017-01-26 22:42:58,146 INFO     Saving network params to trainNN/out/v045-unified-14-ga63bb92-dirty:simple-ff-ffv-adam-75-40-nomintalklen-sanity/epoch-037.pkl
2017-01-26 22:42:59,186 INFO     epoch: 37 took 26.148s (0.009s in batching)
training loss:	0.590903
validation loss:	0.598916
validation error:	0.325006
2017-01-26 22:42:59,188 INFO     Wrote output to trainNN/out/v045-unified-14-ga63bb92-dirty:simple-ff-ffv-adam-75-40-nomintalklen-sanity/config.json
2017-01-26 22:43:24,865 INFO     Saving network params to trainNN/out/v045-unified-14-ga63bb92-dirty:simple-ff-ffv-adam-75-40-nomintalklen-sanity/epoch-038.pkl
2017-01-26 22:43:26,188 INFO     epoch: 38 took 27.001s (0.013s in batching)
training loss:	0.590704
validation loss:	0.598457
validation error:	0.323197
2017-01-26 22:43:26,190 INFO     Wrote output to trainNN/out/v045-unified-14-ga63bb92-dirty:simple-ff-ffv-adam-75-40-nomintalklen-sanity/config.json
2017-01-26 22:43:52,342 INFO     Saving network params to trainNN/out/v045-unified-14-ga63bb92-dirty:simple-ff-ffv-adam-75-40-nomintalklen-sanity/epoch-039.pkl
2017-01-26 22:43:53,399 INFO     epoch: 39 took 27.211s (0.015s in batching)
training loss:	0.590758
validation loss:	0.596698
validation error:	0.320877
2017-01-26 22:43:53,400 INFO     Wrote output to trainNN/out/v045-unified-14-ga63bb92-dirty:simple-ff-ffv-adam-75-40-nomintalklen-sanity/config.json
2017-01-26 22:44:19,314 INFO     Saving network params to trainNN/out/v045-unified-14-ga63bb92-dirty:simple-ff-ffv-adam-75-40-nomintalklen-sanity/epoch-040.pkl
2017-01-26 22:44:20,351 INFO     epoch: 40 took 26.953s (0.010s in batching)
training loss:	0.590555
validation loss:	0.597164
validation error:	0.322364
2017-01-26 22:44:20,353 INFO     Wrote output to trainNN/out/v045-unified-14-ga63bb92-dirty:simple-ff-ffv-adam-75-40-nomintalklen-sanity/config.json
2017-01-26 22:44:46,439 INFO     Saving network params to trainNN/out/v045-unified-14-ga63bb92-dirty:simple-ff-ffv-adam-75-40-nomintalklen-sanity/epoch-041.pkl
2017-01-26 22:44:47,609 INFO     epoch: 41 took 27.257s (0.011s in batching)
training loss:	0.590348
validation loss:	0.597827
validation error:	0.323083
2017-01-26 22:44:47,610 INFO     Wrote output to trainNN/out/v045-unified-14-ga63bb92-dirty:simple-ff-ffv-adam-75-40-nomintalklen-sanity/config.json
2017-01-26 22:45:12,631 INFO     Saving network params to trainNN/out/v045-unified-14-ga63bb92-dirty:simple-ff-ffv-adam-75-40-nomintalklen-sanity/epoch-042.pkl
2017-01-26 22:45:13,700 INFO     epoch: 42 took 26.092s (0.010s in batching)
training loss:	0.590331
validation loss:	0.600676
validation error:	0.323688
2017-01-26 22:45:13,701 INFO     Wrote output to trainNN/out/v045-unified-14-ga63bb92-dirty:simple-ff-ffv-adam-75-40-nomintalklen-sanity/config.json
2017-01-26 22:45:44,291 INFO     Saving network params to trainNN/out/v045-unified-14-ga63bb92-dirty:simple-ff-ffv-adam-75-40-nomintalklen-sanity/epoch-043.pkl
2017-01-26 22:45:45,615 INFO     epoch: 43 took 31.915s (0.009s in batching)
training loss:	0.590230
validation loss:	0.600935
validation error:	0.324287
2017-01-26 22:45:45,616 INFO     Wrote output to trainNN/out/v045-unified-14-ga63bb92-dirty:simple-ff-ffv-adam-75-40-nomintalklen-sanity/config.json
2017-01-26 22:46:20,393 INFO     Saving network params to trainNN/out/v045-unified-14-ga63bb92-dirty:simple-ff-ffv-adam-75-40-nomintalklen-sanity/epoch-044.pkl
2017-01-26 22:46:21,732 INFO     epoch: 44 took 36.117s (0.010s in batching)
training loss:	0.590049
validation loss:	0.596328
validation error:	0.319752
2017-01-26 22:46:21,733 INFO     Wrote output to trainNN/out/v045-unified-14-ga63bb92-dirty:simple-ff-ffv-adam-75-40-nomintalklen-sanity/config.json
2017-01-26 22:46:56,442 INFO     Saving network params to trainNN/out/v045-unified-14-ga63bb92-dirty:simple-ff-ffv-adam-75-40-nomintalklen-sanity/epoch-045.pkl
2017-01-26 22:46:57,826 INFO     epoch: 45 took 36.094s (0.010s in batching)
training loss:	0.589999
validation loss:	0.599083
validation error:	0.323802
2017-01-26 22:46:57,827 INFO     Wrote output to trainNN/out/v045-unified-14-ga63bb92-dirty:simple-ff-ffv-adam-75-40-nomintalklen-sanity/config.json
2017-01-26 22:47:32,462 INFO     Saving network params to trainNN/out/v045-unified-14-ga63bb92-dirty:simple-ff-ffv-adam-75-40-nomintalklen-sanity/epoch-046.pkl
2017-01-26 22:47:33,774 INFO     epoch: 46 took 35.948s (0.009s in batching)
training loss:	0.589788
validation loss:	0.599255
validation error:	0.321537
2017-01-26 22:47:33,775 INFO     Wrote output to trainNN/out/v045-unified-14-ga63bb92-dirty:simple-ff-ffv-adam-75-40-nomintalklen-sanity/config.json
2017-01-26 22:48:08,357 INFO     Saving network params to trainNN/out/v045-unified-14-ga63bb92-dirty:simple-ff-ffv-adam-75-40-nomintalklen-sanity/epoch-047.pkl
2017-01-26 22:48:09,728 INFO     epoch: 47 took 35.954s (0.009s in batching)
training loss:	0.589793
validation loss:	0.596181
validation error:	0.320853
2017-01-26 22:48:09,730 INFO     Wrote output to trainNN/out/v045-unified-14-ga63bb92-dirty:simple-ff-ffv-adam-75-40-nomintalklen-sanity/config.json
2017-01-26 22:48:44,325 INFO     Saving network params to trainNN/out/v045-unified-14-ga63bb92-dirty:simple-ff-ffv-adam-75-40-nomintalklen-sanity/epoch-048.pkl
2017-01-26 22:48:45,645 INFO     epoch: 48 took 35.917s (0.012s in batching)
training loss:	0.589582
validation loss:	0.604694
validation error:	0.331108
2017-01-26 22:48:45,647 INFO     Wrote output to trainNN/out/v045-unified-14-ga63bb92-dirty:simple-ff-ffv-adam-75-40-nomintalklen-sanity/config.json
2017-01-26 22:49:20,154 INFO     Saving network params to trainNN/out/v045-unified-14-ga63bb92-dirty:simple-ff-ffv-adam-75-40-nomintalklen-sanity/epoch-049.pkl
2017-01-26 22:49:21,463 INFO     epoch: 49 took 35.818s (0.009s in batching)
training loss:	0.589572
validation loss:	0.599639
validation error:	0.323846
2017-01-26 22:49:21,464 INFO     Wrote output to trainNN/out/v045-unified-14-ga63bb92-dirty:simple-ff-ffv-adam-75-40-nomintalklen-sanity/config.json
2017-01-26 22:49:56,547 INFO     Saving network params to trainNN/out/v045-unified-14-ga63bb92-dirty:simple-ff-ffv-adam-75-40-nomintalklen-sanity/epoch-050.pkl
2017-01-26 22:49:57,977 INFO     epoch: 50 took 36.514s (0.010s in batching)
training loss:	0.589379
validation loss:	0.602821
validation error:	0.327286
2017-01-26 22:49:57,978 INFO     Wrote output to trainNN/out/v045-unified-14-ga63bb92-dirty:simple-ff-ffv-adam-75-40-nomintalklen-sanity/config.json
2017-01-26 22:50:32,849 INFO     Saving network params to trainNN/out/v045-unified-14-ga63bb92-dirty:simple-ff-ffv-adam-75-40-nomintalklen-sanity/epoch-051.pkl
2017-01-26 22:50:34,196 INFO     epoch: 51 took 36.219s (0.010s in batching)
training loss:	0.589332
validation loss:	0.596337
validation error:	0.320625
2017-01-26 22:50:34,197 INFO     Wrote output to trainNN/out/v045-unified-14-ga63bb92-dirty:simple-ff-ffv-adam-75-40-nomintalklen-sanity/config.json
2017-01-26 22:51:08,998 INFO     Saving network params to trainNN/out/v045-unified-14-ga63bb92-dirty:simple-ff-ffv-adam-75-40-nomintalklen-sanity/epoch-052.pkl
2017-01-26 22:51:10,322 INFO     epoch: 52 took 36.126s (0.010s in batching)
training loss:	0.589190
validation loss:	0.598855
validation error:	0.324729
2017-01-26 22:51:10,324 INFO     Wrote output to trainNN/out/v045-unified-14-ga63bb92-dirty:simple-ff-ffv-adam-75-40-nomintalklen-sanity/config.json
2017-01-26 22:51:45,177 INFO     Saving network params to trainNN/out/v045-unified-14-ga63bb92-dirty:simple-ff-ffv-adam-75-40-nomintalklen-sanity/epoch-053.pkl
2017-01-26 22:51:46,511 INFO     epoch: 53 took 36.189s (0.010s in batching)
training loss:	0.589218
validation loss:	0.599667
validation error:	0.324530
2017-01-26 22:51:46,513 INFO     Wrote output to trainNN/out/v045-unified-14-ga63bb92-dirty:simple-ff-ffv-adam-75-40-nomintalklen-sanity/config.json
2017-01-26 22:52:21,127 INFO     Saving network params to trainNN/out/v045-unified-14-ga63bb92-dirty:simple-ff-ffv-adam-75-40-nomintalklen-sanity/epoch-054.pkl
2017-01-26 22:52:22,476 INFO     epoch: 54 took 35.965s (0.010s in batching)
training loss:	0.589077
validation loss:	0.599858
validation error:	0.324243
2017-01-26 22:52:22,478 INFO     Wrote output to trainNN/out/v045-unified-14-ga63bb92-dirty:simple-ff-ffv-adam-75-40-nomintalklen-sanity/config.json
2017-01-26 22:52:57,124 INFO     Saving network params to trainNN/out/v045-unified-14-ga63bb92-dirty:simple-ff-ffv-adam-75-40-nomintalklen-sanity/epoch-055.pkl
2017-01-26 22:52:58,536 INFO     epoch: 55 took 36.060s (0.010s in batching)
training loss:	0.589048
validation loss:	0.597646
validation error:	0.321398
2017-01-26 22:52:58,537 INFO     Wrote output to trainNN/out/v045-unified-14-ga63bb92-dirty:simple-ff-ffv-adam-75-40-nomintalklen-sanity/config.json
2017-01-26 22:53:33,443 INFO     Saving network params to trainNN/out/v045-unified-14-ga63bb92-dirty:simple-ff-ffv-adam-75-40-nomintalklen-sanity/epoch-056.pkl
2017-01-26 22:53:34,812 INFO     epoch: 56 took 36.276s (0.010s in batching)
training loss:	0.588912
validation loss:	0.597510
validation error:	0.323450
2017-01-26 22:53:34,813 INFO     Wrote output to trainNN/out/v045-unified-14-ga63bb92-dirty:simple-ff-ffv-adam-75-40-nomintalklen-sanity/config.json
2017-01-26 22:54:09,623 INFO     Saving network params to trainNN/out/v045-unified-14-ga63bb92-dirty:simple-ff-ffv-adam-75-40-nomintalklen-sanity/epoch-057.pkl
2017-01-26 22:54:10,949 INFO     epoch: 57 took 36.137s (0.013s in batching)
training loss:	0.588875
validation loss:	0.598454
validation error:	0.321978
2017-01-26 22:54:10,950 INFO     Wrote output to trainNN/out/v045-unified-14-ga63bb92-dirty:simple-ff-ffv-adam-75-40-nomintalklen-sanity/config.json
2017-01-26 22:54:45,542 INFO     Saving network params to trainNN/out/v045-unified-14-ga63bb92-dirty:simple-ff-ffv-adam-75-40-nomintalklen-sanity/epoch-058.pkl
2017-01-26 22:54:46,896 INFO     epoch: 58 took 35.947s (0.010s in batching)
training loss:	0.588781
validation loss:	0.597583
validation error:	0.321586
2017-01-26 22:54:46,897 INFO     Wrote output to trainNN/out/v045-unified-14-ga63bb92-dirty:simple-ff-ffv-adam-75-40-nomintalklen-sanity/config.json
2017-01-26 22:55:21,409 INFO     Saving network params to trainNN/out/v045-unified-14-ga63bb92-dirty:simple-ff-ffv-adam-75-40-nomintalklen-sanity/epoch-059.pkl
2017-01-26 22:55:22,764 INFO     epoch: 59 took 35.869s (0.010s in batching)
training loss:	0.588749
validation loss:	0.598589
validation error:	0.322384
2017-01-26 22:55:22,765 INFO     Wrote output to trainNN/out/v045-unified-14-ga63bb92-dirty:simple-ff-ffv-adam-75-40-nomintalklen-sanity/config.json
2017-01-26 22:55:57,478 INFO     Saving network params to trainNN/out/v045-unified-14-ga63bb92-dirty:simple-ff-ffv-adam-75-40-nomintalklen-sanity/epoch-060.pkl
2017-01-26 22:55:58,819 INFO     epoch: 60 took 36.055s (0.009s in batching)
training loss:	0.588540
validation loss:	0.597956
validation error:	0.322047
2017-01-26 22:55:58,821 INFO     Wrote output to trainNN/out/v045-unified-14-ga63bb92-dirty:simple-ff-ffv-adam-75-40-nomintalklen-sanity/config.json
2017-01-26 22:56:33,204 INFO     Saving network params to trainNN/out/v045-unified-14-ga63bb92-dirty:simple-ff-ffv-adam-75-40-nomintalklen-sanity/epoch-061.pkl
2017-01-26 22:56:34,533 INFO     epoch: 61 took 35.713s (0.009s in batching)
training loss:	0.588425
validation loss:	0.604079
validation error:	0.329090
2017-01-26 22:56:34,534 INFO     Wrote output to trainNN/out/v045-unified-14-ga63bb92-dirty:simple-ff-ffv-adam-75-40-nomintalklen-sanity/config.json
2017-01-26 22:57:09,448 INFO     Saving network params to trainNN/out/v045-unified-14-ga63bb92-dirty:simple-ff-ffv-adam-75-40-nomintalklen-sanity/epoch-062.pkl
2017-01-26 22:57:10,789 INFO     epoch: 62 took 36.256s (0.021s in batching)
training loss:	0.588342
validation loss:	0.596930
validation error:	0.319301
2017-01-26 22:57:10,791 INFO     Wrote output to trainNN/out/v045-unified-14-ga63bb92-dirty:simple-ff-ffv-adam-75-40-nomintalklen-sanity/config.json
2017-01-26 22:57:45,710 INFO     Saving network params to trainNN/out/v045-unified-14-ga63bb92-dirty:simple-ff-ffv-adam-75-40-nomintalklen-sanity/epoch-063.pkl
2017-01-26 22:57:47,042 INFO     epoch: 63 took 36.253s (0.010s in batching)
training loss:	0.588416
validation loss:	0.597289
validation error:	0.321081
2017-01-26 22:57:47,043 INFO     Wrote output to trainNN/out/v045-unified-14-ga63bb92-dirty:simple-ff-ffv-adam-75-40-nomintalklen-sanity/config.json
2017-01-26 22:58:21,787 INFO     Saving network params to trainNN/out/v045-unified-14-ga63bb92-dirty:simple-ff-ffv-adam-75-40-nomintalklen-sanity/epoch-064.pkl
2017-01-26 22:58:23,230 INFO     epoch: 64 took 36.188s (0.010s in batching)
training loss:	0.588328
validation loss:	0.598439
validation error:	0.320967
2017-01-26 22:58:23,232 INFO     Wrote output to trainNN/out/v045-unified-14-ga63bb92-dirty:simple-ff-ffv-adam-75-40-nomintalklen-sanity/config.json
2017-01-26 22:58:58,040 INFO     Saving network params to trainNN/out/v045-unified-14-ga63bb92-dirty:simple-ff-ffv-adam-75-40-nomintalklen-sanity/epoch-065.pkl
2017-01-26 22:58:59,391 INFO     epoch: 65 took 36.161s (0.010s in batching)
training loss:	0.588306
validation loss:	0.597376
validation error:	0.321219
2017-01-26 22:58:59,393 INFO     Wrote output to trainNN/out/v045-unified-14-ga63bb92-dirty:simple-ff-ffv-adam-75-40-nomintalklen-sanity/config.json
2017-01-26 22:59:33,945 INFO     Saving network params to trainNN/out/v045-unified-14-ga63bb92-dirty:simple-ff-ffv-adam-75-40-nomintalklen-sanity/epoch-066.pkl
2017-01-26 22:59:35,292 INFO     epoch: 66 took 35.901s (0.009s in batching)
training loss:	0.588257
validation loss:	0.599026
validation error:	0.322002
2017-01-26 22:59:35,293 INFO     Wrote output to trainNN/out/v045-unified-14-ga63bb92-dirty:simple-ff-ffv-adam-75-40-nomintalklen-sanity/config.json
2017-01-26 23:00:09,968 INFO     Saving network params to trainNN/out/v045-unified-14-ga63bb92-dirty:simple-ff-ffv-adam-75-40-nomintalklen-sanity/epoch-067.pkl
2017-01-26 23:00:11,326 INFO     epoch: 67 took 36.034s (0.009s in batching)
training loss:	0.588153
validation loss:	0.601933
validation error:	0.325393
2017-01-26 23:00:11,328 INFO     Wrote output to trainNN/out/v045-unified-14-ga63bb92-dirty:simple-ff-ffv-adam-75-40-nomintalklen-sanity/config.json
2017-01-26 23:00:45,928 INFO     Saving network params to trainNN/out/v045-unified-14-ga63bb92-dirty:simple-ff-ffv-adam-75-40-nomintalklen-sanity/epoch-068.pkl
2017-01-26 23:00:47,288 INFO     epoch: 68 took 35.961s (0.010s in batching)
training loss:	0.588123
validation loss:	0.598424
validation error:	0.321418
2017-01-26 23:00:47,289 INFO     Wrote output to trainNN/out/v045-unified-14-ga63bb92-dirty:simple-ff-ffv-adam-75-40-nomintalklen-sanity/config.json
2017-01-26 23:01:20,845 INFO     Saving network params to trainNN/out/v045-unified-14-ga63bb92-dirty:simple-ff-ffv-adam-75-40-nomintalklen-sanity/epoch-069.pkl
2017-01-26 23:01:22,188 INFO     epoch: 69 took 34.901s (0.010s in batching)
training loss:	0.588030
validation loss:	0.602070
validation error:	0.327603
2017-01-26 23:01:22,211 INFO     Wrote output to trainNN/out/v045-unified-14-ga63bb92-dirty:simple-ff-ffv-adam-75-40-nomintalklen-sanity/config.json
2017-01-26 23:01:56,807 INFO     Saving network params to trainNN/out/v045-unified-14-ga63bb92-dirty:simple-ff-ffv-adam-75-40-nomintalklen-sanity/epoch-070.pkl
2017-01-26 23:01:58,204 INFO     epoch: 70 took 36.016s (0.009s in batching)
training loss:	0.587821
validation loss:	0.597781
validation error:	0.321561
2017-01-26 23:01:58,206 INFO     Wrote output to trainNN/out/v045-unified-14-ga63bb92-dirty:simple-ff-ffv-adam-75-40-nomintalklen-sanity/config.json
2017-01-26 23:02:32,942 INFO     Saving network params to trainNN/out/v045-unified-14-ga63bb92-dirty:simple-ff-ffv-adam-75-40-nomintalklen-sanity/epoch-071.pkl
2017-01-26 23:02:34,285 INFO     epoch: 71 took 36.080s (0.010s in batching)
training loss:	0.587883
validation loss:	0.597245
validation error:	0.322478
2017-01-26 23:02:34,286 INFO     Wrote output to trainNN/out/v045-unified-14-ga63bb92-dirty:simple-ff-ffv-adam-75-40-nomintalklen-sanity/config.json
2017-01-26 23:03:08,740 INFO     Saving network params to trainNN/out/v045-unified-14-ga63bb92-dirty:simple-ff-ffv-adam-75-40-nomintalklen-sanity/epoch-072.pkl
2017-01-26 23:03:10,132 INFO     epoch: 72 took 35.847s (0.010s in batching)
training loss:	0.587696
validation loss:	0.599280
validation error:	0.323643
2017-01-26 23:03:10,133 INFO     Wrote output to trainNN/out/v045-unified-14-ga63bb92-dirty:simple-ff-ffv-adam-75-40-nomintalklen-sanity/config.json
2017-01-26 23:03:44,731 INFO     Saving network params to trainNN/out/v045-unified-14-ga63bb92-dirty:simple-ff-ffv-adam-75-40-nomintalklen-sanity/epoch-073.pkl
2017-01-26 23:03:46,067 INFO     epoch: 73 took 35.936s (0.010s in batching)
training loss:	0.587769
validation loss:	0.602811
validation error:	0.327985
2017-01-26 23:03:46,070 INFO     Wrote output to trainNN/out/v045-unified-14-ga63bb92-dirty:simple-ff-ffv-adam-75-40-nomintalklen-sanity/config.json
2017-01-26 23:04:20,763 INFO     Saving network params to trainNN/out/v045-unified-14-ga63bb92-dirty:simple-ff-ffv-adam-75-40-nomintalklen-sanity/epoch-074.pkl
2017-01-26 23:04:22,107 INFO     epoch: 74 took 36.040s (0.010s in batching)
training loss:	0.587676
validation loss:	0.598677
validation error:	0.321893
2017-01-26 23:04:22,109 INFO     Wrote output to trainNN/out/v045-unified-14-ga63bb92-dirty:simple-ff-ffv-adam-75-40-nomintalklen-sanity/config.json
2017-01-26 23:04:56,574 INFO     Saving network params to trainNN/out/v045-unified-14-ga63bb92-dirty:simple-ff-ffv-adam-75-40-nomintalklen-sanity/epoch-075.pkl
2017-01-26 23:04:57,940 INFO     epoch: 75 took 35.832s (0.010s in batching)
training loss:	0.587651
validation loss:	0.602408
validation error:	0.324897
2017-01-26 23:04:57,941 INFO     Wrote output to trainNN/out/v045-unified-14-ga63bb92-dirty:simple-ff-ffv-adam-75-40-nomintalklen-sanity/config.json
2017-01-26 23:05:32,526 INFO     Saving network params to trainNN/out/v045-unified-14-ga63bb92-dirty:simple-ff-ffv-adam-75-40-nomintalklen-sanity/epoch-076.pkl
2017-01-26 23:05:33,856 INFO     epoch: 76 took 35.916s (0.010s in batching)
training loss:	0.587719
validation loss:	0.597434
validation error:	0.323088
2017-01-26 23:05:33,857 INFO     Wrote output to trainNN/out/v045-unified-14-ga63bb92-dirty:simple-ff-ffv-adam-75-40-nomintalklen-sanity/config.json
2017-01-26 23:06:08,508 INFO     Saving network params to trainNN/out/v045-unified-14-ga63bb92-dirty:simple-ff-ffv-adam-75-40-nomintalklen-sanity/epoch-077.pkl
2017-01-26 23:06:09,870 INFO     epoch: 77 took 36.015s (0.010s in batching)
training loss:	0.587486
validation loss:	0.597379
validation error:	0.322652
2017-01-26 23:06:09,872 INFO     Wrote output to trainNN/out/v045-unified-14-ga63bb92-dirty:simple-ff-ffv-adam-75-40-nomintalklen-sanity/config.json
2017-01-26 23:06:44,557 INFO     Saving network params to trainNN/out/v045-unified-14-ga63bb92-dirty:simple-ff-ffv-adam-75-40-nomintalklen-sanity/epoch-078.pkl
2017-01-26 23:06:46,033 INFO     epoch: 78 took 36.163s (0.010s in batching)
training loss:	0.587489
validation loss:	0.596640
validation error:	0.321670
2017-01-26 23:06:46,093 INFO     Wrote output to trainNN/out/v045-unified-14-ga63bb92-dirty:simple-ff-ffv-adam-75-40-nomintalklen-sanity/config.json
2017-01-26 23:07:20,877 INFO     Saving network params to trainNN/out/v045-unified-14-ga63bb92-dirty:simple-ff-ffv-adam-75-40-nomintalklen-sanity/epoch-079.pkl
2017-01-26 23:07:22,197 INFO     epoch: 79 took 36.164s (0.013s in batching)
training loss:	0.587374
validation loss:	0.599150
validation error:	0.323128
2017-01-26 23:07:22,199 INFO     Wrote output to trainNN/out/v045-unified-14-ga63bb92-dirty:simple-ff-ffv-adam-75-40-nomintalklen-sanity/config.json
2017-01-26 23:07:56,492 INFO     Saving network params to trainNN/out/v045-unified-14-ga63bb92-dirty:simple-ff-ffv-adam-75-40-nomintalklen-sanity/epoch-080.pkl
2017-01-26 23:07:57,885 INFO     epoch: 80 took 35.688s (0.011s in batching)
training loss:	0.587274
validation loss:	0.600945
validation error:	0.325041
2017-01-26 23:07:57,914 INFO     Wrote output to trainNN/out/v045-unified-14-ga63bb92-dirty:simple-ff-ffv-adam-75-40-nomintalklen-sanity/config.json
2017-01-26 23:08:32,177 INFO     Saving network params to trainNN/out/v045-unified-14-ga63bb92-dirty:simple-ff-ffv-adam-75-40-nomintalklen-sanity/epoch-081.pkl
2017-01-26 23:08:33,983 INFO     epoch: 81 took 36.097s (0.010s in batching)
training loss:	0.587317
validation loss:	0.602431
validation error:	0.323331
2017-01-26 23:08:33,984 INFO     Wrote output to trainNN/out/v045-unified-14-ga63bb92-dirty:simple-ff-ffv-adam-75-40-nomintalklen-sanity/config.json
2017-01-26 23:09:09,941 INFO     Saving network params to trainNN/out/v045-unified-14-ga63bb92-dirty:simple-ff-ffv-adam-75-40-nomintalklen-sanity/epoch-082.pkl
2017-01-26 23:09:11,494 INFO     epoch: 82 took 37.511s (0.011s in batching)
training loss:	0.587382
validation loss:	0.599265
validation error:	0.323836
2017-01-26 23:09:11,495 INFO     Wrote output to trainNN/out/v045-unified-14-ga63bb92-dirty:simple-ff-ffv-adam-75-40-nomintalklen-sanity/config.json
2017-01-26 23:09:46,064 INFO     Saving network params to trainNN/out/v045-unified-14-ga63bb92-dirty:simple-ff-ffv-adam-75-40-nomintalklen-sanity/epoch-083.pkl
2017-01-26 23:09:47,513 INFO     epoch: 83 took 36.020s (0.010s in batching)
training loss:	0.587186
validation loss:	0.596729
validation error:	0.321085
2017-01-26 23:09:47,516 INFO     Wrote output to trainNN/out/v045-unified-14-ga63bb92-dirty:simple-ff-ffv-adam-75-40-nomintalklen-sanity/config.json
2017-01-26 23:10:22,098 INFO     Saving network params to trainNN/out/v045-unified-14-ga63bb92-dirty:simple-ff-ffv-adam-75-40-nomintalklen-sanity/epoch-084.pkl
2017-01-26 23:10:23,477 INFO     epoch: 84 took 35.964s (0.010s in batching)
training loss:	0.587183
validation loss:	0.598816
validation error:	0.322320
2017-01-26 23:10:23,479 INFO     Wrote output to trainNN/out/v045-unified-14-ga63bb92-dirty:simple-ff-ffv-adam-75-40-nomintalklen-sanity/config.json
2017-01-26 23:10:58,204 INFO     Saving network params to trainNN/out/v045-unified-14-ga63bb92-dirty:simple-ff-ffv-adam-75-40-nomintalklen-sanity/epoch-085.pkl
2017-01-26 23:10:59,581 INFO     epoch: 85 took 36.104s (0.013s in batching)
training loss:	0.587039
validation loss:	0.597733
validation error:	0.318196
2017-01-26 23:10:59,584 INFO     Wrote output to trainNN/out/v045-unified-14-ga63bb92-dirty:simple-ff-ffv-adam-75-40-nomintalklen-sanity/config.json
2017-01-26 23:11:34,193 INFO     Saving network params to trainNN/out/v045-unified-14-ga63bb92-dirty:simple-ff-ffv-adam-75-40-nomintalklen-sanity/epoch-086.pkl
2017-01-26 23:11:35,547 INFO     epoch: 86 took 35.966s (0.013s in batching)
training loss:	0.587159
validation loss:	0.597084
validation error:	0.321105
2017-01-26 23:11:35,549 INFO     Wrote output to trainNN/out/v045-unified-14-ga63bb92-dirty:simple-ff-ffv-adam-75-40-nomintalklen-sanity/config.json
2017-01-26 23:12:10,107 INFO     Saving network params to trainNN/out/v045-unified-14-ga63bb92-dirty:simple-ff-ffv-adam-75-40-nomintalklen-sanity/epoch-087.pkl
2017-01-26 23:12:11,439 INFO     epoch: 87 took 35.892s (0.013s in batching)
training loss:	0.587144
validation loss:	0.596569
validation error:	0.320421
2017-01-26 23:12:11,441 INFO     Wrote output to trainNN/out/v045-unified-14-ga63bb92-dirty:simple-ff-ffv-adam-75-40-nomintalklen-sanity/config.json
2017-01-26 23:12:47,470 INFO     Saving network params to trainNN/out/v045-unified-14-ga63bb92-dirty:simple-ff-ffv-adam-75-40-nomintalklen-sanity/epoch-088.pkl
2017-01-26 23:12:48,964 INFO     epoch: 88 took 37.525s (0.012s in batching)
training loss:	0.586933
validation loss:	0.599208
validation error:	0.320773
2017-01-26 23:12:48,967 INFO     Wrote output to trainNN/out/v045-unified-14-ga63bb92-dirty:simple-ff-ffv-adam-75-40-nomintalklen-sanity/config.json
2017-01-26 23:13:23,590 INFO     Saving network params to trainNN/out/v045-unified-14-ga63bb92-dirty:simple-ff-ffv-adam-75-40-nomintalklen-sanity/epoch-089.pkl
2017-01-26 23:13:24,970 INFO     epoch: 89 took 36.005s (0.010s in batching)
training loss:	0.586813
validation loss:	0.596632
validation error:	0.320550
2017-01-26 23:13:24,971 INFO     Wrote output to trainNN/out/v045-unified-14-ga63bb92-dirty:simple-ff-ffv-adam-75-40-nomintalklen-sanity/config.json
2017-01-26 23:14:00,126 INFO     Saving network params to trainNN/out/v045-unified-14-ga63bb92-dirty:simple-ff-ffv-adam-75-40-nomintalklen-sanity/epoch-090.pkl
2017-01-26 23:14:01,529 INFO     epoch: 90 took 36.560s (0.011s in batching)
training loss:	0.586985
validation loss:	0.596233
validation error:	0.319455
2017-01-26 23:14:01,531 INFO     Wrote output to trainNN/out/v045-unified-14-ga63bb92-dirty:simple-ff-ffv-adam-75-40-nomintalklen-sanity/config.json
2017-01-26 23:14:36,844 INFO     Saving network params to trainNN/out/v045-unified-14-ga63bb92-dirty:simple-ff-ffv-adam-75-40-nomintalklen-sanity/epoch-091.pkl
2017-01-26 23:14:38,200 INFO     epoch: 91 took 36.671s (0.011s in batching)
training loss:	0.586853
validation loss:	0.597104
validation error:	0.320248
2017-01-26 23:14:38,202 INFO     Wrote output to trainNN/out/v045-unified-14-ga63bb92-dirty:simple-ff-ffv-adam-75-40-nomintalklen-sanity/config.json
2017-01-26 23:15:12,841 INFO     Saving network params to trainNN/out/v045-unified-14-ga63bb92-dirty:simple-ff-ffv-adam-75-40-nomintalklen-sanity/epoch-092.pkl
2017-01-26 23:15:14,271 INFO     epoch: 92 took 36.071s (0.009s in batching)
training loss:	0.586759
validation loss:	0.602825
validation error:	0.328461
2017-01-26 23:15:14,273 INFO     Wrote output to trainNN/out/v045-unified-14-ga63bb92-dirty:simple-ff-ffv-adam-75-40-nomintalklen-sanity/config.json
2017-01-26 23:15:49,312 INFO     Saving network params to trainNN/out/v045-unified-14-ga63bb92-dirty:simple-ff-ffv-adam-75-40-nomintalklen-sanity/epoch-093.pkl
2017-01-26 23:15:50,650 INFO     epoch: 93 took 36.379s (0.012s in batching)
training loss:	0.586724
validation loss:	0.596382
validation error:	0.319480
2017-01-26 23:15:50,653 INFO     Wrote output to trainNN/out/v045-unified-14-ga63bb92-dirty:simple-ff-ffv-adam-75-40-nomintalklen-sanity/config.json
2017-01-26 23:16:26,058 INFO     Saving network params to trainNN/out/v045-unified-14-ga63bb92-dirty:simple-ff-ffv-adam-75-40-nomintalklen-sanity/epoch-094.pkl
2017-01-26 23:16:27,484 INFO     epoch: 94 took 36.834s (0.015s in batching)
training loss:	0.586707
validation loss:	0.597860
validation error:	0.323509
2017-01-26 23:16:27,487 INFO     Wrote output to trainNN/out/v045-unified-14-ga63bb92-dirty:simple-ff-ffv-adam-75-40-nomintalklen-sanity/config.json
2017-01-26 23:16:57,251 INFO     Saving network params to trainNN/out/v045-unified-14-ga63bb92-dirty:simple-ff-ffv-adam-75-40-nomintalklen-sanity/epoch-095.pkl
2017-01-26 23:16:58,307 INFO     epoch: 95 took 30.822s (0.010s in batching)
training loss:	0.586772
validation loss:	0.595656
validation error:	0.317398
2017-01-26 23:16:58,308 INFO     Wrote output to trainNN/out/v045-unified-14-ga63bb92-dirty:simple-ff-ffv-adam-75-40-nomintalklen-sanity/config.json
2017-01-26 23:17:21,174 INFO     Saving network params to trainNN/out/v045-unified-14-ga63bb92-dirty:simple-ff-ffv-adam-75-40-nomintalklen-sanity/epoch-096.pkl
2017-01-26 23:17:22,380 INFO     epoch: 96 took 24.073s (0.010s in batching)
training loss:	0.586598
validation loss:	0.595531
validation error:	0.319772
2017-01-26 23:17:22,382 INFO     Wrote output to trainNN/out/v045-unified-14-ga63bb92-dirty:simple-ff-ffv-adam-75-40-nomintalklen-sanity/config.json
2017-01-26 23:17:44,891 INFO     Saving network params to trainNN/out/v045-unified-14-ga63bb92-dirty:simple-ff-ffv-adam-75-40-nomintalklen-sanity/epoch-097.pkl
2017-01-26 23:17:45,976 INFO     epoch: 97 took 23.597s (0.013s in batching)
training loss:	0.586596
validation loss:	0.596130
validation error:	0.318964
2017-01-26 23:17:45,978 INFO     Wrote output to trainNN/out/v045-unified-14-ga63bb92-dirty:simple-ff-ffv-adam-75-40-nomintalklen-sanity/config.json
2017-01-26 23:17:59,959 INFO     Saving network params to trainNN/out/v045-unified-14-ga63bb92-dirty:simple-ff-ffv-adam-75-40-nomintalklen-sanity/epoch-098.pkl
2017-01-26 23:18:00,644 INFO     epoch: 98 took 14.668s (0.009s in batching)
training loss:	0.586461
validation loss:	0.596667
validation error:	0.319370
2017-01-26 23:18:00,696 INFO     Wrote output to trainNN/out/v045-unified-14-ga63bb92-dirty:simple-ff-ffv-adam-75-40-nomintalklen-sanity/config.json
2017-01-26 23:18:11,691 INFO     Saving network params to trainNN/out/v045-unified-14-ga63bb92-dirty:simple-ff-ffv-adam-75-40-nomintalklen-sanity/epoch-099.pkl
2017-01-26 23:18:12,354 INFO     epoch: 99 took 11.710s (0.010s in batching)
training loss:	0.586581
validation loss:	0.597107
validation error:	0.320481
2017-01-26 23:18:12,356 INFO     Wrote output to trainNN/out/v045-unified-14-ga63bb92-dirty:simple-ff-ffv-adam-75-40-nomintalklen-sanity/config.json
2017-01-26 23:18:23,425 INFO     Saving network params to trainNN/out/v045-unified-14-ga63bb92-dirty:simple-ff-ffv-adam-75-40-nomintalklen-sanity/epoch-100.pkl
2017-01-26 23:18:24,162 INFO     epoch: 100 took 11.808s (0.008s in batching)
training loss:	0.586478
validation loss:	0.597760
validation error:	0.323217
2017-01-26 23:18:24,164 INFO     Wrote output to trainNN/out/v045-unified-14-ga63bb92-dirty:simple-ff-ffv-adam-75-40-nomintalklen-sanity/config.json
2017-01-26 23:18:35,467 INFO     Saving network params to trainNN/out/v045-unified-14-ga63bb92-dirty:simple-ff-ffv-adam-75-40-nomintalklen-sanity/epoch-101.pkl
2017-01-26 23:18:36,127 INFO     epoch: 101 took 11.965s (0.009s in batching)
training loss:	0.586377
validation loss:	0.594876
validation error:	0.318652
2017-01-26 23:18:36,129 INFO     Wrote output to trainNN/out/v045-unified-14-ga63bb92-dirty:simple-ff-ffv-adam-75-40-nomintalklen-sanity/config.json
2017-01-26 23:18:47,093 INFO     Saving network params to trainNN/out/v045-unified-14-ga63bb92-dirty:simple-ff-ffv-adam-75-40-nomintalklen-sanity/epoch-102.pkl
2017-01-26 23:18:47,759 INFO     epoch: 102 took 11.632s (0.008s in batching)
training loss:	0.586432
validation loss:	0.595757
validation error:	0.320471
2017-01-26 23:18:47,761 INFO     Wrote output to trainNN/out/v045-unified-14-ga63bb92-dirty:simple-ff-ffv-adam-75-40-nomintalklen-sanity/config.json
2017-01-26 23:18:59,127 INFO     Saving network params to trainNN/out/v045-unified-14-ga63bb92-dirty:simple-ff-ffv-adam-75-40-nomintalklen-sanity/epoch-103.pkl
2017-01-26 23:18:59,810 INFO     epoch: 103 took 12.050s (0.008s in batching)
training loss:	0.586563
validation loss:	0.599056
validation error:	0.322057
2017-01-26 23:18:59,811 INFO     Wrote output to trainNN/out/v045-unified-14-ga63bb92-dirty:simple-ff-ffv-adam-75-40-nomintalklen-sanity/config.json
2017-01-26 23:19:10,862 INFO     Saving network params to trainNN/out/v045-unified-14-ga63bb92-dirty:simple-ff-ffv-adam-75-40-nomintalklen-sanity/epoch-104.pkl
2017-01-26 23:19:11,541 INFO     epoch: 104 took 11.731s (0.008s in batching)
training loss:	0.586386
validation loss:	0.595476
validation error:	0.319227
2017-01-26 23:19:11,543 INFO     Wrote output to trainNN/out/v045-unified-14-ga63bb92-dirty:simple-ff-ffv-adam-75-40-nomintalklen-sanity/config.json
2017-01-26 23:19:22,826 INFO     Saving network params to trainNN/out/v045-unified-14-ga63bb92-dirty:simple-ff-ffv-adam-75-40-nomintalklen-sanity/epoch-105.pkl
2017-01-26 23:19:23,504 INFO     epoch: 105 took 11.963s (0.008s in batching)
training loss:	0.586320
validation loss:	0.597705
validation error:	0.320401
2017-01-26 23:19:23,505 INFO     Wrote output to trainNN/out/v045-unified-14-ga63bb92-dirty:simple-ff-ffv-adam-75-40-nomintalklen-sanity/config.json
2017-01-26 23:19:34,866 INFO     Saving network params to trainNN/out/v045-unified-14-ga63bb92-dirty:simple-ff-ffv-adam-75-40-nomintalklen-sanity/epoch-106.pkl
2017-01-26 23:19:35,539 INFO     epoch: 106 took 12.035s (0.009s in batching)
training loss:	0.586311
validation loss:	0.597216
validation error:	0.319197
2017-01-26 23:19:35,540 INFO     Wrote output to trainNN/out/v045-unified-14-ga63bb92-dirty:simple-ff-ffv-adam-75-40-nomintalklen-sanity/config.json
2017-01-26 23:19:46,795 INFO     Saving network params to trainNN/out/v045-unified-14-ga63bb92-dirty:simple-ff-ffv-adam-75-40-nomintalklen-sanity/epoch-107.pkl
2017-01-26 23:19:47,458 INFO     epoch: 107 took 11.919s (0.008s in batching)
training loss:	0.586218
validation loss:	0.596974
validation error:	0.321750
2017-01-26 23:19:47,460 INFO     Wrote output to trainNN/out/v045-unified-14-ga63bb92-dirty:simple-ff-ffv-adam-75-40-nomintalklen-sanity/config.json
2017-01-26 23:19:58,825 INFO     Saving network params to trainNN/out/v045-unified-14-ga63bb92-dirty:simple-ff-ffv-adam-75-40-nomintalklen-sanity/epoch-108.pkl
2017-01-26 23:19:59,538 INFO     epoch: 108 took 12.080s (0.008s in batching)
training loss:	0.586077
validation loss:	0.597285
validation error:	0.318686
2017-01-26 23:19:59,540 INFO     Wrote output to trainNN/out/v045-unified-14-ga63bb92-dirty:simple-ff-ffv-adam-75-40-nomintalklen-sanity/config.json
2017-01-26 23:20:12,115 INFO     Saving network params to trainNN/out/v045-unified-14-ga63bb92-dirty:simple-ff-ffv-adam-75-40-nomintalklen-sanity/epoch-109.pkl
2017-01-26 23:20:12,845 INFO     epoch: 109 took 13.308s (0.010s in batching)
training loss:	0.586120
validation loss:	0.595202
validation error:	0.319931
2017-01-26 23:20:12,847 INFO     Wrote output to trainNN/out/v045-unified-14-ga63bb92-dirty:simple-ff-ffv-adam-75-40-nomintalklen-sanity/config.json
2017-01-26 23:20:23,986 INFO     Saving network params to trainNN/out/v045-unified-14-ga63bb92-dirty:simple-ff-ffv-adam-75-40-nomintalklen-sanity/epoch-110.pkl
2017-01-26 23:20:24,658 INFO     epoch: 110 took 11.812s (0.008s in batching)
training loss:	0.586180
validation loss:	0.595467
validation error:	0.318667
2017-01-26 23:20:24,659 INFO     Wrote output to trainNN/out/v045-unified-14-ga63bb92-dirty:simple-ff-ffv-adam-75-40-nomintalklen-sanity/config.json
2017-01-26 23:20:35,810 INFO     Saving network params to trainNN/out/v045-unified-14-ga63bb92-dirty:simple-ff-ffv-adam-75-40-nomintalklen-sanity/epoch-111.pkl
2017-01-26 23:20:36,496 INFO     epoch: 111 took 11.838s (0.008s in batching)
training loss:	0.586251
validation loss:	0.595695
validation error:	0.317908
2017-01-26 23:20:36,498 INFO     Wrote output to trainNN/out/v045-unified-14-ga63bb92-dirty:simple-ff-ffv-adam-75-40-nomintalklen-sanity/config.json
2017-01-26 23:20:47,610 INFO     Saving network params to trainNN/out/v045-unified-14-ga63bb92-dirty:simple-ff-ffv-adam-75-40-nomintalklen-sanity/epoch-112.pkl
2017-01-26 23:20:48,273 INFO     epoch: 112 took 11.778s (0.008s in batching)
training loss:	0.586071
validation loss:	0.597116
validation error:	0.319544
2017-01-26 23:20:48,275 INFO     Wrote output to trainNN/out/v045-unified-14-ga63bb92-dirty:simple-ff-ffv-adam-75-40-nomintalklen-sanity/config.json
2017-01-26 23:20:59,299 INFO     Saving network params to trainNN/out/v045-unified-14-ga63bb92-dirty:simple-ff-ffv-adam-75-40-nomintalklen-sanity/epoch-113.pkl
2017-01-26 23:20:59,974 INFO     epoch: 113 took 11.701s (0.008s in batching)
training loss:	0.586058
validation loss:	0.595895
validation error:	0.318548
2017-01-26 23:20:59,976 INFO     Wrote output to trainNN/out/v045-unified-14-ga63bb92-dirty:simple-ff-ffv-adam-75-40-nomintalklen-sanity/config.json
2017-01-26 23:21:11,109 INFO     Saving network params to trainNN/out/v045-unified-14-ga63bb92-dirty:simple-ff-ffv-adam-75-40-nomintalklen-sanity/epoch-114.pkl
2017-01-26 23:21:11,794 INFO     epoch: 114 took 11.820s (0.008s in batching)
training loss:	0.585976
validation loss:	0.595780
validation error:	0.318488
2017-01-26 23:21:11,796 INFO     Wrote output to trainNN/out/v045-unified-14-ga63bb92-dirty:simple-ff-ffv-adam-75-40-nomintalklen-sanity/config.json
2017-01-26 23:21:23,023 INFO     Saving network params to trainNN/out/v045-unified-14-ga63bb92-dirty:simple-ff-ffv-adam-75-40-nomintalklen-sanity/epoch-115.pkl
2017-01-26 23:21:23,695 INFO     epoch: 115 took 11.901s (0.009s in batching)
training loss:	0.585879
validation loss:	0.597628
validation error:	0.323841
2017-01-26 23:21:23,696 INFO     Wrote output to trainNN/out/v045-unified-14-ga63bb92-dirty:simple-ff-ffv-adam-75-40-nomintalklen-sanity/config.json
2017-01-26 23:21:35,268 INFO     Saving network params to trainNN/out/v045-unified-14-ga63bb92-dirty:simple-ff-ffv-adam-75-40-nomintalklen-sanity/epoch-116.pkl
2017-01-26 23:21:35,932 INFO     epoch: 116 took 12.237s (0.009s in batching)
training loss:	0.585928
validation loss:	0.596819
validation error:	0.320069
2017-01-26 23:21:35,934 INFO     Wrote output to trainNN/out/v045-unified-14-ga63bb92-dirty:simple-ff-ffv-adam-75-40-nomintalklen-sanity/config.json
2017-01-26 23:21:47,013 INFO     Saving network params to trainNN/out/v045-unified-14-ga63bb92-dirty:simple-ff-ffv-adam-75-40-nomintalklen-sanity/epoch-117.pkl
2017-01-26 23:21:47,940 INFO     epoch: 117 took 12.008s (0.008s in batching)
training loss:	0.585971
validation loss:	0.596674
validation error:	0.319787
2017-01-26 23:21:47,942 INFO     Wrote output to trainNN/out/v045-unified-14-ga63bb92-dirty:simple-ff-ffv-adam-75-40-nomintalklen-sanity/config.json
2017-01-26 23:21:59,031 INFO     Saving network params to trainNN/out/v045-unified-14-ga63bb92-dirty:simple-ff-ffv-adam-75-40-nomintalklen-sanity/epoch-118.pkl
2017-01-26 23:21:59,699 INFO     epoch: 118 took 11.759s (0.009s in batching)
training loss:	0.585869
validation loss:	0.597186
validation error:	0.320679
2017-01-26 23:21:59,701 INFO     Wrote output to trainNN/out/v045-unified-14-ga63bb92-dirty:simple-ff-ffv-adam-75-40-nomintalklen-sanity/config.json
2017-01-26 23:22:10,768 INFO     Saving network params to trainNN/out/v045-unified-14-ga63bb92-dirty:simple-ff-ffv-adam-75-40-nomintalklen-sanity/epoch-119.pkl
2017-01-26 23:22:11,463 INFO     epoch: 119 took 11.764s (0.008s in batching)
training loss:	0.585789
validation loss:	0.599303
validation error:	0.324768
2017-01-26 23:22:11,465 INFO     Wrote output to trainNN/out/v045-unified-14-ga63bb92-dirty:simple-ff-ffv-adam-75-40-nomintalklen-sanity/config.json
2017-01-26 23:22:22,543 INFO     Saving network params to trainNN/out/v045-unified-14-ga63bb92-dirty:simple-ff-ffv-adam-75-40-nomintalklen-sanity/epoch-120.pkl
2017-01-26 23:22:23,231 INFO     epoch: 120 took 11.768s (0.008s in batching)
training loss:	0.585812
validation loss:	0.596289
validation error:	0.319529
2017-01-26 23:22:23,233 INFO     Wrote output to trainNN/out/v045-unified-14-ga63bb92-dirty:simple-ff-ffv-adam-75-40-nomintalklen-sanity/config.json
2017-01-26 23:22:34,377 INFO     Saving network params to trainNN/out/v045-unified-14-ga63bb92-dirty:simple-ff-ffv-adam-75-40-nomintalklen-sanity/epoch-121.pkl
2017-01-26 23:22:35,062 INFO     epoch: 121 took 11.830s (0.008s in batching)
training loss:	0.585898
validation loss:	0.595411
validation error:	0.319167
2017-01-26 23:22:35,063 INFO     Wrote output to trainNN/out/v045-unified-14-ga63bb92-dirty:simple-ff-ffv-adam-75-40-nomintalklen-sanity/config.json
2017-01-26 23:22:46,368 INFO     Saving network params to trainNN/out/v045-unified-14-ga63bb92-dirty:simple-ff-ffv-adam-75-40-nomintalklen-sanity/epoch-122.pkl
2017-01-26 23:22:47,063 INFO     epoch: 122 took 12.002s (0.009s in batching)
training loss:	0.585882
validation loss:	0.596556
validation error:	0.320436
2017-01-26 23:22:47,092 INFO     Wrote output to trainNN/out/v045-unified-14-ga63bb92-dirty:simple-ff-ffv-adam-75-40-nomintalklen-sanity/config.json
2017-01-26 23:22:59,167 INFO     Saving network params to trainNN/out/v045-unified-14-ga63bb92-dirty:simple-ff-ffv-adam-75-40-nomintalklen-sanity/epoch-123.pkl
2017-01-26 23:22:59,993 INFO     epoch: 123 took 12.930s (0.009s in batching)
training loss:	0.585664
validation loss:	0.599298
validation error:	0.323727
2017-01-26 23:22:59,996 INFO     Wrote output to trainNN/out/v045-unified-14-ga63bb92-dirty:simple-ff-ffv-adam-75-40-nomintalklen-sanity/config.json
2017-01-26 23:23:11,842 INFO     Saving network params to trainNN/out/v045-unified-14-ga63bb92-dirty:simple-ff-ffv-adam-75-40-nomintalklen-sanity/epoch-124.pkl
2017-01-26 23:23:12,536 INFO     epoch: 124 took 12.543s (0.013s in batching)
training loss:	0.585711
validation loss:	0.595807
validation error:	0.319524
2017-01-26 23:23:12,538 INFO     Wrote output to trainNN/out/v045-unified-14-ga63bb92-dirty:simple-ff-ffv-adam-75-40-nomintalklen-sanity/config.json
2017-01-26 23:23:23,458 INFO     Saving network params to trainNN/out/v045-unified-14-ga63bb92-dirty:simple-ff-ffv-adam-75-40-nomintalklen-sanity/epoch-125.pkl
2017-01-26 23:23:24,121 INFO     epoch: 125 took 11.585s (0.008s in batching)
training loss:	0.585605
validation loss:	0.597621
validation error:	0.321432
2017-01-26 23:23:24,124 INFO     Wrote output to trainNN/out/v045-unified-14-ga63bb92-dirty:simple-ff-ffv-adam-75-40-nomintalklen-sanity/config.json
2017-01-26 23:23:35,277 INFO     Saving network params to trainNN/out/v045-unified-14-ga63bb92-dirty:simple-ff-ffv-adam-75-40-nomintalklen-sanity/epoch-126.pkl
2017-01-26 23:23:35,935 INFO     epoch: 126 took 11.814s (0.008s in batching)
training loss:	0.585732
validation loss:	0.597411
validation error:	0.321695
2017-01-26 23:23:35,938 INFO     Wrote output to trainNN/out/v045-unified-14-ga63bb92-dirty:simple-ff-ffv-adam-75-40-nomintalklen-sanity/config.json
2017-01-26 23:23:47,127 INFO     Saving network params to trainNN/out/v045-unified-14-ga63bb92-dirty:simple-ff-ffv-adam-75-40-nomintalklen-sanity/epoch-127.pkl
2017-01-26 23:23:47,785 INFO     epoch: 127 took 11.850s (0.009s in batching)
training loss:	0.585554
validation loss:	0.596163
validation error:	0.320173
2017-01-26 23:23:47,787 INFO     Wrote output to trainNN/out/v045-unified-14-ga63bb92-dirty:simple-ff-ffv-adam-75-40-nomintalklen-sanity/config.json
2017-01-26 23:23:59,379 INFO     Saving network params to trainNN/out/v045-unified-14-ga63bb92-dirty:simple-ff-ffv-adam-75-40-nomintalklen-sanity/epoch-128.pkl
2017-01-26 23:24:00,065 INFO     epoch: 128 took 12.280s (0.009s in batching)
training loss:	0.585594
validation loss:	0.596527
validation error:	0.320030
2017-01-26 23:24:00,067 INFO     Wrote output to trainNN/out/v045-unified-14-ga63bb92-dirty:simple-ff-ffv-adam-75-40-nomintalklen-sanity/config.json
2017-01-26 23:24:11,914 INFO     Saving network params to trainNN/out/v045-unified-14-ga63bb92-dirty:simple-ff-ffv-adam-75-40-nomintalklen-sanity/epoch-129.pkl
2017-01-26 23:24:12,731 INFO     epoch: 129 took 12.666s (0.009s in batching)
training loss:	0.585547
validation loss:	0.598397
validation error:	0.321056
2017-01-26 23:24:12,735 INFO     Wrote output to trainNN/out/v045-unified-14-ga63bb92-dirty:simple-ff-ffv-adam-75-40-nomintalklen-sanity/config.json
2017-01-26 23:24:25,487 INFO     Saving network params to trainNN/out/v045-unified-14-ga63bb92-dirty:simple-ff-ffv-adam-75-40-nomintalklen-sanity/epoch-130.pkl
2017-01-26 23:24:26,246 INFO     epoch: 130 took 13.515s (0.014s in batching)
training loss:	0.585546
validation loss:	0.596551
validation error:	0.320917
2017-01-26 23:24:26,250 INFO     Wrote output to trainNN/out/v045-unified-14-ga63bb92-dirty:simple-ff-ffv-adam-75-40-nomintalklen-sanity/config.json
2017-01-26 23:24:38,973 INFO     Saving network params to trainNN/out/v045-unified-14-ga63bb92-dirty:simple-ff-ffv-adam-75-40-nomintalklen-sanity/epoch-131.pkl
2017-01-26 23:24:39,692 INFO     epoch: 131 took 13.446s (0.012s in batching)
training loss:	0.585362
validation loss:	0.596791
validation error:	0.321874
2017-01-26 23:24:39,694 INFO     Wrote output to trainNN/out/v045-unified-14-ga63bb92-dirty:simple-ff-ffv-adam-75-40-nomintalklen-sanity/config.json
2017-01-26 23:24:52,507 INFO     Saving network params to trainNN/out/v045-unified-14-ga63bb92-dirty:simple-ff-ffv-adam-75-40-nomintalklen-sanity/epoch-132.pkl
2017-01-26 23:24:53,212 INFO     epoch: 132 took 13.520s (0.010s in batching)
training loss:	0.585459
validation loss:	0.596978
validation error:	0.320168
2017-01-26 23:24:53,214 INFO     Wrote output to trainNN/out/v045-unified-14-ga63bb92-dirty:simple-ff-ffv-adam-75-40-nomintalklen-sanity/config.json
2017-01-26 23:25:05,492 INFO     Saving network params to trainNN/out/v045-unified-14-ga63bb92-dirty:simple-ff-ffv-adam-75-40-nomintalklen-sanity/epoch-133.pkl
2017-01-26 23:25:06,239 INFO     epoch: 133 took 13.027s (0.010s in batching)
training loss:	0.585522
validation loss:	0.599903
validation error:	0.325507
2017-01-26 23:25:06,241 INFO     Wrote output to trainNN/out/v045-unified-14-ga63bb92-dirty:simple-ff-ffv-adam-75-40-nomintalklen-sanity/config.json
2017-01-26 23:25:18,449 INFO     Saving network params to trainNN/out/v045-unified-14-ga63bb92-dirty:simple-ff-ffv-adam-75-40-nomintalklen-sanity/epoch-134.pkl
2017-01-26 23:25:19,149 INFO     epoch: 134 took 12.910s (0.013s in batching)
training loss:	0.585309
validation loss:	0.597741
validation error:	0.322776
2017-01-26 23:25:19,151 INFO     Wrote output to trainNN/out/v045-unified-14-ga63bb92-dirty:simple-ff-ffv-adam-75-40-nomintalklen-sanity/config.json
2017-01-26 23:25:30,826 INFO     Saving network params to trainNN/out/v045-unified-14-ga63bb92-dirty:simple-ff-ffv-adam-75-40-nomintalklen-sanity/epoch-135.pkl
2017-01-26 23:25:31,522 INFO     epoch: 135 took 12.373s (0.009s in batching)
training loss:	0.585388
validation loss:	0.596464
validation error:	0.320045
2017-01-26 23:25:31,524 INFO     Wrote output to trainNN/out/v045-unified-14-ga63bb92-dirty:simple-ff-ffv-adam-75-40-nomintalklen-sanity/config.json
2017-01-26 23:25:43,144 INFO     Saving network params to trainNN/out/v045-unified-14-ga63bb92-dirty:simple-ff-ffv-adam-75-40-nomintalklen-sanity/epoch-136.pkl
2017-01-26 23:25:43,831 INFO     epoch: 136 took 12.309s (0.010s in batching)
training loss:	0.585300
validation loss:	0.598531
validation error:	0.322107
2017-01-26 23:25:43,833 INFO     Wrote output to trainNN/out/v045-unified-14-ga63bb92-dirty:simple-ff-ffv-adam-75-40-nomintalklen-sanity/config.json
2017-01-26 23:25:55,831 INFO     Saving network params to trainNN/out/v045-unified-14-ga63bb92-dirty:simple-ff-ffv-adam-75-40-nomintalklen-sanity/epoch-137.pkl
2017-01-26 23:25:56,533 INFO     epoch: 137 took 12.703s (0.010s in batching)
training loss:	0.585422
validation loss:	0.596053
validation error:	0.320243
2017-01-26 23:25:56,535 INFO     Wrote output to trainNN/out/v045-unified-14-ga63bb92-dirty:simple-ff-ffv-adam-75-40-nomintalklen-sanity/config.json
2017-01-26 23:26:08,333 INFO     Saving network params to trainNN/out/v045-unified-14-ga63bb92-dirty:simple-ff-ffv-adam-75-40-nomintalklen-sanity/epoch-138.pkl
2017-01-26 23:26:09,081 INFO     epoch: 138 took 12.548s (0.009s in batching)
training loss:	0.585386
validation loss:	0.595016
validation error:	0.319683
2017-01-26 23:26:09,085 INFO     Wrote output to trainNN/out/v045-unified-14-ga63bb92-dirty:simple-ff-ffv-adam-75-40-nomintalklen-sanity/config.json
2017-01-26 23:26:20,962 INFO     Saving network params to trainNN/out/v045-unified-14-ga63bb92-dirty:simple-ff-ffv-adam-75-40-nomintalklen-sanity/epoch-139.pkl
2017-01-26 23:26:21,690 INFO     epoch: 139 took 12.608s (0.009s in batching)
training loss:	0.585195
validation loss:	0.598377
validation error:	0.322582
2017-01-26 23:26:21,692 INFO     Wrote output to trainNN/out/v045-unified-14-ga63bb92-dirty:simple-ff-ffv-adam-75-40-nomintalklen-sanity/config.json
2017-01-26 23:26:33,079 INFO     Saving network params to trainNN/out/v045-unified-14-ga63bb92-dirty:simple-ff-ffv-adam-75-40-nomintalklen-sanity/epoch-140.pkl
2017-01-26 23:26:33,744 INFO     epoch: 140 took 12.054s (0.008s in batching)
training loss:	0.585210
validation loss:	0.597962
validation error:	0.320734
2017-01-26 23:26:33,746 INFO     Wrote output to trainNN/out/v045-unified-14-ga63bb92-dirty:simple-ff-ffv-adam-75-40-nomintalklen-sanity/config.json
2017-01-26 23:26:44,866 INFO     Saving network params to trainNN/out/v045-unified-14-ga63bb92-dirty:simple-ff-ffv-adam-75-40-nomintalklen-sanity/epoch-141.pkl
2017-01-26 23:26:45,549 INFO     epoch: 141 took 11.805s (0.008s in batching)
training loss:	0.585219
validation loss:	0.595774
validation error:	0.319921
2017-01-26 23:26:45,551 INFO     Wrote output to trainNN/out/v045-unified-14-ga63bb92-dirty:simple-ff-ffv-adam-75-40-nomintalklen-sanity/config.json
2017-01-26 23:26:56,874 INFO     Saving network params to trainNN/out/v045-unified-14-ga63bb92-dirty:simple-ff-ffv-adam-75-40-nomintalklen-sanity/epoch-142.pkl
2017-01-26 23:26:57,601 INFO     epoch: 142 took 12.053s (0.008s in batching)
training loss:	0.585151
validation loss:	0.599729
validation error:	0.321219
2017-01-26 23:26:57,604 INFO     Wrote output to trainNN/out/v045-unified-14-ga63bb92-dirty:simple-ff-ffv-adam-75-40-nomintalklen-sanity/config.json
2017-01-26 23:27:09,057 INFO     Saving network params to trainNN/out/v045-unified-14-ga63bb92-dirty:simple-ff-ffv-adam-75-40-nomintalklen-sanity/epoch-143.pkl
2017-01-26 23:27:09,741 INFO     epoch: 143 took 12.139s (0.009s in batching)
training loss:	0.585050
validation loss:	0.596757
validation error:	0.319975
2017-01-26 23:27:09,743 INFO     Wrote output to trainNN/out/v045-unified-14-ga63bb92-dirty:simple-ff-ffv-adam-75-40-nomintalklen-sanity/config.json
2017-01-26 23:27:21,993 INFO     Saving network params to trainNN/out/v045-unified-14-ga63bb92-dirty:simple-ff-ffv-adam-75-40-nomintalklen-sanity/epoch-144.pkl
2017-01-26 23:27:22,818 INFO     epoch: 144 took 13.077s (0.010s in batching)
training loss:	0.585167
validation loss:	0.595743
validation error:	0.319673
2017-01-26 23:27:22,820 INFO     Wrote output to trainNN/out/v045-unified-14-ga63bb92-dirty:simple-ff-ffv-adam-75-40-nomintalklen-sanity/config.json
2017-01-26 23:27:34,096 INFO     Saving network params to trainNN/out/v045-unified-14-ga63bb92-dirty:simple-ff-ffv-adam-75-40-nomintalklen-sanity/epoch-145.pkl
2017-01-26 23:27:34,776 INFO     epoch: 145 took 11.958s (0.008s in batching)
training loss:	0.585164
validation loss:	0.597288
validation error:	0.320411
2017-01-26 23:27:34,778 INFO     Wrote output to trainNN/out/v045-unified-14-ga63bb92-dirty:simple-ff-ffv-adam-75-40-nomintalklen-sanity/config.json
2017-01-26 23:27:46,236 INFO     Saving network params to trainNN/out/v045-unified-14-ga63bb92-dirty:simple-ff-ffv-adam-75-40-nomintalklen-sanity/epoch-146.pkl
2017-01-26 23:27:46,933 INFO     epoch: 146 took 12.157s (0.010s in batching)
training loss:	0.585045
validation loss:	0.599759
validation error:	0.323217
2017-01-26 23:27:46,935 INFO     Wrote output to trainNN/out/v045-unified-14-ga63bb92-dirty:simple-ff-ffv-adam-75-40-nomintalklen-sanity/config.json
2017-01-26 23:27:58,077 INFO     Saving network params to trainNN/out/v045-unified-14-ga63bb92-dirty:simple-ff-ffv-adam-75-40-nomintalklen-sanity/epoch-147.pkl
2017-01-26 23:27:58,757 INFO     epoch: 147 took 11.823s (0.008s in batching)
training loss:	0.585063
validation loss:	0.597373
validation error:	0.320788
2017-01-26 23:27:58,759 INFO     Wrote output to trainNN/out/v045-unified-14-ga63bb92-dirty:simple-ff-ffv-adam-75-40-nomintalklen-sanity/config.json
2017-01-26 23:28:09,885 INFO     Saving network params to trainNN/out/v045-unified-14-ga63bb92-dirty:simple-ff-ffv-adam-75-40-nomintalklen-sanity/epoch-148.pkl
2017-01-26 23:28:10,595 INFO     epoch: 148 took 11.839s (0.008s in batching)
training loss:	0.585018
validation loss:	0.600025
validation error:	0.323043
2017-01-26 23:28:10,597 INFO     Wrote output to trainNN/out/v045-unified-14-ga63bb92-dirty:simple-ff-ffv-adam-75-40-nomintalklen-sanity/config.json
2017-01-26 23:28:21,528 INFO     Saving network params to trainNN/out/v045-unified-14-ga63bb92-dirty:simple-ff-ffv-adam-75-40-nomintalklen-sanity/epoch-149.pkl
2017-01-26 23:28:22,190 INFO     epoch: 149 took 11.595s (0.008s in batching)
training loss:	0.584939
validation loss:	0.596811
validation error:	0.320119
2017-01-26 23:28:22,192 INFO     Wrote output to trainNN/out/v045-unified-14-ga63bb92-dirty:simple-ff-ffv-adam-75-40-nomintalklen-sanity/config.json
2017-01-26 23:28:33,541 INFO     Saving network params to trainNN/out/v045-unified-14-ga63bb92-dirty:simple-ff-ffv-adam-75-40-nomintalklen-sanity/epoch-150.pkl
2017-01-26 23:28:34,285 INFO     epoch: 150 took 12.095s (0.008s in batching)
training loss:	0.585054
validation loss:	0.597525
validation error:	0.322394
2017-01-26 23:28:34,287 INFO     Wrote output to trainNN/out/v045-unified-14-ga63bb92-dirty:simple-ff-ffv-adam-75-40-nomintalklen-sanity/config.json
2017-01-26 23:28:45,497 INFO     Saving network params to trainNN/out/v045-unified-14-ga63bb92-dirty:simple-ff-ffv-adam-75-40-nomintalklen-sanity/epoch-151.pkl
2017-01-26 23:28:46,183 INFO     epoch: 151 took 11.897s (0.008s in batching)
training loss:	0.584966
validation loss:	0.596474
validation error:	0.320743
2017-01-26 23:28:46,185 INFO     Wrote output to trainNN/out/v045-unified-14-ga63bb92-dirty:simple-ff-ffv-adam-75-40-nomintalklen-sanity/config.json
2017-01-26 23:28:57,952 INFO     Saving network params to trainNN/out/v045-unified-14-ga63bb92-dirty:simple-ff-ffv-adam-75-40-nomintalklen-sanity/epoch-152.pkl
2017-01-26 23:28:58,657 INFO     epoch: 152 took 12.475s (0.010s in batching)
training loss:	0.584957
validation loss:	0.600872
validation error:	0.320758
2017-01-26 23:28:58,661 INFO     Wrote output to trainNN/out/v045-unified-14-ga63bb92-dirty:simple-ff-ffv-adam-75-40-nomintalklen-sanity/config.json
2017-01-26 23:29:10,403 INFO     Saving network params to trainNN/out/v045-unified-14-ga63bb92-dirty:simple-ff-ffv-adam-75-40-nomintalklen-sanity/epoch-153.pkl
2017-01-26 23:29:11,089 INFO     epoch: 153 took 12.432s (0.010s in batching)
training loss:	0.584942
validation loss:	0.598501
validation error:	0.320952
2017-01-26 23:29:11,092 INFO     Wrote output to trainNN/out/v045-unified-14-ga63bb92-dirty:simple-ff-ffv-adam-75-40-nomintalklen-sanity/config.json
2017-01-26 23:29:22,749 INFO     Saving network params to trainNN/out/v045-unified-14-ga63bb92-dirty:simple-ff-ffv-adam-75-40-nomintalklen-sanity/epoch-154.pkl
2017-01-26 23:29:23,441 INFO     epoch: 154 took 12.352s (0.009s in batching)
training loss:	0.584920
validation loss:	0.596651
validation error:	0.320986
2017-01-26 23:29:23,444 INFO     Wrote output to trainNN/out/v045-unified-14-ga63bb92-dirty:simple-ff-ffv-adam-75-40-nomintalklen-sanity/config.json
2017-01-26 23:29:35,140 INFO     Saving network params to trainNN/out/v045-unified-14-ga63bb92-dirty:simple-ff-ffv-adam-75-40-nomintalklen-sanity/epoch-155.pkl
2017-01-26 23:29:35,829 INFO     epoch: 155 took 12.388s (0.009s in batching)
training loss:	0.584924
validation loss:	0.596884
validation error:	0.319514
2017-01-26 23:29:35,831 INFO     Wrote output to trainNN/out/v045-unified-14-ga63bb92-dirty:simple-ff-ffv-adam-75-40-nomintalklen-sanity/config.json
2017-01-26 23:29:47,671 INFO     Saving network params to trainNN/out/v045-unified-14-ga63bb92-dirty:simple-ff-ffv-adam-75-40-nomintalklen-sanity/epoch-156.pkl
2017-01-26 23:29:48,391 INFO     epoch: 156 took 12.562s (0.009s in batching)
training loss:	0.584823
validation loss:	0.595932
validation error:	0.320927
2017-01-26 23:29:48,393 INFO     Wrote output to trainNN/out/v045-unified-14-ga63bb92-dirty:simple-ff-ffv-adam-75-40-nomintalklen-sanity/config.json
2017-01-26 23:30:00,004 INFO     Saving network params to trainNN/out/v045-unified-14-ga63bb92-dirty:simple-ff-ffv-adam-75-40-nomintalklen-sanity/epoch-157.pkl
2017-01-26 23:30:00,697 INFO     epoch: 157 took 12.306s (0.010s in batching)
training loss:	0.584834
validation loss:	0.595438
validation error:	0.317651
2017-01-26 23:30:00,700 INFO     Wrote output to trainNN/out/v045-unified-14-ga63bb92-dirty:simple-ff-ffv-adam-75-40-nomintalklen-sanity/config.json
2017-01-26 23:30:11,999 INFO     Saving network params to trainNN/out/v045-unified-14-ga63bb92-dirty:simple-ff-ffv-adam-75-40-nomintalklen-sanity/epoch-158.pkl
2017-01-26 23:30:12,670 INFO     epoch: 158 took 11.973s (0.009s in batching)
training loss:	0.584744
validation loss:	0.596378
validation error:	0.320456
2017-01-26 23:30:12,672 INFO     Wrote output to trainNN/out/v045-unified-14-ga63bb92-dirty:simple-ff-ffv-adam-75-40-nomintalklen-sanity/config.json
2017-01-26 23:30:24,182 INFO     Saving network params to trainNN/out/v045-unified-14-ga63bb92-dirty:simple-ff-ffv-adam-75-40-nomintalklen-sanity/epoch-159.pkl
2017-01-26 23:30:24,937 INFO     epoch: 159 took 12.267s (0.009s in batching)
training loss:	0.584733
validation loss:	0.598509
validation error:	0.321026
2017-01-26 23:30:24,939 INFO     Wrote output to trainNN/out/v045-unified-14-ga63bb92-dirty:simple-ff-ffv-adam-75-40-nomintalklen-sanity/config.json
2017-01-26 23:30:36,209 INFO     Saving network params to trainNN/out/v045-unified-14-ga63bb92-dirty:simple-ff-ffv-adam-75-40-nomintalklen-sanity/epoch-160.pkl
2017-01-26 23:30:36,878 INFO     epoch: 160 took 11.942s (0.009s in batching)
training loss:	0.584796
validation loss:	0.595681
validation error:	0.318404
2017-01-26 23:30:36,881 INFO     Wrote output to trainNN/out/v045-unified-14-ga63bb92-dirty:simple-ff-ffv-adam-75-40-nomintalklen-sanity/config.json
2017-01-26 23:30:48,030 INFO     Saving network params to trainNN/out/v045-unified-14-ga63bb92-dirty:simple-ff-ffv-adam-75-40-nomintalklen-sanity/epoch-161.pkl
2017-01-26 23:30:48,703 INFO     epoch: 161 took 11.825s (0.009s in batching)
training loss:	0.584690
validation loss:	0.596894
validation error:	0.320064
2017-01-26 23:30:48,706 INFO     Wrote output to trainNN/out/v045-unified-14-ga63bb92-dirty:simple-ff-ffv-adam-75-40-nomintalklen-sanity/config.json
2017-01-26 23:30:59,881 INFO     Saving network params to trainNN/out/v045-unified-14-ga63bb92-dirty:simple-ff-ffv-adam-75-40-nomintalklen-sanity/epoch-162.pkl
2017-01-26 23:31:00,560 INFO     epoch: 162 took 11.857s (0.008s in batching)
training loss:	0.584710
validation loss:	0.595606
validation error:	0.318910
2017-01-26 23:31:00,563 INFO     Wrote output to trainNN/out/v045-unified-14-ga63bb92-dirty:simple-ff-ffv-adam-75-40-nomintalklen-sanity/config.json
2017-01-26 23:31:11,706 INFO     Saving network params to trainNN/out/v045-unified-14-ga63bb92-dirty:simple-ff-ffv-adam-75-40-nomintalklen-sanity/epoch-163.pkl
2017-01-26 23:31:12,377 INFO     epoch: 163 took 11.817s (0.008s in batching)
training loss:	0.584705
validation loss:	0.596511
validation error:	0.320396
2017-01-26 23:31:12,380 INFO     Wrote output to trainNN/out/v045-unified-14-ga63bb92-dirty:simple-ff-ffv-adam-75-40-nomintalklen-sanity/config.json
2017-01-26 23:31:23,493 INFO     Saving network params to trainNN/out/v045-unified-14-ga63bb92-dirty:simple-ff-ffv-adam-75-40-nomintalklen-sanity/epoch-164.pkl
2017-01-26 23:31:24,170 INFO     epoch: 164 took 11.793s (0.008s in batching)
training loss:	0.584699
validation loss:	0.594415
validation error:	0.319043
2017-01-26 23:31:24,172 INFO     Wrote output to trainNN/out/v045-unified-14-ga63bb92-dirty:simple-ff-ffv-adam-75-40-nomintalklen-sanity/config.json
2017-01-26 23:31:35,368 INFO     Saving network params to trainNN/out/v045-unified-14-ga63bb92-dirty:simple-ff-ffv-adam-75-40-nomintalklen-sanity/epoch-165.pkl
2017-01-26 23:31:36,052 INFO     epoch: 165 took 11.882s (0.009s in batching)
training loss:	0.584620
validation loss:	0.595258
validation error:	0.318156
2017-01-26 23:31:36,054 INFO     Wrote output to trainNN/out/v045-unified-14-ga63bb92-dirty:simple-ff-ffv-adam-75-40-nomintalklen-sanity/config.json
2017-01-26 23:31:47,214 INFO     Saving network params to trainNN/out/v045-unified-14-ga63bb92-dirty:simple-ff-ffv-adam-75-40-nomintalklen-sanity/epoch-166.pkl
2017-01-26 23:31:47,887 INFO     epoch: 166 took 11.835s (0.008s in batching)
training loss:	0.584727
validation loss:	0.597777
validation error:	0.321274
2017-01-26 23:31:47,889 INFO     Wrote output to trainNN/out/v045-unified-14-ga63bb92-dirty:simple-ff-ffv-adam-75-40-nomintalklen-sanity/config.json
2017-01-26 23:31:59,355 INFO     Saving network params to trainNN/out/v045-unified-14-ga63bb92-dirty:simple-ff-ffv-adam-75-40-nomintalklen-sanity/epoch-167.pkl
2017-01-26 23:32:00,048 INFO     epoch: 167 took 12.161s (0.009s in batching)
training loss:	0.584561
validation loss:	0.593986
validation error:	0.317333
2017-01-26 23:32:00,050 INFO     Wrote output to trainNN/out/v045-unified-14-ga63bb92-dirty:simple-ff-ffv-adam-75-40-nomintalklen-sanity/config.json
2017-01-26 23:32:11,547 INFO     Saving network params to trainNN/out/v045-unified-14-ga63bb92-dirty:simple-ff-ffv-adam-75-40-nomintalklen-sanity/epoch-168.pkl
2017-01-26 23:32:12,222 INFO     epoch: 168 took 12.174s (0.008s in batching)
training loss:	0.584654
validation loss:	0.594643
validation error:	0.318919
2017-01-26 23:32:12,224 INFO     Wrote output to trainNN/out/v045-unified-14-ga63bb92-dirty:simple-ff-ffv-adam-75-40-nomintalklen-sanity/config.json
2017-01-26 23:32:23,501 INFO     Saving network params to trainNN/out/v045-unified-14-ga63bb92-dirty:simple-ff-ffv-adam-75-40-nomintalklen-sanity/epoch-169.pkl
2017-01-26 23:32:24,178 INFO     epoch: 169 took 11.956s (0.009s in batching)
training loss:	0.584547
validation loss:	0.596263
validation error:	0.320089
2017-01-26 23:32:24,180 INFO     Wrote output to trainNN/out/v045-unified-14-ga63bb92-dirty:simple-ff-ffv-adam-75-40-nomintalklen-sanity/config.json
2017-01-26 23:32:35,329 INFO     Saving network params to trainNN/out/v045-unified-14-ga63bb92-dirty:simple-ff-ffv-adam-75-40-nomintalklen-sanity/epoch-170.pkl
2017-01-26 23:32:35,997 INFO     epoch: 170 took 11.820s (0.008s in batching)
training loss:	0.584425
validation loss:	0.597774
validation error:	0.318677
2017-01-26 23:32:36,000 INFO     Wrote output to trainNN/out/v045-unified-14-ga63bb92-dirty:simple-ff-ffv-adam-75-40-nomintalklen-sanity/config.json
2017-01-26 23:32:47,189 INFO     Saving network params to trainNN/out/v045-unified-14-ga63bb92-dirty:simple-ff-ffv-adam-75-40-nomintalklen-sanity/epoch-171.pkl
2017-01-26 23:32:47,869 INFO     epoch: 171 took 11.872s (0.008s in batching)
training loss:	0.584495
validation loss:	0.596397
validation error:	0.320119
2017-01-26 23:32:47,872 INFO     Wrote output to trainNN/out/v045-unified-14-ga63bb92-dirty:simple-ff-ffv-adam-75-40-nomintalklen-sanity/config.json
2017-01-26 23:32:59,058 INFO     Saving network params to trainNN/out/v045-unified-14-ga63bb92-dirty:simple-ff-ffv-adam-75-40-nomintalklen-sanity/epoch-172.pkl
2017-01-26 23:32:59,728 INFO     epoch: 172 took 11.859s (0.008s in batching)
training loss:	0.584563
validation loss:	0.597005
validation error:	0.320362
2017-01-26 23:32:59,731 INFO     Wrote output to trainNN/out/v045-unified-14-ga63bb92-dirty:simple-ff-ffv-adam-75-40-nomintalklen-sanity/config.json
2017-01-26 23:33:10,945 INFO     Saving network params to trainNN/out/v045-unified-14-ga63bb92-dirty:simple-ff-ffv-adam-75-40-nomintalklen-sanity/epoch-173.pkl
2017-01-26 23:33:11,626 INFO     epoch: 173 took 11.898s (0.008s in batching)
training loss:	0.584492
validation loss:	0.595764
validation error:	0.319450
2017-01-26 23:33:11,629 INFO     Wrote output to trainNN/out/v045-unified-14-ga63bb92-dirty:simple-ff-ffv-adam-75-40-nomintalklen-sanity/config.json
2017-01-26 23:33:22,845 INFO     Saving network params to trainNN/out/v045-unified-14-ga63bb92-dirty:simple-ff-ffv-adam-75-40-nomintalklen-sanity/epoch-174.pkl
2017-01-26 23:33:23,517 INFO     epoch: 174 took 11.891s (0.008s in batching)
training loss:	0.584419
validation loss:	0.597461
validation error:	0.321968
2017-01-26 23:33:23,520 INFO     Wrote output to trainNN/out/v045-unified-14-ga63bb92-dirty:simple-ff-ffv-adam-75-40-nomintalklen-sanity/config.json
2017-01-26 23:33:34,698 INFO     Saving network params to trainNN/out/v045-unified-14-ga63bb92-dirty:simple-ff-ffv-adam-75-40-nomintalklen-sanity/epoch-175.pkl
2017-01-26 23:33:35,376 INFO     epoch: 175 took 11.858s (0.008s in batching)
training loss:	0.584396
validation loss:	0.596270
validation error:	0.321442
2017-01-26 23:33:35,378 INFO     Wrote output to trainNN/out/v045-unified-14-ga63bb92-dirty:simple-ff-ffv-adam-75-40-nomintalklen-sanity/config.json
2017-01-26 23:33:46,557 INFO     Saving network params to trainNN/out/v045-unified-14-ga63bb92-dirty:simple-ff-ffv-adam-75-40-nomintalklen-sanity/epoch-176.pkl
2017-01-26 23:33:47,229 INFO     epoch: 176 took 11.853s (0.008s in batching)
training loss:	0.584462
validation loss:	0.595836
validation error:	0.320778
2017-01-26 23:33:47,232 INFO     Wrote output to trainNN/out/v045-unified-14-ga63bb92-dirty:simple-ff-ffv-adam-75-40-nomintalklen-sanity/config.json
2017-01-26 23:33:58,403 INFO     Saving network params to trainNN/out/v045-unified-14-ga63bb92-dirty:simple-ff-ffv-adam-75-40-nomintalklen-sanity/epoch-177.pkl
2017-01-26 23:33:59,081 INFO     epoch: 177 took 11.852s (0.008s in batching)
training loss:	0.584414
validation loss:	0.595333
validation error:	0.317953
2017-01-26 23:33:59,084 INFO     Wrote output to trainNN/out/v045-unified-14-ga63bb92-dirty:simple-ff-ffv-adam-75-40-nomintalklen-sanity/config.json
2017-01-26 23:34:10,291 INFO     Saving network params to trainNN/out/v045-unified-14-ga63bb92-dirty:simple-ff-ffv-adam-75-40-nomintalklen-sanity/epoch-178.pkl
2017-01-26 23:34:10,966 INFO     epoch: 178 took 11.886s (0.009s in batching)
training loss:	0.584371
validation loss:	0.595423
validation error:	0.320302
2017-01-26 23:34:10,969 INFO     Wrote output to trainNN/out/v045-unified-14-ga63bb92-dirty:simple-ff-ffv-adam-75-40-nomintalklen-sanity/config.json
2017-01-26 23:34:22,162 INFO     Saving network params to trainNN/out/v045-unified-14-ga63bb92-dirty:simple-ff-ffv-adam-75-40-nomintalklen-sanity/epoch-179.pkl
2017-01-26 23:34:22,831 INFO     epoch: 179 took 11.864s (0.008s in batching)
training loss:	0.584370
validation loss:	0.595597
validation error:	0.319866
2017-01-26 23:34:22,833 INFO     Wrote output to trainNN/out/v045-unified-14-ga63bb92-dirty:simple-ff-ffv-adam-75-40-nomintalklen-sanity/config.json
2017-01-26 23:34:34,021 INFO     Saving network params to trainNN/out/v045-unified-14-ga63bb92-dirty:simple-ff-ffv-adam-75-40-nomintalklen-sanity/epoch-180.pkl
2017-01-26 23:34:34,698 INFO     epoch: 180 took 11.868s (0.008s in batching)
training loss:	0.584317
validation loss:	0.597777
validation error:	0.321715
2017-01-26 23:34:34,702 INFO     Wrote output to trainNN/out/v045-unified-14-ga63bb92-dirty:simple-ff-ffv-adam-75-40-nomintalklen-sanity/config.json
2017-01-26 23:34:46,425 INFO     Saving network params to trainNN/out/v045-unified-14-ga63bb92-dirty:simple-ff-ffv-adam-75-40-nomintalklen-sanity/epoch-181.pkl
2017-01-26 23:34:47,095 INFO     epoch: 181 took 12.396s (0.009s in batching)
training loss:	0.584260
validation loss:	0.593492
validation error:	0.316927
2017-01-26 23:34:47,097 INFO     Wrote output to trainNN/out/v045-unified-14-ga63bb92-dirty:simple-ff-ffv-adam-75-40-nomintalklen-sanity/config.json
2017-01-26 23:34:58,486 INFO     Saving network params to trainNN/out/v045-unified-14-ga63bb92-dirty:simple-ff-ffv-adam-75-40-nomintalklen-sanity/epoch-182.pkl
2017-01-26 23:34:59,160 INFO     epoch: 182 took 12.065s (0.008s in batching)
training loss:	0.584283
validation loss:	0.594391
validation error:	0.317829
2017-01-26 23:34:59,163 INFO     Wrote output to trainNN/out/v045-unified-14-ga63bb92-dirty:simple-ff-ffv-adam-75-40-nomintalklen-sanity/config.json
2017-01-26 23:35:10,507 INFO     Saving network params to trainNN/out/v045-unified-14-ga63bb92-dirty:simple-ff-ffv-adam-75-40-nomintalklen-sanity/epoch-183.pkl
2017-01-26 23:35:11,195 INFO     epoch: 183 took 12.036s (0.009s in batching)
training loss:	0.584293
validation loss:	0.595091
validation error:	0.318191
2017-01-26 23:35:11,199 INFO     Wrote output to trainNN/out/v045-unified-14-ga63bb92-dirty:simple-ff-ffv-adam-75-40-nomintalklen-sanity/config.json
2017-01-26 23:35:23,016 INFO     Saving network params to trainNN/out/v045-unified-14-ga63bb92-dirty:simple-ff-ffv-adam-75-40-nomintalklen-sanity/epoch-184.pkl
2017-01-26 23:35:23,696 INFO     epoch: 184 took 12.501s (0.010s in batching)
training loss:	0.584153
validation loss:	0.595601
validation error:	0.319712
2017-01-26 23:35:23,699 INFO     Wrote output to trainNN/out/v045-unified-14-ga63bb92-dirty:simple-ff-ffv-adam-75-40-nomintalklen-sanity/config.json
2017-01-26 23:35:34,892 INFO     Saving network params to trainNN/out/v045-unified-14-ga63bb92-dirty:simple-ff-ffv-adam-75-40-nomintalklen-sanity/epoch-185.pkl
2017-01-26 23:35:35,570 INFO     epoch: 185 took 11.874s (0.008s in batching)
training loss:	0.584211
validation loss:	0.597318
validation error:	0.320223
2017-01-26 23:35:35,573 INFO     Wrote output to trainNN/out/v045-unified-14-ga63bb92-dirty:simple-ff-ffv-adam-75-40-nomintalklen-sanity/config.json
2017-01-26 23:35:46,833 INFO     Saving network params to trainNN/out/v045-unified-14-ga63bb92-dirty:simple-ff-ffv-adam-75-40-nomintalklen-sanity/epoch-186.pkl
2017-01-26 23:35:47,510 INFO     epoch: 186 took 11.939s (0.009s in batching)
training loss:	0.584199
validation loss:	0.596303
validation error:	0.320104
2017-01-26 23:35:47,512 INFO     Wrote output to trainNN/out/v045-unified-14-ga63bb92-dirty:simple-ff-ffv-adam-75-40-nomintalklen-sanity/config.json
2017-01-26 23:35:58,776 INFO     Saving network params to trainNN/out/v045-unified-14-ga63bb92-dirty:simple-ff-ffv-adam-75-40-nomintalklen-sanity/epoch-187.pkl
2017-01-26 23:35:59,453 INFO     epoch: 187 took 11.943s (0.009s in batching)
training loss:	0.584118
validation loss:	0.595504
validation error:	0.319499
2017-01-26 23:35:59,456 INFO     Wrote output to trainNN/out/v045-unified-14-ga63bb92-dirty:simple-ff-ffv-adam-75-40-nomintalklen-sanity/config.json
2017-01-26 23:36:10,660 INFO     Saving network params to trainNN/out/v045-unified-14-ga63bb92-dirty:simple-ff-ffv-adam-75-40-nomintalklen-sanity/epoch-188.pkl
2017-01-26 23:36:11,332 INFO     epoch: 188 took 11.880s (0.008s in batching)
training loss:	0.584151
validation loss:	0.596350
validation error:	0.320139
2017-01-26 23:36:11,335 INFO     Wrote output to trainNN/out/v045-unified-14-ga63bb92-dirty:simple-ff-ffv-adam-75-40-nomintalklen-sanity/config.json
2017-01-26 23:36:22,480 INFO     Saving network params to trainNN/out/v045-unified-14-ga63bb92-dirty:simple-ff-ffv-adam-75-40-nomintalklen-sanity/epoch-189.pkl
2017-01-26 23:36:23,171 INFO     epoch: 189 took 11.839s (0.008s in batching)
training loss:	0.584115
validation loss:	0.593659
validation error:	0.317214
2017-01-26 23:36:23,174 INFO     Wrote output to trainNN/out/v045-unified-14-ga63bb92-dirty:simple-ff-ffv-adam-75-40-nomintalklen-sanity/config.json
2017-01-26 23:36:34,486 INFO     Saving network params to trainNN/out/v045-unified-14-ga63bb92-dirty:simple-ff-ffv-adam-75-40-nomintalklen-sanity/epoch-190.pkl
2017-01-26 23:36:35,160 INFO     epoch: 190 took 11.989s (0.009s in batching)
training loss:	0.584196
validation loss:	0.594855
validation error:	0.318622
2017-01-26 23:36:35,163 INFO     Wrote output to trainNN/out/v045-unified-14-ga63bb92-dirty:simple-ff-ffv-adam-75-40-nomintalklen-sanity/config.json
2017-01-26 23:36:47,265 INFO     Saving network params to trainNN/out/v045-unified-14-ga63bb92-dirty:simple-ff-ffv-adam-75-40-nomintalklen-sanity/epoch-191.pkl
2017-01-26 23:36:47,939 INFO     epoch: 191 took 12.779s (0.009s in batching)
training loss:	0.584142
validation loss:	0.596599
validation error:	0.319747
2017-01-26 23:36:47,941 INFO     Wrote output to trainNN/out/v045-unified-14-ga63bb92-dirty:simple-ff-ffv-adam-75-40-nomintalklen-sanity/config.json
2017-01-26 23:36:59,860 INFO     Saving network params to trainNN/out/v045-unified-14-ga63bb92-dirty:simple-ff-ffv-adam-75-40-nomintalklen-sanity/epoch-192.pkl
2017-01-26 23:37:00,538 INFO     epoch: 192 took 12.600s (0.009s in batching)
training loss:	0.584104
validation loss:	0.595649
validation error:	0.319767
2017-01-26 23:37:00,543 INFO     Wrote output to trainNN/out/v045-unified-14-ga63bb92-dirty:simple-ff-ffv-adam-75-40-nomintalklen-sanity/config.json
2017-01-26 23:37:11,917 INFO     Saving network params to trainNN/out/v045-unified-14-ga63bb92-dirty:simple-ff-ffv-adam-75-40-nomintalklen-sanity/epoch-193.pkl
2017-01-26 23:37:12,606 INFO     epoch: 193 took 12.068s (0.012s in batching)
training loss:	0.584150
validation loss:	0.595790
validation error:	0.318503
2017-01-26 23:37:12,610 INFO     Wrote output to trainNN/out/v045-unified-14-ga63bb92-dirty:simple-ff-ffv-adam-75-40-nomintalklen-sanity/config.json
2017-01-26 23:37:24,085 INFO     Saving network params to trainNN/out/v045-unified-14-ga63bb92-dirty:simple-ff-ffv-adam-75-40-nomintalklen-sanity/epoch-194.pkl
2017-01-26 23:37:24,755 INFO     epoch: 194 took 12.149s (0.010s in batching)
training loss:	0.584040
validation loss:	0.597918
validation error:	0.322820
2017-01-26 23:37:24,758 INFO     Wrote output to trainNN/out/v045-unified-14-ga63bb92-dirty:simple-ff-ffv-adam-75-40-nomintalklen-sanity/config.json
2017-01-26 23:37:35,964 INFO     Saving network params to trainNN/out/v045-unified-14-ga63bb92-dirty:simple-ff-ffv-adam-75-40-nomintalklen-sanity/epoch-195.pkl
2017-01-26 23:37:36,652 INFO     epoch: 195 took 11.897s (0.009s in batching)
training loss:	0.584200
validation loss:	0.595109
validation error:	0.319296
2017-01-26 23:37:36,656 INFO     Wrote output to trainNN/out/v045-unified-14-ga63bb92-dirty:simple-ff-ffv-adam-75-40-nomintalklen-sanity/config.json
2017-01-26 23:37:48,666 INFO     Saving network params to trainNN/out/v045-unified-14-ga63bb92-dirty:simple-ff-ffv-adam-75-40-nomintalklen-sanity/epoch-196.pkl
2017-01-26 23:37:49,354 INFO     epoch: 196 took 12.702s (0.009s in batching)
training loss:	0.584186
validation loss:	0.593641
validation error:	0.317973
2017-01-26 23:37:49,357 INFO     Wrote output to trainNN/out/v045-unified-14-ga63bb92-dirty:simple-ff-ffv-adam-75-40-nomintalklen-sanity/config.json
2017-01-26 23:38:01,545 INFO     Saving network params to trainNN/out/v045-unified-14-ga63bb92-dirty:simple-ff-ffv-adam-75-40-nomintalklen-sanity/epoch-197.pkl
2017-01-26 23:38:02,259 INFO     epoch: 197 took 12.905s (0.009s in batching)
training loss:	0.584057
validation loss:	0.595284
validation error:	0.319737
2017-01-26 23:38:02,262 INFO     Wrote output to trainNN/out/v045-unified-14-ga63bb92-dirty:simple-ff-ffv-adam-75-40-nomintalklen-sanity/config.json
2017-01-26 23:38:13,889 INFO     Saving network params to trainNN/out/v045-unified-14-ga63bb92-dirty:simple-ff-ffv-adam-75-40-nomintalklen-sanity/epoch-198.pkl
2017-01-26 23:38:14,581 INFO     epoch: 198 took 12.322s (0.009s in batching)
training loss:	0.584071
validation loss:	0.594597
validation error:	0.317477
2017-01-26 23:38:14,584 INFO     Wrote output to trainNN/out/v045-unified-14-ga63bb92-dirty:simple-ff-ffv-adam-75-40-nomintalklen-sanity/config.json
2017-01-26 23:38:26,379 INFO     Saving network params to trainNN/out/v045-unified-14-ga63bb92-dirty:simple-ff-ffv-adam-75-40-nomintalklen-sanity/epoch-199.pkl
2017-01-26 23:38:27,068 INFO     epoch: 199 took 12.486s (0.009s in batching)
training loss:	0.583951
validation loss:	0.594866
validation error:	0.319321
2017-01-26 23:38:27,071 INFO     Wrote output to trainNN/out/v045-unified-14-ga63bb92-dirty:simple-ff-ffv-adam-75-40-nomintalklen-sanity/config.json
