2016-11-22 18:48:27 >>> loading config file ../extract_pfiles_python/out/v05-nopitchnormalization-context40/train-config.json
2016-11-22 18:48:27 >>> loading numpy file ../extract_pfiles_python/out/v05-nopitchnormalization-context40/train.npz
2016-11-22 18:48:30 >>> loading numpy file ../extract_pfiles_python/out/v05-nopitchnormalization-context40/validate.npz
2016-11-22 18:48:30 >>> Training network with 21452 trainable out of 21452 total params.
2016-11-22 18:48:30 >>> Using nesterov_momentum with learning_rate=0.010000
2016-11-22 18:48:30 >>> Compiling theano functions...
2016-11-22 18:48:31 >>> Starting training...
2016-11-22 18:48:45 >>>   training loss:	0.689746
2016-11-22 18:48:45 >>> Saving network params to out/v05-nopitchnormalization/epoch-000.pkl
2016-11-22 18:48:46 >>> epoch: 0 validation error:		0.499961
2016-11-22 18:49:00 >>>   training loss:	0.693568
2016-11-22 18:49:00 >>> Saving network params to out/v05-nopitchnormalization/epoch-001.pkl
2016-11-22 18:49:01 >>> epoch: 1 validation error:		0.499738
2016-11-22 18:49:15 >>>   training loss:	0.687211
2016-11-22 18:49:15 >>> Saving network params to out/v05-nopitchnormalization/epoch-002.pkl
2016-11-22 18:49:16 >>> epoch: 2 validation error:		0.500018
2016-11-22 18:49:30 >>>   training loss:	0.693588
2016-11-22 18:49:30 >>> Saving network params to out/v05-nopitchnormalization/epoch-003.pkl
2016-11-22 18:49:31 >>> epoch: 3 validation error:		0.500021
2016-11-22 18:49:45 >>>   training loss:	0.693548
2016-11-22 18:49:45 >>> Saving network params to out/v05-nopitchnormalization/epoch-004.pkl
2016-11-22 18:49:46 >>> epoch: 4 validation error:		0.498987
2016-11-22 18:50:00 >>>   training loss:	0.682832
2016-11-22 18:50:00 >>> Saving network params to out/v05-nopitchnormalization/epoch-005.pkl
2016-11-22 18:50:01 >>> epoch: 5 validation error:		0.499982
2016-11-22 18:50:16 >>>   training loss:	0.693561
2016-11-22 18:50:16 >>> Saving network params to out/v05-nopitchnormalization/epoch-006.pkl
2016-11-22 18:50:17 >>> epoch: 6 validation error:		0.500030
2016-11-22 18:50:31 >>>   training loss:	0.693549
2016-11-22 18:50:31 >>> Saving network params to out/v05-nopitchnormalization/epoch-007.pkl
2016-11-22 18:50:32 >>> epoch: 7 validation error:		0.500027
2016-11-22 18:50:47 >>>   training loss:	0.687597
2016-11-22 18:50:47 >>> Saving network params to out/v05-nopitchnormalization/epoch-008.pkl
2016-11-22 18:50:47 >>> epoch: 8 validation error:		0.499979
2016-11-22 18:51:02 >>>   training loss:	0.693550
2016-11-22 18:51:02 >>> Saving network params to out/v05-nopitchnormalization/epoch-009.pkl
2016-11-22 18:51:06 >>> epoch: 9 validation error:		0.500012
2016-11-22 18:51:20 >>>   training loss:	0.693535
2016-11-22 18:51:20 >>> Saving network params to out/v05-nopitchnormalization/epoch-010.pkl
2016-11-22 18:51:21 >>> epoch: 10 validation error:		0.500039
