2017-01-24 04:37:23,233 DEBUG    version=v043-unified:simple-ff-200
2017-01-24 04:37:23,951 INFO     Open DBase(data/db/all240302-spk.dat, data/db/all240302-spk.idx, mode='r')
2017-01-24 04:37:43,107 DEBUG    loading cached extracted data from data/cache/extract-563f0cfda2bc8b6a659563483d8ddca63a2cf90cdf00f9f7f789bf6027ccda0a.pickle
2017-01-24 04:37:44,060 DEBUG    set input dim to 2
2017-01-24 04:37:44,062 DEBUG    input dim = 2
2017-01-24 04:37:44,264 DEBUG    loading data into ram
2017-01-24 04:37:44,412 DEBUG    loading data took 0.148s (cpu: 0.147s
2017-01-24 04:37:44,978 DEBUG    set input dim to 2
2017-01-24 04:37:44,978 DEBUG    input dim = 2
2017-01-24 04:37:44,998 DEBUG    loading data into ram
2017-01-24 04:37:45,012 DEBUG    loading data took 0.014s (cpu: 0.014s
2017-01-24 04:37:45,035 INFO     Training network with 16602 trainable out of 16602 total params.
2017-01-24 04:37:45,057 DEBUG    Using sgd with learning_rate=0.700000
2017-01-24 04:37:56,164 INFO     Waiting for existing lock by process '21744' (I am process '21741')
2017-01-24 04:37:56,165 INFO     To manually release the lock, delete /home/rruede/.theano/compiledir_Linux-3.16--generic-x86_64-with-debian-jessie-sid-x86_64-3.6.0-64/lock_dir
2017-01-24 04:38:10,472 INFO     Waiting for existing lock by process '21744' (I am process '21741')
2017-01-24 04:38:10,472 INFO     To manually release the lock, delete /home/rruede/.theano/compiledir_Linux-3.16--generic-x86_64-with-debian-jessie-sid-x86_64-3.6.0-64/lock_dir
2017-01-24 04:38:16,624 INFO     Waiting for existing lock by process '21744' (I am process '21741')
2017-01-24 04:38:16,624 INFO     To manually release the lock, delete /home/rruede/.theano/compiledir_Linux-3.16--generic-x86_64-with-debian-jessie-sid-x86_64-3.6.0-64/lock_dir
2017-01-24 04:38:24,278 INFO     Waiting for existing lock by process '21738' (I am process '21741')
2017-01-24 04:38:24,279 INFO     To manually release the lock, delete /home/rruede/.theano/compiledir_Linux-3.16--generic-x86_64-with-debian-jessie-sid-x86_64-3.6.0-64/lock_dir
2017-01-24 04:38:30,266 INFO     Waiting for existing lock by process '21738' (I am process '21741')
2017-01-24 04:38:30,267 INFO     To manually release the lock, delete /home/rruede/.theano/compiledir_Linux-3.16--generic-x86_64-with-debian-jessie-sid-x86_64-3.6.0-64/lock_dir
2017-01-24 04:38:40,041 INFO     Waiting for existing lock by process '21738' (I am process '21741')
2017-01-24 04:38:40,042 INFO     To manually release the lock, delete /home/rruede/.theano/compiledir_Linux-3.16--generic-x86_64-with-debian-jessie-sid-x86_64-3.6.0-64/lock_dir
2017-01-24 04:38:46,601 INFO     Waiting for existing lock by process '21738' (I am process '21741')
2017-01-24 04:38:46,602 INFO     To manually release the lock, delete /home/rruede/.theano/compiledir_Linux-3.16--generic-x86_64-with-debian-jessie-sid-x86_64-3.6.0-64/lock_dir
2017-01-24 04:38:53,047 INFO     Waiting for existing lock by process '21738' (I am process '21741')
2017-01-24 04:38:53,047 INFO     To manually release the lock, delete /home/rruede/.theano/compiledir_Linux-3.16--generic-x86_64-with-debian-jessie-sid-x86_64-3.6.0-64/lock_dir
2017-01-24 04:39:02,083 INFO     Waiting for existing lock by process '21738' (I am process '21741')
2017-01-24 04:39:02,083 INFO     To manually release the lock, delete /home/rruede/.theano/compiledir_Linux-3.16--generic-x86_64-with-debian-jessie-sid-x86_64-3.6.0-64/lock_dir
2017-01-24 04:39:09,209 INFO     Waiting for existing lock by process '21738' (I am process '21741')
2017-01-24 04:39:09,210 INFO     To manually release the lock, delete /home/rruede/.theano/compiledir_Linux-3.16--generic-x86_64-with-debian-jessie-sid-x86_64-3.6.0-64/lock_dir
2017-01-24 04:39:15,633 INFO     Waiting for existing lock by process '21738' (I am process '21741')
2017-01-24 04:39:15,633 INFO     To manually release the lock, delete /home/rruede/.theano/compiledir_Linux-3.16--generic-x86_64-with-debian-jessie-sid-x86_64-3.6.0-64/lock_dir
2017-01-24 04:39:23,412 INFO     Waiting for existing lock by process '21738' (I am process '21741')
2017-01-24 04:39:23,412 INFO     To manually release the lock, delete /home/rruede/.theano/compiledir_Linux-3.16--generic-x86_64-with-debian-jessie-sid-x86_64-3.6.0-64/lock_dir
2017-01-24 04:39:30,720 INFO     Waiting for existing lock by process '21738' (I am process '21741')
2017-01-24 04:39:30,721 INFO     To manually release the lock, delete /home/rruede/.theano/compiledir_Linux-3.16--generic-x86_64-with-debian-jessie-sid-x86_64-3.6.0-64/lock_dir
2017-01-24 04:39:39,600 INFO     Waiting for existing lock by process '21743' (I am process '21741')
2017-01-24 04:39:39,601 INFO     To manually release the lock, delete /home/rruede/.theano/compiledir_Linux-3.16--generic-x86_64-with-debian-jessie-sid-x86_64-3.6.0-64/lock_dir
2017-01-24 04:39:47,596 DEBUG    Starting training...
2017-01-24 04:41:24,599 INFO     Saving network params to trainNN/out/v043-unified:simple-ff-200/epoch-000.pkl
2017-01-24 04:41:33,873 INFO     epoch: 0 took 106.276s (81.620s in batching)
training loss:	0.626297
validation loss:	0.615438
validation error:	0.343767
2017-01-24 04:41:33,875 INFO     Wrote output to trainNN/out/v043-unified:simple-ff-200/config.json
2017-01-24 04:43:17,724 INFO     Saving network params to trainNN/out/v043-unified:simple-ff-200/epoch-001.pkl
2017-01-24 04:43:26,930 INFO     epoch: 1 took 113.057s (81.629s in batching)
training loss:	0.616565
validation loss:	0.611728
validation error:	0.336486
2017-01-24 04:43:26,933 INFO     Wrote output to trainNN/out/v043-unified:simple-ff-200/config.json
2017-01-24 04:45:04,628 INFO     Saving network params to trainNN/out/v043-unified:simple-ff-200/epoch-002.pkl
2017-01-24 04:45:13,812 INFO     epoch: 2 took 106.882s (82.010s in batching)
training loss:	0.613116
validation loss:	0.610463
validation error:	0.333784
2017-01-24 04:45:13,815 INFO     Wrote output to trainNN/out/v043-unified:simple-ff-200/config.json
2017-01-24 04:46:51,189 INFO     Saving network params to trainNN/out/v043-unified:simple-ff-200/epoch-003.pkl
2017-01-24 04:47:00,381 INFO     epoch: 3 took 106.568s (81.526s in batching)
training loss:	0.610816
validation loss:	0.611635
validation error:	0.338513
2017-01-24 04:47:00,383 INFO     Wrote output to trainNN/out/v043-unified:simple-ff-200/config.json
2017-01-24 04:48:37,859 INFO     Saving network params to trainNN/out/v043-unified:simple-ff-200/epoch-004.pkl
2017-01-24 04:48:47,108 INFO     epoch: 4 took 106.727s (81.533s in batching)
training loss:	0.608976
validation loss:	0.608085
validation error:	0.332590
2017-01-24 04:48:47,110 INFO     Wrote output to trainNN/out/v043-unified:simple-ff-200/config.json
2017-01-24 04:50:24,681 INFO     Saving network params to trainNN/out/v043-unified:simple-ff-200/epoch-005.pkl
2017-01-24 04:50:33,917 INFO     epoch: 5 took 106.809s (81.558s in batching)
training loss:	0.607593
validation loss:	0.608093
validation error:	0.334726
2017-01-24 04:50:33,919 INFO     Wrote output to trainNN/out/v043-unified:simple-ff-200/config.json
2017-01-24 04:52:11,687 INFO     Saving network params to trainNN/out/v043-unified:simple-ff-200/epoch-006.pkl
2017-01-24 04:52:20,913 INFO     epoch: 6 took 106.997s (81.789s in batching)
training loss:	0.606338
validation loss:	0.609941
validation error:	0.333204
2017-01-24 04:52:20,916 INFO     Wrote output to trainNN/out/v043-unified:simple-ff-200/config.json
2017-01-24 04:53:58,849 INFO     Saving network params to trainNN/out/v043-unified:simple-ff-200/epoch-007.pkl
2017-01-24 04:54:08,185 INFO     epoch: 7 took 107.271s (82.012s in batching)
training loss:	0.605503
validation loss:	0.609236
validation error:	0.335663
2017-01-24 04:54:08,190 INFO     Wrote output to trainNN/out/v043-unified:simple-ff-200/config.json
2017-01-24 04:55:46,080 INFO     Saving network params to trainNN/out/v043-unified:simple-ff-200/epoch-008.pkl
2017-01-24 04:55:55,367 INFO     epoch: 8 took 107.182s (81.888s in batching)
training loss:	0.604983
validation loss:	0.615556
validation error:	0.338974
2017-01-24 04:55:55,369 INFO     Wrote output to trainNN/out/v043-unified:simple-ff-200/config.json
2017-01-24 04:57:33,252 INFO     Saving network params to trainNN/out/v043-unified:simple-ff-200/epoch-009.pkl
2017-01-24 04:57:42,482 INFO     epoch: 9 took 107.114s (81.911s in batching)
training loss:	0.603970
validation loss:	0.606204
validation error:	0.332377
2017-01-24 04:57:42,581 INFO     Wrote output to trainNN/out/v043-unified:simple-ff-200/config.json
2017-01-24 04:59:20,525 INFO     Saving network params to trainNN/out/v043-unified:simple-ff-200/epoch-010.pkl
2017-01-24 04:59:29,798 INFO     epoch: 10 took 107.316s (81.928s in batching)
training loss:	0.603377
validation loss:	0.616802
validation error:	0.337695
2017-01-24 04:59:29,801 INFO     Wrote output to trainNN/out/v043-unified:simple-ff-200/config.json
2017-01-24 05:01:07,676 INFO     Saving network params to trainNN/out/v043-unified:simple-ff-200/epoch-011.pkl
2017-01-24 05:01:16,975 INFO     epoch: 11 took 107.177s (81.806s in batching)
training loss:	0.602711
validation loss:	0.607966
validation error:	0.330067
2017-01-24 05:01:16,978 INFO     Wrote output to trainNN/out/v043-unified:simple-ff-200/config.json
2017-01-24 05:02:54,833 INFO     Saving network params to trainNN/out/v043-unified:simple-ff-200/epoch-012.pkl
2017-01-24 05:03:04,121 INFO     epoch: 12 took 107.146s (81.871s in batching)
training loss:	0.602086
validation loss:	0.606469
validation error:	0.333378
2017-01-24 05:03:04,124 INFO     Wrote output to trainNN/out/v043-unified:simple-ff-200/config.json
2017-01-24 05:04:41,872 INFO     Saving network params to trainNN/out/v043-unified:simple-ff-200/epoch-013.pkl
2017-01-24 05:04:51,106 INFO     epoch: 13 took 106.985s (81.616s in batching)
training loss:	0.601722
validation loss:	0.607180
validation error:	0.328129
2017-01-24 05:04:51,109 INFO     Wrote output to trainNN/out/v043-unified:simple-ff-200/config.json
2017-01-24 05:06:28,849 INFO     Saving network params to trainNN/out/v043-unified:simple-ff-200/epoch-014.pkl
2017-01-24 05:06:38,085 INFO     epoch: 14 took 106.979s (81.598s in batching)
training loss:	0.601260
validation loss:	0.605146
validation error:	0.329631
2017-01-24 05:06:38,088 INFO     Wrote output to trainNN/out/v043-unified:simple-ff-200/config.json
2017-01-24 05:08:16,063 INFO     Saving network params to trainNN/out/v043-unified:simple-ff-200/epoch-015.pkl
2017-01-24 05:08:25,318 INFO     epoch: 15 took 107.233s (81.865s in batching)
training loss:	0.600976
validation loss:	0.607288
validation error:	0.329492
2017-01-24 05:08:25,321 INFO     Wrote output to trainNN/out/v043-unified:simple-ff-200/config.json
2017-01-24 05:10:03,443 INFO     Saving network params to trainNN/out/v043-unified:simple-ff-200/epoch-016.pkl
2017-01-24 05:10:12,692 INFO     epoch: 16 took 107.373s (82.016s in batching)
training loss:	0.600396
validation loss:	0.612288
validation error:	0.334969
2017-01-24 05:10:12,695 INFO     Wrote output to trainNN/out/v043-unified:simple-ff-200/config.json
2017-01-24 05:11:50,514 INFO     Saving network params to trainNN/out/v043-unified:simple-ff-200/epoch-017.pkl
2017-01-24 05:11:59,809 INFO     epoch: 17 took 107.117s (81.525s in batching)
training loss:	0.599978
validation loss:	0.605147
validation error:	0.329150
2017-01-24 05:11:59,812 INFO     Wrote output to trainNN/out/v043-unified:simple-ff-200/config.json
2017-01-24 05:13:37,953 INFO     Saving network params to trainNN/out/v043-unified:simple-ff-200/epoch-018.pkl
2017-01-24 05:13:47,233 INFO     epoch: 18 took 107.424s (81.889s in batching)
training loss:	0.599758
validation loss:	0.610842
validation error:	0.335514
2017-01-24 05:13:47,333 INFO     Wrote output to trainNN/out/v043-unified:simple-ff-200/config.json
2017-01-24 05:15:25,041 INFO     Saving network params to trainNN/out/v043-unified:simple-ff-200/epoch-019.pkl
2017-01-24 05:15:34,407 INFO     epoch: 19 took 107.174s (81.585s in batching)
training loss:	0.599523
validation loss:	0.607077
validation error:	0.330662
2017-01-24 05:15:34,410 INFO     Wrote output to trainNN/out/v043-unified:simple-ff-200/config.json
2017-01-24 05:17:12,513 INFO     Saving network params to trainNN/out/v043-unified:simple-ff-200/epoch-020.pkl
2017-01-24 05:17:21,861 INFO     epoch: 20 took 107.455s (81.966s in batching)
training loss:	0.599143
validation loss:	0.623560
validation error:	0.344208
2017-01-24 05:17:21,864 INFO     Wrote output to trainNN/out/v043-unified:simple-ff-200/config.json
2017-01-24 05:19:00,419 INFO     Saving network params to trainNN/out/v043-unified:simple-ff-200/epoch-021.pkl
2017-01-24 05:19:09,738 INFO     epoch: 21 took 107.877s (82.423s in batching)
training loss:	0.598828
validation loss:	0.609123
validation error:	0.335370
2017-01-24 05:19:09,842 INFO     Wrote output to trainNN/out/v043-unified:simple-ff-200/config.json
2017-01-24 05:20:48,273 INFO     Saving network params to trainNN/out/v043-unified:simple-ff-200/epoch-022.pkl
2017-01-24 05:20:57,575 INFO     epoch: 22 took 107.836s (82.157s in batching)
training loss:	0.598639
validation loss:	0.605490
validation error:	0.330706
2017-01-24 05:20:57,578 INFO     Wrote output to trainNN/out/v043-unified:simple-ff-200/config.json
2017-01-24 05:22:36,316 INFO     Saving network params to trainNN/out/v043-unified:simple-ff-200/epoch-023.pkl
2017-01-24 05:22:45,721 INFO     epoch: 23 took 108.146s (82.513s in batching)
training loss:	0.598340
validation loss:	0.603557
validation error:	0.329259
2017-01-24 05:22:45,724 INFO     Wrote output to trainNN/out/v043-unified:simple-ff-200/config.json
2017-01-24 05:24:24,927 INFO     Saving network params to trainNN/out/v043-unified:simple-ff-200/epoch-024.pkl
2017-01-24 05:24:34,344 INFO     epoch: 24 took 108.623s (82.909s in batching)
training loss:	0.598101
validation loss:	0.611205
validation error:	0.336010
2017-01-24 05:24:34,347 INFO     Wrote output to trainNN/out/v043-unified:simple-ff-200/config.json
2017-01-24 05:26:12,939 INFO     Saving network params to trainNN/out/v043-unified:simple-ff-200/epoch-025.pkl
2017-01-24 05:26:22,246 INFO     epoch: 25 took 107.903s (82.319s in batching)
training loss:	0.598014
validation loss:	0.608058
validation error:	0.332342
2017-01-24 05:26:22,250 INFO     Wrote output to trainNN/out/v043-unified:simple-ff-200/config.json
2017-01-24 05:28:00,527 INFO     Saving network params to trainNN/out/v043-unified:simple-ff-200/epoch-026.pkl
2017-01-24 05:28:09,839 INFO     epoch: 26 took 107.592s (81.962s in batching)
training loss:	0.597702
validation loss:	0.606765
validation error:	0.331370
2017-01-24 05:28:09,842 INFO     Wrote output to trainNN/out/v043-unified:simple-ff-200/config.json
2017-01-24 05:29:48,101 INFO     Saving network params to trainNN/out/v043-unified:simple-ff-200/epoch-027.pkl
2017-01-24 05:29:57,337 INFO     epoch: 27 took 107.499s (81.972s in batching)
training loss:	0.597484
validation loss:	0.618055
validation error:	0.339435
2017-01-24 05:29:57,341 INFO     Wrote output to trainNN/out/v043-unified:simple-ff-200/config.json
2017-01-24 05:31:35,924 INFO     Saving network params to trainNN/out/v043-unified:simple-ff-200/epoch-028.pkl
2017-01-24 05:31:45,256 INFO     epoch: 28 took 107.919s (82.167s in batching)
training loss:	0.597206
validation loss:	0.613191
validation error:	0.336223
2017-01-24 05:31:45,260 INFO     Wrote output to trainNN/out/v043-unified:simple-ff-200/config.json
2017-01-24 05:33:23,680 INFO     Saving network params to trainNN/out/v043-unified:simple-ff-200/epoch-029.pkl
2017-01-24 05:33:33,092 INFO     epoch: 29 took 107.836s (82.049s in batching)
training loss:	0.597300
validation loss:	0.606320
validation error:	0.332198
2017-01-24 05:33:33,095 INFO     Wrote output to trainNN/out/v043-unified:simple-ff-200/config.json
2017-01-24 05:35:11,974 INFO     Saving network params to trainNN/out/v043-unified:simple-ff-200/epoch-030.pkl
2017-01-24 05:35:21,417 INFO     epoch: 30 took 108.325s (82.511s in batching)
training loss:	0.596912
validation loss:	0.609361
validation error:	0.331425
2017-01-24 05:35:21,420 INFO     Wrote output to trainNN/out/v043-unified:simple-ff-200/config.json
2017-01-24 05:37:00,494 INFO     Saving network params to trainNN/out/v043-unified:simple-ff-200/epoch-031.pkl
2017-01-24 05:37:09,831 INFO     epoch: 31 took 108.414s (82.768s in batching)
training loss:	0.596773
validation loss:	0.607996
validation error:	0.332327
2017-01-24 05:37:09,834 INFO     Wrote output to trainNN/out/v043-unified:simple-ff-200/config.json
2017-01-24 05:38:48,536 INFO     Saving network params to trainNN/out/v043-unified:simple-ff-200/epoch-032.pkl
2017-01-24 05:38:57,811 INFO     epoch: 32 took 107.980s (82.308s in batching)
training loss:	0.596496
validation loss:	0.605298
validation error:	0.329160
2017-01-24 05:38:57,816 INFO     Wrote output to trainNN/out/v043-unified:simple-ff-200/config.json
2017-01-24 05:40:36,601 INFO     Saving network params to trainNN/out/v043-unified:simple-ff-200/epoch-033.pkl
2017-01-24 05:40:45,968 INFO     epoch: 33 took 108.157s (82.428s in batching)
training loss:	0.596535
validation loss:	0.604087
validation error:	0.326905
2017-01-24 05:40:45,971 INFO     Wrote output to trainNN/out/v043-unified:simple-ff-200/config.json
2017-01-24 05:42:24,738 INFO     Saving network params to trainNN/out/v043-unified:simple-ff-200/epoch-034.pkl
2017-01-24 05:42:34,103 INFO     epoch: 34 took 108.135s (82.317s in batching)
training loss:	0.596420
validation loss:	0.611309
validation error:	0.331693
2017-01-24 05:42:34,106 INFO     Wrote output to trainNN/out/v043-unified:simple-ff-200/config.json
2017-01-24 05:44:12,824 INFO     Saving network params to trainNN/out/v043-unified:simple-ff-200/epoch-035.pkl
2017-01-24 05:44:22,167 INFO     epoch: 35 took 108.064s (82.281s in batching)
training loss:	0.596066
validation loss:	0.608410
validation error:	0.331831
2017-01-24 05:44:22,171 INFO     Wrote output to trainNN/out/v043-unified:simple-ff-200/config.json
2017-01-24 05:46:00,851 INFO     Saving network params to trainNN/out/v043-unified:simple-ff-200/epoch-036.pkl
2017-01-24 05:46:10,071 INFO     epoch: 36 took 107.904s (82.305s in batching)
training loss:	0.595989
validation loss:	0.603872
validation error:	0.326840
2017-01-24 05:46:10,074 INFO     Wrote output to trainNN/out/v043-unified:simple-ff-200/config.json
2017-01-24 05:47:47,339 INFO     Saving network params to trainNN/out/v043-unified:simple-ff-200/epoch-037.pkl
2017-01-24 05:47:56,542 INFO     epoch: 37 took 106.471s (81.703s in batching)
training loss:	0.595874
validation loss:	0.609293
validation error:	0.331579
2017-01-24 05:47:56,545 INFO     Wrote output to trainNN/out/v043-unified:simple-ff-200/config.json
2017-01-24 05:49:34,158 INFO     Saving network params to trainNN/out/v043-unified:simple-ff-200/epoch-038.pkl
2017-01-24 05:49:43,476 INFO     epoch: 38 took 106.934s (82.193s in batching)
training loss:	0.595727
validation loss:	0.604311
validation error:	0.328585
2017-01-24 05:49:43,479 INFO     Wrote output to trainNN/out/v043-unified:simple-ff-200/config.json
2017-01-24 05:51:20,922 INFO     Saving network params to trainNN/out/v043-unified:simple-ff-200/epoch-039.pkl
2017-01-24 05:51:30,200 INFO     epoch: 39 took 106.724s (82.005s in batching)
training loss:	0.595723
validation loss:	0.607071
validation error:	0.328099
2017-01-24 05:51:30,204 INFO     Wrote output to trainNN/out/v043-unified:simple-ff-200/config.json
2017-01-24 05:53:07,564 INFO     Saving network params to trainNN/out/v043-unified:simple-ff-200/epoch-040.pkl
2017-01-24 05:53:16,795 INFO     epoch: 40 took 106.594s (81.767s in batching)
training loss:	0.595629
validation loss:	0.607753
validation error:	0.332357
2017-01-24 05:53:16,799 INFO     Wrote output to trainNN/out/v043-unified:simple-ff-200/config.json
2017-01-24 05:54:54,555 INFO     Saving network params to trainNN/out/v043-unified:simple-ff-200/epoch-041.pkl
2017-01-24 05:55:03,896 INFO     epoch: 41 took 107.102s (82.133s in batching)
training loss:	0.595509
validation loss:	0.605213
validation error:	0.329056
2017-01-24 05:55:03,900 INFO     Wrote output to trainNN/out/v043-unified:simple-ff-200/config.json
2017-01-24 05:56:42,088 INFO     Saving network params to trainNN/out/v043-unified:simple-ff-200/epoch-042.pkl
2017-01-24 05:56:51,412 INFO     epoch: 42 took 107.515s (82.503s in batching)
training loss:	0.595321
validation loss:	0.610620
validation error:	0.333180
2017-01-24 05:56:51,416 INFO     Wrote output to trainNN/out/v043-unified:simple-ff-200/config.json
2017-01-24 05:58:30,159 INFO     Saving network params to trainNN/out/v043-unified:simple-ff-200/epoch-043.pkl
2017-01-24 05:58:39,457 INFO     epoch: 43 took 108.045s (82.855s in batching)
training loss:	0.595226
validation loss:	0.604519
validation error:	0.328208
2017-01-24 05:58:39,460 INFO     Wrote output to trainNN/out/v043-unified:simple-ff-200/config.json
2017-01-24 06:00:17,422 INFO     Saving network params to trainNN/out/v043-unified:simple-ff-200/epoch-044.pkl
2017-01-24 06:00:26,654 INFO     epoch: 44 took 107.197s (82.086s in batching)
training loss:	0.595139
validation loss:	0.606968
validation error:	0.329403
2017-01-24 06:00:26,658 INFO     Wrote output to trainNN/out/v043-unified:simple-ff-200/config.json
2017-01-24 06:02:04,829 INFO     Saving network params to trainNN/out/v043-unified:simple-ff-200/epoch-045.pkl
2017-01-24 06:02:14,075 INFO     epoch: 45 took 107.422s (82.198s in batching)
training loss:	0.595002
validation loss:	0.609005
validation error:	0.328659
2017-01-24 06:02:14,080 INFO     Wrote output to trainNN/out/v043-unified:simple-ff-200/config.json
2017-01-24 06:03:52,135 INFO     Saving network params to trainNN/out/v043-unified:simple-ff-200/epoch-046.pkl
2017-01-24 06:04:01,425 INFO     epoch: 46 took 107.350s (82.075s in batching)
training loss:	0.594956
validation loss:	0.602970
validation error:	0.327826
2017-01-24 06:04:01,429 INFO     Wrote output to trainNN/out/v043-unified:simple-ff-200/config.json
2017-01-24 06:05:39,460 INFO     Saving network params to trainNN/out/v043-unified:simple-ff-200/epoch-047.pkl
2017-01-24 06:05:48,763 INFO     epoch: 47 took 107.338s (82.062s in batching)
training loss:	0.594726
validation loss:	0.607654
validation error:	0.332659
2017-01-24 06:05:48,767 INFO     Wrote output to trainNN/out/v043-unified:simple-ff-200/config.json
2017-01-24 06:07:26,734 INFO     Saving network params to trainNN/out/v043-unified:simple-ff-200/epoch-048.pkl
2017-01-24 06:07:36,062 INFO     epoch: 48 took 107.299s (81.970s in batching)
training loss:	0.594704
validation loss:	0.603740
validation error:	0.326696
2017-01-24 06:07:36,066 INFO     Wrote output to trainNN/out/v043-unified:simple-ff-200/config.json
2017-01-24 06:09:14,085 INFO     Saving network params to trainNN/out/v043-unified:simple-ff-200/epoch-049.pkl
2017-01-24 06:09:23,291 INFO     epoch: 49 took 107.229s (81.980s in batching)
training loss:	0.594671
validation loss:	0.605820
validation error:	0.325120
2017-01-24 06:09:23,295 INFO     Wrote output to trainNN/out/v043-unified:simple-ff-200/config.json
2017-01-24 06:11:01,610 INFO     Saving network params to trainNN/out/v043-unified:simple-ff-200/epoch-050.pkl
2017-01-24 06:11:10,862 INFO     epoch: 50 took 107.571s (82.176s in batching)
training loss:	0.594635
validation loss:	0.605779
validation error:	0.327375
2017-01-24 06:11:10,866 INFO     Wrote output to trainNN/out/v043-unified:simple-ff-200/config.json
2017-01-24 06:12:49,304 INFO     Saving network params to trainNN/out/v043-unified:simple-ff-200/epoch-051.pkl
2017-01-24 06:12:58,590 INFO     epoch: 51 took 107.728s (82.258s in batching)
training loss:	0.594489
validation loss:	0.609257
validation error:	0.332054
2017-01-24 06:12:58,595 INFO     Wrote output to trainNN/out/v043-unified:simple-ff-200/config.json
2017-01-24 06:14:37,286 INFO     Saving network params to trainNN/out/v043-unified:simple-ff-200/epoch-052.pkl
2017-01-24 06:14:46,609 INFO     epoch: 52 took 108.019s (82.546s in batching)
training loss:	0.594455
validation loss:	0.603498
validation error:	0.327321
2017-01-24 06:14:46,613 INFO     Wrote output to trainNN/out/v043-unified:simple-ff-200/config.json
2017-01-24 06:16:24,926 INFO     Saving network params to trainNN/out/v043-unified:simple-ff-200/epoch-053.pkl
2017-01-24 06:16:34,237 INFO     epoch: 53 took 107.628s (82.068s in batching)
training loss:	0.594331
validation loss:	0.606019
validation error:	0.329418
2017-01-24 06:16:34,241 INFO     Wrote output to trainNN/out/v043-unified:simple-ff-200/config.json
2017-01-24 06:18:13,020 INFO     Saving network params to trainNN/out/v043-unified:simple-ff-200/epoch-054.pkl
2017-01-24 06:18:22,317 INFO     epoch: 54 took 108.080s (82.466s in batching)
training loss:	0.594156
validation loss:	0.608846
validation error:	0.334701
2017-01-24 06:18:22,322 INFO     Wrote output to trainNN/out/v043-unified:simple-ff-200/config.json
2017-01-24 06:20:00,813 INFO     Saving network params to trainNN/out/v043-unified:simple-ff-200/epoch-055.pkl
2017-01-24 06:20:10,132 INFO     epoch: 55 took 107.815s (82.122s in batching)
training loss:	0.594219
validation loss:	0.604819
validation error:	0.328213
2017-01-24 06:20:10,136 INFO     Wrote output to trainNN/out/v043-unified:simple-ff-200/config.json
2017-01-24 06:21:48,543 INFO     Saving network params to trainNN/out/v043-unified:simple-ff-200/epoch-056.pkl
2017-01-24 06:21:57,840 INFO     epoch: 56 took 107.708s (82.088s in batching)
training loss:	0.594082
validation loss:	0.627369
validation error:	0.342622
2017-01-24 06:21:57,845 INFO     Wrote output to trainNN/out/v043-unified:simple-ff-200/config.json
2017-01-24 06:23:36,387 INFO     Saving network params to trainNN/out/v043-unified:simple-ff-200/epoch-057.pkl
2017-01-24 06:23:45,729 INFO     epoch: 57 took 107.889s (82.216s in batching)
training loss:	0.593985
validation loss:	0.608820
validation error:	0.332342
2017-01-24 06:23:45,733 INFO     Wrote output to trainNN/out/v043-unified:simple-ff-200/config.json
2017-01-24 06:25:24,341 INFO     Saving network params to trainNN/out/v043-unified:simple-ff-200/epoch-058.pkl
2017-01-24 06:25:33,656 INFO     epoch: 58 took 107.927s (82.296s in batching)
training loss:	0.593959
validation loss:	0.605296
validation error:	0.327980
2017-01-24 06:25:33,661 INFO     Wrote output to trainNN/out/v043-unified:simple-ff-200/config.json
2017-01-24 06:27:12,211 INFO     Saving network params to trainNN/out/v043-unified:simple-ff-200/epoch-059.pkl
2017-01-24 06:27:21,572 INFO     epoch: 59 took 107.916s (82.249s in batching)
training loss:	0.593769
validation loss:	0.603885
validation error:	0.326607
2017-01-24 06:27:21,576 INFO     Wrote output to trainNN/out/v043-unified:simple-ff-200/config.json
2017-01-24 06:29:00,057 INFO     Saving network params to trainNN/out/v043-unified:simple-ff-200/epoch-060.pkl
2017-01-24 06:29:09,365 INFO     epoch: 60 took 107.793s (82.167s in batching)
training loss:	0.593826
validation loss:	0.609372
validation error:	0.335043
2017-01-24 06:29:09,370 INFO     Wrote output to trainNN/out/v043-unified:simple-ff-200/config.json
2017-01-24 06:30:48,217 INFO     Saving network params to trainNN/out/v043-unified:simple-ff-200/epoch-061.pkl
2017-01-24 06:30:57,543 INFO     epoch: 61 took 108.178s (82.582s in batching)
training loss:	0.593696
validation loss:	0.605058
validation error:	0.328387
2017-01-24 06:30:57,548 INFO     Wrote output to trainNN/out/v043-unified:simple-ff-200/config.json
2017-01-24 06:32:36,279 INFO     Saving network params to trainNN/out/v043-unified:simple-ff-200/epoch-062.pkl
2017-01-24 06:32:45,604 INFO     epoch: 62 took 108.060s (82.467s in batching)
training loss:	0.593512
validation loss:	0.612198
validation error:	0.335475
2017-01-24 06:32:45,609 INFO     Wrote output to trainNN/out/v043-unified:simple-ff-200/config.json
2017-01-24 06:34:24,286 INFO     Saving network params to trainNN/out/v043-unified:simple-ff-200/epoch-063.pkl
2017-01-24 06:34:33,659 INFO     epoch: 63 took 108.055s (82.257s in batching)
training loss:	0.593594
validation loss:	0.604215
validation error:	0.325452
2017-01-24 06:34:33,664 INFO     Wrote output to trainNN/out/v043-unified:simple-ff-200/config.json
2017-01-24 06:36:12,464 INFO     Saving network params to trainNN/out/v043-unified:simple-ff-200/epoch-064.pkl
2017-01-24 06:36:21,872 INFO     epoch: 64 took 108.213s (82.456s in batching)
training loss:	0.593514
validation loss:	0.619613
validation error:	0.339390
2017-01-24 06:36:21,877 INFO     Wrote output to trainNN/out/v043-unified:simple-ff-200/config.json
2017-01-24 06:38:00,604 INFO     Saving network params to trainNN/out/v043-unified:simple-ff-200/epoch-065.pkl
2017-01-24 06:38:09,907 INFO     epoch: 65 took 108.035s (82.399s in batching)
training loss:	0.593401
validation loss:	0.610610
validation error:	0.330439
2017-01-24 06:38:09,912 INFO     Wrote output to trainNN/out/v043-unified:simple-ff-200/config.json
2017-01-24 06:39:48,879 INFO     Saving network params to trainNN/out/v043-unified:simple-ff-200/epoch-066.pkl
2017-01-24 06:39:58,240 INFO     epoch: 66 took 108.333s (82.536s in batching)
training loss:	0.593381
validation loss:	0.608214
validation error:	0.331028
2017-01-24 06:39:58,245 INFO     Wrote output to trainNN/out/v043-unified:simple-ff-200/config.json
2017-01-24 06:41:37,252 INFO     Saving network params to trainNN/out/v043-unified:simple-ff-200/epoch-067.pkl
2017-01-24 06:41:46,633 INFO     epoch: 67 took 108.393s (82.630s in batching)
training loss:	0.593162
validation loss:	0.609378
validation error:	0.331271
2017-01-24 06:41:46,637 INFO     Wrote output to trainNN/out/v043-unified:simple-ff-200/config.json
2017-01-24 06:43:25,691 INFO     Saving network params to trainNN/out/v043-unified:simple-ff-200/epoch-068.pkl
2017-01-24 06:43:35,055 INFO     epoch: 68 took 108.422s (82.657s in batching)
training loss:	0.593401
validation loss:	0.605914
validation error:	0.329031
2017-01-24 06:43:35,060 INFO     Wrote output to trainNN/out/v043-unified:simple-ff-200/config.json
2017-01-24 06:45:14,313 INFO     Saving network params to trainNN/out/v043-unified:simple-ff-200/epoch-069.pkl
2017-01-24 06:45:23,663 INFO     epoch: 69 took 108.607s (82.858s in batching)
training loss:	0.593136
validation loss:	0.609777
validation error:	0.334840
2017-01-24 06:45:23,668 INFO     Wrote output to trainNN/out/v043-unified:simple-ff-200/config.json
2017-01-24 06:47:02,271 INFO     Saving network params to trainNN/out/v043-unified:simple-ff-200/epoch-070.pkl
2017-01-24 06:47:11,597 INFO     epoch: 70 took 107.935s (82.199s in batching)
training loss:	0.593167
validation loss:	0.621078
validation error:	0.337779
2017-01-24 06:47:11,603 INFO     Wrote output to trainNN/out/v043-unified:simple-ff-200/config.json
2017-01-24 06:48:50,253 INFO     Saving network params to trainNN/out/v043-unified:simple-ff-200/epoch-071.pkl
2017-01-24 06:48:59,597 INFO     epoch: 71 took 108.000s (82.223s in batching)
training loss:	0.593024
validation loss:	0.607916
validation error:	0.327356
2017-01-24 06:48:59,602 INFO     Wrote output to trainNN/out/v043-unified:simple-ff-200/config.json
2017-01-24 06:50:37,962 INFO     Saving network params to trainNN/out/v043-unified:simple-ff-200/epoch-072.pkl
2017-01-24 06:50:47,318 INFO     epoch: 72 took 107.721s (81.868s in batching)
training loss:	0.593122
validation loss:	0.608174
validation error:	0.325715
2017-01-24 06:50:47,323 INFO     Wrote output to trainNN/out/v043-unified:simple-ff-200/config.json
2017-01-24 06:52:26,000 INFO     Saving network params to trainNN/out/v043-unified:simple-ff-200/epoch-073.pkl
2017-01-24 06:52:35,313 INFO     epoch: 73 took 107.995s (82.339s in batching)
training loss:	0.593010
validation loss:	0.609961
validation error:	0.331068
2017-01-24 06:52:35,318 INFO     Wrote output to trainNN/out/v043-unified:simple-ff-200/config.json
2017-01-24 06:54:13,947 INFO     Saving network params to trainNN/out/v043-unified:simple-ff-200/epoch-074.pkl
2017-01-24 06:54:23,284 INFO     epoch: 74 took 107.971s (82.098s in batching)
training loss:	0.592843
validation loss:	0.607633
validation error:	0.331549
2017-01-24 06:54:23,289 INFO     Wrote output to trainNN/out/v043-unified:simple-ff-200/config.json
2017-01-24 06:56:02,383 INFO     Saving network params to trainNN/out/v043-unified:simple-ff-200/epoch-075.pkl
2017-01-24 06:56:11,720 INFO     epoch: 75 took 108.436s (82.476s in batching)
training loss:	0.592778
validation loss:	0.602772
validation error:	0.327440
2017-01-24 06:56:11,726 INFO     Wrote output to trainNN/out/v043-unified:simple-ff-200/config.json
2017-01-24 06:57:49,376 INFO     Saving network params to trainNN/out/v043-unified:simple-ff-200/epoch-076.pkl
2017-01-24 06:57:58,585 INFO     epoch: 76 took 106.865s (81.937s in batching)
training loss:	0.592752
validation loss:	0.604665
validation error:	0.329819
2017-01-24 06:57:58,590 INFO     Wrote output to trainNN/out/v043-unified:simple-ff-200/config.json
2017-01-24 06:59:35,850 INFO     Saving network params to trainNN/out/v043-unified:simple-ff-200/epoch-077.pkl
2017-01-24 06:59:45,051 INFO     epoch: 77 took 106.466s (81.681s in batching)
training loss:	0.592782
validation loss:	0.609031
validation error:	0.334206
2017-01-24 06:59:45,057 INFO     Wrote output to trainNN/out/v043-unified:simple-ff-200/config.json
2017-01-24 07:01:22,233 INFO     Saving network params to trainNN/out/v043-unified:simple-ff-200/epoch-078.pkl
2017-01-24 07:01:31,404 INFO     epoch: 78 took 106.352s (81.588s in batching)
training loss:	0.592797
validation loss:	0.611614
validation error:	0.331945
2017-01-24 07:01:31,409 INFO     Wrote output to trainNN/out/v043-unified:simple-ff-200/config.json
2017-01-24 07:03:08,912 INFO     Saving network params to trainNN/out/v043-unified:simple-ff-200/epoch-079.pkl
2017-01-24 07:03:18,150 INFO     epoch: 79 took 106.746s (81.887s in batching)
training loss:	0.592635
validation loss:	0.607311
validation error:	0.330498
2017-01-24 07:03:18,156 INFO     Wrote output to trainNN/out/v043-unified:simple-ff-200/config.json
2017-01-24 07:04:56,747 INFO     Saving network params to trainNN/out/v043-unified:simple-ff-200/epoch-080.pkl
2017-01-24 07:05:06,059 INFO     epoch: 80 took 107.908s (82.912s in batching)
training loss:	0.592712
validation loss:	0.606746
validation error:	0.331752
2017-01-24 07:05:06,064 INFO     Wrote output to trainNN/out/v043-unified:simple-ff-200/config.json
2017-01-24 07:06:44,600 INFO     Saving network params to trainNN/out/v043-unified:simple-ff-200/epoch-081.pkl
2017-01-24 07:06:53,864 INFO     epoch: 81 took 107.805s (82.727s in batching)
training loss:	0.592720
validation loss:	0.605250
validation error:	0.329497
2017-01-24 07:06:53,870 INFO     Wrote output to trainNN/out/v043-unified:simple-ff-200/config.json
2017-01-24 07:08:32,216 INFO     Saving network params to trainNN/out/v043-unified:simple-ff-200/epoch-082.pkl
2017-01-24 07:08:41,537 INFO     epoch: 82 took 107.673s (82.611s in batching)
training loss:	0.592561
validation loss:	0.612559
validation error:	0.332996
2017-01-24 07:08:41,543 INFO     Wrote output to trainNN/out/v043-unified:simple-ff-200/config.json
2017-01-24 07:10:20,105 INFO     Saving network params to trainNN/out/v043-unified:simple-ff-200/epoch-083.pkl
2017-01-24 07:10:29,395 INFO     epoch: 83 took 107.858s (82.728s in batching)
training loss:	0.592359
validation loss:	0.605886
validation error:	0.327896
2017-01-24 07:10:29,401 INFO     Wrote output to trainNN/out/v043-unified:simple-ff-200/config.json
2017-01-24 07:12:07,920 INFO     Saving network params to trainNN/out/v043-unified:simple-ff-200/epoch-084.pkl
2017-01-24 07:12:17,358 INFO     epoch: 84 took 107.962s (82.656s in batching)
training loss:	0.592576
validation loss:	0.604936
validation error:	0.330305
2017-01-24 07:12:17,363 INFO     Wrote output to trainNN/out/v043-unified:simple-ff-200/config.json
2017-01-24 07:13:55,711 INFO     Saving network params to trainNN/out/v043-unified:simple-ff-200/epoch-085.pkl
2017-01-24 07:14:05,041 INFO     epoch: 85 took 107.684s (82.383s in batching)
training loss:	0.592276
validation loss:	0.607199
validation error:	0.327584
2017-01-24 07:14:05,047 INFO     Wrote output to trainNN/out/v043-unified:simple-ff-200/config.json
2017-01-24 07:15:43,299 INFO     Saving network params to trainNN/out/v043-unified:simple-ff-200/epoch-086.pkl
2017-01-24 07:15:52,592 INFO     epoch: 86 took 107.550s (82.206s in batching)
training loss:	0.592425
validation loss:	0.610524
validation error:	0.335128
2017-01-24 07:15:52,597 INFO     Wrote output to trainNN/out/v043-unified:simple-ff-200/config.json
2017-01-24 07:17:31,163 INFO     Saving network params to trainNN/out/v043-unified:simple-ff-200/epoch-087.pkl
2017-01-24 07:17:40,490 INFO     epoch: 87 took 107.898s (82.493s in batching)
training loss:	0.592268
validation loss:	0.604049
validation error:	0.329100
2017-01-24 07:17:40,495 INFO     Wrote output to trainNN/out/v043-unified:simple-ff-200/config.json
2017-01-24 07:19:19,102 INFO     Saving network params to trainNN/out/v043-unified:simple-ff-200/epoch-088.pkl
2017-01-24 07:19:28,506 INFO     epoch: 88 took 108.016s (82.520s in batching)
training loss:	0.592258
validation loss:	0.605514
validation error:	0.327802
2017-01-24 07:19:28,512 INFO     Wrote output to trainNN/out/v043-unified:simple-ff-200/config.json
2017-01-24 07:21:06,987 INFO     Saving network params to trainNN/out/v043-unified:simple-ff-200/epoch-089.pkl
2017-01-24 07:21:16,286 INFO     epoch: 89 took 107.780s (82.462s in batching)
training loss:	0.592254
validation loss:	0.610436
validation error:	0.333115
2017-01-24 07:21:16,292 INFO     Wrote output to trainNN/out/v043-unified:simple-ff-200/config.json
2017-01-24 07:22:54,960 INFO     Saving network params to trainNN/out/v043-unified:simple-ff-200/epoch-090.pkl
2017-01-24 07:23:04,278 INFO     epoch: 90 took 107.993s (82.506s in batching)
training loss:	0.592109
validation loss:	0.605126
validation error:	0.324976
2017-01-24 07:23:04,284 INFO     Wrote output to trainNN/out/v043-unified:simple-ff-200/config.json
2017-01-24 07:24:43,259 INFO     Saving network params to trainNN/out/v043-unified:simple-ff-200/epoch-091.pkl
2017-01-24 07:24:52,569 INFO     epoch: 91 took 108.290s (82.792s in batching)
training loss:	0.592180
validation loss:	0.602664
validation error:	0.324629
2017-01-24 07:24:52,574 INFO     Wrote output to trainNN/out/v043-unified:simple-ff-200/config.json
2017-01-24 07:26:31,419 INFO     Saving network params to trainNN/out/v043-unified:simple-ff-200/epoch-092.pkl
2017-01-24 07:26:40,813 INFO     epoch: 92 took 108.245s (82.613s in batching)
training loss:	0.592086
validation loss:	0.617995
validation error:	0.336649
2017-01-24 07:26:40,819 INFO     Wrote output to trainNN/out/v043-unified:simple-ff-200/config.json
2017-01-24 07:28:19,619 INFO     Saving network params to trainNN/out/v043-unified:simple-ff-200/epoch-093.pkl
2017-01-24 07:28:28,973 INFO     epoch: 93 took 108.159s (82.619s in batching)
training loss:	0.592155
validation loss:	0.606617
validation error:	0.327445
2017-01-24 07:28:28,979 INFO     Wrote output to trainNN/out/v043-unified:simple-ff-200/config.json
2017-01-24 07:30:08,253 INFO     Saving network params to trainNN/out/v043-unified:simple-ff-200/epoch-094.pkl
2017-01-24 07:30:17,670 INFO     epoch: 94 took 108.697s (83.014s in batching)
training loss:	0.592081
validation loss:	0.604538
validation error:	0.327579
2017-01-24 07:30:17,676 INFO     Wrote output to trainNN/out/v043-unified:simple-ff-200/config.json
2017-01-24 07:31:56,366 INFO     Saving network params to trainNN/out/v043-unified:simple-ff-200/epoch-095.pkl
2017-01-24 07:32:05,771 INFO     epoch: 95 took 108.101s (82.610s in batching)
training loss:	0.592058
validation loss:	0.606781
validation error:	0.326533
2017-01-24 07:32:05,776 INFO     Wrote output to trainNN/out/v043-unified:simple-ff-200/config.json
2017-01-24 07:33:44,628 INFO     Saving network params to trainNN/out/v043-unified:simple-ff-200/epoch-096.pkl
2017-01-24 07:33:53,976 INFO     epoch: 96 took 108.205s (82.617s in batching)
training loss:	0.592237
validation loss:	0.606476
validation error:	0.328724
2017-01-24 07:33:53,982 INFO     Wrote output to trainNN/out/v043-unified:simple-ff-200/config.json
2017-01-24 07:35:32,646 INFO     Saving network params to trainNN/out/v043-unified:simple-ff-200/epoch-097.pkl
2017-01-24 07:35:42,072 INFO     epoch: 97 took 108.096s (82.492s in batching)
training loss:	0.592098
validation loss:	0.605118
validation error:	0.328481
2017-01-24 07:35:42,078 INFO     Wrote output to trainNN/out/v043-unified:simple-ff-200/config.json
2017-01-24 07:37:20,969 INFO     Saving network params to trainNN/out/v043-unified:simple-ff-200/epoch-098.pkl
2017-01-24 07:37:30,349 INFO     epoch: 98 took 108.278s (82.689s in batching)
training loss:	0.591915
validation loss:	0.607058
validation error:	0.324431
2017-01-24 07:37:30,356 INFO     Wrote output to trainNN/out/v043-unified:simple-ff-200/config.json
2017-01-24 07:39:09,306 INFO     Saving network params to trainNN/out/v043-unified:simple-ff-200/epoch-099.pkl
2017-01-24 07:39:18,733 INFO     epoch: 99 took 108.384s (82.688s in batching)
training loss:	0.592059
validation loss:	0.605501
validation error:	0.326493
2017-01-24 07:39:18,739 INFO     Wrote output to trainNN/out/v043-unified:simple-ff-200/config.json
2017-01-24 07:40:57,663 INFO     Saving network params to trainNN/out/v043-unified:simple-ff-200/epoch-100.pkl
2017-01-24 07:41:07,017 INFO     epoch: 100 took 108.284s (82.654s in batching)
training loss:	0.591763
validation loss:	0.605241
validation error:	0.328278
2017-01-24 07:41:07,023 INFO     Wrote output to trainNN/out/v043-unified:simple-ff-200/config.json
2017-01-24 07:42:46,265 INFO     Saving network params to trainNN/out/v043-unified:simple-ff-200/epoch-101.pkl
2017-01-24 07:42:55,673 INFO     epoch: 101 took 108.656s (83.011s in batching)
training loss:	0.591921
validation loss:	0.610307
validation error:	0.332119
2017-01-24 07:42:55,680 INFO     Wrote output to trainNN/out/v043-unified:simple-ff-200/config.json
2017-01-24 07:44:34,607 INFO     Saving network params to trainNN/out/v043-unified:simple-ff-200/epoch-102.pkl
2017-01-24 07:44:44,004 INFO     epoch: 102 took 108.330s (82.596s in batching)
training loss:	0.591857
validation loss:	0.608832
validation error:	0.327881
2017-01-24 07:44:44,010 INFO     Wrote output to trainNN/out/v043-unified:simple-ff-200/config.json
2017-01-24 07:46:23,021 INFO     Saving network params to trainNN/out/v043-unified:simple-ff-200/epoch-103.pkl
2017-01-24 07:46:32,349 INFO     epoch: 103 took 108.345s (82.730s in batching)
training loss:	0.591630
validation loss:	0.603752
validation error:	0.326929
2017-01-24 07:46:32,355 INFO     Wrote output to trainNN/out/v043-unified:simple-ff-200/config.json
2017-01-24 07:48:11,686 INFO     Saving network params to trainNN/out/v043-unified:simple-ff-200/epoch-104.pkl
2017-01-24 07:48:21,138 INFO     epoch: 104 took 108.789s (82.952s in batching)
training loss:	0.591801
validation loss:	0.607292
validation error:	0.329462
2017-01-24 07:48:21,144 INFO     Wrote output to trainNN/out/v043-unified:simple-ff-200/config.json
2017-01-24 07:50:00,437 INFO     Saving network params to trainNN/out/v043-unified:simple-ff-200/epoch-105.pkl
2017-01-24 07:50:09,891 INFO     epoch: 105 took 108.753s (82.946s in batching)
training loss:	0.591757
validation loss:	0.603653
validation error:	0.325056
2017-01-24 07:50:09,897 INFO     Wrote output to trainNN/out/v043-unified:simple-ff-200/config.json
2017-01-24 07:51:49,210 INFO     Saving network params to trainNN/out/v043-unified:simple-ff-200/epoch-106.pkl
2017-01-24 07:51:58,707 INFO     epoch: 106 took 108.816s (83.056s in batching)
training loss:	0.591657
validation loss:	0.613689
validation error:	0.331708
2017-01-24 07:51:58,713 INFO     Wrote output to trainNN/out/v043-unified:simple-ff-200/config.json
2017-01-24 07:53:38,352 INFO     Saving network params to trainNN/out/v043-unified:simple-ff-200/epoch-107.pkl
2017-01-24 07:53:47,762 INFO     epoch: 107 took 109.055s (83.226s in batching)
training loss:	0.591704
validation loss:	0.605515
validation error:	0.328818
2017-01-24 07:53:47,768 INFO     Wrote output to trainNN/out/v043-unified:simple-ff-200/config.json
2017-01-24 07:55:27,004 INFO     Saving network params to trainNN/out/v043-unified:simple-ff-200/epoch-108.pkl
2017-01-24 07:55:36,391 INFO     epoch: 108 took 108.629s (82.814s in batching)
training loss:	0.591672
validation loss:	0.604516
validation error:	0.327108
2017-01-24 07:55:36,397 INFO     Wrote output to trainNN/out/v043-unified:simple-ff-200/config.json
2017-01-24 07:57:15,587 INFO     Saving network params to trainNN/out/v043-unified:simple-ff-200/epoch-109.pkl
2017-01-24 07:57:24,952 INFO     epoch: 109 took 108.561s (82.862s in batching)
training loss:	0.591709
validation loss:	0.607176
validation error:	0.328808
2017-01-24 07:57:24,958 INFO     Wrote output to trainNN/out/v043-unified:simple-ff-200/config.json
2017-01-24 07:59:03,887 INFO     Saving network params to trainNN/out/v043-unified:simple-ff-200/epoch-110.pkl
2017-01-24 07:59:13,223 INFO     epoch: 110 took 108.271s (82.542s in batching)
training loss:	0.591617
validation loss:	0.607187
validation error:	0.331767
2017-01-24 07:59:13,229 INFO     Wrote output to trainNN/out/v043-unified:simple-ff-200/config.json
2017-01-24 08:00:52,249 INFO     Saving network params to trainNN/out/v043-unified:simple-ff-200/epoch-111.pkl
2017-01-24 08:01:01,587 INFO     epoch: 111 took 108.364s (82.611s in batching)
training loss:	0.591406
validation loss:	0.606897
validation error:	0.328882
2017-01-24 08:01:01,593 INFO     Wrote output to trainNN/out/v043-unified:simple-ff-200/config.json
2017-01-24 08:02:40,540 INFO     Saving network params to trainNN/out/v043-unified:simple-ff-200/epoch-112.pkl
2017-01-24 08:02:49,953 INFO     epoch: 112 took 108.366s (82.682s in batching)
training loss:	0.591532
validation loss:	0.606813
validation error:	0.329130
2017-01-24 08:02:49,960 INFO     Wrote output to trainNN/out/v043-unified:simple-ff-200/config.json
2017-01-24 08:04:29,052 INFO     Saving network params to trainNN/out/v043-unified:simple-ff-200/epoch-113.pkl
2017-01-24 08:04:38,421 INFO     epoch: 113 took 108.468s (82.682s in batching)
training loss:	0.591506
validation loss:	0.609406
validation error:	0.332084
2017-01-24 08:04:38,428 INFO     Wrote output to trainNN/out/v043-unified:simple-ff-200/config.json
2017-01-24 08:06:17,361 INFO     Saving network params to trainNN/out/v043-unified:simple-ff-200/epoch-114.pkl
2017-01-24 08:06:26,733 INFO     epoch: 114 took 108.312s (82.415s in batching)
training loss:	0.591494
validation loss:	0.605006
validation error:	0.328580
2017-01-24 08:06:26,740 INFO     Wrote output to trainNN/out/v043-unified:simple-ff-200/config.json
2017-01-24 08:08:05,619 INFO     Saving network params to trainNN/out/v043-unified:simple-ff-200/epoch-115.pkl
2017-01-24 08:08:14,833 INFO     epoch: 115 took 108.099s (82.530s in batching)
training loss:	0.591319
validation loss:	0.606733
validation error:	0.329418
2017-01-24 08:08:14,839 INFO     Wrote output to trainNN/out/v043-unified:simple-ff-200/config.json
2017-01-24 08:09:52,424 INFO     Saving network params to trainNN/out/v043-unified:simple-ff-200/epoch-116.pkl
2017-01-24 08:10:01,594 INFO     epoch: 116 took 106.761s (82.101s in batching)
training loss:	0.591522
validation loss:	0.610005
validation error:	0.329983
2017-01-24 08:10:01,600 INFO     Wrote output to trainNN/out/v043-unified:simple-ff-200/config.json
2017-01-24 08:11:39,617 INFO     Saving network params to trainNN/out/v043-unified:simple-ff-200/epoch-117.pkl
2017-01-24 08:11:48,887 INFO     epoch: 117 took 107.294s (82.413s in batching)
training loss:	0.591269
validation loss:	0.606231
validation error:	0.329551
2017-01-24 08:11:48,894 INFO     Wrote output to trainNN/out/v043-unified:simple-ff-200/config.json
2017-01-24 08:13:26,768 INFO     Saving network params to trainNN/out/v043-unified:simple-ff-200/epoch-118.pkl
2017-01-24 08:13:36,008 INFO     epoch: 118 took 107.121s (82.342s in batching)
training loss:	0.591428
validation loss:	0.605442
validation error:	0.327965
2017-01-24 08:13:36,015 INFO     Wrote output to trainNN/out/v043-unified:simple-ff-200/config.json
2017-01-24 08:15:13,526 INFO     Saving network params to trainNN/out/v043-unified:simple-ff-200/epoch-119.pkl
2017-01-24 08:15:22,773 INFO     epoch: 119 took 106.765s (81.956s in batching)
training loss:	0.591347
validation loss:	0.609340
validation error:	0.331484
2017-01-24 08:15:22,780 INFO     Wrote output to trainNN/out/v043-unified:simple-ff-200/config.json
2017-01-24 08:17:00,582 INFO     Saving network params to trainNN/out/v043-unified:simple-ff-200/epoch-120.pkl
2017-01-24 08:17:09,833 INFO     epoch: 120 took 107.060s (82.227s in batching)
training loss:	0.591286
validation loss:	0.604760
validation error:	0.326855
2017-01-24 08:17:09,839 INFO     Wrote output to trainNN/out/v043-unified:simple-ff-200/config.json
2017-01-24 08:18:47,862 INFO     Saving network params to trainNN/out/v043-unified:simple-ff-200/epoch-121.pkl
2017-01-24 08:18:57,134 INFO     epoch: 121 took 107.301s (82.292s in batching)
training loss:	0.591287
validation loss:	0.604208
validation error:	0.326206
2017-01-24 08:18:57,140 INFO     Wrote output to trainNN/out/v043-unified:simple-ff-200/config.json
2017-01-24 08:20:34,630 INFO     Saving network params to trainNN/out/v043-unified:simple-ff-200/epoch-122.pkl
2017-01-24 08:20:43,889 INFO     epoch: 122 took 106.755s (81.777s in batching)
training loss:	0.591314
validation loss:	0.608552
validation error:	0.329834
2017-01-24 08:20:43,895 INFO     Wrote output to trainNN/out/v043-unified:simple-ff-200/config.json
2017-01-24 08:22:21,426 INFO     Saving network params to trainNN/out/v043-unified:simple-ff-200/epoch-123.pkl
2017-01-24 08:22:30,654 INFO     epoch: 123 took 106.766s (81.837s in batching)
training loss:	0.591308
validation loss:	0.607584
validation error:	0.325636
2017-01-24 08:22:30,661 INFO     Wrote output to trainNN/out/v043-unified:simple-ff-200/config.json
2017-01-24 08:24:08,628 INFO     Saving network params to trainNN/out/v043-unified:simple-ff-200/epoch-124.pkl
2017-01-24 08:24:17,989 INFO     epoch: 124 took 107.335s (82.145s in batching)
training loss:	0.591129
validation loss:	0.609654
validation error:	0.329155
2017-01-24 08:24:17,996 INFO     Wrote output to trainNN/out/v043-unified:simple-ff-200/config.json
2017-01-24 08:25:55,798 INFO     Saving network params to trainNN/out/v043-unified:simple-ff-200/epoch-125.pkl
2017-01-24 08:26:05,066 INFO     epoch: 125 took 107.077s (81.964s in batching)
training loss:	0.591157
validation loss:	0.609525
validation error:	0.325472
2017-01-24 08:26:05,073 INFO     Wrote output to trainNN/out/v043-unified:simple-ff-200/config.json
2017-01-24 08:27:43,032 INFO     Saving network params to trainNN/out/v043-unified:simple-ff-200/epoch-126.pkl
2017-01-24 08:27:52,313 INFO     epoch: 126 took 107.248s (82.042s in batching)
training loss:	0.591164
validation loss:	0.609877
validation error:	0.331569
2017-01-24 08:27:52,321 INFO     Wrote output to trainNN/out/v043-unified:simple-ff-200/config.json
2017-01-24 08:29:30,923 INFO     Saving network params to trainNN/out/v043-unified:simple-ff-200/epoch-127.pkl
2017-01-24 08:29:40,282 INFO     epoch: 127 took 107.968s (82.663s in batching)
training loss:	0.591072
validation loss:	0.604313
validation error:	0.327628
2017-01-24 08:29:40,289 INFO     Wrote output to trainNN/out/v043-unified:simple-ff-200/config.json
2017-01-24 08:31:18,675 INFO     Saving network params to trainNN/out/v043-unified:simple-ff-200/epoch-128.pkl
2017-01-24 08:31:27,920 INFO     epoch: 128 took 107.639s (82.335s in batching)
training loss:	0.591126
validation loss:	0.607644
validation error:	0.326488
2017-01-24 08:31:27,928 INFO     Wrote output to trainNN/out/v043-unified:simple-ff-200/config.json
2017-01-24 08:33:06,112 INFO     Saving network params to trainNN/out/v043-unified:simple-ff-200/epoch-129.pkl
2017-01-24 08:33:15,393 INFO     epoch: 129 took 107.472s (82.105s in batching)
training loss:	0.591006
validation loss:	0.609953
validation error:	0.331217
2017-01-24 08:33:15,400 INFO     Wrote output to trainNN/out/v043-unified:simple-ff-200/config.json
2017-01-24 08:34:53,694 INFO     Saving network params to trainNN/out/v043-unified:simple-ff-200/epoch-130.pkl
2017-01-24 08:35:02,989 INFO     epoch: 130 took 107.596s (82.183s in batching)
training loss:	0.591054
validation loss:	0.612277
validation error:	0.335737
2017-01-24 08:35:02,996 INFO     Wrote output to trainNN/out/v043-unified:simple-ff-200/config.json
2017-01-24 08:36:41,891 INFO     Saving network params to trainNN/out/v043-unified:simple-ff-200/epoch-131.pkl
2017-01-24 08:36:51,319 INFO     epoch: 131 took 108.331s (82.642s in batching)
training loss:	0.591079
validation loss:	0.609548
validation error:	0.331271
2017-01-24 08:36:51,326 INFO     Wrote output to trainNN/out/v043-unified:simple-ff-200/config.json
2017-01-24 08:38:30,387 INFO     Saving network params to trainNN/out/v043-unified:simple-ff-200/epoch-132.pkl
2017-01-24 08:38:39,826 INFO     epoch: 132 took 108.507s (82.562s in batching)
training loss:	0.590908
validation loss:	0.607485
validation error:	0.331004
2017-01-24 08:38:39,833 INFO     Wrote output to trainNN/out/v043-unified:simple-ff-200/config.json
2017-01-24 08:40:18,989 INFO     Saving network params to trainNN/out/v043-unified:simple-ff-200/epoch-133.pkl
2017-01-24 08:40:28,340 INFO     epoch: 133 took 108.514s (82.758s in batching)
training loss:	0.590936
validation loss:	0.611661
validation error:	0.330776
2017-01-24 08:40:28,348 INFO     Wrote output to trainNN/out/v043-unified:simple-ff-200/config.json
2017-01-24 08:42:07,983 INFO     Saving network params to trainNN/out/v043-unified:simple-ff-200/epoch-134.pkl
2017-01-24 08:42:17,417 INFO     epoch: 134 took 109.077s (82.944s in batching)
training loss:	0.591043
validation loss:	0.606202
validation error:	0.329165
2017-01-24 08:42:17,425 INFO     Wrote output to trainNN/out/v043-unified:simple-ff-200/config.json
2017-01-24 08:43:56,852 INFO     Saving network params to trainNN/out/v043-unified:simple-ff-200/epoch-135.pkl
2017-01-24 08:44:06,382 INFO     epoch: 135 took 108.964s (82.866s in batching)
training loss:	0.590948
validation loss:	0.609854
validation error:	0.330146
2017-01-24 08:44:06,389 INFO     Wrote output to trainNN/out/v043-unified:simple-ff-200/config.json
2017-01-24 08:45:45,257 INFO     Saving network params to trainNN/out/v043-unified:simple-ff-200/epoch-136.pkl
2017-01-24 08:45:54,570 INFO     epoch: 136 took 108.188s (82.496s in batching)
training loss:	0.591020
validation loss:	0.612356
validation error:	0.332233
2017-01-24 08:45:54,577 INFO     Wrote output to trainNN/out/v043-unified:simple-ff-200/config.json
2017-01-24 08:47:34,246 INFO     Saving network params to trainNN/out/v043-unified:simple-ff-200/epoch-137.pkl
2017-01-24 08:47:43,724 INFO     epoch: 137 took 109.154s (83.371s in batching)
training loss:	0.590906
validation loss:	0.604498
validation error:	0.329120
2017-01-24 08:47:43,732 INFO     Wrote output to trainNN/out/v043-unified:simple-ff-200/config.json
2017-01-24 08:49:22,447 INFO     Saving network params to trainNN/out/v043-unified:simple-ff-200/epoch-138.pkl
2017-01-24 08:49:31,753 INFO     epoch: 138 took 108.030s (82.408s in batching)
training loss:	0.590862
validation loss:	0.607261
validation error:	0.331048
2017-01-24 08:49:31,761 INFO     Wrote output to trainNN/out/v043-unified:simple-ff-200/config.json
2017-01-24 08:51:11,268 INFO     Saving network params to trainNN/out/v043-unified:simple-ff-200/epoch-139.pkl
2017-01-24 08:51:20,682 INFO     epoch: 139 took 108.929s (83.134s in batching)
training loss:	0.590971
validation loss:	0.610778
validation error:	0.335603
2017-01-24 08:51:20,690 INFO     Wrote output to trainNN/out/v043-unified:simple-ff-200/config.json
2017-01-24 08:52:59,990 INFO     Saving network params to trainNN/out/v043-unified:simple-ff-200/epoch-140.pkl
2017-01-24 08:53:09,353 INFO     epoch: 140 took 108.671s (82.920s in batching)
training loss:	0.590769
validation loss:	0.607912
validation error:	0.330622
2017-01-24 08:53:09,361 INFO     Wrote output to trainNN/out/v043-unified:simple-ff-200/config.json
2017-01-24 08:54:48,627 INFO     Saving network params to trainNN/out/v043-unified:simple-ff-200/epoch-141.pkl
2017-01-24 08:54:58,009 INFO     epoch: 141 took 108.656s (82.826s in batching)
training loss:	0.590737
validation loss:	0.606148
validation error:	0.330875
2017-01-24 08:54:58,017 INFO     Wrote output to trainNN/out/v043-unified:simple-ff-200/config.json
2017-01-24 08:56:36,958 INFO     Saving network params to trainNN/out/v043-unified:simple-ff-200/epoch-142.pkl
2017-01-24 08:56:46,279 INFO     epoch: 142 took 108.270s (82.647s in batching)
training loss:	0.590713
validation loss:	0.611348
validation error:	0.329085
2017-01-24 08:56:46,287 INFO     Wrote output to trainNN/out/v043-unified:simple-ff-200/config.json
2017-01-24 08:58:25,590 INFO     Saving network params to trainNN/out/v043-unified:simple-ff-200/epoch-143.pkl
2017-01-24 08:58:34,994 INFO     epoch: 143 took 108.715s (82.933s in batching)
training loss:	0.590829
validation loss:	0.605205
validation error:	0.329373
2017-01-24 08:58:35,001 INFO     Wrote output to trainNN/out/v043-unified:simple-ff-200/config.json
2017-01-24 09:00:13,740 INFO     Saving network params to trainNN/out/v043-unified:simple-ff-200/epoch-144.pkl
2017-01-24 09:00:23,179 INFO     epoch: 144 took 108.185s (82.378s in batching)
training loss:	0.590763
validation loss:	0.605440
validation error:	0.325963
2017-01-24 09:00:23,186 INFO     Wrote output to trainNN/out/v043-unified:simple-ff-200/config.json
2017-01-24 09:02:02,336 INFO     Saving network params to trainNN/out/v043-unified:simple-ff-200/epoch-145.pkl
2017-01-24 09:02:11,608 INFO     epoch: 145 took 108.429s (82.726s in batching)
training loss:	0.590679
validation loss:	0.609895
validation error:	0.328436
2017-01-24 09:02:11,616 INFO     Wrote output to trainNN/out/v043-unified:simple-ff-200/config.json
2017-01-24 09:03:50,482 INFO     Saving network params to trainNN/out/v043-unified:simple-ff-200/epoch-146.pkl
2017-01-24 09:03:59,865 INFO     epoch: 146 took 108.257s (82.509s in batching)
training loss:	0.590616
validation loss:	0.605506
validation error:	0.327608
2017-01-24 09:03:59,873 INFO     Wrote output to trainNN/out/v043-unified:simple-ff-200/config.json
2017-01-24 09:05:39,120 INFO     Saving network params to trainNN/out/v043-unified:simple-ff-200/epoch-147.pkl
2017-01-24 09:05:48,554 INFO     epoch: 147 took 108.689s (82.891s in batching)
training loss:	0.590706
validation loss:	0.606699
validation error:	0.326721
2017-01-24 09:05:48,562 INFO     Wrote output to trainNN/out/v043-unified:simple-ff-200/config.json
2017-01-24 09:07:27,578 INFO     Saving network params to trainNN/out/v043-unified:simple-ff-200/epoch-148.pkl
2017-01-24 09:07:36,909 INFO     epoch: 148 took 108.355s (82.643s in batching)
training loss:	0.590641
validation loss:	0.606068
validation error:	0.330320
2017-01-24 09:07:36,917 INFO     Wrote output to trainNN/out/v043-unified:simple-ff-200/config.json
2017-01-24 09:09:16,323 INFO     Saving network params to trainNN/out/v043-unified:simple-ff-200/epoch-149.pkl
2017-01-24 09:09:25,799 INFO     epoch: 149 took 108.890s (82.892s in batching)
training loss:	0.590648
validation loss:	0.613085
validation error:	0.331782
2017-01-24 09:09:25,807 INFO     Wrote output to trainNN/out/v043-unified:simple-ff-200/config.json
2017-01-24 09:11:05,698 INFO     Saving network params to trainNN/out/v043-unified:simple-ff-200/epoch-150.pkl
2017-01-24 09:11:15,198 INFO     epoch: 150 took 109.400s (83.201s in batching)
training loss:	0.590650
validation loss:	0.607964
validation error:	0.328094
2017-01-24 09:11:15,207 INFO     Wrote output to trainNN/out/v043-unified:simple-ff-200/config.json
2017-01-24 09:12:54,936 INFO     Saving network params to trainNN/out/v043-unified:simple-ff-200/epoch-151.pkl
2017-01-24 09:13:04,419 INFO     epoch: 151 took 109.221s (83.041s in batching)
training loss:	0.590514
validation loss:	0.606284
validation error:	0.326731
2017-01-24 09:13:04,427 INFO     Wrote output to trainNN/out/v043-unified:simple-ff-200/config.json
2017-01-24 09:14:44,322 INFO     Saving network params to trainNN/out/v043-unified:simple-ff-200/epoch-152.pkl
2017-01-24 09:14:53,778 INFO     epoch: 152 took 109.359s (83.221s in batching)
training loss:	0.590654
validation loss:	0.611640
validation error:	0.334176
2017-01-24 09:14:53,786 INFO     Wrote output to trainNN/out/v043-unified:simple-ff-200/config.json
2017-01-24 09:16:33,511 INFO     Saving network params to trainNN/out/v043-unified:simple-ff-200/epoch-153.pkl
2017-01-24 09:16:42,927 INFO     epoch: 153 took 109.149s (83.007s in batching)
training loss:	0.590577
validation loss:	0.607571
validation error:	0.331703
2017-01-24 09:16:42,936 INFO     Wrote output to trainNN/out/v043-unified:simple-ff-200/config.json
2017-01-24 09:18:22,551 INFO     Saving network params to trainNN/out/v043-unified:simple-ff-200/epoch-154.pkl
2017-01-24 09:18:31,964 INFO     epoch: 154 took 109.037s (82.917s in batching)
training loss:	0.590590
validation loss:	0.606405
validation error:	0.325631
2017-01-24 09:18:31,972 INFO     Wrote output to trainNN/out/v043-unified:simple-ff-200/config.json
2017-01-24 09:20:11,370 INFO     Saving network params to trainNN/out/v043-unified:simple-ff-200/epoch-155.pkl
2017-01-24 09:20:20,780 INFO     epoch: 155 took 108.816s (82.730s in batching)
training loss:	0.590668
validation loss:	0.608292
validation error:	0.331921
2017-01-24 09:20:20,787 INFO     Wrote output to trainNN/out/v043-unified:simple-ff-200/config.json
2017-01-24 09:22:00,205 INFO     Saving network params to trainNN/out/v043-unified:simple-ff-200/epoch-156.pkl
2017-01-24 09:22:09,611 INFO     epoch: 156 took 108.831s (82.840s in batching)
training loss:	0.590462
validation loss:	0.611582
validation error:	0.330121
2017-01-24 09:22:09,619 INFO     Wrote output to trainNN/out/v043-unified:simple-ff-200/config.json
2017-01-24 09:23:48,357 INFO     Saving network params to trainNN/out/v043-unified:simple-ff-200/epoch-157.pkl
2017-01-24 09:23:57,627 INFO     epoch: 157 took 108.015s (82.371s in batching)
training loss:	0.590556
validation loss:	0.604128
validation error:	0.324089
2017-01-24 09:23:57,635 INFO     Wrote output to trainNN/out/v043-unified:simple-ff-200/config.json
2017-01-24 09:25:36,560 INFO     Saving network params to trainNN/out/v043-unified:simple-ff-200/epoch-158.pkl
2017-01-24 09:25:46,083 INFO     epoch: 158 took 108.456s (82.651s in batching)
training loss:	0.590526
validation loss:	0.621154
validation error:	0.343147
2017-01-24 09:25:46,091 INFO     Wrote output to trainNN/out/v043-unified:simple-ff-200/config.json
2017-01-24 09:27:25,461 INFO     Saving network params to trainNN/out/v043-unified:simple-ff-200/epoch-159.pkl
2017-01-24 09:27:34,697 INFO     epoch: 159 took 108.614s (83.154s in batching)
training loss:	0.590555
validation loss:	0.606075
validation error:	0.327306
2017-01-24 09:27:34,705 INFO     Wrote output to trainNN/out/v043-unified:simple-ff-200/config.json
2017-01-24 09:29:14,159 INFO     Saving network params to trainNN/out/v043-unified:simple-ff-200/epoch-160.pkl
2017-01-24 09:29:23,581 INFO     epoch: 160 took 108.884s (83.106s in batching)
training loss:	0.590361
validation loss:	0.608131
validation error:	0.332986
2017-01-24 09:29:23,589 INFO     Wrote output to trainNN/out/v043-unified:simple-ff-200/config.json
2017-01-24 09:31:02,703 INFO     Saving network params to trainNN/out/v043-unified:simple-ff-200/epoch-161.pkl
2017-01-24 09:31:12,090 INFO     epoch: 161 took 108.509s (82.675s in batching)
training loss:	0.590355
validation loss:	0.604460
validation error:	0.326320
2017-01-24 09:31:12,099 INFO     Wrote output to trainNN/out/v043-unified:simple-ff-200/config.json
2017-01-24 09:32:50,676 INFO     Saving network params to trainNN/out/v043-unified:simple-ff-200/epoch-162.pkl
2017-01-24 09:32:59,906 INFO     epoch: 162 took 107.816s (82.430s in batching)
training loss:	0.590589
validation loss:	0.605383
validation error:	0.327425
2017-01-24 09:32:59,914 INFO     Wrote output to trainNN/out/v043-unified:simple-ff-200/config.json
2017-01-24 09:34:38,704 INFO     Saving network params to trainNN/out/v043-unified:simple-ff-200/epoch-163.pkl
2017-01-24 09:34:48,234 INFO     epoch: 163 took 108.329s (82.529s in batching)
training loss:	0.590404
validation loss:	0.606873
validation error:	0.328119
2017-01-24 09:34:48,243 INFO     Wrote output to trainNN/out/v043-unified:simple-ff-200/config.json
2017-01-24 09:36:27,162 INFO     Saving network params to trainNN/out/v043-unified:simple-ff-200/epoch-164.pkl
2017-01-24 09:36:36,375 INFO     epoch: 164 took 108.141s (82.559s in batching)
training loss:	0.590357
validation loss:	0.608743
validation error:	0.328456
2017-01-24 09:36:36,383 INFO     Wrote output to trainNN/out/v043-unified:simple-ff-200/config.json
2017-01-24 09:38:15,415 INFO     Saving network params to trainNN/out/v043-unified:simple-ff-200/epoch-165.pkl
2017-01-24 09:38:24,828 INFO     epoch: 165 took 108.453s (82.714s in batching)
training loss:	0.590374
validation loss:	0.603862
validation error:	0.326513
2017-01-24 09:38:24,837 INFO     Wrote output to trainNN/out/v043-unified:simple-ff-200/config.json
2017-01-24 09:40:04,116 INFO     Saving network params to trainNN/out/v043-unified:simple-ff-200/epoch-166.pkl
2017-01-24 09:40:13,388 INFO     epoch: 166 took 108.559s (82.658s in batching)
training loss:	0.590449
validation loss:	0.607484
validation error:	0.332015
2017-01-24 09:40:13,396 INFO     Wrote output to trainNN/out/v043-unified:simple-ff-200/config.json
2017-01-24 09:41:51,940 INFO     Saving network params to trainNN/out/v043-unified:simple-ff-200/epoch-167.pkl
2017-01-24 09:42:01,277 INFO     epoch: 167 took 107.889s (82.158s in batching)
training loss:	0.590367
validation loss:	0.606526
validation error:	0.329532
2017-01-24 09:42:01,286 INFO     Wrote output to trainNN/out/v043-unified:simple-ff-200/config.json
2017-01-24 09:43:41,012 INFO     Saving network params to trainNN/out/v043-unified:simple-ff-200/epoch-168.pkl
2017-01-24 09:43:50,321 INFO     epoch: 168 took 109.044s (83.090s in batching)
training loss:	0.590211
validation loss:	0.617231
validation error:	0.337214
2017-01-24 09:43:50,329 INFO     Wrote output to trainNN/out/v043-unified:simple-ff-200/config.json
2017-01-24 09:45:29,588 INFO     Saving network params to trainNN/out/v043-unified:simple-ff-200/epoch-169.pkl
2017-01-24 09:45:38,938 INFO     epoch: 169 took 108.617s (82.787s in batching)
training loss:	0.590196
validation loss:	0.605696
validation error:	0.328183
2017-01-24 09:45:38,946 INFO     Wrote output to trainNN/out/v043-unified:simple-ff-200/config.json
2017-01-24 09:47:18,384 INFO     Saving network params to trainNN/out/v043-unified:simple-ff-200/epoch-170.pkl
2017-01-24 09:47:27,826 INFO     epoch: 170 took 108.889s (82.826s in batching)
training loss:	0.590230
validation loss:	0.604763
validation error:	0.327356
2017-01-24 09:47:27,835 INFO     Wrote output to trainNN/out/v043-unified:simple-ff-200/config.json
2017-01-24 09:49:06,987 INFO     Saving network params to trainNN/out/v043-unified:simple-ff-200/epoch-171.pkl
2017-01-24 09:49:16,405 INFO     epoch: 171 took 108.578s (82.666s in batching)
training loss:	0.590319
validation loss:	0.614480
validation error:	0.329660
2017-01-24 09:49:16,413 INFO     Wrote output to trainNN/out/v043-unified:simple-ff-200/config.json
2017-01-24 09:50:55,721 INFO     Saving network params to trainNN/out/v043-unified:simple-ff-200/epoch-172.pkl
2017-01-24 09:51:05,194 INFO     epoch: 172 took 108.789s (82.703s in batching)
training loss:	0.590293
validation loss:	0.605645
validation error:	0.327524
2017-01-24 09:51:05,203 INFO     Wrote output to trainNN/out/v043-unified:simple-ff-200/config.json
2017-01-24 09:52:44,622 INFO     Saving network params to trainNN/out/v043-unified:simple-ff-200/epoch-173.pkl
2017-01-24 09:52:54,014 INFO     epoch: 173 took 108.820s (82.890s in batching)
training loss:	0.590135
validation loss:	0.608465
validation error:	0.331128
2017-01-24 09:52:54,023 INFO     Wrote output to trainNN/out/v043-unified:simple-ff-200/config.json
2017-01-24 09:54:34,120 INFO     Saving network params to trainNN/out/v043-unified:simple-ff-200/epoch-174.pkl
2017-01-24 09:54:43,664 INFO     epoch: 174 took 109.650s (83.318s in batching)
training loss:	0.590308
validation loss:	0.608350
validation error:	0.329423
2017-01-24 09:54:43,673 INFO     Wrote output to trainNN/out/v043-unified:simple-ff-200/config.json
2017-01-24 09:56:23,047 INFO     Saving network params to trainNN/out/v043-unified:simple-ff-200/epoch-175.pkl
2017-01-24 09:56:32,477 INFO     epoch: 175 took 108.813s (82.827s in batching)
training loss:	0.590256
validation loss:	0.606303
validation error:	0.328491
2017-01-24 09:56:32,486 INFO     Wrote output to trainNN/out/v043-unified:simple-ff-200/config.json
2017-01-24 09:58:12,256 INFO     Saving network params to trainNN/out/v043-unified:simple-ff-200/epoch-176.pkl
2017-01-24 09:58:21,710 INFO     epoch: 176 took 109.233s (83.067s in batching)
training loss:	0.590302
validation loss:	0.606496
validation error:	0.331157
2017-01-24 09:58:21,719 INFO     Wrote output to trainNN/out/v043-unified:simple-ff-200/config.json
2017-01-24 10:00:01,641 INFO     Saving network params to trainNN/out/v043-unified:simple-ff-200/epoch-177.pkl
2017-01-24 10:00:11,034 INFO     epoch: 177 took 109.324s (83.304s in batching)
training loss:	0.590088
validation loss:	0.609471
validation error:	0.330315
2017-01-24 10:00:11,042 INFO     Wrote output to trainNN/out/v043-unified:simple-ff-200/config.json
2017-01-24 10:01:50,962 INFO     Saving network params to trainNN/out/v043-unified:simple-ff-200/epoch-178.pkl
2017-01-24 10:02:00,453 INFO     epoch: 178 took 109.419s (83.408s in batching)
training loss:	0.590103
validation loss:	0.608183
validation error:	0.330022
2017-01-24 10:02:00,462 INFO     Wrote output to trainNN/out/v043-unified:simple-ff-200/config.json
2017-01-24 10:03:40,409 INFO     Saving network params to trainNN/out/v043-unified:simple-ff-200/epoch-179.pkl
2017-01-24 10:03:49,784 INFO     epoch: 179 took 109.331s (83.153s in batching)
training loss:	0.590038
validation loss:	0.605572
validation error:	0.330280
2017-01-24 10:03:49,792 INFO     Wrote output to trainNN/out/v043-unified:simple-ff-200/config.json
2017-01-24 10:05:29,920 INFO     Saving network params to trainNN/out/v043-unified:simple-ff-200/epoch-180.pkl
2017-01-24 10:05:39,400 INFO     epoch: 180 took 109.616s (83.539s in batching)
training loss:	0.590046
validation loss:	0.609818
validation error:	0.329026
2017-01-24 10:05:39,409 INFO     Wrote output to trainNN/out/v043-unified:simple-ff-200/config.json
2017-01-24 10:07:19,711 INFO     Saving network params to trainNN/out/v043-unified:simple-ff-200/epoch-181.pkl
2017-01-24 10:07:29,230 INFO     epoch: 181 took 109.830s (83.651s in batching)
training loss:	0.590072
validation loss:	0.606307
validation error:	0.326245
2017-01-24 10:07:29,239 INFO     Wrote output to trainNN/out/v043-unified:simple-ff-200/config.json
2017-01-24 10:09:09,150 INFO     Saving network params to trainNN/out/v043-unified:simple-ff-200/epoch-182.pkl
2017-01-24 10:09:18,598 INFO     epoch: 182 took 109.367s (83.293s in batching)
training loss:	0.590205
validation loss:	0.605886
validation error:	0.327747
2017-01-24 10:09:18,607 INFO     Wrote output to trainNN/out/v043-unified:simple-ff-200/config.json
2017-01-24 10:10:58,889 INFO     Saving network params to trainNN/out/v043-unified:simple-ff-200/epoch-183.pkl
2017-01-24 10:11:08,358 INFO     epoch: 183 took 109.760s (83.603s in batching)
training loss:	0.590155
validation loss:	0.605586
validation error:	0.328129
2017-01-24 10:11:08,367 INFO     Wrote output to trainNN/out/v043-unified:simple-ff-200/config.json
2017-01-24 10:12:48,257 INFO     Saving network params to trainNN/out/v043-unified:simple-ff-200/epoch-184.pkl
2017-01-24 10:12:57,773 INFO     epoch: 184 took 109.415s (83.114s in batching)
training loss:	0.590062
validation loss:	0.607952
validation error:	0.327762
2017-01-24 10:12:57,782 INFO     Wrote output to trainNN/out/v043-unified:simple-ff-200/config.json
2017-01-24 10:14:37,970 INFO     Saving network params to trainNN/out/v043-unified:simple-ff-200/epoch-185.pkl
2017-01-24 10:14:47,366 INFO     epoch: 185 took 109.593s (83.417s in batching)
training loss:	0.590034
validation loss:	0.609912
validation error:	0.328813
2017-01-24 10:14:47,376 INFO     Wrote output to trainNN/out/v043-unified:simple-ff-200/config.json
2017-01-24 10:16:27,246 INFO     Saving network params to trainNN/out/v043-unified:simple-ff-200/epoch-186.pkl
2017-01-24 10:16:36,688 INFO     epoch: 186 took 109.322s (83.101s in batching)
training loss:	0.589994
validation loss:	0.608408
validation error:	0.329026
2017-01-24 10:16:36,697 INFO     Wrote output to trainNN/out/v043-unified:simple-ff-200/config.json
2017-01-24 10:18:16,279 INFO     Saving network params to trainNN/out/v043-unified:simple-ff-200/epoch-187.pkl
2017-01-24 10:18:25,749 INFO     epoch: 187 took 109.060s (82.917s in batching)
training loss:	0.590011
validation loss:	0.607131
validation error:	0.327514
2017-01-24 10:18:25,758 INFO     Wrote output to trainNN/out/v043-unified:simple-ff-200/config.json
2017-01-24 10:20:06,026 INFO     Saving network params to trainNN/out/v043-unified:simple-ff-200/epoch-188.pkl
2017-01-24 10:20:15,467 INFO     epoch: 188 took 109.719s (83.486s in batching)
training loss:	0.589881
validation loss:	0.607091
validation error:	0.327207
2017-01-24 10:20:15,476 INFO     Wrote output to trainNN/out/v043-unified:simple-ff-200/config.json
2017-01-24 10:21:55,391 INFO     Saving network params to trainNN/out/v043-unified:simple-ff-200/epoch-189.pkl
2017-01-24 10:22:04,795 INFO     epoch: 189 took 109.328s (83.350s in batching)
training loss:	0.589901
validation loss:	0.609715
validation error:	0.330905
2017-01-24 10:22:04,804 INFO     Wrote output to trainNN/out/v043-unified:simple-ff-200/config.json
2017-01-24 10:23:44,457 INFO     Saving network params to trainNN/out/v043-unified:simple-ff-200/epoch-190.pkl
2017-01-24 10:23:53,862 INFO     epoch: 190 took 109.066s (83.038s in batching)
training loss:	0.589997
validation loss:	0.609962
validation error:	0.329809
2017-01-24 10:23:53,871 INFO     Wrote output to trainNN/out/v043-unified:simple-ff-200/config.json
2017-01-24 10:25:33,601 INFO     Saving network params to trainNN/out/v043-unified:simple-ff-200/epoch-191.pkl
2017-01-24 10:25:43,073 INFO     epoch: 191 took 109.212s (83.091s in batching)
training loss:	0.589998
validation loss:	0.606799
validation error:	0.327415
2017-01-24 10:25:43,083 INFO     Wrote output to trainNN/out/v043-unified:simple-ff-200/config.json
2017-01-24 10:27:23,010 INFO     Saving network params to trainNN/out/v043-unified:simple-ff-200/epoch-192.pkl
2017-01-24 10:27:32,484 INFO     epoch: 192 took 109.410s (83.146s in batching)
training loss:	0.589841
validation loss:	0.606599
validation error:	0.326077
2017-01-24 10:27:32,493 INFO     Wrote output to trainNN/out/v043-unified:simple-ff-200/config.json
2017-01-24 10:29:12,433 INFO     Saving network params to trainNN/out/v043-unified:simple-ff-200/epoch-193.pkl
2017-01-24 10:29:21,852 INFO     epoch: 193 took 109.368s (83.205s in batching)
training loss:	0.589952
validation loss:	0.605573
validation error:	0.328322
2017-01-24 10:29:21,862 INFO     Wrote output to trainNN/out/v043-unified:simple-ff-200/config.json
2017-01-24 10:31:01,770 INFO     Saving network params to trainNN/out/v043-unified:simple-ff-200/epoch-194.pkl
2017-01-24 10:31:11,245 INFO     epoch: 194 took 109.393s (83.350s in batching)
training loss:	0.589918
validation loss:	0.606449
validation error:	0.327797
2017-01-24 10:31:11,255 INFO     Wrote output to trainNN/out/v043-unified:simple-ff-200/config.json
2017-01-24 10:32:50,806 INFO     Saving network params to trainNN/out/v043-unified:simple-ff-200/epoch-195.pkl
2017-01-24 10:33:00,175 INFO     epoch: 195 took 108.930s (82.865s in batching)
training loss:	0.589778
validation loss:	0.611048
validation error:	0.330057
2017-01-24 10:33:00,184 INFO     Wrote output to trainNN/out/v043-unified:simple-ff-200/config.json
2017-01-24 10:34:40,363 INFO     Saving network params to trainNN/out/v043-unified:simple-ff-200/epoch-196.pkl
2017-01-24 10:34:49,805 INFO     epoch: 196 took 109.631s (83.476s in batching)
training loss:	0.589926
validation loss:	0.613758
validation error:	0.334052
2017-01-24 10:34:49,815 INFO     Wrote output to trainNN/out/v043-unified:simple-ff-200/config.json
2017-01-24 10:36:30,023 INFO     Saving network params to trainNN/out/v043-unified:simple-ff-200/epoch-197.pkl
2017-01-24 10:36:39,429 INFO     epoch: 197 took 109.623s (83.535s in batching)
training loss:	0.589648
validation loss:	0.605437
validation error:	0.327950
2017-01-24 10:36:39,439 INFO     Wrote output to trainNN/out/v043-unified:simple-ff-200/config.json
2017-01-24 10:38:19,575 INFO     Saving network params to trainNN/out/v043-unified:simple-ff-200/epoch-198.pkl
2017-01-24 10:38:29,013 INFO     epoch: 198 took 109.584s (83.399s in batching)
training loss:	0.589776
validation loss:	0.605825
validation error:	0.327628
2017-01-24 10:38:29,023 INFO     Wrote output to trainNN/out/v043-unified:simple-ff-200/config.json
2017-01-24 10:40:08,752 INFO     Saving network params to trainNN/out/v043-unified:simple-ff-200/epoch-199.pkl
2017-01-24 10:40:18,168 INFO     epoch: 199 took 109.155s (82.917s in batching)
training loss:	0.589801
validation loss:	0.615692
validation error:	0.330235
2017-01-24 10:40:18,178 INFO     Wrote output to trainNN/out/v043-unified:simple-ff-200/config.json
