2017-02-05 23:52:34,735 DEBUG    version=v049-finunified-4-g199b048:lstm-best-context-2000ms
2017-02-05 23:52:34,754 INFO     Open DBase(data/db/all240302-spk.dat, data/db/all240302-spk.idx, mode='r')
2017-02-05 23:52:46,726 DEBUG    extracting and saving data to data/cache/extract-7d0fa1b366adbec680500cc06be95fa168c6ed19e62e5e54ed4e45738cd5ab01.pickle
2017-02-05 23:53:45,998 DEBUG    set input dim to 9
2017-02-05 23:53:45,999 DEBUG    input dim = 9
2017-02-05 23:53:46,012 DEBUG    shuffling batches
2017-02-05 23:53:52,073 DEBUG    shuffling done
2017-02-05 23:53:52,073 DEBUG    loading data into ram
2017-02-05 23:53:52,197 DEBUG    loading data took 0.123s (cpu: 0.123s)
2017-02-05 23:53:52,527 DEBUG    set input dim to 9
2017-02-05 23:53:52,528 DEBUG    input dim = 9
2017-02-05 23:53:52,558 DEBUG    shuffling batches
2017-02-05 23:53:53,153 DEBUG    shuffling done
2017-02-05 23:53:53,153 DEBUG    loading data into ram
2017-02-05 23:53:53,166 DEBUG    loading data took 0.013s (cpu: 0.013s)
2017-02-05 23:53:53,315 DEBUG    Applying L2 regularization with 0.000100
2017-02-05 23:53:53,451 INFO     Training network with 37627 trainable out of 37837 total params.
2017-02-05 23:53:54,869 DEBUG    Using adam with learning_rate=0.001000
2017-02-05 23:54:35,857 DEBUG    Starting training...
2017-02-05 23:56:37,706 INFO     Saving network params to trainNN/out/v049-finunified-4-g199b048:lstm-best-context-2000ms/epoch-000.pkl
2017-02-05 23:56:40,333 INFO     epoch: 0 took 124.475s (0.002s in batching)
training loss:	0.615537
validation loss:	0.580622
validation error:	0.304400
2017-02-05 23:56:40,336 INFO     Wrote output to trainNN/out/v049-finunified-4-g199b048:lstm-best-context-2000ms/config.json
2017-02-05 23:58:41,484 INFO     Saving network params to trainNN/out/v049-finunified-4-g199b048:lstm-best-context-2000ms/epoch-001.pkl
2017-02-05 23:58:44,111 INFO     epoch: 1 took 123.778s (0.001s in batching)
training loss:	0.586328
validation loss:	0.568513
validation error:	0.293500
2017-02-05 23:58:44,114 INFO     Wrote output to trainNN/out/v049-finunified-4-g199b048:lstm-best-context-2000ms/config.json
2017-02-06 00:00:45,163 INFO     Saving network params to trainNN/out/v049-finunified-4-g199b048:lstm-best-context-2000ms/epoch-002.pkl
2017-02-06 00:00:47,765 INFO     epoch: 2 took 123.654s (0.001s in batching)
training loss:	0.576967
validation loss:	0.556738
validation error:	0.281600
2017-02-06 00:00:47,768 INFO     Wrote output to trainNN/out/v049-finunified-4-g199b048:lstm-best-context-2000ms/config.json
2017-02-06 00:02:49,460 INFO     Saving network params to trainNN/out/v049-finunified-4-g199b048:lstm-best-context-2000ms/epoch-003.pkl
2017-02-06 00:02:52,051 INFO     epoch: 3 took 124.285s (0.001s in batching)
training loss:	0.570049
validation loss:	0.554670
validation error:	0.279200
2017-02-06 00:02:52,053 INFO     Wrote output to trainNN/out/v049-finunified-4-g199b048:lstm-best-context-2000ms/config.json
2017-02-06 00:04:53,929 INFO     Saving network params to trainNN/out/v049-finunified-4-g199b048:lstm-best-context-2000ms/epoch-004.pkl
2017-02-06 00:04:56,533 INFO     epoch: 4 took 124.482s (0.001s in batching)
training loss:	0.565548
validation loss:	0.550293
validation error:	0.277500
2017-02-06 00:04:56,535 INFO     Wrote output to trainNN/out/v049-finunified-4-g199b048:lstm-best-context-2000ms/config.json
2017-02-06 00:06:57,822 INFO     Saving network params to trainNN/out/v049-finunified-4-g199b048:lstm-best-context-2000ms/epoch-005.pkl
2017-02-06 00:07:00,396 INFO     epoch: 5 took 123.863s (0.001s in batching)
training loss:	0.561581
validation loss:	0.547233
validation error:	0.275000
2017-02-06 00:07:00,399 INFO     Wrote output to trainNN/out/v049-finunified-4-g199b048:lstm-best-context-2000ms/config.json
2017-02-06 00:09:01,635 INFO     Saving network params to trainNN/out/v049-finunified-4-g199b048:lstm-best-context-2000ms/epoch-006.pkl
2017-02-06 00:09:04,241 INFO     epoch: 6 took 123.845s (0.001s in batching)
training loss:	0.558172
validation loss:	0.544442
validation error:	0.271700
2017-02-06 00:09:04,244 INFO     Wrote output to trainNN/out/v049-finunified-4-g199b048:lstm-best-context-2000ms/config.json
2017-02-06 00:11:05,243 INFO     Saving network params to trainNN/out/v049-finunified-4-g199b048:lstm-best-context-2000ms/epoch-007.pkl
2017-02-06 00:11:07,867 INFO     epoch: 7 took 123.627s (0.001s in batching)
training loss:	0.555374
validation loss:	0.538865
validation error:	0.268300
2017-02-06 00:11:07,870 INFO     Wrote output to trainNN/out/v049-finunified-4-g199b048:lstm-best-context-2000ms/config.json
2017-02-06 00:13:08,559 INFO     Saving network params to trainNN/out/v049-finunified-4-g199b048:lstm-best-context-2000ms/epoch-008.pkl
2017-02-06 00:13:11,185 INFO     epoch: 8 took 123.317s (0.001s in batching)
training loss:	0.553382
validation loss:	0.541086
validation error:	0.268800
2017-02-06 00:13:11,188 INFO     Wrote output to trainNN/out/v049-finunified-4-g199b048:lstm-best-context-2000ms/config.json
2017-02-06 00:15:12,443 INFO     Saving network params to trainNN/out/v049-finunified-4-g199b048:lstm-best-context-2000ms/epoch-009.pkl
2017-02-06 00:15:15,089 INFO     epoch: 9 took 123.904s (0.001s in batching)
training loss:	0.551691
validation loss:	0.536382
validation error:	0.266700
2017-02-06 00:15:15,091 INFO     Wrote output to trainNN/out/v049-finunified-4-g199b048:lstm-best-context-2000ms/config.json
2017-02-06 00:17:16,815 INFO     Saving network params to trainNN/out/v049-finunified-4-g199b048:lstm-best-context-2000ms/epoch-010.pkl
2017-02-06 00:17:19,405 INFO     epoch: 10 took 124.316s (0.001s in batching)
training loss:	0.550847
validation loss:	0.540037
validation error:	0.265800
2017-02-06 00:17:19,408 INFO     Wrote output to trainNN/out/v049-finunified-4-g199b048:lstm-best-context-2000ms/config.json
2017-02-06 00:19:20,768 INFO     Saving network params to trainNN/out/v049-finunified-4-g199b048:lstm-best-context-2000ms/epoch-011.pkl
2017-02-06 00:19:23,375 INFO     epoch: 11 took 123.970s (0.002s in batching)
training loss:	0.548662
validation loss:	0.535877
validation error:	0.267000
2017-02-06 00:19:23,377 INFO     Wrote output to trainNN/out/v049-finunified-4-g199b048:lstm-best-context-2000ms/config.json
2017-02-06 00:21:25,068 INFO     Saving network params to trainNN/out/v049-finunified-4-g199b048:lstm-best-context-2000ms/epoch-012.pkl
2017-02-06 00:21:27,699 INFO     epoch: 12 took 124.324s (0.001s in batching)
training loss:	0.547592
validation loss:	0.535722
validation error:	0.265900
2017-02-06 00:21:27,702 INFO     Wrote output to trainNN/out/v049-finunified-4-g199b048:lstm-best-context-2000ms/config.json
2017-02-06 00:23:29,345 INFO     Saving network params to trainNN/out/v049-finunified-4-g199b048:lstm-best-context-2000ms/epoch-013.pkl
2017-02-06 00:23:32,018 INFO     epoch: 13 took 124.319s (0.002s in batching)
training loss:	0.545119
validation loss:	0.531985
validation error:	0.265300
2017-02-06 00:23:32,021 INFO     Wrote output to trainNN/out/v049-finunified-4-g199b048:lstm-best-context-2000ms/config.json
2017-02-06 00:25:20,723 INFO     Saving network params to trainNN/out/v049-finunified-4-g199b048:lstm-best-context-2000ms/epoch-014.pkl
2017-02-06 00:25:22,957 INFO     epoch: 14 took 110.939s (0.001s in batching)
training loss:	0.545148
validation loss:	0.532686
validation error:	0.265500
2017-02-06 00:25:22,960 INFO     Wrote output to trainNN/out/v049-finunified-4-g199b048:lstm-best-context-2000ms/config.json
2017-02-06 00:27:23,963 INFO     Saving network params to trainNN/out/v049-finunified-4-g199b048:lstm-best-context-2000ms/epoch-015.pkl
2017-02-06 00:27:26,656 INFO     epoch: 15 took 123.699s (0.001s in batching)
training loss:	0.544199
validation loss:	0.531957
validation error:	0.263700
2017-02-06 00:27:26,659 INFO     Wrote output to trainNN/out/v049-finunified-4-g199b048:lstm-best-context-2000ms/config.json
2017-02-06 00:29:32,155 INFO     Saving network params to trainNN/out/v049-finunified-4-g199b048:lstm-best-context-2000ms/epoch-016.pkl
2017-02-06 00:29:34,869 INFO     epoch: 16 took 128.214s (0.001s in batching)
training loss:	0.543024
validation loss:	0.532076
validation error:	0.262400
2017-02-06 00:29:34,873 INFO     Wrote output to trainNN/out/v049-finunified-4-g199b048:lstm-best-context-2000ms/config.json
2017-02-06 00:31:39,259 INFO     Saving network params to trainNN/out/v049-finunified-4-g199b048:lstm-best-context-2000ms/epoch-017.pkl
2017-02-06 00:31:42,105 INFO     epoch: 17 took 127.236s (0.001s in batching)
training loss:	0.542669
validation loss:	0.529797
validation error:	0.261600
2017-02-06 00:31:42,108 INFO     Wrote output to trainNN/out/v049-finunified-4-g199b048:lstm-best-context-2000ms/config.json
2017-02-06 00:33:49,360 INFO     Saving network params to trainNN/out/v049-finunified-4-g199b048:lstm-best-context-2000ms/epoch-018.pkl
2017-02-06 00:33:52,207 INFO     epoch: 18 took 130.101s (0.001s in batching)
training loss:	0.540911
validation loss:	0.529599
validation error:	0.263100
2017-02-06 00:33:52,210 INFO     Wrote output to trainNN/out/v049-finunified-4-g199b048:lstm-best-context-2000ms/config.json
2017-02-06 00:35:59,399 INFO     Saving network params to trainNN/out/v049-finunified-4-g199b048:lstm-best-context-2000ms/epoch-019.pkl
2017-02-06 00:36:02,248 INFO     epoch: 19 took 130.041s (0.001s in batching)
training loss:	0.538730
validation loss:	0.527946
validation error:	0.260800
2017-02-06 00:36:02,252 INFO     Wrote output to trainNN/out/v049-finunified-4-g199b048:lstm-best-context-2000ms/config.json
2017-02-06 00:38:09,745 INFO     Saving network params to trainNN/out/v049-finunified-4-g199b048:lstm-best-context-2000ms/epoch-020.pkl
2017-02-06 00:38:12,554 INFO     epoch: 20 took 130.306s (0.002s in batching)
training loss:	0.537592
validation loss:	0.526367
validation error:	0.259800
2017-02-06 00:38:12,558 INFO     Wrote output to trainNN/out/v049-finunified-4-g199b048:lstm-best-context-2000ms/config.json
2017-02-06 00:40:20,320 INFO     Saving network params to trainNN/out/v049-finunified-4-g199b048:lstm-best-context-2000ms/epoch-021.pkl
2017-02-06 00:40:23,220 INFO     epoch: 21 took 130.666s (0.001s in batching)
training loss:	0.537070
validation loss:	0.528668
validation error:	0.261400
2017-02-06 00:40:23,223 INFO     Wrote output to trainNN/out/v049-finunified-4-g199b048:lstm-best-context-2000ms/config.json
2017-02-06 00:42:30,896 INFO     Saving network params to trainNN/out/v049-finunified-4-g199b048:lstm-best-context-2000ms/epoch-022.pkl
2017-02-06 00:42:33,503 INFO     epoch: 22 took 130.283s (0.001s in batching)
training loss:	0.536037
validation loss:	0.525370
validation error:	0.261900
2017-02-06 00:42:33,507 INFO     Wrote output to trainNN/out/v049-finunified-4-g199b048:lstm-best-context-2000ms/config.json
2017-02-06 00:44:41,828 INFO     Saving network params to trainNN/out/v049-finunified-4-g199b048:lstm-best-context-2000ms/epoch-023.pkl
2017-02-06 00:44:44,482 INFO     epoch: 23 took 130.980s (0.002s in batching)
training loss:	0.535129
validation loss:	0.528244
validation error:	0.260900
2017-02-06 00:44:44,486 INFO     Wrote output to trainNN/out/v049-finunified-4-g199b048:lstm-best-context-2000ms/config.json
2017-02-06 00:46:51,727 INFO     Saving network params to trainNN/out/v049-finunified-4-g199b048:lstm-best-context-2000ms/epoch-024.pkl
2017-02-06 00:46:54,301 INFO     epoch: 24 took 129.819s (0.001s in batching)
training loss:	0.533074
validation loss:	0.532341
validation error:	0.262200
2017-02-06 00:46:54,304 INFO     Wrote output to trainNN/out/v049-finunified-4-g199b048:lstm-best-context-2000ms/config.json
2017-02-06 00:49:02,464 INFO     Saving network params to trainNN/out/v049-finunified-4-g199b048:lstm-best-context-2000ms/epoch-025.pkl
2017-02-06 00:49:05,272 INFO     epoch: 25 took 130.971s (0.001s in batching)
training loss:	0.533234
validation loss:	0.525058
validation error:	0.256800
2017-02-06 00:49:05,276 INFO     Wrote output to trainNN/out/v049-finunified-4-g199b048:lstm-best-context-2000ms/config.json
2017-02-06 00:51:12,799 INFO     Saving network params to trainNN/out/v049-finunified-4-g199b048:lstm-best-context-2000ms/epoch-026.pkl
2017-02-06 00:51:15,605 INFO     epoch: 26 took 130.332s (0.001s in batching)
training loss:	0.531300
validation loss:	0.520411
validation error:	0.255700
2017-02-06 00:51:15,608 INFO     Wrote output to trainNN/out/v049-finunified-4-g199b048:lstm-best-context-2000ms/config.json
2017-02-06 00:53:23,587 INFO     Saving network params to trainNN/out/v049-finunified-4-g199b048:lstm-best-context-2000ms/epoch-027.pkl
2017-02-06 00:53:26,065 INFO     epoch: 27 took 130.460s (0.001s in batching)
training loss:	0.530737
validation loss:	0.522923
validation error:	0.258700
2017-02-06 00:53:26,069 INFO     Wrote output to trainNN/out/v049-finunified-4-g199b048:lstm-best-context-2000ms/config.json
2017-02-06 00:55:33,915 INFO     Saving network params to trainNN/out/v049-finunified-4-g199b048:lstm-best-context-2000ms/epoch-028.pkl
2017-02-06 00:55:36,603 INFO     epoch: 28 took 130.539s (0.001s in batching)
training loss:	0.530349
validation loss:	0.521862
validation error:	0.257500
2017-02-06 00:55:36,608 INFO     Wrote output to trainNN/out/v049-finunified-4-g199b048:lstm-best-context-2000ms/config.json
2017-02-06 00:57:44,333 INFO     Saving network params to trainNN/out/v049-finunified-4-g199b048:lstm-best-context-2000ms/epoch-029.pkl
2017-02-06 00:57:46,986 INFO     epoch: 29 took 130.382s (0.001s in batching)
training loss:	0.529195
validation loss:	0.519330
validation error:	0.253800
2017-02-06 00:57:46,990 INFO     Wrote output to trainNN/out/v049-finunified-4-g199b048:lstm-best-context-2000ms/config.json
2017-02-06 00:59:54,335 INFO     Saving network params to trainNN/out/v049-finunified-4-g199b048:lstm-best-context-2000ms/epoch-030.pkl
2017-02-06 00:59:57,114 INFO     epoch: 30 took 130.128s (0.001s in batching)
training loss:	0.528394
validation loss:	0.516924
validation error:	0.253800
2017-02-06 00:59:57,118 INFO     Wrote output to trainNN/out/v049-finunified-4-g199b048:lstm-best-context-2000ms/config.json
2017-02-06 01:02:05,315 INFO     Saving network params to trainNN/out/v049-finunified-4-g199b048:lstm-best-context-2000ms/epoch-031.pkl
2017-02-06 01:02:07,849 INFO     epoch: 31 took 130.735s (0.001s in batching)
training loss:	0.527612
validation loss:	0.518179
validation error:	0.252700
2017-02-06 01:02:07,853 INFO     Wrote output to trainNN/out/v049-finunified-4-g199b048:lstm-best-context-2000ms/config.json
2017-02-06 01:04:15,906 INFO     Saving network params to trainNN/out/v049-finunified-4-g199b048:lstm-best-context-2000ms/epoch-032.pkl
2017-02-06 01:04:18,597 INFO     epoch: 32 took 130.748s (0.001s in batching)
training loss:	0.527042
validation loss:	0.517138
validation error:	0.255600
2017-02-06 01:04:18,601 INFO     Wrote output to trainNN/out/v049-finunified-4-g199b048:lstm-best-context-2000ms/config.json
2017-02-06 01:06:26,101 INFO     Saving network params to trainNN/out/v049-finunified-4-g199b048:lstm-best-context-2000ms/epoch-033.pkl
2017-02-06 01:06:28,885 INFO     epoch: 33 took 130.288s (0.001s in batching)
training loss:	0.526799
validation loss:	0.515491
validation error:	0.253300
2017-02-06 01:06:28,890 INFO     Wrote output to trainNN/out/v049-finunified-4-g199b048:lstm-best-context-2000ms/config.json
2017-02-06 01:08:36,702 INFO     Saving network params to trainNN/out/v049-finunified-4-g199b048:lstm-best-context-2000ms/epoch-034.pkl
2017-02-06 01:08:39,462 INFO     epoch: 34 took 130.577s (0.002s in batching)
training loss:	0.525913
validation loss:	0.515915
validation error:	0.250700
2017-02-06 01:08:39,466 INFO     Wrote output to trainNN/out/v049-finunified-4-g199b048:lstm-best-context-2000ms/config.json
2017-02-06 01:10:47,077 INFO     Saving network params to trainNN/out/v049-finunified-4-g199b048:lstm-best-context-2000ms/epoch-035.pkl
2017-02-06 01:10:49,902 INFO     epoch: 35 took 130.440s (0.001s in batching)
training loss:	0.525582
validation loss:	0.517239
validation error:	0.253000
2017-02-06 01:10:49,907 INFO     Wrote output to trainNN/out/v049-finunified-4-g199b048:lstm-best-context-2000ms/config.json
2017-02-06 01:12:57,553 INFO     Saving network params to trainNN/out/v049-finunified-4-g199b048:lstm-best-context-2000ms/epoch-036.pkl
2017-02-06 01:13:00,330 INFO     epoch: 36 took 130.428s (0.001s in batching)
training loss:	0.525008
validation loss:	0.520481
validation error:	0.261400
2017-02-06 01:13:00,334 INFO     Wrote output to trainNN/out/v049-finunified-4-g199b048:lstm-best-context-2000ms/config.json
2017-02-06 01:15:08,575 INFO     Saving network params to trainNN/out/v049-finunified-4-g199b048:lstm-best-context-2000ms/epoch-037.pkl
2017-02-06 01:15:11,150 INFO     epoch: 37 took 130.820s (0.001s in batching)
training loss:	0.524784
validation loss:	0.517357
validation error:	0.252800
2017-02-06 01:15:11,154 INFO     Wrote output to trainNN/out/v049-finunified-4-g199b048:lstm-best-context-2000ms/config.json
2017-02-06 01:17:19,018 INFO     Saving network params to trainNN/out/v049-finunified-4-g199b048:lstm-best-context-2000ms/epoch-038.pkl
2017-02-06 01:17:21,898 INFO     epoch: 38 took 130.749s (0.001s in batching)
training loss:	0.524042
validation loss:	0.515880
validation error:	0.253200
2017-02-06 01:17:21,903 INFO     Wrote output to trainNN/out/v049-finunified-4-g199b048:lstm-best-context-2000ms/config.json
2017-02-06 01:19:30,027 INFO     Saving network params to trainNN/out/v049-finunified-4-g199b048:lstm-best-context-2000ms/epoch-039.pkl
2017-02-06 01:19:32,569 INFO     epoch: 39 took 130.670s (0.002s in batching)
training loss:	0.523284
validation loss:	0.512693
validation error:	0.249200
2017-02-06 01:19:32,573 INFO     Wrote output to trainNN/out/v049-finunified-4-g199b048:lstm-best-context-2000ms/config.json
2017-02-06 01:21:41,235 INFO     Saving network params to trainNN/out/v049-finunified-4-g199b048:lstm-best-context-2000ms/epoch-040.pkl
2017-02-06 01:21:44,235 INFO     epoch: 40 took 131.667s (0.002s in batching)
training loss:	0.522627
validation loss:	0.513214
validation error:	0.251600
2017-02-06 01:21:44,240 INFO     Wrote output to trainNN/out/v049-finunified-4-g199b048:lstm-best-context-2000ms/config.json
2017-02-06 01:23:56,072 INFO     Saving network params to trainNN/out/v049-finunified-4-g199b048:lstm-best-context-2000ms/epoch-041.pkl
2017-02-06 01:23:58,474 INFO     epoch: 41 took 134.239s (0.001s in batching)
training loss:	0.523182
validation loss:	0.520441
validation error:	0.257100
2017-02-06 01:23:58,479 INFO     Wrote output to trainNN/out/v049-finunified-4-g199b048:lstm-best-context-2000ms/config.json
2017-02-06 01:26:10,111 INFO     Saving network params to trainNN/out/v049-finunified-4-g199b048:lstm-best-context-2000ms/epoch-042.pkl
2017-02-06 01:26:12,952 INFO     epoch: 42 took 134.477s (0.002s in batching)
training loss:	0.521467
validation loss:	0.518388
validation error:	0.252700
2017-02-06 01:26:12,956 INFO     Wrote output to trainNN/out/v049-finunified-4-g199b048:lstm-best-context-2000ms/config.json
2017-02-06 01:28:23,955 INFO     Saving network params to trainNN/out/v049-finunified-4-g199b048:lstm-best-context-2000ms/epoch-043.pkl
2017-02-06 01:28:26,977 INFO     epoch: 43 took 134.025s (0.002s in batching)
training loss:	0.521774
validation loss:	0.513910
validation error:	0.253300
2017-02-06 01:28:26,982 INFO     Wrote output to trainNN/out/v049-finunified-4-g199b048:lstm-best-context-2000ms/config.json
2017-02-06 01:30:38,647 INFO     Saving network params to trainNN/out/v049-finunified-4-g199b048:lstm-best-context-2000ms/epoch-044.pkl
2017-02-06 01:30:41,441 INFO     epoch: 44 took 134.464s (0.001s in batching)
training loss:	0.521375
validation loss:	0.510845
validation error:	0.251900
2017-02-06 01:30:41,446 INFO     Wrote output to trainNN/out/v049-finunified-4-g199b048:lstm-best-context-2000ms/config.json
2017-02-06 01:32:53,176 INFO     Saving network params to trainNN/out/v049-finunified-4-g199b048:lstm-best-context-2000ms/epoch-045.pkl
2017-02-06 01:32:56,090 INFO     epoch: 45 took 134.649s (0.002s in batching)
training loss:	0.520219
validation loss:	0.514833
validation error:	0.252300
2017-02-06 01:32:56,095 INFO     Wrote output to trainNN/out/v049-finunified-4-g199b048:lstm-best-context-2000ms/config.json
2017-02-06 01:35:07,459 INFO     Saving network params to trainNN/out/v049-finunified-4-g199b048:lstm-best-context-2000ms/epoch-046.pkl
2017-02-06 01:35:09,846 INFO     epoch: 46 took 133.755s (0.001s in batching)
training loss:	0.520519
validation loss:	0.513225
validation error:	0.251100
2017-02-06 01:35:09,850 INFO     Wrote output to trainNN/out/v049-finunified-4-g199b048:lstm-best-context-2000ms/config.json
2017-02-06 01:37:21,118 INFO     Saving network params to trainNN/out/v049-finunified-4-g199b048:lstm-best-context-2000ms/epoch-047.pkl
2017-02-06 01:37:24,150 INFO     epoch: 47 took 134.304s (0.001s in batching)
training loss:	0.519195
validation loss:	0.513454
validation error:	0.252100
2017-02-06 01:37:24,155 INFO     Wrote output to trainNN/out/v049-finunified-4-g199b048:lstm-best-context-2000ms/config.json
2017-02-06 01:39:35,970 INFO     Saving network params to trainNN/out/v049-finunified-4-g199b048:lstm-best-context-2000ms/epoch-048.pkl
2017-02-06 01:39:38,956 INFO     epoch: 48 took 134.807s (0.002s in batching)
training loss:	0.519478
validation loss:	0.513068
validation error:	0.251700
2017-02-06 01:39:38,963 INFO     Wrote output to trainNN/out/v049-finunified-4-g199b048:lstm-best-context-2000ms/config.json
2017-02-06 01:41:49,810 INFO     Saving network params to trainNN/out/v049-finunified-4-g199b048:lstm-best-context-2000ms/epoch-049.pkl
2017-02-06 01:41:52,687 INFO     epoch: 49 took 133.730s (0.001s in batching)
training loss:	0.518960
validation loss:	0.510419
validation error:	0.249200
2017-02-06 01:41:52,691 INFO     Wrote output to trainNN/out/v049-finunified-4-g199b048:lstm-best-context-2000ms/config.json
2017-02-06 01:44:07,146 INFO     Saving network params to trainNN/out/v049-finunified-4-g199b048:lstm-best-context-2000ms/epoch-050.pkl
2017-02-06 01:44:10,314 INFO     epoch: 50 took 137.628s (0.001s in batching)
training loss:	0.519058
validation loss:	0.512246
validation error:	0.251600
2017-02-06 01:44:10,319 INFO     Wrote output to trainNN/out/v049-finunified-4-g199b048:lstm-best-context-2000ms/config.json
2017-02-06 01:46:25,674 INFO     Saving network params to trainNN/out/v049-finunified-4-g199b048:lstm-best-context-2000ms/epoch-051.pkl
2017-02-06 01:46:28,437 INFO     epoch: 51 took 138.123s (0.001s in batching)
training loss:	0.518192
validation loss:	0.511623
validation error:	0.248500
2017-02-06 01:46:28,442 INFO     Wrote output to trainNN/out/v049-finunified-4-g199b048:lstm-best-context-2000ms/config.json
2017-02-06 01:48:42,403 INFO     Saving network params to trainNN/out/v049-finunified-4-g199b048:lstm-best-context-2000ms/epoch-052.pkl
2017-02-06 01:48:45,306 INFO     epoch: 52 took 136.869s (0.001s in batching)
training loss:	0.517454
validation loss:	0.509146
validation error:	0.248500
2017-02-06 01:48:45,311 INFO     Wrote output to trainNN/out/v049-finunified-4-g199b048:lstm-best-context-2000ms/config.json
2017-02-06 01:51:00,400 INFO     Saving network params to trainNN/out/v049-finunified-4-g199b048:lstm-best-context-2000ms/epoch-053.pkl
2017-02-06 01:51:03,087 INFO     epoch: 53 took 137.781s (0.002s in batching)
training loss:	0.517540
validation loss:	0.514877
validation error:	0.250000
2017-02-06 01:51:03,095 INFO     Wrote output to trainNN/out/v049-finunified-4-g199b048:lstm-best-context-2000ms/config.json
2017-02-06 01:53:18,454 INFO     Saving network params to trainNN/out/v049-finunified-4-g199b048:lstm-best-context-2000ms/epoch-054.pkl
2017-02-06 01:53:21,200 INFO     epoch: 54 took 138.113s (0.002s in batching)
training loss:	0.517318
validation loss:	0.512140
validation error:	0.249500
2017-02-06 01:53:21,204 INFO     Wrote output to trainNN/out/v049-finunified-4-g199b048:lstm-best-context-2000ms/config.json
2017-02-06 01:55:36,500 INFO     Saving network params to trainNN/out/v049-finunified-4-g199b048:lstm-best-context-2000ms/epoch-055.pkl
2017-02-06 01:55:39,358 INFO     epoch: 55 took 138.158s (0.002s in batching)
training loss:	0.517105
validation loss:	0.513200
validation error:	0.249100
2017-02-06 01:55:39,363 INFO     Wrote output to trainNN/out/v049-finunified-4-g199b048:lstm-best-context-2000ms/config.json
2017-02-06 01:57:54,198 INFO     Saving network params to trainNN/out/v049-finunified-4-g199b048:lstm-best-context-2000ms/epoch-056.pkl
2017-02-06 01:57:57,099 INFO     epoch: 56 took 137.741s (0.001s in batching)
training loss:	0.516994
validation loss:	0.510734
validation error:	0.249200
2017-02-06 01:57:57,104 INFO     Wrote output to trainNN/out/v049-finunified-4-g199b048:lstm-best-context-2000ms/config.json
2017-02-06 02:00:13,111 INFO     Saving network params to trainNN/out/v049-finunified-4-g199b048:lstm-best-context-2000ms/epoch-057.pkl
2017-02-06 02:00:15,620 INFO     epoch: 57 took 138.521s (0.002s in batching)
training loss:	0.515991
validation loss:	0.508221
validation error:	0.246800
2017-02-06 02:00:15,625 INFO     Wrote output to trainNN/out/v049-finunified-4-g199b048:lstm-best-context-2000ms/config.json
2017-02-06 02:02:30,311 INFO     Saving network params to trainNN/out/v049-finunified-4-g199b048:lstm-best-context-2000ms/epoch-058.pkl
2017-02-06 02:02:33,453 INFO     epoch: 58 took 137.833s (0.001s in batching)
training loss:	0.516092
validation loss:	0.512564
validation error:	0.250100
2017-02-06 02:02:33,459 INFO     Wrote output to trainNN/out/v049-finunified-4-g199b048:lstm-best-context-2000ms/config.json
2017-02-06 02:04:47,991 INFO     Saving network params to trainNN/out/v049-finunified-4-g199b048:lstm-best-context-2000ms/epoch-059.pkl
2017-02-06 02:04:50,740 INFO     epoch: 59 took 137.287s (0.001s in batching)
training loss:	0.515755
validation loss:	0.509856
validation error:	0.249300
2017-02-06 02:04:50,745 INFO     Wrote output to trainNN/out/v049-finunified-4-g199b048:lstm-best-context-2000ms/config.json
2017-02-06 02:07:05,931 INFO     Saving network params to trainNN/out/v049-finunified-4-g199b048:lstm-best-context-2000ms/epoch-060.pkl
2017-02-06 02:07:08,959 INFO     epoch: 60 took 138.219s (0.001s in batching)
training loss:	0.515611
validation loss:	0.509780
validation error:	0.249600
2017-02-06 02:07:08,964 INFO     Wrote output to trainNN/out/v049-finunified-4-g199b048:lstm-best-context-2000ms/config.json
2017-02-06 02:09:28,506 INFO     Saving network params to trainNN/out/v049-finunified-4-g199b048:lstm-best-context-2000ms/epoch-061.pkl
2017-02-06 02:09:30,974 INFO     epoch: 61 took 142.015s (0.002s in batching)
training loss:	0.514705
validation loss:	0.509492
validation error:	0.245400
2017-02-06 02:09:30,979 INFO     Wrote output to trainNN/out/v049-finunified-4-g199b048:lstm-best-context-2000ms/config.json
2017-02-06 02:11:53,672 INFO     Saving network params to trainNN/out/v049-finunified-4-g199b048:lstm-best-context-2000ms/epoch-062.pkl
2017-02-06 02:11:56,822 INFO     epoch: 62 took 145.848s (0.002s in batching)
training loss:	0.514879
validation loss:	0.507247
validation error:	0.247900
2017-02-06 02:11:56,828 INFO     Wrote output to trainNN/out/v049-finunified-4-g199b048:lstm-best-context-2000ms/config.json
2017-02-06 02:14:19,403 INFO     Saving network params to trainNN/out/v049-finunified-4-g199b048:lstm-best-context-2000ms/epoch-063.pkl
2017-02-06 02:14:22,256 INFO     epoch: 63 took 145.434s (0.002s in batching)
training loss:	0.515047
validation loss:	0.511526
validation error:	0.247600
2017-02-06 02:14:22,262 INFO     Wrote output to trainNN/out/v049-finunified-4-g199b048:lstm-best-context-2000ms/config.json
2017-02-06 02:16:45,811 INFO     Saving network params to trainNN/out/v049-finunified-4-g199b048:lstm-best-context-2000ms/epoch-064.pkl
2017-02-06 02:16:48,691 INFO     epoch: 64 took 146.435s (0.002s in batching)
training loss:	0.515228
validation loss:	0.509871
validation error:	0.246900
2017-02-06 02:16:48,698 INFO     Wrote output to trainNN/out/v049-finunified-4-g199b048:lstm-best-context-2000ms/config.json
2017-02-06 02:19:11,582 INFO     Saving network params to trainNN/out/v049-finunified-4-g199b048:lstm-best-context-2000ms/epoch-065.pkl
2017-02-06 02:19:14,355 INFO     epoch: 65 took 145.664s (0.002s in batching)
training loss:	0.513444
validation loss:	0.514767
validation error:	0.253900
2017-02-06 02:19:14,360 INFO     Wrote output to trainNN/out/v049-finunified-4-g199b048:lstm-best-context-2000ms/config.json
2017-02-06 02:21:37,463 INFO     Saving network params to trainNN/out/v049-finunified-4-g199b048:lstm-best-context-2000ms/epoch-066.pkl
2017-02-06 02:21:40,686 INFO     epoch: 66 took 146.331s (0.002s in batching)
training loss:	0.513913
validation loss:	0.509285
validation error:	0.247300
2017-02-06 02:21:40,691 INFO     Wrote output to trainNN/out/v049-finunified-4-g199b048:lstm-best-context-2000ms/config.json
2017-02-06 02:24:04,116 INFO     Saving network params to trainNN/out/v049-finunified-4-g199b048:lstm-best-context-2000ms/epoch-067.pkl
2017-02-06 02:24:06,695 INFO     epoch: 67 took 146.010s (0.002s in batching)
training loss:	0.513800
validation loss:	0.509363
validation error:	0.246700
2017-02-06 02:24:06,701 INFO     Wrote output to trainNN/out/v049-finunified-4-g199b048:lstm-best-context-2000ms/config.json
2017-02-06 02:26:29,823 INFO     Saving network params to trainNN/out/v049-finunified-4-g199b048:lstm-best-context-2000ms/epoch-068.pkl
2017-02-06 02:26:32,511 INFO     epoch: 68 took 145.816s (0.002s in batching)
training loss:	0.513571
validation loss:	0.510222
validation error:	0.250400
2017-02-06 02:26:32,517 INFO     Wrote output to trainNN/out/v049-finunified-4-g199b048:lstm-best-context-2000ms/config.json
2017-02-06 02:28:56,516 INFO     Saving network params to trainNN/out/v049-finunified-4-g199b048:lstm-best-context-2000ms/epoch-069.pkl
2017-02-06 02:28:59,457 INFO     epoch: 69 took 146.946s (0.002s in batching)
training loss:	0.513369
validation loss:	0.511209
validation error:	0.250200
2017-02-06 02:28:59,463 INFO     Wrote output to trainNN/out/v049-finunified-4-g199b048:lstm-best-context-2000ms/config.json
2017-02-06 02:31:18,184 INFO     Saving network params to trainNN/out/v049-finunified-4-g199b048:lstm-best-context-2000ms/epoch-070.pkl
2017-02-06 02:31:21,844 INFO     epoch: 70 took 142.387s (0.002s in batching)
training loss:	0.512971
validation loss:	0.509581
validation error:	0.247500
2017-02-06 02:31:21,850 INFO     Wrote output to trainNN/out/v049-finunified-4-g199b048:lstm-best-context-2000ms/config.json
2017-02-06 02:33:45,797 INFO     Saving network params to trainNN/out/v049-finunified-4-g199b048:lstm-best-context-2000ms/epoch-071.pkl
2017-02-06 02:33:48,912 INFO     epoch: 71 took 147.068s (0.002s in batching)
training loss:	0.512792
validation loss:	0.510622
validation error:	0.249900
2017-02-06 02:33:48,918 INFO     Wrote output to trainNN/out/v049-finunified-4-g199b048:lstm-best-context-2000ms/config.json
2017-02-06 02:36:10,974 INFO     Saving network params to trainNN/out/v049-finunified-4-g199b048:lstm-best-context-2000ms/epoch-072.pkl
2017-02-06 02:36:14,386 INFO     epoch: 72 took 145.474s (0.002s in batching)
training loss:	0.513149
validation loss:	0.516294
validation error:	0.253500
2017-02-06 02:36:14,391 INFO     Wrote output to trainNN/out/v049-finunified-4-g199b048:lstm-best-context-2000ms/config.json
2017-02-06 02:38:36,109 INFO     Saving network params to trainNN/out/v049-finunified-4-g199b048:lstm-best-context-2000ms/epoch-073.pkl
2017-02-06 02:38:39,735 INFO     epoch: 73 took 145.349s (0.002s in batching)
training loss:	0.512322
validation loss:	0.511678
validation error:	0.248900
2017-02-06 02:38:39,742 INFO     Wrote output to trainNN/out/v049-finunified-4-g199b048:lstm-best-context-2000ms/config.json
2017-02-06 02:41:02,722 INFO     Saving network params to trainNN/out/v049-finunified-4-g199b048:lstm-best-context-2000ms/epoch-074.pkl
2017-02-06 02:41:05,947 INFO     epoch: 74 took 146.211s (0.002s in batching)
training loss:	0.512343
validation loss:	0.509714
validation error:	0.248300
2017-02-06 02:41:05,952 INFO     Wrote output to trainNN/out/v049-finunified-4-g199b048:lstm-best-context-2000ms/config.json
2017-02-06 02:43:28,699 INFO     Saving network params to trainNN/out/v049-finunified-4-g199b048:lstm-best-context-2000ms/epoch-075.pkl
2017-02-06 02:43:31,178 INFO     epoch: 75 took 145.231s (0.002s in batching)
training loss:	0.512164
validation loss:	0.509117
validation error:	0.246700
2017-02-06 02:43:31,184 INFO     Wrote output to trainNN/out/v049-finunified-4-g199b048:lstm-best-context-2000ms/config.json
2017-02-06 02:45:54,086 INFO     Saving network params to trainNN/out/v049-finunified-4-g199b048:lstm-best-context-2000ms/epoch-076.pkl
2017-02-06 02:45:57,716 INFO     epoch: 76 took 146.538s (0.002s in batching)
training loss:	0.512006
validation loss:	0.510642
validation error:	0.247100
2017-02-06 02:45:57,721 INFO     Wrote output to trainNN/out/v049-finunified-4-g199b048:lstm-best-context-2000ms/config.json
2017-02-06 02:48:19,280 INFO     Saving network params to trainNN/out/v049-finunified-4-g199b048:lstm-best-context-2000ms/epoch-077.pkl
2017-02-06 02:48:22,271 INFO     epoch: 77 took 144.555s (0.002s in batching)
training loss:	0.512137
validation loss:	0.511649
validation error:	0.247500
2017-02-06 02:48:22,277 INFO     Wrote output to trainNN/out/v049-finunified-4-g199b048:lstm-best-context-2000ms/config.json
2017-02-06 02:50:46,165 INFO     Saving network params to trainNN/out/v049-finunified-4-g199b048:lstm-best-context-2000ms/epoch-078.pkl
2017-02-06 02:50:48,913 INFO     epoch: 78 took 146.642s (0.002s in batching)
training loss:	0.511286
validation loss:	0.517321
validation error:	0.251300
2017-02-06 02:50:48,919 INFO     Wrote output to trainNN/out/v049-finunified-4-g199b048:lstm-best-context-2000ms/config.json
2017-02-06 02:53:12,897 INFO     Saving network params to trainNN/out/v049-finunified-4-g199b048:lstm-best-context-2000ms/epoch-079.pkl
2017-02-06 02:53:16,245 INFO     epoch: 79 took 147.332s (0.001s in batching)
training loss:	0.511307
validation loss:	0.511381
validation error:	0.246200
2017-02-06 02:53:16,252 INFO     Wrote output to trainNN/out/v049-finunified-4-g199b048:lstm-best-context-2000ms/config.json
2017-02-06 02:55:37,745 INFO     Saving network params to trainNN/out/v049-finunified-4-g199b048:lstm-best-context-2000ms/epoch-080.pkl
2017-02-06 02:55:39,889 INFO     epoch: 80 took 143.644s (0.002s in batching)
training loss:	0.510996
validation loss:	0.509037
validation error:	0.248200
2017-02-06 02:55:39,894 INFO     Wrote output to trainNN/out/v049-finunified-4-g199b048:lstm-best-context-2000ms/config.json
2017-02-06 02:57:44,788 INFO     Saving network params to trainNN/out/v049-finunified-4-g199b048:lstm-best-context-2000ms/epoch-081.pkl
2017-02-06 02:57:46,818 INFO     epoch: 81 took 126.930s (0.001s in batching)
training loss:	0.510468
validation loss:	0.511057
validation error:	0.248700
2017-02-06 02:57:46,824 INFO     Wrote output to trainNN/out/v049-finunified-4-g199b048:lstm-best-context-2000ms/config.json
2017-02-06 02:59:52,477 INFO     Saving network params to trainNN/out/v049-finunified-4-g199b048:lstm-best-context-2000ms/epoch-082.pkl
2017-02-06 02:59:54,372 INFO     epoch: 82 took 127.554s (0.002s in batching)
training loss:	0.510741
validation loss:	0.509149
validation error:	0.249400
2017-02-06 02:59:54,378 INFO     Wrote output to trainNN/out/v049-finunified-4-g199b048:lstm-best-context-2000ms/config.json
2017-02-06 03:01:59,907 INFO     Saving network params to trainNN/out/v049-finunified-4-g199b048:lstm-best-context-2000ms/epoch-083.pkl
2017-02-06 03:02:02,277 INFO     epoch: 83 took 127.905s (0.002s in batching)
training loss:	0.510434
validation loss:	0.510345
validation error:	0.249700
2017-02-06 03:02:02,283 INFO     Wrote output to trainNN/out/v049-finunified-4-g199b048:lstm-best-context-2000ms/config.json
2017-02-06 03:04:07,811 INFO     Saving network params to trainNN/out/v049-finunified-4-g199b048:lstm-best-context-2000ms/epoch-084.pkl
2017-02-06 03:04:10,120 INFO     epoch: 84 took 127.843s (0.002s in batching)
training loss:	0.510938
validation loss:	0.510515
validation error:	0.249700
2017-02-06 03:04:10,126 INFO     Wrote output to trainNN/out/v049-finunified-4-g199b048:lstm-best-context-2000ms/config.json
2017-02-06 03:06:15,447 INFO     Saving network params to trainNN/out/v049-finunified-4-g199b048:lstm-best-context-2000ms/epoch-085.pkl
2017-02-06 03:06:18,012 INFO     epoch: 85 took 127.892s (0.002s in batching)
training loss:	0.510155
validation loss:	0.511674
validation error:	0.252900
2017-02-06 03:06:18,020 INFO     Wrote output to trainNN/out/v049-finunified-4-g199b048:lstm-best-context-2000ms/config.json
2017-02-06 03:08:22,362 INFO     Saving network params to trainNN/out/v049-finunified-4-g199b048:lstm-best-context-2000ms/epoch-086.pkl
2017-02-06 03:08:24,937 INFO     epoch: 86 took 126.925s (0.002s in batching)
training loss:	0.509455
validation loss:	0.511502
validation error:	0.248800
2017-02-06 03:08:24,943 INFO     Wrote output to trainNN/out/v049-finunified-4-g199b048:lstm-best-context-2000ms/config.json
2017-02-06 03:10:45,432 INFO     Saving network params to trainNN/out/v049-finunified-4-g199b048:lstm-best-context-2000ms/epoch-087.pkl
2017-02-06 03:10:48,445 INFO     epoch: 87 took 143.508s (0.002s in batching)
training loss:	0.510237
validation loss:	0.512131
validation error:	0.251500
2017-02-06 03:10:48,453 INFO     Wrote output to trainNN/out/v049-finunified-4-g199b048:lstm-best-context-2000ms/config.json
2017-02-06 03:13:12,344 INFO     Saving network params to trainNN/out/v049-finunified-4-g199b048:lstm-best-context-2000ms/epoch-088.pkl
2017-02-06 03:13:15,171 INFO     epoch: 88 took 146.726s (0.002s in batching)
training loss:	0.509483
validation loss:	0.511330
validation error:	0.248200
2017-02-06 03:13:15,179 INFO     Wrote output to trainNN/out/v049-finunified-4-g199b048:lstm-best-context-2000ms/config.json
2017-02-06 03:15:39,045 INFO     Saving network params to trainNN/out/v049-finunified-4-g199b048:lstm-best-context-2000ms/epoch-089.pkl
2017-02-06 03:15:41,807 INFO     epoch: 89 took 146.636s (0.002s in batching)
training loss:	0.509449
validation loss:	0.513700
validation error:	0.252900
2017-02-06 03:15:41,814 INFO     Wrote output to trainNN/out/v049-finunified-4-g199b048:lstm-best-context-2000ms/config.json
2017-02-06 03:18:04,028 INFO     Saving network params to trainNN/out/v049-finunified-4-g199b048:lstm-best-context-2000ms/epoch-090.pkl
2017-02-06 03:18:06,820 INFO     epoch: 90 took 145.013s (0.002s in batching)
training loss:	0.508719
validation loss:	0.512066
validation error:	0.248900
2017-02-06 03:18:06,827 INFO     Wrote output to trainNN/out/v049-finunified-4-g199b048:lstm-best-context-2000ms/config.json
2017-02-06 03:20:30,604 INFO     Saving network params to trainNN/out/v049-finunified-4-g199b048:lstm-best-context-2000ms/epoch-091.pkl
2017-02-06 03:20:33,059 INFO     epoch: 91 took 146.239s (0.002s in batching)
training loss:	0.508969
validation loss:	0.519669
validation error:	0.253500
2017-02-06 03:20:33,065 INFO     Wrote output to trainNN/out/v049-finunified-4-g199b048:lstm-best-context-2000ms/config.json
2017-02-06 03:22:57,336 INFO     Saving network params to trainNN/out/v049-finunified-4-g199b048:lstm-best-context-2000ms/epoch-092.pkl
2017-02-06 03:23:00,250 INFO     epoch: 92 took 147.191s (0.002s in batching)
training loss:	0.509071
validation loss:	0.511341
validation error:	0.250300
2017-02-06 03:23:00,257 INFO     Wrote output to trainNN/out/v049-finunified-4-g199b048:lstm-best-context-2000ms/config.json
2017-02-06 03:25:22,942 INFO     Saving network params to trainNN/out/v049-finunified-4-g199b048:lstm-best-context-2000ms/epoch-093.pkl
2017-02-06 03:25:26,453 INFO     epoch: 93 took 146.202s (0.002s in batching)
training loss:	0.508725
validation loss:	0.513314
validation error:	0.249100
2017-02-06 03:25:26,462 INFO     Wrote output to trainNN/out/v049-finunified-4-g199b048:lstm-best-context-2000ms/config.json
2017-02-06 03:27:49,521 INFO     Saving network params to trainNN/out/v049-finunified-4-g199b048:lstm-best-context-2000ms/epoch-094.pkl
2017-02-06 03:27:52,579 INFO     epoch: 94 took 146.126s (0.002s in batching)
training loss:	0.508132
validation loss:	0.516353
validation error:	0.252100
2017-02-06 03:27:52,587 INFO     Wrote output to trainNN/out/v049-finunified-4-g199b048:lstm-best-context-2000ms/config.json
2017-02-06 03:30:17,017 INFO     Saving network params to trainNN/out/v049-finunified-4-g199b048:lstm-best-context-2000ms/epoch-095.pkl
2017-02-06 03:30:20,259 INFO     epoch: 95 took 147.680s (0.002s in batching)
training loss:	0.508966
validation loss:	0.511761
validation error:	0.250500
2017-02-06 03:30:20,269 INFO     Wrote output to trainNN/out/v049-finunified-4-g199b048:lstm-best-context-2000ms/config.json
2017-02-06 03:32:44,143 INFO     Saving network params to trainNN/out/v049-finunified-4-g199b048:lstm-best-context-2000ms/epoch-096.pkl
2017-02-06 03:32:46,756 INFO     epoch: 96 took 146.496s (0.002s in batching)
training loss:	0.507777
validation loss:	0.511743
validation error:	0.249200
2017-02-06 03:32:46,762 INFO     Wrote output to trainNN/out/v049-finunified-4-g199b048:lstm-best-context-2000ms/config.json
2017-02-06 03:35:11,242 INFO     Saving network params to trainNN/out/v049-finunified-4-g199b048:lstm-best-context-2000ms/epoch-097.pkl
2017-02-06 03:35:13,933 INFO     epoch: 97 took 147.178s (0.002s in batching)
training loss:	0.508093
validation loss:	0.511002
validation error:	0.249200
2017-02-06 03:35:13,940 INFO     Wrote output to trainNN/out/v049-finunified-4-g199b048:lstm-best-context-2000ms/config.json
2017-02-06 03:37:38,584 INFO     Saving network params to trainNN/out/v049-finunified-4-g199b048:lstm-best-context-2000ms/epoch-098.pkl
2017-02-06 03:37:41,779 INFO     epoch: 98 took 147.846s (0.002s in batching)
training loss:	0.507992
validation loss:	0.513519
validation error:	0.248900
2017-02-06 03:37:41,786 INFO     Wrote output to trainNN/out/v049-finunified-4-g199b048:lstm-best-context-2000ms/config.json
2017-02-06 03:40:06,047 INFO     Saving network params to trainNN/out/v049-finunified-4-g199b048:lstm-best-context-2000ms/epoch-099.pkl
2017-02-06 03:40:09,195 INFO     epoch: 99 took 147.416s (0.002s in batching)
training loss:	0.507487
validation loss:	0.511954
validation error:	0.248900
2017-02-06 03:40:09,203 INFO     Wrote output to trainNN/out/v049-finunified-4-g199b048:lstm-best-context-2000ms/config.json
