2017-02-05 05:25:30,070 DEBUG    version=v048-finunified-4-ga18ab48:lstm-best-features-power,pitch
2017-02-05 05:25:30,071 INFO     Open DBase(data/db/all240302-spk.dat, data/db/all240302-spk.idx, mode='r')
2017-02-05 05:25:36,550 DEBUG    extracting and saving data to data/cache/extract-7d10f1085f5cf7262f03353cbf35b0c0242756d379a6e49ac4c05bf02cf0d5e2.pickle
2017-02-05 05:53:37,642 DEBUG    set input dim to 2
2017-02-05 05:53:37,660 DEBUG    input dim = 2
2017-02-05 05:53:37,668 DEBUG    shuffling batches
2017-02-05 05:53:40,145 DEBUG    shuffling done
2017-02-05 05:53:40,145 DEBUG    loading data into ram
2017-02-05 05:53:40,204 DEBUG    loading data took 0.059s (cpu: 0.059s)
2017-02-05 05:53:40,442 DEBUG    set input dim to 2
2017-02-05 05:53:40,442 DEBUG    input dim = 2
2017-02-05 05:53:40,463 DEBUG    shuffling batches
2017-02-05 05:53:40,703 DEBUG    shuffling done
2017-02-05 05:53:40,704 DEBUG    loading data into ram
2017-02-05 05:53:40,710 DEBUG    loading data took 0.006s (cpu: 0.006s)
2017-02-05 05:53:40,928 DEBUG    Applying L2 regularization with 0.000100
2017-02-05 05:53:40,985 INFO     Training network with 35667 trainable out of 35877 total params.
2017-02-05 05:53:41,394 DEBUG    Using adam with learning_rate=0.001000
2017-02-05 05:53:59,776 DEBUG    Starting training...
2017-02-05 05:55:04,579 INFO     Saving network params to trainNN/out/v048-finunified-4-ga18ab48:lstm-best-features-power,pitch/epoch-000.pkl
2017-02-05 05:55:07,511 INFO     epoch: 0 took 67.735s (0.001s in batching)
training loss:	0.612792
validation loss:	0.578606
validation error:	0.303100
2017-02-05 05:55:07,511 INFO     Wrote output to trainNN/out/v048-finunified-4-ga18ab48:lstm-best-features-power,pitch/config.json
2017-02-05 05:56:13,805 INFO     Saving network params to trainNN/out/v048-finunified-4-ga18ab48:lstm-best-features-power,pitch/epoch-001.pkl
2017-02-05 05:56:16,741 INFO     epoch: 1 took 69.230s (0.001s in batching)
training loss:	0.586074
validation loss:	0.572066
validation error:	0.296100
2017-02-05 05:56:16,742 INFO     Wrote output to trainNN/out/v048-finunified-4-ga18ab48:lstm-best-features-power,pitch/config.json
2017-02-05 05:57:19,743 INFO     Saving network params to trainNN/out/v048-finunified-4-ga18ab48:lstm-best-features-power,pitch/epoch-002.pkl
2017-02-05 05:57:22,641 INFO     epoch: 2 took 65.900s (0.001s in batching)
training loss:	0.579475
validation loss:	0.563343
validation error:	0.290000
2017-02-05 05:57:22,642 INFO     Wrote output to trainNN/out/v048-finunified-4-ga18ab48:lstm-best-features-power,pitch/config.json
2017-02-05 05:58:28,723 INFO     Saving network params to trainNN/out/v048-finunified-4-ga18ab48:lstm-best-features-power,pitch/epoch-003.pkl
2017-02-05 05:58:31,677 INFO     epoch: 3 took 69.037s (0.001s in batching)
training loss:	0.575302
validation loss:	0.561369
validation error:	0.288900
2017-02-05 05:58:31,679 INFO     Wrote output to trainNN/out/v048-finunified-4-ga18ab48:lstm-best-features-power,pitch/config.json
2017-02-05 05:59:36,492 INFO     Saving network params to trainNN/out/v048-finunified-4-ga18ab48:lstm-best-features-power,pitch/epoch-004.pkl
2017-02-05 05:59:39,462 INFO     epoch: 4 took 67.784s (0.001s in batching)
training loss:	0.573420
validation loss:	0.558226
validation error:	0.281200
2017-02-05 05:59:39,463 INFO     Wrote output to trainNN/out/v048-finunified-4-ga18ab48:lstm-best-features-power,pitch/config.json
2017-02-05 06:00:42,511 INFO     Saving network params to trainNN/out/v048-finunified-4-ga18ab48:lstm-best-features-power,pitch/epoch-005.pkl
2017-02-05 06:00:45,471 INFO     epoch: 5 took 66.010s (0.001s in batching)
training loss:	0.570218
validation loss:	0.555223
validation error:	0.285600
2017-02-05 06:00:45,472 INFO     Wrote output to trainNN/out/v048-finunified-4-ga18ab48:lstm-best-features-power,pitch/config.json
2017-02-05 06:01:50,255 INFO     Saving network params to trainNN/out/v048-finunified-4-ga18ab48:lstm-best-features-power,pitch/epoch-006.pkl
2017-02-05 06:01:53,810 INFO     epoch: 6 took 68.339s (0.001s in batching)
training loss:	0.568968
validation loss:	0.555887
validation error:	0.285300
2017-02-05 06:01:53,867 INFO     Wrote output to trainNN/out/v048-finunified-4-ga18ab48:lstm-best-features-power,pitch/config.json
2017-02-05 06:03:00,651 INFO     Saving network params to trainNN/out/v048-finunified-4-ga18ab48:lstm-best-features-power,pitch/epoch-007.pkl
2017-02-05 06:03:05,227 INFO     epoch: 7 took 71.417s (0.001s in batching)
training loss:	0.567712
validation loss:	0.557525
validation error:	0.283100
2017-02-05 06:03:05,245 INFO     Wrote output to trainNN/out/v048-finunified-4-ga18ab48:lstm-best-features-power,pitch/config.json
2017-02-05 06:04:08,641 INFO     Saving network params to trainNN/out/v048-finunified-4-ga18ab48:lstm-best-features-power,pitch/epoch-008.pkl
2017-02-05 06:04:11,625 INFO     epoch: 8 took 66.399s (0.001s in batching)
training loss:	0.565277
validation loss:	0.553780
validation error:	0.280000
2017-02-05 06:04:11,626 INFO     Wrote output to trainNN/out/v048-finunified-4-ga18ab48:lstm-best-features-power,pitch/config.json
2017-02-05 06:05:18,253 INFO     Saving network params to trainNN/out/v048-finunified-4-ga18ab48:lstm-best-features-power,pitch/epoch-009.pkl
2017-02-05 06:05:21,283 INFO     epoch: 9 took 69.657s (0.001s in batching)
training loss:	0.561799
validation loss:	0.547089
validation error:	0.275900
2017-02-05 06:05:21,284 INFO     Wrote output to trainNN/out/v048-finunified-4-ga18ab48:lstm-best-features-power,pitch/config.json
2017-02-05 06:06:26,014 INFO     Saving network params to trainNN/out/v048-finunified-4-ga18ab48:lstm-best-features-power,pitch/epoch-010.pkl
2017-02-05 06:06:29,030 INFO     epoch: 10 took 67.748s (0.001s in batching)
training loss:	0.559176
validation loss:	0.545244
validation error:	0.275000
2017-02-05 06:06:29,031 INFO     Wrote output to trainNN/out/v048-finunified-4-ga18ab48:lstm-best-features-power,pitch/config.json
2017-02-05 06:07:32,494 INFO     Saving network params to trainNN/out/v048-finunified-4-ga18ab48:lstm-best-features-power,pitch/epoch-011.pkl
2017-02-05 06:07:35,521 INFO     epoch: 11 took 66.491s (0.001s in batching)
training loss:	0.557236
validation loss:	0.545022
validation error:	0.271900
2017-02-05 06:07:35,522 INFO     Wrote output to trainNN/out/v048-finunified-4-ga18ab48:lstm-best-features-power,pitch/config.json
2017-02-05 06:08:40,256 INFO     Saving network params to trainNN/out/v048-finunified-4-ga18ab48:lstm-best-features-power,pitch/epoch-012.pkl
2017-02-05 06:08:43,226 INFO     epoch: 12 took 67.705s (0.001s in batching)
training loss:	0.555900
validation loss:	0.544894
validation error:	0.272600
2017-02-05 06:08:43,226 INFO     Wrote output to trainNN/out/v048-finunified-4-ga18ab48:lstm-best-features-power,pitch/config.json
2017-02-05 06:09:49,656 INFO     Saving network params to trainNN/out/v048-finunified-4-ga18ab48:lstm-best-features-power,pitch/epoch-013.pkl
2017-02-05 06:09:52,645 INFO     epoch: 13 took 69.419s (0.001s in batching)
training loss:	0.554989
validation loss:	0.545720
validation error:	0.275800
2017-02-05 06:09:52,646 INFO     Wrote output to trainNN/out/v048-finunified-4-ga18ab48:lstm-best-features-power,pitch/config.json
2017-02-05 06:10:56,002 INFO     Saving network params to trainNN/out/v048-finunified-4-ga18ab48:lstm-best-features-power,pitch/epoch-014.pkl
2017-02-05 06:10:58,985 INFO     epoch: 14 took 66.341s (0.001s in batching)
training loss:	0.553534
validation loss:	0.544678
validation error:	0.274000
2017-02-05 06:10:58,986 INFO     Wrote output to trainNN/out/v048-finunified-4-ga18ab48:lstm-best-features-power,pitch/config.json
2017-02-05 06:12:05,779 INFO     Saving network params to trainNN/out/v048-finunified-4-ga18ab48:lstm-best-features-power,pitch/epoch-015.pkl
2017-02-05 06:12:08,759 INFO     epoch: 15 took 69.774s (0.001s in batching)
training loss:	0.552295
validation loss:	0.541421
validation error:	0.269700
2017-02-05 06:12:08,760 INFO     Wrote output to trainNN/out/v048-finunified-4-ga18ab48:lstm-best-features-power,pitch/config.json
2017-02-05 06:13:14,945 INFO     Saving network params to trainNN/out/v048-finunified-4-ga18ab48:lstm-best-features-power,pitch/epoch-016.pkl
2017-02-05 06:13:17,996 INFO     epoch: 16 took 69.237s (0.001s in batching)
training loss:	0.551923
validation loss:	0.538747
validation error:	0.270900
2017-02-05 06:13:17,997 INFO     Wrote output to trainNN/out/v048-finunified-4-ga18ab48:lstm-best-features-power,pitch/config.json
2017-02-05 06:14:20,022 INFO     Saving network params to trainNN/out/v048-finunified-4-ga18ab48:lstm-best-features-power,pitch/epoch-017.pkl
2017-02-05 06:14:23,015 INFO     epoch: 17 took 65.020s (0.001s in batching)
training loss:	0.550709
validation loss:	0.538379
validation error:	0.270500
2017-02-05 06:14:23,017 INFO     Wrote output to trainNN/out/v048-finunified-4-ga18ab48:lstm-best-features-power,pitch/config.json
2017-02-05 06:15:28,878 INFO     Saving network params to trainNN/out/v048-finunified-4-ga18ab48:lstm-best-features-power,pitch/epoch-018.pkl
2017-02-05 06:15:32,037 INFO     epoch: 18 took 69.022s (0.001s in batching)
training loss:	0.550001
validation loss:	0.537808
validation error:	0.268800
2017-02-05 06:15:32,038 INFO     Wrote output to trainNN/out/v048-finunified-4-ga18ab48:lstm-best-features-power,pitch/config.json
2017-02-05 06:16:37,869 INFO     Saving network params to trainNN/out/v048-finunified-4-ga18ab48:lstm-best-features-power,pitch/epoch-019.pkl
2017-02-05 06:16:40,816 INFO     epoch: 19 took 68.779s (0.001s in batching)
training loss:	0.549758
validation loss:	0.542679
validation error:	0.272300
2017-02-05 06:16:40,817 INFO     Wrote output to trainNN/out/v048-finunified-4-ga18ab48:lstm-best-features-power,pitch/config.json
2017-02-05 06:17:42,823 INFO     Saving network params to trainNN/out/v048-finunified-4-ga18ab48:lstm-best-features-power,pitch/epoch-020.pkl
2017-02-05 06:17:45,821 INFO     epoch: 20 took 65.005s (0.001s in batching)
training loss:	0.549148
validation loss:	0.539546
validation error:	0.272900
2017-02-05 06:17:45,822 INFO     Wrote output to trainNN/out/v048-finunified-4-ga18ab48:lstm-best-features-power,pitch/config.json
2017-02-05 06:18:50,668 INFO     Saving network params to trainNN/out/v048-finunified-4-ga18ab48:lstm-best-features-power,pitch/epoch-021.pkl
2017-02-05 06:18:53,697 INFO     epoch: 21 took 67.876s (0.001s in batching)
training loss:	0.547894
validation loss:	0.538383
validation error:	0.269000
2017-02-05 06:18:53,698 INFO     Wrote output to trainNN/out/v048-finunified-4-ga18ab48:lstm-best-features-power,pitch/config.json
2017-02-05 06:20:00,408 INFO     Saving network params to trainNN/out/v048-finunified-4-ga18ab48:lstm-best-features-power,pitch/epoch-022.pkl
2017-02-05 06:20:03,464 INFO     epoch: 22 took 69.767s (0.001s in batching)
training loss:	0.547726
validation loss:	0.539061
validation error:	0.268500
2017-02-05 06:20:03,464 INFO     Wrote output to trainNN/out/v048-finunified-4-ga18ab48:lstm-best-features-power,pitch/config.json
2017-02-05 06:21:06,055 INFO     Saving network params to trainNN/out/v048-finunified-4-ga18ab48:lstm-best-features-power,pitch/epoch-023.pkl
2017-02-05 06:21:09,078 INFO     epoch: 23 took 65.614s (0.001s in batching)
training loss:	0.546863
validation loss:	0.537442
validation error:	0.270700
2017-02-05 06:21:09,079 INFO     Wrote output to trainNN/out/v048-finunified-4-ga18ab48:lstm-best-features-power,pitch/config.json
2017-02-05 06:22:15,673 INFO     Saving network params to trainNN/out/v048-finunified-4-ga18ab48:lstm-best-features-power,pitch/epoch-024.pkl
2017-02-05 06:22:18,599 INFO     epoch: 24 took 69.521s (0.001s in batching)
training loss:	0.546683
validation loss:	0.534977
validation error:	0.270900
2017-02-05 06:22:18,600 INFO     Wrote output to trainNN/out/v048-finunified-4-ga18ab48:lstm-best-features-power,pitch/config.json
2017-02-05 06:23:25,195 INFO     Saving network params to trainNN/out/v048-finunified-4-ga18ab48:lstm-best-features-power,pitch/epoch-025.pkl
2017-02-05 06:23:28,157 INFO     epoch: 25 took 69.558s (0.001s in batching)
training loss:	0.545398
validation loss:	0.538354
validation error:	0.268900
2017-02-05 06:23:28,159 INFO     Wrote output to trainNN/out/v048-finunified-4-ga18ab48:lstm-best-features-power,pitch/config.json
2017-02-05 06:24:30,245 INFO     Saving network params to trainNN/out/v048-finunified-4-ga18ab48:lstm-best-features-power,pitch/epoch-026.pkl
2017-02-05 06:24:33,217 INFO     epoch: 26 took 65.060s (0.001s in batching)
training loss:	0.545227
validation loss:	0.535089
validation error:	0.265300
2017-02-05 06:24:33,218 INFO     Wrote output to trainNN/out/v048-finunified-4-ga18ab48:lstm-best-features-power,pitch/config.json
2017-02-05 06:25:33,319 INFO     Saving network params to trainNN/out/v048-finunified-4-ga18ab48:lstm-best-features-power,pitch/epoch-027.pkl
2017-02-05 06:25:36,194 INFO     epoch: 27 took 62.978s (0.001s in batching)
training loss:	0.544844
validation loss:	0.536232
validation error:	0.266800
2017-02-05 06:25:36,195 INFO     Wrote output to trainNN/out/v048-finunified-4-ga18ab48:lstm-best-features-power,pitch/config.json
2017-02-05 06:26:55,424 INFO     Saving network params to trainNN/out/v048-finunified-4-ga18ab48:lstm-best-features-power,pitch/epoch-028.pkl
2017-02-05 06:27:00,865 INFO     epoch: 28 took 84.670s (0.001s in batching)
training loss:	0.544424
validation loss:	0.534008
validation error:	0.265200
2017-02-05 06:27:00,866 INFO     Wrote output to trainNN/out/v048-finunified-4-ga18ab48:lstm-best-features-power,pitch/config.json
2017-02-05 06:28:34,766 INFO     Saving network params to trainNN/out/v048-finunified-4-ga18ab48:lstm-best-features-power,pitch/epoch-029.pkl
2017-02-05 06:28:40,295 INFO     epoch: 29 took 99.430s (0.001s in batching)
training loss:	0.543489
validation loss:	0.534886
validation error:	0.268400
2017-02-05 06:28:40,296 INFO     Wrote output to trainNN/out/v048-finunified-4-ga18ab48:lstm-best-features-power,pitch/config.json
2017-02-05 06:30:18,259 INFO     Saving network params to trainNN/out/v048-finunified-4-ga18ab48:lstm-best-features-power,pitch/epoch-030.pkl
2017-02-05 06:30:23,853 INFO     epoch: 30 took 103.558s (0.001s in batching)
training loss:	0.543334
validation loss:	0.535332
validation error:	0.268900
2017-02-05 06:30:23,855 INFO     Wrote output to trainNN/out/v048-finunified-4-ga18ab48:lstm-best-features-power,pitch/config.json
2017-02-05 06:32:01,260 INFO     Saving network params to trainNN/out/v048-finunified-4-ga18ab48:lstm-best-features-power,pitch/epoch-031.pkl
2017-02-05 06:32:06,746 INFO     epoch: 31 took 102.892s (0.001s in batching)
training loss:	0.542632
validation loss:	0.531872
validation error:	0.267500
2017-02-05 06:32:06,748 INFO     Wrote output to trainNN/out/v048-finunified-4-ga18ab48:lstm-best-features-power,pitch/config.json
2017-02-05 06:33:40,856 INFO     Saving network params to trainNN/out/v048-finunified-4-ga18ab48:lstm-best-features-power,pitch/epoch-032.pkl
2017-02-05 06:33:46,537 INFO     epoch: 32 took 99.791s (0.001s in batching)
training loss:	0.542306
validation loss:	0.537291
validation error:	0.271300
2017-02-05 06:33:46,538 INFO     Wrote output to trainNN/out/v048-finunified-4-ga18ab48:lstm-best-features-power,pitch/config.json
2017-02-05 06:35:24,398 INFO     Saving network params to trainNN/out/v048-finunified-4-ga18ab48:lstm-best-features-power,pitch/epoch-033.pkl
2017-02-05 06:35:30,106 INFO     epoch: 33 took 103.569s (0.001s in batching)
training loss:	0.541733
validation loss:	0.532873
validation error:	0.264100
2017-02-05 06:35:30,108 INFO     Wrote output to trainNN/out/v048-finunified-4-ga18ab48:lstm-best-features-power,pitch/config.json
2017-02-05 06:37:07,707 INFO     Saving network params to trainNN/out/v048-finunified-4-ga18ab48:lstm-best-features-power,pitch/epoch-034.pkl
2017-02-05 06:37:13,312 INFO     epoch: 34 took 103.206s (0.001s in batching)
training loss:	0.542021
validation loss:	0.535718
validation error:	0.267800
2017-02-05 06:37:13,314 INFO     Wrote output to trainNN/out/v048-finunified-4-ga18ab48:lstm-best-features-power,pitch/config.json
2017-02-05 06:38:47,463 INFO     Saving network params to trainNN/out/v048-finunified-4-ga18ab48:lstm-best-features-power,pitch/epoch-035.pkl
2017-02-05 06:38:53,498 INFO     epoch: 35 took 100.187s (0.001s in batching)
training loss:	0.540730
validation loss:	0.534119
validation error:	0.267200
2017-02-05 06:38:54,133 INFO     Wrote output to trainNN/out/v048-finunified-4-ga18ab48:lstm-best-features-power,pitch/config.json
2017-02-05 06:40:56,154 INFO     Saving network params to trainNN/out/v048-finunified-4-ga18ab48:lstm-best-features-power,pitch/epoch-036.pkl
2017-02-05 06:41:04,339 INFO     epoch: 36 took 130.841s (0.663s in batching)
training loss:	0.539993
validation loss:	0.531997
validation error:	0.265300
2017-02-05 06:41:04,342 INFO     Wrote output to trainNN/out/v048-finunified-4-ga18ab48:lstm-best-features-power,pitch/config.json
2017-02-05 06:43:12,931 INFO     Saving network params to trainNN/out/v048-finunified-4-ga18ab48:lstm-best-features-power,pitch/epoch-037.pkl
2017-02-05 06:43:20,928 INFO     epoch: 37 took 136.589s (0.001s in batching)
training loss:	0.539090
validation loss:	0.532217
validation error:	0.261600
2017-02-05 06:43:20,931 INFO     Wrote output to trainNN/out/v048-finunified-4-ga18ab48:lstm-best-features-power,pitch/config.json
2017-02-05 06:45:25,674 INFO     Saving network params to trainNN/out/v048-finunified-4-ga18ab48:lstm-best-features-power,pitch/epoch-038.pkl
2017-02-05 06:45:34,172 INFO     epoch: 38 took 133.244s (0.001s in batching)
training loss:	0.538122
validation loss:	0.526999
validation error:	0.262900
2017-02-05 06:45:34,177 INFO     Wrote output to trainNN/out/v048-finunified-4-ga18ab48:lstm-best-features-power,pitch/config.json
2017-02-05 06:47:40,116 INFO     Saving network params to trainNN/out/v048-finunified-4-ga18ab48:lstm-best-features-power,pitch/epoch-039.pkl
2017-02-05 06:47:47,572 INFO     epoch: 39 took 133.392s (0.013s in batching)
training loss:	0.536926
validation loss:	0.528198
validation error:	0.263300
2017-02-05 06:47:47,930 INFO     Wrote output to trainNN/out/v048-finunified-4-ga18ab48:lstm-best-features-power,pitch/config.json
2017-02-05 06:50:00,206 INFO     Saving network params to trainNN/out/v048-finunified-4-ga18ab48:lstm-best-features-power,pitch/epoch-040.pkl
2017-02-05 06:50:08,293 INFO     epoch: 40 took 140.729s (0.035s in batching)
training loss:	0.536533
validation loss:	0.527279
validation error:	0.264300
2017-02-05 06:50:08,302 INFO     Wrote output to trainNN/out/v048-finunified-4-ga18ab48:lstm-best-features-power,pitch/config.json
2017-02-05 06:52:12,778 INFO     Saving network params to trainNN/out/v048-finunified-4-ga18ab48:lstm-best-features-power,pitch/epoch-041.pkl
2017-02-05 06:52:21,014 INFO     epoch: 41 took 132.719s (0.004s in batching)
training loss:	0.536058
validation loss:	0.526678
validation error:	0.264700
2017-02-05 06:52:21,050 INFO     Wrote output to trainNN/out/v048-finunified-4-ga18ab48:lstm-best-features-power,pitch/config.json
2017-02-05 06:54:29,397 INFO     Saving network params to trainNN/out/v048-finunified-4-ga18ab48:lstm-best-features-power,pitch/epoch-042.pkl
2017-02-05 06:54:37,589 INFO     epoch: 42 took 136.577s (0.002s in batching)
training loss:	0.535455
validation loss:	0.526081
validation error:	0.264700
2017-02-05 06:54:37,600 INFO     Wrote output to trainNN/out/v048-finunified-4-ga18ab48:lstm-best-features-power,pitch/config.json
2017-02-05 06:57:29,494 INFO     Saving network params to trainNN/out/v048-finunified-4-ga18ab48:lstm-best-features-power,pitch/epoch-043.pkl
2017-02-05 06:57:44,476 INFO     epoch: 43 took 186.885s (0.002s in batching)
training loss:	0.534628
validation loss:	0.524110
validation error:	0.261300
2017-02-05 06:57:44,578 INFO     Wrote output to trainNN/out/v048-finunified-4-ga18ab48:lstm-best-features-power,pitch/config.json
2017-02-05 07:01:49,376 INFO     Saving network params to trainNN/out/v048-finunified-4-ga18ab48:lstm-best-features-power,pitch/epoch-044.pkl
2017-02-05 07:02:08,234 INFO     epoch: 44 took 263.760s (0.001s in batching)
training loss:	0.534052
validation loss:	0.526493
validation error:	0.263200
2017-02-05 07:02:08,530 INFO     Wrote output to trainNN/out/v048-finunified-4-ga18ab48:lstm-best-features-power,pitch/config.json
2017-02-05 07:06:27,334 INFO     Saving network params to trainNN/out/v048-finunified-4-ga18ab48:lstm-best-features-power,pitch/epoch-045.pkl
2017-02-05 07:06:45,984 INFO     epoch: 45 took 277.750s (0.001s in batching)
training loss:	0.533824
validation loss:	0.524572
validation error:	0.262200
2017-02-05 07:06:46,012 INFO     Wrote output to trainNN/out/v048-finunified-4-ga18ab48:lstm-best-features-power,pitch/config.json
2017-02-05 07:11:05,107 INFO     Saving network params to trainNN/out/v048-finunified-4-ga18ab48:lstm-best-features-power,pitch/epoch-046.pkl
2017-02-05 07:11:23,006 INFO     epoch: 46 took 277.022s (0.001s in batching)
training loss:	0.533247
validation loss:	0.523221
validation error:	0.260500
2017-02-05 07:11:23,015 INFO     Wrote output to trainNN/out/v048-finunified-4-ga18ab48:lstm-best-features-power,pitch/config.json
2017-02-05 07:15:38,446 INFO     Saving network params to trainNN/out/v048-finunified-4-ga18ab48:lstm-best-features-power,pitch/epoch-047.pkl
2017-02-05 07:15:57,107 INFO     epoch: 47 took 274.100s (0.001s in batching)
training loss:	0.532525
validation loss:	0.522540
validation error:	0.260300
2017-02-05 07:15:57,113 INFO     Wrote output to trainNN/out/v048-finunified-4-ga18ab48:lstm-best-features-power,pitch/config.json
2017-02-05 07:20:16,652 INFO     Saving network params to trainNN/out/v048-finunified-4-ga18ab48:lstm-best-features-power,pitch/epoch-048.pkl
2017-02-05 07:20:35,076 INFO     epoch: 48 took 277.969s (0.001s in batching)
training loss:	0.531800
validation loss:	0.524812
validation error:	0.261700
2017-02-05 07:20:35,082 INFO     Wrote output to trainNN/out/v048-finunified-4-ga18ab48:lstm-best-features-power,pitch/config.json
2017-02-05 07:24:53,077 INFO     Saving network params to trainNN/out/v048-finunified-4-ga18ab48:lstm-best-features-power,pitch/epoch-049.pkl
2017-02-05 07:25:10,341 INFO     epoch: 49 took 275.265s (0.001s in batching)
training loss:	0.530797
validation loss:	0.522474
validation error:	0.258800
2017-02-05 07:25:10,347 INFO     Wrote output to trainNN/out/v048-finunified-4-ga18ab48:lstm-best-features-power,pitch/config.json
2017-02-05 07:29:27,288 INFO     Saving network params to trainNN/out/v048-finunified-4-ga18ab48:lstm-best-features-power,pitch/epoch-050.pkl
2017-02-05 07:29:45,764 INFO     epoch: 50 took 275.424s (0.001s in batching)
training loss:	0.530869
validation loss:	0.520687
validation error:	0.261200
2017-02-05 07:29:45,778 INFO     Wrote output to trainNN/out/v048-finunified-4-ga18ab48:lstm-best-features-power,pitch/config.json
2017-02-05 07:34:05,376 INFO     Saving network params to trainNN/out/v048-finunified-4-ga18ab48:lstm-best-features-power,pitch/epoch-051.pkl
2017-02-05 07:34:23,856 INFO     epoch: 51 took 278.092s (0.001s in batching)
training loss:	0.530183
validation loss:	0.522358
validation error:	0.257400
2017-02-05 07:34:23,862 INFO     Wrote output to trainNN/out/v048-finunified-4-ga18ab48:lstm-best-features-power,pitch/config.json
2017-02-05 07:38:40,899 INFO     Saving network params to trainNN/out/v048-finunified-4-ga18ab48:lstm-best-features-power,pitch/epoch-052.pkl
2017-02-05 07:38:58,020 INFO     epoch: 52 took 274.163s (0.001s in batching)
training loss:	0.529979
validation loss:	0.519937
validation error:	0.258800
2017-02-05 07:38:58,024 INFO     Wrote output to trainNN/out/v048-finunified-4-ga18ab48:lstm-best-features-power,pitch/config.json
2017-02-05 07:43:17,201 INFO     Saving network params to trainNN/out/v048-finunified-4-ga18ab48:lstm-best-features-power,pitch/epoch-053.pkl
2017-02-05 07:43:35,503 INFO     epoch: 53 took 277.484s (0.001s in batching)
training loss:	0.529525
validation loss:	0.523384
validation error:	0.260500
2017-02-05 07:43:35,509 INFO     Wrote output to trainNN/out/v048-finunified-4-ga18ab48:lstm-best-features-power,pitch/config.json
2017-02-05 07:47:54,420 INFO     Saving network params to trainNN/out/v048-finunified-4-ga18ab48:lstm-best-features-power,pitch/epoch-054.pkl
2017-02-05 07:48:12,933 INFO     epoch: 54 took 277.430s (0.001s in batching)
training loss:	0.529157
validation loss:	0.520372
validation error:	0.262600
2017-02-05 07:48:12,938 INFO     Wrote output to trainNN/out/v048-finunified-4-ga18ab48:lstm-best-features-power,pitch/config.json
2017-02-05 07:52:28,706 INFO     Saving network params to trainNN/out/v048-finunified-4-ga18ab48:lstm-best-features-power,pitch/epoch-055.pkl
2017-02-05 07:52:46,303 INFO     epoch: 55 took 273.370s (0.001s in batching)
training loss:	0.528249
validation loss:	0.521389
validation error:	0.262000
2017-02-05 07:52:46,308 INFO     Wrote output to trainNN/out/v048-finunified-4-ga18ab48:lstm-best-features-power,pitch/config.json
2017-02-05 07:57:06,056 INFO     Saving network params to trainNN/out/v048-finunified-4-ga18ab48:lstm-best-features-power,pitch/epoch-056.pkl
2017-02-05 07:57:23,618 INFO     epoch: 56 took 277.314s (0.001s in batching)
training loss:	0.527660
validation loss:	0.519605
validation error:	0.258300
2017-02-05 07:57:23,623 INFO     Wrote output to trainNN/out/v048-finunified-4-ga18ab48:lstm-best-features-power,pitch/config.json
2017-02-05 08:01:44,084 INFO     Saving network params to trainNN/out/v048-finunified-4-ga18ab48:lstm-best-features-power,pitch/epoch-057.pkl
2017-02-05 08:02:01,416 INFO     epoch: 57 took 277.799s (0.001s in batching)
training loss:	0.528044
validation loss:	0.519553
validation error:	0.260400
2017-02-05 08:02:01,422 INFO     Wrote output to trainNN/out/v048-finunified-4-ga18ab48:lstm-best-features-power,pitch/config.json
2017-02-05 08:06:18,412 INFO     Saving network params to trainNN/out/v048-finunified-4-ga18ab48:lstm-best-features-power,pitch/epoch-058.pkl
2017-02-05 08:06:35,797 INFO     epoch: 58 took 274.380s (0.001s in batching)
training loss:	0.527176
validation loss:	0.519068
validation error:	0.258900
2017-02-05 08:06:35,802 INFO     Wrote output to trainNN/out/v048-finunified-4-ga18ab48:lstm-best-features-power,pitch/config.json
2017-02-05 08:10:55,578 INFO     Saving network params to trainNN/out/v048-finunified-4-ga18ab48:lstm-best-features-power,pitch/epoch-059.pkl
2017-02-05 08:11:13,478 INFO     epoch: 59 took 277.681s (0.001s in batching)
training loss:	0.527341
validation loss:	0.521743
validation error:	0.259600
2017-02-05 08:11:13,490 INFO     Wrote output to trainNN/out/v048-finunified-4-ga18ab48:lstm-best-features-power,pitch/config.json
2017-02-05 08:15:33,342 INFO     Saving network params to trainNN/out/v048-finunified-4-ga18ab48:lstm-best-features-power,pitch/epoch-060.pkl
2017-02-05 08:15:51,520 INFO     epoch: 60 took 278.042s (0.001s in batching)
training loss:	0.526585
validation loss:	0.518831
validation error:	0.256900
2017-02-05 08:15:51,525 INFO     Wrote output to trainNN/out/v048-finunified-4-ga18ab48:lstm-best-features-power,pitch/config.json
2017-02-05 08:20:07,518 INFO     Saving network params to trainNN/out/v048-finunified-4-ga18ab48:lstm-best-features-power,pitch/epoch-061.pkl
2017-02-05 08:20:26,230 INFO     epoch: 61 took 274.710s (0.001s in batching)
training loss:	0.526400
validation loss:	0.520097
validation error:	0.260100
2017-02-05 08:20:26,235 INFO     Wrote output to trainNN/out/v048-finunified-4-ga18ab48:lstm-best-features-power,pitch/config.json
2017-02-05 08:24:45,925 INFO     Saving network params to trainNN/out/v048-finunified-4-ga18ab48:lstm-best-features-power,pitch/epoch-062.pkl
2017-02-05 08:25:04,329 INFO     epoch: 62 took 278.098s (0.001s in batching)
training loss:	0.525833
validation loss:	0.521907
validation error:	0.258400
2017-02-05 08:25:04,334 INFO     Wrote output to trainNN/out/v048-finunified-4-ga18ab48:lstm-best-features-power,pitch/config.json
2017-02-05 08:29:22,971 INFO     Saving network params to trainNN/out/v048-finunified-4-ga18ab48:lstm-best-features-power,pitch/epoch-063.pkl
2017-02-05 08:29:41,311 INFO     epoch: 63 took 276.982s (0.001s in batching)
training loss:	0.525261
validation loss:	0.517773
validation error:	0.258800
2017-02-05 08:29:41,317 INFO     Wrote output to trainNN/out/v048-finunified-4-ga18ab48:lstm-best-features-power,pitch/config.json
2017-02-05 08:33:57,187 INFO     Saving network params to trainNN/out/v048-finunified-4-ga18ab48:lstm-best-features-power,pitch/epoch-064.pkl
2017-02-05 08:34:15,726 INFO     epoch: 64 took 274.415s (0.001s in batching)
training loss:	0.525691
validation loss:	0.518442
validation error:	0.259100
2017-02-05 08:34:15,731 INFO     Wrote output to trainNN/out/v048-finunified-4-ga18ab48:lstm-best-features-power,pitch/config.json
2017-02-05 08:38:35,029 INFO     Saving network params to trainNN/out/v048-finunified-4-ga18ab48:lstm-best-features-power,pitch/epoch-065.pkl
2017-02-05 08:38:53,691 INFO     epoch: 65 took 277.966s (0.001s in batching)
training loss:	0.524762
validation loss:	0.517352
validation error:	0.261800
2017-02-05 08:38:53,697 INFO     Wrote output to trainNN/out/v048-finunified-4-ga18ab48:lstm-best-features-power,pitch/config.json
2017-02-05 08:43:12,725 INFO     Saving network params to trainNN/out/v048-finunified-4-ga18ab48:lstm-best-features-power,pitch/epoch-066.pkl
2017-02-05 08:43:31,515 INFO     epoch: 66 took 277.824s (0.001s in batching)
training loss:	0.524794
validation loss:	0.518671
validation error:	0.260200
2017-02-05 08:43:31,520 INFO     Wrote output to trainNN/out/v048-finunified-4-ga18ab48:lstm-best-features-power,pitch/config.json
2017-02-05 08:47:47,098 INFO     Saving network params to trainNN/out/v048-finunified-4-ga18ab48:lstm-best-features-power,pitch/epoch-067.pkl
2017-02-05 08:48:05,589 INFO     epoch: 67 took 274.075s (0.001s in batching)
training loss:	0.524535
validation loss:	0.520281
validation error:	0.259000
2017-02-05 08:48:05,597 INFO     Wrote output to trainNN/out/v048-finunified-4-ga18ab48:lstm-best-features-power,pitch/config.json
2017-02-05 08:52:25,140 INFO     Saving network params to trainNN/out/v048-finunified-4-ga18ab48:lstm-best-features-power,pitch/epoch-068.pkl
2017-02-05 08:52:43,768 INFO     epoch: 68 took 278.178s (0.001s in batching)
training loss:	0.524120
validation loss:	0.518252
validation error:	0.258200
2017-02-05 08:52:43,773 INFO     Wrote output to trainNN/out/v048-finunified-4-ga18ab48:lstm-best-features-power,pitch/config.json
2017-02-05 08:57:02,667 INFO     Saving network params to trainNN/out/v048-finunified-4-ga18ab48:lstm-best-features-power,pitch/epoch-069.pkl
2017-02-05 08:57:21,310 INFO     epoch: 69 took 277.542s (0.001s in batching)
training loss:	0.523820
validation loss:	0.516456
validation error:	0.255300
2017-02-05 08:57:21,315 INFO     Wrote output to trainNN/out/v048-finunified-4-ga18ab48:lstm-best-features-power,pitch/config.json
2017-02-05 09:01:36,183 INFO     Saving network params to trainNN/out/v048-finunified-4-ga18ab48:lstm-best-features-power,pitch/epoch-070.pkl
2017-02-05 09:01:54,871 INFO     epoch: 70 took 273.561s (0.001s in batching)
training loss:	0.523917
validation loss:	0.515477
validation error:	0.254800
2017-02-05 09:01:54,875 INFO     Wrote output to trainNN/out/v048-finunified-4-ga18ab48:lstm-best-features-power,pitch/config.json
2017-02-05 09:06:14,710 INFO     Saving network params to trainNN/out/v048-finunified-4-ga18ab48:lstm-best-features-power,pitch/epoch-071.pkl
2017-02-05 09:06:33,273 INFO     epoch: 71 took 278.403s (0.001s in batching)
training loss:	0.523932
validation loss:	0.519340
validation error:	0.256100
2017-02-05 09:06:33,278 INFO     Wrote output to trainNN/out/v048-finunified-4-ga18ab48:lstm-best-features-power,pitch/config.json
2017-02-05 09:10:52,566 INFO     Saving network params to trainNN/out/v048-finunified-4-ga18ab48:lstm-best-features-power,pitch/epoch-072.pkl
2017-02-05 09:11:11,031 INFO     epoch: 72 took 277.757s (0.001s in batching)
training loss:	0.522874
validation loss:	0.516313
validation error:	0.258700
2017-02-05 09:11:11,036 INFO     Wrote output to trainNN/out/v048-finunified-4-ga18ab48:lstm-best-features-power,pitch/config.json
2017-02-05 09:15:26,444 INFO     Saving network params to trainNN/out/v048-finunified-4-ga18ab48:lstm-best-features-power,pitch/epoch-073.pkl
2017-02-05 09:15:45,180 INFO     epoch: 73 took 274.150s (0.001s in batching)
training loss:	0.523236
validation loss:	0.515167
validation error:	0.256300
2017-02-05 09:15:45,185 INFO     Wrote output to trainNN/out/v048-finunified-4-ga18ab48:lstm-best-features-power,pitch/config.json
2017-02-05 09:20:03,841 INFO     Saving network params to trainNN/out/v048-finunified-4-ga18ab48:lstm-best-features-power,pitch/epoch-074.pkl
2017-02-05 09:20:22,369 INFO     epoch: 74 took 277.188s (0.001s in batching)
training loss:	0.521964
validation loss:	0.517313
validation error:	0.257500
2017-02-05 09:20:22,374 INFO     Wrote output to trainNN/out/v048-finunified-4-ga18ab48:lstm-best-features-power,pitch/config.json
2017-02-05 09:24:41,004 INFO     Saving network params to trainNN/out/v048-finunified-4-ga18ab48:lstm-best-features-power,pitch/epoch-075.pkl
2017-02-05 09:24:59,479 INFO     epoch: 75 took 277.110s (0.001s in batching)
training loss:	0.522538
validation loss:	0.514103
validation error:	0.253900
2017-02-05 09:24:59,483 INFO     Wrote output to trainNN/out/v048-finunified-4-ga18ab48:lstm-best-features-power,pitch/config.json
2017-02-05 09:29:14,395 INFO     Saving network params to trainNN/out/v048-finunified-4-ga18ab48:lstm-best-features-power,pitch/epoch-076.pkl
2017-02-05 09:29:32,429 INFO     epoch: 76 took 272.950s (0.001s in batching)
training loss:	0.522387
validation loss:	0.520187
validation error:	0.260200
2017-02-05 09:29:32,434 INFO     Wrote output to trainNN/out/v048-finunified-4-ga18ab48:lstm-best-features-power,pitch/config.json
2017-02-05 09:33:52,776 INFO     Saving network params to trainNN/out/v048-finunified-4-ga18ab48:lstm-best-features-power,pitch/epoch-077.pkl
2017-02-05 09:34:11,489 INFO     epoch: 77 took 279.060s (0.001s in batching)
training loss:	0.522439
validation loss:	0.514985
validation error:	0.255900
2017-02-05 09:34:11,493 INFO     Wrote output to trainNN/out/v048-finunified-4-ga18ab48:lstm-best-features-power,pitch/config.json
2017-02-05 09:38:30,408 INFO     Saving network params to trainNN/out/v048-finunified-4-ga18ab48:lstm-best-features-power,pitch/epoch-078.pkl
2017-02-05 09:38:49,006 INFO     epoch: 78 took 277.518s (0.001s in batching)
training loss:	0.521648
validation loss:	0.516939
validation error:	0.255900
2017-02-05 09:38:49,012 INFO     Wrote output to trainNN/out/v048-finunified-4-ga18ab48:lstm-best-features-power,pitch/config.json
2017-02-05 09:43:04,869 INFO     Saving network params to trainNN/out/v048-finunified-4-ga18ab48:lstm-best-features-power,pitch/epoch-079.pkl
2017-02-05 09:43:23,363 INFO     epoch: 79 took 274.357s (0.001s in batching)
training loss:	0.522041
validation loss:	0.516209
validation error:	0.257700
2017-02-05 09:43:23,368 INFO     Wrote output to trainNN/out/v048-finunified-4-ga18ab48:lstm-best-features-power,pitch/config.json
2017-02-05 09:47:42,812 INFO     Saving network params to trainNN/out/v048-finunified-4-ga18ab48:lstm-best-features-power,pitch/epoch-080.pkl
2017-02-05 09:48:01,341 INFO     epoch: 80 took 277.978s (0.001s in batching)
training loss:	0.520902
validation loss:	0.515643
validation error:	0.255400
2017-02-05 09:48:01,346 INFO     Wrote output to trainNN/out/v048-finunified-4-ga18ab48:lstm-best-features-power,pitch/config.json
2017-02-05 09:52:19,983 INFO     Saving network params to trainNN/out/v048-finunified-4-ga18ab48:lstm-best-features-power,pitch/epoch-081.pkl
2017-02-05 09:52:38,520 INFO     epoch: 81 took 277.179s (0.001s in batching)
training loss:	0.520833
validation loss:	0.514983
validation error:	0.257800
2017-02-05 09:52:38,525 INFO     Wrote output to trainNN/out/v048-finunified-4-ga18ab48:lstm-best-features-power,pitch/config.json
2017-02-05 09:56:53,340 INFO     Saving network params to trainNN/out/v048-finunified-4-ga18ab48:lstm-best-features-power,pitch/epoch-082.pkl
2017-02-05 09:57:54,143 INFO     epoch: 82 took 315.621s (0.001s in batching)
training loss:	0.520866
validation loss:	0.515047
validation error:	0.257000
2017-02-05 09:57:54,180 INFO     Wrote output to trainNN/out/v048-finunified-4-ga18ab48:lstm-best-features-power,pitch/config.json
2017-02-05 10:02:12,974 INFO     Saving network params to trainNN/out/v048-finunified-4-ga18ab48:lstm-best-features-power,pitch/epoch-083.pkl
2017-02-05 10:02:31,749 INFO     epoch: 83 took 277.608s (0.001s in batching)
training loss:	0.520177
validation loss:	0.516367
validation error:	0.257900
2017-02-05 10:02:31,773 INFO     Wrote output to trainNN/out/v048-finunified-4-ga18ab48:lstm-best-features-power,pitch/config.json
2017-02-05 10:06:49,182 INFO     Saving network params to trainNN/out/v048-finunified-4-ga18ab48:lstm-best-features-power,pitch/epoch-084.pkl
2017-02-05 10:07:06,725 INFO     epoch: 84 took 274.976s (0.001s in batching)
training loss:	0.520468
validation loss:	0.514324
validation error:	0.254800
2017-02-05 10:07:06,742 INFO     Wrote output to trainNN/out/v048-finunified-4-ga18ab48:lstm-best-features-power,pitch/config.json
2017-02-05 10:11:25,609 INFO     Saving network params to trainNN/out/v048-finunified-4-ga18ab48:lstm-best-features-power,pitch/epoch-085.pkl
2017-02-05 10:11:44,419 INFO     epoch: 85 took 277.694s (0.001s in batching)
training loss:	0.520434
validation loss:	0.513754
validation error:	0.251600
2017-02-05 10:11:44,424 INFO     Wrote output to trainNN/out/v048-finunified-4-ga18ab48:lstm-best-features-power,pitch/config.json
2017-02-05 10:16:04,144 INFO     Saving network params to trainNN/out/v048-finunified-4-ga18ab48:lstm-best-features-power,pitch/epoch-086.pkl
2017-02-05 10:16:22,421 INFO     epoch: 86 took 278.002s (0.001s in batching)
training loss:	0.519353
validation loss:	0.516344
validation error:	0.255100
2017-02-05 10:16:22,426 INFO     Wrote output to trainNN/out/v048-finunified-4-ga18ab48:lstm-best-features-power,pitch/config.json
2017-02-05 10:20:37,683 INFO     Saving network params to trainNN/out/v048-finunified-4-ga18ab48:lstm-best-features-power,pitch/epoch-087.pkl
2017-02-05 10:20:56,626 INFO     epoch: 87 took 274.204s (0.001s in batching)
training loss:	0.519246
validation loss:	0.513342
validation error:	0.257300
2017-02-05 10:20:56,631 INFO     Wrote output to trainNN/out/v048-finunified-4-ga18ab48:lstm-best-features-power,pitch/config.json
2017-02-05 10:25:16,603 INFO     Saving network params to trainNN/out/v048-finunified-4-ga18ab48:lstm-best-features-power,pitch/epoch-088.pkl
2017-02-05 10:25:35,544 INFO     epoch: 88 took 278.919s (0.001s in batching)
training loss:	0.519393
validation loss:	0.518405
validation error:	0.257400
2017-02-05 10:25:35,549 INFO     Wrote output to trainNN/out/v048-finunified-4-ga18ab48:lstm-best-features-power,pitch/config.json
2017-02-05 10:29:56,014 INFO     Saving network params to trainNN/out/v048-finunified-4-ga18ab48:lstm-best-features-power,pitch/epoch-089.pkl
2017-02-05 10:30:14,739 INFO     epoch: 89 took 279.195s (0.001s in batching)
training loss:	0.519085
validation loss:	0.517897
validation error:	0.254800
2017-02-05 10:30:14,742 INFO     Wrote output to trainNN/out/v048-finunified-4-ga18ab48:lstm-best-features-power,pitch/config.json
2017-02-05 10:34:29,513 INFO     Saving network params to trainNN/out/v048-finunified-4-ga18ab48:lstm-best-features-power,pitch/epoch-090.pkl
2017-02-05 10:34:48,212 INFO     epoch: 90 took 273.473s (0.001s in batching)
training loss:	0.518292
validation loss:	0.515243
validation error:	0.256100
2017-02-05 10:34:48,217 INFO     Wrote output to trainNN/out/v048-finunified-4-ga18ab48:lstm-best-features-power,pitch/config.json
2017-02-05 10:39:10,720 INFO     Saving network params to trainNN/out/v048-finunified-4-ga18ab48:lstm-best-features-power,pitch/epoch-091.pkl
2017-02-05 10:39:29,713 INFO     epoch: 91 took 281.501s (0.001s in batching)
training loss:	0.518570
validation loss:	0.516813
validation error:	0.255700
2017-02-05 10:39:29,717 INFO     Wrote output to trainNN/out/v048-finunified-4-ga18ab48:lstm-best-features-power,pitch/config.json
2017-02-05 10:43:52,022 INFO     Saving network params to trainNN/out/v048-finunified-4-ga18ab48:lstm-best-features-power,pitch/epoch-092.pkl
2017-02-05 10:44:10,639 INFO     epoch: 92 took 280.926s (0.001s in batching)
training loss:	0.518454
validation loss:	0.517022
validation error:	0.254800
2017-02-05 10:44:10,663 INFO     Wrote output to trainNN/out/v048-finunified-4-ga18ab48:lstm-best-features-power,pitch/config.json
2017-02-05 10:48:29,219 INFO     Saving network params to trainNN/out/v048-finunified-4-ga18ab48:lstm-best-features-power,pitch/epoch-093.pkl
2017-02-05 10:48:47,008 INFO     epoch: 93 took 276.369s (0.001s in batching)
training loss:	0.517893
validation loss:	0.513371
validation error:	0.253400
2017-02-05 10:48:47,013 INFO     Wrote output to trainNN/out/v048-finunified-4-ga18ab48:lstm-best-features-power,pitch/config.json
2017-02-05 10:53:09,470 INFO     Saving network params to trainNN/out/v048-finunified-4-ga18ab48:lstm-best-features-power,pitch/epoch-094.pkl
2017-02-05 10:53:27,159 INFO     epoch: 94 took 280.150s (0.001s in batching)
training loss:	0.518107
validation loss:	0.516972
validation error:	0.256200
2017-02-05 10:53:27,164 INFO     Wrote output to trainNN/out/v048-finunified-4-ga18ab48:lstm-best-features-power,pitch/config.json
2017-02-05 10:57:50,911 INFO     Saving network params to trainNN/out/v048-finunified-4-ga18ab48:lstm-best-features-power,pitch/epoch-095.pkl
2017-02-05 10:58:08,903 INFO     epoch: 95 took 281.745s (0.001s in batching)
training loss:	0.517036
validation loss:	0.513059
validation error:	0.256000
2017-02-05 10:58:08,909 INFO     Wrote output to trainNN/out/v048-finunified-4-ga18ab48:lstm-best-features-power,pitch/config.json
2017-02-05 11:02:30,888 INFO     Saving network params to trainNN/out/v048-finunified-4-ga18ab48:lstm-best-features-power,pitch/epoch-096.pkl
2017-02-05 11:02:49,493 INFO     epoch: 96 took 280.589s (0.001s in batching)
training loss:	0.517184
validation loss:	0.517871
validation error:	0.255400
2017-02-05 11:02:49,496 INFO     Wrote output to trainNN/out/v048-finunified-4-ga18ab48:lstm-best-features-power,pitch/config.json
2017-02-05 11:07:14,166 INFO     Saving network params to trainNN/out/v048-finunified-4-ga18ab48:lstm-best-features-power,pitch/epoch-097.pkl
2017-02-05 11:07:32,958 INFO     epoch: 97 took 283.465s (0.001s in batching)
training loss:	0.517417
validation loss:	0.519193
validation error:	0.257400
2017-02-05 11:07:32,986 INFO     Wrote output to trainNN/out/v048-finunified-4-ga18ab48:lstm-best-features-power,pitch/config.json
2017-02-05 11:11:54,822 INFO     Saving network params to trainNN/out/v048-finunified-4-ga18ab48:lstm-best-features-power,pitch/epoch-098.pkl
2017-02-05 11:12:13,524 INFO     epoch: 98 took 280.566s (0.001s in batching)
training loss:	0.517420
validation loss:	0.514691
validation error:	0.251800
2017-02-05 11:12:13,530 INFO     Wrote output to trainNN/out/v048-finunified-4-ga18ab48:lstm-best-features-power,pitch/config.json
2017-02-05 11:16:30,157 INFO     Saving network params to trainNN/out/v048-finunified-4-ga18ab48:lstm-best-features-power,pitch/epoch-099.pkl
2017-02-05 11:16:48,708 INFO     epoch: 99 took 275.184s (0.001s in batching)
training loss:	0.516310
validation loss:	0.511052
validation error:	0.248900
2017-02-05 11:16:48,716 INFO     Wrote output to trainNN/out/v048-finunified-4-ga18ab48:lstm-best-features-power,pitch/config.json
