2017-02-05 05:10:58,781 DEBUG    version=v048-finunified-4-ga18ab48-dirty:lstm-best-context-500ms
2017-02-05 05:10:58,783 INFO     Open DBase(data/db/all240302-spk.dat, data/db/all240302-spk.idx, mode='r')
2017-02-05 05:11:12,634 DEBUG    loading cached extracted data from data/cache/extract-8a46b6f21a7aa223173b23f535a30a86dc1dccad4d99c41898ab8d21c492f952.pickle
2017-02-05 05:11:16,080 DEBUG    set input dim to 14
2017-02-05 05:11:16,080 DEBUG    input dim = 14
2017-02-05 05:11:16,090 DEBUG    shuffling batches
2017-02-05 05:11:20,322 DEBUG    shuffling done
2017-02-05 05:11:20,322 DEBUG    loading data into ram
2017-02-05 05:11:20,454 DEBUG    loading data took 0.132s (cpu: 0.132s)
2017-02-05 05:11:20,777 DEBUG    set input dim to 14
2017-02-05 05:11:20,777 DEBUG    input dim = 14
2017-02-05 05:11:20,807 DEBUG    shuffling batches
2017-02-05 05:11:21,223 DEBUG    shuffling done
2017-02-05 05:11:21,223 DEBUG    loading data into ram
2017-02-05 05:11:21,237 DEBUG    loading data took 0.014s (cpu: 0.014s)
2017-02-05 05:11:21,366 DEBUG    Applying L2 regularization with 0.000100
2017-02-05 05:11:21,497 INFO     Training network with 39027 trainable out of 39237 total params.
2017-02-05 05:11:22,779 DEBUG    Using adam with learning_rate=0.001000
2017-02-05 05:11:58,448 DEBUG    Starting training...
2017-02-05 05:12:28,789 INFO     Saving network params to trainNN/out/v048-finunified-4-ga18ab48-dirty:lstm-best-context-500ms/epoch-000.pkl
2017-02-05 05:12:29,895 INFO     epoch: 0 took 31.446s (0.001s in batching)
training loss:	0.622986
validation loss:	0.594173
validation error:	0.313600
2017-02-05 05:12:29,997 INFO     Wrote output to trainNN/out/v048-finunified-4-ga18ab48-dirty:lstm-best-context-500ms/config.json
2017-02-05 05:12:59,978 INFO     Saving network params to trainNN/out/v048-finunified-4-ga18ab48-dirty:lstm-best-context-500ms/epoch-001.pkl
2017-02-05 05:13:00,632 INFO     epoch: 1 took 30.737s (0.001s in batching)
training loss:	0.597942
validation loss:	0.579985
validation error:	0.301300
2017-02-05 05:13:00,635 INFO     Wrote output to trainNN/out/v048-finunified-4-ga18ab48-dirty:lstm-best-context-500ms/config.json
2017-02-05 05:13:35,556 INFO     Saving network params to trainNN/out/v048-finunified-4-ga18ab48-dirty:lstm-best-context-500ms/epoch-002.pkl
2017-02-05 05:13:36,469 INFO     epoch: 2 took 35.837s (0.001s in batching)
training loss:	0.589018
validation loss:	0.574788
validation error:	0.295000
2017-02-05 05:13:36,471 INFO     Wrote output to trainNN/out/v048-finunified-4-ga18ab48-dirty:lstm-best-context-500ms/config.json
2017-02-05 05:14:21,710 INFO     Saving network params to trainNN/out/v048-finunified-4-ga18ab48-dirty:lstm-best-context-500ms/epoch-003.pkl
2017-02-05 05:14:22,617 INFO     epoch: 3 took 46.148s (0.001s in batching)
training loss:	0.581926
validation loss:	0.570275
validation error:	0.290600
2017-02-05 05:14:22,620 INFO     Wrote output to trainNN/out/v048-finunified-4-ga18ab48-dirty:lstm-best-context-500ms/config.json
2017-02-05 05:15:07,650 INFO     Saving network params to trainNN/out/v048-finunified-4-ga18ab48-dirty:lstm-best-context-500ms/epoch-004.pkl
2017-02-05 05:15:08,562 INFO     epoch: 4 took 45.945s (0.001s in batching)
training loss:	0.578106
validation loss:	0.566439
validation error:	0.288900
2017-02-05 05:15:08,564 INFO     Wrote output to trainNN/out/v048-finunified-4-ga18ab48-dirty:lstm-best-context-500ms/config.json
2017-02-05 05:15:53,840 INFO     Saving network params to trainNN/out/v048-finunified-4-ga18ab48-dirty:lstm-best-context-500ms/epoch-005.pkl
2017-02-05 05:15:54,753 INFO     epoch: 5 took 46.191s (0.001s in batching)
training loss:	0.574078
validation loss:	0.563822
validation error:	0.281900
2017-02-05 05:15:54,756 INFO     Wrote output to trainNN/out/v048-finunified-4-ga18ab48-dirty:lstm-best-context-500ms/config.json
2017-02-05 05:16:39,934 INFO     Saving network params to trainNN/out/v048-finunified-4-ga18ab48-dirty:lstm-best-context-500ms/epoch-006.pkl
2017-02-05 05:16:40,842 INFO     epoch: 6 took 46.089s (0.001s in batching)
training loss:	0.571272
validation loss:	0.557641
validation error:	0.279700
2017-02-05 05:16:40,845 INFO     Wrote output to trainNN/out/v048-finunified-4-ga18ab48-dirty:lstm-best-context-500ms/config.json
2017-02-05 05:17:25,883 INFO     Saving network params to trainNN/out/v048-finunified-4-ga18ab48-dirty:lstm-best-context-500ms/epoch-007.pkl
2017-02-05 05:17:26,788 INFO     epoch: 7 took 45.946s (0.001s in batching)
training loss:	0.568939
validation loss:	0.558566
validation error:	0.279400
2017-02-05 05:17:26,790 INFO     Wrote output to trainNN/out/v048-finunified-4-ga18ab48-dirty:lstm-best-context-500ms/config.json
2017-02-05 05:18:12,088 INFO     Saving network params to trainNN/out/v048-finunified-4-ga18ab48-dirty:lstm-best-context-500ms/epoch-008.pkl
2017-02-05 05:18:12,982 INFO     epoch: 8 took 46.195s (0.001s in batching)
training loss:	0.565754
validation loss:	0.556020
validation error:	0.279700
2017-02-05 05:18:12,985 INFO     Wrote output to trainNN/out/v048-finunified-4-ga18ab48-dirty:lstm-best-context-500ms/config.json
2017-02-05 05:18:57,913 INFO     Saving network params to trainNN/out/v048-finunified-4-ga18ab48-dirty:lstm-best-context-500ms/epoch-009.pkl
2017-02-05 05:18:58,809 INFO     epoch: 9 took 45.826s (0.001s in batching)
training loss:	0.562312
validation loss:	0.557490
validation error:	0.278600
2017-02-05 05:18:58,811 INFO     Wrote output to trainNN/out/v048-finunified-4-ga18ab48-dirty:lstm-best-context-500ms/config.json
2017-02-05 05:19:44,010 INFO     Saving network params to trainNN/out/v048-finunified-4-ga18ab48-dirty:lstm-best-context-500ms/epoch-010.pkl
2017-02-05 05:19:44,925 INFO     epoch: 10 took 46.116s (0.001s in batching)
training loss:	0.560863
validation loss:	0.549638
validation error:	0.273600
2017-02-05 05:19:44,928 INFO     Wrote output to trainNN/out/v048-finunified-4-ga18ab48-dirty:lstm-best-context-500ms/config.json
2017-02-05 05:20:29,654 INFO     Saving network params to trainNN/out/v048-finunified-4-ga18ab48-dirty:lstm-best-context-500ms/epoch-011.pkl
2017-02-05 05:20:30,552 INFO     epoch: 11 took 45.627s (0.001s in batching)
training loss:	0.559047
validation loss:	0.550736
validation error:	0.274800
2017-02-05 05:20:30,554 INFO     Wrote output to trainNN/out/v048-finunified-4-ga18ab48-dirty:lstm-best-context-500ms/config.json
2017-02-05 05:21:15,587 INFO     Saving network params to trainNN/out/v048-finunified-4-ga18ab48-dirty:lstm-best-context-500ms/epoch-012.pkl
2017-02-05 05:21:16,493 INFO     epoch: 12 took 45.942s (0.001s in batching)
training loss:	0.557342
validation loss:	0.549929
validation error:	0.274100
2017-02-05 05:21:16,496 INFO     Wrote output to trainNN/out/v048-finunified-4-ga18ab48-dirty:lstm-best-context-500ms/config.json
2017-02-05 05:22:01,440 INFO     Saving network params to trainNN/out/v048-finunified-4-ga18ab48-dirty:lstm-best-context-500ms/epoch-013.pkl
2017-02-05 05:22:02,334 INFO     epoch: 13 took 45.841s (0.001s in batching)
training loss:	0.555715
validation loss:	0.550311
validation error:	0.275100
2017-02-05 05:22:02,337 INFO     Wrote output to trainNN/out/v048-finunified-4-ga18ab48-dirty:lstm-best-context-500ms/config.json
2017-02-05 05:22:47,508 INFO     Saving network params to trainNN/out/v048-finunified-4-ga18ab48-dirty:lstm-best-context-500ms/epoch-014.pkl
2017-02-05 05:22:48,405 INFO     epoch: 14 took 46.071s (0.001s in batching)
training loss:	0.554678
validation loss:	0.546793
validation error:	0.270400
2017-02-05 05:22:48,408 INFO     Wrote output to trainNN/out/v048-finunified-4-ga18ab48-dirty:lstm-best-context-500ms/config.json
2017-02-05 05:23:33,556 INFO     Saving network params to trainNN/out/v048-finunified-4-ga18ab48-dirty:lstm-best-context-500ms/epoch-015.pkl
2017-02-05 05:23:34,463 INFO     epoch: 15 took 46.057s (0.001s in batching)
training loss:	0.553156
validation loss:	0.552972
validation error:	0.274100
2017-02-05 05:23:34,466 INFO     Wrote output to trainNN/out/v048-finunified-4-ga18ab48-dirty:lstm-best-context-500ms/config.json
2017-02-05 05:24:19,705 INFO     Saving network params to trainNN/out/v048-finunified-4-ga18ab48-dirty:lstm-best-context-500ms/epoch-016.pkl
2017-02-05 05:24:20,607 INFO     epoch: 16 took 46.144s (0.001s in batching)
training loss:	0.551980
validation loss:	0.546002
validation error:	0.267500
2017-02-05 05:24:20,611 INFO     Wrote output to trainNN/out/v048-finunified-4-ga18ab48-dirty:lstm-best-context-500ms/config.json
2017-02-05 05:25:05,691 INFO     Saving network params to trainNN/out/v048-finunified-4-ga18ab48-dirty:lstm-best-context-500ms/epoch-017.pkl
2017-02-05 05:25:06,593 INFO     epoch: 17 took 45.986s (0.001s in batching)
training loss:	0.551071
validation loss:	0.543491
validation error:	0.271400
2017-02-05 05:25:06,596 INFO     Wrote output to trainNN/out/v048-finunified-4-ga18ab48-dirty:lstm-best-context-500ms/config.json
2017-02-05 05:25:51,572 INFO     Saving network params to trainNN/out/v048-finunified-4-ga18ab48-dirty:lstm-best-context-500ms/epoch-018.pkl
2017-02-05 05:25:52,476 INFO     epoch: 18 took 45.883s (0.001s in batching)
training loss:	0.550155
validation loss:	0.543005
validation error:	0.268100
2017-02-05 05:25:52,479 INFO     Wrote output to trainNN/out/v048-finunified-4-ga18ab48-dirty:lstm-best-context-500ms/config.json
2017-02-05 05:26:37,772 INFO     Saving network params to trainNN/out/v048-finunified-4-ga18ab48-dirty:lstm-best-context-500ms/epoch-019.pkl
2017-02-05 05:26:38,673 INFO     epoch: 19 took 46.197s (0.001s in batching)
training loss:	0.549038
validation loss:	0.541138
validation error:	0.267800
2017-02-05 05:26:38,676 INFO     Wrote output to trainNN/out/v048-finunified-4-ga18ab48-dirty:lstm-best-context-500ms/config.json
2017-02-05 05:27:23,986 INFO     Saving network params to trainNN/out/v048-finunified-4-ga18ab48-dirty:lstm-best-context-500ms/epoch-020.pkl
2017-02-05 05:27:24,895 INFO     epoch: 20 took 46.221s (0.001s in batching)
training loss:	0.549028
validation loss:	0.549033
validation error:	0.272800
2017-02-05 05:27:24,898 INFO     Wrote output to trainNN/out/v048-finunified-4-ga18ab48-dirty:lstm-best-context-500ms/config.json
2017-02-05 05:28:10,043 INFO     Saving network params to trainNN/out/v048-finunified-4-ga18ab48-dirty:lstm-best-context-500ms/epoch-021.pkl
2017-02-05 05:28:10,951 INFO     epoch: 21 took 46.056s (0.001s in batching)
training loss:	0.547470
validation loss:	0.543521
validation error:	0.264700
2017-02-05 05:28:10,954 INFO     Wrote output to trainNN/out/v048-finunified-4-ga18ab48-dirty:lstm-best-context-500ms/config.json
2017-02-05 05:28:56,162 INFO     Saving network params to trainNN/out/v048-finunified-4-ga18ab48-dirty:lstm-best-context-500ms/epoch-022.pkl
2017-02-05 05:28:57,037 INFO     epoch: 22 took 46.086s (0.001s in batching)
training loss:	0.547410
validation loss:	0.541156
validation error:	0.266900
2017-02-05 05:28:57,041 INFO     Wrote output to trainNN/out/v048-finunified-4-ga18ab48-dirty:lstm-best-context-500ms/config.json
2017-02-05 05:29:42,093 INFO     Saving network params to trainNN/out/v048-finunified-4-ga18ab48-dirty:lstm-best-context-500ms/epoch-023.pkl
2017-02-05 05:29:43,002 INFO     epoch: 23 took 45.965s (0.001s in batching)
training loss:	0.545967
validation loss:	0.541940
validation error:	0.266900
2017-02-05 05:29:43,006 INFO     Wrote output to trainNN/out/v048-finunified-4-ga18ab48-dirty:lstm-best-context-500ms/config.json
2017-02-05 05:30:28,299 INFO     Saving network params to trainNN/out/v048-finunified-4-ga18ab48-dirty:lstm-best-context-500ms/epoch-024.pkl
2017-02-05 05:30:29,180 INFO     epoch: 24 took 46.177s (0.001s in batching)
training loss:	0.545393
validation loss:	0.541685
validation error:	0.266600
2017-02-05 05:30:29,183 INFO     Wrote output to trainNN/out/v048-finunified-4-ga18ab48-dirty:lstm-best-context-500ms/config.json
2017-02-05 05:31:14,763 INFO     Saving network params to trainNN/out/v048-finunified-4-ga18ab48-dirty:lstm-best-context-500ms/epoch-025.pkl
2017-02-05 05:31:15,651 INFO     epoch: 25 took 46.471s (0.001s in batching)
training loss:	0.545788
validation loss:	0.539164
validation error:	0.266600
2017-02-05 05:31:15,655 INFO     Wrote output to trainNN/out/v048-finunified-4-ga18ab48-dirty:lstm-best-context-500ms/config.json
2017-02-05 05:32:00,759 INFO     Saving network params to trainNN/out/v048-finunified-4-ga18ab48-dirty:lstm-best-context-500ms/epoch-026.pkl
2017-02-05 05:32:01,652 INFO     epoch: 26 took 46.001s (0.001s in batching)
training loss:	0.544203
validation loss:	0.537400
validation error:	0.262100
2017-02-05 05:32:01,655 INFO     Wrote output to trainNN/out/v048-finunified-4-ga18ab48-dirty:lstm-best-context-500ms/config.json
2017-02-05 05:32:46,917 INFO     Saving network params to trainNN/out/v048-finunified-4-ga18ab48-dirty:lstm-best-context-500ms/epoch-027.pkl
2017-02-05 05:32:47,796 INFO     epoch: 27 took 46.145s (0.001s in batching)
training loss:	0.543450
validation loss:	0.537574
validation error:	0.263900
2017-02-05 05:32:47,800 INFO     Wrote output to trainNN/out/v048-finunified-4-ga18ab48-dirty:lstm-best-context-500ms/config.json
2017-02-05 05:33:32,762 INFO     Saving network params to trainNN/out/v048-finunified-4-ga18ab48-dirty:lstm-best-context-500ms/epoch-028.pkl
2017-02-05 05:33:33,659 INFO     epoch: 28 took 45.863s (0.001s in batching)
training loss:	0.543281
validation loss:	0.537236
validation error:	0.263200
2017-02-05 05:33:33,663 INFO     Wrote output to trainNN/out/v048-finunified-4-ga18ab48-dirty:lstm-best-context-500ms/config.json
2017-02-05 05:34:18,775 INFO     Saving network params to trainNN/out/v048-finunified-4-ga18ab48-dirty:lstm-best-context-500ms/epoch-029.pkl
2017-02-05 05:34:19,665 INFO     epoch: 29 took 46.006s (0.001s in batching)
training loss:	0.542562
validation loss:	0.540728
validation error:	0.266600
2017-02-05 05:34:19,669 INFO     Wrote output to trainNN/out/v048-finunified-4-ga18ab48-dirty:lstm-best-context-500ms/config.json
2017-02-05 05:35:05,013 INFO     Saving network params to trainNN/out/v048-finunified-4-ga18ab48-dirty:lstm-best-context-500ms/epoch-030.pkl
2017-02-05 05:35:05,905 INFO     epoch: 30 took 46.240s (0.001s in batching)
training loss:	0.541499
validation loss:	0.541044
validation error:	0.266000
2017-02-05 05:35:05,909 INFO     Wrote output to trainNN/out/v048-finunified-4-ga18ab48-dirty:lstm-best-context-500ms/config.json
2017-02-05 05:35:50,882 INFO     Saving network params to trainNN/out/v048-finunified-4-ga18ab48-dirty:lstm-best-context-500ms/epoch-031.pkl
2017-02-05 05:35:51,791 INFO     epoch: 31 took 45.886s (0.001s in batching)
training loss:	0.542295
validation loss:	0.539343
validation error:	0.264900
2017-02-05 05:35:51,795 INFO     Wrote output to trainNN/out/v048-finunified-4-ga18ab48-dirty:lstm-best-context-500ms/config.json
2017-02-05 05:36:36,939 INFO     Saving network params to trainNN/out/v048-finunified-4-ga18ab48-dirty:lstm-best-context-500ms/epoch-032.pkl
2017-02-05 05:36:37,837 INFO     epoch: 32 took 46.046s (0.001s in batching)
training loss:	0.540533
validation loss:	0.541140
validation error:	0.267800
2017-02-05 05:36:37,841 INFO     Wrote output to trainNN/out/v048-finunified-4-ga18ab48-dirty:lstm-best-context-500ms/config.json
2017-02-05 05:37:22,854 INFO     Saving network params to trainNN/out/v048-finunified-4-ga18ab48-dirty:lstm-best-context-500ms/epoch-033.pkl
2017-02-05 05:37:23,756 INFO     epoch: 33 took 45.919s (0.001s in batching)
training loss:	0.539971
validation loss:	0.536104
validation error:	0.262000
2017-02-05 05:37:23,759 INFO     Wrote output to trainNN/out/v048-finunified-4-ga18ab48-dirty:lstm-best-context-500ms/config.json
2017-02-05 05:38:08,836 INFO     Saving network params to trainNN/out/v048-finunified-4-ga18ab48-dirty:lstm-best-context-500ms/epoch-034.pkl
2017-02-05 05:38:09,740 INFO     epoch: 34 took 45.984s (0.001s in batching)
training loss:	0.539689
validation loss:	0.536456
validation error:	0.262100
2017-02-05 05:38:09,744 INFO     Wrote output to trainNN/out/v048-finunified-4-ga18ab48-dirty:lstm-best-context-500ms/config.json
2017-02-05 05:38:55,265 INFO     Saving network params to trainNN/out/v048-finunified-4-ga18ab48-dirty:lstm-best-context-500ms/epoch-035.pkl
2017-02-05 05:38:56,183 INFO     epoch: 35 took 46.444s (0.001s in batching)
training loss:	0.539255
validation loss:	0.538625
validation error:	0.263800
2017-02-05 05:38:56,187 INFO     Wrote output to trainNN/out/v048-finunified-4-ga18ab48-dirty:lstm-best-context-500ms/config.json
2017-02-05 05:39:41,625 INFO     Saving network params to trainNN/out/v048-finunified-4-ga18ab48-dirty:lstm-best-context-500ms/epoch-036.pkl
2017-02-05 05:39:42,523 INFO     epoch: 36 took 46.340s (0.001s in batching)
training loss:	0.538813
validation loss:	0.538221
validation error:	0.263100
2017-02-05 05:39:42,527 INFO     Wrote output to trainNN/out/v048-finunified-4-ga18ab48-dirty:lstm-best-context-500ms/config.json
2017-02-05 05:40:27,540 INFO     Saving network params to trainNN/out/v048-finunified-4-ga18ab48-dirty:lstm-best-context-500ms/epoch-037.pkl
2017-02-05 05:40:28,460 INFO     epoch: 37 took 45.936s (0.001s in batching)
training loss:	0.538873
validation loss:	0.542146
validation error:	0.264300
2017-02-05 05:40:28,464 INFO     Wrote output to trainNN/out/v048-finunified-4-ga18ab48-dirty:lstm-best-context-500ms/config.json
2017-02-05 05:41:13,857 INFO     Saving network params to trainNN/out/v048-finunified-4-ga18ab48-dirty:lstm-best-context-500ms/epoch-038.pkl
2017-02-05 05:41:14,750 INFO     epoch: 38 took 46.290s (0.001s in batching)
training loss:	0.538520
validation loss:	0.535125
validation error:	0.262200
2017-02-05 05:41:14,754 INFO     Wrote output to trainNN/out/v048-finunified-4-ga18ab48-dirty:lstm-best-context-500ms/config.json
2017-02-05 05:42:00,227 INFO     Saving network params to trainNN/out/v048-finunified-4-ga18ab48-dirty:lstm-best-context-500ms/epoch-039.pkl
2017-02-05 05:42:01,120 INFO     epoch: 39 took 46.370s (0.001s in batching)
training loss:	0.537368
validation loss:	0.535351
validation error:	0.261100
2017-02-05 05:42:01,124 INFO     Wrote output to trainNN/out/v048-finunified-4-ga18ab48-dirty:lstm-best-context-500ms/config.json
2017-02-05 05:42:46,025 INFO     Saving network params to trainNN/out/v048-finunified-4-ga18ab48-dirty:lstm-best-context-500ms/epoch-040.pkl
2017-02-05 05:42:46,927 INFO     epoch: 40 took 45.806s (0.001s in batching)
training loss:	0.537188
validation loss:	0.538811
validation error:	0.265000
2017-02-05 05:42:46,931 INFO     Wrote output to trainNN/out/v048-finunified-4-ga18ab48-dirty:lstm-best-context-500ms/config.json
2017-02-05 05:43:32,496 INFO     Saving network params to trainNN/out/v048-finunified-4-ga18ab48-dirty:lstm-best-context-500ms/epoch-041.pkl
2017-02-05 05:43:33,393 INFO     epoch: 41 took 46.466s (0.001s in batching)
training loss:	0.536331
validation loss:	0.538739
validation error:	0.264200
2017-02-05 05:43:33,396 INFO     Wrote output to trainNN/out/v048-finunified-4-ga18ab48-dirty:lstm-best-context-500ms/config.json
2017-02-05 05:44:18,760 INFO     Saving network params to trainNN/out/v048-finunified-4-ga18ab48-dirty:lstm-best-context-500ms/epoch-042.pkl
2017-02-05 05:44:19,634 INFO     epoch: 42 took 46.241s (0.001s in batching)
training loss:	0.535912
validation loss:	0.537142
validation error:	0.262200
2017-02-05 05:44:19,638 INFO     Wrote output to trainNN/out/v048-finunified-4-ga18ab48-dirty:lstm-best-context-500ms/config.json
2017-02-05 05:45:05,075 INFO     Saving network params to trainNN/out/v048-finunified-4-ga18ab48-dirty:lstm-best-context-500ms/epoch-043.pkl
2017-02-05 05:45:05,959 INFO     epoch: 43 took 46.325s (0.001s in batching)
training loss:	0.535491
validation loss:	0.534762
validation error:	0.261700
2017-02-05 05:45:05,963 INFO     Wrote output to trainNN/out/v048-finunified-4-ga18ab48-dirty:lstm-best-context-500ms/config.json
2017-02-05 05:45:51,286 INFO     Saving network params to trainNN/out/v048-finunified-4-ga18ab48-dirty:lstm-best-context-500ms/epoch-044.pkl
2017-02-05 05:45:52,190 INFO     epoch: 44 took 46.231s (0.001s in batching)
training loss:	0.535862
validation loss:	0.535958
validation error:	0.261000
2017-02-05 05:45:52,194 INFO     Wrote output to trainNN/out/v048-finunified-4-ga18ab48-dirty:lstm-best-context-500ms/config.json
2017-02-05 05:46:37,571 INFO     Saving network params to trainNN/out/v048-finunified-4-ga18ab48-dirty:lstm-best-context-500ms/epoch-045.pkl
2017-02-05 05:46:38,478 INFO     epoch: 45 took 46.288s (0.001s in batching)
training loss:	0.534904
validation loss:	0.536647
validation error:	0.260900
2017-02-05 05:46:38,482 INFO     Wrote output to trainNN/out/v048-finunified-4-ga18ab48-dirty:lstm-best-context-500ms/config.json
2017-02-05 05:47:24,095 INFO     Saving network params to trainNN/out/v048-finunified-4-ga18ab48-dirty:lstm-best-context-500ms/epoch-046.pkl
2017-02-05 05:47:25,006 INFO     epoch: 46 took 46.528s (0.001s in batching)
training loss:	0.534656
validation loss:	0.536309
validation error:	0.260500
2017-02-05 05:47:25,010 INFO     Wrote output to trainNN/out/v048-finunified-4-ga18ab48-dirty:lstm-best-context-500ms/config.json
2017-02-05 05:48:10,481 INFO     Saving network params to trainNN/out/v048-finunified-4-ga18ab48-dirty:lstm-best-context-500ms/epoch-047.pkl
2017-02-05 05:48:11,360 INFO     epoch: 47 took 46.354s (0.001s in batching)
training loss:	0.534224
validation loss:	0.534224
validation error:	0.260300
2017-02-05 05:48:11,364 INFO     Wrote output to trainNN/out/v048-finunified-4-ga18ab48-dirty:lstm-best-context-500ms/config.json
2017-02-05 05:48:57,255 INFO     Saving network params to trainNN/out/v048-finunified-4-ga18ab48-dirty:lstm-best-context-500ms/epoch-048.pkl
2017-02-05 05:48:58,152 INFO     epoch: 48 took 46.792s (0.001s in batching)
training loss:	0.533092
validation loss:	0.543076
validation error:	0.268600
2017-02-05 05:48:58,157 INFO     Wrote output to trainNN/out/v048-finunified-4-ga18ab48-dirty:lstm-best-context-500ms/config.json
2017-02-05 05:49:43,026 INFO     Saving network params to trainNN/out/v048-finunified-4-ga18ab48-dirty:lstm-best-context-500ms/epoch-049.pkl
2017-02-05 05:49:43,925 INFO     epoch: 49 took 45.772s (0.001s in batching)
training loss:	0.533734
validation loss:	0.534626
validation error:	0.259200
2017-02-05 05:49:43,929 INFO     Wrote output to trainNN/out/v048-finunified-4-ga18ab48-dirty:lstm-best-context-500ms/config.json
2017-02-05 05:50:29,280 INFO     Saving network params to trainNN/out/v048-finunified-4-ga18ab48-dirty:lstm-best-context-500ms/epoch-050.pkl
2017-02-05 05:50:30,173 INFO     epoch: 50 took 46.249s (0.001s in batching)
training loss:	0.532753
validation loss:	0.535291
validation error:	0.261200
2017-02-05 05:50:30,178 INFO     Wrote output to trainNN/out/v048-finunified-4-ga18ab48-dirty:lstm-best-context-500ms/config.json
2017-02-05 05:51:19,340 INFO     Saving network params to trainNN/out/v048-finunified-4-ga18ab48-dirty:lstm-best-context-500ms/epoch-051.pkl
2017-02-05 05:51:20,378 INFO     epoch: 51 took 50.205s (0.001s in batching)
training loss:	0.532743
validation loss:	0.538776
validation error:	0.265600
2017-02-05 05:51:20,383 INFO     Wrote output to trainNN/out/v048-finunified-4-ga18ab48-dirty:lstm-best-context-500ms/config.json
2017-02-05 05:52:10,516 INFO     Saving network params to trainNN/out/v048-finunified-4-ga18ab48-dirty:lstm-best-context-500ms/epoch-052.pkl
2017-02-05 05:52:11,537 INFO     epoch: 52 took 51.159s (0.001s in batching)
training loss:	0.532137
validation loss:	0.538520
validation error:	0.262800
2017-02-05 05:52:11,542 INFO     Wrote output to trainNN/out/v048-finunified-4-ga18ab48-dirty:lstm-best-context-500ms/config.json
2017-02-05 05:53:01,636 INFO     Saving network params to trainNN/out/v048-finunified-4-ga18ab48-dirty:lstm-best-context-500ms/epoch-053.pkl
2017-02-05 05:53:02,666 INFO     epoch: 53 took 51.129s (0.001s in batching)
training loss:	0.531694
validation loss:	0.538118
validation error:	0.263300
2017-02-05 05:53:02,671 INFO     Wrote output to trainNN/out/v048-finunified-4-ga18ab48-dirty:lstm-best-context-500ms/config.json
2017-02-05 05:53:52,757 INFO     Saving network params to trainNN/out/v048-finunified-4-ga18ab48-dirty:lstm-best-context-500ms/epoch-054.pkl
2017-02-05 05:53:53,782 INFO     epoch: 54 took 51.117s (0.001s in batching)
training loss:	0.530706
validation loss:	0.537598
validation error:	0.262600
2017-02-05 05:53:53,789 INFO     Wrote output to trainNN/out/v048-finunified-4-ga18ab48-dirty:lstm-best-context-500ms/config.json
2017-02-05 05:54:44,697 INFO     Saving network params to trainNN/out/v048-finunified-4-ga18ab48-dirty:lstm-best-context-500ms/epoch-055.pkl
2017-02-05 05:54:45,733 INFO     epoch: 55 took 51.951s (0.001s in batching)
training loss:	0.530805
validation loss:	0.538217
validation error:	0.263900
2017-02-05 05:54:45,739 INFO     Wrote output to trainNN/out/v048-finunified-4-ga18ab48-dirty:lstm-best-context-500ms/config.json
2017-02-05 05:55:36,042 INFO     Saving network params to trainNN/out/v048-finunified-4-ga18ab48-dirty:lstm-best-context-500ms/epoch-056.pkl
2017-02-05 05:55:37,066 INFO     epoch: 56 took 51.333s (0.001s in batching)
training loss:	0.530128
validation loss:	0.538340
validation error:	0.258600
2017-02-05 05:55:37,071 INFO     Wrote output to trainNN/out/v048-finunified-4-ga18ab48-dirty:lstm-best-context-500ms/config.json
2017-02-05 05:56:27,347 INFO     Saving network params to trainNN/out/v048-finunified-4-ga18ab48-dirty:lstm-best-context-500ms/epoch-057.pkl
2017-02-05 05:56:28,370 INFO     epoch: 57 took 51.304s (0.001s in batching)
training loss:	0.529601
validation loss:	0.545342
validation error:	0.267700
2017-02-05 05:56:28,376 INFO     Wrote output to trainNN/out/v048-finunified-4-ga18ab48-dirty:lstm-best-context-500ms/config.json
2017-02-05 05:57:18,650 INFO     Saving network params to trainNN/out/v048-finunified-4-ga18ab48-dirty:lstm-best-context-500ms/epoch-058.pkl
2017-02-05 05:57:19,674 INFO     epoch: 58 took 51.304s (0.001s in batching)
training loss:	0.529020
validation loss:	0.539751
validation error:	0.262400
2017-02-05 05:57:19,679 INFO     Wrote output to trainNN/out/v048-finunified-4-ga18ab48-dirty:lstm-best-context-500ms/config.json
2017-02-05 05:58:09,463 INFO     Saving network params to trainNN/out/v048-finunified-4-ga18ab48-dirty:lstm-best-context-500ms/epoch-059.pkl
2017-02-05 05:58:10,457 INFO     epoch: 59 took 50.783s (0.001s in batching)
training loss:	0.528531
validation loss:	0.543375
validation error:	0.265000
2017-02-05 05:58:10,464 INFO     Wrote output to trainNN/out/v048-finunified-4-ga18ab48-dirty:lstm-best-context-500ms/config.json
2017-02-05 05:59:00,346 INFO     Saving network params to trainNN/out/v048-finunified-4-ga18ab48-dirty:lstm-best-context-500ms/epoch-060.pkl
2017-02-05 05:59:01,352 INFO     epoch: 60 took 50.895s (0.001s in batching)
training loss:	0.528179
validation loss:	0.538749
validation error:	0.261300
2017-02-05 05:59:01,359 INFO     Wrote output to trainNN/out/v048-finunified-4-ga18ab48-dirty:lstm-best-context-500ms/config.json
2017-02-05 05:59:51,428 INFO     Saving network params to trainNN/out/v048-finunified-4-ga18ab48-dirty:lstm-best-context-500ms/epoch-061.pkl
2017-02-05 05:59:52,453 INFO     epoch: 61 took 51.101s (0.001s in batching)
training loss:	0.527591
validation loss:	0.538923
validation error:	0.261400
2017-02-05 05:59:52,459 INFO     Wrote output to trainNN/out/v048-finunified-4-ga18ab48-dirty:lstm-best-context-500ms/config.json
2017-02-05 06:00:42,487 INFO     Saving network params to trainNN/out/v048-finunified-4-ga18ab48-dirty:lstm-best-context-500ms/epoch-062.pkl
2017-02-05 06:00:43,501 INFO     epoch: 62 took 51.047s (0.001s in batching)
training loss:	0.526918
validation loss:	0.544094
validation error:	0.269200
2017-02-05 06:00:43,507 INFO     Wrote output to trainNN/out/v048-finunified-4-ga18ab48-dirty:lstm-best-context-500ms/config.json
2017-02-05 06:01:33,718 INFO     Saving network params to trainNN/out/v048-finunified-4-ga18ab48-dirty:lstm-best-context-500ms/epoch-063.pkl
2017-02-05 06:01:34,752 INFO     epoch: 63 took 51.251s (0.001s in batching)
training loss:	0.527478
validation loss:	0.539858
validation error:	0.264000
2017-02-05 06:01:34,759 INFO     Wrote output to trainNN/out/v048-finunified-4-ga18ab48-dirty:lstm-best-context-500ms/config.json
2017-02-05 06:02:24,851 INFO     Saving network params to trainNN/out/v048-finunified-4-ga18ab48-dirty:lstm-best-context-500ms/epoch-064.pkl
2017-02-05 06:02:25,890 INFO     epoch: 64 took 51.138s (0.001s in batching)
training loss:	0.526674
validation loss:	0.546793
validation error:	0.268800
2017-02-05 06:02:25,896 INFO     Wrote output to trainNN/out/v048-finunified-4-ga18ab48-dirty:lstm-best-context-500ms/config.json
2017-02-05 06:03:16,098 INFO     Saving network params to trainNN/out/v048-finunified-4-ga18ab48-dirty:lstm-best-context-500ms/epoch-065.pkl
2017-02-05 06:03:17,112 INFO     epoch: 65 took 51.222s (0.001s in batching)
training loss:	0.526455
validation loss:	0.542466
validation error:	0.267200
2017-02-05 06:03:17,119 INFO     Wrote output to trainNN/out/v048-finunified-4-ga18ab48-dirty:lstm-best-context-500ms/config.json
2017-02-05 06:04:07,156 INFO     Saving network params to trainNN/out/v048-finunified-4-ga18ab48-dirty:lstm-best-context-500ms/epoch-066.pkl
2017-02-05 06:04:08,196 INFO     epoch: 66 took 51.084s (0.001s in batching)
training loss:	0.526367
validation loss:	0.541416
validation error:	0.265600
2017-02-05 06:04:08,203 INFO     Wrote output to trainNN/out/v048-finunified-4-ga18ab48-dirty:lstm-best-context-500ms/config.json
2017-02-05 06:04:58,180 INFO     Saving network params to trainNN/out/v048-finunified-4-ga18ab48-dirty:lstm-best-context-500ms/epoch-067.pkl
2017-02-05 06:04:59,228 INFO     epoch: 67 took 51.032s (0.001s in batching)
training loss:	0.525392
validation loss:	0.541601
validation error:	0.262700
2017-02-05 06:04:59,236 INFO     Wrote output to trainNN/out/v048-finunified-4-ga18ab48-dirty:lstm-best-context-500ms/config.json
2017-02-05 06:05:49,397 INFO     Saving network params to trainNN/out/v048-finunified-4-ga18ab48-dirty:lstm-best-context-500ms/epoch-068.pkl
2017-02-05 06:05:50,428 INFO     epoch: 68 took 51.199s (0.001s in batching)
training loss:	0.524922
validation loss:	0.545511
validation error:	0.270000
2017-02-05 06:05:50,435 INFO     Wrote output to trainNN/out/v048-finunified-4-ga18ab48-dirty:lstm-best-context-500ms/config.json
2017-02-05 06:06:40,636 INFO     Saving network params to trainNN/out/v048-finunified-4-ga18ab48-dirty:lstm-best-context-500ms/epoch-069.pkl
2017-02-05 06:06:41,668 INFO     epoch: 69 took 51.240s (0.001s in batching)
training loss:	0.525230
validation loss:	0.539113
validation error:	0.264500
2017-02-05 06:06:41,674 INFO     Wrote output to trainNN/out/v048-finunified-4-ga18ab48-dirty:lstm-best-context-500ms/config.json
2017-02-05 06:07:31,784 INFO     Saving network params to trainNN/out/v048-finunified-4-ga18ab48-dirty:lstm-best-context-500ms/epoch-070.pkl
2017-02-05 06:07:32,818 INFO     epoch: 70 took 51.150s (0.001s in batching)
training loss:	0.524865
validation loss:	0.539244
validation error:	0.260700
2017-02-05 06:07:32,824 INFO     Wrote output to trainNN/out/v048-finunified-4-ga18ab48-dirty:lstm-best-context-500ms/config.json
2017-02-05 06:08:22,594 INFO     Saving network params to trainNN/out/v048-finunified-4-ga18ab48-dirty:lstm-best-context-500ms/epoch-071.pkl
2017-02-05 06:08:23,631 INFO     epoch: 71 took 50.813s (0.001s in batching)
training loss:	0.523790
validation loss:	0.546396
validation error:	0.265100
2017-02-05 06:08:23,636 INFO     Wrote output to trainNN/out/v048-finunified-4-ga18ab48-dirty:lstm-best-context-500ms/config.json
2017-02-05 06:09:13,815 INFO     Saving network params to trainNN/out/v048-finunified-4-ga18ab48-dirty:lstm-best-context-500ms/epoch-072.pkl
2017-02-05 06:09:14,853 INFO     epoch: 72 took 51.222s (0.001s in batching)
training loss:	0.523407
validation loss:	0.542765
validation error:	0.265900
2017-02-05 06:09:14,860 INFO     Wrote output to trainNN/out/v048-finunified-4-ga18ab48-dirty:lstm-best-context-500ms/config.json
2017-02-05 06:10:04,742 INFO     Saving network params to trainNN/out/v048-finunified-4-ga18ab48-dirty:lstm-best-context-500ms/epoch-073.pkl
2017-02-05 06:10:05,755 INFO     epoch: 73 took 50.902s (0.001s in batching)
training loss:	0.523004
validation loss:	0.543898
validation error:	0.268000
2017-02-05 06:10:05,762 INFO     Wrote output to trainNN/out/v048-finunified-4-ga18ab48-dirty:lstm-best-context-500ms/config.json
2017-02-05 06:10:56,009 INFO     Saving network params to trainNN/out/v048-finunified-4-ga18ab48-dirty:lstm-best-context-500ms/epoch-074.pkl
2017-02-05 06:10:57,030 INFO     epoch: 74 took 51.275s (0.001s in batching)
training loss:	0.522350
validation loss:	0.542068
validation error:	0.262000
2017-02-05 06:10:57,037 INFO     Wrote output to trainNN/out/v048-finunified-4-ga18ab48-dirty:lstm-best-context-500ms/config.json
2017-02-05 06:11:47,304 INFO     Saving network params to trainNN/out/v048-finunified-4-ga18ab48-dirty:lstm-best-context-500ms/epoch-075.pkl
2017-02-05 06:11:48,330 INFO     epoch: 75 took 51.300s (0.001s in batching)
training loss:	0.522043
validation loss:	0.542195
validation error:	0.267100
2017-02-05 06:11:48,337 INFO     Wrote output to trainNN/out/v048-finunified-4-ga18ab48-dirty:lstm-best-context-500ms/config.json
2017-02-05 06:12:38,311 INFO     Saving network params to trainNN/out/v048-finunified-4-ga18ab48-dirty:lstm-best-context-500ms/epoch-076.pkl
2017-02-05 06:12:39,336 INFO     epoch: 76 took 51.006s (0.001s in batching)
training loss:	0.522214
validation loss:	0.544814
validation error:	0.264400
2017-02-05 06:12:39,342 INFO     Wrote output to trainNN/out/v048-finunified-4-ga18ab48-dirty:lstm-best-context-500ms/config.json
2017-02-05 06:13:29,631 INFO     Saving network params to trainNN/out/v048-finunified-4-ga18ab48-dirty:lstm-best-context-500ms/epoch-077.pkl
2017-02-05 06:13:30,633 INFO     epoch: 77 took 51.297s (0.001s in batching)
training loss:	0.521577
validation loss:	0.542661
validation error:	0.265500
2017-02-05 06:13:30,639 INFO     Wrote output to trainNN/out/v048-finunified-4-ga18ab48-dirty:lstm-best-context-500ms/config.json
2017-02-05 06:14:20,502 INFO     Saving network params to trainNN/out/v048-finunified-4-ga18ab48-dirty:lstm-best-context-500ms/epoch-078.pkl
2017-02-05 06:14:21,541 INFO     epoch: 78 took 50.908s (0.001s in batching)
training loss:	0.521207
validation loss:	0.545951
validation error:	0.268200
2017-02-05 06:14:21,548 INFO     Wrote output to trainNN/out/v048-finunified-4-ga18ab48-dirty:lstm-best-context-500ms/config.json
2017-02-05 06:15:11,514 INFO     Saving network params to trainNN/out/v048-finunified-4-ga18ab48-dirty:lstm-best-context-500ms/epoch-079.pkl
2017-02-05 06:15:12,550 INFO     epoch: 79 took 51.009s (0.001s in batching)
training loss:	0.520606
validation loss:	0.544400
validation error:	0.268800
2017-02-05 06:15:12,556 INFO     Wrote output to trainNN/out/v048-finunified-4-ga18ab48-dirty:lstm-best-context-500ms/config.json
2017-02-05 06:16:02,676 INFO     Saving network params to trainNN/out/v048-finunified-4-ga18ab48-dirty:lstm-best-context-500ms/epoch-080.pkl
2017-02-05 06:16:03,725 INFO     epoch: 80 took 51.176s (0.001s in batching)
training loss:	0.520204
validation loss:	0.545732
validation error:	0.268500
2017-02-05 06:16:03,732 INFO     Wrote output to trainNN/out/v048-finunified-4-ga18ab48-dirty:lstm-best-context-500ms/config.json
2017-02-05 06:16:53,967 INFO     Saving network params to trainNN/out/v048-finunified-4-ga18ab48-dirty:lstm-best-context-500ms/epoch-081.pkl
2017-02-05 06:16:54,995 INFO     epoch: 81 took 51.269s (0.001s in batching)
training loss:	0.519549
validation loss:	0.542971
validation error:	0.261800
2017-02-05 06:16:55,001 INFO     Wrote output to trainNN/out/v048-finunified-4-ga18ab48-dirty:lstm-best-context-500ms/config.json
2017-02-05 06:17:45,005 INFO     Saving network params to trainNN/out/v048-finunified-4-ga18ab48-dirty:lstm-best-context-500ms/epoch-082.pkl
2017-02-05 06:17:46,057 INFO     epoch: 82 took 51.063s (0.001s in batching)
training loss:	0.518861
validation loss:	0.544995
validation error:	0.265000
2017-02-05 06:17:46,064 INFO     Wrote output to trainNN/out/v048-finunified-4-ga18ab48-dirty:lstm-best-context-500ms/config.json
2017-02-05 06:18:35,768 INFO     Saving network params to trainNN/out/v048-finunified-4-ga18ab48-dirty:lstm-best-context-500ms/epoch-083.pkl
2017-02-05 06:18:36,783 INFO     epoch: 83 took 50.726s (0.001s in batching)
training loss:	0.518825
validation loss:	0.546468
validation error:	0.266900
2017-02-05 06:18:36,790 INFO     Wrote output to trainNN/out/v048-finunified-4-ga18ab48-dirty:lstm-best-context-500ms/config.json
2017-02-05 06:19:26,915 INFO     Saving network params to trainNN/out/v048-finunified-4-ga18ab48-dirty:lstm-best-context-500ms/epoch-084.pkl
2017-02-05 06:19:27,974 INFO     epoch: 84 took 51.190s (0.001s in batching)
training loss:	0.518549
validation loss:	0.546091
validation error:	0.269100
2017-02-05 06:19:27,981 INFO     Wrote output to trainNN/out/v048-finunified-4-ga18ab48-dirty:lstm-best-context-500ms/config.json
2017-02-05 06:20:18,194 INFO     Saving network params to trainNN/out/v048-finunified-4-ga18ab48-dirty:lstm-best-context-500ms/epoch-085.pkl
2017-02-05 06:20:19,209 INFO     epoch: 85 took 51.235s (0.001s in batching)
training loss:	0.518173
validation loss:	0.547702
validation error:	0.266400
2017-02-05 06:20:19,217 INFO     Wrote output to trainNN/out/v048-finunified-4-ga18ab48-dirty:lstm-best-context-500ms/config.json
2017-02-05 06:21:09,136 INFO     Saving network params to trainNN/out/v048-finunified-4-ga18ab48-dirty:lstm-best-context-500ms/epoch-086.pkl
2017-02-05 06:21:10,184 INFO     epoch: 86 took 50.975s (0.001s in batching)
training loss:	0.517470
validation loss:	0.549350
validation error:	0.269600
2017-02-05 06:21:10,191 INFO     Wrote output to trainNN/out/v048-finunified-4-ga18ab48-dirty:lstm-best-context-500ms/config.json
2017-02-05 06:22:00,048 INFO     Saving network params to trainNN/out/v048-finunified-4-ga18ab48-dirty:lstm-best-context-500ms/epoch-087.pkl
2017-02-05 06:22:01,090 INFO     epoch: 87 took 50.907s (0.001s in batching)
training loss:	0.517263
validation loss:	0.547007
validation error:	0.268800
2017-02-05 06:22:01,097 INFO     Wrote output to trainNN/out/v048-finunified-4-ga18ab48-dirty:lstm-best-context-500ms/config.json
2017-02-05 06:22:51,025 INFO     Saving network params to trainNN/out/v048-finunified-4-ga18ab48-dirty:lstm-best-context-500ms/epoch-088.pkl
2017-02-05 06:22:52,088 INFO     epoch: 88 took 50.997s (0.001s in batching)
training loss:	0.517203
validation loss:	0.549010
validation error:	0.268500
2017-02-05 06:22:52,096 INFO     Wrote output to trainNN/out/v048-finunified-4-ga18ab48-dirty:lstm-best-context-500ms/config.json
2017-02-05 06:23:41,910 INFO     Saving network params to trainNN/out/v048-finunified-4-ga18ab48-dirty:lstm-best-context-500ms/epoch-089.pkl
2017-02-05 06:23:42,935 INFO     epoch: 89 took 50.847s (0.001s in batching)
training loss:	0.516931
validation loss:	0.547457
validation error:	0.268100
2017-02-05 06:23:42,942 INFO     Wrote output to trainNN/out/v048-finunified-4-ga18ab48-dirty:lstm-best-context-500ms/config.json
2017-02-05 06:24:33,132 INFO     Saving network params to trainNN/out/v048-finunified-4-ga18ab48-dirty:lstm-best-context-500ms/epoch-090.pkl
2017-02-05 06:24:34,183 INFO     epoch: 90 took 51.249s (0.001s in batching)
training loss:	0.515003
validation loss:	0.549050
validation error:	0.271700
2017-02-05 06:24:34,192 INFO     Wrote output to trainNN/out/v048-finunified-4-ga18ab48-dirty:lstm-best-context-500ms/config.json
2017-02-05 06:25:24,042 INFO     Saving network params to trainNN/out/v048-finunified-4-ga18ab48-dirty:lstm-best-context-500ms/epoch-091.pkl
2017-02-05 06:25:25,055 INFO     epoch: 91 took 50.872s (0.001s in batching)
training loss:	0.515925
validation loss:	0.550354
validation error:	0.270300
2017-02-05 06:25:25,062 INFO     Wrote output to trainNN/out/v048-finunified-4-ga18ab48-dirty:lstm-best-context-500ms/config.json
2017-02-05 06:26:15,235 INFO     Saving network params to trainNN/out/v048-finunified-4-ga18ab48-dirty:lstm-best-context-500ms/epoch-092.pkl
2017-02-05 06:26:16,261 INFO     epoch: 92 took 51.206s (0.001s in batching)
training loss:	0.515540
validation loss:	0.549820
validation error:	0.266500
2017-02-05 06:26:16,269 INFO     Wrote output to trainNN/out/v048-finunified-4-ga18ab48-dirty:lstm-best-context-500ms/config.json
2017-02-05 06:27:06,130 INFO     Saving network params to trainNN/out/v048-finunified-4-ga18ab48-dirty:lstm-best-context-500ms/epoch-093.pkl
2017-02-05 06:27:07,165 INFO     epoch: 93 took 50.903s (0.001s in batching)
training loss:	0.514774
validation loss:	0.550098
validation error:	0.269800
2017-02-05 06:27:07,172 INFO     Wrote output to trainNN/out/v048-finunified-4-ga18ab48-dirty:lstm-best-context-500ms/config.json
2017-02-05 06:27:57,229 INFO     Saving network params to trainNN/out/v048-finunified-4-ga18ab48-dirty:lstm-best-context-500ms/epoch-094.pkl
2017-02-05 06:27:58,247 INFO     epoch: 94 took 51.083s (0.001s in batching)
training loss:	0.514465
validation loss:	0.554099
validation error:	0.268200
2017-02-05 06:27:58,255 INFO     Wrote output to trainNN/out/v048-finunified-4-ga18ab48-dirty:lstm-best-context-500ms/config.json
2017-02-05 06:28:40,055 INFO     Saving network params to trainNN/out/v048-finunified-4-ga18ab48-dirty:lstm-best-context-500ms/epoch-095.pkl
2017-02-05 06:28:40,832 INFO     epoch: 95 took 42.585s (0.001s in batching)
training loss:	0.514405
validation loss:	0.557023
validation error:	0.273100
2017-02-05 06:28:40,838 INFO     Wrote output to trainNN/out/v048-finunified-4-ga18ab48-dirty:lstm-best-context-500ms/config.json
2017-02-05 06:29:18,034 INFO     Saving network params to trainNN/out/v048-finunified-4-ga18ab48-dirty:lstm-best-context-500ms/epoch-096.pkl
2017-02-05 06:29:18,826 INFO     epoch: 96 took 37.994s (0.001s in batching)
training loss:	0.514518
validation loss:	0.550732
validation error:	0.269400
2017-02-05 06:29:18,832 INFO     Wrote output to trainNN/out/v048-finunified-4-ga18ab48-dirty:lstm-best-context-500ms/config.json
2017-02-05 06:29:56,113 INFO     Saving network params to trainNN/out/v048-finunified-4-ga18ab48-dirty:lstm-best-context-500ms/epoch-097.pkl
2017-02-05 06:29:56,907 INFO     epoch: 97 took 38.081s (0.001s in batching)
training loss:	0.513007
validation loss:	0.550059
validation error:	0.270400
2017-02-05 06:29:56,913 INFO     Wrote output to trainNN/out/v048-finunified-4-ga18ab48-dirty:lstm-best-context-500ms/config.json
2017-02-05 06:30:34,272 INFO     Saving network params to trainNN/out/v048-finunified-4-ga18ab48-dirty:lstm-best-context-500ms/epoch-098.pkl
2017-02-05 06:30:35,039 INFO     epoch: 98 took 38.132s (0.001s in batching)
training loss:	0.512645
validation loss:	0.552386
validation error:	0.271900
2017-02-05 06:30:35,046 INFO     Wrote output to trainNN/out/v048-finunified-4-ga18ab48-dirty:lstm-best-context-500ms/config.json
2017-02-05 06:31:12,342 INFO     Saving network params to trainNN/out/v048-finunified-4-ga18ab48-dirty:lstm-best-context-500ms/epoch-099.pkl
2017-02-05 06:31:13,147 INFO     epoch: 99 took 38.108s (0.001s in batching)
training loss:	0.512912
validation loss:	0.551403
validation error:	0.268800
2017-02-05 06:31:13,154 INFO     Wrote output to trainNN/out/v048-finunified-4-ga18ab48-dirty:lstm-best-context-500ms/config.json
