2017-02-09 20:44:11,888 DEBUG    version=v050-finunified-6-gca252aa-dirty:ff-best-60-30
2017-02-09 20:44:11,931 INFO     Open DBase(data/db/all240302-spk.dat, data/db/all240302-spk.idx, mode='r')
2017-02-09 20:44:12,203 INFO     loading uttdb cache
2017-02-09 20:44:33,907 DEBUG    loading cached extracted data from data/cache/extract-7a00b23850576d60137fa78432d8dfda09ea0f343092bd09848f21113b1acfd0.pickle
2017-02-09 20:45:04,072 DEBUG    set input dim to 9
2017-02-09 20:45:04,075 DEBUG    input dim = 9
2017-02-09 20:45:04,090 DEBUG    shuffling batches
2017-02-09 20:45:07,540 DEBUG    shuffling done
2017-02-09 20:45:07,540 DEBUG    loading data into ram
2017-02-09 20:45:07,614 DEBUG    loading data took 0.074s (cpu: 0.073s)
2017-02-09 20:45:07,940 DEBUG    set input dim to 9
2017-02-09 20:45:07,941 DEBUG    input dim = 9
2017-02-09 20:45:07,966 DEBUG    shuffling batches
2017-02-09 20:45:08,202 DEBUG    shuffling done
2017-02-09 20:45:08,202 DEBUG    loading data into ram
2017-02-09 20:45:08,209 DEBUG    loading data took 0.007s (cpu: 0.007s)
2017-02-09 20:45:08,391 INFO     Training network with 42452 trainable out of 42452 total params.
2017-02-09 20:45:08,427 DEBUG    Using adam with learning_rate=0.001000
2017-02-09 20:45:13,991 DEBUG    Starting training...
2017-02-09 20:45:14,572 INFO     Saving network params to trainNN/out/v050-finunified-6-gca252aa-dirty:ff-best-60-30/epoch-000.pkl
2017-02-09 20:45:14,611 INFO     epoch: 0 took 0.619s (0.001s in batching)
training loss:	0.596172
validation loss:	0.596520
validation error:	0.322000
2017-02-09 20:45:14,611 INFO     Wrote output to trainNN/out/v050-finunified-6-gca252aa-dirty:ff-best-60-30/config.json
2017-02-09 20:45:15,172 INFO     Saving network params to trainNN/out/v050-finunified-6-gca252aa-dirty:ff-best-60-30/epoch-001.pkl
2017-02-09 20:45:15,209 INFO     epoch: 1 took 0.599s (0.000s in batching)
training loss:	0.577100
validation loss:	0.574637
validation error:	0.292700
2017-02-09 20:45:15,210 INFO     Wrote output to trainNN/out/v050-finunified-6-gca252aa-dirty:ff-best-60-30/config.json
2017-02-09 20:45:15,768 INFO     Saving network params to trainNN/out/v050-finunified-6-gca252aa-dirty:ff-best-60-30/epoch-002.pkl
2017-02-09 20:45:15,806 INFO     epoch: 2 took 0.597s (0.000s in batching)
training loss:	0.575062
validation loss:	0.579620
validation error:	0.302800
2017-02-09 20:45:15,807 INFO     Wrote output to trainNN/out/v050-finunified-6-gca252aa-dirty:ff-best-60-30/config.json
2017-02-09 20:45:16,360 INFO     Saving network params to trainNN/out/v050-finunified-6-gca252aa-dirty:ff-best-60-30/epoch-003.pkl
2017-02-09 20:45:16,403 INFO     epoch: 3 took 0.597s (0.000s in batching)
training loss:	0.570507
validation loss:	0.568053
validation error:	0.287000
2017-02-09 20:45:16,499 INFO     Wrote output to trainNN/out/v050-finunified-6-gca252aa-dirty:ff-best-60-30/config.json
2017-02-09 20:45:17,087 INFO     Saving network params to trainNN/out/v050-finunified-6-gca252aa-dirty:ff-best-60-30/epoch-004.pkl
2017-02-09 20:45:17,124 INFO     epoch: 4 took 0.721s (0.001s in batching)
training loss:	0.570113
validation loss:	0.570235
validation error:	0.293500
2017-02-09 20:45:17,125 INFO     Wrote output to trainNN/out/v050-finunified-6-gca252aa-dirty:ff-best-60-30/config.json
2017-02-09 20:45:17,684 INFO     Saving network params to trainNN/out/v050-finunified-6-gca252aa-dirty:ff-best-60-30/epoch-005.pkl
2017-02-09 20:45:17,722 INFO     epoch: 5 took 0.598s (0.000s in batching)
training loss:	0.568045
validation loss:	0.569205
validation error:	0.293200
2017-02-09 20:45:17,723 INFO     Wrote output to trainNN/out/v050-finunified-6-gca252aa-dirty:ff-best-60-30/config.json
2017-02-09 20:45:18,281 INFO     Saving network params to trainNN/out/v050-finunified-6-gca252aa-dirty:ff-best-60-30/epoch-006.pkl
2017-02-09 20:45:18,417 INFO     epoch: 6 took 0.695s (0.000s in batching)
training loss:	0.565474
validation loss:	0.568951
validation error:	0.289300
2017-02-09 20:45:18,473 INFO     Wrote output to trainNN/out/v050-finunified-6-gca252aa-dirty:ff-best-60-30/config.json
2017-02-09 20:45:19,058 INFO     Saving network params to trainNN/out/v050-finunified-6-gca252aa-dirty:ff-best-60-30/epoch-007.pkl
2017-02-09 20:45:19,096 INFO     epoch: 7 took 0.679s (0.001s in batching)
training loss:	0.564617
validation loss:	0.562557
validation error:	0.284600
2017-02-09 20:45:19,120 INFO     Wrote output to trainNN/out/v050-finunified-6-gca252aa-dirty:ff-best-60-30/config.json
2017-02-09 20:45:19,692 INFO     Saving network params to trainNN/out/v050-finunified-6-gca252aa-dirty:ff-best-60-30/epoch-008.pkl
2017-02-09 20:45:19,730 INFO     epoch: 8 took 0.634s (0.001s in batching)
training loss:	0.563187
validation loss:	0.563697
validation error:	0.288500
2017-02-09 20:45:19,898 INFO     Wrote output to trainNN/out/v050-finunified-6-gca252aa-dirty:ff-best-60-30/config.json
2017-02-09 20:45:20,484 INFO     Saving network params to trainNN/out/v050-finunified-6-gca252aa-dirty:ff-best-60-30/epoch-009.pkl
2017-02-09 20:45:20,523 INFO     epoch: 9 took 0.792s (0.001s in batching)
training loss:	0.560388
validation loss:	0.565688
validation error:	0.290600
2017-02-09 20:45:20,523 INFO     Wrote output to trainNN/out/v050-finunified-6-gca252aa-dirty:ff-best-60-30/config.json
2017-02-09 20:45:21,079 INFO     Saving network params to trainNN/out/v050-finunified-6-gca252aa-dirty:ff-best-60-30/epoch-010.pkl
2017-02-09 20:45:21,116 INFO     epoch: 10 took 0.594s (0.000s in batching)
training loss:	0.560433
validation loss:	0.570020
validation error:	0.293100
2017-02-09 20:45:21,117 INFO     Wrote output to trainNN/out/v050-finunified-6-gca252aa-dirty:ff-best-60-30/config.json
2017-02-09 20:45:21,669 INFO     Saving network params to trainNN/out/v050-finunified-6-gca252aa-dirty:ff-best-60-30/epoch-011.pkl
2017-02-09 20:45:21,708 INFO     epoch: 11 took 0.591s (0.000s in batching)
training loss:	0.560374
validation loss:	0.575312
validation error:	0.303400
2017-02-09 20:45:21,708 INFO     Wrote output to trainNN/out/v050-finunified-6-gca252aa-dirty:ff-best-60-30/config.json
2017-02-09 20:45:22,261 INFO     Saving network params to trainNN/out/v050-finunified-6-gca252aa-dirty:ff-best-60-30/epoch-012.pkl
2017-02-09 20:45:22,299 INFO     epoch: 12 took 0.591s (0.000s in batching)
training loss:	0.559240
validation loss:	0.560732
validation error:	0.287300
2017-02-09 20:45:22,299 INFO     Wrote output to trainNN/out/v050-finunified-6-gca252aa-dirty:ff-best-60-30/config.json
2017-02-09 20:45:22,860 INFO     Saving network params to trainNN/out/v050-finunified-6-gca252aa-dirty:ff-best-60-30/epoch-013.pkl
2017-02-09 20:45:22,930 INFO     epoch: 13 took 0.632s (0.000s in batching)
training loss:	0.558623
validation loss:	0.557953
validation error:	0.283800
2017-02-09 20:45:22,940 INFO     Wrote output to trainNN/out/v050-finunified-6-gca252aa-dirty:ff-best-60-30/config.json
2017-02-09 20:45:23,513 INFO     Saving network params to trainNN/out/v050-finunified-6-gca252aa-dirty:ff-best-60-30/epoch-014.pkl
2017-02-09 20:45:23,550 INFO     epoch: 14 took 0.620s (0.000s in batching)
training loss:	0.556517
validation loss:	0.565258
validation error:	0.294400
2017-02-09 20:45:23,551 INFO     Wrote output to trainNN/out/v050-finunified-6-gca252aa-dirty:ff-best-60-30/config.json
2017-02-09 20:45:24,110 INFO     Saving network params to trainNN/out/v050-finunified-6-gca252aa-dirty:ff-best-60-30/epoch-015.pkl
2017-02-09 20:45:24,148 INFO     epoch: 15 took 0.598s (0.000s in batching)
training loss:	0.556051
validation loss:	0.555997
validation error:	0.286100
2017-02-09 20:45:24,179 INFO     Wrote output to trainNN/out/v050-finunified-6-gca252aa-dirty:ff-best-60-30/config.json
2017-02-09 20:45:24,785 INFO     Saving network params to trainNN/out/v050-finunified-6-gca252aa-dirty:ff-best-60-30/epoch-016.pkl
2017-02-09 20:45:24,824 INFO     epoch: 16 took 0.676s (0.001s in batching)
training loss:	0.555301
validation loss:	0.557285
validation error:	0.283100
2017-02-09 20:45:26,328 INFO     Wrote output to trainNN/out/v050-finunified-6-gca252aa-dirty:ff-best-60-30/config.json
2017-02-09 20:45:26,909 INFO     Saving network params to trainNN/out/v050-finunified-6-gca252aa-dirty:ff-best-60-30/epoch-017.pkl
2017-02-09 20:45:26,947 INFO     epoch: 17 took 2.123s (0.001s in batching)
training loss:	0.554499
validation loss:	0.559673
validation error:	0.287400
2017-02-09 20:45:26,948 INFO     Wrote output to trainNN/out/v050-finunified-6-gca252aa-dirty:ff-best-60-30/config.json
2017-02-09 20:45:27,506 INFO     Saving network params to trainNN/out/v050-finunified-6-gca252aa-dirty:ff-best-60-30/epoch-018.pkl
2017-02-09 20:45:27,548 INFO     epoch: 18 took 0.601s (0.000s in batching)
training loss:	0.555099
validation loss:	0.555143
validation error:	0.282600
2017-02-09 20:45:27,672 INFO     Wrote output to trainNN/out/v050-finunified-6-gca252aa-dirty:ff-best-60-30/config.json
2017-02-09 20:45:28,271 INFO     Saving network params to trainNN/out/v050-finunified-6-gca252aa-dirty:ff-best-60-30/epoch-019.pkl
2017-02-09 20:45:28,309 INFO     epoch: 19 took 0.761s (0.001s in batching)
training loss:	0.553299
validation loss:	0.553354
validation error:	0.280500
2017-02-09 20:45:28,432 INFO     Wrote output to trainNN/out/v050-finunified-6-gca252aa-dirty:ff-best-60-30/config.json
2017-02-09 20:45:29,027 INFO     Saving network params to trainNN/out/v050-finunified-6-gca252aa-dirty:ff-best-60-30/epoch-020.pkl
2017-02-09 20:45:29,065 INFO     epoch: 20 took 0.756s (0.002s in batching)
training loss:	0.552842
validation loss:	0.564440
validation error:	0.294600
2017-02-09 20:45:29,066 INFO     Wrote output to trainNN/out/v050-finunified-6-gca252aa-dirty:ff-best-60-30/config.json
2017-02-09 20:45:29,623 INFO     Saving network params to trainNN/out/v050-finunified-6-gca252aa-dirty:ff-best-60-30/epoch-021.pkl
2017-02-09 20:45:29,660 INFO     epoch: 21 took 0.596s (0.000s in batching)
training loss:	0.552937
validation loss:	0.579489
validation error:	0.302800
2017-02-09 20:45:29,661 INFO     Wrote output to trainNN/out/v050-finunified-6-gca252aa-dirty:ff-best-60-30/config.json
2017-02-09 20:45:30,232 INFO     Saving network params to trainNN/out/v050-finunified-6-gca252aa-dirty:ff-best-60-30/epoch-022.pkl
2017-02-09 20:45:30,269 INFO     epoch: 22 took 0.609s (0.000s in batching)
training loss:	0.551692
validation loss:	0.556253
validation error:	0.282800
2017-02-09 20:45:30,270 INFO     Wrote output to trainNN/out/v050-finunified-6-gca252aa-dirty:ff-best-60-30/config.json
2017-02-09 20:45:30,826 INFO     Saving network params to trainNN/out/v050-finunified-6-gca252aa-dirty:ff-best-60-30/epoch-023.pkl
2017-02-09 20:45:30,863 INFO     epoch: 23 took 0.594s (0.000s in batching)
training loss:	0.550457
validation loss:	0.557438
validation error:	0.281900
2017-02-09 20:45:30,864 INFO     Wrote output to trainNN/out/v050-finunified-6-gca252aa-dirty:ff-best-60-30/config.json
2017-02-09 20:45:31,434 INFO     Saving network params to trainNN/out/v050-finunified-6-gca252aa-dirty:ff-best-60-30/epoch-024.pkl
2017-02-09 20:45:31,472 INFO     epoch: 24 took 0.609s (0.000s in batching)
training loss:	0.550119
validation loss:	0.556312
validation error:	0.278800
2017-02-09 20:45:31,473 INFO     Wrote output to trainNN/out/v050-finunified-6-gca252aa-dirty:ff-best-60-30/config.json
2017-02-09 20:45:32,031 INFO     Saving network params to trainNN/out/v050-finunified-6-gca252aa-dirty:ff-best-60-30/epoch-025.pkl
2017-02-09 20:45:32,326 INFO     epoch: 25 took 0.853s (0.000s in batching)
training loss:	0.549252
validation loss:	0.560294
validation error:	0.289800
2017-02-09 20:45:32,327 INFO     Wrote output to trainNN/out/v050-finunified-6-gca252aa-dirty:ff-best-60-30/config.json
2017-02-09 20:45:32,884 INFO     Saving network params to trainNN/out/v050-finunified-6-gca252aa-dirty:ff-best-60-30/epoch-026.pkl
2017-02-09 20:45:32,922 INFO     epoch: 26 took 0.596s (0.000s in batching)
training loss:	0.549016
validation loss:	0.553497
validation error:	0.280700
2017-02-09 20:45:32,923 INFO     Wrote output to trainNN/out/v050-finunified-6-gca252aa-dirty:ff-best-60-30/config.json
2017-02-09 20:45:33,477 INFO     Saving network params to trainNN/out/v050-finunified-6-gca252aa-dirty:ff-best-60-30/epoch-027.pkl
2017-02-09 20:45:33,535 INFO     epoch: 27 took 0.613s (0.000s in batching)
training loss:	0.548625
validation loss:	0.558625
validation error:	0.283500
2017-02-09 20:45:33,536 INFO     Wrote output to trainNN/out/v050-finunified-6-gca252aa-dirty:ff-best-60-30/config.json
2017-02-09 20:45:34,091 INFO     Saving network params to trainNN/out/v050-finunified-6-gca252aa-dirty:ff-best-60-30/epoch-028.pkl
2017-02-09 20:45:34,128 INFO     epoch: 28 took 0.593s (0.000s in batching)
training loss:	0.547564
validation loss:	0.553415
validation error:	0.282400
2017-02-09 20:45:34,129 INFO     Wrote output to trainNN/out/v050-finunified-6-gca252aa-dirty:ff-best-60-30/config.json
2017-02-09 20:45:34,685 INFO     Saving network params to trainNN/out/v050-finunified-6-gca252aa-dirty:ff-best-60-30/epoch-029.pkl
2017-02-09 20:45:34,723 INFO     epoch: 29 took 0.594s (0.001s in batching)
training loss:	0.546823
validation loss:	0.562986
validation error:	0.284500
2017-02-09 20:45:34,724 INFO     Wrote output to trainNN/out/v050-finunified-6-gca252aa-dirty:ff-best-60-30/config.json
2017-02-09 20:45:35,277 INFO     Saving network params to trainNN/out/v050-finunified-6-gca252aa-dirty:ff-best-60-30/epoch-030.pkl
2017-02-09 20:45:35,314 INFO     epoch: 30 took 0.591s (0.000s in batching)
training loss:	0.547431
validation loss:	0.558677
validation error:	0.283400
2017-02-09 20:45:35,315 INFO     Wrote output to trainNN/out/v050-finunified-6-gca252aa-dirty:ff-best-60-30/config.json
2017-02-09 20:45:35,870 INFO     Saving network params to trainNN/out/v050-finunified-6-gca252aa-dirty:ff-best-60-30/epoch-031.pkl
2017-02-09 20:45:35,907 INFO     epoch: 31 took 0.593s (0.000s in batching)
training loss:	0.546937
validation loss:	0.558216
validation error:	0.283500
2017-02-09 20:45:36,068 INFO     Wrote output to trainNN/out/v050-finunified-6-gca252aa-dirty:ff-best-60-30/config.json
2017-02-09 20:45:36,653 INFO     Saving network params to trainNN/out/v050-finunified-6-gca252aa-dirty:ff-best-60-30/epoch-032.pkl
2017-02-09 20:45:36,691 INFO     epoch: 32 took 0.784s (0.001s in batching)
training loss:	0.546391
validation loss:	0.553910
validation error:	0.278500
2017-02-09 20:45:36,692 INFO     Wrote output to trainNN/out/v050-finunified-6-gca252aa-dirty:ff-best-60-30/config.json
2017-02-09 20:45:37,245 INFO     Saving network params to trainNN/out/v050-finunified-6-gca252aa-dirty:ff-best-60-30/epoch-033.pkl
2017-02-09 20:45:37,398 INFO     epoch: 33 took 0.707s (0.000s in batching)
training loss:	0.545211
validation loss:	0.552477
validation error:	0.277400
2017-02-09 20:45:37,422 INFO     Wrote output to trainNN/out/v050-finunified-6-gca252aa-dirty:ff-best-60-30/config.json
2017-02-09 20:45:37,988 INFO     Saving network params to trainNN/out/v050-finunified-6-gca252aa-dirty:ff-best-60-30/epoch-034.pkl
2017-02-09 20:45:38,026 INFO     epoch: 34 took 0.627s (0.001s in batching)
training loss:	0.544606
validation loss:	0.558276
validation error:	0.281800
2017-02-09 20:45:38,027 INFO     Wrote output to trainNN/out/v050-finunified-6-gca252aa-dirty:ff-best-60-30/config.json
2017-02-09 20:45:38,578 INFO     Saving network params to trainNN/out/v050-finunified-6-gca252aa-dirty:ff-best-60-30/epoch-035.pkl
2017-02-09 20:45:38,616 INFO     epoch: 35 took 0.590s (0.000s in batching)
training loss:	0.545002
validation loss:	0.557337
validation error:	0.283000
2017-02-09 20:45:38,617 INFO     Wrote output to trainNN/out/v050-finunified-6-gca252aa-dirty:ff-best-60-30/config.json
2017-02-09 20:45:39,174 INFO     Saving network params to trainNN/out/v050-finunified-6-gca252aa-dirty:ff-best-60-30/epoch-036.pkl
2017-02-09 20:45:39,211 INFO     epoch: 36 took 0.595s (0.000s in batching)
training loss:	0.545464
validation loss:	0.559034
validation error:	0.283900
2017-02-09 20:45:39,212 INFO     Wrote output to trainNN/out/v050-finunified-6-gca252aa-dirty:ff-best-60-30/config.json
2017-02-09 20:45:39,770 INFO     Saving network params to trainNN/out/v050-finunified-6-gca252aa-dirty:ff-best-60-30/epoch-037.pkl
2017-02-09 20:45:39,807 INFO     epoch: 37 took 0.597s (0.000s in batching)
training loss:	0.542827
validation loss:	0.552882
validation error:	0.279200
2017-02-09 20:45:39,808 INFO     Wrote output to trainNN/out/v050-finunified-6-gca252aa-dirty:ff-best-60-30/config.json
2017-02-09 20:45:40,364 INFO     Saving network params to trainNN/out/v050-finunified-6-gca252aa-dirty:ff-best-60-30/epoch-038.pkl
2017-02-09 20:45:40,401 INFO     epoch: 38 took 0.594s (0.000s in batching)
training loss:	0.542721
validation loss:	0.562437
validation error:	0.289900
2017-02-09 20:45:40,402 INFO     Wrote output to trainNN/out/v050-finunified-6-gca252aa-dirty:ff-best-60-30/config.json
2017-02-09 20:45:40,956 INFO     Saving network params to trainNN/out/v050-finunified-6-gca252aa-dirty:ff-best-60-30/epoch-039.pkl
2017-02-09 20:45:40,994 INFO     epoch: 39 took 0.593s (0.000s in batching)
training loss:	0.541838
validation loss:	0.553803
validation error:	0.280600
2017-02-09 20:45:40,995 INFO     Wrote output to trainNN/out/v050-finunified-6-gca252aa-dirty:ff-best-60-30/config.json
2017-02-09 20:45:41,548 INFO     Saving network params to trainNN/out/v050-finunified-6-gca252aa-dirty:ff-best-60-30/epoch-040.pkl
2017-02-09 20:45:41,586 INFO     epoch: 40 took 0.592s (0.000s in batching)
training loss:	0.541585
validation loss:	0.554091
validation error:	0.276900
2017-02-09 20:45:41,587 INFO     Wrote output to trainNN/out/v050-finunified-6-gca252aa-dirty:ff-best-60-30/config.json
2017-02-09 20:45:42,145 INFO     Saving network params to trainNN/out/v050-finunified-6-gca252aa-dirty:ff-best-60-30/epoch-041.pkl
2017-02-09 20:45:42,183 INFO     epoch: 41 took 0.597s (0.000s in batching)
training loss:	0.541953
validation loss:	0.557509
validation error:	0.282200
2017-02-09 20:45:42,184 INFO     Wrote output to trainNN/out/v050-finunified-6-gca252aa-dirty:ff-best-60-30/config.json
2017-02-09 20:45:42,739 INFO     Saving network params to trainNN/out/v050-finunified-6-gca252aa-dirty:ff-best-60-30/epoch-042.pkl
2017-02-09 20:45:42,776 INFO     epoch: 42 took 0.593s (0.000s in batching)
training loss:	0.540007
validation loss:	0.558956
validation error:	0.280600
2017-02-09 20:45:42,777 INFO     Wrote output to trainNN/out/v050-finunified-6-gca252aa-dirty:ff-best-60-30/config.json
2017-02-09 20:45:43,334 INFO     Saving network params to trainNN/out/v050-finunified-6-gca252aa-dirty:ff-best-60-30/epoch-043.pkl
2017-02-09 20:45:43,372 INFO     epoch: 43 took 0.596s (0.001s in batching)
training loss:	0.539884
validation loss:	0.552418
validation error:	0.279100
2017-02-09 20:45:43,373 INFO     Wrote output to trainNN/out/v050-finunified-6-gca252aa-dirty:ff-best-60-30/config.json
2017-02-09 20:45:43,935 INFO     Saving network params to trainNN/out/v050-finunified-6-gca252aa-dirty:ff-best-60-30/epoch-044.pkl
2017-02-09 20:45:43,973 INFO     epoch: 44 took 0.601s (0.000s in batching)
training loss:	0.540461
validation loss:	0.553143
validation error:	0.278900
2017-02-09 20:45:43,974 INFO     Wrote output to trainNN/out/v050-finunified-6-gca252aa-dirty:ff-best-60-30/config.json
2017-02-09 20:45:44,530 INFO     Saving network params to trainNN/out/v050-finunified-6-gca252aa-dirty:ff-best-60-30/epoch-045.pkl
2017-02-09 20:45:44,569 INFO     epoch: 45 took 0.596s (0.001s in batching)
training loss:	0.540098
validation loss:	0.554491
validation error:	0.276400
2017-02-09 20:45:44,570 INFO     Wrote output to trainNN/out/v050-finunified-6-gca252aa-dirty:ff-best-60-30/config.json
2017-02-09 20:45:45,128 INFO     Saving network params to trainNN/out/v050-finunified-6-gca252aa-dirty:ff-best-60-30/epoch-046.pkl
2017-02-09 20:45:45,165 INFO     epoch: 46 took 0.596s (0.000s in batching)
training loss:	0.539635
validation loss:	0.555987
validation error:	0.284600
2017-02-09 20:45:45,166 INFO     Wrote output to trainNN/out/v050-finunified-6-gca252aa-dirty:ff-best-60-30/config.json
2017-02-09 20:45:45,722 INFO     Saving network params to trainNN/out/v050-finunified-6-gca252aa-dirty:ff-best-60-30/epoch-047.pkl
2017-02-09 20:45:46,061 INFO     epoch: 47 took 0.896s (0.000s in batching)
training loss:	0.539276
validation loss:	0.552079
validation error:	0.276900
2017-02-09 20:45:46,090 INFO     Wrote output to trainNN/out/v050-finunified-6-gca252aa-dirty:ff-best-60-30/config.json
2017-02-09 20:45:46,644 INFO     Saving network params to trainNN/out/v050-finunified-6-gca252aa-dirty:ff-best-60-30/epoch-048.pkl
2017-02-09 20:45:46,759 INFO     epoch: 48 took 0.698s (0.000s in batching)
training loss:	0.538007
validation loss:	0.552473
validation error:	0.279800
2017-02-09 20:45:46,765 INFO     Wrote output to trainNN/out/v050-finunified-6-gca252aa-dirty:ff-best-60-30/config.json
2017-02-09 20:45:47,322 INFO     Saving network params to trainNN/out/v050-finunified-6-gca252aa-dirty:ff-best-60-30/epoch-049.pkl
2017-02-09 20:45:47,359 INFO     epoch: 49 took 0.601s (0.000s in batching)
training loss:	0.537951
validation loss:	0.558556
validation error:	0.285100
2017-02-09 20:45:47,361 INFO     Wrote output to trainNN/out/v050-finunified-6-gca252aa-dirty:ff-best-60-30/config.json
2017-02-09 20:45:47,926 INFO     Saving network params to trainNN/out/v050-finunified-6-gca252aa-dirty:ff-best-60-30/epoch-050.pkl
2017-02-09 20:45:47,965 INFO     epoch: 50 took 0.606s (0.000s in batching)
training loss:	0.537699
validation loss:	0.555914
validation error:	0.280000
2017-02-09 20:45:47,967 INFO     Wrote output to trainNN/out/v050-finunified-6-gca252aa-dirty:ff-best-60-30/config.json
2017-02-09 20:45:48,521 INFO     Saving network params to trainNN/out/v050-finunified-6-gca252aa-dirty:ff-best-60-30/epoch-051.pkl
2017-02-09 20:45:48,559 INFO     epoch: 51 took 0.594s (0.000s in batching)
training loss:	0.537026
validation loss:	0.567738
validation error:	0.290400
2017-02-09 20:45:48,560 INFO     Wrote output to trainNN/out/v050-finunified-6-gca252aa-dirty:ff-best-60-30/config.json
2017-02-09 20:45:49,114 INFO     Saving network params to trainNN/out/v050-finunified-6-gca252aa-dirty:ff-best-60-30/epoch-052.pkl
2017-02-09 20:45:49,153 INFO     epoch: 52 took 0.594s (0.000s in batching)
training loss:	0.537015
validation loss:	0.553323
validation error:	0.277900
2017-02-09 20:45:49,154 INFO     Wrote output to trainNN/out/v050-finunified-6-gca252aa-dirty:ff-best-60-30/config.json
2017-02-09 20:45:49,708 INFO     Saving network params to trainNN/out/v050-finunified-6-gca252aa-dirty:ff-best-60-30/epoch-053.pkl
2017-02-09 20:45:49,746 INFO     epoch: 53 took 0.593s (0.000s in batching)
training loss:	0.537120
validation loss:	0.556589
validation error:	0.281200
2017-02-09 20:45:49,747 INFO     Wrote output to trainNN/out/v050-finunified-6-gca252aa-dirty:ff-best-60-30/config.json
2017-02-09 20:45:50,303 INFO     Saving network params to trainNN/out/v050-finunified-6-gca252aa-dirty:ff-best-60-30/epoch-054.pkl
2017-02-09 20:45:50,341 INFO     epoch: 54 took 0.595s (0.001s in batching)
training loss:	0.536356
validation loss:	0.551522
validation error:	0.275900
2017-02-09 20:45:50,348 INFO     Wrote output to trainNN/out/v050-finunified-6-gca252aa-dirty:ff-best-60-30/config.json
2017-02-09 20:45:50,907 INFO     Saving network params to trainNN/out/v050-finunified-6-gca252aa-dirty:ff-best-60-30/epoch-055.pkl
2017-02-09 20:45:50,944 INFO     epoch: 55 took 0.603s (0.000s in batching)
training loss:	0.536543
validation loss:	0.552457
validation error:	0.275700
2017-02-09 20:45:50,945 INFO     Wrote output to trainNN/out/v050-finunified-6-gca252aa-dirty:ff-best-60-30/config.json
2017-02-09 20:45:51,502 INFO     Saving network params to trainNN/out/v050-finunified-6-gca252aa-dirty:ff-best-60-30/epoch-056.pkl
2017-02-09 20:45:51,539 INFO     epoch: 56 took 0.595s (0.000s in batching)
training loss:	0.534003
validation loss:	0.573980
validation error:	0.295500
2017-02-09 20:45:51,540 INFO     Wrote output to trainNN/out/v050-finunified-6-gca252aa-dirty:ff-best-60-30/config.json
2017-02-09 20:45:52,095 INFO     Saving network params to trainNN/out/v050-finunified-6-gca252aa-dirty:ff-best-60-30/epoch-057.pkl
2017-02-09 20:45:52,133 INFO     epoch: 57 took 0.594s (0.000s in batching)
training loss:	0.535238
validation loss:	0.550805
validation error:	0.277000
2017-02-09 20:45:52,174 INFO     Wrote output to trainNN/out/v050-finunified-6-gca252aa-dirty:ff-best-60-30/config.json
2017-02-09 20:45:52,758 INFO     Saving network params to trainNN/out/v050-finunified-6-gca252aa-dirty:ff-best-60-30/epoch-058.pkl
2017-02-09 20:45:52,796 INFO     epoch: 58 took 0.663s (0.001s in batching)
training loss:	0.534319
validation loss:	0.558177
validation error:	0.283000
2017-02-09 20:45:52,824 INFO     Wrote output to trainNN/out/v050-finunified-6-gca252aa-dirty:ff-best-60-30/config.json
2017-02-09 20:45:53,402 INFO     Saving network params to trainNN/out/v050-finunified-6-gca252aa-dirty:ff-best-60-30/epoch-059.pkl
2017-02-09 20:45:53,439 INFO     epoch: 59 took 0.643s (0.001s in batching)
training loss:	0.533984
validation loss:	0.559159
validation error:	0.282200
2017-02-09 20:45:53,441 INFO     Wrote output to trainNN/out/v050-finunified-6-gca252aa-dirty:ff-best-60-30/config.json
2017-02-09 20:45:54,095 INFO     Saving network params to trainNN/out/v050-finunified-6-gca252aa-dirty:ff-best-60-30/epoch-060.pkl
2017-02-09 20:45:54,135 INFO     epoch: 60 took 0.695s (0.000s in batching)
training loss:	0.534209
validation loss:	0.552497
validation error:	0.279000
2017-02-09 20:45:54,310 INFO     Wrote output to trainNN/out/v050-finunified-6-gca252aa-dirty:ff-best-60-30/config.json
2017-02-09 20:45:54,907 INFO     Saving network params to trainNN/out/v050-finunified-6-gca252aa-dirty:ff-best-60-30/epoch-061.pkl
2017-02-09 20:45:54,945 INFO     epoch: 61 took 0.810s (0.001s in batching)
training loss:	0.532740
validation loss:	0.557946
validation error:	0.286500
2017-02-09 20:45:55,067 INFO     Wrote output to trainNN/out/v050-finunified-6-gca252aa-dirty:ff-best-60-30/config.json
2017-02-09 20:45:55,635 INFO     Saving network params to trainNN/out/v050-finunified-6-gca252aa-dirty:ff-best-60-30/epoch-062.pkl
2017-02-09 20:45:55,674 INFO     epoch: 62 took 0.729s (0.000s in batching)
training loss:	0.532642
validation loss:	0.556078
validation error:	0.280200
2017-02-09 20:45:55,676 INFO     Wrote output to trainNN/out/v050-finunified-6-gca252aa-dirty:ff-best-60-30/config.json
2017-02-09 20:45:56,284 INFO     Saving network params to trainNN/out/v050-finunified-6-gca252aa-dirty:ff-best-60-30/epoch-063.pkl
2017-02-09 20:45:56,338 INFO     epoch: 63 took 0.664s (0.002s in batching)
training loss:	0.532178
validation loss:	0.552840
validation error:	0.279200
2017-02-09 20:45:56,339 INFO     Wrote output to trainNN/out/v050-finunified-6-gca252aa-dirty:ff-best-60-30/config.json
2017-02-09 20:45:56,896 INFO     Saving network params to trainNN/out/v050-finunified-6-gca252aa-dirty:ff-best-60-30/epoch-064.pkl
2017-02-09 20:45:56,934 INFO     epoch: 64 took 0.597s (0.000s in batching)
training loss:	0.531316
validation loss:	0.552768
validation error:	0.276300
2017-02-09 20:45:56,936 INFO     Wrote output to trainNN/out/v050-finunified-6-gca252aa-dirty:ff-best-60-30/config.json
2017-02-09 20:45:57,497 INFO     Saving network params to trainNN/out/v050-finunified-6-gca252aa-dirty:ff-best-60-30/epoch-065.pkl
2017-02-09 20:45:57,534 INFO     epoch: 65 took 0.600s (0.000s in batching)
training loss:	0.532482
validation loss:	0.552430
validation error:	0.281600
2017-02-09 20:45:57,536 INFO     Wrote output to trainNN/out/v050-finunified-6-gca252aa-dirty:ff-best-60-30/config.json
2017-02-09 20:45:58,093 INFO     Saving network params to trainNN/out/v050-finunified-6-gca252aa-dirty:ff-best-60-30/epoch-066.pkl
2017-02-09 20:45:58,131 INFO     epoch: 66 took 0.596s (0.000s in batching)
training loss:	0.531253
validation loss:	0.554307
validation error:	0.279300
2017-02-09 20:45:58,367 INFO     Wrote output to trainNN/out/v050-finunified-6-gca252aa-dirty:ff-best-60-30/config.json
2017-02-09 20:45:58,942 INFO     Saving network params to trainNN/out/v050-finunified-6-gca252aa-dirty:ff-best-60-30/epoch-067.pkl
2017-02-09 20:46:03,320 INFO     epoch: 67 took 5.189s (0.001s in batching)
training loss:	0.531225
validation loss:	0.564728
validation error:	0.289200
2017-02-09 20:46:03,705 INFO     Wrote output to trainNN/out/v050-finunified-6-gca252aa-dirty:ff-best-60-30/config.json
2017-02-09 20:46:04,292 INFO     Saving network params to trainNN/out/v050-finunified-6-gca252aa-dirty:ff-best-60-30/epoch-068.pkl
2017-02-09 20:46:05,802 INFO     epoch: 68 took 2.482s (0.001s in batching)
training loss:	0.530835
validation loss:	0.563421
validation error:	0.288700
2017-02-09 20:46:10,313 INFO     Wrote output to trainNN/out/v050-finunified-6-gca252aa-dirty:ff-best-60-30/config.json
2017-02-09 20:46:10,893 INFO     Saving network params to trainNN/out/v050-finunified-6-gca252aa-dirty:ff-best-60-30/epoch-069.pkl
2017-02-09 20:46:11,097 INFO     epoch: 69 took 5.295s (0.001s in batching)
training loss:	0.530075
validation loss:	0.562074
validation error:	0.285700
2017-02-09 20:46:11,692 INFO     Wrote output to trainNN/out/v050-finunified-6-gca252aa-dirty:ff-best-60-30/config.json
2017-02-09 20:46:12,270 INFO     Saving network params to trainNN/out/v050-finunified-6-gca252aa-dirty:ff-best-60-30/epoch-070.pkl
2017-02-09 20:46:12,308 INFO     epoch: 70 took 1.211s (0.001s in batching)
training loss:	0.530263
validation loss:	0.559544
validation error:	0.285200
2017-02-09 20:46:12,310 INFO     Wrote output to trainNN/out/v050-finunified-6-gca252aa-dirty:ff-best-60-30/config.json
2017-02-09 20:46:12,871 INFO     Saving network params to trainNN/out/v050-finunified-6-gca252aa-dirty:ff-best-60-30/epoch-071.pkl
2017-02-09 20:46:12,910 INFO     epoch: 71 took 0.602s (0.000s in batching)
training loss:	0.530661
validation loss:	0.559154
validation error:	0.283300
2017-02-09 20:46:12,912 INFO     Wrote output to trainNN/out/v050-finunified-6-gca252aa-dirty:ff-best-60-30/config.json
2017-02-09 20:46:13,893 INFO     Saving network params to trainNN/out/v050-finunified-6-gca252aa-dirty:ff-best-60-30/epoch-072.pkl
2017-02-09 20:46:13,930 INFO     epoch: 72 took 1.020s (0.000s in batching)
training loss:	0.529209
validation loss:	0.555898
validation error:	0.281500
2017-02-09 20:46:13,932 INFO     Wrote output to trainNN/out/v050-finunified-6-gca252aa-dirty:ff-best-60-30/config.json
2017-02-09 20:46:14,488 INFO     Saving network params to trainNN/out/v050-finunified-6-gca252aa-dirty:ff-best-60-30/epoch-073.pkl
2017-02-09 20:46:14,525 INFO     epoch: 73 took 0.595s (0.000s in batching)
training loss:	0.529673
validation loss:	0.552515
validation error:	0.275400
2017-02-09 20:46:14,532 INFO     Wrote output to trainNN/out/v050-finunified-6-gca252aa-dirty:ff-best-60-30/config.json
2017-02-09 20:46:15,087 INFO     Saving network params to trainNN/out/v050-finunified-6-gca252aa-dirty:ff-best-60-30/epoch-074.pkl
2017-02-09 20:46:15,125 INFO     epoch: 74 took 0.600s (0.001s in batching)
training loss:	0.528692
validation loss:	0.556680
validation error:	0.279000
2017-02-09 20:46:15,126 INFO     Wrote output to trainNN/out/v050-finunified-6-gca252aa-dirty:ff-best-60-30/config.json
2017-02-09 20:46:15,676 INFO     Saving network params to trainNN/out/v050-finunified-6-gca252aa-dirty:ff-best-60-30/epoch-075.pkl
2017-02-09 20:46:15,713 INFO     epoch: 75 took 0.589s (0.000s in batching)
training loss:	0.528838
validation loss:	0.557067
validation error:	0.280100
2017-02-09 20:46:15,715 INFO     Wrote output to trainNN/out/v050-finunified-6-gca252aa-dirty:ff-best-60-30/config.json
2017-02-09 20:46:16,266 INFO     Saving network params to trainNN/out/v050-finunified-6-gca252aa-dirty:ff-best-60-30/epoch-076.pkl
2017-02-09 20:46:16,304 INFO     epoch: 76 took 0.590s (0.000s in batching)
training loss:	0.528190
validation loss:	0.554573
validation error:	0.281500
2017-02-09 20:46:16,314 INFO     Wrote output to trainNN/out/v050-finunified-6-gca252aa-dirty:ff-best-60-30/config.json
2017-02-09 20:46:16,869 INFO     Saving network params to trainNN/out/v050-finunified-6-gca252aa-dirty:ff-best-60-30/epoch-077.pkl
2017-02-09 20:46:16,906 INFO     epoch: 77 took 0.603s (0.000s in batching)
training loss:	0.529176
validation loss:	0.557925
validation error:	0.287000
2017-02-09 20:46:16,908 INFO     Wrote output to trainNN/out/v050-finunified-6-gca252aa-dirty:ff-best-60-30/config.json
2017-02-09 20:46:17,456 INFO     Saving network params to trainNN/out/v050-finunified-6-gca252aa-dirty:ff-best-60-30/epoch-078.pkl
2017-02-09 20:46:17,493 INFO     epoch: 78 took 0.587s (0.000s in batching)
training loss:	0.528092
validation loss:	0.556455
validation error:	0.279900
2017-02-09 20:46:17,517 INFO     Wrote output to trainNN/out/v050-finunified-6-gca252aa-dirty:ff-best-60-30/config.json
2017-02-09 20:46:18,070 INFO     Saving network params to trainNN/out/v050-finunified-6-gca252aa-dirty:ff-best-60-30/epoch-079.pkl
2017-02-09 20:46:18,108 INFO     epoch: 79 took 0.615s (0.001s in batching)
training loss:	0.528345
validation loss:	0.559246
validation error:	0.285800
2017-02-09 20:46:18,110 INFO     Wrote output to trainNN/out/v050-finunified-6-gca252aa-dirty:ff-best-60-30/config.json
2017-02-09 20:46:18,662 INFO     Saving network params to trainNN/out/v050-finunified-6-gca252aa-dirty:ff-best-60-30/epoch-080.pkl
2017-02-09 20:46:18,699 INFO     epoch: 80 took 0.591s (0.000s in batching)
training loss:	0.526217
validation loss:	0.558675
validation error:	0.280500
2017-02-09 20:46:18,701 INFO     Wrote output to trainNN/out/v050-finunified-6-gca252aa-dirty:ff-best-60-30/config.json
2017-02-09 20:46:19,251 INFO     Saving network params to trainNN/out/v050-finunified-6-gca252aa-dirty:ff-best-60-30/epoch-081.pkl
2017-02-09 20:46:19,288 INFO     epoch: 81 took 0.589s (0.000s in batching)
training loss:	0.526733
validation loss:	0.562858
validation error:	0.282400
2017-02-09 20:46:19,320 INFO     Wrote output to trainNN/out/v050-finunified-6-gca252aa-dirty:ff-best-60-30/config.json
2017-02-09 20:46:19,871 INFO     Saving network params to trainNN/out/v050-finunified-6-gca252aa-dirty:ff-best-60-30/epoch-082.pkl
2017-02-09 20:46:20,285 INFO     epoch: 82 took 0.997s (0.000s in batching)
training loss:	0.527621
validation loss:	0.554653
validation error:	0.278100
2017-02-09 20:46:20,287 INFO     Wrote output to trainNN/out/v050-finunified-6-gca252aa-dirty:ff-best-60-30/config.json
2017-02-09 20:46:20,839 INFO     Saving network params to trainNN/out/v050-finunified-6-gca252aa-dirty:ff-best-60-30/epoch-083.pkl
2017-02-09 20:46:21,286 INFO     epoch: 83 took 1.002s (0.001s in batching)
training loss:	0.525964
validation loss:	0.554017
validation error:	0.278600
2017-02-09 20:46:21,346 INFO     Wrote output to trainNN/out/v050-finunified-6-gca252aa-dirty:ff-best-60-30/config.json
2017-02-09 20:46:21,926 INFO     Saving network params to trainNN/out/v050-finunified-6-gca252aa-dirty:ff-best-60-30/epoch-084.pkl
2017-02-09 20:46:21,963 INFO     epoch: 84 took 0.677s (0.001s in batching)
training loss:	0.525479
validation loss:	0.554701
validation error:	0.277600
2017-02-09 20:46:22,069 INFO     Wrote output to trainNN/out/v050-finunified-6-gca252aa-dirty:ff-best-60-30/config.json
2017-02-09 20:46:22,630 INFO     Saving network params to trainNN/out/v050-finunified-6-gca252aa-dirty:ff-best-60-30/epoch-085.pkl
2017-02-09 20:46:22,667 INFO     epoch: 85 took 0.704s (0.001s in batching)
training loss:	0.527526
validation loss:	0.555959
validation error:	0.277100
2017-02-09 20:46:22,669 INFO     Wrote output to trainNN/out/v050-finunified-6-gca252aa-dirty:ff-best-60-30/config.json
2017-02-09 20:46:23,222 INFO     Saving network params to trainNN/out/v050-finunified-6-gca252aa-dirty:ff-best-60-30/epoch-086.pkl
2017-02-09 20:46:23,352 INFO     epoch: 86 took 0.685s (0.000s in batching)
training loss:	0.524526
validation loss:	0.557538
validation error:	0.281300
2017-02-09 20:46:23,852 INFO     Wrote output to trainNN/out/v050-finunified-6-gca252aa-dirty:ff-best-60-30/config.json
2017-02-09 20:46:24,431 INFO     Saving network params to trainNN/out/v050-finunified-6-gca252aa-dirty:ff-best-60-30/epoch-087.pkl
2017-02-09 20:46:24,469 INFO     epoch: 87 took 1.117s (0.001s in batching)
training loss:	0.525980
validation loss:	0.557039
validation error:	0.277300
2017-02-09 20:46:24,471 INFO     Wrote output to trainNN/out/v050-finunified-6-gca252aa-dirty:ff-best-60-30/config.json
2017-02-09 20:46:25,030 INFO     Saving network params to trainNN/out/v050-finunified-6-gca252aa-dirty:ff-best-60-30/epoch-088.pkl
2017-02-09 20:46:25,068 INFO     epoch: 88 took 0.598s (0.000s in batching)
training loss:	0.525124
validation loss:	0.561985
validation error:	0.281900
2017-02-09 20:46:25,070 INFO     Wrote output to trainNN/out/v050-finunified-6-gca252aa-dirty:ff-best-60-30/config.json
2017-02-09 20:46:25,623 INFO     Saving network params to trainNN/out/v050-finunified-6-gca252aa-dirty:ff-best-60-30/epoch-089.pkl
2017-02-09 20:46:25,662 INFO     epoch: 89 took 0.594s (0.000s in batching)
training loss:	0.524948
validation loss:	0.557990
validation error:	0.281100
2017-02-09 20:46:25,665 INFO     Wrote output to trainNN/out/v050-finunified-6-gca252aa-dirty:ff-best-60-30/config.json
2017-02-09 20:46:26,218 INFO     Saving network params to trainNN/out/v050-finunified-6-gca252aa-dirty:ff-best-60-30/epoch-090.pkl
2017-02-09 20:46:26,255 INFO     epoch: 90 took 0.594s (0.000s in batching)
training loss:	0.524833
validation loss:	0.554607
validation error:	0.277700
2017-02-09 20:46:26,257 INFO     Wrote output to trainNN/out/v050-finunified-6-gca252aa-dirty:ff-best-60-30/config.json
2017-02-09 20:46:26,812 INFO     Saving network params to trainNN/out/v050-finunified-6-gca252aa-dirty:ff-best-60-30/epoch-091.pkl
2017-02-09 20:46:26,850 INFO     epoch: 91 took 0.595s (0.000s in batching)
training loss:	0.523539
validation loss:	0.560734
validation error:	0.281300
2017-02-09 20:46:26,926 INFO     Wrote output to trainNN/out/v050-finunified-6-gca252aa-dirty:ff-best-60-30/config.json
2017-02-09 20:46:27,482 INFO     Saving network params to trainNN/out/v050-finunified-6-gca252aa-dirty:ff-best-60-30/epoch-092.pkl
2017-02-09 20:46:27,519 INFO     epoch: 92 took 0.669s (0.001s in batching)
training loss:	0.523124
validation loss:	0.555099
validation error:	0.279000
2017-02-09 20:46:27,521 INFO     Wrote output to trainNN/out/v050-finunified-6-gca252aa-dirty:ff-best-60-30/config.json
2017-02-09 20:46:28,069 INFO     Saving network params to trainNN/out/v050-finunified-6-gca252aa-dirty:ff-best-60-30/epoch-093.pkl
2017-02-09 20:46:28,108 INFO     epoch: 93 took 0.588s (0.000s in batching)
training loss:	0.523143
validation loss:	0.558449
validation error:	0.280900
2017-02-09 20:46:28,110 INFO     Wrote output to trainNN/out/v050-finunified-6-gca252aa-dirty:ff-best-60-30/config.json
2017-02-09 20:46:28,662 INFO     Saving network params to trainNN/out/v050-finunified-6-gca252aa-dirty:ff-best-60-30/epoch-094.pkl
2017-02-09 20:46:28,699 INFO     epoch: 94 took 0.592s (0.000s in batching)
training loss:	0.523025
validation loss:	0.553862
validation error:	0.278100
2017-02-09 20:46:28,706 INFO     Wrote output to trainNN/out/v050-finunified-6-gca252aa-dirty:ff-best-60-30/config.json
2017-02-09 20:46:29,259 INFO     Saving network params to trainNN/out/v050-finunified-6-gca252aa-dirty:ff-best-60-30/epoch-095.pkl
2017-02-09 20:46:29,297 INFO     epoch: 95 took 0.598s (0.000s in batching)
training loss:	0.521754
validation loss:	0.558294
validation error:	0.281800
2017-02-09 20:46:29,299 INFO     Wrote output to trainNN/out/v050-finunified-6-gca252aa-dirty:ff-best-60-30/config.json
2017-02-09 20:46:29,856 INFO     Saving network params to trainNN/out/v050-finunified-6-gca252aa-dirty:ff-best-60-30/epoch-096.pkl
2017-02-09 20:46:30,062 INFO     epoch: 96 took 0.765s (0.000s in batching)
training loss:	0.521511
validation loss:	0.561357
validation error:	0.280100
2017-02-09 20:46:30,064 INFO     Wrote output to trainNN/out/v050-finunified-6-gca252aa-dirty:ff-best-60-30/config.json
2017-02-09 20:46:30,622 INFO     Saving network params to trainNN/out/v050-finunified-6-gca252aa-dirty:ff-best-60-30/epoch-097.pkl
2017-02-09 20:46:30,659 INFO     epoch: 97 took 0.597s (0.000s in batching)
training loss:	0.521638
validation loss:	0.556101
validation error:	0.279500
2017-02-09 20:46:30,738 INFO     Wrote output to trainNN/out/v050-finunified-6-gca252aa-dirty:ff-best-60-30/config.json
2017-02-09 20:46:31,319 INFO     Saving network params to trainNN/out/v050-finunified-6-gca252aa-dirty:ff-best-60-30/epoch-098.pkl
2017-02-09 20:46:31,356 INFO     epoch: 98 took 0.697s (0.001s in batching)
training loss:	0.521224
validation loss:	0.562577
validation error:	0.286100
2017-02-09 20:46:31,608 INFO     Wrote output to trainNN/out/v050-finunified-6-gca252aa-dirty:ff-best-60-30/config.json
2017-02-09 20:46:32,178 INFO     Saving network params to trainNN/out/v050-finunified-6-gca252aa-dirty:ff-best-60-30/epoch-099.pkl
2017-02-09 20:46:33,733 INFO     epoch: 99 took 2.377s (0.001s in batching)
training loss:	0.522352
validation loss:	0.559291
validation error:	0.279600
2017-02-09 20:46:33,755 INFO     Wrote output to trainNN/out/v050-finunified-6-gca252aa-dirty:ff-best-60-30/config.json
2017-02-09 20:46:34,323 INFO     Saving network params to trainNN/out/v050-finunified-6-gca252aa-dirty:ff-best-60-30/epoch-100.pkl
2017-02-09 20:46:34,724 INFO     epoch: 100 took 0.991s (0.000s in batching)
training loss:	0.521637
validation loss:	0.558731
validation error:	0.278900
2017-02-09 20:46:35,255 INFO     Wrote output to trainNN/out/v050-finunified-6-gca252aa-dirty:ff-best-60-30/config.json
2017-02-09 20:46:35,811 INFO     Saving network params to trainNN/out/v050-finunified-6-gca252aa-dirty:ff-best-60-30/epoch-101.pkl
2017-02-09 20:46:35,852 INFO     epoch: 101 took 1.128s (0.000s in batching)
training loss:	0.521604
validation loss:	0.557565
validation error:	0.278500
2017-02-09 20:46:35,911 INFO     Wrote output to trainNN/out/v050-finunified-6-gca252aa-dirty:ff-best-60-30/config.json
2017-02-09 20:46:36,469 INFO     Saving network params to trainNN/out/v050-finunified-6-gca252aa-dirty:ff-best-60-30/epoch-102.pkl
2017-02-09 20:46:36,507 INFO     epoch: 102 took 0.655s (0.000s in batching)
training loss:	0.520514
validation loss:	0.558004
validation error:	0.277000
2017-02-09 20:46:36,528 INFO     Wrote output to trainNN/out/v050-finunified-6-gca252aa-dirty:ff-best-60-30/config.json
2017-02-09 20:46:37,083 INFO     Saving network params to trainNN/out/v050-finunified-6-gca252aa-dirty:ff-best-60-30/epoch-103.pkl
2017-02-09 20:46:37,132 INFO     epoch: 103 took 0.625s (0.000s in batching)
training loss:	0.519514
validation loss:	0.562533
validation error:	0.286000
2017-02-09 20:46:37,134 INFO     Wrote output to trainNN/out/v050-finunified-6-gca252aa-dirty:ff-best-60-30/config.json
2017-02-09 20:46:37,695 INFO     Saving network params to trainNN/out/v050-finunified-6-gca252aa-dirty:ff-best-60-30/epoch-104.pkl
2017-02-09 20:46:37,733 INFO     epoch: 104 took 0.600s (0.000s in batching)
training loss:	0.519980
validation loss:	0.559766
validation error:	0.277200
2017-02-09 20:46:37,735 INFO     Wrote output to trainNN/out/v050-finunified-6-gca252aa-dirty:ff-best-60-30/config.json
2017-02-09 20:46:38,288 INFO     Saving network params to trainNN/out/v050-finunified-6-gca252aa-dirty:ff-best-60-30/epoch-105.pkl
2017-02-09 20:46:38,401 INFO     epoch: 105 took 0.668s (0.000s in batching)
training loss:	0.520167
validation loss:	0.557016
validation error:	0.280200
2017-02-09 20:46:38,405 INFO     Wrote output to trainNN/out/v050-finunified-6-gca252aa-dirty:ff-best-60-30/config.json
2017-02-09 20:46:38,963 INFO     Saving network params to trainNN/out/v050-finunified-6-gca252aa-dirty:ff-best-60-30/epoch-106.pkl
2017-02-09 20:46:39,001 INFO     epoch: 106 took 0.600s (0.000s in batching)
training loss:	0.518931
validation loss:	0.556704
validation error:	0.279500
2017-02-09 20:46:39,005 INFO     Wrote output to trainNN/out/v050-finunified-6-gca252aa-dirty:ff-best-60-30/config.json
2017-02-09 20:46:39,561 INFO     Saving network params to trainNN/out/v050-finunified-6-gca252aa-dirty:ff-best-60-30/epoch-107.pkl
2017-02-09 20:46:39,670 INFO     epoch: 107 took 0.669s (0.001s in batching)
training loss:	0.519604
validation loss:	0.565193
validation error:	0.283400
2017-02-09 20:46:39,721 INFO     Wrote output to trainNN/out/v050-finunified-6-gca252aa-dirty:ff-best-60-30/config.json
2017-02-09 20:46:40,280 INFO     Saving network params to trainNN/out/v050-finunified-6-gca252aa-dirty:ff-best-60-30/epoch-108.pkl
2017-02-09 20:46:40,317 INFO     epoch: 108 took 0.648s (0.001s in batching)
training loss:	0.520578
validation loss:	0.559608
validation error:	0.279100
2017-02-09 20:46:40,320 INFO     Wrote output to trainNN/out/v050-finunified-6-gca252aa-dirty:ff-best-60-30/config.json
2017-02-09 20:46:40,951 INFO     Saving network params to trainNN/out/v050-finunified-6-gca252aa-dirty:ff-best-60-30/epoch-109.pkl
2017-02-09 20:46:41,290 INFO     epoch: 109 took 0.972s (0.000s in batching)
training loss:	0.519889
validation loss:	0.563353
validation error:	0.284700
2017-02-09 20:46:41,518 INFO     Wrote output to trainNN/out/v050-finunified-6-gca252aa-dirty:ff-best-60-30/config.json
2017-02-09 20:46:42,069 INFO     Saving network params to trainNN/out/v050-finunified-6-gca252aa-dirty:ff-best-60-30/epoch-110.pkl
2017-02-09 20:46:48,825 INFO     epoch: 110 took 7.536s (0.000s in batching)
training loss:	0.517680
validation loss:	0.558089
validation error:	0.279600
2017-02-09 20:46:49,152 INFO     Wrote output to trainNN/out/v050-finunified-6-gca252aa-dirty:ff-best-60-30/config.json
2017-02-09 20:46:49,791 INFO     Saving network params to trainNN/out/v050-finunified-6-gca252aa-dirty:ff-best-60-30/epoch-111.pkl
2017-02-09 20:46:50,686 INFO     epoch: 111 took 1.860s (0.001s in batching)
training loss:	0.517060
validation loss:	0.557865
validation error:	0.276800
2017-02-09 20:46:54,983 INFO     Wrote output to trainNN/out/v050-finunified-6-gca252aa-dirty:ff-best-60-30/config.json
2017-02-09 20:46:55,965 INFO     Saving network params to trainNN/out/v050-finunified-6-gca252aa-dirty:ff-best-60-30/epoch-112.pkl
2017-02-09 20:46:56,049 INFO     epoch: 112 took 5.363s (0.002s in batching)
training loss:	0.517053
validation loss:	0.561165
validation error:	0.276600
2017-02-09 20:46:56,429 INFO     Wrote output to trainNN/out/v050-finunified-6-gca252aa-dirty:ff-best-60-30/config.json
2017-02-09 20:46:57,011 INFO     Saving network params to trainNN/out/v050-finunified-6-gca252aa-dirty:ff-best-60-30/epoch-113.pkl
2017-02-09 20:46:57,069 INFO     epoch: 113 took 1.019s (0.002s in batching)
training loss:	0.518332
validation loss:	0.559911
validation error:	0.280300
2017-02-09 20:46:57,071 INFO     Wrote output to trainNN/out/v050-finunified-6-gca252aa-dirty:ff-best-60-30/config.json
2017-02-09 20:46:57,628 INFO     Saving network params to trainNN/out/v050-finunified-6-gca252aa-dirty:ff-best-60-30/epoch-114.pkl
2017-02-09 20:46:57,666 INFO     epoch: 114 took 0.598s (0.000s in batching)
training loss:	0.517750
validation loss:	0.568290
validation error:	0.294200
2017-02-09 20:46:57,669 INFO     Wrote output to trainNN/out/v050-finunified-6-gca252aa-dirty:ff-best-60-30/config.json
2017-02-09 20:46:58,225 INFO     Saving network params to trainNN/out/v050-finunified-6-gca252aa-dirty:ff-best-60-30/epoch-115.pkl
2017-02-09 20:46:58,262 INFO     epoch: 115 took 0.596s (0.000s in batching)
training loss:	0.516968
validation loss:	0.561658
validation error:	0.279500
2017-02-09 20:46:58,279 INFO     Wrote output to trainNN/out/v050-finunified-6-gca252aa-dirty:ff-best-60-30/config.json
2017-02-09 20:46:58,836 INFO     Saving network params to trainNN/out/v050-finunified-6-gca252aa-dirty:ff-best-60-30/epoch-116.pkl
2017-02-09 20:46:58,874 INFO     epoch: 116 took 0.612s (0.000s in batching)
training loss:	0.515698
validation loss:	0.569255
validation error:	0.290100
2017-02-09 20:46:59,586 INFO     Wrote output to trainNN/out/v050-finunified-6-gca252aa-dirty:ff-best-60-30/config.json
2017-02-09 20:47:00,164 INFO     Saving network params to trainNN/out/v050-finunified-6-gca252aa-dirty:ff-best-60-30/epoch-117.pkl
2017-02-09 20:47:00,235 INFO     epoch: 117 took 1.361s (0.002s in batching)
training loss:	0.517342
validation loss:	0.566782
validation error:	0.284400
2017-02-09 20:47:00,272 INFO     Wrote output to trainNN/out/v050-finunified-6-gca252aa-dirty:ff-best-60-30/config.json
2017-02-09 20:47:00,833 INFO     Saving network params to trainNN/out/v050-finunified-6-gca252aa-dirty:ff-best-60-30/epoch-118.pkl
2017-02-09 20:47:01,083 INFO     epoch: 118 took 0.848s (0.001s in batching)
training loss:	0.517133
validation loss:	0.560457
validation error:	0.278900
2017-02-09 20:47:01,086 INFO     Wrote output to trainNN/out/v050-finunified-6-gca252aa-dirty:ff-best-60-30/config.json
2017-02-09 20:47:01,655 INFO     Saving network params to trainNN/out/v050-finunified-6-gca252aa-dirty:ff-best-60-30/epoch-119.pkl
2017-02-09 20:47:01,694 INFO     epoch: 119 took 0.610s (0.000s in batching)
training loss:	0.514877
validation loss:	0.561000
validation error:	0.284200
2017-02-09 20:47:02,591 INFO     Wrote output to trainNN/out/v050-finunified-6-gca252aa-dirty:ff-best-60-30/config.json
2017-02-09 20:47:03,174 INFO     Saving network params to trainNN/out/v050-finunified-6-gca252aa-dirty:ff-best-60-30/epoch-120.pkl
2017-02-09 20:47:03,338 INFO     epoch: 120 took 1.643s (0.004s in batching)
training loss:	0.515930
validation loss:	0.562434
validation error:	0.281400
2017-02-09 20:47:03,567 INFO     Wrote output to trainNN/out/v050-finunified-6-gca252aa-dirty:ff-best-60-30/config.json
2017-02-09 20:47:04,132 INFO     Saving network params to trainNN/out/v050-finunified-6-gca252aa-dirty:ff-best-60-30/epoch-121.pkl
2017-02-09 20:47:04,285 INFO     epoch: 121 took 0.948s (0.009s in batching)
training loss:	0.514987
validation loss:	0.565448
validation error:	0.281500
2017-02-09 20:47:04,348 INFO     Wrote output to trainNN/out/v050-finunified-6-gca252aa-dirty:ff-best-60-30/config.json
2017-02-09 20:47:04,922 INFO     Saving network params to trainNN/out/v050-finunified-6-gca252aa-dirty:ff-best-60-30/epoch-122.pkl
2017-02-09 20:47:05,183 INFO     epoch: 122 took 0.898s (0.000s in batching)
training loss:	0.515202
validation loss:	0.564326
validation error:	0.282900
2017-02-09 20:47:05,195 INFO     Wrote output to trainNN/out/v050-finunified-6-gca252aa-dirty:ff-best-60-30/config.json
2017-02-09 20:47:05,771 INFO     Saving network params to trainNN/out/v050-finunified-6-gca252aa-dirty:ff-best-60-30/epoch-123.pkl
2017-02-09 20:47:05,810 INFO     epoch: 123 took 0.627s (0.001s in batching)
training loss:	0.516023
validation loss:	0.561451
validation error:	0.276300
2017-02-09 20:47:06,112 INFO     Wrote output to trainNN/out/v050-finunified-6-gca252aa-dirty:ff-best-60-30/config.json
2017-02-09 20:47:06,668 INFO     Saving network params to trainNN/out/v050-finunified-6-gca252aa-dirty:ff-best-60-30/epoch-124.pkl
2017-02-09 20:47:06,950 INFO     epoch: 124 took 1.139s (0.001s in batching)
training loss:	0.514428
validation loss:	0.564966
validation error:	0.277500
2017-02-09 20:47:06,952 INFO     Wrote output to trainNN/out/v050-finunified-6-gca252aa-dirty:ff-best-60-30/config.json
2017-02-09 20:47:07,510 INFO     Saving network params to trainNN/out/v050-finunified-6-gca252aa-dirty:ff-best-60-30/epoch-125.pkl
2017-02-09 20:47:07,547 INFO     epoch: 125 took 0.598s (0.000s in batching)
training loss:	0.514151
validation loss:	0.563583
validation error:	0.283000
2017-02-09 20:47:07,589 INFO     Wrote output to trainNN/out/v050-finunified-6-gca252aa-dirty:ff-best-60-30/config.json
2017-02-09 20:47:08,155 INFO     Saving network params to trainNN/out/v050-finunified-6-gca252aa-dirty:ff-best-60-30/epoch-126.pkl
2017-02-09 20:47:08,847 INFO     epoch: 126 took 1.300s (0.001s in batching)
training loss:	0.514823
validation loss:	0.561836
validation error:	0.284900
2017-02-09 20:47:08,850 INFO     Wrote output to trainNN/out/v050-finunified-6-gca252aa-dirty:ff-best-60-30/config.json
2017-02-09 20:47:09,427 INFO     Saving network params to trainNN/out/v050-finunified-6-gca252aa-dirty:ff-best-60-30/epoch-127.pkl
2017-02-09 20:47:09,465 INFO     epoch: 127 took 0.618s (0.000s in batching)
training loss:	0.513602
validation loss:	0.561102
validation error:	0.285400
2017-02-09 20:47:09,468 INFO     Wrote output to trainNN/out/v050-finunified-6-gca252aa-dirty:ff-best-60-30/config.json
2017-02-09 20:47:10,043 INFO     Saving network params to trainNN/out/v050-finunified-6-gca252aa-dirty:ff-best-60-30/epoch-128.pkl
2017-02-09 20:47:10,136 INFO     epoch: 128 took 0.671s (0.000s in batching)
training loss:	0.514482
validation loss:	0.562148
validation error:	0.281800
2017-02-09 20:47:10,227 INFO     Wrote output to trainNN/out/v050-finunified-6-gca252aa-dirty:ff-best-60-30/config.json
2017-02-09 20:47:10,827 INFO     Saving network params to trainNN/out/v050-finunified-6-gca252aa-dirty:ff-best-60-30/epoch-129.pkl
2017-02-09 20:47:10,865 INFO     epoch: 129 took 0.729s (0.001s in batching)
training loss:	0.513360
validation loss:	0.574928
validation error:	0.287700
2017-02-09 20:47:11,006 INFO     Wrote output to trainNN/out/v050-finunified-6-gca252aa-dirty:ff-best-60-30/config.json
2017-02-09 20:47:11,604 INFO     Saving network params to trainNN/out/v050-finunified-6-gca252aa-dirty:ff-best-60-30/epoch-130.pkl
2017-02-09 20:47:11,642 INFO     epoch: 130 took 0.778s (0.001s in batching)
training loss:	0.512982
validation loss:	0.569072
validation error:	0.281700
2017-02-09 20:47:11,645 INFO     Wrote output to trainNN/out/v050-finunified-6-gca252aa-dirty:ff-best-60-30/config.json
2017-02-09 20:47:12,693 INFO     Saving network params to trainNN/out/v050-finunified-6-gca252aa-dirty:ff-best-60-30/epoch-131.pkl
2017-02-09 20:47:12,754 INFO     epoch: 131 took 1.112s (0.001s in batching)
training loss:	0.511796
validation loss:	0.561947
validation error:	0.279600
2017-02-09 20:47:12,756 INFO     Wrote output to trainNN/out/v050-finunified-6-gca252aa-dirty:ff-best-60-30/config.json
2017-02-09 20:47:14,036 INFO     Saving network params to trainNN/out/v050-finunified-6-gca252aa-dirty:ff-best-60-30/epoch-132.pkl
2017-02-09 20:47:14,098 INFO     epoch: 132 took 1.344s (0.001s in batching)
training loss:	0.511896
validation loss:	0.562729
validation error:	0.282800
2017-02-09 20:47:14,100 INFO     Wrote output to trainNN/out/v050-finunified-6-gca252aa-dirty:ff-best-60-30/config.json
2017-02-09 20:47:15,343 INFO     Saving network params to trainNN/out/v050-finunified-6-gca252aa-dirty:ff-best-60-30/epoch-133.pkl
2017-02-09 20:47:15,469 INFO     epoch: 133 took 1.371s (0.000s in batching)
training loss:	0.510970
validation loss:	0.566536
validation error:	0.285900
2017-02-09 20:47:16,209 INFO     Wrote output to trainNN/out/v050-finunified-6-gca252aa-dirty:ff-best-60-30/config.json
2017-02-09 20:47:16,793 INFO     Saving network params to trainNN/out/v050-finunified-6-gca252aa-dirty:ff-best-60-30/epoch-134.pkl
2017-02-09 20:47:16,831 INFO     epoch: 134 took 1.363s (0.000s in batching)
training loss:	0.512234
validation loss:	0.573955
validation error:	0.291500
2017-02-09 20:47:17,615 INFO     Wrote output to trainNN/out/v050-finunified-6-gca252aa-dirty:ff-best-60-30/config.json
2017-02-09 20:47:18,167 INFO     Saving network params to trainNN/out/v050-finunified-6-gca252aa-dirty:ff-best-60-30/epoch-135.pkl
2017-02-09 20:47:18,205 INFO     epoch: 135 took 1.373s (0.000s in batching)
training loss:	0.510598
validation loss:	0.569258
validation error:	0.282100
2017-02-09 20:47:19,013 INFO     Wrote output to trainNN/out/v050-finunified-6-gca252aa-dirty:ff-best-60-30/config.json
2017-02-09 20:47:19,587 INFO     Saving network params to trainNN/out/v050-finunified-6-gca252aa-dirty:ff-best-60-30/epoch-136.pkl
2017-02-09 20:47:19,624 INFO     epoch: 136 took 1.419s (0.001s in batching)
training loss:	0.512424
validation loss:	0.572328
validation error:	0.288300
2017-02-09 20:47:20,092 INFO     Wrote output to trainNN/out/v050-finunified-6-gca252aa-dirty:ff-best-60-30/config.json
2017-02-09 20:47:20,666 INFO     Saving network params to trainNN/out/v050-finunified-6-gca252aa-dirty:ff-best-60-30/epoch-137.pkl
2017-02-09 20:47:20,703 INFO     epoch: 137 took 1.079s (0.001s in batching)
training loss:	0.510942
validation loss:	0.566183
validation error:	0.287400
2017-02-09 20:47:21,320 INFO     Wrote output to trainNN/out/v050-finunified-6-gca252aa-dirty:ff-best-60-30/config.json
2017-02-09 20:47:21,894 INFO     Saving network params to trainNN/out/v050-finunified-6-gca252aa-dirty:ff-best-60-30/epoch-138.pkl
2017-02-09 20:47:21,932 INFO     epoch: 138 took 1.229s (0.001s in batching)
training loss:	0.510895
validation loss:	0.567383
validation error:	0.286500
2017-02-09 20:47:22,516 INFO     Wrote output to trainNN/out/v050-finunified-6-gca252aa-dirty:ff-best-60-30/config.json
2017-02-09 20:47:23,076 INFO     Saving network params to trainNN/out/v050-finunified-6-gca252aa-dirty:ff-best-60-30/epoch-139.pkl
2017-02-09 20:47:23,112 INFO     epoch: 139 took 1.181s (0.001s in batching)
training loss:	0.510882
validation loss:	0.563175
validation error:	0.286500
2017-02-09 20:47:23,918 INFO     Wrote output to trainNN/out/v050-finunified-6-gca252aa-dirty:ff-best-60-30/config.json
2017-02-09 20:47:24,496 INFO     Saving network params to trainNN/out/v050-finunified-6-gca252aa-dirty:ff-best-60-30/epoch-140.pkl
2017-02-09 20:47:24,535 INFO     epoch: 140 took 1.423s (0.001s in batching)
training loss:	0.510514
validation loss:	0.563268
validation error:	0.283400
2017-02-09 20:47:24,538 INFO     Wrote output to trainNN/out/v050-finunified-6-gca252aa-dirty:ff-best-60-30/config.json
2017-02-09 20:47:25,106 INFO     Saving network params to trainNN/out/v050-finunified-6-gca252aa-dirty:ff-best-60-30/epoch-141.pkl
2017-02-09 20:47:25,143 INFO     epoch: 141 took 0.607s (0.000s in batching)
training loss:	0.509541
validation loss:	0.569938
validation error:	0.283200
2017-02-09 20:47:25,145 INFO     Wrote output to trainNN/out/v050-finunified-6-gca252aa-dirty:ff-best-60-30/config.json
2017-02-09 20:47:25,726 INFO     Saving network params to trainNN/out/v050-finunified-6-gca252aa-dirty:ff-best-60-30/epoch-142.pkl
2017-02-09 20:47:26,322 INFO     epoch: 142 took 1.180s (0.001s in batching)
training loss:	0.510493
validation loss:	0.565317
validation error:	0.282400
2017-02-09 20:47:26,489 INFO     Wrote output to trainNN/out/v050-finunified-6-gca252aa-dirty:ff-best-60-30/config.json
2017-02-09 20:47:27,065 INFO     Saving network params to trainNN/out/v050-finunified-6-gca252aa-dirty:ff-best-60-30/epoch-143.pkl
