2017-01-24 11:14:49,697 DEBUG    version=v043-unified-1-gc7bb63f-dirty:simple-ff-75-75
2017-01-24 11:14:49,699 INFO     Open DBase(data/db/all240302-spk.dat, data/db/all240302-spk.idx, mode='r')
2017-01-24 11:15:07,509 DEBUG    loading cached extracted data from data/cache/extract-563f0cfda2bc8b6a659563483d8ddca63a2cf90cdf00f9f7f789bf6027ccda0a.pickle
2017-01-24 11:15:08,425 DEBUG    set input dim to 2
2017-01-24 11:15:08,427 DEBUG    input dim = 2
2017-01-24 11:15:08,592 DEBUG    loading data into ram
2017-01-24 11:15:08,727 DEBUG    loading data took 0.135s (cpu: 0.134s
2017-01-24 11:15:09,283 DEBUG    set input dim to 2
2017-01-24 11:15:09,284 DEBUG    input dim = 2
2017-01-24 11:15:09,303 DEBUG    loading data into ram
2017-01-24 11:15:09,316 DEBUG    loading data took 0.013s (cpu: 0.013s
2017-01-24 11:15:09,344 INFO     Training network with 11927 trainable out of 11927 total params.
2017-01-24 11:15:09,376 DEBUG    Using sgd with learning_rate=0.700000
2017-01-24 11:15:14,401 DEBUG    Starting training...
2017-01-24 11:17:01,388 INFO     Saving network params to trainNN/out/v043-unified-1-gc7bb63f-dirty:simple-ff-75-75/epoch-000.pkl
2017-01-24 11:17:11,437 INFO     epoch: 0 took 117.035s (83.072s in batching)
training loss:	0.623571
validation loss:	0.612854
validation error:	0.335648
2017-01-24 11:17:11,440 INFO     Wrote output to trainNN/out/v043-unified-1-gc7bb63f-dirty:simple-ff-75-75/config.json
2017-01-24 11:18:56,502 INFO     Saving network params to trainNN/out/v043-unified-1-gc7bb63f-dirty:simple-ff-75-75/epoch-001.pkl
2017-01-24 11:19:06,529 INFO     epoch: 1 took 115.092s (82.630s in batching)
training loss:	0.610528
validation loss:	0.607846
validation error:	0.334607
2017-01-24 11:19:06,532 INFO     Wrote output to trainNN/out/v043-unified-1-gc7bb63f-dirty:simple-ff-75-75/config.json
2017-01-24 11:20:51,605 INFO     Saving network params to trainNN/out/v043-unified-1-gc7bb63f-dirty:simple-ff-75-75/epoch-002.pkl
2017-01-24 11:21:01,695 INFO     epoch: 2 took 115.166s (83.011s in batching)
training loss:	0.605852
validation loss:	0.607298
validation error:	0.333953
2017-01-24 11:21:01,697 INFO     Wrote output to trainNN/out/v043-unified-1-gc7bb63f-dirty:simple-ff-75-75/config.json
2017-01-24 11:22:46,530 INFO     Saving network params to trainNN/out/v043-unified-1-gc7bb63f-dirty:simple-ff-75-75/epoch-003.pkl
2017-01-24 11:22:56,505 INFO     epoch: 3 took 114.810s (82.946s in batching)
training loss:	0.602997
validation loss:	0.604237
validation error:	0.329789
2017-01-24 11:22:56,508 INFO     Wrote output to trainNN/out/v043-unified-1-gc7bb63f-dirty:simple-ff-75-75/config.json
2017-01-24 11:24:41,437 INFO     Saving network params to trainNN/out/v043-unified-1-gc7bb63f-dirty:simple-ff-75-75/epoch-004.pkl
2017-01-24 11:24:51,317 INFO     epoch: 4 took 114.811s (82.801s in batching)
training loss:	0.600680
validation loss:	0.611568
validation error:	0.333368
2017-01-24 11:24:51,320 INFO     Wrote output to trainNN/out/v043-unified-1-gc7bb63f-dirty:simple-ff-75-75/config.json
2017-01-24 11:26:36,213 INFO     Saving network params to trainNN/out/v043-unified-1-gc7bb63f-dirty:simple-ff-75-75/epoch-005.pkl
2017-01-24 11:26:46,170 INFO     epoch: 5 took 114.854s (82.529s in batching)
training loss:	0.598893
validation loss:	0.605020
validation error:	0.327891
2017-01-24 11:26:46,173 INFO     Wrote output to trainNN/out/v043-unified-1-gc7bb63f-dirty:simple-ff-75-75/config.json
2017-01-24 11:28:31,387 INFO     Saving network params to trainNN/out/v043-unified-1-gc7bb63f-dirty:simple-ff-75-75/epoch-006.pkl
2017-01-24 11:28:41,388 INFO     epoch: 6 took 115.218s (82.883s in batching)
training loss:	0.597294
validation loss:	0.602371
validation error:	0.326344
2017-01-24 11:28:41,391 INFO     Wrote output to trainNN/out/v043-unified-1-gc7bb63f-dirty:simple-ff-75-75/config.json
2017-01-24 11:30:26,884 INFO     Saving network params to trainNN/out/v043-unified-1-gc7bb63f-dirty:simple-ff-75-75/epoch-007.pkl
2017-01-24 11:30:36,929 INFO     epoch: 7 took 115.541s (82.686s in batching)
training loss:	0.596040
validation loss:	0.604792
validation error:	0.328808
2017-01-24 11:30:36,932 INFO     Wrote output to trainNN/out/v043-unified-1-gc7bb63f-dirty:simple-ff-75-75/config.json
2017-01-24 11:32:22,636 INFO     Saving network params to trainNN/out/v043-unified-1-gc7bb63f-dirty:simple-ff-75-75/epoch-008.pkl
2017-01-24 11:32:32,667 INFO     epoch: 8 took 115.738s (82.823s in batching)
training loss:	0.594923
validation loss:	0.603025
validation error:	0.326221
2017-01-24 11:32:32,669 INFO     Wrote output to trainNN/out/v043-unified-1-gc7bb63f-dirty:simple-ff-75-75/config.json
2017-01-24 11:34:18,274 INFO     Saving network params to trainNN/out/v043-unified-1-gc7bb63f-dirty:simple-ff-75-75/epoch-009.pkl
2017-01-24 11:34:28,255 INFO     epoch: 9 took 115.588s (82.875s in batching)
training loss:	0.593978
validation loss:	0.603584
validation error:	0.324253
2017-01-24 11:34:28,258 INFO     Wrote output to trainNN/out/v043-unified-1-gc7bb63f-dirty:simple-ff-75-75/config.json
2017-01-24 11:36:13,921 INFO     Saving network params to trainNN/out/v043-unified-1-gc7bb63f-dirty:simple-ff-75-75/epoch-010.pkl
2017-01-24 11:36:23,917 INFO     epoch: 10 took 115.662s (82.977s in batching)
training loss:	0.592948
validation loss:	0.605988
validation error:	0.329517
2017-01-24 11:36:23,920 INFO     Wrote output to trainNN/out/v043-unified-1-gc7bb63f-dirty:simple-ff-75-75/config.json
2017-01-24 11:38:09,433 INFO     Saving network params to trainNN/out/v043-unified-1-gc7bb63f-dirty:simple-ff-75-75/epoch-011.pkl
2017-01-24 11:38:19,445 INFO     epoch: 11 took 115.528s (82.953s in batching)
training loss:	0.592213
validation loss:	0.602642
validation error:	0.325660
2017-01-24 11:38:19,448 INFO     Wrote output to trainNN/out/v043-unified-1-gc7bb63f-dirty:simple-ff-75-75/config.json
2017-01-24 11:40:04,925 INFO     Saving network params to trainNN/out/v043-unified-1-gc7bb63f-dirty:simple-ff-75-75/epoch-012.pkl
2017-01-24 11:40:14,876 INFO     epoch: 12 took 115.431s (82.937s in batching)
training loss:	0.591499
validation loss:	0.602024
validation error:	0.324035
2017-01-24 11:40:14,879 INFO     Wrote output to trainNN/out/v043-unified-1-gc7bb63f-dirty:simple-ff-75-75/config.json
2017-01-24 11:42:00,397 INFO     Saving network params to trainNN/out/v043-unified-1-gc7bb63f-dirty:simple-ff-75-75/epoch-013.pkl
2017-01-24 11:42:10,405 INFO     epoch: 13 took 115.530s (82.574s in batching)
training loss:	0.590963
validation loss:	0.602368
validation error:	0.325413
2017-01-24 11:42:10,408 INFO     Wrote output to trainNN/out/v043-unified-1-gc7bb63f-dirty:simple-ff-75-75/config.json
2017-01-24 11:43:56,421 INFO     Saving network params to trainNN/out/v043-unified-1-gc7bb63f-dirty:simple-ff-75-75/epoch-014.pkl
2017-01-24 11:44:06,436 INFO     epoch: 14 took 116.030s (83.218s in batching)
training loss:	0.590282
validation loss:	0.604847
validation error:	0.329140
2017-01-24 11:44:06,438 INFO     Wrote output to trainNN/out/v043-unified-1-gc7bb63f-dirty:simple-ff-75-75/config.json
2017-01-24 11:45:52,132 INFO     Saving network params to trainNN/out/v043-unified-1-gc7bb63f-dirty:simple-ff-75-75/epoch-015.pkl
2017-01-24 11:46:02,115 INFO     epoch: 15 took 115.680s (83.092s in batching)
training loss:	0.589651
validation loss:	0.606498
validation error:	0.329472
2017-01-24 11:46:02,118 INFO     Wrote output to trainNN/out/v043-unified-1-gc7bb63f-dirty:simple-ff-75-75/config.json
2017-01-24 11:47:47,267 INFO     Saving network params to trainNN/out/v043-unified-1-gc7bb63f-dirty:simple-ff-75-75/epoch-016.pkl
2017-01-24 11:47:57,187 INFO     epoch: 16 took 115.071s (82.662s in batching)
training loss:	0.589316
validation loss:	0.602892
validation error:	0.325651
2017-01-24 11:47:57,190 INFO     Wrote output to trainNN/out/v043-unified-1-gc7bb63f-dirty:simple-ff-75-75/config.json
2017-01-24 11:49:42,201 INFO     Saving network params to trainNN/out/v043-unified-1-gc7bb63f-dirty:simple-ff-75-75/epoch-017.pkl
2017-01-24 11:49:52,146 INFO     epoch: 17 took 114.959s (82.701s in batching)
training loss:	0.588875
validation loss:	0.622727
validation error:	0.344793
2017-01-24 11:49:52,149 INFO     Wrote output to trainNN/out/v043-unified-1-gc7bb63f-dirty:simple-ff-75-75/config.json
2017-01-24 11:51:37,447 INFO     Saving network params to trainNN/out/v043-unified-1-gc7bb63f-dirty:simple-ff-75-75/epoch-018.pkl
2017-01-24 11:51:47,446 INFO     epoch: 18 took 115.300s (82.896s in batching)
training loss:	0.588440
validation loss:	0.604015
validation error:	0.325408
2017-01-24 11:51:47,449 INFO     Wrote output to trainNN/out/v043-unified-1-gc7bb63f-dirty:simple-ff-75-75/config.json
2017-01-24 11:53:33,129 INFO     Saving network params to trainNN/out/v043-unified-1-gc7bb63f-dirty:simple-ff-75-75/epoch-019.pkl
2017-01-24 11:53:43,108 INFO     epoch: 19 took 115.662s (82.728s in batching)
training loss:	0.588169
validation loss:	0.601850
validation error:	0.323881
2017-01-24 11:53:43,111 INFO     Wrote output to trainNN/out/v043-unified-1-gc7bb63f-dirty:simple-ff-75-75/config.json
2017-01-24 11:55:29,162 INFO     Saving network params to trainNN/out/v043-unified-1-gc7bb63f-dirty:simple-ff-75-75/epoch-020.pkl
2017-01-24 11:55:39,182 INFO     epoch: 20 took 116.074s (82.998s in batching)
training loss:	0.587759
validation loss:	0.605538
validation error:	0.328273
2017-01-24 11:55:39,186 INFO     Wrote output to trainNN/out/v043-unified-1-gc7bb63f-dirty:simple-ff-75-75/config.json
2017-01-24 11:57:25,250 INFO     Saving network params to trainNN/out/v043-unified-1-gc7bb63f-dirty:simple-ff-75-75/epoch-021.pkl
2017-01-24 11:57:35,342 INFO     epoch: 21 took 116.160s (83.583s in batching)
training loss:	0.587431
validation loss:	0.606423
validation error:	0.330409
2017-01-24 11:57:35,345 INFO     Wrote output to trainNN/out/v043-unified-1-gc7bb63f-dirty:simple-ff-75-75/config.json
2017-01-24 11:59:20,393 INFO     Saving network params to trainNN/out/v043-unified-1-gc7bb63f-dirty:simple-ff-75-75/epoch-022.pkl
2017-01-24 11:59:30,268 INFO     epoch: 22 took 114.925s (82.793s in batching)
training loss:	0.587214
validation loss:	0.608755
validation error:	0.325363
2017-01-24 11:59:30,270 INFO     Wrote output to trainNN/out/v043-unified-1-gc7bb63f-dirty:simple-ff-75-75/config.json
2017-01-24 12:01:13,518 INFO     Saving network params to trainNN/out/v043-unified-1-gc7bb63f-dirty:simple-ff-75-75/epoch-023.pkl
2017-01-24 12:01:23,350 INFO     epoch: 23 took 113.082s (82.074s in batching)
training loss:	0.587043
validation loss:	0.608547
validation error:	0.330027
2017-01-24 12:01:23,353 INFO     Wrote output to trainNN/out/v043-unified-1-gc7bb63f-dirty:simple-ff-75-75/config.json
2017-01-24 12:03:06,735 INFO     Saving network params to trainNN/out/v043-unified-1-gc7bb63f-dirty:simple-ff-75-75/epoch-024.pkl
2017-01-24 12:03:16,534 INFO     epoch: 24 took 113.185s (82.477s in batching)
training loss:	0.586761
validation loss:	0.608173
validation error:	0.328461
2017-01-24 12:03:16,537 INFO     Wrote output to trainNN/out/v043-unified-1-gc7bb63f-dirty:simple-ff-75-75/config.json
2017-01-24 12:05:00,087 INFO     Saving network params to trainNN/out/v043-unified-1-gc7bb63f-dirty:simple-ff-75-75/epoch-025.pkl
2017-01-24 12:05:09,900 INFO     epoch: 25 took 113.366s (82.707s in batching)
training loss:	0.586503
validation loss:	0.602239
validation error:	0.325814
2017-01-24 12:05:09,903 INFO     Wrote output to trainNN/out/v043-unified-1-gc7bb63f-dirty:simple-ff-75-75/config.json
2017-01-24 12:06:53,354 INFO     Saving network params to trainNN/out/v043-unified-1-gc7bb63f-dirty:simple-ff-75-75/epoch-026.pkl
2017-01-24 12:07:03,251 INFO     epoch: 26 took 113.351s (82.221s in batching)
training loss:	0.586283
validation loss:	0.606453
validation error:	0.327871
2017-01-24 12:07:03,255 INFO     Wrote output to trainNN/out/v043-unified-1-gc7bb63f-dirty:simple-ff-75-75/config.json
2017-01-24 12:08:46,819 INFO     Saving network params to trainNN/out/v043-unified-1-gc7bb63f-dirty:simple-ff-75-75/epoch-027.pkl
2017-01-24 12:08:56,659 INFO     epoch: 27 took 113.408s (82.585s in batching)
training loss:	0.586097
validation loss:	0.604457
validation error:	0.325834
2017-01-24 12:08:56,662 INFO     Wrote output to trainNN/out/v043-unified-1-gc7bb63f-dirty:simple-ff-75-75/config.json
2017-01-24 12:10:40,458 INFO     Saving network params to trainNN/out/v043-unified-1-gc7bb63f-dirty:simple-ff-75-75/epoch-028.pkl
2017-01-24 12:10:50,301 INFO     epoch: 28 took 113.642s (82.095s in batching)
training loss:	0.585840
validation loss:	0.603852
validation error:	0.326691
2017-01-24 12:10:50,305 INFO     Wrote output to trainNN/out/v043-unified-1-gc7bb63f-dirty:simple-ff-75-75/config.json
2017-01-24 12:12:34,137 INFO     Saving network params to trainNN/out/v043-unified-1-gc7bb63f-dirty:simple-ff-75-75/epoch-029.pkl
2017-01-24 12:12:44,040 INFO     epoch: 29 took 113.739s (82.613s in batching)
training loss:	0.585689
validation loss:	0.602601
validation error:	0.324947
2017-01-24 12:12:44,043 INFO     Wrote output to trainNN/out/v043-unified-1-gc7bb63f-dirty:simple-ff-75-75/config.json
2017-01-24 12:14:28,156 INFO     Saving network params to trainNN/out/v043-unified-1-gc7bb63f-dirty:simple-ff-75-75/epoch-030.pkl
2017-01-24 12:14:38,063 INFO     epoch: 30 took 114.023s (82.732s in batching)
training loss:	0.585434
validation loss:	0.605843
validation error:	0.325725
2017-01-24 12:14:38,066 INFO     Wrote output to trainNN/out/v043-unified-1-gc7bb63f-dirty:simple-ff-75-75/config.json
2017-01-24 12:16:22,079 INFO     Saving network params to trainNN/out/v043-unified-1-gc7bb63f-dirty:simple-ff-75-75/epoch-031.pkl
2017-01-24 12:16:31,999 INFO     epoch: 31 took 113.937s (82.705s in batching)
training loss:	0.585333
validation loss:	0.607244
validation error:	0.329185
2017-01-24 12:16:32,003 INFO     Wrote output to trainNN/out/v043-unified-1-gc7bb63f-dirty:simple-ff-75-75/config.json
2017-01-24 12:18:16,448 INFO     Saving network params to trainNN/out/v043-unified-1-gc7bb63f-dirty:simple-ff-75-75/epoch-032.pkl
2017-01-24 12:18:26,368 INFO     epoch: 32 took 114.369s (82.735s in batching)
training loss:	0.585175
validation loss:	0.605271
validation error:	0.329363
2017-01-24 12:18:26,372 INFO     Wrote output to trainNN/out/v043-unified-1-gc7bb63f-dirty:simple-ff-75-75/config.json
2017-01-24 12:20:10,832 INFO     Saving network params to trainNN/out/v043-unified-1-gc7bb63f-dirty:simple-ff-75-75/epoch-033.pkl
2017-01-24 12:20:20,706 INFO     epoch: 33 took 114.338s (82.650s in batching)
training loss:	0.584840
validation loss:	0.605464
validation error:	0.327450
2017-01-24 12:20:20,710 INFO     Wrote output to trainNN/out/v043-unified-1-gc7bb63f-dirty:simple-ff-75-75/config.json
2017-01-24 12:22:05,156 INFO     Saving network params to trainNN/out/v043-unified-1-gc7bb63f-dirty:simple-ff-75-75/epoch-034.pkl
2017-01-24 12:22:15,073 INFO     epoch: 34 took 114.367s (82.734s in batching)
training loss:	0.584794
validation loss:	0.605850
validation error:	0.328729
2017-01-24 12:22:15,076 INFO     Wrote output to trainNN/out/v043-unified-1-gc7bb63f-dirty:simple-ff-75-75/config.json
2017-01-24 12:23:59,682 INFO     Saving network params to trainNN/out/v043-unified-1-gc7bb63f-dirty:simple-ff-75-75/epoch-035.pkl
2017-01-24 12:24:09,611 INFO     epoch: 35 took 114.538s (82.561s in batching)
training loss:	0.584621
validation loss:	0.602660
validation error:	0.323970
2017-01-24 12:24:09,615 INFO     Wrote output to trainNN/out/v043-unified-1-gc7bb63f-dirty:simple-ff-75-75/config.json
2017-01-24 12:25:54,567 INFO     Saving network params to trainNN/out/v043-unified-1-gc7bb63f-dirty:simple-ff-75-75/epoch-036.pkl
2017-01-24 12:26:04,490 INFO     epoch: 36 took 114.879s (82.760s in batching)
training loss:	0.584482
validation loss:	0.605119
validation error:	0.325170
2017-01-24 12:26:04,494 INFO     Wrote output to trainNN/out/v043-unified-1-gc7bb63f-dirty:simple-ff-75-75/config.json
2017-01-24 12:27:49,302 INFO     Saving network params to trainNN/out/v043-unified-1-gc7bb63f-dirty:simple-ff-75-75/epoch-037.pkl
2017-01-24 12:27:59,241 INFO     epoch: 37 took 114.751s (82.728s in batching)
training loss:	0.584342
validation loss:	0.607897
validation error:	0.329769
2017-01-24 12:27:59,245 INFO     Wrote output to trainNN/out/v043-unified-1-gc7bb63f-dirty:simple-ff-75-75/config.json
2017-01-24 12:29:44,245 INFO     Saving network params to trainNN/out/v043-unified-1-gc7bb63f-dirty:simple-ff-75-75/epoch-038.pkl
2017-01-24 12:29:54,244 INFO     epoch: 38 took 115.003s (82.728s in batching)
training loss:	0.584071
validation loss:	0.605529
validation error:	0.328406
2017-01-24 12:29:54,247 INFO     Wrote output to trainNN/out/v043-unified-1-gc7bb63f-dirty:simple-ff-75-75/config.json
2017-01-24 12:31:39,595 INFO     Saving network params to trainNN/out/v043-unified-1-gc7bb63f-dirty:simple-ff-75-75/epoch-039.pkl
2017-01-24 12:31:49,525 INFO     epoch: 39 took 115.281s (82.975s in batching)
training loss:	0.583955
validation loss:	0.605170
validation error:	0.325095
2017-01-24 12:31:49,528 INFO     Wrote output to trainNN/out/v043-unified-1-gc7bb63f-dirty:simple-ff-75-75/config.json
2017-01-24 12:33:35,000 INFO     Saving network params to trainNN/out/v043-unified-1-gc7bb63f-dirty:simple-ff-75-75/epoch-040.pkl
2017-01-24 12:33:45,049 INFO     epoch: 40 took 115.524s (83.332s in batching)
training loss:	0.583954
validation loss:	0.605578
validation error:	0.328263
2017-01-24 12:33:45,054 INFO     Wrote output to trainNN/out/v043-unified-1-gc7bb63f-dirty:simple-ff-75-75/config.json
2017-01-24 12:35:30,815 INFO     Saving network params to trainNN/out/v043-unified-1-gc7bb63f-dirty:simple-ff-75-75/epoch-041.pkl
2017-01-24 12:35:40,823 INFO     epoch: 41 took 115.774s (83.250s in batching)
training loss:	0.583851
validation loss:	0.605318
validation error:	0.329081
2017-01-24 12:35:40,827 INFO     Wrote output to trainNN/out/v043-unified-1-gc7bb63f-dirty:simple-ff-75-75/config.json
2017-01-24 12:37:25,972 INFO     Saving network params to trainNN/out/v043-unified-1-gc7bb63f-dirty:simple-ff-75-75/epoch-042.pkl
2017-01-24 12:37:35,944 INFO     epoch: 42 took 115.121s (83.028s in batching)
training loss:	0.583679
validation loss:	0.607927
validation error:	0.328015
2017-01-24 12:37:35,948 INFO     Wrote output to trainNN/out/v043-unified-1-gc7bb63f-dirty:simple-ff-75-75/config.json
2017-01-24 12:39:22,068 INFO     Saving network params to trainNN/out/v043-unified-1-gc7bb63f-dirty:simple-ff-75-75/epoch-043.pkl
2017-01-24 12:39:32,062 INFO     epoch: 43 took 116.118s (83.359s in batching)
training loss:	0.583644
validation loss:	0.604823
validation error:	0.326444
2017-01-24 12:39:32,066 INFO     Wrote output to trainNN/out/v043-unified-1-gc7bb63f-dirty:simple-ff-75-75/config.json
2017-01-24 12:41:18,101 INFO     Saving network params to trainNN/out/v043-unified-1-gc7bb63f-dirty:simple-ff-75-75/epoch-044.pkl
2017-01-24 12:41:28,189 INFO     epoch: 44 took 116.127s (83.009s in batching)
training loss:	0.583473
validation loss:	0.606507
validation error:	0.329973
2017-01-24 12:41:28,195 INFO     Wrote output to trainNN/out/v043-unified-1-gc7bb63f-dirty:simple-ff-75-75/config.json
2017-01-24 12:43:14,457 INFO     Saving network params to trainNN/out/v043-unified-1-gc7bb63f-dirty:simple-ff-75-75/epoch-045.pkl
2017-01-24 12:43:24,486 INFO     epoch: 45 took 116.297s (83.246s in batching)
training loss:	0.583324
validation loss:	0.607552
validation error:	0.328084
2017-01-24 12:43:24,490 INFO     Wrote output to trainNN/out/v043-unified-1-gc7bb63f-dirty:simple-ff-75-75/config.json
2017-01-24 12:45:11,006 INFO     Saving network params to trainNN/out/v043-unified-1-gc7bb63f-dirty:simple-ff-75-75/epoch-046.pkl
2017-01-24 12:45:21,121 INFO     epoch: 46 took 116.635s (83.638s in batching)
training loss:	0.583230
validation loss:	0.607681
validation error:	0.327351
2017-01-24 12:45:21,125 INFO     Wrote output to trainNN/out/v043-unified-1-gc7bb63f-dirty:simple-ff-75-75/config.json
2017-01-24 12:47:07,451 INFO     Saving network params to trainNN/out/v043-unified-1-gc7bb63f-dirty:simple-ff-75-75/epoch-047.pkl
2017-01-24 12:47:17,621 INFO     epoch: 47 took 116.500s (83.519s in batching)
training loss:	0.583102
validation loss:	0.605136
validation error:	0.325769
2017-01-24 12:47:17,625 INFO     Wrote output to trainNN/out/v043-unified-1-gc7bb63f-dirty:simple-ff-75-75/config.json
2017-01-24 12:49:04,296 INFO     Saving network params to trainNN/out/v043-unified-1-gc7bb63f-dirty:simple-ff-75-75/epoch-048.pkl
2017-01-24 12:49:14,329 INFO     epoch: 48 took 116.708s (83.869s in batching)
training loss:	0.582975
validation loss:	0.606636
validation error:	0.327118
2017-01-24 12:49:14,334 INFO     Wrote output to trainNN/out/v043-unified-1-gc7bb63f-dirty:simple-ff-75-75/config.json
2017-01-24 12:51:00,941 INFO     Saving network params to trainNN/out/v043-unified-1-gc7bb63f-dirty:simple-ff-75-75/epoch-049.pkl
2017-01-24 12:51:10,884 INFO     epoch: 49 took 116.555s (83.510s in batching)
training loss:	0.582968
validation loss:	0.608375
validation error:	0.327708
2017-01-24 12:51:10,889 INFO     Wrote output to trainNN/out/v043-unified-1-gc7bb63f-dirty:simple-ff-75-75/config.json
2017-01-24 12:52:57,358 INFO     Saving network params to trainNN/out/v043-unified-1-gc7bb63f-dirty:simple-ff-75-75/epoch-050.pkl
2017-01-24 12:53:07,452 INFO     epoch: 50 took 116.567s (83.751s in batching)
training loss:	0.582858
validation loss:	0.605409
validation error:	0.326285
2017-01-24 12:53:07,456 INFO     Wrote output to trainNN/out/v043-unified-1-gc7bb63f-dirty:simple-ff-75-75/config.json
2017-01-24 12:54:53,358 INFO     Saving network params to trainNN/out/v043-unified-1-gc7bb63f-dirty:simple-ff-75-75/epoch-051.pkl
2017-01-24 12:55:03,357 INFO     epoch: 51 took 115.905s (82.906s in batching)
training loss:	0.582806
validation loss:	0.607287
validation error:	0.327167
2017-01-24 12:55:03,459 INFO     Wrote output to trainNN/out/v043-unified-1-gc7bb63f-dirty:simple-ff-75-75/config.json
2017-01-24 12:56:49,399 INFO     Saving network params to trainNN/out/v043-unified-1-gc7bb63f-dirty:simple-ff-75-75/epoch-052.pkl
2017-01-24 12:56:59,434 INFO     epoch: 52 took 116.077s (83.106s in batching)
training loss:	0.582601
validation loss:	0.607062
validation error:	0.327440
2017-01-24 12:56:59,439 INFO     Wrote output to trainNN/out/v043-unified-1-gc7bb63f-dirty:simple-ff-75-75/config.json
2017-01-24 12:58:45,411 INFO     Saving network params to trainNN/out/v043-unified-1-gc7bb63f-dirty:simple-ff-75-75/epoch-053.pkl
2017-01-24 12:58:55,418 INFO     epoch: 53 took 115.983s (83.022s in batching)
training loss:	0.582567
validation loss:	0.607664
validation error:	0.328337
2017-01-24 12:58:55,422 INFO     Wrote output to trainNN/out/v043-unified-1-gc7bb63f-dirty:simple-ff-75-75/config.json
2017-01-24 13:00:41,869 INFO     Saving network params to trainNN/out/v043-unified-1-gc7bb63f-dirty:simple-ff-75-75/epoch-054.pkl
2017-01-24 13:00:51,911 INFO     epoch: 54 took 116.493s (83.615s in batching)
training loss:	0.582574
validation loss:	0.605875
validation error:	0.327876
2017-01-24 13:00:51,915 INFO     Wrote output to trainNN/out/v043-unified-1-gc7bb63f-dirty:simple-ff-75-75/config.json
2017-01-24 13:02:38,094 INFO     Saving network params to trainNN/out/v043-unified-1-gc7bb63f-dirty:simple-ff-75-75/epoch-055.pkl
2017-01-24 13:02:48,093 INFO     epoch: 55 took 116.182s (83.217s in batching)
training loss:	0.582544
validation loss:	0.604467
validation error:	0.325695
2017-01-24 13:02:48,098 INFO     Wrote output to trainNN/out/v043-unified-1-gc7bb63f-dirty:simple-ff-75-75/config.json
2017-01-24 13:04:34,123 INFO     Saving network params to trainNN/out/v043-unified-1-gc7bb63f-dirty:simple-ff-75-75/epoch-056.pkl
2017-01-24 13:04:44,221 INFO     epoch: 56 took 116.127s (83.296s in batching)
training loss:	0.582430
validation loss:	0.614466
validation error:	0.332867
2017-01-24 13:04:44,225 INFO     Wrote output to trainNN/out/v043-unified-1-gc7bb63f-dirty:simple-ff-75-75/config.json
2017-01-24 13:06:30,191 INFO     Saving network params to trainNN/out/v043-unified-1-gc7bb63f-dirty:simple-ff-75-75/epoch-057.pkl
2017-01-24 13:06:40,173 INFO     epoch: 57 took 115.952s (83.062s in batching)
training loss:	0.582279
validation loss:	0.608277
validation error:	0.328332
2017-01-24 13:06:40,177 INFO     Wrote output to trainNN/out/v043-unified-1-gc7bb63f-dirty:simple-ff-75-75/config.json
2017-01-24 13:08:26,159 INFO     Saving network params to trainNN/out/v043-unified-1-gc7bb63f-dirty:simple-ff-75-75/epoch-058.pkl
2017-01-24 13:08:36,214 INFO     epoch: 58 took 116.041s (83.033s in batching)
training loss:	0.582256
validation loss:	0.606817
validation error:	0.328565
2017-01-24 13:08:36,219 INFO     Wrote output to trainNN/out/v043-unified-1-gc7bb63f-dirty:simple-ff-75-75/config.json
2017-01-24 13:10:22,088 INFO     Saving network params to trainNN/out/v043-unified-1-gc7bb63f-dirty:simple-ff-75-75/epoch-059.pkl
2017-01-24 13:10:32,055 INFO     epoch: 59 took 115.841s (83.066s in batching)
training loss:	0.581966
validation loss:	0.605752
validation error:	0.325646
2017-01-24 13:10:32,059 INFO     Wrote output to trainNN/out/v043-unified-1-gc7bb63f-dirty:simple-ff-75-75/config.json
2017-01-24 13:12:17,484 INFO     Saving network params to trainNN/out/v043-unified-1-gc7bb63f-dirty:simple-ff-75-75/epoch-060.pkl
2017-01-24 13:12:27,319 INFO     epoch: 60 took 115.264s (82.980s in batching)
training loss:	0.581982
validation loss:	0.605802
validation error:	0.325695
2017-01-24 13:12:27,323 INFO     Wrote output to trainNN/out/v043-unified-1-gc7bb63f-dirty:simple-ff-75-75/config.json
2017-01-24 13:14:12,015 INFO     Saving network params to trainNN/out/v043-unified-1-gc7bb63f-dirty:simple-ff-75-75/epoch-061.pkl
2017-01-24 13:14:22,144 INFO     epoch: 61 took 114.825s (82.755s in batching)
training loss:	0.582031
validation loss:	0.608013
validation error:	0.328010
2017-01-24 13:14:22,148 INFO     Wrote output to trainNN/out/v043-unified-1-gc7bb63f-dirty:simple-ff-75-75/config.json
2017-01-24 13:16:07,367 INFO     Saving network params to trainNN/out/v043-unified-1-gc7bb63f-dirty:simple-ff-75-75/epoch-062.pkl
2017-01-24 13:16:17,184 INFO     epoch: 62 took 115.040s (82.954s in batching)
training loss:	0.581985
validation loss:	0.618510
validation error:	0.331237
2017-01-24 13:16:17,189 INFO     Wrote output to trainNN/out/v043-unified-1-gc7bb63f-dirty:simple-ff-75-75/config.json
2017-01-24 13:18:00,529 INFO     Saving network params to trainNN/out/v043-unified-1-gc7bb63f-dirty:simple-ff-75-75/epoch-063.pkl
2017-01-24 13:18:10,382 INFO     epoch: 63 took 113.198s (82.591s in batching)
training loss:	0.581856
validation loss:	0.605918
validation error:	0.326563
2017-01-24 13:18:10,387 INFO     Wrote output to trainNN/out/v043-unified-1-gc7bb63f-dirty:simple-ff-75-75/config.json
2017-01-24 13:19:53,999 INFO     Saving network params to trainNN/out/v043-unified-1-gc7bb63f-dirty:simple-ff-75-75/epoch-064.pkl
2017-01-24 13:20:03,840 INFO     epoch: 64 took 113.458s (82.932s in batching)
training loss:	0.581723
validation loss:	0.607996
validation error:	0.325993
2017-01-24 13:20:03,845 INFO     Wrote output to trainNN/out/v043-unified-1-gc7bb63f-dirty:simple-ff-75-75/config.json
2017-01-24 13:21:47,850 INFO     Saving network params to trainNN/out/v043-unified-1-gc7bb63f-dirty:simple-ff-75-75/epoch-065.pkl
2017-01-24 13:21:57,718 INFO     epoch: 65 took 113.878s (82.858s in batching)
training loss:	0.581762
validation loss:	0.605672
validation error:	0.325026
2017-01-24 13:21:57,723 INFO     Wrote output to trainNN/out/v043-unified-1-gc7bb63f-dirty:simple-ff-75-75/config.json
2017-01-24 13:23:41,473 INFO     Saving network params to trainNN/out/v043-unified-1-gc7bb63f-dirty:simple-ff-75-75/epoch-066.pkl
2017-01-24 13:23:51,325 INFO     epoch: 66 took 113.607s (82.832s in batching)
training loss:	0.581648
validation loss:	0.609130
validation error:	0.327093
2017-01-24 13:23:51,330 INFO     Wrote output to trainNN/out/v043-unified-1-gc7bb63f-dirty:simple-ff-75-75/config.json
2017-01-24 13:25:35,014 INFO     Saving network params to trainNN/out/v043-unified-1-gc7bb63f-dirty:simple-ff-75-75/epoch-067.pkl
2017-01-24 13:25:44,850 INFO     epoch: 67 took 113.526s (82.691s in batching)
training loss:	0.581498
validation loss:	0.606409
validation error:	0.325655
2017-01-24 13:25:44,856 INFO     Wrote output to trainNN/out/v043-unified-1-gc7bb63f-dirty:simple-ff-75-75/config.json
2017-01-24 13:27:28,374 INFO     Saving network params to trainNN/out/v043-unified-1-gc7bb63f-dirty:simple-ff-75-75/epoch-068.pkl
2017-01-24 13:27:38,247 INFO     epoch: 68 took 113.396s (82.418s in batching)
training loss:	0.581472
validation loss:	0.605928
validation error:	0.325769
2017-01-24 13:27:38,252 INFO     Wrote output to trainNN/out/v043-unified-1-gc7bb63f-dirty:simple-ff-75-75/config.json
2017-01-24 13:29:22,193 INFO     Saving network params to trainNN/out/v043-unified-1-gc7bb63f-dirty:simple-ff-75-75/epoch-069.pkl
2017-01-24 13:29:32,101 INFO     epoch: 69 took 113.855s (82.590s in batching)
training loss:	0.581459
validation loss:	0.605709
validation error:	0.325507
2017-01-24 13:29:32,107 INFO     Wrote output to trainNN/out/v043-unified-1-gc7bb63f-dirty:simple-ff-75-75/config.json
2017-01-24 13:31:16,280 INFO     Saving network params to trainNN/out/v043-unified-1-gc7bb63f-dirty:simple-ff-75-75/epoch-070.pkl
2017-01-24 13:31:26,172 INFO     epoch: 70 took 114.070s (82.506s in batching)
training loss:	0.581347
validation loss:	0.604518
validation error:	0.325859
2017-01-24 13:31:26,177 INFO     Wrote output to trainNN/out/v043-unified-1-gc7bb63f-dirty:simple-ff-75-75/config.json
2017-01-24 13:33:10,886 INFO     Saving network params to trainNN/out/v043-unified-1-gc7bb63f-dirty:simple-ff-75-75/epoch-071.pkl
2017-01-24 13:33:20,713 INFO     epoch: 71 took 114.541s (83.178s in batching)
training loss:	0.581312
validation loss:	0.607577
validation error:	0.328828
2017-01-24 13:33:20,718 INFO     Wrote output to trainNN/out/v043-unified-1-gc7bb63f-dirty:simple-ff-75-75/config.json
2017-01-24 13:35:05,071 INFO     Saving network params to trainNN/out/v043-unified-1-gc7bb63f-dirty:simple-ff-75-75/epoch-072.pkl
2017-01-24 13:35:14,938 INFO     epoch: 72 took 114.225s (82.695s in batching)
training loss:	0.581259
validation loss:	0.613424
validation error:	0.329224
2017-01-24 13:35:14,959 INFO     Wrote output to trainNN/out/v043-unified-1-gc7bb63f-dirty:simple-ff-75-75/config.json
2017-01-24 13:36:59,904 INFO     Saving network params to trainNN/out/v043-unified-1-gc7bb63f-dirty:simple-ff-75-75/epoch-073.pkl
2017-01-24 13:37:09,858 INFO     epoch: 73 took 114.920s (82.882s in batching)
training loss:	0.581234
validation loss:	0.606663
validation error:	0.326597
2017-01-24 13:37:09,864 INFO     Wrote output to trainNN/out/v043-unified-1-gc7bb63f-dirty:simple-ff-75-75/config.json
2017-01-24 13:38:54,673 INFO     Saving network params to trainNN/out/v043-unified-1-gc7bb63f-dirty:simple-ff-75-75/epoch-074.pkl
2017-01-24 13:39:04,553 INFO     epoch: 74 took 114.695s (82.542s in batching)
training loss:	0.581265
validation loss:	0.608395
validation error:	0.325685
2017-01-24 13:39:04,558 INFO     Wrote output to trainNN/out/v043-unified-1-gc7bb63f-dirty:simple-ff-75-75/config.json
2017-01-24 13:40:49,987 INFO     Saving network params to trainNN/out/v043-unified-1-gc7bb63f-dirty:simple-ff-75-75/epoch-075.pkl
2017-01-24 13:41:00,068 INFO     epoch: 75 took 115.515s (83.395s in batching)
training loss:	0.581161
validation loss:	0.607929
validation error:	0.327405
2017-01-24 13:41:00,073 INFO     Wrote output to trainNN/out/v043-unified-1-gc7bb63f-dirty:simple-ff-75-75/config.json
2017-01-24 13:42:44,838 INFO     Saving network params to trainNN/out/v043-unified-1-gc7bb63f-dirty:simple-ff-75-75/epoch-076.pkl
2017-01-24 13:42:54,699 INFO     epoch: 76 took 114.631s (82.516s in batching)
training loss:	0.580996
validation loss:	0.616487
validation error:	0.335395
2017-01-24 13:42:54,705 INFO     Wrote output to trainNN/out/v043-unified-1-gc7bb63f-dirty:simple-ff-75-75/config.json
2017-01-24 13:44:39,737 INFO     Saving network params to trainNN/out/v043-unified-1-gc7bb63f-dirty:simple-ff-75-75/epoch-077.pkl
2017-01-24 13:44:49,676 INFO     epoch: 77 took 114.976s (82.723s in batching)
training loss:	0.581069
validation loss:	0.610181
validation error:	0.326483
2017-01-24 13:44:49,681 INFO     Wrote output to trainNN/out/v043-unified-1-gc7bb63f-dirty:simple-ff-75-75/config.json
2017-01-24 13:46:34,785 INFO     Saving network params to trainNN/out/v043-unified-1-gc7bb63f-dirty:simple-ff-75-75/epoch-078.pkl
2017-01-24 13:46:44,685 INFO     epoch: 78 took 115.009s (82.760s in batching)
training loss:	0.580996
validation loss:	0.609547
validation error:	0.326240
2017-01-24 13:46:44,691 INFO     Wrote output to trainNN/out/v043-unified-1-gc7bb63f-dirty:simple-ff-75-75/config.json
2017-01-24 13:48:29,840 INFO     Saving network params to trainNN/out/v043-unified-1-gc7bb63f-dirty:simple-ff-75-75/epoch-079.pkl
2017-01-24 13:48:39,744 INFO     epoch: 79 took 115.059s (82.482s in batching)
training loss:	0.580835
validation loss:	0.604965
validation error:	0.327950
2017-01-24 13:48:39,749 INFO     Wrote output to trainNN/out/v043-unified-1-gc7bb63f-dirty:simple-ff-75-75/config.json
2017-01-24 13:50:25,398 INFO     Saving network params to trainNN/out/v043-unified-1-gc7bb63f-dirty:simple-ff-75-75/epoch-080.pkl
2017-01-24 13:50:35,457 INFO     epoch: 80 took 115.713s (83.144s in batching)
training loss:	0.580847
validation loss:	0.605585
validation error:	0.324848
2017-01-24 13:50:35,560 INFO     Wrote output to trainNN/out/v043-unified-1-gc7bb63f-dirty:simple-ff-75-75/config.json
2017-01-24 13:52:20,806 INFO     Saving network params to trainNN/out/v043-unified-1-gc7bb63f-dirty:simple-ff-75-75/epoch-081.pkl
2017-01-24 13:52:30,761 INFO     epoch: 81 took 115.304s (82.521s in batching)
training loss:	0.580794
validation loss:	0.604720
validation error:	0.324768
2017-01-24 13:52:30,766 INFO     Wrote output to trainNN/out/v043-unified-1-gc7bb63f-dirty:simple-ff-75-75/config.json
2017-01-24 13:54:16,111 INFO     Saving network params to trainNN/out/v043-unified-1-gc7bb63f-dirty:simple-ff-75-75/epoch-082.pkl
2017-01-24 13:54:25,999 INFO     epoch: 82 took 115.238s (82.671s in batching)
training loss:	0.580858
validation loss:	0.607038
validation error:	0.324952
2017-01-24 13:54:26,005 INFO     Wrote output to trainNN/out/v043-unified-1-gc7bb63f-dirty:simple-ff-75-75/config.json
2017-01-24 13:56:10,799 INFO     Saving network params to trainNN/out/v043-unified-1-gc7bb63f-dirty:simple-ff-75-75/epoch-083.pkl
2017-01-24 13:56:20,775 INFO     epoch: 83 took 114.776s (82.699s in batching)
training loss:	0.580694
validation loss:	0.605112
validation error:	0.324912
2017-01-24 13:56:20,780 INFO     Wrote output to trainNN/out/v043-unified-1-gc7bb63f-dirty:simple-ff-75-75/config.json
2017-01-24 13:58:05,748 INFO     Saving network params to trainNN/out/v043-unified-1-gc7bb63f-dirty:simple-ff-75-75/epoch-084.pkl
2017-01-24 13:58:15,678 INFO     epoch: 84 took 114.903s (82.603s in batching)
training loss:	0.580734
validation loss:	0.609632
validation error:	0.327385
2017-01-24 13:58:15,683 INFO     Wrote output to trainNN/out/v043-unified-1-gc7bb63f-dirty:simple-ff-75-75/config.json
2017-01-24 14:00:00,648 INFO     Saving network params to trainNN/out/v043-unified-1-gc7bb63f-dirty:simple-ff-75-75/epoch-085.pkl
2017-01-24 14:00:10,619 INFO     epoch: 85 took 114.941s (82.569s in batching)
training loss:	0.580559
validation loss:	0.605271
validation error:	0.325254
2017-01-24 14:00:10,625 INFO     Wrote output to trainNN/out/v043-unified-1-gc7bb63f-dirty:simple-ff-75-75/config.json
2017-01-24 14:01:55,674 INFO     Saving network params to trainNN/out/v043-unified-1-gc7bb63f-dirty:simple-ff-75-75/epoch-086.pkl
2017-01-24 14:02:05,570 INFO     epoch: 86 took 114.951s (82.782s in batching)
training loss:	0.580574
validation loss:	0.606476
validation error:	0.324421
2017-01-24 14:02:05,576 INFO     Wrote output to trainNN/out/v043-unified-1-gc7bb63f-dirty:simple-ff-75-75/config.json
2017-01-24 14:03:50,362 INFO     Saving network params to trainNN/out/v043-unified-1-gc7bb63f-dirty:simple-ff-75-75/epoch-087.pkl
2017-01-24 14:04:00,332 INFO     epoch: 87 took 114.761s (82.367s in batching)
training loss:	0.580576
validation loss:	0.607356
validation error:	0.327271
2017-01-24 14:04:00,338 INFO     Wrote output to trainNN/out/v043-unified-1-gc7bb63f-dirty:simple-ff-75-75/config.json
2017-01-24 14:05:45,536 INFO     Saving network params to trainNN/out/v043-unified-1-gc7bb63f-dirty:simple-ff-75-75/epoch-088.pkl
2017-01-24 14:05:55,561 INFO     epoch: 88 took 115.229s (82.475s in batching)
training loss:	0.580469
validation loss:	0.609379
validation error:	0.327019
2017-01-24 14:05:55,567 INFO     Wrote output to trainNN/out/v043-unified-1-gc7bb63f-dirty:simple-ff-75-75/config.json
2017-01-24 14:07:40,886 INFO     Saving network params to trainNN/out/v043-unified-1-gc7bb63f-dirty:simple-ff-75-75/epoch-089.pkl
2017-01-24 14:07:50,840 INFO     epoch: 89 took 115.279s (83.087s in batching)
training loss:	0.580408
validation loss:	0.606909
validation error:	0.324639
2017-01-24 14:07:50,944 INFO     Wrote output to trainNN/out/v043-unified-1-gc7bb63f-dirty:simple-ff-75-75/config.json
2017-01-24 14:09:35,591 INFO     Saving network params to trainNN/out/v043-unified-1-gc7bb63f-dirty:simple-ff-75-75/epoch-090.pkl
2017-01-24 14:09:45,583 INFO     epoch: 90 took 114.743s (82.611s in batching)
training loss:	0.580474
validation loss:	0.605132
validation error:	0.324743
2017-01-24 14:09:45,589 INFO     Wrote output to trainNN/out/v043-unified-1-gc7bb63f-dirty:simple-ff-75-75/config.json
2017-01-24 14:11:29,978 INFO     Saving network params to trainNN/out/v043-unified-1-gc7bb63f-dirty:simple-ff-75-75/epoch-091.pkl
2017-01-24 14:11:39,892 INFO     epoch: 91 took 114.309s (82.367s in batching)
training loss:	0.580491
validation loss:	0.608171
validation error:	0.330468
2017-01-24 14:11:39,898 INFO     Wrote output to trainNN/out/v043-unified-1-gc7bb63f-dirty:simple-ff-75-75/config.json
2017-01-24 14:13:25,001 INFO     Saving network params to trainNN/out/v043-unified-1-gc7bb63f-dirty:simple-ff-75-75/epoch-092.pkl
2017-01-24 14:13:34,989 INFO     epoch: 92 took 115.097s (83.062s in batching)
training loss:	0.580236
validation loss:	0.611862
validation error:	0.330374
2017-01-24 14:13:34,995 INFO     Wrote output to trainNN/out/v043-unified-1-gc7bb63f-dirty:simple-ff-75-75/config.json
2017-01-24 14:15:19,842 INFO     Saving network params to trainNN/out/v043-unified-1-gc7bb63f-dirty:simple-ff-75-75/epoch-093.pkl
2017-01-24 14:15:29,810 INFO     epoch: 93 took 114.821s (82.552s in batching)
training loss:	0.580301
validation loss:	0.609088
validation error:	0.328392
2017-01-24 14:15:29,816 INFO     Wrote output to trainNN/out/v043-unified-1-gc7bb63f-dirty:simple-ff-75-75/config.json
2017-01-24 14:17:14,664 INFO     Saving network params to trainNN/out/v043-unified-1-gc7bb63f-dirty:simple-ff-75-75/epoch-094.pkl
2017-01-24 14:17:24,553 INFO     epoch: 94 took 114.743s (82.640s in batching)
training loss:	0.580201
validation loss:	0.610746
validation error:	0.325685
2017-01-24 14:17:24,559 INFO     Wrote output to trainNN/out/v043-unified-1-gc7bb63f-dirty:simple-ff-75-75/config.json
2017-01-24 14:19:09,007 INFO     Saving network params to trainNN/out/v043-unified-1-gc7bb63f-dirty:simple-ff-75-75/epoch-095.pkl
2017-01-24 14:19:18,961 INFO     epoch: 95 took 114.408s (82.496s in batching)
training loss:	0.580282
validation loss:	0.606636
validation error:	0.327024
2017-01-24 14:19:18,967 INFO     Wrote output to trainNN/out/v043-unified-1-gc7bb63f-dirty:simple-ff-75-75/config.json
2017-01-24 14:21:03,824 INFO     Saving network params to trainNN/out/v043-unified-1-gc7bb63f-dirty:simple-ff-75-75/epoch-096.pkl
2017-01-24 14:21:13,642 INFO     epoch: 96 took 114.680s (82.655s in batching)
training loss:	0.580108
validation loss:	0.608318
validation error:	0.326711
2017-01-24 14:21:13,648 INFO     Wrote output to trainNN/out/v043-unified-1-gc7bb63f-dirty:simple-ff-75-75/config.json
2017-01-24 14:22:55,773 INFO     Saving network params to trainNN/out/v043-unified-1-gc7bb63f-dirty:simple-ff-75-75/epoch-097.pkl
2017-01-24 14:23:05,493 INFO     epoch: 97 took 111.852s (81.693s in batching)
training loss:	0.580325
validation loss:	0.607877
validation error:	0.328218
2017-01-24 14:23:05,499 INFO     Wrote output to trainNN/out/v043-unified-1-gc7bb63f-dirty:simple-ff-75-75/config.json
2017-01-24 14:24:47,526 INFO     Saving network params to trainNN/out/v043-unified-1-gc7bb63f-dirty:simple-ff-75-75/epoch-098.pkl
2017-01-24 14:24:57,368 INFO     epoch: 98 took 111.875s (81.926s in batching)
training loss:	0.580209
validation loss:	0.610881
validation error:	0.331717
2017-01-24 14:24:57,374 INFO     Wrote output to trainNN/out/v043-unified-1-gc7bb63f-dirty:simple-ff-75-75/config.json
2017-01-24 14:26:39,642 INFO     Saving network params to trainNN/out/v043-unified-1-gc7bb63f-dirty:simple-ff-75-75/epoch-099.pkl
2017-01-24 14:26:49,421 INFO     epoch: 99 took 112.053s (82.210s in batching)
training loss:	0.580109
validation loss:	0.607985
validation error:	0.328540
2017-01-24 14:26:49,428 INFO     Wrote output to trainNN/out/v043-unified-1-gc7bb63f-dirty:simple-ff-75-75/config.json
2017-01-24 14:28:31,946 INFO     Saving network params to trainNN/out/v043-unified-1-gc7bb63f-dirty:simple-ff-75-75/epoch-100.pkl
2017-01-24 14:28:41,692 INFO     epoch: 100 took 112.271s (82.071s in batching)
training loss:	0.580003
validation loss:	0.610332
validation error:	0.329031
2017-01-24 14:28:41,698 INFO     Wrote output to trainNN/out/v043-unified-1-gc7bb63f-dirty:simple-ff-75-75/config.json
2017-01-24 14:30:24,697 INFO     Saving network params to trainNN/out/v043-unified-1-gc7bb63f-dirty:simple-ff-75-75/epoch-101.pkl
2017-01-24 14:30:34,572 INFO     epoch: 101 took 112.879s (82.338s in batching)
training loss:	0.579906
validation loss:	0.607264
validation error:	0.325556
2017-01-24 14:30:34,578 INFO     Wrote output to trainNN/out/v043-unified-1-gc7bb63f-dirty:simple-ff-75-75/config.json
2017-01-24 14:32:17,186 INFO     Saving network params to trainNN/out/v043-unified-1-gc7bb63f-dirty:simple-ff-75-75/epoch-102.pkl
2017-01-24 14:32:26,963 INFO     epoch: 102 took 112.391s (82.003s in batching)
training loss:	0.579926
validation loss:	0.612037
validation error:	0.329353
2017-01-24 14:32:26,969 INFO     Wrote output to trainNN/out/v043-unified-1-gc7bb63f-dirty:simple-ff-75-75/config.json
2017-01-24 14:34:10,014 INFO     Saving network params to trainNN/out/v043-unified-1-gc7bb63f-dirty:simple-ff-75-75/epoch-103.pkl
2017-01-24 14:34:19,844 INFO     epoch: 103 took 112.881s (82.155s in batching)
training loss:	0.579992
validation loss:	0.606198
validation error:	0.327886
2017-01-24 14:34:19,850 INFO     Wrote output to trainNN/out/v043-unified-1-gc7bb63f-dirty:simple-ff-75-75/config.json
2017-01-24 14:36:03,044 INFO     Saving network params to trainNN/out/v043-unified-1-gc7bb63f-dirty:simple-ff-75-75/epoch-104.pkl
2017-01-24 14:36:12,856 INFO     epoch: 104 took 113.011s (82.408s in batching)
training loss:	0.579923
validation loss:	0.612107
validation error:	0.330216
2017-01-24 14:36:12,862 INFO     Wrote output to trainNN/out/v043-unified-1-gc7bb63f-dirty:simple-ff-75-75/config.json
2017-01-24 14:37:56,187 INFO     Saving network params to trainNN/out/v043-unified-1-gc7bb63f-dirty:simple-ff-75-75/epoch-105.pkl
2017-01-24 14:38:06,092 INFO     epoch: 105 took 113.237s (82.414s in batching)
training loss:	0.579838
validation loss:	0.608853
validation error:	0.327727
2017-01-24 14:38:06,099 INFO     Wrote output to trainNN/out/v043-unified-1-gc7bb63f-dirty:simple-ff-75-75/config.json
2017-01-24 14:39:49,754 INFO     Saving network params to trainNN/out/v043-unified-1-gc7bb63f-dirty:simple-ff-75-75/epoch-106.pkl
2017-01-24 14:39:59,653 INFO     epoch: 106 took 113.560s (82.478s in batching)
training loss:	0.579892
validation loss:	0.610050
validation error:	0.327643
2017-01-24 14:39:59,659 INFO     Wrote output to trainNN/out/v043-unified-1-gc7bb63f-dirty:simple-ff-75-75/config.json
2017-01-24 14:41:43,465 INFO     Saving network params to trainNN/out/v043-unified-1-gc7bb63f-dirty:simple-ff-75-75/epoch-107.pkl
2017-01-24 14:41:53,339 INFO     epoch: 107 took 113.686s (82.617s in batching)
training loss:	0.579867
validation loss:	0.610938
validation error:	0.328213
2017-01-24 14:41:53,345 INFO     Wrote output to trainNN/out/v043-unified-1-gc7bb63f-dirty:simple-ff-75-75/config.json
2017-01-24 14:43:37,091 INFO     Saving network params to trainNN/out/v043-unified-1-gc7bb63f-dirty:simple-ff-75-75/epoch-108.pkl
2017-01-24 14:43:46,933 INFO     epoch: 108 took 113.594s (82.535s in batching)
training loss:	0.579820
validation loss:	0.608125
validation error:	0.326047
2017-01-24 14:43:46,940 INFO     Wrote output to trainNN/out/v043-unified-1-gc7bb63f-dirty:simple-ff-75-75/config.json
2017-01-24 14:45:30,750 INFO     Saving network params to trainNN/out/v043-unified-1-gc7bb63f-dirty:simple-ff-75-75/epoch-109.pkl
2017-01-24 14:45:40,643 INFO     epoch: 109 took 113.710s (82.498s in batching)
training loss:	0.579824
validation loss:	0.608474
validation error:	0.328164
2017-01-24 14:45:40,649 INFO     Wrote output to trainNN/out/v043-unified-1-gc7bb63f-dirty:simple-ff-75-75/config.json
2017-01-24 14:47:24,686 INFO     Saving network params to trainNN/out/v043-unified-1-gc7bb63f-dirty:simple-ff-75-75/epoch-110.pkl
2017-01-24 14:47:34,566 INFO     epoch: 110 took 113.923s (82.361s in batching)
training loss:	0.579761
validation loss:	0.605070
validation error:	0.326369
2017-01-24 14:47:34,673 INFO     Wrote output to trainNN/out/v043-unified-1-gc7bb63f-dirty:simple-ff-75-75/config.json
2017-01-24 14:49:18,840 INFO     Saving network params to trainNN/out/v043-unified-1-gc7bb63f-dirty:simple-ff-75-75/epoch-111.pkl
2017-01-24 14:49:28,747 INFO     epoch: 111 took 114.181s (82.692s in batching)
training loss:	0.579645
validation loss:	0.605892
validation error:	0.327182
2017-01-24 14:49:28,753 INFO     Wrote output to trainNN/out/v043-unified-1-gc7bb63f-dirty:simple-ff-75-75/config.json
2017-01-24 14:51:12,895 INFO     Saving network params to trainNN/out/v043-unified-1-gc7bb63f-dirty:simple-ff-75-75/epoch-112.pkl
2017-01-24 14:51:22,822 INFO     epoch: 112 took 114.075s (82.583s in batching)
training loss:	0.579652
validation loss:	0.608199
validation error:	0.328248
2017-01-24 14:51:22,828 INFO     Wrote output to trainNN/out/v043-unified-1-gc7bb63f-dirty:simple-ff-75-75/config.json
2017-01-24 14:53:06,941 INFO     Saving network params to trainNN/out/v043-unified-1-gc7bb63f-dirty:simple-ff-75-75/epoch-113.pkl
2017-01-24 14:53:16,875 INFO     epoch: 113 took 114.052s (82.579s in batching)
training loss:	0.579675
validation loss:	0.608659
validation error:	0.328664
2017-01-24 14:53:16,881 INFO     Wrote output to trainNN/out/v043-unified-1-gc7bb63f-dirty:simple-ff-75-75/config.json
2017-01-24 14:55:01,152 INFO     Saving network params to trainNN/out/v043-unified-1-gc7bb63f-dirty:simple-ff-75-75/epoch-114.pkl
2017-01-24 14:55:11,043 INFO     epoch: 114 took 114.168s (82.614s in batching)
training loss:	0.579495
validation loss:	0.607778
validation error:	0.327519
2017-01-24 14:55:11,049 INFO     Wrote output to trainNN/out/v043-unified-1-gc7bb63f-dirty:simple-ff-75-75/config.json
2017-01-24 14:56:54,874 INFO     Saving network params to trainNN/out/v043-unified-1-gc7bb63f-dirty:simple-ff-75-75/epoch-115.pkl
2017-01-24 14:57:04,781 INFO     epoch: 115 took 113.739s (82.130s in batching)
training loss:	0.579521
validation loss:	0.607788
validation error:	0.328927
2017-01-24 14:57:04,788 INFO     Wrote output to trainNN/out/v043-unified-1-gc7bb63f-dirty:simple-ff-75-75/config.json
2017-01-24 14:58:48,923 INFO     Saving network params to trainNN/out/v043-unified-1-gc7bb63f-dirty:simple-ff-75-75/epoch-116.pkl
2017-01-24 14:58:58,924 INFO     epoch: 116 took 114.143s (82.408s in batching)
training loss:	0.579624
validation loss:	0.606508
validation error:	0.326221
2017-01-24 14:58:58,930 INFO     Wrote output to trainNN/out/v043-unified-1-gc7bb63f-dirty:simple-ff-75-75/config.json
2017-01-24 15:00:43,393 INFO     Saving network params to trainNN/out/v043-unified-1-gc7bb63f-dirty:simple-ff-75-75/epoch-117.pkl
2017-01-24 15:00:53,308 INFO     epoch: 117 took 114.384s (82.586s in batching)
training loss:	0.579476
validation loss:	0.610487
validation error:	0.331212
2017-01-24 15:00:53,315 INFO     Wrote output to trainNN/out/v043-unified-1-gc7bb63f-dirty:simple-ff-75-75/config.json
2017-01-24 15:02:37,742 INFO     Saving network params to trainNN/out/v043-unified-1-gc7bb63f-dirty:simple-ff-75-75/epoch-118.pkl
2017-01-24 15:02:47,687 INFO     epoch: 118 took 114.379s (82.500s in batching)
training loss:	0.579419
validation loss:	0.605378
validation error:	0.325284
2017-01-24 15:02:47,793 INFO     Wrote output to trainNN/out/v043-unified-1-gc7bb63f-dirty:simple-ff-75-75/config.json
2017-01-24 15:04:33,551 INFO     Saving network params to trainNN/out/v043-unified-1-gc7bb63f-dirty:simple-ff-75-75/epoch-119.pkl
2017-01-24 15:04:43,659 INFO     epoch: 119 took 115.972s (82.274s in batching)
training loss:	0.579484
validation loss:	0.611388
validation error:	0.327266
2017-01-24 15:04:43,765 INFO     Wrote output to trainNN/out/v043-unified-1-gc7bb63f-dirty:simple-ff-75-75/config.json
2017-01-24 15:06:30,076 INFO     Saving network params to trainNN/out/v043-unified-1-gc7bb63f-dirty:simple-ff-75-75/epoch-120.pkl
2017-01-24 15:06:40,090 INFO     epoch: 120 took 116.431s (82.128s in batching)
training loss:	0.579405
validation loss:	0.607028
validation error:	0.326652
2017-01-24 15:06:40,097 INFO     Wrote output to trainNN/out/v043-unified-1-gc7bb63f-dirty:simple-ff-75-75/config.json
2017-01-24 15:08:26,594 INFO     Saving network params to trainNN/out/v043-unified-1-gc7bb63f-dirty:simple-ff-75-75/epoch-121.pkl
2017-01-24 15:08:36,762 INFO     epoch: 121 took 116.671s (82.290s in batching)
training loss:	0.579456
validation loss:	0.611158
validation error:	0.329487
2017-01-24 15:08:36,768 INFO     Wrote output to trainNN/out/v043-unified-1-gc7bb63f-dirty:simple-ff-75-75/config.json
2017-01-24 15:10:23,184 INFO     Saving network params to trainNN/out/v043-unified-1-gc7bb63f-dirty:simple-ff-75-75/epoch-122.pkl
2017-01-24 15:10:33,065 INFO     epoch: 122 took 116.304s (82.384s in batching)
training loss:	0.579465
validation loss:	0.606197
validation error:	0.326102
2017-01-24 15:10:33,072 INFO     Wrote output to trainNN/out/v043-unified-1-gc7bb63f-dirty:simple-ff-75-75/config.json
2017-01-24 15:12:18,509 INFO     Saving network params to trainNN/out/v043-unified-1-gc7bb63f-dirty:simple-ff-75-75/epoch-123.pkl
2017-01-24 15:12:28,564 INFO     epoch: 123 took 115.499s (82.227s in batching)
training loss:	0.579311
validation loss:	0.605309
validation error:	0.327157
2017-01-24 15:12:28,571 INFO     Wrote output to trainNN/out/v043-unified-1-gc7bb63f-dirty:simple-ff-75-75/config.json
2017-01-24 15:14:14,492 INFO     Saving network params to trainNN/out/v043-unified-1-gc7bb63f-dirty:simple-ff-75-75/epoch-124.pkl
2017-01-24 15:14:24,514 INFO     epoch: 124 took 115.950s (82.288s in batching)
training loss:	0.579303
validation loss:	0.607717
validation error:	0.326503
2017-01-24 15:14:24,521 INFO     Wrote output to trainNN/out/v043-unified-1-gc7bb63f-dirty:simple-ff-75-75/config.json
2017-01-24 15:16:10,111 INFO     Saving network params to trainNN/out/v043-unified-1-gc7bb63f-dirty:simple-ff-75-75/epoch-125.pkl
2017-01-24 15:16:20,183 INFO     epoch: 125 took 115.668s (82.236s in batching)
training loss:	0.579200
validation loss:	0.606298
validation error:	0.325695
2017-01-24 15:16:20,189 INFO     Wrote output to trainNN/out/v043-unified-1-gc7bb63f-dirty:simple-ff-75-75/config.json
2017-01-24 15:18:05,962 INFO     Saving network params to trainNN/out/v043-unified-1-gc7bb63f-dirty:simple-ff-75-75/epoch-126.pkl
2017-01-24 15:18:16,030 INFO     epoch: 126 took 115.848s (82.782s in batching)
training loss:	0.579290
validation loss:	0.605065
validation error:	0.325928
2017-01-24 15:18:16,038 INFO     Wrote output to trainNN/out/v043-unified-1-gc7bb63f-dirty:simple-ff-75-75/config.json
2017-01-24 15:20:01,529 INFO     Saving network params to trainNN/out/v043-unified-1-gc7bb63f-dirty:simple-ff-75-75/epoch-127.pkl
2017-01-24 15:20:11,538 INFO     epoch: 127 took 115.507s (82.325s in batching)
training loss:	0.579231
validation loss:	0.606437
validation error:	0.324178
2017-01-24 15:20:11,545 INFO     Wrote output to trainNN/out/v043-unified-1-gc7bb63f-dirty:simple-ff-75-75/config.json
2017-01-24 15:21:56,119 INFO     Saving network params to trainNN/out/v043-unified-1-gc7bb63f-dirty:simple-ff-75-75/epoch-128.pkl
2017-01-24 15:22:06,000 INFO     epoch: 128 took 114.462s (82.015s in batching)
training loss:	0.579224
validation loss:	0.609716
validation error:	0.328793
2017-01-24 15:22:06,007 INFO     Wrote output to trainNN/out/v043-unified-1-gc7bb63f-dirty:simple-ff-75-75/config.json
2017-01-24 15:23:50,528 INFO     Saving network params to trainNN/out/v043-unified-1-gc7bb63f-dirty:simple-ff-75-75/epoch-129.pkl
2017-01-24 15:24:00,460 INFO     epoch: 129 took 114.461s (82.086s in batching)
training loss:	0.579199
validation loss:	0.607347
validation error:	0.327256
2017-01-24 15:24:00,497 INFO     Wrote output to trainNN/out/v043-unified-1-gc7bb63f-dirty:simple-ff-75-75/config.json
2017-01-24 15:25:44,909 INFO     Saving network params to trainNN/out/v043-unified-1-gc7bb63f-dirty:simple-ff-75-75/epoch-130.pkl
2017-01-24 15:25:54,831 INFO     epoch: 130 took 114.371s (82.173s in batching)
training loss:	0.579203
validation loss:	0.605047
validation error:	0.325229
2017-01-24 15:25:54,839 INFO     Wrote output to trainNN/out/v043-unified-1-gc7bb63f-dirty:simple-ff-75-75/config.json
2017-01-24 15:27:40,294 INFO     Saving network params to trainNN/out/v043-unified-1-gc7bb63f-dirty:simple-ff-75-75/epoch-131.pkl
2017-01-24 15:27:50,275 INFO     epoch: 131 took 115.443s (82.307s in batching)
training loss:	0.579145
validation loss:	0.609023
validation error:	0.329968
2017-01-24 15:27:50,281 INFO     Wrote output to trainNN/out/v043-unified-1-gc7bb63f-dirty:simple-ff-75-75/config.json
2017-01-24 15:29:36,835 INFO     Saving network params to trainNN/out/v043-unified-1-gc7bb63f-dirty:simple-ff-75-75/epoch-132.pkl
2017-01-24 15:29:46,949 INFO     epoch: 132 took 116.674s (82.164s in batching)
training loss:	0.579001
validation loss:	0.608950
validation error:	0.325031
2017-01-24 15:29:46,956 INFO     Wrote output to trainNN/out/v043-unified-1-gc7bb63f-dirty:simple-ff-75-75/config.json
2017-01-24 15:31:32,207 INFO     Saving network params to trainNN/out/v043-unified-1-gc7bb63f-dirty:simple-ff-75-75/epoch-133.pkl
2017-01-24 15:31:42,108 INFO     epoch: 133 took 115.160s (82.887s in batching)
training loss:	0.579087
validation loss:	0.608859
validation error:	0.328322
2017-01-24 15:31:42,116 INFO     Wrote output to trainNN/out/v043-unified-1-gc7bb63f-dirty:simple-ff-75-75/config.json
2017-01-24 15:33:26,312 INFO     Saving network params to trainNN/out/v043-unified-1-gc7bb63f-dirty:simple-ff-75-75/epoch-134.pkl
2017-01-24 15:33:36,218 INFO     epoch: 134 took 114.110s (81.913s in batching)
training loss:	0.579018
validation loss:	0.607854
validation error:	0.329755
2017-01-24 15:33:36,326 INFO     Wrote output to trainNN/out/v043-unified-1-gc7bb63f-dirty:simple-ff-75-75/config.json
2017-01-24 15:35:21,435 INFO     Saving network params to trainNN/out/v043-unified-1-gc7bb63f-dirty:simple-ff-75-75/epoch-135.pkl
2017-01-24 15:35:31,361 INFO     epoch: 135 took 115.143s (82.049s in batching)
training loss:	0.579078
validation loss:	0.605735
validation error:	0.326924
2017-01-24 15:35:31,369 INFO     Wrote output to trainNN/out/v043-unified-1-gc7bb63f-dirty:simple-ff-75-75/config.json
2017-01-24 15:37:15,371 INFO     Saving network params to trainNN/out/v043-unified-1-gc7bb63f-dirty:simple-ff-75-75/epoch-136.pkl
2017-01-24 15:37:25,461 INFO     epoch: 136 took 114.100s (81.701s in batching)
training loss:	0.579046
validation loss:	0.609599
validation error:	0.325373
2017-01-24 15:37:25,468 INFO     Wrote output to trainNN/out/v043-unified-1-gc7bb63f-dirty:simple-ff-75-75/config.json
2017-01-24 15:39:10,734 INFO     Saving network params to trainNN/out/v043-unified-1-gc7bb63f-dirty:simple-ff-75-75/epoch-137.pkl
2017-01-24 15:39:20,764 INFO     epoch: 137 took 115.303s (81.935s in batching)
training loss:	0.579108
validation loss:	0.607524
validation error:	0.328892
2017-01-24 15:39:20,870 INFO     Wrote output to trainNN/out/v043-unified-1-gc7bb63f-dirty:simple-ff-75-75/config.json
2017-01-24 15:41:05,041 INFO     Saving network params to trainNN/out/v043-unified-1-gc7bb63f-dirty:simple-ff-75-75/epoch-138.pkl
2017-01-24 15:41:14,956 INFO     epoch: 138 took 114.191s (82.406s in batching)
training loss:	0.579021
validation loss:	0.609892
validation error:	0.329839
2017-01-24 15:41:15,062 INFO     Wrote output to trainNN/out/v043-unified-1-gc7bb63f-dirty:simple-ff-75-75/config.json
2017-01-24 15:42:59,219 INFO     Saving network params to trainNN/out/v043-unified-1-gc7bb63f-dirty:simple-ff-75-75/epoch-139.pkl
2017-01-24 15:43:09,199 INFO     epoch: 139 took 114.243s (82.363s in batching)
training loss:	0.579058
validation loss:	0.606873
validation error:	0.327717
2017-01-24 15:43:09,206 INFO     Wrote output to trainNN/out/v043-unified-1-gc7bb63f-dirty:simple-ff-75-75/config.json
2017-01-24 15:44:53,163 INFO     Saving network params to trainNN/out/v043-unified-1-gc7bb63f-dirty:simple-ff-75-75/epoch-140.pkl
2017-01-24 15:45:03,048 INFO     epoch: 140 took 113.850s (81.800s in batching)
training loss:	0.578926
validation loss:	0.607434
validation error:	0.325130
2017-01-24 15:45:03,056 INFO     Wrote output to trainNN/out/v043-unified-1-gc7bb63f-dirty:simple-ff-75-75/config.json
2017-01-24 15:46:47,072 INFO     Saving network params to trainNN/out/v043-unified-1-gc7bb63f-dirty:simple-ff-75-75/epoch-141.pkl
2017-01-24 15:46:57,040 INFO     epoch: 141 took 113.991s (81.881s in batching)
training loss:	0.578949
validation loss:	0.605566
validation error:	0.324268
2017-01-24 15:46:57,146 INFO     Wrote output to trainNN/out/v043-unified-1-gc7bb63f-dirty:simple-ff-75-75/config.json
2017-01-24 15:48:42,484 INFO     Saving network params to trainNN/out/v043-unified-1-gc7bb63f-dirty:simple-ff-75-75/epoch-142.pkl
2017-01-24 15:48:52,481 INFO     epoch: 142 took 115.441s (81.753s in batching)
training loss:	0.578853
validation loss:	0.609163
validation error:	0.326260
2017-01-24 15:48:52,586 INFO     Wrote output to trainNN/out/v043-unified-1-gc7bb63f-dirty:simple-ff-75-75/config.json
2017-01-24 15:50:36,988 INFO     Saving network params to trainNN/out/v043-unified-1-gc7bb63f-dirty:simple-ff-75-75/epoch-143.pkl
2017-01-24 15:50:46,797 INFO     epoch: 143 took 114.316s (81.881s in batching)
training loss:	0.578785
validation loss:	0.606943
validation error:	0.326548
2017-01-24 15:50:46,804 INFO     Wrote output to trainNN/out/v043-unified-1-gc7bb63f-dirty:simple-ff-75-75/config.json
2017-01-24 15:52:30,200 INFO     Saving network params to trainNN/out/v043-unified-1-gc7bb63f-dirty:simple-ff-75-75/epoch-144.pkl
2017-01-24 15:52:40,112 INFO     epoch: 144 took 113.315s (82.036s in batching)
training loss:	0.578900
validation loss:	0.608441
validation error:	0.327028
2017-01-24 15:52:40,119 INFO     Wrote output to trainNN/out/v043-unified-1-gc7bb63f-dirty:simple-ff-75-75/config.json
2017-01-24 15:54:23,652 INFO     Saving network params to trainNN/out/v043-unified-1-gc7bb63f-dirty:simple-ff-75-75/epoch-145.pkl
2017-01-24 15:54:33,579 INFO     epoch: 145 took 113.468s (82.200s in batching)
training loss:	0.578885
validation loss:	0.607827
validation error:	0.326473
2017-01-24 15:54:33,588 INFO     Wrote output to trainNN/out/v043-unified-1-gc7bb63f-dirty:simple-ff-75-75/config.json
2017-01-24 15:56:16,911 INFO     Saving network params to trainNN/out/v043-unified-1-gc7bb63f-dirty:simple-ff-75-75/epoch-146.pkl
2017-01-24 15:56:26,820 INFO     epoch: 146 took 113.241s (81.921s in batching)
training loss:	0.578793
validation loss:	0.609165
validation error:	0.329794
2017-01-24 15:56:26,926 INFO     Wrote output to trainNN/out/v043-unified-1-gc7bb63f-dirty:simple-ff-75-75/config.json
2017-01-24 15:58:11,038 INFO     Saving network params to trainNN/out/v043-unified-1-gc7bb63f-dirty:simple-ff-75-75/epoch-147.pkl
2017-01-24 15:58:21,042 INFO     epoch: 147 took 114.222s (82.369s in batching)
training loss:	0.578845
validation loss:	0.608753
validation error:	0.327683
2017-01-24 15:58:21,050 INFO     Wrote output to trainNN/out/v043-unified-1-gc7bb63f-dirty:simple-ff-75-75/config.json
2017-01-24 16:00:05,779 INFO     Saving network params to trainNN/out/v043-unified-1-gc7bb63f-dirty:simple-ff-75-75/epoch-148.pkl
2017-01-24 16:00:15,834 INFO     epoch: 148 took 114.791s (82.048s in batching)
training loss:	0.578707
validation loss:	0.617171
validation error:	0.335009
2017-01-24 16:00:15,841 INFO     Wrote output to trainNN/out/v043-unified-1-gc7bb63f-dirty:simple-ff-75-75/config.json
2017-01-24 16:02:00,855 INFO     Saving network params to trainNN/out/v043-unified-1-gc7bb63f-dirty:simple-ff-75-75/epoch-149.pkl
2017-01-24 16:02:10,921 INFO     epoch: 149 took 115.087s (82.403s in batching)
training loss:	0.578702
validation loss:	0.606596
validation error:	0.327133
2017-01-24 16:02:10,929 INFO     Wrote output to trainNN/out/v043-unified-1-gc7bb63f-dirty:simple-ff-75-75/config.json
2017-01-24 16:03:56,297 INFO     Saving network params to trainNN/out/v043-unified-1-gc7bb63f-dirty:simple-ff-75-75/epoch-150.pkl
2017-01-24 16:04:06,394 INFO     epoch: 150 took 115.473s (82.691s in batching)
training loss:	0.578656
validation loss:	0.608244
validation error:	0.327004
2017-01-24 16:04:06,502 INFO     Wrote output to trainNN/out/v043-unified-1-gc7bb63f-dirty:simple-ff-75-75/config.json
2017-01-24 16:05:51,540 INFO     Saving network params to trainNN/out/v043-unified-1-gc7bb63f-dirty:simple-ff-75-75/epoch-151.pkl
2017-01-24 16:06:01,536 INFO     epoch: 151 took 115.143s (82.533s in batching)
training loss:	0.578781
validation loss:	0.605514
validation error:	0.323926
2017-01-24 16:06:01,544 INFO     Wrote output to trainNN/out/v043-unified-1-gc7bb63f-dirty:simple-ff-75-75/config.json
2017-01-24 16:07:46,581 INFO     Saving network params to trainNN/out/v043-unified-1-gc7bb63f-dirty:simple-ff-75-75/epoch-152.pkl
2017-01-24 16:07:56,635 INFO     epoch: 152 took 115.098s (82.339s in batching)
training loss:	0.578737
validation loss:	0.608244
validation error:	0.329566
2017-01-24 16:07:56,643 INFO     Wrote output to trainNN/out/v043-unified-1-gc7bb63f-dirty:simple-ff-75-75/config.json
2017-01-24 16:09:41,620 INFO     Saving network params to trainNN/out/v043-unified-1-gc7bb63f-dirty:simple-ff-75-75/epoch-153.pkl
2017-01-24 16:09:51,638 INFO     epoch: 153 took 115.003s (82.367s in batching)
training loss:	0.578701
validation loss:	0.607615
validation error:	0.326359
2017-01-24 16:09:51,646 INFO     Wrote output to trainNN/out/v043-unified-1-gc7bb63f-dirty:simple-ff-75-75/config.json
2017-01-24 16:11:36,963 INFO     Saving network params to trainNN/out/v043-unified-1-gc7bb63f-dirty:simple-ff-75-75/epoch-154.pkl
2017-01-24 16:11:46,957 INFO     epoch: 154 took 115.319s (82.486s in batching)
training loss:	0.578702
validation loss:	0.607816
validation error:	0.329150
2017-01-24 16:11:46,964 INFO     Wrote output to trainNN/out/v043-unified-1-gc7bb63f-dirty:simple-ff-75-75/config.json
2017-01-24 16:13:32,031 INFO     Saving network params to trainNN/out/v043-unified-1-gc7bb63f-dirty:simple-ff-75-75/epoch-155.pkl
2017-01-24 16:13:42,188 INFO     epoch: 155 took 115.231s (82.368s in batching)
training loss:	0.578758
validation loss:	0.605772
validation error:	0.324401
2017-01-24 16:13:42,196 INFO     Wrote output to trainNN/out/v043-unified-1-gc7bb63f-dirty:simple-ff-75-75/config.json
2017-01-24 16:15:27,473 INFO     Saving network params to trainNN/out/v043-unified-1-gc7bb63f-dirty:simple-ff-75-75/epoch-156.pkl
2017-01-24 16:15:37,422 INFO     epoch: 156 took 115.234s (82.312s in batching)
training loss:	0.578662
validation loss:	0.608226
validation error:	0.327435
2017-01-24 16:15:37,530 INFO     Wrote output to trainNN/out/v043-unified-1-gc7bb63f-dirty:simple-ff-75-75/config.json
2017-01-24 16:17:22,964 INFO     Saving network params to trainNN/out/v043-unified-1-gc7bb63f-dirty:simple-ff-75-75/epoch-157.pkl
2017-01-24 16:17:32,988 INFO     epoch: 157 took 115.566s (82.900s in batching)
training loss:	0.578675
validation loss:	0.609439
validation error:	0.326230
2017-01-24 16:17:32,996 INFO     Wrote output to trainNN/out/v043-unified-1-gc7bb63f-dirty:simple-ff-75-75/config.json
2017-01-24 16:19:18,855 INFO     Saving network params to trainNN/out/v043-unified-1-gc7bb63f-dirty:simple-ff-75-75/epoch-158.pkl
2017-01-24 16:19:29,039 INFO     epoch: 158 took 116.051s (83.162s in batching)
training loss:	0.578485
validation loss:	0.605331
validation error:	0.326627
2017-01-24 16:19:29,047 INFO     Wrote output to trainNN/out/v043-unified-1-gc7bb63f-dirty:simple-ff-75-75/config.json
2017-01-24 16:21:15,221 INFO     Saving network params to trainNN/out/v043-unified-1-gc7bb63f-dirty:simple-ff-75-75/epoch-159.pkl
2017-01-24 16:21:25,300 INFO     epoch: 159 took 116.261s (82.492s in batching)
training loss:	0.578422
validation loss:	0.609254
validation error:	0.327995
2017-01-24 16:21:25,308 INFO     Wrote output to trainNN/out/v043-unified-1-gc7bb63f-dirty:simple-ff-75-75/config.json
2017-01-24 16:23:10,364 INFO     Saving network params to trainNN/out/v043-unified-1-gc7bb63f-dirty:simple-ff-75-75/epoch-160.pkl
2017-01-24 16:23:20,341 INFO     epoch: 160 took 115.042s (82.795s in batching)
training loss:	0.578473
validation loss:	0.608478
validation error:	0.327856
2017-01-24 16:23:20,349 INFO     Wrote output to trainNN/out/v043-unified-1-gc7bb63f-dirty:simple-ff-75-75/config.json
2017-01-24 16:25:05,149 INFO     Saving network params to trainNN/out/v043-unified-1-gc7bb63f-dirty:simple-ff-75-75/epoch-161.pkl
2017-01-24 16:25:15,152 INFO     epoch: 161 took 114.810s (82.808s in batching)
training loss:	0.578461
validation loss:	0.606437
validation error:	0.326791
2017-01-24 16:25:15,160 INFO     Wrote output to trainNN/out/v043-unified-1-gc7bb63f-dirty:simple-ff-75-75/config.json
2017-01-24 16:27:00,568 INFO     Saving network params to trainNN/out/v043-unified-1-gc7bb63f-dirty:simple-ff-75-75/epoch-162.pkl
2017-01-24 16:27:10,606 INFO     epoch: 162 took 115.454s (83.378s in batching)
training loss:	0.578469
validation loss:	0.611182
validation error:	0.330528
2017-01-24 16:27:10,614 INFO     Wrote output to trainNN/out/v043-unified-1-gc7bb63f-dirty:simple-ff-75-75/config.json
2017-01-24 16:28:56,248 INFO     Saving network params to trainNN/out/v043-unified-1-gc7bb63f-dirty:simple-ff-75-75/epoch-163.pkl
2017-01-24 16:29:06,337 INFO     epoch: 163 took 115.731s (83.131s in batching)
training loss:	0.578531
validation loss:	0.609146
validation error:	0.326686
2017-01-24 16:29:06,345 INFO     Wrote output to trainNN/out/v043-unified-1-gc7bb63f-dirty:simple-ff-75-75/config.json
2017-01-24 16:30:51,677 INFO     Saving network params to trainNN/out/v043-unified-1-gc7bb63f-dirty:simple-ff-75-75/epoch-164.pkl
2017-01-24 16:31:01,630 INFO     epoch: 164 took 115.293s (82.604s in batching)
training loss:	0.578452
validation loss:	0.607352
validation error:	0.327217
2017-01-24 16:31:01,638 INFO     Wrote output to trainNN/out/v043-unified-1-gc7bb63f-dirty:simple-ff-75-75/config.json
2017-01-24 16:32:46,882 INFO     Saving network params to trainNN/out/v043-unified-1-gc7bb63f-dirty:simple-ff-75-75/epoch-165.pkl
2017-01-24 16:32:56,873 INFO     epoch: 165 took 115.243s (82.556s in batching)
training loss:	0.578442
validation loss:	0.608667
validation error:	0.328491
2017-01-24 16:32:56,881 INFO     Wrote output to trainNN/out/v043-unified-1-gc7bb63f-dirty:simple-ff-75-75/config.json
2017-01-24 16:34:42,031 INFO     Saving network params to trainNN/out/v043-unified-1-gc7bb63f-dirty:simple-ff-75-75/epoch-166.pkl
2017-01-24 16:34:52,082 INFO     epoch: 166 took 115.209s (82.752s in batching)
training loss:	0.578347
validation loss:	0.607760
validation error:	0.327484
2017-01-24 16:34:52,090 INFO     Wrote output to trainNN/out/v043-unified-1-gc7bb63f-dirty:simple-ff-75-75/config.json
2017-01-24 16:36:37,539 INFO     Saving network params to trainNN/out/v043-unified-1-gc7bb63f-dirty:simple-ff-75-75/epoch-167.pkl
2017-01-24 16:36:47,479 INFO     epoch: 167 took 115.397s (82.923s in batching)
training loss:	0.578321
validation loss:	0.609332
validation error:	0.326577
2017-01-24 16:36:47,487 INFO     Wrote output to trainNN/out/v043-unified-1-gc7bb63f-dirty:simple-ff-75-75/config.json
2017-01-24 16:38:32,550 INFO     Saving network params to trainNN/out/v043-unified-1-gc7bb63f-dirty:simple-ff-75-75/epoch-168.pkl
2017-01-24 16:38:42,574 INFO     epoch: 168 took 115.095s (82.343s in batching)
training loss:	0.578421
validation loss:	0.609429
validation error:	0.326672
2017-01-24 16:38:42,582 INFO     Wrote output to trainNN/out/v043-unified-1-gc7bb63f-dirty:simple-ff-75-75/config.json
2017-01-24 16:40:26,890 INFO     Saving network params to trainNN/out/v043-unified-1-gc7bb63f-dirty:simple-ff-75-75/epoch-169.pkl
2017-01-24 16:40:36,745 INFO     epoch: 169 took 114.171s (82.229s in batching)
training loss:	0.578272
validation loss:	0.611518
validation error:	0.330736
2017-01-24 16:40:36,753 INFO     Wrote output to trainNN/out/v043-unified-1-gc7bb63f-dirty:simple-ff-75-75/config.json
2017-01-24 16:42:20,376 INFO     Saving network params to trainNN/out/v043-unified-1-gc7bb63f-dirty:simple-ff-75-75/epoch-170.pkl
2017-01-24 16:42:30,249 INFO     epoch: 170 took 113.504s (82.149s in batching)
training loss:	0.578285
validation loss:	0.605159
validation error:	0.325254
2017-01-24 16:42:30,257 INFO     Wrote output to trainNN/out/v043-unified-1-gc7bb63f-dirty:simple-ff-75-75/config.json
2017-01-24 16:44:13,752 INFO     Saving network params to trainNN/out/v043-unified-1-gc7bb63f-dirty:simple-ff-75-75/epoch-171.pkl
2017-01-24 16:44:23,710 INFO     epoch: 171 took 113.461s (82.299s in batching)
training loss:	0.578299
validation loss:	0.609486
validation error:	0.328620
2017-01-24 16:44:23,718 INFO     Wrote output to trainNN/out/v043-unified-1-gc7bb63f-dirty:simple-ff-75-75/config.json
2017-01-24 16:46:07,942 INFO     Saving network params to trainNN/out/v043-unified-1-gc7bb63f-dirty:simple-ff-75-75/epoch-172.pkl
2017-01-24 16:46:17,902 INFO     epoch: 172 took 114.193s (82.761s in batching)
training loss:	0.578363
validation loss:	0.607411
validation error:	0.325958
2017-01-24 16:46:17,911 INFO     Wrote output to trainNN/out/v043-unified-1-gc7bb63f-dirty:simple-ff-75-75/config.json
2017-01-24 16:48:01,964 INFO     Saving network params to trainNN/out/v043-unified-1-gc7bb63f-dirty:simple-ff-75-75/epoch-173.pkl
2017-01-24 16:48:11,808 INFO     epoch: 173 took 113.906s (82.298s in batching)
training loss:	0.578205
validation loss:	0.609254
validation error:	0.327975
2017-01-24 16:48:11,816 INFO     Wrote output to trainNN/out/v043-unified-1-gc7bb63f-dirty:simple-ff-75-75/config.json
2017-01-24 16:49:55,891 INFO     Saving network params to trainNN/out/v043-unified-1-gc7bb63f-dirty:simple-ff-75-75/epoch-174.pkl
2017-01-24 16:50:05,791 INFO     epoch: 174 took 113.982s (82.331s in batching)
training loss:	0.578164
validation loss:	0.607632
validation error:	0.326146
2017-01-24 16:50:05,799 INFO     Wrote output to trainNN/out/v043-unified-1-gc7bb63f-dirty:simple-ff-75-75/config.json
2017-01-24 16:51:49,326 INFO     Saving network params to trainNN/out/v043-unified-1-gc7bb63f-dirty:simple-ff-75-75/epoch-175.pkl
2017-01-24 16:51:59,165 INFO     epoch: 175 took 113.375s (82.111s in batching)
training loss:	0.578279
validation loss:	0.610170
validation error:	0.325601
2017-01-24 16:51:59,174 INFO     Wrote output to trainNN/out/v043-unified-1-gc7bb63f-dirty:simple-ff-75-75/config.json
2017-01-24 16:53:43,216 INFO     Saving network params to trainNN/out/v043-unified-1-gc7bb63f-dirty:simple-ff-75-75/epoch-176.pkl
2017-01-24 16:53:53,046 INFO     epoch: 176 took 113.881s (82.146s in batching)
training loss:	0.578245
validation loss:	0.614291
validation error:	0.326994
2017-01-24 16:53:53,055 INFO     Wrote output to trainNN/out/v043-unified-1-gc7bb63f-dirty:simple-ff-75-75/config.json
2017-01-24 16:55:37,077 INFO     Saving network params to trainNN/out/v043-unified-1-gc7bb63f-dirty:simple-ff-75-75/epoch-177.pkl
2017-01-24 16:55:47,024 INFO     epoch: 177 took 113.978s (82.250s in batching)
training loss:	0.578249
validation loss:	0.609792
validation error:	0.329180
2017-01-24 16:55:47,033 INFO     Wrote output to trainNN/out/v043-unified-1-gc7bb63f-dirty:simple-ff-75-75/config.json
2017-01-24 16:57:31,917 INFO     Saving network params to trainNN/out/v043-unified-1-gc7bb63f-dirty:simple-ff-75-75/epoch-178.pkl
2017-01-24 16:57:41,906 INFO     epoch: 178 took 114.882s (82.659s in batching)
training loss:	0.578185
validation loss:	0.609250
validation error:	0.327133
2017-01-24 16:57:41,914 INFO     Wrote output to trainNN/out/v043-unified-1-gc7bb63f-dirty:simple-ff-75-75/config.json
2017-01-24 16:59:27,793 INFO     Saving network params to trainNN/out/v043-unified-1-gc7bb63f-dirty:simple-ff-75-75/epoch-179.pkl
2017-01-24 16:59:37,785 INFO     epoch: 179 took 115.879s (83.435s in batching)
training loss:	0.578089
validation loss:	0.609828
validation error:	0.325834
2017-01-24 16:59:37,794 INFO     Wrote output to trainNN/out/v043-unified-1-gc7bb63f-dirty:simple-ff-75-75/config.json
2017-01-24 17:01:23,013 INFO     Saving network params to trainNN/out/v043-unified-1-gc7bb63f-dirty:simple-ff-75-75/epoch-180.pkl
2017-01-24 17:01:33,032 INFO     epoch: 180 took 115.247s (82.039s in batching)
training loss:	0.578331
validation loss:	0.611716
validation error:	0.326409
2017-01-24 17:01:33,041 INFO     Wrote output to trainNN/out/v043-unified-1-gc7bb63f-dirty:simple-ff-75-75/config.json
2017-01-24 17:03:18,939 INFO     Saving network params to trainNN/out/v043-unified-1-gc7bb63f-dirty:simple-ff-75-75/epoch-181.pkl
2017-01-24 17:03:28,908 INFO     epoch: 181 took 115.876s (83.018s in batching)
training loss:	0.578294
validation loss:	0.606467
validation error:	0.328089
2017-01-24 17:03:28,916 INFO     Wrote output to trainNN/out/v043-unified-1-gc7bb63f-dirty:simple-ff-75-75/config.json
2017-01-24 17:05:14,325 INFO     Saving network params to trainNN/out/v043-unified-1-gc7bb63f-dirty:simple-ff-75-75/epoch-182.pkl
2017-01-24 17:05:24,256 INFO     epoch: 182 took 115.348s (83.149s in batching)
training loss:	0.578038
validation loss:	0.608457
validation error:	0.326245
2017-01-24 17:05:24,265 INFO     Wrote output to trainNN/out/v043-unified-1-gc7bb63f-dirty:simple-ff-75-75/config.json
2017-01-24 17:07:08,942 INFO     Saving network params to trainNN/out/v043-unified-1-gc7bb63f-dirty:simple-ff-75-75/epoch-183.pkl
2017-01-24 17:07:18,869 INFO     epoch: 183 took 114.613s (82.617s in batching)
training loss:	0.578142
validation loss:	0.609932
validation error:	0.329527
2017-01-24 17:07:18,878 INFO     Wrote output to trainNN/out/v043-unified-1-gc7bb63f-dirty:simple-ff-75-75/config.json
2017-01-24 17:09:03,511 INFO     Saving network params to trainNN/out/v043-unified-1-gc7bb63f-dirty:simple-ff-75-75/epoch-184.pkl
2017-01-24 17:09:13,439 INFO     epoch: 184 took 114.570s (82.043s in batching)
training loss:	0.578182
validation loss:	0.607418
validation error:	0.326027
2017-01-24 17:09:13,448 INFO     Wrote output to trainNN/out/v043-unified-1-gc7bb63f-dirty:simple-ff-75-75/config.json
2017-01-24 17:10:58,468 INFO     Saving network params to trainNN/out/v043-unified-1-gc7bb63f-dirty:simple-ff-75-75/epoch-185.pkl
2017-01-24 17:11:08,435 INFO     epoch: 185 took 114.996s (82.373s in batching)
training loss:	0.578151
validation loss:	0.607638
validation error:	0.327385
2017-01-24 17:11:08,444 INFO     Wrote output to trainNN/out/v043-unified-1-gc7bb63f-dirty:simple-ff-75-75/config.json
2017-01-24 17:12:53,502 INFO     Saving network params to trainNN/out/v043-unified-1-gc7bb63f-dirty:simple-ff-75-75/epoch-186.pkl
2017-01-24 17:13:03,493 INFO     epoch: 186 took 115.058s (82.756s in batching)
training loss:	0.578047
validation loss:	0.606688
validation error:	0.325234
2017-01-24 17:13:03,502 INFO     Wrote output to trainNN/out/v043-unified-1-gc7bb63f-dirty:simple-ff-75-75/config.json
2017-01-24 17:14:48,680 INFO     Saving network params to trainNN/out/v043-unified-1-gc7bb63f-dirty:simple-ff-75-75/epoch-187.pkl
2017-01-24 17:14:58,664 INFO     epoch: 187 took 115.171s (82.857s in batching)
training loss:	0.578116
validation loss:	0.606723
validation error:	0.326736
2017-01-24 17:14:58,673 INFO     Wrote output to trainNN/out/v043-unified-1-gc7bb63f-dirty:simple-ff-75-75/config.json
2017-01-24 17:16:43,909 INFO     Saving network params to trainNN/out/v043-unified-1-gc7bb63f-dirty:simple-ff-75-75/epoch-188.pkl
2017-01-24 17:16:53,787 INFO     epoch: 188 took 115.122s (82.148s in batching)
training loss:	0.577947
validation loss:	0.610868
validation error:	0.329284
2017-01-24 17:16:53,795 INFO     Wrote output to trainNN/out/v043-unified-1-gc7bb63f-dirty:simple-ff-75-75/config.json
2017-01-24 17:18:38,816 INFO     Saving network params to trainNN/out/v043-unified-1-gc7bb63f-dirty:simple-ff-75-75/epoch-189.pkl
2017-01-24 17:18:48,735 INFO     epoch: 189 took 114.949s (82.269s in batching)
training loss:	0.578079
validation loss:	0.609926
validation error:	0.328168
2017-01-24 17:18:48,744 INFO     Wrote output to trainNN/out/v043-unified-1-gc7bb63f-dirty:simple-ff-75-75/config.json
2017-01-24 17:20:33,438 INFO     Saving network params to trainNN/out/v043-unified-1-gc7bb63f-dirty:simple-ff-75-75/epoch-190.pkl
2017-01-24 17:20:43,315 INFO     epoch: 190 took 114.580s (82.101s in batching)
training loss:	0.578001
validation loss:	0.611248
validation error:	0.323881
2017-01-24 17:20:43,324 INFO     Wrote output to trainNN/out/v043-unified-1-gc7bb63f-dirty:simple-ff-75-75/config.json
2017-01-24 17:22:27,915 INFO     Saving network params to trainNN/out/v043-unified-1-gc7bb63f-dirty:simple-ff-75-75/epoch-191.pkl
2017-01-24 17:22:37,716 INFO     epoch: 191 took 114.401s (82.345s in batching)
training loss:	0.577911
validation loss:	0.610263
validation error:	0.327886
2017-01-24 17:22:37,725 INFO     Wrote output to trainNN/out/v043-unified-1-gc7bb63f-dirty:simple-ff-75-75/config.json
2017-01-24 17:24:22,531 INFO     Saving network params to trainNN/out/v043-unified-1-gc7bb63f-dirty:simple-ff-75-75/epoch-192.pkl
2017-01-24 17:24:32,260 INFO     epoch: 192 took 114.544s (82.650s in batching)
training loss:	0.577972
validation loss:	0.609584
validation error:	0.329616
2017-01-24 17:24:32,270 INFO     Wrote output to trainNN/out/v043-unified-1-gc7bb63f-dirty:simple-ff-75-75/config.json
2017-01-24 17:26:16,847 INFO     Saving network params to trainNN/out/v043-unified-1-gc7bb63f-dirty:simple-ff-75-75/epoch-193.pkl
2017-01-24 17:26:26,560 INFO     epoch: 193 took 114.300s (82.651s in batching)
training loss:	0.577903
validation loss:	0.608388
validation error:	0.326761
2017-01-24 17:26:26,569 INFO     Wrote output to trainNN/out/v043-unified-1-gc7bb63f-dirty:simple-ff-75-75/config.json
2017-01-24 17:28:11,566 INFO     Saving network params to trainNN/out/v043-unified-1-gc7bb63f-dirty:simple-ff-75-75/epoch-194.pkl
2017-01-24 17:28:21,358 INFO     epoch: 194 took 114.798s (83.083s in batching)
training loss:	0.578050
validation loss:	0.610659
validation error:	0.328114
2017-01-24 17:28:21,367 INFO     Wrote output to trainNN/out/v043-unified-1-gc7bb63f-dirty:simple-ff-75-75/config.json
2017-01-24 17:30:06,874 INFO     Saving network params to trainNN/out/v043-unified-1-gc7bb63f-dirty:simple-ff-75-75/epoch-195.pkl
2017-01-24 17:30:16,760 INFO     epoch: 195 took 115.402s (83.231s in batching)
training loss:	0.577929
validation loss:	0.608287
validation error:	0.327926
2017-01-24 17:30:16,769 INFO     Wrote output to trainNN/out/v043-unified-1-gc7bb63f-dirty:simple-ff-75-75/config.json
2017-01-24 17:32:01,192 INFO     Saving network params to trainNN/out/v043-unified-1-gc7bb63f-dirty:simple-ff-75-75/epoch-196.pkl
2017-01-24 17:32:10,909 INFO     epoch: 196 took 114.148s (82.784s in batching)
training loss:	0.577917
validation loss:	0.607904
validation error:	0.326686
2017-01-24 17:32:10,917 INFO     Wrote output to trainNN/out/v043-unified-1-gc7bb63f-dirty:simple-ff-75-75/config.json
2017-01-24 17:33:55,441 INFO     Saving network params to trainNN/out/v043-unified-1-gc7bb63f-dirty:simple-ff-75-75/epoch-197.pkl
2017-01-24 17:34:05,245 INFO     epoch: 197 took 114.337s (83.000s in batching)
training loss:	0.577771
validation loss:	0.606483
validation error:	0.327633
2017-01-24 17:34:05,254 INFO     Wrote output to trainNN/out/v043-unified-1-gc7bb63f-dirty:simple-ff-75-75/config.json
2017-01-24 17:35:50,183 INFO     Saving network params to trainNN/out/v043-unified-1-gc7bb63f-dirty:simple-ff-75-75/epoch-198.pkl
2017-01-24 17:35:59,833 INFO     epoch: 198 took 114.588s (83.053s in batching)
training loss:	0.577941
validation loss:	0.610125
validation error:	0.325561
2017-01-24 17:35:59,842 INFO     Wrote output to trainNN/out/v043-unified-1-gc7bb63f-dirty:simple-ff-75-75/config.json
2017-01-24 17:37:42,825 INFO     Saving network params to trainNN/out/v043-unified-1-gc7bb63f-dirty:simple-ff-75-75/epoch-199.pkl
2017-01-24 17:37:52,519 INFO     epoch: 199 took 112.686s (83.366s in batching)
training loss:	0.577798
validation loss:	0.605703
validation error:	0.325145
2017-01-24 17:37:52,528 INFO     Wrote output to trainNN/out/v043-unified-1-gc7bb63f-dirty:simple-ff-75-75/config.json
