2017-02-05 05:25:03,494 DEBUG    version=v048-finunified-4-ga18ab48:lstm-best-features-power,pitch,ffv
2017-02-05 05:25:03,495 INFO     Open DBase(data/db/all240302-spk.dat, data/db/all240302-spk.idx, mode='r')
2017-02-05 05:25:22,175 DEBUG    extracting and saving data to data/cache/extract-7d0fa1b366adbec680500cc06be95fa168c6ed19e62e5e54ed4e45738cd5ab01.pickle
2017-02-05 06:25:33,404 DEBUG    set input dim to 9
2017-02-05 06:25:33,413 DEBUG    input dim = 9
2017-02-05 06:25:33,461 DEBUG    shuffling batches
2017-02-05 06:25:36,617 DEBUG    shuffling done
2017-02-05 06:25:36,617 DEBUG    loading data into ram
2017-02-05 06:25:36,677 DEBUG    loading data took 0.060s (cpu: 0.059s)
2017-02-05 06:25:37,052 DEBUG    set input dim to 9
2017-02-05 06:25:37,052 DEBUG    input dim = 9
2017-02-05 06:25:37,072 DEBUG    shuffling batches
2017-02-05 06:25:37,407 DEBUG    shuffling done
2017-02-05 06:25:37,407 DEBUG    loading data into ram
2017-02-05 06:25:37,413 DEBUG    loading data took 0.007s (cpu: 0.006s)
2017-02-05 06:25:37,888 DEBUG    Applying L2 regularization with 0.000100
2017-02-05 06:25:37,972 INFO     Training network with 37627 trainable out of 37837 total params.
2017-02-05 06:25:57,721 DEBUG    Using adam with learning_rate=0.001000
2017-02-05 06:26:16,109 DEBUG    Starting training...
2017-02-05 06:27:52,274 INFO     Saving network params to trainNN/out/v048-finunified-4-ga18ab48:lstm-best-features-power,pitch,ffv/epoch-000.pkl
2017-02-05 06:27:56,677 INFO     epoch: 0 took 100.568s (0.001s in batching)
training loss:	0.617704
validation loss:	0.578553
validation error:	0.300600
2017-02-05 06:27:56,678 INFO     Wrote output to trainNN/out/v048-finunified-4-ga18ab48:lstm-best-features-power,pitch,ffv/config.json
2017-02-05 06:29:33,140 INFO     Saving network params to trainNN/out/v048-finunified-4-ga18ab48:lstm-best-features-power,pitch,ffv/epoch-001.pkl
2017-02-05 06:29:38,344 INFO     epoch: 1 took 101.666s (0.001s in batching)
training loss:	0.587531
validation loss:	0.569418
validation error:	0.296600
2017-02-05 06:29:38,345 INFO     Wrote output to trainNN/out/v048-finunified-4-ga18ab48:lstm-best-features-power,pitch,ffv/config.json
2017-02-05 06:31:15,680 INFO     Saving network params to trainNN/out/v048-finunified-4-ga18ab48:lstm-best-features-power,pitch,ffv/epoch-002.pkl
2017-02-05 06:31:20,897 INFO     epoch: 2 took 102.554s (0.001s in batching)
training loss:	0.580313
validation loss:	0.563978
validation error:	0.289500
2017-02-05 06:31:20,898 INFO     Wrote output to trainNN/out/v048-finunified-4-ga18ab48:lstm-best-features-power,pitch,ffv/config.json
2017-02-05 06:32:56,894 INFO     Saving network params to trainNN/out/v048-finunified-4-ga18ab48:lstm-best-features-power,pitch,ffv/epoch-003.pkl
2017-02-05 06:33:01,250 INFO     epoch: 3 took 100.353s (0.001s in batching)
training loss:	0.575228
validation loss:	0.558689
validation error:	0.286500
2017-02-05 06:33:01,251 INFO     Wrote output to trainNN/out/v048-finunified-4-ga18ab48:lstm-best-features-power,pitch,ffv/config.json
2017-02-05 06:34:38,260 INFO     Saving network params to trainNN/out/v048-finunified-4-ga18ab48:lstm-best-features-power,pitch,ffv/epoch-004.pkl
2017-02-05 06:34:43,688 INFO     epoch: 4 took 102.438s (0.001s in batching)
training loss:	0.569787
validation loss:	0.553295
validation error:	0.281000
2017-02-05 06:34:43,688 INFO     Wrote output to trainNN/out/v048-finunified-4-ga18ab48:lstm-best-features-power,pitch,ffv/config.json
2017-02-05 06:36:21,706 INFO     Saving network params to trainNN/out/v048-finunified-4-ga18ab48:lstm-best-features-power,pitch,ffv/epoch-005.pkl
2017-02-05 06:36:27,290 INFO     epoch: 5 took 103.602s (0.001s in batching)
training loss:	0.564548
validation loss:	0.549440
validation error:	0.275600
2017-02-05 06:36:27,290 INFO     Wrote output to trainNN/out/v048-finunified-4-ga18ab48:lstm-best-features-power,pitch,ffv/config.json
2017-02-05 06:38:01,934 INFO     Saving network params to trainNN/out/v048-finunified-4-ga18ab48:lstm-best-features-power,pitch,ffv/epoch-006.pkl
2017-02-05 06:38:07,095 INFO     epoch: 6 took 99.806s (0.001s in batching)
training loss:	0.560390
validation loss:	0.547468
validation error:	0.278600
2017-02-05 06:38:07,096 INFO     Wrote output to trainNN/out/v048-finunified-4-ga18ab48:lstm-best-features-power,pitch,ffv/config.json
2017-02-05 06:39:42,132 INFO     Saving network params to trainNN/out/v048-finunified-4-ga18ab48:lstm-best-features-power,pitch,ffv/epoch-007.pkl
2017-02-05 06:39:47,716 INFO     epoch: 7 took 100.622s (0.001s in batching)
training loss:	0.556689
validation loss:	0.540748
validation error:	0.268200
2017-02-05 06:39:47,718 INFO     Wrote output to trainNN/out/v048-finunified-4-ga18ab48:lstm-best-features-power,pitch,ffv/config.json
2017-02-05 06:41:49,366 INFO     Saving network params to trainNN/out/v048-finunified-4-ga18ab48:lstm-best-features-power,pitch,ffv/epoch-008.pkl
2017-02-05 06:41:57,688 INFO     epoch: 8 took 129.972s (0.001s in batching)
training loss:	0.554597
validation loss:	0.541005
validation error:	0.267800
2017-02-05 06:41:57,690 INFO     Wrote output to trainNN/out/v048-finunified-4-ga18ab48:lstm-best-features-power,pitch,ffv/config.json
2017-02-05 06:44:03,553 INFO     Saving network params to trainNN/out/v048-finunified-4-ga18ab48:lstm-best-features-power,pitch,ffv/epoch-009.pkl
2017-02-05 06:44:11,819 INFO     epoch: 9 took 134.131s (0.001s in batching)
training loss:	0.552364
validation loss:	0.542595
validation error:	0.270200
2017-02-05 06:44:11,821 INFO     Wrote output to trainNN/out/v048-finunified-4-ga18ab48:lstm-best-features-power,pitch,ffv/config.json
2017-02-05 06:46:22,247 INFO     Saving network params to trainNN/out/v048-finunified-4-ga18ab48:lstm-best-features-power,pitch,ffv/epoch-010.pkl
2017-02-05 06:46:30,822 INFO     epoch: 10 took 139.002s (0.086s in batching)
training loss:	0.550924
validation loss:	0.540372
validation error:	0.271100
2017-02-05 06:46:30,997 INFO     Wrote output to trainNN/out/v048-finunified-4-ga18ab48:lstm-best-features-power,pitch,ffv/config.json
2017-02-05 06:48:43,125 INFO     Saving network params to trainNN/out/v048-finunified-4-ga18ab48:lstm-best-features-power,pitch,ffv/epoch-011.pkl
2017-02-05 06:48:51,183 INFO     epoch: 11 took 140.361s (0.001s in batching)
training loss:	0.548545
validation loss:	0.538347
validation error:	0.268100
2017-02-05 06:48:51,189 INFO     Wrote output to trainNN/out/v048-finunified-4-ga18ab48:lstm-best-features-power,pitch,ffv/config.json
2017-02-05 06:50:55,156 INFO     Saving network params to trainNN/out/v048-finunified-4-ga18ab48:lstm-best-features-power,pitch,ffv/epoch-012.pkl
2017-02-05 06:51:03,263 INFO     epoch: 12 took 132.080s (0.001s in batching)
training loss:	0.547117
validation loss:	0.535924
validation error:	0.267200
2017-02-05 06:51:03,265 INFO     Wrote output to trainNN/out/v048-finunified-4-ga18ab48:lstm-best-features-power,pitch,ffv/config.json
2017-02-05 06:53:12,308 INFO     Saving network params to trainNN/out/v048-finunified-4-ga18ab48:lstm-best-features-power,pitch,ffv/epoch-013.pkl
2017-02-05 06:53:21,083 INFO     epoch: 13 took 137.818s (0.008s in batching)
training loss:	0.547360
validation loss:	0.536478
validation error:	0.266300
2017-02-05 06:53:21,155 INFO     Wrote output to trainNN/out/v048-finunified-4-ga18ab48:lstm-best-features-power,pitch,ffv/config.json
2017-02-05 06:55:43,568 INFO     Saving network params to trainNN/out/v048-finunified-4-ga18ab48:lstm-best-features-power,pitch,ffv/epoch-014.pkl
2017-02-05 06:55:54,357 INFO     epoch: 14 took 153.277s (0.001s in batching)
training loss:	0.545584
validation loss:	0.532101
validation error:	0.265200
2017-02-05 06:55:54,365 INFO     Wrote output to trainNN/out/v048-finunified-4-ga18ab48:lstm-best-features-power,pitch,ffv/config.json
2017-02-05 06:59:16,310 INFO     Saving network params to trainNN/out/v048-finunified-4-ga18ab48:lstm-best-features-power,pitch,ffv/epoch-015.pkl
2017-02-05 06:59:35,285 INFO     epoch: 15 took 220.928s (0.001s in batching)
training loss:	0.544578
validation loss:	0.531498
validation error:	0.262100
2017-02-05 06:59:35,324 INFO     Wrote output to trainNN/out/v048-finunified-4-ga18ab48:lstm-best-features-power,pitch,ffv/config.json
2017-02-05 07:03:54,488 INFO     Saving network params to trainNN/out/v048-finunified-4-ga18ab48:lstm-best-features-power,pitch,ffv/epoch-016.pkl
2017-02-05 07:04:12,793 INFO     epoch: 16 took 277.509s (0.001s in batching)
training loss:	0.543965
validation loss:	0.533552
validation error:	0.266500
2017-02-05 07:04:12,816 INFO     Wrote output to trainNN/out/v048-finunified-4-ga18ab48:lstm-best-features-power,pitch,ffv/config.json
2017-02-05 07:08:31,665 INFO     Saving network params to trainNN/out/v048-finunified-4-ga18ab48:lstm-best-features-power,pitch,ffv/epoch-017.pkl
2017-02-05 07:08:50,236 INFO     epoch: 17 took 277.443s (0.001s in batching)
training loss:	0.543378
validation loss:	0.530769
validation error:	0.261300
2017-02-05 07:08:50,264 INFO     Wrote output to trainNN/out/v048-finunified-4-ga18ab48:lstm-best-features-power,pitch,ffv/config.json
2017-02-05 07:13:05,333 INFO     Saving network params to trainNN/out/v048-finunified-4-ga18ab48:lstm-best-features-power,pitch,ffv/epoch-018.pkl
2017-02-05 07:13:24,063 INFO     epoch: 18 took 273.827s (0.001s in batching)
training loss:	0.542097
validation loss:	0.531602
validation error:	0.263600
2017-02-05 07:13:24,068 INFO     Wrote output to trainNN/out/v048-finunified-4-ga18ab48:lstm-best-features-power,pitch,ffv/config.json
2017-02-05 07:17:43,347 INFO     Saving network params to trainNN/out/v048-finunified-4-ga18ab48:lstm-best-features-power,pitch,ffv/epoch-019.pkl
2017-02-05 07:18:02,060 INFO     epoch: 19 took 277.997s (0.001s in batching)
training loss:	0.542154
validation loss:	0.534595
validation error:	0.264500
2017-02-05 07:18:02,066 INFO     Wrote output to trainNN/out/v048-finunified-4-ga18ab48:lstm-best-features-power,pitch,ffv/config.json
2017-02-05 07:22:20,916 INFO     Saving network params to trainNN/out/v048-finunified-4-ga18ab48:lstm-best-features-power,pitch,ffv/epoch-020.pkl
2017-02-05 07:22:39,823 INFO     epoch: 20 took 277.763s (0.001s in batching)
training loss:	0.541582
validation loss:	0.530828
validation error:	0.264100
2017-02-05 07:22:39,828 INFO     Wrote output to trainNN/out/v048-finunified-4-ga18ab48:lstm-best-features-power,pitch,ffv/config.json
2017-02-05 07:26:55,174 INFO     Saving network params to trainNN/out/v048-finunified-4-ga18ab48:lstm-best-features-power,pitch,ffv/epoch-021.pkl
2017-02-05 07:27:13,725 INFO     epoch: 21 took 273.902s (0.001s in batching)
training loss:	0.539762
validation loss:	0.530441
validation error:	0.264900
2017-02-05 07:27:13,730 INFO     Wrote output to trainNN/out/v048-finunified-4-ga18ab48:lstm-best-features-power,pitch,ffv/config.json
2017-02-05 07:31:32,622 INFO     Saving network params to trainNN/out/v048-finunified-4-ga18ab48:lstm-best-features-power,pitch,ffv/epoch-022.pkl
2017-02-05 07:31:51,401 INFO     epoch: 22 took 277.676s (0.001s in batching)
training loss:	0.539697
validation loss:	0.529178
validation error:	0.263600
2017-02-05 07:31:51,407 INFO     Wrote output to trainNN/out/v048-finunified-4-ga18ab48:lstm-best-features-power,pitch,ffv/config.json
2017-02-05 07:36:10,575 INFO     Saving network params to trainNN/out/v048-finunified-4-ga18ab48:lstm-best-features-power,pitch,ffv/epoch-023.pkl
2017-02-05 07:36:28,911 INFO     epoch: 23 took 277.510s (0.001s in batching)
training loss:	0.539148
validation loss:	0.526988
validation error:	0.260300
2017-02-05 07:36:28,917 INFO     Wrote output to trainNN/out/v048-finunified-4-ga18ab48:lstm-best-features-power,pitch,ffv/config.json
2017-02-05 07:40:44,308 INFO     Saving network params to trainNN/out/v048-finunified-4-ga18ab48:lstm-best-features-power,pitch,ffv/epoch-024.pkl
2017-02-05 07:41:03,378 INFO     epoch: 24 took 274.467s (0.001s in batching)
training loss:	0.538200
validation loss:	0.525070
validation error:	0.260600
2017-02-05 07:41:03,384 INFO     Wrote output to trainNN/out/v048-finunified-4-ga18ab48:lstm-best-features-power,pitch,ffv/config.json
2017-02-05 07:45:22,014 INFO     Saving network params to trainNN/out/v048-finunified-4-ga18ab48:lstm-best-features-power,pitch,ffv/epoch-025.pkl
2017-02-05 07:45:40,799 INFO     epoch: 25 took 277.422s (0.001s in batching)
training loss:	0.537090
validation loss:	0.526168
validation error:	0.260100
2017-02-05 07:45:40,805 INFO     Wrote output to trainNN/out/v048-finunified-4-ga18ab48:lstm-best-features-power,pitch,ffv/config.json
2017-02-05 07:50:00,147 INFO     Saving network params to trainNN/out/v048-finunified-4-ga18ab48:lstm-best-features-power,pitch,ffv/epoch-026.pkl
2017-02-05 07:50:18,684 INFO     epoch: 26 took 277.885s (0.001s in batching)
training loss:	0.536265
validation loss:	0.529779
validation error:	0.260400
2017-02-05 07:50:18,689 INFO     Wrote output to trainNN/out/v048-finunified-4-ga18ab48:lstm-best-features-power,pitch,ffv/config.json
2017-02-05 07:54:33,814 INFO     Saving network params to trainNN/out/v048-finunified-4-ga18ab48:lstm-best-features-power,pitch,ffv/epoch-027.pkl
2017-02-05 07:54:52,552 INFO     epoch: 27 took 273.868s (0.001s in batching)
training loss:	0.535132
validation loss:	0.523426
validation error:	0.258000
2017-02-05 07:54:52,558 INFO     Wrote output to trainNN/out/v048-finunified-4-ga18ab48:lstm-best-features-power,pitch,ffv/config.json
2017-02-05 07:59:11,936 INFO     Saving network params to trainNN/out/v048-finunified-4-ga18ab48:lstm-best-features-power,pitch,ffv/epoch-028.pkl
2017-02-05 07:59:30,395 INFO     epoch: 28 took 277.843s (0.001s in batching)
training loss:	0.535076
validation loss:	0.530333
validation error:	0.265400
2017-02-05 07:59:30,400 INFO     Wrote output to trainNN/out/v048-finunified-4-ga18ab48:lstm-best-features-power,pitch,ffv/config.json
2017-02-05 08:03:50,288 INFO     Saving network params to trainNN/out/v048-finunified-4-ga18ab48:lstm-best-features-power,pitch,ffv/epoch-029.pkl
2017-02-05 08:04:08,935 INFO     epoch: 29 took 278.540s (0.001s in batching)
training loss:	0.533740
validation loss:	0.523705
validation error:	0.259900
2017-02-05 08:04:08,941 INFO     Wrote output to trainNN/out/v048-finunified-4-ga18ab48:lstm-best-features-power,pitch,ffv/config.json
2017-02-05 08:08:23,234 INFO     Saving network params to trainNN/out/v048-finunified-4-ga18ab48:lstm-best-features-power,pitch,ffv/epoch-030.pkl
2017-02-05 08:08:41,594 INFO     epoch: 30 took 272.659s (0.001s in batching)
training loss:	0.532919
validation loss:	0.522321
validation error:	0.259300
2017-02-05 08:08:41,599 INFO     Wrote output to trainNN/out/v048-finunified-4-ga18ab48:lstm-best-features-power,pitch,ffv/config.json
2017-02-05 08:13:00,412 INFO     Saving network params to trainNN/out/v048-finunified-4-ga18ab48:lstm-best-features-power,pitch,ffv/epoch-031.pkl
2017-02-05 08:13:18,919 INFO     epoch: 31 took 277.325s (0.001s in batching)
training loss:	0.532521
validation loss:	0.521386
validation error:	0.258300
2017-02-05 08:13:18,925 INFO     Wrote output to trainNN/out/v048-finunified-4-ga18ab48:lstm-best-features-power,pitch,ffv/config.json
2017-02-05 08:17:37,630 INFO     Saving network params to trainNN/out/v048-finunified-4-ga18ab48:lstm-best-features-power,pitch,ffv/epoch-032.pkl
2017-02-05 08:17:56,452 INFO     epoch: 32 took 277.533s (0.001s in batching)
training loss:	0.531472
validation loss:	0.520739
validation error:	0.256800
2017-02-05 08:17:56,460 INFO     Wrote output to trainNN/out/v048-finunified-4-ga18ab48:lstm-best-features-power,pitch,ffv/config.json
2017-02-05 08:22:11,515 INFO     Saving network params to trainNN/out/v048-finunified-4-ga18ab48:lstm-best-features-power,pitch,ffv/epoch-033.pkl
2017-02-05 08:22:30,290 INFO     epoch: 33 took 273.839s (0.001s in batching)
training loss:	0.530421
validation loss:	0.517110
validation error:	0.254300
2017-02-05 08:22:30,296 INFO     Wrote output to trainNN/out/v048-finunified-4-ga18ab48:lstm-best-features-power,pitch,ffv/config.json
2017-02-05 08:26:49,573 INFO     Saving network params to trainNN/out/v048-finunified-4-ga18ab48:lstm-best-features-power,pitch,ffv/epoch-034.pkl
2017-02-05 08:27:08,192 INFO     epoch: 34 took 277.901s (0.001s in batching)
training loss:	0.529333
validation loss:	0.518649
validation error:	0.255200
2017-02-05 08:27:08,198 INFO     Wrote output to trainNN/out/v048-finunified-4-ga18ab48:lstm-best-features-power,pitch,ffv/config.json
2017-02-05 08:31:27,495 INFO     Saving network params to trainNN/out/v048-finunified-4-ga18ab48:lstm-best-features-power,pitch,ffv/epoch-035.pkl
2017-02-05 08:31:46,108 INFO     epoch: 35 took 277.916s (0.001s in batching)
training loss:	0.528870
validation loss:	0.516943
validation error:	0.257100
2017-02-05 08:31:46,115 INFO     Wrote output to trainNN/out/v048-finunified-4-ga18ab48:lstm-best-features-power,pitch,ffv/config.json
2017-02-05 08:36:01,013 INFO     Saving network params to trainNN/out/v048-finunified-4-ga18ab48:lstm-best-features-power,pitch,ffv/epoch-036.pkl
2017-02-05 08:36:19,410 INFO     epoch: 36 took 273.302s (0.001s in batching)
training loss:	0.528126
validation loss:	0.518912
validation error:	0.255400
2017-02-05 08:36:19,416 INFO     Wrote output to trainNN/out/v048-finunified-4-ga18ab48:lstm-best-features-power,pitch,ffv/config.json
2017-02-05 08:40:38,892 INFO     Saving network params to trainNN/out/v048-finunified-4-ga18ab48:lstm-best-features-power,pitch,ffv/epoch-037.pkl
2017-02-05 08:40:57,550 INFO     epoch: 37 took 278.140s (0.001s in batching)
training loss:	0.527119
validation loss:	0.517906
validation error:	0.255700
2017-02-05 08:40:57,557 INFO     Wrote output to trainNN/out/v048-finunified-4-ga18ab48:lstm-best-features-power,pitch,ffv/config.json
2017-02-05 08:45:16,731 INFO     Saving network params to trainNN/out/v048-finunified-4-ga18ab48:lstm-best-features-power,pitch,ffv/epoch-038.pkl
2017-02-05 08:45:35,299 INFO     epoch: 38 took 277.748s (0.001s in batching)
training loss:	0.526882
validation loss:	0.517677
validation error:	0.257300
2017-02-05 08:45:35,304 INFO     Wrote output to trainNN/out/v048-finunified-4-ga18ab48:lstm-best-features-power,pitch,ffv/config.json
2017-02-05 08:49:51,047 INFO     Saving network params to trainNN/out/v048-finunified-4-ga18ab48:lstm-best-features-power,pitch,ffv/epoch-039.pkl
2017-02-05 08:50:09,853 INFO     epoch: 39 took 274.555s (0.001s in batching)
training loss:	0.526180
validation loss:	0.514877
validation error:	0.254200
2017-02-05 08:50:09,860 INFO     Wrote output to trainNN/out/v048-finunified-4-ga18ab48:lstm-best-features-power,pitch,ffv/config.json
2017-02-05 08:54:29,546 INFO     Saving network params to trainNN/out/v048-finunified-4-ga18ab48:lstm-best-features-power,pitch,ffv/epoch-040.pkl
2017-02-05 08:54:48,113 INFO     epoch: 40 took 278.260s (0.001s in batching)
training loss:	0.525445
validation loss:	0.516702
validation error:	0.255800
2017-02-05 08:54:48,119 INFO     Wrote output to trainNN/out/v048-finunified-4-ga18ab48:lstm-best-features-power,pitch,ffv/config.json
2017-02-05 08:59:06,919 INFO     Saving network params to trainNN/out/v048-finunified-4-ga18ab48:lstm-best-features-power,pitch,ffv/epoch-041.pkl
2017-02-05 08:59:23,787 INFO     epoch: 41 took 275.673s (0.001s in batching)
training loss:	0.524728
validation loss:	0.516128
validation error:	0.255400
2017-02-05 08:59:23,793 INFO     Wrote output to trainNN/out/v048-finunified-4-ga18ab48:lstm-best-features-power,pitch,ffv/config.json
2017-02-05 09:03:41,293 INFO     Saving network params to trainNN/out/v048-finunified-4-ga18ab48:lstm-best-features-power,pitch,ffv/epoch-042.pkl
2017-02-05 09:04:00,125 INFO     epoch: 42 took 276.339s (0.001s in batching)
training loss:	0.523737
validation loss:	0.515945
validation error:	0.253600
2017-02-05 09:04:00,131 INFO     Wrote output to trainNN/out/v048-finunified-4-ga18ab48:lstm-best-features-power,pitch,ffv/config.json
2017-02-05 09:08:19,092 INFO     Saving network params to trainNN/out/v048-finunified-4-ga18ab48:lstm-best-features-power,pitch,ffv/epoch-043.pkl
2017-02-05 09:08:37,748 INFO     epoch: 43 took 277.623s (0.001s in batching)
training loss:	0.523671
validation loss:	0.515758
validation error:	0.253200
2017-02-05 09:08:37,755 INFO     Wrote output to trainNN/out/v048-finunified-4-ga18ab48:lstm-best-features-power,pitch,ffv/config.json
2017-02-05 09:12:54,136 INFO     Saving network params to trainNN/out/v048-finunified-4-ga18ab48:lstm-best-features-power,pitch,ffv/epoch-044.pkl
2017-02-05 09:13:11,623 INFO     epoch: 44 took 273.875s (0.001s in batching)
training loss:	0.524203
validation loss:	0.516089
validation error:	0.255800
2017-02-05 09:13:11,629 INFO     Wrote output to trainNN/out/v048-finunified-4-ga18ab48:lstm-best-features-power,pitch,ffv/config.json
2017-02-05 09:17:29,300 INFO     Saving network params to trainNN/out/v048-finunified-4-ga18ab48:lstm-best-features-power,pitch,ffv/epoch-045.pkl
2017-02-05 09:17:47,740 INFO     epoch: 45 took 276.117s (0.001s in batching)
training loss:	0.523154
validation loss:	0.515132
validation error:	0.253000
2017-02-05 09:17:47,746 INFO     Wrote output to trainNN/out/v048-finunified-4-ga18ab48:lstm-best-features-power,pitch,ffv/config.json
2017-02-05 09:22:06,693 INFO     Saving network params to trainNN/out/v048-finunified-4-ga18ab48:lstm-best-features-power,pitch,ffv/epoch-046.pkl
2017-02-05 09:22:25,413 INFO     epoch: 46 took 277.673s (0.001s in batching)
training loss:	0.522790
validation loss:	0.516689
validation error:	0.254200
2017-02-05 09:22:25,419 INFO     Wrote output to trainNN/out/v048-finunified-4-ga18ab48:lstm-best-features-power,pitch,ffv/config.json
2017-02-05 09:26:40,866 INFO     Saving network params to trainNN/out/v048-finunified-4-ga18ab48:lstm-best-features-power,pitch,ffv/epoch-047.pkl
2017-02-05 09:26:59,396 INFO     epoch: 47 took 273.983s (0.001s in batching)
training loss:	0.522167
validation loss:	0.513270
validation error:	0.254000
2017-02-05 09:26:59,402 INFO     Wrote output to trainNN/out/v048-finunified-4-ga18ab48:lstm-best-features-power,pitch,ffv/config.json
2017-02-05 09:31:19,233 INFO     Saving network params to trainNN/out/v048-finunified-4-ga18ab48:lstm-best-features-power,pitch,ffv/epoch-048.pkl
2017-02-05 09:31:37,749 INFO     epoch: 48 took 278.353s (0.001s in batching)
training loss:	0.521589
validation loss:	0.515098
validation error:	0.254800
2017-02-05 09:31:37,755 INFO     Wrote output to trainNN/out/v048-finunified-4-ga18ab48:lstm-best-features-power,pitch,ffv/config.json
2017-02-05 09:35:56,003 INFO     Saving network params to trainNN/out/v048-finunified-4-ga18ab48:lstm-best-features-power,pitch,ffv/epoch-049.pkl
2017-02-05 09:36:14,827 INFO     epoch: 49 took 277.078s (0.001s in batching)
training loss:	0.521391
validation loss:	0.512132
validation error:	0.251600
2017-02-05 09:36:14,834 INFO     Wrote output to trainNN/out/v048-finunified-4-ga18ab48:lstm-best-features-power,pitch,ffv/config.json
2017-02-05 09:40:30,403 INFO     Saving network params to trainNN/out/v048-finunified-4-ga18ab48:lstm-best-features-power,pitch,ffv/epoch-050.pkl
2017-02-05 09:40:49,157 INFO     epoch: 50 took 274.330s (0.001s in batching)
training loss:	0.520748
validation loss:	0.512887
validation error:	0.251400
2017-02-05 09:40:49,163 INFO     Wrote output to trainNN/out/v048-finunified-4-ga18ab48:lstm-best-features-power,pitch,ffv/config.json
2017-02-05 09:45:08,946 INFO     Saving network params to trainNN/out/v048-finunified-4-ga18ab48:lstm-best-features-power,pitch,ffv/epoch-051.pkl
2017-02-05 09:45:27,634 INFO     epoch: 51 took 278.477s (0.001s in batching)
training loss:	0.520612
validation loss:	0.513441
validation error:	0.250200
2017-02-05 09:45:27,640 INFO     Wrote output to trainNN/out/v048-finunified-4-ga18ab48:lstm-best-features-power,pitch,ffv/config.json
2017-02-05 09:49:46,532 INFO     Saving network params to trainNN/out/v048-finunified-4-ga18ab48:lstm-best-features-power,pitch,ffv/epoch-052.pkl
2017-02-05 09:50:05,266 INFO     epoch: 52 took 277.631s (0.001s in batching)
training loss:	0.519906
validation loss:	0.524639
validation error:	0.256600
2017-02-05 09:50:05,272 INFO     Wrote output to trainNN/out/v048-finunified-4-ga18ab48:lstm-best-features-power,pitch,ffv/config.json
2017-02-05 09:54:20,786 INFO     Saving network params to trainNN/out/v048-finunified-4-ga18ab48:lstm-best-features-power,pitch,ffv/epoch-053.pkl
2017-02-05 09:54:39,265 INFO     epoch: 53 took 273.999s (0.001s in batching)
training loss:	0.519701
validation loss:	0.512863
validation error:	0.251300
2017-02-05 09:54:39,271 INFO     Wrote output to trainNN/out/v048-finunified-4-ga18ab48:lstm-best-features-power,pitch,ffv/config.json
2017-02-05 09:58:51,713 INFO     Saving network params to trainNN/out/v048-finunified-4-ga18ab48:lstm-best-features-power,pitch,ffv/epoch-054.pkl
2017-02-05 09:59:10,157 INFO     epoch: 54 took 270.893s (0.001s in batching)
training loss:	0.519377
validation loss:	0.510016
validation error:	0.250700
2017-02-05 09:59:10,163 INFO     Wrote output to trainNN/out/v048-finunified-4-ga18ab48:lstm-best-features-power,pitch,ffv/config.json
2017-02-05 10:03:29,346 INFO     Saving network params to trainNN/out/v048-finunified-4-ga18ab48:lstm-best-features-power,pitch,ffv/epoch-055.pkl
2017-02-05 10:03:46,610 INFO     epoch: 55 took 276.452s (0.001s in batching)
training loss:	0.518441
validation loss:	0.518982
validation error:	0.255200
2017-02-05 10:03:46,616 INFO     Wrote output to trainNN/out/v048-finunified-4-ga18ab48:lstm-best-features-power,pitch,ffv/config.json
2017-02-05 10:08:02,584 INFO     Saving network params to trainNN/out/v048-finunified-4-ga18ab48:lstm-best-features-power,pitch,ffv/epoch-056.pkl
2017-02-05 10:08:20,018 INFO     epoch: 56 took 273.408s (0.001s in batching)
training loss:	0.518512
validation loss:	0.511203
validation error:	0.252600
2017-02-05 10:08:20,024 INFO     Wrote output to trainNN/out/v048-finunified-4-ga18ab48:lstm-best-features-power,pitch,ffv/config.json
2017-02-05 10:12:40,370 INFO     Saving network params to trainNN/out/v048-finunified-4-ga18ab48:lstm-best-features-power,pitch,ffv/epoch-057.pkl
2017-02-05 10:12:57,575 INFO     epoch: 57 took 277.557s (0.001s in batching)
training loss:	0.518094
validation loss:	0.513210
validation error:	0.250100
2017-02-05 10:12:57,580 INFO     Wrote output to trainNN/out/v048-finunified-4-ga18ab48:lstm-best-features-power,pitch,ffv/config.json
2017-02-05 10:17:17,642 INFO     Saving network params to trainNN/out/v048-finunified-4-ga18ab48:lstm-best-features-power,pitch,ffv/epoch-058.pkl
2017-02-05 10:17:35,145 INFO     epoch: 58 took 277.570s (0.001s in batching)
training loss:	0.518036
validation loss:	0.511438
validation error:	0.253200
2017-02-05 10:17:35,150 INFO     Wrote output to trainNN/out/v048-finunified-4-ga18ab48:lstm-best-features-power,pitch,ffv/config.json
2017-02-05 10:21:51,425 INFO     Saving network params to trainNN/out/v048-finunified-4-ga18ab48:lstm-best-features-power,pitch,ffv/epoch-059.pkl
2017-02-05 10:22:09,731 INFO     epoch: 59 took 274.586s (0.001s in batching)
training loss:	0.518019
validation loss:	0.508919
validation error:	0.248700
2017-02-05 10:22:09,738 INFO     Wrote output to trainNN/out/v048-finunified-4-ga18ab48:lstm-best-features-power,pitch,ffv/config.json
2017-02-05 10:26:30,176 INFO     Saving network params to trainNN/out/v048-finunified-4-ga18ab48:lstm-best-features-power,pitch,ffv/epoch-060.pkl
2017-02-05 10:26:48,575 INFO     epoch: 60 took 278.844s (0.001s in batching)
training loss:	0.518140
validation loss:	0.510574
validation error:	0.251500
2017-02-05 10:26:48,581 INFO     Wrote output to trainNN/out/v048-finunified-4-ga18ab48:lstm-best-features-power,pitch,ffv/config.json
2017-02-05 10:31:07,432 INFO     Saving network params to trainNN/out/v048-finunified-4-ga18ab48:lstm-best-features-power,pitch,ffv/epoch-061.pkl
2017-02-05 10:31:26,349 INFO     epoch: 61 took 277.775s (0.001s in batching)
training loss:	0.516569
validation loss:	0.510581
validation error:	0.247700
2017-02-05 10:31:26,356 INFO     Wrote output to trainNN/out/v048-finunified-4-ga18ab48:lstm-best-features-power,pitch,ffv/config.json
2017-02-05 10:35:41,452 INFO     Saving network params to trainNN/out/v048-finunified-4-ga18ab48:lstm-best-features-power,pitch,ffv/epoch-062.pkl
2017-02-05 10:36:00,067 INFO     epoch: 62 took 273.717s (0.001s in batching)
training loss:	0.516952
validation loss:	0.509849
validation error:	0.250900
2017-02-05 10:36:00,073 INFO     Wrote output to trainNN/out/v048-finunified-4-ga18ab48:lstm-best-features-power,pitch,ffv/config.json
2017-02-05 10:40:23,885 INFO     Saving network params to trainNN/out/v048-finunified-4-ga18ab48:lstm-best-features-power,pitch,ffv/epoch-063.pkl
2017-02-05 10:40:42,572 INFO     epoch: 63 took 282.506s (0.002s in batching)
training loss:	0.516436
validation loss:	0.512571
validation error:	0.251500
2017-02-05 10:40:42,756 INFO     Wrote output to trainNN/out/v048-finunified-4-ga18ab48:lstm-best-features-power,pitch,ffv/config.json
2017-02-05 10:45:05,932 INFO     Saving network params to trainNN/out/v048-finunified-4-ga18ab48:lstm-best-features-power,pitch,ffv/epoch-064.pkl
2017-02-05 10:45:24,177 INFO     epoch: 64 took 281.604s (0.001s in batching)
training loss:	0.516233
validation loss:	0.509540
validation error:	0.248600
2017-02-05 10:45:24,201 INFO     Wrote output to trainNN/out/v048-finunified-4-ga18ab48:lstm-best-features-power,pitch,ffv/config.json
2017-02-05 10:49:44,920 INFO     Saving network params to trainNN/out/v048-finunified-4-ga18ab48:lstm-best-features-power,pitch,ffv/epoch-065.pkl
2017-02-05 10:50:03,466 INFO     epoch: 65 took 279.289s (0.001s in batching)
training loss:	0.516232
validation loss:	0.511606
validation error:	0.249800
2017-02-05 10:50:03,474 INFO     Wrote output to trainNN/out/v048-finunified-4-ga18ab48:lstm-best-features-power,pitch,ffv/config.json
2017-02-05 10:54:25,898 INFO     Saving network params to trainNN/out/v048-finunified-4-ga18ab48:lstm-best-features-power,pitch,ffv/epoch-066.pkl
2017-02-05 10:54:44,834 INFO     epoch: 66 took 281.368s (0.001s in batching)
training loss:	0.515419
validation loss:	0.511484
validation error:	0.249900
2017-02-05 10:54:44,843 INFO     Wrote output to trainNN/out/v048-finunified-4-ga18ab48:lstm-best-features-power,pitch,ffv/config.json
2017-02-05 10:59:07,961 INFO     Saving network params to trainNN/out/v048-finunified-4-ga18ab48:lstm-best-features-power,pitch,ffv/epoch-067.pkl
2017-02-05 10:59:25,944 INFO     epoch: 67 took 281.110s (0.002s in batching)
training loss:	0.515918
validation loss:	0.515576
validation error:	0.252200
2017-02-05 10:59:25,952 INFO     Wrote output to trainNN/out/v048-finunified-4-ga18ab48:lstm-best-features-power,pitch,ffv/config.json
2017-02-05 11:03:47,227 INFO     Saving network params to trainNN/out/v048-finunified-4-ga18ab48:lstm-best-features-power,pitch,ffv/epoch-068.pkl
2017-02-05 11:04:04,850 INFO     epoch: 68 took 278.906s (0.001s in batching)
training loss:	0.514958
validation loss:	0.509843
validation error:	0.249000
2017-02-05 11:04:04,938 INFO     Wrote output to trainNN/out/v048-finunified-4-ga18ab48:lstm-best-features-power,pitch,ffv/config.json
2017-02-05 11:08:28,475 INFO     Saving network params to trainNN/out/v048-finunified-4-ga18ab48:lstm-best-features-power,pitch,ffv/epoch-069.pkl
2017-02-05 11:08:47,317 INFO     epoch: 69 took 282.468s (0.001s in batching)
training loss:	0.515173
validation loss:	0.508365
validation error:	0.247000
2017-02-05 11:08:47,324 INFO     Wrote output to trainNN/out/v048-finunified-4-ga18ab48:lstm-best-features-power,pitch,ffv/config.json
2017-02-05 11:13:08,702 INFO     Saving network params to trainNN/out/v048-finunified-4-ga18ab48:lstm-best-features-power,pitch,ffv/epoch-070.pkl
2017-02-05 11:13:25,887 INFO     epoch: 70 took 278.570s (0.001s in batching)
training loss:	0.514825
validation loss:	0.510141
validation error:	0.246900
2017-02-05 11:13:25,896 INFO     Wrote output to trainNN/out/v048-finunified-4-ga18ab48:lstm-best-features-power,pitch,ffv/config.json
2017-02-05 11:17:41,276 INFO     Saving network params to trainNN/out/v048-finunified-4-ga18ab48:lstm-best-features-power,pitch,ffv/epoch-071.pkl
2017-02-05 11:17:57,485 INFO     epoch: 71 took 271.598s (0.001s in batching)
training loss:	0.514296
validation loss:	0.509630
validation error:	0.248000
2017-02-05 11:17:57,512 INFO     Wrote output to trainNN/out/v048-finunified-4-ga18ab48:lstm-best-features-power,pitch,ffv/config.json
2017-02-05 11:21:45,830 INFO     Saving network params to trainNN/out/v048-finunified-4-ga18ab48:lstm-best-features-power,pitch,ffv/epoch-072.pkl
2017-02-05 11:22:02,066 INFO     epoch: 72 took 244.581s (0.001s in batching)
training loss:	0.514072
validation loss:	0.516056
validation error:	0.256200
2017-02-05 11:22:02,072 INFO     Wrote output to trainNN/out/v048-finunified-4-ga18ab48:lstm-best-features-power,pitch,ffv/config.json
2017-02-05 11:25:47,164 INFO     Saving network params to trainNN/out/v048-finunified-4-ga18ab48:lstm-best-features-power,pitch,ffv/epoch-073.pkl
2017-02-05 11:26:03,191 INFO     epoch: 73 took 241.125s (0.001s in batching)
training loss:	0.514531
validation loss:	0.509270
validation error:	0.252900
2017-02-05 11:26:03,197 INFO     Wrote output to trainNN/out/v048-finunified-4-ga18ab48:lstm-best-features-power,pitch,ffv/config.json
2017-02-05 11:29:50,512 INFO     Saving network params to trainNN/out/v048-finunified-4-ga18ab48:lstm-best-features-power,pitch,ffv/epoch-074.pkl
2017-02-05 11:30:06,655 INFO     epoch: 74 took 243.464s (0.001s in batching)
training loss:	0.513754
validation loss:	0.511355
validation error:	0.250800
2017-02-05 11:30:06,661 INFO     Wrote output to trainNN/out/v048-finunified-4-ga18ab48:lstm-best-features-power,pitch,ffv/config.json
2017-02-05 11:33:53,891 INFO     Saving network params to trainNN/out/v048-finunified-4-ga18ab48:lstm-best-features-power,pitch,ffv/epoch-075.pkl
2017-02-05 11:34:10,185 INFO     epoch: 75 took 243.530s (0.001s in batching)
training loss:	0.512990
validation loss:	0.512906
validation error:	0.251300
2017-02-05 11:34:10,192 INFO     Wrote output to trainNN/out/v048-finunified-4-ga18ab48:lstm-best-features-power,pitch,ffv/config.json
2017-02-05 11:37:53,270 INFO     Saving network params to trainNN/out/v048-finunified-4-ga18ab48:lstm-best-features-power,pitch,ffv/epoch-076.pkl
2017-02-05 11:38:09,355 INFO     epoch: 76 took 239.170s (0.001s in batching)
training loss:	0.513316
validation loss:	0.513240
validation error:	0.257100
2017-02-05 11:38:09,361 INFO     Wrote output to trainNN/out/v048-finunified-4-ga18ab48:lstm-best-features-power,pitch,ffv/config.json
2017-02-05 11:41:56,583 INFO     Saving network params to trainNN/out/v048-finunified-4-ga18ab48:lstm-best-features-power,pitch,ffv/epoch-077.pkl
2017-02-05 11:42:12,930 INFO     epoch: 77 took 243.574s (0.001s in batching)
training loss:	0.513552
validation loss:	0.510074
validation error:	0.252600
2017-02-05 11:42:12,934 INFO     Wrote output to trainNN/out/v048-finunified-4-ga18ab48:lstm-best-features-power,pitch,ffv/config.json
2017-02-05 11:46:00,816 INFO     Saving network params to trainNN/out/v048-finunified-4-ga18ab48:lstm-best-features-power,pitch,ffv/epoch-078.pkl
2017-02-05 11:46:17,123 INFO     epoch: 78 took 244.193s (0.001s in batching)
training loss:	0.513533
validation loss:	0.513018
validation error:	0.254400
2017-02-05 11:46:17,130 INFO     Wrote output to trainNN/out/v048-finunified-4-ga18ab48:lstm-best-features-power,pitch,ffv/config.json
2017-02-05 11:50:00,785 INFO     Saving network params to trainNN/out/v048-finunified-4-ga18ab48:lstm-best-features-power,pitch,ffv/epoch-079.pkl
2017-02-05 11:50:16,940 INFO     epoch: 79 took 239.817s (0.001s in batching)
training loss:	0.512203
validation loss:	0.511349
validation error:	0.250300
2017-02-05 11:50:16,945 INFO     Wrote output to trainNN/out/v048-finunified-4-ga18ab48:lstm-best-features-power,pitch,ffv/config.json
2017-02-05 11:54:04,400 INFO     Saving network params to trainNN/out/v048-finunified-4-ga18ab48:lstm-best-features-power,pitch,ffv/epoch-080.pkl
2017-02-05 11:54:20,502 INFO     epoch: 80 took 243.562s (0.001s in batching)
training loss:	0.512942
validation loss:	0.510406
validation error:	0.250300
2017-02-05 11:54:20,508 INFO     Wrote output to trainNN/out/v048-finunified-4-ga18ab48:lstm-best-features-power,pitch,ffv/config.json
2017-02-05 11:58:08,120 INFO     Saving network params to trainNN/out/v048-finunified-4-ga18ab48:lstm-best-features-power,pitch,ffv/epoch-081.pkl
2017-02-05 11:58:24,273 INFO     epoch: 81 took 243.771s (0.001s in batching)
training loss:	0.512126
validation loss:	0.510368
validation error:	0.251300
2017-02-05 11:58:24,279 INFO     Wrote output to trainNN/out/v048-finunified-4-ga18ab48:lstm-best-features-power,pitch,ffv/config.json
2017-02-05 12:02:07,800 INFO     Saving network params to trainNN/out/v048-finunified-4-ga18ab48:lstm-best-features-power,pitch,ffv/epoch-082.pkl
2017-02-05 12:02:45,430 INFO     epoch: 82 took 261.156s (0.001s in batching)
training loss:	0.512220
validation loss:	0.508118
validation error:	0.248400
2017-02-05 12:02:45,443 INFO     Wrote output to trainNN/out/v048-finunified-4-ga18ab48:lstm-best-features-power,pitch,ffv/config.json
2017-02-05 12:06:34,374 INFO     Saving network params to trainNN/out/v048-finunified-4-ga18ab48:lstm-best-features-power,pitch,ffv/epoch-083.pkl
2017-02-05 12:06:50,973 INFO     epoch: 83 took 245.544s (0.001s in batching)
training loss:	0.511964
validation loss:	0.515667
validation error:	0.252200
2017-02-05 12:06:51,010 INFO     Wrote output to trainNN/out/v048-finunified-4-ga18ab48:lstm-best-features-power,pitch,ffv/config.json
2017-02-05 12:10:39,644 INFO     Saving network params to trainNN/out/v048-finunified-4-ga18ab48:lstm-best-features-power,pitch,ffv/epoch-084.pkl
2017-02-05 12:10:54,138 INFO     epoch: 84 took 243.164s (0.001s in batching)
training loss:	0.511650
validation loss:	0.510255
validation error:	0.249800
2017-02-05 12:10:54,166 INFO     Wrote output to trainNN/out/v048-finunified-4-ga18ab48:lstm-best-features-power,pitch,ffv/config.json
2017-02-05 12:14:33,906 INFO     Saving network params to trainNN/out/v048-finunified-4-ga18ab48:lstm-best-features-power,pitch,ffv/epoch-085.pkl
2017-02-05 12:14:48,813 INFO     epoch: 85 took 234.676s (0.001s in batching)
training loss:	0.511148
validation loss:	0.510295
validation error:	0.251800
2017-02-05 12:14:48,852 INFO     Wrote output to trainNN/out/v048-finunified-4-ga18ab48:lstm-best-features-power,pitch,ffv/config.json
2017-02-05 12:18:38,077 INFO     Saving network params to trainNN/out/v048-finunified-4-ga18ab48:lstm-best-features-power,pitch,ffv/epoch-086.pkl
2017-02-05 12:18:52,716 INFO     epoch: 86 took 243.903s (0.001s in batching)
training loss:	0.512019
validation loss:	0.508875
validation error:	0.248600
2017-02-05 12:18:52,743 INFO     Wrote output to trainNN/out/v048-finunified-4-ga18ab48:lstm-best-features-power,pitch,ffv/config.json
2017-02-05 12:22:42,007 INFO     Saving network params to trainNN/out/v048-finunified-4-ga18ab48:lstm-best-features-power,pitch,ffv/epoch-087.pkl
2017-02-05 12:22:57,623 INFO     epoch: 87 took 244.907s (0.001s in batching)
training loss:	0.510584
validation loss:	0.509144
validation error:	0.251800
2017-02-05 12:22:57,630 INFO     Wrote output to trainNN/out/v048-finunified-4-ga18ab48:lstm-best-features-power,pitch,ffv/config.json
2017-02-05 12:26:42,044 INFO     Saving network params to trainNN/out/v048-finunified-4-ga18ab48:lstm-best-features-power,pitch,ffv/epoch-088.pkl
2017-02-05 12:26:58,211 INFO     epoch: 88 took 240.588s (0.001s in batching)
training loss:	0.511206
validation loss:	0.511371
validation error:	0.251400
2017-02-05 12:26:58,217 INFO     Wrote output to trainNN/out/v048-finunified-4-ga18ab48:lstm-best-features-power,pitch,ffv/config.json
2017-02-05 12:30:46,923 INFO     Saving network params to trainNN/out/v048-finunified-4-ga18ab48:lstm-best-features-power,pitch,ffv/epoch-089.pkl
2017-02-05 12:31:03,161 INFO     epoch: 89 took 244.951s (0.001s in batching)
training loss:	0.510363
validation loss:	0.508158
validation error:	0.248900
2017-02-05 12:31:03,167 INFO     Wrote output to trainNN/out/v048-finunified-4-ga18ab48:lstm-best-features-power,pitch,ffv/config.json
2017-02-05 12:34:51,409 INFO     Saving network params to trainNN/out/v048-finunified-4-ga18ab48:lstm-best-features-power,pitch,ffv/epoch-090.pkl
2017-02-05 12:35:07,349 INFO     epoch: 90 took 244.188s (0.001s in batching)
training loss:	0.510377
validation loss:	0.510842
validation error:	0.253300
2017-02-05 12:35:07,355 INFO     Wrote output to trainNN/out/v048-finunified-4-ga18ab48:lstm-best-features-power,pitch,ffv/config.json
2017-02-05 12:38:47,356 INFO     Saving network params to trainNN/out/v048-finunified-4-ga18ab48:lstm-best-features-power,pitch,ffv/epoch-091.pkl
2017-02-05 12:39:03,580 INFO     epoch: 91 took 236.230s (0.001s in batching)
training loss:	0.510344
validation loss:	0.515940
validation error:	0.251900
2017-02-05 12:39:03,591 INFO     Wrote output to trainNN/out/v048-finunified-4-ga18ab48:lstm-best-features-power,pitch,ffv/config.json
2017-02-05 12:42:52,267 INFO     Saving network params to trainNN/out/v048-finunified-4-ga18ab48:lstm-best-features-power,pitch,ffv/epoch-092.pkl
2017-02-05 12:43:08,531 INFO     epoch: 92 took 244.951s (0.001s in batching)
training loss:	0.510266
validation loss:	0.513831
validation error:	0.251500
2017-02-05 12:43:08,537 INFO     Wrote output to trainNN/out/v048-finunified-4-ga18ab48:lstm-best-features-power,pitch,ffv/config.json
2017-02-05 12:46:55,085 INFO     Saving network params to trainNN/out/v048-finunified-4-ga18ab48:lstm-best-features-power,pitch,ffv/epoch-093.pkl
2017-02-05 12:47:11,551 INFO     epoch: 93 took 243.020s (0.001s in batching)
training loss:	0.509937
validation loss:	0.511462
validation error:	0.248700
2017-02-05 12:47:11,567 INFO     Wrote output to trainNN/out/v048-finunified-4-ga18ab48:lstm-best-features-power,pitch,ffv/config.json
2017-02-05 12:50:57,466 INFO     Saving network params to trainNN/out/v048-finunified-4-ga18ab48:lstm-best-features-power,pitch,ffv/epoch-094.pkl
2017-02-05 12:51:13,708 INFO     epoch: 94 took 242.158s (0.001s in batching)
training loss:	0.509531
validation loss:	0.510192
validation error:	0.250400
2017-02-05 12:51:13,715 INFO     Wrote output to trainNN/out/v048-finunified-4-ga18ab48:lstm-best-features-power,pitch,ffv/config.json
2017-02-05 12:55:01,504 INFO     Saving network params to trainNN/out/v048-finunified-4-ga18ab48:lstm-best-features-power,pitch,ffv/epoch-095.pkl
2017-02-05 12:55:17,745 INFO     epoch: 95 took 244.037s (0.001s in batching)
training loss:	0.509558
validation loss:	0.511190
validation error:	0.252300
2017-02-05 12:55:17,752 INFO     Wrote output to trainNN/out/v048-finunified-4-ga18ab48:lstm-best-features-power,pitch,ffv/config.json
2017-02-05 12:59:06,421 INFO     Saving network params to trainNN/out/v048-finunified-4-ga18ab48:lstm-best-features-power,pitch,ffv/epoch-096.pkl
2017-02-05 12:59:22,666 INFO     epoch: 96 took 244.921s (0.001s in batching)
training loss:	0.509560
validation loss:	0.513489
validation error:	0.252600
2017-02-05 12:59:22,673 INFO     Wrote output to trainNN/out/v048-finunified-4-ga18ab48:lstm-best-features-power,pitch,ffv/config.json
2017-02-05 13:03:07,086 INFO     Saving network params to trainNN/out/v048-finunified-4-ga18ab48:lstm-best-features-power,pitch,ffv/epoch-097.pkl
2017-02-05 13:03:23,410 INFO     epoch: 97 took 240.744s (0.001s in batching)
training loss:	0.509728
validation loss:	0.510409
validation error:	0.250200
2017-02-05 13:03:23,419 INFO     Wrote output to trainNN/out/v048-finunified-4-ga18ab48:lstm-best-features-power,pitch,ffv/config.json
2017-02-05 13:07:04,256 INFO     Saving network params to trainNN/out/v048-finunified-4-ga18ab48:lstm-best-features-power,pitch,ffv/epoch-098.pkl
2017-02-05 13:07:22,646 INFO     epoch: 98 took 239.234s (0.001s in batching)
training loss:	0.509569
validation loss:	0.506571
validation error:	0.250400
2017-02-05 13:07:22,677 INFO     Wrote output to trainNN/out/v048-finunified-4-ga18ab48:lstm-best-features-power,pitch,ffv/config.json
2017-02-05 13:11:09,477 INFO     Saving network params to trainNN/out/v048-finunified-4-ga18ab48:lstm-best-features-power,pitch,ffv/epoch-099.pkl
2017-02-05 13:11:24,421 INFO     epoch: 99 took 241.778s (0.001s in batching)
training loss:	0.508859
validation loss:	0.508997
validation error:	0.249300
2017-02-05 13:11:24,452 INFO     Wrote output to trainNN/out/v048-finunified-4-ga18ab48:lstm-best-features-power,pitch,ffv/config.json
