2017-01-24 04:37:23,232 DEBUG    version=v043-unified:simple-ff-100-50-25
2017-01-24 04:37:23,951 INFO     Open DBase(data/db/all240302-spk.dat, data/db/all240302-spk.idx, mode='r')
2017-01-24 04:37:43,052 DEBUG    loading cached extracted data from data/cache/extract-563f0cfda2bc8b6a659563483d8ddca63a2cf90cdf00f9f7f789bf6027ccda0a.pickle
2017-01-24 04:37:44,002 DEBUG    set input dim to 2
2017-01-24 04:37:44,004 DEBUG    input dim = 2
2017-01-24 04:37:44,190 DEBUG    loading data into ram
2017-01-24 04:37:44,339 DEBUG    loading data took 0.149s (cpu: 0.149s
2017-01-24 04:37:44,908 DEBUG    set input dim to 2
2017-01-24 04:37:44,908 DEBUG    input dim = 2
2017-01-24 04:37:44,929 DEBUG    loading data into ram
2017-01-24 04:37:44,943 DEBUG    loading data took 0.014s (cpu: 0.014s
2017-01-24 04:37:44,975 INFO     Training network with 14477 trainable out of 14477 total params.
2017-01-24 04:37:45,018 DEBUG    Using sgd with learning_rate=0.700000
2017-01-24 04:37:56,164 INFO     Waiting for existing lock by process '21744' (I am process '21731')
2017-01-24 04:37:56,165 INFO     To manually release the lock, delete /home/rruede/.theano/compiledir_Linux-3.16--generic-x86_64-with-debian-jessie-sid-x86_64-3.6.0-64/lock_dir
2017-01-24 04:38:10,472 INFO     Waiting for existing lock by process '21744' (I am process '21731')
2017-01-24 04:38:10,472 INFO     To manually release the lock, delete /home/rruede/.theano/compiledir_Linux-3.16--generic-x86_64-with-debian-jessie-sid-x86_64-3.6.0-64/lock_dir
2017-01-24 04:38:16,624 INFO     Waiting for existing lock by process '21744' (I am process '21731')
2017-01-24 04:38:16,625 INFO     To manually release the lock, delete /home/rruede/.theano/compiledir_Linux-3.16--generic-x86_64-with-debian-jessie-sid-x86_64-3.6.0-64/lock_dir
2017-01-24 04:38:24,278 INFO     Waiting for existing lock by process '21738' (I am process '21731')
2017-01-24 04:38:24,279 INFO     To manually release the lock, delete /home/rruede/.theano/compiledir_Linux-3.16--generic-x86_64-with-debian-jessie-sid-x86_64-3.6.0-64/lock_dir
2017-01-24 04:38:30,266 INFO     Waiting for existing lock by process '21738' (I am process '21731')
2017-01-24 04:38:30,267 INFO     To manually release the lock, delete /home/rruede/.theano/compiledir_Linux-3.16--generic-x86_64-with-debian-jessie-sid-x86_64-3.6.0-64/lock_dir
2017-01-24 04:38:40,041 INFO     Waiting for existing lock by process '21738' (I am process '21731')
2017-01-24 04:38:40,042 INFO     To manually release the lock, delete /home/rruede/.theano/compiledir_Linux-3.16--generic-x86_64-with-debian-jessie-sid-x86_64-3.6.0-64/lock_dir
2017-01-24 04:38:46,601 INFO     Waiting for existing lock by process '21738' (I am process '21731')
2017-01-24 04:38:46,602 INFO     To manually release the lock, delete /home/rruede/.theano/compiledir_Linux-3.16--generic-x86_64-with-debian-jessie-sid-x86_64-3.6.0-64/lock_dir
2017-01-24 04:38:53,047 INFO     Waiting for existing lock by process '21738' (I am process '21731')
2017-01-24 04:38:53,048 INFO     To manually release the lock, delete /home/rruede/.theano/compiledir_Linux-3.16--generic-x86_64-with-debian-jessie-sid-x86_64-3.6.0-64/lock_dir
2017-01-24 04:39:02,083 INFO     Waiting for existing lock by process '21738' (I am process '21731')
2017-01-24 04:39:02,083 INFO     To manually release the lock, delete /home/rruede/.theano/compiledir_Linux-3.16--generic-x86_64-with-debian-jessie-sid-x86_64-3.6.0-64/lock_dir
2017-01-24 04:39:09,209 INFO     Waiting for existing lock by process '21738' (I am process '21731')
2017-01-24 04:39:09,210 INFO     To manually release the lock, delete /home/rruede/.theano/compiledir_Linux-3.16--generic-x86_64-with-debian-jessie-sid-x86_64-3.6.0-64/lock_dir
2017-01-24 04:39:15,633 INFO     Waiting for existing lock by process '21738' (I am process '21731')
2017-01-24 04:39:15,633 INFO     To manually release the lock, delete /home/rruede/.theano/compiledir_Linux-3.16--generic-x86_64-with-debian-jessie-sid-x86_64-3.6.0-64/lock_dir
2017-01-24 04:39:23,412 INFO     Waiting for existing lock by process '21738' (I am process '21731')
2017-01-24 04:39:23,412 INFO     To manually release the lock, delete /home/rruede/.theano/compiledir_Linux-3.16--generic-x86_64-with-debian-jessie-sid-x86_64-3.6.0-64/lock_dir
2017-01-24 04:39:30,720 INFO     Waiting for existing lock by process '21738' (I am process '21731')
2017-01-24 04:39:30,721 INFO     To manually release the lock, delete /home/rruede/.theano/compiledir_Linux-3.16--generic-x86_64-with-debian-jessie-sid-x86_64-3.6.0-64/lock_dir
2017-01-24 04:39:39,600 INFO     Waiting for existing lock by process '21743' (I am process '21731')
2017-01-24 04:39:39,601 INFO     To manually release the lock, delete /home/rruede/.theano/compiledir_Linux-3.16--generic-x86_64-with-debian-jessie-sid-x86_64-3.6.0-64/lock_dir
2017-01-24 04:39:46,391 INFO     Waiting for existing lock by process '21741' (I am process '21731')
2017-01-24 04:39:46,392 INFO     To manually release the lock, delete /home/rruede/.theano/compiledir_Linux-3.16--generic-x86_64-with-debian-jessie-sid-x86_64-3.6.0-64/lock_dir
2017-01-24 04:39:57,354 DEBUG    Starting training...
2017-01-24 04:41:43,842 INFO     Saving network params to trainNN/out/v043-unified:simple-ff-100-50-25/epoch-000.pkl
2017-01-24 04:41:53,833 INFO     epoch: 0 took 116.479s (81.899s in batching)
training loss:	0.624338
validation loss:	0.615177
validation error:	0.341864
2017-01-24 04:41:53,835 INFO     Wrote output to trainNN/out/v043-unified:simple-ff-100-50-25/config.json
2017-01-24 04:43:47,513 INFO     Saving network params to trainNN/out/v043-unified:simple-ff-100-50-25/epoch-001.pkl
2017-01-24 04:43:57,416 INFO     epoch: 1 took 123.583s (82.221s in batching)
training loss:	0.610342
validation loss:	0.610608
validation error:	0.337988
2017-01-24 04:43:57,419 INFO     Wrote output to trainNN/out/v043-unified:simple-ff-100-50-25/config.json
2017-01-24 04:45:44,095 INFO     Saving network params to trainNN/out/v043-unified:simple-ff-100-50-25/epoch-002.pkl
2017-01-24 04:45:54,064 INFO     epoch: 2 took 116.648s (81.785s in batching)
training loss:	0.604958
validation loss:	0.604888
validation error:	0.328838
2017-01-24 04:45:54,067 INFO     Wrote output to trainNN/out/v043-unified:simple-ff-100-50-25/config.json
2017-01-24 04:47:40,581 INFO     Saving network params to trainNN/out/v043-unified:simple-ff-100-50-25/epoch-003.pkl
2017-01-24 04:47:50,550 INFO     epoch: 3 took 116.486s (81.641s in batching)
training loss:	0.601526
validation loss:	0.604145
validation error:	0.330914
2017-01-24 04:47:50,552 INFO     Wrote output to trainNN/out/v043-unified:simple-ff-100-50-25/config.json
2017-01-24 04:49:37,847 INFO     Saving network params to trainNN/out/v043-unified:simple-ff-100-50-25/epoch-004.pkl
2017-01-24 04:49:47,930 INFO     epoch: 4 took 117.381s (82.125s in batching)
training loss:	0.599132
validation loss:	0.604437
validation error:	0.331024
2017-01-24 04:49:47,933 INFO     Wrote output to trainNN/out/v043-unified:simple-ff-100-50-25/config.json
2017-01-24 04:51:35,140 INFO     Saving network params to trainNN/out/v043-unified:simple-ff-100-50-25/epoch-005.pkl
2017-01-24 04:51:45,104 INFO     epoch: 5 took 117.174s (82.048s in batching)
training loss:	0.596935
validation loss:	0.603826
validation error:	0.328471
2017-01-24 04:51:45,107 INFO     Wrote output to trainNN/out/v043-unified:simple-ff-100-50-25/config.json
2017-01-24 04:53:31,996 INFO     Saving network params to trainNN/out/v043-unified:simple-ff-100-50-25/epoch-006.pkl
2017-01-24 04:53:41,954 INFO     epoch: 6 took 116.850s (81.792s in batching)
training loss:	0.595144
validation loss:	0.603629
validation error:	0.327494
2017-01-24 04:53:41,957 INFO     Wrote output to trainNN/out/v043-unified:simple-ff-100-50-25/config.json
2017-01-24 04:55:29,122 INFO     Saving network params to trainNN/out/v043-unified:simple-ff-100-50-25/epoch-007.pkl
2017-01-24 04:55:39,116 INFO     epoch: 7 took 117.162s (81.890s in batching)
training loss:	0.593554
validation loss:	0.603629
validation error:	0.331172
2017-01-24 04:55:39,217 INFO     Wrote output to trainNN/out/v043-unified:simple-ff-100-50-25/config.json
2017-01-24 04:57:26,034 INFO     Saving network params to trainNN/out/v043-unified:simple-ff-100-50-25/epoch-008.pkl
2017-01-24 04:57:36,044 INFO     epoch: 8 took 116.928s (81.541s in batching)
training loss:	0.592200
validation loss:	0.604798
validation error:	0.332273
2017-01-24 04:57:36,047 INFO     Wrote output to trainNN/out/v043-unified:simple-ff-100-50-25/config.json
2017-01-24 04:59:22,987 INFO     Saving network params to trainNN/out/v043-unified:simple-ff-100-50-25/epoch-009.pkl
2017-01-24 04:59:32,972 INFO     epoch: 9 took 116.928s (81.822s in batching)
training loss:	0.591135
validation loss:	0.605579
validation error:	0.332010
2017-01-24 04:59:32,975 INFO     Wrote output to trainNN/out/v043-unified:simple-ff-100-50-25/config.json
2017-01-24 05:01:20,195 INFO     Saving network params to trainNN/out/v043-unified:simple-ff-100-50-25/epoch-010.pkl
2017-01-24 05:01:30,207 INFO     epoch: 10 took 117.235s (81.922s in batching)
training loss:	0.590142
validation loss:	0.609174
validation error:	0.331698
2017-01-24 05:01:30,210 INFO     Wrote output to trainNN/out/v043-unified:simple-ff-100-50-25/config.json
2017-01-24 05:03:17,307 INFO     Saving network params to trainNN/out/v043-unified:simple-ff-100-50-25/epoch-011.pkl
2017-01-24 05:03:27,370 INFO     epoch: 11 took 117.163s (81.903s in batching)
training loss:	0.589411
validation loss:	0.608936
validation error:	0.332520
2017-01-24 05:03:27,373 INFO     Wrote output to trainNN/out/v043-unified:simple-ff-100-50-25/config.json
2017-01-24 05:05:14,942 INFO     Saving network params to trainNN/out/v043-unified:simple-ff-100-50-25/epoch-012.pkl
2017-01-24 05:05:25,028 INFO     epoch: 12 took 117.658s (82.326s in batching)
training loss:	0.588549
validation loss:	0.601731
validation error:	0.327752
2017-01-24 05:05:25,030 INFO     Wrote output to trainNN/out/v043-unified:simple-ff-100-50-25/config.json
2017-01-24 05:07:12,877 INFO     Saving network params to trainNN/out/v043-unified:simple-ff-100-50-25/epoch-013.pkl
2017-01-24 05:07:22,969 INFO     epoch: 13 took 117.941s (82.704s in batching)
training loss:	0.587986
validation loss:	0.604713
validation error:	0.332099
2017-01-24 05:07:22,972 INFO     Wrote output to trainNN/out/v043-unified:simple-ff-100-50-25/config.json
2017-01-24 05:09:09,837 INFO     Saving network params to trainNN/out/v043-unified:simple-ff-100-50-25/epoch-014.pkl
2017-01-24 05:09:19,860 INFO     epoch: 14 took 116.891s (81.703s in batching)
training loss:	0.587427
validation loss:	0.604295
validation error:	0.332535
2017-01-24 05:09:19,866 INFO     Wrote output to trainNN/out/v043-unified:simple-ff-100-50-25/config.json
2017-01-24 05:11:07,266 INFO     Saving network params to trainNN/out/v043-unified:simple-ff-100-50-25/epoch-015.pkl
2017-01-24 05:11:17,316 INFO     epoch: 15 took 117.456s (82.107s in batching)
training loss:	0.586862
validation loss:	0.604826
validation error:	0.328357
2017-01-24 05:11:17,319 INFO     Wrote output to trainNN/out/v043-unified:simple-ff-100-50-25/config.json
2017-01-24 05:13:04,759 INFO     Saving network params to trainNN/out/v043-unified:simple-ff-100-50-25/epoch-016.pkl
2017-01-24 05:13:14,820 INFO     epoch: 16 took 117.504s (81.949s in batching)
training loss:	0.586252
validation loss:	0.602909
validation error:	0.327033
2017-01-24 05:13:14,823 INFO     Wrote output to trainNN/out/v043-unified:simple-ff-100-50-25/config.json
2017-01-24 05:15:02,223 INFO     Saving network params to trainNN/out/v043-unified:simple-ff-100-50-25/epoch-017.pkl
2017-01-24 05:15:12,224 INFO     epoch: 17 took 117.404s (81.952s in batching)
training loss:	0.585652
validation loss:	0.610098
validation error:	0.330949
2017-01-24 05:15:12,227 INFO     Wrote output to trainNN/out/v043-unified:simple-ff-100-50-25/config.json
2017-01-24 05:16:59,310 INFO     Saving network params to trainNN/out/v043-unified:simple-ff-100-50-25/epoch-018.pkl
2017-01-24 05:17:09,280 INFO     epoch: 18 took 117.056s (81.613s in batching)
training loss:	0.585342
validation loss:	0.607227
validation error:	0.330067
2017-01-24 05:17:09,284 INFO     Wrote output to trainNN/out/v043-unified:simple-ff-100-50-25/config.json
2017-01-24 05:18:56,511 INFO     Saving network params to trainNN/out/v043-unified:simple-ff-100-50-25/epoch-019.pkl
2017-01-24 05:19:06,481 INFO     epoch: 19 took 117.201s (81.721s in batching)
training loss:	0.584763
validation loss:	0.606366
validation error:	0.327965
2017-01-24 05:19:06,582 INFO     Wrote output to trainNN/out/v043-unified:simple-ff-100-50-25/config.json
2017-01-24 05:20:54,582 INFO     Saving network params to trainNN/out/v043-unified:simple-ff-100-50-25/epoch-020.pkl
2017-01-24 05:21:04,617 INFO     epoch: 20 took 118.136s (82.449s in batching)
training loss:	0.584551
validation loss:	0.610377
validation error:	0.327390
2017-01-24 05:21:04,619 INFO     Wrote output to trainNN/out/v043-unified:simple-ff-100-50-25/config.json
2017-01-24 05:22:52,296 INFO     Saving network params to trainNN/out/v043-unified:simple-ff-100-50-25/epoch-021.pkl
2017-01-24 05:23:02,402 INFO     epoch: 21 took 117.785s (81.989s in batching)
training loss:	0.584258
validation loss:	0.605251
validation error:	0.325621
2017-01-24 05:23:02,405 INFO     Wrote output to trainNN/out/v043-unified:simple-ff-100-50-25/config.json
2017-01-24 05:24:50,357 INFO     Saving network params to trainNN/out/v043-unified:simple-ff-100-50-25/epoch-022.pkl
2017-01-24 05:25:00,399 INFO     epoch: 22 took 117.997s (82.122s in batching)
training loss:	0.583762
validation loss:	0.606005
validation error:	0.330136
2017-01-24 05:25:00,402 INFO     Wrote output to trainNN/out/v043-unified:simple-ff-100-50-25/config.json
2017-01-24 05:26:48,442 INFO     Saving network params to trainNN/out/v043-unified:simple-ff-100-50-25/epoch-023.pkl
2017-01-24 05:26:58,528 INFO     epoch: 23 took 118.129s (82.139s in batching)
training loss:	0.583572
validation loss:	0.604212
validation error:	0.326776
2017-01-24 05:26:58,531 INFO     Wrote output to trainNN/out/v043-unified:simple-ff-100-50-25/config.json
2017-01-24 05:28:46,127 INFO     Saving network params to trainNN/out/v043-unified:simple-ff-100-50-25/epoch-024.pkl
2017-01-24 05:28:56,241 INFO     epoch: 24 took 117.714s (81.972s in batching)
training loss:	0.583310
validation loss:	0.610149
validation error:	0.327836
2017-01-24 05:28:56,244 INFO     Wrote output to trainNN/out/v043-unified:simple-ff-100-50-25/config.json
2017-01-24 05:30:44,397 INFO     Saving network params to trainNN/out/v043-unified:simple-ff-100-50-25/epoch-025.pkl
2017-01-24 05:30:54,543 INFO     epoch: 25 took 118.302s (82.465s in batching)
training loss:	0.582864
validation loss:	0.604201
validation error:	0.329586
2017-01-24 05:30:54,546 INFO     Wrote output to trainNN/out/v043-unified:simple-ff-100-50-25/config.json
2017-01-24 05:32:42,296 INFO     Saving network params to trainNN/out/v043-unified:simple-ff-100-50-25/epoch-026.pkl
2017-01-24 05:32:52,290 INFO     epoch: 26 took 117.747s (81.943s in batching)
training loss:	0.582687
validation loss:	0.607836
validation error:	0.328639
2017-01-24 05:32:52,293 INFO     Wrote output to trainNN/out/v043-unified:simple-ff-100-50-25/config.json
2017-01-24 05:34:39,838 INFO     Saving network params to trainNN/out/v043-unified:simple-ff-100-50-25/epoch-027.pkl
2017-01-24 05:34:49,891 INFO     epoch: 27 took 117.601s (81.796s in batching)
training loss:	0.582444
validation loss:	0.604477
validation error:	0.327182
2017-01-24 05:34:49,894 INFO     Wrote output to trainNN/out/v043-unified:simple-ff-100-50-25/config.json
2017-01-24 05:36:37,407 INFO     Saving network params to trainNN/out/v043-unified:simple-ff-100-50-25/epoch-028.pkl
2017-01-24 05:36:47,500 INFO     epoch: 28 took 117.609s (81.612s in batching)
training loss:	0.582266
validation loss:	0.606982
validation error:	0.328238
2017-01-24 05:36:47,503 INFO     Wrote output to trainNN/out/v043-unified:simple-ff-100-50-25/config.json
2017-01-24 05:38:35,212 INFO     Saving network params to trainNN/out/v043-unified:simple-ff-100-50-25/epoch-029.pkl
2017-01-24 05:38:45,219 INFO     epoch: 29 took 117.719s (81.780s in batching)
training loss:	0.581996
validation loss:	0.607192
validation error:	0.327445
2017-01-24 05:38:45,222 INFO     Wrote output to trainNN/out/v043-unified:simple-ff-100-50-25/config.json
2017-01-24 05:40:32,918 INFO     Saving network params to trainNN/out/v043-unified:simple-ff-100-50-25/epoch-030.pkl
2017-01-24 05:40:42,921 INFO     epoch: 30 took 117.702s (81.890s in batching)
training loss:	0.581800
validation loss:	0.606291
validation error:	0.327985
2017-01-24 05:40:42,924 INFO     Wrote output to trainNN/out/v043-unified:simple-ff-100-50-25/config.json
2017-01-24 05:42:30,719 INFO     Saving network params to trainNN/out/v043-unified:simple-ff-100-50-25/epoch-031.pkl
2017-01-24 05:42:40,750 INFO     epoch: 31 took 117.829s (81.811s in batching)
training loss:	0.581650
validation loss:	0.604793
validation error:	0.327484
2017-01-24 05:42:40,753 INFO     Wrote output to trainNN/out/v043-unified:simple-ff-100-50-25/config.json
2017-01-24 05:44:28,633 INFO     Saving network params to trainNN/out/v043-unified:simple-ff-100-50-25/epoch-032.pkl
2017-01-24 05:44:38,688 INFO     epoch: 32 took 117.938s (81.860s in batching)
training loss:	0.581370
validation loss:	0.604760
validation error:	0.327093
2017-01-24 05:44:38,691 INFO     Wrote output to trainNN/out/v043-unified:simple-ff-100-50-25/config.json
2017-01-24 05:46:26,283 INFO     Saving network params to trainNN/out/v043-unified:simple-ff-100-50-25/epoch-033.pkl
2017-01-24 05:46:36,304 INFO     epoch: 33 took 117.617s (82.044s in batching)
training loss:	0.581147
validation loss:	0.609650
validation error:	0.326553
2017-01-24 05:46:36,308 INFO     Wrote output to trainNN/out/v043-unified:simple-ff-100-50-25/config.json
2017-01-24 05:48:22,012 INFO     Saving network params to trainNN/out/v043-unified:simple-ff-100-50-25/epoch-034.pkl
2017-01-24 05:48:31,878 INFO     epoch: 34 took 115.574s (81.513s in batching)
training loss:	0.580954
validation loss:	0.606589
validation error:	0.327425
2017-01-24 05:48:31,882 INFO     Wrote output to trainNN/out/v043-unified:simple-ff-100-50-25/config.json
2017-01-24 05:50:17,597 INFO     Saving network params to trainNN/out/v043-unified:simple-ff-100-50-25/epoch-035.pkl
2017-01-24 05:50:27,394 INFO     epoch: 35 took 115.516s (81.194s in batching)
training loss:	0.580971
validation loss:	0.611122
validation error:	0.328223
2017-01-24 05:50:27,398 INFO     Wrote output to trainNN/out/v043-unified:simple-ff-100-50-25/config.json
2017-01-24 05:52:13,448 INFO     Saving network params to trainNN/out/v043-unified:simple-ff-100-50-25/epoch-036.pkl
2017-01-24 05:52:23,399 INFO     epoch: 36 took 116.004s (81.608s in batching)
training loss:	0.580766
validation loss:	0.606959
validation error:	0.326211
2017-01-24 05:52:23,403 INFO     Wrote output to trainNN/out/v043-unified:simple-ff-100-50-25/config.json
2017-01-24 05:54:09,562 INFO     Saving network params to trainNN/out/v043-unified:simple-ff-100-50-25/epoch-037.pkl
2017-01-24 05:54:19,461 INFO     epoch: 37 took 116.062s (81.581s in batching)
training loss:	0.580476
validation loss:	0.606977
validation error:	0.326305
2017-01-24 05:54:19,465 INFO     Wrote output to trainNN/out/v043-unified:simple-ff-100-50-25/config.json
2017-01-24 05:56:05,902 INFO     Saving network params to trainNN/out/v043-unified:simple-ff-100-50-25/epoch-038.pkl
2017-01-24 05:56:15,792 INFO     epoch: 38 took 116.331s (81.687s in batching)
training loss:	0.580349
validation loss:	0.606911
validation error:	0.332843
2017-01-24 05:56:15,796 INFO     Wrote output to trainNN/out/v043-unified:simple-ff-100-50-25/config.json
2017-01-24 05:58:02,029 INFO     Saving network params to trainNN/out/v043-unified:simple-ff-100-50-25/epoch-039.pkl
2017-01-24 05:58:11,990 INFO     epoch: 39 took 116.198s (81.406s in batching)
training loss:	0.580122
validation loss:	0.606548
validation error:	0.328798
2017-01-24 05:58:11,994 INFO     Wrote output to trainNN/out/v043-unified:simple-ff-100-50-25/config.json
2017-01-24 05:59:58,321 INFO     Saving network params to trainNN/out/v043-unified:simple-ff-100-50-25/epoch-040.pkl
2017-01-24 06:00:08,296 INFO     epoch: 40 took 116.305s (81.399s in batching)
training loss:	0.580099
validation loss:	0.611508
validation error:	0.333388
2017-01-24 06:00:08,299 INFO     Wrote output to trainNN/out/v043-unified:simple-ff-100-50-25/config.json
2017-01-24 06:01:55,051 INFO     Saving network params to trainNN/out/v043-unified:simple-ff-100-50-25/epoch-041.pkl
2017-01-24 06:02:05,054 INFO     epoch: 41 took 116.759s (81.744s in batching)
training loss:	0.579949
validation loss:	0.609995
validation error:	0.327846
2017-01-24 06:02:05,058 INFO     Wrote output to trainNN/out/v043-unified:simple-ff-100-50-25/config.json
2017-01-24 06:03:52,269 INFO     Saving network params to trainNN/out/v043-unified:simple-ff-100-50-25/epoch-042.pkl
2017-01-24 06:04:02,248 INFO     epoch: 42 took 117.193s (82.079s in batching)
training loss:	0.579903
validation loss:	0.611447
validation error:	0.328337
2017-01-24 06:04:02,252 INFO     Wrote output to trainNN/out/v043-unified:simple-ff-100-50-25/config.json
2017-01-24 06:05:48,973 INFO     Saving network params to trainNN/out/v043-unified:simple-ff-100-50-25/epoch-043.pkl
2017-01-24 06:05:58,931 INFO     epoch: 43 took 116.684s (81.540s in batching)
training loss:	0.579690
validation loss:	0.609448
validation error:	0.331891
2017-01-24 06:05:58,935 INFO     Wrote output to trainNN/out/v043-unified:simple-ff-100-50-25/config.json
2017-01-24 06:07:46,122 INFO     Saving network params to trainNN/out/v043-unified:simple-ff-100-50-25/epoch-044.pkl
2017-01-24 06:07:56,119 INFO     epoch: 44 took 117.187s (81.812s in batching)
training loss:	0.579574
validation loss:	0.607795
validation error:	0.327207
2017-01-24 06:07:56,123 INFO     Wrote output to trainNN/out/v043-unified:simple-ff-100-50-25/config.json
2017-01-24 06:09:43,032 INFO     Saving network params to trainNN/out/v043-unified:simple-ff-100-50-25/epoch-045.pkl
2017-01-24 06:09:53,071 INFO     epoch: 45 took 116.952s (81.620s in batching)
training loss:	0.579353
validation loss:	0.607870
validation error:	0.326359
2017-01-24 06:09:53,076 INFO     Wrote output to trainNN/out/v043-unified:simple-ff-100-50-25/config.json
2017-01-24 06:11:40,426 INFO     Saving network params to trainNN/out/v043-unified:simple-ff-100-50-25/epoch-046.pkl
2017-01-24 06:11:50,482 INFO     epoch: 46 took 117.411s (81.758s in batching)
training loss:	0.579224
validation loss:	0.609118
validation error:	0.328377
2017-01-24 06:11:50,486 INFO     Wrote output to trainNN/out/v043-unified:simple-ff-100-50-25/config.json
2017-01-24 06:13:37,563 INFO     Saving network params to trainNN/out/v043-unified:simple-ff-100-50-25/epoch-047.pkl
2017-01-24 06:13:47,605 INFO     epoch: 47 took 117.123s (81.687s in batching)
training loss:	0.579281
validation loss:	0.606818
validation error:	0.329294
2017-01-24 06:13:47,609 INFO     Wrote output to trainNN/out/v043-unified:simple-ff-100-50-25/config.json
2017-01-24 06:15:35,282 INFO     Saving network params to trainNN/out/v043-unified:simple-ff-100-50-25/epoch-048.pkl
2017-01-24 06:15:45,393 INFO     epoch: 48 took 117.788s (82.265s in batching)
training loss:	0.579236
validation loss:	0.607928
validation error:	0.329631
2017-01-24 06:15:45,398 INFO     Wrote output to trainNN/out/v043-unified:simple-ff-100-50-25/config.json
2017-01-24 06:17:32,819 INFO     Saving network params to trainNN/out/v043-unified:simple-ff-100-50-25/epoch-049.pkl
2017-01-24 06:17:42,851 INFO     epoch: 49 took 117.458s (81.740s in batching)
training loss:	0.578911
validation loss:	0.608176
validation error:	0.329180
2017-01-24 06:17:42,856 INFO     Wrote output to trainNN/out/v043-unified:simple-ff-100-50-25/config.json
2017-01-24 06:19:30,263 INFO     Saving network params to trainNN/out/v043-unified:simple-ff-100-50-25/epoch-050.pkl
2017-01-24 06:19:40,237 INFO     epoch: 50 took 117.385s (81.526s in batching)
training loss:	0.578896
validation loss:	0.609088
validation error:	0.328520
2017-01-24 06:19:40,241 INFO     Wrote output to trainNN/out/v043-unified:simple-ff-100-50-25/config.json
2017-01-24 06:21:27,780 INFO     Saving network params to trainNN/out/v043-unified:simple-ff-100-50-25/epoch-051.pkl
2017-01-24 06:21:37,771 INFO     epoch: 51 took 117.535s (81.674s in batching)
training loss:	0.578964
validation loss:	0.613617
validation error:	0.331886
2017-01-24 06:21:37,776 INFO     Wrote output to trainNN/out/v043-unified:simple-ff-100-50-25/config.json
2017-01-24 06:23:24,954 INFO     Saving network params to trainNN/out/v043-unified:simple-ff-100-50-25/epoch-052.pkl
2017-01-24 06:23:35,036 INFO     epoch: 52 took 117.264s (81.542s in batching)
training loss:	0.578653
validation loss:	0.610232
validation error:	0.330216
2017-01-24 06:23:35,040 INFO     Wrote output to trainNN/out/v043-unified:simple-ff-100-50-25/config.json
2017-01-24 06:25:22,744 INFO     Saving network params to trainNN/out/v043-unified:simple-ff-100-50-25/epoch-053.pkl
2017-01-24 06:25:32,793 INFO     epoch: 53 took 117.757s (81.992s in batching)
training loss:	0.578612
validation loss:	0.606888
validation error:	0.326984
2017-01-24 06:25:32,797 INFO     Wrote output to trainNN/out/v043-unified:simple-ff-100-50-25/config.json
2017-01-24 06:27:20,325 INFO     Saving network params to trainNN/out/v043-unified:simple-ff-100-50-25/epoch-054.pkl
2017-01-24 06:27:30,364 INFO     epoch: 54 took 117.571s (81.758s in batching)
training loss:	0.578583
validation loss:	0.604673
validation error:	0.328104
2017-01-24 06:27:30,368 INFO     Wrote output to trainNN/out/v043-unified:simple-ff-100-50-25/config.json
2017-01-24 06:29:17,959 INFO     Saving network params to trainNN/out/v043-unified:simple-ff-100-50-25/epoch-055.pkl
2017-01-24 06:29:27,963 INFO     epoch: 55 took 117.599s (81.851s in batching)
training loss:	0.578587
validation loss:	0.607832
validation error:	0.328867
2017-01-24 06:29:27,968 INFO     Wrote output to trainNN/out/v043-unified:simple-ff-100-50-25/config.json
2017-01-24 06:31:15,521 INFO     Saving network params to trainNN/out/v043-unified:simple-ff-100-50-25/epoch-056.pkl
2017-01-24 06:31:25,563 INFO     epoch: 56 took 117.601s (82.013s in batching)
training loss:	0.578513
validation loss:	0.614722
validation error:	0.329809
2017-01-24 06:31:25,568 INFO     Wrote output to trainNN/out/v043-unified:simple-ff-100-50-25/config.json
2017-01-24 06:33:13,153 INFO     Saving network params to trainNN/out/v043-unified:simple-ff-100-50-25/epoch-057.pkl
2017-01-24 06:33:23,226 INFO     epoch: 57 took 117.662s (81.942s in batching)
training loss:	0.578418
validation loss:	0.606813
validation error:	0.329467
2017-01-24 06:33:23,230 INFO     Wrote output to trainNN/out/v043-unified:simple-ff-100-50-25/config.json
2017-01-24 06:35:10,866 INFO     Saving network params to trainNN/out/v043-unified:simple-ff-100-50-25/epoch-058.pkl
2017-01-24 06:35:20,900 INFO     epoch: 58 took 117.674s (81.993s in batching)
training loss:	0.578246
validation loss:	0.613260
validation error:	0.328025
2017-01-24 06:35:20,905 INFO     Wrote output to trainNN/out/v043-unified:simple-ff-100-50-25/config.json
2017-01-24 06:37:08,426 INFO     Saving network params to trainNN/out/v043-unified:simple-ff-100-50-25/epoch-059.pkl
2017-01-24 06:37:18,531 INFO     epoch: 59 took 117.631s (81.776s in batching)
training loss:	0.578129
validation loss:	0.608929
validation error:	0.328045
2017-01-24 06:37:18,535 INFO     Wrote output to trainNN/out/v043-unified:simple-ff-100-50-25/config.json
2017-01-24 06:39:06,112 INFO     Saving network params to trainNN/out/v043-unified:simple-ff-100-50-25/epoch-060.pkl
2017-01-24 06:39:16,100 INFO     epoch: 60 took 117.570s (81.701s in batching)
training loss:	0.578155
validation loss:	0.613577
validation error:	0.329393
2017-01-24 06:39:16,106 INFO     Wrote output to trainNN/out/v043-unified:simple-ff-100-50-25/config.json
2017-01-24 06:41:04,015 INFO     Saving network params to trainNN/out/v043-unified:simple-ff-100-50-25/epoch-061.pkl
2017-01-24 06:41:14,089 INFO     epoch: 61 took 117.989s (82.003s in batching)
training loss:	0.577898
validation loss:	0.609736
validation error:	0.331078
2017-01-24 06:41:14,094 INFO     Wrote output to trainNN/out/v043-unified:simple-ff-100-50-25/config.json
2017-01-24 06:43:01,757 INFO     Saving network params to trainNN/out/v043-unified:simple-ff-100-50-25/epoch-062.pkl
2017-01-24 06:43:11,832 INFO     epoch: 62 took 117.743s (81.831s in batching)
training loss:	0.578165
validation loss:	0.608114
validation error:	0.327351
2017-01-24 06:43:11,837 INFO     Wrote output to trainNN/out/v043-unified:simple-ff-100-50-25/config.json
2017-01-24 06:44:59,339 INFO     Saving network params to trainNN/out/v043-unified:simple-ff-100-50-25/epoch-063.pkl
2017-01-24 06:45:09,446 INFO     epoch: 63 took 117.614s (81.744s in batching)
training loss:	0.577917
validation loss:	0.611523
validation error:	0.332020
2017-01-24 06:45:09,451 INFO     Wrote output to trainNN/out/v043-unified:simple-ff-100-50-25/config.json
2017-01-24 06:46:57,149 INFO     Saving network params to trainNN/out/v043-unified:simple-ff-100-50-25/epoch-064.pkl
2017-01-24 06:47:07,202 INFO     epoch: 64 took 117.756s (81.773s in batching)
training loss:	0.577790
validation loss:	0.609566
validation error:	0.329432
2017-01-24 06:47:07,207 INFO     Wrote output to trainNN/out/v043-unified:simple-ff-100-50-25/config.json
2017-01-24 06:48:54,985 INFO     Saving network params to trainNN/out/v043-unified:simple-ff-100-50-25/epoch-065.pkl
2017-01-24 06:49:05,055 INFO     epoch: 65 took 117.853s (81.778s in batching)
training loss:	0.577749
validation loss:	0.611359
validation error:	0.329651
2017-01-24 06:49:05,060 INFO     Wrote output to trainNN/out/v043-unified:simple-ff-100-50-25/config.json
2017-01-24 06:50:52,891 INFO     Saving network params to trainNN/out/v043-unified:simple-ff-100-50-25/epoch-066.pkl
2017-01-24 06:51:02,873 INFO     epoch: 66 took 117.818s (81.900s in batching)
training loss:	0.577730
validation loss:	0.612196
validation error:	0.331157
2017-01-24 06:51:02,878 INFO     Wrote output to trainNN/out/v043-unified:simple-ff-100-50-25/config.json
2017-01-24 06:52:50,837 INFO     Saving network params to trainNN/out/v043-unified:simple-ff-100-50-25/epoch-067.pkl
2017-01-24 06:53:00,956 INFO     epoch: 67 took 118.084s (81.980s in batching)
training loss:	0.577478
validation loss:	0.612029
validation error:	0.329720
2017-01-24 06:53:00,962 INFO     Wrote output to trainNN/out/v043-unified:simple-ff-100-50-25/config.json
2017-01-24 06:54:48,908 INFO     Saving network params to trainNN/out/v043-unified:simple-ff-100-50-25/epoch-068.pkl
2017-01-24 06:54:59,078 INFO     epoch: 68 took 118.122s (81.828s in batching)
training loss:	0.577519
validation loss:	0.606655
validation error:	0.328962
2017-01-24 06:54:59,083 INFO     Wrote output to trainNN/out/v043-unified:simple-ff-100-50-25/config.json
2017-01-24 06:56:46,682 INFO     Saving network params to trainNN/out/v043-unified:simple-ff-100-50-25/epoch-069.pkl
2017-01-24 06:56:56,538 INFO     epoch: 69 took 117.460s (81.690s in batching)
training loss:	0.577385
validation loss:	0.615997
validation error:	0.332059
2017-01-24 06:56:56,543 INFO     Wrote output to trainNN/out/v043-unified:simple-ff-100-50-25/config.json
2017-01-24 06:58:42,672 INFO     Saving network params to trainNN/out/v043-unified:simple-ff-100-50-25/epoch-070.pkl
2017-01-24 06:58:52,499 INFO     epoch: 70 took 115.961s (81.364s in batching)
training loss:	0.577224
validation loss:	0.610380
validation error:	0.328758
2017-01-24 06:58:52,504 INFO     Wrote output to trainNN/out/v043-unified:simple-ff-100-50-25/config.json
2017-01-24 07:00:38,228 INFO     Saving network params to trainNN/out/v043-unified:simple-ff-100-50-25/epoch-071.pkl
2017-01-24 07:00:48,075 INFO     epoch: 71 took 115.576s (81.195s in batching)
training loss:	0.577219
validation loss:	0.608606
validation error:	0.328957
2017-01-24 07:00:48,080 INFO     Wrote output to trainNN/out/v043-unified:simple-ff-100-50-25/config.json
2017-01-24 07:02:33,943 INFO     Saving network params to trainNN/out/v043-unified:simple-ff-100-50-25/epoch-072.pkl
2017-01-24 07:02:43,806 INFO     epoch: 72 took 115.731s (81.137s in batching)
training loss:	0.577143
validation loss:	0.608573
validation error:	0.327489
2017-01-24 07:02:43,811 INFO     Wrote output to trainNN/out/v043-unified:simple-ff-100-50-25/config.json
2017-01-24 07:04:29,968 INFO     Saving network params to trainNN/out/v043-unified:simple-ff-100-50-25/epoch-073.pkl
2017-01-24 07:04:39,967 INFO     epoch: 73 took 116.160s (81.394s in batching)
training loss:	0.577123
validation loss:	0.615288
validation error:	0.333869
2017-01-24 07:04:39,972 INFO     Wrote output to trainNN/out/v043-unified:simple-ff-100-50-25/config.json
2017-01-24 07:06:26,203 INFO     Saving network params to trainNN/out/v043-unified:simple-ff-100-50-25/epoch-074.pkl
2017-01-24 07:06:36,178 INFO     epoch: 74 took 116.212s (81.327s in batching)
training loss:	0.577113
validation loss:	0.609374
validation error:	0.328679
2017-01-24 07:06:36,183 INFO     Wrote output to trainNN/out/v043-unified:simple-ff-100-50-25/config.json
2017-01-24 07:08:22,467 INFO     Saving network params to trainNN/out/v043-unified:simple-ff-100-50-25/epoch-075.pkl
2017-01-24 07:08:32,420 INFO     epoch: 75 took 116.242s (81.631s in batching)
training loss:	0.577110
validation loss:	0.612846
validation error:	0.332828
2017-01-24 07:08:32,425 INFO     Wrote output to trainNN/out/v043-unified:simple-ff-100-50-25/config.json
2017-01-24 07:10:18,840 INFO     Saving network params to trainNN/out/v043-unified:simple-ff-100-50-25/epoch-076.pkl
2017-01-24 07:10:28,692 INFO     epoch: 76 took 116.271s (81.563s in batching)
training loss:	0.577018
validation loss:	0.609397
validation error:	0.328902
2017-01-24 07:10:28,697 INFO     Wrote output to trainNN/out/v043-unified:simple-ff-100-50-25/config.json
2017-01-24 07:12:15,009 INFO     Saving network params to trainNN/out/v043-unified:simple-ff-100-50-25/epoch-077.pkl
2017-01-24 07:12:24,957 INFO     epoch: 77 took 116.266s (81.082s in batching)
training loss:	0.577138
validation loss:	0.609107
validation error:	0.329745
2017-01-24 07:12:24,963 INFO     Wrote output to trainNN/out/v043-unified:simple-ff-100-50-25/config.json
2017-01-24 07:14:11,301 INFO     Saving network params to trainNN/out/v043-unified:simple-ff-100-50-25/epoch-078.pkl
2017-01-24 07:14:21,311 INFO     epoch: 78 took 116.353s (81.064s in batching)
training loss:	0.576860
validation loss:	0.608789
validation error:	0.330280
2017-01-24 07:14:21,316 INFO     Wrote output to trainNN/out/v043-unified:simple-ff-100-50-25/config.json
2017-01-24 07:16:07,613 INFO     Saving network params to trainNN/out/v043-unified:simple-ff-100-50-25/epoch-079.pkl
2017-01-24 07:16:17,576 INFO     epoch: 79 took 116.266s (81.193s in batching)
training loss:	0.576947
validation loss:	0.611640
validation error:	0.326424
2017-01-24 07:16:17,581 INFO     Wrote output to trainNN/out/v043-unified:simple-ff-100-50-25/config.json
2017-01-24 07:18:04,166 INFO     Saving network params to trainNN/out/v043-unified:simple-ff-100-50-25/epoch-080.pkl
2017-01-24 07:18:14,207 INFO     epoch: 80 took 116.631s (81.303s in batching)
training loss:	0.576957
validation loss:	0.614655
validation error:	0.328144
2017-01-24 07:18:14,212 INFO     Wrote output to trainNN/out/v043-unified:simple-ff-100-50-25/config.json
2017-01-24 07:20:01,159 INFO     Saving network params to trainNN/out/v043-unified:simple-ff-100-50-25/epoch-081.pkl
2017-01-24 07:20:11,129 INFO     epoch: 81 took 116.923s (81.388s in batching)
training loss:	0.576729
validation loss:	0.608602
validation error:	0.329834
2017-01-24 07:20:11,136 INFO     Wrote output to trainNN/out/v043-unified:simple-ff-100-50-25/config.json
2017-01-24 07:21:57,831 INFO     Saving network params to trainNN/out/v043-unified:simple-ff-100-50-25/epoch-082.pkl
2017-01-24 07:22:07,797 INFO     epoch: 82 took 116.667s (81.409s in batching)
training loss:	0.576685
validation loss:	0.614277
validation error:	0.335836
2017-01-24 07:22:07,803 INFO     Wrote output to trainNN/out/v043-unified:simple-ff-100-50-25/config.json
2017-01-24 07:23:54,729 INFO     Saving network params to trainNN/out/v043-unified:simple-ff-100-50-25/epoch-083.pkl
2017-01-24 07:24:04,783 INFO     epoch: 83 took 116.986s (81.443s in batching)
training loss:	0.576730
validation loss:	0.609783
validation error:	0.331028
2017-01-24 07:24:04,788 INFO     Wrote output to trainNN/out/v043-unified:simple-ff-100-50-25/config.json
2017-01-24 07:25:51,597 INFO     Saving network params to trainNN/out/v043-unified:simple-ff-100-50-25/epoch-084.pkl
2017-01-24 07:26:01,647 INFO     epoch: 84 took 116.864s (81.369s in batching)
training loss:	0.576534
validation loss:	0.611657
validation error:	0.330478
2017-01-24 07:26:01,652 INFO     Wrote output to trainNN/out/v043-unified:simple-ff-100-50-25/config.json
2017-01-24 07:27:48,648 INFO     Saving network params to trainNN/out/v043-unified:simple-ff-100-50-25/epoch-085.pkl
2017-01-24 07:27:58,666 INFO     epoch: 85 took 117.019s (81.479s in batching)
training loss:	0.576529
validation loss:	0.610059
validation error:	0.328585
2017-01-24 07:27:58,672 INFO     Wrote output to trainNN/out/v043-unified:simple-ff-100-50-25/config.json
2017-01-24 07:29:45,645 INFO     Saving network params to trainNN/out/v043-unified:simple-ff-100-50-25/epoch-086.pkl
2017-01-24 07:29:55,712 INFO     epoch: 86 took 117.045s (81.553s in batching)
training loss:	0.576510
validation loss:	0.609430
validation error:	0.332263
2017-01-24 07:29:55,717 INFO     Wrote output to trainNN/out/v043-unified:simple-ff-100-50-25/config.json
2017-01-24 07:31:42,914 INFO     Saving network params to trainNN/out/v043-unified:simple-ff-100-50-25/epoch-087.pkl
2017-01-24 07:31:52,901 INFO     epoch: 87 took 117.189s (82.057s in batching)
training loss:	0.576404
validation loss:	0.614636
validation error:	0.328778
2017-01-24 07:31:52,906 INFO     Wrote output to trainNN/out/v043-unified:simple-ff-100-50-25/config.json
2017-01-24 07:33:40,289 INFO     Saving network params to trainNN/out/v043-unified:simple-ff-100-50-25/epoch-088.pkl
2017-01-24 07:33:50,317 INFO     epoch: 88 took 117.416s (81.787s in batching)
training loss:	0.576428
validation loss:	0.614378
validation error:	0.329641
2017-01-24 07:33:50,323 INFO     Wrote output to trainNN/out/v043-unified:simple-ff-100-50-25/config.json
2017-01-24 07:35:37,569 INFO     Saving network params to trainNN/out/v043-unified:simple-ff-100-50-25/epoch-089.pkl
2017-01-24 07:35:47,567 INFO     epoch: 89 took 117.250s (81.810s in batching)
training loss:	0.576412
validation loss:	0.612998
validation error:	0.328560
2017-01-24 07:35:47,572 INFO     Wrote output to trainNN/out/v043-unified:simple-ff-100-50-25/config.json
2017-01-24 07:37:34,833 INFO     Saving network params to trainNN/out/v043-unified:simple-ff-100-50-25/epoch-090.pkl
2017-01-24 07:37:44,793 INFO     epoch: 90 took 117.226s (81.602s in batching)
training loss:	0.576300
validation loss:	0.612446
validation error:	0.328367
2017-01-24 07:37:44,798 INFO     Wrote output to trainNN/out/v043-unified:simple-ff-100-50-25/config.json
2017-01-24 07:39:32,242 INFO     Saving network params to trainNN/out/v043-unified:simple-ff-100-50-25/epoch-091.pkl
2017-01-24 07:39:42,259 INFO     epoch: 91 took 117.466s (81.810s in batching)
training loss:	0.576280
validation loss:	0.612403
validation error:	0.329760
2017-01-24 07:39:42,265 INFO     Wrote output to trainNN/out/v043-unified:simple-ff-100-50-25/config.json
2017-01-24 07:41:29,628 INFO     Saving network params to trainNN/out/v043-unified:simple-ff-100-50-25/epoch-092.pkl
2017-01-24 07:41:39,663 INFO     epoch: 92 took 117.404s (81.898s in batching)
training loss:	0.576306
validation loss:	0.610606
validation error:	0.326771
2017-01-24 07:41:39,669 INFO     Wrote output to trainNN/out/v043-unified:simple-ff-100-50-25/config.json
2017-01-24 07:43:27,227 INFO     Saving network params to trainNN/out/v043-unified:simple-ff-100-50-25/epoch-093.pkl
2017-01-24 07:43:37,215 INFO     epoch: 93 took 117.553s (81.807s in batching)
training loss:	0.576259
validation loss:	0.609560
validation error:	0.328064
2017-01-24 07:43:37,221 INFO     Wrote output to trainNN/out/v043-unified:simple-ff-100-50-25/config.json
2017-01-24 07:45:24,781 INFO     Saving network params to trainNN/out/v043-unified:simple-ff-100-50-25/epoch-094.pkl
2017-01-24 07:45:34,835 INFO     epoch: 94 took 117.620s (81.734s in batching)
training loss:	0.576183
validation loss:	0.620229
validation error:	0.334290
2017-01-24 07:45:34,841 INFO     Wrote output to trainNN/out/v043-unified:simple-ff-100-50-25/config.json
2017-01-24 07:47:22,876 INFO     Saving network params to trainNN/out/v043-unified:simple-ff-100-50-25/epoch-095.pkl
2017-01-24 07:47:33,040 INFO     epoch: 95 took 118.205s (82.212s in batching)
training loss:	0.576163
validation loss:	0.610912
validation error:	0.329170
2017-01-24 07:47:33,046 INFO     Wrote output to trainNN/out/v043-unified:simple-ff-100-50-25/config.json
2017-01-24 07:49:21,072 INFO     Saving network params to trainNN/out/v043-unified:simple-ff-100-50-25/epoch-096.pkl
2017-01-24 07:49:31,093 INFO     epoch: 96 took 118.053s (82.477s in batching)
training loss:	0.576066
validation loss:	0.610413
validation error:	0.330216
2017-01-24 07:49:31,098 INFO     Wrote output to trainNN/out/v043-unified:simple-ff-100-50-25/config.json
2017-01-24 07:51:18,771 INFO     Saving network params to trainNN/out/v043-unified:simple-ff-100-50-25/epoch-097.pkl
2017-01-24 07:51:28,795 INFO     epoch: 97 took 117.703s (81.866s in batching)
training loss:	0.575918
validation loss:	0.614916
validation error:	0.331638
2017-01-24 07:51:28,802 INFO     Wrote output to trainNN/out/v043-unified:simple-ff-100-50-25/config.json
2017-01-24 07:53:16,587 INFO     Saving network params to trainNN/out/v043-unified:simple-ff-100-50-25/epoch-098.pkl
2017-01-24 07:53:26,576 INFO     epoch: 98 took 117.781s (81.919s in batching)
training loss:	0.575853
validation loss:	0.613665
validation error:	0.329789
2017-01-24 07:53:26,583 INFO     Wrote output to trainNN/out/v043-unified:simple-ff-100-50-25/config.json
2017-01-24 07:55:13,984 INFO     Saving network params to trainNN/out/v043-unified:simple-ff-100-50-25/epoch-099.pkl
2017-01-24 07:55:24,036 INFO     epoch: 99 took 117.459s (81.583s in batching)
training loss:	0.576023
validation loss:	0.612650
validation error:	0.328649
2017-01-24 07:55:24,042 INFO     Wrote output to trainNN/out/v043-unified:simple-ff-100-50-25/config.json
2017-01-24 07:57:11,512 INFO     Saving network params to trainNN/out/v043-unified:simple-ff-100-50-25/epoch-100.pkl
2017-01-24 07:57:21,573 INFO     epoch: 100 took 117.538s (81.785s in batching)
training loss:	0.576189
validation loss:	0.611597
validation error:	0.330969
2017-01-24 07:57:21,580 INFO     Wrote output to trainNN/out/v043-unified:simple-ff-100-50-25/config.json
2017-01-24 07:59:09,198 INFO     Saving network params to trainNN/out/v043-unified:simple-ff-100-50-25/epoch-101.pkl
2017-01-24 07:59:19,228 INFO     epoch: 101 took 117.655s (81.920s in batching)
training loss:	0.576040
validation loss:	0.613250
validation error:	0.332392
2017-01-24 07:59:19,235 INFO     Wrote output to trainNN/out/v043-unified:simple-ff-100-50-25/config.json
2017-01-24 08:01:07,063 INFO     Saving network params to trainNN/out/v043-unified:simple-ff-100-50-25/epoch-102.pkl
2017-01-24 08:01:17,127 INFO     epoch: 102 took 117.899s (82.044s in batching)
training loss:	0.575897
validation loss:	0.615927
validation error:	0.327688
2017-01-24 08:01:17,134 INFO     Wrote output to trainNN/out/v043-unified:simple-ff-100-50-25/config.json
2017-01-24 08:03:05,107 INFO     Saving network params to trainNN/out/v043-unified:simple-ff-100-50-25/epoch-103.pkl
2017-01-24 08:03:15,151 INFO     epoch: 103 took 118.024s (82.033s in batching)
training loss:	0.575872
validation loss:	0.618282
validation error:	0.328501
2017-01-24 08:03:15,157 INFO     Wrote output to trainNN/out/v043-unified:simple-ff-100-50-25/config.json
2017-01-24 08:05:02,993 INFO     Saving network params to trainNN/out/v043-unified:simple-ff-100-50-25/epoch-104.pkl
2017-01-24 08:05:12,999 INFO     epoch: 104 took 117.848s (81.892s in batching)
training loss:	0.575716
validation loss:	0.607545
validation error:	0.328560
2017-01-24 08:05:13,005 INFO     Wrote output to trainNN/out/v043-unified:simple-ff-100-50-25/config.json
2017-01-24 08:07:00,948 INFO     Saving network params to trainNN/out/v043-unified:simple-ff-100-50-25/epoch-105.pkl
2017-01-24 08:07:11,001 INFO     epoch: 105 took 118.002s (82.026s in batching)
training loss:	0.575802
validation loss:	0.611676
validation error:	0.328585
2017-01-24 08:07:11,007 INFO     Wrote output to trainNN/out/v043-unified:simple-ff-100-50-25/config.json
2017-01-24 08:08:57,576 INFO     Saving network params to trainNN/out/v043-unified:simple-ff-100-50-25/epoch-106.pkl
2017-01-24 08:09:07,404 INFO     epoch: 106 took 116.403s (81.470s in batching)
training loss:	0.575680
validation loss:	0.612633
validation error:	0.331792
2017-01-24 08:09:07,410 INFO     Wrote output to trainNN/out/v043-unified:simple-ff-100-50-25/config.json
2017-01-24 08:10:52,827 INFO     Saving network params to trainNN/out/v043-unified:simple-ff-100-50-25/epoch-107.pkl
2017-01-24 08:11:02,659 INFO     epoch: 107 took 115.255s (81.104s in batching)
training loss:	0.575767
validation loss:	0.614774
validation error:	0.329299
2017-01-24 08:11:02,666 INFO     Wrote output to trainNN/out/v043-unified:simple-ff-100-50-25/config.json
2017-01-24 08:12:48,604 INFO     Saving network params to trainNN/out/v043-unified:simple-ff-100-50-25/epoch-108.pkl
2017-01-24 08:12:58,517 INFO     epoch: 108 took 115.858s (81.534s in batching)
training loss:	0.575602
validation loss:	0.609396
validation error:	0.329591
2017-01-24 08:12:58,524 INFO     Wrote output to trainNN/out/v043-unified:simple-ff-100-50-25/config.json
2017-01-24 08:14:44,345 INFO     Saving network params to trainNN/out/v043-unified:simple-ff-100-50-25/epoch-109.pkl
2017-01-24 08:14:54,207 INFO     epoch: 109 took 115.690s (81.438s in batching)
training loss:	0.575607
validation loss:	0.609717
validation error:	0.327291
2017-01-24 08:14:54,214 INFO     Wrote output to trainNN/out/v043-unified:simple-ff-100-50-25/config.json
2017-01-24 08:16:40,033 INFO     Saving network params to trainNN/out/v043-unified:simple-ff-100-50-25/epoch-110.pkl
2017-01-24 08:16:50,012 INFO     epoch: 110 took 115.805s (81.324s in batching)
training loss:	0.575649
validation loss:	0.615032
validation error:	0.335147
2017-01-24 08:16:50,019 INFO     Wrote output to trainNN/out/v043-unified:simple-ff-100-50-25/config.json
2017-01-24 08:18:36,368 INFO     Saving network params to trainNN/out/v043-unified:simple-ff-100-50-25/epoch-111.pkl
2017-01-24 08:18:46,258 INFO     epoch: 111 took 116.246s (81.630s in batching)
training loss:	0.575588
validation loss:	0.617073
validation error:	0.331351
2017-01-24 08:18:46,265 INFO     Wrote output to trainNN/out/v043-unified:simple-ff-100-50-25/config.json
2017-01-24 08:20:32,219 INFO     Saving network params to trainNN/out/v043-unified:simple-ff-100-50-25/epoch-112.pkl
2017-01-24 08:20:42,191 INFO     epoch: 112 took 115.932s (81.281s in batching)
training loss:	0.575721
validation loss:	0.610214
validation error:	0.328208
2017-01-24 08:20:42,197 INFO     Wrote output to trainNN/out/v043-unified:simple-ff-100-50-25/config.json
2017-01-24 08:22:28,384 INFO     Saving network params to trainNN/out/v043-unified:simple-ff-100-50-25/epoch-113.pkl
2017-01-24 08:22:38,257 INFO     epoch: 113 took 116.066s (81.632s in batching)
training loss:	0.575719
validation loss:	0.610661
validation error:	0.329001
2017-01-24 08:22:38,264 INFO     Wrote output to trainNN/out/v043-unified:simple-ff-100-50-25/config.json
2017-01-24 08:24:24,739 INFO     Saving network params to trainNN/out/v043-unified:simple-ff-100-50-25/epoch-114.pkl
2017-01-24 08:24:34,638 INFO     epoch: 114 took 116.381s (81.534s in batching)
training loss:	0.575481
validation loss:	0.611367
validation error:	0.331291
2017-01-24 08:24:34,645 INFO     Wrote output to trainNN/out/v043-unified:simple-ff-100-50-25/config.json
2017-01-24 08:26:21,450 INFO     Saving network params to trainNN/out/v043-unified:simple-ff-100-50-25/epoch-115.pkl
2017-01-24 08:26:31,389 INFO     epoch: 115 took 116.751s (81.765s in batching)
training loss:	0.575534
validation loss:	0.610685
validation error:	0.330037
2017-01-24 08:26:31,395 INFO     Wrote output to trainNN/out/v043-unified:simple-ff-100-50-25/config.json
2017-01-24 08:28:18,280 INFO     Saving network params to trainNN/out/v043-unified:simple-ff-100-50-25/epoch-116.pkl
2017-01-24 08:28:28,234 INFO     epoch: 116 took 116.845s (81.979s in batching)
training loss:	0.575363
validation loss:	0.613366
validation error:	0.333472
2017-01-24 08:28:28,241 INFO     Wrote output to trainNN/out/v043-unified:simple-ff-100-50-25/config.json
2017-01-24 08:30:15,389 INFO     Saving network params to trainNN/out/v043-unified:simple-ff-100-50-25/epoch-117.pkl
2017-01-24 08:30:25,349 INFO     epoch: 117 took 117.115s (81.817s in batching)
training loss:	0.575424
validation loss:	0.609184
validation error:	0.329423
2017-01-24 08:30:25,356 INFO     Wrote output to trainNN/out/v043-unified:simple-ff-100-50-25/config.json
2017-01-24 08:32:12,298 INFO     Saving network params to trainNN/out/v043-unified:simple-ff-100-50-25/epoch-118.pkl
2017-01-24 08:32:22,246 INFO     epoch: 118 took 116.897s (81.633s in batching)
training loss:	0.575450
validation loss:	0.614987
validation error:	0.334092
2017-01-24 08:32:22,253 INFO     Wrote output to trainNN/out/v043-unified:simple-ff-100-50-25/config.json
2017-01-24 08:34:09,958 INFO     Saving network params to trainNN/out/v043-unified:simple-ff-100-50-25/epoch-119.pkl
2017-01-24 08:34:20,033 INFO     epoch: 119 took 117.787s (82.380s in batching)
training loss:	0.575394
validation loss:	0.612827
validation error:	0.329651
2017-01-24 08:34:20,039 INFO     Wrote output to trainNN/out/v043-unified:simple-ff-100-50-25/config.json
2017-01-24 08:36:07,217 INFO     Saving network params to trainNN/out/v043-unified:simple-ff-100-50-25/epoch-120.pkl
2017-01-24 08:36:17,247 INFO     epoch: 120 took 117.214s (81.856s in batching)
training loss:	0.575389
validation loss:	0.613049
validation error:	0.328719
2017-01-24 08:36:17,254 INFO     Wrote output to trainNN/out/v043-unified:simple-ff-100-50-25/config.json
2017-01-24 08:38:05,614 INFO     Saving network params to trainNN/out/v043-unified:simple-ff-100-50-25/epoch-121.pkl
2017-01-24 08:38:15,724 INFO     epoch: 121 took 118.477s (82.246s in batching)
training loss:	0.575301
validation loss:	0.616220
validation error:	0.327881
2017-01-24 08:38:15,733 INFO     Wrote output to trainNN/out/v043-unified:simple-ff-100-50-25/config.json
2017-01-24 08:40:04,139 INFO     Saving network params to trainNN/out/v043-unified:simple-ff-100-50-25/epoch-122.pkl
2017-01-24 08:40:14,174 INFO     epoch: 122 took 118.450s (82.357s in batching)
training loss:	0.575438
validation loss:	0.612628
validation error:	0.329125
2017-01-24 08:40:14,181 INFO     Wrote output to trainNN/out/v043-unified:simple-ff-100-50-25/config.json
2017-01-24 08:42:02,674 INFO     Saving network params to trainNN/out/v043-unified:simple-ff-100-50-25/epoch-123.pkl
2017-01-24 08:42:12,897 INFO     epoch: 123 took 118.723s (82.151s in batching)
training loss:	0.575255
validation loss:	0.609721
validation error:	0.330270
2017-01-24 08:42:12,904 INFO     Wrote output to trainNN/out/v043-unified:simple-ff-100-50-25/config.json
2017-01-24 08:44:01,579 INFO     Saving network params to trainNN/out/v043-unified:simple-ff-100-50-25/epoch-124.pkl
2017-01-24 08:44:11,751 INFO     epoch: 124 took 118.854s (82.364s in batching)
training loss:	0.575151
validation loss:	0.615190
validation error:	0.327712
2017-01-24 08:44:11,759 INFO     Wrote output to trainNN/out/v043-unified:simple-ff-100-50-25/config.json
2017-01-24 08:45:59,278 INFO     Saving network params to trainNN/out/v043-unified:simple-ff-100-50-25/epoch-125.pkl
2017-01-24 08:46:09,329 INFO     epoch: 125 took 117.578s (81.625s in batching)
training loss:	0.575302
validation loss:	0.619139
validation error:	0.331881
2017-01-24 08:46:09,336 INFO     Wrote output to trainNN/out/v043-unified:simple-ff-100-50-25/config.json
2017-01-24 08:47:56,900 INFO     Saving network params to trainNN/out/v043-unified:simple-ff-100-50-25/epoch-126.pkl
2017-01-24 08:48:06,898 INFO     epoch: 126 took 117.569s (81.681s in batching)
training loss:	0.575262
validation loss:	0.610414
validation error:	0.328848
2017-01-24 08:48:06,905 INFO     Wrote output to trainNN/out/v043-unified:simple-ff-100-50-25/config.json
2017-01-24 08:49:54,552 INFO     Saving network params to trainNN/out/v043-unified:simple-ff-100-50-25/epoch-127.pkl
2017-01-24 08:50:04,740 INFO     epoch: 127 took 117.842s (81.893s in batching)
training loss:	0.575144
validation loss:	0.611993
validation error:	0.331033
2017-01-24 08:50:04,747 INFO     Wrote output to trainNN/out/v043-unified:simple-ff-100-50-25/config.json
2017-01-24 08:51:52,887 INFO     Saving network params to trainNN/out/v043-unified:simple-ff-100-50-25/epoch-128.pkl
2017-01-24 08:52:03,053 INFO     epoch: 128 took 118.313s (82.334s in batching)
training loss:	0.575103
validation loss:	0.614801
validation error:	0.327603
2017-01-24 08:52:03,060 INFO     Wrote output to trainNN/out/v043-unified:simple-ff-100-50-25/config.json
2017-01-24 08:53:51,023 INFO     Saving network params to trainNN/out/v043-unified:simple-ff-100-50-25/epoch-129.pkl
2017-01-24 08:54:01,164 INFO     epoch: 129 took 118.111s (82.076s in batching)
training loss:	0.575122
validation loss:	0.609573
validation error:	0.329294
2017-01-24 08:54:01,171 INFO     Wrote output to trainNN/out/v043-unified:simple-ff-100-50-25/config.json
2017-01-24 08:55:48,661 INFO     Saving network params to trainNN/out/v043-unified:simple-ff-100-50-25/epoch-130.pkl
2017-01-24 08:55:58,778 INFO     epoch: 130 took 117.614s (81.717s in batching)
training loss:	0.575071
validation loss:	0.624182
validation error:	0.332025
2017-01-24 08:55:58,785 INFO     Wrote output to trainNN/out/v043-unified:simple-ff-100-50-25/config.json
2017-01-24 08:57:46,291 INFO     Saving network params to trainNN/out/v043-unified:simple-ff-100-50-25/epoch-131.pkl
2017-01-24 08:57:56,360 INFO     epoch: 131 took 117.582s (81.826s in batching)
training loss:	0.575022
validation loss:	0.614451
validation error:	0.329854
2017-01-24 08:57:56,367 INFO     Wrote output to trainNN/out/v043-unified:simple-ff-100-50-25/config.json
2017-01-24 08:59:43,804 INFO     Saving network params to trainNN/out/v043-unified:simple-ff-100-50-25/epoch-132.pkl
2017-01-24 08:59:53,955 INFO     epoch: 132 took 117.595s (81.944s in batching)
training loss:	0.574945
validation loss:	0.612357
validation error:	0.329546
2017-01-24 08:59:53,962 INFO     Wrote output to trainNN/out/v043-unified:simple-ff-100-50-25/config.json
2017-01-24 09:01:41,878 INFO     Saving network params to trainNN/out/v043-unified:simple-ff-100-50-25/epoch-133.pkl
2017-01-24 09:01:52,016 INFO     epoch: 133 took 118.061s (81.842s in batching)
training loss:	0.574987
validation loss:	0.615171
validation error:	0.330860
2017-01-24 09:01:52,024 INFO     Wrote output to trainNN/out/v043-unified:simple-ff-100-50-25/config.json
2017-01-24 09:03:39,613 INFO     Saving network params to trainNN/out/v043-unified:simple-ff-100-50-25/epoch-134.pkl
2017-01-24 09:03:49,751 INFO     epoch: 134 took 117.734s (81.879s in batching)
training loss:	0.575025
validation loss:	0.614633
validation error:	0.328411
2017-01-24 09:03:49,758 INFO     Wrote output to trainNN/out/v043-unified:simple-ff-100-50-25/config.json
2017-01-24 09:05:37,318 INFO     Saving network params to trainNN/out/v043-unified:simple-ff-100-50-25/epoch-135.pkl
2017-01-24 09:05:47,418 INFO     epoch: 135 took 117.667s (81.615s in batching)
training loss:	0.574890
validation loss:	0.610419
validation error:	0.329745
2017-01-24 09:05:47,426 INFO     Wrote output to trainNN/out/v043-unified:simple-ff-100-50-25/config.json
2017-01-24 09:07:35,432 INFO     Saving network params to trainNN/out/v043-unified:simple-ff-100-50-25/epoch-136.pkl
2017-01-24 09:07:45,537 INFO     epoch: 136 took 118.119s (81.903s in batching)
training loss:	0.575050
validation loss:	0.611651
validation error:	0.329006
2017-01-24 09:07:45,545 INFO     Wrote output to trainNN/out/v043-unified:simple-ff-100-50-25/config.json
2017-01-24 09:09:34,242 INFO     Saving network params to trainNN/out/v043-unified:simple-ff-100-50-25/epoch-137.pkl
2017-01-24 09:09:44,421 INFO     epoch: 137 took 118.884s (82.454s in batching)
training loss:	0.574903
validation loss:	0.612694
validation error:	0.330359
2017-01-24 09:09:44,429 INFO     Wrote output to trainNN/out/v043-unified:simple-ff-100-50-25/config.json
2017-01-24 09:11:33,368 INFO     Saving network params to trainNN/out/v043-unified:simple-ff-100-50-25/epoch-138.pkl
2017-01-24 09:11:43,620 INFO     epoch: 138 took 119.199s (82.624s in batching)
training loss:	0.574865
validation loss:	0.614152
validation error:	0.333046
2017-01-24 09:11:43,628 INFO     Wrote output to trainNN/out/v043-unified:simple-ff-100-50-25/config.json
2017-01-24 09:13:32,483 INFO     Saving network params to trainNN/out/v043-unified:simple-ff-100-50-25/epoch-139.pkl
2017-01-24 09:13:42,733 INFO     epoch: 139 took 119.113s (82.494s in batching)
training loss:	0.574898
validation loss:	0.618363
validation error:	0.329110
2017-01-24 09:13:42,741 INFO     Wrote output to trainNN/out/v043-unified:simple-ff-100-50-25/config.json
2017-01-24 09:15:31,532 INFO     Saving network params to trainNN/out/v043-unified:simple-ff-100-50-25/epoch-140.pkl
2017-01-24 09:15:41,668 INFO     epoch: 140 took 118.935s (82.327s in batching)
training loss:	0.574872
validation loss:	0.617024
validation error:	0.330533
2017-01-24 09:15:41,675 INFO     Wrote output to trainNN/out/v043-unified:simple-ff-100-50-25/config.json
2017-01-24 09:17:30,441 INFO     Saving network params to trainNN/out/v043-unified:simple-ff-100-50-25/epoch-141.pkl
2017-01-24 09:17:40,635 INFO     epoch: 141 took 118.967s (82.407s in batching)
training loss:	0.574850
validation loss:	0.610801
validation error:	0.328917
2017-01-24 09:17:40,643 INFO     Wrote output to trainNN/out/v043-unified:simple-ff-100-50-25/config.json
2017-01-24 09:19:29,527 INFO     Saving network params to trainNN/out/v043-unified:simple-ff-100-50-25/epoch-142.pkl
2017-01-24 09:19:39,715 INFO     epoch: 142 took 119.080s (82.596s in batching)
training loss:	0.574961
validation loss:	0.611782
validation error:	0.327812
2017-01-24 09:19:39,722 INFO     Wrote output to trainNN/out/v043-unified:simple-ff-100-50-25/config.json
2017-01-24 09:21:28,374 INFO     Saving network params to trainNN/out/v043-unified:simple-ff-100-50-25/epoch-143.pkl
2017-01-24 09:21:38,476 INFO     epoch: 143 took 118.762s (82.449s in batching)
training loss:	0.574793
validation loss:	0.614492
validation error:	0.326895
2017-01-24 09:21:38,484 INFO     Wrote output to trainNN/out/v043-unified:simple-ff-100-50-25/config.json
2017-01-24 09:23:26,799 INFO     Saving network params to trainNN/out/v043-unified:simple-ff-100-50-25/epoch-144.pkl
2017-01-24 09:23:36,640 INFO     epoch: 144 took 118.163s (82.345s in batching)
training loss:	0.574692
validation loss:	0.610327
validation error:	0.327420
2017-01-24 09:23:36,648 INFO     Wrote output to trainNN/out/v043-unified:simple-ff-100-50-25/config.json
2017-01-24 09:25:24,408 INFO     Saving network params to trainNN/out/v043-unified:simple-ff-100-50-25/epoch-145.pkl
2017-01-24 09:25:34,543 INFO     epoch: 145 took 117.903s (82.199s in batching)
training loss:	0.574801
validation loss:	0.618518
validation error:	0.330359
2017-01-24 09:25:34,551 INFO     Wrote output to trainNN/out/v043-unified:simple-ff-100-50-25/config.json
2017-01-24 09:27:22,600 INFO     Saving network params to trainNN/out/v043-unified:simple-ff-100-50-25/epoch-146.pkl
2017-01-24 09:27:32,471 INFO     epoch: 146 took 117.929s (82.176s in batching)
training loss:	0.574850
validation loss:	0.615259
validation error:	0.331425
2017-01-24 09:27:32,479 INFO     Wrote output to trainNN/out/v043-unified:simple-ff-100-50-25/config.json
2017-01-24 09:29:20,458 INFO     Saving network params to trainNN/out/v043-unified:simple-ff-100-50-25/epoch-147.pkl
2017-01-24 09:29:30,592 INFO     epoch: 147 took 118.121s (82.127s in batching)
training loss:	0.574599
validation loss:	0.616048
validation error:	0.331826
2017-01-24 09:29:30,600 INFO     Wrote output to trainNN/out/v043-unified:simple-ff-100-50-25/config.json
2017-01-24 09:31:18,684 INFO     Saving network params to trainNN/out/v043-unified:simple-ff-100-50-25/epoch-148.pkl
2017-01-24 09:31:28,566 INFO     epoch: 148 took 117.974s (82.127s in batching)
training loss:	0.574585
validation loss:	0.617273
validation error:	0.329497
2017-01-24 09:31:28,574 INFO     Wrote output to trainNN/out/v043-unified:simple-ff-100-50-25/config.json
2017-01-24 09:33:16,088 INFO     Saving network params to trainNN/out/v043-unified:simple-ff-100-50-25/epoch-149.pkl
2017-01-24 09:33:26,124 INFO     epoch: 149 took 117.558s (82.170s in batching)
training loss:	0.574735
validation loss:	0.610992
validation error:	0.328525
2017-01-24 09:33:26,132 INFO     Wrote output to trainNN/out/v043-unified:simple-ff-100-50-25/config.json
2017-01-24 09:35:14,523 INFO     Saving network params to trainNN/out/v043-unified:simple-ff-100-50-25/epoch-150.pkl
2017-01-24 09:35:24,476 INFO     epoch: 150 took 118.352s (82.364s in batching)
training loss:	0.574648
validation loss:	0.614719
validation error:	0.331014
2017-01-24 09:35:24,484 INFO     Wrote output to trainNN/out/v043-unified:simple-ff-100-50-25/config.json
2017-01-24 09:37:12,051 INFO     Saving network params to trainNN/out/v043-unified:simple-ff-100-50-25/epoch-151.pkl
2017-01-24 09:37:22,297 INFO     epoch: 151 took 117.821s (82.015s in batching)
training loss:	0.574663
validation loss:	0.612257
validation error:	0.328387
2017-01-24 09:37:22,305 INFO     Wrote output to trainNN/out/v043-unified:simple-ff-100-50-25/config.json
2017-01-24 09:39:10,019 INFO     Saving network params to trainNN/out/v043-unified:simple-ff-100-50-25/epoch-152.pkl
2017-01-24 09:39:20,087 INFO     epoch: 152 took 117.790s (81.870s in batching)
training loss:	0.574562
validation loss:	0.608903
validation error:	0.328461
2017-01-24 09:39:20,095 INFO     Wrote output to trainNN/out/v043-unified:simple-ff-100-50-25/config.json
2017-01-24 09:41:08,952 INFO     Saving network params to trainNN/out/v043-unified:simple-ff-100-50-25/epoch-153.pkl
2017-01-24 09:41:19,113 INFO     epoch: 153 took 119.026s (82.818s in batching)
training loss:	0.574510
validation loss:	0.614585
validation error:	0.330810
2017-01-24 09:41:19,120 INFO     Wrote output to trainNN/out/v043-unified:simple-ff-100-50-25/config.json
2017-01-24 09:43:06,549 INFO     Saving network params to trainNN/out/v043-unified:simple-ff-100-50-25/epoch-154.pkl
2017-01-24 09:43:16,570 INFO     epoch: 154 took 117.457s (81.496s in batching)
training loss:	0.574538
validation loss:	0.613031
validation error:	0.331033
2017-01-24 09:43:16,578 INFO     Wrote output to trainNN/out/v043-unified:simple-ff-100-50-25/config.json
2017-01-24 09:45:04,610 INFO     Saving network params to trainNN/out/v043-unified:simple-ff-100-50-25/epoch-155.pkl
2017-01-24 09:45:14,665 INFO     epoch: 155 took 118.095s (81.935s in batching)
training loss:	0.574569
validation loss:	0.618519
validation error:	0.331445
2017-01-24 09:45:14,673 INFO     Wrote output to trainNN/out/v043-unified:simple-ff-100-50-25/config.json
2017-01-24 09:47:02,870 INFO     Saving network params to trainNN/out/v043-unified:simple-ff-100-50-25/epoch-156.pkl
2017-01-24 09:47:13,041 INFO     epoch: 156 took 118.376s (82.203s in batching)
training loss:	0.574742
validation loss:	0.612167
validation error:	0.328367
2017-01-24 09:47:13,049 INFO     Wrote output to trainNN/out/v043-unified:simple-ff-100-50-25/config.json
2017-01-24 09:49:01,181 INFO     Saving network params to trainNN/out/v043-unified:simple-ff-100-50-25/epoch-157.pkl
2017-01-24 09:49:11,264 INFO     epoch: 157 took 118.224s (82.154s in batching)
training loss:	0.574350
validation loss:	0.611985
validation error:	0.330092
2017-01-24 09:49:11,273 INFO     Wrote output to trainNN/out/v043-unified:simple-ff-100-50-25/config.json
2017-01-24 09:50:59,254 INFO     Saving network params to trainNN/out/v043-unified:simple-ff-100-50-25/epoch-158.pkl
2017-01-24 09:51:09,346 INFO     epoch: 158 took 118.082s (81.872s in batching)
training loss:	0.574538
validation loss:	0.615491
validation error:	0.327167
2017-01-24 09:51:09,354 INFO     Wrote output to trainNN/out/v043-unified:simple-ff-100-50-25/config.json
2017-01-24 09:52:57,294 INFO     Saving network params to trainNN/out/v043-unified:simple-ff-100-50-25/epoch-159.pkl
2017-01-24 09:53:07,431 INFO     epoch: 159 took 118.085s (81.861s in batching)
training loss:	0.574577
validation loss:	0.615239
validation error:	0.333274
2017-01-24 09:53:07,440 INFO     Wrote output to trainNN/out/v043-unified:simple-ff-100-50-25/config.json
2017-01-24 09:54:55,850 INFO     Saving network params to trainNN/out/v043-unified:simple-ff-100-50-25/epoch-160.pkl
2017-01-24 09:55:05,845 INFO     epoch: 160 took 118.413s (82.020s in batching)
training loss:	0.574473
validation loss:	0.616288
validation error:	0.329432
2017-01-24 09:55:05,853 INFO     Wrote output to trainNN/out/v043-unified:simple-ff-100-50-25/config.json
2017-01-24 09:56:54,178 INFO     Saving network params to trainNN/out/v043-unified:simple-ff-100-50-25/epoch-161.pkl
2017-01-24 09:57:04,315 INFO     epoch: 161 took 118.470s (82.038s in batching)
training loss:	0.574487
validation loss:	0.613679
validation error:	0.331103
2017-01-24 09:57:04,323 INFO     Wrote output to trainNN/out/v043-unified:simple-ff-100-50-25/config.json
2017-01-24 09:58:52,863 INFO     Saving network params to trainNN/out/v043-unified:simple-ff-100-50-25/epoch-162.pkl
2017-01-24 09:59:02,964 INFO     epoch: 162 took 118.649s (82.242s in batching)
training loss:	0.574522
validation loss:	0.614812
validation error:	0.337432
2017-01-24 09:59:02,972 INFO     Wrote output to trainNN/out/v043-unified:simple-ff-100-50-25/config.json
2017-01-24 10:00:51,964 INFO     Saving network params to trainNN/out/v043-unified:simple-ff-100-50-25/epoch-163.pkl
2017-01-24 10:01:02,252 INFO     epoch: 163 took 119.289s (82.802s in batching)
training loss:	0.574520
validation loss:	0.622038
validation error:	0.331990
2017-01-24 10:01:02,261 INFO     Wrote output to trainNN/out/v043-unified:simple-ff-100-50-25/config.json
2017-01-24 10:02:50,765 INFO     Saving network params to trainNN/out/v043-unified:simple-ff-100-50-25/epoch-164.pkl
2017-01-24 10:03:00,929 INFO     epoch: 164 took 118.676s (82.176s in batching)
training loss:	0.574391
validation loss:	0.610142
validation error:	0.326944
2017-01-24 10:03:00,937 INFO     Wrote output to trainNN/out/v043-unified:simple-ff-100-50-25/config.json
2017-01-24 10:04:49,171 INFO     Saving network params to trainNN/out/v043-unified:simple-ff-100-50-25/epoch-165.pkl
2017-01-24 10:04:59,392 INFO     epoch: 165 took 118.463s (81.857s in batching)
training loss:	0.574445
validation loss:	0.615856
validation error:	0.328441
2017-01-24 10:04:59,400 INFO     Wrote output to trainNN/out/v043-unified:simple-ff-100-50-25/config.json
2017-01-24 10:06:47,587 INFO     Saving network params to trainNN/out/v043-unified:simple-ff-100-50-25/epoch-166.pkl
2017-01-24 10:06:57,695 INFO     epoch: 166 took 118.303s (81.967s in batching)
training loss:	0.574713
validation loss:	0.611041
validation error:	0.331113
2017-01-24 10:06:57,703 INFO     Wrote output to trainNN/out/v043-unified:simple-ff-100-50-25/config.json
2017-01-24 10:08:46,479 INFO     Saving network params to trainNN/out/v043-unified:simple-ff-100-50-25/epoch-167.pkl
2017-01-24 10:08:56,552 INFO     epoch: 167 took 118.857s (82.168s in batching)
training loss:	0.574517
validation loss:	0.612998
validation error:	0.330240
2017-01-24 10:08:56,560 INFO     Wrote output to trainNN/out/v043-unified:simple-ff-100-50-25/config.json
2017-01-24 10:10:45,401 INFO     Saving network params to trainNN/out/v043-unified:simple-ff-100-50-25/epoch-168.pkl
2017-01-24 10:10:55,482 INFO     epoch: 168 took 118.930s (82.596s in batching)
training loss:	0.574346
validation loss:	0.608794
validation error:	0.329829
2017-01-24 10:10:55,490 INFO     Wrote output to trainNN/out/v043-unified:simple-ff-100-50-25/config.json
2017-01-24 10:12:44,146 INFO     Saving network params to trainNN/out/v043-unified:simple-ff-100-50-25/epoch-169.pkl
2017-01-24 10:12:54,293 INFO     epoch: 169 took 118.812s (81.962s in batching)
training loss:	0.574410
validation loss:	0.616116
validation error:	0.331866
2017-01-24 10:12:54,302 INFO     Wrote output to trainNN/out/v043-unified:simple-ff-100-50-25/config.json
2017-01-24 10:14:42,885 INFO     Saving network params to trainNN/out/v043-unified:simple-ff-100-50-25/epoch-170.pkl
2017-01-24 10:14:52,924 INFO     epoch: 170 took 118.630s (82.078s in batching)
training loss:	0.574355
validation loss:	0.616152
validation error:	0.329477
2017-01-24 10:14:52,932 INFO     Wrote output to trainNN/out/v043-unified:simple-ff-100-50-25/config.json
2017-01-24 10:16:41,393 INFO     Saving network params to trainNN/out/v043-unified:simple-ff-100-50-25/epoch-171.pkl
2017-01-24 10:16:51,468 INFO     epoch: 171 took 118.544s (82.005s in batching)
training loss:	0.574456
validation loss:	0.614705
validation error:	0.330919
2017-01-24 10:16:51,476 INFO     Wrote output to trainNN/out/v043-unified:simple-ff-100-50-25/config.json
2017-01-24 10:18:40,739 INFO     Saving network params to trainNN/out/v043-unified:simple-ff-100-50-25/epoch-172.pkl
2017-01-24 10:18:50,936 INFO     epoch: 172 took 119.468s (82.889s in batching)
training loss:	0.574317
validation loss:	0.609728
validation error:	0.329125
2017-01-24 10:18:50,944 INFO     Wrote output to trainNN/out/v043-unified:simple-ff-100-50-25/config.json
2017-01-24 10:20:39,162 INFO     Saving network params to trainNN/out/v043-unified:simple-ff-100-50-25/epoch-173.pkl
2017-01-24 10:20:49,178 INFO     epoch: 173 took 118.242s (81.863s in batching)
training loss:	0.574335
validation loss:	0.613461
validation error:	0.331851
2017-01-24 10:20:49,186 INFO     Wrote output to trainNN/out/v043-unified:simple-ff-100-50-25/config.json
2017-01-24 10:22:37,419 INFO     Saving network params to trainNN/out/v043-unified:simple-ff-100-50-25/epoch-174.pkl
2017-01-24 10:22:47,535 INFO     epoch: 174 took 118.357s (82.086s in batching)
training loss:	0.574283
validation loss:	0.615896
validation error:	0.328357
2017-01-24 10:22:47,544 INFO     Wrote output to trainNN/out/v043-unified:simple-ff-100-50-25/config.json
2017-01-24 10:24:36,050 INFO     Saving network params to trainNN/out/v043-unified:simple-ff-100-50-25/epoch-175.pkl
2017-01-24 10:24:46,146 INFO     epoch: 175 took 118.611s (82.155s in batching)
training loss:	0.574245
validation loss:	0.615453
validation error:	0.337036
2017-01-24 10:24:46,155 INFO     Wrote output to trainNN/out/v043-unified:simple-ff-100-50-25/config.json
2017-01-24 10:26:34,589 INFO     Saving network params to trainNN/out/v043-unified:simple-ff-100-50-25/epoch-176.pkl
2017-01-24 10:26:44,715 INFO     epoch: 176 took 118.569s (82.111s in batching)
training loss:	0.574257
validation loss:	0.613682
validation error:	0.328907
2017-01-24 10:26:44,723 INFO     Wrote output to trainNN/out/v043-unified:simple-ff-100-50-25/config.json
2017-01-24 10:28:33,162 INFO     Saving network params to trainNN/out/v043-unified:simple-ff-100-50-25/epoch-177.pkl
2017-01-24 10:28:43,260 INFO     epoch: 177 took 118.545s (81.901s in batching)
training loss:	0.574265
validation loss:	0.617155
validation error:	0.330602
2017-01-24 10:28:43,270 INFO     Wrote output to trainNN/out/v043-unified:simple-ff-100-50-25/config.json
2017-01-24 10:30:31,799 INFO     Saving network params to trainNN/out/v043-unified:simple-ff-100-50-25/epoch-178.pkl
2017-01-24 10:30:41,882 INFO     epoch: 178 took 118.622s (82.189s in batching)
training loss:	0.574274
validation loss:	0.619456
validation error:	0.333180
2017-01-24 10:30:41,891 INFO     Wrote output to trainNN/out/v043-unified:simple-ff-100-50-25/config.json
2017-01-24 10:32:30,401 INFO     Saving network params to trainNN/out/v043-unified:simple-ff-100-50-25/epoch-179.pkl
2017-01-24 10:32:40,491 INFO     epoch: 179 took 118.609s (82.145s in batching)
training loss:	0.574118
validation loss:	0.614180
validation error:	0.329596
2017-01-24 10:32:40,500 INFO     Wrote output to trainNN/out/v043-unified:simple-ff-100-50-25/config.json
2017-01-24 10:34:28,902 INFO     Saving network params to trainNN/out/v043-unified:simple-ff-100-50-25/epoch-180.pkl
2017-01-24 10:34:38,928 INFO     epoch: 180 took 118.437s (81.883s in batching)
training loss:	0.574268
validation loss:	0.612742
validation error:	0.333249
2017-01-24 10:34:38,937 INFO     Wrote output to trainNN/out/v043-unified:simple-ff-100-50-25/config.json
2017-01-24 10:36:27,382 INFO     Saving network params to trainNN/out/v043-unified:simple-ff-100-50-25/epoch-181.pkl
2017-01-24 10:36:37,386 INFO     epoch: 181 took 118.458s (82.144s in batching)
training loss:	0.574158
validation loss:	0.609336
validation error:	0.328084
2017-01-24 10:36:37,395 INFO     Wrote output to trainNN/out/v043-unified:simple-ff-100-50-25/config.json
2017-01-24 10:38:25,567 INFO     Saving network params to trainNN/out/v043-unified:simple-ff-100-50-25/epoch-182.pkl
2017-01-24 10:38:35,745 INFO     epoch: 182 took 118.358s (81.599s in batching)
training loss:	0.574239
validation loss:	0.622576
validation error:	0.331281
2017-01-24 10:38:35,754 INFO     Wrote output to trainNN/out/v043-unified:simple-ff-100-50-25/config.json
2017-01-24 10:40:23,811 INFO     Saving network params to trainNN/out/v043-unified:simple-ff-100-50-25/epoch-183.pkl
2017-01-24 10:40:33,955 INFO     epoch: 183 took 118.210s (81.547s in batching)
training loss:	0.573928
validation loss:	0.610692
validation error:	0.328634
2017-01-24 10:40:33,965 INFO     Wrote output to trainNN/out/v043-unified:simple-ff-100-50-25/config.json
2017-01-24 10:42:21,956 INFO     Saving network params to trainNN/out/v043-unified:simple-ff-100-50-25/epoch-184.pkl
2017-01-24 10:42:32,111 INFO     epoch: 184 took 118.156s (81.669s in batching)
training loss:	0.574122
validation loss:	0.613708
validation error:	0.331623
2017-01-24 10:42:32,120 INFO     Wrote output to trainNN/out/v043-unified:simple-ff-100-50-25/config.json
2017-01-24 10:44:19,931 INFO     Saving network params to trainNN/out/v043-unified:simple-ff-100-50-25/epoch-185.pkl
2017-01-24 10:44:29,932 INFO     epoch: 185 took 117.821s (81.247s in batching)
training loss:	0.574050
validation loss:	0.611262
validation error:	0.328679
2017-01-24 10:44:29,941 INFO     Wrote output to trainNN/out/v043-unified:simple-ff-100-50-25/config.json
2017-01-24 10:46:16,895 INFO     Saving network params to trainNN/out/v043-unified:simple-ff-100-50-25/epoch-186.pkl
2017-01-24 10:46:26,734 INFO     epoch: 186 took 116.802s (81.249s in batching)
training loss:	0.574224
validation loss:	0.616949
validation error:	0.328729
2017-01-24 10:46:26,744 INFO     Wrote output to trainNN/out/v043-unified:simple-ff-100-50-25/config.json
2017-01-24 10:48:13,702 INFO     Saving network params to trainNN/out/v043-unified:simple-ff-100-50-25/epoch-187.pkl
2017-01-24 10:48:23,534 INFO     epoch: 187 took 116.800s (81.150s in batching)
training loss:	0.574169
validation loss:	0.618459
validation error:	0.330335
2017-01-24 10:48:23,543 INFO     Wrote output to trainNN/out/v043-unified:simple-ff-100-50-25/config.json
2017-01-24 10:50:09,481 INFO     Saving network params to trainNN/out/v043-unified:simple-ff-100-50-25/epoch-188.pkl
2017-01-24 10:50:19,692 INFO     epoch: 188 took 116.158s (80.703s in batching)
training loss:	0.574153
validation loss:	0.616011
validation error:	0.329279
2017-01-24 10:50:19,702 INFO     Wrote output to trainNN/out/v043-unified:simple-ff-100-50-25/config.json
2017-01-24 10:52:06,136 INFO     Saving network params to trainNN/out/v043-unified:simple-ff-100-50-25/epoch-189.pkl
2017-01-24 10:52:15,948 INFO     epoch: 189 took 116.256s (80.863s in batching)
training loss:	0.574062
validation loss:	0.614998
validation error:	0.332332
2017-01-24 10:52:15,957 INFO     Wrote output to trainNN/out/v043-unified:simple-ff-100-50-25/config.json
2017-01-24 10:54:02,400 INFO     Saving network params to trainNN/out/v043-unified:simple-ff-100-50-25/epoch-190.pkl
2017-01-24 10:54:12,244 INFO     epoch: 190 took 116.296s (81.051s in batching)
training loss:	0.574053
validation loss:	0.614628
validation error:	0.328739
2017-01-24 10:54:12,254 INFO     Wrote output to trainNN/out/v043-unified:simple-ff-100-50-25/config.json
2017-01-24 10:55:58,795 INFO     Saving network params to trainNN/out/v043-unified:simple-ff-100-50-25/epoch-191.pkl
2017-01-24 10:56:08,995 INFO     epoch: 191 took 116.751s (81.065s in batching)
training loss:	0.574048
validation loss:	0.613458
validation error:	0.330121
2017-01-24 10:56:09,005 INFO     Wrote output to trainNN/out/v043-unified:simple-ff-100-50-25/config.json
2017-01-24 10:57:56,092 INFO     Saving network params to trainNN/out/v043-unified:simple-ff-100-50-25/epoch-192.pkl
2017-01-24 10:58:06,073 INFO     epoch: 192 took 117.078s (81.388s in batching)
training loss:	0.574037
validation loss:	0.616240
validation error:	0.328035
2017-01-24 10:58:06,082 INFO     Wrote output to trainNN/out/v043-unified:simple-ff-100-50-25/config.json
2017-01-24 10:59:53,888 INFO     Saving network params to trainNN/out/v043-unified:simple-ff-100-50-25/epoch-193.pkl
2017-01-24 11:00:04,058 INFO     epoch: 193 took 117.985s (81.663s in batching)
training loss:	0.573869
validation loss:	0.619709
validation error:	0.332253
2017-01-24 11:00:04,067 INFO     Wrote output to trainNN/out/v043-unified:simple-ff-100-50-25/config.json
2017-01-24 11:01:51,181 INFO     Saving network params to trainNN/out/v043-unified:simple-ff-100-50-25/epoch-194.pkl
2017-01-24 11:02:01,283 INFO     epoch: 194 took 117.226s (81.113s in batching)
training loss:	0.573945
validation loss:	0.612990
validation error:	0.331078
2017-01-24 11:02:01,292 INFO     Wrote output to trainNN/out/v043-unified:simple-ff-100-50-25/config.json
2017-01-24 11:03:49,110 INFO     Saving network params to trainNN/out/v043-unified:simple-ff-100-50-25/epoch-195.pkl
2017-01-24 11:03:59,088 INFO     epoch: 195 took 117.805s (81.572s in batching)
training loss:	0.573918
validation loss:	0.610701
validation error:	0.330191
2017-01-24 11:03:59,097 INFO     Wrote output to trainNN/out/v043-unified:simple-ff-100-50-25/config.json
2017-01-24 11:05:46,560 INFO     Saving network params to trainNN/out/v043-unified:simple-ff-100-50-25/epoch-196.pkl
2017-01-24 11:05:56,679 INFO     epoch: 196 took 117.590s (81.649s in batching)
training loss:	0.573995
validation loss:	0.615733
validation error:	0.327901
2017-01-24 11:05:56,689 INFO     Wrote output to trainNN/out/v043-unified:simple-ff-100-50-25/config.json
2017-01-24 11:07:43,894 INFO     Saving network params to trainNN/out/v043-unified:simple-ff-100-50-25/epoch-197.pkl
2017-01-24 11:07:53,661 INFO     epoch: 197 took 116.982s (81.213s in batching)
training loss:	0.574160
validation loss:	0.617988
validation error:	0.334840
2017-01-24 11:07:53,670 INFO     Wrote output to trainNN/out/v043-unified:simple-ff-100-50-25/config.json
2017-01-24 11:09:39,159 INFO     Saving network params to trainNN/out/v043-unified:simple-ff-100-50-25/epoch-198.pkl
2017-01-24 11:09:49,058 INFO     epoch: 198 took 115.397s (80.843s in batching)
training loss:	0.574000
validation loss:	0.614872
validation error:	0.328124
2017-01-24 11:09:49,068 INFO     Wrote output to trainNN/out/v043-unified:simple-ff-100-50-25/config.json
2017-01-24 11:11:34,411 INFO     Saving network params to trainNN/out/v043-unified:simple-ff-100-50-25/epoch-199.pkl
2017-01-24 11:11:44,317 INFO     epoch: 199 took 115.258s (80.529s in batching)
training loss:	0.574031
validation loss:	0.612448
validation error:	0.330111
2017-01-24 11:11:44,326 INFO     Wrote output to trainNN/out/v043-unified:simple-ff-100-50-25/config.json
