2017-01-24 22:05:26,297 DEBUG    version=v044-unified-2-g35d999d-dirty:simple-ff-ffv-adam-100-50-25
2017-01-24 22:05:26,298 INFO     Open DBase(data/db/all240302-spk.dat, data/db/all240302-spk.idx, mode='r')
2017-01-24 22:05:41,218 DEBUG    loading cached extracted data from data/cache/extract-17095dffdd75068299ccb5dd895af8ecaa0fbe1575b09b5b1ad4e4febf4d84ae.pickle
2017-01-24 22:05:42,444 DEBUG    set input dim to 9
2017-01-24 22:05:42,444 DEBUG    input dim = 9
2017-01-24 22:05:42,608 DEBUG    loading data into ram
2017-01-24 22:05:42,743 DEBUG    loading data took 0.135s (cpu: 0.134s
2017-01-24 22:05:43,306 DEBUG    set input dim to 9
2017-01-24 22:05:43,307 DEBUG    input dim = 9
2017-01-24 22:05:43,326 DEBUG    loading data into ram
2017-01-24 22:05:43,339 DEBUG    loading data took 0.014s (cpu: 0.014s
2017-01-24 22:05:43,370 INFO     Training network with 42477 trainable out of 42477 total params.
2017-01-24 22:05:43,457 DEBUG    Using adam with learning_rate=0.001000
2017-01-24 22:05:54,378 INFO     Waiting for existing lock by process '13046' (I am process '13045')
2017-01-24 22:05:54,379 INFO     To manually release the lock, delete /home/rruede/.theano/compiledir_Linux-3.16--generic-x86_64-with-debian-jessie-sid-x86_64-3.6.0-64/lock_dir
2017-01-24 22:06:01,153 INFO     Waiting for existing lock by process '13046' (I am process '13045')
2017-01-24 22:06:01,153 INFO     To manually release the lock, delete /home/rruede/.theano/compiledir_Linux-3.16--generic-x86_64-with-debian-jessie-sid-x86_64-3.6.0-64/lock_dir
2017-01-24 22:06:08,690 INFO     Waiting for existing lock by process '13046' (I am process '13045')
2017-01-24 22:06:08,690 INFO     To manually release the lock, delete /home/rruede/.theano/compiledir_Linux-3.16--generic-x86_64-with-debian-jessie-sid-x86_64-3.6.0-64/lock_dir
2017-01-24 22:06:14,843 INFO     Waiting for existing lock by process '13046' (I am process '13045')
2017-01-24 22:06:14,843 INFO     To manually release the lock, delete /home/rruede/.theano/compiledir_Linux-3.16--generic-x86_64-with-debian-jessie-sid-x86_64-3.6.0-64/lock_dir
2017-01-24 22:06:22,497 INFO     Waiting for existing lock by process '13046' (I am process '13045')
2017-01-24 22:06:22,497 INFO     To manually release the lock, delete /home/rruede/.theano/compiledir_Linux-3.16--generic-x86_64-with-debian-jessie-sid-x86_64-3.6.0-64/lock_dir
2017-01-24 22:06:30,438 DEBUG    Starting training...
2017-01-24 22:08:34,321 INFO     Saving network params to trainNN/out/v044-unified-2-g35d999d-dirty:simple-ff-ffv-adam-100-50-25/epoch-000.pkl
2017-01-24 22:08:45,605 INFO     epoch: 0 took 135.167s (87.486s in batching)
training loss:	0.631726
validation loss:	0.620677
validation error:	0.353165
2017-01-24 22:08:45,608 INFO     Wrote output to trainNN/out/v044-unified-2-g35d999d-dirty:simple-ff-ffv-adam-100-50-25/config.json
2017-01-24 22:10:48,837 INFO     Saving network params to trainNN/out/v044-unified-2-g35d999d-dirty:simple-ff-ffv-adam-100-50-25/epoch-001.pkl
2017-01-24 22:11:00,170 INFO     epoch: 1 took 134.565s (87.100s in batching)
training loss:	0.618201
validation loss:	0.613686
validation error:	0.344743
2017-01-24 22:11:00,172 INFO     Wrote output to trainNN/out/v044-unified-2-g35d999d-dirty:simple-ff-ffv-adam-100-50-25/config.json
2017-01-24 22:13:03,313 INFO     Saving network params to trainNN/out/v044-unified-2-g35d999d-dirty:simple-ff-ffv-adam-100-50-25/epoch-002.pkl
2017-01-24 22:13:14,573 INFO     epoch: 2 took 134.403s (86.959s in batching)
training loss:	0.612241
validation loss:	0.614121
validation error:	0.339990
2017-01-24 22:13:14,576 INFO     Wrote output to trainNN/out/v044-unified-2-g35d999d-dirty:simple-ff-ffv-adam-100-50-25/config.json
2017-01-24 22:15:17,986 INFO     Saving network params to trainNN/out/v044-unified-2-g35d999d-dirty:simple-ff-ffv-adam-100-50-25/epoch-003.pkl
2017-01-24 22:15:29,246 INFO     epoch: 3 took 134.673s (87.080s in batching)
training loss:	0.608317
validation loss:	0.607805
validation error:	0.337606
2017-01-24 22:15:29,349 INFO     Wrote output to trainNN/out/v044-unified-2-g35d999d-dirty:simple-ff-ffv-adam-100-50-25/config.json
2017-01-24 22:17:32,702 INFO     Saving network params to trainNN/out/v044-unified-2-g35d999d-dirty:simple-ff-ffv-adam-100-50-25/epoch-004.pkl
2017-01-24 22:17:43,911 INFO     epoch: 4 took 134.665s (86.937s in batching)
training loss:	0.605637
validation loss:	0.608485
validation error:	0.336694
2017-01-24 22:17:43,913 INFO     Wrote output to trainNN/out/v044-unified-2-g35d999d-dirty:simple-ff-ffv-adam-100-50-25/config.json
2017-01-24 22:19:47,331 INFO     Saving network params to trainNN/out/v044-unified-2-g35d999d-dirty:simple-ff-ffv-adam-100-50-25/epoch-005.pkl
2017-01-24 22:19:58,743 INFO     epoch: 5 took 134.832s (87.288s in batching)
training loss:	0.603226
validation loss:	0.605104
validation error:	0.333403
2017-01-24 22:19:58,746 INFO     Wrote output to trainNN/out/v044-unified-2-g35d999d-dirty:simple-ff-ffv-adam-100-50-25/config.json
2017-01-24 22:22:01,865 INFO     Saving network params to trainNN/out/v044-unified-2-g35d999d-dirty:simple-ff-ffv-adam-100-50-25/epoch-006.pkl
2017-01-24 22:22:13,132 INFO     epoch: 6 took 134.389s (86.934s in batching)
training loss:	0.601153
validation loss:	0.603982
validation error:	0.330716
2017-01-24 22:22:13,135 INFO     Wrote output to trainNN/out/v044-unified-2-g35d999d-dirty:simple-ff-ffv-adam-100-50-25/config.json
2017-01-24 22:24:16,401 INFO     Saving network params to trainNN/out/v044-unified-2-g35d999d-dirty:simple-ff-ffv-adam-100-50-25/epoch-007.pkl
2017-01-24 22:24:27,507 INFO     epoch: 7 took 134.375s (86.883s in batching)
training loss:	0.599548
validation loss:	0.602502
validation error:	0.329804
2017-01-24 22:24:27,509 INFO     Wrote output to trainNN/out/v044-unified-2-g35d999d-dirty:simple-ff-ffv-adam-100-50-25/config.json
2017-01-24 22:26:31,413 INFO     Saving network params to trainNN/out/v044-unified-2-g35d999d-dirty:simple-ff-ffv-adam-100-50-25/epoch-008.pkl
2017-01-24 22:26:42,661 INFO     epoch: 8 took 135.154s (87.166s in batching)
training loss:	0.598232
validation loss:	0.605052
validation error:	0.333675
2017-01-24 22:26:42,664 INFO     Wrote output to trainNN/out/v044-unified-2-g35d999d-dirty:simple-ff-ffv-adam-100-50-25/config.json
2017-01-24 22:28:46,186 INFO     Saving network params to trainNN/out/v044-unified-2-g35d999d-dirty:simple-ff-ffv-adam-100-50-25/epoch-009.pkl
2017-01-24 22:28:57,469 INFO     epoch: 9 took 134.808s (87.089s in batching)
training loss:	0.596955
validation loss:	0.602938
validation error:	0.330062
2017-01-24 22:28:57,472 INFO     Wrote output to trainNN/out/v044-unified-2-g35d999d-dirty:simple-ff-ffv-adam-100-50-25/config.json
2017-01-24 22:31:00,815 INFO     Saving network params to trainNN/out/v044-unified-2-g35d999d-dirty:simple-ff-ffv-adam-100-50-25/epoch-010.pkl
2017-01-24 22:31:12,139 INFO     epoch: 10 took 134.670s (87.099s in batching)
training loss:	0.596078
validation loss:	0.601198
validation error:	0.327321
2017-01-24 22:31:12,142 INFO     Wrote output to trainNN/out/v044-unified-2-g35d999d-dirty:simple-ff-ffv-adam-100-50-25/config.json
2017-01-24 22:33:15,507 INFO     Saving network params to trainNN/out/v044-unified-2-g35d999d-dirty:simple-ff-ffv-adam-100-50-25/epoch-011.pkl
2017-01-24 22:33:26,819 INFO     epoch: 11 took 134.680s (87.235s in batching)
training loss:	0.595007
validation loss:	0.601582
validation error:	0.328119
2017-01-24 22:33:26,821 INFO     Wrote output to trainNN/out/v044-unified-2-g35d999d-dirty:simple-ff-ffv-adam-100-50-25/config.json
2017-01-24 22:35:32,479 INFO     Saving network params to trainNN/out/v044-unified-2-g35d999d-dirty:simple-ff-ffv-adam-100-50-25/epoch-012.pkl
2017-01-24 22:35:43,842 INFO     epoch: 12 took 137.023s (87.555s in batching)
training loss:	0.594395
validation loss:	0.602991
validation error:	0.331182
2017-01-24 22:35:43,845 INFO     Wrote output to trainNN/out/v044-unified-2-g35d999d-dirty:simple-ff-ffv-adam-100-50-25/config.json
2017-01-24 22:37:47,714 INFO     Saving network params to trainNN/out/v044-unified-2-g35d999d-dirty:simple-ff-ffv-adam-100-50-25/epoch-013.pkl
2017-01-24 22:37:59,176 INFO     epoch: 13 took 135.334s (87.355s in batching)
training loss:	0.593478
validation loss:	0.603862
validation error:	0.328278
2017-01-24 22:37:59,179 INFO     Wrote output to trainNN/out/v044-unified-2-g35d999d-dirty:simple-ff-ffv-adam-100-50-25/config.json
2017-01-24 22:41:15,657 INFO     Saving network params to trainNN/out/v044-unified-2-g35d999d-dirty:simple-ff-ffv-adam-100-50-25/epoch-014.pkl
2017-01-24 22:41:27,396 INFO     epoch: 14 took 208.221s (89.150s in batching)
training loss:	0.592766
validation loss:	0.601776
validation error:	0.327965
2017-01-24 22:41:27,399 INFO     Wrote output to trainNN/out/v044-unified-2-g35d999d-dirty:simple-ff-ffv-adam-100-50-25/config.json
2017-01-24 22:43:28,942 INFO     Saving network params to trainNN/out/v044-unified-2-g35d999d-dirty:simple-ff-ffv-adam-100-50-25/epoch-015.pkl
2017-01-24 22:43:39,527 INFO     epoch: 15 took 132.131s (86.636s in batching)
training loss:	0.591963
validation loss:	0.602718
validation error:	0.326414
2017-01-24 22:43:39,530 INFO     Wrote output to trainNN/out/v044-unified-2-g35d999d-dirty:simple-ff-ffv-adam-100-50-25/config.json
2017-01-24 22:45:42,185 INFO     Saving network params to trainNN/out/v044-unified-2-g35d999d-dirty:simple-ff-ffv-adam-100-50-25/epoch-016.pkl
2017-01-24 22:45:53,456 INFO     epoch: 16 took 133.929s (86.735s in batching)
training loss:	0.591737
validation loss:	0.599658
validation error:	0.324664
2017-01-24 22:45:53,459 INFO     Wrote output to trainNN/out/v044-unified-2-g35d999d-dirty:simple-ff-ffv-adam-100-50-25/config.json
2017-01-24 22:47:56,731 INFO     Saving network params to trainNN/out/v044-unified-2-g35d999d-dirty:simple-ff-ffv-adam-100-50-25/epoch-017.pkl
2017-01-24 22:48:08,032 INFO     epoch: 17 took 134.576s (87.242s in batching)
training loss:	0.591037
validation loss:	0.598334
validation error:	0.325477
2017-01-24 22:48:08,133 INFO     Wrote output to trainNN/out/v044-unified-2-g35d999d-dirty:simple-ff-ffv-adam-100-50-25/config.json
2017-01-24 22:50:10,737 INFO     Saving network params to trainNN/out/v044-unified-2-g35d999d-dirty:simple-ff-ffv-adam-100-50-25/epoch-018.pkl
2017-01-24 22:50:22,034 INFO     epoch: 18 took 134.002s (86.818s in batching)
training loss:	0.590389
validation loss:	0.604287
validation error:	0.327787
2017-01-24 22:50:22,038 INFO     Wrote output to trainNN/out/v044-unified-2-g35d999d-dirty:simple-ff-ffv-adam-100-50-25/config.json
2017-01-24 22:52:24,757 INFO     Saving network params to trainNN/out/v044-unified-2-g35d999d-dirty:simple-ff-ffv-adam-100-50-25/epoch-019.pkl
2017-01-24 22:52:36,011 INFO     epoch: 19 took 133.977s (86.824s in batching)
training loss:	0.589968
validation loss:	0.600352
validation error:	0.329437
2017-01-24 22:52:36,114 INFO     Wrote output to trainNN/out/v044-unified-2-g35d999d-dirty:simple-ff-ffv-adam-100-50-25/config.json
2017-01-24 22:54:38,995 INFO     Saving network params to trainNN/out/v044-unified-2-g35d999d-dirty:simple-ff-ffv-adam-100-50-25/epoch-020.pkl
2017-01-24 22:54:50,232 INFO     epoch: 20 took 134.221s (86.882s in batching)
training loss:	0.589425
validation loss:	0.600284
validation error:	0.326359
2017-01-24 22:54:50,236 INFO     Wrote output to trainNN/out/v044-unified-2-g35d999d-dirty:simple-ff-ffv-adam-100-50-25/config.json
2017-01-24 22:56:53,186 INFO     Saving network params to trainNN/out/v044-unified-2-g35d999d-dirty:simple-ff-ffv-adam-100-50-25/epoch-021.pkl
2017-01-24 22:57:04,451 INFO     epoch: 21 took 134.218s (86.804s in batching)
training loss:	0.588983
validation loss:	0.601781
validation error:	0.327822
2017-01-24 22:57:04,454 INFO     Wrote output to trainNN/out/v044-unified-2-g35d999d-dirty:simple-ff-ffv-adam-100-50-25/config.json
2017-01-24 22:59:07,274 INFO     Saving network params to trainNN/out/v044-unified-2-g35d999d-dirty:simple-ff-ffv-adam-100-50-25/epoch-022.pkl
2017-01-24 22:59:18,549 INFO     epoch: 22 took 134.098s (86.908s in batching)
training loss:	0.588773
validation loss:	0.599235
validation error:	0.324615
2017-01-24 22:59:18,650 INFO     Wrote output to trainNN/out/v044-unified-2-g35d999d-dirty:simple-ff-ffv-adam-100-50-25/config.json
2017-01-24 23:01:21,800 INFO     Saving network params to trainNN/out/v044-unified-2-g35d999d-dirty:simple-ff-ffv-adam-100-50-25/epoch-023.pkl
2017-01-24 23:01:32,526 INFO     epoch: 23 took 133.977s (86.828s in batching)
training loss:	0.588289
validation loss:	0.599833
validation error:	0.324208
2017-01-24 23:01:32,529 INFO     Wrote output to trainNN/out/v044-unified-2-g35d999d-dirty:simple-ff-ffv-adam-100-50-25/config.json
2017-01-24 23:03:36,532 INFO     Saving network params to trainNN/out/v044-unified-2-g35d999d-dirty:simple-ff-ffv-adam-100-50-25/epoch-024.pkl
2017-01-24 23:03:47,802 INFO     epoch: 24 took 135.276s (87.240s in batching)
training loss:	0.587855
validation loss:	0.598151
validation error:	0.322885
2017-01-24 23:03:47,805 INFO     Wrote output to trainNN/out/v044-unified-2-g35d999d-dirty:simple-ff-ffv-adam-100-50-25/config.json
2017-01-24 23:05:50,205 INFO     Saving network params to trainNN/out/v044-unified-2-g35d999d-dirty:simple-ff-ffv-adam-100-50-25/epoch-025.pkl
2017-01-24 23:06:01,357 INFO     epoch: 25 took 133.555s (86.470s in batching)
training loss:	0.587496
validation loss:	0.599668
validation error:	0.325879
2017-01-24 23:06:01,458 INFO     Wrote output to trainNN/out/v044-unified-2-g35d999d-dirty:simple-ff-ffv-adam-100-50-25/config.json
2017-01-24 23:08:04,417 INFO     Saving network params to trainNN/out/v044-unified-2-g35d999d-dirty:simple-ff-ffv-adam-100-50-25/epoch-026.pkl
2017-01-24 23:08:15,609 INFO     epoch: 26 took 134.252s (86.642s in batching)
training loss:	0.587201
validation loss:	0.598900
validation error:	0.323782
2017-01-24 23:08:15,613 INFO     Wrote output to trainNN/out/v044-unified-2-g35d999d-dirty:simple-ff-ffv-adam-100-50-25/config.json
2017-01-24 23:10:18,531 INFO     Saving network params to trainNN/out/v044-unified-2-g35d999d-dirty:simple-ff-ffv-adam-100-50-25/epoch-027.pkl
2017-01-24 23:10:29,774 INFO     epoch: 27 took 134.166s (86.767s in batching)
training loss:	0.586896
validation loss:	0.596874
validation error:	0.321348
2017-01-24 23:10:29,778 INFO     Wrote output to trainNN/out/v044-unified-2-g35d999d-dirty:simple-ff-ffv-adam-100-50-25/config.json
2017-01-24 23:12:32,452 INFO     Saving network params to trainNN/out/v044-unified-2-g35d999d-dirty:simple-ff-ffv-adam-100-50-25/epoch-028.pkl
2017-01-24 23:12:43,616 INFO     epoch: 28 took 133.842s (86.702s in batching)
training loss:	0.586497
validation loss:	0.597509
validation error:	0.321983
2017-01-24 23:12:43,620 INFO     Wrote output to trainNN/out/v044-unified-2-g35d999d-dirty:simple-ff-ffv-adam-100-50-25/config.json
2017-01-24 23:14:46,720 INFO     Saving network params to trainNN/out/v044-unified-2-g35d999d-dirty:simple-ff-ffv-adam-100-50-25/epoch-029.pkl
2017-01-24 23:14:57,927 INFO     epoch: 29 took 134.310s (86.881s in batching)
training loss:	0.586312
validation loss:	0.597739
validation error:	0.321918
2017-01-24 23:14:57,930 INFO     Wrote output to trainNN/out/v044-unified-2-g35d999d-dirty:simple-ff-ffv-adam-100-50-25/config.json
2017-01-24 23:17:00,420 INFO     Saving network params to trainNN/out/v044-unified-2-g35d999d-dirty:simple-ff-ffv-adam-100-50-25/epoch-030.pkl
2017-01-24 23:17:11,541 INFO     epoch: 30 took 133.614s (86.543s in batching)
training loss:	0.585886
validation loss:	0.599079
validation error:	0.323078
2017-01-24 23:17:11,544 INFO     Wrote output to trainNN/out/v044-unified-2-g35d999d-dirty:simple-ff-ffv-adam-100-50-25/config.json
2017-01-24 23:19:14,618 INFO     Saving network params to trainNN/out/v044-unified-2-g35d999d-dirty:simple-ff-ffv-adam-100-50-25/epoch-031.pkl
2017-01-24 23:19:25,415 INFO     epoch: 31 took 133.874s (86.805s in batching)
training loss:	0.585678
validation loss:	0.598793
validation error:	0.323722
2017-01-24 23:19:25,418 INFO     Wrote output to trainNN/out/v044-unified-2-g35d999d-dirty:simple-ff-ffv-adam-100-50-25/config.json
2017-01-24 23:21:28,716 INFO     Saving network params to trainNN/out/v044-unified-2-g35d999d-dirty:simple-ff-ffv-adam-100-50-25/epoch-032.pkl
2017-01-24 23:21:39,922 INFO     epoch: 32 took 134.507s (86.936s in batching)
training loss:	0.585596
validation loss:	0.600343
validation error:	0.326216
2017-01-24 23:21:39,926 INFO     Wrote output to trainNN/out/v044-unified-2-g35d999d-dirty:simple-ff-ffv-adam-100-50-25/config.json
2017-01-24 23:23:42,037 INFO     Saving network params to trainNN/out/v044-unified-2-g35d999d-dirty:simple-ff-ffv-adam-100-50-25/epoch-033.pkl
2017-01-24 23:23:53,286 INFO     epoch: 33 took 133.364s (86.358s in batching)
training loss:	0.585205
validation loss:	0.600401
validation error:	0.324035
2017-01-24 23:23:53,289 INFO     Wrote output to trainNN/out/v044-unified-2-g35d999d-dirty:simple-ff-ffv-adam-100-50-25/config.json
2017-01-24 23:25:55,374 INFO     Saving network params to trainNN/out/v044-unified-2-g35d999d-dirty:simple-ff-ffv-adam-100-50-25/epoch-034.pkl
2017-01-24 23:26:06,586 INFO     epoch: 34 took 133.300s (86.057s in batching)
training loss:	0.585036
validation loss:	0.600730
validation error:	0.325051
2017-01-24 23:26:06,589 INFO     Wrote output to trainNN/out/v044-unified-2-g35d999d-dirty:simple-ff-ffv-adam-100-50-25/config.json
2017-01-24 23:28:10,968 INFO     Saving network params to trainNN/out/v044-unified-2-g35d999d-dirty:simple-ff-ffv-adam-100-50-25/epoch-035.pkl
2017-01-24 23:28:22,479 INFO     epoch: 35 took 135.893s (86.784s in batching)
training loss:	0.584752
validation loss:	0.595611
validation error:	0.320976
2017-01-24 23:28:22,483 INFO     Wrote output to trainNN/out/v044-unified-2-g35d999d-dirty:simple-ff-ffv-adam-100-50-25/config.json
2017-01-24 23:30:27,680 INFO     Saving network params to trainNN/out/v044-unified-2-g35d999d-dirty:simple-ff-ffv-adam-100-50-25/epoch-036.pkl
2017-01-24 23:30:39,234 INFO     epoch: 36 took 136.755s (87.479s in batching)
training loss:	0.584485
validation loss:	0.596613
validation error:	0.321274
2017-01-24 23:30:39,237 INFO     Wrote output to trainNN/out/v044-unified-2-g35d999d-dirty:simple-ff-ffv-adam-100-50-25/config.json
2017-01-24 23:32:42,963 INFO     Saving network params to trainNN/out/v044-unified-2-g35d999d-dirty:simple-ff-ffv-adam-100-50-25/epoch-037.pkl
2017-01-24 23:32:54,160 INFO     epoch: 37 took 134.927s (86.906s in batching)
training loss:	0.584378
validation loss:	0.597240
validation error:	0.322186
2017-01-24 23:32:54,164 INFO     Wrote output to trainNN/out/v044-unified-2-g35d999d-dirty:simple-ff-ffv-adam-100-50-25/config.json
2017-01-24 23:34:56,468 INFO     Saving network params to trainNN/out/v044-unified-2-g35d999d-dirty:simple-ff-ffv-adam-100-50-25/epoch-038.pkl
2017-01-24 23:35:07,576 INFO     epoch: 38 took 133.416s (86.557s in batching)
training loss:	0.584033
validation loss:	0.600461
validation error:	0.325913
2017-01-24 23:35:07,580 INFO     Wrote output to trainNN/out/v044-unified-2-g35d999d-dirty:simple-ff-ffv-adam-100-50-25/config.json
2017-01-24 23:37:45,363 INFO     Saving network params to trainNN/out/v044-unified-2-g35d999d-dirty:simple-ff-ffv-adam-100-50-25/epoch-039.pkl
2017-01-24 23:38:03,660 INFO     epoch: 39 took 168.628s (85.631s in batching)
training loss:	0.583910
validation loss:	0.601073
validation error:	0.325740
2017-01-24 23:38:38,700 INFO     Wrote output to trainNN/out/v044-unified-2-g35d999d-dirty:simple-ff-ffv-adam-100-50-25/config.json
2017-01-24 23:40:33,870 INFO     Saving network params to trainNN/out/v044-unified-2-g35d999d-dirty:simple-ff-ffv-adam-100-50-25/epoch-040.pkl
2017-01-24 23:40:44,782 INFO     epoch: 40 took 168.519s (84.985s in batching)
training loss:	0.583727
validation loss:	0.596146
validation error:	0.321066
2017-01-24 23:40:44,855 INFO     Wrote output to trainNN/out/v044-unified-2-g35d999d-dirty:simple-ff-ffv-adam-100-50-25/config.json
2017-01-24 23:43:20,241 INFO     Saving network params to trainNN/out/v044-unified-2-g35d999d-dirty:simple-ff-ffv-adam-100-50-25/epoch-041.pkl
2017-01-24 23:43:35,690 INFO     epoch: 41 took 170.967s (89.007s in batching)
training loss:	0.583558
validation loss:	0.597789
validation error:	0.321413
2017-01-24 23:43:35,695 INFO     Wrote output to trainNN/out/v044-unified-2-g35d999d-dirty:simple-ff-ffv-adam-100-50-25/config.json
2017-01-24 23:46:27,271 INFO     Saving network params to trainNN/out/v044-unified-2-g35d999d-dirty:simple-ff-ffv-adam-100-50-25/epoch-042.pkl
2017-01-24 23:46:42,356 INFO     epoch: 42 took 186.665s (89.153s in batching)
training loss:	0.583249
validation loss:	0.601485
validation error:	0.326860
2017-01-24 23:46:42,403 INFO     Wrote output to trainNN/out/v044-unified-2-g35d999d-dirty:simple-ff-ffv-adam-100-50-25/config.json
2017-01-24 23:49:36,571 INFO     Saving network params to trainNN/out/v044-unified-2-g35d999d-dirty:simple-ff-ffv-adam-100-50-25/epoch-043.pkl
2017-01-24 23:49:51,931 INFO     epoch: 43 took 189.575s (87.960s in batching)
training loss:	0.583254
validation loss:	0.598326
validation error:	0.323762
2017-01-24 23:49:51,946 INFO     Wrote output to trainNN/out/v044-unified-2-g35d999d-dirty:simple-ff-ffv-adam-100-50-25/config.json
2017-01-24 23:52:47,068 INFO     Saving network params to trainNN/out/v044-unified-2-g35d999d-dirty:simple-ff-ffv-adam-100-50-25/epoch-044.pkl
2017-01-24 23:53:02,375 INFO     epoch: 44 took 190.445s (87.517s in batching)
training loss:	0.582832
validation loss:	0.601753
validation error:	0.328287
2017-01-24 23:53:02,393 INFO     Wrote output to trainNN/out/v044-unified-2-g35d999d-dirty:simple-ff-ffv-adam-100-50-25/config.json
2017-01-24 23:55:57,094 INFO     Saving network params to trainNN/out/v044-unified-2-g35d999d-dirty:simple-ff-ffv-adam-100-50-25/epoch-045.pkl
2017-01-24 23:56:12,509 INFO     epoch: 45 took 190.134s (87.349s in batching)
training loss:	0.582794
validation loss:	0.599748
validation error:	0.324396
2017-01-24 23:56:12,514 INFO     Wrote output to trainNN/out/v044-unified-2-g35d999d-dirty:simple-ff-ffv-adam-100-50-25/config.json
2017-01-24 23:59:07,062 INFO     Saving network params to trainNN/out/v044-unified-2-g35d999d-dirty:simple-ff-ffv-adam-100-50-25/epoch-046.pkl
2017-01-24 23:59:22,277 INFO     epoch: 46 took 189.767s (87.246s in batching)
training loss:	0.582666
validation loss:	0.602003
validation error:	0.326424
2017-01-24 23:59:22,281 INFO     Wrote output to trainNN/out/v044-unified-2-g35d999d-dirty:simple-ff-ffv-adam-100-50-25/config.json
2017-01-25 00:02:16,918 INFO     Saving network params to trainNN/out/v044-unified-2-g35d999d-dirty:simple-ff-ffv-adam-100-50-25/epoch-047.pkl
2017-01-25 00:02:31,815 INFO     epoch: 47 took 189.539s (87.312s in batching)
training loss:	0.582463
validation loss:	0.597169
validation error:	0.320515
2017-01-25 00:02:31,820 INFO     Wrote output to trainNN/out/v044-unified-2-g35d999d-dirty:simple-ff-ffv-adam-100-50-25/config.json
2017-01-25 00:05:27,776 INFO     Saving network params to trainNN/out/v044-unified-2-g35d999d-dirty:simple-ff-ffv-adam-100-50-25/epoch-048.pkl
2017-01-25 00:05:43,106 INFO     epoch: 48 took 191.290s (87.759s in batching)
training loss:	0.582251
validation loss:	0.599706
validation error:	0.322166
2017-01-25 00:05:43,218 INFO     Wrote output to trainNN/out/v044-unified-2-g35d999d-dirty:simple-ff-ffv-adam-100-50-25/config.json
2017-01-25 00:08:37,377 INFO     Saving network params to trainNN/out/v044-unified-2-g35d999d-dirty:simple-ff-ffv-adam-100-50-25/epoch-049.pkl
2017-01-25 00:08:52,692 INFO     epoch: 49 took 189.586s (87.410s in batching)
training loss:	0.582196
validation loss:	0.599963
validation error:	0.323787
2017-01-25 00:08:52,709 INFO     Wrote output to trainNN/out/v044-unified-2-g35d999d-dirty:simple-ff-ffv-adam-100-50-25/config.json
2017-01-25 00:11:47,300 INFO     Saving network params to trainNN/out/v044-unified-2-g35d999d-dirty:simple-ff-ffv-adam-100-50-25/epoch-050.pkl
2017-01-25 00:12:02,607 INFO     epoch: 50 took 189.915s (87.108s in batching)
training loss:	0.581955
validation loss:	0.596687
validation error:	0.320451
2017-01-25 00:12:02,611 INFO     Wrote output to trainNN/out/v044-unified-2-g35d999d-dirty:simple-ff-ffv-adam-100-50-25/config.json
2017-01-25 00:14:57,101 INFO     Saving network params to trainNN/out/v044-unified-2-g35d999d-dirty:simple-ff-ffv-adam-100-50-25/epoch-051.pkl
2017-01-25 00:15:12,432 INFO     epoch: 51 took 189.825s (87.012s in batching)
training loss:	0.581704
validation loss:	0.599802
validation error:	0.320659
2017-01-25 00:15:12,449 INFO     Wrote output to trainNN/out/v044-unified-2-g35d999d-dirty:simple-ff-ffv-adam-100-50-25/config.json
2017-01-25 00:18:06,137 INFO     Saving network params to trainNN/out/v044-unified-2-g35d999d-dirty:simple-ff-ffv-adam-100-50-25/epoch-052.pkl
2017-01-25 00:18:21,349 INFO     epoch: 52 took 188.917s (87.047s in batching)
training loss:	0.581689
validation loss:	0.598714
validation error:	0.320352
2017-01-25 00:18:21,353 INFO     Wrote output to trainNN/out/v044-unified-2-g35d999d-dirty:simple-ff-ffv-adam-100-50-25/config.json
2017-01-25 00:21:16,126 INFO     Saving network params to trainNN/out/v044-unified-2-g35d999d-dirty:simple-ff-ffv-adam-100-50-25/epoch-053.pkl
2017-01-25 00:21:31,372 INFO     epoch: 53 took 190.023s (87.174s in batching)
training loss:	0.581487
validation loss:	0.598762
validation error:	0.320208
2017-01-25 00:21:31,377 INFO     Wrote output to trainNN/out/v044-unified-2-g35d999d-dirty:simple-ff-ffv-adam-100-50-25/config.json
2017-01-25 00:24:26,747 INFO     Saving network params to trainNN/out/v044-unified-2-g35d999d-dirty:simple-ff-ffv-adam-100-50-25/epoch-054.pkl
2017-01-25 00:24:42,011 INFO     epoch: 54 took 190.639s (87.460s in batching)
training loss:	0.581411
validation loss:	0.600315
validation error:	0.320466
2017-01-25 00:24:42,016 INFO     Wrote output to trainNN/out/v044-unified-2-g35d999d-dirty:simple-ff-ffv-adam-100-50-25/config.json
2017-01-25 00:27:36,976 INFO     Saving network params to trainNN/out/v044-unified-2-g35d999d-dirty:simple-ff-ffv-adam-100-50-25/epoch-055.pkl
2017-01-25 00:27:52,319 INFO     epoch: 55 took 190.308s (87.334s in batching)
training loss:	0.581213
validation loss:	0.602138
validation error:	0.322419
2017-01-25 00:27:52,336 INFO     Wrote output to trainNN/out/v044-unified-2-g35d999d-dirty:simple-ff-ffv-adam-100-50-25/config.json
2017-01-25 00:30:46,463 INFO     Saving network params to trainNN/out/v044-unified-2-g35d999d-dirty:simple-ff-ffv-adam-100-50-25/epoch-056.pkl
2017-01-25 00:31:01,464 INFO     epoch: 56 took 189.145s (87.162s in batching)
training loss:	0.581107
validation loss:	0.597060
validation error:	0.320208
2017-01-25 00:31:01,480 INFO     Wrote output to trainNN/out/v044-unified-2-g35d999d-dirty:simple-ff-ffv-adam-100-50-25/config.json
2017-01-25 00:33:55,832 INFO     Saving network params to trainNN/out/v044-unified-2-g35d999d-dirty:simple-ff-ffv-adam-100-50-25/epoch-057.pkl
2017-01-25 00:34:11,005 INFO     epoch: 57 took 189.541s (86.832s in batching)
training loss:	0.580836
validation loss:	0.601045
validation error:	0.321071
2017-01-25 00:34:11,022 INFO     Wrote output to trainNN/out/v044-unified-2-g35d999d-dirty:simple-ff-ffv-adam-100-50-25/config.json
2017-01-25 00:37:05,506 INFO     Saving network params to trainNN/out/v044-unified-2-g35d999d-dirty:simple-ff-ffv-adam-100-50-25/epoch-058.pkl
2017-01-25 00:37:20,757 INFO     epoch: 58 took 189.752s (87.181s in batching)
training loss:	0.580771
validation loss:	0.599779
validation error:	0.322186
2017-01-25 00:37:20,767 INFO     Wrote output to trainNN/out/v044-unified-2-g35d999d-dirty:simple-ff-ffv-adam-100-50-25/config.json
2017-01-25 00:40:14,794 INFO     Saving network params to trainNN/out/v044-unified-2-g35d999d-dirty:simple-ff-ffv-adam-100-50-25/epoch-059.pkl
2017-01-25 00:40:30,242 INFO     epoch: 59 took 189.485s (87.117s in batching)
training loss:	0.580716
validation loss:	0.601599
validation error:	0.324550
2017-01-25 00:40:30,248 INFO     Wrote output to trainNN/out/v044-unified-2-g35d999d-dirty:simple-ff-ffv-adam-100-50-25/config.json
2017-01-25 00:43:24,874 INFO     Saving network params to trainNN/out/v044-unified-2-g35d999d-dirty:simple-ff-ffv-adam-100-50-25/epoch-060.pkl
2017-01-25 00:43:40,366 INFO     epoch: 60 took 190.124s (86.807s in batching)
training loss:	0.580545
validation loss:	0.601576
validation error:	0.322419
2017-01-25 00:43:40,382 INFO     Wrote output to trainNN/out/v044-unified-2-g35d999d-dirty:simple-ff-ffv-adam-100-50-25/config.json
2017-01-25 00:46:35,032 INFO     Saving network params to trainNN/out/v044-unified-2-g35d999d-dirty:simple-ff-ffv-adam-100-50-25/epoch-061.pkl
2017-01-25 00:46:50,605 INFO     epoch: 61 took 190.238s (87.139s in batching)
training loss:	0.580290
validation loss:	0.599067
validation error:	0.321120
2017-01-25 00:46:50,611 INFO     Wrote output to trainNN/out/v044-unified-2-g35d999d-dirty:simple-ff-ffv-adam-100-50-25/config.json
2017-01-25 00:49:45,263 INFO     Saving network params to trainNN/out/v044-unified-2-g35d999d-dirty:simple-ff-ffv-adam-100-50-25/epoch-062.pkl
2017-01-25 00:50:00,419 INFO     epoch: 62 took 189.814s (87.074s in batching)
training loss:	0.580343
validation loss:	0.596959
validation error:	0.319856
2017-01-25 00:50:00,435 INFO     Wrote output to trainNN/out/v044-unified-2-g35d999d-dirty:simple-ff-ffv-adam-100-50-25/config.json
2017-01-25 00:52:55,118 INFO     Saving network params to trainNN/out/v044-unified-2-g35d999d-dirty:simple-ff-ffv-adam-100-50-25/epoch-063.pkl
2017-01-25 00:53:10,291 INFO     epoch: 63 took 189.872s (87.251s in batching)
training loss:	0.580271
validation loss:	0.599793
validation error:	0.321383
2017-01-25 00:53:10,306 INFO     Wrote output to trainNN/out/v044-unified-2-g35d999d-dirty:simple-ff-ffv-adam-100-50-25/config.json
2017-01-25 00:56:05,738 INFO     Saving network params to trainNN/out/v044-unified-2-g35d999d-dirty:simple-ff-ffv-adam-100-50-25/epoch-064.pkl
2017-01-25 00:56:20,908 INFO     epoch: 64 took 190.617s (87.079s in batching)
training loss:	0.579986
validation loss:	0.599121
validation error:	0.320778
2017-01-25 00:56:20,926 INFO     Wrote output to trainNN/out/v044-unified-2-g35d999d-dirty:simple-ff-ffv-adam-100-50-25/config.json
2017-01-25 00:59:15,581 INFO     Saving network params to trainNN/out/v044-unified-2-g35d999d-dirty:simple-ff-ffv-adam-100-50-25/epoch-065.pkl
2017-01-25 00:59:30,822 INFO     epoch: 65 took 189.914s (87.038s in batching)
training loss:	0.580026
validation loss:	0.596563
validation error:	0.318696
2017-01-25 00:59:30,839 INFO     Wrote output to trainNN/out/v044-unified-2-g35d999d-dirty:simple-ff-ffv-adam-100-50-25/config.json
2017-01-25 01:02:25,538 INFO     Saving network params to trainNN/out/v044-unified-2-g35d999d-dirty:simple-ff-ffv-adam-100-50-25/epoch-066.pkl
2017-01-25 01:02:40,646 INFO     epoch: 66 took 189.824s (87.074s in batching)
training loss:	0.579855
validation loss:	0.601805
validation error:	0.322116
2017-01-25 01:02:41,052 INFO     Wrote output to trainNN/out/v044-unified-2-g35d999d-dirty:simple-ff-ffv-adam-100-50-25/config.json
2017-01-25 01:05:37,286 INFO     Saving network params to trainNN/out/v044-unified-2-g35d999d-dirty:simple-ff-ffv-adam-100-50-25/epoch-067.pkl
2017-01-25 01:05:52,430 INFO     epoch: 67 took 191.784s (87.642s in batching)
training loss:	0.579771
validation loss:	0.599119
validation error:	0.320659
2017-01-25 01:05:52,445 INFO     Wrote output to trainNN/out/v044-unified-2-g35d999d-dirty:simple-ff-ffv-adam-100-50-25/config.json
2017-01-25 01:08:47,989 INFO     Saving network params to trainNN/out/v044-unified-2-g35d999d-dirty:simple-ff-ffv-adam-100-50-25/epoch-068.pkl
2017-01-25 01:09:03,169 INFO     epoch: 68 took 190.739s (87.300s in batching)
training loss:	0.579627
validation loss:	0.598063
validation error:	0.320515
2017-01-25 01:09:03,187 INFO     Wrote output to trainNN/out/v044-unified-2-g35d999d-dirty:simple-ff-ffv-adam-100-50-25/config.json
2017-01-25 01:11:58,202 INFO     Saving network params to trainNN/out/v044-unified-2-g35d999d-dirty:simple-ff-ffv-adam-100-50-25/epoch-069.pkl
2017-01-25 01:12:13,269 INFO     epoch: 69 took 190.100s (87.133s in batching)
training loss:	0.579625
validation loss:	0.598021
validation error:	0.322830
2017-01-25 01:12:13,287 INFO     Wrote output to trainNN/out/v044-unified-2-g35d999d-dirty:simple-ff-ffv-adam-100-50-25/config.json
2017-01-25 01:15:07,953 INFO     Saving network params to trainNN/out/v044-unified-2-g35d999d-dirty:simple-ff-ffv-adam-100-50-25/epoch-070.pkl
2017-01-25 01:15:23,039 INFO     epoch: 70 took 189.770s (87.055s in batching)
training loss:	0.579476
validation loss:	0.602754
validation error:	0.321690
2017-01-25 01:15:23,055 INFO     Wrote output to trainNN/out/v044-unified-2-g35d999d-dirty:simple-ff-ffv-adam-100-50-25/config.json
2017-01-25 01:18:17,979 INFO     Saving network params to trainNN/out/v044-unified-2-g35d999d-dirty:simple-ff-ffv-adam-100-50-25/epoch-071.pkl
2017-01-25 01:18:33,001 INFO     epoch: 71 took 189.963s (87.204s in batching)
training loss:	0.579419
validation loss:	0.597902
validation error:	0.320178
2017-01-25 01:18:33,007 INFO     Wrote output to trainNN/out/v044-unified-2-g35d999d-dirty:simple-ff-ffv-adam-100-50-25/config.json
2017-01-25 01:21:29,677 INFO     Saving network params to trainNN/out/v044-unified-2-g35d999d-dirty:simple-ff-ffv-adam-100-50-25/epoch-072.pkl
2017-01-25 01:21:44,869 INFO     epoch: 72 took 191.867s (87.252s in batching)
training loss:	0.579195
validation loss:	0.600063
validation error:	0.319618
2017-01-25 01:21:44,875 INFO     Wrote output to trainNN/out/v044-unified-2-g35d999d-dirty:simple-ff-ffv-adam-100-50-25/config.json
2017-01-25 01:24:41,085 INFO     Saving network params to trainNN/out/v044-unified-2-g35d999d-dirty:simple-ff-ffv-adam-100-50-25/epoch-073.pkl
2017-01-25 01:24:56,355 INFO     epoch: 73 took 191.487s (87.514s in batching)
training loss:	0.579154
validation loss:	0.599054
validation error:	0.322166
2017-01-25 01:24:56,372 INFO     Wrote output to trainNN/out/v044-unified-2-g35d999d-dirty:simple-ff-ffv-adam-100-50-25/config.json
2017-01-25 01:27:50,600 INFO     Saving network params to trainNN/out/v044-unified-2-g35d999d-dirty:simple-ff-ffv-adam-100-50-25/epoch-074.pkl
2017-01-25 01:28:05,984 INFO     epoch: 74 took 189.628s (86.910s in batching)
training loss:	0.579118
validation loss:	0.599766
validation error:	0.320322
2017-01-25 01:28:06,000 INFO     Wrote output to trainNN/out/v044-unified-2-g35d999d-dirty:simple-ff-ffv-adam-100-50-25/config.json
2017-01-25 01:31:01,228 INFO     Saving network params to trainNN/out/v044-unified-2-g35d999d-dirty:simple-ff-ffv-adam-100-50-25/epoch-075.pkl
2017-01-25 01:31:16,537 INFO     epoch: 75 took 190.553s (87.232s in batching)
training loss:	0.579024
validation loss:	0.600648
validation error:	0.320074
2017-01-25 01:31:16,542 INFO     Wrote output to trainNN/out/v044-unified-2-g35d999d-dirty:simple-ff-ffv-adam-100-50-25/config.json
2017-01-25 01:34:12,836 INFO     Saving network params to trainNN/out/v044-unified-2-g35d999d-dirty:simple-ff-ffv-adam-100-50-25/epoch-076.pkl
2017-01-25 01:34:28,394 INFO     epoch: 76 took 191.858s (87.336s in batching)
training loss:	0.579057
validation loss:	0.596139
validation error:	0.319648
2017-01-25 01:34:28,400 INFO     Wrote output to trainNN/out/v044-unified-2-g35d999d-dirty:simple-ff-ffv-adam-100-50-25/config.json
2017-01-25 01:37:23,096 INFO     Saving network params to trainNN/out/v044-unified-2-g35d999d-dirty:simple-ff-ffv-adam-100-50-25/epoch-077.pkl
2017-01-25 01:37:38,379 INFO     epoch: 77 took 189.984s (86.809s in batching)
training loss:	0.578897
validation loss:	0.596993
validation error:	0.320436
2017-01-25 01:37:38,386 INFO     Wrote output to trainNN/out/v044-unified-2-g35d999d-dirty:simple-ff-ffv-adam-100-50-25/config.json
2017-01-25 01:40:33,383 INFO     Saving network params to trainNN/out/v044-unified-2-g35d999d-dirty:simple-ff-ffv-adam-100-50-25/epoch-078.pkl
2017-01-25 01:40:48,955 INFO     epoch: 78 took 190.576s (87.419s in batching)
training loss:	0.578593
validation loss:	0.599889
validation error:	0.321958
2017-01-25 01:40:48,973 INFO     Wrote output to trainNN/out/v044-unified-2-g35d999d-dirty:simple-ff-ffv-adam-100-50-25/config.json
2017-01-25 01:43:43,600 INFO     Saving network params to trainNN/out/v044-unified-2-g35d999d-dirty:simple-ff-ffv-adam-100-50-25/epoch-079.pkl
2017-01-25 01:43:58,896 INFO     epoch: 79 took 189.941s (87.087s in batching)
training loss:	0.578660
validation loss:	0.600640
validation error:	0.324763
2017-01-25 01:43:58,913 INFO     Wrote output to trainNN/out/v044-unified-2-g35d999d-dirty:simple-ff-ffv-adam-100-50-25/config.json
2017-01-25 01:46:54,962 INFO     Saving network params to trainNN/out/v044-unified-2-g35d999d-dirty:simple-ff-ffv-adam-100-50-25/epoch-080.pkl
2017-01-25 01:47:09,970 INFO     epoch: 80 took 191.074s (86.919s in batching)
training loss:	0.578548
validation loss:	0.597127
validation error:	0.320139
2017-01-25 01:47:09,983 INFO     Wrote output to trainNN/out/v044-unified-2-g35d999d-dirty:simple-ff-ffv-adam-100-50-25/config.json
2017-01-25 01:50:05,958 INFO     Saving network params to trainNN/out/v044-unified-2-g35d999d-dirty:simple-ff-ffv-adam-100-50-25/epoch-081.pkl
2017-01-25 01:50:21,107 INFO     epoch: 81 took 191.137s (87.524s in batching)
training loss:	0.578542
validation loss:	0.597334
validation error:	0.319361
2017-01-25 01:50:21,116 INFO     Wrote output to trainNN/out/v044-unified-2-g35d999d-dirty:simple-ff-ffv-adam-100-50-25/config.json
2017-01-25 01:53:15,235 INFO     Saving network params to trainNN/out/v044-unified-2-g35d999d-dirty:simple-ff-ffv-adam-100-50-25/epoch-082.pkl
2017-01-25 01:53:30,303 INFO     epoch: 82 took 189.195s (86.862s in batching)
training loss:	0.578451
validation loss:	0.599125
validation error:	0.321204
2017-01-25 01:53:30,313 INFO     Wrote output to trainNN/out/v044-unified-2-g35d999d-dirty:simple-ff-ffv-adam-100-50-25/config.json
2017-01-25 01:56:24,571 INFO     Saving network params to trainNN/out/v044-unified-2-g35d999d-dirty:simple-ff-ffv-adam-100-50-25/epoch-083.pkl
2017-01-25 01:56:39,658 INFO     epoch: 83 took 189.355s (86.879s in batching)
training loss:	0.578376
validation loss:	0.599167
validation error:	0.319237
2017-01-25 01:56:39,672 INFO     Wrote output to trainNN/out/v044-unified-2-g35d999d-dirty:simple-ff-ffv-adam-100-50-25/config.json
2017-01-25 01:59:33,362 INFO     Saving network params to trainNN/out/v044-unified-2-g35d999d-dirty:simple-ff-ffv-adam-100-50-25/epoch-084.pkl
2017-01-25 01:59:48,230 INFO     epoch: 84 took 188.573s (86.948s in batching)
training loss:	0.578365
validation loss:	0.602454
validation error:	0.319940
2017-01-25 01:59:48,248 INFO     Wrote output to trainNN/out/v044-unified-2-g35d999d-dirty:simple-ff-ffv-adam-100-50-25/config.json
2017-01-25 02:02:42,404 INFO     Saving network params to trainNN/out/v044-unified-2-g35d999d-dirty:simple-ff-ffv-adam-100-50-25/epoch-085.pkl
2017-01-25 02:02:57,529 INFO     epoch: 85 took 189.298s (87.038s in batching)
training loss:	0.578260
validation loss:	0.601213
validation error:	0.323460
2017-01-25 02:02:57,535 INFO     Wrote output to trainNN/out/v044-unified-2-g35d999d-dirty:simple-ff-ffv-adam-100-50-25/config.json
2017-01-25 02:05:52,368 INFO     Saving network params to trainNN/out/v044-unified-2-g35d999d-dirty:simple-ff-ffv-adam-100-50-25/epoch-086.pkl
2017-01-25 02:06:07,310 INFO     epoch: 86 took 189.781s (87.060s in batching)
training loss:	0.578171
validation loss:	0.598420
validation error:	0.321898
2017-01-25 02:06:07,327 INFO     Wrote output to trainNN/out/v044-unified-2-g35d999d-dirty:simple-ff-ffv-adam-100-50-25/config.json
2017-01-25 02:09:01,532 INFO     Saving network params to trainNN/out/v044-unified-2-g35d999d-dirty:simple-ff-ffv-adam-100-50-25/epoch-087.pkl
2017-01-25 02:09:16,825 INFO     epoch: 87 took 189.515s (87.130s in batching)
training loss:	0.578138
validation loss:	0.598491
validation error:	0.319093
2017-01-25 02:09:16,840 INFO     Wrote output to trainNN/out/v044-unified-2-g35d999d-dirty:simple-ff-ffv-adam-100-50-25/config.json
2017-01-25 02:12:11,716 INFO     Saving network params to trainNN/out/v044-unified-2-g35d999d-dirty:simple-ff-ffv-adam-100-50-25/epoch-088.pkl
2017-01-25 02:12:27,115 INFO     epoch: 88 took 190.290s (87.313s in batching)
training loss:	0.578211
validation loss:	0.600509
validation error:	0.320927
2017-01-25 02:12:27,121 INFO     Wrote output to trainNN/out/v044-unified-2-g35d999d-dirty:simple-ff-ffv-adam-100-50-25/config.json
2017-01-25 02:15:21,181 INFO     Saving network params to trainNN/out/v044-unified-2-g35d999d-dirty:simple-ff-ffv-adam-100-50-25/epoch-089.pkl
2017-01-25 02:15:36,377 INFO     epoch: 89 took 189.262s (86.934s in batching)
training loss:	0.577909
validation loss:	0.598046
validation error:	0.319683
2017-01-25 02:15:36,396 INFO     Wrote output to trainNN/out/v044-unified-2-g35d999d-dirty:simple-ff-ffv-adam-100-50-25/config.json
2017-01-25 02:18:30,438 INFO     Saving network params to trainNN/out/v044-unified-2-g35d999d-dirty:simple-ff-ffv-adam-100-50-25/epoch-090.pkl
2017-01-25 02:18:45,306 INFO     epoch: 90 took 188.929s (87.153s in batching)
training loss:	0.577879
validation loss:	0.601548
validation error:	0.321447
2017-01-25 02:18:45,324 INFO     Wrote output to trainNN/out/v044-unified-2-g35d999d-dirty:simple-ff-ffv-adam-100-50-25/config.json
2017-01-25 02:21:39,280 INFO     Saving network params to trainNN/out/v044-unified-2-g35d999d-dirty:simple-ff-ffv-adam-100-50-25/epoch-091.pkl
2017-01-25 02:21:54,377 INFO     epoch: 91 took 189.071s (86.807s in batching)
training loss:	0.577851
validation loss:	0.598376
validation error:	0.320164
2017-01-25 02:21:54,396 INFO     Wrote output to trainNN/out/v044-unified-2-g35d999d-dirty:simple-ff-ffv-adam-100-50-25/config.json
2017-01-25 02:24:48,297 INFO     Saving network params to trainNN/out/v044-unified-2-g35d999d-dirty:simple-ff-ffv-adam-100-50-25/epoch-092.pkl
2017-01-25 02:25:03,657 INFO     epoch: 92 took 189.280s (86.688s in batching)
training loss:	0.577691
validation loss:	0.599745
validation error:	0.320164
2017-01-25 02:25:03,672 INFO     Wrote output to trainNN/out/v044-unified-2-g35d999d-dirty:simple-ff-ffv-adam-100-50-25/config.json
2017-01-25 02:27:57,710 INFO     Saving network params to trainNN/out/v044-unified-2-g35d999d-dirty:simple-ff-ffv-adam-100-50-25/epoch-093.pkl
2017-01-25 02:28:13,071 INFO     epoch: 93 took 189.414s (87.451s in batching)
training loss:	0.577600
validation loss:	0.607952
validation error:	0.330285
2017-01-25 02:28:13,086 INFO     Wrote output to trainNN/out/v044-unified-2-g35d999d-dirty:simple-ff-ffv-adam-100-50-25/config.json
2017-01-25 02:31:07,908 INFO     Saving network params to trainNN/out/v044-unified-2-g35d999d-dirty:simple-ff-ffv-adam-100-50-25/epoch-094.pkl
2017-01-25 02:31:23,142 INFO     epoch: 94 took 190.071s (87.366s in batching)
training loss:	0.577643
validation loss:	0.597612
validation error:	0.320634
2017-01-25 02:31:23,162 INFO     Wrote output to trainNN/out/v044-unified-2-g35d999d-dirty:simple-ff-ffv-adam-100-50-25/config.json
2017-01-25 02:34:18,082 INFO     Saving network params to trainNN/out/v044-unified-2-g35d999d-dirty:simple-ff-ffv-adam-100-50-25/epoch-095.pkl
2017-01-25 02:34:33,179 INFO     epoch: 95 took 190.037s (87.107s in batching)
training loss:	0.577585
validation loss:	0.599280
validation error:	0.320377
2017-01-25 02:34:33,185 INFO     Wrote output to trainNN/out/v044-unified-2-g35d999d-dirty:simple-ff-ffv-adam-100-50-25/config.json
2017-01-25 02:37:27,236 INFO     Saving network params to trainNN/out/v044-unified-2-g35d999d-dirty:simple-ff-ffv-adam-100-50-25/epoch-096.pkl
2017-01-25 02:37:42,351 INFO     epoch: 96 took 189.172s (87.025s in batching)
training loss:	0.577528
validation loss:	0.599403
validation error:	0.320843
2017-01-25 02:37:42,368 INFO     Wrote output to trainNN/out/v044-unified-2-g35d999d-dirty:simple-ff-ffv-adam-100-50-25/config.json
2017-01-25 02:40:37,177 INFO     Saving network params to trainNN/out/v044-unified-2-g35d999d-dirty:simple-ff-ffv-adam-100-50-25/epoch-097.pkl
2017-01-25 02:40:52,271 INFO     epoch: 97 took 189.876s (87.327s in batching)
training loss:	0.577544
validation loss:	0.598407
validation error:	0.320035
2017-01-25 02:40:52,289 INFO     Wrote output to trainNN/out/v044-unified-2-g35d999d-dirty:simple-ff-ffv-adam-100-50-25/config.json
2017-01-25 02:43:45,514 INFO     Saving network params to trainNN/out/v044-unified-2-g35d999d-dirty:simple-ff-ffv-adam-100-50-25/epoch-098.pkl
2017-01-25 02:44:00,460 INFO     epoch: 98 took 188.233s (86.961s in batching)
training loss:	0.577423
validation loss:	0.598826
validation error:	0.321140
2017-01-25 02:44:00,479 INFO     Wrote output to trainNN/out/v044-unified-2-g35d999d-dirty:simple-ff-ffv-adam-100-50-25/config.json
2017-01-25 02:46:53,459 INFO     Saving network params to trainNN/out/v044-unified-2-g35d999d-dirty:simple-ff-ffv-adam-100-50-25/epoch-099.pkl
2017-01-25 02:47:08,321 INFO     epoch: 99 took 187.861s (87.044s in batching)
training loss:	0.577344
validation loss:	0.600848
validation error:	0.322399
2017-01-25 02:47:08,336 INFO     Wrote output to trainNN/out/v044-unified-2-g35d999d-dirty:simple-ff-ffv-adam-100-50-25/config.json
2017-01-25 02:49:59,910 INFO     Saving network params to trainNN/out/v044-unified-2-g35d999d-dirty:simple-ff-ffv-adam-100-50-25/epoch-100.pkl
2017-01-25 02:50:15,099 INFO     epoch: 100 took 186.715s (86.845s in batching)
training loss:	0.577219
validation loss:	0.599332
validation error:	0.322592
2017-01-25 02:50:15,121 INFO     Wrote output to trainNN/out/v044-unified-2-g35d999d-dirty:simple-ff-ffv-adam-100-50-25/config.json
2017-01-25 02:53:07,260 INFO     Saving network params to trainNN/out/v044-unified-2-g35d999d-dirty:simple-ff-ffv-adam-100-50-25/epoch-101.pkl
2017-01-25 02:53:22,422 INFO     epoch: 101 took 187.386s (87.068s in batching)
training loss:	0.577123
validation loss:	0.601376
validation error:	0.322587
2017-01-25 02:53:22,429 INFO     Wrote output to trainNN/out/v044-unified-2-g35d999d-dirty:simple-ff-ffv-adam-100-50-25/config.json
2017-01-25 02:56:12,875 INFO     Saving network params to trainNN/out/v044-unified-2-g35d999d-dirty:simple-ff-ffv-adam-100-50-25/epoch-102.pkl
2017-01-25 02:56:28,012 INFO     epoch: 102 took 185.577s (86.216s in batching)
training loss:	0.577185
validation loss:	0.600580
validation error:	0.322617
2017-01-25 02:56:28,026 INFO     Wrote output to trainNN/out/v044-unified-2-g35d999d-dirty:simple-ff-ffv-adam-100-50-25/config.json
2017-01-25 02:59:19,778 INFO     Saving network params to trainNN/out/v044-unified-2-g35d999d-dirty:simple-ff-ffv-adam-100-50-25/epoch-103.pkl
2017-01-25 02:59:34,896 INFO     epoch: 103 took 186.897s (86.363s in batching)
training loss:	0.577023
validation loss:	0.599467
validation error:	0.320337
2017-01-25 02:59:34,908 INFO     Wrote output to trainNN/out/v044-unified-2-g35d999d-dirty:simple-ff-ffv-adam-100-50-25/config.json
2017-01-25 03:02:27,264 INFO     Saving network params to trainNN/out/v044-unified-2-g35d999d-dirty:simple-ff-ffv-adam-100-50-25/epoch-104.pkl
2017-01-25 03:02:42,162 INFO     epoch: 104 took 187.266s (85.948s in batching)
training loss:	0.577021
validation loss:	0.598398
validation error:	0.321378
2017-01-25 03:02:42,179 INFO     Wrote output to trainNN/out/v044-unified-2-g35d999d-dirty:simple-ff-ffv-adam-100-50-25/config.json
2017-01-25 03:05:34,638 INFO     Saving network params to trainNN/out/v044-unified-2-g35d999d-dirty:simple-ff-ffv-adam-100-50-25/epoch-105.pkl
2017-01-25 03:05:49,467 INFO     epoch: 105 took 187.305s (86.232s in batching)
training loss:	0.577100
validation loss:	0.598850
validation error:	0.317968
2017-01-25 03:05:49,484 INFO     Wrote output to trainNN/out/v044-unified-2-g35d999d-dirty:simple-ff-ffv-adam-100-50-25/config.json
2017-01-25 03:08:41,240 INFO     Saving network params to trainNN/out/v044-unified-2-g35d999d-dirty:simple-ff-ffv-adam-100-50-25/epoch-106.pkl
2017-01-25 03:08:56,032 INFO     epoch: 106 took 186.565s (85.747s in batching)
training loss:	0.577033
validation loss:	0.598317
validation error:	0.319881
2017-01-25 03:08:56,038 INFO     Wrote output to trainNN/out/v044-unified-2-g35d999d-dirty:simple-ff-ffv-adam-100-50-25/config.json
2017-01-25 03:11:47,135 INFO     Saving network params to trainNN/out/v044-unified-2-g35d999d-dirty:simple-ff-ffv-adam-100-50-25/epoch-107.pkl
2017-01-25 03:12:02,453 INFO     epoch: 107 took 186.358s (85.745s in batching)
training loss:	0.576741
validation loss:	0.601947
validation error:	0.323817
2017-01-25 03:12:02,552 INFO     Wrote output to trainNN/out/v044-unified-2-g35d999d-dirty:simple-ff-ffv-adam-100-50-25/config.json
2017-01-25 03:14:55,602 INFO     Saving network params to trainNN/out/v044-unified-2-g35d999d-dirty:simple-ff-ffv-adam-100-50-25/epoch-108.pkl
2017-01-25 03:15:10,713 INFO     epoch: 108 took 188.323s (86.426s in batching)
training loss:	0.576810
validation loss:	0.600624
validation error:	0.320392
2017-01-25 03:15:10,736 INFO     Wrote output to trainNN/out/v044-unified-2-g35d999d-dirty:simple-ff-ffv-adam-100-50-25/config.json
2017-01-25 03:18:04,247 INFO     Saving network params to trainNN/out/v044-unified-2-g35d999d-dirty:simple-ff-ffv-adam-100-50-25/epoch-109.pkl
2017-01-25 03:18:19,357 INFO     epoch: 109 took 188.644s (86.275s in batching)
training loss:	0.576757
validation loss:	0.600497
validation error:	0.320396
2017-01-25 03:18:19,364 INFO     Wrote output to trainNN/out/v044-unified-2-g35d999d-dirty:simple-ff-ffv-adam-100-50-25/config.json
2017-01-25 03:21:12,635 INFO     Saving network params to trainNN/out/v044-unified-2-g35d999d-dirty:simple-ff-ffv-adam-100-50-25/epoch-110.pkl
2017-01-25 03:21:27,587 INFO     epoch: 110 took 188.230s (86.322s in batching)
training loss:	0.576644
validation loss:	0.599805
validation error:	0.319162
2017-01-25 03:21:27,605 INFO     Wrote output to trainNN/out/v044-unified-2-g35d999d-dirty:simple-ff-ffv-adam-100-50-25/config.json
2017-01-25 03:24:22,655 INFO     Saving network params to trainNN/out/v044-unified-2-g35d999d-dirty:simple-ff-ffv-adam-100-50-25/epoch-111.pkl
2017-01-25 03:24:37,712 INFO     epoch: 111 took 190.125s (87.023s in batching)
training loss:	0.576640
validation loss:	0.598114
validation error:	0.320347
2017-01-25 03:24:37,720 INFO     Wrote output to trainNN/out/v044-unified-2-g35d999d-dirty:simple-ff-ffv-adam-100-50-25/config.json
2017-01-25 03:27:31,818 INFO     Saving network params to trainNN/out/v044-unified-2-g35d999d-dirty:simple-ff-ffv-adam-100-50-25/epoch-112.pkl
2017-01-25 03:27:46,860 INFO     epoch: 112 took 189.149s (86.534s in batching)
training loss:	0.576603
validation loss:	0.598196
validation error:	0.320476
2017-01-25 03:27:46,876 INFO     Wrote output to trainNN/out/v044-unified-2-g35d999d-dirty:simple-ff-ffv-adam-100-50-25/config.json
2017-01-25 03:30:39,728 INFO     Saving network params to trainNN/out/v044-unified-2-g35d999d-dirty:simple-ff-ffv-adam-100-50-25/epoch-113.pkl
2017-01-25 03:30:54,705 INFO     epoch: 113 took 187.845s (85.918s in batching)
training loss:	0.576650
validation loss:	0.597984
validation error:	0.320535
2017-01-25 03:30:54,724 INFO     Wrote output to trainNN/out/v044-unified-2-g35d999d-dirty:simple-ff-ffv-adam-100-50-25/config.json
2017-01-25 03:33:47,455 INFO     Saving network params to trainNN/out/v044-unified-2-g35d999d-dirty:simple-ff-ffv-adam-100-50-25/epoch-114.pkl
2017-01-25 03:34:02,167 INFO     epoch: 114 took 187.462s (86.113s in batching)
training loss:	0.576557
validation loss:	0.601857
validation error:	0.321323
2017-01-25 03:34:02,184 INFO     Wrote output to trainNN/out/v044-unified-2-g35d999d-dirty:simple-ff-ffv-adam-100-50-25/config.json
2017-01-25 03:36:54,128 INFO     Saving network params to trainNN/out/v044-unified-2-g35d999d-dirty:simple-ff-ffv-adam-100-50-25/epoch-115.pkl
2017-01-25 03:37:09,115 INFO     epoch: 115 took 186.948s (85.797s in batching)
training loss:	0.576485
validation loss:	0.606652
validation error:	0.323445
2017-01-25 03:37:09,154 INFO     Wrote output to trainNN/out/v044-unified-2-g35d999d-dirty:simple-ff-ffv-adam-100-50-25/config.json
2017-01-25 03:40:02,936 INFO     Saving network params to trainNN/out/v044-unified-2-g35d999d-dirty:simple-ff-ffv-adam-100-50-25/epoch-116.pkl
2017-01-25 03:40:18,176 INFO     epoch: 116 took 189.061s (87.060s in batching)
training loss:	0.576373
validation loss:	0.600344
validation error:	0.320976
2017-01-25 03:40:18,192 INFO     Wrote output to trainNN/out/v044-unified-2-g35d999d-dirty:simple-ff-ffv-adam-100-50-25/config.json
2017-01-25 03:43:08,283 INFO     Saving network params to trainNN/out/v044-unified-2-g35d999d-dirty:simple-ff-ffv-adam-100-50-25/epoch-117.pkl
2017-01-25 03:43:23,400 INFO     epoch: 117 took 185.223s (87.237s in batching)
training loss:	0.576340
validation loss:	0.600262
validation error:	0.322300
2017-01-25 03:43:23,514 INFO     Wrote output to trainNN/out/v044-unified-2-g35d999d-dirty:simple-ff-ffv-adam-100-50-25/config.json
2017-01-25 03:46:16,138 INFO     Saving network params to trainNN/out/v044-unified-2-g35d999d-dirty:simple-ff-ffv-adam-100-50-25/epoch-118.pkl
2017-01-25 03:46:33,000 INFO     epoch: 118 took 189.601s (87.430s in batching)
training loss:	0.576279
validation loss:	0.597501
validation error:	0.320570
2017-01-25 03:46:33,020 INFO     Wrote output to trainNN/out/v044-unified-2-g35d999d-dirty:simple-ff-ffv-adam-100-50-25/config.json
2017-01-25 03:49:24,711 INFO     Saving network params to trainNN/out/v044-unified-2-g35d999d-dirty:simple-ff-ffv-adam-100-50-25/epoch-119.pkl
2017-01-25 03:49:39,620 INFO     epoch: 119 took 186.620s (86.846s in batching)
training loss:	0.576328
validation loss:	0.598593
validation error:	0.318265
2017-01-25 03:49:39,632 INFO     Wrote output to trainNN/out/v044-unified-2-g35d999d-dirty:simple-ff-ffv-adam-100-50-25/config.json
2017-01-25 03:52:26,082 INFO     Saving network params to trainNN/out/v044-unified-2-g35d999d-dirty:simple-ff-ffv-adam-100-50-25/epoch-120.pkl
2017-01-25 03:52:40,484 INFO     epoch: 120 took 180.864s (85.171s in batching)
training loss:	0.576293
validation loss:	0.597958
validation error:	0.318632
2017-01-25 03:52:40,491 INFO     Wrote output to trainNN/out/v044-unified-2-g35d999d-dirty:simple-ff-ffv-adam-100-50-25/config.json
2017-01-25 03:55:26,601 INFO     Saving network params to trainNN/out/v044-unified-2-g35d999d-dirty:simple-ff-ffv-adam-100-50-25/epoch-121.pkl
2017-01-25 03:55:41,512 INFO     epoch: 121 took 181.029s (85.515s in batching)
training loss:	0.576147
validation loss:	0.599877
validation error:	0.320833
2017-01-25 03:55:41,520 INFO     Wrote output to trainNN/out/v044-unified-2-g35d999d-dirty:simple-ff-ffv-adam-100-50-25/config.json
2017-01-25 03:58:31,374 INFO     Saving network params to trainNN/out/v044-unified-2-g35d999d-dirty:simple-ff-ffv-adam-100-50-25/epoch-122.pkl
2017-01-25 03:58:45,806 INFO     epoch: 122 took 184.294s (86.105s in batching)
training loss:	0.576257
validation loss:	0.597355
validation error:	0.318746
2017-01-25 03:58:45,835 INFO     Wrote output to trainNN/out/v044-unified-2-g35d999d-dirty:simple-ff-ffv-adam-100-50-25/config.json
2017-01-25 04:01:33,719 INFO     Saving network params to trainNN/out/v044-unified-2-g35d999d-dirty:simple-ff-ffv-adam-100-50-25/epoch-123.pkl
2017-01-25 04:01:48,721 INFO     epoch: 123 took 182.915s (85.978s in batching)
training loss:	0.576206
validation loss:	0.599867
validation error:	0.320183
2017-01-25 04:01:48,728 INFO     Wrote output to trainNN/out/v044-unified-2-g35d999d-dirty:simple-ff-ffv-adam-100-50-25/config.json
2017-01-25 04:04:38,170 INFO     Saving network params to trainNN/out/v044-unified-2-g35d999d-dirty:simple-ff-ffv-adam-100-50-25/epoch-124.pkl
2017-01-25 04:04:52,841 INFO     epoch: 124 took 184.120s (86.035s in batching)
training loss:	0.576070
validation loss:	0.599755
validation error:	0.321631
2017-01-25 04:04:52,856 INFO     Wrote output to trainNN/out/v044-unified-2-g35d999d-dirty:simple-ff-ffv-adam-100-50-25/config.json
2017-01-25 04:07:40,467 INFO     Saving network params to trainNN/out/v044-unified-2-g35d999d-dirty:simple-ff-ffv-adam-100-50-25/epoch-125.pkl
2017-01-25 04:07:55,403 INFO     epoch: 125 took 182.562s (86.763s in batching)
training loss:	0.576069
validation loss:	0.598863
validation error:	0.319489
2017-01-25 04:07:55,423 INFO     Wrote output to trainNN/out/v044-unified-2-g35d999d-dirty:simple-ff-ffv-adam-100-50-25/config.json
2017-01-25 04:10:47,367 INFO     Saving network params to trainNN/out/v044-unified-2-g35d999d-dirty:simple-ff-ffv-adam-100-50-25/epoch-126.pkl
2017-01-25 04:11:02,590 INFO     epoch: 126 took 187.187s (87.611s in batching)
training loss:	0.576126
validation loss:	0.600258
validation error:	0.319856
2017-01-25 04:11:02,597 INFO     Wrote output to trainNN/out/v044-unified-2-g35d999d-dirty:simple-ff-ffv-adam-100-50-25/config.json
2017-01-25 04:13:53,134 INFO     Saving network params to trainNN/out/v044-unified-2-g35d999d-dirty:simple-ff-ffv-adam-100-50-25/epoch-127.pkl
2017-01-25 04:14:07,823 INFO     epoch: 127 took 185.217s (87.219s in batching)
training loss:	0.576026
validation loss:	0.598183
validation error:	0.318944
2017-01-25 04:14:07,844 INFO     Wrote output to trainNN/out/v044-unified-2-g35d999d-dirty:simple-ff-ffv-adam-100-50-25/config.json
2017-01-25 04:16:55,850 INFO     Saving network params to trainNN/out/v044-unified-2-g35d999d-dirty:simple-ff-ffv-adam-100-50-25/epoch-128.pkl
2017-01-25 04:17:10,927 INFO     epoch: 128 took 183.121s (86.956s in batching)
training loss:	0.575939
validation loss:	0.597464
validation error:	0.318082
2017-01-25 04:17:10,948 INFO     Wrote output to trainNN/out/v044-unified-2-g35d999d-dirty:simple-ff-ffv-adam-100-50-25/config.json
2017-01-25 04:20:01,520 INFO     Saving network params to trainNN/out/v044-unified-2-g35d999d-dirty:simple-ff-ffv-adam-100-50-25/epoch-129.pkl
2017-01-25 04:20:16,874 INFO     epoch: 129 took 185.946s (87.228s in batching)
training loss:	0.575964
validation loss:	0.601030
validation error:	0.321824
2017-01-25 04:20:16,889 INFO     Wrote output to trainNN/out/v044-unified-2-g35d999d-dirty:simple-ff-ffv-adam-100-50-25/config.json
2017-01-25 04:23:05,141 INFO     Saving network params to trainNN/out/v044-unified-2-g35d999d-dirty:simple-ff-ffv-adam-100-50-25/epoch-130.pkl
2017-01-25 04:23:20,262 INFO     epoch: 130 took 183.388s (87.232s in batching)
training loss:	0.575810
validation loss:	0.600633
validation error:	0.320149
2017-01-25 04:23:20,269 INFO     Wrote output to trainNN/out/v044-unified-2-g35d999d-dirty:simple-ff-ffv-adam-100-50-25/config.json
2017-01-25 04:26:10,210 INFO     Saving network params to trainNN/out/v044-unified-2-g35d999d-dirty:simple-ff-ffv-adam-100-50-25/epoch-131.pkl
2017-01-25 04:26:25,106 INFO     epoch: 131 took 184.844s (87.063s in batching)
training loss:	0.575800
validation loss:	0.600493
validation error:	0.320025
2017-01-25 04:26:25,136 INFO     Wrote output to trainNN/out/v044-unified-2-g35d999d-dirty:simple-ff-ffv-adam-100-50-25/config.json
2017-01-25 04:29:13,210 INFO     Saving network params to trainNN/out/v044-unified-2-g35d999d-dirty:simple-ff-ffv-adam-100-50-25/epoch-132.pkl
2017-01-25 04:29:28,008 INFO     epoch: 132 took 182.902s (86.877s in batching)
training loss:	0.575676
validation loss:	0.598534
validation error:	0.318622
2017-01-25 04:29:28,021 INFO     Wrote output to trainNN/out/v044-unified-2-g35d999d-dirty:simple-ff-ffv-adam-100-50-25/config.json
2017-01-25 04:32:19,261 INFO     Saving network params to trainNN/out/v044-unified-2-g35d999d-dirty:simple-ff-ffv-adam-100-50-25/epoch-133.pkl
2017-01-25 04:32:34,365 INFO     epoch: 133 took 186.357s (87.029s in batching)
training loss:	0.575829
validation loss:	0.600071
validation error:	0.321720
2017-01-25 04:32:34,392 INFO     Wrote output to trainNN/out/v044-unified-2-g35d999d-dirty:simple-ff-ffv-adam-100-50-25/config.json
2017-01-25 04:35:28,211 INFO     Saving network params to trainNN/out/v044-unified-2-g35d999d-dirty:simple-ff-ffv-adam-100-50-25/epoch-134.pkl
2017-01-25 04:35:43,216 INFO     epoch: 134 took 188.850s (87.698s in batching)
training loss:	0.575786
validation loss:	0.600887
validation error:	0.322057
2017-01-25 04:35:43,233 INFO     Wrote output to trainNN/out/v044-unified-2-g35d999d-dirty:simple-ff-ffv-adam-100-50-25/config.json
2017-01-25 04:38:33,324 INFO     Saving network params to trainNN/out/v044-unified-2-g35d999d-dirty:simple-ff-ffv-adam-100-50-25/epoch-135.pkl
2017-01-25 04:38:48,326 INFO     epoch: 135 took 185.082s (87.117s in batching)
training loss:	0.575767
validation loss:	0.600661
validation error:	0.322211
2017-01-25 04:38:48,355 INFO     Wrote output to trainNN/out/v044-unified-2-g35d999d-dirty:simple-ff-ffv-adam-100-50-25/config.json
2017-01-25 04:41:40,783 INFO     Saving network params to trainNN/out/v044-unified-2-g35d999d-dirty:simple-ff-ffv-adam-100-50-25/epoch-136.pkl
2017-01-25 04:41:55,756 INFO     epoch: 136 took 187.458s (87.156s in batching)
training loss:	0.575784
validation loss:	0.600701
validation error:	0.322919
2017-01-25 04:41:55,773 INFO     Wrote output to trainNN/out/v044-unified-2-g35d999d-dirty:simple-ff-ffv-adam-100-50-25/config.json
2017-01-25 04:44:47,967 INFO     Saving network params to trainNN/out/v044-unified-2-g35d999d-dirty:simple-ff-ffv-adam-100-50-25/epoch-137.pkl
2017-01-25 04:45:02,795 INFO     epoch: 137 took 187.039s (87.063s in batching)
training loss:	0.575745
validation loss:	0.600459
validation error:	0.320297
2017-01-25 04:45:02,816 INFO     Wrote output to trainNN/out/v044-unified-2-g35d999d-dirty:simple-ff-ffv-adam-100-50-25/config.json
2017-01-25 04:47:54,286 INFO     Saving network params to trainNN/out/v044-unified-2-g35d999d-dirty:simple-ff-ffv-adam-100-50-25/epoch-138.pkl
2017-01-25 04:48:09,238 INFO     epoch: 138 took 186.443s (86.776s in batching)
training loss:	0.575713
validation loss:	0.604678
validation error:	0.321799
2017-01-25 04:48:09,259 INFO     Wrote output to trainNN/out/v044-unified-2-g35d999d-dirty:simple-ff-ffv-adam-100-50-25/config.json
2017-01-25 04:51:01,097 INFO     Saving network params to trainNN/out/v044-unified-2-g35d999d-dirty:simple-ff-ffv-adam-100-50-25/epoch-139.pkl
2017-01-25 04:51:16,023 INFO     epoch: 139 took 186.785s (86.823s in batching)
training loss:	0.575563
validation loss:	0.599100
validation error:	0.318364
2017-01-25 04:51:16,043 INFO     Wrote output to trainNN/out/v044-unified-2-g35d999d-dirty:simple-ff-ffv-adam-100-50-25/config.json
2017-01-25 04:54:07,091 INFO     Saving network params to trainNN/out/v044-unified-2-g35d999d-dirty:simple-ff-ffv-adam-100-50-25/epoch-140.pkl
2017-01-25 04:54:21,765 INFO     epoch: 140 took 185.741s (86.761s in batching)
training loss:	0.575508
validation loss:	0.600222
validation error:	0.321427
2017-01-25 04:54:21,782 INFO     Wrote output to trainNN/out/v044-unified-2-g35d999d-dirty:simple-ff-ffv-adam-100-50-25/config.json
2017-01-25 04:57:13,479 INFO     Saving network params to trainNN/out/v044-unified-2-g35d999d-dirty:simple-ff-ffv-adam-100-50-25/epoch-141.pkl
2017-01-25 04:57:28,430 INFO     epoch: 141 took 186.665s (87.039s in batching)
training loss:	0.575464
validation loss:	0.600209
validation error:	0.321214
2017-01-25 04:57:28,448 INFO     Wrote output to trainNN/out/v044-unified-2-g35d999d-dirty:simple-ff-ffv-adam-100-50-25/config.json
2017-01-25 05:00:21,156 INFO     Saving network params to trainNN/out/v044-unified-2-g35d999d-dirty:simple-ff-ffv-adam-100-50-25/epoch-142.pkl
2017-01-25 05:00:36,136 INFO     epoch: 142 took 187.706s (87.196s in batching)
training loss:	0.575503
validation loss:	0.598524
validation error:	0.319564
2017-01-25 05:00:36,145 INFO     Wrote output to trainNN/out/v044-unified-2-g35d999d-dirty:simple-ff-ffv-adam-100-50-25/config.json
2017-01-25 05:03:29,880 INFO     Saving network params to trainNN/out/v044-unified-2-g35d999d-dirty:simple-ff-ffv-adam-100-50-25/epoch-143.pkl
2017-01-25 05:03:44,999 INFO     epoch: 143 took 188.863s (87.694s in batching)
training loss:	0.575316
validation loss:	0.602450
validation error:	0.324377
2017-01-25 05:03:45,018 INFO     Wrote output to trainNN/out/v044-unified-2-g35d999d-dirty:simple-ff-ffv-adam-100-50-25/config.json
2017-01-25 05:06:38,333 INFO     Saving network params to trainNN/out/v044-unified-2-g35d999d-dirty:simple-ff-ffv-adam-100-50-25/epoch-144.pkl
2017-01-25 05:06:53,325 INFO     epoch: 144 took 188.326s (87.428s in batching)
training loss:	0.575390
validation loss:	0.598042
validation error:	0.319985
2017-01-25 05:06:53,345 INFO     Wrote output to trainNN/out/v044-unified-2-g35d999d-dirty:simple-ff-ffv-adam-100-50-25/config.json
2017-01-25 05:09:47,111 INFO     Saving network params to trainNN/out/v044-unified-2-g35d999d-dirty:simple-ff-ffv-adam-100-50-25/epoch-145.pkl
2017-01-25 05:10:02,112 INFO     epoch: 145 took 188.787s (87.264s in batching)
training loss:	0.575324
validation loss:	0.599004
validation error:	0.317705
2017-01-25 05:10:02,144 INFO     Wrote output to trainNN/out/v044-unified-2-g35d999d-dirty:simple-ff-ffv-adam-100-50-25/config.json
2017-01-25 05:12:55,918 INFO     Saving network params to trainNN/out/v044-unified-2-g35d999d-dirty:simple-ff-ffv-adam-100-50-25/epoch-146.pkl
2017-01-25 05:13:10,965 INFO     epoch: 146 took 188.853s (87.385s in batching)
training loss:	0.575313
validation loss:	0.599737
validation error:	0.320644
2017-01-25 05:13:10,973 INFO     Wrote output to trainNN/out/v044-unified-2-g35d999d-dirty:simple-ff-ffv-adam-100-50-25/config.json
2017-01-25 05:16:04,162 INFO     Saving network params to trainNN/out/v044-unified-2-g35d999d-dirty:simple-ff-ffv-adam-100-50-25/epoch-147.pkl
2017-01-25 05:16:19,400 INFO     epoch: 147 took 188.435s (87.010s in batching)
training loss:	0.575316
validation loss:	0.598987
validation error:	0.321284
2017-01-25 05:16:19,419 INFO     Wrote output to trainNN/out/v044-unified-2-g35d999d-dirty:simple-ff-ffv-adam-100-50-25/config.json
2017-01-25 05:19:13,509 INFO     Saving network params to trainNN/out/v044-unified-2-g35d999d-dirty:simple-ff-ffv-adam-100-50-25/epoch-148.pkl
2017-01-25 05:19:28,510 INFO     epoch: 148 took 189.110s (87.375s in batching)
training loss:	0.575225
validation loss:	0.599156
validation error:	0.320332
2017-01-25 05:19:28,518 INFO     Wrote output to trainNN/out/v044-unified-2-g35d999d-dirty:simple-ff-ffv-adam-100-50-25/config.json
2017-01-25 05:22:21,626 INFO     Saving network params to trainNN/out/v044-unified-2-g35d999d-dirty:simple-ff-ffv-adam-100-50-25/epoch-149.pkl
2017-01-25 05:22:36,689 INFO     epoch: 149 took 188.179s (87.062s in batching)
training loss:	0.575111
validation loss:	0.599837
validation error:	0.319004
2017-01-25 05:22:36,708 INFO     Wrote output to trainNN/out/v044-unified-2-g35d999d-dirty:simple-ff-ffv-adam-100-50-25/config.json
2017-01-25 05:25:29,025 INFO     Saving network params to trainNN/out/v044-unified-2-g35d999d-dirty:simple-ff-ffv-adam-100-50-25/epoch-150.pkl
2017-01-25 05:25:44,149 INFO     epoch: 150 took 187.460s (86.808s in batching)
training loss:	0.575092
validation loss:	0.599483
validation error:	0.319950
2017-01-25 05:25:44,157 INFO     Wrote output to trainNN/out/v044-unified-2-g35d999d-dirty:simple-ff-ffv-adam-100-50-25/config.json
2017-01-25 05:28:36,983 INFO     Saving network params to trainNN/out/v044-unified-2-g35d999d-dirty:simple-ff-ffv-adam-100-50-25/epoch-151.pkl
2017-01-25 05:28:52,032 INFO     epoch: 151 took 187.883s (87.027s in batching)
training loss:	0.575078
validation loss:	0.597174
validation error:	0.319598
2017-01-25 05:28:52,053 INFO     Wrote output to trainNN/out/v044-unified-2-g35d999d-dirty:simple-ff-ffv-adam-100-50-25/config.json
2017-01-25 05:31:44,958 INFO     Saving network params to trainNN/out/v044-unified-2-g35d999d-dirty:simple-ff-ffv-adam-100-50-25/epoch-152.pkl
2017-01-25 05:31:59,998 INFO     epoch: 152 took 187.966s (87.203s in batching)
training loss:	0.575174
validation loss:	0.601650
validation error:	0.319851
2017-01-25 05:32:00,008 INFO     Wrote output to trainNN/out/v044-unified-2-g35d999d-dirty:simple-ff-ffv-adam-100-50-25/config.json
2017-01-25 05:34:53,894 INFO     Saving network params to trainNN/out/v044-unified-2-g35d999d-dirty:simple-ff-ffv-adam-100-50-25/epoch-153.pkl
2017-01-25 05:35:08,979 INFO     epoch: 153 took 188.980s (87.445s in batching)
training loss:	0.575110
validation loss:	0.601868
validation error:	0.319455
2017-01-25 05:35:08,987 INFO     Wrote output to trainNN/out/v044-unified-2-g35d999d-dirty:simple-ff-ffv-adam-100-50-25/config.json
2017-01-25 05:38:01,977 INFO     Saving network params to trainNN/out/v044-unified-2-g35d999d-dirty:simple-ff-ffv-adam-100-50-25/epoch-154.pkl
2017-01-25 05:38:17,028 INFO     epoch: 154 took 188.050s (87.097s in batching)
training loss:	0.575148
validation loss:	0.599467
validation error:	0.317507
2017-01-25 05:38:17,039 INFO     Wrote output to trainNN/out/v044-unified-2-g35d999d-dirty:simple-ff-ffv-adam-100-50-25/config.json
2017-01-25 05:41:09,789 INFO     Saving network params to trainNN/out/v044-unified-2-g35d999d-dirty:simple-ff-ffv-adam-100-50-25/epoch-155.pkl
2017-01-25 05:41:24,990 INFO     epoch: 155 took 187.962s (87.196s in batching)
training loss:	0.575043
validation loss:	0.601951
validation error:	0.320942
2017-01-25 05:41:24,999 INFO     Wrote output to trainNN/out/v044-unified-2-g35d999d-dirty:simple-ff-ffv-adam-100-50-25/config.json
2017-01-25 05:44:18,412 INFO     Saving network params to trainNN/out/v044-unified-2-g35d999d-dirty:simple-ff-ffv-adam-100-50-25/epoch-156.pkl
2017-01-25 05:44:33,411 INFO     epoch: 156 took 188.421s (87.266s in batching)
training loss:	0.574990
validation loss:	0.599943
validation error:	0.320927
2017-01-25 05:44:33,419 INFO     Wrote output to trainNN/out/v044-unified-2-g35d999d-dirty:simple-ff-ffv-adam-100-50-25/config.json
2017-01-25 05:47:25,439 INFO     Saving network params to trainNN/out/v044-unified-2-g35d999d-dirty:simple-ff-ffv-adam-100-50-25/epoch-157.pkl
2017-01-25 05:47:40,625 INFO     epoch: 157 took 187.214s (87.006s in batching)
training loss:	0.574987
validation loss:	0.597622
validation error:	0.319261
2017-01-25 05:47:40,642 INFO     Wrote output to trainNN/out/v044-unified-2-g35d999d-dirty:simple-ff-ffv-adam-100-50-25/config.json
2017-01-25 05:50:33,065 INFO     Saving network params to trainNN/out/v044-unified-2-g35d999d-dirty:simple-ff-ffv-adam-100-50-25/epoch-158.pkl
2017-01-25 05:50:48,042 INFO     epoch: 158 took 187.417s (87.010s in batching)
training loss:	0.575008
validation loss:	0.604558
validation error:	0.320793
2017-01-25 05:50:48,071 INFO     Wrote output to trainNN/out/v044-unified-2-g35d999d-dirty:simple-ff-ffv-adam-100-50-25/config.json
2017-01-25 05:53:40,994 INFO     Saving network params to trainNN/out/v044-unified-2-g35d999d-dirty:simple-ff-ffv-adam-100-50-25/epoch-159.pkl
2017-01-25 05:53:55,837 INFO     epoch: 159 took 187.795s (86.829s in batching)
training loss:	0.574916
validation loss:	0.598639
validation error:	0.320347
2017-01-25 05:53:55,852 INFO     Wrote output to trainNN/out/v044-unified-2-g35d999d-dirty:simple-ff-ffv-adam-100-50-25/config.json
2017-01-25 05:56:47,437 INFO     Saving network params to trainNN/out/v044-unified-2-g35d999d-dirty:simple-ff-ffv-adam-100-50-25/epoch-160.pkl
2017-01-25 05:57:02,200 INFO     epoch: 160 took 186.363s (87.989s in batching)
training loss:	0.574928
validation loss:	0.601432
validation error:	0.318984
2017-01-25 05:57:02,216 INFO     Wrote output to trainNN/out/v044-unified-2-g35d999d-dirty:simple-ff-ffv-adam-100-50-25/config.json
2017-01-25 06:00:08,382 INFO     Saving network params to trainNN/out/v044-unified-2-g35d999d-dirty:simple-ff-ffv-adam-100-50-25/epoch-161.pkl
2017-01-25 06:00:49,816 INFO     epoch: 161 took 227.613s (100.085s in batching)
training loss:	0.574899
validation loss:	0.599349
validation error:	0.322449
2017-01-25 06:00:50,201 INFO     Wrote output to trainNN/out/v044-unified-2-g35d999d-dirty:simple-ff-ffv-adam-100-50-25/config.json
2017-01-25 06:03:53,876 INFO     Saving network params to trainNN/out/v044-unified-2-g35d999d-dirty:simple-ff-ffv-adam-100-50-25/epoch-162.pkl
2017-01-25 06:04:10,486 INFO     epoch: 162 took 200.673s (89.011s in batching)
training loss:	0.574889
validation loss:	0.598254
validation error:	0.321418
2017-01-25 06:04:10,504 INFO     Wrote output to trainNN/out/v044-unified-2-g35d999d-dirty:simple-ff-ffv-adam-100-50-25/config.json
2017-01-25 06:07:14,684 INFO     Saving network params to trainNN/out/v044-unified-2-g35d999d-dirty:simple-ff-ffv-adam-100-50-25/epoch-163.pkl
2017-01-25 06:07:31,198 INFO     epoch: 163 took 200.713s (86.380s in batching)
training loss:	0.574798
validation loss:	0.599957
validation error:	0.321175
2017-01-25 06:07:31,286 INFO     Wrote output to trainNN/out/v044-unified-2-g35d999d-dirty:simple-ff-ffv-adam-100-50-25/config.json
2017-01-25 06:10:35,573 INFO     Saving network params to trainNN/out/v044-unified-2-g35d999d-dirty:simple-ff-ffv-adam-100-50-25/epoch-164.pkl
2017-01-25 06:10:51,770 INFO     epoch: 164 took 200.571s (86.769s in batching)
training loss:	0.574705
validation loss:	0.600449
validation error:	0.319807
2017-01-25 06:10:51,778 INFO     Wrote output to trainNN/out/v044-unified-2-g35d999d-dirty:simple-ff-ffv-adam-100-50-25/config.json
2017-01-25 06:13:56,233 INFO     Saving network params to trainNN/out/v044-unified-2-g35d999d-dirty:simple-ff-ffv-adam-100-50-25/epoch-165.pkl
2017-01-25 06:14:12,826 INFO     epoch: 165 took 201.057s (87.331s in batching)
training loss:	0.574787
validation loss:	0.599998
validation error:	0.321442
2017-01-25 06:14:12,835 INFO     Wrote output to trainNN/out/v044-unified-2-g35d999d-dirty:simple-ff-ffv-adam-100-50-25/config.json
2017-01-25 06:17:17,312 INFO     Saving network params to trainNN/out/v044-unified-2-g35d999d-dirty:simple-ff-ffv-adam-100-50-25/epoch-166.pkl
2017-01-25 06:17:34,052 INFO     epoch: 166 took 201.226s (86.549s in batching)
training loss:	0.574647
validation loss:	0.601778
validation error:	0.322235
2017-01-25 06:17:34,073 INFO     Wrote output to trainNN/out/v044-unified-2-g35d999d-dirty:simple-ff-ffv-adam-100-50-25/config.json
2017-01-25 06:20:38,670 INFO     Saving network params to trainNN/out/v044-unified-2-g35d999d-dirty:simple-ff-ffv-adam-100-50-25/epoch-167.pkl
2017-01-25 06:20:55,556 INFO     epoch: 167 took 201.504s (86.984s in batching)
training loss:	0.574627
validation loss:	0.600694
validation error:	0.321244
2017-01-25 06:20:55,570 INFO     Wrote output to trainNN/out/v044-unified-2-g35d999d-dirty:simple-ff-ffv-adam-100-50-25/config.json
2017-01-25 06:23:59,254 INFO     Saving network params to trainNN/out/v044-unified-2-g35d999d-dirty:simple-ff-ffv-adam-100-50-25/epoch-168.pkl
2017-01-25 06:24:15,822 INFO     epoch: 168 took 200.266s (86.904s in batching)
training loss:	0.574691
validation loss:	0.605801
validation error:	0.324644
2017-01-25 06:24:15,843 INFO     Wrote output to trainNN/out/v044-unified-2-g35d999d-dirty:simple-ff-ffv-adam-100-50-25/config.json
2017-01-25 06:27:19,960 INFO     Saving network params to trainNN/out/v044-unified-2-g35d999d-dirty:simple-ff-ffv-adam-100-50-25/epoch-169.pkl
2017-01-25 06:27:36,510 INFO     epoch: 169 took 200.688s (86.562s in batching)
training loss:	0.574600
validation loss:	0.600522
validation error:	0.321294
2017-01-25 06:27:36,529 INFO     Wrote output to trainNN/out/v044-unified-2-g35d999d-dirty:simple-ff-ffv-adam-100-50-25/config.json
2017-01-25 06:30:40,788 INFO     Saving network params to trainNN/out/v044-unified-2-g35d999d-dirty:simple-ff-ffv-adam-100-50-25/epoch-170.pkl
2017-01-25 06:30:57,360 INFO     epoch: 170 took 200.850s (87.093s in batching)
training loss:	0.574565
validation loss:	0.597799
validation error:	0.318672
2017-01-25 06:30:57,379 INFO     Wrote output to trainNN/out/v044-unified-2-g35d999d-dirty:simple-ff-ffv-adam-100-50-25/config.json
2017-01-25 06:34:01,776 INFO     Saving network params to trainNN/out/v044-unified-2-g35d999d-dirty:simple-ff-ffv-adam-100-50-25/epoch-171.pkl
2017-01-25 06:34:18,209 INFO     epoch: 171 took 200.848s (86.634s in batching)
training loss:	0.574584
validation loss:	0.600731
validation error:	0.320788
2017-01-25 06:34:18,218 INFO     Wrote output to trainNN/out/v044-unified-2-g35d999d-dirty:simple-ff-ffv-adam-100-50-25/config.json
2017-01-25 06:37:21,793 INFO     Saving network params to trainNN/out/v044-unified-2-g35d999d-dirty:simple-ff-ffv-adam-100-50-25/epoch-172.pkl
2017-01-25 06:37:38,420 INFO     epoch: 172 took 200.211s (86.413s in batching)
training loss:	0.574442
validation loss:	0.602149
validation error:	0.319569
2017-01-25 06:37:38,436 INFO     Wrote output to trainNN/out/v044-unified-2-g35d999d-dirty:simple-ff-ffv-adam-100-50-25/config.json
2017-01-25 06:40:42,187 INFO     Saving network params to trainNN/out/v044-unified-2-g35d999d-dirty:simple-ff-ffv-adam-100-50-25/epoch-173.pkl
2017-01-25 06:40:58,688 INFO     epoch: 173 took 200.268s (86.638s in batching)
training loss:	0.574551
validation loss:	0.598760
validation error:	0.320991
2017-01-25 06:40:58,704 INFO     Wrote output to trainNN/out/v044-unified-2-g35d999d-dirty:simple-ff-ffv-adam-100-50-25/config.json
2017-01-25 06:44:02,481 INFO     Saving network params to trainNN/out/v044-unified-2-g35d999d-dirty:simple-ff-ffv-adam-100-50-25/epoch-174.pkl
2017-01-25 06:44:18,923 INFO     epoch: 174 took 200.235s (86.738s in batching)
training loss:	0.574481
validation loss:	0.601328
validation error:	0.320074
2017-01-25 06:44:18,943 INFO     Wrote output to trainNN/out/v044-unified-2-g35d999d-dirty:simple-ff-ffv-adam-100-50-25/config.json
2017-01-25 06:47:23,144 INFO     Saving network params to trainNN/out/v044-unified-2-g35d999d-dirty:simple-ff-ffv-adam-100-50-25/epoch-175.pkl
2017-01-25 06:47:39,907 INFO     epoch: 175 took 200.985s (86.341s in batching)
training loss:	0.574409
validation loss:	0.600338
validation error:	0.321457
2017-01-25 06:47:39,928 INFO     Wrote output to trainNN/out/v044-unified-2-g35d999d-dirty:simple-ff-ffv-adam-100-50-25/config.json
2017-01-25 06:50:43,593 INFO     Saving network params to trainNN/out/v044-unified-2-g35d999d-dirty:simple-ff-ffv-adam-100-50-25/epoch-176.pkl
2017-01-25 06:51:00,426 INFO     epoch: 176 took 200.519s (87.031s in batching)
training loss:	0.574271
validation loss:	0.603320
validation error:	0.322102
2017-01-25 06:51:00,443 INFO     Wrote output to trainNN/out/v044-unified-2-g35d999d-dirty:simple-ff-ffv-adam-100-50-25/config.json
2017-01-25 06:54:04,753 INFO     Saving network params to trainNN/out/v044-unified-2-g35d999d-dirty:simple-ff-ffv-adam-100-50-25/epoch-177.pkl
2017-01-25 06:54:20,845 INFO     epoch: 177 took 200.418s (86.586s in batching)
training loss:	0.574418
validation loss:	0.601054
validation error:	0.320986
2017-01-25 06:54:20,863 INFO     Wrote output to trainNN/out/v044-unified-2-g35d999d-dirty:simple-ff-ffv-adam-100-50-25/config.json
2017-01-25 06:57:25,253 INFO     Saving network params to trainNN/out/v044-unified-2-g35d999d-dirty:simple-ff-ffv-adam-100-50-25/epoch-178.pkl
2017-01-25 06:57:41,865 INFO     epoch: 178 took 201.020s (86.809s in batching)
training loss:	0.574288
validation loss:	0.598656
validation error:	0.319906
2017-01-25 06:57:41,884 INFO     Wrote output to trainNN/out/v044-unified-2-g35d999d-dirty:simple-ff-ffv-adam-100-50-25/config.json
2017-01-25 07:00:46,821 INFO     Saving network params to trainNN/out/v044-unified-2-g35d999d-dirty:simple-ff-ffv-adam-100-50-25/epoch-179.pkl
2017-01-25 07:01:03,605 INFO     epoch: 179 took 201.739s (86.985s in batching)
training loss:	0.574381
validation loss:	0.601963
validation error:	0.322399
2017-01-25 07:01:03,615 INFO     Wrote output to trainNN/out/v044-unified-2-g35d999d-dirty:simple-ff-ffv-adam-100-50-25/config.json
2017-01-25 07:04:08,774 INFO     Saving network params to trainNN/out/v044-unified-2-g35d999d-dirty:simple-ff-ffv-adam-100-50-25/epoch-180.pkl
2017-01-25 07:04:25,339 INFO     epoch: 180 took 201.734s (86.638s in batching)
training loss:	0.574252
validation loss:	0.600952
validation error:	0.320030
2017-01-25 07:04:25,359 INFO     Wrote output to trainNN/out/v044-unified-2-g35d999d-dirty:simple-ff-ffv-adam-100-50-25/config.json
2017-01-25 07:07:28,866 INFO     Saving network params to trainNN/out/v044-unified-2-g35d999d-dirty:simple-ff-ffv-adam-100-50-25/epoch-181.pkl
2017-01-25 07:07:45,414 INFO     epoch: 181 took 200.075s (86.685s in batching)
training loss:	0.574420
validation loss:	0.601409
validation error:	0.319608
2017-01-25 07:07:45,433 INFO     Wrote output to trainNN/out/v044-unified-2-g35d999d-dirty:simple-ff-ffv-adam-100-50-25/config.json
2017-01-25 07:10:42,715 INFO     Saving network params to trainNN/out/v044-unified-2-g35d999d-dirty:simple-ff-ffv-adam-100-50-25/epoch-182.pkl
2017-01-25 07:10:58,657 INFO     epoch: 182 took 193.243s (87.308s in batching)
training loss:	0.574206
validation loss:	0.599014
validation error:	0.318825
2017-01-25 07:10:58,666 INFO     Wrote output to trainNN/out/v044-unified-2-g35d999d-dirty:simple-ff-ffv-adam-100-50-25/config.json
2017-01-25 07:14:03,576 INFO     Saving network params to trainNN/out/v044-unified-2-g35d999d-dirty:simple-ff-ffv-adam-100-50-25/epoch-183.pkl
2017-01-25 07:14:20,684 INFO     epoch: 183 took 202.027s (86.776s in batching)
training loss:	0.574144
validation loss:	0.599920
validation error:	0.317874
2017-01-25 07:14:20,702 INFO     Wrote output to trainNN/out/v044-unified-2-g35d999d-dirty:simple-ff-ffv-adam-100-50-25/config.json
2017-01-25 07:17:25,957 INFO     Saving network params to trainNN/out/v044-unified-2-g35d999d-dirty:simple-ff-ffv-adam-100-50-25/epoch-184.pkl
2017-01-25 07:17:42,502 INFO     epoch: 184 took 201.818s (86.992s in batching)
training loss:	0.574266
validation loss:	0.599467
validation error:	0.318771
2017-01-25 07:17:42,520 INFO     Wrote output to trainNN/out/v044-unified-2-g35d999d-dirty:simple-ff-ffv-adam-100-50-25/config.json
2017-01-25 07:20:36,032 INFO     Saving network params to trainNN/out/v044-unified-2-g35d999d-dirty:simple-ff-ffv-adam-100-50-25/epoch-185.pkl
2017-01-25 07:20:52,234 INFO     epoch: 185 took 189.732s (86.968s in batching)
training loss:	0.574301
validation loss:	0.598540
validation error:	0.318662
2017-01-25 07:20:52,252 INFO     Wrote output to trainNN/out/v044-unified-2-g35d999d-dirty:simple-ff-ffv-adam-100-50-25/config.json
2017-01-25 07:23:45,933 INFO     Saving network params to trainNN/out/v044-unified-2-g35d999d-dirty:simple-ff-ffv-adam-100-50-25/epoch-186.pkl
2017-01-25 07:24:01,960 INFO     epoch: 186 took 189.726s (87.622s in batching)
training loss:	0.574293
validation loss:	0.600203
validation error:	0.318463
2017-01-25 07:24:01,970 INFO     Wrote output to trainNN/out/v044-unified-2-g35d999d-dirty:simple-ff-ffv-adam-100-50-25/config.json
2017-01-25 07:27:01,169 INFO     Saving network params to trainNN/out/v044-unified-2-g35d999d-dirty:simple-ff-ffv-adam-100-50-25/epoch-187.pkl
2017-01-25 07:27:17,252 INFO     epoch: 187 took 195.291s (88.085s in batching)
training loss:	0.574016
validation loss:	0.599419
validation error:	0.320600
2017-01-25 07:27:17,268 INFO     Wrote output to trainNN/out/v044-unified-2-g35d999d-dirty:simple-ff-ffv-adam-100-50-25/config.json
2017-01-25 07:30:17,205 INFO     Saving network params to trainNN/out/v044-unified-2-g35d999d-dirty:simple-ff-ffv-adam-100-50-25/epoch-188.pkl
2017-01-25 07:30:33,288 INFO     epoch: 188 took 196.036s (88.061s in batching)
training loss:	0.574245
validation loss:	0.599084
validation error:	0.319911
2017-01-25 07:30:33,296 INFO     Wrote output to trainNN/out/v044-unified-2-g35d999d-dirty:simple-ff-ffv-adam-100-50-25/config.json
2017-01-25 07:33:32,074 INFO     Saving network params to trainNN/out/v044-unified-2-g35d999d-dirty:simple-ff-ffv-adam-100-50-25/epoch-189.pkl
2017-01-25 07:33:48,111 INFO     epoch: 189 took 194.824s (88.065s in batching)
training loss:	0.574161
validation loss:	0.601404
validation error:	0.319594
2017-01-25 07:33:48,130 INFO     Wrote output to trainNN/out/v044-unified-2-g35d999d-dirty:simple-ff-ffv-adam-100-50-25/config.json
2017-01-25 07:36:47,577 INFO     Saving network params to trainNN/out/v044-unified-2-g35d999d-dirty:simple-ff-ffv-adam-100-50-25/epoch-190.pkl
2017-01-25 07:37:03,919 INFO     epoch: 190 took 195.807s (88.686s in batching)
training loss:	0.574089
validation loss:	0.602355
validation error:	0.319425
2017-01-25 07:37:03,929 INFO     Wrote output to trainNN/out/v044-unified-2-g35d999d-dirty:simple-ff-ffv-adam-100-50-25/config.json
2017-01-25 07:40:03,117 INFO     Saving network params to trainNN/out/v044-unified-2-g35d999d-dirty:simple-ff-ffv-adam-100-50-25/epoch-191.pkl
2017-01-25 07:40:19,900 INFO     epoch: 191 took 195.982s (88.482s in batching)
training loss:	0.574093
validation loss:	0.599122
validation error:	0.320347
2017-01-25 07:40:19,919 INFO     Wrote output to trainNN/out/v044-unified-2-g35d999d-dirty:simple-ff-ffv-adam-100-50-25/config.json
2017-01-25 07:43:18,815 INFO     Saving network params to trainNN/out/v044-unified-2-g35d999d-dirty:simple-ff-ffv-adam-100-50-25/epoch-192.pkl
2017-01-25 07:43:35,485 INFO     epoch: 192 took 195.585s (88.924s in batching)
training loss:	0.574077
validation loss:	0.600428
validation error:	0.319237
2017-01-25 07:43:35,494 INFO     Wrote output to trainNN/out/v044-unified-2-g35d999d-dirty:simple-ff-ffv-adam-100-50-25/config.json
2017-01-25 07:46:33,867 INFO     Saving network params to trainNN/out/v044-unified-2-g35d999d-dirty:simple-ff-ffv-adam-100-50-25/epoch-193.pkl
2017-01-25 07:46:49,981 INFO     epoch: 193 took 194.496s (88.183s in batching)
training loss:	0.574049
validation loss:	0.607687
validation error:	0.325170
2017-01-25 07:46:49,990 INFO     Wrote output to trainNN/out/v044-unified-2-g35d999d-dirty:simple-ff-ffv-adam-100-50-25/config.json
2017-01-25 07:49:48,054 INFO     Saving network params to trainNN/out/v044-unified-2-g35d999d-dirty:simple-ff-ffv-adam-100-50-25/epoch-194.pkl
2017-01-25 07:50:04,245 INFO     epoch: 194 took 194.264s (88.211s in batching)
training loss:	0.573914
validation loss:	0.607941
validation error:	0.326954
2017-01-25 07:50:04,255 INFO     Wrote output to trainNN/out/v044-unified-2-g35d999d-dirty:simple-ff-ffv-adam-100-50-25/config.json
2017-01-25 07:53:02,591 INFO     Saving network params to trainNN/out/v044-unified-2-g35d999d-dirty:simple-ff-ffv-adam-100-50-25/epoch-195.pkl
2017-01-25 07:53:18,769 INFO     epoch: 195 took 194.524s (87.924s in batching)
training loss:	0.573976
validation loss:	0.600411
validation error:	0.318523
2017-01-25 07:53:18,786 INFO     Wrote output to trainNN/out/v044-unified-2-g35d999d-dirty:simple-ff-ffv-adam-100-50-25/config.json
2017-01-25 07:56:17,427 INFO     Saving network params to trainNN/out/v044-unified-2-g35d999d-dirty:simple-ff-ffv-adam-100-50-25/epoch-196.pkl
2017-01-25 07:56:33,721 INFO     epoch: 196 took 194.952s (88.057s in batching)
training loss:	0.574039
validation loss:	0.601147
validation error:	0.320753
2017-01-25 07:56:33,735 INFO     Wrote output to trainNN/out/v044-unified-2-g35d999d-dirty:simple-ff-ffv-adam-100-50-25/config.json
2017-01-25 07:59:33,508 INFO     Saving network params to trainNN/out/v044-unified-2-g35d999d-dirty:simple-ff-ffv-adam-100-50-25/epoch-197.pkl
2017-01-25 07:59:49,855 INFO     epoch: 197 took 196.134s (88.816s in batching)
training loss:	0.574012
validation loss:	0.602604
validation error:	0.323321
2017-01-25 07:59:49,868 INFO     Wrote output to trainNN/out/v044-unified-2-g35d999d-dirty:simple-ff-ffv-adam-100-50-25/config.json
2017-01-25 08:02:48,732 INFO     Saving network params to trainNN/out/v044-unified-2-g35d999d-dirty:simple-ff-ffv-adam-100-50-25/epoch-198.pkl
2017-01-25 08:03:04,899 INFO     epoch: 198 took 195.044s (88.020s in batching)
training loss:	0.574074
validation loss:	0.601325
validation error:	0.323331
2017-01-25 08:03:04,917 INFO     Wrote output to trainNN/out/v044-unified-2-g35d999d-dirty:simple-ff-ffv-adam-100-50-25/config.json
2017-01-25 08:06:04,211 INFO     Saving network params to trainNN/out/v044-unified-2-g35d999d-dirty:simple-ff-ffv-adam-100-50-25/epoch-199.pkl
2017-01-25 08:06:20,603 INFO     epoch: 199 took 195.704s (88.592s in batching)
training loss:	0.573915
validation loss:	0.599742
validation error:	0.319252
2017-01-25 08:06:20,613 INFO     Wrote output to trainNN/out/v044-unified-2-g35d999d-dirty:simple-ff-ffv-adam-100-50-25/config.json
