2017-01-28 16:04:46,197 DEBUG    version=v046-unified-5-g4fa674c-dirty:lstm-ffv-dropout-inp.2-50.5-20.5
2017-01-28 16:04:46,199 INFO     Open DBase(data/db/all240302-spk.dat, data/db/all240302-spk.idx, mode='r')
2017-01-28 16:05:03,391 DEBUG    getting all bc uttids...configs/lstm-ffv-dropout/lstm-ffv-dropout-inp.2-50.5-20.5.json, train
2017-01-28 16:05:03,391 INFO     Open DBase(data/db/all240302-spk.dat, data/db/all240302-spk.idx, mode='r')
2017-01-28 16:05:10,380 DEBUG    loading cached extracted data from data/cache/extract-17095dffdd75068299ccb5dd895af8ecaa0fbe1575b09b5b1ad4e4febf4d84ae.pickle
2017-01-28 16:05:14,837 DEBUG    set input dim to 9
2017-01-28 16:05:14,837 DEBUG    input dim = 9
2017-01-28 16:05:14,926 DEBUG    shuffling batches
2017-01-28 16:05:51,838 DEBUG    shuffling done
2017-01-28 16:05:51,838 DEBUG    loading data into ram
2017-01-28 16:05:51,897 DEBUG    loading data took 0.059s (cpu: 0.059s)
2017-01-28 16:05:51,897 DEBUG    getting all bc uttids...configs/lstm-ffv-dropout/lstm-ffv-dropout-inp.2-50.5-20.5.json, validate
2017-01-28 16:05:52,133 DEBUG    set input dim to 9
2017-01-28 16:05:52,133 DEBUG    input dim = 9
2017-01-28 16:05:52,575 DEBUG    shuffling batches
2017-01-28 16:05:56,045 DEBUG    shuffling done
2017-01-28 16:05:56,045 DEBUG    loading data into ram
2017-01-28 16:05:56,052 DEBUG    loading data took 0.006s (cpu: 0.006s)
2017-01-28 16:05:57,317 INFO     Training network with 18016 trainable out of 18156 total params.
2017-01-28 16:05:58,303 DEBUG    Using adam with learning_rate=0.001000
2017-01-28 16:06:14,967 DEBUG    Starting training...
2017-01-28 16:12:13,202 INFO     Saving network params to trainNN/out/v046-unified-5-g4fa674c-dirty:lstm-ffv-dropout-inp.2-50.5-20.5/epoch-000.pkl
2017-01-28 16:12:20,322 INFO     epoch: 0 took 365.354s (0.013s in batching)
training loss:	0.656480
validation loss:	0.640760
validation error:	0.373033
2017-01-28 16:12:20,322 INFO     Wrote output to trainNN/out/v046-unified-5-g4fa674c-dirty:lstm-ffv-dropout-inp.2-50.5-20.5/config.json
2017-01-28 16:18:16,587 INFO     Saving network params to trainNN/out/v046-unified-5-g4fa674c-dirty:lstm-ffv-dropout-inp.2-50.5-20.5/epoch-001.pkl
2017-01-28 16:18:23,605 INFO     epoch: 1 took 363.283s (0.011s in batching)
training loss:	0.629494
validation loss:	0.622789
validation error:	0.352915
2017-01-28 16:18:23,605 INFO     Wrote output to trainNN/out/v046-unified-5-g4fa674c-dirty:lstm-ffv-dropout-inp.2-50.5-20.5/config.json
2017-01-28 16:24:17,750 INFO     Saving network params to trainNN/out/v046-unified-5-g4fa674c-dirty:lstm-ffv-dropout-inp.2-50.5-20.5/epoch-002.pkl
2017-01-28 16:24:24,840 INFO     epoch: 2 took 361.236s (0.011s in batching)
training loss:	0.617497
validation loss:	0.615727
validation error:	0.344731
2017-01-28 16:24:24,841 INFO     Wrote output to trainNN/out/v046-unified-5-g4fa674c-dirty:lstm-ffv-dropout-inp.2-50.5-20.5/config.json
2017-01-28 16:30:21,673 INFO     Saving network params to trainNN/out/v046-unified-5-g4fa674c-dirty:lstm-ffv-dropout-inp.2-50.5-20.5/epoch-003.pkl
2017-01-28 16:30:28,812 INFO     epoch: 3 took 363.971s (0.012s in batching)
training loss:	0.610107
validation loss:	0.608390
validation error:	0.338585
2017-01-28 16:30:28,825 INFO     Wrote output to trainNN/out/v046-unified-5-g4fa674c-dirty:lstm-ffv-dropout-inp.2-50.5-20.5/config.json
2017-01-28 16:36:23,304 INFO     Saving network params to trainNN/out/v046-unified-5-g4fa674c-dirty:lstm-ffv-dropout-inp.2-50.5-20.5/epoch-004.pkl
2017-01-28 16:36:30,332 INFO     epoch: 4 took 361.521s (0.012s in batching)
training loss:	0.605296
validation loss:	0.605497
validation error:	0.338491
2017-01-28 16:36:30,333 INFO     Wrote output to trainNN/out/v046-unified-5-g4fa674c-dirty:lstm-ffv-dropout-inp.2-50.5-20.5/config.json
2017-01-28 16:43:01,947 INFO     Saving network params to trainNN/out/v046-unified-5-g4fa674c-dirty:lstm-ffv-dropout-inp.2-50.5-20.5/epoch-005.pkl
2017-01-28 16:43:09,073 INFO     epoch: 5 took 398.740s (0.011s in batching)
training loss:	0.601337
validation loss:	0.601931
validation error:	0.332009
2017-01-28 16:43:09,073 INFO     Wrote output to trainNN/out/v046-unified-5-g4fa674c-dirty:lstm-ffv-dropout-inp.2-50.5-20.5/config.json
2017-01-28 16:49:03,434 INFO     Saving network params to trainNN/out/v046-unified-5-g4fa674c-dirty:lstm-ffv-dropout-inp.2-50.5-20.5/epoch-006.pkl
2017-01-28 16:49:10,576 INFO     epoch: 6 took 361.503s (0.012s in batching)
training loss:	0.597820
validation loss:	0.606637
validation error:	0.336467
2017-01-28 16:49:10,577 INFO     Wrote output to trainNN/out/v046-unified-5-g4fa674c-dirty:lstm-ffv-dropout-inp.2-50.5-20.5/config.json
2017-01-28 16:55:00,903 INFO     Saving network params to trainNN/out/v046-unified-5-g4fa674c-dirty:lstm-ffv-dropout-inp.2-50.5-20.5/epoch-007.pkl
2017-01-28 16:55:07,920 INFO     epoch: 7 took 357.344s (0.012s in batching)
training loss:	0.594153
validation loss:	0.601132
validation error:	0.329759
2017-01-28 16:55:07,920 INFO     Wrote output to trainNN/out/v046-unified-5-g4fa674c-dirty:lstm-ffv-dropout-inp.2-50.5-20.5/config.json
2017-01-28 17:00:57,751 INFO     Saving network params to trainNN/out/v046-unified-5-g4fa674c-dirty:lstm-ffv-dropout-inp.2-50.5-20.5/epoch-008.pkl
2017-01-28 17:01:04,748 INFO     epoch: 8 took 356.829s (0.012s in batching)
training loss:	0.591422
validation loss:	0.602383
validation error:	0.332585
2017-01-28 17:01:04,749 INFO     Wrote output to trainNN/out/v046-unified-5-g4fa674c-dirty:lstm-ffv-dropout-inp.2-50.5-20.5/config.json
2017-01-28 17:06:53,146 INFO     Saving network params to trainNN/out/v046-unified-5-g4fa674c-dirty:lstm-ffv-dropout-inp.2-50.5-20.5/epoch-009.pkl
2017-01-28 17:07:00,145 INFO     epoch: 9 took 355.397s (0.011s in batching)
training loss:	0.588642
validation loss:	0.601655
validation error:	0.330882
2017-01-28 17:07:00,146 INFO     Wrote output to trainNN/out/v046-unified-5-g4fa674c-dirty:lstm-ffv-dropout-inp.2-50.5-20.5/config.json
2017-01-28 17:12:48,442 INFO     Saving network params to trainNN/out/v046-unified-5-g4fa674c-dirty:lstm-ffv-dropout-inp.2-50.5-20.5/epoch-010.pkl
2017-01-28 17:12:55,420 INFO     epoch: 10 took 355.275s (0.011s in batching)
training loss:	0.586866
validation loss:	0.601142
validation error:	0.332948
2017-01-28 17:12:55,421 INFO     Wrote output to trainNN/out/v046-unified-5-g4fa674c-dirty:lstm-ffv-dropout-inp.2-50.5-20.5/config.json
2017-01-28 17:18:43,617 INFO     Saving network params to trainNN/out/v046-unified-5-g4fa674c-dirty:lstm-ffv-dropout-inp.2-50.5-20.5/epoch-011.pkl
2017-01-28 17:18:50,605 INFO     epoch: 11 took 355.185s (0.011s in batching)
training loss:	0.584682
validation loss:	0.601496
validation error:	0.331755
2017-01-28 17:18:50,606 INFO     Wrote output to trainNN/out/v046-unified-5-g4fa674c-dirty:lstm-ffv-dropout-inp.2-50.5-20.5/config.json
2017-01-28 17:24:38,782 INFO     Saving network params to trainNN/out/v046-unified-5-g4fa674c-dirty:lstm-ffv-dropout-inp.2-50.5-20.5/epoch-012.pkl
2017-01-28 17:24:45,784 INFO     epoch: 12 took 355.179s (0.011s in batching)
training loss:	0.582909
validation loss:	0.607585
validation error:	0.338632
2017-01-28 17:24:45,784 INFO     Wrote output to trainNN/out/v046-unified-5-g4fa674c-dirty:lstm-ffv-dropout-inp.2-50.5-20.5/config.json
2017-01-28 17:30:34,108 INFO     Saving network params to trainNN/out/v046-unified-5-g4fa674c-dirty:lstm-ffv-dropout-inp.2-50.5-20.5/epoch-013.pkl
2017-01-28 17:30:41,085 INFO     epoch: 13 took 355.301s (0.010s in batching)
training loss:	0.581436
validation loss:	0.611115
validation error:	0.343830
2017-01-28 17:30:41,085 INFO     Wrote output to trainNN/out/v046-unified-5-g4fa674c-dirty:lstm-ffv-dropout-inp.2-50.5-20.5/config.json
2017-01-28 17:36:30,606 INFO     Saving network params to trainNN/out/v046-unified-5-g4fa674c-dirty:lstm-ffv-dropout-inp.2-50.5-20.5/epoch-014.pkl
2017-01-28 17:36:37,612 INFO     epoch: 14 took 356.527s (0.010s in batching)
training loss:	0.579646
validation loss:	0.604445
validation error:	0.337443
2017-01-28 17:36:37,613 INFO     Wrote output to trainNN/out/v046-unified-5-g4fa674c-dirty:lstm-ffv-dropout-inp.2-50.5-20.5/config.json
2017-01-28 17:42:26,984 INFO     Saving network params to trainNN/out/v046-unified-5-g4fa674c-dirty:lstm-ffv-dropout-inp.2-50.5-20.5/epoch-015.pkl
2017-01-28 17:42:33,977 INFO     epoch: 15 took 356.365s (0.011s in batching)
training loss:	0.578429
validation loss:	0.615294
validation error:	0.342925
2017-01-28 17:42:33,978 INFO     Wrote output to trainNN/out/v046-unified-5-g4fa674c-dirty:lstm-ffv-dropout-inp.2-50.5-20.5/config.json
2017-01-28 17:48:23,812 INFO     Saving network params to trainNN/out/v046-unified-5-g4fa674c-dirty:lstm-ffv-dropout-inp.2-50.5-20.5/epoch-016.pkl
2017-01-28 17:48:30,858 INFO     epoch: 16 took 356.881s (0.010s in batching)
training loss:	0.577189
validation loss:	0.610180
validation error:	0.340693
2017-01-28 17:48:30,859 INFO     Wrote output to trainNN/out/v046-unified-5-g4fa674c-dirty:lstm-ffv-dropout-inp.2-50.5-20.5/config.json
2017-01-28 17:54:23,902 INFO     Saving network params to trainNN/out/v046-unified-5-g4fa674c-dirty:lstm-ffv-dropout-inp.2-50.5-20.5/epoch-017.pkl
2017-01-28 17:54:31,037 INFO     epoch: 17 took 360.179s (0.010s in batching)
training loss:	0.576046
validation loss:	0.613260
validation error:	0.342392
2017-01-28 17:54:31,038 INFO     Wrote output to trainNN/out/v046-unified-5-g4fa674c-dirty:lstm-ffv-dropout-inp.2-50.5-20.5/config.json
2017-01-28 18:00:31,826 INFO     Saving network params to trainNN/out/v046-unified-5-g4fa674c-dirty:lstm-ffv-dropout-inp.2-50.5-20.5/epoch-018.pkl
2017-01-28 18:00:39,328 INFO     epoch: 18 took 368.291s (0.011s in batching)
training loss:	0.574884
validation loss:	0.615402
validation error:	0.347741
2017-01-28 18:00:39,329 INFO     Wrote output to trainNN/out/v046-unified-5-g4fa674c-dirty:lstm-ffv-dropout-inp.2-50.5-20.5/config.json
2017-01-28 18:06:39,575 INFO     Saving network params to trainNN/out/v046-unified-5-g4fa674c-dirty:lstm-ffv-dropout-inp.2-50.5-20.5/epoch-019.pkl
2017-01-28 18:06:46,585 INFO     epoch: 19 took 367.257s (0.011s in batching)
training loss:	0.573956
validation loss:	0.637149
validation error:	0.361486
2017-01-28 18:06:46,586 INFO     Wrote output to trainNN/out/v046-unified-5-g4fa674c-dirty:lstm-ffv-dropout-inp.2-50.5-20.5/config.json
2017-01-28 18:12:39,376 INFO     Saving network params to trainNN/out/v046-unified-5-g4fa674c-dirty:lstm-ffv-dropout-inp.2-50.5-20.5/epoch-020.pkl
2017-01-28 18:12:46,403 INFO     epoch: 20 took 359.818s (0.011s in batching)
training loss:	0.573084
validation loss:	0.643266
validation error:	0.364302
2017-01-28 18:12:46,404 INFO     Wrote output to trainNN/out/v046-unified-5-g4fa674c-dirty:lstm-ffv-dropout-inp.2-50.5-20.5/config.json
2017-01-28 18:18:39,090 INFO     Saving network params to trainNN/out/v046-unified-5-g4fa674c-dirty:lstm-ffv-dropout-inp.2-50.5-20.5/epoch-021.pkl
2017-01-28 18:18:46,132 INFO     epoch: 21 took 359.728s (0.011s in batching)
training loss:	0.572115
validation loss:	0.610075
validation error:	0.340349
2017-01-28 18:18:46,133 INFO     Wrote output to trainNN/out/v046-unified-5-g4fa674c-dirty:lstm-ffv-dropout-inp.2-50.5-20.5/config.json
2017-01-28 18:24:38,170 INFO     Saving network params to trainNN/out/v046-unified-5-g4fa674c-dirty:lstm-ffv-dropout-inp.2-50.5-20.5/epoch-022.pkl
2017-01-28 18:24:45,247 INFO     epoch: 22 took 359.115s (0.011s in batching)
training loss:	0.571273
validation loss:	0.623060
validation error:	0.346679
2017-01-28 18:24:45,248 INFO     Wrote output to trainNN/out/v046-unified-5-g4fa674c-dirty:lstm-ffv-dropout-inp.2-50.5-20.5/config.json
2017-01-28 18:30:37,603 INFO     Saving network params to trainNN/out/v046-unified-5-g4fa674c-dirty:lstm-ffv-dropout-inp.2-50.5-20.5/epoch-023.pkl
2017-01-28 18:30:44,842 INFO     epoch: 23 took 359.595s (0.011s in batching)
training loss:	0.570509
validation loss:	0.627763
validation error:	0.350547
2017-01-28 18:30:44,843 INFO     Wrote output to trainNN/out/v046-unified-5-g4fa674c-dirty:lstm-ffv-dropout-inp.2-50.5-20.5/config.json
2017-01-28 18:36:38,163 INFO     Saving network params to trainNN/out/v046-unified-5-g4fa674c-dirty:lstm-ffv-dropout-inp.2-50.5-20.5/epoch-024.pkl
2017-01-28 18:36:45,193 INFO     epoch: 24 took 360.351s (0.012s in batching)
training loss:	0.569936
validation loss:	0.623769
validation error:	0.346462
2017-01-28 18:36:45,195 INFO     Wrote output to trainNN/out/v046-unified-5-g4fa674c-dirty:lstm-ffv-dropout-inp.2-50.5-20.5/config.json
2017-01-28 18:42:42,390 INFO     Saving network params to trainNN/out/v046-unified-5-g4fa674c-dirty:lstm-ffv-dropout-inp.2-50.5-20.5/epoch-025.pkl
2017-01-28 18:42:49,410 INFO     epoch: 25 took 364.216s (0.011s in batching)
training loss:	0.569211
validation loss:	0.626161
validation error:	0.349608
2017-01-28 18:42:49,411 INFO     Wrote output to trainNN/out/v046-unified-5-g4fa674c-dirty:lstm-ffv-dropout-inp.2-50.5-20.5/config.json
2017-01-28 18:48:42,990 INFO     Saving network params to trainNN/out/v046-unified-5-g4fa674c-dirty:lstm-ffv-dropout-inp.2-50.5-20.5/epoch-026.pkl
2017-01-28 18:48:50,017 INFO     epoch: 26 took 360.608s (0.011s in batching)
training loss:	0.568518
validation loss:	0.626973
validation error:	0.345675
2017-01-28 18:48:50,018 INFO     Wrote output to trainNN/out/v046-unified-5-g4fa674c-dirty:lstm-ffv-dropout-inp.2-50.5-20.5/config.json
2017-01-28 18:54:42,255 INFO     Saving network params to trainNN/out/v046-unified-5-g4fa674c-dirty:lstm-ffv-dropout-inp.2-50.5-20.5/epoch-027.pkl
2017-01-28 18:54:49,298 INFO     epoch: 27 took 359.280s (0.011s in batching)
training loss:	0.567905
validation loss:	0.628850
validation error:	0.347538
2017-01-28 18:54:49,299 INFO     Wrote output to trainNN/out/v046-unified-5-g4fa674c-dirty:lstm-ffv-dropout-inp.2-50.5-20.5/config.json
2017-01-28 19:00:41,406 INFO     Saving network params to trainNN/out/v046-unified-5-g4fa674c-dirty:lstm-ffv-dropout-inp.2-50.5-20.5/epoch-028.pkl
2017-01-28 19:00:48,551 INFO     epoch: 28 took 359.254s (0.011s in batching)
training loss:	0.567204
validation loss:	0.634155
validation error:	0.353151
2017-01-28 19:00:48,552 INFO     Wrote output to trainNN/out/v046-unified-5-g4fa674c-dirty:lstm-ffv-dropout-inp.2-50.5-20.5/config.json
2017-01-28 19:06:43,653 INFO     Saving network params to trainNN/out/v046-unified-5-g4fa674c-dirty:lstm-ffv-dropout-inp.2-50.5-20.5/epoch-029.pkl
2017-01-28 19:06:51,033 INFO     epoch: 29 took 362.482s (0.011s in batching)
training loss:	0.566656
validation loss:	0.635715
validation error:	0.353283
2017-01-28 19:06:51,034 INFO     Wrote output to trainNN/out/v046-unified-5-g4fa674c-dirty:lstm-ffv-dropout-inp.2-50.5-20.5/config.json
2017-01-28 19:12:56,937 INFO     Saving network params to trainNN/out/v046-unified-5-g4fa674c-dirty:lstm-ffv-dropout-inp.2-50.5-20.5/epoch-030.pkl
2017-01-28 19:13:04,360 INFO     epoch: 30 took 373.326s (0.011s in batching)
training loss:	0.566315
validation loss:	0.637788
validation error:	0.352321
2017-01-28 19:13:04,362 INFO     Wrote output to trainNN/out/v046-unified-5-g4fa674c-dirty:lstm-ffv-dropout-inp.2-50.5-20.5/config.json
2017-01-28 19:19:10,157 INFO     Saving network params to trainNN/out/v046-unified-5-g4fa674c-dirty:lstm-ffv-dropout-inp.2-50.5-20.5/epoch-031.pkl
2017-01-28 19:19:18,795 INFO     epoch: 31 took 374.435s (0.011s in batching)
training loss:	0.565900
validation loss:	0.631839
validation error:	0.353406
2017-01-28 19:19:18,799 INFO     Wrote output to trainNN/out/v046-unified-5-g4fa674c-dirty:lstm-ffv-dropout-inp.2-50.5-20.5/config.json
2017-01-28 19:25:24,614 INFO     Saving network params to trainNN/out/v046-unified-5-g4fa674c-dirty:lstm-ffv-dropout-inp.2-50.5-20.5/epoch-032.pkl
2017-01-28 19:25:32,586 INFO     epoch: 32 took 373.789s (0.012s in batching)
training loss:	0.565089
validation loss:	0.637348
validation error:	0.350297
2017-01-28 19:25:32,592 INFO     Wrote output to trainNN/out/v046-unified-5-g4fa674c-dirty:lstm-ffv-dropout-inp.2-50.5-20.5/config.json
2017-01-28 19:31:33,864 INFO     Saving network params to trainNN/out/v046-unified-5-g4fa674c-dirty:lstm-ffv-dropout-inp.2-50.5-20.5/epoch-033.pkl
2017-01-28 19:31:41,323 INFO     epoch: 33 took 368.739s (0.013s in batching)
training loss:	0.564837
validation loss:	0.624300
validation error:	0.344241
2017-01-28 19:31:41,324 INFO     Wrote output to trainNN/out/v046-unified-5-g4fa674c-dirty:lstm-ffv-dropout-inp.2-50.5-20.5/config.json
2017-01-28 19:37:39,394 INFO     Saving network params to trainNN/out/v046-unified-5-g4fa674c-dirty:lstm-ffv-dropout-inp.2-50.5-20.5/epoch-034.pkl
2017-01-28 19:37:46,516 INFO     epoch: 34 took 365.194s (0.011s in batching)
training loss:	0.564954
validation loss:	0.625149
validation error:	0.353877
2017-01-28 19:37:46,518 INFO     Wrote output to trainNN/out/v046-unified-5-g4fa674c-dirty:lstm-ffv-dropout-inp.2-50.5-20.5/config.json
2017-01-28 19:43:48,959 INFO     Saving network params to trainNN/out/v046-unified-5-g4fa674c-dirty:lstm-ffv-dropout-inp.2-50.5-20.5/epoch-035.pkl
2017-01-28 19:43:58,186 INFO     epoch: 35 took 371.669s (0.052s in batching)
training loss:	0.564392
validation loss:	0.639956
validation error:	0.353472
2017-01-28 19:43:58,189 INFO     Wrote output to trainNN/out/v046-unified-5-g4fa674c-dirty:lstm-ffv-dropout-inp.2-50.5-20.5/config.json
2017-01-28 19:49:59,840 INFO     Saving network params to trainNN/out/v046-unified-5-g4fa674c-dirty:lstm-ffv-dropout-inp.2-50.5-20.5/epoch-036.pkl
2017-01-28 19:50:07,161 INFO     epoch: 36 took 368.975s (0.011s in batching)
training loss:	0.563840
validation loss:	0.661401
validation error:	0.362627
2017-01-28 19:50:07,162 INFO     Wrote output to trainNN/out/v046-unified-5-g4fa674c-dirty:lstm-ffv-dropout-inp.2-50.5-20.5/config.json
2017-01-28 19:56:04,801 INFO     Saving network params to trainNN/out/v046-unified-5-g4fa674c-dirty:lstm-ffv-dropout-inp.2-50.5-20.5/epoch-037.pkl
2017-01-28 19:56:12,000 INFO     epoch: 37 took 364.840s (0.011s in batching)
training loss:	0.563382
validation loss:	0.642692
validation error:	0.356377
2017-01-28 19:56:12,001 INFO     Wrote output to trainNN/out/v046-unified-5-g4fa674c-dirty:lstm-ffv-dropout-inp.2-50.5-20.5/config.json
2017-01-28 20:02:36,103 INFO     Saving network params to trainNN/out/v046-unified-5-g4fa674c-dirty:lstm-ffv-dropout-inp.2-50.5-20.5/epoch-038.pkl
2017-01-28 20:03:28,713 INFO     epoch: 38 took 436.713s (0.052s in batching)
training loss:	0.562779
validation loss:	0.632863
validation error:	0.355693
2017-01-28 20:03:28,719 INFO     Wrote output to trainNN/out/v046-unified-5-g4fa674c-dirty:lstm-ffv-dropout-inp.2-50.5-20.5/config.json
2017-01-28 20:10:47,100 INFO     Saving network params to trainNN/out/v046-unified-5-g4fa674c-dirty:lstm-ffv-dropout-inp.2-50.5-20.5/epoch-039.pkl
2017-01-28 20:10:58,047 INFO     epoch: 39 took 449.334s (1.069s in batching)
training loss:	0.562695
validation loss:	0.635063
validation error:	0.354741
2017-01-28 20:10:58,065 INFO     Wrote output to trainNN/out/v046-unified-5-g4fa674c-dirty:lstm-ffv-dropout-inp.2-50.5-20.5/config.json
2017-01-28 20:17:53,589 INFO     Saving network params to trainNN/out/v046-unified-5-g4fa674c-dirty:lstm-ffv-dropout-inp.2-50.5-20.5/epoch-040.pkl
2017-01-28 20:18:06,012 INFO     epoch: 40 took 427.965s (0.248s in batching)
training loss:	0.562094
validation loss:	0.632744
validation error:	0.355571
2017-01-28 20:18:06,019 INFO     Wrote output to trainNN/out/v046-unified-5-g4fa674c-dirty:lstm-ffv-dropout-inp.2-50.5-20.5/config.json
2017-01-28 20:24:27,039 INFO     Saving network params to trainNN/out/v046-unified-5-g4fa674c-dirty:lstm-ffv-dropout-inp.2-50.5-20.5/epoch-041.pkl
2017-01-28 20:24:37,080 INFO     epoch: 41 took 391.067s (0.106s in batching)
training loss:	0.561943
validation loss:	0.659768
validation error:	0.366717
2017-01-28 20:24:37,117 INFO     Wrote output to trainNN/out/v046-unified-5-g4fa674c-dirty:lstm-ffv-dropout-inp.2-50.5-20.5/config.json
2017-01-28 20:30:54,303 INFO     Saving network params to trainNN/out/v046-unified-5-g4fa674c-dirty:lstm-ffv-dropout-inp.2-50.5-20.5/epoch-042.pkl
2017-01-28 20:31:01,370 INFO     epoch: 42 took 384.290s (0.013s in batching)
training loss:	0.561930
validation loss:	0.629733
validation error:	0.353250
2017-01-28 20:31:01,371 INFO     Wrote output to trainNN/out/v046-unified-5-g4fa674c-dirty:lstm-ffv-dropout-inp.2-50.5-20.5/config.json
2017-01-28 20:36:54,147 INFO     Saving network params to trainNN/out/v046-unified-5-g4fa674c-dirty:lstm-ffv-dropout-inp.2-50.5-20.5/epoch-043.pkl
2017-01-28 20:37:01,174 INFO     epoch: 43 took 359.805s (0.011s in batching)
training loss:	0.561354
validation loss:	0.646356
validation error:	0.365887
2017-01-28 20:37:01,175 INFO     Wrote output to trainNN/out/v046-unified-5-g4fa674c-dirty:lstm-ffv-dropout-inp.2-50.5-20.5/config.json
2017-01-28 20:42:51,068 INFO     Saving network params to trainNN/out/v046-unified-5-g4fa674c-dirty:lstm-ffv-dropout-inp.2-50.5-20.5/epoch-044.pkl
2017-01-28 20:42:58,090 INFO     epoch: 44 took 356.917s (0.011s in batching)
training loss:	0.560903
validation loss:	0.635617
validation error:	0.353958
2017-01-28 20:42:58,092 INFO     Wrote output to trainNN/out/v046-unified-5-g4fa674c-dirty:lstm-ffv-dropout-inp.2-50.5-20.5/config.json
2017-01-28 20:48:49,859 INFO     Saving network params to trainNN/out/v046-unified-5-g4fa674c-dirty:lstm-ffv-dropout-inp.2-50.5-20.5/epoch-045.pkl
2017-01-28 20:48:56,866 INFO     epoch: 45 took 358.776s (0.011s in batching)
training loss:	0.560440
validation loss:	0.651208
validation error:	0.367825
2017-01-28 20:48:56,867 INFO     Wrote output to trainNN/out/v046-unified-5-g4fa674c-dirty:lstm-ffv-dropout-inp.2-50.5-20.5/config.json
2017-01-28 20:54:56,276 INFO     Saving network params to trainNN/out/v046-unified-5-g4fa674c-dirty:lstm-ffv-dropout-inp.2-50.5-20.5/epoch-046.pkl
2017-01-28 20:55:03,378 INFO     epoch: 46 took 366.512s (0.011s in batching)
training loss:	0.560194
validation loss:	0.633687
validation error:	0.359363
2017-01-28 20:55:03,380 INFO     Wrote output to trainNN/out/v046-unified-5-g4fa674c-dirty:lstm-ffv-dropout-inp.2-50.5-20.5/config.json
2017-01-28 21:00:54,549 INFO     Saving network params to trainNN/out/v046-unified-5-g4fa674c-dirty:lstm-ffv-dropout-inp.2-50.5-20.5/epoch-047.pkl
2017-01-28 21:01:01,542 INFO     epoch: 47 took 358.164s (0.011s in batching)
training loss:	0.559854
validation loss:	0.642987
validation error:	0.361472
2017-01-28 21:01:01,543 INFO     Wrote output to trainNN/out/v046-unified-5-g4fa674c-dirty:lstm-ffv-dropout-inp.2-50.5-20.5/config.json
