2017-02-05 05:25:23,886 DEBUG    version=v048-finunified-4-ga18ab48:lstm-best-features-power,pitch,ffv,word2vec
2017-02-05 05:25:23,887 INFO     Open DBase(data/db/all240302-spk.dat, data/db/all240302-spk.idx, mode='r')
2017-02-05 05:25:29,604 DEBUG    extracting and saving data to data/cache/extract-cde3a72236f87232569c617e4662801c795cbf20227d160fe880eab79dd4ac41.pickle
2017-02-05 06:53:23,367 DEBUG    set input dim to 14
2017-02-05 06:53:23,385 DEBUG    input dim = 14
2017-02-05 06:53:23,472 DEBUG    shuffling batches
2017-02-05 06:53:49,655 DEBUG    shuffling done
2017-02-05 06:53:49,657 DEBUG    loading data into ram
2017-02-05 06:53:49,763 DEBUG    loading data took 0.106s (cpu: 0.100s)
2017-02-05 06:53:50,946 DEBUG    set input dim to 14
2017-02-05 06:53:50,948 DEBUG    input dim = 14
2017-02-05 06:53:50,980 DEBUG    shuffling batches
2017-02-05 06:53:53,128 DEBUG    shuffling done
2017-02-05 06:53:53,128 DEBUG    loading data into ram
2017-02-05 06:53:53,138 DEBUG    loading data took 0.010s (cpu: 0.010s)
2017-02-05 06:53:53,657 DEBUG    Applying L2 regularization with 0.000100
2017-02-05 06:53:53,787 INFO     Training network with 39027 trainable out of 39237 total params.
2017-02-05 06:54:19,497 DEBUG    Using adam with learning_rate=0.001000
2017-02-05 06:54:43,642 DEBUG    Starting training...
2017-02-05 06:57:33,110 INFO     Saving network params to trainNN/out/v048-finunified-4-ga18ab48:lstm-best-features-power,pitch,ffv,word2vec/epoch-000.pkl
2017-02-05 06:57:50,079 INFO     epoch: 0 took 186.433s (0.001s in batching)
training loss:	0.609405
validation loss:	0.568829
validation error:	0.293300
2017-02-05 06:57:50,103 INFO     Wrote output to trainNN/out/v048-finunified-4-ga18ab48:lstm-best-features-power,pitch,ffv,word2vec/config.json
2017-02-05 07:02:05,766 INFO     Saving network params to trainNN/out/v048-finunified-4-ga18ab48:lstm-best-features-power,pitch,ffv,word2vec/epoch-001.pkl
2017-02-05 07:02:24,661 INFO     epoch: 1 took 274.586s (0.004s in batching)
training loss:	0.576217
validation loss:	0.559611
validation error:	0.286200
2017-02-05 07:02:24,664 INFO     Wrote output to trainNN/out/v048-finunified-4-ga18ab48:lstm-best-features-power,pitch,ffv,word2vec/config.json
2017-02-05 07:06:44,196 INFO     Saving network params to trainNN/out/v048-finunified-4-ga18ab48:lstm-best-features-power,pitch,ffv,word2vec/epoch-002.pkl
2017-02-05 07:07:02,539 INFO     epoch: 2 took 277.878s (0.001s in batching)
training loss:	0.567170
validation loss:	0.552902
validation error:	0.281300
2017-02-05 07:07:02,542 INFO     Wrote output to trainNN/out/v048-finunified-4-ga18ab48:lstm-best-features-power,pitch,ffv,word2vec/config.json
2017-02-05 07:11:20,511 INFO     Saving network params to trainNN/out/v048-finunified-4-ga18ab48:lstm-best-features-power,pitch,ffv,word2vec/epoch-003.pkl
2017-02-05 07:11:37,841 INFO     epoch: 3 took 275.302s (0.001s in batching)
training loss:	0.559924
validation loss:	0.544069
validation error:	0.276300
2017-02-05 07:11:37,854 INFO     Wrote output to trainNN/out/v048-finunified-4-ga18ab48:lstm-best-features-power,pitch,ffv,word2vec/config.json
2017-02-05 07:15:54,757 INFO     Saving network params to trainNN/out/v048-finunified-4-ga18ab48:lstm-best-features-power,pitch,ffv,word2vec/epoch-004.pkl
2017-02-05 07:16:13,228 INFO     epoch: 4 took 275.388s (0.001s in batching)
training loss:	0.553862
validation loss:	0.537021
validation error:	0.268600
2017-02-05 07:16:13,233 INFO     Wrote output to trainNN/out/v048-finunified-4-ga18ab48:lstm-best-features-power,pitch,ffv,word2vec/config.json
2017-02-05 07:20:31,974 INFO     Saving network params to trainNN/out/v048-finunified-4-ga18ab48:lstm-best-features-power,pitch,ffv,word2vec/epoch-005.pkl
2017-02-05 07:20:50,442 INFO     epoch: 5 took 277.214s (0.001s in batching)
training loss:	0.547948
validation loss:	0.534215
validation error:	0.267400
2017-02-05 07:20:50,447 INFO     Wrote output to trainNN/out/v048-finunified-4-ga18ab48:lstm-best-features-power,pitch,ffv,word2vec/config.json
2017-02-05 07:25:08,066 INFO     Saving network params to trainNN/out/v048-finunified-4-ga18ab48:lstm-best-features-power,pitch,ffv,word2vec/epoch-006.pkl
2017-02-05 07:25:25,212 INFO     epoch: 6 took 274.770s (0.001s in batching)
training loss:	0.544661
validation loss:	0.529241
validation error:	0.261800
2017-02-05 07:25:25,217 INFO     Wrote output to trainNN/out/v048-finunified-4-ga18ab48:lstm-best-features-power,pitch,ffv,word2vec/config.json
2017-02-05 07:29:43,792 INFO     Saving network params to trainNN/out/v048-finunified-4-ga18ab48:lstm-best-features-power,pitch,ffv,word2vec/epoch-007.pkl
2017-02-05 07:30:02,509 INFO     epoch: 7 took 277.296s (0.001s in batching)
training loss:	0.541767
validation loss:	0.525050
validation error:	0.259700
2017-02-05 07:30:02,513 INFO     Wrote output to trainNN/out/v048-finunified-4-ga18ab48:lstm-best-features-power,pitch,ffv,word2vec/config.json
2017-02-05 07:34:21,512 INFO     Saving network params to trainNN/out/v048-finunified-4-ga18ab48:lstm-best-features-power,pitch,ffv,word2vec/epoch-008.pkl
2017-02-05 07:34:40,020 INFO     epoch: 8 took 277.511s (0.001s in batching)
training loss:	0.540836
validation loss:	0.526699
validation error:	0.259900
2017-02-05 07:34:40,024 INFO     Wrote output to trainNN/out/v048-finunified-4-ga18ab48:lstm-best-features-power,pitch,ffv,word2vec/config.json
2017-02-05 07:38:56,386 INFO     Saving network params to trainNN/out/v048-finunified-4-ga18ab48:lstm-best-features-power,pitch,ffv,word2vec/epoch-009.pkl
2017-02-05 07:39:13,446 INFO     epoch: 9 took 273.426s (0.001s in batching)
training loss:	0.535438
validation loss:	0.521515
validation error:	0.256000
2017-02-05 07:39:13,451 INFO     Wrote output to trainNN/out/v048-finunified-4-ga18ab48:lstm-best-features-power,pitch,ffv,word2vec/config.json
2017-02-05 07:43:32,822 INFO     Saving network params to trainNN/out/v048-finunified-4-ga18ab48:lstm-best-features-power,pitch,ffv,word2vec/epoch-010.pkl
2017-02-05 07:43:50,451 INFO     epoch: 10 took 277.005s (0.001s in batching)
training loss:	0.533135
validation loss:	0.521661
validation error:	0.251400
2017-02-05 07:43:50,461 INFO     Wrote output to trainNN/out/v048-finunified-4-ga18ab48:lstm-best-features-power,pitch,ffv,word2vec/config.json
2017-02-05 07:48:11,223 INFO     Saving network params to trainNN/out/v048-finunified-4-ga18ab48:lstm-best-features-power,pitch,ffv,word2vec/epoch-011.pkl
2017-02-05 07:48:28,272 INFO     epoch: 11 took 277.820s (0.001s in batching)
training loss:	0.531751
validation loss:	0.521242
validation error:	0.255400
2017-02-05 07:48:28,277 INFO     Wrote output to trainNN/out/v048-finunified-4-ga18ab48:lstm-best-features-power,pitch,ffv,word2vec/config.json
2017-02-05 07:52:44,944 INFO     Saving network params to trainNN/out/v048-finunified-4-ga18ab48:lstm-best-features-power,pitch,ffv,word2vec/epoch-012.pkl
2017-02-05 07:53:02,448 INFO     epoch: 12 took 274.176s (0.001s in batching)
training loss:	0.530116
validation loss:	0.515629
validation error:	0.249700
2017-02-05 07:53:02,453 INFO     Wrote output to trainNN/out/v048-finunified-4-ga18ab48:lstm-best-features-power,pitch,ffv,word2vec/config.json
2017-02-05 07:57:22,153 INFO     Saving network params to trainNN/out/v048-finunified-4-ga18ab48:lstm-best-features-power,pitch,ffv,word2vec/epoch-013.pkl
2017-02-05 07:57:39,475 INFO     epoch: 13 took 277.027s (0.001s in batching)
training loss:	0.528231
validation loss:	0.518840
validation error:	0.252400
2017-02-05 07:57:39,480 INFO     Wrote output to trainNN/out/v048-finunified-4-ga18ab48:lstm-best-features-power,pitch,ffv,word2vec/config.json
2017-02-05 08:01:58,975 INFO     Saving network params to trainNN/out/v048-finunified-4-ga18ab48:lstm-best-features-power,pitch,ffv,word2vec/epoch-014.pkl
2017-02-05 08:02:17,001 INFO     epoch: 14 took 277.526s (0.001s in batching)
training loss:	0.527262
validation loss:	0.522154
validation error:	0.256800
2017-02-05 08:02:17,008 INFO     Wrote output to trainNN/out/v048-finunified-4-ga18ab48:lstm-best-features-power,pitch,ffv,word2vec/config.json
2017-02-05 08:06:32,715 INFO     Saving network params to trainNN/out/v048-finunified-4-ga18ab48:lstm-best-features-power,pitch,ffv,word2vec/epoch-015.pkl
2017-02-05 08:06:51,202 INFO     epoch: 15 took 274.201s (0.001s in batching)
training loss:	0.525358
validation loss:	0.516751
validation error:	0.252900
2017-02-05 08:06:51,212 INFO     Wrote output to trainNN/out/v048-finunified-4-ga18ab48:lstm-best-features-power,pitch,ffv,word2vec/config.json
2017-02-05 08:11:11,655 INFO     Saving network params to trainNN/out/v048-finunified-4-ga18ab48:lstm-best-features-power,pitch,ffv,word2vec/epoch-016.pkl
2017-02-05 08:11:29,697 INFO     epoch: 16 took 278.494s (0.001s in batching)
training loss:	0.523963
validation loss:	0.515076
validation error:	0.252400
2017-02-05 08:11:29,702 INFO     Wrote output to trainNN/out/v048-finunified-4-ga18ab48:lstm-best-features-power,pitch,ffv,word2vec/config.json
2017-02-05 08:15:49,979 INFO     Saving network params to trainNN/out/v048-finunified-4-ga18ab48:lstm-best-features-power,pitch,ffv,word2vec/epoch-017.pkl
2017-02-05 08:16:08,444 INFO     epoch: 17 took 278.748s (0.001s in batching)
training loss:	0.523013
validation loss:	0.513234
validation error:	0.250500
2017-02-05 08:16:08,448 INFO     Wrote output to trainNN/out/v048-finunified-4-ga18ab48:lstm-best-features-power,pitch,ffv,word2vec/config.json
2017-02-05 08:20:22,962 INFO     Saving network params to trainNN/out/v048-finunified-4-ga18ab48:lstm-best-features-power,pitch,ffv,word2vec/epoch-018.pkl
2017-02-05 08:20:41,511 INFO     epoch: 18 took 273.067s (0.001s in batching)
training loss:	0.521650
validation loss:	0.510464
validation error:	0.247700
2017-02-05 08:20:41,516 INFO     Wrote output to trainNN/out/v048-finunified-4-ga18ab48:lstm-best-features-power,pitch,ffv,word2vec/config.json
2017-02-05 08:25:00,817 INFO     Saving network params to trainNN/out/v048-finunified-4-ga18ab48:lstm-best-features-power,pitch,ffv,word2vec/epoch-019.pkl
2017-02-05 08:25:19,165 INFO     epoch: 19 took 277.654s (0.001s in batching)
training loss:	0.521490
validation loss:	0.512985
validation error:	0.246500
2017-02-05 08:25:19,170 INFO     Wrote output to trainNN/out/v048-finunified-4-ga18ab48:lstm-best-features-power,pitch,ffv,word2vec/config.json
2017-02-05 08:29:39,117 INFO     Saving network params to trainNN/out/v048-finunified-4-ga18ab48:lstm-best-features-power,pitch,ffv,word2vec/epoch-020.pkl
2017-02-05 08:29:57,882 INFO     epoch: 20 took 278.717s (0.001s in batching)
training loss:	0.519563
validation loss:	0.519254
validation error:	0.253900
2017-02-05 08:29:57,888 INFO     Wrote output to trainNN/out/v048-finunified-4-ga18ab48:lstm-best-features-power,pitch,ffv,word2vec/config.json
2017-02-05 08:34:13,655 INFO     Saving network params to trainNN/out/v048-finunified-4-ga18ab48:lstm-best-features-power,pitch,ffv,word2vec/epoch-021.pkl
2017-02-05 08:34:32,333 INFO     epoch: 21 took 274.450s (0.001s in batching)
training loss:	0.519414
validation loss:	0.512213
validation error:	0.248500
2017-02-05 08:34:32,339 INFO     Wrote output to trainNN/out/v048-finunified-4-ga18ab48:lstm-best-features-power,pitch,ffv,word2vec/config.json
2017-02-05 08:38:51,017 INFO     Saving network params to trainNN/out/v048-finunified-4-ga18ab48:lstm-best-features-power,pitch,ffv,word2vec/epoch-022.pkl
2017-02-05 08:39:09,478 INFO     epoch: 22 took 277.145s (0.001s in batching)
training loss:	0.517480
validation loss:	0.511299
validation error:	0.250900
2017-02-05 08:39:09,484 INFO     Wrote output to trainNN/out/v048-finunified-4-ga18ab48:lstm-best-features-power,pitch,ffv,word2vec/config.json
2017-02-05 08:43:29,548 INFO     Saving network params to trainNN/out/v048-finunified-4-ga18ab48:lstm-best-features-power,pitch,ffv,word2vec/epoch-023.pkl
2017-02-05 08:43:47,981 INFO     epoch: 23 took 278.503s (0.001s in batching)
training loss:	0.516315
validation loss:	0.506904
validation error:	0.244600
2017-02-05 08:43:47,986 INFO     Wrote output to trainNN/out/v048-finunified-4-ga18ab48:lstm-best-features-power,pitch,ffv,word2vec/config.json
2017-02-05 08:48:02,998 INFO     Saving network params to trainNN/out/v048-finunified-4-ga18ab48:lstm-best-features-power,pitch,ffv,word2vec/epoch-024.pkl
2017-02-05 08:48:21,631 INFO     epoch: 24 took 273.650s (0.001s in batching)
training loss:	0.515263
validation loss:	0.509882
validation error:	0.247100
2017-02-05 08:48:21,637 INFO     Wrote output to trainNN/out/v048-finunified-4-ga18ab48:lstm-best-features-power,pitch,ffv,word2vec/config.json
2017-02-05 08:52:40,961 INFO     Saving network params to trainNN/out/v048-finunified-4-ga18ab48:lstm-best-features-power,pitch,ffv,word2vec/epoch-025.pkl
2017-02-05 08:52:59,519 INFO     epoch: 25 took 277.888s (0.001s in batching)
training loss:	0.515193
validation loss:	0.509084
validation error:	0.247000
2017-02-05 08:52:59,525 INFO     Wrote output to trainNN/out/v048-finunified-4-ga18ab48:lstm-best-features-power,pitch,ffv,word2vec/config.json
2017-02-05 08:57:18,952 INFO     Saving network params to trainNN/out/v048-finunified-4-ga18ab48:lstm-best-features-power,pitch,ffv,word2vec/epoch-026.pkl
2017-02-05 08:57:37,274 INFO     epoch: 26 took 277.755s (0.001s in batching)
training loss:	0.514235
validation loss:	0.508732
validation error:	0.249500
2017-02-05 08:57:37,281 INFO     Wrote output to trainNN/out/v048-finunified-4-ga18ab48:lstm-best-features-power,pitch,ffv,word2vec/config.json
2017-02-05 09:01:53,812 INFO     Saving network params to trainNN/out/v048-finunified-4-ga18ab48:lstm-best-features-power,pitch,ffv,word2vec/epoch-027.pkl
2017-02-05 09:02:12,289 INFO     epoch: 27 took 275.015s (0.001s in batching)
training loss:	0.514008
validation loss:	0.505333
validation error:	0.243000
2017-02-05 09:02:12,295 INFO     Wrote output to trainNN/out/v048-finunified-4-ga18ab48:lstm-best-features-power,pitch,ffv,word2vec/config.json
2017-02-05 09:06:32,098 INFO     Saving network params to trainNN/out/v048-finunified-4-ga18ab48:lstm-best-features-power,pitch,ffv,word2vec/epoch-028.pkl
2017-02-05 09:06:50,756 INFO     epoch: 28 took 278.467s (0.001s in batching)
training loss:	0.513005
validation loss:	0.505890
validation error:	0.243200
2017-02-05 09:06:50,762 INFO     Wrote output to trainNN/out/v048-finunified-4-ga18ab48:lstm-best-features-power,pitch,ffv,word2vec/config.json
2017-02-05 09:11:09,416 INFO     Saving network params to trainNN/out/v048-finunified-4-ga18ab48:lstm-best-features-power,pitch,ffv,word2vec/epoch-029.pkl
2017-02-05 09:11:28,324 INFO     epoch: 29 took 277.568s (0.001s in batching)
training loss:	0.512579
validation loss:	0.508551
validation error:	0.247200
2017-02-05 09:11:28,330 INFO     Wrote output to trainNN/out/v048-finunified-4-ga18ab48:lstm-best-features-power,pitch,ffv,word2vec/config.json
2017-02-05 09:15:44,240 INFO     Saving network params to trainNN/out/v048-finunified-4-ga18ab48:lstm-best-features-power,pitch,ffv,word2vec/epoch-030.pkl
2017-02-05 09:16:02,611 INFO     epoch: 30 took 274.288s (0.001s in batching)
training loss:	0.511681
validation loss:	0.506605
validation error:	0.242200
2017-02-05 09:16:02,617 INFO     Wrote output to trainNN/out/v048-finunified-4-ga18ab48:lstm-best-features-power,pitch,ffv,word2vec/config.json
2017-02-05 09:20:22,141 INFO     Saving network params to trainNN/out/v048-finunified-4-ga18ab48:lstm-best-features-power,pitch,ffv,word2vec/epoch-031.pkl
2017-02-05 09:20:41,278 INFO     epoch: 31 took 278.667s (0.001s in batching)
training loss:	0.511031
validation loss:	0.506509
validation error:	0.242300
2017-02-05 09:20:41,284 INFO     Wrote output to trainNN/out/v048-finunified-4-ga18ab48:lstm-best-features-power,pitch,ffv,word2vec/config.json
2017-02-05 09:25:01,339 INFO     Saving network params to trainNN/out/v048-finunified-4-ga18ab48:lstm-best-features-power,pitch,ffv,word2vec/epoch-032.pkl
2017-02-05 09:25:20,159 INFO     epoch: 32 took 278.881s (0.001s in batching)
training loss:	0.509943
validation loss:	0.507711
validation error:	0.245000
2017-02-05 09:25:20,164 INFO     Wrote output to trainNN/out/v048-finunified-4-ga18ab48:lstm-best-features-power,pitch,ffv,word2vec/config.json
2017-02-05 09:29:36,063 INFO     Saving network params to trainNN/out/v048-finunified-4-ga18ab48:lstm-best-features-power,pitch,ffv,word2vec/epoch-033.pkl
2017-02-05 09:29:54,769 INFO     epoch: 33 took 274.610s (0.001s in batching)
training loss:	0.509651
validation loss:	0.506357
validation error:	0.247900
2017-02-05 09:29:54,775 INFO     Wrote output to trainNN/out/v048-finunified-4-ga18ab48:lstm-best-features-power,pitch,ffv,word2vec/config.json
2017-02-05 09:34:14,259 INFO     Saving network params to trainNN/out/v048-finunified-4-ga18ab48:lstm-best-features-power,pitch,ffv,word2vec/epoch-034.pkl
2017-02-05 09:34:33,164 INFO     epoch: 34 took 278.396s (0.001s in batching)
training loss:	0.509181
validation loss:	0.509051
validation error:	0.243500
2017-02-05 09:34:33,171 INFO     Wrote output to trainNN/out/v048-finunified-4-ga18ab48:lstm-best-features-power,pitch,ffv,word2vec/config.json
2017-02-05 09:38:51,648 INFO     Saving network params to trainNN/out/v048-finunified-4-ga18ab48:lstm-best-features-power,pitch,ffv,word2vec/epoch-035.pkl
2017-02-05 09:39:10,207 INFO     epoch: 35 took 277.043s (0.001s in batching)
training loss:	0.508344
validation loss:	0.507714
validation error:	0.243900
2017-02-05 09:39:10,220 INFO     Wrote output to trainNN/out/v048-finunified-4-ga18ab48:lstm-best-features-power,pitch,ffv,word2vec/config.json
2017-02-05 09:43:25,749 INFO     Saving network params to trainNN/out/v048-finunified-4-ga18ab48:lstm-best-features-power,pitch,ffv,word2vec/epoch-036.pkl
2017-02-05 09:43:44,637 INFO     epoch: 36 took 274.430s (0.001s in batching)
training loss:	0.508245
validation loss:	0.503608
validation error:	0.240700
2017-02-05 09:43:44,642 INFO     Wrote output to trainNN/out/v048-finunified-4-ga18ab48:lstm-best-features-power,pitch,ffv,word2vec/config.json
2017-02-05 09:48:03,612 INFO     Saving network params to trainNN/out/v048-finunified-4-ga18ab48:lstm-best-features-power,pitch,ffv,word2vec/epoch-037.pkl
2017-02-05 09:48:22,142 INFO     epoch: 37 took 277.506s (0.001s in batching)
training loss:	0.506989
validation loss:	0.504792
validation error:	0.242500
2017-02-05 09:48:22,148 INFO     Wrote output to trainNN/out/v048-finunified-4-ga18ab48:lstm-best-features-power,pitch,ffv,word2vec/config.json
2017-02-05 09:52:41,274 INFO     Saving network params to trainNN/out/v048-finunified-4-ga18ab48:lstm-best-features-power,pitch,ffv,word2vec/epoch-038.pkl
2017-02-05 09:52:59,274 INFO     epoch: 38 took 277.132s (0.001s in batching)
training loss:	0.507207
validation loss:	0.506931
validation error:	0.244800
2017-02-05 09:52:59,280 INFO     Wrote output to trainNN/out/v048-finunified-4-ga18ab48:lstm-best-features-power,pitch,ffv,word2vec/config.json
2017-02-05 09:57:14,298 INFO     Saving network params to trainNN/out/v048-finunified-4-ga18ab48:lstm-best-features-power,pitch,ffv,word2vec/epoch-039.pkl
2017-02-05 09:57:30,319 INFO     epoch: 39 took 271.043s (0.001s in batching)
training loss:	0.506572
validation loss:	0.505400
validation error:	0.242500
2017-02-05 09:57:30,325 INFO     Wrote output to trainNN/out/v048-finunified-4-ga18ab48:lstm-best-features-power,pitch,ffv,word2vec/config.json
2017-02-05 10:01:47,826 INFO     Saving network params to trainNN/out/v048-finunified-4-ga18ab48:lstm-best-features-power,pitch,ffv,word2vec/epoch-040.pkl
2017-02-05 10:02:06,526 INFO     epoch: 40 took 276.209s (0.001s in batching)
training loss:	0.505655
validation loss:	0.505210
validation error:	0.240300
2017-02-05 10:02:06,531 INFO     Wrote output to trainNN/out/v048-finunified-4-ga18ab48:lstm-best-features-power,pitch,ffv,word2vec/config.json
2017-02-05 10:06:24,801 INFO     Saving network params to trainNN/out/v048-finunified-4-ga18ab48:lstm-best-features-power,pitch,ffv,word2vec/epoch-041.pkl
2017-02-05 10:06:42,566 INFO     epoch: 41 took 276.040s (0.001s in batching)
training loss:	0.504206
validation loss:	0.502483
validation error:	0.238500
2017-02-05 10:06:42,572 INFO     Wrote output to trainNN/out/v048-finunified-4-ga18ab48:lstm-best-features-power,pitch,ffv,word2vec/config.json
2017-02-05 10:11:00,011 INFO     Saving network params to trainNN/out/v048-finunified-4-ga18ab48:lstm-best-features-power,pitch,ffv,word2vec/epoch-042.pkl
2017-02-05 10:11:18,749 INFO     epoch: 42 took 276.183s (0.001s in batching)
training loss:	0.503751
validation loss:	0.506105
validation error:	0.241800
2017-02-05 10:11:18,755 INFO     Wrote output to trainNN/out/v048-finunified-4-ga18ab48:lstm-best-features-power,pitch,ffv,word2vec/config.json
2017-02-05 10:15:37,622 INFO     Saving network params to trainNN/out/v048-finunified-4-ga18ab48:lstm-best-features-power,pitch,ffv,word2vec/epoch-043.pkl
2017-02-05 10:15:56,184 INFO     epoch: 43 took 277.435s (0.001s in batching)
training loss:	0.507070
validation loss:	0.507506
validation error:	0.247400
2017-02-05 10:15:56,194 INFO     Wrote output to trainNN/out/v048-finunified-4-ga18ab48:lstm-best-features-power,pitch,ffv,word2vec/config.json
2017-02-05 10:20:13,712 INFO     Saving network params to trainNN/out/v048-finunified-4-ga18ab48:lstm-best-features-power,pitch,ffv,word2vec/epoch-044.pkl
2017-02-05 10:20:31,299 INFO     epoch: 44 took 275.115s (0.001s in batching)
training loss:	0.503089
validation loss:	0.508084
validation error:	0.244600
2017-02-05 10:20:31,305 INFO     Wrote output to trainNN/out/v048-finunified-4-ga18ab48:lstm-best-features-power,pitch,ffv,word2vec/config.json
2017-02-05 10:24:51,388 INFO     Saving network params to trainNN/out/v048-finunified-4-ga18ab48:lstm-best-features-power,pitch,ffv,word2vec/epoch-045.pkl
2017-02-05 10:25:10,118 INFO     epoch: 45 took 278.820s (0.001s in batching)
training loss:	0.503011
validation loss:	0.505812
validation error:	0.246200
2017-02-05 10:25:10,125 INFO     Wrote output to trainNN/out/v048-finunified-4-ga18ab48:lstm-best-features-power,pitch,ffv,word2vec/config.json
2017-02-05 10:29:31,046 INFO     Saving network params to trainNN/out/v048-finunified-4-ga18ab48:lstm-best-features-power,pitch,ffv,word2vec/epoch-046.pkl
2017-02-05 10:29:50,093 INFO     epoch: 46 took 279.975s (0.001s in batching)
training loss:	0.501579
validation loss:	0.502625
validation error:	0.242300
2017-02-05 10:29:50,099 INFO     Wrote output to trainNN/out/v048-finunified-4-ga18ab48:lstm-best-features-power,pitch,ffv,word2vec/config.json
2017-02-05 10:34:05,284 INFO     Saving network params to trainNN/out/v048-finunified-4-ga18ab48:lstm-best-features-power,pitch,ffv,word2vec/epoch-047.pkl
2017-02-05 10:34:24,113 INFO     epoch: 47 took 274.019s (0.001s in batching)
training loss:	0.501493
validation loss:	0.504891
validation error:	0.242700
2017-02-05 10:34:24,119 INFO     Wrote output to trainNN/out/v048-finunified-4-ga18ab48:lstm-best-features-power,pitch,ffv,word2vec/config.json
2017-02-05 10:38:47,893 INFO     Saving network params to trainNN/out/v048-finunified-4-ga18ab48:lstm-best-features-power,pitch,ffv,word2vec/epoch-048.pkl
2017-02-05 10:39:06,417 INFO     epoch: 48 took 282.304s (0.001s in batching)
training loss:	0.500955
validation loss:	0.510470
validation error:	0.243700
2017-02-05 10:39:06,421 INFO     Wrote output to trainNN/out/v048-finunified-4-ga18ab48:lstm-best-features-power,pitch,ffv,word2vec/config.json
2017-02-05 10:43:28,905 INFO     Saving network params to trainNN/out/v048-finunified-4-ga18ab48:lstm-best-features-power,pitch,ffv,word2vec/epoch-049.pkl
2017-02-05 10:43:47,866 INFO     epoch: 49 took 281.449s (0.001s in batching)
training loss:	0.500431
validation loss:	0.503589
validation error:	0.242800
2017-02-05 10:43:47,873 INFO     Wrote output to trainNN/out/v048-finunified-4-ga18ab48:lstm-best-features-power,pitch,ffv,word2vec/config.json
2017-02-05 10:48:06,923 INFO     Saving network params to trainNN/out/v048-finunified-4-ga18ab48:lstm-best-features-power,pitch,ffv,word2vec/epoch-050.pkl
2017-02-05 10:48:25,675 INFO     epoch: 50 took 277.809s (0.001s in batching)
training loss:	0.500405
validation loss:	0.502339
validation error:	0.239100
2017-02-05 10:48:25,685 INFO     Wrote output to trainNN/out/v048-finunified-4-ga18ab48:lstm-best-features-power,pitch,ffv,word2vec/config.json
2017-02-05 10:52:49,945 INFO     Saving network params to trainNN/out/v048-finunified-4-ga18ab48:lstm-best-features-power,pitch,ffv,word2vec/epoch-051.pkl
2017-02-05 10:53:08,075 INFO     epoch: 51 took 282.400s (0.001s in batching)
training loss:	0.498550
validation loss:	0.511992
validation error:	0.248700
2017-02-05 10:53:08,080 INFO     Wrote output to trainNN/out/v048-finunified-4-ga18ab48:lstm-best-features-power,pitch,ffv,word2vec/config.json
2017-02-05 10:57:31,709 INFO     Saving network params to trainNN/out/v048-finunified-4-ga18ab48:lstm-best-features-power,pitch,ffv,word2vec/epoch-052.pkl
2017-02-05 10:57:49,067 INFO     epoch: 52 took 280.992s (0.001s in batching)
training loss:	0.498193
validation loss:	0.507042
validation error:	0.242900
2017-02-05 10:57:49,073 INFO     Wrote output to trainNN/out/v048-finunified-4-ga18ab48:lstm-best-features-power,pitch,ffv,word2vec/config.json
2017-02-05 11:02:10,401 INFO     Saving network params to trainNN/out/v048-finunified-4-ga18ab48:lstm-best-features-power,pitch,ffv,word2vec/epoch-053.pkl
2017-02-05 11:02:29,050 INFO     epoch: 53 took 279.983s (0.001s in batching)
training loss:	0.497856
validation loss:	0.505196
validation error:	0.243400
2017-02-05 11:02:29,058 INFO     Wrote output to trainNN/out/v048-finunified-4-ga18ab48:lstm-best-features-power,pitch,ffv,word2vec/config.json
2017-02-05 11:06:51,707 INFO     Saving network params to trainNN/out/v048-finunified-4-ga18ab48:lstm-best-features-power,pitch,ffv,word2vec/epoch-054.pkl
2017-02-05 11:07:09,962 INFO     epoch: 54 took 280.913s (0.001s in batching)
training loss:	0.496803
validation loss:	0.506545
validation error:	0.242900
2017-02-05 11:07:09,971 INFO     Wrote output to trainNN/out/v048-finunified-4-ga18ab48:lstm-best-features-power,pitch,ffv,word2vec/config.json
2017-02-05 11:11:31,983 INFO     Saving network params to trainNN/out/v048-finunified-4-ga18ab48:lstm-best-features-power,pitch,ffv,word2vec/epoch-055.pkl
2017-02-05 11:11:50,747 INFO     epoch: 55 took 280.785s (0.001s in batching)
training loss:	0.496713
validation loss:	0.503295
validation error:	0.242000
2017-02-05 11:11:50,756 INFO     Wrote output to trainNN/out/v048-finunified-4-ga18ab48:lstm-best-features-power,pitch,ffv,word2vec/config.json
2017-02-05 11:16:10,222 INFO     Saving network params to trainNN/out/v048-finunified-4-ga18ab48:lstm-best-features-power,pitch,ffv,word2vec/epoch-056.pkl
2017-02-05 11:16:28,814 INFO     epoch: 56 took 278.067s (0.001s in batching)
training loss:	0.496218
validation loss:	0.504580
validation error:	0.240700
2017-02-05 11:16:28,823 INFO     Wrote output to trainNN/out/v048-finunified-4-ga18ab48:lstm-best-features-power,pitch,ffv,word2vec/config.json
2017-02-05 11:20:18,878 INFO     Saving network params to trainNN/out/v048-finunified-4-ga18ab48:lstm-best-features-power,pitch,ffv,word2vec/epoch-057.pkl
2017-02-05 11:20:35,106 INFO     epoch: 57 took 246.292s (0.001s in batching)
training loss:	0.497056
validation loss:	0.508686
validation error:	0.242000
2017-02-05 11:20:35,112 INFO     Wrote output to trainNN/out/v048-finunified-4-ga18ab48:lstm-best-features-power,pitch,ffv,word2vec/config.json
2017-02-05 11:24:24,207 INFO     Saving network params to trainNN/out/v048-finunified-4-ga18ab48:lstm-best-features-power,pitch,ffv,word2vec/epoch-058.pkl
2017-02-05 11:24:40,310 INFO     epoch: 58 took 245.203s (0.001s in batching)
training loss:	0.496285
validation loss:	0.505304
validation error:	0.238800
2017-02-05 11:24:40,315 INFO     Wrote output to trainNN/out/v048-finunified-4-ga18ab48:lstm-best-features-power,pitch,ffv,word2vec/config.json
2017-02-05 11:28:25,364 INFO     Saving network params to trainNN/out/v048-finunified-4-ga18ab48:lstm-best-features-power,pitch,ffv,word2vec/epoch-059.pkl
2017-02-05 11:28:41,626 INFO     epoch: 59 took 241.316s (0.001s in batching)
training loss:	0.494841
validation loss:	0.505552
validation error:	0.241800
2017-02-05 11:28:41,632 INFO     Wrote output to trainNN/out/v048-finunified-4-ga18ab48:lstm-best-features-power,pitch,ffv,word2vec/config.json
2017-02-05 11:32:29,687 INFO     Saving network params to trainNN/out/v048-finunified-4-ga18ab48:lstm-best-features-power,pitch,ffv,word2vec/epoch-060.pkl
2017-02-05 11:32:45,848 INFO     epoch: 60 took 244.222s (0.001s in batching)
training loss:	0.494376
validation loss:	0.504379
validation error:	0.239000
2017-02-05 11:32:45,854 INFO     Wrote output to trainNN/out/v048-finunified-4-ga18ab48:lstm-best-features-power,pitch,ffv,word2vec/config.json
2017-02-05 11:36:33,094 INFO     Saving network params to trainNN/out/v048-finunified-4-ga18ab48:lstm-best-features-power,pitch,ffv,word2vec/epoch-061.pkl
2017-02-05 11:36:49,159 INFO     epoch: 61 took 243.311s (0.001s in batching)
training loss:	0.494080
validation loss:	0.506665
validation error:	0.243900
2017-02-05 11:36:49,166 INFO     Wrote output to trainNN/out/v048-finunified-4-ga18ab48:lstm-best-features-power,pitch,ffv,word2vec/config.json
2017-02-05 11:40:32,237 INFO     Saving network params to trainNN/out/v048-finunified-4-ga18ab48:lstm-best-features-power,pitch,ffv,word2vec/epoch-062.pkl
2017-02-05 11:40:48,590 INFO     epoch: 62 took 239.432s (0.001s in batching)
training loss:	0.493346
validation loss:	0.512105
validation error:	0.246200
2017-02-05 11:40:48,597 INFO     Wrote output to trainNN/out/v048-finunified-4-ga18ab48:lstm-best-features-power,pitch,ffv,word2vec/config.json
2017-02-05 11:44:36,068 INFO     Saving network params to trainNN/out/v048-finunified-4-ga18ab48:lstm-best-features-power,pitch,ffv,word2vec/epoch-063.pkl
2017-02-05 11:44:52,422 INFO     epoch: 63 took 243.832s (0.001s in batching)
training loss:	0.493416
validation loss:	0.506552
validation error:	0.242000
2017-02-05 11:44:52,427 INFO     Wrote output to trainNN/out/v048-finunified-4-ga18ab48:lstm-best-features-power,pitch,ffv,word2vec/config.json
2017-02-05 11:48:39,223 INFO     Saving network params to trainNN/out/v048-finunified-4-ga18ab48:lstm-best-features-power,pitch,ffv,word2vec/epoch-064.pkl
2017-02-05 11:48:54,078 INFO     epoch: 64 took 241.656s (0.001s in batching)
training loss:	0.492861
validation loss:	0.511806
validation error:	0.246300
2017-02-05 11:48:54,084 INFO     Wrote output to trainNN/out/v048-finunified-4-ga18ab48:lstm-best-features-power,pitch,ffv,word2vec/config.json
2017-02-05 11:52:38,234 INFO     Saving network params to trainNN/out/v048-finunified-4-ga18ab48:lstm-best-features-power,pitch,ffv,word2vec/epoch-065.pkl
2017-02-05 11:52:54,512 INFO     epoch: 65 took 240.434s (0.001s in batching)
training loss:	0.492295
validation loss:	0.510791
validation error:	0.241900
2017-02-05 11:52:54,519 INFO     Wrote output to trainNN/out/v048-finunified-4-ga18ab48:lstm-best-features-power,pitch,ffv,word2vec/config.json
2017-02-05 11:56:43,102 INFO     Saving network params to trainNN/out/v048-finunified-4-ga18ab48:lstm-best-features-power,pitch,ffv,word2vec/epoch-066.pkl
2017-02-05 11:56:59,550 INFO     epoch: 66 took 245.038s (0.001s in batching)
training loss:	0.492455
validation loss:	0.508373
validation error:	0.244600
2017-02-05 11:56:59,557 INFO     Wrote output to trainNN/out/v048-finunified-4-ga18ab48:lstm-best-features-power,pitch,ffv,word2vec/config.json
2017-02-05 12:00:45,488 INFO     Saving network params to trainNN/out/v048-finunified-4-ga18ab48:lstm-best-features-power,pitch,ffv,word2vec/epoch-067.pkl
2017-02-05 12:01:00,232 INFO     epoch: 67 took 240.682s (0.001s in batching)
training loss:	0.490614
validation loss:	0.509136
validation error:	0.244100
2017-02-05 12:01:00,239 INFO     Wrote output to trainNN/out/v048-finunified-4-ga18ab48:lstm-best-features-power,pitch,ffv,word2vec/config.json
2017-02-05 12:04:43,799 INFO     Saving network params to trainNN/out/v048-finunified-4-ga18ab48:lstm-best-features-power,pitch,ffv,word2vec/epoch-068.pkl
2017-02-05 12:05:00,279 INFO     epoch: 68 took 240.047s (0.001s in batching)
training loss:	0.491111
validation loss:	0.512688
validation error:	0.248700
2017-02-05 12:05:00,286 INFO     Wrote output to trainNN/out/v048-finunified-4-ga18ab48:lstm-best-features-power,pitch,ffv,word2vec/config.json
2017-02-05 12:08:55,772 INFO     Saving network params to trainNN/out/v048-finunified-4-ga18ab48:lstm-best-features-power,pitch,ffv,word2vec/epoch-069.pkl
2017-02-05 12:09:12,344 INFO     epoch: 69 took 252.065s (0.036s in batching)
training loss:	0.489681
validation loss:	0.510132
validation error:	0.244100
2017-02-05 12:09:12,357 INFO     Wrote output to trainNN/out/v048-finunified-4-ga18ab48:lstm-best-features-power,pitch,ffv,word2vec/config.json
2017-02-05 12:13:15,793 INFO     Saving network params to trainNN/out/v048-finunified-4-ga18ab48:lstm-best-features-power,pitch,ffv,word2vec/epoch-070.pkl
2017-02-05 12:13:32,040 INFO     epoch: 70 took 259.695s (0.001s in batching)
training loss:	0.490052
validation loss:	0.510803
validation error:	0.250400
2017-02-05 12:13:32,046 INFO     Wrote output to trainNN/out/v048-finunified-4-ga18ab48:lstm-best-features-power,pitch,ffv,word2vec/config.json
2017-02-05 12:17:19,948 INFO     Saving network params to trainNN/out/v048-finunified-4-ga18ab48:lstm-best-features-power,pitch,ffv,word2vec/epoch-071.pkl
2017-02-05 12:17:36,529 INFO     epoch: 71 took 244.489s (0.001s in batching)
training loss:	0.489234
validation loss:	0.512729
validation error:	0.244500
2017-02-05 12:17:36,536 INFO     Wrote output to trainNN/out/v048-finunified-4-ga18ab48:lstm-best-features-power,pitch,ffv,word2vec/config.json
2017-02-05 12:21:25,009 INFO     Saving network params to trainNN/out/v048-finunified-4-ga18ab48:lstm-best-features-power,pitch,ffv,word2vec/epoch-072.pkl
2017-02-05 12:21:41,043 INFO     epoch: 72 took 244.514s (0.001s in batching)
training loss:	0.488958
validation loss:	0.511149
validation error:	0.242600
2017-02-05 12:21:41,049 INFO     Wrote output to trainNN/out/v048-finunified-4-ga18ab48:lstm-best-features-power,pitch,ffv,word2vec/config.json
2017-02-05 12:25:25,537 INFO     Saving network params to trainNN/out/v048-finunified-4-ga18ab48:lstm-best-features-power,pitch,ffv,word2vec/epoch-073.pkl
2017-02-05 12:25:41,582 INFO     epoch: 73 took 240.539s (0.001s in batching)
training loss:	0.488054
validation loss:	0.512913
validation error:	0.247600
2017-02-05 12:25:41,587 INFO     Wrote output to trainNN/out/v048-finunified-4-ga18ab48:lstm-best-features-power,pitch,ffv,word2vec/config.json
2017-02-05 12:29:30,069 INFO     Saving network params to trainNN/out/v048-finunified-4-ga18ab48:lstm-best-features-power,pitch,ffv,word2vec/epoch-074.pkl
2017-02-05 12:29:46,329 INFO     epoch: 74 took 244.747s (0.001s in batching)
training loss:	0.487842
validation loss:	0.511346
validation error:	0.244800
2017-02-05 12:29:46,336 INFO     Wrote output to trainNN/out/v048-finunified-4-ga18ab48:lstm-best-features-power,pitch,ffv,word2vec/config.json
2017-02-05 12:33:35,006 INFO     Saving network params to trainNN/out/v048-finunified-4-ga18ab48:lstm-best-features-power,pitch,ffv,word2vec/epoch-075.pkl
2017-02-05 12:33:51,043 INFO     epoch: 75 took 244.714s (0.001s in batching)
training loss:	0.487450
validation loss:	0.516571
validation error:	0.248100
2017-02-05 12:33:51,049 INFO     Wrote output to trainNN/out/v048-finunified-4-ga18ab48:lstm-best-features-power,pitch,ffv,word2vec/config.json
2017-02-05 12:37:30,308 INFO     Saving network params to trainNN/out/v048-finunified-4-ga18ab48:lstm-best-features-power,pitch,ffv,word2vec/epoch-076.pkl
2017-02-05 12:37:46,402 INFO     epoch: 76 took 235.359s (0.001s in batching)
training loss:	0.486600
validation loss:	0.515917
validation error:	0.249200
2017-02-05 12:37:46,407 INFO     Wrote output to trainNN/out/v048-finunified-4-ga18ab48:lstm-best-features-power,pitch,ffv,word2vec/config.json
2017-02-05 12:41:35,409 INFO     Saving network params to trainNN/out/v048-finunified-4-ga18ab48:lstm-best-features-power,pitch,ffv,word2vec/epoch-077.pkl
2017-02-05 12:41:51,533 INFO     epoch: 77 took 245.131s (0.001s in batching)
training loss:	0.486550
validation loss:	0.512867
validation error:	0.248500
2017-02-05 12:41:51,540 INFO     Wrote output to trainNN/out/v048-finunified-4-ga18ab48:lstm-best-features-power,pitch,ffv,word2vec/config.json
2017-02-05 12:45:41,807 INFO     Saving network params to trainNN/out/v048-finunified-4-ga18ab48:lstm-best-features-power,pitch,ffv,word2vec/epoch-078.pkl
2017-02-05 12:45:56,687 INFO     epoch: 78 took 245.151s (0.001s in batching)
training loss:	0.485261
validation loss:	0.510761
validation error:	0.245600
2017-02-05 12:45:56,730 INFO     Wrote output to trainNN/out/v048-finunified-4-ga18ab48:lstm-best-features-power,pitch,ffv,word2vec/config.json
2017-02-05 12:49:41,655 INFO     Saving network params to trainNN/out/v048-finunified-4-ga18ab48:lstm-best-features-power,pitch,ffv,word2vec/epoch-079.pkl
2017-02-05 12:49:57,533 INFO     epoch: 79 took 240.850s (0.001s in batching)
training loss:	0.485380
validation loss:	0.513008
validation error:	0.248600
2017-02-05 12:49:57,539 INFO     Wrote output to trainNN/out/v048-finunified-4-ga18ab48:lstm-best-features-power,pitch,ffv,word2vec/config.json
2017-02-05 12:53:45,593 INFO     Saving network params to trainNN/out/v048-finunified-4-ga18ab48:lstm-best-features-power,pitch,ffv,word2vec/epoch-080.pkl
2017-02-05 12:54:00,929 INFO     epoch: 80 took 243.396s (0.001s in batching)
training loss:	0.484621
validation loss:	0.515594
validation error:	0.249200
2017-02-05 12:54:00,936 INFO     Wrote output to trainNN/out/v048-finunified-4-ga18ab48:lstm-best-features-power,pitch,ffv,word2vec/config.json
2017-02-05 12:57:50,054 INFO     Saving network params to trainNN/out/v048-finunified-4-ga18ab48:lstm-best-features-power,pitch,ffv,word2vec/epoch-081.pkl
2017-02-05 12:58:04,328 INFO     epoch: 81 took 243.399s (0.001s in batching)
training loss:	0.485009
validation loss:	0.515229
validation error:	0.246600
2017-02-05 12:58:04,359 INFO     Wrote output to trainNN/out/v048-finunified-4-ga18ab48:lstm-best-features-power,pitch,ffv,word2vec/config.json
2017-02-05 13:01:49,777 INFO     Saving network params to trainNN/out/v048-finunified-4-ga18ab48:lstm-best-features-power,pitch,ffv,word2vec/epoch-082.pkl
2017-02-05 13:02:04,853 INFO     epoch: 82 took 240.525s (0.001s in batching)
training loss:	0.483584
validation loss:	0.516778
validation error:	0.246900
2017-02-05 13:02:04,860 INFO     Wrote output to trainNN/out/v048-finunified-4-ga18ab48:lstm-best-features-power,pitch,ffv,word2vec/config.json
2017-02-05 13:05:46,399 INFO     Saving network params to trainNN/out/v048-finunified-4-ga18ab48:lstm-best-features-power,pitch,ffv,word2vec/epoch-083.pkl
2017-02-05 13:06:02,457 INFO     epoch: 83 took 237.604s (0.001s in batching)
training loss:	0.483462
validation loss:	0.518036
validation error:	0.249500
2017-02-05 13:06:02,471 INFO     Wrote output to trainNN/out/v048-finunified-4-ga18ab48:lstm-best-features-power,pitch,ffv,word2vec/config.json
2017-02-05 13:09:50,450 INFO     Saving network params to trainNN/out/v048-finunified-4-ga18ab48:lstm-best-features-power,pitch,ffv,word2vec/epoch-084.pkl
2017-02-05 13:10:06,703 INFO     epoch: 84 took 244.243s (0.001s in batching)
training loss:	0.482956
validation loss:	0.513401
validation error:	0.242000
2017-02-05 13:10:06,802 INFO     Wrote output to trainNN/out/v048-finunified-4-ga18ab48:lstm-best-features-power,pitch,ffv,word2vec/config.json
2017-02-05 13:13:28,976 INFO     Saving network params to trainNN/out/v048-finunified-4-ga18ab48:lstm-best-features-power,pitch,ffv,word2vec/epoch-085.pkl
2017-02-05 13:13:42,615 INFO     epoch: 85 took 215.914s (0.001s in batching)
training loss:	0.482771
validation loss:	0.515167
validation error:	0.247100
2017-02-05 13:13:42,624 INFO     Wrote output to trainNN/out/v048-finunified-4-ga18ab48:lstm-best-features-power,pitch,ffv,word2vec/config.json
2017-02-05 13:16:57,705 INFO     Saving network params to trainNN/out/v048-finunified-4-ga18ab48:lstm-best-features-power,pitch,ffv,word2vec/epoch-086.pkl
2017-02-05 13:17:11,341 INFO     epoch: 86 took 208.726s (0.001s in batching)
training loss:	0.482114
validation loss:	0.516682
validation error:	0.247300
2017-02-05 13:17:11,347 INFO     Wrote output to trainNN/out/v048-finunified-4-ga18ab48:lstm-best-features-power,pitch,ffv,word2vec/config.json
2017-02-05 13:20:23,111 INFO     Saving network params to trainNN/out/v048-finunified-4-ga18ab48:lstm-best-features-power,pitch,ffv,word2vec/epoch-087.pkl
2017-02-05 13:20:35,430 INFO     epoch: 87 took 204.089s (0.001s in batching)
training loss:	0.482289
validation loss:	0.520437
validation error:	0.249300
2017-02-05 13:20:35,436 INFO     Wrote output to trainNN/out/v048-finunified-4-ga18ab48:lstm-best-features-power,pitch,ffv,word2vec/config.json
2017-02-05 13:23:28,187 INFO     Saving network params to trainNN/out/v048-finunified-4-ga18ab48:lstm-best-features-power,pitch,ffv,word2vec/epoch-088.pkl
2017-02-05 13:23:38,329 INFO     epoch: 88 took 182.899s (0.001s in batching)
training loss:	0.481429
validation loss:	0.516542
validation error:	0.245900
2017-02-05 13:23:38,336 INFO     Wrote output to trainNN/out/v048-finunified-4-ga18ab48:lstm-best-features-power,pitch,ffv,word2vec/config.json
2017-02-05 13:26:21,236 INFO     Saving network params to trainNN/out/v048-finunified-4-ga18ab48:lstm-best-features-power,pitch,ffv,word2vec/epoch-089.pkl
2017-02-05 13:26:31,371 INFO     epoch: 89 took 173.042s (0.001s in batching)
training loss:	0.481402
validation loss:	0.523840
validation error:	0.246800
2017-02-05 13:26:31,377 INFO     Wrote output to trainNN/out/v048-finunified-4-ga18ab48:lstm-best-features-power,pitch,ffv,word2vec/config.json
2017-02-05 13:29:14,704 INFO     Saving network params to trainNN/out/v048-finunified-4-ga18ab48:lstm-best-features-power,pitch,ffv,word2vec/epoch-090.pkl
2017-02-05 13:29:25,059 INFO     epoch: 90 took 173.688s (0.001s in batching)
training loss:	0.480114
validation loss:	0.520628
validation error:	0.250200
2017-02-05 13:29:25,065 INFO     Wrote output to trainNN/out/v048-finunified-4-ga18ab48:lstm-best-features-power,pitch,ffv,word2vec/config.json
2017-02-05 13:32:08,368 INFO     Saving network params to trainNN/out/v048-finunified-4-ga18ab48:lstm-best-features-power,pitch,ffv,word2vec/epoch-091.pkl
2017-02-05 13:32:18,875 INFO     epoch: 91 took 173.816s (0.001s in batching)
training loss:	0.480792
validation loss:	0.522576
validation error:	0.249800
2017-02-05 13:32:18,895 INFO     Wrote output to trainNN/out/v048-finunified-4-ga18ab48:lstm-best-features-power,pitch,ffv,word2vec/config.json
2017-02-05 13:35:01,624 INFO     Saving network params to trainNN/out/v048-finunified-4-ga18ab48:lstm-best-features-power,pitch,ffv,word2vec/epoch-092.pkl
2017-02-05 13:35:12,447 INFO     epoch: 92 took 173.572s (0.001s in batching)
training loss:	0.478506
validation loss:	0.522054
validation error:	0.248300
2017-02-05 13:35:12,454 INFO     Wrote output to trainNN/out/v048-finunified-4-ga18ab48:lstm-best-features-power,pitch,ffv,word2vec/config.json
2017-02-05 13:37:44,776 INFO     Saving network params to trainNN/out/v048-finunified-4-ga18ab48:lstm-best-features-power,pitch,ffv,word2vec/epoch-093.pkl
2017-02-05 13:37:53,023 INFO     epoch: 93 took 160.576s (0.001s in batching)
training loss:	0.479394
validation loss:	0.520884
validation error:	0.247400
2017-02-05 13:37:53,029 INFO     Wrote output to trainNN/out/v048-finunified-4-ga18ab48:lstm-best-features-power,pitch,ffv,word2vec/config.json
2017-02-05 13:40:03,283 INFO     Saving network params to trainNN/out/v048-finunified-4-ga18ab48:lstm-best-features-power,pitch,ffv,word2vec/epoch-094.pkl
2017-02-05 13:40:11,542 INFO     epoch: 94 took 138.519s (0.001s in batching)
training loss:	0.478466
validation loss:	0.527259
validation error:	0.252900
2017-02-05 13:40:11,547 INFO     Wrote output to trainNN/out/v048-finunified-4-ga18ab48:lstm-best-features-power,pitch,ffv,word2vec/config.json
2017-02-05 13:42:22,527 INFO     Saving network params to trainNN/out/v048-finunified-4-ga18ab48:lstm-best-features-power,pitch,ffv,word2vec/epoch-095.pkl
2017-02-05 13:42:30,601 INFO     epoch: 95 took 139.058s (0.001s in batching)
training loss:	0.479124
validation loss:	0.520847
validation error:	0.245500
2017-02-05 13:42:30,605 INFO     Wrote output to trainNN/out/v048-finunified-4-ga18ab48:lstm-best-features-power,pitch,ffv,word2vec/config.json
2017-02-05 13:44:40,937 INFO     Saving network params to trainNN/out/v048-finunified-4-ga18ab48:lstm-best-features-power,pitch,ffv,word2vec/epoch-096.pkl
2017-02-05 13:44:48,824 INFO     epoch: 96 took 138.223s (0.001s in batching)
training loss:	0.476722
validation loss:	0.531193
validation error:	0.245000
2017-02-05 13:44:48,829 INFO     Wrote output to trainNN/out/v048-finunified-4-ga18ab48:lstm-best-features-power,pitch,ffv,word2vec/config.json
2017-02-05 13:46:59,605 INFO     Saving network params to trainNN/out/v048-finunified-4-ga18ab48:lstm-best-features-power,pitch,ffv,word2vec/epoch-097.pkl
2017-02-05 13:47:07,749 INFO     epoch: 97 took 138.925s (0.001s in batching)
training loss:	0.477760
validation loss:	0.523115
validation error:	0.248900
2017-02-05 13:47:07,755 INFO     Wrote output to trainNN/out/v048-finunified-4-ga18ab48:lstm-best-features-power,pitch,ffv,word2vec/config.json
2017-02-05 13:49:16,506 INFO     Saving network params to trainNN/out/v048-finunified-4-ga18ab48:lstm-best-features-power,pitch,ffv,word2vec/epoch-098.pkl
2017-02-05 13:49:21,908 INFO     epoch: 98 took 134.159s (0.001s in batching)
training loss:	0.477194
validation loss:	0.520887
validation error:	0.252500
2017-02-05 13:49:21,913 INFO     Wrote output to trainNN/out/v048-finunified-4-ga18ab48:lstm-best-features-power,pitch,ffv,word2vec/config.json
2017-02-05 13:51:01,193 INFO     Saving network params to trainNN/out/v048-finunified-4-ga18ab48:lstm-best-features-power,pitch,ffv,word2vec/epoch-099.pkl
2017-02-05 13:51:06,214 INFO     epoch: 99 took 104.306s (0.001s in batching)
training loss:	0.475781
validation loss:	0.524326
validation error:	0.248400
2017-02-05 13:51:06,220 INFO     Wrote output to trainNN/out/v048-finunified-4-ga18ab48:lstm-best-features-power,pitch,ffv,word2vec/config.json
