2017-01-24 22:05:26,296 DEBUG    version=v044-unified-2-g35d999d-dirty:simple-ff-ffv-adam-100-50
2017-01-24 22:05:26,298 INFO     Open DBase(data/db/all240302-spk.dat, data/db/all240302-spk.idx, mode='r')
2017-01-24 22:05:39,818 DEBUG    loading cached extracted data from data/cache/extract-17095dffdd75068299ccb5dd895af8ecaa0fbe1575b09b5b1ad4e4febf4d84ae.pickle
2017-01-24 22:05:40,954 DEBUG    set input dim to 9
2017-01-24 22:05:40,954 DEBUG    input dim = 9
2017-01-24 22:05:41,104 DEBUG    loading data into ram
2017-01-24 22:05:41,241 DEBUG    loading data took 0.137s (cpu: 0.136s
2017-01-24 22:05:41,772 DEBUG    set input dim to 9
2017-01-24 22:05:41,773 DEBUG    input dim = 9
2017-01-24 22:05:41,791 DEBUG    loading data into ram
2017-01-24 22:05:41,804 DEBUG    loading data took 0.013s (cpu: 0.013s
2017-01-24 22:05:41,832 INFO     Training network with 41252 trainable out of 41252 total params.
2017-01-24 22:05:41,909 DEBUG    Using adam with learning_rate=0.001000
2017-01-24 22:06:22,780 DEBUG    Starting training...
2017-01-24 22:08:25,541 INFO     Saving network params to trainNN/out/v044-unified-2-g35d999d-dirty:simple-ff-ffv-adam-100-50/epoch-000.pkl
2017-01-24 22:08:37,029 INFO     epoch: 0 took 134.248s (89.308s in batching)
training loss:	0.630966
validation loss:	0.617093
validation error:	0.346592
2017-01-24 22:08:37,031 INFO     Wrote output to trainNN/out/v044-unified-2-g35d999d-dirty:simple-ff-ffv-adam-100-50/config.json
2017-01-24 22:10:39,571 INFO     Saving network params to trainNN/out/v044-unified-2-g35d999d-dirty:simple-ff-ffv-adam-100-50/epoch-001.pkl
2017-01-24 22:10:50,987 INFO     epoch: 1 took 133.958s (88.745s in batching)
training loss:	0.617062
validation loss:	0.612365
validation error:	0.340748
2017-01-24 22:10:50,989 INFO     Wrote output to trainNN/out/v044-unified-2-g35d999d-dirty:simple-ff-ffv-adam-100-50/config.json
2017-01-24 22:12:54,038 INFO     Saving network params to trainNN/out/v044-unified-2-g35d999d-dirty:simple-ff-ffv-adam-100-50/epoch-002.pkl
2017-01-24 22:13:05,579 INFO     epoch: 2 took 134.592s (89.185s in batching)
training loss:	0.611656
validation loss:	0.608279
validation error:	0.335266
2017-01-24 22:13:05,582 INFO     Wrote output to trainNN/out/v044-unified-2-g35d999d-dirty:simple-ff-ffv-adam-100-50/config.json
2017-01-24 22:15:08,328 INFO     Saving network params to trainNN/out/v044-unified-2-g35d999d-dirty:simple-ff-ffv-adam-100-50/epoch-003.pkl
2017-01-24 22:15:19,827 INFO     epoch: 3 took 134.248s (88.850s in batching)
training loss:	0.608644
validation loss:	0.606516
validation error:	0.335797
2017-01-24 22:15:19,929 INFO     Wrote output to trainNN/out/v044-unified-2-g35d999d-dirty:simple-ff-ffv-adam-100-50/config.json
2017-01-24 22:17:22,392 INFO     Saving network params to trainNN/out/v044-unified-2-g35d999d-dirty:simple-ff-ffv-adam-100-50/epoch-004.pkl
2017-01-24 22:17:33,960 INFO     epoch: 4 took 134.132s (88.641s in batching)
training loss:	0.606086
validation loss:	0.606502
validation error:	0.334503
2017-01-24 22:17:33,962 INFO     Wrote output to trainNN/out/v044-unified-2-g35d999d-dirty:simple-ff-ffv-adam-100-50/config.json
2017-01-24 22:19:36,605 INFO     Saving network params to trainNN/out/v044-unified-2-g35d999d-dirty:simple-ff-ffv-adam-100-50/epoch-005.pkl
2017-01-24 22:19:48,177 INFO     epoch: 5 took 134.218s (88.980s in batching)
training loss:	0.604083
validation loss:	0.607459
validation error:	0.337358
2017-01-24 22:19:48,180 INFO     Wrote output to trainNN/out/v044-unified-2-g35d999d-dirty:simple-ff-ffv-adam-100-50/config.json
2017-01-24 22:21:51,572 INFO     Saving network params to trainNN/out/v044-unified-2-g35d999d-dirty:simple-ff-ffv-adam-100-50/epoch-006.pkl
2017-01-24 22:22:03,194 INFO     epoch: 6 took 135.017s (89.401s in batching)
training loss:	0.602420
validation loss:	0.601992
validation error:	0.330305
2017-01-24 22:22:03,197 INFO     Wrote output to trainNN/out/v044-unified-2-g35d999d-dirty:simple-ff-ffv-adam-100-50/config.json
2017-01-24 22:24:07,204 INFO     Saving network params to trainNN/out/v044-unified-2-g35d999d-dirty:simple-ff-ffv-adam-100-50/epoch-007.pkl
2017-01-24 22:24:18,183 INFO     epoch: 7 took 134.988s (89.555s in batching)
training loss:	0.601058
validation loss:	0.603414
validation error:	0.331038
2017-01-24 22:24:18,185 INFO     Wrote output to trainNN/out/v044-unified-2-g35d999d-dirty:simple-ff-ffv-adam-100-50/config.json
2017-01-24 22:26:21,611 INFO     Saving network params to trainNN/out/v044-unified-2-g35d999d-dirty:simple-ff-ffv-adam-100-50/epoch-008.pkl
2017-01-24 22:26:33,067 INFO     epoch: 8 took 134.884s (89.252s in batching)
training loss:	0.600004
validation loss:	0.600545
validation error:	0.328164
2017-01-24 22:26:33,069 INFO     Wrote output to trainNN/out/v044-unified-2-g35d999d-dirty:simple-ff-ffv-adam-100-50/config.json
2017-01-24 22:28:36,481 INFO     Saving network params to trainNN/out/v044-unified-2-g35d999d-dirty:simple-ff-ffv-adam-100-50/epoch-009.pkl
2017-01-24 22:28:48,237 INFO     epoch: 9 took 135.170s (89.401s in batching)
training loss:	0.599143
validation loss:	0.600541
validation error:	0.326067
2017-01-24 22:28:48,240 INFO     Wrote output to trainNN/out/v044-unified-2-g35d999d-dirty:simple-ff-ffv-adam-100-50/config.json
2017-01-24 22:30:51,612 INFO     Saving network params to trainNN/out/v044-unified-2-g35d999d-dirty:simple-ff-ffv-adam-100-50/epoch-010.pkl
2017-01-24 22:31:03,052 INFO     epoch: 10 took 134.815s (89.236s in batching)
training loss:	0.598266
validation loss:	0.602363
validation error:	0.329190
2017-01-24 22:31:03,055 INFO     Wrote output to trainNN/out/v044-unified-2-g35d999d-dirty:simple-ff-ffv-adam-100-50/config.json
2017-01-24 22:33:06,096 INFO     Saving network params to trainNN/out/v044-unified-2-g35d999d-dirty:simple-ff-ffv-adam-100-50/epoch-011.pkl
2017-01-24 22:33:17,584 INFO     epoch: 11 took 134.531s (89.275s in batching)
training loss:	0.597662
validation loss:	0.600218
validation error:	0.325879
2017-01-24 22:33:17,685 INFO     Wrote output to trainNN/out/v044-unified-2-g35d999d-dirty:simple-ff-ffv-adam-100-50/config.json
2017-01-24 22:35:22,564 INFO     Saving network params to trainNN/out/v044-unified-2-g35d999d-dirty:simple-ff-ffv-adam-100-50/epoch-012.pkl
2017-01-24 22:35:34,100 INFO     epoch: 12 took 136.516s (89.287s in batching)
training loss:	0.596920
validation loss:	0.599463
validation error:	0.325923
2017-01-24 22:35:34,103 INFO     Wrote output to trainNN/out/v044-unified-2-g35d999d-dirty:simple-ff-ffv-adam-100-50/config.json
2017-01-24 22:37:37,178 INFO     Saving network params to trainNN/out/v044-unified-2-g35d999d-dirty:simple-ff-ffv-adam-100-50/epoch-013.pkl
2017-01-24 22:37:48,690 INFO     epoch: 13 took 134.591s (89.144s in batching)
training loss:	0.596584
validation loss:	0.599963
validation error:	0.328694
2017-01-24 22:37:48,693 INFO     Wrote output to trainNN/out/v044-unified-2-g35d999d-dirty:simple-ff-ffv-adam-100-50/config.json
2017-01-24 22:41:05,755 INFO     Saving network params to trainNN/out/v044-unified-2-g35d999d-dirty:simple-ff-ffv-adam-100-50/epoch-014.pkl
2017-01-24 22:41:22,260 INFO     epoch: 14 took 213.569s (97.721s in batching)
training loss:	0.596126
validation loss:	0.598745
validation error:	0.326012
2017-01-24 22:41:22,263 INFO     Wrote output to trainNN/out/v044-unified-2-g35d999d-dirty:simple-ff-ffv-adam-100-50/config.json
2017-01-24 22:44:12,380 INFO     Saving network params to trainNN/out/v044-unified-2-g35d999d-dirty:simple-ff-ffv-adam-100-50/epoch-015.pkl
2017-01-24 22:44:28,416 INFO     epoch: 15 took 186.156s (137.304s in batching)
training loss:	0.595773
validation loss:	0.599666
validation error:	0.326419
2017-01-24 22:44:28,419 INFO     Wrote output to trainNN/out/v044-unified-2-g35d999d-dirty:simple-ff-ffv-adam-100-50/config.json
2017-01-24 22:46:31,440 INFO     Saving network params to trainNN/out/v044-unified-2-g35d999d-dirty:simple-ff-ffv-adam-100-50/epoch-016.pkl
2017-01-24 22:46:42,912 INFO     epoch: 16 took 134.497s (89.142s in batching)
training loss:	0.595129
validation loss:	0.597898
validation error:	0.324273
2017-01-24 22:46:42,916 INFO     Wrote output to trainNN/out/v044-unified-2-g35d999d-dirty:simple-ff-ffv-adam-100-50/config.json
2017-01-24 22:48:46,020 INFO     Saving network params to trainNN/out/v044-unified-2-g35d999d-dirty:simple-ff-ffv-adam-100-50/epoch-017.pkl
2017-01-24 22:48:57,485 INFO     epoch: 17 took 134.573s (89.151s in batching)
training loss:	0.594760
validation loss:	0.598566
validation error:	0.324947
2017-01-24 22:48:57,585 INFO     Wrote output to trainNN/out/v044-unified-2-g35d999d-dirty:simple-ff-ffv-adam-100-50/config.json
2017-01-24 22:51:01,160 INFO     Saving network params to trainNN/out/v044-unified-2-g35d999d-dirty:simple-ff-ffv-adam-100-50/epoch-018.pkl
2017-01-24 22:51:12,251 INFO     epoch: 18 took 134.766s (89.324s in batching)
training loss:	0.594431
validation loss:	0.597503
validation error:	0.323708
2017-01-24 22:51:12,254 INFO     Wrote output to trainNN/out/v044-unified-2-g35d999d-dirty:simple-ff-ffv-adam-100-50/config.json
2017-01-24 22:53:15,010 INFO     Saving network params to trainNN/out/v044-unified-2-g35d999d-dirty:simple-ff-ffv-adam-100-50/epoch-019.pkl
2017-01-24 22:53:26,470 INFO     epoch: 19 took 134.219s (88.774s in batching)
training loss:	0.594131
validation loss:	0.599101
validation error:	0.326999
2017-01-24 22:53:26,474 INFO     Wrote output to trainNN/out/v044-unified-2-g35d999d-dirty:simple-ff-ffv-adam-100-50/config.json
2017-01-24 22:55:29,440 INFO     Saving network params to trainNN/out/v044-unified-2-g35d999d-dirty:simple-ff-ffv-adam-100-50/epoch-020.pkl
2017-01-24 22:55:41,021 INFO     epoch: 20 took 134.551s (89.150s in batching)
training loss:	0.593968
validation loss:	0.598160
validation error:	0.324342
2017-01-24 22:55:41,025 INFO     Wrote output to trainNN/out/v044-unified-2-g35d999d-dirty:simple-ff-ffv-adam-100-50/config.json
2017-01-24 22:57:43,975 INFO     Saving network params to trainNN/out/v044-unified-2-g35d999d-dirty:simple-ff-ffv-adam-100-50/epoch-021.pkl
2017-01-24 22:57:55,380 INFO     epoch: 21 took 134.359s (89.154s in batching)
training loss:	0.593646
validation loss:	0.597533
validation error:	0.323202
2017-01-24 22:57:55,482 INFO     Wrote output to trainNN/out/v044-unified-2-g35d999d-dirty:simple-ff-ffv-adam-100-50/config.json
2017-01-24 22:59:58,193 INFO     Saving network params to trainNN/out/v044-unified-2-g35d999d-dirty:simple-ff-ffv-adam-100-50/epoch-022.pkl
2017-01-24 23:00:09,763 INFO     epoch: 22 took 134.383s (88.972s in batching)
training loss:	0.593273
validation loss:	0.597817
validation error:	0.324823
2017-01-24 23:00:09,766 INFO     Wrote output to trainNN/out/v044-unified-2-g35d999d-dirty:simple-ff-ffv-adam-100-50/config.json
2017-01-24 23:02:12,512 INFO     Saving network params to trainNN/out/v044-unified-2-g35d999d-dirty:simple-ff-ffv-adam-100-50/epoch-023.pkl
2017-01-24 23:02:24,122 INFO     epoch: 23 took 134.359s (88.962s in batching)
training loss:	0.593055
validation loss:	0.596645
validation error:	0.323965
2017-01-24 23:02:24,126 INFO     Wrote output to trainNN/out/v044-unified-2-g35d999d-dirty:simple-ff-ffv-adam-100-50/config.json
2017-01-24 23:04:27,843 INFO     Saving network params to trainNN/out/v044-unified-2-g35d999d-dirty:simple-ff-ffv-adam-100-50/epoch-024.pkl
2017-01-24 23:04:39,415 INFO     epoch: 24 took 135.293s (89.824s in batching)
training loss:	0.592919
validation loss:	0.598405
validation error:	0.324981
2017-01-24 23:04:39,518 INFO     Wrote output to trainNN/out/v044-unified-2-g35d999d-dirty:simple-ff-ffv-adam-100-50/config.json
2017-01-24 23:06:42,948 INFO     Saving network params to trainNN/out/v044-unified-2-g35d999d-dirty:simple-ff-ffv-adam-100-50/epoch-025.pkl
2017-01-24 23:06:54,482 INFO     epoch: 25 took 135.068s (89.405s in batching)
training loss:	0.592653
validation loss:	0.597017
validation error:	0.323633
2017-01-24 23:06:54,487 INFO     Wrote output to trainNN/out/v044-unified-2-g35d999d-dirty:simple-ff-ffv-adam-100-50/config.json
2017-01-24 23:08:58,726 INFO     Saving network params to trainNN/out/v044-unified-2-g35d999d-dirty:simple-ff-ffv-adam-100-50/epoch-026.pkl
2017-01-24 23:09:09,471 INFO     epoch: 26 took 134.988s (89.817s in batching)
training loss:	0.592499
validation loss:	0.596812
validation error:	0.322910
2017-01-24 23:09:09,474 INFO     Wrote output to trainNN/out/v044-unified-2-g35d999d-dirty:simple-ff-ffv-adam-100-50/config.json
2017-01-24 23:11:13,281 INFO     Saving network params to trainNN/out/v044-unified-2-g35d999d-dirty:simple-ff-ffv-adam-100-50/epoch-027.pkl
2017-01-24 23:11:24,827 INFO     epoch: 27 took 135.357s (89.469s in batching)
training loss:	0.592222
validation loss:	0.599019
validation error:	0.322890
2017-01-24 23:11:24,831 INFO     Wrote output to trainNN/out/v044-unified-2-g35d999d-dirty:simple-ff-ffv-adam-100-50/config.json
2017-01-24 23:13:27,758 INFO     Saving network params to trainNN/out/v044-unified-2-g35d999d-dirty:simple-ff-ffv-adam-100-50/epoch-028.pkl
2017-01-24 23:13:39,344 INFO     epoch: 28 took 134.516s (89.146s in batching)
training loss:	0.592130
validation loss:	0.596791
validation error:	0.322533
2017-01-24 23:13:39,348 INFO     Wrote output to trainNN/out/v044-unified-2-g35d999d-dirty:simple-ff-ffv-adam-100-50/config.json
2017-01-24 23:15:42,532 INFO     Saving network params to trainNN/out/v044-unified-2-g35d999d-dirty:simple-ff-ffv-adam-100-50/epoch-029.pkl
2017-01-24 23:15:54,058 INFO     epoch: 29 took 134.714s (89.236s in batching)
training loss:	0.591832
validation loss:	0.597643
validation error:	0.323014
2017-01-24 23:15:54,061 INFO     Wrote output to trainNN/out/v044-unified-2-g35d999d-dirty:simple-ff-ffv-adam-100-50/config.json
2017-01-24 23:17:56,855 INFO     Saving network params to trainNN/out/v044-unified-2-g35d999d-dirty:simple-ff-ffv-adam-100-50/epoch-030.pkl
2017-01-24 23:18:08,301 INFO     epoch: 30 took 134.243s (89.263s in batching)
training loss:	0.591746
validation loss:	0.598557
validation error:	0.324089
2017-01-24 23:18:08,305 INFO     Wrote output to trainNN/out/v044-unified-2-g35d999d-dirty:simple-ff-ffv-adam-100-50/config.json
2017-01-24 23:20:11,245 INFO     Saving network params to trainNN/out/v044-unified-2-g35d999d-dirty:simple-ff-ffv-adam-100-50/epoch-031.pkl
2017-01-24 23:20:22,625 INFO     epoch: 31 took 134.324s (89.243s in batching)
training loss:	0.591547
validation loss:	0.596981
validation error:	0.323936
2017-01-24 23:20:22,628 INFO     Wrote output to trainNN/out/v044-unified-2-g35d999d-dirty:simple-ff-ffv-adam-100-50/config.json
2017-01-24 23:22:25,943 INFO     Saving network params to trainNN/out/v044-unified-2-g35d999d-dirty:simple-ff-ffv-adam-100-50/epoch-032.pkl
2017-01-24 23:22:37,537 INFO     epoch: 32 took 134.913s (89.538s in batching)
training loss:	0.591400
validation loss:	0.597525
validation error:	0.324104
2017-01-24 23:22:37,541 INFO     Wrote output to trainNN/out/v044-unified-2-g35d999d-dirty:simple-ff-ffv-adam-100-50/config.json
2017-01-24 23:24:34,961 INFO     Saving network params to trainNN/out/v044-unified-2-g35d999d-dirty:simple-ff-ffv-adam-100-50/epoch-033.pkl
2017-01-24 23:24:45,970 INFO     epoch: 33 took 128.433s (84.551s in batching)
training loss:	0.591204
validation loss:	0.595906
validation error:	0.320937
2017-01-24 23:24:45,974 INFO     Wrote output to trainNN/out/v044-unified-2-g35d999d-dirty:simple-ff-ffv-adam-100-50/config.json
2017-01-24 23:26:46,365 INFO     Saving network params to trainNN/out/v044-unified-2-g35d999d-dirty:simple-ff-ffv-adam-100-50/epoch-034.pkl
2017-01-24 23:26:57,619 INFO     epoch: 34 took 131.648s (85.965s in batching)
training loss:	0.591193
validation loss:	0.597346
validation error:	0.324035
2017-01-24 23:26:57,722 INFO     Wrote output to trainNN/out/v044-unified-2-g35d999d-dirty:simple-ff-ffv-adam-100-50/config.json
2017-01-24 23:29:01,152 INFO     Saving network params to trainNN/out/v044-unified-2-g35d999d-dirty:simple-ff-ffv-adam-100-50/epoch-035.pkl
2017-01-24 23:29:12,561 INFO     epoch: 35 took 134.942s (85.850s in batching)
training loss:	0.590976
validation loss:	0.594171
validation error:	0.320466
2017-01-24 23:29:12,564 INFO     Wrote output to trainNN/out/v044-unified-2-g35d999d-dirty:simple-ff-ffv-adam-100-50/config.json
2017-01-24 23:31:16,000 INFO     Saving network params to trainNN/out/v044-unified-2-g35d999d-dirty:simple-ff-ffv-adam-100-50/epoch-036.pkl
2017-01-24 23:31:27,461 INFO     epoch: 36 took 134.900s (85.830s in batching)
training loss:	0.590777
validation loss:	0.597937
validation error:	0.323757
2017-01-24 23:31:27,465 INFO     Wrote output to trainNN/out/v044-unified-2-g35d999d-dirty:simple-ff-ffv-adam-100-50/config.json
2017-01-24 23:33:29,867 INFO     Saving network params to trainNN/out/v044-unified-2-g35d999d-dirty:simple-ff-ffv-adam-100-50/epoch-037.pkl
2017-01-24 23:33:41,297 INFO     epoch: 37 took 133.836s (88.702s in batching)
training loss:	0.590625
validation loss:	0.597084
validation error:	0.323698
2017-01-24 23:33:41,301 INFO     Wrote output to trainNN/out/v044-unified-2-g35d999d-dirty:simple-ff-ffv-adam-100-50/config.json
2017-01-24 23:35:48,915 INFO     Saving network params to trainNN/out/v044-unified-2-g35d999d-dirty:simple-ff-ffv-adam-100-50/epoch-038.pkl
2017-01-24 23:36:09,893 INFO     epoch: 38 took 148.584s (88.230s in batching)
training loss:	0.590655
validation loss:	0.596170
validation error:	0.320317
2017-01-24 23:36:12,369 INFO     Wrote output to trainNN/out/v044-unified-2-g35d999d-dirty:simple-ff-ffv-adam-100-50/config.json
2017-01-24 23:39:25,675 INFO     Saving network params to trainNN/out/v044-unified-2-g35d999d-dirty:simple-ff-ffv-adam-100-50/epoch-039.pkl
2017-01-24 23:41:38,637 INFO     epoch: 39 took 328.603s (139.197s in batching)
training loss:	0.590378
validation loss:	0.598262
validation error:	0.325968
2017-01-24 23:41:39,762 INFO     Wrote output to trainNN/out/v044-unified-2-g35d999d-dirty:simple-ff-ffv-adam-100-50/config.json
2017-01-24 23:44:40,089 INFO     Saving network params to trainNN/out/v044-unified-2-g35d999d-dirty:simple-ff-ffv-adam-100-50/epoch-040.pkl
2017-01-24 23:44:55,579 INFO     epoch: 40 took 197.095s (94.211s in batching)
training loss:	0.590340
validation loss:	0.594314
validation error:	0.319931
2017-01-24 23:44:55,614 INFO     Wrote output to trainNN/out/v044-unified-2-g35d999d-dirty:simple-ff-ffv-adam-100-50/config.json
2017-01-24 23:47:52,915 INFO     Saving network params to trainNN/out/v044-unified-2-g35d999d-dirty:simple-ff-ffv-adam-100-50/epoch-041.pkl
2017-01-24 23:48:08,440 INFO     epoch: 41 took 192.861s (91.811s in batching)
training loss:	0.590182
validation loss:	0.597557
validation error:	0.323921
2017-01-24 23:48:09,293 INFO     Wrote output to trainNN/out/v044-unified-2-g35d999d-dirty:simple-ff-ffv-adam-100-50/config.json
2017-01-24 23:51:09,420 INFO     Saving network params to trainNN/out/v044-unified-2-g35d999d-dirty:simple-ff-ffv-adam-100-50/epoch-042.pkl
2017-01-24 23:51:25,928 INFO     epoch: 42 took 197.488s (91.335s in batching)
training loss:	0.590043
validation loss:	0.595252
validation error:	0.321978
2017-01-24 23:51:25,954 INFO     Wrote output to trainNN/out/v044-unified-2-g35d999d-dirty:simple-ff-ffv-adam-100-50/config.json
2017-01-24 23:54:25,701 INFO     Saving network params to trainNN/out/v044-unified-2-g35d999d-dirty:simple-ff-ffv-adam-100-50/epoch-043.pkl
2017-01-24 23:54:42,132 INFO     epoch: 43 took 196.204s (91.609s in batching)
training loss:	0.590065
validation loss:	0.594748
validation error:	0.320015
2017-01-24 23:54:42,146 INFO     Wrote output to trainNN/out/v044-unified-2-g35d999d-dirty:simple-ff-ffv-adam-100-50/config.json
2017-01-24 23:57:42,164 INFO     Saving network params to trainNN/out/v044-unified-2-g35d999d-dirty:simple-ff-ffv-adam-100-50/epoch-044.pkl
2017-01-24 23:57:58,542 INFO     epoch: 44 took 196.410s (91.598s in batching)
training loss:	0.589825
validation loss:	0.596984
validation error:	0.324674
2017-01-24 23:57:58,561 INFO     Wrote output to trainNN/out/v044-unified-2-g35d999d-dirty:simple-ff-ffv-adam-100-50/config.json
2017-01-25 00:00:58,696 INFO     Saving network params to trainNN/out/v044-unified-2-g35d999d-dirty:simple-ff-ffv-adam-100-50/epoch-045.pkl
2017-01-25 00:01:15,263 INFO     epoch: 45 took 196.720s (91.783s in batching)
training loss:	0.589650
validation loss:	0.596896
validation error:	0.320114
2017-01-25 00:01:15,281 INFO     Wrote output to trainNN/out/v044-unified-2-g35d999d-dirty:simple-ff-ffv-adam-100-50/config.json
2017-01-25 00:04:15,262 INFO     Saving network params to trainNN/out/v044-unified-2-g35d999d-dirty:simple-ff-ffv-adam-100-50/epoch-046.pkl
2017-01-25 00:04:31,776 INFO     epoch: 46 took 196.513s (91.274s in batching)
training loss:	0.589754
validation loss:	0.596830
validation error:	0.324045
2017-01-25 00:04:31,879 INFO     Wrote output to trainNN/out/v044-unified-2-g35d999d-dirty:simple-ff-ffv-adam-100-50/config.json
2017-01-25 00:07:31,787 INFO     Saving network params to trainNN/out/v044-unified-2-g35d999d-dirty:simple-ff-ffv-adam-100-50/epoch-047.pkl
2017-01-25 00:07:47,955 INFO     epoch: 47 took 196.179s (90.709s in batching)
training loss:	0.589487
validation loss:	0.595901
validation error:	0.320471
2017-01-25 00:07:47,976 INFO     Wrote output to trainNN/out/v044-unified-2-g35d999d-dirty:simple-ff-ffv-adam-100-50/config.json
2017-01-25 00:10:47,663 INFO     Saving network params to trainNN/out/v044-unified-2-g35d999d-dirty:simple-ff-ffv-adam-100-50/epoch-048.pkl
2017-01-25 00:11:04,016 INFO     epoch: 48 took 196.061s (90.875s in batching)
training loss:	0.589429
validation loss:	0.598463
validation error:	0.323405
2017-01-25 00:11:04,135 INFO     Wrote output to trainNN/out/v044-unified-2-g35d999d-dirty:simple-ff-ffv-adam-100-50/config.json
2017-01-25 00:14:03,878 INFO     Saving network params to trainNN/out/v044-unified-2-g35d999d-dirty:simple-ff-ffv-adam-100-50/epoch-049.pkl
2017-01-25 00:14:20,228 INFO     epoch: 49 took 196.213s (91.266s in batching)
training loss:	0.589405
validation loss:	0.597658
validation error:	0.321730
2017-01-25 00:14:20,244 INFO     Wrote output to trainNN/out/v044-unified-2-g35d999d-dirty:simple-ff-ffv-adam-100-50/config.json
2017-01-25 00:17:19,074 INFO     Saving network params to trainNN/out/v044-unified-2-g35d999d-dirty:simple-ff-ffv-adam-100-50/epoch-050.pkl
2017-01-25 00:17:35,357 INFO     epoch: 50 took 195.129s (91.507s in batching)
training loss:	0.589258
validation loss:	0.598926
validation error:	0.324054
2017-01-25 00:17:35,375 INFO     Wrote output to trainNN/out/v044-unified-2-g35d999d-dirty:simple-ff-ffv-adam-100-50/config.json
2017-01-25 00:20:35,032 INFO     Saving network params to trainNN/out/v044-unified-2-g35d999d-dirty:simple-ff-ffv-adam-100-50/epoch-051.pkl
2017-01-25 00:20:51,461 INFO     epoch: 51 took 196.105s (91.893s in batching)
training loss:	0.589293
validation loss:	0.594319
validation error:	0.320882
2017-01-25 00:20:51,466 INFO     Wrote output to trainNN/out/v044-unified-2-g35d999d-dirty:simple-ff-ffv-adam-100-50/config.json
2017-01-25 00:23:51,279 INFO     Saving network params to trainNN/out/v044-unified-2-g35d999d-dirty:simple-ff-ffv-adam-100-50/epoch-052.pkl
2017-01-25 00:24:07,411 INFO     epoch: 52 took 195.949s (91.463s in batching)
training loss:	0.589177
validation loss:	0.596583
validation error:	0.320828
2017-01-25 00:24:07,428 INFO     Wrote output to trainNN/out/v044-unified-2-g35d999d-dirty:simple-ff-ffv-adam-100-50/config.json
2017-01-25 00:27:07,571 INFO     Saving network params to trainNN/out/v044-unified-2-g35d999d-dirty:simple-ff-ffv-adam-100-50/epoch-053.pkl
2017-01-25 00:27:24,161 INFO     epoch: 53 took 196.750s (92.088s in batching)
training loss:	0.589107
validation loss:	0.597823
validation error:	0.323851
2017-01-25 00:27:24,174 INFO     Wrote output to trainNN/out/v044-unified-2-g35d999d-dirty:simple-ff-ffv-adam-100-50/config.json
2017-01-25 00:30:23,996 INFO     Saving network params to trainNN/out/v044-unified-2-g35d999d-dirty:simple-ff-ffv-adam-100-50/epoch-054.pkl
2017-01-25 00:30:40,373 INFO     epoch: 54 took 196.212s (92.255s in batching)
training loss:	0.588861
validation loss:	0.596699
validation error:	0.323038
2017-01-25 00:30:40,378 INFO     Wrote output to trainNN/out/v044-unified-2-g35d999d-dirty:simple-ff-ffv-adam-100-50/config.json
2017-01-25 00:33:40,308 INFO     Saving network params to trainNN/out/v044-unified-2-g35d999d-dirty:simple-ff-ffv-adam-100-50/epoch-055.pkl
2017-01-25 00:33:56,726 INFO     epoch: 55 took 196.353s (91.891s in batching)
training loss:	0.588823
validation loss:	0.594856
validation error:	0.320312
2017-01-25 00:33:56,732 INFO     Wrote output to trainNN/out/v044-unified-2-g35d999d-dirty:simple-ff-ffv-adam-100-50/config.json
2017-01-25 00:36:56,760 INFO     Saving network params to trainNN/out/v044-unified-2-g35d999d-dirty:simple-ff-ffv-adam-100-50/epoch-056.pkl
2017-01-25 00:37:13,466 INFO     epoch: 56 took 196.740s (91.817s in batching)
training loss:	0.588806
validation loss:	0.597676
validation error:	0.323088
2017-01-25 00:37:13,473 INFO     Wrote output to trainNN/out/v044-unified-2-g35d999d-dirty:simple-ff-ffv-adam-100-50/config.json
2017-01-25 00:40:13,577 INFO     Saving network params to trainNN/out/v044-unified-2-g35d999d-dirty:simple-ff-ffv-adam-100-50/epoch-057.pkl
2017-01-25 00:40:30,477 INFO     epoch: 57 took 197.011s (91.490s in batching)
training loss:	0.588704
validation loss:	0.597771
validation error:	0.321437
2017-01-25 00:40:30,495 INFO     Wrote output to trainNN/out/v044-unified-2-g35d999d-dirty:simple-ff-ffv-adam-100-50/config.json
2017-01-25 00:43:30,639 INFO     Saving network params to trainNN/out/v044-unified-2-g35d999d-dirty:simple-ff-ffv-adam-100-50/epoch-058.pkl
2017-01-25 00:43:47,529 INFO     epoch: 58 took 197.052s (91.543s in batching)
training loss:	0.588694
validation loss:	0.595482
validation error:	0.320258
2017-01-25 00:43:47,536 INFO     Wrote output to trainNN/out/v044-unified-2-g35d999d-dirty:simple-ff-ffv-adam-100-50/config.json
2017-01-25 00:46:48,311 INFO     Saving network params to trainNN/out/v044-unified-2-g35d999d-dirty:simple-ff-ffv-adam-100-50/epoch-059.pkl
2017-01-25 00:47:04,869 INFO     epoch: 59 took 197.340s (91.878s in batching)
training loss:	0.588447
validation loss:	0.597741
validation error:	0.323693
2017-01-25 00:47:04,882 INFO     Wrote output to trainNN/out/v044-unified-2-g35d999d-dirty:simple-ff-ffv-adam-100-50/config.json
2017-01-25 00:50:05,054 INFO     Saving network params to trainNN/out/v044-unified-2-g35d999d-dirty:simple-ff-ffv-adam-100-50/epoch-060.pkl
2017-01-25 00:50:21,618 INFO     epoch: 60 took 196.750s (91.619s in batching)
training loss:	0.588508
validation loss:	0.594245
validation error:	0.318919
2017-01-25 00:50:21,624 INFO     Wrote output to trainNN/out/v044-unified-2-g35d999d-dirty:simple-ff-ffv-adam-100-50/config.json
2017-01-25 00:53:22,065 INFO     Saving network params to trainNN/out/v044-unified-2-g35d999d-dirty:simple-ff-ffv-adam-100-50/epoch-061.pkl
2017-01-25 00:53:38,348 INFO     epoch: 61 took 196.729s (91.083s in batching)
training loss:	0.588519
validation loss:	0.596360
validation error:	0.321214
2017-01-25 00:53:38,364 INFO     Wrote output to trainNN/out/v044-unified-2-g35d999d-dirty:simple-ff-ffv-adam-100-50/config.json
2017-01-25 00:56:38,688 INFO     Saving network params to trainNN/out/v044-unified-2-g35d999d-dirty:simple-ff-ffv-adam-100-50/epoch-062.pkl
2017-01-25 00:56:55,087 INFO     epoch: 62 took 196.740s (91.423s in batching)
training loss:	0.588272
validation loss:	0.595402
validation error:	0.320927
2017-01-25 00:56:55,098 INFO     Wrote output to trainNN/out/v044-unified-2-g35d999d-dirty:simple-ff-ffv-adam-100-50/config.json
2017-01-25 00:59:55,680 INFO     Saving network params to trainNN/out/v044-unified-2-g35d999d-dirty:simple-ff-ffv-adam-100-50/epoch-063.pkl
2017-01-25 01:00:12,061 INFO     epoch: 63 took 196.973s (91.386s in batching)
training loss:	0.588299
validation loss:	0.594543
validation error:	0.320550
2017-01-25 01:00:12,066 INFO     Wrote output to trainNN/out/v044-unified-2-g35d999d-dirty:simple-ff-ffv-adam-100-50/config.json
2017-01-25 01:03:12,199 INFO     Saving network params to trainNN/out/v044-unified-2-g35d999d-dirty:simple-ff-ffv-adam-100-50/epoch-064.pkl
2017-01-25 01:03:28,588 INFO     epoch: 64 took 196.527s (91.410s in batching)
training loss:	0.588175
validation loss:	0.595809
validation error:	0.321655
2017-01-25 01:03:28,604 INFO     Wrote output to trainNN/out/v044-unified-2-g35d999d-dirty:simple-ff-ffv-adam-100-50/config.json
2017-01-25 01:06:29,455 INFO     Saving network params to trainNN/out/v044-unified-2-g35d999d-dirty:simple-ff-ffv-adam-100-50/epoch-065.pkl
2017-01-25 01:06:45,615 INFO     epoch: 65 took 197.027s (91.395s in batching)
training loss:	0.588139
validation loss:	0.595651
validation error:	0.322315
2017-01-25 01:06:45,624 INFO     Wrote output to trainNN/out/v044-unified-2-g35d999d-dirty:simple-ff-ffv-adam-100-50/config.json
2017-01-25 01:09:46,136 INFO     Saving network params to trainNN/out/v044-unified-2-g35d999d-dirty:simple-ff-ffv-adam-100-50/epoch-066.pkl
2017-01-25 01:10:02,315 INFO     epoch: 66 took 196.700s (91.301s in batching)
training loss:	0.588158
validation loss:	0.597360
validation error:	0.321794
2017-01-25 01:10:02,321 INFO     Wrote output to trainNN/out/v044-unified-2-g35d999d-dirty:simple-ff-ffv-adam-100-50/config.json
2017-01-25 01:13:02,285 INFO     Saving network params to trainNN/out/v044-unified-2-g35d999d-dirty:simple-ff-ffv-adam-100-50/epoch-067.pkl
2017-01-25 01:13:18,477 INFO     epoch: 67 took 196.162s (91.495s in batching)
training loss:	0.587934
validation loss:	0.594546
validation error:	0.319499
2017-01-25 01:13:18,496 INFO     Wrote output to trainNN/out/v044-unified-2-g35d999d-dirty:simple-ff-ffv-adam-100-50/config.json
2017-01-25 01:16:18,740 INFO     Saving network params to trainNN/out/v044-unified-2-g35d999d-dirty:simple-ff-ffv-adam-100-50/epoch-068.pkl
2017-01-25 01:16:35,189 INFO     epoch: 68 took 196.712s (91.548s in batching)
training loss:	0.587871
validation loss:	0.594522
validation error:	0.320743
2017-01-25 01:16:35,195 INFO     Wrote output to trainNN/out/v044-unified-2-g35d999d-dirty:simple-ff-ffv-adam-100-50/config.json
2017-01-25 01:19:37,049 INFO     Saving network params to trainNN/out/v044-unified-2-g35d999d-dirty:simple-ff-ffv-adam-100-50/epoch-069.pkl
2017-01-25 01:19:53,271 INFO     epoch: 69 took 198.083s (91.271s in batching)
training loss:	0.587921
validation loss:	0.596018
validation error:	0.322176
2017-01-25 01:19:53,283 INFO     Wrote output to trainNN/out/v044-unified-2-g35d999d-dirty:simple-ff-ffv-adam-100-50/config.json
2017-01-25 01:22:54,062 INFO     Saving network params to trainNN/out/v044-unified-2-g35d999d-dirty:simple-ff-ffv-adam-100-50/epoch-070.pkl
2017-01-25 01:23:10,387 INFO     epoch: 70 took 197.116s (91.322s in batching)
training loss:	0.587796
validation loss:	0.595730
validation error:	0.322805
2017-01-25 01:23:10,406 INFO     Wrote output to trainNN/out/v044-unified-2-g35d999d-dirty:simple-ff-ffv-adam-100-50/config.json
2017-01-25 01:26:10,887 INFO     Saving network params to trainNN/out/v044-unified-2-g35d999d-dirty:simple-ff-ffv-adam-100-50/epoch-071.pkl
2017-01-25 01:26:27,142 INFO     epoch: 71 took 196.755s (91.436s in batching)
training loss:	0.587768
validation loss:	0.596187
validation error:	0.320753
2017-01-25 01:26:27,155 INFO     Wrote output to trainNN/out/v044-unified-2-g35d999d-dirty:simple-ff-ffv-adam-100-50/config.json
2017-01-25 01:29:27,306 INFO     Saving network params to trainNN/out/v044-unified-2-g35d999d-dirty:simple-ff-ffv-adam-100-50/epoch-072.pkl
2017-01-25 01:29:43,639 INFO     epoch: 72 took 196.497s (91.028s in batching)
training loss:	0.587588
validation loss:	0.595456
validation error:	0.320466
2017-01-25 01:29:44,094 INFO     Wrote output to trainNN/out/v044-unified-2-g35d999d-dirty:simple-ff-ffv-adam-100-50/config.json
2017-01-25 01:32:45,246 INFO     Saving network params to trainNN/out/v044-unified-2-g35d999d-dirty:simple-ff-ffv-adam-100-50/epoch-073.pkl
2017-01-25 01:33:02,008 INFO     epoch: 73 took 198.369s (92.584s in batching)
training loss:	0.587637
validation loss:	0.596574
validation error:	0.322270
2017-01-25 01:33:02,024 INFO     Wrote output to trainNN/out/v044-unified-2-g35d999d-dirty:simple-ff-ffv-adam-100-50/config.json
2017-01-25 01:36:02,847 INFO     Saving network params to trainNN/out/v044-unified-2-g35d999d-dirty:simple-ff-ffv-adam-100-50/epoch-074.pkl
2017-01-25 01:36:19,556 INFO     epoch: 74 took 197.548s (92.173s in batching)
training loss:	0.587622
validation loss:	0.595602
validation error:	0.318830
2017-01-25 01:36:19,563 INFO     Wrote output to trainNN/out/v044-unified-2-g35d999d-dirty:simple-ff-ffv-adam-100-50/config.json
2017-01-25 01:39:19,801 INFO     Saving network params to trainNN/out/v044-unified-2-g35d999d-dirty:simple-ff-ffv-adam-100-50/epoch-075.pkl
2017-01-25 01:39:36,146 INFO     epoch: 75 took 196.590s (91.724s in batching)
training loss:	0.587488
validation loss:	0.596852
validation error:	0.322612
2017-01-25 01:39:36,163 INFO     Wrote output to trainNN/out/v044-unified-2-g35d999d-dirty:simple-ff-ffv-adam-100-50/config.json
2017-01-25 01:42:36,619 INFO     Saving network params to trainNN/out/v044-unified-2-g35d999d-dirty:simple-ff-ffv-adam-100-50/epoch-076.pkl
2017-01-25 01:42:52,974 INFO     epoch: 76 took 196.827s (91.803s in batching)
training loss:	0.587476
validation loss:	0.595154
validation error:	0.320297
2017-01-25 01:42:52,992 INFO     Wrote output to trainNN/out/v044-unified-2-g35d999d-dirty:simple-ff-ffv-adam-100-50/config.json
2017-01-25 01:45:55,487 INFO     Saving network params to trainNN/out/v044-unified-2-g35d999d-dirty:simple-ff-ffv-adam-100-50/epoch-077.pkl
2017-01-25 01:46:11,827 INFO     epoch: 77 took 198.853s (91.644s in batching)
training loss:	0.587439
validation loss:	0.598225
validation error:	0.326072
2017-01-25 01:46:11,943 INFO     Wrote output to trainNN/out/v044-unified-2-g35d999d-dirty:simple-ff-ffv-adam-100-50/config.json
2017-01-25 01:49:12,091 INFO     Saving network params to trainNN/out/v044-unified-2-g35d999d-dirty:simple-ff-ffv-adam-100-50/epoch-078.pkl
2017-01-25 01:49:28,625 INFO     epoch: 78 took 196.798s (91.516s in batching)
training loss:	0.587261
validation loss:	0.594600
validation error:	0.319708
2017-01-25 01:49:28,643 INFO     Wrote output to trainNN/out/v044-unified-2-g35d999d-dirty:simple-ff-ffv-adam-100-50/config.json
2017-01-25 01:52:28,446 INFO     Saving network params to trainNN/out/v044-unified-2-g35d999d-dirty:simple-ff-ffv-adam-100-50/epoch-079.pkl
2017-01-25 01:52:44,570 INFO     epoch: 79 took 195.946s (91.700s in batching)
training loss:	0.587364
validation loss:	0.593823
validation error:	0.319732
2017-01-25 01:52:44,576 INFO     Wrote output to trainNN/out/v044-unified-2-g35d999d-dirty:simple-ff-ffv-adam-100-50/config.json
2017-01-25 01:55:44,857 INFO     Saving network params to trainNN/out/v044-unified-2-g35d999d-dirty:simple-ff-ffv-adam-100-50/epoch-080.pkl
2017-01-25 01:56:00,893 INFO     epoch: 80 took 196.322s (91.819s in batching)
training loss:	0.587332
validation loss:	0.596548
validation error:	0.321859
2017-01-25 01:56:00,908 INFO     Wrote output to trainNN/out/v044-unified-2-g35d999d-dirty:simple-ff-ffv-adam-100-50/config.json
2017-01-25 01:59:01,140 INFO     Saving network params to trainNN/out/v044-unified-2-g35d999d-dirty:simple-ff-ffv-adam-100-50/epoch-081.pkl
2017-01-25 01:59:17,655 INFO     epoch: 81 took 196.762s (91.529s in batching)
training loss:	0.587208
validation loss:	0.594861
validation error:	0.320238
2017-01-25 01:59:17,660 INFO     Wrote output to trainNN/out/v044-unified-2-g35d999d-dirty:simple-ff-ffv-adam-100-50/config.json
2017-01-25 02:02:19,017 INFO     Saving network params to trainNN/out/v044-unified-2-g35d999d-dirty:simple-ff-ffv-adam-100-50/epoch-082.pkl
2017-01-25 02:02:35,558 INFO     epoch: 82 took 197.903s (91.893s in batching)
training loss:	0.587162
validation loss:	0.598331
validation error:	0.324748
2017-01-25 02:02:35,584 INFO     Wrote output to trainNN/out/v044-unified-2-g35d999d-dirty:simple-ff-ffv-adam-100-50/config.json
2017-01-25 02:05:36,091 INFO     Saving network params to trainNN/out/v044-unified-2-g35d999d-dirty:simple-ff-ffv-adam-100-50/epoch-083.pkl
2017-01-25 02:05:52,552 INFO     epoch: 83 took 196.994s (91.142s in batching)
training loss:	0.587093
validation loss:	0.596689
validation error:	0.320010
2017-01-25 02:05:52,565 INFO     Wrote output to trainNN/out/v044-unified-2-g35d999d-dirty:simple-ff-ffv-adam-100-50/config.json
2017-01-25 02:08:52,751 INFO     Saving network params to trainNN/out/v044-unified-2-g35d999d-dirty:simple-ff-ffv-adam-100-50/epoch-084.pkl
2017-01-25 02:09:09,290 INFO     epoch: 84 took 196.738s (91.525s in batching)
training loss:	0.587027
validation loss:	0.595987
validation error:	0.322478
2017-01-25 02:09:09,308 INFO     Wrote output to trainNN/out/v044-unified-2-g35d999d-dirty:simple-ff-ffv-adam-100-50/config.json
2017-01-25 02:12:09,671 INFO     Saving network params to trainNN/out/v044-unified-2-g35d999d-dirty:simple-ff-ffv-adam-100-50/epoch-085.pkl
2017-01-25 02:12:26,470 INFO     epoch: 85 took 197.181s (92.069s in batching)
training loss:	0.587093
validation loss:	0.595002
validation error:	0.319960
2017-01-25 02:12:26,485 INFO     Wrote output to trainNN/out/v044-unified-2-g35d999d-dirty:simple-ff-ffv-adam-100-50/config.json
2017-01-25 02:15:26,408 INFO     Saving network params to trainNN/out/v044-unified-2-g35d999d-dirty:simple-ff-ffv-adam-100-50/epoch-086.pkl
2017-01-25 02:15:43,095 INFO     epoch: 86 took 196.625s (92.041s in batching)
training loss:	0.587092
validation loss:	0.594653
validation error:	0.319227
2017-01-25 02:15:43,101 INFO     Wrote output to trainNN/out/v044-unified-2-g35d999d-dirty:simple-ff-ffv-adam-100-50/config.json
2017-01-25 02:18:43,188 INFO     Saving network params to trainNN/out/v044-unified-2-g35d999d-dirty:simple-ff-ffv-adam-100-50/epoch-087.pkl
2017-01-25 02:18:59,750 INFO     epoch: 87 took 196.656s (92.158s in batching)
training loss:	0.586958
validation loss:	0.597630
validation error:	0.322483
2017-01-25 02:18:59,784 INFO     Wrote output to trainNN/out/v044-unified-2-g35d999d-dirty:simple-ff-ffv-adam-100-50/config.json
2017-01-25 02:21:59,346 INFO     Saving network params to trainNN/out/v044-unified-2-g35d999d-dirty:simple-ff-ffv-adam-100-50/epoch-088.pkl
2017-01-25 02:22:15,935 INFO     epoch: 88 took 196.185s (91.555s in batching)
training loss:	0.586937
validation loss:	0.595037
validation error:	0.320431
2017-01-25 02:22:15,954 INFO     Wrote output to trainNN/out/v044-unified-2-g35d999d-dirty:simple-ff-ffv-adam-100-50/config.json
2017-01-25 02:25:15,401 INFO     Saving network params to trainNN/out/v044-unified-2-g35d999d-dirty:simple-ff-ffv-adam-100-50/epoch-089.pkl
2017-01-25 02:25:32,073 INFO     epoch: 89 took 196.138s (91.447s in batching)
training loss:	0.586915
validation loss:	0.595299
validation error:	0.319876
2017-01-25 02:25:32,096 INFO     Wrote output to trainNN/out/v044-unified-2-g35d999d-dirty:simple-ff-ffv-adam-100-50/config.json
2017-01-25 02:28:31,231 INFO     Saving network params to trainNN/out/v044-unified-2-g35d999d-dirty:simple-ff-ffv-adam-100-50/epoch-090.pkl
2017-01-25 02:28:47,712 INFO     epoch: 90 took 195.639s (91.547s in batching)
training loss:	0.586818
validation loss:	0.596434
validation error:	0.320540
2017-01-25 02:28:47,721 INFO     Wrote output to trainNN/out/v044-unified-2-g35d999d-dirty:simple-ff-ffv-adam-100-50/config.json
2017-01-25 02:31:47,472 INFO     Saving network params to trainNN/out/v044-unified-2-g35d999d-dirty:simple-ff-ffv-adam-100-50/epoch-091.pkl
2017-01-25 02:32:03,785 INFO     epoch: 91 took 196.073s (92.110s in batching)
training loss:	0.586760
validation loss:	0.595641
validation error:	0.320932
2017-01-25 02:32:03,802 INFO     Wrote output to trainNN/out/v044-unified-2-g35d999d-dirty:simple-ff-ffv-adam-100-50/config.json
2017-01-25 02:35:03,745 INFO     Saving network params to trainNN/out/v044-unified-2-g35d999d-dirty:simple-ff-ffv-adam-100-50/epoch-092.pkl
2017-01-25 02:35:19,925 INFO     epoch: 92 took 196.139s (91.180s in batching)
training loss:	0.586568
validation loss:	0.595088
validation error:	0.321254
2017-01-25 02:35:19,933 INFO     Wrote output to trainNN/out/v044-unified-2-g35d999d-dirty:simple-ff-ffv-adam-100-50/config.json
2017-01-25 02:38:19,366 INFO     Saving network params to trainNN/out/v044-unified-2-g35d999d-dirty:simple-ff-ffv-adam-100-50/epoch-093.pkl
2017-01-25 02:38:35,699 INFO     epoch: 93 took 195.774s (91.654s in batching)
training loss:	0.586735
validation loss:	0.596492
validation error:	0.320501
2017-01-25 02:38:35,719 INFO     Wrote output to trainNN/out/v044-unified-2-g35d999d-dirty:simple-ff-ffv-adam-100-50/config.json
2017-01-25 02:41:35,350 INFO     Saving network params to trainNN/out/v044-unified-2-g35d999d-dirty:simple-ff-ffv-adam-100-50/epoch-094.pkl
2017-01-25 02:41:51,206 INFO     epoch: 94 took 195.507s (90.911s in batching)
training loss:	0.586666
validation loss:	0.595581
validation error:	0.320610
2017-01-25 02:41:51,224 INFO     Wrote output to trainNN/out/v044-unified-2-g35d999d-dirty:simple-ff-ffv-adam-100-50/config.json
2017-01-25 02:44:50,300 INFO     Saving network params to trainNN/out/v044-unified-2-g35d999d-dirty:simple-ff-ffv-adam-100-50/epoch-095.pkl
2017-01-25 02:45:06,595 INFO     epoch: 95 took 195.389s (92.180s in batching)
training loss:	0.586589
validation loss:	0.594935
validation error:	0.321502
2017-01-25 02:45:06,602 INFO     Wrote output to trainNN/out/v044-unified-2-g35d999d-dirty:simple-ff-ffv-adam-100-50/config.json
2017-01-25 02:48:04,203 INFO     Saving network params to trainNN/out/v044-unified-2-g35d999d-dirty:simple-ff-ffv-adam-100-50/epoch-096.pkl
2017-01-25 02:48:20,783 INFO     epoch: 96 took 194.094s (91.126s in batching)
training loss:	0.586497
validation loss:	0.594720
validation error:	0.319247
2017-01-25 02:48:20,876 INFO     Wrote output to trainNN/out/v044-unified-2-g35d999d-dirty:simple-ff-ffv-adam-100-50/config.json
2017-01-25 02:51:18,470 INFO     Saving network params to trainNN/out/v044-unified-2-g35d999d-dirty:simple-ff-ffv-adam-100-50/epoch-097.pkl
2017-01-25 02:51:34,758 INFO     epoch: 97 took 194.069s (91.213s in batching)
training loss:	0.586446
validation loss:	0.595830
validation error:	0.321056
2017-01-25 02:51:34,766 INFO     Wrote output to trainNN/out/v044-unified-2-g35d999d-dirty:simple-ff-ffv-adam-100-50/config.json
2017-01-25 02:54:34,081 INFO     Saving network params to trainNN/out/v044-unified-2-g35d999d-dirty:simple-ff-ffv-adam-100-50/epoch-098.pkl
2017-01-25 02:54:49,899 INFO     epoch: 98 took 195.141s (91.558s in batching)
training loss:	0.586606
validation loss:	0.599017
validation error:	0.320634
2017-01-25 02:54:49,928 INFO     Wrote output to trainNN/out/v044-unified-2-g35d999d-dirty:simple-ff-ffv-adam-100-50/config.json
2017-01-25 02:57:46,311 INFO     Saving network params to trainNN/out/v044-unified-2-g35d999d-dirty:simple-ff-ffv-adam-100-50/epoch-099.pkl
2017-01-25 02:58:02,573 INFO     epoch: 99 took 192.674s (89.828s in batching)
training loss:	0.586452
validation loss:	0.595297
validation error:	0.319945
2017-01-25 02:58:02,581 INFO     Wrote output to trainNN/out/v044-unified-2-g35d999d-dirty:simple-ff-ffv-adam-100-50/config.json
2017-01-25 03:01:00,633 INFO     Saving network params to trainNN/out/v044-unified-2-g35d999d-dirty:simple-ff-ffv-adam-100-50/epoch-100.pkl
2017-01-25 03:01:17,588 INFO     epoch: 100 took 195.015s (91.185s in batching)
training loss:	0.586368
validation loss:	0.595169
validation error:	0.322002
2017-01-25 03:01:17,653 INFO     Wrote output to trainNN/out/v044-unified-2-g35d999d-dirty:simple-ff-ffv-adam-100-50/config.json
2017-01-25 03:04:16,399 INFO     Saving network params to trainNN/out/v044-unified-2-g35d999d-dirty:simple-ff-ffv-adam-100-50/epoch-101.pkl
2017-01-25 03:04:32,916 INFO     epoch: 101 took 195.270s (91.443s in batching)
training loss:	0.586400
validation loss:	0.595701
validation error:	0.320084
2017-01-25 03:04:33,052 INFO     Wrote output to trainNN/out/v044-unified-2-g35d999d-dirty:simple-ff-ffv-adam-100-50/config.json
2017-01-25 03:07:29,168 INFO     Saving network params to trainNN/out/v044-unified-2-g35d999d-dirty:simple-ff-ffv-adam-100-50/epoch-102.pkl
2017-01-25 03:07:45,546 INFO     epoch: 102 took 192.688s (89.263s in batching)
training loss:	0.586298
validation loss:	0.595134
validation error:	0.320278
2017-01-25 03:07:45,566 INFO     Wrote output to trainNN/out/v044-unified-2-g35d999d-dirty:simple-ff-ffv-adam-100-50/config.json
2017-01-25 03:10:42,980 INFO     Saving network params to trainNN/out/v044-unified-2-g35d999d-dirty:simple-ff-ffv-adam-100-50/epoch-103.pkl
2017-01-25 03:10:59,273 INFO     epoch: 103 took 193.727s (89.847s in batching)
training loss:	0.586464
validation loss:	0.595587
validation error:	0.320387
2017-01-25 03:10:59,280 INFO     Wrote output to trainNN/out/v044-unified-2-g35d999d-dirty:simple-ff-ffv-adam-100-50/config.json
2017-01-25 03:13:56,723 INFO     Saving network params to trainNN/out/v044-unified-2-g35d999d-dirty:simple-ff-ffv-adam-100-50/epoch-104.pkl
2017-01-25 03:14:12,806 INFO     epoch: 104 took 193.533s (90.189s in batching)
training loss:	0.586367
validation loss:	0.595382
validation error:	0.321051
2017-01-25 03:14:12,823 INFO     Wrote output to trainNN/out/v044-unified-2-g35d999d-dirty:simple-ff-ffv-adam-100-50/config.json
2017-01-25 03:17:11,786 INFO     Saving network params to trainNN/out/v044-unified-2-g35d999d-dirty:simple-ff-ffv-adam-100-50/epoch-105.pkl
2017-01-25 03:17:28,226 INFO     epoch: 105 took 195.420s (91.187s in batching)
training loss:	0.586250
validation loss:	0.598923
validation error:	0.321794
2017-01-25 03:17:28,245 INFO     Wrote output to trainNN/out/v044-unified-2-g35d999d-dirty:simple-ff-ffv-adam-100-50/config.json
2017-01-25 03:20:26,415 INFO     Saving network params to trainNN/out/v044-unified-2-g35d999d-dirty:simple-ff-ffv-adam-100-50/epoch-106.pkl
2017-01-25 03:20:42,826 INFO     epoch: 106 took 194.600s (91.283s in batching)
training loss:	0.586200
validation loss:	0.594941
validation error:	0.319717
2017-01-25 03:20:42,834 INFO     Wrote output to trainNN/out/v044-unified-2-g35d999d-dirty:simple-ff-ffv-adam-100-50/config.json
2017-01-25 03:23:41,900 INFO     Saving network params to trainNN/out/v044-unified-2-g35d999d-dirty:simple-ff-ffv-adam-100-50/epoch-107.pkl
2017-01-25 03:23:58,277 INFO     epoch: 107 took 195.451s (90.907s in batching)
training loss:	0.586132
validation loss:	0.596975
validation error:	0.321110
2017-01-25 03:23:58,285 INFO     Wrote output to trainNN/out/v044-unified-2-g35d999d-dirty:simple-ff-ffv-adam-100-50/config.json
2017-01-25 03:26:57,421 INFO     Saving network params to trainNN/out/v044-unified-2-g35d999d-dirty:simple-ff-ffv-adam-100-50/epoch-108.pkl
2017-01-25 03:27:13,512 INFO     epoch: 108 took 195.235s (90.493s in batching)
training loss:	0.586153
validation loss:	0.595951
validation error:	0.319792
2017-01-25 03:27:13,520 INFO     Wrote output to trainNN/out/v044-unified-2-g35d999d-dirty:simple-ff-ffv-adam-100-50/config.json
2017-01-25 03:30:11,640 INFO     Saving network params to trainNN/out/v044-unified-2-g35d999d-dirty:simple-ff-ffv-adam-100-50/epoch-109.pkl
2017-01-25 03:30:27,825 INFO     epoch: 109 took 194.313s (90.491s in batching)
training loss:	0.586091
validation loss:	0.596301
validation error:	0.322305
2017-01-25 03:30:27,841 INFO     Wrote output to trainNN/out/v044-unified-2-g35d999d-dirty:simple-ff-ffv-adam-100-50/config.json
2017-01-25 03:33:26,246 INFO     Saving network params to trainNN/out/v044-unified-2-g35d999d-dirty:simple-ff-ffv-adam-100-50/epoch-110.pkl
2017-01-25 03:33:42,438 INFO     epoch: 110 took 194.613s (90.621s in batching)
training loss:	0.586005
validation loss:	0.595614
validation error:	0.320491
2017-01-25 03:33:42,455 INFO     Wrote output to trainNN/out/v044-unified-2-g35d999d-dirty:simple-ff-ffv-adam-100-50/config.json
2017-01-25 03:36:40,256 INFO     Saving network params to trainNN/out/v044-unified-2-g35d999d-dirty:simple-ff-ffv-adam-100-50/epoch-111.pkl
2017-01-25 03:36:56,774 INFO     epoch: 111 took 194.336s (91.693s in batching)
training loss:	0.586057
validation loss:	0.597907
validation error:	0.322072
2017-01-25 03:36:56,811 INFO     Wrote output to trainNN/out/v044-unified-2-g35d999d-dirty:simple-ff-ffv-adam-100-50/config.json
2017-01-25 03:39:55,491 INFO     Saving network params to trainNN/out/v044-unified-2-g35d999d-dirty:simple-ff-ffv-adam-100-50/epoch-112.pkl
2017-01-25 03:40:12,267 INFO     epoch: 112 took 195.432s (90.672s in batching)
training loss:	0.586044
validation loss:	0.595454
validation error:	0.321745
2017-01-25 03:40:12,343 INFO     Wrote output to trainNN/out/v044-unified-2-g35d999d-dirty:simple-ff-ffv-adam-100-50/config.json
2017-01-25 03:43:09,167 INFO     Saving network params to trainNN/out/v044-unified-2-g35d999d-dirty:simple-ff-ffv-adam-100-50/epoch-113.pkl
2017-01-25 03:43:25,652 INFO     epoch: 113 took 193.446s (91.936s in batching)
training loss:	0.585976
validation loss:	0.600234
validation error:	0.326543
2017-01-25 03:43:25,759 INFO     Wrote output to trainNN/out/v044-unified-2-g35d999d-dirty:simple-ff-ffv-adam-100-50/config.json
2017-01-25 03:46:25,523 INFO     Saving network params to trainNN/out/v044-unified-2-g35d999d-dirty:simple-ff-ffv-adam-100-50/epoch-114.pkl
2017-01-25 03:46:44,062 INFO     epoch: 114 took 198.411s (92.481s in batching)
training loss:	0.585955
validation loss:	0.596337
validation error:	0.319901
2017-01-25 03:46:44,082 INFO     Wrote output to trainNN/out/v044-unified-2-g35d999d-dirty:simple-ff-ffv-adam-100-50/config.json
2017-01-25 03:49:42,746 INFO     Saving network params to trainNN/out/v044-unified-2-g35d999d-dirty:simple-ff-ffv-adam-100-50/epoch-115.pkl
2017-01-25 03:49:59,113 INFO     epoch: 115 took 195.050s (92.334s in batching)
training loss:	0.585893
validation loss:	0.595276
validation error:	0.320139
2017-01-25 03:49:59,132 INFO     Wrote output to trainNN/out/v044-unified-2-g35d999d-dirty:simple-ff-ffv-adam-100-50/config.json
2017-01-25 03:52:51,212 INFO     Saving network params to trainNN/out/v044-unified-2-g35d999d-dirty:simple-ff-ffv-adam-100-50/epoch-116.pkl
2017-01-25 03:53:07,137 INFO     epoch: 116 took 188.025s (88.406s in batching)
training loss:	0.585931
validation loss:	0.601327
validation error:	0.323494
2017-01-25 03:53:07,168 INFO     Wrote output to trainNN/out/v044-unified-2-g35d999d-dirty:simple-ff-ffv-adam-100-50/config.json
2017-01-25 03:56:02,603 INFO     Saving network params to trainNN/out/v044-unified-2-g35d999d-dirty:simple-ff-ffv-adam-100-50/epoch-117.pkl
2017-01-25 03:56:18,749 INFO     epoch: 117 took 191.612s (90.243s in batching)
training loss:	0.585944
validation loss:	0.594607
validation error:	0.320164
2017-01-25 03:56:18,768 INFO     Wrote output to trainNN/out/v044-unified-2-g35d999d-dirty:simple-ff-ffv-adam-100-50/config.json
2017-01-25 03:59:14,241 INFO     Saving network params to trainNN/out/v044-unified-2-g35d999d-dirty:simple-ff-ffv-adam-100-50/epoch-118.pkl
2017-01-25 03:59:30,120 INFO     epoch: 118 took 191.371s (90.205s in batching)
training loss:	0.585993
validation loss:	0.595156
validation error:	0.319256
2017-01-25 03:59:30,130 INFO     Wrote output to trainNN/out/v044-unified-2-g35d999d-dirty:simple-ff-ffv-adam-100-50/config.json
2017-01-25 04:02:27,575 INFO     Saving network params to trainNN/out/v044-unified-2-g35d999d-dirty:simple-ff-ffv-adam-100-50/epoch-119.pkl
2017-01-25 04:02:43,510 INFO     epoch: 119 took 193.390s (91.485s in batching)
training loss:	0.585818
validation loss:	0.596372
validation error:	0.320248
2017-01-25 04:02:43,527 INFO     Wrote output to trainNN/out/v044-unified-2-g35d999d-dirty:simple-ff-ffv-adam-100-50/config.json
2017-01-25 04:05:38,444 INFO     Saving network params to trainNN/out/v044-unified-2-g35d999d-dirty:simple-ff-ffv-adam-100-50/epoch-120.pkl
2017-01-25 04:05:53,814 INFO     epoch: 120 took 190.304s (90.455s in batching)
training loss:	0.585836
validation loss:	0.595894
validation error:	0.320149
2017-01-25 04:05:53,839 INFO     Wrote output to trainNN/out/v044-unified-2-g35d999d-dirty:simple-ff-ffv-adam-100-50/config.json
2017-01-25 04:08:50,528 INFO     Saving network params to trainNN/out/v044-unified-2-g35d999d-dirty:simple-ff-ffv-adam-100-50/epoch-121.pkl
2017-01-25 04:09:06,897 INFO     epoch: 121 took 193.083s (92.261s in batching)
training loss:	0.585862
validation loss:	0.594203
validation error:	0.317532
2017-01-25 04:09:06,956 INFO     Wrote output to trainNN/out/v044-unified-2-g35d999d-dirty:simple-ff-ffv-adam-100-50/config.json
2017-01-25 04:12:08,135 INFO     Saving network params to trainNN/out/v044-unified-2-g35d999d-dirty:simple-ff-ffv-adam-100-50/epoch-122.pkl
2017-01-25 04:12:24,082 INFO     epoch: 122 took 197.185s (94.059s in batching)
training loss:	0.585844
validation loss:	0.596237
validation error:	0.318959
2017-01-25 04:12:24,090 INFO     Wrote output to trainNN/out/v044-unified-2-g35d999d-dirty:simple-ff-ffv-adam-100-50/config.json
2017-01-25 04:15:17,391 INFO     Saving network params to trainNN/out/v044-unified-2-g35d999d-dirty:simple-ff-ffv-adam-100-50/epoch-123.pkl
2017-01-25 04:15:33,386 INFO     epoch: 123 took 189.303s (91.207s in batching)
training loss:	0.585650
validation loss:	0.594640
validation error:	0.319009
2017-01-25 04:15:33,403 INFO     Wrote output to trainNN/out/v044-unified-2-g35d999d-dirty:simple-ff-ffv-adam-100-50/config.json
2017-01-25 04:18:30,060 INFO     Saving network params to trainNN/out/v044-unified-2-g35d999d-dirty:simple-ff-ffv-adam-100-50/epoch-124.pkl
2017-01-25 04:18:46,079 INFO     epoch: 124 took 192.693s (92.468s in batching)
training loss:	0.585810
validation loss:	0.596149
validation error:	0.321254
2017-01-25 04:18:46,094 INFO     Wrote output to trainNN/out/v044-unified-2-g35d999d-dirty:simple-ff-ffv-adam-100-50/config.json
2017-01-25 04:21:42,775 INFO     Saving network params to trainNN/out/v044-unified-2-g35d999d-dirty:simple-ff-ffv-adam-100-50/epoch-125.pkl
2017-01-25 04:21:58,572 INFO     epoch: 125 took 192.493s (92.312s in batching)
training loss:	0.585754
validation loss:	0.594577
validation error:	0.318270
2017-01-25 04:21:58,594 INFO     Wrote output to trainNN/out/v044-unified-2-g35d999d-dirty:simple-ff-ffv-adam-100-50/config.json
2017-01-25 04:24:54,726 INFO     Saving network params to trainNN/out/v044-unified-2-g35d999d-dirty:simple-ff-ffv-adam-100-50/epoch-126.pkl
2017-01-25 04:25:11,159 INFO     epoch: 126 took 192.559s (93.054s in batching)
training loss:	0.585640
validation loss:	0.594763
validation error:	0.321437
2017-01-25 04:25:11,205 INFO     Wrote output to trainNN/out/v044-unified-2-g35d999d-dirty:simple-ff-ffv-adam-100-50/config.json
2017-01-25 04:28:07,339 INFO     Saving network params to trainNN/out/v044-unified-2-g35d999d-dirty:simple-ff-ffv-adam-100-50/epoch-127.pkl
2017-01-25 04:28:23,269 INFO     epoch: 127 took 192.137s (92.919s in batching)
training loss:	0.585636
validation loss:	0.596470
validation error:	0.320857
2017-01-25 04:28:23,290 INFO     Wrote output to trainNN/out/v044-unified-2-g35d999d-dirty:simple-ff-ffv-adam-100-50/config.json
2017-01-25 04:31:18,130 INFO     Saving network params to trainNN/out/v044-unified-2-g35d999d-dirty:simple-ff-ffv-adam-100-50/epoch-128.pkl
2017-01-25 04:31:33,946 INFO     epoch: 128 took 190.677s (91.077s in batching)
training loss:	0.585659
validation loss:	0.596734
validation error:	0.322677
2017-01-25 04:31:33,953 INFO     Wrote output to trainNN/out/v044-unified-2-g35d999d-dirty:simple-ff-ffv-adam-100-50/config.json
2017-01-25 04:34:32,573 INFO     Saving network params to trainNN/out/v044-unified-2-g35d999d-dirty:simple-ff-ffv-adam-100-50/epoch-129.pkl
2017-01-25 04:34:48,718 INFO     epoch: 129 took 194.773s (92.732s in batching)
training loss:	0.585479
validation loss:	0.596920
validation error:	0.323524
2017-01-25 04:34:48,737 INFO     Wrote output to trainNN/out/v044-unified-2-g35d999d-dirty:simple-ff-ffv-adam-100-50/config.json
2017-01-25 04:37:45,846 INFO     Saving network params to trainNN/out/v044-unified-2-g35d999d-dirty:simple-ff-ffv-adam-100-50/epoch-130.pkl
2017-01-25 04:38:01,456 INFO     epoch: 130 took 192.738s (92.086s in batching)
training loss:	0.585520
validation loss:	0.595803
validation error:	0.320605
2017-01-25 04:38:01,472 INFO     Wrote output to trainNN/out/v044-unified-2-g35d999d-dirty:simple-ff-ffv-adam-100-50/config.json
2017-01-25 04:40:59,042 INFO     Saving network params to trainNN/out/v044-unified-2-g35d999d-dirty:simple-ff-ffv-adam-100-50/epoch-131.pkl
2017-01-25 04:41:15,523 INFO     epoch: 131 took 194.067s (92.557s in batching)
training loss:	0.585450
validation loss:	0.597063
validation error:	0.322270
2017-01-25 04:41:15,535 INFO     Wrote output to trainNN/out/v044-unified-2-g35d999d-dirty:simple-ff-ffv-adam-100-50/config.json
2017-01-25 04:44:13,535 INFO     Saving network params to trainNN/out/v044-unified-2-g35d999d-dirty:simple-ff-ffv-adam-100-50/epoch-132.pkl
2017-01-25 04:44:29,448 INFO     epoch: 132 took 193.925s (92.128s in batching)
training loss:	0.585449
validation loss:	0.595948
validation error:	0.322072
2017-01-25 04:44:29,476 INFO     Wrote output to trainNN/out/v044-unified-2-g35d999d-dirty:simple-ff-ffv-adam-100-50/config.json
2017-01-25 04:47:26,768 INFO     Saving network params to trainNN/out/v044-unified-2-g35d999d-dirty:simple-ff-ffv-adam-100-50/epoch-133.pkl
2017-01-25 04:47:42,825 INFO     epoch: 133 took 193.377s (91.717s in batching)
training loss:	0.585448
validation loss:	0.596786
validation error:	0.321898
2017-01-25 04:47:42,852 INFO     Wrote output to trainNN/out/v044-unified-2-g35d999d-dirty:simple-ff-ffv-adam-100-50/config.json
2017-01-25 04:50:41,172 INFO     Saving network params to trainNN/out/v044-unified-2-g35d999d-dirty:simple-ff-ffv-adam-100-50/epoch-134.pkl
2017-01-25 04:50:57,086 INFO     epoch: 134 took 194.261s (92.100s in batching)
training loss:	0.585300
validation loss:	0.596285
validation error:	0.321056
2017-01-25 04:50:57,103 INFO     Wrote output to trainNN/out/v044-unified-2-g35d999d-dirty:simple-ff-ffv-adam-100-50/config.json
2017-01-25 04:53:54,671 INFO     Saving network params to trainNN/out/v044-unified-2-g35d999d-dirty:simple-ff-ffv-adam-100-50/epoch-135.pkl
2017-01-25 04:54:10,581 INFO     epoch: 135 took 193.495s (92.019s in batching)
training loss:	0.585489
validation loss:	0.596718
validation error:	0.320025
2017-01-25 04:54:10,590 INFO     Wrote output to trainNN/out/v044-unified-2-g35d999d-dirty:simple-ff-ffv-adam-100-50/config.json
2017-01-25 04:57:08,676 INFO     Saving network params to trainNN/out/v044-unified-2-g35d999d-dirty:simple-ff-ffv-adam-100-50/epoch-136.pkl
2017-01-25 04:57:24,966 INFO     epoch: 136 took 194.385s (92.046s in batching)
training loss:	0.585513
validation loss:	0.596245
validation error:	0.319802
2017-01-25 04:57:24,985 INFO     Wrote output to trainNN/out/v044-unified-2-g35d999d-dirty:simple-ff-ffv-adam-100-50/config.json
2017-01-25 05:00:23,168 INFO     Saving network params to trainNN/out/v044-unified-2-g35d999d-dirty:simple-ff-ffv-adam-100-50/epoch-137.pkl
2017-01-25 05:00:39,251 INFO     epoch: 137 took 194.285s (92.056s in batching)
training loss:	0.585415
validation loss:	0.594894
validation error:	0.319846
2017-01-25 05:00:39,269 INFO     Wrote output to trainNN/out/v044-unified-2-g35d999d-dirty:simple-ff-ffv-adam-100-50/config.json
2017-01-25 05:03:37,657 INFO     Saving network params to trainNN/out/v044-unified-2-g35d999d-dirty:simple-ff-ffv-adam-100-50/epoch-138.pkl
2017-01-25 05:03:53,719 INFO     epoch: 138 took 194.468s (92.091s in batching)
training loss:	0.585282
validation loss:	0.594730
validation error:	0.320069
2017-01-25 05:03:53,740 INFO     Wrote output to trainNN/out/v044-unified-2-g35d999d-dirty:simple-ff-ffv-adam-100-50/config.json
2017-01-25 05:06:51,842 INFO     Saving network params to trainNN/out/v044-unified-2-g35d999d-dirty:simple-ff-ffv-adam-100-50/epoch-139.pkl
2017-01-25 05:07:08,050 INFO     epoch: 139 took 194.332s (91.981s in batching)
training loss:	0.585358
validation loss:	0.596320
validation error:	0.320253
2017-01-25 05:07:08,072 INFO     Wrote output to trainNN/out/v044-unified-2-g35d999d-dirty:simple-ff-ffv-adam-100-50/config.json
2017-01-25 05:10:06,877 INFO     Saving network params to trainNN/out/v044-unified-2-g35d999d-dirty:simple-ff-ffv-adam-100-50/epoch-140.pkl
2017-01-25 05:10:23,100 INFO     epoch: 140 took 195.050s (92.367s in batching)
training loss:	0.585271
validation loss:	0.593937
validation error:	0.318776
2017-01-25 05:10:23,116 INFO     Wrote output to trainNN/out/v044-unified-2-g35d999d-dirty:simple-ff-ffv-adam-100-50/config.json
2017-01-25 05:13:22,125 INFO     Saving network params to trainNN/out/v044-unified-2-g35d999d-dirty:simple-ff-ffv-adam-100-50/epoch-141.pkl
2017-01-25 05:13:38,441 INFO     epoch: 141 took 195.341s (92.479s in batching)
training loss:	0.585381
validation loss:	0.597462
validation error:	0.323826
2017-01-25 05:13:38,450 INFO     Wrote output to trainNN/out/v044-unified-2-g35d999d-dirty:simple-ff-ffv-adam-100-50/config.json
2017-01-25 05:16:37,259 INFO     Saving network params to trainNN/out/v044-unified-2-g35d999d-dirty:simple-ff-ffv-adam-100-50/epoch-142.pkl
2017-01-25 05:16:53,632 INFO     epoch: 142 took 195.191s (92.176s in batching)
training loss:	0.585161
validation loss:	0.600866
validation error:	0.324773
2017-01-25 05:16:53,652 INFO     Wrote output to trainNN/out/v044-unified-2-g35d999d-dirty:simple-ff-ffv-adam-100-50/config.json
2017-01-25 05:19:52,728 INFO     Saving network params to trainNN/out/v044-unified-2-g35d999d-dirty:simple-ff-ffv-adam-100-50/epoch-143.pkl
2017-01-25 05:20:08,838 INFO     epoch: 143 took 195.206s (92.823s in batching)
training loss:	0.585317
validation loss:	0.594415
validation error:	0.320456
2017-01-25 05:20:08,848 INFO     Wrote output to trainNN/out/v044-unified-2-g35d999d-dirty:simple-ff-ffv-adam-100-50/config.json
2017-01-25 05:23:07,399 INFO     Saving network params to trainNN/out/v044-unified-2-g35d999d-dirty:simple-ff-ffv-adam-100-50/epoch-144.pkl
2017-01-25 05:23:23,467 INFO     epoch: 144 took 194.629s (91.979s in batching)
training loss:	0.585236
validation loss:	0.594387
validation error:	0.319514
2017-01-25 05:23:23,486 INFO     Wrote output to trainNN/out/v044-unified-2-g35d999d-dirty:simple-ff-ffv-adam-100-50/config.json
2017-01-25 05:26:22,108 INFO     Saving network params to trainNN/out/v044-unified-2-g35d999d-dirty:simple-ff-ffv-adam-100-50/epoch-145.pkl
2017-01-25 05:26:38,267 INFO     epoch: 145 took 194.801s (92.077s in batching)
training loss:	0.585243
validation loss:	0.597859
validation error:	0.323311
2017-01-25 05:26:38,324 INFO     Wrote output to trainNN/out/v044-unified-2-g35d999d-dirty:simple-ff-ffv-adam-100-50/config.json
2017-01-25 05:29:37,320 INFO     Saving network params to trainNN/out/v044-unified-2-g35d999d-dirty:simple-ff-ffv-adam-100-50/epoch-146.pkl
2017-01-25 05:29:53,432 INFO     epoch: 146 took 195.165s (92.499s in batching)
training loss:	0.585117
validation loss:	0.595676
validation error:	0.320149
2017-01-25 05:29:53,455 INFO     Wrote output to trainNN/out/v044-unified-2-g35d999d-dirty:simple-ff-ffv-adam-100-50/config.json
2017-01-25 05:32:52,245 INFO     Saving network params to trainNN/out/v044-unified-2-g35d999d-dirty:simple-ff-ffv-adam-100-50/epoch-147.pkl
2017-01-25 05:33:08,383 INFO     epoch: 147 took 194.951s (92.498s in batching)
training loss:	0.585033
validation loss:	0.599957
validation error:	0.324506
2017-01-25 05:33:08,408 INFO     Wrote output to trainNN/out/v044-unified-2-g35d999d-dirty:simple-ff-ffv-adam-100-50/config.json
2017-01-25 05:36:07,150 INFO     Saving network params to trainNN/out/v044-unified-2-g35d999d-dirty:simple-ff-ffv-adam-100-50/epoch-148.pkl
2017-01-25 05:36:23,310 INFO     epoch: 148 took 194.927s (92.519s in batching)
training loss:	0.585233
validation loss:	0.595130
validation error:	0.319385
2017-01-25 05:36:23,328 INFO     Wrote output to trainNN/out/v044-unified-2-g35d999d-dirty:simple-ff-ffv-adam-100-50/config.json
2017-01-25 05:39:22,342 INFO     Saving network params to trainNN/out/v044-unified-2-g35d999d-dirty:simple-ff-ffv-adam-100-50/epoch-149.pkl
2017-01-25 05:39:38,789 INFO     epoch: 149 took 195.479s (92.207s in batching)
training loss:	0.585030
validation loss:	0.595714
validation error:	0.320942
2017-01-25 05:39:38,798 INFO     Wrote output to trainNN/out/v044-unified-2-g35d999d-dirty:simple-ff-ffv-adam-100-50/config.json
2017-01-25 05:42:38,169 INFO     Saving network params to trainNN/out/v044-unified-2-g35d999d-dirty:simple-ff-ffv-adam-100-50/epoch-150.pkl
2017-01-25 05:42:54,473 INFO     epoch: 150 took 195.684s (92.356s in batching)
training loss:	0.584998
validation loss:	0.596146
validation error:	0.321289
2017-01-25 05:42:54,489 INFO     Wrote output to trainNN/out/v044-unified-2-g35d999d-dirty:simple-ff-ffv-adam-100-50/config.json
2017-01-25 05:45:52,899 INFO     Saving network params to trainNN/out/v044-unified-2-g35d999d-dirty:simple-ff-ffv-adam-100-50/epoch-151.pkl
2017-01-25 05:46:08,955 INFO     epoch: 151 took 194.482s (92.231s in batching)
training loss:	0.584953
validation loss:	0.599903
validation error:	0.326910
2017-01-25 05:46:08,974 INFO     Wrote output to trainNN/out/v044-unified-2-g35d999d-dirty:simple-ff-ffv-adam-100-50/config.json
2017-01-25 05:49:07,337 INFO     Saving network params to trainNN/out/v044-unified-2-g35d999d-dirty:simple-ff-ffv-adam-100-50/epoch-152.pkl
2017-01-25 05:49:23,344 INFO     epoch: 152 took 194.389s (92.017s in batching)
training loss:	0.585106
validation loss:	0.594564
validation error:	0.318221
2017-01-25 05:49:23,353 INFO     Wrote output to trainNN/out/v044-unified-2-g35d999d-dirty:simple-ff-ffv-adam-100-50/config.json
2017-01-25 05:52:21,715 INFO     Saving network params to trainNN/out/v044-unified-2-g35d999d-dirty:simple-ff-ffv-adam-100-50/epoch-153.pkl
2017-01-25 05:52:37,813 INFO     epoch: 153 took 194.469s (92.480s in batching)
training loss:	0.585073
validation loss:	0.595967
validation error:	0.319420
2017-01-25 05:52:37,822 INFO     Wrote output to trainNN/out/v044-unified-2-g35d999d-dirty:simple-ff-ffv-adam-100-50/config.json
2017-01-25 05:55:35,287 INFO     Saving network params to trainNN/out/v044-unified-2-g35d999d-dirty:simple-ff-ffv-adam-100-50/epoch-154.pkl
2017-01-25 05:55:51,019 INFO     epoch: 154 took 193.206s (92.784s in batching)
training loss:	0.584917
validation loss:	0.593679
validation error:	0.319752
2017-01-25 05:55:51,042 INFO     Wrote output to trainNN/out/v044-unified-2-g35d999d-dirty:simple-ff-ffv-adam-100-50/config.json
2017-01-25 05:58:47,947 INFO     Saving network params to trainNN/out/v044-unified-2-g35d999d-dirty:simple-ff-ffv-adam-100-50/epoch-155.pkl
2017-01-25 05:59:03,905 INFO     epoch: 155 took 192.886s (92.234s in batching)
training loss:	0.585035
validation loss:	0.597220
validation error:	0.319856
2017-01-25 05:59:03,956 INFO     Wrote output to trainNN/out/v044-unified-2-g35d999d-dirty:simple-ff-ffv-adam-100-50/config.json
2017-01-25 06:01:59,681 INFO     Saving network params to trainNN/out/v044-unified-2-g35d999d-dirty:simple-ff-ffv-adam-100-50/epoch-156.pkl
2017-01-25 06:02:17,855 INFO     epoch: 156 took 193.950s (92.934s in batching)
training loss:	0.584978
validation loss:	0.595143
validation error:	0.319752
2017-01-25 06:02:17,873 INFO     Wrote output to trainNN/out/v044-unified-2-g35d999d-dirty:simple-ff-ffv-adam-100-50/config.json
2017-01-25 06:05:21,752 INFO     Saving network params to trainNN/out/v044-unified-2-g35d999d-dirty:simple-ff-ffv-adam-100-50/epoch-157.pkl
2017-01-25 06:05:39,919 INFO     epoch: 157 took 202.064s (92.713s in batching)
training loss:	0.584985
validation loss:	0.594710
validation error:	0.318642
2017-01-25 06:05:39,937 INFO     Wrote output to trainNN/out/v044-unified-2-g35d999d-dirty:simple-ff-ffv-adam-100-50/config.json
2017-01-25 06:08:44,606 INFO     Saving network params to trainNN/out/v044-unified-2-g35d999d-dirty:simple-ff-ffv-adam-100-50/epoch-158.pkl
2017-01-25 06:09:02,637 INFO     epoch: 158 took 202.718s (92.452s in batching)
training loss:	0.585001
validation loss:	0.596479
validation error:	0.321304
2017-01-25 06:09:02,657 INFO     Wrote output to trainNN/out/v044-unified-2-g35d999d-dirty:simple-ff-ffv-adam-100-50/config.json
2017-01-25 06:12:06,717 INFO     Saving network params to trainNN/out/v044-unified-2-g35d999d-dirty:simple-ff-ffv-adam-100-50/epoch-159.pkl
2017-01-25 06:12:24,732 INFO     epoch: 159 took 202.095s (92.501s in batching)
training loss:	0.584946
validation loss:	0.594939
validation error:	0.318572
2017-01-25 06:12:24,749 INFO     Wrote output to trainNN/out/v044-unified-2-g35d999d-dirty:simple-ff-ffv-adam-100-50/config.json
2017-01-25 06:15:29,548 INFO     Saving network params to trainNN/out/v044-unified-2-g35d999d-dirty:simple-ff-ffv-adam-100-50/epoch-160.pkl
2017-01-25 06:15:47,700 INFO     epoch: 160 took 202.968s (91.893s in batching)
training loss:	0.585009
validation loss:	0.594515
validation error:	0.320089
2017-01-25 06:15:47,710 INFO     Wrote output to trainNN/out/v044-unified-2-g35d999d-dirty:simple-ff-ffv-adam-100-50/config.json
2017-01-25 06:18:52,278 INFO     Saving network params to trainNN/out/v044-unified-2-g35d999d-dirty:simple-ff-ffv-adam-100-50/epoch-161.pkl
2017-01-25 06:19:10,331 INFO     epoch: 161 took 202.630s (92.137s in batching)
training loss:	0.584890
validation loss:	0.594504
validation error:	0.318919
2017-01-25 06:19:10,348 INFO     Wrote output to trainNN/out/v044-unified-2-g35d999d-dirty:simple-ff-ffv-adam-100-50/config.json
2017-01-25 06:22:14,543 INFO     Saving network params to trainNN/out/v044-unified-2-g35d999d-dirty:simple-ff-ffv-adam-100-50/epoch-162.pkl
2017-01-25 06:22:32,399 INFO     epoch: 162 took 202.069s (92.001s in batching)
training loss:	0.584804
validation loss:	0.594966
validation error:	0.319871
2017-01-25 06:22:32,417 INFO     Wrote output to trainNN/out/v044-unified-2-g35d999d-dirty:simple-ff-ffv-adam-100-50/config.json
2017-01-25 06:25:36,129 INFO     Saving network params to trainNN/out/v044-unified-2-g35d999d-dirty:simple-ff-ffv-adam-100-50/epoch-163.pkl
2017-01-25 06:25:54,290 INFO     epoch: 163 took 201.891s (92.144s in batching)
training loss:	0.584818
validation loss:	0.600139
validation error:	0.326047
2017-01-25 06:25:54,301 INFO     Wrote output to trainNN/out/v044-unified-2-g35d999d-dirty:simple-ff-ffv-adam-100-50/config.json
2017-01-25 06:28:58,634 INFO     Saving network params to trainNN/out/v044-unified-2-g35d999d-dirty:simple-ff-ffv-adam-100-50/epoch-164.pkl
2017-01-25 06:29:16,846 INFO     epoch: 164 took 202.556s (91.913s in batching)
training loss:	0.584880
validation loss:	0.595094
validation error:	0.319519
2017-01-25 06:29:16,864 INFO     Wrote output to trainNN/out/v044-unified-2-g35d999d-dirty:simple-ff-ffv-adam-100-50/config.json
2017-01-25 06:32:21,181 INFO     Saving network params to trainNN/out/v044-unified-2-g35d999d-dirty:simple-ff-ffv-adam-100-50/epoch-165.pkl
2017-01-25 06:32:39,548 INFO     epoch: 165 took 202.702s (92.000s in batching)
training loss:	0.584790
validation loss:	0.594022
validation error:	0.318295
2017-01-25 06:32:39,565 INFO     Wrote output to trainNN/out/v044-unified-2-g35d999d-dirty:simple-ff-ffv-adam-100-50/config.json
2017-01-25 06:35:43,766 INFO     Saving network params to trainNN/out/v044-unified-2-g35d999d-dirty:simple-ff-ffv-adam-100-50/epoch-166.pkl
2017-01-25 06:36:01,693 INFO     epoch: 166 took 202.145s (91.686s in batching)
training loss:	0.584851
validation loss:	0.595593
validation error:	0.320119
2017-01-25 06:36:01,703 INFO     Wrote output to trainNN/out/v044-unified-2-g35d999d-dirty:simple-ff-ffv-adam-100-50/config.json
2017-01-25 06:39:05,813 INFO     Saving network params to trainNN/out/v044-unified-2-g35d999d-dirty:simple-ff-ffv-adam-100-50/epoch-167.pkl
2017-01-25 06:39:23,815 INFO     epoch: 167 took 202.122s (91.854s in batching)
training loss:	0.584714
validation loss:	0.598590
validation error:	0.321551
2017-01-25 06:39:23,832 INFO     Wrote output to trainNN/out/v044-unified-2-g35d999d-dirty:simple-ff-ffv-adam-100-50/config.json
2017-01-25 06:42:27,790 INFO     Saving network params to trainNN/out/v044-unified-2-g35d999d-dirty:simple-ff-ffv-adam-100-50/epoch-168.pkl
2017-01-25 06:42:45,734 INFO     epoch: 168 took 201.919s (91.768s in batching)
training loss:	0.584825
validation loss:	0.593123
validation error:	0.316848
2017-01-25 06:42:45,753 INFO     Wrote output to trainNN/out/v044-unified-2-g35d999d-dirty:simple-ff-ffv-adam-100-50/config.json
2017-01-25 06:45:50,346 INFO     Saving network params to trainNN/out/v044-unified-2-g35d999d-dirty:simple-ff-ffv-adam-100-50/epoch-169.pkl
2017-01-25 06:46:08,405 INFO     epoch: 169 took 202.671s (91.751s in batching)
training loss:	0.584874
validation loss:	0.593235
validation error:	0.317021
2017-01-25 06:46:08,424 INFO     Wrote output to trainNN/out/v044-unified-2-g35d999d-dirty:simple-ff-ffv-adam-100-50/config.json
2017-01-25 06:49:12,525 INFO     Saving network params to trainNN/out/v044-unified-2-g35d999d-dirty:simple-ff-ffv-adam-100-50/epoch-170.pkl
2017-01-25 06:49:30,386 INFO     epoch: 170 took 201.981s (91.662s in batching)
training loss:	0.584707
validation loss:	0.596582
validation error:	0.321398
2017-01-25 06:49:30,404 INFO     Wrote output to trainNN/out/v044-unified-2-g35d999d-dirty:simple-ff-ffv-adam-100-50/config.json
2017-01-25 06:52:34,652 INFO     Saving network params to trainNN/out/v044-unified-2-g35d999d-dirty:simple-ff-ffv-adam-100-50/epoch-171.pkl
2017-01-25 06:52:52,938 INFO     epoch: 171 took 202.551s (91.559s in batching)
training loss:	0.584705
validation loss:	0.596181
validation error:	0.321155
2017-01-25 06:52:52,958 INFO     Wrote output to trainNN/out/v044-unified-2-g35d999d-dirty:simple-ff-ffv-adam-100-50/config.json
2017-01-25 06:55:56,757 INFO     Saving network params to trainNN/out/v044-unified-2-g35d999d-dirty:simple-ff-ffv-adam-100-50/epoch-172.pkl
2017-01-25 06:56:14,855 INFO     epoch: 172 took 201.917s (91.538s in batching)
training loss:	0.584824
validation loss:	0.601016
validation error:	0.324193
2017-01-25 06:56:14,872 INFO     Wrote output to trainNN/out/v044-unified-2-g35d999d-dirty:simple-ff-ffv-adam-100-50/config.json
2017-01-25 06:59:19,692 INFO     Saving network params to trainNN/out/v044-unified-2-g35d999d-dirty:simple-ff-ffv-adam-100-50/epoch-173.pkl
2017-01-25 06:59:37,811 INFO     epoch: 173 took 202.957s (91.460s in batching)
training loss:	0.584573
validation loss:	0.598593
validation error:	0.322820
2017-01-25 06:59:37,829 INFO     Wrote output to trainNN/out/v044-unified-2-g35d999d-dirty:simple-ff-ffv-adam-100-50/config.json
2017-01-25 07:02:43,114 INFO     Saving network params to trainNN/out/v044-unified-2-g35d999d-dirty:simple-ff-ffv-adam-100-50/epoch-174.pkl
2017-01-25 07:03:01,239 INFO     epoch: 174 took 203.428s (92.480s in batching)
training loss:	0.584624
validation loss:	0.595284
validation error:	0.319182
2017-01-25 07:03:01,257 INFO     Wrote output to trainNN/out/v044-unified-2-g35d999d-dirty:simple-ff-ffv-adam-100-50/config.json
2017-01-25 07:06:05,458 INFO     Saving network params to trainNN/out/v044-unified-2-g35d999d-dirty:simple-ff-ffv-adam-100-50/epoch-175.pkl
2017-01-25 07:06:23,046 INFO     epoch: 175 took 201.806s (91.466s in batching)
training loss:	0.584633
validation loss:	0.594625
validation error:	0.319430
2017-01-25 07:06:23,075 INFO     Wrote output to trainNN/out/v044-unified-2-g35d999d-dirty:simple-ff-ffv-adam-100-50/config.json
2017-01-25 07:09:24,524 INFO     Saving network params to trainNN/out/v044-unified-2-g35d999d-dirty:simple-ff-ffv-adam-100-50/epoch-176.pkl
2017-01-25 07:09:41,277 INFO     epoch: 176 took 198.231s (91.881s in batching)
training loss:	0.584689
validation loss:	0.595716
validation error:	0.320456
2017-01-25 07:09:41,295 INFO     Wrote output to trainNN/out/v044-unified-2-g35d999d-dirty:simple-ff-ffv-adam-100-50/config.json
2017-01-25 07:12:41,715 INFO     Saving network params to trainNN/out/v044-unified-2-g35d999d-dirty:simple-ff-ffv-adam-100-50/epoch-177.pkl
2017-01-25 07:13:01,457 INFO     epoch: 177 took 200.181s (91.921s in batching)
training loss:	0.584616
validation loss:	0.597052
validation error:	0.319098
2017-01-25 07:13:01,479 INFO     Wrote output to trainNN/out/v044-unified-2-g35d999d-dirty:simple-ff-ffv-adam-100-50/config.json
2017-01-25 07:16:06,581 INFO     Saving network params to trainNN/out/v044-unified-2-g35d999d-dirty:simple-ff-ffv-adam-100-50/epoch-178.pkl
2017-01-25 07:16:24,143 INFO     epoch: 178 took 202.686s (91.861s in batching)
training loss:	0.584601
validation loss:	0.599752
validation error:	0.322805
2017-01-25 07:16:24,155 INFO     Wrote output to trainNN/out/v044-unified-2-g35d999d-dirty:simple-ff-ffv-adam-100-50/config.json
2017-01-25 07:19:24,363 INFO     Saving network params to trainNN/out/v044-unified-2-g35d999d-dirty:simple-ff-ffv-adam-100-50/epoch-179.pkl
2017-01-25 07:19:41,126 INFO     epoch: 179 took 196.983s (93.844s in batching)
training loss:	0.584590
validation loss:	0.594026
validation error:	0.317903
2017-01-25 07:19:41,137 INFO     Wrote output to trainNN/out/v044-unified-2-g35d999d-dirty:simple-ff-ffv-adam-100-50/config.json
2017-01-25 07:22:34,508 INFO     Saving network params to trainNN/out/v044-unified-2-g35d999d-dirty:simple-ff-ffv-adam-100-50/epoch-180.pkl
2017-01-25 07:23:00,877 INFO     epoch: 180 took 199.730s (92.279s in batching)
training loss:	0.584599
validation loss:	0.594378
validation error:	0.318404
2017-01-25 07:23:01,096 INFO     Wrote output to trainNN/out/v044-unified-2-g35d999d-dirty:simple-ff-ffv-adam-100-50/config.json
2017-01-25 07:26:02,058 INFO     Saving network params to trainNN/out/v044-unified-2-g35d999d-dirty:simple-ff-ffv-adam-100-50/epoch-181.pkl
2017-01-25 07:26:19,903 INFO     epoch: 181 took 199.047s (94.919s in batching)
training loss:	0.584489
validation loss:	0.595108
validation error:	0.319975
2017-01-25 07:26:19,913 INFO     Wrote output to trainNN/out/v044-unified-2-g35d999d-dirty:simple-ff-ffv-adam-100-50/config.json
2017-01-25 07:29:21,565 INFO     Saving network params to trainNN/out/v044-unified-2-g35d999d-dirty:simple-ff-ffv-adam-100-50/epoch-182.pkl
2017-01-25 07:29:39,527 INFO     epoch: 182 took 199.624s (94.112s in batching)
training loss:	0.584459
validation loss:	0.594555
validation error:	0.318136
2017-01-25 07:29:39,545 INFO     Wrote output to trainNN/out/v044-unified-2-g35d999d-dirty:simple-ff-ffv-adam-100-50/config.json
2017-01-25 07:32:40,422 INFO     Saving network params to trainNN/out/v044-unified-2-g35d999d-dirty:simple-ff-ffv-adam-100-50/epoch-183.pkl
2017-01-25 07:32:58,057 INFO     epoch: 183 took 198.530s (94.262s in batching)
training loss:	0.584450
validation loss:	0.596851
validation error:	0.320322
2017-01-25 07:32:58,075 INFO     Wrote output to trainNN/out/v044-unified-2-g35d999d-dirty:simple-ff-ffv-adam-100-50/config.json
2017-01-25 07:35:59,008 INFO     Saving network params to trainNN/out/v044-unified-2-g35d999d-dirty:simple-ff-ffv-adam-100-50/epoch-184.pkl
2017-01-25 07:36:16,617 INFO     epoch: 184 took 198.559s (94.310s in batching)
training loss:	0.584354
validation loss:	0.595318
validation error:	0.318627
2017-01-25 07:36:16,646 INFO     Wrote output to trainNN/out/v044-unified-2-g35d999d-dirty:simple-ff-ffv-adam-100-50/config.json
2017-01-25 07:39:17,782 INFO     Saving network params to trainNN/out/v044-unified-2-g35d999d-dirty:simple-ff-ffv-adam-100-50/epoch-185.pkl
2017-01-25 07:39:35,348 INFO     epoch: 185 took 198.732s (94.360s in batching)
training loss:	0.584390
validation loss:	0.595242
validation error:	0.319861
2017-01-25 07:39:35,371 INFO     Wrote output to trainNN/out/v044-unified-2-g35d999d-dirty:simple-ff-ffv-adam-100-50/config.json
2017-01-25 07:42:35,474 INFO     Saving network params to trainNN/out/v044-unified-2-g35d999d-dirty:simple-ff-ffv-adam-100-50/epoch-186.pkl
2017-01-25 07:42:53,134 INFO     epoch: 186 took 197.785s (94.232s in batching)
training loss:	0.584411
validation loss:	0.596412
validation error:	0.319678
2017-01-25 07:42:53,155 INFO     Wrote output to trainNN/out/v044-unified-2-g35d999d-dirty:simple-ff-ffv-adam-100-50/config.json
2017-01-25 07:45:53,465 INFO     Saving network params to trainNN/out/v044-unified-2-g35d999d-dirty:simple-ff-ffv-adam-100-50/epoch-187.pkl
2017-01-25 07:46:11,204 INFO     epoch: 187 took 198.071s (94.454s in batching)
training loss:	0.584460
validation loss:	0.596443
validation error:	0.319346
2017-01-25 07:46:11,226 INFO     Wrote output to trainNN/out/v044-unified-2-g35d999d-dirty:simple-ff-ffv-adam-100-50/config.json
2017-01-25 07:49:11,316 INFO     Saving network params to trainNN/out/v044-unified-2-g35d999d-dirty:simple-ff-ffv-adam-100-50/epoch-188.pkl
2017-01-25 07:49:29,071 INFO     epoch: 188 took 197.867s (94.523s in batching)
training loss:	0.584412
validation loss:	0.593759
validation error:	0.316887
2017-01-25 07:49:29,091 INFO     Wrote output to trainNN/out/v044-unified-2-g35d999d-dirty:simple-ff-ffv-adam-100-50/config.json
2017-01-25 07:52:28,730 INFO     Saving network params to trainNN/out/v044-unified-2-g35d999d-dirty:simple-ff-ffv-adam-100-50/epoch-189.pkl
2017-01-25 07:52:46,465 INFO     epoch: 189 took 197.394s (94.172s in batching)
training loss:	0.584388
validation loss:	0.594624
validation error:	0.320124
2017-01-25 07:52:46,483 INFO     Wrote output to trainNN/out/v044-unified-2-g35d999d-dirty:simple-ff-ffv-adam-100-50/config.json
2017-01-25 07:55:47,236 INFO     Saving network params to trainNN/out/v044-unified-2-g35d999d-dirty:simple-ff-ffv-adam-100-50/epoch-190.pkl
2017-01-25 07:56:04,778 INFO     epoch: 190 took 198.314s (94.401s in batching)
training loss:	0.584527
validation loss:	0.595201
validation error:	0.320035
2017-01-25 07:56:04,799 INFO     Wrote output to trainNN/out/v044-unified-2-g35d999d-dirty:simple-ff-ffv-adam-100-50/config.json
2017-01-25 07:59:06,166 INFO     Saving network params to trainNN/out/v044-unified-2-g35d999d-dirty:simple-ff-ffv-adam-100-50/epoch-191.pkl
2017-01-25 07:59:23,939 INFO     epoch: 191 took 199.160s (95.094s in batching)
training loss:	0.584477
validation loss:	0.597331
validation error:	0.320719
2017-01-25 07:59:23,950 INFO     Wrote output to trainNN/out/v044-unified-2-g35d999d-dirty:simple-ff-ffv-adam-100-50/config.json
2017-01-25 08:02:24,753 INFO     Saving network params to trainNN/out/v044-unified-2-g35d999d-dirty:simple-ff-ffv-adam-100-50/epoch-192.pkl
2017-01-25 08:02:42,511 INFO     epoch: 192 took 198.572s (94.573s in batching)
training loss:	0.584404
validation loss:	0.596247
validation error:	0.321071
2017-01-25 08:02:42,528 INFO     Wrote output to trainNN/out/v044-unified-2-g35d999d-dirty:simple-ff-ffv-adam-100-50/config.json
2017-01-25 08:05:43,669 INFO     Saving network params to trainNN/out/v044-unified-2-g35d999d-dirty:simple-ff-ffv-adam-100-50/epoch-193.pkl
2017-01-25 08:06:01,633 INFO     epoch: 193 took 199.123s (95.161s in batching)
training loss:	0.584315
validation loss:	0.596549
validation error:	0.320570
2017-01-25 08:06:01,655 INFO     Wrote output to trainNN/out/v044-unified-2-g35d999d-dirty:simple-ff-ffv-adam-100-50/config.json
2017-01-25 08:08:51,090 INFO     Saving network params to trainNN/out/v044-unified-2-g35d999d-dirty:simple-ff-ffv-adam-100-50/epoch-194.pkl
2017-01-25 08:09:06,928 INFO     epoch: 194 took 185.295s (94.649s in batching)
training loss:	0.584284
validation loss:	0.594361
validation error:	0.320124
2017-01-25 08:09:06,939 INFO     Wrote output to trainNN/out/v044-unified-2-g35d999d-dirty:simple-ff-ffv-adam-100-50/config.json
2017-01-25 08:11:56,598 INFO     Saving network params to trainNN/out/v044-unified-2-g35d999d-dirty:simple-ff-ffv-adam-100-50/epoch-195.pkl
2017-01-25 08:12:12,706 INFO     epoch: 195 took 185.778s (94.601s in batching)
training loss:	0.584353
validation loss:	0.594468
validation error:	0.318969
2017-01-25 08:12:12,727 INFO     Wrote output to trainNN/out/v044-unified-2-g35d999d-dirty:simple-ff-ffv-adam-100-50/config.json
2017-01-25 08:15:02,054 INFO     Saving network params to trainNN/out/v044-unified-2-g35d999d-dirty:simple-ff-ffv-adam-100-50/epoch-196.pkl
2017-01-25 08:15:18,187 INFO     epoch: 196 took 185.481s (94.737s in batching)
training loss:	0.584367
validation loss:	0.599370
validation error:	0.323960
2017-01-25 08:15:18,202 INFO     Wrote output to trainNN/out/v044-unified-2-g35d999d-dirty:simple-ff-ffv-adam-100-50/config.json
2017-01-25 08:18:07,580 INFO     Saving network params to trainNN/out/v044-unified-2-g35d999d-dirty:simple-ff-ffv-adam-100-50/epoch-197.pkl
2017-01-25 08:18:23,453 INFO     epoch: 197 took 185.266s (95.380s in batching)
training loss:	0.584241
validation loss:	0.595727
validation error:	0.321467
2017-01-25 08:18:23,471 INFO     Wrote output to trainNN/out/v044-unified-2-g35d999d-dirty:simple-ff-ffv-adam-100-50/config.json
2017-01-25 08:21:11,550 INFO     Saving network params to trainNN/out/v044-unified-2-g35d999d-dirty:simple-ff-ffv-adam-100-50/epoch-198.pkl
2017-01-25 08:21:27,240 INFO     epoch: 198 took 183.787s (94.286s in batching)
training loss:	0.584328
validation loss:	0.595799
validation error:	0.319797
2017-01-25 08:21:27,250 INFO     Wrote output to trainNN/out/v044-unified-2-g35d999d-dirty:simple-ff-ffv-adam-100-50/config.json
2017-01-25 08:24:07,261 INFO     Saving network params to trainNN/out/v044-unified-2-g35d999d-dirty:simple-ff-ffv-adam-100-50/epoch-199.pkl
2017-01-25 08:24:22,278 INFO     epoch: 199 took 175.038s (94.595s in batching)
training loss:	0.584136
validation loss:	0.595678
validation error:	0.320783
2017-01-25 08:24:22,303 INFO     Wrote output to trainNN/out/v044-unified-2-g35d999d-dirty:simple-ff-ffv-adam-100-50/config.json
