2017-01-26 04:03:48,583 DEBUG    version=v045-unified-9-gfe48245-dirty:lstm-adam-60-60
2017-01-26 04:03:48,585 INFO     Open DBase(data/db/all240302-spk.dat, data/db/all240302-spk.idx, mode='r')
2017-01-26 04:04:04,771 DEBUG    loading cached extracted data from data/cache/extract-563f0cfda2bc8b6a659563483d8ddca63a2cf90cdf00f9f7f789bf6027ccda0a.pickle
2017-01-26 04:04:06,847 DEBUG    set input dim to 2
2017-01-26 04:04:06,849 DEBUG    input dim = 2
2017-01-26 04:04:07,043 DEBUG    shuffling batches
2017-01-26 04:05:32,729 DEBUG    shuffling done
2017-01-26 04:05:32,731 DEBUG    loading data into ram
2017-01-26 04:05:32,880 DEBUG    loading data took 0.149s (cpu: 0.145s)
2017-01-26 04:05:33,483 DEBUG    set input dim to 2
2017-01-26 04:05:33,483 DEBUG    input dim = 2
2017-01-26 04:05:33,898 DEBUG    shuffling batches
2017-01-26 04:05:42,166 DEBUG    shuffling done
2017-01-26 04:05:42,171 DEBUG    loading data into ram
2017-01-26 04:05:42,186 DEBUG    loading data took 0.015s (cpu: 0.015s)
2017-01-26 04:05:42,501 INFO     Training network with 44642 trainable out of 44882 total params.
2017-01-26 04:05:43,329 DEBUG    Using adam with learning_rate=0.001000
2017-01-26 04:06:29,083 DEBUG    Starting training...
2017-01-26 04:29:24,339 INFO     Saving network params to trainNN/out/v045-unified-9-gfe48245-dirty:lstm-adam-60-60/epoch-000.pkl
2017-01-26 04:29:53,305 INFO     epoch: 0 took 1404.221s (0.061s in batching)
training loss:	0.612638
validation loss:	0.590451
validation error:	0.320035
2017-01-26 04:29:53,308 INFO     Wrote output to trainNN/out/v045-unified-9-gfe48245-dirty:lstm-adam-60-60/config.json
2017-01-26 04:52:50,126 INFO     Saving network params to trainNN/out/v045-unified-9-gfe48245-dirty:lstm-adam-60-60/epoch-001.pkl
2017-01-26 04:53:18,983 INFO     epoch: 1 took 1405.678s (0.062s in batching)
training loss:	0.580331
validation loss:	0.585529
validation error:	0.312342
2017-01-26 04:53:18,986 INFO     Wrote output to trainNN/out/v045-unified-9-gfe48245-dirty:lstm-adam-60-60/config.json
2017-01-26 05:16:17,917 INFO     Saving network params to trainNN/out/v045-unified-9-gfe48245-dirty:lstm-adam-60-60/epoch-002.pkl
2017-01-26 05:16:46,956 INFO     epoch: 2 took 1407.973s (0.062s in batching)
training loss:	0.563621
validation loss:	0.581768
validation error:	0.307688
2017-01-26 05:16:46,959 INFO     Wrote output to trainNN/out/v045-unified-9-gfe48245-dirty:lstm-adam-60-60/config.json
2017-01-26 05:39:46,654 INFO     Saving network params to trainNN/out/v045-unified-9-gfe48245-dirty:lstm-adam-60-60/epoch-003.pkl
2017-01-26 05:40:15,780 INFO     epoch: 3 took 1408.824s (0.062s in batching)
training loss:	0.548431
validation loss:	0.590495
validation error:	0.310206
2017-01-26 05:40:15,783 INFO     Wrote output to trainNN/out/v045-unified-9-gfe48245-dirty:lstm-adam-60-60/config.json
2017-01-26 06:03:15,128 INFO     Saving network params to trainNN/out/v045-unified-9-gfe48245-dirty:lstm-adam-60-60/epoch-004.pkl
2017-01-26 06:03:44,020 INFO     epoch: 4 took 1408.240s (0.064s in batching)
training loss:	0.532269
validation loss:	0.603198
validation error:	0.315921
2017-01-26 06:03:44,024 INFO     Wrote output to trainNN/out/v045-unified-9-gfe48245-dirty:lstm-adam-60-60/config.json
2017-01-26 06:25:34,655 INFO     Saving network params to trainNN/out/v045-unified-9-gfe48245-dirty:lstm-adam-60-60/epoch-005.pkl
2017-01-26 06:26:02,676 INFO     epoch: 5 took 1338.656s (0.063s in batching)
training loss:	0.515764
validation loss:	0.620528
validation error:	0.321591
2017-01-26 06:26:02,680 INFO     Wrote output to trainNN/out/v045-unified-9-gfe48245-dirty:lstm-adam-60-60/config.json
2017-01-26 06:49:46,152 INFO     Saving network params to trainNN/out/v045-unified-9-gfe48245-dirty:lstm-adam-60-60/epoch-006.pkl
2017-01-26 06:50:17,527 INFO     epoch: 6 took 1454.851s (0.064s in batching)
training loss:	0.500612
validation loss:	0.636927
validation error:	0.323083
2017-01-26 06:50:17,530 INFO     Wrote output to trainNN/out/v045-unified-9-gfe48245-dirty:lstm-adam-60-60/config.json
2017-01-26 07:14:17,422 INFO     Saving network params to trainNN/out/v045-unified-9-gfe48245-dirty:lstm-adam-60-60/epoch-007.pkl
2017-01-26 07:14:47,614 INFO     epoch: 7 took 1470.086s (0.065s in batching)
training loss:	0.487307
validation loss:	0.653733
validation error:	0.325487
2017-01-26 07:14:47,617 INFO     Wrote output to trainNN/out/v045-unified-9-gfe48245-dirty:lstm-adam-60-60/config.json
2017-01-26 07:37:20,923 INFO     Saving network params to trainNN/out/v045-unified-9-gfe48245-dirty:lstm-adam-60-60/epoch-008.pkl
2017-01-26 07:37:48,573 INFO     epoch: 8 took 1380.959s (0.053s in batching)
training loss:	0.475006
validation loss:	0.659972
validation error:	0.332193
2017-01-26 07:37:48,576 INFO     Wrote output to trainNN/out/v045-unified-9-gfe48245-dirty:lstm-adam-60-60/config.json
2017-01-26 07:59:32,366 INFO     Saving network params to trainNN/out/v045-unified-9-gfe48245-dirty:lstm-adam-60-60/epoch-009.pkl
2017-01-26 07:59:59,957 INFO     epoch: 9 took 1331.383s (0.039s in batching)
training loss:	0.464339
validation loss:	0.680304
validation error:	0.333408
2017-01-26 07:59:59,960 INFO     Wrote output to trainNN/out/v045-unified-9-gfe48245-dirty:lstm-adam-60-60/config.json
2017-01-26 08:21:52,354 INFO     Saving network params to trainNN/out/v045-unified-9-gfe48245-dirty:lstm-adam-60-60/epoch-010.pkl
2017-01-26 08:22:19,695 INFO     epoch: 10 took 1339.738s (0.037s in batching)
training loss:	0.454926
validation loss:	0.693684
validation error:	0.335182
2017-01-26 08:22:19,698 INFO     Wrote output to trainNN/out/v045-unified-9-gfe48245-dirty:lstm-adam-60-60/config.json
2017-01-26 08:44:08,931 INFO     Saving network params to trainNN/out/v045-unified-9-gfe48245-dirty:lstm-adam-60-60/epoch-011.pkl
2017-01-26 08:44:36,340 INFO     epoch: 11 took 1336.646s (0.039s in batching)
training loss:	0.446286
validation loss:	0.716942
validation error:	0.340322
2017-01-26 08:44:36,344 INFO     Wrote output to trainNN/out/v045-unified-9-gfe48245-dirty:lstm-adam-60-60/config.json
2017-01-26 09:06:20,181 INFO     Saving network params to trainNN/out/v045-unified-9-gfe48245-dirty:lstm-adam-60-60/epoch-012.pkl
2017-01-26 09:06:47,769 INFO     epoch: 12 took 1331.429s (0.039s in batching)
training loss:	0.438600
validation loss:	0.718585
validation error:	0.337289
2017-01-26 09:06:47,773 INFO     Wrote output to trainNN/out/v045-unified-9-gfe48245-dirty:lstm-adam-60-60/config.json
2017-01-26 09:28:33,344 INFO     Saving network params to trainNN/out/v045-unified-9-gfe48245-dirty:lstm-adam-60-60/epoch-013.pkl
2017-01-26 09:29:01,059 INFO     epoch: 13 took 1333.289s (0.041s in batching)
training loss:	0.431561
validation loss:	0.725166
validation error:	0.343926
2017-01-26 09:29:01,063 INFO     Wrote output to trainNN/out/v045-unified-9-gfe48245-dirty:lstm-adam-60-60/config.json
2017-01-26 09:50:46,687 INFO     Saving network params to trainNN/out/v045-unified-9-gfe48245-dirty:lstm-adam-60-60/epoch-014.pkl
2017-01-26 09:51:14,403 INFO     epoch: 14 took 1333.344s (0.041s in batching)
training loss:	0.425173
validation loss:	0.737703
validation error:	0.342592
2017-01-26 09:51:14,406 INFO     Wrote output to trainNN/out/v045-unified-9-gfe48245-dirty:lstm-adam-60-60/config.json
2017-01-26 10:13:03,234 INFO     Saving network params to trainNN/out/v045-unified-9-gfe48245-dirty:lstm-adam-60-60/epoch-015.pkl
2017-01-26 10:13:30,955 INFO     epoch: 15 took 1336.552s (0.040s in batching)
training loss:	0.418957
validation loss:	0.761960
validation error:	0.344709
2017-01-26 10:13:30,959 INFO     Wrote output to trainNN/out/v045-unified-9-gfe48245-dirty:lstm-adam-60-60/config.json
2017-01-26 10:35:23,408 INFO     Saving network params to trainNN/out/v045-unified-9-gfe48245-dirty:lstm-adam-60-60/epoch-016.pkl
2017-01-26 10:35:51,039 INFO     epoch: 16 took 1340.084s (0.039s in batching)
training loss:	0.413838
validation loss:	0.763245
validation error:	0.344332
2017-01-26 10:35:51,043 INFO     Wrote output to trainNN/out/v045-unified-9-gfe48245-dirty:lstm-adam-60-60/config.json
2017-01-26 10:57:42,828 INFO     Saving network params to trainNN/out/v045-unified-9-gfe48245-dirty:lstm-adam-60-60/epoch-017.pkl
2017-01-26 10:58:10,532 INFO     epoch: 17 took 1339.492s (0.039s in batching)
training loss:	0.408634
validation loss:	0.761591
validation error:	0.346632
2017-01-26 10:58:10,535 INFO     Wrote output to trainNN/out/v045-unified-9-gfe48245-dirty:lstm-adam-60-60/config.json
2017-01-26 11:19:57,741 INFO     Saving network params to trainNN/out/v045-unified-9-gfe48245-dirty:lstm-adam-60-60/epoch-018.pkl
2017-01-26 11:20:25,244 INFO     epoch: 18 took 1334.712s (0.043s in batching)
training loss:	0.403724
validation loss:	0.780880
validation error:	0.346062
2017-01-26 11:20:25,248 INFO     Wrote output to trainNN/out/v045-unified-9-gfe48245-dirty:lstm-adam-60-60/config.json
2017-01-26 11:42:21,980 INFO     Saving network params to trainNN/out/v045-unified-9-gfe48245-dirty:lstm-adam-60-60/epoch-019.pkl
2017-01-26 11:42:49,781 INFO     epoch: 19 took 1344.537s (0.040s in batching)
training loss:	0.399950
validation loss:	0.775025
validation error:	0.346910
2017-01-26 11:42:49,784 INFO     Wrote output to trainNN/out/v045-unified-9-gfe48245-dirty:lstm-adam-60-60/config.json
2017-01-26 12:04:46,472 INFO     Saving network params to trainNN/out/v045-unified-9-gfe48245-dirty:lstm-adam-60-60/epoch-020.pkl
2017-01-26 12:05:14,451 INFO     epoch: 20 took 1344.670s (0.039s in batching)
training loss:	0.396074
validation loss:	0.777152
validation error:	0.345710
2017-01-26 12:05:14,454 INFO     Wrote output to trainNN/out/v045-unified-9-gfe48245-dirty:lstm-adam-60-60/config.json
2017-01-26 12:27:16,635 INFO     Saving network params to trainNN/out/v045-unified-9-gfe48245-dirty:lstm-adam-60-60/epoch-021.pkl
2017-01-26 12:27:44,506 INFO     epoch: 21 took 1350.056s (0.039s in batching)
training loss:	0.392298
validation loss:	0.809207
validation error:	0.352976
2017-01-26 12:27:44,510 INFO     Wrote output to trainNN/out/v045-unified-9-gfe48245-dirty:lstm-adam-60-60/config.json
2017-01-26 12:49:37,852 INFO     Saving network params to trainNN/out/v045-unified-9-gfe48245-dirty:lstm-adam-60-60/epoch-022.pkl
2017-01-26 12:50:05,348 INFO     epoch: 22 took 1340.841s (0.041s in batching)
training loss:	0.388659
validation loss:	0.813064
validation error:	0.349839
2017-01-26 12:50:05,351 INFO     Wrote output to trainNN/out/v045-unified-9-gfe48245-dirty:lstm-adam-60-60/config.json
2017-01-26 13:11:56,189 INFO     Saving network params to trainNN/out/v045-unified-9-gfe48245-dirty:lstm-adam-60-60/epoch-023.pkl
2017-01-26 13:12:23,838 INFO     epoch: 23 took 1338.490s (0.040s in batching)
training loss:	0.385470
validation loss:	0.810355
validation error:	0.350434
2017-01-26 13:12:23,842 INFO     Wrote output to trainNN/out/v045-unified-9-gfe48245-dirty:lstm-adam-60-60/config.json
2017-01-26 13:34:22,215 INFO     Saving network params to trainNN/out/v045-unified-9-gfe48245-dirty:lstm-adam-60-60/epoch-024.pkl
2017-01-26 13:34:49,762 INFO     epoch: 24 took 1345.923s (0.040s in batching)
training loss:	0.382370
validation loss:	0.809035
validation error:	0.353512
2017-01-26 13:34:49,765 INFO     Wrote output to trainNN/out/v045-unified-9-gfe48245-dirty:lstm-adam-60-60/config.json
2017-01-26 13:56:33,077 INFO     Saving network params to trainNN/out/v045-unified-9-gfe48245-dirty:lstm-adam-60-60/epoch-025.pkl
2017-01-26 13:57:00,696 INFO     epoch: 25 took 1330.935s (0.044s in batching)
training loss:	0.379365
validation loss:	0.844261
validation error:	0.358221
2017-01-26 13:57:00,700 INFO     Wrote output to trainNN/out/v045-unified-9-gfe48245-dirty:lstm-adam-60-60/config.json
2017-01-26 14:21:50,844 INFO     Saving network params to trainNN/out/v045-unified-9-gfe48245-dirty:lstm-adam-60-60/epoch-026.pkl
2017-01-26 14:22:22,196 INFO     epoch: 26 took 1521.500s (0.046s in batching)
training loss:	0.377150
validation loss:	0.821132
validation error:	0.352451
2017-01-26 14:22:22,201 INFO     Wrote output to trainNN/out/v045-unified-9-gfe48245-dirty:lstm-adam-60-60/config.json
2017-01-26 14:47:10,307 INFO     Saving network params to trainNN/out/v045-unified-9-gfe48245-dirty:lstm-adam-60-60/epoch-027.pkl
2017-01-26 14:47:41,628 INFO     epoch: 27 took 1519.432s (0.044s in batching)
training loss:	0.374528
validation loss:	0.835286
validation error:	0.353710
2017-01-26 14:47:41,633 INFO     Wrote output to trainNN/out/v045-unified-9-gfe48245-dirty:lstm-adam-60-60/config.json
2017-01-26 15:12:34,139 INFO     Saving network params to trainNN/out/v045-unified-9-gfe48245-dirty:lstm-adam-60-60/epoch-028.pkl
2017-01-26 15:13:05,493 INFO     epoch: 28 took 1523.864s (0.045s in batching)
training loss:	0.371928
validation loss:	0.844697
validation error:	0.354934
2017-01-26 15:13:05,497 INFO     Wrote output to trainNN/out/v045-unified-9-gfe48245-dirty:lstm-adam-60-60/config.json
2017-01-26 15:37:54,914 INFO     Saving network params to trainNN/out/v045-unified-9-gfe48245-dirty:lstm-adam-60-60/epoch-029.pkl
2017-01-26 15:38:26,222 INFO     epoch: 29 took 1520.729s (0.045s in batching)
training loss:	0.369763
validation loss:	0.850534
validation error:	0.352823
2017-01-26 15:38:26,226 INFO     Wrote output to trainNN/out/v045-unified-9-gfe48245-dirty:lstm-adam-60-60/config.json
2017-01-26 16:03:17,659 INFO     Saving network params to trainNN/out/v045-unified-9-gfe48245-dirty:lstm-adam-60-60/epoch-030.pkl
2017-01-26 16:03:48,990 INFO     epoch: 30 took 1522.768s (0.042s in batching)
training loss:	0.367672
validation loss:	0.848440
validation error:	0.357755
2017-01-26 16:03:48,994 INFO     Wrote output to trainNN/out/v045-unified-9-gfe48245-dirty:lstm-adam-60-60/config.json
2017-01-26 16:28:37,567 INFO     Saving network params to trainNN/out/v045-unified-9-gfe48245-dirty:lstm-adam-60-60/epoch-031.pkl
2017-01-26 16:29:08,987 INFO     epoch: 31 took 1519.997s (0.043s in batching)
training loss:	0.365593
validation loss:	0.853023
validation error:	0.355708
2017-01-26 16:29:08,991 INFO     Wrote output to trainNN/out/v045-unified-9-gfe48245-dirty:lstm-adam-60-60/config.json
2017-01-26 16:53:58,202 INFO     Saving network params to trainNN/out/v045-unified-9-gfe48245-dirty:lstm-adam-60-60/epoch-032.pkl
2017-01-26 16:54:29,550 INFO     epoch: 32 took 1520.563s (0.043s in batching)
training loss:	0.363427
validation loss:	0.846172
validation error:	0.356768
2017-01-26 16:54:29,555 INFO     Wrote output to trainNN/out/v045-unified-9-gfe48245-dirty:lstm-adam-60-60/config.json
2017-01-26 17:19:18,003 INFO     Saving network params to trainNN/out/v045-unified-9-gfe48245-dirty:lstm-adam-60-60/epoch-033.pkl
2017-01-26 17:19:49,317 INFO     epoch: 33 took 1519.767s (0.045s in batching)
training loss:	0.361371
validation loss:	0.857936
validation error:	0.355722
2017-01-26 17:19:49,321 INFO     Wrote output to trainNN/out/v045-unified-9-gfe48245-dirty:lstm-adam-60-60/config.json
2017-01-26 17:44:36,341 INFO     Saving network params to trainNN/out/v045-unified-9-gfe48245-dirty:lstm-adam-60-60/epoch-034.pkl
2017-01-26 17:45:07,606 INFO     epoch: 34 took 1518.289s (0.046s in batching)
training loss:	0.359665
validation loss:	0.864716
validation error:	0.358865
2017-01-26 17:45:07,611 INFO     Wrote output to trainNN/out/v045-unified-9-gfe48245-dirty:lstm-adam-60-60/config.json
2017-01-26 18:09:57,518 INFO     Saving network params to trainNN/out/v045-unified-9-gfe48245-dirty:lstm-adam-60-60/epoch-035.pkl
2017-01-26 18:10:28,894 INFO     epoch: 35 took 1521.288s (0.046s in batching)
training loss:	0.357943
validation loss:	0.872639
validation error:	0.358057
2017-01-26 18:10:28,898 INFO     Wrote output to trainNN/out/v045-unified-9-gfe48245-dirty:lstm-adam-60-60/config.json
2017-01-26 18:35:17,166 INFO     Saving network params to trainNN/out/v045-unified-9-gfe48245-dirty:lstm-adam-60-60/epoch-036.pkl
2017-01-26 18:35:48,574 INFO     epoch: 36 took 1519.680s (0.046s in batching)
training loss:	0.355662
validation loss:	0.884794
validation error:	0.355385
2017-01-26 18:35:48,578 INFO     Wrote output to trainNN/out/v045-unified-9-gfe48245-dirty:lstm-adam-60-60/config.json
2017-01-26 19:00:38,944 INFO     Saving network params to trainNN/out/v045-unified-9-gfe48245-dirty:lstm-adam-60-60/epoch-037.pkl
2017-01-26 19:01:10,320 INFO     epoch: 37 took 1521.746s (0.047s in batching)
training loss:	0.354647
validation loss:	0.892119
validation error:	0.357690
2017-01-26 19:01:10,324 INFO     Wrote output to trainNN/out/v045-unified-9-gfe48245-dirty:lstm-adam-60-60/config.json
2017-01-26 19:26:01,753 INFO     Saving network params to trainNN/out/v045-unified-9-gfe48245-dirty:lstm-adam-60-60/epoch-038.pkl
2017-01-26 19:26:33,032 INFO     epoch: 38 took 1522.713s (0.045s in batching)
training loss:	0.352488
validation loss:	0.892112
validation error:	0.359906
2017-01-26 19:26:33,037 INFO     Wrote output to trainNN/out/v045-unified-9-gfe48245-dirty:lstm-adam-60-60/config.json
2017-01-26 19:51:23,571 INFO     Saving network params to trainNN/out/v045-unified-9-gfe48245-dirty:lstm-adam-60-60/epoch-039.pkl
2017-01-26 19:51:54,940 INFO     epoch: 39 took 1521.907s (0.044s in batching)
training loss:	0.350923
validation loss:	0.900509
validation error:	0.359499
2017-01-26 19:51:54,945 INFO     Wrote output to trainNN/out/v045-unified-9-gfe48245-dirty:lstm-adam-60-60/config.json
2017-01-26 20:16:43,416 INFO     Saving network params to trainNN/out/v045-unified-9-gfe48245-dirty:lstm-adam-60-60/epoch-040.pkl
2017-01-26 20:17:14,676 INFO     epoch: 40 took 1519.737s (0.043s in batching)
training loss:	0.349659
validation loss:	0.886961
validation error:	0.359227
2017-01-26 20:17:14,682 INFO     Wrote output to trainNN/out/v045-unified-9-gfe48245-dirty:lstm-adam-60-60/config.json
2017-01-26 20:42:06,348 INFO     Saving network params to trainNN/out/v045-unified-9-gfe48245-dirty:lstm-adam-60-60/epoch-041.pkl
2017-01-26 20:42:37,735 INFO     epoch: 41 took 1523.058s (0.043s in batching)
training loss:	0.348561
validation loss:	0.896101
validation error:	0.358934
2017-01-26 20:42:37,740 INFO     Wrote output to trainNN/out/v045-unified-9-gfe48245-dirty:lstm-adam-60-60/config.json
2017-01-26 21:07:26,275 INFO     Saving network params to trainNN/out/v045-unified-9-gfe48245-dirty:lstm-adam-60-60/epoch-042.pkl
2017-01-26 21:07:57,679 INFO     epoch: 42 took 1519.944s (0.043s in batching)
training loss:	0.346654
validation loss:	0.912615
validation error:	0.359603
2017-01-26 21:07:57,683 INFO     Wrote output to trainNN/out/v045-unified-9-gfe48245-dirty:lstm-adam-60-60/config.json
2017-01-26 21:32:53,301 INFO     Saving network params to trainNN/out/v045-unified-9-gfe48245-dirty:lstm-adam-60-60/epoch-043.pkl
2017-01-26 21:33:24,862 INFO     epoch: 43 took 1527.183s (0.042s in batching)
training loss:	0.345118
validation loss:	0.914379
validation error:	0.364530
2017-01-26 21:33:24,866 INFO     Wrote output to trainNN/out/v045-unified-9-gfe48245-dirty:lstm-adam-60-60/config.json
2017-01-26 21:58:20,481 INFO     Saving network params to trainNN/out/v045-unified-9-gfe48245-dirty:lstm-adam-60-60/epoch-044.pkl
2017-01-26 21:58:51,951 INFO     epoch: 44 took 1527.089s (0.044s in batching)
training loss:	0.344169
validation loss:	0.903944
validation error:	0.360159
2017-01-26 21:58:51,956 INFO     Wrote output to trainNN/out/v045-unified-9-gfe48245-dirty:lstm-adam-60-60/config.json
2017-01-26 22:23:50,508 INFO     Saving network params to trainNN/out/v045-unified-9-gfe48245-dirty:lstm-adam-60-60/epoch-045.pkl
2017-01-26 22:24:21,484 INFO     epoch: 45 took 1529.532s (0.041s in batching)
training loss:	0.342610
validation loss:	0.924662
validation error:	0.361229
2017-01-26 22:24:21,489 INFO     Wrote output to trainNN/out/v045-unified-9-gfe48245-dirty:lstm-adam-60-60/config.json
2017-01-26 22:49:17,099 INFO     Saving network params to trainNN/out/v045-unified-9-gfe48245-dirty:lstm-adam-60-60/epoch-046.pkl
2017-01-26 22:49:48,516 INFO     epoch: 46 took 1527.032s (0.042s in batching)
training loss:	0.341810
validation loss:	0.909523
validation error:	0.360441
2017-01-26 22:49:48,520 INFO     Wrote output to trainNN/out/v045-unified-9-gfe48245-dirty:lstm-adam-60-60/config.json
2017-01-26 23:14:34,516 INFO     Saving network params to trainNN/out/v045-unified-9-gfe48245-dirty:lstm-adam-60-60/epoch-047.pkl
2017-01-26 23:15:05,858 INFO     epoch: 47 took 1517.342s (0.042s in batching)
training loss:	0.340337
validation loss:	0.920582
validation error:	0.359306
2017-01-26 23:15:05,863 INFO     Wrote output to trainNN/out/v045-unified-9-gfe48245-dirty:lstm-adam-60-60/config.json
2017-01-26 23:39:53,534 INFO     Saving network params to trainNN/out/v045-unified-9-gfe48245-dirty:lstm-adam-60-60/epoch-048.pkl
2017-01-26 23:40:31,943 INFO     epoch: 48 took 1526.084s (0.043s in batching)
training loss:	0.339191
validation loss:	0.931975
validation error:	0.360580
2017-01-26 23:40:31,952 INFO     Wrote output to trainNN/out/v045-unified-9-gfe48245-dirty:lstm-adam-60-60/config.json
2017-01-26 23:53:50,014 INFO     received exit signal, waiting for epoch to finish...
2017-01-27 00:17:17,638 INFO     Saving network params to trainNN/out/v045-unified-9-gfe48245-dirty:lstm-adam-60-60/epoch-049.pkl
2017-01-27 00:18:13,252 INFO     epoch: 49 took 2261.309s (0.046s in batching)
training loss:	0.338111
validation loss:	0.926420
validation error:	0.361740
2017-01-27 00:18:13,259 INFO     Wrote output to trainNN/out/v045-unified-9-gfe48245-dirty:lstm-adam-60-60/config.json
