2017-02-06 14:34:11,406 DEBUG    version=v049-finunified-10-g9e082f9-dirty:lstm-best-features-power,pitch,word2vec_v1-relu-60-30
2017-02-06 14:34:11,447 INFO     Open DBase(data/db/all240302-spk.dat, data/db/all240302-spk.idx, mode='r')
2017-02-06 14:34:24,558 DEBUG    loading cached extracted data from data/cache/extract-796486d1f0cfa55071c4d353ed4d10a09ab659a0a027d5f7fd0a0993994cbe6a.pickle
2017-02-06 14:34:30,158 DEBUG    set input dim to 7
2017-02-06 14:34:30,160 DEBUG    input dim = 7
2017-02-06 14:34:30,176 DEBUG    shuffling batches
2017-02-06 14:34:32,482 DEBUG    shuffling done
2017-02-06 14:34:32,482 DEBUG    loading data into ram
2017-02-06 14:34:32,549 DEBUG    loading data took 0.067s (cpu: 0.067s)
2017-02-06 14:34:33,152 DEBUG    set input dim to 7
2017-02-06 14:34:33,152 DEBUG    input dim = 7
2017-02-06 14:34:33,174 DEBUG    shuffling batches
2017-02-06 14:34:33,391 DEBUG    shuffling done
2017-02-06 14:34:33,391 DEBUG    loading data into ram
2017-02-06 14:34:33,398 DEBUG    loading data took 0.007s (cpu: 0.007s)
2017-02-06 14:34:33,821 DEBUG    Applying L2 regularization with 0.000100
2017-02-06 14:34:33,880 INFO     Training network with 27572 trainable out of 27752 total params.
2017-02-06 14:34:34,268 DEBUG    Using adam with learning_rate=0.001000
2017-02-06 14:34:58,515 DEBUG    Starting training...
2017-02-06 14:35:24,308 INFO     Saving network params to trainNN/out/v049-finunified-10-g9e082f9-dirty:lstm-best-features-power,pitch,word2vec_v1-relu-60-30/epoch-000.pkl
2017-02-06 14:35:24,865 INFO     epoch: 0 took 26.350s (0.001s in batching)
training loss:	0.601132
validation loss:	0.581837
validation error:	0.305300
2017-02-06 14:35:24,866 INFO     Wrote output to trainNN/out/v049-finunified-10-g9e082f9-dirty:lstm-best-features-power,pitch,word2vec_v1-relu-60-30/config.json
2017-02-06 14:35:50,704 INFO     Saving network params to trainNN/out/v049-finunified-10-g9e082f9-dirty:lstm-best-features-power,pitch,word2vec_v1-relu-60-30/epoch-001.pkl
2017-02-06 14:35:51,235 INFO     epoch: 1 took 26.370s (0.001s in batching)
training loss:	0.574784
validation loss:	0.563694
validation error:	0.290000
2017-02-06 14:35:51,236 INFO     Wrote output to trainNN/out/v049-finunified-10-g9e082f9-dirty:lstm-best-features-power,pitch,word2vec_v1-relu-60-30/config.json
2017-02-06 14:36:17,060 INFO     Saving network params to trainNN/out/v049-finunified-10-g9e082f9-dirty:lstm-best-features-power,pitch,word2vec_v1-relu-60-30/epoch-002.pkl
2017-02-06 14:36:17,616 INFO     epoch: 2 took 26.380s (0.001s in batching)
training loss:	0.567602
validation loss:	0.563684
validation error:	0.293500
2017-02-06 14:36:17,616 INFO     Wrote output to trainNN/out/v049-finunified-10-g9e082f9-dirty:lstm-best-features-power,pitch,word2vec_v1-relu-60-30/config.json
2017-02-06 14:36:43,471 INFO     Saving network params to trainNN/out/v049-finunified-10-g9e082f9-dirty:lstm-best-features-power,pitch,word2vec_v1-relu-60-30/epoch-003.pkl
2017-02-06 14:36:44,025 INFO     epoch: 3 took 26.410s (0.001s in batching)
training loss:	0.564566
validation loss:	0.554847
validation error:	0.283900
2017-02-06 14:36:44,026 INFO     Wrote output to trainNN/out/v049-finunified-10-g9e082f9-dirty:lstm-best-features-power,pitch,word2vec_v1-relu-60-30/config.json
2017-02-06 14:37:09,689 INFO     Saving network params to trainNN/out/v049-finunified-10-g9e082f9-dirty:lstm-best-features-power,pitch,word2vec_v1-relu-60-30/epoch-004.pkl
2017-02-06 14:37:10,242 INFO     epoch: 4 took 26.217s (0.001s in batching)
training loss:	0.561867
validation loss:	0.554584
validation error:	0.282500
2017-02-06 14:37:10,243 INFO     Wrote output to trainNN/out/v049-finunified-10-g9e082f9-dirty:lstm-best-features-power,pitch,word2vec_v1-relu-60-30/config.json
2017-02-06 14:37:35,754 INFO     Saving network params to trainNN/out/v049-finunified-10-g9e082f9-dirty:lstm-best-features-power,pitch,word2vec_v1-relu-60-30/epoch-005.pkl
2017-02-06 14:37:36,282 INFO     epoch: 5 took 26.040s (0.001s in batching)
training loss:	0.559754
validation loss:	0.553058
validation error:	0.286200
2017-02-06 14:37:36,283 INFO     Wrote output to trainNN/out/v049-finunified-10-g9e082f9-dirty:lstm-best-features-power,pitch,word2vec_v1-relu-60-30/config.json
2017-02-06 14:38:01,739 INFO     Saving network params to trainNN/out/v049-finunified-10-g9e082f9-dirty:lstm-best-features-power,pitch,word2vec_v1-relu-60-30/epoch-006.pkl
2017-02-06 14:38:02,273 INFO     epoch: 6 took 25.991s (0.001s in batching)
training loss:	0.557026
validation loss:	0.548802
validation error:	0.281000
2017-02-06 14:38:02,273 INFO     Wrote output to trainNN/out/v049-finunified-10-g9e082f9-dirty:lstm-best-features-power,pitch,word2vec_v1-relu-60-30/config.json
2017-02-06 14:38:27,765 INFO     Saving network params to trainNN/out/v049-finunified-10-g9e082f9-dirty:lstm-best-features-power,pitch,word2vec_v1-relu-60-30/epoch-007.pkl
2017-02-06 14:38:28,294 INFO     epoch: 7 took 26.021s (0.001s in batching)
training loss:	0.553981
validation loss:	0.546656
validation error:	0.279900
2017-02-06 14:38:28,295 INFO     Wrote output to trainNN/out/v049-finunified-10-g9e082f9-dirty:lstm-best-features-power,pitch,word2vec_v1-relu-60-30/config.json
2017-02-06 14:38:53,968 INFO     Saving network params to trainNN/out/v049-finunified-10-g9e082f9-dirty:lstm-best-features-power,pitch,word2vec_v1-relu-60-30/epoch-008.pkl
2017-02-06 14:38:54,506 INFO     epoch: 8 took 26.212s (0.001s in batching)
training loss:	0.552821
validation loss:	0.546321
validation error:	0.278400
2017-02-06 14:38:54,507 INFO     Wrote output to trainNN/out/v049-finunified-10-g9e082f9-dirty:lstm-best-features-power,pitch,word2vec_v1-relu-60-30/config.json
2017-02-06 14:39:19,810 INFO     Saving network params to trainNN/out/v049-finunified-10-g9e082f9-dirty:lstm-best-features-power,pitch,word2vec_v1-relu-60-30/epoch-009.pkl
2017-02-06 14:39:20,334 INFO     epoch: 9 took 25.828s (0.001s in batching)
training loss:	0.549213
validation loss:	0.548655
validation error:	0.278100
2017-02-06 14:39:20,335 INFO     Wrote output to trainNN/out/v049-finunified-10-g9e082f9-dirty:lstm-best-features-power,pitch,word2vec_v1-relu-60-30/config.json
2017-02-06 14:39:45,764 INFO     Saving network params to trainNN/out/v049-finunified-10-g9e082f9-dirty:lstm-best-features-power,pitch,word2vec_v1-relu-60-30/epoch-010.pkl
2017-02-06 14:39:46,300 INFO     epoch: 10 took 25.966s (0.001s in batching)
training loss:	0.547826
validation loss:	0.543701
validation error:	0.278200
2017-02-06 14:39:46,301 INFO     Wrote output to trainNN/out/v049-finunified-10-g9e082f9-dirty:lstm-best-features-power,pitch,word2vec_v1-relu-60-30/config.json
2017-02-06 14:40:12,011 INFO     Saving network params to trainNN/out/v049-finunified-10-g9e082f9-dirty:lstm-best-features-power,pitch,word2vec_v1-relu-60-30/epoch-011.pkl
2017-02-06 14:40:12,542 INFO     epoch: 11 took 26.241s (0.001s in batching)
training loss:	0.546330
validation loss:	0.541994
validation error:	0.270700
2017-02-06 14:40:12,542 INFO     Wrote output to trainNN/out/v049-finunified-10-g9e082f9-dirty:lstm-best-features-power,pitch,word2vec_v1-relu-60-30/config.json
2017-02-06 14:40:37,829 INFO     Saving network params to trainNN/out/v049-finunified-10-g9e082f9-dirty:lstm-best-features-power,pitch,word2vec_v1-relu-60-30/epoch-012.pkl
2017-02-06 14:40:38,357 INFO     epoch: 12 took 25.815s (0.001s in batching)
training loss:	0.544648
validation loss:	0.535664
validation error:	0.265900
2017-02-06 14:40:38,358 INFO     Wrote output to trainNN/out/v049-finunified-10-g9e082f9-dirty:lstm-best-features-power,pitch,word2vec_v1-relu-60-30/config.json
2017-02-06 14:41:03,984 INFO     Saving network params to trainNN/out/v049-finunified-10-g9e082f9-dirty:lstm-best-features-power,pitch,word2vec_v1-relu-60-30/epoch-013.pkl
2017-02-06 14:41:04,514 INFO     epoch: 13 took 26.158s (0.001s in batching)
training loss:	0.543347
validation loss:	0.542725
validation error:	0.273100
2017-02-06 14:41:04,515 INFO     Wrote output to trainNN/out/v049-finunified-10-g9e082f9-dirty:lstm-best-features-power,pitch,word2vec_v1-relu-60-30/config.json
2017-02-06 14:41:30,368 INFO     Saving network params to trainNN/out/v049-finunified-10-g9e082f9-dirty:lstm-best-features-power,pitch,word2vec_v1-relu-60-30/epoch-014.pkl
2017-02-06 14:41:30,895 INFO     epoch: 14 took 26.380s (0.001s in batching)
training loss:	0.540711
validation loss:	0.536249
validation error:	0.265400
2017-02-06 14:41:30,896 INFO     Wrote output to trainNN/out/v049-finunified-10-g9e082f9-dirty:lstm-best-features-power,pitch,word2vec_v1-relu-60-30/config.json
2017-02-06 14:41:56,908 INFO     Saving network params to trainNN/out/v049-finunified-10-g9e082f9-dirty:lstm-best-features-power,pitch,word2vec_v1-relu-60-30/epoch-015.pkl
2017-02-06 14:41:57,429 INFO     epoch: 15 took 26.535s (0.001s in batching)
training loss:	0.540106
validation loss:	0.534808
validation error:	0.263100
2017-02-06 14:41:57,430 INFO     Wrote output to trainNN/out/v049-finunified-10-g9e082f9-dirty:lstm-best-features-power,pitch,word2vec_v1-relu-60-30/config.json
2017-02-06 14:42:22,977 INFO     Saving network params to trainNN/out/v049-finunified-10-g9e082f9-dirty:lstm-best-features-power,pitch,word2vec_v1-relu-60-30/epoch-016.pkl
2017-02-06 14:42:23,502 INFO     epoch: 16 took 26.073s (0.001s in batching)
training loss:	0.539615
validation loss:	0.535779
validation error:	0.269600
2017-02-06 14:42:23,503 INFO     Wrote output to trainNN/out/v049-finunified-10-g9e082f9-dirty:lstm-best-features-power,pitch,word2vec_v1-relu-60-30/config.json
2017-02-06 14:42:48,628 INFO     Saving network params to trainNN/out/v049-finunified-10-g9e082f9-dirty:lstm-best-features-power,pitch,word2vec_v1-relu-60-30/epoch-017.pkl
2017-02-06 14:42:49,153 INFO     epoch: 17 took 25.650s (0.001s in batching)
training loss:	0.537613
validation loss:	0.533712
validation error:	0.264700
2017-02-06 14:42:49,153 INFO     Wrote output to trainNN/out/v049-finunified-10-g9e082f9-dirty:lstm-best-features-power,pitch,word2vec_v1-relu-60-30/config.json
2017-02-06 14:43:14,836 INFO     Saving network params to trainNN/out/v049-finunified-10-g9e082f9-dirty:lstm-best-features-power,pitch,word2vec_v1-relu-60-30/epoch-018.pkl
2017-02-06 14:43:15,361 INFO     epoch: 18 took 26.208s (0.001s in batching)
training loss:	0.537038
validation loss:	0.531447
validation error:	0.264400
2017-02-06 14:43:15,362 INFO     Wrote output to trainNN/out/v049-finunified-10-g9e082f9-dirty:lstm-best-features-power,pitch,word2vec_v1-relu-60-30/config.json
2017-02-06 14:43:40,589 INFO     Saving network params to trainNN/out/v049-finunified-10-g9e082f9-dirty:lstm-best-features-power,pitch,word2vec_v1-relu-60-30/epoch-019.pkl
2017-02-06 14:43:41,120 INFO     epoch: 19 took 25.759s (0.001s in batching)
training loss:	0.535879
validation loss:	0.538660
validation error:	0.265800
2017-02-06 14:43:41,121 INFO     Wrote output to trainNN/out/v049-finunified-10-g9e082f9-dirty:lstm-best-features-power,pitch,word2vec_v1-relu-60-30/config.json
2017-02-06 14:44:06,576 INFO     Saving network params to trainNN/out/v049-finunified-10-g9e082f9-dirty:lstm-best-features-power,pitch,word2vec_v1-relu-60-30/epoch-020.pkl
2017-02-06 14:44:07,121 INFO     epoch: 20 took 26.001s (0.001s in batching)
training loss:	0.535403
validation loss:	0.533482
validation error:	0.264000
2017-02-06 14:44:07,123 INFO     Wrote output to trainNN/out/v049-finunified-10-g9e082f9-dirty:lstm-best-features-power,pitch,word2vec_v1-relu-60-30/config.json
2017-02-06 14:44:32,362 INFO     Saving network params to trainNN/out/v049-finunified-10-g9e082f9-dirty:lstm-best-features-power,pitch,word2vec_v1-relu-60-30/epoch-021.pkl
2017-02-06 14:44:32,889 INFO     epoch: 21 took 25.767s (0.001s in batching)
training loss:	0.533922
validation loss:	0.531521
validation error:	0.261500
2017-02-06 14:44:32,890 INFO     Wrote output to trainNN/out/v049-finunified-10-g9e082f9-dirty:lstm-best-features-power,pitch,word2vec_v1-relu-60-30/config.json
2017-02-06 14:44:58,302 INFO     Saving network params to trainNN/out/v049-finunified-10-g9e082f9-dirty:lstm-best-features-power,pitch,word2vec_v1-relu-60-30/epoch-022.pkl
2017-02-06 14:44:58,831 INFO     epoch: 22 took 25.943s (0.001s in batching)
training loss:	0.532416
validation loss:	0.527297
validation error:	0.259300
2017-02-06 14:44:58,832 INFO     Wrote output to trainNN/out/v049-finunified-10-g9e082f9-dirty:lstm-best-features-power,pitch,word2vec_v1-relu-60-30/config.json
2017-02-06 14:45:24,498 INFO     Saving network params to trainNN/out/v049-finunified-10-g9e082f9-dirty:lstm-best-features-power,pitch,word2vec_v1-relu-60-30/epoch-023.pkl
2017-02-06 14:45:25,025 INFO     epoch: 23 took 26.194s (0.001s in batching)
training loss:	0.532390
validation loss:	0.532930
validation error:	0.263000
2017-02-06 14:45:25,026 INFO     Wrote output to trainNN/out/v049-finunified-10-g9e082f9-dirty:lstm-best-features-power,pitch,word2vec_v1-relu-60-30/config.json
2017-02-06 14:45:50,609 INFO     Saving network params to trainNN/out/v049-finunified-10-g9e082f9-dirty:lstm-best-features-power,pitch,word2vec_v1-relu-60-30/epoch-024.pkl
2017-02-06 14:45:51,159 INFO     epoch: 24 took 26.134s (0.001s in batching)
training loss:	0.530485
validation loss:	0.529388
validation error:	0.258700
2017-02-06 14:45:51,160 INFO     Wrote output to trainNN/out/v049-finunified-10-g9e082f9-dirty:lstm-best-features-power,pitch,word2vec_v1-relu-60-30/config.json
2017-02-06 14:46:17,206 INFO     Saving network params to trainNN/out/v049-finunified-10-g9e082f9-dirty:lstm-best-features-power,pitch,word2vec_v1-relu-60-30/epoch-025.pkl
2017-02-06 14:46:17,745 INFO     epoch: 25 took 26.586s (0.001s in batching)
training loss:	0.529197
validation loss:	0.532293
validation error:	0.258900
2017-02-06 14:46:17,746 INFO     Wrote output to trainNN/out/v049-finunified-10-g9e082f9-dirty:lstm-best-features-power,pitch,word2vec_v1-relu-60-30/config.json
2017-02-06 14:46:43,705 INFO     Saving network params to trainNN/out/v049-finunified-10-g9e082f9-dirty:lstm-best-features-power,pitch,word2vec_v1-relu-60-30/epoch-026.pkl
2017-02-06 14:46:44,258 INFO     epoch: 26 took 26.513s (0.001s in batching)
training loss:	0.529348
validation loss:	0.527192
validation error:	0.259300
2017-02-06 14:46:44,259 INFO     Wrote output to trainNN/out/v049-finunified-10-g9e082f9-dirty:lstm-best-features-power,pitch,word2vec_v1-relu-60-30/config.json
2017-02-06 14:47:10,214 INFO     Saving network params to trainNN/out/v049-finunified-10-g9e082f9-dirty:lstm-best-features-power,pitch,word2vec_v1-relu-60-30/epoch-027.pkl
2017-02-06 14:47:10,796 INFO     epoch: 27 took 26.539s (0.001s in batching)
training loss:	0.527618
validation loss:	0.529478
validation error:	0.260300
2017-02-06 14:47:10,798 INFO     Wrote output to trainNN/out/v049-finunified-10-g9e082f9-dirty:lstm-best-features-power,pitch,word2vec_v1-relu-60-30/config.json
2017-02-06 14:47:36,732 INFO     Saving network params to trainNN/out/v049-finunified-10-g9e082f9-dirty:lstm-best-features-power,pitch,word2vec_v1-relu-60-30/epoch-028.pkl
2017-02-06 14:47:37,263 INFO     epoch: 28 took 26.467s (0.001s in batching)
training loss:	0.526559
validation loss:	0.524398
validation error:	0.257300
2017-02-06 14:47:37,264 INFO     Wrote output to trainNN/out/v049-finunified-10-g9e082f9-dirty:lstm-best-features-power,pitch,word2vec_v1-relu-60-30/config.json
2017-02-06 14:48:02,704 INFO     Saving network params to trainNN/out/v049-finunified-10-g9e082f9-dirty:lstm-best-features-power,pitch,word2vec_v1-relu-60-30/epoch-029.pkl
2017-02-06 14:48:03,263 INFO     epoch: 29 took 26.000s (0.001s in batching)
training loss:	0.525411
validation loss:	0.530413
validation error:	0.261000
2017-02-06 14:48:03,264 INFO     Wrote output to trainNN/out/v049-finunified-10-g9e082f9-dirty:lstm-best-features-power,pitch,word2vec_v1-relu-60-30/config.json
2017-02-06 14:48:28,817 INFO     Saving network params to trainNN/out/v049-finunified-10-g9e082f9-dirty:lstm-best-features-power,pitch,word2vec_v1-relu-60-30/epoch-030.pkl
2017-02-06 14:48:29,345 INFO     epoch: 30 took 26.082s (0.001s in batching)
training loss:	0.526214
validation loss:	0.528792
validation error:	0.262700
2017-02-06 14:48:29,346 INFO     Wrote output to trainNN/out/v049-finunified-10-g9e082f9-dirty:lstm-best-features-power,pitch,word2vec_v1-relu-60-30/config.json
2017-02-06 14:48:55,137 INFO     Saving network params to trainNN/out/v049-finunified-10-g9e082f9-dirty:lstm-best-features-power,pitch,word2vec_v1-relu-60-30/epoch-031.pkl
2017-02-06 14:48:55,665 INFO     epoch: 31 took 26.319s (0.001s in batching)
training loss:	0.526760
validation loss:	0.521273
validation error:	0.255600
2017-02-06 14:48:55,666 INFO     Wrote output to trainNN/out/v049-finunified-10-g9e082f9-dirty:lstm-best-features-power,pitch,word2vec_v1-relu-60-30/config.json
2017-02-06 14:49:21,099 INFO     Saving network params to trainNN/out/v049-finunified-10-g9e082f9-dirty:lstm-best-features-power,pitch,word2vec_v1-relu-60-30/epoch-032.pkl
2017-02-06 14:49:21,655 INFO     epoch: 32 took 25.991s (0.001s in batching)
training loss:	0.524477
validation loss:	0.521493
validation error:	0.257000
2017-02-06 14:49:21,657 INFO     Wrote output to trainNN/out/v049-finunified-10-g9e082f9-dirty:lstm-best-features-power,pitch,word2vec_v1-relu-60-30/config.json
2017-02-06 14:49:47,217 INFO     Saving network params to trainNN/out/v049-finunified-10-g9e082f9-dirty:lstm-best-features-power,pitch,word2vec_v1-relu-60-30/epoch-033.pkl
2017-02-06 14:49:47,752 INFO     epoch: 33 took 26.097s (0.001s in batching)
training loss:	0.524775
validation loss:	0.521367
validation error:	0.253800
2017-02-06 14:49:47,754 INFO     Wrote output to trainNN/out/v049-finunified-10-g9e082f9-dirty:lstm-best-features-power,pitch,word2vec_v1-relu-60-30/config.json
2017-02-06 14:50:13,398 INFO     Saving network params to trainNN/out/v049-finunified-10-g9e082f9-dirty:lstm-best-features-power,pitch,word2vec_v1-relu-60-30/epoch-034.pkl
2017-02-06 14:50:13,933 INFO     epoch: 34 took 26.181s (0.001s in batching)
training loss:	0.522984
validation loss:	0.524502
validation error:	0.258100
2017-02-06 14:50:13,934 INFO     Wrote output to trainNN/out/v049-finunified-10-g9e082f9-dirty:lstm-best-features-power,pitch,word2vec_v1-relu-60-30/config.json
2017-02-06 14:50:39,609 INFO     Saving network params to trainNN/out/v049-finunified-10-g9e082f9-dirty:lstm-best-features-power,pitch,word2vec_v1-relu-60-30/epoch-035.pkl
2017-02-06 14:50:40,148 INFO     epoch: 35 took 26.215s (0.001s in batching)
training loss:	0.523349
validation loss:	0.525694
validation error:	0.255400
2017-02-06 14:50:40,150 INFO     Wrote output to trainNN/out/v049-finunified-10-g9e082f9-dirty:lstm-best-features-power,pitch,word2vec_v1-relu-60-30/config.json
2017-02-06 14:51:05,703 INFO     Saving network params to trainNN/out/v049-finunified-10-g9e082f9-dirty:lstm-best-features-power,pitch,word2vec_v1-relu-60-30/epoch-036.pkl
2017-02-06 14:51:06,243 INFO     epoch: 36 took 26.094s (0.001s in batching)
training loss:	0.522728
validation loss:	0.522631
validation error:	0.255700
2017-02-06 14:51:06,244 INFO     Wrote output to trainNN/out/v049-finunified-10-g9e082f9-dirty:lstm-best-features-power,pitch,word2vec_v1-relu-60-30/config.json
2017-02-06 14:51:32,221 INFO     Saving network params to trainNN/out/v049-finunified-10-g9e082f9-dirty:lstm-best-features-power,pitch,word2vec_v1-relu-60-30/epoch-037.pkl
2017-02-06 14:51:32,759 INFO     epoch: 37 took 26.516s (0.001s in batching)
training loss:	0.522074
validation loss:	0.522816
validation error:	0.253400
2017-02-06 14:51:32,760 INFO     Wrote output to trainNN/out/v049-finunified-10-g9e082f9-dirty:lstm-best-features-power,pitch,word2vec_v1-relu-60-30/config.json
2017-02-06 14:51:58,595 INFO     Saving network params to trainNN/out/v049-finunified-10-g9e082f9-dirty:lstm-best-features-power,pitch,word2vec_v1-relu-60-30/epoch-038.pkl
2017-02-06 14:51:59,136 INFO     epoch: 38 took 26.377s (0.001s in batching)
training loss:	0.521376
validation loss:	0.523250
validation error:	0.257200
2017-02-06 14:51:59,137 INFO     Wrote output to trainNN/out/v049-finunified-10-g9e082f9-dirty:lstm-best-features-power,pitch,word2vec_v1-relu-60-30/config.json
2017-02-06 14:52:24,476 INFO     Saving network params to trainNN/out/v049-finunified-10-g9e082f9-dirty:lstm-best-features-power,pitch,word2vec_v1-relu-60-30/epoch-039.pkl
2017-02-06 14:52:25,002 INFO     epoch: 39 took 25.866s (0.001s in batching)
training loss:	0.520322
validation loss:	0.519610
validation error:	0.252800
2017-02-06 14:52:25,003 INFO     Wrote output to trainNN/out/v049-finunified-10-g9e082f9-dirty:lstm-best-features-power,pitch,word2vec_v1-relu-60-30/config.json
2017-02-06 14:52:50,169 INFO     Saving network params to trainNN/out/v049-finunified-10-g9e082f9-dirty:lstm-best-features-power,pitch,word2vec_v1-relu-60-30/epoch-040.pkl
2017-02-06 14:52:50,700 INFO     epoch: 40 took 25.698s (0.001s in batching)
training loss:	0.519919
validation loss:	0.520324
validation error:	0.253200
2017-02-06 14:52:50,701 INFO     Wrote output to trainNN/out/v049-finunified-10-g9e082f9-dirty:lstm-best-features-power,pitch,word2vec_v1-relu-60-30/config.json
2017-02-06 14:53:16,736 INFO     Saving network params to trainNN/out/v049-finunified-10-g9e082f9-dirty:lstm-best-features-power,pitch,word2vec_v1-relu-60-30/epoch-041.pkl
2017-02-06 14:53:17,288 INFO     epoch: 41 took 26.588s (0.001s in batching)
training loss:	0.520217
validation loss:	0.522305
validation error:	0.252500
2017-02-06 14:53:17,289 INFO     Wrote output to trainNN/out/v049-finunified-10-g9e082f9-dirty:lstm-best-features-power,pitch,word2vec_v1-relu-60-30/config.json
2017-02-06 14:53:42,884 INFO     Saving network params to trainNN/out/v049-finunified-10-g9e082f9-dirty:lstm-best-features-power,pitch,word2vec_v1-relu-60-30/epoch-042.pkl
2017-02-06 14:53:43,409 INFO     epoch: 42 took 26.121s (0.001s in batching)
training loss:	0.519215
validation loss:	0.516332
validation error:	0.249300
2017-02-06 14:53:43,410 INFO     Wrote output to trainNN/out/v049-finunified-10-g9e082f9-dirty:lstm-best-features-power,pitch,word2vec_v1-relu-60-30/config.json
2017-02-06 14:54:09,166 INFO     Saving network params to trainNN/out/v049-finunified-10-g9e082f9-dirty:lstm-best-features-power,pitch,word2vec_v1-relu-60-30/epoch-043.pkl
2017-02-06 14:54:09,694 INFO     epoch: 43 took 26.285s (0.001s in batching)
training loss:	0.519336
validation loss:	0.526648
validation error:	0.262700
2017-02-06 14:54:09,696 INFO     Wrote output to trainNN/out/v049-finunified-10-g9e082f9-dirty:lstm-best-features-power,pitch,word2vec_v1-relu-60-30/config.json
2017-02-06 14:54:35,360 INFO     Saving network params to trainNN/out/v049-finunified-10-g9e082f9-dirty:lstm-best-features-power,pitch,word2vec_v1-relu-60-30/epoch-044.pkl
2017-02-06 14:54:35,883 INFO     epoch: 44 took 26.189s (0.001s in batching)
training loss:	0.518548
validation loss:	0.518167
validation error:	0.253100
2017-02-06 14:54:35,884 INFO     Wrote output to trainNN/out/v049-finunified-10-g9e082f9-dirty:lstm-best-features-power,pitch,word2vec_v1-relu-60-30/config.json
2017-02-06 14:55:01,248 INFO     Saving network params to trainNN/out/v049-finunified-10-g9e082f9-dirty:lstm-best-features-power,pitch,word2vec_v1-relu-60-30/epoch-045.pkl
2017-02-06 14:55:01,798 INFO     epoch: 45 took 25.915s (0.001s in batching)
training loss:	0.517642
validation loss:	0.517608
validation error:	0.248800
2017-02-06 14:55:01,799 INFO     Wrote output to trainNN/out/v049-finunified-10-g9e082f9-dirty:lstm-best-features-power,pitch,word2vec_v1-relu-60-30/config.json
2017-02-06 14:55:27,591 INFO     Saving network params to trainNN/out/v049-finunified-10-g9e082f9-dirty:lstm-best-features-power,pitch,word2vec_v1-relu-60-30/epoch-046.pkl
2017-02-06 14:55:28,155 INFO     epoch: 46 took 26.356s (0.001s in batching)
training loss:	0.517180
validation loss:	0.516245
validation error:	0.246800
2017-02-06 14:55:28,156 INFO     Wrote output to trainNN/out/v049-finunified-10-g9e082f9-dirty:lstm-best-features-power,pitch,word2vec_v1-relu-60-30/config.json
2017-02-06 14:55:53,858 INFO     Saving network params to trainNN/out/v049-finunified-10-g9e082f9-dirty:lstm-best-features-power,pitch,word2vec_v1-relu-60-30/epoch-047.pkl
2017-02-06 14:55:54,387 INFO     epoch: 47 took 26.233s (0.001s in batching)
training loss:	0.517027
validation loss:	0.520818
validation error:	0.254600
2017-02-06 14:55:54,389 INFO     Wrote output to trainNN/out/v049-finunified-10-g9e082f9-dirty:lstm-best-features-power,pitch,word2vec_v1-relu-60-30/config.json
2017-02-06 14:56:20,139 INFO     Saving network params to trainNN/out/v049-finunified-10-g9e082f9-dirty:lstm-best-features-power,pitch,word2vec_v1-relu-60-30/epoch-048.pkl
2017-02-06 14:56:20,667 INFO     epoch: 48 took 26.280s (0.001s in batching)
training loss:	0.516895
validation loss:	0.519532
validation error:	0.253500
2017-02-06 14:56:20,669 INFO     Wrote output to trainNN/out/v049-finunified-10-g9e082f9-dirty:lstm-best-features-power,pitch,word2vec_v1-relu-60-30/config.json
2017-02-06 14:56:46,944 INFO     Saving network params to trainNN/out/v049-finunified-10-g9e082f9-dirty:lstm-best-features-power,pitch,word2vec_v1-relu-60-30/epoch-049.pkl
2017-02-06 14:56:47,508 INFO     epoch: 49 took 26.841s (0.001s in batching)
training loss:	0.516712
validation loss:	0.517404
validation error:	0.253000
2017-02-06 14:56:47,510 INFO     Wrote output to trainNN/out/v049-finunified-10-g9e082f9-dirty:lstm-best-features-power,pitch,word2vec_v1-relu-60-30/config.json
2017-02-06 14:57:13,307 INFO     Saving network params to trainNN/out/v049-finunified-10-g9e082f9-dirty:lstm-best-features-power,pitch,word2vec_v1-relu-60-30/epoch-050.pkl
2017-02-06 14:57:13,840 INFO     epoch: 50 took 26.332s (0.001s in batching)
training loss:	0.515570
validation loss:	0.516796
validation error:	0.251700
2017-02-06 14:57:13,841 INFO     Wrote output to trainNN/out/v049-finunified-10-g9e082f9-dirty:lstm-best-features-power,pitch,word2vec_v1-relu-60-30/config.json
2017-02-06 14:57:39,475 INFO     Saving network params to trainNN/out/v049-finunified-10-g9e082f9-dirty:lstm-best-features-power,pitch,word2vec_v1-relu-60-30/epoch-051.pkl
2017-02-06 14:57:40,032 INFO     epoch: 51 took 26.192s (0.001s in batching)
training loss:	0.515320
validation loss:	0.519177
validation error:	0.254500
2017-02-06 14:57:40,034 INFO     Wrote output to trainNN/out/v049-finunified-10-g9e082f9-dirty:lstm-best-features-power,pitch,word2vec_v1-relu-60-30/config.json
2017-02-06 14:58:05,810 INFO     Saving network params to trainNN/out/v049-finunified-10-g9e082f9-dirty:lstm-best-features-power,pitch,word2vec_v1-relu-60-30/epoch-052.pkl
2017-02-06 14:58:06,352 INFO     epoch: 52 took 26.320s (0.001s in batching)
training loss:	0.517320
validation loss:	0.518213
validation error:	0.255700
2017-02-06 14:58:06,353 INFO     Wrote output to trainNN/out/v049-finunified-10-g9e082f9-dirty:lstm-best-features-power,pitch,word2vec_v1-relu-60-30/config.json
2017-02-06 14:58:31,986 INFO     Saving network params to trainNN/out/v049-finunified-10-g9e082f9-dirty:lstm-best-features-power,pitch,word2vec_v1-relu-60-30/epoch-053.pkl
2017-02-06 14:58:32,523 INFO     epoch: 53 took 26.171s (0.001s in batching)
training loss:	0.516255
validation loss:	0.515030
validation error:	0.250100
2017-02-06 14:58:32,525 INFO     Wrote output to trainNN/out/v049-finunified-10-g9e082f9-dirty:lstm-best-features-power,pitch,word2vec_v1-relu-60-30/config.json
2017-02-06 14:58:58,201 INFO     Saving network params to trainNN/out/v049-finunified-10-g9e082f9-dirty:lstm-best-features-power,pitch,word2vec_v1-relu-60-30/epoch-054.pkl
2017-02-06 14:58:58,761 INFO     epoch: 54 took 26.238s (0.001s in batching)
training loss:	0.514366
validation loss:	0.518353
validation error:	0.250300
2017-02-06 14:58:58,762 INFO     Wrote output to trainNN/out/v049-finunified-10-g9e082f9-dirty:lstm-best-features-power,pitch,word2vec_v1-relu-60-30/config.json
2017-02-06 14:59:24,542 INFO     Saving network params to trainNN/out/v049-finunified-10-g9e082f9-dirty:lstm-best-features-power,pitch,word2vec_v1-relu-60-30/epoch-055.pkl
2017-02-06 14:59:25,084 INFO     epoch: 55 took 26.323s (0.001s in batching)
training loss:	0.514154
validation loss:	0.515406
validation error:	0.248400
2017-02-06 14:59:25,085 INFO     Wrote output to trainNN/out/v049-finunified-10-g9e082f9-dirty:lstm-best-features-power,pitch,word2vec_v1-relu-60-30/config.json
2017-02-06 14:59:50,949 INFO     Saving network params to trainNN/out/v049-finunified-10-g9e082f9-dirty:lstm-best-features-power,pitch,word2vec_v1-relu-60-30/epoch-056.pkl
2017-02-06 14:59:51,500 INFO     epoch: 56 took 26.416s (0.001s in batching)
training loss:	0.514316
validation loss:	0.517245
validation error:	0.250500
2017-02-06 14:59:51,501 INFO     Wrote output to trainNN/out/v049-finunified-10-g9e082f9-dirty:lstm-best-features-power,pitch,word2vec_v1-relu-60-30/config.json
2017-02-06 15:00:16,790 INFO     Saving network params to trainNN/out/v049-finunified-10-g9e082f9-dirty:lstm-best-features-power,pitch,word2vec_v1-relu-60-30/epoch-057.pkl
2017-02-06 15:00:17,316 INFO     epoch: 57 took 25.816s (0.001s in batching)
training loss:	0.513648
validation loss:	0.517348
validation error:	0.250600
2017-02-06 15:00:17,317 INFO     Wrote output to trainNN/out/v049-finunified-10-g9e082f9-dirty:lstm-best-features-power,pitch,word2vec_v1-relu-60-30/config.json
2017-02-06 15:00:43,092 INFO     Saving network params to trainNN/out/v049-finunified-10-g9e082f9-dirty:lstm-best-features-power,pitch,word2vec_v1-relu-60-30/epoch-058.pkl
2017-02-06 15:00:43,623 INFO     epoch: 58 took 26.307s (0.001s in batching)
training loss:	0.514560
validation loss:	0.520140
validation error:	0.256800
2017-02-06 15:00:43,624 INFO     Wrote output to trainNN/out/v049-finunified-10-g9e082f9-dirty:lstm-best-features-power,pitch,word2vec_v1-relu-60-30/config.json
2017-02-06 15:01:09,498 INFO     Saving network params to trainNN/out/v049-finunified-10-g9e082f9-dirty:lstm-best-features-power,pitch,word2vec_v1-relu-60-30/epoch-059.pkl
2017-02-06 15:01:10,569 INFO     epoch: 59 took 26.946s (0.001s in batching)
training loss:	0.512826
validation loss:	0.517504
validation error:	0.251500
2017-02-06 15:01:10,578 INFO     Wrote output to trainNN/out/v049-finunified-10-g9e082f9-dirty:lstm-best-features-power,pitch,word2vec_v1-relu-60-30/config.json
2017-02-06 15:01:36,471 INFO     Saving network params to trainNN/out/v049-finunified-10-g9e082f9-dirty:lstm-best-features-power,pitch,word2vec_v1-relu-60-30/epoch-060.pkl
2017-02-06 15:01:37,037 INFO     epoch: 60 took 26.469s (0.001s in batching)
training loss:	0.512971
validation loss:	0.517281
validation error:	0.257400
2017-02-06 15:01:37,172 INFO     Wrote output to trainNN/out/v049-finunified-10-g9e082f9-dirty:lstm-best-features-power,pitch,word2vec_v1-relu-60-30/config.json
2017-02-06 15:02:03,073 INFO     Saving network params to trainNN/out/v049-finunified-10-g9e082f9-dirty:lstm-best-features-power,pitch,word2vec_v1-relu-60-30/epoch-061.pkl
2017-02-06 15:02:03,621 INFO     epoch: 61 took 26.584s (0.001s in batching)
training loss:	0.511465
validation loss:	0.514197
validation error:	0.252200
2017-02-06 15:02:03,622 INFO     Wrote output to trainNN/out/v049-finunified-10-g9e082f9-dirty:lstm-best-features-power,pitch,word2vec_v1-relu-60-30/config.json
2017-02-06 15:02:29,642 INFO     Saving network params to trainNN/out/v049-finunified-10-g9e082f9-dirty:lstm-best-features-power,pitch,word2vec_v1-relu-60-30/epoch-062.pkl
2017-02-06 15:02:30,177 INFO     epoch: 62 took 26.557s (0.001s in batching)
training loss:	0.512094
validation loss:	0.512560
validation error:	0.250400
2017-02-06 15:02:30,179 INFO     Wrote output to trainNN/out/v049-finunified-10-g9e082f9-dirty:lstm-best-features-power,pitch,word2vec_v1-relu-60-30/config.json
2017-02-06 15:02:55,925 INFO     Saving network params to trainNN/out/v049-finunified-10-g9e082f9-dirty:lstm-best-features-power,pitch,word2vec_v1-relu-60-30/epoch-063.pkl
2017-02-06 15:02:56,453 INFO     epoch: 63 took 26.276s (0.001s in batching)
training loss:	0.511621
validation loss:	0.516963
validation error:	0.248300
2017-02-06 15:02:56,455 INFO     Wrote output to trainNN/out/v049-finunified-10-g9e082f9-dirty:lstm-best-features-power,pitch,word2vec_v1-relu-60-30/config.json
2017-02-06 15:03:22,511 INFO     Saving network params to trainNN/out/v049-finunified-10-g9e082f9-dirty:lstm-best-features-power,pitch,word2vec_v1-relu-60-30/epoch-064.pkl
2017-02-06 15:03:23,064 INFO     epoch: 64 took 26.611s (0.001s in batching)
training loss:	0.511524
validation loss:	0.515797
validation error:	0.252800
2017-02-06 15:03:23,066 INFO     Wrote output to trainNN/out/v049-finunified-10-g9e082f9-dirty:lstm-best-features-power,pitch,word2vec_v1-relu-60-30/config.json
2017-02-06 15:03:48,761 INFO     Saving network params to trainNN/out/v049-finunified-10-g9e082f9-dirty:lstm-best-features-power,pitch,word2vec_v1-relu-60-30/epoch-065.pkl
2017-02-06 15:03:49,308 INFO     epoch: 65 took 26.244s (0.001s in batching)
training loss:	0.513385
validation loss:	0.520551
validation error:	0.254800
2017-02-06 15:03:49,310 INFO     Wrote output to trainNN/out/v049-finunified-10-g9e082f9-dirty:lstm-best-features-power,pitch,word2vec_v1-relu-60-30/config.json
2017-02-06 15:04:15,205 INFO     Saving network params to trainNN/out/v049-finunified-10-g9e082f9-dirty:lstm-best-features-power,pitch,word2vec_v1-relu-60-30/epoch-066.pkl
2017-02-06 15:04:15,765 INFO     epoch: 66 took 26.457s (0.001s in batching)
training loss:	0.512708
validation loss:	0.517020
validation error:	0.255000
2017-02-06 15:04:15,767 INFO     Wrote output to trainNN/out/v049-finunified-10-g9e082f9-dirty:lstm-best-features-power,pitch,word2vec_v1-relu-60-30/config.json
2017-02-06 15:04:41,619 INFO     Saving network params to trainNN/out/v049-finunified-10-g9e082f9-dirty:lstm-best-features-power,pitch,word2vec_v1-relu-60-30/epoch-067.pkl
2017-02-06 15:04:42,146 INFO     epoch: 67 took 26.380s (0.001s in batching)
training loss:	0.511414
validation loss:	0.517380
validation error:	0.252900
2017-02-06 15:04:42,147 INFO     Wrote output to trainNN/out/v049-finunified-10-g9e082f9-dirty:lstm-best-features-power,pitch,word2vec_v1-relu-60-30/config.json
2017-02-06 15:05:07,674 INFO     Saving network params to trainNN/out/v049-finunified-10-g9e082f9-dirty:lstm-best-features-power,pitch,word2vec_v1-relu-60-30/epoch-068.pkl
2017-02-06 15:05:08,205 INFO     epoch: 68 took 26.059s (0.001s in batching)
training loss:	0.510492
validation loss:	0.515140
validation error:	0.252700
2017-02-06 15:05:08,206 INFO     Wrote output to trainNN/out/v049-finunified-10-g9e082f9-dirty:lstm-best-features-power,pitch,word2vec_v1-relu-60-30/config.json
2017-02-06 15:05:34,291 INFO     Saving network params to trainNN/out/v049-finunified-10-g9e082f9-dirty:lstm-best-features-power,pitch,word2vec_v1-relu-60-30/epoch-069.pkl
2017-02-06 15:05:34,825 INFO     epoch: 69 took 26.620s (0.001s in batching)
training loss:	0.511530
validation loss:	0.516922
validation error:	0.249700
2017-02-06 15:05:34,826 INFO     Wrote output to trainNN/out/v049-finunified-10-g9e082f9-dirty:lstm-best-features-power,pitch,word2vec_v1-relu-60-30/config.json
2017-02-06 15:06:00,556 INFO     Saving network params to trainNN/out/v049-finunified-10-g9e082f9-dirty:lstm-best-features-power,pitch,word2vec_v1-relu-60-30/epoch-070.pkl
2017-02-06 15:06:01,105 INFO     epoch: 70 took 26.281s (0.001s in batching)
training loss:	0.510293
validation loss:	0.518198
validation error:	0.251900
2017-02-06 15:06:01,107 INFO     Wrote output to trainNN/out/v049-finunified-10-g9e082f9-dirty:lstm-best-features-power,pitch,word2vec_v1-relu-60-30/config.json
2017-02-06 15:06:26,353 INFO     Saving network params to trainNN/out/v049-finunified-10-g9e082f9-dirty:lstm-best-features-power,pitch,word2vec_v1-relu-60-30/epoch-071.pkl
2017-02-06 15:06:26,879 INFO     epoch: 71 took 25.773s (0.001s in batching)
training loss:	0.509853
validation loss:	0.516101
validation error:	0.251800
2017-02-06 15:06:26,880 INFO     Wrote output to trainNN/out/v049-finunified-10-g9e082f9-dirty:lstm-best-features-power,pitch,word2vec_v1-relu-60-30/config.json
2017-02-06 15:06:52,569 INFO     Saving network params to trainNN/out/v049-finunified-10-g9e082f9-dirty:lstm-best-features-power,pitch,word2vec_v1-relu-60-30/epoch-072.pkl
2017-02-06 15:06:53,098 INFO     epoch: 72 took 26.219s (0.001s in batching)
training loss:	0.510323
validation loss:	0.514269
validation error:	0.247900
2017-02-06 15:06:53,100 INFO     Wrote output to trainNN/out/v049-finunified-10-g9e082f9-dirty:lstm-best-features-power,pitch,word2vec_v1-relu-60-30/config.json
2017-02-06 15:07:18,462 INFO     Saving network params to trainNN/out/v049-finunified-10-g9e082f9-dirty:lstm-best-features-power,pitch,word2vec_v1-relu-60-30/epoch-073.pkl
2017-02-06 15:07:19,007 INFO     epoch: 73 took 25.909s (0.001s in batching)
training loss:	0.557174
validation loss:	0.536144
validation error:	0.266300
2017-02-06 15:07:19,009 INFO     Wrote output to trainNN/out/v049-finunified-10-g9e082f9-dirty:lstm-best-features-power,pitch,word2vec_v1-relu-60-30/config.json
2017-02-06 15:07:45,040 INFO     Saving network params to trainNN/out/v049-finunified-10-g9e082f9-dirty:lstm-best-features-power,pitch,word2vec_v1-relu-60-30/epoch-074.pkl
2017-02-06 15:07:45,572 INFO     epoch: 74 took 26.565s (0.001s in batching)
training loss:	0.526097
validation loss:	0.523843
validation error:	0.256300
2017-02-06 15:07:45,574 INFO     Wrote output to trainNN/out/v049-finunified-10-g9e082f9-dirty:lstm-best-features-power,pitch,word2vec_v1-relu-60-30/config.json
2017-02-06 15:08:10,767 INFO     Saving network params to trainNN/out/v049-finunified-10-g9e082f9-dirty:lstm-best-features-power,pitch,word2vec_v1-relu-60-30/epoch-075.pkl
2017-02-06 15:08:11,312 INFO     epoch: 75 took 25.740s (0.001s in batching)
training loss:	0.519475
validation loss:	0.517372
validation error:	0.252600
2017-02-06 15:08:11,314 INFO     Wrote output to trainNN/out/v049-finunified-10-g9e082f9-dirty:lstm-best-features-power,pitch,word2vec_v1-relu-60-30/config.json
2017-02-06 15:08:37,078 INFO     Saving network params to trainNN/out/v049-finunified-10-g9e082f9-dirty:lstm-best-features-power,pitch,word2vec_v1-relu-60-30/epoch-076.pkl
2017-02-06 15:08:37,604 INFO     epoch: 76 took 26.292s (0.001s in batching)
training loss:	0.515286
validation loss:	0.515828
validation error:	0.251600
2017-02-06 15:08:37,605 INFO     Wrote output to trainNN/out/v049-finunified-10-g9e082f9-dirty:lstm-best-features-power,pitch,word2vec_v1-relu-60-30/config.json
2017-02-06 15:09:03,106 INFO     Saving network params to trainNN/out/v049-finunified-10-g9e082f9-dirty:lstm-best-features-power,pitch,word2vec_v1-relu-60-30/epoch-077.pkl
2017-02-06 15:09:03,632 INFO     epoch: 77 took 26.028s (0.001s in batching)
training loss:	0.513184
validation loss:	0.514874
validation error:	0.251200
2017-02-06 15:09:03,634 INFO     Wrote output to trainNN/out/v049-finunified-10-g9e082f9-dirty:lstm-best-features-power,pitch,word2vec_v1-relu-60-30/config.json
2017-02-06 15:09:29,228 INFO     Saving network params to trainNN/out/v049-finunified-10-g9e082f9-dirty:lstm-best-features-power,pitch,word2vec_v1-relu-60-30/epoch-078.pkl
2017-02-06 15:09:29,753 INFO     epoch: 78 took 26.121s (0.001s in batching)
training loss:	0.512107
validation loss:	0.516533
validation error:	0.250400
2017-02-06 15:09:29,755 INFO     Wrote output to trainNN/out/v049-finunified-10-g9e082f9-dirty:lstm-best-features-power,pitch,word2vec_v1-relu-60-30/config.json
2017-02-06 15:09:55,378 INFO     Saving network params to trainNN/out/v049-finunified-10-g9e082f9-dirty:lstm-best-features-power,pitch,word2vec_v1-relu-60-30/epoch-079.pkl
2017-02-06 15:09:55,904 INFO     epoch: 79 took 26.151s (0.001s in batching)
training loss:	0.512469
validation loss:	0.525484
validation error:	0.259300
2017-02-06 15:09:55,905 INFO     Wrote output to trainNN/out/v049-finunified-10-g9e082f9-dirty:lstm-best-features-power,pitch,word2vec_v1-relu-60-30/config.json
2017-02-06 15:10:21,669 INFO     Saving network params to trainNN/out/v049-finunified-10-g9e082f9-dirty:lstm-best-features-power,pitch,word2vec_v1-relu-60-30/epoch-080.pkl
2017-02-06 15:10:22,199 INFO     epoch: 80 took 26.295s (0.001s in batching)
training loss:	0.510976
validation loss:	0.514631
validation error:	0.247200
2017-02-06 15:10:22,201 INFO     Wrote output to trainNN/out/v049-finunified-10-g9e082f9-dirty:lstm-best-features-power,pitch,word2vec_v1-relu-60-30/config.json
2017-02-06 15:10:47,827 INFO     Saving network params to trainNN/out/v049-finunified-10-g9e082f9-dirty:lstm-best-features-power,pitch,word2vec_v1-relu-60-30/epoch-081.pkl
2017-02-06 15:10:48,354 INFO     epoch: 81 took 26.155s (0.001s in batching)
training loss:	0.510749
validation loss:	0.516845
validation error:	0.253200
2017-02-06 15:10:48,356 INFO     Wrote output to trainNN/out/v049-finunified-10-g9e082f9-dirty:lstm-best-features-power,pitch,word2vec_v1-relu-60-30/config.json
2017-02-06 15:11:13,954 INFO     Saving network params to trainNN/out/v049-finunified-10-g9e082f9-dirty:lstm-best-features-power,pitch,word2vec_v1-relu-60-30/epoch-082.pkl
2017-02-06 15:11:14,495 INFO     epoch: 82 took 26.141s (0.001s in batching)
training loss:	0.509775
validation loss:	0.515910
validation error:	0.252200
2017-02-06 15:11:14,497 INFO     Wrote output to trainNN/out/v049-finunified-10-g9e082f9-dirty:lstm-best-features-power,pitch,word2vec_v1-relu-60-30/config.json
2017-02-06 15:11:39,889 INFO     Saving network params to trainNN/out/v049-finunified-10-g9e082f9-dirty:lstm-best-features-power,pitch,word2vec_v1-relu-60-30/epoch-083.pkl
2017-02-06 15:11:40,435 INFO     epoch: 83 took 25.940s (0.001s in batching)
training loss:	0.509207
validation loss:	0.515142
validation error:	0.248900
2017-02-06 15:11:40,436 INFO     Wrote output to trainNN/out/v049-finunified-10-g9e082f9-dirty:lstm-best-features-power,pitch,word2vec_v1-relu-60-30/config.json
2017-02-06 15:12:06,295 INFO     Saving network params to trainNN/out/v049-finunified-10-g9e082f9-dirty:lstm-best-features-power,pitch,word2vec_v1-relu-60-30/epoch-084.pkl
2017-02-06 15:12:06,823 INFO     epoch: 84 took 26.388s (0.001s in batching)
training loss:	0.531272
validation loss:	0.519963
validation error:	0.252000
2017-02-06 15:12:06,825 INFO     Wrote output to trainNN/out/v049-finunified-10-g9e082f9-dirty:lstm-best-features-power,pitch,word2vec_v1-relu-60-30/config.json
2017-02-06 15:12:32,175 INFO     Saving network params to trainNN/out/v049-finunified-10-g9e082f9-dirty:lstm-best-features-power,pitch,word2vec_v1-relu-60-30/epoch-085.pkl
2017-02-06 15:12:32,706 INFO     epoch: 85 took 25.883s (0.001s in batching)
training loss:	0.516465
validation loss:	0.518052
validation error:	0.251600
2017-02-06 15:12:32,708 INFO     Wrote output to trainNN/out/v049-finunified-10-g9e082f9-dirty:lstm-best-features-power,pitch,word2vec_v1-relu-60-30/config.json
2017-02-06 15:12:58,209 INFO     Saving network params to trainNN/out/v049-finunified-10-g9e082f9-dirty:lstm-best-features-power,pitch,word2vec_v1-relu-60-30/epoch-086.pkl
2017-02-06 15:12:58,742 INFO     epoch: 86 took 26.035s (0.001s in batching)
training loss:	0.512395
validation loss:	0.517324
validation error:	0.249600
2017-02-06 15:12:58,744 INFO     Wrote output to trainNN/out/v049-finunified-10-g9e082f9-dirty:lstm-best-features-power,pitch,word2vec_v1-relu-60-30/config.json
2017-02-06 15:13:24,418 INFO     Saving network params to trainNN/out/v049-finunified-10-g9e082f9-dirty:lstm-best-features-power,pitch,word2vec_v1-relu-60-30/epoch-087.pkl
2017-02-06 15:13:24,944 INFO     epoch: 87 took 26.202s (0.001s in batching)
training loss:	0.510643
validation loss:	0.516927
validation error:	0.250900
2017-02-06 15:13:24,946 INFO     Wrote output to trainNN/out/v049-finunified-10-g9e082f9-dirty:lstm-best-features-power,pitch,word2vec_v1-relu-60-30/config.json
2017-02-06 15:13:50,619 INFO     Saving network params to trainNN/out/v049-finunified-10-g9e082f9-dirty:lstm-best-features-power,pitch,word2vec_v1-relu-60-30/epoch-088.pkl
2017-02-06 15:13:51,158 INFO     epoch: 88 took 26.214s (0.001s in batching)
training loss:	0.510170
validation loss:	0.513019
validation error:	0.249600
2017-02-06 15:13:51,160 INFO     Wrote output to trainNN/out/v049-finunified-10-g9e082f9-dirty:lstm-best-features-power,pitch,word2vec_v1-relu-60-30/config.json
2017-02-06 15:14:16,601 INFO     Saving network params to trainNN/out/v049-finunified-10-g9e082f9-dirty:lstm-best-features-power,pitch,word2vec_v1-relu-60-30/epoch-089.pkl
2017-02-06 15:14:17,127 INFO     epoch: 89 took 25.968s (0.001s in batching)
training loss:	0.509257
validation loss:	0.516707
validation error:	0.250900
2017-02-06 15:14:17,129 INFO     Wrote output to trainNN/out/v049-finunified-10-g9e082f9-dirty:lstm-best-features-power,pitch,word2vec_v1-relu-60-30/config.json
2017-02-06 15:14:42,402 INFO     Saving network params to trainNN/out/v049-finunified-10-g9e082f9-dirty:lstm-best-features-power,pitch,word2vec_v1-relu-60-30/epoch-090.pkl
2017-02-06 15:14:42,949 INFO     epoch: 90 took 25.822s (0.001s in batching)
training loss:	0.508969
validation loss:	0.513854
validation error:	0.247900
2017-02-06 15:14:42,952 INFO     Wrote output to trainNN/out/v049-finunified-10-g9e082f9-dirty:lstm-best-features-power,pitch,word2vec_v1-relu-60-30/config.json
2017-02-06 15:15:08,785 INFO     Saving network params to trainNN/out/v049-finunified-10-g9e082f9-dirty:lstm-best-features-power,pitch,word2vec_v1-relu-60-30/epoch-091.pkl
2017-02-06 15:15:09,355 INFO     epoch: 91 took 26.406s (0.001s in batching)
training loss:	0.508107
validation loss:	0.517140
validation error:	0.247700
2017-02-06 15:15:09,357 INFO     Wrote output to trainNN/out/v049-finunified-10-g9e082f9-dirty:lstm-best-features-power,pitch,word2vec_v1-relu-60-30/config.json
2017-02-06 15:15:35,194 INFO     Saving network params to trainNN/out/v049-finunified-10-g9e082f9-dirty:lstm-best-features-power,pitch,word2vec_v1-relu-60-30/epoch-092.pkl
2017-02-06 15:15:35,756 INFO     epoch: 92 took 26.401s (0.001s in batching)
training loss:	0.508323
validation loss:	0.513943
validation error:	0.245200
2017-02-06 15:15:35,758 INFO     Wrote output to trainNN/out/v049-finunified-10-g9e082f9-dirty:lstm-best-features-power,pitch,word2vec_v1-relu-60-30/config.json
2017-02-06 15:16:01,181 INFO     Saving network params to trainNN/out/v049-finunified-10-g9e082f9-dirty:lstm-best-features-power,pitch,word2vec_v1-relu-60-30/epoch-093.pkl
2017-02-06 15:16:01,712 INFO     epoch: 93 took 25.956s (0.001s in batching)
training loss:	0.507480
validation loss:	0.514875
validation error:	0.249600
2017-02-06 15:16:01,714 INFO     Wrote output to trainNN/out/v049-finunified-10-g9e082f9-dirty:lstm-best-features-power,pitch,word2vec_v1-relu-60-30/config.json
2017-02-06 15:16:27,555 INFO     Saving network params to trainNN/out/v049-finunified-10-g9e082f9-dirty:lstm-best-features-power,pitch,word2vec_v1-relu-60-30/epoch-094.pkl
2017-02-06 15:16:28,126 INFO     epoch: 94 took 26.414s (0.001s in batching)
training loss:	0.506961
validation loss:	0.515122
validation error:	0.247700
2017-02-06 15:16:28,128 INFO     Wrote output to trainNN/out/v049-finunified-10-g9e082f9-dirty:lstm-best-features-power,pitch,word2vec_v1-relu-60-30/config.json
2017-02-06 15:16:53,894 INFO     Saving network params to trainNN/out/v049-finunified-10-g9e082f9-dirty:lstm-best-features-power,pitch,word2vec_v1-relu-60-30/epoch-095.pkl
2017-02-06 15:16:54,427 INFO     epoch: 95 took 26.301s (0.001s in batching)
training loss:	0.507575
validation loss:	0.516411
validation error:	0.248400
2017-02-06 15:16:54,429 INFO     Wrote output to trainNN/out/v049-finunified-10-g9e082f9-dirty:lstm-best-features-power,pitch,word2vec_v1-relu-60-30/config.json
2017-02-06 15:17:20,166 INFO     Saving network params to trainNN/out/v049-finunified-10-g9e082f9-dirty:lstm-best-features-power,pitch,word2vec_v1-relu-60-30/epoch-096.pkl
2017-02-06 15:17:20,697 INFO     epoch: 96 took 26.269s (0.001s in batching)
training loss:	0.506767
validation loss:	0.517054
validation error:	0.252800
2017-02-06 15:17:20,698 INFO     Wrote output to trainNN/out/v049-finunified-10-g9e082f9-dirty:lstm-best-features-power,pitch,word2vec_v1-relu-60-30/config.json
2017-02-06 15:17:46,466 INFO     Saving network params to trainNN/out/v049-finunified-10-g9e082f9-dirty:lstm-best-features-power,pitch,word2vec_v1-relu-60-30/epoch-097.pkl
2017-02-06 15:17:47,015 INFO     epoch: 97 took 26.319s (0.001s in batching)
training loss:	0.507229
validation loss:	0.517367
validation error:	0.251600
2017-02-06 15:17:47,017 INFO     Wrote output to trainNN/out/v049-finunified-10-g9e082f9-dirty:lstm-best-features-power,pitch,word2vec_v1-relu-60-30/config.json
2017-02-06 15:18:12,852 INFO     Saving network params to trainNN/out/v049-finunified-10-g9e082f9-dirty:lstm-best-features-power,pitch,word2vec_v1-relu-60-30/epoch-098.pkl
2017-02-06 15:18:13,399 INFO     epoch: 98 took 26.384s (0.001s in batching)
training loss:	0.506700
validation loss:	0.529463
validation error:	0.259600
2017-02-06 15:18:13,401 INFO     Wrote output to trainNN/out/v049-finunified-10-g9e082f9-dirty:lstm-best-features-power,pitch,word2vec_v1-relu-60-30/config.json
2017-02-06 15:18:39,037 INFO     Saving network params to trainNN/out/v049-finunified-10-g9e082f9-dirty:lstm-best-features-power,pitch,word2vec_v1-relu-60-30/epoch-099.pkl
2017-02-06 15:18:39,577 INFO     epoch: 99 took 26.177s (0.001s in batching)
training loss:	0.505892
validation loss:	0.514722
validation error:	0.250200
2017-02-06 15:18:39,579 INFO     Wrote output to trainNN/out/v049-finunified-10-g9e082f9-dirty:lstm-best-features-power,pitch,word2vec_v1-relu-60-30/config.json
