2017-01-24 04:37:23,234 DEBUG    version=v043-unified:simple-ff-100-50-50
2017-01-24 04:37:23,951 INFO     Open DBase(data/db/all240302-spk.dat, data/db/all240302-spk.idx, mode='r')
2017-01-24 04:37:43,053 DEBUG    loading cached extracted data from data/cache/extract-563f0cfda2bc8b6a659563483d8ddca63a2cf90cdf00f9f7f789bf6027ccda0a.pickle
2017-01-24 04:37:44,002 DEBUG    set input dim to 2
2017-01-24 04:37:44,004 DEBUG    input dim = 2
2017-01-24 04:37:44,190 DEBUG    loading data into ram
2017-01-24 04:37:44,338 DEBUG    loading data took 0.147s (cpu: 0.147s
2017-01-24 04:37:44,903 DEBUG    set input dim to 2
2017-01-24 04:37:44,903 DEBUG    input dim = 2
2017-01-24 04:37:44,924 DEBUG    loading data into ram
2017-01-24 04:37:44,938 DEBUG    loading data took 0.014s (cpu: 0.014s
2017-01-24 04:37:44,970 INFO     Training network with 15802 trainable out of 15802 total params.
2017-01-24 04:37:45,013 DEBUG    Using sgd with learning_rate=0.700000
2017-01-24 04:37:56,177 INFO     Waiting for existing lock by process '21744' (I am process '21738')
2017-01-24 04:37:56,178 INFO     To manually release the lock, delete /home/rruede/.theano/compiledir_Linux-3.16--generic-x86_64-with-debian-jessie-sid-x86_64-3.6.0-64/lock_dir
2017-01-24 04:38:10,485 INFO     Waiting for existing lock by process '21744' (I am process '21738')
2017-01-24 04:38:10,485 INFO     To manually release the lock, delete /home/rruede/.theano/compiledir_Linux-3.16--generic-x86_64-with-debian-jessie-sid-x86_64-3.6.0-64/lock_dir
2017-01-24 04:39:34,663 DEBUG    Starting training...
2017-01-24 04:41:22,266 INFO     Saving network params to trainNN/out/v043-unified:simple-ff-100-50-50/epoch-000.pkl
2017-01-24 04:41:32,502 INFO     epoch: 0 took 117.838s (84.101s in batching)
training loss:	0.623689
validation loss:	0.609740
validation error:	0.336312
2017-01-24 04:41:32,504 INFO     Wrote output to trainNN/out/v043-unified:simple-ff-100-50-50/config.json
2017-01-24 04:43:27,290 INFO     Saving network params to trainNN/out/v043-unified:simple-ff-100-50-50/epoch-001.pkl
2017-01-24 04:43:37,499 INFO     epoch: 1 took 124.997s (83.755s in batching)
training loss:	0.609480
validation loss:	0.610415
validation error:	0.337467
2017-01-24 04:43:37,501 INFO     Wrote output to trainNN/out/v043-unified:simple-ff-100-50-50/config.json
2017-01-24 04:45:25,412 INFO     Saving network params to trainNN/out/v043-unified:simple-ff-100-50-50/epoch-002.pkl
2017-01-24 04:45:35,734 INFO     epoch: 2 took 118.235s (83.725s in batching)
training loss:	0.604493
validation loss:	0.605016
validation error:	0.331564
2017-01-24 04:45:35,736 INFO     Wrote output to trainNN/out/v043-unified:simple-ff-100-50-50/config.json
2017-01-24 04:47:23,919 INFO     Saving network params to trainNN/out/v043-unified:simple-ff-100-50-50/epoch-003.pkl
2017-01-24 04:47:34,201 INFO     epoch: 3 took 118.467s (83.934s in batching)
training loss:	0.601017
validation loss:	0.603420
validation error:	0.328178
2017-01-24 04:47:34,204 INFO     Wrote output to trainNN/out/v043-unified:simple-ff-100-50-50/config.json
2017-01-24 04:49:22,648 INFO     Saving network params to trainNN/out/v043-unified:simple-ff-100-50-50/epoch-004.pkl
2017-01-24 04:49:32,947 INFO     epoch: 4 took 118.747s (83.660s in batching)
training loss:	0.598218
validation loss:	0.607732
validation error:	0.337804
2017-01-24 04:49:32,950 INFO     Wrote output to trainNN/out/v043-unified:simple-ff-100-50-50/config.json
2017-01-24 04:51:21,999 INFO     Saving network params to trainNN/out/v043-unified:simple-ff-100-50-50/epoch-005.pkl
2017-01-24 04:51:32,202 INFO     epoch: 5 took 119.255s (84.232s in batching)
training loss:	0.596165
validation loss:	0.602628
validation error:	0.328446
2017-01-24 04:51:32,205 INFO     Wrote output to trainNN/out/v043-unified:simple-ff-100-50-50/config.json
2017-01-24 04:53:20,626 INFO     Saving network params to trainNN/out/v043-unified:simple-ff-100-50-50/epoch-006.pkl
2017-01-24 04:53:30,744 INFO     epoch: 6 took 118.542s (83.756s in batching)
training loss:	0.594201
validation loss:	0.602407
validation error:	0.328054
2017-01-24 04:53:30,845 INFO     Wrote output to trainNN/out/v043-unified:simple-ff-100-50-50/config.json
2017-01-24 04:55:19,830 INFO     Saving network params to trainNN/out/v043-unified:simple-ff-100-50-50/epoch-007.pkl
2017-01-24 04:55:29,986 INFO     epoch: 7 took 119.242s (83.832s in batching)
training loss:	0.592943
validation loss:	0.601758
validation error:	0.329988
2017-01-24 04:55:30,089 INFO     Wrote output to trainNN/out/v043-unified:simple-ff-100-50-50/config.json
2017-01-24 04:57:19,324 INFO     Saving network params to trainNN/out/v043-unified:simple-ff-100-50-50/epoch-008.pkl
2017-01-24 04:57:29,559 INFO     epoch: 8 took 119.573s (84.509s in batching)
training loss:	0.591429
validation loss:	0.607031
validation error:	0.332575
2017-01-24 04:57:29,562 INFO     Wrote output to trainNN/out/v043-unified:simple-ff-100-50-50/config.json
2017-01-24 04:59:17,998 INFO     Saving network params to trainNN/out/v043-unified:simple-ff-100-50-50/epoch-009.pkl
2017-01-24 04:59:28,146 INFO     epoch: 9 took 118.587s (83.614s in batching)
training loss:	0.590371
validation loss:	0.604613
validation error:	0.329888
2017-01-24 04:59:28,149 INFO     Wrote output to trainNN/out/v043-unified:simple-ff-100-50-50/config.json
2017-01-24 05:01:16,827 INFO     Saving network params to trainNN/out/v043-unified:simple-ff-100-50-50/epoch-010.pkl
2017-01-24 05:01:26,934 INFO     epoch: 10 took 118.788s (83.638s in batching)
training loss:	0.589337
validation loss:	0.603587
validation error:	0.331038
2017-01-24 05:01:26,937 INFO     Wrote output to trainNN/out/v043-unified:simple-ff-100-50-50/config.json
2017-01-24 05:03:15,300 INFO     Saving network params to trainNN/out/v043-unified:simple-ff-100-50-50/epoch-011.pkl
2017-01-24 05:03:25,500 INFO     epoch: 11 took 118.566s (83.505s in batching)
training loss:	0.588484
validation loss:	0.603495
validation error:	0.327103
2017-01-24 05:03:25,503 INFO     Wrote output to trainNN/out/v043-unified:simple-ff-100-50-50/config.json
2017-01-24 05:05:14,509 INFO     Saving network params to trainNN/out/v043-unified:simple-ff-100-50-50/epoch-012.pkl
2017-01-24 05:05:24,680 INFO     epoch: 12 took 119.180s (83.982s in batching)
training loss:	0.587726
validation loss:	0.605079
validation error:	0.329046
2017-01-24 05:05:24,683 INFO     Wrote output to trainNN/out/v043-unified:simple-ff-100-50-50/config.json
2017-01-24 05:07:13,385 INFO     Saving network params to trainNN/out/v043-unified:simple-ff-100-50-50/epoch-013.pkl
2017-01-24 05:07:23,552 INFO     epoch: 13 took 118.872s (83.797s in batching)
training loss:	0.587049
validation loss:	0.604156
validation error:	0.326488
2017-01-24 05:07:23,555 INFO     Wrote output to trainNN/out/v043-unified:simple-ff-100-50-50/config.json
2017-01-24 05:09:11,744 INFO     Saving network params to trainNN/out/v043-unified:simple-ff-100-50-50/epoch-014.pkl
2017-01-24 05:09:22,029 INFO     epoch: 14 took 118.477s (83.401s in batching)
training loss:	0.586365
validation loss:	0.600057
validation error:	0.325447
2017-01-24 05:09:22,033 INFO     Wrote output to trainNN/out/v043-unified:simple-ff-100-50-50/config.json
2017-01-24 05:11:11,305 INFO     Saving network params to trainNN/out/v043-unified:simple-ff-100-50-50/epoch-015.pkl
2017-01-24 05:11:21,553 INFO     epoch: 15 took 119.524s (84.241s in batching)
training loss:	0.585792
validation loss:	0.607418
validation error:	0.329095
2017-01-24 05:11:21,556 INFO     Wrote output to trainNN/out/v043-unified:simple-ff-100-50-50/config.json
2017-01-24 05:13:10,755 INFO     Saving network params to trainNN/out/v043-unified:simple-ff-100-50-50/epoch-016.pkl
2017-01-24 05:13:21,033 INFO     epoch: 16 took 119.480s (84.091s in batching)
training loss:	0.585182
validation loss:	0.605743
validation error:	0.329249
2017-01-24 05:13:21,037 INFO     Wrote output to trainNN/out/v043-unified:simple-ff-100-50-50/config.json
2017-01-24 05:15:10,198 INFO     Saving network params to trainNN/out/v043-unified:simple-ff-100-50-50/epoch-017.pkl
2017-01-24 05:15:20,302 INFO     epoch: 17 took 119.268s (83.973s in batching)
training loss:	0.584754
validation loss:	0.606063
validation error:	0.328377
2017-01-24 05:15:20,305 INFO     Wrote output to trainNN/out/v043-unified:simple-ff-100-50-50/config.json
2017-01-24 05:17:09,281 INFO     Saving network params to trainNN/out/v043-unified:simple-ff-100-50-50/epoch-018.pkl
2017-01-24 05:17:19,498 INFO     epoch: 18 took 119.196s (83.932s in batching)
training loss:	0.584230
validation loss:	0.603308
validation error:	0.327708
2017-01-24 05:17:19,501 INFO     Wrote output to trainNN/out/v043-unified:simple-ff-100-50-50/config.json
2017-01-24 05:19:08,419 INFO     Saving network params to trainNN/out/v043-unified:simple-ff-100-50-50/epoch-019.pkl
2017-01-24 05:19:18,617 INFO     epoch: 19 took 119.119s (83.729s in batching)
training loss:	0.583933
validation loss:	0.604112
validation error:	0.326820
2017-01-24 05:19:18,718 INFO     Wrote output to trainNN/out/v043-unified:simple-ff-100-50-50/config.json
2017-01-24 05:21:07,933 INFO     Saving network params to trainNN/out/v043-unified:simple-ff-100-50-50/epoch-020.pkl
2017-01-24 05:21:18,100 INFO     epoch: 20 took 119.483s (83.903s in batching)
training loss:	0.583536
validation loss:	0.607290
validation error:	0.329294
2017-01-24 05:21:18,103 INFO     Wrote output to trainNN/out/v043-unified:simple-ff-100-50-50/config.json
2017-01-24 05:23:07,795 INFO     Saving network params to trainNN/out/v043-unified:simple-ff-100-50-50/epoch-021.pkl
2017-01-24 05:23:18,085 INFO     epoch: 21 took 119.985s (84.404s in batching)
training loss:	0.583282
validation loss:	0.607736
validation error:	0.329338
2017-01-24 05:23:18,089 INFO     Wrote output to trainNN/out/v043-unified:simple-ff-100-50-50/config.json
2017-01-24 05:25:07,896 INFO     Saving network params to trainNN/out/v043-unified:simple-ff-100-50-50/epoch-022.pkl
2017-01-24 05:25:18,164 INFO     epoch: 22 took 120.078s (84.451s in batching)
training loss:	0.582868
validation loss:	0.604064
validation error:	0.327276
2017-01-24 05:25:18,167 INFO     Wrote output to trainNN/out/v043-unified:simple-ff-100-50-50/config.json
2017-01-24 05:27:07,876 INFO     Saving network params to trainNN/out/v043-unified:simple-ff-100-50-50/epoch-023.pkl
2017-01-24 05:27:18,157 INFO     epoch: 23 took 119.994s (84.289s in batching)
training loss:	0.582544
validation loss:	0.604744
validation error:	0.326325
2017-01-24 05:27:18,161 INFO     Wrote output to trainNN/out/v043-unified:simple-ff-100-50-50/config.json
2017-01-24 05:29:07,717 INFO     Saving network params to trainNN/out/v043-unified:simple-ff-100-50-50/epoch-024.pkl
2017-01-24 05:29:18,007 INFO     epoch: 24 took 119.850s (84.269s in batching)
training loss:	0.582291
validation loss:	0.606393
validation error:	0.325482
2017-01-24 05:29:18,010 INFO     Wrote output to trainNN/out/v043-unified:simple-ff-100-50-50/config.json
2017-01-24 05:31:07,542 INFO     Saving network params to trainNN/out/v043-unified:simple-ff-100-50-50/epoch-025.pkl
2017-01-24 05:31:17,809 INFO     epoch: 25 took 119.802s (84.195s in batching)
training loss:	0.582131
validation loss:	0.605774
validation error:	0.325665
2017-01-24 05:31:17,812 INFO     Wrote output to trainNN/out/v043-unified:simple-ff-100-50-50/config.json
2017-01-24 05:33:07,768 INFO     Saving network params to trainNN/out/v043-unified:simple-ff-100-50-50/epoch-026.pkl
2017-01-24 05:33:17,978 INFO     epoch: 26 took 120.169s (84.416s in batching)
training loss:	0.581710
validation loss:	0.609712
validation error:	0.326939
2017-01-24 05:33:17,981 INFO     Wrote output to trainNN/out/v043-unified:simple-ff-100-50-50/config.json
2017-01-24 05:35:07,908 INFO     Saving network params to trainNN/out/v043-unified:simple-ff-100-50-50/epoch-027.pkl
2017-01-24 05:35:18,240 INFO     epoch: 27 took 120.262s (84.361s in batching)
training loss:	0.581484
validation loss:	0.606676
validation error:	0.328134
2017-01-24 05:35:18,243 INFO     Wrote output to trainNN/out/v043-unified:simple-ff-100-50-50/config.json
2017-01-24 05:37:07,960 INFO     Saving network params to trainNN/out/v043-unified:simple-ff-100-50-50/epoch-028.pkl
2017-01-24 05:37:18,206 INFO     epoch: 28 took 119.966s (84.218s in batching)
training loss:	0.581270
validation loss:	0.606873
validation error:	0.327608
2017-01-24 05:37:18,209 INFO     Wrote output to trainNN/out/v043-unified:simple-ff-100-50-50/config.json
2017-01-24 05:39:07,577 INFO     Saving network params to trainNN/out/v043-unified:simple-ff-100-50-50/epoch-029.pkl
2017-01-24 05:39:17,820 INFO     epoch: 29 took 119.614s (83.997s in batching)
training loss:	0.580945
validation loss:	0.607753
validation error:	0.327202
2017-01-24 05:39:17,823 INFO     Wrote output to trainNN/out/v043-unified:simple-ff-100-50-50/config.json
2017-01-24 05:41:07,657 INFO     Saving network params to trainNN/out/v043-unified:simple-ff-100-50-50/epoch-030.pkl
2017-01-24 05:41:17,979 INFO     epoch: 30 took 120.159s (84.395s in batching)
training loss:	0.581041
validation loss:	0.607302
validation error:	0.327430
2017-01-24 05:41:17,983 INFO     Wrote output to trainNN/out/v043-unified:simple-ff-100-50-50/config.json
2017-01-24 05:43:07,611 INFO     Saving network params to trainNN/out/v043-unified:simple-ff-100-50-50/epoch-031.pkl
2017-01-24 05:43:17,837 INFO     epoch: 31 took 119.858s (84.220s in batching)
training loss:	0.580770
validation loss:	0.607532
validation error:	0.328040
2017-01-24 05:43:17,841 INFO     Wrote output to trainNN/out/v043-unified:simple-ff-100-50-50/config.json
2017-01-24 05:45:07,927 INFO     Saving network params to trainNN/out/v043-unified:simple-ff-100-50-50/epoch-032.pkl
2017-01-24 05:45:18,237 INFO     epoch: 32 took 120.400s (84.402s in batching)
training loss:	0.580355
validation loss:	0.608695
validation error:	0.329670
2017-01-24 05:45:18,241 INFO     Wrote output to trainNN/out/v043-unified:simple-ff-100-50-50/config.json
2017-01-24 05:47:06,542 INFO     Saving network params to trainNN/out/v043-unified:simple-ff-100-50-50/epoch-033.pkl
2017-01-24 05:47:16,580 INFO     epoch: 33 took 118.343s (83.843s in batching)
training loss:	0.580193
validation loss:	0.606244
validation error:	0.326934
2017-01-24 05:47:16,584 INFO     Wrote output to trainNN/out/v043-unified:simple-ff-100-50-50/config.json
2017-01-24 05:49:03,827 INFO     Saving network params to trainNN/out/v043-unified:simple-ff-100-50-50/epoch-034.pkl
2017-01-24 05:49:13,885 INFO     epoch: 34 took 117.304s (83.441s in batching)
training loss:	0.580187
validation loss:	0.612222
validation error:	0.330181
2017-01-24 05:49:13,889 INFO     Wrote output to trainNN/out/v043-unified:simple-ff-100-50-50/config.json
2017-01-24 05:51:01,073 INFO     Saving network params to trainNN/out/v043-unified:simple-ff-100-50-50/epoch-035.pkl
2017-01-24 05:51:11,092 INFO     epoch: 35 took 117.207s (83.507s in batching)
training loss:	0.579917
validation loss:	0.608853
validation error:	0.327648
2017-01-24 05:51:11,095 INFO     Wrote output to trainNN/out/v043-unified:simple-ff-100-50-50/config.json
2017-01-24 05:52:58,925 INFO     Saving network params to trainNN/out/v043-unified:simple-ff-100-50-50/epoch-036.pkl
2017-01-24 05:53:09,046 INFO     epoch: 36 took 117.954s (83.660s in batching)
training loss:	0.579782
validation loss:	0.612705
validation error:	0.331435
2017-01-24 05:53:09,050 INFO     Wrote output to trainNN/out/v043-unified:simple-ff-100-50-50/config.json
2017-01-24 05:54:56,393 INFO     Saving network params to trainNN/out/v043-unified:simple-ff-100-50-50/epoch-037.pkl
2017-01-24 05:55:06,500 INFO     epoch: 37 took 117.453s (83.374s in batching)
training loss:	0.579800
validation loss:	0.608306
validation error:	0.325859
2017-01-24 05:55:06,503 INFO     Wrote output to trainNN/out/v043-unified:simple-ff-100-50-50/config.json
2017-01-24 05:56:54,305 INFO     Saving network params to trainNN/out/v043-unified:simple-ff-100-50-50/epoch-038.pkl
2017-01-24 05:57:04,443 INFO     epoch: 38 took 117.943s (83.585s in batching)
training loss:	0.579547
validation loss:	0.606466
validation error:	0.327162
2017-01-24 05:57:04,446 INFO     Wrote output to trainNN/out/v043-unified:simple-ff-100-50-50/config.json
2017-01-24 05:58:52,613 INFO     Saving network params to trainNN/out/v043-unified:simple-ff-100-50-50/epoch-039.pkl
2017-01-24 05:59:02,745 INFO     epoch: 39 took 118.302s (83.652s in batching)
training loss:	0.579375
validation loss:	0.608210
validation error:	0.327742
2017-01-24 05:59:02,749 INFO     Wrote output to trainNN/out/v043-unified:simple-ff-100-50-50/config.json
2017-01-24 06:00:50,709 INFO     Saving network params to trainNN/out/v043-unified:simple-ff-100-50-50/epoch-040.pkl
2017-01-24 06:01:00,823 INFO     epoch: 40 took 118.077s (83.742s in batching)
training loss:	0.579322
validation loss:	0.608360
validation error:	0.328297
2017-01-24 06:01:00,826 INFO     Wrote output to trainNN/out/v043-unified:simple-ff-100-50-50/config.json
2017-01-24 06:02:49,403 INFO     Saving network params to trainNN/out/v043-unified:simple-ff-100-50-50/epoch-041.pkl
2017-01-24 06:02:59,533 INFO     epoch: 41 took 118.710s (83.888s in batching)
training loss:	0.579018
validation loss:	0.610516
validation error:	0.328382
2017-01-24 06:02:59,537 INFO     Wrote output to trainNN/out/v043-unified:simple-ff-100-50-50/config.json
2017-01-24 06:04:48,697 INFO     Saving network params to trainNN/out/v043-unified:simple-ff-100-50-50/epoch-042.pkl
2017-01-24 06:04:58,874 INFO     epoch: 42 took 119.341s (84.316s in batching)
training loss:	0.579115
validation loss:	0.615267
validation error:	0.327717
2017-01-24 06:04:58,878 INFO     Wrote output to trainNN/out/v043-unified:simple-ff-100-50-50/config.json
2017-01-24 06:06:47,168 INFO     Saving network params to trainNN/out/v043-unified:simple-ff-100-50-50/epoch-043.pkl
2017-01-24 06:06:57,367 INFO     epoch: 43 took 118.492s (83.538s in batching)
training loss:	0.578779
validation loss:	0.610778
validation error:	0.328233
2017-01-24 06:06:57,371 INFO     Wrote output to trainNN/out/v043-unified:simple-ff-100-50-50/config.json
2017-01-24 06:08:45,863 INFO     Saving network params to trainNN/out/v043-unified:simple-ff-100-50-50/epoch-044.pkl
2017-01-24 06:08:56,060 INFO     epoch: 44 took 118.694s (83.699s in batching)
training loss:	0.578965
validation loss:	0.609039
validation error:	0.331261
2017-01-24 06:08:56,064 INFO     Wrote output to trainNN/out/v043-unified:simple-ff-100-50-50/config.json
2017-01-24 06:10:44,669 INFO     Saving network params to trainNN/out/v043-unified:simple-ff-100-50-50/epoch-045.pkl
2017-01-24 06:10:54,853 INFO     epoch: 45 took 118.793s (83.811s in batching)
training loss:	0.578541
validation loss:	0.608909
validation error:	0.328377
2017-01-24 06:10:54,858 INFO     Wrote output to trainNN/out/v043-unified:simple-ff-100-50-50/config.json
2017-01-24 06:12:43,553 INFO     Saving network params to trainNN/out/v043-unified:simple-ff-100-50-50/epoch-046.pkl
2017-01-24 06:12:53,751 INFO     epoch: 46 took 118.898s (83.885s in batching)
training loss:	0.578667
validation loss:	0.612156
validation error:	0.335876
2017-01-24 06:12:53,755 INFO     Wrote output to trainNN/out/v043-unified:simple-ff-100-50-50/config.json
2017-01-24 06:14:42,818 INFO     Saving network params to trainNN/out/v043-unified:simple-ff-100-50-50/epoch-047.pkl
2017-01-24 06:14:53,111 INFO     epoch: 47 took 119.360s (84.110s in batching)
training loss:	0.578467
validation loss:	0.608901
validation error:	0.327073
2017-01-24 06:14:53,115 INFO     Wrote output to trainNN/out/v043-unified:simple-ff-100-50-50/config.json
2017-01-24 06:16:42,349 INFO     Saving network params to trainNN/out/v043-unified:simple-ff-100-50-50/epoch-048.pkl
2017-01-24 06:16:52,652 INFO     epoch: 48 took 119.541s (84.230s in batching)
training loss:	0.578369
validation loss:	0.609301
validation error:	0.329532
2017-01-24 06:16:52,656 INFO     Wrote output to trainNN/out/v043-unified:simple-ff-100-50-50/config.json
2017-01-24 06:18:42,027 INFO     Saving network params to trainNN/out/v043-unified:simple-ff-100-50-50/epoch-049.pkl
2017-01-24 06:18:52,297 INFO     epoch: 49 took 119.645s (84.098s in batching)
training loss:	0.578437
validation loss:	0.610909
validation error:	0.329323
2017-01-24 06:18:52,302 INFO     Wrote output to trainNN/out/v043-unified:simple-ff-100-50-50/config.json
2017-01-24 06:20:41,952 INFO     Saving network params to trainNN/out/v043-unified:simple-ff-100-50-50/epoch-050.pkl
2017-01-24 06:20:52,188 INFO     epoch: 50 took 119.891s (84.253s in batching)
training loss:	0.578294
validation loss:	0.609728
validation error:	0.328218
2017-01-24 06:20:52,192 INFO     Wrote output to trainNN/out/v043-unified:simple-ff-100-50-50/config.json
2017-01-24 06:22:41,219 INFO     Saving network params to trainNN/out/v043-unified:simple-ff-100-50-50/epoch-051.pkl
2017-01-24 06:22:51,473 INFO     epoch: 51 took 119.285s (83.753s in batching)
training loss:	0.578067
validation loss:	0.613538
validation error:	0.331465
2017-01-24 06:22:51,478 INFO     Wrote output to trainNN/out/v043-unified:simple-ff-100-50-50/config.json
2017-01-24 06:24:40,457 INFO     Saving network params to trainNN/out/v043-unified:simple-ff-100-50-50/epoch-052.pkl
2017-01-24 06:24:50,664 INFO     epoch: 52 took 119.192s (83.795s in batching)
training loss:	0.578007
validation loss:	0.611326
validation error:	0.333918
2017-01-24 06:24:50,669 INFO     Wrote output to trainNN/out/v043-unified:simple-ff-100-50-50/config.json
2017-01-24 06:26:39,972 INFO     Saving network params to trainNN/out/v043-unified:simple-ff-100-50-50/epoch-053.pkl
2017-01-24 06:26:50,089 INFO     epoch: 53 took 119.425s (83.869s in batching)
training loss:	0.577730
validation loss:	0.610252
validation error:	0.332605
2017-01-24 06:26:50,093 INFO     Wrote output to trainNN/out/v043-unified:simple-ff-100-50-50/config.json
2017-01-24 06:28:39,877 INFO     Saving network params to trainNN/out/v043-unified:simple-ff-100-50-50/epoch-054.pkl
2017-01-24 06:28:50,024 INFO     epoch: 54 took 119.935s (84.290s in batching)
training loss:	0.577945
validation loss:	0.610346
validation error:	0.331693
2017-01-24 06:28:50,029 INFO     Wrote output to trainNN/out/v043-unified:simple-ff-100-50-50/config.json
2017-01-24 06:30:38,922 INFO     Saving network params to trainNN/out/v043-unified:simple-ff-100-50-50/epoch-055.pkl
2017-01-24 06:30:49,126 INFO     epoch: 55 took 119.102s (83.591s in batching)
training loss:	0.577788
validation loss:	0.609602
validation error:	0.328818
2017-01-24 06:30:49,130 INFO     Wrote output to trainNN/out/v043-unified:simple-ff-100-50-50/config.json
2017-01-24 06:32:38,168 INFO     Saving network params to trainNN/out/v043-unified:simple-ff-100-50-50/epoch-056.pkl
2017-01-24 06:32:48,424 INFO     epoch: 56 took 119.299s (83.791s in batching)
training loss:	0.577567
validation loss:	0.612229
validation error:	0.332332
2017-01-24 06:32:48,429 INFO     Wrote output to trainNN/out/v043-unified:simple-ff-100-50-50/config.json
2017-01-24 06:34:37,737 INFO     Saving network params to trainNN/out/v043-unified:simple-ff-100-50-50/epoch-057.pkl
2017-01-24 06:34:47,891 INFO     epoch: 57 took 119.466s (83.748s in batching)
training loss:	0.577535
validation loss:	0.612175
validation error:	0.331460
2017-01-24 06:34:47,895 INFO     Wrote output to trainNN/out/v043-unified:simple-ff-100-50-50/config.json
2017-01-24 06:36:37,144 INFO     Saving network params to trainNN/out/v043-unified:simple-ff-100-50-50/epoch-058.pkl
2017-01-24 06:36:47,343 INFO     epoch: 58 took 119.453s (83.859s in batching)
training loss:	0.577535
validation loss:	0.606703
validation error:	0.327157
2017-01-24 06:36:47,348 INFO     Wrote output to trainNN/out/v043-unified:simple-ff-100-50-50/config.json
2017-01-24 06:38:37,062 INFO     Saving network params to trainNN/out/v043-unified:simple-ff-100-50-50/epoch-059.pkl
2017-01-24 06:38:47,293 INFO     epoch: 59 took 119.950s (84.128s in batching)
training loss:	0.577385
validation loss:	0.610232
validation error:	0.332129
2017-01-24 06:38:47,298 INFO     Wrote output to trainNN/out/v043-unified:simple-ff-100-50-50/config.json
2017-01-24 06:40:36,764 INFO     Saving network params to trainNN/out/v043-unified:simple-ff-100-50-50/epoch-060.pkl
2017-01-24 06:40:47,020 INFO     epoch: 60 took 119.727s (84.010s in batching)
training loss:	0.577329
validation loss:	0.611423
validation error:	0.329125
2017-01-24 06:40:47,024 INFO     Wrote output to trainNN/out/v043-unified:simple-ff-100-50-50/config.json
2017-01-24 06:42:36,457 INFO     Saving network params to trainNN/out/v043-unified:simple-ff-100-50-50/epoch-061.pkl
2017-01-24 06:42:46,662 INFO     epoch: 61 took 119.642s (84.033s in batching)
training loss:	0.577132
validation loss:	0.612213
validation error:	0.330320
2017-01-24 06:42:46,666 INFO     Wrote output to trainNN/out/v043-unified:simple-ff-100-50-50/config.json
2017-01-24 06:44:36,088 INFO     Saving network params to trainNN/out/v043-unified:simple-ff-100-50-50/epoch-062.pkl
2017-01-24 06:44:46,355 INFO     epoch: 62 took 119.693s (83.910s in batching)
training loss:	0.577070
validation loss:	0.609694
validation error:	0.328912
2017-01-24 06:44:46,360 INFO     Wrote output to trainNN/out/v043-unified:simple-ff-100-50-50/config.json
2017-01-24 06:46:35,682 INFO     Saving network params to trainNN/out/v043-unified:simple-ff-100-50-50/epoch-063.pkl
2017-01-24 06:46:45,990 INFO     epoch: 63 took 119.635s (83.921s in batching)
training loss:	0.577049
validation loss:	0.611431
validation error:	0.330384
2017-01-24 06:46:45,995 INFO     Wrote output to trainNN/out/v043-unified:simple-ff-100-50-50/config.json
2017-01-24 06:48:35,830 INFO     Saving network params to trainNN/out/v043-unified:simple-ff-100-50-50/epoch-064.pkl
2017-01-24 06:48:46,125 INFO     epoch: 64 took 120.135s (84.204s in batching)
training loss:	0.577037
validation loss:	0.612675
validation error:	0.326815
2017-01-24 06:48:46,130 INFO     Wrote output to trainNN/out/v043-unified:simple-ff-100-50-50/config.json
2017-01-24 06:50:36,140 INFO     Saving network params to trainNN/out/v043-unified:simple-ff-100-50-50/epoch-065.pkl
2017-01-24 06:50:46,490 INFO     epoch: 65 took 120.365s (84.304s in batching)
training loss:	0.576967
validation loss:	0.610940
validation error:	0.328382
2017-01-24 06:50:46,495 INFO     Wrote output to trainNN/out/v043-unified:simple-ff-100-50-50/config.json
2017-01-24 06:52:35,831 INFO     Saving network params to trainNN/out/v043-unified:simple-ff-100-50-50/epoch-066.pkl
2017-01-24 06:52:46,097 INFO     epoch: 66 took 119.607s (83.857s in batching)
training loss:	0.576879
validation loss:	0.615723
validation error:	0.330255
2017-01-24 06:52:46,102 INFO     Wrote output to trainNN/out/v043-unified:simple-ff-100-50-50/config.json
2017-01-24 06:54:35,770 INFO     Saving network params to trainNN/out/v043-unified:simple-ff-100-50-50/epoch-067.pkl
2017-01-24 06:54:46,090 INFO     epoch: 67 took 119.993s (83.799s in batching)
training loss:	0.576747
validation loss:	0.611454
validation error:	0.330845
2017-01-24 06:54:46,097 INFO     Wrote output to trainNN/out/v043-unified:simple-ff-100-50-50/config.json
2017-01-24 06:56:36,322 INFO     Saving network params to trainNN/out/v043-unified:simple-ff-100-50-50/epoch-068.pkl
2017-01-24 06:56:46,427 INFO     epoch: 68 took 120.337s (84.499s in batching)
training loss:	0.576710
validation loss:	0.614477
validation error:	0.329849
2017-01-24 06:56:46,432 INFO     Wrote output to trainNN/out/v043-unified:simple-ff-100-50-50/config.json
2017-01-24 06:58:34,032 INFO     Saving network params to trainNN/out/v043-unified:simple-ff-100-50-50/epoch-069.pkl
2017-01-24 06:58:44,185 INFO     epoch: 69 took 117.758s (83.520s in batching)
training loss:	0.576641
validation loss:	0.613502
validation error:	0.331484
2017-01-24 06:58:44,190 INFO     Wrote output to trainNN/out/v043-unified:simple-ff-100-50-50/config.json
2017-01-24 07:00:31,231 INFO     Saving network params to trainNN/out/v043-unified:simple-ff-100-50-50/epoch-070.pkl
2017-01-24 07:00:41,308 INFO     epoch: 70 took 117.122s (83.170s in batching)
training loss:	0.576673
validation loss:	0.611598
validation error:	0.331321
2017-01-24 07:00:41,313 INFO     Wrote output to trainNN/out/v043-unified:simple-ff-100-50-50/config.json
2017-01-24 07:02:28,586 INFO     Saving network params to trainNN/out/v043-unified:simple-ff-100-50-50/epoch-071.pkl
2017-01-24 07:02:38,731 INFO     epoch: 71 took 117.424s (83.316s in batching)
training loss:	0.576493
validation loss:	0.609502
validation error:	0.328367
2017-01-24 07:02:38,736 INFO     Wrote output to trainNN/out/v043-unified:simple-ff-100-50-50/config.json
2017-01-24 07:04:25,903 INFO     Saving network params to trainNN/out/v043-unified:simple-ff-100-50-50/epoch-072.pkl
2017-01-24 07:04:36,108 INFO     epoch: 72 took 117.377s (83.190s in batching)
training loss:	0.576432
validation loss:	0.612217
validation error:	0.329100
2017-01-24 07:04:36,113 INFO     Wrote output to trainNN/out/v043-unified:simple-ff-100-50-50/config.json
2017-01-24 07:06:23,484 INFO     Saving network params to trainNN/out/v043-unified:simple-ff-100-50-50/epoch-073.pkl
2017-01-24 07:06:33,677 INFO     epoch: 73 took 117.569s (83.243s in batching)
training loss:	0.576379
validation loss:	0.610355
validation error:	0.329368
2017-01-24 07:06:33,682 INFO     Wrote output to trainNN/out/v043-unified:simple-ff-100-50-50/config.json
2017-01-24 07:08:20,808 INFO     Saving network params to trainNN/out/v043-unified:simple-ff-100-50-50/epoch-074.pkl
2017-01-24 07:08:30,949 INFO     epoch: 74 took 117.271s (83.112s in batching)
training loss:	0.576465
validation loss:	0.609855
validation error:	0.330478
2017-01-24 07:08:30,954 INFO     Wrote output to trainNN/out/v043-unified:simple-ff-100-50-50/config.json
2017-01-24 07:10:18,657 INFO     Saving network params to trainNN/out/v043-unified:simple-ff-100-50-50/epoch-075.pkl
2017-01-24 07:10:28,825 INFO     epoch: 75 took 117.876s (83.394s in batching)
training loss:	0.576236
validation loss:	0.615327
validation error:	0.330280
2017-01-24 07:10:28,830 INFO     Wrote output to trainNN/out/v043-unified:simple-ff-100-50-50/config.json
2017-01-24 07:12:17,006 INFO     Saving network params to trainNN/out/v043-unified:simple-ff-100-50-50/epoch-076.pkl
2017-01-24 07:12:27,135 INFO     epoch: 76 took 118.310s (83.480s in batching)
training loss:	0.576137
validation loss:	0.617319
validation error:	0.330870
2017-01-24 07:12:27,141 INFO     Wrote output to trainNN/out/v043-unified:simple-ff-100-50-50/config.json
2017-01-24 07:14:15,517 INFO     Saving network params to trainNN/out/v043-unified:simple-ff-100-50-50/epoch-077.pkl
2017-01-24 07:14:25,756 INFO     epoch: 77 took 118.621s (83.621s in batching)
training loss:	0.576138
validation loss:	0.611237
validation error:	0.329586
2017-01-24 07:14:25,762 INFO     Wrote output to trainNN/out/v043-unified:simple-ff-100-50-50/config.json
2017-01-24 07:16:14,001 INFO     Saving network params to trainNN/out/v043-unified:simple-ff-100-50-50/epoch-078.pkl
2017-01-24 07:16:24,224 INFO     epoch: 78 took 118.468s (83.703s in batching)
training loss:	0.576177
validation loss:	0.611598
validation error:	0.330097
2017-01-24 07:16:24,230 INFO     Wrote output to trainNN/out/v043-unified:simple-ff-100-50-50/config.json
2017-01-24 07:18:12,671 INFO     Saving network params to trainNN/out/v043-unified:simple-ff-100-50-50/epoch-079.pkl
2017-01-24 07:18:23,013 INFO     epoch: 79 took 118.789s (83.616s in batching)
training loss:	0.576037
validation loss:	0.618984
validation error:	0.337199
2017-01-24 07:18:23,018 INFO     Wrote output to trainNN/out/v043-unified:simple-ff-100-50-50/config.json
2017-01-24 07:20:11,239 INFO     Saving network params to trainNN/out/v043-unified:simple-ff-100-50-50/epoch-080.pkl
2017-01-24 07:20:21,437 INFO     epoch: 80 took 118.424s (83.283s in batching)
training loss:	0.575882
validation loss:	0.616756
validation error:	0.332441
2017-01-24 07:20:21,442 INFO     Wrote output to trainNN/out/v043-unified:simple-ff-100-50-50/config.json
2017-01-24 07:22:09,054 INFO     Saving network params to trainNN/out/v043-unified:simple-ff-100-50-50/epoch-081.pkl
2017-01-24 07:22:19,219 INFO     epoch: 81 took 117.782s (83.016s in batching)
training loss:	0.575852
validation loss:	0.615808
validation error:	0.332183
2017-01-24 07:22:19,226 INFO     Wrote output to trainNN/out/v043-unified:simple-ff-100-50-50/config.json
2017-01-24 07:24:07,974 INFO     Saving network params to trainNN/out/v043-unified:simple-ff-100-50-50/epoch-082.pkl
2017-01-24 07:24:18,164 INFO     epoch: 82 took 118.945s (83.671s in batching)
training loss:	0.575825
validation loss:	0.615923
validation error:	0.336535
2017-01-24 07:24:18,170 INFO     Wrote output to trainNN/out/v043-unified:simple-ff-100-50-50/config.json
2017-01-24 07:26:07,260 INFO     Saving network params to trainNN/out/v043-unified:simple-ff-100-50-50/epoch-083.pkl
2017-01-24 07:26:17,431 INFO     epoch: 83 took 119.267s (83.894s in batching)
training loss:	0.575767
validation loss:	0.612602
validation error:	0.331068
2017-01-24 07:26:17,436 INFO     Wrote output to trainNN/out/v043-unified:simple-ff-100-50-50/config.json
2017-01-24 07:28:05,662 INFO     Saving network params to trainNN/out/v043-unified:simple-ff-100-50-50/epoch-084.pkl
2017-01-24 07:28:15,802 INFO     epoch: 84 took 118.371s (83.210s in batching)
training loss:	0.575881
validation loss:	0.612393
validation error:	0.329522
2017-01-24 07:28:15,808 INFO     Wrote output to trainNN/out/v043-unified:simple-ff-100-50-50/config.json
2017-01-24 07:30:04,053 INFO     Saving network params to trainNN/out/v043-unified:simple-ff-100-50-50/epoch-085.pkl
2017-01-24 07:30:14,252 INFO     epoch: 85 took 118.450s (83.146s in batching)
training loss:	0.575747
validation loss:	0.610649
validation error:	0.329363
2017-01-24 07:30:14,258 INFO     Wrote output to trainNN/out/v043-unified:simple-ff-100-50-50/config.json
2017-01-24 07:32:02,111 INFO     Saving network params to trainNN/out/v043-unified:simple-ff-100-50-50/epoch-086.pkl
2017-01-24 07:32:12,334 INFO     epoch: 86 took 118.081s (83.125s in batching)
training loss:	0.575762
validation loss:	0.619381
validation error:	0.331678
2017-01-24 07:32:12,339 INFO     Wrote output to trainNN/out/v043-unified:simple-ff-100-50-50/config.json
2017-01-24 07:34:00,564 INFO     Saving network params to trainNN/out/v043-unified:simple-ff-100-50-50/epoch-087.pkl
2017-01-24 07:34:10,682 INFO     epoch: 87 took 118.348s (83.125s in batching)
training loss:	0.575548
validation loss:	0.614685
validation error:	0.334652
2017-01-24 07:34:10,688 INFO     Wrote output to trainNN/out/v043-unified:simple-ff-100-50-50/config.json
2017-01-24 07:35:59,187 INFO     Saving network params to trainNN/out/v043-unified:simple-ff-100-50-50/epoch-088.pkl
2017-01-24 07:36:09,358 INFO     epoch: 88 took 118.676s (83.314s in batching)
training loss:	0.575544
validation loss:	0.611787
validation error:	0.327425
2017-01-24 07:36:09,364 INFO     Wrote output to trainNN/out/v043-unified:simple-ff-100-50-50/config.json
2017-01-24 07:37:57,839 INFO     Saving network params to trainNN/out/v043-unified:simple-ff-100-50-50/epoch-089.pkl
2017-01-24 07:38:08,053 INFO     epoch: 89 took 118.694s (83.319s in batching)
training loss:	0.575550
validation loss:	0.615851
validation error:	0.334047
2017-01-24 07:38:08,059 INFO     Wrote output to trainNN/out/v043-unified:simple-ff-100-50-50/config.json
2017-01-24 07:39:56,652 INFO     Saving network params to trainNN/out/v043-unified:simple-ff-100-50-50/epoch-090.pkl
2017-01-24 07:40:06,839 INFO     epoch: 90 took 118.786s (83.309s in batching)
training loss:	0.575446
validation loss:	0.611385
validation error:	0.328278
2017-01-24 07:40:06,845 INFO     Wrote output to trainNN/out/v043-unified:simple-ff-100-50-50/config.json
2017-01-24 07:41:55,396 INFO     Saving network params to trainNN/out/v043-unified:simple-ff-100-50-50/epoch-091.pkl
2017-01-24 07:42:05,593 INFO     epoch: 91 took 118.754s (83.300s in batching)
training loss:	0.575497
validation loss:	0.614494
validation error:	0.329190
2017-01-24 07:42:05,599 INFO     Wrote output to trainNN/out/v043-unified:simple-ff-100-50-50/config.json
2017-01-24 07:43:54,319 INFO     Saving network params to trainNN/out/v043-unified:simple-ff-100-50-50/epoch-092.pkl
2017-01-24 07:44:04,601 INFO     epoch: 92 took 119.008s (83.513s in batching)
training loss:	0.575374
validation loss:	0.613971
validation error:	0.329517
2017-01-24 07:44:04,606 INFO     Wrote output to trainNN/out/v043-unified:simple-ff-100-50-50/config.json
2017-01-24 07:45:53,664 INFO     Saving network params to trainNN/out/v043-unified:simple-ff-100-50-50/epoch-093.pkl
2017-01-24 07:46:03,933 INFO     epoch: 93 took 119.333s (83.741s in batching)
training loss:	0.575307
validation loss:	0.611851
validation error:	0.330384
2017-01-24 07:46:03,939 INFO     Wrote output to trainNN/out/v043-unified:simple-ff-100-50-50/config.json
2017-01-24 07:47:52,896 INFO     Saving network params to trainNN/out/v043-unified:simple-ff-100-50-50/epoch-094.pkl
2017-01-24 07:48:03,090 INFO     epoch: 94 took 119.156s (83.475s in batching)
training loss:	0.575296
validation loss:	0.616338
validation error:	0.329313
2017-01-24 07:48:03,096 INFO     Wrote output to trainNN/out/v043-unified:simple-ff-100-50-50/config.json
2017-01-24 07:49:51,943 INFO     Saving network params to trainNN/out/v043-unified:simple-ff-100-50-50/epoch-095.pkl
2017-01-24 07:50:02,262 INFO     epoch: 95 took 119.172s (83.529s in batching)
training loss:	0.575230
validation loss:	0.620040
validation error:	0.335891
2017-01-24 07:50:02,268 INFO     Wrote output to trainNN/out/v043-unified:simple-ff-100-50-50/config.json
2017-01-24 07:51:51,376 INFO     Saving network params to trainNN/out/v043-unified:simple-ff-100-50-50/epoch-096.pkl
2017-01-24 07:52:01,693 INFO     epoch: 96 took 119.432s (83.714s in batching)
training loss:	0.575280
validation loss:	0.615056
validation error:	0.332659
2017-01-24 07:52:01,699 INFO     Wrote output to trainNN/out/v043-unified:simple-ff-100-50-50/config.json
2017-01-24 07:53:50,925 INFO     Saving network params to trainNN/out/v043-unified:simple-ff-100-50-50/epoch-097.pkl
2017-01-24 07:54:01,208 INFO     epoch: 97 took 119.515s (83.738s in batching)
training loss:	0.575191
validation loss:	0.611471
validation error:	0.328753
2017-01-24 07:54:01,215 INFO     Wrote output to trainNN/out/v043-unified:simple-ff-100-50-50/config.json
2017-01-24 07:55:50,122 INFO     Saving network params to trainNN/out/v043-unified:simple-ff-100-50-50/epoch-098.pkl
2017-01-24 07:56:00,400 INFO     epoch: 98 took 119.191s (83.620s in batching)
training loss:	0.575061
validation loss:	0.611908
validation error:	0.330339
2017-01-24 07:56:00,407 INFO     Wrote output to trainNN/out/v043-unified:simple-ff-100-50-50/config.json
2017-01-24 07:57:49,182 INFO     Saving network params to trainNN/out/v043-unified:simple-ff-100-50-50/epoch-099.pkl
2017-01-24 07:57:59,493 INFO     epoch: 99 took 119.094s (83.519s in batching)
training loss:	0.575001
validation loss:	0.611652
validation error:	0.330850
2017-01-24 07:57:59,499 INFO     Wrote output to trainNN/out/v043-unified:simple-ff-100-50-50/config.json
2017-01-24 07:59:48,713 INFO     Saving network params to trainNN/out/v043-unified:simple-ff-100-50-50/epoch-100.pkl
2017-01-24 07:59:58,982 INFO     epoch: 100 took 119.489s (83.616s in batching)
training loss:	0.575172
validation loss:	0.612099
validation error:	0.330295
2017-01-24 07:59:58,989 INFO     Wrote output to trainNN/out/v043-unified:simple-ff-100-50-50/config.json
2017-01-24 08:01:48,158 INFO     Saving network params to trainNN/out/v043-unified:simple-ff-100-50-50/epoch-101.pkl
2017-01-24 08:01:58,373 INFO     epoch: 101 took 119.391s (83.766s in batching)
training loss:	0.575118
validation loss:	0.612699
validation error:	0.326577
2017-01-24 08:01:58,379 INFO     Wrote output to trainNN/out/v043-unified:simple-ff-100-50-50/config.json
2017-01-24 08:03:47,171 INFO     Saving network params to trainNN/out/v043-unified:simple-ff-100-50-50/epoch-102.pkl
2017-01-24 08:03:57,362 INFO     epoch: 102 took 118.989s (83.410s in batching)
training loss:	0.575068
validation loss:	0.610817
validation error:	0.331470
2017-01-24 08:03:57,369 INFO     Wrote output to trainNN/out/v043-unified:simple-ff-100-50-50/config.json
2017-01-24 08:05:46,541 INFO     Saving network params to trainNN/out/v043-unified:simple-ff-100-50-50/epoch-103.pkl
2017-01-24 08:05:56,844 INFO     epoch: 103 took 119.482s (83.655s in batching)
training loss:	0.575026
validation loss:	0.614634
validation error:	0.327831
2017-01-24 08:05:56,850 INFO     Wrote output to trainNN/out/v043-unified:simple-ff-100-50-50/config.json
2017-01-24 08:07:46,577 INFO     Saving network params to trainNN/out/v043-unified:simple-ff-100-50-50/epoch-104.pkl
2017-01-24 08:07:56,705 INFO     epoch: 104 took 119.861s (84.023s in batching)
training loss:	0.574987
validation loss:	0.619016
validation error:	0.329750
2017-01-24 08:07:56,711 INFO     Wrote output to trainNN/out/v043-unified:simple-ff-100-50-50/config.json
2017-01-24 08:09:43,474 INFO     Saving network params to trainNN/out/v043-unified:simple-ff-100-50-50/epoch-105.pkl
2017-01-24 08:09:53,470 INFO     epoch: 105 took 116.766s (82.962s in batching)
training loss:	0.574877
validation loss:	0.613711
validation error:	0.329279
2017-01-24 08:09:53,477 INFO     Wrote output to trainNN/out/v043-unified:simple-ff-100-50-50/config.json
2017-01-24 08:11:40,134 INFO     Saving network params to trainNN/out/v043-unified:simple-ff-100-50-50/epoch-106.pkl
2017-01-24 08:11:50,180 INFO     epoch: 106 took 116.709s (82.804s in batching)
training loss:	0.574786
validation loss:	0.612131
validation error:	0.328109
2017-01-24 08:11:50,186 INFO     Wrote output to trainNN/out/v043-unified:simple-ff-100-50-50/config.json
2017-01-24 08:13:37,060 INFO     Saving network params to trainNN/out/v043-unified:simple-ff-100-50-50/epoch-107.pkl
2017-01-24 08:13:47,151 INFO     epoch: 107 took 116.971s (83.115s in batching)
training loss:	0.575013
validation loss:	0.613852
validation error:	0.328347
2017-01-24 08:13:47,158 INFO     Wrote output to trainNN/out/v043-unified:simple-ff-100-50-50/config.json
2017-01-24 08:15:33,918 INFO     Saving network params to trainNN/out/v043-unified:simple-ff-100-50-50/epoch-108.pkl
2017-01-24 08:15:43,965 INFO     epoch: 108 took 116.814s (82.867s in batching)
training loss:	0.574833
validation loss:	0.619244
validation error:	0.334895
2017-01-24 08:15:43,971 INFO     Wrote output to trainNN/out/v043-unified:simple-ff-100-50-50/config.json
2017-01-24 08:17:30,730 INFO     Saving network params to trainNN/out/v043-unified:simple-ff-100-50-50/epoch-109.pkl
2017-01-24 08:17:40,834 INFO     epoch: 109 took 116.869s (82.847s in batching)
training loss:	0.574833
validation loss:	0.614291
validation error:	0.330999
2017-01-24 08:17:40,841 INFO     Wrote output to trainNN/out/v043-unified:simple-ff-100-50-50/config.json
2017-01-24 08:19:28,141 INFO     Saving network params to trainNN/out/v043-unified:simple-ff-100-50-50/epoch-110.pkl
2017-01-24 08:19:38,194 INFO     epoch: 110 took 117.360s (83.094s in batching)
training loss:	0.574745
validation loss:	0.611959
validation error:	0.327846
2017-01-24 08:19:38,200 INFO     Wrote output to trainNN/out/v043-unified:simple-ff-100-50-50/config.json
2017-01-24 08:21:25,235 INFO     Saving network params to trainNN/out/v043-unified:simple-ff-100-50-50/epoch-111.pkl
2017-01-24 08:21:35,270 INFO     epoch: 111 took 117.076s (83.019s in batching)
training loss:	0.574616
validation loss:	0.613451
validation error:	0.331499
2017-01-24 08:21:35,277 INFO     Wrote output to trainNN/out/v043-unified:simple-ff-100-50-50/config.json
2017-01-24 08:23:22,409 INFO     Saving network params to trainNN/out/v043-unified:simple-ff-100-50-50/epoch-112.pkl
2017-01-24 08:23:32,423 INFO     epoch: 112 took 117.153s (82.818s in batching)
training loss:	0.574858
validation loss:	0.613879
validation error:	0.329190
2017-01-24 08:23:32,430 INFO     Wrote output to trainNN/out/v043-unified:simple-ff-100-50-50/config.json
2017-01-24 08:25:20,485 INFO     Saving network params to trainNN/out/v043-unified:simple-ff-100-50-50/epoch-113.pkl
2017-01-24 08:25:30,538 INFO     epoch: 113 took 118.115s (83.450s in batching)
training loss:	0.574477
validation loss:	0.615256
validation error:	0.329854
2017-01-24 08:25:30,545 INFO     Wrote output to trainNN/out/v043-unified:simple-ff-100-50-50/config.json
2017-01-24 08:27:17,861 INFO     Saving network params to trainNN/out/v043-unified:simple-ff-100-50-50/epoch-114.pkl
2017-01-24 08:27:27,925 INFO     epoch: 114 took 117.386s (82.808s in batching)
training loss:	0.574743
validation loss:	0.612882
validation error:	0.331108
2017-01-24 08:27:27,931 INFO     Wrote output to trainNN/out/v043-unified:simple-ff-100-50-50/config.json
2017-01-24 08:29:15,494 INFO     Saving network params to trainNN/out/v043-unified:simple-ff-100-50-50/epoch-115.pkl
2017-01-24 08:29:25,648 INFO     epoch: 115 took 117.723s (82.945s in batching)
training loss:	0.574579
validation loss:	0.616032
validation error:	0.332976
2017-01-24 08:29:25,655 INFO     Wrote output to trainNN/out/v043-unified:simple-ff-100-50-50/config.json
2017-01-24 08:31:14,054 INFO     Saving network params to trainNN/out/v043-unified:simple-ff-100-50-50/epoch-116.pkl
2017-01-24 08:31:24,164 INFO     epoch: 116 took 118.516s (83.546s in batching)
training loss:	0.574702
validation loss:	0.611144
validation error:	0.328679
2017-01-24 08:31:24,171 INFO     Wrote output to trainNN/out/v043-unified:simple-ff-100-50-50/config.json
2017-01-24 08:33:12,484 INFO     Saving network params to trainNN/out/v043-unified:simple-ff-100-50-50/epoch-117.pkl
2017-01-24 08:33:22,733 INFO     epoch: 117 took 118.569s (83.635s in batching)
training loss:	0.574700
validation loss:	0.615445
validation error:	0.328327
2017-01-24 08:33:22,739 INFO     Wrote output to trainNN/out/v043-unified:simple-ff-100-50-50/config.json
2017-01-24 08:35:10,885 INFO     Saving network params to trainNN/out/v043-unified:simple-ff-100-50-50/epoch-118.pkl
2017-01-24 08:35:21,040 INFO     epoch: 118 took 118.306s (83.241s in batching)
training loss:	0.574544
validation loss:	0.613451
validation error:	0.327480
2017-01-24 08:35:21,046 INFO     Wrote output to trainNN/out/v043-unified:simple-ff-100-50-50/config.json
2017-01-24 08:37:10,231 INFO     Saving network params to trainNN/out/v043-unified:simple-ff-100-50-50/epoch-119.pkl
2017-01-24 08:37:20,479 INFO     epoch: 119 took 119.439s (83.628s in batching)
training loss:	0.574460
validation loss:	0.616876
validation error:	0.331831
2017-01-24 08:37:20,486 INFO     Wrote output to trainNN/out/v043-unified:simple-ff-100-50-50/config.json
2017-01-24 08:39:09,773 INFO     Saving network params to trainNN/out/v043-unified:simple-ff-100-50-50/epoch-120.pkl
2017-01-24 08:39:20,003 INFO     epoch: 120 took 119.524s (83.747s in batching)
training loss:	0.574402
validation loss:	0.612416
validation error:	0.327499
2017-01-24 08:39:20,010 INFO     Wrote output to trainNN/out/v043-unified:simple-ff-100-50-50/config.json
2017-01-24 08:41:09,431 INFO     Saving network params to trainNN/out/v043-unified:simple-ff-100-50-50/epoch-121.pkl
2017-01-24 08:41:19,857 INFO     epoch: 121 took 119.854s (83.611s in batching)
training loss:	0.574367
validation loss:	0.619392
validation error:	0.326895
2017-01-24 08:41:19,864 INFO     Wrote output to trainNN/out/v043-unified:simple-ff-100-50-50/config.json
2017-01-24 08:43:09,880 INFO     Saving network params to trainNN/out/v043-unified:simple-ff-100-50-50/epoch-122.pkl
2017-01-24 08:43:20,138 INFO     epoch: 122 took 120.282s (84.068s in batching)
training loss:	0.574492
validation loss:	0.616556
validation error:	0.331336
2017-01-24 08:43:20,145 INFO     Wrote output to trainNN/out/v043-unified:simple-ff-100-50-50/config.json
2017-01-24 08:45:09,999 INFO     Saving network params to trainNN/out/v043-unified:simple-ff-100-50-50/epoch-123.pkl
2017-01-24 08:45:20,327 INFO     epoch: 123 took 120.189s (84.163s in batching)
training loss:	0.574502
validation loss:	0.616443
validation error:	0.328421
2017-01-24 08:45:20,334 INFO     Wrote output to trainNN/out/v043-unified:simple-ff-100-50-50/config.json
2017-01-24 08:47:09,823 INFO     Saving network params to trainNN/out/v043-unified:simple-ff-100-50-50/epoch-124.pkl
2017-01-24 08:47:20,032 INFO     epoch: 124 took 119.705s (84.077s in batching)
training loss:	0.574398
validation loss:	0.617788
validation error:	0.329066
2017-01-24 08:47:20,039 INFO     Wrote output to trainNN/out/v043-unified:simple-ff-100-50-50/config.json
2017-01-24 08:49:09,398 INFO     Saving network params to trainNN/out/v043-unified:simple-ff-100-50-50/epoch-125.pkl
2017-01-24 08:49:19,657 INFO     epoch: 125 took 119.625s (83.953s in batching)
training loss:	0.574433
validation loss:	0.614407
validation error:	0.330548
2017-01-24 08:49:19,665 INFO     Wrote output to trainNN/out/v043-unified:simple-ff-100-50-50/config.json
2017-01-24 08:51:08,687 INFO     Saving network params to trainNN/out/v043-unified:simple-ff-100-50-50/epoch-126.pkl
2017-01-24 08:51:18,945 INFO     epoch: 126 took 119.288s (83.614s in batching)
training loss:	0.574438
validation loss:	0.612126
validation error:	0.327836
2017-01-24 08:51:18,953 INFO     Wrote output to trainNN/out/v043-unified:simple-ff-100-50-50/config.json
2017-01-24 08:53:08,177 INFO     Saving network params to trainNN/out/v043-unified:simple-ff-100-50-50/epoch-127.pkl
2017-01-24 08:53:18,445 INFO     epoch: 127 took 119.500s (83.784s in batching)
training loss:	0.574231
validation loss:	0.615474
validation error:	0.329710
2017-01-24 08:53:18,452 INFO     Wrote output to trainNN/out/v043-unified:simple-ff-100-50-50/config.json
2017-01-24 08:55:07,899 INFO     Saving network params to trainNN/out/v043-unified:simple-ff-100-50-50/epoch-128.pkl
2017-01-24 08:55:18,097 INFO     epoch: 128 took 119.653s (83.737s in batching)
training loss:	0.574376
validation loss:	0.614490
validation error:	0.328927
2017-01-24 08:55:18,105 INFO     Wrote output to trainNN/out/v043-unified:simple-ff-100-50-50/config.json
2017-01-24 08:57:07,088 INFO     Saving network params to trainNN/out/v043-unified:simple-ff-100-50-50/epoch-129.pkl
2017-01-24 08:57:17,335 INFO     epoch: 129 took 119.237s (83.662s in batching)
training loss:	0.574291
validation loss:	0.619204
validation error:	0.331038
2017-01-24 08:57:17,343 INFO     Wrote output to trainNN/out/v043-unified:simple-ff-100-50-50/config.json
2017-01-24 08:59:06,064 INFO     Saving network params to trainNN/out/v043-unified:simple-ff-100-50-50/epoch-130.pkl
2017-01-24 08:59:16,178 INFO     epoch: 130 took 118.843s (83.333s in batching)
training loss:	0.574162
validation loss:	0.615716
validation error:	0.328857
2017-01-24 08:59:16,185 INFO     Wrote output to trainNN/out/v043-unified:simple-ff-100-50-50/config.json
2017-01-24 09:01:05,663 INFO     Saving network params to trainNN/out/v043-unified:simple-ff-100-50-50/epoch-131.pkl
2017-01-24 09:01:16,010 INFO     epoch: 131 took 119.832s (83.902s in batching)
training loss:	0.574224
validation loss:	0.612393
validation error:	0.327906
2017-01-24 09:01:16,017 INFO     Wrote output to trainNN/out/v043-unified:simple-ff-100-50-50/config.json
2017-01-24 09:03:05,119 INFO     Saving network params to trainNN/out/v043-unified:simple-ff-100-50-50/epoch-132.pkl
2017-01-24 09:03:15,208 INFO     epoch: 132 took 119.198s (83.577s in batching)
training loss:	0.574113
validation loss:	0.614222
validation error:	0.329358
2017-01-24 09:03:15,215 INFO     Wrote output to trainNN/out/v043-unified:simple-ff-100-50-50/config.json
2017-01-24 09:05:04,370 INFO     Saving network params to trainNN/out/v043-unified:simple-ff-100-50-50/epoch-133.pkl
2017-01-24 09:05:14,637 INFO     epoch: 133 took 119.429s (83.462s in batching)
training loss:	0.574267
validation loss:	0.615541
validation error:	0.330131
2017-01-24 09:05:14,644 INFO     Wrote output to trainNN/out/v043-unified:simple-ff-100-50-50/config.json
2017-01-24 09:07:03,617 INFO     Saving network params to trainNN/out/v043-unified:simple-ff-100-50-50/epoch-134.pkl
2017-01-24 09:07:13,897 INFO     epoch: 134 took 119.260s (83.353s in batching)
training loss:	0.574094
validation loss:	0.618852
validation error:	0.327747
2017-01-24 09:07:13,905 INFO     Wrote output to trainNN/out/v043-unified:simple-ff-100-50-50/config.json
2017-01-24 09:09:02,981 INFO     Saving network params to trainNN/out/v043-unified:simple-ff-100-50-50/epoch-135.pkl
2017-01-24 09:09:13,359 INFO     epoch: 135 took 119.462s (83.359s in batching)
training loss:	0.574136
validation loss:	0.616560
validation error:	0.329313
2017-01-24 09:09:13,366 INFO     Wrote output to trainNN/out/v043-unified:simple-ff-100-50-50/config.json
2017-01-24 09:11:03,607 INFO     Saving network params to trainNN/out/v043-unified:simple-ff-100-50-50/epoch-136.pkl
2017-01-24 09:11:13,977 INFO     epoch: 136 took 120.619s (84.105s in batching)
training loss:	0.574066
validation loss:	0.615852
validation error:	0.331931
2017-01-24 09:11:13,985 INFO     Wrote output to trainNN/out/v043-unified:simple-ff-100-50-50/config.json
2017-01-24 09:13:03,430 INFO     Saving network params to trainNN/out/v043-unified:simple-ff-100-50-50/epoch-137.pkl
2017-01-24 09:13:13,762 INFO     epoch: 137 took 119.784s (83.417s in batching)
training loss:	0.574142
validation loss:	0.612982
validation error:	0.329997
2017-01-24 09:13:13,769 INFO     Wrote output to trainNN/out/v043-unified:simple-ff-100-50-50/config.json
2017-01-24 09:15:03,887 INFO     Saving network params to trainNN/out/v043-unified:simple-ff-100-50-50/epoch-138.pkl
2017-01-24 09:15:14,254 INFO     epoch: 138 took 120.492s (84.094s in batching)
training loss:	0.574098
validation loss:	0.615838
validation error:	0.329348
2017-01-24 09:15:14,261 INFO     Wrote output to trainNN/out/v043-unified:simple-ff-100-50-50/config.json
2017-01-24 09:17:04,136 INFO     Saving network params to trainNN/out/v043-unified:simple-ff-100-50-50/epoch-139.pkl
2017-01-24 09:17:14,479 INFO     epoch: 139 took 120.225s (84.056s in batching)
training loss:	0.574110
validation loss:	0.616727
validation error:	0.329373
2017-01-24 09:17:14,486 INFO     Wrote output to trainNN/out/v043-unified:simple-ff-100-50-50/config.json
2017-01-24 09:19:04,088 INFO     Saving network params to trainNN/out/v043-unified:simple-ff-100-50-50/epoch-140.pkl
2017-01-24 09:19:14,346 INFO     epoch: 140 took 119.867s (83.712s in batching)
training loss:	0.574099
validation loss:	0.619607
validation error:	0.326835
2017-01-24 09:19:14,353 INFO     Wrote output to trainNN/out/v043-unified:simple-ff-100-50-50/config.json
2017-01-24 09:21:03,964 INFO     Saving network params to trainNN/out/v043-unified:simple-ff-100-50-50/epoch-141.pkl
2017-01-24 09:21:14,221 INFO     epoch: 141 took 119.875s (83.578s in batching)
training loss:	0.573840
validation loss:	0.617485
validation error:	0.332758
2017-01-24 09:21:14,229 INFO     Wrote output to trainNN/out/v043-unified:simple-ff-100-50-50/config.json
2017-01-24 09:23:03,122 INFO     Saving network params to trainNN/out/v043-unified:simple-ff-100-50-50/epoch-142.pkl
2017-01-24 09:23:13,558 INFO     epoch: 142 took 119.338s (83.436s in batching)
training loss:	0.573973
validation loss:	0.613221
validation error:	0.330498
2017-01-24 09:23:13,566 INFO     Wrote output to trainNN/out/v043-unified:simple-ff-100-50-50/config.json
2017-01-24 09:25:02,964 INFO     Saving network params to trainNN/out/v043-unified:simple-ff-100-50-50/epoch-143.pkl
2017-01-24 09:25:13,092 INFO     epoch: 143 took 119.534s (84.109s in batching)
training loss:	0.573958
validation loss:	0.615139
validation error:	0.326082
2017-01-24 09:25:13,100 INFO     Wrote output to trainNN/out/v043-unified:simple-ff-100-50-50/config.json
2017-01-24 09:27:02,311 INFO     Saving network params to trainNN/out/v043-unified:simple-ff-100-50-50/epoch-144.pkl
2017-01-24 09:27:12,820 INFO     epoch: 144 took 119.728s (84.035s in batching)
training loss:	0.573905
validation loss:	0.616860
validation error:	0.329750
2017-01-24 09:27:12,829 INFO     Wrote output to trainNN/out/v043-unified:simple-ff-100-50-50/config.json
2017-01-24 09:29:02,129 INFO     Saving network params to trainNN/out/v043-unified:simple-ff-100-50-50/epoch-145.pkl
2017-01-24 09:29:12,445 INFO     epoch: 145 took 119.625s (84.134s in batching)
training loss:	0.573898
validation loss:	0.624673
validation error:	0.326830
2017-01-24 09:29:12,452 INFO     Wrote output to trainNN/out/v043-unified:simple-ff-100-50-50/config.json
2017-01-24 09:31:01,849 INFO     Saving network params to trainNN/out/v043-unified:simple-ff-100-50-50/epoch-146.pkl
2017-01-24 09:31:12,162 INFO     epoch: 146 took 119.718s (83.776s in batching)
training loss:	0.573803
validation loss:	0.612732
validation error:	0.331688
2017-01-24 09:31:12,170 INFO     Wrote output to trainNN/out/v043-unified:simple-ff-100-50-50/config.json
2017-01-24 09:33:00,309 INFO     Saving network params to trainNN/out/v043-unified:simple-ff-100-50-50/epoch-147.pkl
2017-01-24 09:33:10,471 INFO     epoch: 147 took 118.309s (83.429s in batching)
training loss:	0.573890
validation loss:	0.617092
validation error:	0.328917
2017-01-24 09:33:10,480 INFO     Wrote output to trainNN/out/v043-unified:simple-ff-100-50-50/config.json
2017-01-24 09:35:00,308 INFO     Saving network params to trainNN/out/v043-unified:simple-ff-100-50-50/epoch-148.pkl
2017-01-24 09:35:10,663 INFO     epoch: 148 took 120.192s (84.197s in batching)
training loss:	0.573747
validation loss:	0.614836
validation error:	0.330508
2017-01-24 09:35:10,671 INFO     Wrote output to trainNN/out/v043-unified:simple-ff-100-50-50/config.json
2017-01-24 09:36:59,213 INFO     Saving network params to trainNN/out/v043-unified:simple-ff-100-50-50/epoch-149.pkl
2017-01-24 09:37:09,522 INFO     epoch: 149 took 118.859s (83.541s in batching)
training loss:	0.573793
validation loss:	0.616843
validation error:	0.333700
2017-01-24 09:37:09,530 INFO     Wrote output to trainNN/out/v043-unified:simple-ff-100-50-50/config.json
2017-01-24 09:38:59,332 INFO     Saving network params to trainNN/out/v043-unified:simple-ff-100-50-50/epoch-150.pkl
2017-01-24 09:39:09,462 INFO     epoch: 150 took 119.939s (84.246s in batching)
training loss:	0.573743
validation loss:	0.618702
validation error:	0.330092
2017-01-24 09:39:09,469 INFO     Wrote output to trainNN/out/v043-unified:simple-ff-100-50-50/config.json
2017-01-24 09:40:58,604 INFO     Saving network params to trainNN/out/v043-unified:simple-ff-100-50-50/epoch-151.pkl
2017-01-24 09:41:09,081 INFO     epoch: 151 took 119.619s (83.630s in batching)
training loss:	0.573858
validation loss:	0.616584
validation error:	0.329219
2017-01-24 09:41:09,089 INFO     Wrote output to trainNN/out/v043-unified:simple-ff-100-50-50/config.json
2017-01-24 09:42:58,173 INFO     Saving network params to trainNN/out/v043-unified:simple-ff-100-50-50/epoch-152.pkl
2017-01-24 09:43:08,420 INFO     epoch: 152 took 119.339s (83.605s in batching)
training loss:	0.573743
validation loss:	0.613525
validation error:	0.326439
2017-01-24 09:43:08,428 INFO     Wrote output to trainNN/out/v043-unified:simple-ff-100-50-50/config.json
2017-01-24 09:44:57,748 INFO     Saving network params to trainNN/out/v043-unified:simple-ff-100-50-50/epoch-153.pkl
2017-01-24 09:45:07,911 INFO     epoch: 153 took 119.491s (83.500s in batching)
training loss:	0.573774
validation loss:	0.615462
validation error:	0.330042
2017-01-24 09:45:07,919 INFO     Wrote output to trainNN/out/v043-unified:simple-ff-100-50-50/config.json
2017-01-24 09:46:56,836 INFO     Saving network params to trainNN/out/v043-unified:simple-ff-100-50-50/epoch-154.pkl
2017-01-24 09:47:07,087 INFO     epoch: 154 took 119.176s (83.229s in batching)
training loss:	0.573762
validation loss:	0.617405
validation error:	0.332416
2017-01-24 09:47:07,096 INFO     Wrote output to trainNN/out/v043-unified:simple-ff-100-50-50/config.json
2017-01-24 09:48:55,924 INFO     Saving network params to trainNN/out/v043-unified:simple-ff-100-50-50/epoch-155.pkl
2017-01-24 09:49:06,172 INFO     epoch: 155 took 119.085s (83.259s in batching)
training loss:	0.573685
validation loss:	0.621065
validation error:	0.333893
2017-01-24 09:49:06,180 INFO     Wrote output to trainNN/out/v043-unified:simple-ff-100-50-50/config.json
2017-01-24 09:50:55,292 INFO     Saving network params to trainNN/out/v043-unified:simple-ff-100-50-50/epoch-156.pkl
2017-01-24 09:51:05,686 INFO     epoch: 156 took 119.514s (83.467s in batching)
training loss:	0.573748
validation loss:	0.615124
validation error:	0.329581
2017-01-24 09:51:05,694 INFO     Wrote output to trainNN/out/v043-unified:simple-ff-100-50-50/config.json
2017-01-24 09:52:54,788 INFO     Saving network params to trainNN/out/v043-unified:simple-ff-100-50-50/epoch-157.pkl
2017-01-24 09:53:05,077 INFO     epoch: 157 took 119.391s (83.455s in batching)
training loss:	0.573851
validation loss:	0.616842
validation error:	0.326498
2017-01-24 09:53:05,085 INFO     Wrote output to trainNN/out/v043-unified:simple-ff-100-50-50/config.json
2017-01-24 09:54:54,464 INFO     Saving network params to trainNN/out/v043-unified:simple-ff-100-50-50/epoch-158.pkl
2017-01-24 09:55:04,622 INFO     epoch: 158 took 119.545s (83.330s in batching)
training loss:	0.573720
validation loss:	0.626427
validation error:	0.331227
2017-01-24 09:55:04,630 INFO     Wrote output to trainNN/out/v043-unified:simple-ff-100-50-50/config.json
2017-01-24 09:56:53,887 INFO     Saving network params to trainNN/out/v043-unified:simple-ff-100-50-50/epoch-159.pkl
2017-01-24 09:57:04,178 INFO     epoch: 159 took 119.556s (83.344s in batching)
training loss:	0.573708
validation loss:	0.613824
validation error:	0.328238
2017-01-24 09:57:04,186 INFO     Wrote output to trainNN/out/v043-unified:simple-ff-100-50-50/config.json
2017-01-24 09:58:53,582 INFO     Saving network params to trainNN/out/v043-unified:simple-ff-100-50-50/epoch-160.pkl
2017-01-24 09:59:03,836 INFO     epoch: 160 took 119.658s (83.498s in batching)
training loss:	0.573619
validation loss:	0.612572
validation error:	0.326622
2017-01-24 09:59:03,844 INFO     Wrote output to trainNN/out/v043-unified:simple-ff-100-50-50/config.json
2017-01-24 10:00:53,300 INFO     Saving network params to trainNN/out/v043-unified:simple-ff-100-50-50/epoch-161.pkl
2017-01-24 10:01:03,650 INFO     epoch: 161 took 119.814s (83.624s in batching)
training loss:	0.573545
validation loss:	0.616652
validation error:	0.330181
2017-01-24 10:01:03,659 INFO     Wrote output to trainNN/out/v043-unified:simple-ff-100-50-50/config.json
2017-01-24 10:02:53,752 INFO     Saving network params to trainNN/out/v043-unified:simple-ff-100-50-50/epoch-162.pkl
2017-01-24 10:03:04,140 INFO     epoch: 162 took 120.490s (84.273s in batching)
training loss:	0.573547
validation loss:	0.614039
validation error:	0.327975
2017-01-24 10:03:04,148 INFO     Wrote output to trainNN/out/v043-unified:simple-ff-100-50-50/config.json
2017-01-24 10:04:53,478 INFO     Saving network params to trainNN/out/v043-unified:simple-ff-100-50-50/epoch-163.pkl
2017-01-24 10:05:03,895 INFO     epoch: 163 took 119.756s (83.454s in batching)
training loss:	0.573504
validation loss:	0.613186
validation error:	0.327068
2017-01-24 10:05:03,904 INFO     Wrote output to trainNN/out/v043-unified:simple-ff-100-50-50/config.json
2017-01-24 10:06:53,469 INFO     Saving network params to trainNN/out/v043-unified:simple-ff-100-50-50/epoch-164.pkl
2017-01-24 10:07:03,856 INFO     epoch: 164 took 119.961s (83.793s in batching)
training loss:	0.573449
validation loss:	0.617210
validation error:	0.330007
2017-01-24 10:07:03,865 INFO     Wrote output to trainNN/out/v043-unified:simple-ff-100-50-50/config.json
2017-01-24 10:08:54,300 INFO     Saving network params to trainNN/out/v043-unified:simple-ff-100-50-50/epoch-165.pkl
2017-01-24 10:09:04,570 INFO     epoch: 165 took 120.714s (84.339s in batching)
training loss:	0.573508
validation loss:	0.616671
validation error:	0.330468
2017-01-24 10:09:04,579 INFO     Wrote output to trainNN/out/v043-unified:simple-ff-100-50-50/config.json
2017-01-24 10:10:54,619 INFO     Saving network params to trainNN/out/v043-unified:simple-ff-100-50-50/epoch-166.pkl
2017-01-24 10:11:05,033 INFO     epoch: 166 took 120.463s (84.208s in batching)
training loss:	0.573482
validation loss:	0.620164
validation error:	0.329294
2017-01-24 10:11:05,042 INFO     Wrote output to trainNN/out/v043-unified:simple-ff-100-50-50/config.json
2017-01-24 10:12:55,825 INFO     Saving network params to trainNN/out/v043-unified:simple-ff-100-50-50/epoch-167.pkl
2017-01-24 10:13:06,304 INFO     epoch: 167 took 121.271s (84.541s in batching)
training loss:	0.573538
validation loss:	0.615671
validation error:	0.329130
2017-01-24 10:13:06,312 INFO     Wrote output to trainNN/out/v043-unified:simple-ff-100-50-50/config.json
2017-01-24 10:14:56,289 INFO     Saving network params to trainNN/out/v043-unified:simple-ff-100-50-50/epoch-168.pkl
2017-01-24 10:15:06,558 INFO     epoch: 168 took 120.254s (83.940s in batching)
training loss:	0.573532
validation loss:	0.617951
validation error:	0.327911
2017-01-24 10:15:06,567 INFO     Wrote output to trainNN/out/v043-unified:simple-ff-100-50-50/config.json
2017-01-24 10:16:56,910 INFO     Saving network params to trainNN/out/v043-unified:simple-ff-100-50-50/epoch-169.pkl
2017-01-24 10:17:07,205 INFO     epoch: 169 took 120.647s (84.032s in batching)
training loss:	0.573503
validation loss:	0.615476
validation error:	0.328644
2017-01-24 10:17:07,214 INFO     Wrote output to trainNN/out/v043-unified:simple-ff-100-50-50/config.json
2017-01-24 10:18:57,547 INFO     Saving network params to trainNN/out/v043-unified:simple-ff-100-50-50/epoch-170.pkl
2017-01-24 10:19:07,851 INFO     epoch: 170 took 120.646s (84.332s in batching)
training loss:	0.573517
validation loss:	0.629096
validation error:	0.331792
2017-01-24 10:19:07,859 INFO     Wrote output to trainNN/out/v043-unified:simple-ff-100-50-50/config.json
2017-01-24 10:20:57,699 INFO     Saving network params to trainNN/out/v043-unified:simple-ff-100-50-50/epoch-171.pkl
2017-01-24 10:21:08,009 INFO     epoch: 171 took 120.158s (83.966s in batching)
training loss:	0.573431
validation loss:	0.615829
validation error:	0.332030
2017-01-24 10:21:08,017 INFO     Wrote output to trainNN/out/v043-unified:simple-ff-100-50-50/config.json
2017-01-24 10:22:58,249 INFO     Saving network params to trainNN/out/v043-unified:simple-ff-100-50-50/epoch-172.pkl
2017-01-24 10:23:08,619 INFO     epoch: 172 took 120.610s (84.285s in batching)
training loss:	0.573435
validation loss:	0.615858
validation error:	0.329388
2017-01-24 10:23:08,628 INFO     Wrote output to trainNN/out/v043-unified:simple-ff-100-50-50/config.json
2017-01-24 10:24:59,076 INFO     Saving network params to trainNN/out/v043-unified:simple-ff-100-50-50/epoch-173.pkl
2017-01-24 10:25:09,368 INFO     epoch: 173 took 120.749s (84.463s in batching)
training loss:	0.573335
validation loss:	0.613872
validation error:	0.327598
2017-01-24 10:25:09,377 INFO     Wrote output to trainNN/out/v043-unified:simple-ff-100-50-50/config.json
2017-01-24 10:27:00,120 INFO     Saving network params to trainNN/out/v043-unified:simple-ff-100-50-50/epoch-174.pkl
2017-01-24 10:27:10,512 INFO     epoch: 174 took 121.143s (84.626s in batching)
training loss:	0.573389
validation loss:	0.615460
validation error:	0.328089
2017-01-24 10:27:10,521 INFO     Wrote output to trainNN/out/v043-unified:simple-ff-100-50-50/config.json
2017-01-24 10:29:01,416 INFO     Saving network params to trainNN/out/v043-unified:simple-ff-100-50-50/epoch-175.pkl
2017-01-24 10:29:11,789 INFO     epoch: 175 took 121.278s (84.637s in batching)
training loss:	0.573494
validation loss:	0.613322
validation error:	0.328679
2017-01-24 10:29:11,798 INFO     Wrote output to trainNN/out/v043-unified:simple-ff-100-50-50/config.json
2017-01-24 10:31:02,111 INFO     Saving network params to trainNN/out/v043-unified:simple-ff-100-50-50/epoch-176.pkl
2017-01-24 10:31:12,507 INFO     epoch: 176 took 120.718s (84.291s in batching)
training loss:	0.573378
validation loss:	0.616858
validation error:	0.327242
2017-01-24 10:31:12,516 INFO     Wrote output to trainNN/out/v043-unified:simple-ff-100-50-50/config.json
2017-01-24 10:33:02,629 INFO     Saving network params to trainNN/out/v043-unified:simple-ff-100-50-50/epoch-177.pkl
2017-01-24 10:33:12,889 INFO     epoch: 177 took 120.381s (84.032s in batching)
training loss:	0.573449
validation loss:	0.616350
validation error:	0.327762
2017-01-24 10:33:12,897 INFO     Wrote output to trainNN/out/v043-unified:simple-ff-100-50-50/config.json
2017-01-24 10:35:03,104 INFO     Saving network params to trainNN/out/v043-unified:simple-ff-100-50-50/epoch-178.pkl
2017-01-24 10:35:13,516 INFO     epoch: 178 took 120.627s (83.996s in batching)
training loss:	0.573451
validation loss:	0.615956
validation error:	0.332030
2017-01-24 10:35:13,525 INFO     Wrote output to trainNN/out/v043-unified:simple-ff-100-50-50/config.json
2017-01-24 10:37:03,274 INFO     Saving network params to trainNN/out/v043-unified:simple-ff-100-50-50/epoch-179.pkl
2017-01-24 10:37:13,662 INFO     epoch: 179 took 120.146s (83.749s in batching)
training loss:	0.573381
validation loss:	0.613996
validation error:	0.330404
2017-01-24 10:37:13,670 INFO     Wrote output to trainNN/out/v043-unified:simple-ff-100-50-50/config.json
2017-01-24 10:39:04,109 INFO     Saving network params to trainNN/out/v043-unified:simple-ff-100-50-50/epoch-180.pkl
2017-01-24 10:39:14,551 INFO     epoch: 180 took 120.890s (84.271s in batching)
training loss:	0.573300
validation loss:	0.613572
validation error:	0.331891
2017-01-24 10:39:14,560 INFO     Wrote output to trainNN/out/v043-unified:simple-ff-100-50-50/config.json
2017-01-24 10:41:04,889 INFO     Saving network params to trainNN/out/v043-unified:simple-ff-100-50-50/epoch-181.pkl
2017-01-24 10:41:15,238 INFO     epoch: 181 took 120.686s (84.330s in batching)
training loss:	0.573457
validation loss:	0.612425
validation error:	0.329234
2017-01-24 10:41:15,246 INFO     Wrote output to trainNN/out/v043-unified:simple-ff-100-50-50/config.json
2017-01-24 10:43:05,513 INFO     Saving network params to trainNN/out/v043-unified:simple-ff-100-50-50/epoch-182.pkl
2017-01-24 10:43:15,916 INFO     epoch: 182 took 120.679s (84.154s in batching)
training loss:	0.573308
validation loss:	0.616706
validation error:	0.329844
2017-01-24 10:43:15,926 INFO     Wrote output to trainNN/out/v043-unified:simple-ff-100-50-50/config.json
2017-01-24 10:45:05,986 INFO     Saving network params to trainNN/out/v043-unified:simple-ff-100-50-50/epoch-183.pkl
2017-01-24 10:45:16,274 INFO     epoch: 183 took 120.358s (83.984s in batching)
training loss:	0.573189
validation loss:	0.625703
validation error:	0.330652
2017-01-24 10:45:16,283 INFO     Wrote output to trainNN/out/v043-unified:simple-ff-100-50-50/config.json
2017-01-24 10:47:05,501 INFO     Saving network params to trainNN/out/v043-unified:simple-ff-100-50-50/epoch-184.pkl
2017-01-24 10:47:15,619 INFO     epoch: 184 took 119.345s (83.851s in batching)
training loss:	0.573350
validation loss:	0.624240
validation error:	0.332793
2017-01-24 10:47:15,629 INFO     Wrote output to trainNN/out/v043-unified:simple-ff-100-50-50/config.json
2017-01-24 10:49:03,863 INFO     Saving network params to trainNN/out/v043-unified:simple-ff-100-50-50/epoch-185.pkl
2017-01-24 10:49:14,397 INFO     epoch: 185 took 118.777s (83.343s in batching)
training loss:	0.573074
validation loss:	0.619398
validation error:	0.334225
2017-01-24 10:49:14,407 INFO     Wrote output to trainNN/out/v043-unified:simple-ff-100-50-50/config.json
2017-01-24 10:51:03,159 INFO     Saving network params to trainNN/out/v043-unified:simple-ff-100-50-50/epoch-186.pkl
2017-01-24 10:51:13,324 INFO     epoch: 186 took 118.927s (84.010s in batching)
training loss:	0.573147
validation loss:	0.617869
validation error:	0.328724
2017-01-24 10:51:13,333 INFO     Wrote output to trainNN/out/v043-unified:simple-ff-100-50-50/config.json
2017-01-24 10:53:01,165 INFO     Saving network params to trainNN/out/v043-unified:simple-ff-100-50-50/epoch-187.pkl
2017-01-24 10:53:11,753 INFO     epoch: 187 took 118.429s (83.357s in batching)
training loss:	0.573216
validation loss:	0.626882
validation error:	0.331831
2017-01-24 10:53:11,762 INFO     Wrote output to trainNN/out/v043-unified:simple-ff-100-50-50/config.json
2017-01-24 10:55:01,319 INFO     Saving network params to trainNN/out/v043-unified:simple-ff-100-50-50/epoch-188.pkl
2017-01-24 10:55:11,492 INFO     epoch: 188 took 119.739s (84.405s in batching)
training loss:	0.573181
validation loss:	0.615908
validation error:	0.331708
2017-01-24 10:55:11,501 INFO     Wrote output to trainNN/out/v043-unified:simple-ff-100-50-50/config.json
2017-01-24 10:56:59,971 INFO     Saving network params to trainNN/out/v043-unified:simple-ff-100-50-50/epoch-189.pkl
2017-01-24 10:57:10,236 INFO     epoch: 189 took 118.744s (83.585s in batching)
training loss:	0.573207
validation loss:	0.616780
validation error:	0.330344
2017-01-24 10:57:10,246 INFO     Wrote output to trainNN/out/v043-unified:simple-ff-100-50-50/config.json
2017-01-24 10:59:00,537 INFO     Saving network params to trainNN/out/v043-unified:simple-ff-100-50-50/epoch-190.pkl
2017-01-24 10:59:10,705 INFO     epoch: 190 took 120.469s (84.456s in batching)
training loss:	0.573172
validation loss:	0.615679
validation error:	0.332699
2017-01-24 10:59:10,714 INFO     Wrote output to trainNN/out/v043-unified:simple-ff-100-50-50/config.json
2017-01-24 11:01:00,939 INFO     Saving network params to trainNN/out/v043-unified:simple-ff-100-50-50/epoch-191.pkl
2017-01-24 11:01:11,489 INFO     epoch: 191 took 120.784s (84.433s in batching)
training loss:	0.573218
validation loss:	0.616683
validation error:	0.333185
2017-01-24 11:01:11,499 INFO     Wrote output to trainNN/out/v043-unified:simple-ff-100-50-50/config.json
2017-01-24 11:03:01,336 INFO     Saving network params to trainNN/out/v043-unified:simple-ff-100-50-50/epoch-192.pkl
2017-01-24 11:03:11,612 INFO     epoch: 192 took 120.123s (84.235s in batching)
training loss:	0.573240
validation loss:	0.614041
validation error:	0.327906
2017-01-24 11:03:11,622 INFO     Wrote output to trainNN/out/v043-unified:simple-ff-100-50-50/config.json
2017-01-24 11:05:02,456 INFO     Saving network params to trainNN/out/v043-unified:simple-ff-100-50-50/epoch-193.pkl
2017-01-24 11:05:12,630 INFO     epoch: 193 took 121.018s (84.761s in batching)
training loss:	0.573042
validation loss:	0.615840
validation error:	0.330359
2017-01-24 11:05:12,639 INFO     Wrote output to trainNN/out/v043-unified:simple-ff-100-50-50/config.json
2017-01-24 11:07:02,028 INFO     Saving network params to trainNN/out/v043-unified:simple-ff-100-50-50/epoch-194.pkl
2017-01-24 11:07:12,333 INFO     epoch: 194 took 119.704s (84.063s in batching)
training loss:	0.573233
validation loss:	0.616126
validation error:	0.334394
2017-01-24 11:07:12,343 INFO     Wrote output to trainNN/out/v043-unified:simple-ff-100-50-50/config.json
2017-01-24 11:09:01,099 INFO     Saving network params to trainNN/out/v043-unified:simple-ff-100-50-50/epoch-195.pkl
2017-01-24 11:09:11,236 INFO     epoch: 195 took 118.902s (84.131s in batching)
training loss:	0.573029
validation loss:	0.623582
validation error:	0.327668
2017-01-24 11:09:11,245 INFO     Wrote output to trainNN/out/v043-unified:simple-ff-100-50-50/config.json
2017-01-24 11:10:59,284 INFO     Saving network params to trainNN/out/v043-unified:simple-ff-100-50-50/epoch-196.pkl
2017-01-24 11:11:09,295 INFO     epoch: 196 took 118.059s (83.471s in batching)
training loss:	0.573293
validation loss:	0.619727
validation error:	0.330141
2017-01-24 11:11:09,304 INFO     Wrote output to trainNN/out/v043-unified:simple-ff-100-50-50/config.json
2017-01-24 11:12:58,092 INFO     Saving network params to trainNN/out/v043-unified:simple-ff-100-50-50/epoch-197.pkl
2017-01-24 11:13:08,176 INFO     epoch: 197 took 118.882s (84.151s in batching)
training loss:	0.573179
validation loss:	0.625796
validation error:	0.333289
2017-01-24 11:13:08,185 INFO     Wrote output to trainNN/out/v043-unified:simple-ff-100-50-50/config.json
2017-01-24 11:14:57,061 INFO     Saving network params to trainNN/out/v043-unified:simple-ff-100-50-50/epoch-198.pkl
2017-01-24 11:15:07,270 INFO     epoch: 198 took 119.094s (84.209s in batching)
training loss:	0.573145
validation loss:	0.615414
validation error:	0.328793
2017-01-24 11:15:07,279 INFO     Wrote output to trainNN/out/v043-unified:simple-ff-100-50-50/config.json
2017-01-24 11:16:56,000 INFO     Saving network params to trainNN/out/v043-unified:simple-ff-100-50-50/epoch-199.pkl
2017-01-24 11:17:06,279 INFO     epoch: 199 took 119.009s (84.031s in batching)
training loss:	0.572997
validation loss:	0.612971
validation error:	0.328129
2017-01-24 11:17:06,289 INFO     Wrote output to trainNN/out/v043-unified:simple-ff-100-50-50/config.json
