2017-02-12 12:50:05,726 DEBUG    version=v050-finunified-11-g82e53b5-dirty:lstm-best-features-power
2017-02-12 12:50:11,121 DEBUG    extracting and saving data
2017-02-12 12:52:15,837 DEBUG    set input dim to 1
2017-02-12 12:52:15,837 DEBUG    input dim = 1
2017-02-12 12:52:15,846 DEBUG    shuffling batches
2017-02-12 12:52:19,068 DEBUG    shuffling done
2017-02-12 12:52:19,068 DEBUG    loading data into ram
2017-02-12 12:52:20,050 DEBUG    loading data took 0.982s (cpu: 0.982s)
2017-02-12 12:52:20,479 DEBUG    set input dim to 1
2017-02-12 12:52:20,479 DEBUG    input dim = 1
2017-02-12 12:52:20,502 DEBUG    shuffling batches
2017-02-12 12:52:20,808 DEBUG    shuffling done
2017-02-12 12:52:20,808 DEBUG    loading data into ram
2017-02-12 12:52:20,908 DEBUG    loading data took 0.100s (cpu: 0.100s)
2017-02-12 12:52:21,147 DEBUG    Applying L2 regularization with 0.000100
2017-02-12 12:52:21,342 INFO     Training network with 35387 trainable out of 35597 total params.
2017-02-12 12:52:22,824 DEBUG    Using adam with learning_rate=0.001000
2017-02-12 12:53:22,907 DEBUG    Starting training...
2017-02-12 12:53:54,979 INFO     Saving network params to trainNN/out/v050-finunified-11-g82e53b5-dirty:lstm-best-features-power/epoch-000.pkl
2017-02-12 12:53:55,565 INFO     epoch: 0 took 32.658s (0.002s in batching)
training loss:	0.617354
validation loss:	0.587220
validation error:	0.310100
2017-02-12 12:53:55,573 INFO     Wrote output to trainNN/out/v050-finunified-11-g82e53b5-dirty:lstm-best-features-power/config.json
2017-02-12 12:54:30,292 INFO     Saving network params to trainNN/out/v050-finunified-11-g82e53b5-dirty:lstm-best-features-power/epoch-001.pkl
2017-02-12 12:54:31,370 INFO     epoch: 1 took 35.805s (0.002s in batching)
training loss:	0.595791
validation loss:	0.585101
validation error:	0.309200
2017-02-12 12:54:31,375 INFO     Wrote output to trainNN/out/v050-finunified-11-g82e53b5-dirty:lstm-best-features-power/config.json
2017-02-12 12:55:02,972 INFO     Saving network params to trainNN/out/v050-finunified-11-g82e53b5-dirty:lstm-best-features-power/epoch-002.pkl
2017-02-12 12:55:04,264 INFO     epoch: 2 took 32.895s (0.002s in batching)
training loss:	0.590413
validation loss:	0.580411
validation error:	0.306200
2017-02-12 12:55:04,270 INFO     Wrote output to trainNN/out/v050-finunified-11-g82e53b5-dirty:lstm-best-features-power/config.json
2017-02-12 12:55:41,258 INFO     Saving network params to trainNN/out/v050-finunified-11-g82e53b5-dirty:lstm-best-features-power/epoch-003.pkl
2017-02-12 12:55:42,591 INFO     epoch: 3 took 38.327s (0.002s in batching)
training loss:	0.586571
validation loss:	0.576761
validation error:	0.302000
2017-02-12 12:55:42,597 INFO     Wrote output to trainNN/out/v050-finunified-11-g82e53b5-dirty:lstm-best-features-power/config.json
2017-02-12 12:56:14,988 INFO     Saving network params to trainNN/out/v050-finunified-11-g82e53b5-dirty:lstm-best-features-power/epoch-004.pkl
2017-02-12 12:56:15,559 INFO     epoch: 4 took 32.968s (0.002s in batching)
training loss:	0.584349
validation loss:	0.573018
validation error:	0.300900
2017-02-12 12:56:15,566 INFO     Wrote output to trainNN/out/v050-finunified-11-g82e53b5-dirty:lstm-best-features-power/config.json
2017-02-12 12:56:46,035 INFO     Saving network params to trainNN/out/v050-finunified-11-g82e53b5-dirty:lstm-best-features-power/epoch-005.pkl
2017-02-12 12:56:46,836 INFO     epoch: 5 took 31.277s (0.002s in batching)
training loss:	0.582220
validation loss:	0.573159
validation error:	0.300600
2017-02-12 12:56:46,843 INFO     Wrote output to trainNN/out/v050-finunified-11-g82e53b5-dirty:lstm-best-features-power/config.json
2017-02-12 12:57:24,220 INFO     Saving network params to trainNN/out/v050-finunified-11-g82e53b5-dirty:lstm-best-features-power/epoch-006.pkl
2017-02-12 12:57:25,520 INFO     epoch: 6 took 38.684s (0.002s in batching)
training loss:	0.580091
validation loss:	0.571248
validation error:	0.297800
2017-02-12 12:57:25,527 INFO     Wrote output to trainNN/out/v050-finunified-11-g82e53b5-dirty:lstm-best-features-power/config.json
2017-02-12 12:58:02,808 INFO     Saving network params to trainNN/out/v050-finunified-11-g82e53b5-dirty:lstm-best-features-power/epoch-007.pkl
2017-02-12 12:58:03,961 INFO     epoch: 7 took 38.441s (0.002s in batching)
training loss:	0.578322
validation loss:	0.567695
validation error:	0.295100
2017-02-12 12:58:03,968 INFO     Wrote output to trainNN/out/v050-finunified-11-g82e53b5-dirty:lstm-best-features-power/config.json
2017-02-12 12:58:37,245 INFO     Saving network params to trainNN/out/v050-finunified-11-g82e53b5-dirty:lstm-best-features-power/epoch-008.pkl
2017-02-12 12:58:37,812 INFO     epoch: 8 took 33.851s (0.002s in batching)
training loss:	0.576571
validation loss:	0.565450
validation error:	0.295200
2017-02-12 12:58:37,819 INFO     Wrote output to trainNN/out/v050-finunified-11-g82e53b5-dirty:lstm-best-features-power/config.json
2017-02-12 12:59:13,414 INFO     Saving network params to trainNN/out/v050-finunified-11-g82e53b5-dirty:lstm-best-features-power/epoch-009.pkl
2017-02-12 12:59:14,707 INFO     epoch: 9 took 36.895s (0.002s in batching)
training loss:	0.574557
validation loss:	0.564633
validation error:	0.291600
2017-02-12 12:59:14,714 INFO     Wrote output to trainNN/out/v050-finunified-11-g82e53b5-dirty:lstm-best-features-power/config.json
2017-02-12 12:59:46,183 INFO     Saving network params to trainNN/out/v050-finunified-11-g82e53b5-dirty:lstm-best-features-power/epoch-010.pkl
2017-02-12 12:59:46,762 INFO     epoch: 10 took 32.055s (0.002s in batching)
training loss:	0.572060
validation loss:	0.568190
validation error:	0.290300
2017-02-12 12:59:46,769 INFO     Wrote output to trainNN/out/v050-finunified-11-g82e53b5-dirty:lstm-best-features-power/config.json
2017-02-12 13:00:24,369 INFO     Saving network params to trainNN/out/v050-finunified-11-g82e53b5-dirty:lstm-best-features-power/epoch-011.pkl
2017-02-12 13:00:25,905 INFO     epoch: 11 took 39.143s (0.002s in batching)
training loss:	0.570488
validation loss:	0.561824
validation error:	0.287900
2017-02-12 13:00:25,913 INFO     Wrote output to trainNN/out/v050-finunified-11-g82e53b5-dirty:lstm-best-features-power/config.json
2017-02-12 13:01:03,413 INFO     Saving network params to trainNN/out/v050-finunified-11-g82e53b5-dirty:lstm-best-features-power/epoch-012.pkl
2017-02-12 13:01:06,663 INFO     epoch: 12 took 40.758s (0.002s in batching)
training loss:	0.568159
validation loss:	0.557699
validation error:	0.284500
2017-02-12 13:01:06,672 INFO     Wrote output to trainNN/out/v050-finunified-11-g82e53b5-dirty:lstm-best-features-power/config.json
2017-02-12 13:01:44,724 INFO     Saving network params to trainNN/out/v050-finunified-11-g82e53b5-dirty:lstm-best-features-power/epoch-013.pkl
2017-02-12 13:01:45,845 INFO     epoch: 13 took 39.182s (0.002s in batching)
training loss:	0.566354
validation loss:	0.559202
validation error:	0.283100
2017-02-12 13:01:45,853 INFO     Wrote output to trainNN/out/v050-finunified-11-g82e53b5-dirty:lstm-best-features-power/config.json
2017-02-12 13:02:23,159 INFO     Saving network params to trainNN/out/v050-finunified-11-g82e53b5-dirty:lstm-best-features-power/epoch-014.pkl
2017-02-12 13:02:24,931 INFO     epoch: 14 took 39.086s (0.002s in batching)
training loss:	0.564722
validation loss:	0.555040
validation error:	0.280500
2017-02-12 13:02:24,941 INFO     Wrote output to trainNN/out/v050-finunified-11-g82e53b5-dirty:lstm-best-features-power/config.json
2017-02-12 13:03:02,563 INFO     Saving network params to trainNN/out/v050-finunified-11-g82e53b5-dirty:lstm-best-features-power/epoch-015.pkl
2017-02-12 13:03:03,336 INFO     epoch: 15 took 38.405s (0.002s in batching)
training loss:	0.563907
validation loss:	0.555924
validation error:	0.281100
2017-02-12 13:03:03,344 INFO     Wrote output to trainNN/out/v050-finunified-11-g82e53b5-dirty:lstm-best-features-power/config.json
2017-02-12 13:03:40,877 INFO     Saving network params to trainNN/out/v050-finunified-11-g82e53b5-dirty:lstm-best-features-power/epoch-016.pkl
2017-02-12 13:03:41,807 INFO     epoch: 16 took 38.471s (0.002s in batching)
training loss:	0.562912
validation loss:	0.553297
validation error:	0.281000
2017-02-12 13:03:41,816 INFO     Wrote output to trainNN/out/v050-finunified-11-g82e53b5-dirty:lstm-best-features-power/config.json
2017-02-12 13:04:13,911 INFO     Saving network params to trainNN/out/v050-finunified-11-g82e53b5-dirty:lstm-best-features-power/epoch-017.pkl
2017-02-12 13:04:15,472 INFO     epoch: 17 took 33.665s (0.002s in batching)
training loss:	0.561787
validation loss:	0.556768
validation error:	0.283100
2017-02-12 13:04:15,481 INFO     Wrote output to trainNN/out/v050-finunified-11-g82e53b5-dirty:lstm-best-features-power/config.json
2017-02-12 13:04:52,974 INFO     Saving network params to trainNN/out/v050-finunified-11-g82e53b5-dirty:lstm-best-features-power/epoch-018.pkl
2017-02-12 13:04:53,673 INFO     epoch: 18 took 38.201s (0.002s in batching)
training loss:	0.561317
validation loss:	0.554652
validation error:	0.280400
2017-02-12 13:04:53,683 INFO     Wrote output to trainNN/out/v050-finunified-11-g82e53b5-dirty:lstm-best-features-power/config.json
2017-02-12 13:05:22,714 INFO     Saving network params to trainNN/out/v050-finunified-11-g82e53b5-dirty:lstm-best-features-power/epoch-019.pkl
2017-02-12 13:05:24,524 INFO     epoch: 19 took 30.850s (0.002s in batching)
training loss:	0.560996
validation loss:	0.553644
validation error:	0.278300
2017-02-12 13:05:24,533 INFO     Wrote output to trainNN/out/v050-finunified-11-g82e53b5-dirty:lstm-best-features-power/config.json
2017-02-12 13:06:01,266 INFO     Saving network params to trainNN/out/v050-finunified-11-g82e53b5-dirty:lstm-best-features-power/epoch-020.pkl
2017-02-12 13:06:02,872 INFO     epoch: 20 took 38.349s (0.002s in batching)
training loss:	0.559617
validation loss:	0.551880
validation error:	0.280600
2017-02-12 13:06:02,882 INFO     Wrote output to trainNN/out/v050-finunified-11-g82e53b5-dirty:lstm-best-features-power/config.json
2017-02-12 13:06:31,652 INFO     Saving network params to trainNN/out/v050-finunified-11-g82e53b5-dirty:lstm-best-features-power/epoch-021.pkl
2017-02-12 13:06:32,227 INFO     epoch: 21 took 29.355s (0.002s in batching)
training loss:	0.559271
validation loss:	0.551094
validation error:	0.279000
2017-02-12 13:06:32,237 INFO     Wrote output to trainNN/out/v050-finunified-11-g82e53b5-dirty:lstm-best-features-power/config.json
2017-02-12 13:07:06,642 INFO     Saving network params to trainNN/out/v050-finunified-11-g82e53b5-dirty:lstm-best-features-power/epoch-022.pkl
2017-02-12 13:07:07,384 INFO     epoch: 22 took 35.157s (0.002s in batching)
training loss:	0.558210
validation loss:	0.549440
validation error:	0.279700
2017-02-12 13:07:07,394 INFO     Wrote output to trainNN/out/v050-finunified-11-g82e53b5-dirty:lstm-best-features-power/config.json
2017-02-12 13:07:44,990 INFO     Saving network params to trainNN/out/v050-finunified-11-g82e53b5-dirty:lstm-best-features-power/epoch-023.pkl
2017-02-12 13:07:45,678 INFO     epoch: 23 took 38.294s (0.002s in batching)
training loss:	0.557775
validation loss:	0.551898
validation error:	0.280200
2017-02-12 13:07:45,688 INFO     Wrote output to trainNN/out/v050-finunified-11-g82e53b5-dirty:lstm-best-features-power/config.json
2017-02-12 13:08:23,078 INFO     Saving network params to trainNN/out/v050-finunified-11-g82e53b5-dirty:lstm-best-features-power/epoch-024.pkl
2017-02-12 13:08:23,757 INFO     epoch: 24 took 38.080s (0.002s in batching)
training loss:	0.556472
validation loss:	0.550849
validation error:	0.276700
2017-02-12 13:08:23,769 INFO     Wrote output to trainNN/out/v050-finunified-11-g82e53b5-dirty:lstm-best-features-power/config.json
2017-02-12 13:09:01,220 INFO     Saving network params to trainNN/out/v050-finunified-11-g82e53b5-dirty:lstm-best-features-power/epoch-025.pkl
2017-02-12 13:09:01,785 INFO     epoch: 25 took 38.027s (0.002s in batching)
training loss:	0.556485
validation loss:	0.551206
validation error:	0.278200
2017-02-12 13:09:01,796 INFO     Wrote output to trainNN/out/v050-finunified-11-g82e53b5-dirty:lstm-best-features-power/config.json
2017-02-12 13:09:39,505 INFO     Saving network params to trainNN/out/v050-finunified-11-g82e53b5-dirty:lstm-best-features-power/epoch-026.pkl
2017-02-12 13:09:40,088 INFO     epoch: 26 took 38.303s (0.002s in batching)
training loss:	0.555895
validation loss:	0.548519
validation error:	0.279400
2017-02-12 13:09:40,099 INFO     Wrote output to trainNN/out/v050-finunified-11-g82e53b5-dirty:lstm-best-features-power/config.json
2017-02-12 13:10:17,482 INFO     Saving network params to trainNN/out/v050-finunified-11-g82e53b5-dirty:lstm-best-features-power/epoch-027.pkl
2017-02-12 13:10:18,586 INFO     epoch: 27 took 38.498s (0.002s in batching)
training loss:	0.555477
validation loss:	0.552572
validation error:	0.279900
2017-02-12 13:10:18,598 INFO     Wrote output to trainNN/out/v050-finunified-11-g82e53b5-dirty:lstm-best-features-power/config.json
2017-02-12 13:10:56,220 INFO     Saving network params to trainNN/out/v050-finunified-11-g82e53b5-dirty:lstm-best-features-power/epoch-028.pkl
2017-02-12 13:10:57,038 INFO     epoch: 28 took 38.452s (0.002s in batching)
training loss:	0.554580
validation loss:	0.547358
validation error:	0.275200
2017-02-12 13:10:57,050 INFO     Wrote output to trainNN/out/v050-finunified-11-g82e53b5-dirty:lstm-best-features-power/config.json
2017-02-12 13:11:27,924 INFO     Saving network params to trainNN/out/v050-finunified-11-g82e53b5-dirty:lstm-best-features-power/epoch-029.pkl
2017-02-12 13:11:29,244 INFO     epoch: 29 took 32.206s (0.002s in batching)
training loss:	0.554421
validation loss:	0.546055
validation error:	0.276000
2017-02-12 13:11:29,256 INFO     Wrote output to trainNN/out/v050-finunified-11-g82e53b5-dirty:lstm-best-features-power/config.json
2017-02-12 13:12:06,404 INFO     Saving network params to trainNN/out/v050-finunified-11-g82e53b5-dirty:lstm-best-features-power/epoch-030.pkl
2017-02-12 13:12:07,565 INFO     epoch: 30 took 38.321s (0.002s in batching)
training loss:	0.554339
validation loss:	0.548978
validation error:	0.277400
2017-02-12 13:12:07,577 INFO     Wrote output to trainNN/out/v050-finunified-11-g82e53b5-dirty:lstm-best-features-power/config.json
2017-02-12 13:12:45,425 INFO     Saving network params to trainNN/out/v050-finunified-11-g82e53b5-dirty:lstm-best-features-power/epoch-031.pkl
2017-02-12 13:12:46,038 INFO     epoch: 31 took 38.473s (0.002s in batching)
training loss:	0.553494
validation loss:	0.545592
validation error:	0.273900
2017-02-12 13:12:46,051 INFO     Wrote output to trainNN/out/v050-finunified-11-g82e53b5-dirty:lstm-best-features-power/config.json
2017-02-12 13:13:22,337 INFO     Saving network params to trainNN/out/v050-finunified-11-g82e53b5-dirty:lstm-best-features-power/epoch-032.pkl
2017-02-12 13:13:22,942 INFO     epoch: 32 took 36.903s (0.002s in batching)
training loss:	0.552916
validation loss:	0.546380
validation error:	0.275800
2017-02-12 13:13:22,963 INFO     Wrote output to trainNN/out/v050-finunified-11-g82e53b5-dirty:lstm-best-features-power/config.json
2017-02-12 13:13:56,125 INFO     Saving network params to trainNN/out/v050-finunified-11-g82e53b5-dirty:lstm-best-features-power/epoch-033.pkl
2017-02-12 13:13:57,452 INFO     epoch: 33 took 34.511s (0.002s in batching)
training loss:	0.552818
validation loss:	0.545531
validation error:	0.277300
2017-02-12 13:13:57,465 INFO     Wrote output to trainNN/out/v050-finunified-11-g82e53b5-dirty:lstm-best-features-power/config.json
2017-02-12 13:14:33,967 INFO     Saving network params to trainNN/out/v050-finunified-11-g82e53b5-dirty:lstm-best-features-power/epoch-034.pkl
2017-02-12 13:14:34,545 INFO     epoch: 34 took 37.093s (0.002s in batching)
training loss:	0.552348
validation loss:	0.545212
validation error:	0.273100
2017-02-12 13:14:34,558 INFO     Wrote output to trainNN/out/v050-finunified-11-g82e53b5-dirty:lstm-best-features-power/config.json
2017-02-12 13:15:06,440 INFO     Saving network params to trainNN/out/v050-finunified-11-g82e53b5-dirty:lstm-best-features-power/epoch-035.pkl
2017-02-12 13:15:07,593 INFO     epoch: 35 took 33.048s (0.002s in batching)
training loss:	0.551955
validation loss:	0.544599
validation error:	0.273400
2017-02-12 13:15:07,606 INFO     Wrote output to trainNN/out/v050-finunified-11-g82e53b5-dirty:lstm-best-features-power/config.json
2017-02-12 13:15:44,832 INFO     Saving network params to trainNN/out/v050-finunified-11-g82e53b5-dirty:lstm-best-features-power/epoch-036.pkl
2017-02-12 13:15:45,850 INFO     epoch: 36 took 38.257s (0.002s in batching)
training loss:	0.551421
validation loss:	0.543363
validation error:	0.273800
2017-02-12 13:15:45,864 INFO     Wrote output to trainNN/out/v050-finunified-11-g82e53b5-dirty:lstm-best-features-power/config.json
2017-02-12 13:16:22,926 INFO     Saving network params to trainNN/out/v050-finunified-11-g82e53b5-dirty:lstm-best-features-power/epoch-037.pkl
2017-02-12 13:16:23,978 INFO     epoch: 37 took 38.129s (0.002s in batching)
training loss:	0.551278
validation loss:	0.542782
validation error:	0.272500
2017-02-12 13:16:23,992 INFO     Wrote output to trainNN/out/v050-finunified-11-g82e53b5-dirty:lstm-best-features-power/config.json
2017-02-12 13:17:01,214 INFO     Saving network params to trainNN/out/v050-finunified-11-g82e53b5-dirty:lstm-best-features-power/epoch-038.pkl
2017-02-12 13:17:02,450 INFO     epoch: 38 took 38.472s (0.002s in batching)
training loss:	0.551250
validation loss:	0.545335
validation error:	0.275300
2017-02-12 13:17:02,465 INFO     Wrote output to trainNN/out/v050-finunified-11-g82e53b5-dirty:lstm-best-features-power/config.json
2017-02-12 13:17:39,817 INFO     Saving network params to trainNN/out/v050-finunified-11-g82e53b5-dirty:lstm-best-features-power/epoch-039.pkl
2017-02-12 13:17:40,699 INFO     epoch: 39 took 38.249s (0.002s in batching)
training loss:	0.550868
validation loss:	0.543511
validation error:	0.275900
2017-02-12 13:17:40,714 INFO     Wrote output to trainNN/out/v050-finunified-11-g82e53b5-dirty:lstm-best-features-power/config.json
2017-02-12 13:18:11,968 INFO     Saving network params to trainNN/out/v050-finunified-11-g82e53b5-dirty:lstm-best-features-power/epoch-040.pkl
2017-02-12 13:18:12,570 INFO     epoch: 40 took 31.871s (0.002s in batching)
training loss:	0.550839
validation loss:	0.542028
validation error:	0.273100
2017-02-12 13:18:12,586 INFO     Wrote output to trainNN/out/v050-finunified-11-g82e53b5-dirty:lstm-best-features-power/config.json
2017-02-12 13:18:45,928 INFO     Saving network params to trainNN/out/v050-finunified-11-g82e53b5-dirty:lstm-best-features-power/epoch-041.pkl
2017-02-12 13:18:46,772 INFO     epoch: 41 took 34.202s (0.002s in batching)
training loss:	0.550285
validation loss:	0.546474
validation error:	0.274500
2017-02-12 13:18:46,800 INFO     Wrote output to trainNN/out/v050-finunified-11-g82e53b5-dirty:lstm-best-features-power/config.json
2017-02-12 13:19:24,301 INFO     Saving network params to trainNN/out/v050-finunified-11-g82e53b5-dirty:lstm-best-features-power/epoch-042.pkl
2017-02-12 13:19:24,901 INFO     epoch: 42 took 38.129s (0.002s in batching)
training loss:	0.550307
validation loss:	0.544991
validation error:	0.275200
2017-02-12 13:19:24,918 INFO     Wrote output to trainNN/out/v050-finunified-11-g82e53b5-dirty:lstm-best-features-power/config.json
2017-02-12 13:19:56,725 INFO     Saving network params to trainNN/out/v050-finunified-11-g82e53b5-dirty:lstm-best-features-power/epoch-043.pkl
2017-02-12 13:19:58,062 INFO     epoch: 43 took 33.161s (0.002s in batching)
training loss:	0.550381
validation loss:	0.544452
validation error:	0.272700
2017-02-12 13:19:58,078 INFO     Wrote output to trainNN/out/v050-finunified-11-g82e53b5-dirty:lstm-best-features-power/config.json
2017-02-12 13:20:36,510 INFO     Saving network params to trainNN/out/v050-finunified-11-g82e53b5-dirty:lstm-best-features-power/epoch-044.pkl
2017-02-12 13:20:37,839 INFO     epoch: 44 took 39.776s (0.002s in batching)
training loss:	0.549794
validation loss:	0.545412
validation error:	0.276200
2017-02-12 13:20:37,855 INFO     Wrote output to trainNN/out/v050-finunified-11-g82e53b5-dirty:lstm-best-features-power/config.json
2017-02-12 13:21:14,949 INFO     Saving network params to trainNN/out/v050-finunified-11-g82e53b5-dirty:lstm-best-features-power/epoch-045.pkl
2017-02-12 13:21:16,082 INFO     epoch: 45 took 38.243s (0.002s in batching)
training loss:	0.549541
validation loss:	0.545770
validation error:	0.274400
2017-02-12 13:21:16,097 INFO     Wrote output to trainNN/out/v050-finunified-11-g82e53b5-dirty:lstm-best-features-power/config.json
2017-02-12 13:21:52,179 INFO     Saving network params to trainNN/out/v050-finunified-11-g82e53b5-dirty:lstm-best-features-power/epoch-046.pkl
2017-02-12 13:21:52,791 INFO     epoch: 46 took 36.710s (0.002s in batching)
training loss:	0.549506
validation loss:	0.545471
validation error:	0.276500
2017-02-12 13:21:52,809 INFO     Wrote output to trainNN/out/v050-finunified-11-g82e53b5-dirty:lstm-best-features-power/config.json
2017-02-12 13:22:19,854 INFO     Saving network params to trainNN/out/v050-finunified-11-g82e53b5-dirty:lstm-best-features-power/epoch-047.pkl
2017-02-12 13:22:20,447 INFO     epoch: 47 took 27.656s (0.002s in batching)
training loss:	0.549384
validation loss:	0.543494
validation error:	0.273800
2017-02-12 13:22:20,465 INFO     Wrote output to trainNN/out/v050-finunified-11-g82e53b5-dirty:lstm-best-features-power/config.json
2017-02-12 13:22:47,426 INFO     Saving network params to trainNN/out/v050-finunified-11-g82e53b5-dirty:lstm-best-features-power/epoch-048.pkl
2017-02-12 13:22:48,059 INFO     epoch: 48 took 27.612s (0.002s in batching)
training loss:	0.549110
validation loss:	0.543875
validation error:	0.272800
2017-02-12 13:22:48,077 INFO     Wrote output to trainNN/out/v050-finunified-11-g82e53b5-dirty:lstm-best-features-power/config.json
2017-02-12 13:23:14,966 INFO     Saving network params to trainNN/out/v050-finunified-11-g82e53b5-dirty:lstm-best-features-power/epoch-049.pkl
2017-02-12 13:23:15,547 INFO     epoch: 49 took 27.488s (0.002s in batching)
training loss:	0.549480
validation loss:	0.542742
validation error:	0.272700
2017-02-12 13:23:15,564 INFO     Wrote output to trainNN/out/v050-finunified-11-g82e53b5-dirty:lstm-best-features-power/config.json
2017-02-12 13:23:41,732 INFO     Saving network params to trainNN/out/v050-finunified-11-g82e53b5-dirty:lstm-best-features-power/epoch-050.pkl
2017-02-12 13:23:42,322 INFO     epoch: 50 took 26.774s (0.002s in batching)
training loss:	0.548707
validation loss:	0.542489
validation error:	0.272200
2017-02-12 13:23:42,339 INFO     Wrote output to trainNN/out/v050-finunified-11-g82e53b5-dirty:lstm-best-features-power/config.json
2017-02-12 13:24:08,291 INFO     Saving network params to trainNN/out/v050-finunified-11-g82e53b5-dirty:lstm-best-features-power/epoch-051.pkl
2017-02-12 13:24:08,858 INFO     epoch: 51 took 26.537s (0.002s in batching)
training loss:	0.548751
validation loss:	0.544656
validation error:	0.274300
2017-02-12 13:24:08,875 INFO     Wrote output to trainNN/out/v050-finunified-11-g82e53b5-dirty:lstm-best-features-power/config.json
2017-02-12 13:24:34,976 INFO     Saving network params to trainNN/out/v050-finunified-11-g82e53b5-dirty:lstm-best-features-power/epoch-052.pkl
2017-02-12 13:24:36,275 INFO     epoch: 52 took 27.416s (0.002s in batching)
training loss:	0.548836
validation loss:	0.542829
validation error:	0.274400
2017-02-12 13:24:36,292 INFO     Wrote output to trainNN/out/v050-finunified-11-g82e53b5-dirty:lstm-best-features-power/config.json
2017-02-12 13:25:02,246 INFO     Saving network params to trainNN/out/v050-finunified-11-g82e53b5-dirty:lstm-best-features-power/epoch-053.pkl
2017-02-12 13:25:02,823 INFO     epoch: 53 took 26.548s (0.002s in batching)
training loss:	0.548620
validation loss:	0.543783
validation error:	0.275000
2017-02-12 13:25:02,840 INFO     Wrote output to trainNN/out/v050-finunified-11-g82e53b5-dirty:lstm-best-features-power/config.json
2017-02-12 13:25:29,286 INFO     Saving network params to trainNN/out/v050-finunified-11-g82e53b5-dirty:lstm-best-features-power/epoch-054.pkl
2017-02-12 13:25:29,860 INFO     epoch: 54 took 27.037s (0.002s in batching)
training loss:	0.548316
validation loss:	0.544402
validation error:	0.276200
2017-02-12 13:25:29,878 INFO     Wrote output to trainNN/out/v050-finunified-11-g82e53b5-dirty:lstm-best-features-power/config.json
2017-02-12 13:25:56,155 INFO     Saving network params to trainNN/out/v050-finunified-11-g82e53b5-dirty:lstm-best-features-power/epoch-055.pkl
2017-02-12 13:25:56,734 INFO     epoch: 55 took 26.873s (0.002s in batching)
training loss:	0.548892
validation loss:	0.543155
validation error:	0.273000
2017-02-12 13:25:56,752 INFO     Wrote output to trainNN/out/v050-finunified-11-g82e53b5-dirty:lstm-best-features-power/config.json
2017-02-12 13:26:22,536 INFO     Saving network params to trainNN/out/v050-finunified-11-g82e53b5-dirty:lstm-best-features-power/epoch-056.pkl
2017-02-12 13:26:23,107 INFO     epoch: 56 took 26.373s (0.002s in batching)
training loss:	0.548580
validation loss:	0.543706
validation error:	0.275200
2017-02-12 13:26:23,125 INFO     Wrote output to trainNN/out/v050-finunified-11-g82e53b5-dirty:lstm-best-features-power/config.json
2017-02-12 13:26:48,993 INFO     Saving network params to trainNN/out/v050-finunified-11-g82e53b5-dirty:lstm-best-features-power/epoch-057.pkl
2017-02-12 13:26:49,564 INFO     epoch: 57 took 26.457s (0.002s in batching)
training loss:	0.547924
validation loss:	0.540408
validation error:	0.270800
2017-02-12 13:26:49,583 INFO     Wrote output to trainNN/out/v050-finunified-11-g82e53b5-dirty:lstm-best-features-power/config.json
2017-02-12 13:27:15,471 INFO     Saving network params to trainNN/out/v050-finunified-11-g82e53b5-dirty:lstm-best-features-power/epoch-058.pkl
2017-02-12 13:27:16,057 INFO     epoch: 58 took 26.493s (0.002s in batching)
training loss:	0.547954
validation loss:	0.540726
validation error:	0.272700
2017-02-12 13:27:16,076 INFO     Wrote output to trainNN/out/v050-finunified-11-g82e53b5-dirty:lstm-best-features-power/config.json
2017-02-12 13:27:41,980 INFO     Saving network params to trainNN/out/v050-finunified-11-g82e53b5-dirty:lstm-best-features-power/epoch-059.pkl
2017-02-12 13:27:42,553 INFO     epoch: 59 took 26.497s (0.002s in batching)
training loss:	0.547806
validation loss:	0.541259
validation error:	0.274100
2017-02-12 13:27:42,574 INFO     Wrote output to trainNN/out/v050-finunified-11-g82e53b5-dirty:lstm-best-features-power/config.json
2017-02-12 13:28:08,772 INFO     Saving network params to trainNN/out/v050-finunified-11-g82e53b5-dirty:lstm-best-features-power/epoch-060.pkl
2017-02-12 13:28:09,357 INFO     epoch: 60 took 26.804s (0.002s in batching)
training loss:	0.547260
validation loss:	0.543754
validation error:	0.272100
2017-02-12 13:28:09,376 INFO     Wrote output to trainNN/out/v050-finunified-11-g82e53b5-dirty:lstm-best-features-power/config.json
2017-02-12 13:28:35,286 INFO     Saving network params to trainNN/out/v050-finunified-11-g82e53b5-dirty:lstm-best-features-power/epoch-061.pkl
2017-02-12 13:28:35,856 INFO     epoch: 61 took 26.499s (0.002s in batching)
training loss:	0.547936
validation loss:	0.542597
validation error:	0.274900
2017-02-12 13:28:35,876 INFO     Wrote output to trainNN/out/v050-finunified-11-g82e53b5-dirty:lstm-best-features-power/config.json
2017-02-12 13:29:01,487 INFO     Saving network params to trainNN/out/v050-finunified-11-g82e53b5-dirty:lstm-best-features-power/epoch-062.pkl
2017-02-12 13:29:02,060 INFO     epoch: 62 took 26.204s (0.002s in batching)
training loss:	0.547510
validation loss:	0.541324
validation error:	0.272100
2017-02-12 13:29:02,080 INFO     Wrote output to trainNN/out/v050-finunified-11-g82e53b5-dirty:lstm-best-features-power/config.json
2017-02-12 13:29:28,049 INFO     Saving network params to trainNN/out/v050-finunified-11-g82e53b5-dirty:lstm-best-features-power/epoch-063.pkl
2017-02-12 13:29:28,618 INFO     epoch: 63 took 26.558s (0.002s in batching)
training loss:	0.547456
validation loss:	0.545440
validation error:	0.274100
2017-02-12 13:29:28,638 INFO     Wrote output to trainNN/out/v050-finunified-11-g82e53b5-dirty:lstm-best-features-power/config.json
2017-02-12 13:29:54,802 INFO     Saving network params to trainNN/out/v050-finunified-11-g82e53b5-dirty:lstm-best-features-power/epoch-064.pkl
2017-02-12 13:29:55,395 INFO     epoch: 64 took 26.777s (0.002s in batching)
training loss:	0.547292
validation loss:	0.543299
validation error:	0.272800
2017-02-12 13:29:55,416 INFO     Wrote output to trainNN/out/v050-finunified-11-g82e53b5-dirty:lstm-best-features-power/config.json
2017-02-12 13:30:21,463 INFO     Saving network params to trainNN/out/v050-finunified-11-g82e53b5-dirty:lstm-best-features-power/epoch-065.pkl
2017-02-12 13:30:22,053 INFO     epoch: 65 took 26.658s (0.002s in batching)
training loss:	0.547025
validation loss:	0.541203
validation error:	0.274000
2017-02-12 13:30:22,075 INFO     Wrote output to trainNN/out/v050-finunified-11-g82e53b5-dirty:lstm-best-features-power/config.json
2017-02-12 13:30:48,158 INFO     Saving network params to trainNN/out/v050-finunified-11-g82e53b5-dirty:lstm-best-features-power/epoch-066.pkl
2017-02-12 13:30:48,728 INFO     epoch: 66 took 26.675s (0.002s in batching)
training loss:	0.546880
validation loss:	0.539701
validation error:	0.270000
2017-02-12 13:30:48,749 INFO     Wrote output to trainNN/out/v050-finunified-11-g82e53b5-dirty:lstm-best-features-power/config.json
2017-02-12 13:31:14,580 INFO     Saving network params to trainNN/out/v050-finunified-11-g82e53b5-dirty:lstm-best-features-power/epoch-067.pkl
2017-02-12 13:31:15,172 INFO     epoch: 67 took 26.444s (0.002s in batching)
training loss:	0.546683
validation loss:	0.541068
validation error:	0.272300
2017-02-12 13:31:15,195 INFO     Wrote output to trainNN/out/v050-finunified-11-g82e53b5-dirty:lstm-best-features-power/config.json
2017-02-12 13:31:41,725 INFO     Saving network params to trainNN/out/v050-finunified-11-g82e53b5-dirty:lstm-best-features-power/epoch-068.pkl
2017-02-12 13:31:42,347 INFO     epoch: 68 took 27.174s (0.002s in batching)
training loss:	0.546950
validation loss:	0.540607
validation error:	0.271500
2017-02-12 13:31:42,368 INFO     Wrote output to trainNN/out/v050-finunified-11-g82e53b5-dirty:lstm-best-features-power/config.json
2017-02-12 13:32:08,350 INFO     Saving network params to trainNN/out/v050-finunified-11-g82e53b5-dirty:lstm-best-features-power/epoch-069.pkl
2017-02-12 13:32:08,924 INFO     epoch: 69 took 26.577s (0.002s in batching)
training loss:	0.546722
validation loss:	0.542900
validation error:	0.271400
2017-02-12 13:32:08,945 INFO     Wrote output to trainNN/out/v050-finunified-11-g82e53b5-dirty:lstm-best-features-power/config.json
2017-02-12 13:32:35,184 INFO     Saving network params to trainNN/out/v050-finunified-11-g82e53b5-dirty:lstm-best-features-power/epoch-070.pkl
2017-02-12 13:32:35,751 INFO     epoch: 70 took 26.828s (0.002s in batching)
training loss:	0.546531
validation loss:	0.544574
validation error:	0.276300
2017-02-12 13:32:35,773 INFO     Wrote output to trainNN/out/v050-finunified-11-g82e53b5-dirty:lstm-best-features-power/config.json
2017-02-12 13:33:02,119 INFO     Saving network params to trainNN/out/v050-finunified-11-g82e53b5-dirty:lstm-best-features-power/epoch-071.pkl
2017-02-12 13:33:02,771 INFO     epoch: 71 took 27.020s (0.002s in batching)
training loss:	0.546494
validation loss:	0.539733
validation error:	0.268600
2017-02-12 13:33:02,793 INFO     Wrote output to trainNN/out/v050-finunified-11-g82e53b5-dirty:lstm-best-features-power/config.json
2017-02-12 13:33:29,135 INFO     Saving network params to trainNN/out/v050-finunified-11-g82e53b5-dirty:lstm-best-features-power/epoch-072.pkl
2017-02-12 13:33:29,707 INFO     epoch: 72 took 26.936s (0.002s in batching)
training loss:	0.546485
validation loss:	0.542821
validation error:	0.272200
2017-02-12 13:33:29,729 INFO     Wrote output to trainNN/out/v050-finunified-11-g82e53b5-dirty:lstm-best-features-power/config.json
2017-02-12 13:33:56,087 INFO     Saving network params to trainNN/out/v050-finunified-11-g82e53b5-dirty:lstm-best-features-power/epoch-073.pkl
2017-02-12 13:33:56,678 INFO     epoch: 73 took 26.971s (0.002s in batching)
training loss:	0.546093
validation loss:	0.540574
validation error:	0.272800
2017-02-12 13:33:56,700 INFO     Wrote output to trainNN/out/v050-finunified-11-g82e53b5-dirty:lstm-best-features-power/config.json
2017-02-12 13:34:22,831 INFO     Saving network params to trainNN/out/v050-finunified-11-g82e53b5-dirty:lstm-best-features-power/epoch-074.pkl
2017-02-12 13:34:23,405 INFO     epoch: 74 took 26.727s (0.002s in batching)
training loss:	0.545995
validation loss:	0.541331
validation error:	0.272100
2017-02-12 13:34:23,428 INFO     Wrote output to trainNN/out/v050-finunified-11-g82e53b5-dirty:lstm-best-features-power/config.json
2017-02-12 13:34:50,190 INFO     Saving network params to trainNN/out/v050-finunified-11-g82e53b5-dirty:lstm-best-features-power/epoch-075.pkl
2017-02-12 13:34:50,796 INFO     epoch: 75 took 27.391s (0.002s in batching)
training loss:	0.546036
validation loss:	0.540951
validation error:	0.273200
2017-02-12 13:34:50,820 INFO     Wrote output to trainNN/out/v050-finunified-11-g82e53b5-dirty:lstm-best-features-power/config.json
2017-02-12 13:35:17,128 INFO     Saving network params to trainNN/out/v050-finunified-11-g82e53b5-dirty:lstm-best-features-power/epoch-076.pkl
2017-02-12 13:35:17,700 INFO     epoch: 76 took 26.904s (0.002s in batching)
training loss:	0.545728
validation loss:	0.544347
validation error:	0.274100
2017-02-12 13:35:17,724 INFO     Wrote output to trainNN/out/v050-finunified-11-g82e53b5-dirty:lstm-best-features-power/config.json
2017-02-12 13:35:43,624 INFO     Saving network params to trainNN/out/v050-finunified-11-g82e53b5-dirty:lstm-best-features-power/epoch-077.pkl
2017-02-12 13:35:44,190 INFO     epoch: 77 took 26.490s (0.002s in batching)
training loss:	0.545852
validation loss:	0.540202
validation error:	0.271800
2017-02-12 13:35:44,213 INFO     Wrote output to trainNN/out/v050-finunified-11-g82e53b5-dirty:lstm-best-features-power/config.json
2017-02-12 13:36:10,563 INFO     Saving network params to trainNN/out/v050-finunified-11-g82e53b5-dirty:lstm-best-features-power/epoch-078.pkl
2017-02-12 13:36:11,142 INFO     epoch: 78 took 26.952s (0.002s in batching)
training loss:	0.545650
validation loss:	0.539698
validation error:	0.270500
2017-02-12 13:36:11,166 INFO     Wrote output to trainNN/out/v050-finunified-11-g82e53b5-dirty:lstm-best-features-power/config.json
2017-02-12 13:36:37,292 INFO     Saving network params to trainNN/out/v050-finunified-11-g82e53b5-dirty:lstm-best-features-power/epoch-079.pkl
2017-02-12 13:36:37,869 INFO     epoch: 79 took 26.727s (0.002s in batching)
training loss:	0.545779
validation loss:	0.540752
validation error:	0.271000
2017-02-12 13:36:37,892 INFO     Wrote output to trainNN/out/v050-finunified-11-g82e53b5-dirty:lstm-best-features-power/config.json
2017-02-12 13:37:03,905 INFO     Saving network params to trainNN/out/v050-finunified-11-g82e53b5-dirty:lstm-best-features-power/epoch-080.pkl
2017-02-12 13:37:04,502 INFO     epoch: 80 took 26.633s (0.002s in batching)
training loss:	0.545553
validation loss:	0.541114
validation error:	0.272300
2017-02-12 13:37:04,526 INFO     Wrote output to trainNN/out/v050-finunified-11-g82e53b5-dirty:lstm-best-features-power/config.json
2017-02-12 13:37:30,627 INFO     Saving network params to trainNN/out/v050-finunified-11-g82e53b5-dirty:lstm-best-features-power/epoch-081.pkl
2017-02-12 13:37:31,225 INFO     epoch: 81 took 26.723s (0.002s in batching)
training loss:	0.545375
validation loss:	0.540739
validation error:	0.273100
2017-02-12 13:37:31,249 INFO     Wrote output to trainNN/out/v050-finunified-11-g82e53b5-dirty:lstm-best-features-power/config.json
2017-02-12 13:37:56,976 INFO     Saving network params to trainNN/out/v050-finunified-11-g82e53b5-dirty:lstm-best-features-power/epoch-082.pkl
2017-02-12 13:37:57,545 INFO     epoch: 82 took 26.320s (0.002s in batching)
training loss:	0.545195
validation loss:	0.542765
validation error:	0.273100
2017-02-12 13:37:57,569 INFO     Wrote output to trainNN/out/v050-finunified-11-g82e53b5-dirty:lstm-best-features-power/config.json
2017-02-12 13:38:23,486 INFO     Saving network params to trainNN/out/v050-finunified-11-g82e53b5-dirty:lstm-best-features-power/epoch-083.pkl
2017-02-12 13:38:24,062 INFO     epoch: 83 took 26.517s (0.002s in batching)
training loss:	0.545325
validation loss:	0.540993
validation error:	0.272100
2017-02-12 13:38:24,086 INFO     Wrote output to trainNN/out/v050-finunified-11-g82e53b5-dirty:lstm-best-features-power/config.json
2017-02-12 13:38:50,253 INFO     Saving network params to trainNN/out/v050-finunified-11-g82e53b5-dirty:lstm-best-features-power/epoch-084.pkl
2017-02-12 13:38:50,826 INFO     epoch: 84 took 26.765s (0.002s in batching)
training loss:	0.545343
validation loss:	0.541857
validation error:	0.271700
2017-02-12 13:38:50,851 INFO     Wrote output to trainNN/out/v050-finunified-11-g82e53b5-dirty:lstm-best-features-power/config.json
2017-02-12 13:39:17,189 INFO     Saving network params to trainNN/out/v050-finunified-11-g82e53b5-dirty:lstm-best-features-power/epoch-085.pkl
2017-02-12 13:39:17,783 INFO     epoch: 85 took 26.957s (0.002s in batching)
training loss:	0.544979
validation loss:	0.541085
validation error:	0.273700
2017-02-12 13:39:17,808 INFO     Wrote output to trainNN/out/v050-finunified-11-g82e53b5-dirty:lstm-best-features-power/config.json
2017-02-12 13:39:43,864 INFO     Saving network params to trainNN/out/v050-finunified-11-g82e53b5-dirty:lstm-best-features-power/epoch-086.pkl
2017-02-12 13:39:44,477 INFO     epoch: 86 took 26.694s (0.002s in batching)
training loss:	0.544958
validation loss:	0.541455
validation error:	0.272700
2017-02-12 13:39:44,503 INFO     Wrote output to trainNN/out/v050-finunified-11-g82e53b5-dirty:lstm-best-features-power/config.json
2017-02-12 13:40:10,720 INFO     Saving network params to trainNN/out/v050-finunified-11-g82e53b5-dirty:lstm-best-features-power/epoch-087.pkl
2017-02-12 13:40:11,299 INFO     epoch: 87 took 26.821s (0.002s in batching)
training loss:	0.544724
validation loss:	0.539723
validation error:	0.271200
2017-02-12 13:40:11,324 INFO     Wrote output to trainNN/out/v050-finunified-11-g82e53b5-dirty:lstm-best-features-power/config.json
2017-02-12 13:40:37,520 INFO     Saving network params to trainNN/out/v050-finunified-11-g82e53b5-dirty:lstm-best-features-power/epoch-088.pkl
2017-02-12 13:40:38,100 INFO     epoch: 88 took 26.801s (0.002s in batching)
training loss:	0.544420
validation loss:	0.543921
validation error:	0.275600
2017-02-12 13:40:38,126 INFO     Wrote output to trainNN/out/v050-finunified-11-g82e53b5-dirty:lstm-best-features-power/config.json
2017-02-12 13:41:04,016 INFO     Saving network params to trainNN/out/v050-finunified-11-g82e53b5-dirty:lstm-best-features-power/epoch-089.pkl
2017-02-12 13:41:04,611 INFO     epoch: 89 took 26.511s (0.002s in batching)
training loss:	0.544548
validation loss:	0.539095
validation error:	0.268300
2017-02-12 13:41:04,637 INFO     Wrote output to trainNN/out/v050-finunified-11-g82e53b5-dirty:lstm-best-features-power/config.json
2017-02-12 13:41:30,652 INFO     Saving network params to trainNN/out/v050-finunified-11-g82e53b5-dirty:lstm-best-features-power/epoch-090.pkl
2017-02-12 13:41:31,240 INFO     epoch: 90 took 26.629s (0.002s in batching)
training loss:	0.544316
validation loss:	0.539521
validation error:	0.271200
2017-02-12 13:41:31,265 INFO     Wrote output to trainNN/out/v050-finunified-11-g82e53b5-dirty:lstm-best-features-power/config.json
2017-02-12 13:41:57,252 INFO     Saving network params to trainNN/out/v050-finunified-11-g82e53b5-dirty:lstm-best-features-power/epoch-091.pkl
2017-02-12 13:41:57,838 INFO     epoch: 91 took 26.599s (0.002s in batching)
training loss:	0.544301
validation loss:	0.544196
validation error:	0.271500
2017-02-12 13:41:57,866 INFO     Wrote output to trainNN/out/v050-finunified-11-g82e53b5-dirty:lstm-best-features-power/config.json
2017-02-12 13:42:23,946 INFO     Saving network params to trainNN/out/v050-finunified-11-g82e53b5-dirty:lstm-best-features-power/epoch-092.pkl
2017-02-12 13:42:24,529 INFO     epoch: 92 took 26.691s (0.002s in batching)
training loss:	0.544458
validation loss:	0.541306
validation error:	0.274100
2017-02-12 13:42:24,557 INFO     Wrote output to trainNN/out/v050-finunified-11-g82e53b5-dirty:lstm-best-features-power/config.json
2017-02-12 13:42:50,523 INFO     Saving network params to trainNN/out/v050-finunified-11-g82e53b5-dirty:lstm-best-features-power/epoch-093.pkl
2017-02-12 13:42:51,122 INFO     epoch: 93 took 26.593s (0.002s in batching)
training loss:	0.543894
validation loss:	0.548028
validation error:	0.278900
2017-02-12 13:42:51,150 INFO     Wrote output to trainNN/out/v050-finunified-11-g82e53b5-dirty:lstm-best-features-power/config.json
2017-02-12 13:43:17,041 INFO     Saving network params to trainNN/out/v050-finunified-11-g82e53b5-dirty:lstm-best-features-power/epoch-094.pkl
2017-02-12 13:43:17,619 INFO     epoch: 94 took 26.497s (0.002s in batching)
training loss:	0.544237
validation loss:	0.539892
validation error:	0.271900
2017-02-12 13:43:17,646 INFO     Wrote output to trainNN/out/v050-finunified-11-g82e53b5-dirty:lstm-best-features-power/config.json
2017-02-12 13:43:43,665 INFO     Saving network params to trainNN/out/v050-finunified-11-g82e53b5-dirty:lstm-best-features-power/epoch-095.pkl
2017-02-12 13:43:44,264 INFO     epoch: 95 took 26.645s (0.002s in batching)
training loss:	0.544445
validation loss:	0.539827
validation error:	0.269500
2017-02-12 13:43:44,293 INFO     Wrote output to trainNN/out/v050-finunified-11-g82e53b5-dirty:lstm-best-features-power/config.json
2017-02-12 13:44:10,232 INFO     Saving network params to trainNN/out/v050-finunified-11-g82e53b5-dirty:lstm-best-features-power/epoch-096.pkl
2017-02-12 13:44:10,831 INFO     epoch: 96 took 26.568s (0.002s in batching)
training loss:	0.543429
validation loss:	0.540698
validation error:	0.269400
2017-02-12 13:44:10,860 INFO     Wrote output to trainNN/out/v050-finunified-11-g82e53b5-dirty:lstm-best-features-power/config.json
2017-02-12 13:44:36,868 INFO     Saving network params to trainNN/out/v050-finunified-11-g82e53b5-dirty:lstm-best-features-power/epoch-097.pkl
2017-02-12 13:44:37,453 INFO     epoch: 97 took 26.622s (0.002s in batching)
training loss:	0.543865
validation loss:	0.543313
validation error:	0.275400
2017-02-12 13:44:37,483 INFO     Wrote output to trainNN/out/v050-finunified-11-g82e53b5-dirty:lstm-best-features-power/config.json
2017-02-12 13:45:03,587 INFO     Saving network params to trainNN/out/v050-finunified-11-g82e53b5-dirty:lstm-best-features-power/epoch-098.pkl
2017-02-12 13:45:04,171 INFO     epoch: 98 took 26.718s (0.002s in batching)
training loss:	0.543976
validation loss:	0.540972
validation error:	0.272700
2017-02-12 13:45:04,199 INFO     Wrote output to trainNN/out/v050-finunified-11-g82e53b5-dirty:lstm-best-features-power/config.json
2017-02-12 13:45:30,213 INFO     Saving network params to trainNN/out/v050-finunified-11-g82e53b5-dirty:lstm-best-features-power/epoch-099.pkl
2017-02-12 13:45:30,785 INFO     epoch: 99 took 26.614s (0.002s in batching)
training loss:	0.543676
validation loss:	0.539168
validation error:	0.269600
2017-02-12 13:45:30,812 INFO     Wrote output to trainNN/out/v050-finunified-11-g82e53b5-dirty:lstm-best-features-power/config.json
2017-02-12 16:57:47,746 DEBUG    version=v050-finunified-11-g82e53b5-dirty:lstm-best-features-power
2017-02-12 16:58:19,665 DEBUG    extracting and saving data
2017-02-12 18:22:16,616 DEBUG    version=v050-finunified-11-g82e53b5-dirty:lstm-best-features-power
2017-02-12 18:26:01,380 DEBUG    version=v050-finunified-11-g82e53b5-dirty:lstm-best-features-power
2017-02-12 18:27:02,449 DEBUG    version=v050-finunified-11-g82e53b5-dirty:lstm-best-features-power
2017-02-12 18:33:31,569 DEBUG    extracting and saving data
2017-02-12 18:33:37,492 DEBUG    version=v050-finunified-11-g82e53b5-dirty:lstm-best-features-power
2017-02-12 18:33:41,878 DEBUG    set input dim to 1
2017-02-12 18:33:41,879 DEBUG    input dim = 1
2017-02-12 18:33:41,891 DEBUG    shuffling batches
2017-02-12 18:33:44,231 DEBUG    shuffling done
2017-02-12 18:33:44,231 DEBUG    loading data into ram
2017-02-12 18:33:44,457 DEBUG    loading data took 0.226s (cpu: 0.226s)
2017-02-12 18:33:45,006 DEBUG    set input dim to 1
2017-02-12 18:33:45,006 DEBUG    input dim = 1
2017-02-12 18:33:45,030 DEBUG    shuffling batches
2017-02-12 18:33:45,257 DEBUG    shuffling done
2017-02-12 18:33:45,257 DEBUG    loading data into ram
2017-02-12 18:33:45,278 DEBUG    loading data took 0.020s (cpu: 0.020s)
2017-02-12 18:33:45,287 INFO     resuming from file trainNN/out/v050-finunified-11-g82e53b5-dirty:lstm-best-features-power/epoch-099.pkl
2017-02-12 18:33:45,287 INFO     Loading old params from trainNN/out/v050-finunified-11-g82e53b5-dirty:lstm-best-features-power/epoch-099.pkl
2017-02-12 18:33:45,448 DEBUG    Applying L2 regularization with 0.000100
2017-02-12 18:33:45,508 INFO     Training network with 35387 trainable out of 35597 total params.
2017-02-12 18:33:45,981 DEBUG    Using adam with learning_rate=0.001000
2017-02-12 18:34:02,496 DEBUG    Starting training...
2017-02-12 18:34:40,064 INFO     Saving network params to trainNN/out/v050-finunified-11-g82e53b5-dirty:lstm-best-features-power/epoch-100.pkl
2017-02-12 18:34:40,714 INFO     epoch: 100 took 38.218s (0.001s in batching)
training loss:	0.543444
validation loss:	0.538497
validation error:	0.268400
2017-02-12 18:34:40,718 INFO     Wrote output to trainNN/out/v050-finunified-11-g82e53b5-dirty:lstm-best-features-power/config.json
2017-02-12 18:35:17,769 INFO     Saving network params to trainNN/out/v050-finunified-11-g82e53b5-dirty:lstm-best-features-power/epoch-101.pkl
2017-02-12 18:35:19,065 INFO     epoch: 101 took 38.350s (0.001s in batching)
training loss:	0.543636
validation loss:	0.538814
validation error:	0.270900
2017-02-12 18:35:19,068 INFO     Wrote output to trainNN/out/v050-finunified-11-g82e53b5-dirty:lstm-best-features-power/config.json
2017-02-12 18:35:55,192 INFO     Saving network params to trainNN/out/v050-finunified-11-g82e53b5-dirty:lstm-best-features-power/epoch-102.pkl
2017-02-12 18:35:56,879 INFO     epoch: 102 took 37.814s (0.001s in batching)
training loss:	0.543033
validation loss:	0.539599
validation error:	0.270200
2017-02-12 18:35:56,892 INFO     Wrote output to trainNN/out/v050-finunified-11-g82e53b5-dirty:lstm-best-features-power/config.json
2017-02-12 18:35:58,987 DEBUG    extracting and saving data
2017-02-12 18:36:33,860 INFO     Saving network params to trainNN/out/v050-finunified-11-g82e53b5-dirty:lstm-best-features-power/epoch-103.pkl
2017-02-12 18:36:34,627 INFO     epoch: 103 took 37.749s (0.001s in batching)
training loss:	0.543122
validation loss:	0.540900
validation error:	0.269400
2017-02-12 18:36:34,630 INFO     Wrote output to trainNN/out/v050-finunified-11-g82e53b5-dirty:lstm-best-features-power/config.json
2017-02-12 18:37:11,807 INFO     Saving network params to trainNN/out/v050-finunified-11-g82e53b5-dirty:lstm-best-features-power/epoch-104.pkl
2017-02-12 18:37:12,426 INFO     epoch: 104 took 37.799s (0.001s in batching)
training loss:	0.543101
validation loss:	0.539043
validation error:	0.269900
2017-02-12 18:37:12,429 INFO     Wrote output to trainNN/out/v050-finunified-11-g82e53b5-dirty:lstm-best-features-power/config.json
2017-02-12 18:37:49,857 INFO     Saving network params to trainNN/out/v050-finunified-11-g82e53b5-dirty:lstm-best-features-power/epoch-105.pkl
2017-02-12 18:37:50,726 INFO     epoch: 105 took 38.299s (0.001s in batching)
training loss:	0.543002
validation loss:	0.543162
validation error:	0.275600
2017-02-12 18:37:50,729 INFO     Wrote output to trainNN/out/v050-finunified-11-g82e53b5-dirty:lstm-best-features-power/config.json
2017-02-12 18:38:28,258 INFO     Saving network params to trainNN/out/v050-finunified-11-g82e53b5-dirty:lstm-best-features-power/epoch-106.pkl
2017-02-12 18:38:28,887 INFO     epoch: 106 took 38.162s (0.001s in batching)
training loss:	0.543110
validation loss:	0.537804
validation error:	0.271700
2017-02-12 18:38:28,891 INFO     Wrote output to trainNN/out/v050-finunified-11-g82e53b5-dirty:lstm-best-features-power/config.json
2017-02-12 18:39:06,548 INFO     Saving network params to trainNN/out/v050-finunified-11-g82e53b5-dirty:lstm-best-features-power/epoch-107.pkl
2017-02-12 18:39:07,154 INFO     epoch: 107 took 38.267s (0.001s in batching)
training loss:	0.542773
validation loss:	0.538194
validation error:	0.269000
2017-02-12 18:39:07,159 INFO     Wrote output to trainNN/out/v050-finunified-11-g82e53b5-dirty:lstm-best-features-power/config.json
2017-02-12 18:39:44,740 INFO     Saving network params to trainNN/out/v050-finunified-11-g82e53b5-dirty:lstm-best-features-power/epoch-108.pkl
2017-02-12 18:39:45,898 INFO     epoch: 108 took 38.744s (0.001s in batching)
training loss:	0.542738
validation loss:	0.541231
validation error:	0.271700
2017-02-12 18:39:45,902 INFO     Wrote output to trainNN/out/v050-finunified-11-g82e53b5-dirty:lstm-best-features-power/config.json
2017-02-12 18:40:23,483 INFO     Saving network params to trainNN/out/v050-finunified-11-g82e53b5-dirty:lstm-best-features-power/epoch-109.pkl
2017-02-12 18:40:24,865 INFO     epoch: 109 took 38.967s (0.001s in batching)
training loss:	0.542775
validation loss:	0.538479
validation error:	0.266500
2017-02-12 18:40:24,869 INFO     Wrote output to trainNN/out/v050-finunified-11-g82e53b5-dirty:lstm-best-features-power/config.json
2017-02-12 18:41:02,915 INFO     Saving network params to trainNN/out/v050-finunified-11-g82e53b5-dirty:lstm-best-features-power/epoch-110.pkl
2017-02-12 18:41:03,564 INFO     epoch: 110 took 38.699s (0.001s in batching)
training loss:	0.542879
validation loss:	0.539918
validation error:	0.270200
2017-02-12 18:41:03,570 INFO     Wrote output to trainNN/out/v050-finunified-11-g82e53b5-dirty:lstm-best-features-power/config.json
2017-02-12 18:41:40,876 INFO     Saving network params to trainNN/out/v050-finunified-11-g82e53b5-dirty:lstm-best-features-power/epoch-111.pkl
2017-02-12 18:41:42,700 INFO     epoch: 111 took 39.136s (0.001s in batching)
training loss:	0.542782
validation loss:	0.538130
validation error:	0.270400
2017-02-12 18:41:42,704 INFO     Wrote output to trainNN/out/v050-finunified-11-g82e53b5-dirty:lstm-best-features-power/config.json
2017-02-12 18:42:19,861 INFO     Saving network params to trainNN/out/v050-finunified-11-g82e53b5-dirty:lstm-best-features-power/epoch-112.pkl
2017-02-12 18:42:21,641 INFO     epoch: 112 took 38.941s (0.001s in batching)
training loss:	0.542579
validation loss:	0.540906
validation error:	0.272100
2017-02-12 18:42:21,646 INFO     Wrote output to trainNN/out/v050-finunified-11-g82e53b5-dirty:lstm-best-features-power/config.json
2017-02-12 18:42:58,427 INFO     Saving network params to trainNN/out/v050-finunified-11-g82e53b5-dirty:lstm-best-features-power/epoch-113.pkl
2017-02-12 18:42:59,252 INFO     epoch: 113 took 37.611s (0.001s in batching)
training loss:	0.542825
validation loss:	0.537922
validation error:	0.267800
2017-02-12 18:42:59,256 INFO     Wrote output to trainNN/out/v050-finunified-11-g82e53b5-dirty:lstm-best-features-power/config.json
2017-02-12 18:43:36,663 INFO     Saving network params to trainNN/out/v050-finunified-11-g82e53b5-dirty:lstm-best-features-power/epoch-114.pkl
2017-02-12 18:43:37,503 INFO     epoch: 114 took 38.251s (0.001s in batching)
training loss:	0.542422
validation loss:	0.538623
validation error:	0.272500
2017-02-12 18:43:37,507 INFO     Wrote output to trainNN/out/v050-finunified-11-g82e53b5-dirty:lstm-best-features-power/config.json
2017-02-12 18:44:14,983 INFO     Saving network params to trainNN/out/v050-finunified-11-g82e53b5-dirty:lstm-best-features-power/epoch-115.pkl
2017-02-12 18:44:15,578 INFO     epoch: 115 took 38.074s (0.001s in batching)
training loss:	0.542343
validation loss:	0.542301
validation error:	0.273500
2017-02-12 18:44:15,582 INFO     Wrote output to trainNN/out/v050-finunified-11-g82e53b5-dirty:lstm-best-features-power/config.json
2017-02-12 18:44:52,861 INFO     Saving network params to trainNN/out/v050-finunified-11-g82e53b5-dirty:lstm-best-features-power/epoch-116.pkl
2017-02-12 18:44:54,121 INFO     epoch: 116 took 38.543s (0.001s in batching)
training loss:	0.542657
validation loss:	0.539100
validation error:	0.269100
2017-02-12 18:44:54,125 INFO     Wrote output to trainNN/out/v050-finunified-11-g82e53b5-dirty:lstm-best-features-power/config.json
2017-02-12 18:45:31,023 INFO     Saving network params to trainNN/out/v050-finunified-11-g82e53b5-dirty:lstm-best-features-power/epoch-117.pkl
2017-02-12 18:45:32,350 INFO     epoch: 117 took 38.229s (0.001s in batching)
training loss:	0.542165
validation loss:	0.540247
validation error:	0.272200
2017-02-12 18:45:32,354 INFO     Wrote output to trainNN/out/v050-finunified-11-g82e53b5-dirty:lstm-best-features-power/config.json
2017-02-12 18:46:09,478 INFO     Saving network params to trainNN/out/v050-finunified-11-g82e53b5-dirty:lstm-best-features-power/epoch-118.pkl
2017-02-12 18:46:10,566 INFO     epoch: 118 took 38.215s (0.001s in batching)
training loss:	0.542360
validation loss:	0.540320
validation error:	0.272700
2017-02-12 18:46:10,570 INFO     Wrote output to trainNN/out/v050-finunified-11-g82e53b5-dirty:lstm-best-features-power/config.json
2017-02-12 18:46:47,489 INFO     Saving network params to trainNN/out/v050-finunified-11-g82e53b5-dirty:lstm-best-features-power/epoch-119.pkl
2017-02-12 18:46:48,644 INFO     epoch: 119 took 38.079s (0.001s in batching)
training loss:	0.542520
validation loss:	0.540417
validation error:	0.273300
2017-02-12 18:46:48,648 INFO     Wrote output to trainNN/out/v050-finunified-11-g82e53b5-dirty:lstm-best-features-power/config.json
2017-02-12 18:47:25,616 INFO     Saving network params to trainNN/out/v050-finunified-11-g82e53b5-dirty:lstm-best-features-power/epoch-120.pkl
2017-02-12 18:47:26,204 INFO     epoch: 120 took 37.559s (0.001s in batching)
training loss:	0.542271
validation loss:	0.538915
validation error:	0.270500
2017-02-12 18:47:26,208 INFO     Wrote output to trainNN/out/v050-finunified-11-g82e53b5-dirty:lstm-best-features-power/config.json
2017-02-12 18:48:03,718 INFO     Saving network params to trainNN/out/v050-finunified-11-g82e53b5-dirty:lstm-best-features-power/epoch-121.pkl
2017-02-12 18:48:04,308 INFO     epoch: 121 took 38.104s (0.001s in batching)
training loss:	0.542215
validation loss:	0.538988
validation error:	0.270900
2017-02-12 18:48:04,312 INFO     Wrote output to trainNN/out/v050-finunified-11-g82e53b5-dirty:lstm-best-features-power/config.json
2017-02-12 18:48:41,665 INFO     Saving network params to trainNN/out/v050-finunified-11-g82e53b5-dirty:lstm-best-features-power/epoch-122.pkl
2017-02-12 18:48:42,682 INFO     epoch: 122 took 38.374s (0.001s in batching)
training loss:	0.541886
validation loss:	0.538588
validation error:	0.271000
2017-02-12 18:48:42,685 INFO     Wrote output to trainNN/out/v050-finunified-11-g82e53b5-dirty:lstm-best-features-power/config.json
2017-02-12 18:49:19,851 INFO     Saving network params to trainNN/out/v050-finunified-11-g82e53b5-dirty:lstm-best-features-power/epoch-123.pkl
2017-02-12 18:49:20,897 INFO     epoch: 123 took 38.215s (0.001s in batching)
training loss:	0.541828
validation loss:	0.540484
validation error:	0.271500
2017-02-12 18:49:20,901 INFO     Wrote output to trainNN/out/v050-finunified-11-g82e53b5-dirty:lstm-best-features-power/config.json
2017-02-12 18:49:58,030 INFO     Saving network params to trainNN/out/v050-finunified-11-g82e53b5-dirty:lstm-best-features-power/epoch-124.pkl
2017-02-12 18:49:59,078 INFO     epoch: 124 took 38.181s (0.001s in batching)
training loss:	0.541747
validation loss:	0.539901
validation error:	0.272800
2017-02-12 18:49:59,081 INFO     Wrote output to trainNN/out/v050-finunified-11-g82e53b5-dirty:lstm-best-features-power/config.json
2017-02-12 18:50:35,959 INFO     Saving network params to trainNN/out/v050-finunified-11-g82e53b5-dirty:lstm-best-features-power/epoch-125.pkl
2017-02-12 18:50:37,314 INFO     epoch: 125 took 38.237s (0.001s in batching)
training loss:	0.541658
validation loss:	0.539152
validation error:	0.268500
2017-02-12 18:50:37,318 INFO     Wrote output to trainNN/out/v050-finunified-11-g82e53b5-dirty:lstm-best-features-power/config.json
2017-02-12 18:51:14,050 INFO     Saving network params to trainNN/out/v050-finunified-11-g82e53b5-dirty:lstm-best-features-power/epoch-126.pkl
2017-02-12 18:51:15,386 INFO     epoch: 126 took 38.071s (0.001s in batching)
training loss:	0.541826
validation loss:	0.539811
validation error:	0.270900
2017-02-12 18:51:15,389 INFO     Wrote output to trainNN/out/v050-finunified-11-g82e53b5-dirty:lstm-best-features-power/config.json
2017-02-12 18:51:52,327 INFO     Saving network params to trainNN/out/v050-finunified-11-g82e53b5-dirty:lstm-best-features-power/epoch-127.pkl
2017-02-12 18:51:53,678 INFO     epoch: 127 took 38.293s (0.001s in batching)
training loss:	0.541870
validation loss:	0.541303
validation error:	0.271900
2017-02-12 18:51:53,682 INFO     Wrote output to trainNN/out/v050-finunified-11-g82e53b5-dirty:lstm-best-features-power/config.json
2017-02-12 18:52:30,849 INFO     Saving network params to trainNN/out/v050-finunified-11-g82e53b5-dirty:lstm-best-features-power/epoch-128.pkl
2017-02-12 18:52:31,426 INFO     epoch: 128 took 37.747s (0.001s in batching)
training loss:	0.541614
validation loss:	0.540563
validation error:	0.271700
2017-02-12 18:52:31,429 INFO     Wrote output to trainNN/out/v050-finunified-11-g82e53b5-dirty:lstm-best-features-power/config.json
2017-02-12 18:53:08,298 INFO     Saving network params to trainNN/out/v050-finunified-11-g82e53b5-dirty:lstm-best-features-power/epoch-129.pkl
2017-02-12 18:53:09,818 INFO     epoch: 129 took 38.393s (0.001s in batching)
training loss:	0.541663
validation loss:	0.537648
validation error:	0.268000
2017-02-12 18:53:09,822 INFO     Wrote output to trainNN/out/v050-finunified-11-g82e53b5-dirty:lstm-best-features-power/config.json
2017-02-12 18:53:46,853 INFO     Saving network params to trainNN/out/v050-finunified-11-g82e53b5-dirty:lstm-best-features-power/epoch-130.pkl
2017-02-12 18:53:48,316 INFO     epoch: 130 took 38.497s (0.001s in batching)
training loss:	0.541410
validation loss:	0.538179
validation error:	0.268800
2017-02-12 18:53:48,320 INFO     Wrote output to trainNN/out/v050-finunified-11-g82e53b5-dirty:lstm-best-features-power/config.json
2017-02-12 18:54:25,556 INFO     Saving network params to trainNN/out/v050-finunified-11-g82e53b5-dirty:lstm-best-features-power/epoch-131.pkl
2017-02-12 18:54:26,733 INFO     epoch: 131 took 38.417s (0.001s in batching)
training loss:	0.541169
validation loss:	0.541412
validation error:	0.272100
2017-02-12 18:54:26,738 INFO     Wrote output to trainNN/out/v050-finunified-11-g82e53b5-dirty:lstm-best-features-power/config.json
2017-02-12 18:55:03,633 INFO     Saving network params to trainNN/out/v050-finunified-11-g82e53b5-dirty:lstm-best-features-power/epoch-132.pkl
2017-02-12 18:55:05,376 INFO     epoch: 132 took 38.643s (0.001s in batching)
training loss:	0.541461
validation loss:	0.541515
validation error:	0.270600
2017-02-12 18:55:05,380 INFO     Wrote output to trainNN/out/v050-finunified-11-g82e53b5-dirty:lstm-best-features-power/config.json
2017-02-12 18:55:42,610 INFO     Saving network params to trainNN/out/v050-finunified-11-g82e53b5-dirty:lstm-best-features-power/epoch-133.pkl
2017-02-12 18:55:43,675 INFO     epoch: 133 took 38.299s (0.001s in batching)
training loss:	0.540717
validation loss:	0.539882
validation error:	0.271500
2017-02-12 18:55:43,679 INFO     Wrote output to trainNN/out/v050-finunified-11-g82e53b5-dirty:lstm-best-features-power/config.json
2017-02-12 18:56:21,556 INFO     Saving network params to trainNN/out/v050-finunified-11-g82e53b5-dirty:lstm-best-features-power/epoch-134.pkl
2017-02-12 18:56:22,988 INFO     epoch: 134 took 39.313s (0.001s in batching)
training loss:	0.541075
validation loss:	0.539780
validation error:	0.274300
2017-02-12 18:56:22,992 INFO     Wrote output to trainNN/out/v050-finunified-11-g82e53b5-dirty:lstm-best-features-power/config.json
2017-02-12 18:57:00,768 INFO     Saving network params to trainNN/out/v050-finunified-11-g82e53b5-dirty:lstm-best-features-power/epoch-135.pkl
2017-02-12 18:57:02,175 INFO     epoch: 135 took 39.187s (0.001s in batching)
training loss:	0.541266
validation loss:	0.542243
validation error:	0.273500
2017-02-12 18:57:02,180 INFO     Wrote output to trainNN/out/v050-finunified-11-g82e53b5-dirty:lstm-best-features-power/config.json
2017-02-12 18:57:39,456 INFO     Saving network params to trainNN/out/v050-finunified-11-g82e53b5-dirty:lstm-best-features-power/epoch-136.pkl
2017-02-12 18:57:40,044 INFO     epoch: 136 took 37.868s (0.001s in batching)
training loss:	0.540955
validation loss:	0.542415
validation error:	0.275400
2017-02-12 18:57:40,048 INFO     Wrote output to trainNN/out/v050-finunified-11-g82e53b5-dirty:lstm-best-features-power/config.json
2017-02-12 18:58:17,507 INFO     Saving network params to trainNN/out/v050-finunified-11-g82e53b5-dirty:lstm-best-features-power/epoch-137.pkl
2017-02-12 18:58:18,848 INFO     epoch: 137 took 38.804s (0.001s in batching)
training loss:	0.540980
validation loss:	0.545232
validation error:	0.273000
2017-02-12 18:58:18,852 INFO     Wrote output to trainNN/out/v050-finunified-11-g82e53b5-dirty:lstm-best-features-power/config.json
2017-02-12 18:58:56,386 INFO     Saving network params to trainNN/out/v050-finunified-11-g82e53b5-dirty:lstm-best-features-power/epoch-138.pkl
2017-02-12 18:58:57,133 INFO     epoch: 138 took 38.285s (0.001s in batching)
training loss:	0.540416
validation loss:	0.539389
validation error:	0.268100
2017-02-12 18:58:57,140 INFO     Wrote output to trainNN/out/v050-finunified-11-g82e53b5-dirty:lstm-best-features-power/config.json
2017-02-12 18:59:34,539 INFO     Saving network params to trainNN/out/v050-finunified-11-g82e53b5-dirty:lstm-best-features-power/epoch-139.pkl
2017-02-12 18:59:35,396 INFO     epoch: 139 took 38.264s (0.001s in batching)
training loss:	0.540156
validation loss:	0.537934
validation error:	0.270700
2017-02-12 18:59:35,401 INFO     Wrote output to trainNN/out/v050-finunified-11-g82e53b5-dirty:lstm-best-features-power/config.json
2017-02-12 19:00:02,709 INFO     Saving network params to trainNN/out/v050-finunified-11-g82e53b5-dirty:lstm-best-features-power/epoch-140.pkl
2017-02-12 19:00:03,314 INFO     epoch: 140 took 27.917s (0.001s in batching)
training loss:	0.540601
validation loss:	0.540605
validation error:	0.272200
2017-02-12 19:00:03,318 INFO     Wrote output to trainNN/out/v050-finunified-11-g82e53b5-dirty:lstm-best-features-power/config.json
2017-02-12 19:00:29,479 INFO     Saving network params to trainNN/out/v050-finunified-11-g82e53b5-dirty:lstm-best-features-power/epoch-141.pkl
2017-02-12 19:00:30,060 INFO     epoch: 141 took 26.747s (0.001s in batching)
training loss:	0.540502
validation loss:	0.538914
validation error:	0.267500
2017-02-12 19:00:30,064 INFO     Wrote output to trainNN/out/v050-finunified-11-g82e53b5-dirty:lstm-best-features-power/config.json
2017-02-12 19:00:56,242 INFO     Saving network params to trainNN/out/v050-finunified-11-g82e53b5-dirty:lstm-best-features-power/epoch-142.pkl
2017-02-12 19:00:56,850 INFO     epoch: 142 took 26.790s (0.001s in batching)
training loss:	0.540214
validation loss:	0.539747
validation error:	0.271400
2017-02-12 19:00:56,854 INFO     Wrote output to trainNN/out/v050-finunified-11-g82e53b5-dirty:lstm-best-features-power/config.json
2017-02-12 19:01:22,860 INFO     Saving network params to trainNN/out/v050-finunified-11-g82e53b5-dirty:lstm-best-features-power/epoch-143.pkl
2017-02-12 19:01:23,429 INFO     epoch: 143 took 26.579s (0.001s in batching)
training loss:	0.540553
validation loss:	0.545253
validation error:	0.274200
2017-02-12 19:01:23,434 INFO     Wrote output to trainNN/out/v050-finunified-11-g82e53b5-dirty:lstm-best-features-power/config.json
2017-02-12 19:01:49,446 INFO     Saving network params to trainNN/out/v050-finunified-11-g82e53b5-dirty:lstm-best-features-power/epoch-144.pkl
2017-02-12 19:01:50,064 INFO     epoch: 144 took 26.635s (0.001s in batching)
training loss:	0.540130
validation loss:	0.539877
validation error:	0.270900
2017-02-12 19:01:50,068 INFO     Wrote output to trainNN/out/v050-finunified-11-g82e53b5-dirty:lstm-best-features-power/config.json
2017-02-12 19:02:16,080 INFO     Saving network params to trainNN/out/v050-finunified-11-g82e53b5-dirty:lstm-best-features-power/epoch-145.pkl
2017-02-12 19:02:16,645 INFO     epoch: 145 took 26.582s (0.001s in batching)
training loss:	0.540692
validation loss:	0.538170
validation error:	0.268400
2017-02-12 19:02:16,650 INFO     Wrote output to trainNN/out/v050-finunified-11-g82e53b5-dirty:lstm-best-features-power/config.json
2017-02-12 19:02:42,392 INFO     Saving network params to trainNN/out/v050-finunified-11-g82e53b5-dirty:lstm-best-features-power/epoch-146.pkl
2017-02-12 19:02:42,966 INFO     epoch: 146 took 26.320s (0.001s in batching)
training loss:	0.540247
validation loss:	0.542424
validation error:	0.273400
2017-02-12 19:02:42,970 INFO     Wrote output to trainNN/out/v050-finunified-11-g82e53b5-dirty:lstm-best-features-power/config.json
2017-02-12 19:03:08,786 INFO     Saving network params to trainNN/out/v050-finunified-11-g82e53b5-dirty:lstm-best-features-power/epoch-147.pkl
2017-02-12 19:03:09,382 INFO     epoch: 147 took 26.416s (0.001s in batching)
training loss:	0.540349
validation loss:	0.540136
validation error:	0.271600
2017-02-12 19:03:09,386 INFO     Wrote output to trainNN/out/v050-finunified-11-g82e53b5-dirty:lstm-best-features-power/config.json
2017-02-12 19:03:35,266 INFO     Saving network params to trainNN/out/v050-finunified-11-g82e53b5-dirty:lstm-best-features-power/epoch-148.pkl
2017-02-12 19:03:35,842 INFO     epoch: 148 took 26.460s (0.001s in batching)
training loss:	0.540281
validation loss:	0.541772
validation error:	0.275800
2017-02-12 19:03:35,846 INFO     Wrote output to trainNN/out/v050-finunified-11-g82e53b5-dirty:lstm-best-features-power/config.json
2017-02-12 19:04:01,696 INFO     Saving network params to trainNN/out/v050-finunified-11-g82e53b5-dirty:lstm-best-features-power/epoch-149.pkl
2017-02-12 19:04:02,265 INFO     epoch: 149 took 26.423s (0.001s in batching)
training loss:	0.540148
validation loss:	0.541946
validation error:	0.271700
2017-02-12 19:04:02,269 INFO     Wrote output to trainNN/out/v050-finunified-11-g82e53b5-dirty:lstm-best-features-power/config.json
2017-02-12 19:04:28,244 INFO     Saving network params to trainNN/out/v050-finunified-11-g82e53b5-dirty:lstm-best-features-power/epoch-150.pkl
2017-02-12 19:04:28,815 INFO     epoch: 150 took 26.550s (0.001s in batching)
training loss:	0.539975
validation loss:	0.540466
validation error:	0.271800
2017-02-12 19:04:28,819 INFO     Wrote output to trainNN/out/v050-finunified-11-g82e53b5-dirty:lstm-best-features-power/config.json
2017-02-12 19:04:54,801 INFO     Saving network params to trainNN/out/v050-finunified-11-g82e53b5-dirty:lstm-best-features-power/epoch-151.pkl
2017-02-12 19:04:56,014 INFO     epoch: 151 took 27.199s (0.001s in batching)
training loss:	0.539742
validation loss:	0.541910
validation error:	0.271700
2017-02-12 19:04:56,019 INFO     Wrote output to trainNN/out/v050-finunified-11-g82e53b5-dirty:lstm-best-features-power/config.json
2017-02-12 19:05:21,896 INFO     Saving network params to trainNN/out/v050-finunified-11-g82e53b5-dirty:lstm-best-features-power/epoch-152.pkl
2017-02-12 19:05:22,460 INFO     epoch: 152 took 26.446s (0.001s in batching)
training loss:	0.540179
validation loss:	0.539691
validation error:	0.268900
2017-02-12 19:05:22,464 INFO     Wrote output to trainNN/out/v050-finunified-11-g82e53b5-dirty:lstm-best-features-power/config.json
2017-02-12 19:05:48,145 INFO     Saving network params to trainNN/out/v050-finunified-11-g82e53b5-dirty:lstm-best-features-power/epoch-153.pkl
2017-02-12 19:05:48,718 INFO     epoch: 153 took 26.257s (0.001s in batching)
training loss:	0.539519
validation loss:	0.541911
validation error:	0.272700
2017-02-12 19:05:48,722 INFO     Wrote output to trainNN/out/v050-finunified-11-g82e53b5-dirty:lstm-best-features-power/config.json
2017-02-12 19:06:14,588 INFO     Saving network params to trainNN/out/v050-finunified-11-g82e53b5-dirty:lstm-best-features-power/epoch-154.pkl
2017-02-12 19:06:15,190 INFO     epoch: 154 took 26.472s (0.001s in batching)
training loss:	0.539452
validation loss:	0.541742
validation error:	0.273300
2017-02-12 19:06:15,194 INFO     Wrote output to trainNN/out/v050-finunified-11-g82e53b5-dirty:lstm-best-features-power/config.json
2017-02-12 19:06:40,844 INFO     Saving network params to trainNN/out/v050-finunified-11-g82e53b5-dirty:lstm-best-features-power/epoch-155.pkl
2017-02-12 19:06:41,410 INFO     epoch: 155 took 26.220s (0.001s in batching)
training loss:	0.539848
validation loss:	0.540356
validation error:	0.272800
2017-02-12 19:06:41,414 INFO     Wrote output to trainNN/out/v050-finunified-11-g82e53b5-dirty:lstm-best-features-power/config.json
2017-02-12 19:07:07,178 INFO     Saving network params to trainNN/out/v050-finunified-11-g82e53b5-dirty:lstm-best-features-power/epoch-156.pkl
2017-02-12 19:07:07,744 INFO     epoch: 156 took 26.335s (0.001s in batching)
training loss:	0.539713
validation loss:	0.539008
validation error:	0.269600
2017-02-12 19:07:07,749 INFO     Wrote output to trainNN/out/v050-finunified-11-g82e53b5-dirty:lstm-best-features-power/config.json
2017-02-12 19:07:33,650 INFO     Saving network params to trainNN/out/v050-finunified-11-g82e53b5-dirty:lstm-best-features-power/epoch-157.pkl
2017-02-12 19:07:34,222 INFO     epoch: 157 took 26.477s (0.001s in batching)
training loss:	0.539224
validation loss:	0.543354
validation error:	0.271500
2017-02-12 19:07:34,226 INFO     Wrote output to trainNN/out/v050-finunified-11-g82e53b5-dirty:lstm-best-features-power/config.json
2017-02-12 19:08:00,110 INFO     Saving network params to trainNN/out/v050-finunified-11-g82e53b5-dirty:lstm-best-features-power/epoch-158.pkl
2017-02-12 19:08:00,695 INFO     epoch: 158 took 26.473s (0.001s in batching)
training loss:	0.539491
validation loss:	0.541921
validation error:	0.273500
2017-02-12 19:08:00,699 INFO     Wrote output to trainNN/out/v050-finunified-11-g82e53b5-dirty:lstm-best-features-power/config.json
2017-02-12 19:08:26,513 INFO     Saving network params to trainNN/out/v050-finunified-11-g82e53b5-dirty:lstm-best-features-power/epoch-159.pkl
2017-02-12 19:08:27,084 INFO     epoch: 159 took 26.390s (0.001s in batching)
training loss:	0.539245
validation loss:	0.542638
validation error:	0.273900
2017-02-12 19:08:27,088 INFO     Wrote output to trainNN/out/v050-finunified-11-g82e53b5-dirty:lstm-best-features-power/config.json
2017-02-12 19:08:53,003 INFO     Saving network params to trainNN/out/v050-finunified-11-g82e53b5-dirty:lstm-best-features-power/epoch-160.pkl
2017-02-12 19:08:53,580 INFO     epoch: 160 took 26.496s (0.001s in batching)
training loss:	0.539355
validation loss:	0.541721
validation error:	0.275400
2017-02-12 19:08:53,587 INFO     Wrote output to trainNN/out/v050-finunified-11-g82e53b5-dirty:lstm-best-features-power/config.json
2017-02-12 19:09:19,365 INFO     Saving network params to trainNN/out/v050-finunified-11-g82e53b5-dirty:lstm-best-features-power/epoch-161.pkl
2017-02-12 19:09:19,940 INFO     epoch: 161 took 26.360s (0.001s in batching)
training loss:	0.539606
validation loss:	0.542374
validation error:	0.269500
2017-02-12 19:09:19,944 INFO     Wrote output to trainNN/out/v050-finunified-11-g82e53b5-dirty:lstm-best-features-power/config.json
2017-02-12 19:09:45,954 INFO     Saving network params to trainNN/out/v050-finunified-11-g82e53b5-dirty:lstm-best-features-power/epoch-162.pkl
2017-02-12 19:09:46,524 INFO     epoch: 162 took 26.584s (0.001s in batching)
training loss:	0.539019
validation loss:	0.539870
validation error:	0.270100
2017-02-12 19:09:46,528 INFO     Wrote output to trainNN/out/v050-finunified-11-g82e53b5-dirty:lstm-best-features-power/config.json
2017-02-12 19:10:12,335 INFO     Saving network params to trainNN/out/v050-finunified-11-g82e53b5-dirty:lstm-best-features-power/epoch-163.pkl
2017-02-12 19:10:12,905 INFO     epoch: 163 took 26.381s (0.001s in batching)
training loss:	0.539548
validation loss:	0.540420
validation error:	0.271600
2017-02-12 19:10:12,910 INFO     Wrote output to trainNN/out/v050-finunified-11-g82e53b5-dirty:lstm-best-features-power/config.json
2017-02-12 19:10:38,990 INFO     Saving network params to trainNN/out/v050-finunified-11-g82e53b5-dirty:lstm-best-features-power/epoch-164.pkl
2017-02-12 19:10:39,566 INFO     epoch: 164 took 26.660s (0.001s in batching)
training loss:	0.539011
validation loss:	0.541201
validation error:	0.272000
2017-02-12 19:10:39,570 INFO     Wrote output to trainNN/out/v050-finunified-11-g82e53b5-dirty:lstm-best-features-power/config.json
2017-02-12 19:11:05,508 INFO     Saving network params to trainNN/out/v050-finunified-11-g82e53b5-dirty:lstm-best-features-power/epoch-165.pkl
2017-02-12 19:11:06,125 INFO     epoch: 165 took 26.559s (0.001s in batching)
training loss:	0.538933
validation loss:	0.542210
validation error:	0.270200
2017-02-12 19:11:06,129 INFO     Wrote output to trainNN/out/v050-finunified-11-g82e53b5-dirty:lstm-best-features-power/config.json
2017-02-12 19:11:31,722 INFO     Saving network params to trainNN/out/v050-finunified-11-g82e53b5-dirty:lstm-best-features-power/epoch-166.pkl
2017-02-12 19:11:32,290 INFO     epoch: 166 took 26.165s (0.001s in batching)
training loss:	0.538958
validation loss:	0.541349
validation error:	0.271100
2017-02-12 19:11:32,295 INFO     Wrote output to trainNN/out/v050-finunified-11-g82e53b5-dirty:lstm-best-features-power/config.json
2017-02-12 19:11:57,936 INFO     Saving network params to trainNN/out/v050-finunified-11-g82e53b5-dirty:lstm-best-features-power/epoch-167.pkl
2017-02-12 19:11:58,502 INFO     epoch: 167 took 26.212s (0.001s in batching)
training loss:	0.539060
validation loss:	0.540798
validation error:	0.273300
2017-02-12 19:11:58,507 INFO     Wrote output to trainNN/out/v050-finunified-11-g82e53b5-dirty:lstm-best-features-power/config.json
2017-02-12 19:12:24,006 INFO     Saving network params to trainNN/out/v050-finunified-11-g82e53b5-dirty:lstm-best-features-power/epoch-168.pkl
2017-02-12 19:12:24,574 INFO     epoch: 168 took 26.072s (0.001s in batching)
training loss:	0.538925
validation loss:	0.539704
validation error:	0.271200
2017-02-12 19:12:24,578 INFO     Wrote output to trainNN/out/v050-finunified-11-g82e53b5-dirty:lstm-best-features-power/config.json
2017-02-12 19:12:50,064 INFO     Saving network params to trainNN/out/v050-finunified-11-g82e53b5-dirty:lstm-best-features-power/epoch-169.pkl
2017-02-12 19:12:50,628 INFO     epoch: 169 took 26.054s (0.001s in batching)
training loss:	0.538231
validation loss:	0.540111
validation error:	0.271500
2017-02-12 19:12:50,632 INFO     Wrote output to trainNN/out/v050-finunified-11-g82e53b5-dirty:lstm-best-features-power/config.json
2017-02-12 19:13:16,185 INFO     Saving network params to trainNN/out/v050-finunified-11-g82e53b5-dirty:lstm-best-features-power/epoch-170.pkl
2017-02-12 19:13:16,790 INFO     epoch: 170 took 26.163s (0.001s in batching)
training loss:	0.538452
validation loss:	0.540706
validation error:	0.271700
2017-02-12 19:13:16,795 INFO     Wrote output to trainNN/out/v050-finunified-11-g82e53b5-dirty:lstm-best-features-power/config.json
2017-02-12 19:13:42,414 INFO     Saving network params to trainNN/out/v050-finunified-11-g82e53b5-dirty:lstm-best-features-power/epoch-171.pkl
2017-02-12 19:13:42,989 INFO     epoch: 171 took 26.199s (0.001s in batching)
training loss:	0.538407
validation loss:	0.540234
validation error:	0.273400
2017-02-12 19:13:42,994 INFO     Wrote output to trainNN/out/v050-finunified-11-g82e53b5-dirty:lstm-best-features-power/config.json
2017-02-12 19:14:08,865 INFO     Saving network params to trainNN/out/v050-finunified-11-g82e53b5-dirty:lstm-best-features-power/epoch-172.pkl
2017-02-12 19:14:09,437 INFO     epoch: 172 took 26.448s (0.001s in batching)
training loss:	0.538829
validation loss:	0.541994
validation error:	0.271700
2017-02-12 19:14:09,441 INFO     Wrote output to trainNN/out/v050-finunified-11-g82e53b5-dirty:lstm-best-features-power/config.json
2017-02-12 19:14:35,173 INFO     Saving network params to trainNN/out/v050-finunified-11-g82e53b5-dirty:lstm-best-features-power/epoch-173.pkl
2017-02-12 19:14:35,750 INFO     epoch: 173 took 26.313s (0.001s in batching)
training loss:	0.538760
validation loss:	0.540274
validation error:	0.272300
2017-02-12 19:14:35,755 INFO     Wrote output to trainNN/out/v050-finunified-11-g82e53b5-dirty:lstm-best-features-power/config.json
2017-02-12 19:15:01,512 INFO     Saving network params to trainNN/out/v050-finunified-11-g82e53b5-dirty:lstm-best-features-power/epoch-174.pkl
2017-02-12 19:15:02,092 INFO     epoch: 174 took 26.341s (0.001s in batching)
training loss:	0.538467
validation loss:	0.540583
validation error:	0.271900
2017-02-12 19:15:02,096 INFO     Wrote output to trainNN/out/v050-finunified-11-g82e53b5-dirty:lstm-best-features-power/config.json
2017-02-12 19:15:27,859 INFO     Saving network params to trainNN/out/v050-finunified-11-g82e53b5-dirty:lstm-best-features-power/epoch-175.pkl
2017-02-12 19:15:28,427 INFO     epoch: 175 took 26.336s (0.001s in batching)
training loss:	0.538141
validation loss:	0.541337
validation error:	0.271700
2017-02-12 19:15:28,432 INFO     Wrote output to trainNN/out/v050-finunified-11-g82e53b5-dirty:lstm-best-features-power/config.json
2017-02-12 19:15:54,470 INFO     Saving network params to trainNN/out/v050-finunified-11-g82e53b5-dirty:lstm-best-features-power/epoch-176.pkl
2017-02-12 19:15:55,056 INFO     epoch: 176 took 26.629s (0.001s in batching)
training loss:	0.538757
validation loss:	0.542122
validation error:	0.271500
2017-02-12 19:15:55,061 INFO     Wrote output to trainNN/out/v050-finunified-11-g82e53b5-dirty:lstm-best-features-power/config.json
2017-02-12 19:16:21,262 INFO     Saving network params to trainNN/out/v050-finunified-11-g82e53b5-dirty:lstm-best-features-power/epoch-177.pkl
2017-02-12 19:16:21,838 INFO     epoch: 177 took 26.782s (0.001s in batching)
training loss:	0.538156
validation loss:	0.539849
validation error:	0.271400
2017-02-12 19:16:21,843 INFO     Wrote output to trainNN/out/v050-finunified-11-g82e53b5-dirty:lstm-best-features-power/config.json
2017-02-12 19:16:47,996 INFO     Saving network params to trainNN/out/v050-finunified-11-g82e53b5-dirty:lstm-best-features-power/epoch-178.pkl
2017-02-12 19:16:48,568 INFO     epoch: 178 took 26.730s (0.001s in batching)
training loss:	0.538393
validation loss:	0.539368
validation error:	0.269600
2017-02-12 19:16:48,573 INFO     Wrote output to trainNN/out/v050-finunified-11-g82e53b5-dirty:lstm-best-features-power/config.json
2017-02-12 19:17:14,247 INFO     Saving network params to trainNN/out/v050-finunified-11-g82e53b5-dirty:lstm-best-features-power/epoch-179.pkl
2017-02-12 19:17:14,818 INFO     epoch: 179 took 26.249s (0.001s in batching)
training loss:	0.538098
validation loss:	0.541563
validation error:	0.272400
2017-02-12 19:17:14,822 INFO     Wrote output to trainNN/out/v050-finunified-11-g82e53b5-dirty:lstm-best-features-power/config.json
2017-02-12 19:17:40,548 INFO     Saving network params to trainNN/out/v050-finunified-11-g82e53b5-dirty:lstm-best-features-power/epoch-180.pkl
2017-02-12 19:17:41,135 INFO     epoch: 180 took 26.317s (0.001s in batching)
training loss:	0.538331
validation loss:	0.545400
validation error:	0.273400
2017-02-12 19:17:41,140 INFO     Wrote output to trainNN/out/v050-finunified-11-g82e53b5-dirty:lstm-best-features-power/config.json
2017-02-12 19:18:07,304 INFO     Saving network params to trainNN/out/v050-finunified-11-g82e53b5-dirty:lstm-best-features-power/epoch-181.pkl
2017-02-12 19:18:07,880 INFO     epoch: 181 took 26.745s (0.001s in batching)
training loss:	0.538127
validation loss:	0.541512
validation error:	0.273800
2017-02-12 19:18:07,884 INFO     Wrote output to trainNN/out/v050-finunified-11-g82e53b5-dirty:lstm-best-features-power/config.json
2017-02-12 19:18:34,063 INFO     Saving network params to trainNN/out/v050-finunified-11-g82e53b5-dirty:lstm-best-features-power/epoch-182.pkl
2017-02-12 19:18:34,635 INFO     epoch: 182 took 26.755s (0.001s in batching)
training loss:	0.538194
validation loss:	0.546322
validation error:	0.274800
2017-02-12 19:18:34,640 INFO     Wrote output to trainNN/out/v050-finunified-11-g82e53b5-dirty:lstm-best-features-power/config.json
2017-02-12 19:19:00,676 INFO     Saving network params to trainNN/out/v050-finunified-11-g82e53b5-dirty:lstm-best-features-power/epoch-183.pkl
2017-02-12 19:19:01,248 INFO     epoch: 183 took 26.613s (0.001s in batching)
training loss:	0.538493
validation loss:	0.543193
validation error:	0.275100
2017-02-12 19:19:01,253 INFO     Wrote output to trainNN/out/v050-finunified-11-g82e53b5-dirty:lstm-best-features-power/config.json
2017-02-12 19:19:27,387 INFO     Saving network params to trainNN/out/v050-finunified-11-g82e53b5-dirty:lstm-best-features-power/epoch-184.pkl
2017-02-12 19:19:27,955 INFO     epoch: 184 took 26.707s (0.001s in batching)
training loss:	0.538134
validation loss:	0.542586
validation error:	0.275300
2017-02-12 19:19:27,960 INFO     Wrote output to trainNN/out/v050-finunified-11-g82e53b5-dirty:lstm-best-features-power/config.json
2017-02-12 19:19:53,833 INFO     Saving network params to trainNN/out/v050-finunified-11-g82e53b5-dirty:lstm-best-features-power/epoch-185.pkl
2017-02-12 19:19:54,407 INFO     epoch: 185 took 26.452s (0.001s in batching)
training loss:	0.537920
validation loss:	0.541636
validation error:	0.271300
2017-02-12 19:19:54,412 INFO     Wrote output to trainNN/out/v050-finunified-11-g82e53b5-dirty:lstm-best-features-power/config.json
2017-02-12 19:20:20,216 INFO     Saving network params to trainNN/out/v050-finunified-11-g82e53b5-dirty:lstm-best-features-power/epoch-186.pkl
2017-02-12 19:20:20,785 INFO     epoch: 186 took 26.378s (0.001s in batching)
training loss:	0.537503
validation loss:	0.541732
validation error:	0.271400
2017-02-12 19:20:20,790 INFO     Wrote output to trainNN/out/v050-finunified-11-g82e53b5-dirty:lstm-best-features-power/config.json
2017-02-12 19:20:47,009 INFO     Saving network params to trainNN/out/v050-finunified-11-g82e53b5-dirty:lstm-best-features-power/epoch-187.pkl
2017-02-12 19:20:47,584 INFO     epoch: 187 took 26.800s (0.001s in batching)
training loss:	0.537635
validation loss:	0.541234
validation error:	0.272500
2017-02-12 19:20:47,589 INFO     Wrote output to trainNN/out/v050-finunified-11-g82e53b5-dirty:lstm-best-features-power/config.json
2017-02-12 19:21:14,115 INFO     Saving network params to trainNN/out/v050-finunified-11-g82e53b5-dirty:lstm-best-features-power/epoch-188.pkl
2017-02-12 19:21:14,696 INFO     epoch: 188 took 27.111s (0.001s in batching)
training loss:	0.537441
validation loss:	0.540303
validation error:	0.269500
2017-02-12 19:21:14,700 INFO     Wrote output to trainNN/out/v050-finunified-11-g82e53b5-dirty:lstm-best-features-power/config.json
2017-02-12 19:21:40,963 INFO     Saving network params to trainNN/out/v050-finunified-11-g82e53b5-dirty:lstm-best-features-power/epoch-189.pkl
2017-02-12 19:21:41,563 INFO     epoch: 189 took 26.867s (0.001s in batching)
training loss:	0.537738
validation loss:	0.543345
validation error:	0.274900
2017-02-12 19:21:41,568 INFO     Wrote output to trainNN/out/v050-finunified-11-g82e53b5-dirty:lstm-best-features-power/config.json
2017-02-12 19:22:07,930 INFO     Saving network params to trainNN/out/v050-finunified-11-g82e53b5-dirty:lstm-best-features-power/epoch-190.pkl
2017-02-12 19:22:08,516 INFO     epoch: 190 took 26.953s (0.001s in batching)
training loss:	0.537573
validation loss:	0.542335
validation error:	0.272200
2017-02-12 19:22:08,521 INFO     Wrote output to trainNN/out/v050-finunified-11-g82e53b5-dirty:lstm-best-features-power/config.json
2017-02-12 19:22:34,797 INFO     Saving network params to trainNN/out/v050-finunified-11-g82e53b5-dirty:lstm-best-features-power/epoch-191.pkl
2017-02-12 19:22:35,379 INFO     epoch: 191 took 26.862s (0.001s in batching)
training loss:	0.537857
validation loss:	0.544772
validation error:	0.273800
2017-02-12 19:22:35,384 INFO     Wrote output to trainNN/out/v050-finunified-11-g82e53b5-dirty:lstm-best-features-power/config.json
2017-02-12 19:23:01,485 INFO     Saving network params to trainNN/out/v050-finunified-11-g82e53b5-dirty:lstm-best-features-power/epoch-192.pkl
2017-02-12 19:23:02,068 INFO     epoch: 192 took 26.689s (0.001s in batching)
training loss:	0.537401
validation loss:	0.540966
validation error:	0.273100
2017-02-12 19:23:02,073 INFO     Wrote output to trainNN/out/v050-finunified-11-g82e53b5-dirty:lstm-best-features-power/config.json
2017-02-12 19:23:28,120 INFO     Saving network params to trainNN/out/v050-finunified-11-g82e53b5-dirty:lstm-best-features-power/epoch-193.pkl
2017-02-12 19:23:28,684 INFO     epoch: 193 took 26.616s (0.001s in batching)
training loss:	0.537545
validation loss:	0.544296
validation error:	0.276700
2017-02-12 19:23:28,689 INFO     Wrote output to trainNN/out/v050-finunified-11-g82e53b5-dirty:lstm-best-features-power/config.json
2017-02-12 19:23:54,287 INFO     Saving network params to trainNN/out/v050-finunified-11-g82e53b5-dirty:lstm-best-features-power/epoch-194.pkl
2017-02-12 19:23:54,858 INFO     epoch: 194 took 26.173s (0.001s in batching)
training loss:	0.537306
validation loss:	0.543531
validation error:	0.274000
2017-02-12 19:23:54,863 INFO     Wrote output to trainNN/out/v050-finunified-11-g82e53b5-dirty:lstm-best-features-power/config.json
2017-02-12 19:24:21,006 INFO     Saving network params to trainNN/out/v050-finunified-11-g82e53b5-dirty:lstm-best-features-power/epoch-195.pkl
2017-02-12 19:24:21,576 INFO     epoch: 195 took 26.718s (0.001s in batching)
training loss:	0.536815
validation loss:	0.540902
validation error:	0.268300
2017-02-12 19:24:21,581 INFO     Wrote output to trainNN/out/v050-finunified-11-g82e53b5-dirty:lstm-best-features-power/config.json
2017-02-12 19:24:47,147 INFO     Saving network params to trainNN/out/v050-finunified-11-g82e53b5-dirty:lstm-best-features-power/epoch-196.pkl
2017-02-12 19:24:47,712 INFO     epoch: 196 took 26.137s (0.001s in batching)
training loss:	0.537021
validation loss:	0.546095
validation error:	0.274100
2017-02-12 19:24:47,717 INFO     Wrote output to trainNN/out/v050-finunified-11-g82e53b5-dirty:lstm-best-features-power/config.json
2017-02-12 19:25:13,269 INFO     Saving network params to trainNN/out/v050-finunified-11-g82e53b5-dirty:lstm-best-features-power/epoch-197.pkl
2017-02-12 19:25:13,835 INFO     epoch: 197 took 26.122s (0.001s in batching)
training loss:	0.537371
validation loss:	0.542662
validation error:	0.270500
2017-02-12 19:25:13,839 INFO     Wrote output to trainNN/out/v050-finunified-11-g82e53b5-dirty:lstm-best-features-power/config.json
2017-02-12 19:25:40,123 INFO     Saving network params to trainNN/out/v050-finunified-11-g82e53b5-dirty:lstm-best-features-power/epoch-198.pkl
2017-02-12 19:25:40,690 INFO     epoch: 198 took 26.855s (0.001s in batching)
training loss:	0.537626
validation loss:	0.544411
validation error:	0.274800
2017-02-12 19:25:40,695 INFO     Wrote output to trainNN/out/v050-finunified-11-g82e53b5-dirty:lstm-best-features-power/config.json
2017-02-12 19:26:06,498 INFO     Saving network params to trainNN/out/v050-finunified-11-g82e53b5-dirty:lstm-best-features-power/epoch-199.pkl
2017-02-12 19:26:07,129 INFO     epoch: 199 took 26.439s (0.001s in batching)
training loss:	0.537169
validation loss:	0.544372
validation error:	0.275800
2017-02-12 19:26:07,134 INFO     Wrote output to trainNN/out/v050-finunified-11-g82e53b5-dirty:lstm-best-features-power/config.json
