2017-02-05 18:46:56,362 DEBUG    version=v048-finunified-15-g92ee0a9-dirty:lstm-best-features-power,ffv,mfcc
2017-02-05 18:46:56,447 INFO     Open DBase(data/db/all240302-spk.dat, data/db/all240302-spk.idx, mode='r')
2017-02-05 18:47:12,832 DEBUG    extracting and saving data to data/cache/extract-906e1cca6705980ecf24f8b0f7d311c0e6bad8091e6f87cd37f1b1606accca7b.pickle
2017-02-05 19:00:35,902 DEBUG    set input dim to 28
2017-02-05 19:00:35,903 DEBUG    input dim = 28
2017-02-05 19:00:35,916 DEBUG    shuffling batches
2017-02-05 19:00:41,916 DEBUG    shuffling done
2017-02-05 19:00:41,917 DEBUG    loading data into ram
2017-02-05 19:00:42,045 DEBUG    loading data took 0.128s (cpu: 0.128s)
2017-02-05 19:00:42,383 DEBUG    set input dim to 28
2017-02-05 19:00:42,384 DEBUG    input dim = 28
2017-02-05 19:00:42,419 DEBUG    shuffling batches
2017-02-05 19:00:43,004 DEBUG    shuffling done
2017-02-05 19:00:43,004 DEBUG    loading data into ram
2017-02-05 19:00:43,017 DEBUG    loading data took 0.013s (cpu: 0.013s)
2017-02-05 19:00:43,153 DEBUG    Applying L2 regularization with 0.000100
2017-02-05 19:00:43,295 INFO     Training network with 42947 trainable out of 43157 total params.
2017-02-05 19:00:44,206 DEBUG    Using adam with learning_rate=0.001000
2017-02-05 19:01:24,013 DEBUG    Starting training...
2017-02-05 19:02:56,469 INFO     Saving network params to trainNN/out/v048-finunified-15-g92ee0a9-dirty:lstm-best-features-power,ffv,mfcc/epoch-000.pkl
2017-02-05 19:02:58,656 INFO     epoch: 0 took 94.643s (0.002s in batching)
training loss:	0.619048
validation loss:	0.572474
validation error:	0.299900
2017-02-05 19:02:58,659 INFO     Wrote output to trainNN/out/v048-finunified-15-g92ee0a9-dirty:lstm-best-features-power,ffv,mfcc/config.json
2017-02-05 19:04:31,331 INFO     Saving network params to trainNN/out/v048-finunified-15-g92ee0a9-dirty:lstm-best-features-power,ffv,mfcc/epoch-001.pkl
2017-02-05 19:04:33,466 INFO     epoch: 1 took 94.809s (0.001s in batching)
training loss:	0.585038
validation loss:	0.561913
validation error:	0.292000
2017-02-05 19:04:33,474 INFO     Wrote output to trainNN/out/v048-finunified-15-g92ee0a9-dirty:lstm-best-features-power,ffv,mfcc/config.json
2017-02-05 19:06:06,846 INFO     Saving network params to trainNN/out/v048-finunified-15-g92ee0a9-dirty:lstm-best-features-power,ffv,mfcc/epoch-002.pkl
2017-02-05 19:06:09,050 INFO     epoch: 2 took 95.585s (0.001s in batching)
training loss:	0.575661
validation loss:	0.558581
validation error:	0.282800
2017-02-05 19:06:09,053 INFO     Wrote output to trainNN/out/v048-finunified-15-g92ee0a9-dirty:lstm-best-features-power,ffv,mfcc/config.json
2017-02-05 19:07:42,154 INFO     Saving network params to trainNN/out/v048-finunified-15-g92ee0a9-dirty:lstm-best-features-power,ffv,mfcc/epoch-003.pkl
2017-02-05 19:07:44,349 INFO     epoch: 3 took 95.299s (0.001s in batching)
training loss:	0.568360
validation loss:	0.550446
validation error:	0.282500
2017-02-05 19:07:44,351 INFO     Wrote output to trainNN/out/v048-finunified-15-g92ee0a9-dirty:lstm-best-features-power,ffv,mfcc/config.json
2017-02-05 19:09:16,950 INFO     Saving network params to trainNN/out/v048-finunified-15-g92ee0a9-dirty:lstm-best-features-power,ffv,mfcc/epoch-004.pkl
2017-02-05 19:09:19,088 INFO     epoch: 4 took 94.739s (0.001s in batching)
training loss:	0.561109
validation loss:	0.547445
validation error:	0.277000
2017-02-05 19:09:19,091 INFO     Wrote output to trainNN/out/v048-finunified-15-g92ee0a9-dirty:lstm-best-features-power,ffv,mfcc/config.json
2017-02-05 19:10:52,874 INFO     Saving network params to trainNN/out/v048-finunified-15-g92ee0a9-dirty:lstm-best-features-power,ffv,mfcc/epoch-005.pkl
2017-02-05 19:10:55,028 INFO     epoch: 5 took 95.940s (0.001s in batching)
training loss:	0.555364
validation loss:	0.542045
validation error:	0.273400
2017-02-05 19:10:55,032 INFO     Wrote output to trainNN/out/v048-finunified-15-g92ee0a9-dirty:lstm-best-features-power,ffv,mfcc/config.json
2017-02-05 19:12:28,428 INFO     Saving network params to trainNN/out/v048-finunified-15-g92ee0a9-dirty:lstm-best-features-power,ffv,mfcc/epoch-006.pkl
2017-02-05 19:12:30,652 INFO     epoch: 6 took 95.624s (0.001s in batching)
training loss:	0.549521
validation loss:	0.540517
validation error:	0.273500
2017-02-05 19:12:30,659 INFO     Wrote output to trainNN/out/v048-finunified-15-g92ee0a9-dirty:lstm-best-features-power,ffv,mfcc/config.json
2017-02-05 19:14:04,360 INFO     Saving network params to trainNN/out/v048-finunified-15-g92ee0a9-dirty:lstm-best-features-power,ffv,mfcc/epoch-007.pkl
2017-02-05 19:14:06,541 INFO     epoch: 7 took 95.890s (0.001s in batching)
training loss:	0.546828
validation loss:	0.541054
validation error:	0.274100
2017-02-05 19:14:06,545 INFO     Wrote output to trainNN/out/v048-finunified-15-g92ee0a9-dirty:lstm-best-features-power,ffv,mfcc/config.json
2017-02-05 19:15:39,486 INFO     Saving network params to trainNN/out/v048-finunified-15-g92ee0a9-dirty:lstm-best-features-power,ffv,mfcc/epoch-008.pkl
2017-02-05 19:15:41,537 INFO     epoch: 8 took 94.996s (0.002s in batching)
training loss:	0.544215
validation loss:	0.530936
validation error:	0.262600
2017-02-05 19:15:41,541 INFO     Wrote output to trainNN/out/v048-finunified-15-g92ee0a9-dirty:lstm-best-features-power,ffv,mfcc/config.json
2017-02-05 19:17:14,239 INFO     Saving network params to trainNN/out/v048-finunified-15-g92ee0a9-dirty:lstm-best-features-power,ffv,mfcc/epoch-009.pkl
2017-02-05 19:17:16,422 INFO     epoch: 9 took 94.885s (0.001s in batching)
training loss:	0.540869
validation loss:	0.532318
validation error:	0.261100
2017-02-05 19:17:16,425 INFO     Wrote output to trainNN/out/v048-finunified-15-g92ee0a9-dirty:lstm-best-features-power,ffv,mfcc/config.json
2017-02-05 19:18:49,432 INFO     Saving network params to trainNN/out/v048-finunified-15-g92ee0a9-dirty:lstm-best-features-power,ffv,mfcc/epoch-010.pkl
2017-02-05 19:18:51,543 INFO     epoch: 10 took 95.120s (0.001s in batching)
training loss:	0.539482
validation loss:	0.529971
validation error:	0.264500
2017-02-05 19:18:51,545 INFO     Wrote output to trainNN/out/v048-finunified-15-g92ee0a9-dirty:lstm-best-features-power,ffv,mfcc/config.json
2017-02-05 19:20:24,576 INFO     Saving network params to trainNN/out/v048-finunified-15-g92ee0a9-dirty:lstm-best-features-power,ffv,mfcc/epoch-011.pkl
2017-02-05 19:20:26,761 INFO     epoch: 11 took 95.219s (0.001s in batching)
training loss:	0.536954
validation loss:	0.528513
validation error:	0.264200
2017-02-05 19:20:26,764 INFO     Wrote output to trainNN/out/v048-finunified-15-g92ee0a9-dirty:lstm-best-features-power,ffv,mfcc/config.json
2017-02-05 19:21:59,229 INFO     Saving network params to trainNN/out/v048-finunified-15-g92ee0a9-dirty:lstm-best-features-power,ffv,mfcc/epoch-012.pkl
2017-02-05 19:22:01,362 INFO     epoch: 12 took 94.601s (0.001s in batching)
training loss:	0.533925
validation loss:	0.530698
validation error:	0.263500
2017-02-05 19:22:01,365 INFO     Wrote output to trainNN/out/v048-finunified-15-g92ee0a9-dirty:lstm-best-features-power,ffv,mfcc/config.json
2017-02-05 19:23:35,008 INFO     Saving network params to trainNN/out/v048-finunified-15-g92ee0a9-dirty:lstm-best-features-power,ffv,mfcc/epoch-013.pkl
2017-02-05 19:23:37,093 INFO     epoch: 13 took 95.732s (0.001s in batching)
training loss:	0.533130
validation loss:	0.524618
validation error:	0.257200
2017-02-05 19:23:37,097 INFO     Wrote output to trainNN/out/v048-finunified-15-g92ee0a9-dirty:lstm-best-features-power,ffv,mfcc/config.json
2017-02-05 19:25:09,834 INFO     Saving network params to trainNN/out/v048-finunified-15-g92ee0a9-dirty:lstm-best-features-power,ffv,mfcc/epoch-014.pkl
2017-02-05 19:25:12,025 INFO     epoch: 14 took 94.931s (0.001s in batching)
training loss:	0.530799
validation loss:	0.523937
validation error:	0.254800
2017-02-05 19:25:12,028 INFO     Wrote output to trainNN/out/v048-finunified-15-g92ee0a9-dirty:lstm-best-features-power,ffv,mfcc/config.json
2017-02-05 19:26:44,967 INFO     Saving network params to trainNN/out/v048-finunified-15-g92ee0a9-dirty:lstm-best-features-power,ffv,mfcc/epoch-015.pkl
2017-02-05 19:26:47,144 INFO     epoch: 15 took 95.120s (0.001s in batching)
training loss:	0.530430
validation loss:	0.521480
validation error:	0.256500
2017-02-05 19:26:47,148 INFO     Wrote output to trainNN/out/v048-finunified-15-g92ee0a9-dirty:lstm-best-features-power,ffv,mfcc/config.json
2017-02-05 19:28:20,221 INFO     Saving network params to trainNN/out/v048-finunified-15-g92ee0a9-dirty:lstm-best-features-power,ffv,mfcc/epoch-016.pkl
2017-02-05 19:28:22,340 INFO     epoch: 16 took 95.195s (0.001s in batching)
training loss:	0.528196
validation loss:	0.524840
validation error:	0.256800
2017-02-05 19:28:22,343 INFO     Wrote output to trainNN/out/v048-finunified-15-g92ee0a9-dirty:lstm-best-features-power,ffv,mfcc/config.json
2017-02-05 19:29:55,680 INFO     Saving network params to trainNN/out/v048-finunified-15-g92ee0a9-dirty:lstm-best-features-power,ffv,mfcc/epoch-017.pkl
2017-02-05 19:29:57,805 INFO     epoch: 17 took 95.466s (0.001s in batching)
training loss:	0.526807
validation loss:	0.520042
validation error:	0.253600
2017-02-05 19:29:57,808 INFO     Wrote output to trainNN/out/v048-finunified-15-g92ee0a9-dirty:lstm-best-features-power,ffv,mfcc/config.json
2017-02-05 19:31:30,375 INFO     Saving network params to trainNN/out/v048-finunified-15-g92ee0a9-dirty:lstm-best-features-power,ffv,mfcc/epoch-018.pkl
2017-02-05 19:31:32,583 INFO     epoch: 18 took 94.778s (0.001s in batching)
training loss:	0.525879
validation loss:	0.525420
validation error:	0.260400
2017-02-05 19:31:32,587 INFO     Wrote output to trainNN/out/v048-finunified-15-g92ee0a9-dirty:lstm-best-features-power,ffv,mfcc/config.json
2017-02-05 19:33:05,643 INFO     Saving network params to trainNN/out/v048-finunified-15-g92ee0a9-dirty:lstm-best-features-power,ffv,mfcc/epoch-019.pkl
2017-02-05 19:33:07,782 INFO     epoch: 19 took 95.199s (0.001s in batching)
training loss:	0.524732
validation loss:	0.517955
validation error:	0.254400
2017-02-05 19:33:07,785 INFO     Wrote output to trainNN/out/v048-finunified-15-g92ee0a9-dirty:lstm-best-features-power,ffv,mfcc/config.json
2017-02-05 19:34:40,561 INFO     Saving network params to trainNN/out/v048-finunified-15-g92ee0a9-dirty:lstm-best-features-power,ffv,mfcc/epoch-020.pkl
2017-02-05 19:34:42,938 INFO     epoch: 20 took 95.156s (0.001s in batching)
training loss:	0.523801
validation loss:	0.521123
validation error:	0.257000
2017-02-05 19:34:42,942 INFO     Wrote output to trainNN/out/v048-finunified-15-g92ee0a9-dirty:lstm-best-features-power,ffv,mfcc/config.json
2017-02-05 19:36:28,881 INFO     Saving network params to trainNN/out/v048-finunified-15-g92ee0a9-dirty:lstm-best-features-power,ffv,mfcc/epoch-021.pkl
2017-02-05 19:36:31,427 INFO     epoch: 21 took 108.489s (0.001s in batching)
training loss:	0.522562
validation loss:	0.518779
validation error:	0.255800
2017-02-05 19:36:31,431 INFO     Wrote output to trainNN/out/v048-finunified-15-g92ee0a9-dirty:lstm-best-features-power,ffv,mfcc/config.json
2017-02-05 19:38:19,441 INFO     Saving network params to trainNN/out/v048-finunified-15-g92ee0a9-dirty:lstm-best-features-power,ffv,mfcc/epoch-022.pkl
2017-02-05 19:38:21,979 INFO     epoch: 22 took 110.552s (0.001s in batching)
training loss:	0.521401
validation loss:	0.519015
validation error:	0.253700
2017-02-05 19:38:21,983 INFO     Wrote output to trainNN/out/v048-finunified-15-g92ee0a9-dirty:lstm-best-features-power,ffv,mfcc/config.json
2017-02-05 19:40:11,321 INFO     Saving network params to trainNN/out/v048-finunified-15-g92ee0a9-dirty:lstm-best-features-power,ffv,mfcc/epoch-023.pkl
2017-02-05 19:40:13,867 INFO     epoch: 23 took 111.888s (0.001s in batching)
training loss:	0.520048
validation loss:	0.519171
validation error:	0.253600
2017-02-05 19:40:13,872 INFO     Wrote output to trainNN/out/v048-finunified-15-g92ee0a9-dirty:lstm-best-features-power,ffv,mfcc/config.json
2017-02-05 19:42:02,291 INFO     Saving network params to trainNN/out/v048-finunified-15-g92ee0a9-dirty:lstm-best-features-power,ffv,mfcc/epoch-024.pkl
2017-02-05 19:42:04,853 INFO     epoch: 24 took 110.987s (0.002s in batching)
training loss:	0.518955
validation loss:	0.518323
validation error:	0.252200
2017-02-05 19:42:04,857 INFO     Wrote output to trainNN/out/v048-finunified-15-g92ee0a9-dirty:lstm-best-features-power,ffv,mfcc/config.json
2017-02-05 19:43:52,455 INFO     Saving network params to trainNN/out/v048-finunified-15-g92ee0a9-dirty:lstm-best-features-power,ffv,mfcc/epoch-025.pkl
2017-02-05 19:43:54,987 INFO     epoch: 25 took 110.134s (0.001s in batching)
training loss:	0.517899
validation loss:	0.519474
validation error:	0.254200
2017-02-05 19:43:54,992 INFO     Wrote output to trainNN/out/v048-finunified-15-g92ee0a9-dirty:lstm-best-features-power,ffv,mfcc/config.json
2017-02-05 19:45:43,530 INFO     Saving network params to trainNN/out/v048-finunified-15-g92ee0a9-dirty:lstm-best-features-power,ffv,mfcc/epoch-026.pkl
2017-02-05 19:45:46,084 INFO     epoch: 26 took 111.097s (0.001s in batching)
training loss:	0.517525
validation loss:	0.515814
validation error:	0.251100
2017-02-05 19:45:46,088 INFO     Wrote output to trainNN/out/v048-finunified-15-g92ee0a9-dirty:lstm-best-features-power,ffv,mfcc/config.json
2017-02-05 19:47:34,898 INFO     Saving network params to trainNN/out/v048-finunified-15-g92ee0a9-dirty:lstm-best-features-power,ffv,mfcc/epoch-027.pkl
2017-02-05 19:47:37,467 INFO     epoch: 27 took 111.383s (0.002s in batching)
training loss:	0.517054
validation loss:	0.516133
validation error:	0.252400
2017-02-05 19:47:37,471 INFO     Wrote output to trainNN/out/v048-finunified-15-g92ee0a9-dirty:lstm-best-features-power,ffv,mfcc/config.json
2017-02-05 19:49:25,394 INFO     Saving network params to trainNN/out/v048-finunified-15-g92ee0a9-dirty:lstm-best-features-power,ffv,mfcc/epoch-028.pkl
2017-02-05 19:49:27,946 INFO     epoch: 28 took 110.478s (0.001s in batching)
training loss:	0.515286
validation loss:	0.517219
validation error:	0.251200
2017-02-05 19:49:27,950 INFO     Wrote output to trainNN/out/v048-finunified-15-g92ee0a9-dirty:lstm-best-features-power,ffv,mfcc/config.json
2017-02-05 19:51:15,794 INFO     Saving network params to trainNN/out/v048-finunified-15-g92ee0a9-dirty:lstm-best-features-power,ffv,mfcc/epoch-029.pkl
2017-02-05 19:51:18,406 INFO     epoch: 29 took 110.460s (0.001s in batching)
training loss:	0.514567
validation loss:	0.517133
validation error:	0.250300
2017-02-05 19:51:18,409 INFO     Wrote output to trainNN/out/v048-finunified-15-g92ee0a9-dirty:lstm-best-features-power,ffv,mfcc/config.json
2017-02-05 19:53:06,635 INFO     Saving network params to trainNN/out/v048-finunified-15-g92ee0a9-dirty:lstm-best-features-power,ffv,mfcc/epoch-030.pkl
2017-02-05 19:53:09,167 INFO     epoch: 30 took 110.762s (0.001s in batching)
training loss:	0.513386
validation loss:	0.516601
validation error:	0.252000
2017-02-05 19:53:09,171 INFO     Wrote output to trainNN/out/v048-finunified-15-g92ee0a9-dirty:lstm-best-features-power,ffv,mfcc/config.json
2017-02-05 19:54:57,804 INFO     Saving network params to trainNN/out/v048-finunified-15-g92ee0a9-dirty:lstm-best-features-power,ffv,mfcc/epoch-031.pkl
2017-02-05 19:55:00,331 INFO     epoch: 31 took 111.164s (0.001s in batching)
training loss:	0.512943
validation loss:	0.527956
validation error:	0.255600
2017-02-05 19:55:00,337 INFO     Wrote output to trainNN/out/v048-finunified-15-g92ee0a9-dirty:lstm-best-features-power,ffv,mfcc/config.json
2017-02-05 19:56:48,632 INFO     Saving network params to trainNN/out/v048-finunified-15-g92ee0a9-dirty:lstm-best-features-power,ffv,mfcc/epoch-032.pkl
2017-02-05 19:56:51,246 INFO     epoch: 32 took 110.915s (0.001s in batching)
training loss:	0.511632
validation loss:	0.520668
validation error:	0.253800
2017-02-05 19:56:51,250 INFO     Wrote output to trainNN/out/v048-finunified-15-g92ee0a9-dirty:lstm-best-features-power,ffv,mfcc/config.json
2017-02-05 19:58:39,822 INFO     Saving network params to trainNN/out/v048-finunified-15-g92ee0a9-dirty:lstm-best-features-power,ffv,mfcc/epoch-033.pkl
2017-02-05 19:58:42,369 INFO     epoch: 33 took 111.123s (0.001s in batching)
training loss:	0.511203
validation loss:	0.518880
validation error:	0.249700
2017-02-05 19:58:42,373 INFO     Wrote output to trainNN/out/v048-finunified-15-g92ee0a9-dirty:lstm-best-features-power,ffv,mfcc/config.json
2017-02-05 20:00:31,650 INFO     Saving network params to trainNN/out/v048-finunified-15-g92ee0a9-dirty:lstm-best-features-power,ffv,mfcc/epoch-034.pkl
2017-02-05 20:00:34,196 INFO     epoch: 34 took 111.827s (0.001s in batching)
training loss:	0.510322
validation loss:	0.521203
validation error:	0.253400
2017-02-05 20:00:34,200 INFO     Wrote output to trainNN/out/v048-finunified-15-g92ee0a9-dirty:lstm-best-features-power,ffv,mfcc/config.json
2017-02-05 20:02:22,828 INFO     Saving network params to trainNN/out/v048-finunified-15-g92ee0a9-dirty:lstm-best-features-power,ffv,mfcc/epoch-035.pkl
2017-02-05 20:02:25,321 INFO     epoch: 35 took 111.125s (0.001s in batching)
training loss:	0.509893
validation loss:	0.518403
validation error:	0.251900
2017-02-05 20:02:25,325 INFO     Wrote output to trainNN/out/v048-finunified-15-g92ee0a9-dirty:lstm-best-features-power,ffv,mfcc/config.json
2017-02-05 20:04:12,964 INFO     Saving network params to trainNN/out/v048-finunified-15-g92ee0a9-dirty:lstm-best-features-power,ffv,mfcc/epoch-036.pkl
2017-02-05 20:04:15,528 INFO     epoch: 36 took 110.208s (0.001s in batching)
training loss:	0.508750
validation loss:	0.513578
validation error:	0.250400
2017-02-05 20:04:15,532 INFO     Wrote output to trainNN/out/v048-finunified-15-g92ee0a9-dirty:lstm-best-features-power,ffv,mfcc/config.json
2017-02-05 20:06:04,201 INFO     Saving network params to trainNN/out/v048-finunified-15-g92ee0a9-dirty:lstm-best-features-power,ffv,mfcc/epoch-037.pkl
2017-02-05 20:06:07,532 INFO     epoch: 37 took 112.004s (0.001s in batching)
training loss:	0.507820
validation loss:	0.516562
validation error:	0.252000
2017-02-05 20:06:07,537 INFO     Wrote output to trainNN/out/v048-finunified-15-g92ee0a9-dirty:lstm-best-features-power,ffv,mfcc/config.json
2017-02-05 20:07:55,407 INFO     Saving network params to trainNN/out/v048-finunified-15-g92ee0a9-dirty:lstm-best-features-power,ffv,mfcc/epoch-038.pkl
2017-02-05 20:07:57,959 INFO     epoch: 38 took 110.427s (0.001s in batching)
training loss:	0.507197
validation loss:	0.515633
validation error:	0.247100
2017-02-05 20:07:57,963 INFO     Wrote output to trainNN/out/v048-finunified-15-g92ee0a9-dirty:lstm-best-features-power,ffv,mfcc/config.json
2017-02-05 20:09:45,661 INFO     Saving network params to trainNN/out/v048-finunified-15-g92ee0a9-dirty:lstm-best-features-power,ffv,mfcc/epoch-039.pkl
2017-02-05 20:09:48,172 INFO     epoch: 39 took 110.213s (0.001s in batching)
training loss:	0.507400
validation loss:	0.517211
validation error:	0.250700
2017-02-05 20:09:48,176 INFO     Wrote output to trainNN/out/v048-finunified-15-g92ee0a9-dirty:lstm-best-features-power,ffv,mfcc/config.json
2017-02-05 20:11:36,597 INFO     Saving network params to trainNN/out/v048-finunified-15-g92ee0a9-dirty:lstm-best-features-power,ffv,mfcc/epoch-040.pkl
2017-02-05 20:11:39,161 INFO     epoch: 40 took 110.989s (0.001s in batching)
training loss:	0.505643
validation loss:	0.517579
validation error:	0.252400
2017-02-05 20:11:39,167 INFO     Wrote output to trainNN/out/v048-finunified-15-g92ee0a9-dirty:lstm-best-features-power,ffv,mfcc/config.json
2017-02-05 20:13:27,483 INFO     Saving network params to trainNN/out/v048-finunified-15-g92ee0a9-dirty:lstm-best-features-power,ffv,mfcc/epoch-041.pkl
2017-02-05 20:13:29,975 INFO     epoch: 41 took 110.814s (0.001s in batching)
training loss:	0.505416
validation loss:	0.518558
validation error:	0.254100
2017-02-05 20:13:29,980 INFO     Wrote output to trainNN/out/v048-finunified-15-g92ee0a9-dirty:lstm-best-features-power,ffv,mfcc/config.json
2017-02-05 20:15:18,761 INFO     Saving network params to trainNN/out/v048-finunified-15-g92ee0a9-dirty:lstm-best-features-power,ffv,mfcc/epoch-042.pkl
2017-02-05 20:15:21,320 INFO     epoch: 42 took 111.345s (0.001s in batching)
training loss:	0.504271
validation loss:	0.520427
validation error:	0.253500
2017-02-05 20:15:21,325 INFO     Wrote output to trainNN/out/v048-finunified-15-g92ee0a9-dirty:lstm-best-features-power,ffv,mfcc/config.json
2017-02-05 20:17:09,701 INFO     Saving network params to trainNN/out/v048-finunified-15-g92ee0a9-dirty:lstm-best-features-power,ffv,mfcc/epoch-043.pkl
2017-02-05 20:17:12,256 INFO     epoch: 43 took 110.936s (0.001s in batching)
training loss:	0.504068
validation loss:	0.517625
validation error:	0.247800
2017-02-05 20:17:12,262 INFO     Wrote output to trainNN/out/v048-finunified-15-g92ee0a9-dirty:lstm-best-features-power,ffv,mfcc/config.json
2017-02-05 20:19:01,763 INFO     Saving network params to trainNN/out/v048-finunified-15-g92ee0a9-dirty:lstm-best-features-power,ffv,mfcc/epoch-044.pkl
2017-02-05 20:19:04,301 INFO     epoch: 44 took 112.045s (0.001s in batching)
training loss:	0.503255
validation loss:	0.518993
validation error:	0.254300
2017-02-05 20:19:04,305 INFO     Wrote output to trainNN/out/v048-finunified-15-g92ee0a9-dirty:lstm-best-features-power,ffv,mfcc/config.json
2017-02-05 20:20:53,960 INFO     Saving network params to trainNN/out/v048-finunified-15-g92ee0a9-dirty:lstm-best-features-power,ffv,mfcc/epoch-045.pkl
2017-02-05 20:20:56,433 INFO     epoch: 45 took 112.132s (0.001s in batching)
training loss:	0.502100
validation loss:	0.519028
validation error:	0.252600
2017-02-05 20:20:56,439 INFO     Wrote output to trainNN/out/v048-finunified-15-g92ee0a9-dirty:lstm-best-features-power,ffv,mfcc/config.json
2017-02-05 20:22:45,253 INFO     Saving network params to trainNN/out/v048-finunified-15-g92ee0a9-dirty:lstm-best-features-power,ffv,mfcc/epoch-046.pkl
2017-02-05 20:22:47,796 INFO     epoch: 46 took 111.363s (0.001s in batching)
training loss:	0.501164
validation loss:	0.520984
validation error:	0.255200
2017-02-05 20:22:47,801 INFO     Wrote output to trainNN/out/v048-finunified-15-g92ee0a9-dirty:lstm-best-features-power,ffv,mfcc/config.json
2017-02-05 20:24:36,130 INFO     Saving network params to trainNN/out/v048-finunified-15-g92ee0a9-dirty:lstm-best-features-power,ffv,mfcc/epoch-047.pkl
2017-02-05 20:24:38,657 INFO     epoch: 47 took 110.861s (0.001s in batching)
training loss:	0.500966
validation loss:	0.518787
validation error:	0.253600
2017-02-05 20:24:38,663 INFO     Wrote output to trainNN/out/v048-finunified-15-g92ee0a9-dirty:lstm-best-features-power,ffv,mfcc/config.json
2017-02-05 20:26:26,929 INFO     Saving network params to trainNN/out/v048-finunified-15-g92ee0a9-dirty:lstm-best-features-power,ffv,mfcc/epoch-048.pkl
2017-02-05 20:26:29,433 INFO     epoch: 48 took 110.776s (0.001s in batching)
training loss:	0.500624
validation loss:	0.524093
validation error:	0.255800
2017-02-05 20:26:29,438 INFO     Wrote output to trainNN/out/v048-finunified-15-g92ee0a9-dirty:lstm-best-features-power,ffv,mfcc/config.json
2017-02-05 20:28:17,704 INFO     Saving network params to trainNN/out/v048-finunified-15-g92ee0a9-dirty:lstm-best-features-power,ffv,mfcc/epoch-049.pkl
2017-02-05 20:28:20,246 INFO     epoch: 49 took 110.813s (0.001s in batching)
training loss:	0.499631
validation loss:	0.526695
validation error:	0.255700
2017-02-05 20:28:20,250 INFO     Wrote output to trainNN/out/v048-finunified-15-g92ee0a9-dirty:lstm-best-features-power,ffv,mfcc/config.json
2017-02-05 20:30:08,545 INFO     Saving network params to trainNN/out/v048-finunified-15-g92ee0a9-dirty:lstm-best-features-power,ffv,mfcc/epoch-050.pkl
2017-02-05 20:30:11,045 INFO     epoch: 50 took 110.800s (0.001s in batching)
training loss:	0.499225
validation loss:	0.520498
validation error:	0.252000
2017-02-05 20:30:11,050 INFO     Wrote output to trainNN/out/v048-finunified-15-g92ee0a9-dirty:lstm-best-features-power,ffv,mfcc/config.json
2017-02-05 20:31:59,364 INFO     Saving network params to trainNN/out/v048-finunified-15-g92ee0a9-dirty:lstm-best-features-power,ffv,mfcc/epoch-051.pkl
2017-02-05 20:32:01,803 INFO     epoch: 51 took 110.758s (0.001s in batching)
training loss:	0.498811
validation loss:	0.522692
validation error:	0.254200
2017-02-05 20:32:01,811 INFO     Wrote output to trainNN/out/v048-finunified-15-g92ee0a9-dirty:lstm-best-features-power,ffv,mfcc/config.json
2017-02-05 20:33:49,944 INFO     Saving network params to trainNN/out/v048-finunified-15-g92ee0a9-dirty:lstm-best-features-power,ffv,mfcc/epoch-052.pkl
2017-02-05 20:33:52,432 INFO     epoch: 52 took 110.629s (0.002s in batching)
training loss:	0.497550
validation loss:	0.523250
validation error:	0.255200
2017-02-05 20:33:52,437 INFO     Wrote output to trainNN/out/v048-finunified-15-g92ee0a9-dirty:lstm-best-features-power,ffv,mfcc/config.json
2017-02-05 20:35:41,376 INFO     Saving network params to trainNN/out/v048-finunified-15-g92ee0a9-dirty:lstm-best-features-power,ffv,mfcc/epoch-053.pkl
2017-02-05 20:35:43,840 INFO     epoch: 53 took 111.407s (0.001s in batching)
training loss:	0.496287
validation loss:	0.522745
validation error:	0.256900
2017-02-05 20:35:43,845 INFO     Wrote output to trainNN/out/v048-finunified-15-g92ee0a9-dirty:lstm-best-features-power,ffv,mfcc/config.json
2017-02-05 20:37:32,418 INFO     Saving network params to trainNN/out/v048-finunified-15-g92ee0a9-dirty:lstm-best-features-power,ffv,mfcc/epoch-054.pkl
2017-02-05 20:37:34,981 INFO     epoch: 54 took 111.141s (0.001s in batching)
training loss:	0.496423
validation loss:	0.525403
validation error:	0.252500
2017-02-05 20:37:34,986 INFO     Wrote output to trainNN/out/v048-finunified-15-g92ee0a9-dirty:lstm-best-features-power,ffv,mfcc/config.json
2017-02-05 20:39:23,463 INFO     Saving network params to trainNN/out/v048-finunified-15-g92ee0a9-dirty:lstm-best-features-power,ffv,mfcc/epoch-055.pkl
2017-02-05 20:39:25,973 INFO     epoch: 55 took 110.992s (0.001s in batching)
training loss:	0.495291
validation loss:	0.524302
validation error:	0.250500
2017-02-05 20:39:25,980 INFO     Wrote output to trainNN/out/v048-finunified-15-g92ee0a9-dirty:lstm-best-features-power,ffv,mfcc/config.json
2017-02-05 20:41:14,005 INFO     Saving network params to trainNN/out/v048-finunified-15-g92ee0a9-dirty:lstm-best-features-power,ffv,mfcc/epoch-056.pkl
2017-02-05 20:41:16,532 INFO     epoch: 56 took 110.559s (0.002s in batching)
training loss:	0.495091
validation loss:	0.523814
validation error:	0.252300
2017-02-05 20:41:16,536 INFO     Wrote output to trainNN/out/v048-finunified-15-g92ee0a9-dirty:lstm-best-features-power,ffv,mfcc/config.json
2017-02-05 20:43:04,804 INFO     Saving network params to trainNN/out/v048-finunified-15-g92ee0a9-dirty:lstm-best-features-power,ffv,mfcc/epoch-057.pkl
2017-02-05 20:43:07,316 INFO     epoch: 57 took 110.785s (0.001s in batching)
training loss:	0.493984
validation loss:	0.522505
validation error:	0.252800
2017-02-05 20:43:07,322 INFO     Wrote output to trainNN/out/v048-finunified-15-g92ee0a9-dirty:lstm-best-features-power,ffv,mfcc/config.json
2017-02-05 20:44:56,047 INFO     Saving network params to trainNN/out/v048-finunified-15-g92ee0a9-dirty:lstm-best-features-power,ffv,mfcc/epoch-058.pkl
2017-02-05 20:44:58,583 INFO     epoch: 58 took 111.266s (0.001s in batching)
training loss:	0.493204
validation loss:	0.528050
validation error:	0.255000
2017-02-05 20:44:58,589 INFO     Wrote output to trainNN/out/v048-finunified-15-g92ee0a9-dirty:lstm-best-features-power,ffv,mfcc/config.json
2017-02-05 20:46:47,581 INFO     Saving network params to trainNN/out/v048-finunified-15-g92ee0a9-dirty:lstm-best-features-power,ffv,mfcc/epoch-059.pkl
2017-02-05 20:46:50,181 INFO     epoch: 59 took 111.599s (0.001s in batching)
training loss:	0.492407
validation loss:	0.528152
validation error:	0.256100
2017-02-05 20:46:50,188 INFO     Wrote output to trainNN/out/v048-finunified-15-g92ee0a9-dirty:lstm-best-features-power,ffv,mfcc/config.json
2017-02-05 20:48:38,602 INFO     Saving network params to trainNN/out/v048-finunified-15-g92ee0a9-dirty:lstm-best-features-power,ffv,mfcc/epoch-060.pkl
2017-02-05 20:48:41,142 INFO     epoch: 60 took 110.961s (0.001s in batching)
training loss:	0.491504
validation loss:	0.533049
validation error:	0.256500
2017-02-05 20:48:41,147 INFO     Wrote output to trainNN/out/v048-finunified-15-g92ee0a9-dirty:lstm-best-features-power,ffv,mfcc/config.json
2017-02-05 20:50:29,356 INFO     Saving network params to trainNN/out/v048-finunified-15-g92ee0a9-dirty:lstm-best-features-power,ffv,mfcc/epoch-061.pkl
2017-02-05 20:50:31,928 INFO     epoch: 61 took 110.786s (0.001s in batching)
training loss:	0.491461
validation loss:	0.527554
validation error:	0.257700
2017-02-05 20:50:31,933 INFO     Wrote output to trainNN/out/v048-finunified-15-g92ee0a9-dirty:lstm-best-features-power,ffv,mfcc/config.json
2017-02-05 20:52:19,330 INFO     Saving network params to trainNN/out/v048-finunified-15-g92ee0a9-dirty:lstm-best-features-power,ffv,mfcc/epoch-062.pkl
2017-02-05 20:52:21,878 INFO     epoch: 62 took 109.951s (0.001s in batching)
training loss:	0.491033
validation loss:	0.532795
validation error:	0.258800
2017-02-05 20:52:21,886 INFO     Wrote output to trainNN/out/v048-finunified-15-g92ee0a9-dirty:lstm-best-features-power,ffv,mfcc/config.json
2017-02-05 20:54:10,907 INFO     Saving network params to trainNN/out/v048-finunified-15-g92ee0a9-dirty:lstm-best-features-power,ffv,mfcc/epoch-063.pkl
2017-02-05 20:54:13,388 INFO     epoch: 63 took 111.509s (0.002s in batching)
training loss:	0.489719
validation loss:	0.531885
validation error:	0.256200
2017-02-05 20:54:13,394 INFO     Wrote output to trainNN/out/v048-finunified-15-g92ee0a9-dirty:lstm-best-features-power,ffv,mfcc/config.json
2017-02-05 20:56:01,820 INFO     Saving network params to trainNN/out/v048-finunified-15-g92ee0a9-dirty:lstm-best-features-power,ffv,mfcc/epoch-064.pkl
2017-02-05 20:56:04,428 INFO     epoch: 64 took 111.040s (0.001s in batching)
training loss:	0.489378
validation loss:	0.530145
validation error:	0.256200
2017-02-05 20:56:04,433 INFO     Wrote output to trainNN/out/v048-finunified-15-g92ee0a9-dirty:lstm-best-features-power,ffv,mfcc/config.json
2017-02-05 20:57:52,353 INFO     Saving network params to trainNN/out/v048-finunified-15-g92ee0a9-dirty:lstm-best-features-power,ffv,mfcc/epoch-065.pkl
2017-02-05 20:57:54,904 INFO     epoch: 65 took 110.476s (0.001s in batching)
training loss:	0.488854
validation loss:	0.530091
validation error:	0.259000
2017-02-05 20:57:54,909 INFO     Wrote output to trainNN/out/v048-finunified-15-g92ee0a9-dirty:lstm-best-features-power,ffv,mfcc/config.json
2017-02-05 20:59:43,900 INFO     Saving network params to trainNN/out/v048-finunified-15-g92ee0a9-dirty:lstm-best-features-power,ffv,mfcc/epoch-066.pkl
2017-02-05 20:59:46,488 INFO     epoch: 66 took 111.585s (0.001s in batching)
training loss:	0.487928
validation loss:	0.532401
validation error:	0.258300
2017-02-05 20:59:46,496 INFO     Wrote output to trainNN/out/v048-finunified-15-g92ee0a9-dirty:lstm-best-features-power,ffv,mfcc/config.json
2017-02-05 21:01:35,165 INFO     Saving network params to trainNN/out/v048-finunified-15-g92ee0a9-dirty:lstm-best-features-power,ffv,mfcc/epoch-067.pkl
2017-02-05 21:01:37,793 INFO     epoch: 67 took 111.305s (0.002s in batching)
training loss:	0.487146
validation loss:	0.539145
validation error:	0.256500
2017-02-05 21:01:37,799 INFO     Wrote output to trainNN/out/v048-finunified-15-g92ee0a9-dirty:lstm-best-features-power,ffv,mfcc/config.json
2017-02-05 21:03:27,286 INFO     Saving network params to trainNN/out/v048-finunified-15-g92ee0a9-dirty:lstm-best-features-power,ffv,mfcc/epoch-068.pkl
2017-02-05 21:03:29,795 INFO     epoch: 68 took 112.002s (0.001s in batching)
training loss:	0.487106
validation loss:	0.534282
validation error:	0.257800
2017-02-05 21:03:29,800 INFO     Wrote output to trainNN/out/v048-finunified-15-g92ee0a9-dirty:lstm-best-features-power,ffv,mfcc/config.json
2017-02-05 21:05:18,155 INFO     Saving network params to trainNN/out/v048-finunified-15-g92ee0a9-dirty:lstm-best-features-power,ffv,mfcc/epoch-069.pkl
2017-02-05 21:05:20,703 INFO     epoch: 69 took 110.908s (0.001s in batching)
training loss:	0.486280
validation loss:	0.540777
validation error:	0.261100
2017-02-05 21:05:20,708 INFO     Wrote output to trainNN/out/v048-finunified-15-g92ee0a9-dirty:lstm-best-features-power,ffv,mfcc/config.json
2017-02-05 21:07:08,922 INFO     Saving network params to trainNN/out/v048-finunified-15-g92ee0a9-dirty:lstm-best-features-power,ffv,mfcc/epoch-070.pkl
2017-02-05 21:07:11,511 INFO     epoch: 70 took 110.808s (0.001s in batching)
training loss:	0.485603
validation loss:	0.540473
validation error:	0.262200
2017-02-05 21:07:11,517 INFO     Wrote output to trainNN/out/v048-finunified-15-g92ee0a9-dirty:lstm-best-features-power,ffv,mfcc/config.json
2017-02-05 21:08:59,636 INFO     Saving network params to trainNN/out/v048-finunified-15-g92ee0a9-dirty:lstm-best-features-power,ffv,mfcc/epoch-071.pkl
2017-02-05 21:09:02,263 INFO     epoch: 71 took 110.752s (0.001s in batching)
training loss:	0.485309
validation loss:	0.537986
validation error:	0.257200
2017-02-05 21:09:02,269 INFO     Wrote output to trainNN/out/v048-finunified-15-g92ee0a9-dirty:lstm-best-features-power,ffv,mfcc/config.json
2017-02-05 21:10:50,197 INFO     Saving network params to trainNN/out/v048-finunified-15-g92ee0a9-dirty:lstm-best-features-power,ffv,mfcc/epoch-072.pkl
2017-02-05 21:10:52,724 INFO     epoch: 72 took 110.461s (0.001s in batching)
training loss:	0.484041
validation loss:	0.539124
validation error:	0.260000
2017-02-05 21:10:52,732 INFO     Wrote output to trainNN/out/v048-finunified-15-g92ee0a9-dirty:lstm-best-features-power,ffv,mfcc/config.json
2017-02-05 21:12:41,204 INFO     Saving network params to trainNN/out/v048-finunified-15-g92ee0a9-dirty:lstm-best-features-power,ffv,mfcc/epoch-073.pkl
2017-02-05 21:12:43,717 INFO     epoch: 73 took 110.993s (0.001s in batching)
training loss:	0.483050
validation loss:	0.546011
validation error:	0.265000
2017-02-05 21:12:43,725 INFO     Wrote output to trainNN/out/v048-finunified-15-g92ee0a9-dirty:lstm-best-features-power,ffv,mfcc/config.json
2017-02-05 21:14:32,907 INFO     Saving network params to trainNN/out/v048-finunified-15-g92ee0a9-dirty:lstm-best-features-power,ffv,mfcc/epoch-074.pkl
2017-02-05 21:14:35,400 INFO     epoch: 74 took 111.683s (0.002s in batching)
training loss:	0.483418
validation loss:	0.543470
validation error:	0.263700
2017-02-05 21:14:35,405 INFO     Wrote output to trainNN/out/v048-finunified-15-g92ee0a9-dirty:lstm-best-features-power,ffv,mfcc/config.json
2017-02-05 21:16:23,669 INFO     Saving network params to trainNN/out/v048-finunified-15-g92ee0a9-dirty:lstm-best-features-power,ffv,mfcc/epoch-075.pkl
2017-02-05 21:16:26,182 INFO     epoch: 75 took 110.783s (0.001s in batching)
training loss:	0.482137
validation loss:	0.543376
validation error:	0.262400
2017-02-05 21:16:26,189 INFO     Wrote output to trainNN/out/v048-finunified-15-g92ee0a9-dirty:lstm-best-features-power,ffv,mfcc/config.json
2017-02-05 21:18:14,593 INFO     Saving network params to trainNN/out/v048-finunified-15-g92ee0a9-dirty:lstm-best-features-power,ffv,mfcc/epoch-076.pkl
2017-02-05 21:18:17,130 INFO     epoch: 76 took 110.947s (0.001s in batching)
training loss:	0.480869
validation loss:	0.546175
validation error:	0.262100
2017-02-05 21:18:17,136 INFO     Wrote output to trainNN/out/v048-finunified-15-g92ee0a9-dirty:lstm-best-features-power,ffv,mfcc/config.json
2017-02-05 21:20:06,130 INFO     Saving network params to trainNN/out/v048-finunified-15-g92ee0a9-dirty:lstm-best-features-power,ffv,mfcc/epoch-077.pkl
2017-02-05 21:20:08,714 INFO     epoch: 77 took 111.585s (0.001s in batching)
training loss:	0.481892
validation loss:	0.540136
validation error:	0.261900
2017-02-05 21:20:08,720 INFO     Wrote output to trainNN/out/v048-finunified-15-g92ee0a9-dirty:lstm-best-features-power,ffv,mfcc/config.json
2017-02-05 21:21:56,656 INFO     Saving network params to trainNN/out/v048-finunified-15-g92ee0a9-dirty:lstm-best-features-power,ffv,mfcc/epoch-078.pkl
2017-02-05 21:21:59,253 INFO     epoch: 78 took 110.539s (0.001s in batching)
training loss:	0.480623
validation loss:	0.542644
validation error:	0.261500
2017-02-05 21:21:59,259 INFO     Wrote output to trainNN/out/v048-finunified-15-g92ee0a9-dirty:lstm-best-features-power,ffv,mfcc/config.json
2017-02-05 21:23:47,016 INFO     Saving network params to trainNN/out/v048-finunified-15-g92ee0a9-dirty:lstm-best-features-power,ffv,mfcc/epoch-079.pkl
2017-02-05 21:23:49,521 INFO     epoch: 79 took 110.268s (0.001s in batching)
training loss:	0.479772
validation loss:	0.546233
validation error:	0.265100
2017-02-05 21:23:49,527 INFO     Wrote output to trainNN/out/v048-finunified-15-g92ee0a9-dirty:lstm-best-features-power,ffv,mfcc/config.json
2017-02-05 21:25:37,759 INFO     Saving network params to trainNN/out/v048-finunified-15-g92ee0a9-dirty:lstm-best-features-power,ffv,mfcc/epoch-080.pkl
2017-02-05 21:25:40,281 INFO     epoch: 80 took 110.760s (0.001s in batching)
training loss:	0.480568
validation loss:	0.555651
validation error:	0.265100
2017-02-05 21:25:40,288 INFO     Wrote output to trainNN/out/v048-finunified-15-g92ee0a9-dirty:lstm-best-features-power,ffv,mfcc/config.json
2017-02-05 21:27:28,834 INFO     Saving network params to trainNN/out/v048-finunified-15-g92ee0a9-dirty:lstm-best-features-power,ffv,mfcc/epoch-081.pkl
2017-02-05 21:27:31,364 INFO     epoch: 81 took 111.083s (0.001s in batching)
training loss:	0.478187
validation loss:	0.550827
validation error:	0.265500
2017-02-05 21:27:31,370 INFO     Wrote output to trainNN/out/v048-finunified-15-g92ee0a9-dirty:lstm-best-features-power,ffv,mfcc/config.json
2017-02-05 21:29:19,733 INFO     Saving network params to trainNN/out/v048-finunified-15-g92ee0a9-dirty:lstm-best-features-power,ffv,mfcc/epoch-082.pkl
2017-02-05 21:29:22,308 INFO     epoch: 82 took 110.944s (0.001s in batching)
training loss:	0.477695
validation loss:	0.552179
validation error:	0.266100
2017-02-05 21:29:22,314 INFO     Wrote output to trainNN/out/v048-finunified-15-g92ee0a9-dirty:lstm-best-features-power,ffv,mfcc/config.json
2017-02-05 21:31:10,822 INFO     Saving network params to trainNN/out/v048-finunified-15-g92ee0a9-dirty:lstm-best-features-power,ffv,mfcc/epoch-083.pkl
2017-02-05 21:31:13,337 INFO     epoch: 83 took 111.029s (0.001s in batching)
training loss:	0.476536
validation loss:	0.551656
validation error:	0.262700
2017-02-05 21:31:13,343 INFO     Wrote output to trainNN/out/v048-finunified-15-g92ee0a9-dirty:lstm-best-features-power,ffv,mfcc/config.json
2017-02-05 21:33:01,997 INFO     Saving network params to trainNN/out/v048-finunified-15-g92ee0a9-dirty:lstm-best-features-power,ffv,mfcc/epoch-084.pkl
2017-02-05 21:33:04,536 INFO     epoch: 84 took 111.199s (0.001s in batching)
training loss:	0.476936
validation loss:	0.547304
validation error:	0.260400
2017-02-05 21:33:04,543 INFO     Wrote output to trainNN/out/v048-finunified-15-g92ee0a9-dirty:lstm-best-features-power,ffv,mfcc/config.json
2017-02-05 21:34:52,894 INFO     Saving network params to trainNN/out/v048-finunified-15-g92ee0a9-dirty:lstm-best-features-power,ffv,mfcc/epoch-085.pkl
2017-02-05 21:34:55,448 INFO     epoch: 85 took 110.912s (0.001s in batching)
training loss:	0.476090
validation loss:	0.549786
validation error:	0.264900
2017-02-05 21:34:55,454 INFO     Wrote output to trainNN/out/v048-finunified-15-g92ee0a9-dirty:lstm-best-features-power,ffv,mfcc/config.json
2017-02-05 21:36:40,688 INFO     Saving network params to trainNN/out/v048-finunified-15-g92ee0a9-dirty:lstm-best-features-power,ffv,mfcc/epoch-086.pkl
2017-02-05 21:36:42,806 INFO     epoch: 86 took 107.358s (0.001s in batching)
training loss:	0.476293
validation loss:	0.556713
validation error:	0.268300
2017-02-05 21:36:42,821 INFO     Wrote output to trainNN/out/v048-finunified-15-g92ee0a9-dirty:lstm-best-features-power,ffv,mfcc/config.json
2017-02-05 21:38:20,556 INFO     Saving network params to trainNN/out/v048-finunified-15-g92ee0a9-dirty:lstm-best-features-power,ffv,mfcc/epoch-087.pkl
2017-02-05 21:38:22,909 INFO     epoch: 87 took 100.102s (0.001s in batching)
training loss:	0.475592
validation loss:	0.552049
validation error:	0.262100
2017-02-05 21:38:22,916 INFO     Wrote output to trainNN/out/v048-finunified-15-g92ee0a9-dirty:lstm-best-features-power,ffv,mfcc/config.json
2017-02-05 21:40:05,752 INFO     Saving network params to trainNN/out/v048-finunified-15-g92ee0a9-dirty:lstm-best-features-power,ffv,mfcc/epoch-088.pkl
2017-02-05 21:40:08,179 INFO     epoch: 88 took 105.270s (0.002s in batching)
training loss:	0.474695
validation loss:	0.559469
validation error:	0.266300
2017-02-05 21:40:08,185 INFO     Wrote output to trainNN/out/v048-finunified-15-g92ee0a9-dirty:lstm-best-features-power,ffv,mfcc/config.json
2017-02-05 21:41:50,829 INFO     Saving network params to trainNN/out/v048-finunified-15-g92ee0a9-dirty:lstm-best-features-power,ffv,mfcc/epoch-089.pkl
2017-02-05 21:41:53,213 INFO     epoch: 89 took 105.034s (0.001s in batching)
training loss:	0.473606
validation loss:	0.558207
validation error:	0.267900
2017-02-05 21:41:53,222 INFO     Wrote output to trainNN/out/v048-finunified-15-g92ee0a9-dirty:lstm-best-features-power,ffv,mfcc/config.json
2017-02-05 21:43:36,505 INFO     Saving network params to trainNN/out/v048-finunified-15-g92ee0a9-dirty:lstm-best-features-power,ffv,mfcc/epoch-090.pkl
2017-02-05 21:43:38,887 INFO     epoch: 90 took 105.674s (0.002s in batching)
training loss:	0.473462
validation loss:	0.556636
validation error:	0.267200
2017-02-05 21:43:38,893 INFO     Wrote output to trainNN/out/v048-finunified-15-g92ee0a9-dirty:lstm-best-features-power,ffv,mfcc/config.json
2017-02-05 21:45:21,545 INFO     Saving network params to trainNN/out/v048-finunified-15-g92ee0a9-dirty:lstm-best-features-power,ffv,mfcc/epoch-091.pkl
2017-02-05 21:45:23,961 INFO     epoch: 91 took 105.074s (0.001s in batching)
training loss:	0.473367
validation loss:	0.551760
validation error:	0.265400
2017-02-05 21:45:23,967 INFO     Wrote output to trainNN/out/v048-finunified-15-g92ee0a9-dirty:lstm-best-features-power,ffv,mfcc/config.json
2017-02-05 21:46:57,872 INFO     Saving network params to trainNN/out/v048-finunified-15-g92ee0a9-dirty:lstm-best-features-power,ffv,mfcc/epoch-092.pkl
2017-02-05 21:46:59,650 INFO     epoch: 92 took 95.690s (0.001s in batching)
training loss:	0.473021
validation loss:	0.565939
validation error:	0.269000
2017-02-05 21:46:59,656 INFO     Wrote output to trainNN/out/v048-finunified-15-g92ee0a9-dirty:lstm-best-features-power,ffv,mfcc/config.json
2017-02-05 21:48:22,647 INFO     Saving network params to trainNN/out/v048-finunified-15-g92ee0a9-dirty:lstm-best-features-power,ffv,mfcc/epoch-093.pkl
2017-02-05 21:48:24,763 INFO     epoch: 93 took 85.113s (0.001s in batching)
training loss:	0.471411
validation loss:	0.554191
validation error:	0.268400
2017-02-05 21:48:24,770 INFO     Wrote output to trainNN/out/v048-finunified-15-g92ee0a9-dirty:lstm-best-features-power,ffv,mfcc/config.json
2017-02-05 21:50:10,049 INFO     Saving network params to trainNN/out/v048-finunified-15-g92ee0a9-dirty:lstm-best-features-power,ffv,mfcc/epoch-094.pkl
2017-02-05 21:50:12,533 INFO     epoch: 94 took 107.769s (0.001s in batching)
training loss:	0.471493
validation loss:	0.566378
validation error:	0.270400
2017-02-05 21:50:12,539 INFO     Wrote output to trainNN/out/v048-finunified-15-g92ee0a9-dirty:lstm-best-features-power,ffv,mfcc/config.json
2017-02-05 21:51:49,205 INFO     Saving network params to trainNN/out/v048-finunified-15-g92ee0a9-dirty:lstm-best-features-power,ffv,mfcc/epoch-095.pkl
2017-02-05 21:51:51,699 INFO     epoch: 95 took 99.166s (0.001s in batching)
training loss:	0.470532
validation loss:	0.568779
validation error:	0.268100
2017-02-05 21:51:51,705 INFO     Wrote output to trainNN/out/v048-finunified-15-g92ee0a9-dirty:lstm-best-features-power,ffv,mfcc/config.json
2017-02-05 21:53:38,999 INFO     Saving network params to trainNN/out/v048-finunified-15-g92ee0a9-dirty:lstm-best-features-power,ffv,mfcc/epoch-096.pkl
2017-02-05 21:53:41,536 INFO     epoch: 96 took 109.838s (0.001s in batching)
training loss:	0.469869
validation loss:	0.565202
validation error:	0.269100
2017-02-05 21:53:41,643 INFO     Wrote output to trainNN/out/v048-finunified-15-g92ee0a9-dirty:lstm-best-features-power,ffv,mfcc/config.json
2017-02-05 21:55:28,897 INFO     Saving network params to trainNN/out/v048-finunified-15-g92ee0a9-dirty:lstm-best-features-power,ffv,mfcc/epoch-097.pkl
2017-02-05 21:55:31,376 INFO     epoch: 97 took 109.840s (0.001s in batching)
training loss:	0.469461
validation loss:	0.567716
validation error:	0.267400
2017-02-05 21:55:31,382 INFO     Wrote output to trainNN/out/v048-finunified-15-g92ee0a9-dirty:lstm-best-features-power,ffv,mfcc/config.json
2017-02-05 21:57:18,048 INFO     Saving network params to trainNN/out/v048-finunified-15-g92ee0a9-dirty:lstm-best-features-power,ffv,mfcc/epoch-098.pkl
2017-02-05 21:57:20,577 INFO     epoch: 98 took 109.200s (0.001s in batching)
training loss:	0.470227
validation loss:	0.564072
validation error:	0.266800
2017-02-05 21:57:20,583 INFO     Wrote output to trainNN/out/v048-finunified-15-g92ee0a9-dirty:lstm-best-features-power,ffv,mfcc/config.json
2017-02-05 21:59:07,813 INFO     Saving network params to trainNN/out/v048-finunified-15-g92ee0a9-dirty:lstm-best-features-power,ffv,mfcc/epoch-099.pkl
2017-02-05 21:59:10,328 INFO     epoch: 99 took 109.751s (0.001s in batching)
training loss:	0.468177
validation loss:	0.566418
validation error:	0.271700
2017-02-05 21:59:10,334 INFO     Wrote output to trainNN/out/v048-finunified-15-g92ee0a9-dirty:lstm-best-features-power,ffv,mfcc/config.json
