2016-11-25 14:49:28 >>> version=v08-pitchnormalization3-8-gd5fe539-dirty
2016-11-25 14:49:28 >>> loading config file extract_pfiles_python/out/v08-pitchnormalization3-5-g1e35656-dirty-context40/config.json
2016-11-25 14:49:28 >>> loading numpy file extract_pfiles_python/out/v08-pitchnormalization3-5-g1e35656-dirty-context40/train.npz
2016-11-25 14:49:31 >>> loading numpy file extract_pfiles_python/out/v08-pitchnormalization3-5-g1e35656-dirty-context40/validate.npz
2016-11-25 14:49:32 >>> Using fuzzy_newbob as schedulung method.
2016-11-25 14:49:32 >>> Training network with 21452 trainable out of 21452 total params.
2016-11-25 14:49:32 >>> Using adadelta with learning_rate=1.000000
2016-11-25 14:49:32 >>> Compiling theano functions...
2016-11-25 14:49:32 >>> Starting training...
2016-11-25 14:49:49 >>>   training loss:	0.123783
2016-11-25 14:49:49 >>> Saving network params to trainNN/out/v08-pitchnormalization3-8-gd5fe539-dirty/epoch-000.pkl
2016-11-25 14:49:51 >>> epoch: 0 validation error:		0.047846
2016-11-25 14:50:08 >>>   training loss:	0.113637
2016-11-25 14:50:08 >>> Saving network params to trainNN/out/v08-pitchnormalization3-8-gd5fe539-dirty/epoch-001.pkl
2016-11-25 14:50:09 >>> epoch: 1 validation error:		0.047188
2016-11-25 14:50:15 >>> received exit signal, waiting for epoch to finish...
2016-11-25 14:50:27 >>>   training loss:	0.112675
2016-11-25 14:50:27 >>> Saving network params to trainNN/out/v08-pitchnormalization3-8-gd5fe539-dirty/epoch-002.pkl
2016-11-25 14:50:28 >>> epoch: 2 validation error:		0.046034
2016-11-25 14:50:28 >>> Wrote output to trainNN/out/v08-pitchnormalization3-8-gd5fe539-dirty/config.json
