2017-01-31 18:24:46,825 DEBUG    version=v046-unified-48-gc2478ae-dirty:lstm-w2v-100-50
2017-01-31 18:24:46,827 INFO     Open DBase(data/db/all240302-spk.dat, data/db/all240302-spk.idx, mode='r')
2017-01-31 18:24:56,790 DEBUG    getting all bc uttids...configs/lstm-w2v-100-50.json
2017-01-31 18:24:58,206 DEBUG    loading cached extracted data from data/cache/extract-cf6853f97a849223ba2a9cddc2f96db3bbd8935eb248f42961664940b20c2624.pickle
2017-01-31 18:24:58,690 DEBUG    set input dim to 7
2017-01-31 18:24:58,690 DEBUG    input dim = 7
2017-01-31 18:24:58,784 DEBUG    shuffling batches
2017-01-31 18:25:36,925 DEBUG    shuffling done
2017-01-31 18:25:36,925 DEBUG    loading data into ram
2017-01-31 18:25:36,987 DEBUG    loading data took 0.062s (cpu: 0.062s)
2017-01-31 18:25:36,988 DEBUG    getting all bc uttids...configs/lstm-w2v-100-50.json
2017-01-31 18:25:37,125 DEBUG    set input dim to 7
2017-01-31 18:25:37,125 DEBUG    input dim = 7
2017-01-31 18:25:37,579 DEBUG    shuffling batches
2017-01-31 18:25:41,224 DEBUG    shuffling done
2017-01-31 18:25:41,224 DEBUG    loading data into ram
2017-01-31 18:25:41,230 DEBUG    loading data took 0.006s (cpu: 0.006s)
2017-01-31 18:25:41,365 INFO     Training network with 73952 trainable out of 74252 total params.
2017-01-31 18:25:41,667 DEBUG    Using adam with learning_rate=0.001000
2017-01-31 18:25:59,544 DEBUG    Starting training...
2017-01-31 18:32:30,474 INFO     Saving network params to trainNN/out/v046-unified-48-gc2478ae-dirty:lstm-w2v-100-50/epoch-000.pkl
2017-01-31 18:32:38,499 INFO     epoch: 0 took 398.954s (0.015s in batching)
training loss:	0.581945
validation loss:	0.576834
validation error:	0.299410
2017-01-31 18:32:38,499 INFO     Wrote output to trainNN/out/v046-unified-48-gc2478ae-dirty:lstm-w2v-100-50/config.json
2017-01-31 18:39:09,354 INFO     Saving network params to trainNN/out/v046-unified-48-gc2478ae-dirty:lstm-w2v-100-50/epoch-001.pkl
2017-01-31 18:39:17,533 INFO     epoch: 1 took 399.035s (0.012s in batching)
training loss:	0.536076
validation loss:	0.586497
validation error:	0.300774
2017-01-31 18:39:17,534 INFO     Wrote output to trainNN/out/v046-unified-48-gc2478ae-dirty:lstm-w2v-100-50/config.json
2017-01-31 18:45:51,030 INFO     Saving network params to trainNN/out/v046-unified-48-gc2478ae-dirty:lstm-w2v-100-50/epoch-002.pkl
2017-01-31 18:45:59,294 INFO     epoch: 2 took 401.761s (0.013s in batching)
training loss:	0.496160
validation loss:	0.623355
validation error:	0.311972
2017-01-31 18:45:59,295 INFO     Wrote output to trainNN/out/v046-unified-48-gc2478ae-dirty:lstm-w2v-100-50/config.json
2017-01-31 18:52:30,725 INFO     Saving network params to trainNN/out/v046-unified-48-gc2478ae-dirty:lstm-w2v-100-50/epoch-003.pkl
2017-01-31 18:52:38,758 INFO     epoch: 3 took 399.464s (0.014s in batching)
training loss:	0.455748
validation loss:	0.670053
validation error:	0.321250
2017-01-31 18:52:38,758 INFO     Wrote output to trainNN/out/v046-unified-48-gc2478ae-dirty:lstm-w2v-100-50/config.json
2017-01-31 18:59:09,935 INFO     Saving network params to trainNN/out/v046-unified-48-gc2478ae-dirty:lstm-w2v-100-50/epoch-004.pkl
2017-01-31 18:59:18,045 INFO     epoch: 4 took 399.287s (0.013s in batching)
training loss:	0.420919
validation loss:	0.713960
validation error:	0.328179
2017-01-31 18:59:18,045 INFO     Wrote output to trainNN/out/v046-unified-48-gc2478ae-dirty:lstm-w2v-100-50/config.json
2017-01-31 19:05:51,422 INFO     Saving network params to trainNN/out/v046-unified-48-gc2478ae-dirty:lstm-w2v-100-50/epoch-005.pkl
2017-01-31 19:05:59,586 INFO     epoch: 5 took 401.541s (0.013s in batching)
training loss:	0.391350
validation loss:	0.755550
validation error:	0.331184
2017-01-31 19:05:59,586 INFO     Wrote output to trainNN/out/v046-unified-48-gc2478ae-dirty:lstm-w2v-100-50/config.json
2017-01-31 19:12:29,215 INFO     Saving network params to trainNN/out/v046-unified-48-gc2478ae-dirty:lstm-w2v-100-50/epoch-006.pkl
2017-01-31 19:12:37,407 INFO     epoch: 6 took 397.821s (0.013s in batching)
training loss:	0.365956
validation loss:	0.787910
validation error:	0.333514
2017-01-31 19:12:37,408 INFO     Wrote output to trainNN/out/v046-unified-48-gc2478ae-dirty:lstm-w2v-100-50/config.json
2017-01-31 19:19:06,847 INFO     Saving network params to trainNN/out/v046-unified-48-gc2478ae-dirty:lstm-w2v-100-50/epoch-007.pkl
2017-01-31 19:19:15,105 INFO     epoch: 7 took 397.698s (0.012s in batching)
training loss:	0.345700
validation loss:	0.828867
validation error:	0.336797
2017-01-31 19:19:15,106 INFO     Wrote output to trainNN/out/v046-unified-48-gc2478ae-dirty:lstm-w2v-100-50/config.json
2017-01-31 19:25:46,242 INFO     Saving network params to trainNN/out/v046-unified-48-gc2478ae-dirty:lstm-w2v-100-50/epoch-008.pkl
2017-01-31 19:25:54,393 INFO     epoch: 8 took 399.288s (0.012s in batching)
training loss:	0.328567
validation loss:	0.871366
validation error:	0.341887
2017-01-31 19:25:54,394 INFO     Wrote output to trainNN/out/v046-unified-48-gc2478ae-dirty:lstm-w2v-100-50/config.json
2017-01-31 19:32:26,481 INFO     Saving network params to trainNN/out/v046-unified-48-gc2478ae-dirty:lstm-w2v-100-50/epoch-009.pkl
2017-01-31 19:32:34,776 INFO     epoch: 9 took 400.383s (0.012s in batching)
training loss:	0.313701
validation loss:	0.899826
validation error:	0.340307
2017-01-31 19:32:34,777 INFO     Wrote output to trainNN/out/v046-unified-48-gc2478ae-dirty:lstm-w2v-100-50/config.json
2017-01-31 19:39:06,134 INFO     Saving network params to trainNN/out/v046-unified-48-gc2478ae-dirty:lstm-w2v-100-50/epoch-010.pkl
2017-01-31 19:39:14,187 INFO     epoch: 10 took 399.410s (0.012s in batching)
training loss:	0.300892
validation loss:	0.940011
validation error:	0.341184
2017-01-31 19:39:14,188 INFO     Wrote output to trainNN/out/v046-unified-48-gc2478ae-dirty:lstm-w2v-100-50/config.json
2017-01-31 19:45:45,753 INFO     Saving network params to trainNN/out/v046-unified-48-gc2478ae-dirty:lstm-w2v-100-50/epoch-011.pkl
2017-01-31 19:45:54,502 INFO     epoch: 11 took 400.315s (0.013s in batching)
training loss:	0.290312
validation loss:	0.969278
validation error:	0.339816
2017-01-31 19:45:54,503 INFO     Wrote output to trainNN/out/v046-unified-48-gc2478ae-dirty:lstm-w2v-100-50/config.json
2017-01-31 19:52:22,826 INFO     Saving network params to trainNN/out/v046-unified-48-gc2478ae-dirty:lstm-w2v-100-50/epoch-012.pkl
2017-01-31 19:52:30,905 INFO     epoch: 12 took 396.403s (0.012s in batching)
training loss:	0.280920
validation loss:	0.987060
validation error:	0.342241
2017-01-31 19:52:30,906 INFO     Wrote output to trainNN/out/v046-unified-48-gc2478ae-dirty:lstm-w2v-100-50/config.json
2017-01-31 19:59:00,559 INFO     Saving network params to trainNN/out/v046-unified-48-gc2478ae-dirty:lstm-w2v-100-50/epoch-013.pkl
2017-01-31 19:59:08,666 INFO     epoch: 13 took 397.761s (0.013s in batching)
training loss:	0.272350
validation loss:	1.012182
validation error:	0.345165
2017-01-31 19:59:08,666 INFO     Wrote output to trainNN/out/v046-unified-48-gc2478ae-dirty:lstm-w2v-100-50/config.json
2017-01-31 20:05:36,062 INFO     Saving network params to trainNN/out/v046-unified-48-gc2478ae-dirty:lstm-w2v-100-50/epoch-014.pkl
2017-01-31 20:05:44,036 INFO     epoch: 14 took 395.370s (0.012s in batching)
training loss:	0.264732
validation loss:	1.035059
validation error:	0.346575
2017-01-31 20:05:44,037 INFO     Wrote output to trainNN/out/v046-unified-48-gc2478ae-dirty:lstm-w2v-100-50/config.json
2017-01-31 20:12:13,026 INFO     Saving network params to trainNN/out/v046-unified-48-gc2478ae-dirty:lstm-w2v-100-50/epoch-015.pkl
2017-01-31 20:12:21,222 INFO     epoch: 15 took 397.186s (0.014s in batching)
training loss:	0.258010
validation loss:	1.048790
validation error:	0.347057
2017-01-31 20:12:21,223 INFO     Wrote output to trainNN/out/v046-unified-48-gc2478ae-dirty:lstm-w2v-100-50/config.json
2017-01-31 20:18:50,841 INFO     Saving network params to trainNN/out/v046-unified-48-gc2478ae-dirty:lstm-w2v-100-50/epoch-016.pkl
2017-01-31 20:18:58,938 INFO     epoch: 16 took 397.717s (0.013s in batching)
training loss:	0.252494
validation loss:	1.072886
validation error:	0.349712
2017-01-31 20:18:58,939 INFO     Wrote output to trainNN/out/v046-unified-48-gc2478ae-dirty:lstm-w2v-100-50/config.json
2017-01-31 20:25:27,501 INFO     Saving network params to trainNN/out/v046-unified-48-gc2478ae-dirty:lstm-w2v-100-50/epoch-017.pkl
2017-01-31 20:25:35,555 INFO     epoch: 17 took 396.617s (0.013s in batching)
training loss:	0.246560
validation loss:	1.097723
validation error:	0.345698
2017-01-31 20:25:35,556 INFO     Wrote output to trainNN/out/v046-unified-48-gc2478ae-dirty:lstm-w2v-100-50/config.json
2017-01-31 20:30:29,480 INFO     received exit signal, waiting for epoch to finish...
