2017-02-03 17:49:30,905 DEBUG    version=v047-unified-9-g3e744d7-dirty:lstm-1500ms-60-30
2017-02-03 17:49:30,905 INFO     Open DBase(data/db/all240302-spk.dat, data/db/all240302-spk.idx, mode='r')
2017-02-03 17:49:48,665 DEBUG    loading cached extracted data from data/cache/extract-e8191b45bee38b979ea71aab10e23773ebf23209ca564445af66886837318779.pickle
2017-02-03 17:49:50,837 DEBUG    set input dim to 2
2017-02-03 17:49:50,838 DEBUG    input dim = 2
2017-02-03 17:49:50,861 DEBUG    shuffling batches
2017-02-03 17:49:57,069 DEBUG    shuffling done
2017-02-03 17:49:57,069 DEBUG    loading data into ram
2017-02-03 17:49:57,131 DEBUG    loading data took 0.062s (cpu: 0.062s)
2017-02-03 17:49:57,263 DEBUG    set input dim to 2
2017-02-03 17:49:57,264 DEBUG    input dim = 2
2017-02-03 17:49:57,321 DEBUG    shuffling batches
2017-02-03 17:49:57,918 DEBUG    shuffling done
2017-02-03 17:49:57,918 DEBUG    loading data into ram
2017-02-03 17:49:57,925 DEBUG    loading data took 0.007s (cpu: 0.007s)
2017-02-03 17:49:58,009 DEBUG    Applying L2 regularization with 0.000100
2017-02-03 17:49:58,066 INFO     Training network with 42387 trainable out of 42617 total params.
2017-02-03 17:49:58,434 DEBUG    Using adam with learning_rate=0.001000
2017-02-03 17:50:16,320 DEBUG    Starting training...
2017-02-03 17:51:36,404 INFO     Saving network params to trainNN/out/v047-unified-9-g3e744d7-dirty:lstm-1500ms-60-30/epoch-000.pkl
2017-02-03 17:51:38,072 INFO     epoch: 0 took 81.752s (0.002s in batching)
training loss:	0.619075
validation loss:	0.592820
validation error:	0.321785
2017-02-03 17:51:38,072 INFO     Wrote output to trainNN/out/v047-unified-9-g3e744d7-dirty:lstm-1500ms-60-30/config.json
2017-02-03 17:52:57,520 INFO     Saving network params to trainNN/out/v047-unified-9-g3e744d7-dirty:lstm-1500ms-60-30/epoch-001.pkl
2017-02-03 17:52:59,192 INFO     epoch: 1 took 81.120s (0.002s in batching)
training loss:	0.601571
validation loss:	0.587807
validation error:	0.313223
2017-02-03 17:52:59,192 INFO     Wrote output to trainNN/out/v047-unified-9-g3e744d7-dirty:lstm-1500ms-60-30/config.json
2017-02-03 17:54:18,254 INFO     Saving network params to trainNN/out/v047-unified-9-g3e744d7-dirty:lstm-1500ms-60-30/epoch-002.pkl
2017-02-03 17:54:19,958 INFO     epoch: 2 took 80.766s (0.002s in batching)
training loss:	0.596244
validation loss:	0.580664
validation error:	0.308165
2017-02-03 17:54:19,959 INFO     Wrote output to trainNN/out/v047-unified-9-g3e744d7-dirty:lstm-1500ms-60-30/config.json
2017-02-03 17:55:39,906 INFO     Saving network params to trainNN/out/v047-unified-9-g3e744d7-dirty:lstm-1500ms-60-30/epoch-003.pkl
2017-02-03 17:55:41,595 INFO     epoch: 3 took 81.637s (0.002s in batching)
training loss:	0.588124
validation loss:	0.577162
validation error:	0.300463
2017-02-03 17:55:41,596 INFO     Wrote output to trainNN/out/v047-unified-9-g3e744d7-dirty:lstm-1500ms-60-30/config.json
2017-02-03 17:57:01,474 INFO     Saving network params to trainNN/out/v047-unified-9-g3e744d7-dirty:lstm-1500ms-60-30/epoch-004.pkl
2017-02-03 17:57:03,263 INFO     epoch: 4 took 81.668s (0.002s in batching)
training loss:	0.582954
validation loss:	0.568849
validation error:	0.296397
2017-02-03 17:57:03,264 INFO     Wrote output to trainNN/out/v047-unified-9-g3e744d7-dirty:lstm-1500ms-60-30/config.json
2017-02-03 17:58:23,359 INFO     Saving network params to trainNN/out/v047-unified-9-g3e744d7-dirty:lstm-1500ms-60-30/epoch-005.pkl
2017-02-03 17:58:25,030 INFO     epoch: 5 took 81.767s (0.002s in batching)
training loss:	0.579791
validation loss:	0.569055
validation error:	0.298645
2017-02-03 17:58:25,031 INFO     Wrote output to trainNN/out/v047-unified-9-g3e744d7-dirty:lstm-1500ms-60-30/config.json
2017-02-03 17:59:44,941 INFO     Saving network params to trainNN/out/v047-unified-9-g3e744d7-dirty:lstm-1500ms-60-30/epoch-006.pkl
2017-02-03 17:59:46,632 INFO     epoch: 6 took 81.602s (0.002s in batching)
training loss:	0.577006
validation loss:	0.567165
validation error:	0.294612
2017-02-03 17:59:46,633 INFO     Wrote output to trainNN/out/v047-unified-9-g3e744d7-dirty:lstm-1500ms-60-30/config.json
2017-02-03 18:01:05,965 INFO     Saving network params to trainNN/out/v047-unified-9-g3e744d7-dirty:lstm-1500ms-60-30/epoch-007.pkl
2017-02-03 18:01:07,625 INFO     epoch: 7 took 80.993s (0.002s in batching)
training loss:	0.574805
validation loss:	0.565350
validation error:	0.290182
2017-02-03 18:01:07,709 INFO     Wrote output to trainNN/out/v047-unified-9-g3e744d7-dirty:lstm-1500ms-60-30/config.json
2017-02-03 18:02:26,773 INFO     Saving network params to trainNN/out/v047-unified-9-g3e744d7-dirty:lstm-1500ms-60-30/epoch-008.pkl
2017-02-03 18:02:28,427 INFO     epoch: 8 took 80.803s (0.004s in batching)
training loss:	0.573535
validation loss:	0.565582
validation error:	0.293421
2017-02-03 18:02:28,428 INFO     Wrote output to trainNN/out/v047-unified-9-g3e744d7-dirty:lstm-1500ms-60-30/config.json
2017-02-03 18:03:47,064 INFO     Saving network params to trainNN/out/v047-unified-9-g3e744d7-dirty:lstm-1500ms-60-30/epoch-009.pkl
2017-02-03 18:03:48,725 INFO     epoch: 9 took 80.297s (0.002s in batching)
training loss:	0.572162
validation loss:	0.563541
validation error:	0.285818
2017-02-03 18:03:48,725 INFO     Wrote output to trainNN/out/v047-unified-9-g3e744d7-dirty:lstm-1500ms-60-30/config.json
2017-02-03 18:05:07,437 INFO     Saving network params to trainNN/out/v047-unified-9-g3e744d7-dirty:lstm-1500ms-60-30/epoch-010.pkl
2017-02-03 18:05:09,086 INFO     epoch: 10 took 80.361s (0.002s in batching)
training loss:	0.570297
validation loss:	0.560112
validation error:	0.285421
2017-02-03 18:05:09,087 INFO     Wrote output to trainNN/out/v047-unified-9-g3e744d7-dirty:lstm-1500ms-60-30/config.json
2017-02-03 18:06:28,165 INFO     Saving network params to trainNN/out/v047-unified-9-g3e744d7-dirty:lstm-1500ms-60-30/epoch-011.pkl
2017-02-03 18:06:29,846 INFO     epoch: 11 took 80.760s (0.002s in batching)
training loss:	0.569165
validation loss:	0.558410
validation error:	0.286876
2017-02-03 18:06:29,847 INFO     Wrote output to trainNN/out/v047-unified-9-g3e744d7-dirty:lstm-1500ms-60-30/config.json
2017-02-03 18:07:49,287 INFO     Saving network params to trainNN/out/v047-unified-9-g3e744d7-dirty:lstm-1500ms-60-30/epoch-012.pkl
2017-02-03 18:07:50,979 INFO     epoch: 12 took 81.134s (0.001s in batching)
training loss:	0.567960
validation loss:	0.561101
validation error:	0.288165
2017-02-03 18:07:50,980 INFO     Wrote output to trainNN/out/v047-unified-9-g3e744d7-dirty:lstm-1500ms-60-30/config.json
2017-02-03 18:09:10,386 INFO     Saving network params to trainNN/out/v047-unified-9-g3e744d7-dirty:lstm-1500ms-60-30/epoch-013.pkl
2017-02-03 18:09:12,085 INFO     epoch: 13 took 81.105s (0.002s in batching)
training loss:	0.566466
validation loss:	0.555395
validation error:	0.282182
2017-02-03 18:09:12,086 INFO     Wrote output to trainNN/out/v047-unified-9-g3e744d7-dirty:lstm-1500ms-60-30/config.json
2017-02-03 18:10:31,697 INFO     Saving network params to trainNN/out/v047-unified-9-g3e744d7-dirty:lstm-1500ms-60-30/epoch-014.pkl
2017-02-03 18:10:33,365 INFO     epoch: 14 took 81.280s (0.002s in batching)
training loss:	0.564533
validation loss:	0.554562
validation error:	0.282843
2017-02-03 18:10:33,366 INFO     Wrote output to trainNN/out/v047-unified-9-g3e744d7-dirty:lstm-1500ms-60-30/config.json
2017-02-03 18:11:52,984 INFO     Saving network params to trainNN/out/v047-unified-9-g3e744d7-dirty:lstm-1500ms-60-30/epoch-015.pkl
2017-02-03 18:11:54,693 INFO     epoch: 15 took 81.328s (0.002s in batching)
training loss:	0.561445
validation loss:	0.553348
validation error:	0.282579
2017-02-03 18:11:54,694 INFO     Wrote output to trainNN/out/v047-unified-9-g3e744d7-dirty:lstm-1500ms-60-30/config.json
2017-02-03 18:13:14,289 INFO     Saving network params to trainNN/out/v047-unified-9-g3e744d7-dirty:lstm-1500ms-60-30/epoch-016.pkl
2017-02-03 18:13:15,971 INFO     epoch: 16 took 81.279s (0.002s in batching)
training loss:	0.558677
validation loss:	0.550271
validation error:	0.282678
2017-02-03 18:13:15,972 INFO     Wrote output to trainNN/out/v047-unified-9-g3e744d7-dirty:lstm-1500ms-60-30/config.json
2017-02-03 18:14:35,503 INFO     Saving network params to trainNN/out/v047-unified-9-g3e744d7-dirty:lstm-1500ms-60-30/epoch-017.pkl
2017-02-03 18:14:37,238 INFO     epoch: 17 took 81.266s (0.002s in batching)
training loss:	0.556363
validation loss:	0.547526
validation error:	0.280496
2017-02-03 18:14:37,239 INFO     Wrote output to trainNN/out/v047-unified-9-g3e744d7-dirty:lstm-1500ms-60-30/config.json
2017-02-03 18:15:56,997 INFO     Saving network params to trainNN/out/v047-unified-9-g3e744d7-dirty:lstm-1500ms-60-30/epoch-018.pkl
2017-02-03 18:15:58,679 INFO     epoch: 18 took 81.441s (0.002s in batching)
training loss:	0.554817
validation loss:	0.546758
validation error:	0.280033
2017-02-03 18:15:58,680 INFO     Wrote output to trainNN/out/v047-unified-9-g3e744d7-dirty:lstm-1500ms-60-30/config.json
2017-02-03 18:17:18,437 INFO     Saving network params to trainNN/out/v047-unified-9-g3e744d7-dirty:lstm-1500ms-60-30/epoch-019.pkl
2017-02-03 18:17:20,128 INFO     epoch: 19 took 81.450s (0.002s in batching)
training loss:	0.553626
validation loss:	0.545412
validation error:	0.278975
2017-02-03 18:17:20,129 INFO     Wrote output to trainNN/out/v047-unified-9-g3e744d7-dirty:lstm-1500ms-60-30/config.json
2017-02-03 18:18:39,532 INFO     Saving network params to trainNN/out/v047-unified-9-g3e744d7-dirty:lstm-1500ms-60-30/epoch-020.pkl
2017-02-03 18:18:41,227 INFO     epoch: 20 took 81.099s (0.002s in batching)
training loss:	0.551932
validation loss:	0.542131
validation error:	0.272992
2017-02-03 18:18:41,228 INFO     Wrote output to trainNN/out/v047-unified-9-g3e744d7-dirty:lstm-1500ms-60-30/config.json
2017-02-03 18:20:00,787 INFO     Saving network params to trainNN/out/v047-unified-9-g3e744d7-dirty:lstm-1500ms-60-30/epoch-021.pkl
2017-02-03 18:20:02,468 INFO     epoch: 21 took 81.241s (0.002s in batching)
training loss:	0.551028
validation loss:	0.541150
validation error:	0.272264
2017-02-03 18:20:02,469 INFO     Wrote output to trainNN/out/v047-unified-9-g3e744d7-dirty:lstm-1500ms-60-30/config.json
2017-02-03 18:21:21,485 INFO     Saving network params to trainNN/out/v047-unified-9-g3e744d7-dirty:lstm-1500ms-60-30/epoch-022.pkl
2017-02-03 18:21:23,169 INFO     epoch: 22 took 80.700s (0.002s in batching)
training loss:	0.550091
validation loss:	0.541616
validation error:	0.274050
2017-02-03 18:21:23,170 INFO     Wrote output to trainNN/out/v047-unified-9-g3e744d7-dirty:lstm-1500ms-60-30/config.json
2017-02-03 18:22:43,507 INFO     Saving network params to trainNN/out/v047-unified-9-g3e744d7-dirty:lstm-1500ms-60-30/epoch-023.pkl
2017-02-03 18:22:45,200 INFO     epoch: 23 took 82.030s (0.002s in batching)
training loss:	0.549155
validation loss:	0.541609
validation error:	0.273124
2017-02-03 18:22:45,201 INFO     Wrote output to trainNN/out/v047-unified-9-g3e744d7-dirty:lstm-1500ms-60-30/config.json
2017-02-03 18:24:03,330 INFO     Saving network params to trainNN/out/v047-unified-9-g3e744d7-dirty:lstm-1500ms-60-30/epoch-024.pkl
2017-02-03 18:24:05,004 INFO     epoch: 24 took 79.805s (0.002s in batching)
training loss:	0.548302
validation loss:	0.543091
validation error:	0.276132
2017-02-03 18:24:05,005 INFO     Wrote output to trainNN/out/v047-unified-9-g3e744d7-dirty:lstm-1500ms-60-30/config.json
2017-02-03 18:25:23,162 INFO     Saving network params to trainNN/out/v047-unified-9-g3e744d7-dirty:lstm-1500ms-60-30/epoch-025.pkl
2017-02-03 18:25:24,835 INFO     epoch: 25 took 79.831s (0.002s in batching)
training loss:	0.547744
validation loss:	0.539510
validation error:	0.271405
2017-02-03 18:25:24,836 INFO     Wrote output to trainNN/out/v047-unified-9-g3e744d7-dirty:lstm-1500ms-60-30/config.json
2017-02-03 18:26:42,948 INFO     Saving network params to trainNN/out/v047-unified-9-g3e744d7-dirty:lstm-1500ms-60-30/epoch-026.pkl
2017-02-03 18:26:44,616 INFO     epoch: 26 took 79.781s (0.002s in batching)
training loss:	0.546659
validation loss:	0.540138
validation error:	0.270777
2017-02-03 18:26:44,617 INFO     Wrote output to trainNN/out/v047-unified-9-g3e744d7-dirty:lstm-1500ms-60-30/config.json
2017-02-03 18:28:02,672 INFO     Saving network params to trainNN/out/v047-unified-9-g3e744d7-dirty:lstm-1500ms-60-30/epoch-027.pkl
2017-02-03 18:28:04,336 INFO     epoch: 27 took 79.721s (0.002s in batching)
training loss:	0.545847
validation loss:	0.538080
validation error:	0.273554
2017-02-03 18:28:04,337 INFO     Wrote output to trainNN/out/v047-unified-9-g3e744d7-dirty:lstm-1500ms-60-30/config.json
2017-02-03 18:29:22,443 INFO     Saving network params to trainNN/out/v047-unified-9-g3e744d7-dirty:lstm-1500ms-60-30/epoch-028.pkl
2017-02-03 18:29:24,116 INFO     epoch: 28 took 79.780s (0.002s in batching)
training loss:	0.545302
validation loss:	0.538152
validation error:	0.270744
2017-02-03 18:29:24,117 INFO     Wrote output to trainNN/out/v047-unified-9-g3e744d7-dirty:lstm-1500ms-60-30/config.json
2017-02-03 18:30:42,734 INFO     Saving network params to trainNN/out/v047-unified-9-g3e744d7-dirty:lstm-1500ms-60-30/epoch-029.pkl
2017-02-03 18:30:44,449 INFO     epoch: 29 took 80.332s (0.002s in batching)
training loss:	0.544657
validation loss:	0.537708
validation error:	0.271074
2017-02-03 18:30:44,450 INFO     Wrote output to trainNN/out/v047-unified-9-g3e744d7-dirty:lstm-1500ms-60-30/config.json
2017-02-03 18:32:02,579 INFO     Saving network params to trainNN/out/v047-unified-9-g3e744d7-dirty:lstm-1500ms-60-30/epoch-030.pkl
2017-02-03 18:32:04,250 INFO     epoch: 30 took 79.802s (0.002s in batching)
training loss:	0.544279
validation loss:	0.539795
validation error:	0.272430
2017-02-03 18:32:04,251 INFO     Wrote output to trainNN/out/v047-unified-9-g3e744d7-dirty:lstm-1500ms-60-30/config.json
2017-02-03 18:33:23,014 INFO     Saving network params to trainNN/out/v047-unified-9-g3e744d7-dirty:lstm-1500ms-60-30/epoch-031.pkl
2017-02-03 18:33:24,798 INFO     epoch: 31 took 80.547s (0.002s in batching)
training loss:	0.543688
validation loss:	0.540640
validation error:	0.273091
2017-02-03 18:33:24,799 INFO     Wrote output to trainNN/out/v047-unified-9-g3e744d7-dirty:lstm-1500ms-60-30/config.json
2017-02-03 18:34:44,201 INFO     Saving network params to trainNN/out/v047-unified-9-g3e744d7-dirty:lstm-1500ms-60-30/epoch-032.pkl
2017-02-03 18:34:45,908 INFO     epoch: 32 took 81.111s (0.002s in batching)
training loss:	0.543358
validation loss:	0.539329
validation error:	0.273488
2017-02-03 18:34:45,909 INFO     Wrote output to trainNN/out/v047-unified-9-g3e744d7-dirty:lstm-1500ms-60-30/config.json
2017-02-03 18:36:05,817 INFO     Saving network params to trainNN/out/v047-unified-9-g3e744d7-dirty:lstm-1500ms-60-30/epoch-033.pkl
2017-02-03 18:36:07,541 INFO     epoch: 33 took 81.633s (0.002s in batching)
training loss:	0.542490
validation loss:	0.538003
validation error:	0.271372
2017-02-03 18:36:07,542 INFO     Wrote output to trainNN/out/v047-unified-9-g3e744d7-dirty:lstm-1500ms-60-30/config.json
2017-02-03 18:37:27,276 INFO     Saving network params to trainNN/out/v047-unified-9-g3e744d7-dirty:lstm-1500ms-60-30/epoch-034.pkl
2017-02-03 18:37:29,191 INFO     epoch: 34 took 81.649s (0.002s in batching)
training loss:	0.541923
validation loss:	0.537596
validation error:	0.269521
2017-02-03 18:37:29,192 INFO     Wrote output to trainNN/out/v047-unified-9-g3e744d7-dirty:lstm-1500ms-60-30/config.json
2017-02-03 18:38:48,123 INFO     Saving network params to trainNN/out/v047-unified-9-g3e744d7-dirty:lstm-1500ms-60-30/epoch-035.pkl
2017-02-03 18:38:49,797 INFO     epoch: 35 took 80.606s (0.002s in batching)
training loss:	0.541954
validation loss:	0.539145
validation error:	0.270744
2017-02-03 18:38:49,798 INFO     Wrote output to trainNN/out/v047-unified-9-g3e744d7-dirty:lstm-1500ms-60-30/config.json
2017-02-03 18:40:09,294 INFO     Saving network params to trainNN/out/v047-unified-9-g3e744d7-dirty:lstm-1500ms-60-30/epoch-036.pkl
2017-02-03 18:40:11,015 INFO     epoch: 36 took 81.219s (0.002s in batching)
training loss:	0.541343
validation loss:	0.540445
validation error:	0.272727
2017-02-03 18:40:11,016 INFO     Wrote output to trainNN/out/v047-unified-9-g3e744d7-dirty:lstm-1500ms-60-30/config.json
2017-02-03 18:41:30,801 INFO     Saving network params to trainNN/out/v047-unified-9-g3e744d7-dirty:lstm-1500ms-60-30/epoch-037.pkl
2017-02-03 18:41:32,930 INFO     epoch: 37 took 81.875s (0.002s in batching)
training loss:	0.540924
validation loss:	0.537337
validation error:	0.269388
2017-02-03 18:41:33,032 INFO     Wrote output to trainNN/out/v047-unified-9-g3e744d7-dirty:lstm-1500ms-60-30/config.json
2017-02-03 18:43:37,995 INFO     Saving network params to trainNN/out/v047-unified-9-g3e744d7-dirty:lstm-1500ms-60-30/epoch-038.pkl
2017-02-03 18:43:43,999 INFO     epoch: 38 took 131.109s (0.033s in batching)
training loss:	0.540752
validation loss:	0.540062
validation error:	0.271008
2017-02-03 18:43:44,000 INFO     Wrote output to trainNN/out/v047-unified-9-g3e744d7-dirty:lstm-1500ms-60-30/config.json
2017-02-03 18:46:18,909 INFO     Saving network params to trainNN/out/v047-unified-9-g3e744d7-dirty:lstm-1500ms-60-30/epoch-039.pkl
2017-02-03 18:46:24,942 INFO     epoch: 39 took 160.943s (0.002s in batching)
training loss:	0.540111
validation loss:	0.535545
validation error:	0.268529
2017-02-03 18:46:24,943 INFO     Wrote output to trainNN/out/v047-unified-9-g3e744d7-dirty:lstm-1500ms-60-30/config.json
2017-02-03 18:49:04,673 INFO     Saving network params to trainNN/out/v047-unified-9-g3e744d7-dirty:lstm-1500ms-60-30/epoch-040.pkl
2017-02-03 18:49:10,684 INFO     epoch: 40 took 165.742s (0.002s in batching)
training loss:	0.539706
validation loss:	0.541770
validation error:	0.272760
2017-02-03 18:49:10,685 INFO     Wrote output to trainNN/out/v047-unified-9-g3e744d7-dirty:lstm-1500ms-60-30/config.json
2017-02-03 18:51:50,569 INFO     Saving network params to trainNN/out/v047-unified-9-g3e744d7-dirty:lstm-1500ms-60-30/epoch-041.pkl
2017-02-03 18:51:56,603 INFO     epoch: 41 took 165.920s (0.002s in batching)
training loss:	0.539354
validation loss:	0.540282
validation error:	0.271471
2017-02-03 18:51:56,604 INFO     Wrote output to trainNN/out/v047-unified-9-g3e744d7-dirty:lstm-1500ms-60-30/config.json
2017-02-03 18:54:27,186 INFO     Saving network params to trainNN/out/v047-unified-9-g3e744d7-dirty:lstm-1500ms-60-30/epoch-042.pkl
2017-02-03 18:54:33,247 INFO     epoch: 42 took 156.644s (0.002s in batching)
training loss:	0.538814
validation loss:	0.539437
validation error:	0.272496
2017-02-03 18:54:33,248 INFO     Wrote output to trainNN/out/v047-unified-9-g3e744d7-dirty:lstm-1500ms-60-30/config.json
2017-02-03 18:57:06,775 INFO     Saving network params to trainNN/out/v047-unified-9-g3e744d7-dirty:lstm-1500ms-60-30/epoch-043.pkl
2017-02-03 18:57:12,845 INFO     epoch: 43 took 159.598s (0.002s in batching)
training loss:	0.538684
validation loss:	0.540318
validation error:	0.272463
2017-02-03 18:57:12,847 INFO     Wrote output to trainNN/out/v047-unified-9-g3e744d7-dirty:lstm-1500ms-60-30/config.json
2017-02-03 18:59:47,620 INFO     Saving network params to trainNN/out/v047-unified-9-g3e744d7-dirty:lstm-1500ms-60-30/epoch-044.pkl
2017-02-03 18:59:53,664 INFO     epoch: 44 took 160.818s (0.002s in batching)
training loss:	0.538339
validation loss:	0.539002
validation error:	0.270215
2017-02-03 18:59:53,665 INFO     Wrote output to trainNN/out/v047-unified-9-g3e744d7-dirty:lstm-1500ms-60-30/config.json
2017-02-03 19:02:24,178 INFO     Saving network params to trainNN/out/v047-unified-9-g3e744d7-dirty:lstm-1500ms-60-30/epoch-045.pkl
2017-02-03 19:02:30,265 INFO     epoch: 45 took 156.601s (0.002s in batching)
training loss:	0.537947
validation loss:	0.543034
validation error:	0.270479
2017-02-03 19:02:30,266 INFO     Wrote output to trainNN/out/v047-unified-9-g3e744d7-dirty:lstm-1500ms-60-30/config.json
2017-02-03 19:05:04,891 INFO     Saving network params to trainNN/out/v047-unified-9-g3e744d7-dirty:lstm-1500ms-60-30/epoch-046.pkl
2017-02-03 19:05:10,956 INFO     epoch: 46 took 160.691s (0.002s in batching)
training loss:	0.537359
validation loss:	0.540113
validation error:	0.273686
2017-02-03 19:05:10,957 INFO     Wrote output to trainNN/out/v047-unified-9-g3e744d7-dirty:lstm-1500ms-60-30/config.json
2017-02-03 19:07:44,146 INFO     Saving network params to trainNN/out/v047-unified-9-g3e744d7-dirty:lstm-1500ms-60-30/epoch-047.pkl
2017-02-03 19:07:50,136 INFO     epoch: 47 took 159.181s (0.002s in batching)
training loss:	0.537389
validation loss:	0.541216
validation error:	0.271107
2017-02-03 19:07:50,138 INFO     Wrote output to trainNN/out/v047-unified-9-g3e744d7-dirty:lstm-1500ms-60-30/config.json
2017-02-03 19:10:29,228 INFO     Saving network params to trainNN/out/v047-unified-9-g3e744d7-dirty:lstm-1500ms-60-30/epoch-048.pkl
2017-02-03 19:10:35,282 INFO     epoch: 48 took 165.145s (0.002s in batching)
training loss:	0.537008
validation loss:	0.540965
validation error:	0.272430
2017-02-03 19:10:35,283 INFO     Wrote output to trainNN/out/v047-unified-9-g3e744d7-dirty:lstm-1500ms-60-30/config.json
2017-02-03 19:13:15,123 INFO     Saving network params to trainNN/out/v047-unified-9-g3e744d7-dirty:lstm-1500ms-60-30/epoch-049.pkl
2017-02-03 19:13:21,162 INFO     epoch: 49 took 165.880s (0.002s in batching)
training loss:	0.536479
validation loss:	0.540588
validation error:	0.270612
2017-02-03 19:13:21,163 INFO     Wrote output to trainNN/out/v047-unified-9-g3e744d7-dirty:lstm-1500ms-60-30/config.json
2017-02-03 19:15:56,165 INFO     Saving network params to trainNN/out/v047-unified-9-g3e744d7-dirty:lstm-1500ms-60-30/epoch-050.pkl
2017-02-03 19:16:02,206 INFO     epoch: 50 took 161.045s (0.002s in batching)
training loss:	0.536101
validation loss:	0.539968
validation error:	0.271273
2017-02-03 19:16:02,208 INFO     Wrote output to trainNN/out/v047-unified-9-g3e744d7-dirty:lstm-1500ms-60-30/config.json
2017-02-03 19:18:37,390 INFO     Saving network params to trainNN/out/v047-unified-9-g3e744d7-dirty:lstm-1500ms-60-30/epoch-051.pkl
2017-02-03 19:18:43,492 INFO     epoch: 51 took 161.285s (0.002s in batching)
training loss:	0.535963
validation loss:	0.541185
validation error:	0.270744
2017-02-03 19:18:43,493 INFO     Wrote output to trainNN/out/v047-unified-9-g3e744d7-dirty:lstm-1500ms-60-30/config.json
2017-02-03 19:22:12,882 INFO     Saving network params to trainNN/out/v047-unified-9-g3e744d7-dirty:lstm-1500ms-60-30/epoch-052.pkl
2017-02-03 19:22:24,023 INFO     epoch: 52 took 220.531s (0.055s in batching)
training loss:	0.535706
validation loss:	0.539510
validation error:	0.269818
2017-02-03 19:22:24,035 INFO     Wrote output to trainNN/out/v047-unified-9-g3e744d7-dirty:lstm-1500ms-60-30/config.json
2017-02-03 19:26:13,111 INFO     Saving network params to trainNN/out/v047-unified-9-g3e744d7-dirty:lstm-1500ms-60-30/epoch-053.pkl
2017-02-03 19:26:24,071 INFO     epoch: 53 took 240.048s (0.002s in batching)
training loss:	0.535640
validation loss:	0.540443
validation error:	0.268397
2017-02-03 19:26:24,074 INFO     Wrote output to trainNN/out/v047-unified-9-g3e744d7-dirty:lstm-1500ms-60-30/config.json
2017-02-03 19:30:12,185 INFO     Saving network params to trainNN/out/v047-unified-9-g3e744d7-dirty:lstm-1500ms-60-30/epoch-054.pkl
2017-02-03 19:30:23,125 INFO     epoch: 54 took 239.053s (0.002s in batching)
training loss:	0.535222
validation loss:	0.540116
validation error:	0.270876
2017-02-03 19:30:23,126 INFO     Wrote output to trainNN/out/v047-unified-9-g3e744d7-dirty:lstm-1500ms-60-30/config.json
2017-02-03 19:34:10,675 INFO     Saving network params to trainNN/out/v047-unified-9-g3e744d7-dirty:lstm-1500ms-60-30/epoch-055.pkl
2017-02-03 19:34:21,456 INFO     epoch: 55 took 238.331s (0.002s in batching)
training loss:	0.534787
validation loss:	0.538169
validation error:	0.268661
2017-02-03 19:34:21,457 INFO     Wrote output to trainNN/out/v047-unified-9-g3e744d7-dirty:lstm-1500ms-60-30/config.json
2017-02-03 19:38:08,841 INFO     Saving network params to trainNN/out/v047-unified-9-g3e744d7-dirty:lstm-1500ms-60-30/epoch-056.pkl
2017-02-03 19:38:19,606 INFO     epoch: 56 took 238.151s (0.002s in batching)
training loss:	0.534640
validation loss:	0.540704
validation error:	0.270678
2017-02-03 19:38:19,609 INFO     Wrote output to trainNN/out/v047-unified-9-g3e744d7-dirty:lstm-1500ms-60-30/config.json
2017-02-03 19:42:06,688 INFO     Saving network params to trainNN/out/v047-unified-9-g3e744d7-dirty:lstm-1500ms-60-30/epoch-057.pkl
2017-02-03 19:42:17,548 INFO     epoch: 57 took 237.941s (0.002s in batching)
training loss:	0.534218
validation loss:	0.543724
validation error:	0.273950
2017-02-03 19:42:17,551 INFO     Wrote output to trainNN/out/v047-unified-9-g3e744d7-dirty:lstm-1500ms-60-30/config.json
2017-02-03 19:46:04,920 INFO     Saving network params to trainNN/out/v047-unified-9-g3e744d7-dirty:lstm-1500ms-60-30/epoch-058.pkl
2017-02-03 19:46:15,728 INFO     epoch: 58 took 238.180s (0.002s in batching)
training loss:	0.533903
validation loss:	0.541035
validation error:	0.271802
2017-02-03 19:46:15,730 INFO     Wrote output to trainNN/out/v047-unified-9-g3e744d7-dirty:lstm-1500ms-60-30/config.json
2017-02-03 19:50:03,134 INFO     Saving network params to trainNN/out/v047-unified-9-g3e744d7-dirty:lstm-1500ms-60-30/epoch-059.pkl
2017-02-03 19:50:14,077 INFO     epoch: 59 took 238.349s (0.002s in batching)
training loss:	0.533130
validation loss:	0.546529
validation error:	0.274281
2017-02-03 19:50:14,078 INFO     Wrote output to trainNN/out/v047-unified-9-g3e744d7-dirty:lstm-1500ms-60-30/config.json
2017-02-03 19:54:01,565 INFO     Saving network params to trainNN/out/v047-unified-9-g3e744d7-dirty:lstm-1500ms-60-30/epoch-060.pkl
2017-02-03 19:54:12,268 INFO     epoch: 60 took 238.191s (0.002s in batching)
training loss:	0.533381
validation loss:	0.542476
validation error:	0.272132
2017-02-03 19:54:12,271 INFO     Wrote output to trainNN/out/v047-unified-9-g3e744d7-dirty:lstm-1500ms-60-30/config.json
2017-02-03 19:57:59,513 INFO     Saving network params to trainNN/out/v047-unified-9-g3e744d7-dirty:lstm-1500ms-60-30/epoch-061.pkl
2017-02-03 19:58:10,210 INFO     epoch: 61 took 237.942s (0.002s in batching)
training loss:	0.532919
validation loss:	0.539038
validation error:	0.268661
2017-02-03 19:58:10,212 INFO     Wrote output to trainNN/out/v047-unified-9-g3e744d7-dirty:lstm-1500ms-60-30/config.json
2017-02-03 20:01:57,632 INFO     Saving network params to trainNN/out/v047-unified-9-g3e744d7-dirty:lstm-1500ms-60-30/epoch-062.pkl
2017-02-03 20:02:08,611 INFO     epoch: 62 took 238.401s (0.002s in batching)
training loss:	0.532672
validation loss:	0.541212
validation error:	0.268562
2017-02-03 20:02:08,647 INFO     Wrote output to trainNN/out/v047-unified-9-g3e744d7-dirty:lstm-1500ms-60-30/config.json
2017-02-03 20:05:55,977 INFO     Saving network params to trainNN/out/v047-unified-9-g3e744d7-dirty:lstm-1500ms-60-30/epoch-063.pkl
2017-02-03 20:06:06,789 INFO     epoch: 63 took 238.178s (0.002s in batching)
training loss:	0.532498
validation loss:	0.541725
validation error:	0.267736
2017-02-03 20:06:06,790 INFO     Wrote output to trainNN/out/v047-unified-9-g3e744d7-dirty:lstm-1500ms-60-30/config.json
2017-02-03 20:09:54,324 INFO     Saving network params to trainNN/out/v047-unified-9-g3e744d7-dirty:lstm-1500ms-60-30/epoch-064.pkl
2017-02-03 20:10:05,119 INFO     epoch: 64 took 238.330s (0.002s in batching)
training loss:	0.532229
validation loss:	0.543526
validation error:	0.270413
2017-02-03 20:10:05,121 INFO     Wrote output to trainNN/out/v047-unified-9-g3e744d7-dirty:lstm-1500ms-60-30/config.json
2017-02-03 20:13:52,671 INFO     Saving network params to trainNN/out/v047-unified-9-g3e744d7-dirty:lstm-1500ms-60-30/epoch-065.pkl
2017-02-03 20:14:03,786 INFO     epoch: 65 took 238.667s (0.002s in batching)
training loss:	0.532279
validation loss:	0.540559
validation error:	0.265620
2017-02-03 20:14:03,788 INFO     Wrote output to trainNN/out/v047-unified-9-g3e744d7-dirty:lstm-1500ms-60-30/config.json
2017-02-03 20:17:50,732 INFO     Saving network params to trainNN/out/v047-unified-9-g3e744d7-dirty:lstm-1500ms-60-30/epoch-066.pkl
2017-02-03 20:18:01,558 INFO     epoch: 66 took 237.772s (0.002s in batching)
training loss:	0.531314
validation loss:	0.541391
validation error:	0.271107
2017-02-03 20:18:01,560 INFO     Wrote output to trainNN/out/v047-unified-9-g3e744d7-dirty:lstm-1500ms-60-30/config.json
2017-02-03 20:21:48,843 INFO     Saving network params to trainNN/out/v047-unified-9-g3e744d7-dirty:lstm-1500ms-60-30/epoch-067.pkl
2017-02-03 20:21:59,660 INFO     epoch: 67 took 238.102s (0.002s in batching)
training loss:	0.531353
validation loss:	0.541623
validation error:	0.269653
2017-02-03 20:21:59,662 INFO     Wrote output to trainNN/out/v047-unified-9-g3e744d7-dirty:lstm-1500ms-60-30/config.json
2017-02-03 20:25:47,033 INFO     Saving network params to trainNN/out/v047-unified-9-g3e744d7-dirty:lstm-1500ms-60-30/epoch-068.pkl
2017-02-03 20:25:57,868 INFO     epoch: 68 took 238.208s (0.002s in batching)
training loss:	0.530977
validation loss:	0.543768
validation error:	0.271140
2017-02-03 20:25:57,870 INFO     Wrote output to trainNN/out/v047-unified-9-g3e744d7-dirty:lstm-1500ms-60-30/config.json
2017-02-03 20:29:45,396 INFO     Saving network params to trainNN/out/v047-unified-9-g3e744d7-dirty:lstm-1500ms-60-30/epoch-069.pkl
2017-02-03 20:29:56,198 INFO     epoch: 69 took 238.330s (0.002s in batching)
training loss:	0.530954
validation loss:	0.544940
validation error:	0.271736
2017-02-03 20:29:56,200 INFO     Wrote output to trainNN/out/v047-unified-9-g3e744d7-dirty:lstm-1500ms-60-30/config.json
2017-02-03 20:33:42,639 INFO     Saving network params to trainNN/out/v047-unified-9-g3e744d7-dirty:lstm-1500ms-60-30/epoch-070.pkl
2017-02-03 20:33:53,465 INFO     epoch: 70 took 237.267s (0.002s in batching)
training loss:	0.531149
validation loss:	0.541098
validation error:	0.268793
2017-02-03 20:33:53,468 INFO     Wrote output to trainNN/out/v047-unified-9-g3e744d7-dirty:lstm-1500ms-60-30/config.json
2017-02-03 20:37:41,176 INFO     Saving network params to trainNN/out/v047-unified-9-g3e744d7-dirty:lstm-1500ms-60-30/epoch-071.pkl
2017-02-03 20:37:52,033 INFO     epoch: 71 took 238.568s (0.002s in batching)
training loss:	0.530375
validation loss:	0.541956
validation error:	0.269455
2017-02-03 20:37:52,036 INFO     Wrote output to trainNN/out/v047-unified-9-g3e744d7-dirty:lstm-1500ms-60-30/config.json
2017-02-03 20:41:38,954 INFO     Saving network params to trainNN/out/v047-unified-9-g3e744d7-dirty:lstm-1500ms-60-30/epoch-072.pkl
2017-02-03 20:41:50,572 INFO     epoch: 72 took 238.539s (0.002s in batching)
training loss:	0.530161
validation loss:	0.543779
validation error:	0.269554
2017-02-03 20:41:50,573 INFO     Wrote output to trainNN/out/v047-unified-9-g3e744d7-dirty:lstm-1500ms-60-30/config.json
2017-02-03 20:45:38,013 INFO     Saving network params to trainNN/out/v047-unified-9-g3e744d7-dirty:lstm-1500ms-60-30/epoch-073.pkl
2017-02-03 20:45:48,844 INFO     epoch: 73 took 238.272s (0.002s in batching)
training loss:	0.529993
validation loss:	0.541365
validation error:	0.270248
2017-02-03 20:45:48,846 INFO     Wrote output to trainNN/out/v047-unified-9-g3e744d7-dirty:lstm-1500ms-60-30/config.json
2017-02-03 20:49:36,568 INFO     Saving network params to trainNN/out/v047-unified-9-g3e744d7-dirty:lstm-1500ms-60-30/epoch-074.pkl
2017-02-03 20:49:47,351 INFO     epoch: 74 took 238.507s (0.002s in batching)
training loss:	0.529964
validation loss:	0.543989
validation error:	0.273091
2017-02-03 20:49:47,353 INFO     Wrote output to trainNN/out/v047-unified-9-g3e744d7-dirty:lstm-1500ms-60-30/config.json
2017-02-03 20:53:34,163 INFO     Saving network params to trainNN/out/v047-unified-9-g3e744d7-dirty:lstm-1500ms-60-30/epoch-075.pkl
2017-02-03 20:53:44,884 INFO     epoch: 75 took 237.533s (0.002s in batching)
training loss:	0.529574
validation loss:	0.541856
validation error:	0.271240
2017-02-03 20:53:44,886 INFO     Wrote output to trainNN/out/v047-unified-9-g3e744d7-dirty:lstm-1500ms-60-30/config.json
2017-02-03 20:57:32,214 INFO     Saving network params to trainNN/out/v047-unified-9-g3e744d7-dirty:lstm-1500ms-60-30/epoch-076.pkl
2017-02-03 20:57:43,064 INFO     epoch: 76 took 238.180s (0.002s in batching)
training loss:	0.529422
validation loss:	0.544457
validation error:	0.273521
2017-02-03 20:57:43,066 INFO     Wrote output to trainNN/out/v047-unified-9-g3e744d7-dirty:lstm-1500ms-60-30/config.json
2017-02-03 21:01:30,520 INFO     Saving network params to trainNN/out/v047-unified-9-g3e744d7-dirty:lstm-1500ms-60-30/epoch-077.pkl
2017-02-03 21:01:41,448 INFO     epoch: 77 took 238.383s (0.002s in batching)
training loss:	0.529235
validation loss:	0.544877
validation error:	0.270711
2017-02-03 21:01:41,450 INFO     Wrote output to trainNN/out/v047-unified-9-g3e744d7-dirty:lstm-1500ms-60-30/config.json
2017-02-03 21:06:00,891 INFO     Saving network params to trainNN/out/v047-unified-9-g3e744d7-dirty:lstm-1500ms-60-30/epoch-078.pkl
2017-02-03 21:06:11,716 INFO     epoch: 78 took 270.268s (0.002s in batching)
training loss:	0.529046
validation loss:	0.546079
validation error:	0.272992
2017-02-03 21:06:11,719 INFO     Wrote output to trainNN/out/v047-unified-9-g3e744d7-dirty:lstm-1500ms-60-30/config.json
2017-02-03 21:09:58,867 INFO     Saving network params to trainNN/out/v047-unified-9-g3e744d7-dirty:lstm-1500ms-60-30/epoch-079.pkl
2017-02-03 21:10:09,880 INFO     epoch: 79 took 238.164s (0.002s in batching)
training loss:	0.528835
validation loss:	0.544949
validation error:	0.270545
2017-02-03 21:10:09,882 INFO     Wrote output to trainNN/out/v047-unified-9-g3e744d7-dirty:lstm-1500ms-60-30/config.json
2017-02-03 21:13:57,484 INFO     Saving network params to trainNN/out/v047-unified-9-g3e744d7-dirty:lstm-1500ms-60-30/epoch-080.pkl
2017-02-03 21:14:08,291 INFO     epoch: 80 took 238.411s (0.002s in batching)
training loss:	0.528493
validation loss:	0.545750
validation error:	0.270876
2017-02-03 21:14:08,293 INFO     Wrote output to trainNN/out/v047-unified-9-g3e744d7-dirty:lstm-1500ms-60-30/config.json
2017-02-03 21:17:55,537 INFO     Saving network params to trainNN/out/v047-unified-9-g3e744d7-dirty:lstm-1500ms-60-30/epoch-081.pkl
2017-02-03 21:18:06,345 INFO     epoch: 81 took 238.053s (0.002s in batching)
training loss:	0.528188
validation loss:	0.548582
validation error:	0.275934
2017-02-03 21:18:06,346 INFO     Wrote output to trainNN/out/v047-unified-9-g3e744d7-dirty:lstm-1500ms-60-30/config.json
2017-02-03 21:21:31,706 INFO     Saving network params to trainNN/out/v047-unified-9-g3e744d7-dirty:lstm-1500ms-60-30/epoch-082.pkl
2017-02-03 21:21:42,696 INFO     epoch: 82 took 216.351s (0.002s in batching)
training loss:	0.527773
validation loss:	0.548401
validation error:	0.275107
2017-02-03 21:21:42,716 INFO     Wrote output to trainNN/out/v047-unified-9-g3e744d7-dirty:lstm-1500ms-60-30/config.json
2017-02-03 21:25:29,934 INFO     Saving network params to trainNN/out/v047-unified-9-g3e744d7-dirty:lstm-1500ms-60-30/epoch-083.pkl
2017-02-03 21:25:40,745 INFO     epoch: 83 took 238.049s (0.002s in batching)
training loss:	0.528142
validation loss:	0.547733
validation error:	0.276430
2017-02-03 21:25:40,747 INFO     Wrote output to trainNN/out/v047-unified-9-g3e744d7-dirty:lstm-1500ms-60-30/config.json
2017-02-03 21:29:28,731 INFO     Saving network params to trainNN/out/v047-unified-9-g3e744d7-dirty:lstm-1500ms-60-30/epoch-084.pkl
2017-02-03 21:29:39,673 INFO     epoch: 84 took 238.928s (0.002s in batching)
training loss:	0.528109
validation loss:	0.546769
validation error:	0.275140
2017-02-03 21:29:39,676 INFO     Wrote output to trainNN/out/v047-unified-9-g3e744d7-dirty:lstm-1500ms-60-30/config.json
2017-02-03 21:33:27,177 INFO     Saving network params to trainNN/out/v047-unified-9-g3e744d7-dirty:lstm-1500ms-60-30/epoch-085.pkl
2017-02-03 21:33:37,908 INFO     epoch: 85 took 238.235s (0.002s in batching)
training loss:	0.527652
validation loss:	0.550121
validation error:	0.272826
2017-02-03 21:33:37,910 INFO     Wrote output to trainNN/out/v047-unified-9-g3e744d7-dirty:lstm-1500ms-60-30/config.json
2017-02-03 21:37:25,543 INFO     Saving network params to trainNN/out/v047-unified-9-g3e744d7-dirty:lstm-1500ms-60-30/epoch-086.pkl
2017-02-03 21:37:36,476 INFO     epoch: 86 took 238.568s (0.002s in batching)
training loss:	0.527190
validation loss:	0.545343
validation error:	0.269752
2017-02-03 21:37:36,478 INFO     Wrote output to trainNN/out/v047-unified-9-g3e744d7-dirty:lstm-1500ms-60-30/config.json
2017-02-03 21:41:24,391 INFO     Saving network params to trainNN/out/v047-unified-9-g3e744d7-dirty:lstm-1500ms-60-30/epoch-087.pkl
2017-02-03 21:41:35,173 INFO     epoch: 87 took 238.697s (0.002s in batching)
training loss:	0.526729
validation loss:	0.547547
validation error:	0.273719
2017-02-03 21:41:35,175 INFO     Wrote output to trainNN/out/v047-unified-9-g3e744d7-dirty:lstm-1500ms-60-30/config.json
2017-02-03 21:45:22,387 INFO     Saving network params to trainNN/out/v047-unified-9-g3e744d7-dirty:lstm-1500ms-60-30/epoch-088.pkl
2017-02-03 21:45:33,154 INFO     epoch: 88 took 237.981s (0.002s in batching)
training loss:	0.526764
validation loss:	0.546931
validation error:	0.274975
2017-02-03 21:45:33,155 INFO     Wrote output to trainNN/out/v047-unified-9-g3e744d7-dirty:lstm-1500ms-60-30/config.json
2017-02-03 21:49:20,031 INFO     Saving network params to trainNN/out/v047-unified-9-g3e744d7-dirty:lstm-1500ms-60-30/epoch-089.pkl
2017-02-03 21:49:30,893 INFO     epoch: 89 took 237.740s (0.002s in batching)
training loss:	0.526853
validation loss:	0.550502
validation error:	0.276033
2017-02-03 21:49:30,895 INFO     Wrote output to trainNN/out/v047-unified-9-g3e744d7-dirty:lstm-1500ms-60-30/config.json
2017-02-03 21:53:18,274 INFO     Saving network params to trainNN/out/v047-unified-9-g3e744d7-dirty:lstm-1500ms-60-30/epoch-090.pkl
2017-02-03 21:53:29,139 INFO     epoch: 90 took 238.245s (0.002s in batching)
training loss:	0.526273
validation loss:	0.548693
validation error:	0.275835
2017-02-03 21:53:29,140 INFO     Wrote output to trainNN/out/v047-unified-9-g3e744d7-dirty:lstm-1500ms-60-30/config.json
2017-02-03 21:57:16,757 INFO     Saving network params to trainNN/out/v047-unified-9-g3e744d7-dirty:lstm-1500ms-60-30/epoch-091.pkl
2017-02-03 21:57:27,419 INFO     epoch: 91 took 238.280s (0.002s in batching)
training loss:	0.526302
validation loss:	0.548278
validation error:	0.273058
2017-02-03 21:57:27,421 INFO     Wrote output to trainNN/out/v047-unified-9-g3e744d7-dirty:lstm-1500ms-60-30/config.json
2017-02-03 22:01:14,998 INFO     Saving network params to trainNN/out/v047-unified-9-g3e744d7-dirty:lstm-1500ms-60-30/epoch-092.pkl
2017-02-03 22:01:25,967 INFO     epoch: 92 took 238.548s (0.002s in batching)
training loss:	0.526104
validation loss:	0.547254
validation error:	0.274083
2017-02-03 22:01:25,969 INFO     Wrote output to trainNN/out/v047-unified-9-g3e744d7-dirty:lstm-1500ms-60-30/config.json
2017-02-03 22:05:12,997 INFO     Saving network params to trainNN/out/v047-unified-9-g3e744d7-dirty:lstm-1500ms-60-30/epoch-093.pkl
2017-02-03 22:05:23,716 INFO     epoch: 93 took 237.749s (0.002s in batching)
training loss:	0.525908
validation loss:	0.549303
validation error:	0.275273
2017-02-03 22:05:23,718 INFO     Wrote output to trainNN/out/v047-unified-9-g3e744d7-dirty:lstm-1500ms-60-30/config.json
2017-02-03 22:09:11,096 INFO     Saving network params to trainNN/out/v047-unified-9-g3e744d7-dirty:lstm-1500ms-60-30/epoch-094.pkl
2017-02-03 22:09:21,882 INFO     epoch: 94 took 238.166s (0.002s in batching)
training loss:	0.525961
validation loss:	0.548982
validation error:	0.274413
2017-02-03 22:09:21,884 INFO     Wrote output to trainNN/out/v047-unified-9-g3e744d7-dirty:lstm-1500ms-60-30/config.json
2017-02-03 22:13:09,479 INFO     Saving network params to trainNN/out/v047-unified-9-g3e744d7-dirty:lstm-1500ms-60-30/epoch-095.pkl
2017-02-03 22:13:21,785 INFO     epoch: 95 took 239.903s (0.002s in batching)
training loss:	0.525977
validation loss:	0.552474
validation error:	0.276628
2017-02-03 22:13:21,787 INFO     Wrote output to trainNN/out/v047-unified-9-g3e744d7-dirty:lstm-1500ms-60-30/config.json
2017-02-03 22:17:09,484 INFO     Saving network params to trainNN/out/v047-unified-9-g3e744d7-dirty:lstm-1500ms-60-30/epoch-096.pkl
2017-02-03 22:17:20,293 INFO     epoch: 96 took 238.508s (0.002s in batching)
training loss:	0.525497
validation loss:	0.548975
validation error:	0.274942
2017-02-03 22:17:20,295 INFO     Wrote output to trainNN/out/v047-unified-9-g3e744d7-dirty:lstm-1500ms-60-30/config.json
2017-02-03 22:21:07,127 INFO     Saving network params to trainNN/out/v047-unified-9-g3e744d7-dirty:lstm-1500ms-60-30/epoch-097.pkl
2017-02-03 22:21:17,952 INFO     epoch: 97 took 237.660s (0.002s in batching)
training loss:	0.525330
validation loss:	0.548735
validation error:	0.274876
2017-02-03 22:21:17,954 INFO     Wrote output to trainNN/out/v047-unified-9-g3e744d7-dirty:lstm-1500ms-60-30/config.json
2017-02-03 22:25:05,632 INFO     Saving network params to trainNN/out/v047-unified-9-g3e744d7-dirty:lstm-1500ms-60-30/epoch-098.pkl
2017-02-03 22:25:16,362 INFO     epoch: 98 took 238.410s (0.002s in batching)
training loss:	0.525211
validation loss:	0.547945
validation error:	0.272562
2017-02-03 22:25:16,364 INFO     Wrote output to trainNN/out/v047-unified-9-g3e744d7-dirty:lstm-1500ms-60-30/config.json
2017-02-03 22:29:03,270 INFO     Saving network params to trainNN/out/v047-unified-9-g3e744d7-dirty:lstm-1500ms-60-30/epoch-099.pkl
2017-02-03 22:29:14,046 INFO     epoch: 99 took 237.684s (0.001s in batching)
training loss:	0.525375
validation loss:	0.547988
validation error:	0.274711
2017-02-03 22:29:14,048 INFO     Wrote output to trainNN/out/v047-unified-9-g3e744d7-dirty:lstm-1500ms-60-30/config.json
2017-02-03 22:33:00,601 INFO     Saving network params to trainNN/out/v047-unified-9-g3e744d7-dirty:lstm-1500ms-60-30/epoch-100.pkl
2017-02-03 22:33:12,056 INFO     epoch: 100 took 238.010s (0.002s in batching)
training loss:	0.524977
validation loss:	0.551222
validation error:	0.277653
2017-02-03 22:33:12,058 INFO     Wrote output to trainNN/out/v047-unified-9-g3e744d7-dirty:lstm-1500ms-60-30/config.json
2017-02-03 22:36:59,209 INFO     Saving network params to trainNN/out/v047-unified-9-g3e744d7-dirty:lstm-1500ms-60-30/epoch-101.pkl
2017-02-03 22:37:10,091 INFO     epoch: 101 took 238.036s (0.002s in batching)
training loss:	0.524913
validation loss:	0.548459
validation error:	0.274017
2017-02-03 22:37:10,094 INFO     Wrote output to trainNN/out/v047-unified-9-g3e744d7-dirty:lstm-1500ms-60-30/config.json
2017-02-03 22:40:57,425 INFO     Saving network params to trainNN/out/v047-unified-9-g3e744d7-dirty:lstm-1500ms-60-30/epoch-102.pkl
2017-02-03 22:41:09,611 INFO     epoch: 102 took 239.520s (0.002s in batching)
training loss:	0.524755
validation loss:	0.550784
validation error:	0.272364
2017-02-03 22:41:09,613 INFO     Wrote output to trainNN/out/v047-unified-9-g3e744d7-dirty:lstm-1500ms-60-30/config.json
2017-02-03 22:44:57,024 INFO     Saving network params to trainNN/out/v047-unified-9-g3e744d7-dirty:lstm-1500ms-60-30/epoch-103.pkl
2017-02-03 22:45:07,784 INFO     epoch: 103 took 238.173s (0.002s in batching)
training loss:	0.524268
validation loss:	0.552687
validation error:	0.276760
2017-02-03 22:45:07,787 INFO     Wrote output to trainNN/out/v047-unified-9-g3e744d7-dirty:lstm-1500ms-60-30/config.json
2017-02-03 22:48:55,425 INFO     Saving network params to trainNN/out/v047-unified-9-g3e744d7-dirty:lstm-1500ms-60-30/epoch-104.pkl
2017-02-03 22:49:06,425 INFO     epoch: 104 took 238.641s (0.002s in batching)
training loss:	0.524344
validation loss:	0.549218
validation error:	0.272298
2017-02-03 22:49:06,427 INFO     Wrote output to trainNN/out/v047-unified-9-g3e744d7-dirty:lstm-1500ms-60-30/config.json
2017-02-03 22:52:54,033 INFO     Saving network params to trainNN/out/v047-unified-9-g3e744d7-dirty:lstm-1500ms-60-30/epoch-105.pkl
2017-02-03 22:53:05,005 INFO     epoch: 105 took 238.580s (0.001s in batching)
training loss:	0.524489
validation loss:	0.550627
validation error:	0.274182
2017-02-03 22:53:05,008 INFO     Wrote output to trainNN/out/v047-unified-9-g3e744d7-dirty:lstm-1500ms-60-30/config.json
2017-02-03 22:56:52,292 INFO     Saving network params to trainNN/out/v047-unified-9-g3e744d7-dirty:lstm-1500ms-60-30/epoch-106.pkl
2017-02-03 22:57:03,148 INFO     epoch: 106 took 238.142s (0.002s in batching)
training loss:	0.524072
validation loss:	0.549939
validation error:	0.274083
2017-02-03 22:57:03,150 INFO     Wrote output to trainNN/out/v047-unified-9-g3e744d7-dirty:lstm-1500ms-60-30/config.json
2017-02-03 23:00:49,663 INFO     Saving network params to trainNN/out/v047-unified-9-g3e744d7-dirty:lstm-1500ms-60-30/epoch-107.pkl
2017-02-03 23:01:00,356 INFO     epoch: 107 took 237.209s (0.002s in batching)
training loss:	0.524365
validation loss:	0.551051
validation error:	0.275240
2017-02-03 23:01:00,358 INFO     Wrote output to trainNN/out/v047-unified-9-g3e744d7-dirty:lstm-1500ms-60-30/config.json
2017-02-03 23:04:47,291 INFO     Saving network params to trainNN/out/v047-unified-9-g3e744d7-dirty:lstm-1500ms-60-30/epoch-108.pkl
2017-02-03 23:04:58,107 INFO     epoch: 108 took 237.751s (0.001s in batching)
training loss:	0.523950
validation loss:	0.551815
validation error:	0.273917
2017-02-03 23:04:58,110 INFO     Wrote output to trainNN/out/v047-unified-9-g3e744d7-dirty:lstm-1500ms-60-30/config.json
2017-02-03 23:08:45,413 INFO     Saving network params to trainNN/out/v047-unified-9-g3e744d7-dirty:lstm-1500ms-60-30/epoch-109.pkl
2017-02-03 23:08:56,337 INFO     epoch: 109 took 238.229s (0.002s in batching)
training loss:	0.523683
validation loss:	0.556848
validation error:	0.277025
2017-02-03 23:08:56,340 INFO     Wrote output to trainNN/out/v047-unified-9-g3e744d7-dirty:lstm-1500ms-60-30/config.json
2017-02-03 23:12:43,270 INFO     Saving network params to trainNN/out/v047-unified-9-g3e744d7-dirty:lstm-1500ms-60-30/epoch-110.pkl
2017-02-03 23:12:54,142 INFO     epoch: 110 took 237.805s (0.002s in batching)
training loss:	0.523997
validation loss:	0.553535
validation error:	0.274347
2017-02-03 23:12:54,144 INFO     Wrote output to trainNN/out/v047-unified-9-g3e744d7-dirty:lstm-1500ms-60-30/config.json
2017-02-03 23:16:41,735 INFO     Saving network params to trainNN/out/v047-unified-9-g3e744d7-dirty:lstm-1500ms-60-30/epoch-111.pkl
2017-02-03 23:16:52,944 INFO     epoch: 111 took 238.802s (0.002s in batching)
training loss:	0.523993
validation loss:	0.551175
validation error:	0.272463
2017-02-03 23:16:52,946 INFO     Wrote output to trainNN/out/v047-unified-9-g3e744d7-dirty:lstm-1500ms-60-30/config.json
2017-02-03 23:20:40,317 INFO     Saving network params to trainNN/out/v047-unified-9-g3e744d7-dirty:lstm-1500ms-60-30/epoch-112.pkl
2017-02-03 23:20:51,314 INFO     epoch: 112 took 238.370s (0.002s in batching)
training loss:	0.523773
validation loss:	0.551936
validation error:	0.275306
2017-02-03 23:20:51,316 INFO     Wrote output to trainNN/out/v047-unified-9-g3e744d7-dirty:lstm-1500ms-60-30/config.json
2017-02-03 23:24:38,621 INFO     Saving network params to trainNN/out/v047-unified-9-g3e744d7-dirty:lstm-1500ms-60-30/epoch-113.pkl
2017-02-03 23:24:49,310 INFO     epoch: 113 took 237.996s (0.002s in batching)
training loss:	0.523315
validation loss:	0.551388
validation error:	0.276033
2017-02-03 23:24:49,312 INFO     Wrote output to trainNN/out/v047-unified-9-g3e744d7-dirty:lstm-1500ms-60-30/config.json
2017-02-03 23:28:36,068 INFO     Saving network params to trainNN/out/v047-unified-9-g3e744d7-dirty:lstm-1500ms-60-30/epoch-114.pkl
2017-02-03 23:28:48,380 INFO     epoch: 114 took 239.069s (0.002s in batching)
training loss:	0.523704
validation loss:	0.549876
validation error:	0.272727
2017-02-03 23:28:48,382 INFO     Wrote output to trainNN/out/v047-unified-9-g3e744d7-dirty:lstm-1500ms-60-30/config.json
2017-02-03 23:32:35,889 INFO     Saving network params to trainNN/out/v047-unified-9-g3e744d7-dirty:lstm-1500ms-60-30/epoch-115.pkl
2017-02-03 23:32:46,692 INFO     epoch: 115 took 238.313s (0.001s in batching)
training loss:	0.523753
validation loss:	0.556297
validation error:	0.273818
2017-02-03 23:32:46,695 INFO     Wrote output to trainNN/out/v047-unified-9-g3e744d7-dirty:lstm-1500ms-60-30/config.json
2017-02-03 23:36:34,489 INFO     Saving network params to trainNN/out/v047-unified-9-g3e744d7-dirty:lstm-1500ms-60-30/epoch-116.pkl
2017-02-03 23:36:45,252 INFO     epoch: 116 took 238.559s (0.002s in batching)
training loss:	0.523485
validation loss:	0.548834
validation error:	0.276992
2017-02-03 23:36:45,254 INFO     Wrote output to trainNN/out/v047-unified-9-g3e744d7-dirty:lstm-1500ms-60-30/config.json
2017-02-03 23:40:32,603 INFO     Saving network params to trainNN/out/v047-unified-9-g3e744d7-dirty:lstm-1500ms-60-30/epoch-117.pkl
2017-02-03 23:40:43,448 INFO     epoch: 117 took 238.197s (0.002s in batching)
training loss:	0.523205
validation loss:	0.553176
validation error:	0.276661
2017-02-03 23:40:43,450 INFO     Wrote output to trainNN/out/v047-unified-9-g3e744d7-dirty:lstm-1500ms-60-30/config.json
2017-02-03 23:44:30,626 INFO     Saving network params to trainNN/out/v047-unified-9-g3e744d7-dirty:lstm-1500ms-60-30/epoch-118.pkl
2017-02-03 23:44:42,903 INFO     epoch: 118 took 239.455s (0.002s in batching)
training loss:	0.523137
validation loss:	0.552424
validation error:	0.278017
2017-02-03 23:44:42,907 INFO     Wrote output to trainNN/out/v047-unified-9-g3e744d7-dirty:lstm-1500ms-60-30/config.json
2017-02-03 23:48:30,088 INFO     Saving network params to trainNN/out/v047-unified-9-g3e744d7-dirty:lstm-1500ms-60-30/epoch-119.pkl
2017-02-03 23:48:40,905 INFO     epoch: 119 took 238.002s (0.002s in batching)
training loss:	0.522955
validation loss:	0.553916
validation error:	0.274281
2017-02-03 23:48:40,908 INFO     Wrote output to trainNN/out/v047-unified-9-g3e744d7-dirty:lstm-1500ms-60-30/config.json
2017-02-03 23:52:28,045 INFO     Saving network params to trainNN/out/v047-unified-9-g3e744d7-dirty:lstm-1500ms-60-30/epoch-120.pkl
2017-02-03 23:52:38,788 INFO     epoch: 120 took 237.883s (0.002s in batching)
training loss:	0.522869
validation loss:	0.552307
validation error:	0.274744
2017-02-03 23:52:38,790 INFO     Wrote output to trainNN/out/v047-unified-9-g3e744d7-dirty:lstm-1500ms-60-30/config.json
2017-02-03 23:56:25,838 INFO     Saving network params to trainNN/out/v047-unified-9-g3e744d7-dirty:lstm-1500ms-60-30/epoch-121.pkl
2017-02-03 23:56:36,735 INFO     epoch: 121 took 237.947s (0.002s in batching)
training loss:	0.522477
validation loss:	0.558175
validation error:	0.278017
2017-02-03 23:56:36,737 INFO     Wrote output to trainNN/out/v047-unified-9-g3e744d7-dirty:lstm-1500ms-60-30/config.json
2017-02-04 00:00:24,156 INFO     Saving network params to trainNN/out/v047-unified-9-g3e744d7-dirty:lstm-1500ms-60-30/epoch-122.pkl
2017-02-04 00:00:35,033 INFO     epoch: 122 took 238.298s (0.002s in batching)
training loss:	0.522549
validation loss:	0.551109
validation error:	0.274975
2017-02-04 00:00:35,035 INFO     Wrote output to trainNN/out/v047-unified-9-g3e744d7-dirty:lstm-1500ms-60-30/config.json
2017-02-04 00:04:21,648 INFO     Saving network params to trainNN/out/v047-unified-9-g3e744d7-dirty:lstm-1500ms-60-30/epoch-123.pkl
2017-02-04 00:04:32,347 INFO     epoch: 123 took 237.314s (0.002s in batching)
training loss:	0.522401
validation loss:	0.553208
validation error:	0.277124
2017-02-04 00:04:32,349 INFO     Wrote output to trainNN/out/v047-unified-9-g3e744d7-dirty:lstm-1500ms-60-30/config.json
2017-02-04 00:08:19,410 INFO     Saving network params to trainNN/out/v047-unified-9-g3e744d7-dirty:lstm-1500ms-60-30/epoch-124.pkl
2017-02-04 00:08:30,241 INFO     epoch: 124 took 237.894s (0.002s in batching)
training loss:	0.522157
validation loss:	0.554113
validation error:	0.274248
2017-02-04 00:08:30,243 INFO     Wrote output to trainNN/out/v047-unified-9-g3e744d7-dirty:lstm-1500ms-60-30/config.json
2017-02-04 00:12:17,388 INFO     Saving network params to trainNN/out/v047-unified-9-g3e744d7-dirty:lstm-1500ms-60-30/epoch-125.pkl
2017-02-04 00:12:28,182 INFO     epoch: 125 took 237.942s (0.002s in batching)
training loss:	0.522259
validation loss:	0.553879
validation error:	0.275901
2017-02-04 00:12:28,185 INFO     Wrote output to trainNN/out/v047-unified-9-g3e744d7-dirty:lstm-1500ms-60-30/config.json
2017-02-04 00:16:15,510 INFO     Saving network params to trainNN/out/v047-unified-9-g3e744d7-dirty:lstm-1500ms-60-30/epoch-126.pkl
2017-02-04 00:16:26,216 INFO     epoch: 126 took 238.033s (0.002s in batching)
training loss:	0.522621
validation loss:	0.552701
validation error:	0.277322
2017-02-04 00:16:26,219 INFO     Wrote output to trainNN/out/v047-unified-9-g3e744d7-dirty:lstm-1500ms-60-30/config.json
2017-02-04 00:20:13,599 INFO     Saving network params to trainNN/out/v047-unified-9-g3e744d7-dirty:lstm-1500ms-60-30/epoch-127.pkl
2017-02-04 00:20:24,368 INFO     epoch: 127 took 238.152s (0.002s in batching)
training loss:	0.521924
validation loss:	0.553229
validation error:	0.274149
2017-02-04 00:20:24,370 INFO     Wrote output to trainNN/out/v047-unified-9-g3e744d7-dirty:lstm-1500ms-60-30/config.json
2017-02-04 00:24:11,702 INFO     Saving network params to trainNN/out/v047-unified-9-g3e744d7-dirty:lstm-1500ms-60-30/epoch-128.pkl
2017-02-04 00:24:22,509 INFO     epoch: 128 took 238.141s (0.002s in batching)
training loss:	0.522084
validation loss:	0.554084
validation error:	0.276000
2017-02-04 00:24:22,512 INFO     Wrote output to trainNN/out/v047-unified-9-g3e744d7-dirty:lstm-1500ms-60-30/config.json
2017-02-04 00:28:09,926 INFO     Saving network params to trainNN/out/v047-unified-9-g3e744d7-dirty:lstm-1500ms-60-30/epoch-129.pkl
2017-02-04 00:28:20,657 INFO     epoch: 129 took 238.148s (0.002s in batching)
training loss:	0.522260
validation loss:	0.553871
validation error:	0.273355
2017-02-04 00:28:20,660 INFO     Wrote output to trainNN/out/v047-unified-9-g3e744d7-dirty:lstm-1500ms-60-30/config.json
2017-02-04 00:32:06,914 INFO     Saving network params to trainNN/out/v047-unified-9-g3e744d7-dirty:lstm-1500ms-60-30/epoch-130.pkl
2017-02-04 00:32:17,886 INFO     epoch: 130 took 237.228s (0.002s in batching)
training loss:	0.522080
validation loss:	0.555548
validation error:	0.279669
2017-02-04 00:32:17,888 INFO     Wrote output to trainNN/out/v047-unified-9-g3e744d7-dirty:lstm-1500ms-60-30/config.json
2017-02-04 00:36:04,862 INFO     Saving network params to trainNN/out/v047-unified-9-g3e744d7-dirty:lstm-1500ms-60-30/epoch-131.pkl
2017-02-04 00:36:15,620 INFO     epoch: 131 took 237.734s (0.002s in batching)
training loss:	0.522163
validation loss:	0.557253
validation error:	0.279934
2017-02-04 00:36:15,622 INFO     Wrote output to trainNN/out/v047-unified-9-g3e744d7-dirty:lstm-1500ms-60-30/config.json
2017-02-04 00:40:02,933 INFO     Saving network params to trainNN/out/v047-unified-9-g3e744d7-dirty:lstm-1500ms-60-30/epoch-132.pkl
2017-02-04 00:40:13,745 INFO     epoch: 132 took 238.125s (0.002s in batching)
training loss:	0.521460
validation loss:	0.554798
validation error:	0.277488
2017-02-04 00:40:13,747 INFO     Wrote output to trainNN/out/v047-unified-9-g3e744d7-dirty:lstm-1500ms-60-30/config.json
2017-02-04 00:44:01,078 INFO     Saving network params to trainNN/out/v047-unified-9-g3e744d7-dirty:lstm-1500ms-60-30/epoch-133.pkl
2017-02-04 00:44:11,910 INFO     epoch: 133 took 238.165s (0.002s in batching)
training loss:	0.521859
validation loss:	0.553840
validation error:	0.275603
2017-02-04 00:44:11,912 INFO     Wrote output to trainNN/out/v047-unified-9-g3e744d7-dirty:lstm-1500ms-60-30/config.json
2017-02-04 00:47:59,149 INFO     Saving network params to trainNN/out/v047-unified-9-g3e744d7-dirty:lstm-1500ms-60-30/epoch-134.pkl
2017-02-04 00:48:09,861 INFO     epoch: 134 took 237.951s (0.002s in batching)
training loss:	0.521890
validation loss:	0.554163
validation error:	0.277355
2017-02-04 00:48:09,864 INFO     Wrote output to trainNN/out/v047-unified-9-g3e744d7-dirty:lstm-1500ms-60-30/config.json
2017-02-04 00:51:57,070 INFO     Saving network params to trainNN/out/v047-unified-9-g3e744d7-dirty:lstm-1500ms-60-30/epoch-135.pkl
2017-02-04 00:52:07,913 INFO     epoch: 135 took 238.052s (0.002s in batching)
training loss:	0.521706
validation loss:	0.554528
validation error:	0.276331
2017-02-04 00:52:07,916 INFO     Wrote output to trainNN/out/v047-unified-9-g3e744d7-dirty:lstm-1500ms-60-30/config.json
2017-02-04 00:55:55,200 INFO     Saving network params to trainNN/out/v047-unified-9-g3e744d7-dirty:lstm-1500ms-60-30/epoch-136.pkl
2017-02-04 00:56:06,025 INFO     epoch: 136 took 238.112s (0.002s in batching)
training loss:	0.521745
validation loss:	0.553611
validation error:	0.275207
2017-02-04 00:56:06,027 INFO     Wrote output to trainNN/out/v047-unified-9-g3e744d7-dirty:lstm-1500ms-60-30/config.json
2017-02-04 00:59:53,175 INFO     Saving network params to trainNN/out/v047-unified-9-g3e744d7-dirty:lstm-1500ms-60-30/epoch-137.pkl
2017-02-04 01:00:04,228 INFO     epoch: 137 took 238.203s (0.002s in batching)
training loss:	0.521545
validation loss:	0.551789
validation error:	0.275901
2017-02-04 01:00:04,230 INFO     Wrote output to trainNN/out/v047-unified-9-g3e744d7-dirty:lstm-1500ms-60-30/config.json
2017-02-04 01:03:51,616 INFO     Saving network params to trainNN/out/v047-unified-9-g3e744d7-dirty:lstm-1500ms-60-30/epoch-138.pkl
2017-02-04 01:04:02,437 INFO     epoch: 138 took 238.209s (0.002s in batching)
training loss:	0.521786
validation loss:	0.555475
validation error:	0.274182
2017-02-04 01:04:02,439 INFO     Wrote output to trainNN/out/v047-unified-9-g3e744d7-dirty:lstm-1500ms-60-30/config.json
2017-02-04 01:07:50,540 INFO     Saving network params to trainNN/out/v047-unified-9-g3e744d7-dirty:lstm-1500ms-60-30/epoch-139.pkl
2017-02-04 01:08:01,350 INFO     epoch: 139 took 238.914s (0.002s in batching)
training loss:	0.521812
validation loss:	0.557697
validation error:	0.276727
2017-02-04 01:08:01,353 INFO     Wrote output to trainNN/out/v047-unified-9-g3e744d7-dirty:lstm-1500ms-60-30/config.json
2017-02-04 01:11:49,174 INFO     Saving network params to trainNN/out/v047-unified-9-g3e744d7-dirty:lstm-1500ms-60-30/epoch-140.pkl
2017-02-04 01:12:00,040 INFO     epoch: 140 took 238.690s (0.002s in batching)
training loss:	0.521267
validation loss:	0.557864
validation error:	0.276661
2017-02-04 01:12:00,043 INFO     Wrote output to trainNN/out/v047-unified-9-g3e744d7-dirty:lstm-1500ms-60-30/config.json
2017-02-04 01:15:47,619 INFO     Saving network params to trainNN/out/v047-unified-9-g3e744d7-dirty:lstm-1500ms-60-30/epoch-141.pkl
2017-02-04 01:15:58,386 INFO     epoch: 141 took 238.346s (0.002s in batching)
training loss:	0.521243
validation loss:	0.559568
validation error:	0.278545
2017-02-04 01:15:58,389 INFO     Wrote output to trainNN/out/v047-unified-9-g3e744d7-dirty:lstm-1500ms-60-30/config.json
2017-02-04 01:19:45,702 INFO     Saving network params to trainNN/out/v047-unified-9-g3e744d7-dirty:lstm-1500ms-60-30/epoch-142.pkl
2017-02-04 01:19:56,751 INFO     epoch: 142 took 238.365s (0.002s in batching)
training loss:	0.521452
validation loss:	0.557437
validation error:	0.277785
2017-02-04 01:19:56,753 INFO     Wrote output to trainNN/out/v047-unified-9-g3e744d7-dirty:lstm-1500ms-60-30/config.json
2017-02-04 01:23:44,073 INFO     Saving network params to trainNN/out/v047-unified-9-g3e744d7-dirty:lstm-1500ms-60-30/epoch-143.pkl
2017-02-04 01:23:54,789 INFO     epoch: 143 took 238.038s (0.002s in batching)
training loss:	0.521231
validation loss:	0.555147
validation error:	0.275471
2017-02-04 01:23:54,792 INFO     Wrote output to trainNN/out/v047-unified-9-g3e744d7-dirty:lstm-1500ms-60-30/config.json
2017-02-04 01:27:42,476 INFO     Saving network params to trainNN/out/v047-unified-9-g3e744d7-dirty:lstm-1500ms-60-30/epoch-144.pkl
2017-02-04 01:27:53,297 INFO     epoch: 144 took 238.508s (0.002s in batching)
training loss:	0.520923
validation loss:	0.555590
validation error:	0.276165
2017-02-04 01:27:53,299 INFO     Wrote output to trainNN/out/v047-unified-9-g3e744d7-dirty:lstm-1500ms-60-30/config.json
2017-02-04 01:31:40,727 INFO     Saving network params to trainNN/out/v047-unified-9-g3e744d7-dirty:lstm-1500ms-60-30/epoch-145.pkl
2017-02-04 01:31:51,688 INFO     epoch: 145 took 238.391s (0.002s in batching)
training loss:	0.520728
validation loss:	0.556988
validation error:	0.273785
2017-02-04 01:31:51,690 INFO     Wrote output to trainNN/out/v047-unified-9-g3e744d7-dirty:lstm-1500ms-60-30/config.json
2017-02-04 01:35:38,533 INFO     Saving network params to trainNN/out/v047-unified-9-g3e744d7-dirty:lstm-1500ms-60-30/epoch-146.pkl
2017-02-04 01:35:49,981 INFO     epoch: 146 took 238.294s (0.002s in batching)
training loss:	0.520398
validation loss:	0.558756
validation error:	0.276264
2017-02-04 01:35:49,989 INFO     Wrote output to trainNN/out/v047-unified-9-g3e744d7-dirty:lstm-1500ms-60-30/config.json
2017-02-04 01:37:10,086 INFO     received exit signal, waiting for epoch to finish...
2017-02-04 01:39:37,211 INFO     Saving network params to trainNN/out/v047-unified-9-g3e744d7-dirty:lstm-1500ms-60-30/epoch-147.pkl
2017-02-04 01:39:47,919 INFO     epoch: 147 took 237.937s (0.002s in batching)
training loss:	0.520834
validation loss:	0.561256
validation error:	0.276661
2017-02-04 01:39:47,922 INFO     Wrote output to trainNN/out/v047-unified-9-g3e744d7-dirty:lstm-1500ms-60-30/config.json
