2016-11-22 19:19:10 >>> loading config file ../extract_pfiles_python/out/v07-pitchnormalization2-context40/train-config.json
2016-11-22 19:19:10 >>> loading numpy file ../extract_pfiles_python/out/v07-pitchnormalization2-context40/train.npz
2016-11-22 19:19:13 >>> loading numpy file ../extract_pfiles_python/out/v07-pitchnormalization2-context40/validate.npz
2016-11-22 19:19:13 >>> Using fuzzy_newbob as schedulung method.
2016-11-22 19:19:13 >>> Training network with 21452 trainable out of 21452 total params.
2016-11-22 19:19:13 >>> Using adadelta with learning_rate=1.000000
2016-11-22 19:19:13 >>> Compiling theano functions...
2016-11-22 19:19:14 >>> Starting training...
2016-11-22 19:19:30 >>>   training loss:	0.116955
2016-11-22 19:19:30 >>> Saving network params to out/v07-pitchnormalization2-dirty/epoch-000.pkl
2016-11-22 19:19:31 >>> epoch: 0 validation error:		0.045932
2016-11-22 19:19:48 >>>   training loss:	0.105885
2016-11-22 19:19:48 >>> Saving network params to out/v07-pitchnormalization2-dirty/epoch-001.pkl
2016-11-22 19:19:49 >>> epoch: 1 validation error:		0.042158
2016-11-22 19:20:06 >>>   training loss:	0.105000
2016-11-22 19:20:06 >>> Saving network params to out/v07-pitchnormalization2-dirty/epoch-002.pkl
2016-11-22 19:20:07 >>> epoch: 2 validation error:		0.043460
2016-11-22 19:20:07 >>> Loading old params from out/v07-pitchnormalization2-dirty/epoch-001.pkl
2016-11-22 19:20:07 >>> fuzzy_newbob: Updating adadelta with learning_rate=0.500000
2016-11-22 19:20:07 >>> Re-compiling train function...
2016-11-22 19:20:24 >>>   training loss:	0.103735
2016-11-22 19:20:24 >>> Saving network params to out/v07-pitchnormalization2-dirty/epoch-003.pkl
2016-11-22 19:20:25 >>> epoch: 3 validation error:		0.042863
2016-11-22 19:20:25 >>> Loading old params from out/v07-pitchnormalization2-dirty/epoch-001.pkl
2016-11-22 19:20:25 >>> fuzzy_newbob: Updating adadelta with learning_rate=0.250000
2016-11-22 19:20:25 >>> Re-compiling train function...
2016-11-22 19:20:42 >>>   training loss:	0.103258
2016-11-22 19:20:42 >>> Saving network params to out/v07-pitchnormalization2-dirty/epoch-004.pkl
2016-11-22 19:20:43 >>> epoch: 4 validation error:		0.042661
2016-11-22 19:20:43 >>> Loading old params from out/v07-pitchnormalization2-dirty/epoch-001.pkl
2016-11-22 19:20:43 >>> fuzzy_newbob: Updating adadelta with learning_rate=0.125000
2016-11-22 19:20:43 >>> Re-compiling train function...
2016-11-22 19:21:00 >>>   training loss:	0.103077
2016-11-22 19:21:00 >>> Saving network params to out/v07-pitchnormalization2-dirty/epoch-005.pkl
2016-11-22 19:21:01 >>> epoch: 5 validation error:		0.042363
2016-11-22 19:21:01 >>> Loading old params from out/v07-pitchnormalization2-dirty/epoch-001.pkl
2016-11-22 19:21:01 >>> fuzzy_newbob: Updating adadelta with learning_rate=0.062500
2016-11-22 19:21:01 >>> Re-compiling train function...
2016-11-22 19:21:18 >>>   training loss:	0.103012
2016-11-22 19:21:18 >>> Saving network params to out/v07-pitchnormalization2-dirty/epoch-006.pkl
2016-11-22 19:21:19 >>> epoch: 6 validation error:		0.042197
2016-11-22 19:21:19 >>> Loading old params from out/v07-pitchnormalization2-dirty/epoch-001.pkl
2016-11-22 19:21:19 >>> fuzzy_newbob: Updating adadelta with learning_rate=0.031250
2016-11-22 19:21:19 >>> Re-compiling train function...
2016-11-22 19:21:36 >>>   training loss:	0.102997
2016-11-22 19:21:36 >>> Saving network params to out/v07-pitchnormalization2-dirty/epoch-007.pkl
2016-11-22 19:21:37 >>> epoch: 7 validation error:		0.042812
2016-11-22 19:21:37 >>> Loading old params from out/v07-pitchnormalization2-dirty/epoch-001.pkl
2016-11-22 19:21:37 >>> fuzzy_newbob: Updating adadelta with learning_rate=0.015625
2016-11-22 19:21:37 >>> Re-compiling train function...
2016-11-22 19:21:55 >>>   training loss:	0.103012
2016-11-22 19:21:55 >>> Saving network params to out/v07-pitchnormalization2-dirty/epoch-008.pkl
2016-11-22 19:21:56 >>> epoch: 8 validation error:		0.042417
2016-11-22 19:21:56 >>> Loading old params from out/v07-pitchnormalization2-dirty/epoch-001.pkl
2016-11-22 19:21:56 >>> fuzzy_newbob: Updating adadelta with learning_rate=0.007812
2016-11-22 19:21:56 >>> Re-compiling train function...
2016-11-22 19:22:12 >>>   training loss:	0.103046
2016-11-22 19:22:12 >>> Saving network params to out/v07-pitchnormalization2-dirty/epoch-009.pkl
2016-11-22 19:22:13 >>> epoch: 9 validation error:		0.042586
2016-11-22 19:22:13 >>> Loading old params from out/v07-pitchnormalization2-dirty/epoch-001.pkl
2016-11-22 19:22:13 >>> fuzzy_newbob: Updating adadelta with learning_rate=0.003906
2016-11-22 19:22:13 >>> Re-compiling train function...
2016-11-22 19:22:30 >>>   training loss:	0.103101
2016-11-22 19:22:30 >>> Saving network params to out/v07-pitchnormalization2-dirty/epoch-010.pkl
2016-11-22 19:22:31 >>> epoch: 10 validation error:		0.042556
2016-11-22 19:22:31 >>> Loading old params from out/v07-pitchnormalization2-dirty/epoch-001.pkl
2016-11-22 19:22:31 >>> fuzzy_newbob: Updating adadelta with learning_rate=0.001953
2016-11-22 19:22:31 >>> Re-compiling train function...
2016-11-22 19:22:48 >>>   training loss:	0.103195
2016-11-22 19:22:48 >>> Saving network params to out/v07-pitchnormalization2-dirty/epoch-011.pkl
2016-11-22 19:22:49 >>> epoch: 11 validation error:		0.042523
2016-11-22 19:22:49 >>> Loading old params from out/v07-pitchnormalization2-dirty/epoch-001.pkl
2016-11-22 19:22:49 >>> fuzzy_newbob: Updating adadelta with learning_rate=0.000977
2016-11-22 19:22:49 >>> Re-compiling train function...
2016-11-22 19:23:06 >>>   training loss:	0.103332
2016-11-22 19:23:06 >>> Saving network params to out/v07-pitchnormalization2-dirty/epoch-012.pkl
2016-11-22 19:23:07 >>> epoch: 12 validation error:		0.042508
2016-11-22 19:23:07 >>> Loading old params from out/v07-pitchnormalization2-dirty/epoch-001.pkl
2016-11-22 19:23:07 >>> fuzzy_newbob: Updating adadelta with learning_rate=0.000488
2016-11-22 19:23:07 >>> Re-compiling train function...
2016-11-22 19:23:24 >>>   training loss:	0.103539
2016-11-22 19:23:24 >>> Saving network params to out/v07-pitchnormalization2-dirty/epoch-013.pkl
2016-11-22 19:23:25 >>> epoch: 13 validation error:		0.042480
2016-11-22 19:23:25 >>> Loading old params from out/v07-pitchnormalization2-dirty/epoch-001.pkl
2016-11-22 19:23:25 >>> fuzzy_newbob: Updating adadelta with learning_rate=0.000244
2016-11-22 19:23:25 >>> Re-compiling train function...
