2017-01-25 08:51:46,779 DEBUG    version=v045-unified-dirty:lstm-adam-100-50-25
2017-01-25 08:51:46,781 INFO     Open DBase(data/db/all240302-spk.dat, data/db/all240302-spk.idx, mode='r')
2017-01-25 08:52:04,083 DEBUG    loading cached extracted data from data/cache/extract-563f0cfda2bc8b6a659563483d8ddca63a2cf90cdf00f9f7f789bf6027ccda0a.pickle
2017-01-25 08:52:05,115 DEBUG    set input dim to 2
2017-01-25 08:52:05,118 DEBUG    input dim = 2
2017-01-25 08:52:05,307 DEBUG    shuffling batches
2017-01-25 08:53:30,249 DEBUG    shuffling done
2017-01-25 08:53:30,249 DEBUG    loading data into ram
2017-01-25 08:53:30,389 DEBUG    loading data took 0.140s (cpu: 0.139s)
2017-01-25 08:53:30,961 DEBUG    set input dim to 2
2017-01-25 08:53:30,961 DEBUG    input dim = 2
2017-01-25 08:53:31,373 DEBUG    shuffling batches
2017-01-25 08:53:39,503 DEBUG    shuffling done
2017-01-25 08:53:39,504 DEBUG    loading data into ram
2017-01-25 08:53:39,518 DEBUG    loading data took 0.015s (cpu: 0.015s)
2017-01-25 08:53:39,940 INFO     Training network with 79577 trainable out of 79927 total params.
2017-01-25 08:53:41,896 DEBUG    Using adam with learning_rate=0.001000
2017-01-25 08:54:49,336 INFO     Waiting for existing lock by process '23979' (I am process '25874')
2017-01-25 08:54:49,336 INFO     To manually release the lock, delete /home/rruede/.theano/compiledir_Linux-3.16--generic-x86_64-with-debian-jessie-sid-x86_64-3.6.0-64/lock_dir
2017-01-25 08:54:56,103 INFO     Waiting for existing lock by process '23979' (I am process '25874')
2017-01-25 08:54:56,104 INFO     To manually release the lock, delete /home/rruede/.theano/compiledir_Linux-3.16--generic-x86_64-with-debian-jessie-sid-x86_64-3.6.0-64/lock_dir
2017-01-25 08:55:03,639 INFO     Waiting for existing lock by process '23979' (I am process '25874')
2017-01-25 08:55:03,640 INFO     To manually release the lock, delete /home/rruede/.theano/compiledir_Linux-3.16--generic-x86_64-with-debian-jessie-sid-x86_64-3.6.0-64/lock_dir
2017-01-25 08:55:09,792 INFO     Waiting for existing lock by process '23979' (I am process '25874')
2017-01-25 08:55:09,792 INFO     To manually release the lock, delete /home/rruede/.theano/compiledir_Linux-3.16--generic-x86_64-with-debian-jessie-sid-x86_64-3.6.0-64/lock_dir
2017-01-25 08:55:17,443 INFO     Waiting for existing lock by process '23979' (I am process '25874')
2017-01-25 08:55:17,444 INFO     To manually release the lock, delete /home/rruede/.theano/compiledir_Linux-3.16--generic-x86_64-with-debian-jessie-sid-x86_64-3.6.0-64/lock_dir
2017-01-25 08:55:23,427 INFO     Waiting for existing lock by process '23979' (I am process '25874')
2017-01-25 08:55:23,428 INFO     To manually release the lock, delete /home/rruede/.theano/compiledir_Linux-3.16--generic-x86_64-with-debian-jessie-sid-x86_64-3.6.0-64/lock_dir
2017-01-25 08:55:33,207 INFO     Waiting for existing lock by process '23979' (I am process '25874')
2017-01-25 08:55:33,208 INFO     To manually release the lock, delete /home/rruede/.theano/compiledir_Linux-3.16--generic-x86_64-with-debian-jessie-sid-x86_64-3.6.0-64/lock_dir
2017-01-25 08:55:39,767 INFO     Waiting for existing lock by process '23979' (I am process '25874')
2017-01-25 08:55:39,768 INFO     To manually release the lock, delete /home/rruede/.theano/compiledir_Linux-3.16--generic-x86_64-with-debian-jessie-sid-x86_64-3.6.0-64/lock_dir
2017-01-25 08:55:46,207 INFO     Waiting for existing lock by process '23979' (I am process '25874')
2017-01-25 08:55:46,208 INFO     To manually release the lock, delete /home/rruede/.theano/compiledir_Linux-3.16--generic-x86_64-with-debian-jessie-sid-x86_64-3.6.0-64/lock_dir
2017-01-25 08:55:55,247 INFO     Waiting for existing lock by process '23979' (I am process '25874')
2017-01-25 08:55:55,248 INFO     To manually release the lock, delete /home/rruede/.theano/compiledir_Linux-3.16--generic-x86_64-with-debian-jessie-sid-x86_64-3.6.0-64/lock_dir
2017-01-25 08:56:02,371 INFO     Waiting for existing lock by process '23979' (I am process '25874')
2017-01-25 08:56:02,372 INFO     To manually release the lock, delete /home/rruede/.theano/compiledir_Linux-3.16--generic-x86_64-with-debian-jessie-sid-x86_64-3.6.0-64/lock_dir
2017-01-25 08:56:08,792 INFO     Waiting for existing lock by process '23979' (I am process '25874')
2017-01-25 08:56:08,792 INFO     To manually release the lock, delete /home/rruede/.theano/compiledir_Linux-3.16--generic-x86_64-with-debian-jessie-sid-x86_64-3.6.0-64/lock_dir
2017-01-25 08:56:25,347 INFO     Waiting for existing lock by process '23979' (I am process '25874')
2017-01-25 08:56:25,348 INFO     To manually release the lock, delete /home/rruede/.theano/compiledir_Linux-3.16--generic-x86_64-with-debian-jessie-sid-x86_64-3.6.0-64/lock_dir
2017-01-25 08:56:32,839 INFO     Waiting for existing lock by process '23979' (I am process '25874')
2017-01-25 08:56:32,840 INFO     To manually release the lock, delete /home/rruede/.theano/compiledir_Linux-3.16--generic-x86_64-with-debian-jessie-sid-x86_64-3.6.0-64/lock_dir
2017-01-25 08:56:37,932 INFO     Waiting for existing lock by process '23979' (I am process '25874')
2017-01-25 08:56:37,932 INFO     To manually release the lock, delete /home/rruede/.theano/compiledir_Linux-3.16--generic-x86_64-with-debian-jessie-sid-x86_64-3.6.0-64/lock_dir
2017-01-25 08:56:55,151 INFO     Waiting for existing lock by process '23979' (I am process '25874')
2017-01-25 08:56:55,152 INFO     To manually release the lock, delete /home/rruede/.theano/compiledir_Linux-3.16--generic-x86_64-with-debian-jessie-sid-x86_64-3.6.0-64/lock_dir
2017-01-25 08:57:11,638 DEBUG    Starting training...
2017-01-25 09:38:50,900 INFO     Saving network params to trainNN/out/v045-unified-dirty:lstm-adam-100-50-25/epoch-000.pkl
2017-01-25 09:39:40,188 INFO     epoch: 0 took 2548.550s (0.067s in batching)
training loss:	0.605078
validation loss:	0.582959
validation error:	0.312124
2017-01-25 09:39:40,191 INFO     Wrote output to trainNN/out/v045-unified-dirty:lstm-adam-100-50-25/config.json
2017-01-25 10:23:02,728 INFO     Saving network params to trainNN/out/v045-unified-dirty:lstm-adam-100-50-25/epoch-001.pkl
2017-01-25 10:23:51,776 INFO     epoch: 1 took 2651.588s (0.062s in batching)
training loss:	0.570787
validation loss:	0.576618
validation error:	0.304535
2017-01-25 10:23:51,782 INFO     Wrote output to trainNN/out/v045-unified-dirty:lstm-adam-100-50-25/config.json
2017-01-25 11:06:45,004 INFO     Saving network params to trainNN/out/v045-unified-dirty:lstm-adam-100-50-25/epoch-002.pkl
2017-01-25 11:07:37,383 INFO     epoch: 2 took 2625.607s (0.064s in batching)
training loss:	0.552360
validation loss:	0.582935
validation error:	0.304258
2017-01-25 11:07:37,386 INFO     Wrote output to trainNN/out/v045-unified-dirty:lstm-adam-100-50-25/config.json
2017-01-25 11:59:03,094 INFO     Saving network params to trainNN/out/v045-unified-dirty:lstm-adam-100-50-25/epoch-003.pkl
2017-01-25 12:01:46,429 INFO     epoch: 3 took 3248.544s (0.545s in batching)
training loss:	0.530460
validation loss:	0.602987
validation error:	0.309755
2017-01-25 12:01:52,245 INFO     Wrote output to trainNN/out/v045-unified-dirty:lstm-adam-100-50-25/config.json
2017-01-25 12:58:45,392 INFO     Saving network params to trainNN/out/v045-unified-dirty:lstm-adam-100-50-25/epoch-004.pkl
2017-01-25 13:00:28,322 INFO     epoch: 4 took 3522.380s (0.656s in batching)
training loss:	0.505847
validation loss:	0.626018
validation error:	0.320515
2017-01-25 13:00:28,419 INFO     Wrote output to trainNN/out/v045-unified-dirty:lstm-adam-100-50-25/config.json
2017-01-25 13:39:49,912 INFO     Saving network params to trainNN/out/v045-unified-dirty:lstm-adam-100-50-25/epoch-005.pkl
2017-01-25 13:40:36,708 INFO     epoch: 5 took 2408.401s (0.054s in batching)
training loss:	0.480721
validation loss:	0.654314
validation error:	0.323380
2017-01-25 13:40:36,728 INFO     Wrote output to trainNN/out/v045-unified-dirty:lstm-adam-100-50-25/config.json
2017-01-25 14:29:07,544 INFO     Saving network params to trainNN/out/v045-unified-dirty:lstm-adam-100-50-25/epoch-006.pkl
2017-01-25 14:29:53,491 INFO     epoch: 6 took 2956.783s (0.058s in batching)
training loss:	0.456383
validation loss:	0.685943
validation error:	0.330072
2017-01-25 14:29:53,495 INFO     Wrote output to trainNN/out/v045-unified-dirty:lstm-adam-100-50-25/config.json
2017-01-25 15:14:29,129 INFO     Saving network params to trainNN/out/v045-unified-dirty:lstm-adam-100-50-25/epoch-007.pkl
2017-01-25 15:15:19,669 INFO     epoch: 7 took 2726.178s (0.062s in batching)
training loss:	0.434486
validation loss:	0.718257
validation error:	0.334151
2017-01-25 15:15:19,673 INFO     Wrote output to trainNN/out/v045-unified-dirty:lstm-adam-100-50-25/config.json
2017-01-25 15:58:39,310 INFO     Saving network params to trainNN/out/v045-unified-dirty:lstm-adam-100-50-25/epoch-008.pkl
2017-01-25 15:59:31,224 INFO     epoch: 8 took 2651.545s (0.077s in batching)
training loss:	0.414655
validation loss:	0.746608
validation error:	0.337869
2017-01-25 15:59:31,249 INFO     Wrote output to trainNN/out/v045-unified-dirty:lstm-adam-100-50-25/config.json
2017-01-25 16:51:07,959 INFO     Saving network params to trainNN/out/v045-unified-dirty:lstm-adam-100-50-25/epoch-009.pkl
2017-01-25 16:52:16,337 INFO     epoch: 9 took 3165.101s (6.861s in batching)
training loss:	0.397756
validation loss:	0.765550
validation error:	0.339931
2017-01-25 16:52:17,676 INFO     Wrote output to trainNN/out/v045-unified-dirty:lstm-adam-100-50-25/config.json
2017-01-25 17:38:28,909 INFO     Saving network params to trainNN/out/v045-unified-dirty:lstm-adam-100-50-25/epoch-010.pkl
2017-01-25 17:39:21,558 INFO     epoch: 10 took 2825.243s (0.087s in batching)
training loss:	0.382412
validation loss:	0.801143
validation error:	0.343564
2017-01-25 17:39:21,576 INFO     Wrote output to trainNN/out/v045-unified-dirty:lstm-adam-100-50-25/config.json
