2017-01-26 20:42:57,530 DEBUG    version=v045-unified-14-ga63bb92:simple-ff-ffv-adam-75-40-mintalklen
2017-01-26 20:42:57,531 INFO     Open DBase(data/db/all240302-spk.dat, data/db/all240302-spk.idx, mode='r')
2017-01-26 20:44:44,239 DEBUG    loading cached extracted data from data/cache/extract-1358e07da0daaaedda36d2aa18f36b9021bcd7d3bd6b830f8da29382cee07f91.pickle
2017-01-26 20:44:44,289 DEBUG    set input dim to 9
2017-01-26 20:44:44,290 DEBUG    input dim = 9
2017-01-26 20:44:44,298 DEBUG    shuffling batches
2017-01-26 20:44:47,749 DEBUG    shuffling done
2017-01-26 20:44:47,749 DEBUG    loading data into ram
2017-01-26 20:44:47,755 DEBUG    loading data took 0.006s (cpu: 0.006s)
2017-01-26 20:44:58,169 DEBUG    set input dim to 9
2017-01-26 20:44:58,170 DEBUG    input dim = 9
2017-01-26 20:44:58,192 DEBUG    shuffling batches
2017-01-26 20:44:58,606 DEBUG    shuffling done
2017-01-26 20:44:58,607 DEBUG    loading data into ram
2017-01-26 20:44:58,608 DEBUG    loading data took 0.002s (cpu: 0.001s)
2017-01-26 20:44:58,630 INFO     Training network with 30197 trainable out of 30197 total params.
2017-01-26 20:44:58,661 DEBUG    Using adam with learning_rate=0.001000
2017-01-26 20:44:59,655 DEBUG    Starting training...
2017-01-26 20:45:00,812 INFO     Saving network params to trainNN/out/v045-unified-14-ga63bb92:simple-ff-ffv-adam-75-40-mintalklen/epoch-000.pkl
2017-01-26 20:45:00,894 INFO     epoch: 0 took 1.239s (0.001s in batching)
training loss:	0.647903
validation loss:	0.642332
validation error:	0.380000
2017-01-26 20:45:00,895 INFO     Wrote output to trainNN/out/v045-unified-14-ga63bb92:simple-ff-ffv-adam-75-40-mintalklen/config.json
2017-01-26 20:45:02,056 INFO     Saving network params to trainNN/out/v045-unified-14-ga63bb92:simple-ff-ffv-adam-75-40-mintalklen/epoch-001.pkl
2017-01-26 20:45:02,137 INFO     epoch: 1 took 1.243s (0.001s in batching)
training loss:	0.635334
validation loss:	0.629315
validation error:	0.366085
2017-01-26 20:45:02,137 INFO     Wrote output to trainNN/out/v045-unified-14-ga63bb92:simple-ff-ffv-adam-75-40-mintalklen/config.json
2017-01-26 20:45:03,305 INFO     Saving network params to trainNN/out/v045-unified-14-ga63bb92:simple-ff-ffv-adam-75-40-mintalklen/epoch-002.pkl
2017-01-26 20:45:03,388 INFO     epoch: 2 took 1.251s (0.001s in batching)
training loss:	0.630597
validation loss:	0.631149
validation error:	0.366979
2017-01-26 20:45:03,388 INFO     Wrote output to trainNN/out/v045-unified-14-ga63bb92:simple-ff-ffv-adam-75-40-mintalklen/config.json
2017-01-26 20:45:04,552 INFO     Saving network params to trainNN/out/v045-unified-14-ga63bb92:simple-ff-ffv-adam-75-40-mintalklen/epoch-003.pkl
2017-01-26 20:45:04,634 INFO     epoch: 3 took 1.246s (0.001s in batching)
training loss:	0.627124
validation loss:	0.627468
validation error:	0.355489
2017-01-26 20:45:04,635 INFO     Wrote output to trainNN/out/v045-unified-14-ga63bb92:simple-ff-ffv-adam-75-40-mintalklen/config.json
2017-01-26 20:45:05,797 INFO     Saving network params to trainNN/out/v045-unified-14-ga63bb92:simple-ff-ffv-adam-75-40-mintalklen/epoch-004.pkl
2017-01-26 20:45:05,879 INFO     epoch: 4 took 1.244s (0.001s in batching)
training loss:	0.622648
validation loss:	0.637766
validation error:	0.375574
2017-01-26 20:45:05,879 INFO     Wrote output to trainNN/out/v045-unified-14-ga63bb92:simple-ff-ffv-adam-75-40-mintalklen/config.json
2017-01-26 20:45:06,990 INFO     Saving network params to trainNN/out/v045-unified-14-ga63bb92:simple-ff-ffv-adam-75-40-mintalklen/epoch-005.pkl
2017-01-26 20:45:07,071 INFO     epoch: 5 took 1.192s (0.001s in batching)
training loss:	0.619307
validation loss:	0.627405
validation error:	0.356681
2017-01-26 20:45:07,071 INFO     Wrote output to trainNN/out/v045-unified-14-ga63bb92:simple-ff-ffv-adam-75-40-mintalklen/config.json
2017-01-26 20:45:08,180 INFO     Saving network params to trainNN/out/v045-unified-14-ga63bb92:simple-ff-ffv-adam-75-40-mintalklen/epoch-006.pkl
2017-01-26 20:45:08,260 INFO     epoch: 6 took 1.189s (0.001s in batching)
training loss:	0.615786
validation loss:	0.629435
validation error:	0.363064
2017-01-26 20:45:08,260 INFO     Wrote output to trainNN/out/v045-unified-14-ga63bb92:simple-ff-ffv-adam-75-40-mintalklen/config.json
2017-01-26 20:45:09,355 INFO     Saving network params to trainNN/out/v045-unified-14-ga63bb92:simple-ff-ffv-adam-75-40-mintalklen/epoch-007.pkl
2017-01-26 20:45:09,434 INFO     epoch: 7 took 1.175s (0.001s in batching)
training loss:	0.613426
validation loss:	0.631957
validation error:	0.365064
2017-01-26 20:45:09,435 INFO     Wrote output to trainNN/out/v045-unified-14-ga63bb92:simple-ff-ffv-adam-75-40-mintalklen/config.json
2017-01-26 20:45:10,593 INFO     Saving network params to trainNN/out/v045-unified-14-ga63bb92:simple-ff-ffv-adam-75-40-mintalklen/epoch-008.pkl
2017-01-26 20:45:10,685 INFO     epoch: 8 took 1.251s (0.001s in batching)
training loss:	0.610874
validation loss:	0.629908
validation error:	0.362808
2017-01-26 20:45:10,686 INFO     Wrote output to trainNN/out/v045-unified-14-ga63bb92:simple-ff-ffv-adam-75-40-mintalklen/config.json
2017-01-26 20:45:11,865 INFO     Saving network params to trainNN/out/v045-unified-14-ga63bb92:simple-ff-ffv-adam-75-40-mintalklen/epoch-009.pkl
2017-01-26 20:45:12,319 INFO     epoch: 9 took 1.634s (0.001s in batching)
training loss:	0.607943
validation loss:	0.627909
validation error:	0.356511
2017-01-26 20:45:12,320 INFO     Wrote output to trainNN/out/v045-unified-14-ga63bb92:simple-ff-ffv-adam-75-40-mintalklen/config.json
2017-01-26 20:45:13,412 INFO     Saving network params to trainNN/out/v045-unified-14-ga63bb92:simple-ff-ffv-adam-75-40-mintalklen/epoch-010.pkl
2017-01-26 20:45:13,490 INFO     epoch: 10 took 1.170s (0.001s in batching)
training loss:	0.606305
validation loss:	0.632400
validation error:	0.357872
2017-01-26 20:45:13,490 INFO     Wrote output to trainNN/out/v045-unified-14-ga63bb92:simple-ff-ffv-adam-75-40-mintalklen/config.json
2017-01-26 20:45:14,604 INFO     Saving network params to trainNN/out/v045-unified-14-ga63bb92:simple-ff-ffv-adam-75-40-mintalklen/epoch-011.pkl
2017-01-26 20:45:14,684 INFO     epoch: 11 took 1.194s (0.001s in batching)
training loss:	0.604491
validation loss:	0.632595
validation error:	0.366511
2017-01-26 20:45:14,684 INFO     Wrote output to trainNN/out/v045-unified-14-ga63bb92:simple-ff-ffv-adam-75-40-mintalklen/config.json
2017-01-26 20:45:15,799 INFO     Saving network params to trainNN/out/v045-unified-14-ga63bb92:simple-ff-ffv-adam-75-40-mintalklen/epoch-012.pkl
2017-01-26 20:45:15,880 INFO     epoch: 12 took 1.197s (0.001s in batching)
training loss:	0.601162
validation loss:	0.623879
validation error:	0.352170
2017-01-26 20:45:15,881 INFO     Wrote output to trainNN/out/v045-unified-14-ga63bb92:simple-ff-ffv-adam-75-40-mintalklen/config.json
2017-01-26 20:45:17,049 INFO     Saving network params to trainNN/out/v045-unified-14-ga63bb92:simple-ff-ffv-adam-75-40-mintalklen/epoch-013.pkl
2017-01-26 20:45:17,129 INFO     epoch: 13 took 1.249s (0.001s in batching)
training loss:	0.599104
validation loss:	0.625582
validation error:	0.365277
2017-01-26 20:45:17,130 INFO     Wrote output to trainNN/out/v045-unified-14-ga63bb92:simple-ff-ffv-adam-75-40-mintalklen/config.json
2017-01-26 20:45:18,241 INFO     Saving network params to trainNN/out/v045-unified-14-ga63bb92:simple-ff-ffv-adam-75-40-mintalklen/epoch-014.pkl
2017-01-26 20:45:18,321 INFO     epoch: 14 took 1.192s (0.001s in batching)
training loss:	0.597462
validation loss:	0.635087
validation error:	0.359106
2017-01-26 20:45:18,322 INFO     Wrote output to trainNN/out/v045-unified-14-ga63bb92:simple-ff-ffv-adam-75-40-mintalklen/config.json
2017-01-26 20:45:19,513 INFO     Saving network params to trainNN/out/v045-unified-14-ga63bb92:simple-ff-ffv-adam-75-40-mintalklen/epoch-015.pkl
2017-01-26 20:45:19,601 INFO     epoch: 15 took 1.280s (0.001s in batching)
training loss:	0.596242
validation loss:	0.635710
validation error:	0.362085
2017-01-26 20:45:19,602 INFO     Wrote output to trainNN/out/v045-unified-14-ga63bb92:simple-ff-ffv-adam-75-40-mintalklen/config.json
2017-01-26 20:45:20,870 INFO     Saving network params to trainNN/out/v045-unified-14-ga63bb92:simple-ff-ffv-adam-75-40-mintalklen/epoch-016.pkl
2017-01-26 20:45:20,951 INFO     epoch: 16 took 1.351s (0.001s in batching)
training loss:	0.593247
validation loss:	0.627782
validation error:	0.359787
2017-01-26 20:45:20,952 INFO     Wrote output to trainNN/out/v045-unified-14-ga63bb92:simple-ff-ffv-adam-75-40-mintalklen/config.json
2017-01-26 20:45:22,177 INFO     Saving network params to trainNN/out/v045-unified-14-ga63bb92:simple-ff-ffv-adam-75-40-mintalklen/epoch-017.pkl
2017-01-26 20:45:22,259 INFO     epoch: 17 took 1.307s (0.001s in batching)
training loss:	0.592620
validation loss:	0.637356
validation error:	0.363064
2017-01-26 20:45:22,260 INFO     Wrote output to trainNN/out/v045-unified-14-ga63bb92:simple-ff-ffv-adam-75-40-mintalklen/config.json
2017-01-26 20:45:23,448 INFO     Saving network params to trainNN/out/v045-unified-14-ga63bb92:simple-ff-ffv-adam-75-40-mintalklen/epoch-018.pkl
2017-01-26 20:45:24,162 INFO     epoch: 18 took 1.903s (0.001s in batching)
training loss:	0.590518
validation loss:	0.639705
validation error:	0.356851
2017-01-26 20:45:24,162 INFO     Wrote output to trainNN/out/v045-unified-14-ga63bb92:simple-ff-ffv-adam-75-40-mintalklen/config.json
2017-01-26 20:45:25,354 INFO     Saving network params to trainNN/out/v045-unified-14-ga63bb92:simple-ff-ffv-adam-75-40-mintalklen/epoch-019.pkl
2017-01-26 20:45:25,439 INFO     epoch: 19 took 1.277s (0.001s in batching)
training loss:	0.589001
validation loss:	0.640071
validation error:	0.365702
2017-01-26 20:45:25,439 INFO     Wrote output to trainNN/out/v045-unified-14-ga63bb92:simple-ff-ffv-adam-75-40-mintalklen/config.json
2017-01-26 20:45:26,533 INFO     Saving network params to trainNN/out/v045-unified-14-ga63bb92:simple-ff-ffv-adam-75-40-mintalklen/epoch-020.pkl
2017-01-26 20:45:26,619 INFO     epoch: 20 took 1.181s (0.001s in batching)
training loss:	0.587341
validation loss:	0.635343
validation error:	0.358766
2017-01-26 20:45:26,620 INFO     Wrote output to trainNN/out/v045-unified-14-ga63bb92:simple-ff-ffv-adam-75-40-mintalklen/config.json
2017-01-26 20:45:27,723 INFO     Saving network params to trainNN/out/v045-unified-14-ga63bb92:simple-ff-ffv-adam-75-40-mintalklen/epoch-021.pkl
2017-01-26 20:45:27,802 INFO     epoch: 21 took 1.183s (0.001s in batching)
training loss:	0.586632
validation loss:	0.635497
validation error:	0.361660
2017-01-26 20:45:27,803 INFO     Wrote output to trainNN/out/v045-unified-14-ga63bb92:simple-ff-ffv-adam-75-40-mintalklen/config.json
2017-01-26 20:45:28,852 INFO     Saving network params to trainNN/out/v045-unified-14-ga63bb92:simple-ff-ffv-adam-75-40-mintalklen/epoch-022.pkl
2017-01-26 20:45:28,927 INFO     epoch: 22 took 1.124s (0.001s in batching)
training loss:	0.584569
validation loss:	0.635673
validation error:	0.360894
2017-01-26 20:45:28,928 INFO     Wrote output to trainNN/out/v045-unified-14-ga63bb92:simple-ff-ffv-adam-75-40-mintalklen/config.json
2017-01-26 20:45:29,964 INFO     Saving network params to trainNN/out/v045-unified-14-ga63bb92:simple-ff-ffv-adam-75-40-mintalklen/epoch-023.pkl
2017-01-26 20:45:30,041 INFO     epoch: 23 took 1.114s (0.001s in batching)
training loss:	0.583725
validation loss:	0.635229
validation error:	0.359191
2017-01-26 20:45:30,041 INFO     Wrote output to trainNN/out/v045-unified-14-ga63bb92:simple-ff-ffv-adam-75-40-mintalklen/config.json
2017-01-26 20:45:31,077 INFO     Saving network params to trainNN/out/v045-unified-14-ga63bb92:simple-ff-ffv-adam-75-40-mintalklen/epoch-024.pkl
2017-01-26 20:45:31,152 INFO     epoch: 24 took 1.112s (0.001s in batching)
training loss:	0.581799
validation loss:	0.651913
validation error:	0.368681
2017-01-26 20:45:31,153 INFO     Wrote output to trainNN/out/v045-unified-14-ga63bb92:simple-ff-ffv-adam-75-40-mintalklen/config.json
2017-01-26 20:45:32,225 INFO     Saving network params to trainNN/out/v045-unified-14-ga63bb92:simple-ff-ffv-adam-75-40-mintalklen/epoch-025.pkl
2017-01-26 20:45:32,301 INFO     epoch: 25 took 1.148s (0.001s in batching)
training loss:	0.581502
validation loss:	0.639197
validation error:	0.363830
2017-01-26 20:45:32,302 INFO     Wrote output to trainNN/out/v045-unified-14-ga63bb92:simple-ff-ffv-adam-75-40-mintalklen/config.json
2017-01-26 20:45:33,446 INFO     Saving network params to trainNN/out/v045-unified-14-ga63bb92:simple-ff-ffv-adam-75-40-mintalklen/epoch-026.pkl
2017-01-26 20:45:33,529 INFO     epoch: 26 took 1.228s (0.001s in batching)
training loss:	0.579853
validation loss:	0.640989
validation error:	0.359021
2017-01-26 20:45:33,529 INFO     Wrote output to trainNN/out/v045-unified-14-ga63bb92:simple-ff-ffv-adam-75-40-mintalklen/config.json
2017-01-26 20:45:34,809 INFO     Saving network params to trainNN/out/v045-unified-14-ga63bb92:simple-ff-ffv-adam-75-40-mintalklen/epoch-027.pkl
2017-01-26 20:45:34,902 INFO     epoch: 27 took 1.373s (0.001s in batching)
training loss:	0.578533
validation loss:	0.644843
validation error:	0.364723
2017-01-26 20:45:34,902 INFO     Wrote output to trainNN/out/v045-unified-14-ga63bb92:simple-ff-ffv-adam-75-40-mintalklen/config.json
2017-01-26 20:45:36,166 INFO     Saving network params to trainNN/out/v045-unified-14-ga63bb92:simple-ff-ffv-adam-75-40-mintalklen/epoch-028.pkl
2017-01-26 20:45:36,252 INFO     epoch: 28 took 1.350s (0.001s in batching)
training loss:	0.578679
validation loss:	0.648921
validation error:	0.365149
2017-01-26 20:45:36,252 INFO     Wrote output to trainNN/out/v045-unified-14-ga63bb92:simple-ff-ffv-adam-75-40-mintalklen/config.json
2017-01-26 20:45:37,435 INFO     Saving network params to trainNN/out/v045-unified-14-ga63bb92:simple-ff-ffv-adam-75-40-mintalklen/epoch-029.pkl
2017-01-26 20:45:37,524 INFO     epoch: 29 took 1.273s (0.001s in batching)
training loss:	0.576929
validation loss:	0.651514
validation error:	0.362979
2017-01-26 20:45:37,525 INFO     Wrote output to trainNN/out/v045-unified-14-ga63bb92:simple-ff-ffv-adam-75-40-mintalklen/config.json
2017-01-26 20:45:38,722 INFO     Saving network params to trainNN/out/v045-unified-14-ga63bb92:simple-ff-ffv-adam-75-40-mintalklen/epoch-030.pkl
2017-01-26 20:45:38,801 INFO     epoch: 30 took 1.276s (0.001s in batching)
training loss:	0.576176
validation loss:	0.654967
validation error:	0.365702
2017-01-26 20:45:38,801 INFO     Wrote output to trainNN/out/v045-unified-14-ga63bb92:simple-ff-ffv-adam-75-40-mintalklen/config.json
2017-01-26 20:45:39,907 INFO     Saving network params to trainNN/out/v045-unified-14-ga63bb92:simple-ff-ffv-adam-75-40-mintalklen/epoch-031.pkl
2017-01-26 20:45:39,989 INFO     epoch: 31 took 1.189s (0.001s in batching)
training loss:	0.574577
validation loss:	0.649406
validation error:	0.364085
2017-01-26 20:45:39,990 INFO     Wrote output to trainNN/out/v045-unified-14-ga63bb92:simple-ff-ffv-adam-75-40-mintalklen/config.json
2017-01-26 20:45:41,086 INFO     Saving network params to trainNN/out/v045-unified-14-ga63bb92:simple-ff-ffv-adam-75-40-mintalklen/epoch-032.pkl
2017-01-26 20:45:41,167 INFO     epoch: 32 took 1.177s (0.001s in batching)
training loss:	0.573947
validation loss:	0.653473
validation error:	0.365149
2017-01-26 20:45:41,167 INFO     Wrote output to trainNN/out/v045-unified-14-ga63bb92:simple-ff-ffv-adam-75-40-mintalklen/config.json
2017-01-26 20:45:42,259 INFO     Saving network params to trainNN/out/v045-unified-14-ga63bb92:simple-ff-ffv-adam-75-40-mintalklen/epoch-033.pkl
2017-01-26 20:45:42,334 INFO     epoch: 33 took 1.168s (0.001s in batching)
training loss:	0.573351
validation loss:	0.657002
validation error:	0.364723
2017-01-26 20:45:42,335 INFO     Wrote output to trainNN/out/v045-unified-14-ga63bb92:simple-ff-ffv-adam-75-40-mintalklen/config.json
2017-01-26 20:45:43,395 INFO     Saving network params to trainNN/out/v045-unified-14-ga63bb92:simple-ff-ffv-adam-75-40-mintalklen/epoch-034.pkl
2017-01-26 20:45:43,470 INFO     epoch: 34 took 1.135s (0.001s in batching)
training loss:	0.572852
validation loss:	0.665022
validation error:	0.373021
2017-01-26 20:45:43,470 INFO     Wrote output to trainNN/out/v045-unified-14-ga63bb92:simple-ff-ffv-adam-75-40-mintalklen/config.json
2017-01-26 20:45:44,527 INFO     Saving network params to trainNN/out/v045-unified-14-ga63bb92:simple-ff-ffv-adam-75-40-mintalklen/epoch-035.pkl
2017-01-26 20:45:44,602 INFO     epoch: 35 took 1.132s (0.001s in batching)
training loss:	0.571570
validation loss:	0.655706
validation error:	0.368723
2017-01-26 20:45:44,603 INFO     Wrote output to trainNN/out/v045-unified-14-ga63bb92:simple-ff-ffv-adam-75-40-mintalklen/config.json
2017-01-26 20:45:45,703 INFO     Saving network params to trainNN/out/v045-unified-14-ga63bb92:simple-ff-ffv-adam-75-40-mintalklen/epoch-036.pkl
2017-01-26 20:45:45,778 INFO     epoch: 36 took 1.177s (0.001s in batching)
training loss:	0.571122
validation loss:	0.649870
validation error:	0.363830
2017-01-26 20:45:45,779 INFO     Wrote output to trainNN/out/v045-unified-14-ga63bb92:simple-ff-ffv-adam-75-40-mintalklen/config.json
2017-01-26 20:45:46,830 INFO     Saving network params to trainNN/out/v045-unified-14-ga63bb92:simple-ff-ffv-adam-75-40-mintalklen/epoch-037.pkl
2017-01-26 20:45:46,907 INFO     epoch: 37 took 1.129s (0.001s in batching)
training loss:	0.569571
validation loss:	0.663450
validation error:	0.369234
2017-01-26 20:45:46,908 INFO     Wrote output to trainNN/out/v045-unified-14-ga63bb92:simple-ff-ffv-adam-75-40-mintalklen/config.json
2017-01-26 20:45:47,977 INFO     Saving network params to trainNN/out/v045-unified-14-ga63bb92:simple-ff-ffv-adam-75-40-mintalklen/epoch-038.pkl
2017-01-26 20:45:48,059 INFO     epoch: 38 took 1.152s (0.001s in batching)
training loss:	0.569352
validation loss:	0.659871
validation error:	0.364383
2017-01-26 20:45:48,060 INFO     Wrote output to trainNN/out/v045-unified-14-ga63bb92:simple-ff-ffv-adam-75-40-mintalklen/config.json
2017-01-26 20:45:49,216 INFO     Saving network params to trainNN/out/v045-unified-14-ga63bb92:simple-ff-ffv-adam-75-40-mintalklen/epoch-039.pkl
2017-01-26 20:45:49,293 INFO     epoch: 39 took 1.234s (0.001s in batching)
training loss:	0.568115
validation loss:	0.653761
validation error:	0.367191
2017-01-26 20:45:49,294 INFO     Wrote output to trainNN/out/v045-unified-14-ga63bb92:simple-ff-ffv-adam-75-40-mintalklen/config.json
2017-01-26 20:45:50,374 INFO     Saving network params to trainNN/out/v045-unified-14-ga63bb92:simple-ff-ffv-adam-75-40-mintalklen/epoch-040.pkl
2017-01-26 20:45:50,456 INFO     epoch: 40 took 1.162s (0.001s in batching)
training loss:	0.567707
validation loss:	0.674929
validation error:	0.367106
2017-01-26 20:45:50,456 INFO     Wrote output to trainNN/out/v045-unified-14-ga63bb92:simple-ff-ffv-adam-75-40-mintalklen/config.json
2017-01-26 20:45:51,523 INFO     Saving network params to trainNN/out/v045-unified-14-ga63bb92:simple-ff-ffv-adam-75-40-mintalklen/epoch-041.pkl
2017-01-26 20:45:51,605 INFO     epoch: 41 took 1.149s (0.001s in batching)
training loss:	0.565694
validation loss:	0.667531
validation error:	0.371617
2017-01-26 20:45:51,606 INFO     Wrote output to trainNN/out/v045-unified-14-ga63bb92:simple-ff-ffv-adam-75-40-mintalklen/config.json
2017-01-26 20:45:52,873 INFO     Saving network params to trainNN/out/v045-unified-14-ga63bb92:simple-ff-ffv-adam-75-40-mintalklen/epoch-042.pkl
2017-01-26 20:45:52,969 INFO     epoch: 42 took 1.364s (0.001s in batching)
training loss:	0.567068
validation loss:	0.663910
validation error:	0.376681
2017-01-26 20:45:52,970 INFO     Wrote output to trainNN/out/v045-unified-14-ga63bb92:simple-ff-ffv-adam-75-40-mintalklen/config.json
2017-01-26 20:45:54,271 INFO     Saving network params to trainNN/out/v045-unified-14-ga63bb92:simple-ff-ffv-adam-75-40-mintalklen/epoch-043.pkl
2017-01-26 20:45:54,358 INFO     epoch: 43 took 1.389s (0.001s in batching)
training loss:	0.564768
validation loss:	0.664541
validation error:	0.368128
2017-01-26 20:45:54,359 INFO     Wrote output to trainNN/out/v045-unified-14-ga63bb92:simple-ff-ffv-adam-75-40-mintalklen/config.json
2017-01-26 20:45:55,627 INFO     Saving network params to trainNN/out/v045-unified-14-ga63bb92:simple-ff-ffv-adam-75-40-mintalklen/epoch-044.pkl
2017-01-26 20:45:55,713 INFO     epoch: 44 took 1.355s (0.001s in batching)
training loss:	0.564310
validation loss:	0.665694
validation error:	0.372596
2017-01-26 20:45:55,714 INFO     Wrote output to trainNN/out/v045-unified-14-ga63bb92:simple-ff-ffv-adam-75-40-mintalklen/config.json
2017-01-26 20:45:57,043 INFO     Saving network params to trainNN/out/v045-unified-14-ga63bb92:simple-ff-ffv-adam-75-40-mintalklen/epoch-045.pkl
2017-01-26 20:45:57,133 INFO     epoch: 45 took 1.420s (0.001s in batching)
training loss:	0.564497
validation loss:	0.682115
validation error:	0.370468
2017-01-26 20:45:57,134 INFO     Wrote output to trainNN/out/v045-unified-14-ga63bb92:simple-ff-ffv-adam-75-40-mintalklen/config.json
2017-01-26 20:45:58,418 INFO     Saving network params to trainNN/out/v045-unified-14-ga63bb92:simple-ff-ffv-adam-75-40-mintalklen/epoch-046.pkl
2017-01-26 20:45:58,508 INFO     epoch: 46 took 1.375s (0.001s in batching)
training loss:	0.563725
validation loss:	0.666284
validation error:	0.366213
2017-01-26 20:45:59,103 INFO     Wrote output to trainNN/out/v045-unified-14-ga63bb92:simple-ff-ffv-adam-75-40-mintalklen/config.json
2017-01-26 20:46:00,323 INFO     Saving network params to trainNN/out/v045-unified-14-ga63bb92:simple-ff-ffv-adam-75-40-mintalklen/epoch-047.pkl
2017-01-26 20:46:00,407 INFO     epoch: 47 took 1.899s (0.001s in batching)
training loss:	0.562214
validation loss:	0.678826
validation error:	0.376979
2017-01-26 20:46:00,408 INFO     Wrote output to trainNN/out/v045-unified-14-ga63bb92:simple-ff-ffv-adam-75-40-mintalklen/config.json
2017-01-26 20:46:01,577 INFO     Saving network params to trainNN/out/v045-unified-14-ga63bb92:simple-ff-ffv-adam-75-40-mintalklen/epoch-048.pkl
2017-01-26 20:46:01,661 INFO     epoch: 48 took 1.254s (0.001s in batching)
training loss:	0.562588
validation loss:	0.656452
validation error:	0.364638
2017-01-26 20:46:01,662 INFO     Wrote output to trainNN/out/v045-unified-14-ga63bb92:simple-ff-ffv-adam-75-40-mintalklen/config.json
2017-01-26 20:46:02,833 INFO     Saving network params to trainNN/out/v045-unified-14-ga63bb92:simple-ff-ffv-adam-75-40-mintalklen/epoch-049.pkl
2017-01-26 20:46:02,916 INFO     epoch: 49 took 1.255s (0.001s in batching)
training loss:	0.561891
validation loss:	0.676698
validation error:	0.374000
2017-01-26 20:46:02,917 INFO     Wrote output to trainNN/out/v045-unified-14-ga63bb92:simple-ff-ffv-adam-75-40-mintalklen/config.json
2017-01-26 20:46:04,087 INFO     Saving network params to trainNN/out/v045-unified-14-ga63bb92:simple-ff-ffv-adam-75-40-mintalklen/epoch-050.pkl
2017-01-26 20:46:04,170 INFO     epoch: 50 took 1.254s (0.001s in batching)
training loss:	0.560360
validation loss:	0.657546
validation error:	0.359234
2017-01-26 20:46:04,171 INFO     Wrote output to trainNN/out/v045-unified-14-ga63bb92:simple-ff-ffv-adam-75-40-mintalklen/config.json
2017-01-26 20:46:05,398 INFO     Saving network params to trainNN/out/v045-unified-14-ga63bb92:simple-ff-ffv-adam-75-40-mintalklen/epoch-051.pkl
2017-01-26 20:46:05,485 INFO     epoch: 51 took 1.315s (0.001s in batching)
training loss:	0.560727
validation loss:	0.660458
validation error:	0.372298
2017-01-26 20:46:05,486 INFO     Wrote output to trainNN/out/v045-unified-14-ga63bb92:simple-ff-ffv-adam-75-40-mintalklen/config.json
2017-01-26 20:46:06,672 INFO     Saving network params to trainNN/out/v045-unified-14-ga63bb92:simple-ff-ffv-adam-75-40-mintalklen/epoch-052.pkl
2017-01-26 20:46:06,757 INFO     epoch: 52 took 1.272s (0.001s in batching)
training loss:	0.560093
validation loss:	0.665190
validation error:	0.366511
2017-01-26 20:46:06,758 INFO     Wrote output to trainNN/out/v045-unified-14-ga63bb92:simple-ff-ffv-adam-75-40-mintalklen/config.json
2017-01-26 20:46:07,982 INFO     Saving network params to trainNN/out/v045-unified-14-ga63bb92:simple-ff-ffv-adam-75-40-mintalklen/epoch-053.pkl
2017-01-26 20:46:08,068 INFO     epoch: 53 took 1.312s (0.001s in batching)
training loss:	0.558885
validation loss:	0.670864
validation error:	0.368766
2017-01-26 20:46:08,069 INFO     Wrote output to trainNN/out/v045-unified-14-ga63bb92:simple-ff-ffv-adam-75-40-mintalklen/config.json
2017-01-26 20:46:09,249 INFO     Saving network params to trainNN/out/v045-unified-14-ga63bb92:simple-ff-ffv-adam-75-40-mintalklen/epoch-054.pkl
2017-01-26 20:46:09,336 INFO     epoch: 54 took 1.268s (0.001s in batching)
training loss:	0.559330
validation loss:	0.662143
validation error:	0.369574
2017-01-26 20:46:09,337 INFO     Wrote output to trainNN/out/v045-unified-14-ga63bb92:simple-ff-ffv-adam-75-40-mintalklen/config.json
2017-01-26 20:46:10,517 INFO     Saving network params to trainNN/out/v045-unified-14-ga63bb92:simple-ff-ffv-adam-75-40-mintalklen/epoch-055.pkl
2017-01-26 20:46:10,600 INFO     epoch: 55 took 1.264s (0.001s in batching)
training loss:	0.557534
validation loss:	0.669046
validation error:	0.366936
2017-01-26 20:46:10,602 INFO     Wrote output to trainNN/out/v045-unified-14-ga63bb92:simple-ff-ffv-adam-75-40-mintalklen/config.json
2017-01-26 20:46:11,757 INFO     Saving network params to trainNN/out/v045-unified-14-ga63bb92:simple-ff-ffv-adam-75-40-mintalklen/epoch-056.pkl
2017-01-26 20:46:11,835 INFO     epoch: 56 took 1.235s (0.001s in batching)
training loss:	0.558180
validation loss:	0.684120
validation error:	0.377149
2017-01-26 20:46:11,836 INFO     Wrote output to trainNN/out/v045-unified-14-ga63bb92:simple-ff-ffv-adam-75-40-mintalklen/config.json
2017-01-26 20:46:12,918 INFO     Saving network params to trainNN/out/v045-unified-14-ga63bb92:simple-ff-ffv-adam-75-40-mintalklen/epoch-057.pkl
2017-01-26 20:46:13,006 INFO     epoch: 57 took 1.171s (0.001s in batching)
training loss:	0.557185
validation loss:	0.674042
validation error:	0.369830
2017-01-26 20:46:13,007 INFO     Wrote output to trainNN/out/v045-unified-14-ga63bb92:simple-ff-ffv-adam-75-40-mintalklen/config.json
2017-01-26 20:46:14,117 INFO     Saving network params to trainNN/out/v045-unified-14-ga63bb92:simple-ff-ffv-adam-75-40-mintalklen/epoch-058.pkl
2017-01-26 20:46:14,195 INFO     epoch: 58 took 1.189s (0.001s in batching)
training loss:	0.556535
validation loss:	0.685466
validation error:	0.377702
2017-01-26 20:46:14,196 INFO     Wrote output to trainNN/out/v045-unified-14-ga63bb92:simple-ff-ffv-adam-75-40-mintalklen/config.json
2017-01-26 20:46:15,321 INFO     Saving network params to trainNN/out/v045-unified-14-ga63bb92:simple-ff-ffv-adam-75-40-mintalklen/epoch-059.pkl
2017-01-26 20:46:15,404 INFO     epoch: 59 took 1.209s (0.001s in batching)
training loss:	0.555855
validation loss:	0.673817
validation error:	0.371362
2017-01-26 20:46:15,405 INFO     Wrote output to trainNN/out/v045-unified-14-ga63bb92:simple-ff-ffv-adam-75-40-mintalklen/config.json
2017-01-26 20:46:16,512 INFO     Saving network params to trainNN/out/v045-unified-14-ga63bb92:simple-ff-ffv-adam-75-40-mintalklen/epoch-060.pkl
2017-01-26 20:46:16,590 INFO     epoch: 60 took 1.187s (0.001s in batching)
training loss:	0.554848
validation loss:	0.664846
validation error:	0.363064
2017-01-26 20:46:16,592 INFO     Wrote output to trainNN/out/v045-unified-14-ga63bb92:simple-ff-ffv-adam-75-40-mintalklen/config.json
2017-01-26 20:46:17,674 INFO     Saving network params to trainNN/out/v045-unified-14-ga63bb92:simple-ff-ffv-adam-75-40-mintalklen/epoch-061.pkl
2017-01-26 20:46:17,752 INFO     epoch: 61 took 1.161s (0.001s in batching)
training loss:	0.556098
validation loss:	0.680640
validation error:	0.376468
2017-01-26 20:46:17,753 INFO     Wrote output to trainNN/out/v045-unified-14-ga63bb92:simple-ff-ffv-adam-75-40-mintalklen/config.json
2017-01-26 20:46:18,836 INFO     Saving network params to trainNN/out/v045-unified-14-ga63bb92:simple-ff-ffv-adam-75-40-mintalklen/epoch-062.pkl
2017-01-26 20:46:18,913 INFO     epoch: 62 took 1.162s (0.001s in batching)
training loss:	0.554299
validation loss:	0.667148
validation error:	0.365149
2017-01-26 20:46:18,943 INFO     Wrote output to trainNN/out/v045-unified-14-ga63bb92:simple-ff-ffv-adam-75-40-mintalklen/config.json
2017-01-26 20:46:20,084 INFO     Saving network params to trainNN/out/v045-unified-14-ga63bb92:simple-ff-ffv-adam-75-40-mintalklen/epoch-063.pkl
2017-01-26 20:46:20,162 INFO     epoch: 63 took 1.249s (0.001s in batching)
training loss:	0.555013
validation loss:	0.670594
validation error:	0.369830
2017-01-26 20:46:20,164 INFO     Wrote output to trainNN/out/v045-unified-14-ga63bb92:simple-ff-ffv-adam-75-40-mintalklen/config.json
2017-01-26 20:46:21,231 INFO     Saving network params to trainNN/out/v045-unified-14-ga63bb92:simple-ff-ffv-adam-75-40-mintalklen/epoch-064.pkl
2017-01-26 20:46:21,306 INFO     epoch: 64 took 1.143s (0.001s in batching)
training loss:	0.553930
validation loss:	0.687373
validation error:	0.371915
2017-01-26 20:46:21,307 INFO     Wrote output to trainNN/out/v045-unified-14-ga63bb92:simple-ff-ffv-adam-75-40-mintalklen/config.json
2017-01-26 20:46:22,423 INFO     Saving network params to trainNN/out/v045-unified-14-ga63bb92:simple-ff-ffv-adam-75-40-mintalklen/epoch-065.pkl
2017-01-26 20:46:22,498 INFO     epoch: 65 took 1.193s (0.001s in batching)
training loss:	0.553176
validation loss:	0.672201
validation error:	0.368170
2017-01-26 20:46:22,499 INFO     Wrote output to trainNN/out/v045-unified-14-ga63bb92:simple-ff-ffv-adam-75-40-mintalklen/config.json
2017-01-26 20:46:23,588 INFO     Saving network params to trainNN/out/v045-unified-14-ga63bb92:simple-ff-ffv-adam-75-40-mintalklen/epoch-066.pkl
2017-01-26 20:46:23,662 INFO     epoch: 66 took 1.164s (0.001s in batching)
training loss:	0.552908
validation loss:	0.677484
validation error:	0.373915
2017-01-26 20:46:23,664 INFO     Wrote output to trainNN/out/v045-unified-14-ga63bb92:simple-ff-ffv-adam-75-40-mintalklen/config.json
2017-01-26 20:46:24,696 INFO     Saving network params to trainNN/out/v045-unified-14-ga63bb92:simple-ff-ffv-adam-75-40-mintalklen/epoch-067.pkl
2017-01-26 20:46:24,832 INFO     epoch: 67 took 1.170s (0.001s in batching)
training loss:	0.551910
validation loss:	0.689201
validation error:	0.391149
2017-01-26 20:46:24,854 INFO     Wrote output to trainNN/out/v045-unified-14-ga63bb92:simple-ff-ffv-adam-75-40-mintalklen/config.json
2017-01-26 20:46:25,955 INFO     Saving network params to trainNN/out/v045-unified-14-ga63bb92:simple-ff-ffv-adam-75-40-mintalklen/epoch-068.pkl
2017-01-26 20:46:26,030 INFO     epoch: 68 took 1.198s (0.001s in batching)
training loss:	0.552111
validation loss:	0.685254
validation error:	0.375362
2017-01-26 20:46:26,031 INFO     Wrote output to trainNN/out/v045-unified-14-ga63bb92:simple-ff-ffv-adam-75-40-mintalklen/config.json
2017-01-26 20:46:27,137 INFO     Saving network params to trainNN/out/v045-unified-14-ga63bb92:simple-ff-ffv-adam-75-40-mintalklen/epoch-069.pkl
2017-01-26 20:46:27,213 INFO     epoch: 69 took 1.183s (0.001s in batching)
training loss:	0.550912
validation loss:	0.681023
validation error:	0.368213
2017-01-26 20:46:27,215 INFO     Wrote output to trainNN/out/v045-unified-14-ga63bb92:simple-ff-ffv-adam-75-40-mintalklen/config.json
2017-01-26 20:46:28,266 INFO     Saving network params to trainNN/out/v045-unified-14-ga63bb92:simple-ff-ffv-adam-75-40-mintalklen/epoch-070.pkl
2017-01-26 20:46:28,340 INFO     epoch: 70 took 1.127s (0.001s in batching)
training loss:	0.551757
validation loss:	0.689362
validation error:	0.371787
2017-01-26 20:46:28,342 INFO     Wrote output to trainNN/out/v045-unified-14-ga63bb92:simple-ff-ffv-adam-75-40-mintalklen/config.json
2017-01-26 20:46:29,444 INFO     Saving network params to trainNN/out/v045-unified-14-ga63bb92:simple-ff-ffv-adam-75-40-mintalklen/epoch-071.pkl
2017-01-26 20:46:29,527 INFO     epoch: 71 took 1.186s (0.001s in batching)
training loss:	0.551675
validation loss:	0.675179
validation error:	0.371319
2017-01-26 20:46:29,528 INFO     Wrote output to trainNN/out/v045-unified-14-ga63bb92:simple-ff-ffv-adam-75-40-mintalklen/config.json
2017-01-26 20:46:30,613 INFO     Saving network params to trainNN/out/v045-unified-14-ga63bb92:simple-ff-ffv-adam-75-40-mintalklen/epoch-072.pkl
2017-01-26 20:46:30,689 INFO     epoch: 72 took 1.162s (0.001s in batching)
training loss:	0.550853
validation loss:	0.694807
validation error:	0.377830
2017-01-26 20:46:30,690 INFO     Wrote output to trainNN/out/v045-unified-14-ga63bb92:simple-ff-ffv-adam-75-40-mintalklen/config.json
2017-01-26 20:46:31,729 INFO     Saving network params to trainNN/out/v045-unified-14-ga63bb92:simple-ff-ffv-adam-75-40-mintalklen/epoch-073.pkl
2017-01-26 20:46:31,804 INFO     epoch: 73 took 1.115s (0.001s in batching)
training loss:	0.550992
validation loss:	0.685882
validation error:	0.372468
2017-01-26 20:46:31,805 INFO     Wrote output to trainNN/out/v045-unified-14-ga63bb92:simple-ff-ffv-adam-75-40-mintalklen/config.json
2017-01-26 20:46:32,843 INFO     Saving network params to trainNN/out/v045-unified-14-ga63bb92:simple-ff-ffv-adam-75-40-mintalklen/epoch-074.pkl
2017-01-26 20:46:33,211 INFO     epoch: 74 took 1.407s (0.001s in batching)
training loss:	0.549962
validation loss:	0.685621
validation error:	0.371106
2017-01-26 20:46:33,518 INFO     Wrote output to trainNN/out/v045-unified-14-ga63bb92:simple-ff-ffv-adam-75-40-mintalklen/config.json
2017-01-26 20:46:34,574 INFO     Saving network params to trainNN/out/v045-unified-14-ga63bb92:simple-ff-ffv-adam-75-40-mintalklen/epoch-075.pkl
2017-01-26 20:46:34,651 INFO     epoch: 75 took 1.440s (0.002s in batching)
training loss:	0.550365
validation loss:	0.671459
validation error:	0.369149
2017-01-26 20:46:34,652 INFO     Wrote output to trainNN/out/v045-unified-14-ga63bb92:simple-ff-ffv-adam-75-40-mintalklen/config.json
2017-01-26 20:46:35,694 INFO     Saving network params to trainNN/out/v045-unified-14-ga63bb92:simple-ff-ffv-adam-75-40-mintalklen/epoch-076.pkl
2017-01-26 20:46:35,770 INFO     epoch: 76 took 1.119s (0.001s in batching)
training loss:	0.549053
validation loss:	0.679741
validation error:	0.374085
2017-01-26 20:46:35,771 INFO     Wrote output to trainNN/out/v045-unified-14-ga63bb92:simple-ff-ffv-adam-75-40-mintalklen/config.json
2017-01-26 20:46:36,810 INFO     Saving network params to trainNN/out/v045-unified-14-ga63bb92:simple-ff-ffv-adam-75-40-mintalklen/epoch-077.pkl
2017-01-26 20:46:36,886 INFO     epoch: 77 took 1.116s (0.001s in batching)
training loss:	0.549700
validation loss:	0.681587
validation error:	0.376808
2017-01-26 20:46:36,887 INFO     Wrote output to trainNN/out/v045-unified-14-ga63bb92:simple-ff-ffv-adam-75-40-mintalklen/config.json
2017-01-26 20:46:37,929 INFO     Saving network params to trainNN/out/v045-unified-14-ga63bb92:simple-ff-ffv-adam-75-40-mintalklen/epoch-078.pkl
2017-01-26 20:46:38,004 INFO     epoch: 78 took 1.118s (0.001s in batching)
training loss:	0.548526
validation loss:	0.683749
validation error:	0.371489
2017-01-26 20:46:38,006 INFO     Wrote output to trainNN/out/v045-unified-14-ga63bb92:simple-ff-ffv-adam-75-40-mintalklen/config.json
2017-01-26 20:46:39,043 INFO     Saving network params to trainNN/out/v045-unified-14-ga63bb92:simple-ff-ffv-adam-75-40-mintalklen/epoch-079.pkl
2017-01-26 20:46:39,119 INFO     epoch: 79 took 1.115s (0.001s in batching)
training loss:	0.548749
validation loss:	0.694132
validation error:	0.378979
2017-01-26 20:46:39,121 INFO     Wrote output to trainNN/out/v045-unified-14-ga63bb92:simple-ff-ffv-adam-75-40-mintalklen/config.json
2017-01-26 20:46:40,157 INFO     Saving network params to trainNN/out/v045-unified-14-ga63bb92:simple-ff-ffv-adam-75-40-mintalklen/epoch-080.pkl
2017-01-26 20:46:40,233 INFO     epoch: 80 took 1.113s (0.001s in batching)
training loss:	0.547792
validation loss:	0.683351
validation error:	0.374468
2017-01-26 20:46:40,234 INFO     Wrote output to trainNN/out/v045-unified-14-ga63bb92:simple-ff-ffv-adam-75-40-mintalklen/config.json
2017-01-26 20:46:41,270 INFO     Saving network params to trainNN/out/v045-unified-14-ga63bb92:simple-ff-ffv-adam-75-40-mintalklen/epoch-081.pkl
2017-01-26 20:46:41,345 INFO     epoch: 81 took 1.112s (0.001s in batching)
training loss:	0.547528
validation loss:	0.685580
validation error:	0.372213
2017-01-26 20:46:41,346 INFO     Wrote output to trainNN/out/v045-unified-14-ga63bb92:simple-ff-ffv-adam-75-40-mintalklen/config.json
2017-01-26 20:46:42,386 INFO     Saving network params to trainNN/out/v045-unified-14-ga63bb92:simple-ff-ffv-adam-75-40-mintalklen/epoch-082.pkl
2017-01-26 20:46:42,461 INFO     epoch: 82 took 1.116s (0.001s in batching)
training loss:	0.547421
validation loss:	0.679268
validation error:	0.369617
2017-01-26 20:46:42,462 INFO     Wrote output to trainNN/out/v045-unified-14-ga63bb92:simple-ff-ffv-adam-75-40-mintalklen/config.json
2017-01-26 20:46:43,505 INFO     Saving network params to trainNN/out/v045-unified-14-ga63bb92:simple-ff-ffv-adam-75-40-mintalklen/epoch-083.pkl
2017-01-26 20:46:43,581 INFO     epoch: 83 took 1.120s (0.001s in batching)
training loss:	0.546909
validation loss:	0.693214
validation error:	0.378085
2017-01-26 20:46:43,582 INFO     Wrote output to trainNN/out/v045-unified-14-ga63bb92:simple-ff-ffv-adam-75-40-mintalklen/config.json
2017-01-26 20:46:44,626 INFO     Saving network params to trainNN/out/v045-unified-14-ga63bb92:simple-ff-ffv-adam-75-40-mintalklen/epoch-084.pkl
2017-01-26 20:46:44,702 INFO     epoch: 84 took 1.122s (0.001s in batching)
training loss:	0.545773
validation loss:	0.698019
validation error:	0.379234
2017-01-26 20:46:44,704 INFO     Wrote output to trainNN/out/v045-unified-14-ga63bb92:simple-ff-ffv-adam-75-40-mintalklen/config.json
2017-01-26 20:46:45,745 INFO     Saving network params to trainNN/out/v045-unified-14-ga63bb92:simple-ff-ffv-adam-75-40-mintalklen/epoch-085.pkl
2017-01-26 20:46:45,820 INFO     epoch: 85 took 1.117s (0.001s in batching)
training loss:	0.547392
validation loss:	0.687854
validation error:	0.365660
2017-01-26 20:46:45,821 INFO     Wrote output to trainNN/out/v045-unified-14-ga63bb92:simple-ff-ffv-adam-75-40-mintalklen/config.json
2017-01-26 20:46:46,855 INFO     Saving network params to trainNN/out/v045-unified-14-ga63bb92:simple-ff-ffv-adam-75-40-mintalklen/epoch-086.pkl
2017-01-26 20:46:46,930 INFO     epoch: 86 took 1.110s (0.001s in batching)
training loss:	0.546513
validation loss:	0.687313
validation error:	0.372808
2017-01-26 20:46:46,931 INFO     Wrote output to trainNN/out/v045-unified-14-ga63bb92:simple-ff-ffv-adam-75-40-mintalklen/config.json
2017-01-26 20:46:47,965 INFO     Saving network params to trainNN/out/v045-unified-14-ga63bb92:simple-ff-ffv-adam-75-40-mintalklen/epoch-087.pkl
2017-01-26 20:46:48,042 INFO     epoch: 87 took 1.112s (0.001s in batching)
training loss:	0.544629
validation loss:	0.689094
validation error:	0.377532
2017-01-26 20:46:48,044 INFO     Wrote output to trainNN/out/v045-unified-14-ga63bb92:simple-ff-ffv-adam-75-40-mintalklen/config.json
2017-01-26 20:46:49,086 INFO     Saving network params to trainNN/out/v045-unified-14-ga63bb92:simple-ff-ffv-adam-75-40-mintalklen/epoch-088.pkl
2017-01-26 20:46:49,162 INFO     epoch: 88 took 1.119s (0.001s in batching)
training loss:	0.544894
validation loss:	0.691874
validation error:	0.378894
2017-01-26 20:46:49,163 INFO     Wrote output to trainNN/out/v045-unified-14-ga63bb92:simple-ff-ffv-adam-75-40-mintalklen/config.json
2017-01-26 20:46:50,291 INFO     Saving network params to trainNN/out/v045-unified-14-ga63bb92:simple-ff-ffv-adam-75-40-mintalklen/epoch-089.pkl
2017-01-26 20:46:50,377 INFO     epoch: 89 took 1.215s (0.001s in batching)
training loss:	0.544935
validation loss:	0.688420
validation error:	0.371362
2017-01-26 20:46:50,379 INFO     Wrote output to trainNN/out/v045-unified-14-ga63bb92:simple-ff-ffv-adam-75-40-mintalklen/config.json
2017-01-26 20:46:51,495 INFO     Saving network params to trainNN/out/v045-unified-14-ga63bb92:simple-ff-ffv-adam-75-40-mintalklen/epoch-090.pkl
2017-01-26 20:46:51,571 INFO     epoch: 90 took 1.194s (0.001s in batching)
training loss:	0.544269
validation loss:	0.699205
validation error:	0.382426
2017-01-26 20:46:51,573 INFO     Wrote output to trainNN/out/v045-unified-14-ga63bb92:simple-ff-ffv-adam-75-40-mintalklen/config.json
2017-01-26 20:46:52,627 INFO     Saving network params to trainNN/out/v045-unified-14-ga63bb92:simple-ff-ffv-adam-75-40-mintalklen/epoch-091.pkl
2017-01-26 20:46:52,703 INFO     epoch: 91 took 1.132s (0.001s in batching)
training loss:	0.544873
validation loss:	0.695735
validation error:	0.378426
2017-01-26 20:46:52,705 INFO     Wrote output to trainNN/out/v045-unified-14-ga63bb92:simple-ff-ffv-adam-75-40-mintalklen/config.json
2017-01-26 20:46:53,774 INFO     Saving network params to trainNN/out/v045-unified-14-ga63bb92:simple-ff-ffv-adam-75-40-mintalklen/epoch-092.pkl
2017-01-26 20:46:53,850 INFO     epoch: 92 took 1.147s (0.001s in batching)
training loss:	0.544148
validation loss:	0.695523
validation error:	0.371574
2017-01-26 20:46:53,852 INFO     Wrote output to trainNN/out/v045-unified-14-ga63bb92:simple-ff-ffv-adam-75-40-mintalklen/config.json
2017-01-26 20:46:54,914 INFO     Saving network params to trainNN/out/v045-unified-14-ga63bb92:simple-ff-ffv-adam-75-40-mintalklen/epoch-093.pkl
2017-01-26 20:46:54,989 INFO     epoch: 93 took 1.139s (0.001s in batching)
training loss:	0.544045
validation loss:	0.696179
validation error:	0.371957
2017-01-26 20:46:54,991 INFO     Wrote output to trainNN/out/v045-unified-14-ga63bb92:simple-ff-ffv-adam-75-40-mintalklen/config.json
2017-01-26 20:46:56,039 INFO     Saving network params to trainNN/out/v045-unified-14-ga63bb92:simple-ff-ffv-adam-75-40-mintalklen/epoch-094.pkl
2017-01-26 20:46:56,114 INFO     epoch: 94 took 1.125s (0.001s in batching)
training loss:	0.544025
validation loss:	0.702010
validation error:	0.380340
2017-01-26 20:46:56,116 INFO     Wrote output to trainNN/out/v045-unified-14-ga63bb92:simple-ff-ffv-adam-75-40-mintalklen/config.json
2017-01-26 20:46:57,152 INFO     Saving network params to trainNN/out/v045-unified-14-ga63bb92:simple-ff-ffv-adam-75-40-mintalklen/epoch-095.pkl
2017-01-26 20:46:57,228 INFO     epoch: 95 took 1.113s (0.001s in batching)
training loss:	0.543309
validation loss:	0.687823
validation error:	0.371021
2017-01-26 20:46:57,229 INFO     Wrote output to trainNN/out/v045-unified-14-ga63bb92:simple-ff-ffv-adam-75-40-mintalklen/config.json
2017-01-26 20:46:58,296 INFO     Saving network params to trainNN/out/v045-unified-14-ga63bb92:simple-ff-ffv-adam-75-40-mintalklen/epoch-096.pkl
2017-01-26 20:46:58,373 INFO     epoch: 96 took 1.145s (0.001s in batching)
training loss:	0.543518
validation loss:	0.701064
validation error:	0.378979
2017-01-26 20:46:58,374 INFO     Wrote output to trainNN/out/v045-unified-14-ga63bb92:simple-ff-ffv-adam-75-40-mintalklen/config.json
2017-01-26 20:46:59,448 INFO     Saving network params to trainNN/out/v045-unified-14-ga63bb92:simple-ff-ffv-adam-75-40-mintalklen/epoch-097.pkl
2017-01-26 20:46:59,523 INFO     epoch: 97 took 1.150s (0.001s in batching)
training loss:	0.543077
validation loss:	0.689803
validation error:	0.375404
2017-01-26 20:46:59,525 INFO     Wrote output to trainNN/out/v045-unified-14-ga63bb92:simple-ff-ffv-adam-75-40-mintalklen/config.json
2017-01-26 20:47:00,566 INFO     Saving network params to trainNN/out/v045-unified-14-ga63bb92:simple-ff-ffv-adam-75-40-mintalklen/epoch-098.pkl
2017-01-26 20:47:00,642 INFO     epoch: 98 took 1.119s (0.001s in batching)
training loss:	0.542958
validation loss:	0.694072
validation error:	0.382808
2017-01-26 20:47:00,644 INFO     Wrote output to trainNN/out/v045-unified-14-ga63bb92:simple-ff-ffv-adam-75-40-mintalklen/config.json
2017-01-26 20:47:01,694 INFO     Saving network params to trainNN/out/v045-unified-14-ga63bb92:simple-ff-ffv-adam-75-40-mintalklen/epoch-099.pkl
2017-01-26 20:47:01,770 INFO     epoch: 99 took 1.127s (0.001s in batching)
training loss:	0.542327
validation loss:	0.685167
validation error:	0.367574
2017-01-26 20:47:01,771 INFO     Wrote output to trainNN/out/v045-unified-14-ga63bb92:simple-ff-ffv-adam-75-40-mintalklen/config.json
2017-01-26 20:47:02,826 INFO     Saving network params to trainNN/out/v045-unified-14-ga63bb92:simple-ff-ffv-adam-75-40-mintalklen/epoch-100.pkl
2017-01-26 20:47:02,902 INFO     epoch: 100 took 1.133s (0.001s in batching)
training loss:	0.542611
validation loss:	0.679426
validation error:	0.366638
2017-01-26 20:47:02,904 INFO     Wrote output to trainNN/out/v045-unified-14-ga63bb92:simple-ff-ffv-adam-75-40-mintalklen/config.json
2017-01-26 20:47:03,951 INFO     Saving network params to trainNN/out/v045-unified-14-ga63bb92:simple-ff-ffv-adam-75-40-mintalklen/epoch-101.pkl
2017-01-26 20:47:04,029 INFO     epoch: 101 took 1.126s (0.001s in batching)
training loss:	0.542360
validation loss:	0.687302
validation error:	0.373787
2017-01-26 20:47:04,031 INFO     Wrote output to trainNN/out/v045-unified-14-ga63bb92:simple-ff-ffv-adam-75-40-mintalklen/config.json
2017-01-26 20:47:05,072 INFO     Saving network params to trainNN/out/v045-unified-14-ga63bb92:simple-ff-ffv-adam-75-40-mintalklen/epoch-102.pkl
2017-01-26 20:47:05,148 INFO     epoch: 102 took 1.119s (0.001s in batching)
training loss:	0.541996
validation loss:	0.703079
validation error:	0.378894
2017-01-26 20:47:05,150 INFO     Wrote output to trainNN/out/v045-unified-14-ga63bb92:simple-ff-ffv-adam-75-40-mintalklen/config.json
2017-01-26 20:47:06,190 INFO     Saving network params to trainNN/out/v045-unified-14-ga63bb92:simple-ff-ffv-adam-75-40-mintalklen/epoch-103.pkl
2017-01-26 20:47:06,265 INFO     epoch: 103 took 1.117s (0.001s in batching)
training loss:	0.542305
validation loss:	0.700491
validation error:	0.379830
2017-01-26 20:47:06,267 INFO     Wrote output to trainNN/out/v045-unified-14-ga63bb92:simple-ff-ffv-adam-75-40-mintalklen/config.json
2017-01-26 20:47:07,318 INFO     Saving network params to trainNN/out/v045-unified-14-ga63bb92:simple-ff-ffv-adam-75-40-mintalklen/epoch-104.pkl
2017-01-26 20:47:07,394 INFO     epoch: 104 took 1.129s (0.001s in batching)
training loss:	0.541344
validation loss:	0.698378
validation error:	0.376851
2017-01-26 20:47:07,396 INFO     Wrote output to trainNN/out/v045-unified-14-ga63bb92:simple-ff-ffv-adam-75-40-mintalklen/config.json
2017-01-26 20:47:08,442 INFO     Saving network params to trainNN/out/v045-unified-14-ga63bb92:simple-ff-ffv-adam-75-40-mintalklen/epoch-105.pkl
2017-01-26 20:47:08,518 INFO     epoch: 105 took 1.124s (0.001s in batching)
training loss:	0.541922
validation loss:	0.704278
validation error:	0.379319
2017-01-26 20:47:08,520 INFO     Wrote output to trainNN/out/v045-unified-14-ga63bb92:simple-ff-ffv-adam-75-40-mintalklen/config.json
2017-01-26 20:47:09,562 INFO     Saving network params to trainNN/out/v045-unified-14-ga63bb92:simple-ff-ffv-adam-75-40-mintalklen/epoch-106.pkl
2017-01-26 20:47:09,637 INFO     epoch: 106 took 1.119s (0.001s in batching)
training loss:	0.541584
validation loss:	0.716091
validation error:	0.385319
2017-01-26 20:47:09,639 INFO     Wrote output to trainNN/out/v045-unified-14-ga63bb92:simple-ff-ffv-adam-75-40-mintalklen/config.json
2017-01-26 20:47:10,680 INFO     Saving network params to trainNN/out/v045-unified-14-ga63bb92:simple-ff-ffv-adam-75-40-mintalklen/epoch-107.pkl
2017-01-26 20:47:10,755 INFO     epoch: 107 took 1.118s (0.001s in batching)
training loss:	0.540945
validation loss:	0.718677
validation error:	0.376851
2017-01-26 20:47:10,757 INFO     Wrote output to trainNN/out/v045-unified-14-ga63bb92:simple-ff-ffv-adam-75-40-mintalklen/config.json
2017-01-26 20:47:11,792 INFO     Saving network params to trainNN/out/v045-unified-14-ga63bb92:simple-ff-ffv-adam-75-40-mintalklen/epoch-108.pkl
2017-01-26 20:47:11,868 INFO     epoch: 108 took 1.112s (0.001s in batching)
training loss:	0.540598
validation loss:	0.693780
validation error:	0.376553
2017-01-26 20:47:11,869 INFO     Wrote output to trainNN/out/v045-unified-14-ga63bb92:simple-ff-ffv-adam-75-40-mintalklen/config.json
2017-01-26 20:47:12,906 INFO     Saving network params to trainNN/out/v045-unified-14-ga63bb92:simple-ff-ffv-adam-75-40-mintalklen/epoch-109.pkl
2017-01-26 20:47:12,981 INFO     epoch: 109 took 1.114s (0.001s in batching)
training loss:	0.540175
validation loss:	0.711103
validation error:	0.378000
2017-01-26 20:47:12,983 INFO     Wrote output to trainNN/out/v045-unified-14-ga63bb92:simple-ff-ffv-adam-75-40-mintalklen/config.json
2017-01-26 20:47:14,026 INFO     Saving network params to trainNN/out/v045-unified-14-ga63bb92:simple-ff-ffv-adam-75-40-mintalklen/epoch-110.pkl
2017-01-26 20:47:14,102 INFO     epoch: 110 took 1.121s (0.001s in batching)
training loss:	0.539521
validation loss:	0.706162
validation error:	0.370723
2017-01-26 20:47:14,104 INFO     Wrote output to trainNN/out/v045-unified-14-ga63bb92:simple-ff-ffv-adam-75-40-mintalklen/config.json
2017-01-26 20:47:15,146 INFO     Saving network params to trainNN/out/v045-unified-14-ga63bb92:simple-ff-ffv-adam-75-40-mintalklen/epoch-111.pkl
2017-01-26 20:47:15,221 INFO     epoch: 111 took 1.119s (0.001s in batching)
training loss:	0.539742
validation loss:	0.686783
validation error:	0.372213
2017-01-26 20:47:15,223 INFO     Wrote output to trainNN/out/v045-unified-14-ga63bb92:simple-ff-ffv-adam-75-40-mintalklen/config.json
2017-01-26 20:47:16,265 INFO     Saving network params to trainNN/out/v045-unified-14-ga63bb92:simple-ff-ffv-adam-75-40-mintalklen/epoch-112.pkl
2017-01-26 20:47:16,340 INFO     epoch: 112 took 1.119s (0.001s in batching)
training loss:	0.539628
validation loss:	0.699640
validation error:	0.376553
2017-01-26 20:47:16,342 INFO     Wrote output to trainNN/out/v045-unified-14-ga63bb92:simple-ff-ffv-adam-75-40-mintalklen/config.json
2017-01-26 20:47:17,382 INFO     Saving network params to trainNN/out/v045-unified-14-ga63bb92:simple-ff-ffv-adam-75-40-mintalklen/epoch-113.pkl
2017-01-26 20:47:17,457 INFO     epoch: 113 took 1.117s (0.001s in batching)
training loss:	0.539287
validation loss:	0.691851
validation error:	0.367021
2017-01-26 20:47:17,459 INFO     Wrote output to trainNN/out/v045-unified-14-ga63bb92:simple-ff-ffv-adam-75-40-mintalklen/config.json
2017-01-26 20:47:18,500 INFO     Saving network params to trainNN/out/v045-unified-14-ga63bb92:simple-ff-ffv-adam-75-40-mintalklen/epoch-114.pkl
2017-01-26 20:47:18,575 INFO     epoch: 114 took 1.118s (0.001s in batching)
training loss:	0.539345
validation loss:	0.699622
validation error:	0.372808
2017-01-26 20:47:18,577 INFO     Wrote output to trainNN/out/v045-unified-14-ga63bb92:simple-ff-ffv-adam-75-40-mintalklen/config.json
2017-01-26 20:47:19,617 INFO     Saving network params to trainNN/out/v045-unified-14-ga63bb92:simple-ff-ffv-adam-75-40-mintalklen/epoch-115.pkl
2017-01-26 20:47:19,692 INFO     epoch: 115 took 1.117s (0.001s in batching)
training loss:	0.538772
validation loss:	0.716116
validation error:	0.384723
2017-01-26 20:47:19,694 INFO     Wrote output to trainNN/out/v045-unified-14-ga63bb92:simple-ff-ffv-adam-75-40-mintalklen/config.json
2017-01-26 20:47:20,729 INFO     Saving network params to trainNN/out/v045-unified-14-ga63bb92:simple-ff-ffv-adam-75-40-mintalklen/epoch-116.pkl
2017-01-26 20:47:20,807 INFO     epoch: 116 took 1.114s (0.001s in batching)
training loss:	0.538780
validation loss:	0.695707
validation error:	0.365915
2017-01-26 20:47:20,808 INFO     Wrote output to trainNN/out/v045-unified-14-ga63bb92:simple-ff-ffv-adam-75-40-mintalklen/config.json
2017-01-26 20:47:21,847 INFO     Saving network params to trainNN/out/v045-unified-14-ga63bb92:simple-ff-ffv-adam-75-40-mintalklen/epoch-117.pkl
2017-01-26 20:47:21,926 INFO     epoch: 117 took 1.119s (0.001s in batching)
training loss:	0.538466
validation loss:	0.693562
validation error:	0.372723
2017-01-26 20:47:21,928 INFO     Wrote output to trainNN/out/v045-unified-14-ga63bb92:simple-ff-ffv-adam-75-40-mintalklen/config.json
2017-01-26 20:47:22,964 INFO     Saving network params to trainNN/out/v045-unified-14-ga63bb92:simple-ff-ffv-adam-75-40-mintalklen/epoch-118.pkl
2017-01-26 20:47:23,041 INFO     epoch: 118 took 1.115s (0.001s in batching)
training loss:	0.538561
validation loss:	0.714009
validation error:	0.381234
2017-01-26 20:47:23,043 INFO     Wrote output to trainNN/out/v045-unified-14-ga63bb92:simple-ff-ffv-adam-75-40-mintalklen/config.json
2017-01-26 20:47:24,079 INFO     Saving network params to trainNN/out/v045-unified-14-ga63bb92:simple-ff-ffv-adam-75-40-mintalklen/epoch-119.pkl
2017-01-26 20:47:24,154 INFO     epoch: 119 took 1.113s (0.001s in batching)
training loss:	0.538754
validation loss:	0.699510
validation error:	0.383787
2017-01-26 20:47:24,156 INFO     Wrote output to trainNN/out/v045-unified-14-ga63bb92:simple-ff-ffv-adam-75-40-mintalklen/config.json
2017-01-26 20:47:25,202 INFO     Saving network params to trainNN/out/v045-unified-14-ga63bb92:simple-ff-ffv-adam-75-40-mintalklen/epoch-120.pkl
2017-01-26 20:47:25,278 INFO     epoch: 120 took 1.124s (0.001s in batching)
training loss:	0.537858
validation loss:	0.716516
validation error:	0.376213
2017-01-26 20:47:25,280 INFO     Wrote output to trainNN/out/v045-unified-14-ga63bb92:simple-ff-ffv-adam-75-40-mintalklen/config.json
2017-01-26 20:47:26,328 INFO     Saving network params to trainNN/out/v045-unified-14-ga63bb92:simple-ff-ffv-adam-75-40-mintalklen/epoch-121.pkl
2017-01-26 20:47:26,404 INFO     epoch: 121 took 1.125s (0.001s in batching)
training loss:	0.538030
validation loss:	0.714918
validation error:	0.379319
2017-01-26 20:47:26,406 INFO     Wrote output to trainNN/out/v045-unified-14-ga63bb92:simple-ff-ffv-adam-75-40-mintalklen/config.json
2017-01-26 20:47:27,489 INFO     Saving network params to trainNN/out/v045-unified-14-ga63bb92:simple-ff-ffv-adam-75-40-mintalklen/epoch-122.pkl
2017-01-26 20:47:27,566 INFO     epoch: 122 took 1.162s (0.001s in batching)
training loss:	0.538014
validation loss:	0.719321
validation error:	0.377915
2017-01-26 20:47:27,568 INFO     Wrote output to trainNN/out/v045-unified-14-ga63bb92:simple-ff-ffv-adam-75-40-mintalklen/config.json
2017-01-26 20:47:28,704 INFO     Saving network params to trainNN/out/v045-unified-14-ga63bb92:simple-ff-ffv-adam-75-40-mintalklen/epoch-123.pkl
2017-01-26 20:47:28,787 INFO     epoch: 123 took 1.221s (0.001s in batching)
training loss:	0.537209
validation loss:	0.692663
validation error:	0.370638
2017-01-26 20:47:28,789 INFO     Wrote output to trainNN/out/v045-unified-14-ga63bb92:simple-ff-ffv-adam-75-40-mintalklen/config.json
2017-01-26 20:47:30,056 INFO     Saving network params to trainNN/out/v045-unified-14-ga63bb92:simple-ff-ffv-adam-75-40-mintalklen/epoch-124.pkl
2017-01-26 20:47:30,148 INFO     epoch: 124 took 1.361s (0.001s in batching)
training loss:	0.536562
validation loss:	0.691319
validation error:	0.368128
2017-01-26 20:47:30,150 INFO     Wrote output to trainNN/out/v045-unified-14-ga63bb92:simple-ff-ffv-adam-75-40-mintalklen/config.json
2017-01-26 20:47:31,382 INFO     Saving network params to trainNN/out/v045-unified-14-ga63bb92:simple-ff-ffv-adam-75-40-mintalklen/epoch-125.pkl
2017-01-26 20:47:31,458 INFO     epoch: 125 took 1.311s (0.001s in batching)
training loss:	0.536925
validation loss:	0.697815
validation error:	0.373532
2017-01-26 20:47:31,460 INFO     Wrote output to trainNN/out/v045-unified-14-ga63bb92:simple-ff-ffv-adam-75-40-mintalklen/config.json
2017-01-26 20:47:32,584 INFO     Saving network params to trainNN/out/v045-unified-14-ga63bb92:simple-ff-ffv-adam-75-40-mintalklen/epoch-126.pkl
2017-01-26 20:47:32,665 INFO     epoch: 126 took 1.207s (0.001s in batching)
training loss:	0.536824
validation loss:	0.704622
validation error:	0.375532
2017-01-26 20:47:32,668 INFO     Wrote output to trainNN/out/v045-unified-14-ga63bb92:simple-ff-ffv-adam-75-40-mintalklen/config.json
2017-01-26 20:47:33,784 INFO     Saving network params to trainNN/out/v045-unified-14-ga63bb92:simple-ff-ffv-adam-75-40-mintalklen/epoch-127.pkl
2017-01-26 20:47:33,863 INFO     epoch: 127 took 1.197s (0.001s in batching)
training loss:	0.536451
validation loss:	0.694404
validation error:	0.374128
2017-01-26 20:47:33,865 INFO     Wrote output to trainNN/out/v045-unified-14-ga63bb92:simple-ff-ffv-adam-75-40-mintalklen/config.json
2017-01-26 20:47:34,963 INFO     Saving network params to trainNN/out/v045-unified-14-ga63bb92:simple-ff-ffv-adam-75-40-mintalklen/epoch-128.pkl
2017-01-26 20:47:35,041 INFO     epoch: 128 took 1.178s (0.001s in batching)
training loss:	0.536543
validation loss:	0.712941
validation error:	0.377872
2017-01-26 20:47:35,043 INFO     Wrote output to trainNN/out/v045-unified-14-ga63bb92:simple-ff-ffv-adam-75-40-mintalklen/config.json
2017-01-26 20:47:36,098 INFO     Saving network params to trainNN/out/v045-unified-14-ga63bb92:simple-ff-ffv-adam-75-40-mintalklen/epoch-129.pkl
2017-01-26 20:47:36,173 INFO     epoch: 129 took 1.132s (0.001s in batching)
training loss:	0.535764
validation loss:	0.706666
validation error:	0.373319
2017-01-26 20:47:36,175 INFO     Wrote output to trainNN/out/v045-unified-14-ga63bb92:simple-ff-ffv-adam-75-40-mintalklen/config.json
2017-01-26 20:47:37,287 INFO     Saving network params to trainNN/out/v045-unified-14-ga63bb92:simple-ff-ffv-adam-75-40-mintalklen/epoch-130.pkl
2017-01-26 20:47:37,373 INFO     epoch: 130 took 1.200s (0.001s in batching)
training loss:	0.535917
validation loss:	0.694446
validation error:	0.372383
2017-01-26 20:47:37,375 INFO     Wrote output to trainNN/out/v045-unified-14-ga63bb92:simple-ff-ffv-adam-75-40-mintalklen/config.json
2017-01-26 20:47:38,517 INFO     Saving network params to trainNN/out/v045-unified-14-ga63bb92:simple-ff-ffv-adam-75-40-mintalklen/epoch-131.pkl
2017-01-26 20:47:38,591 INFO     epoch: 131 took 1.218s (0.001s in batching)
training loss:	0.535702
validation loss:	0.702602
validation error:	0.379277
2017-01-26 20:47:38,593 INFO     Wrote output to trainNN/out/v045-unified-14-ga63bb92:simple-ff-ffv-adam-75-40-mintalklen/config.json
2017-01-26 20:47:39,633 INFO     Saving network params to trainNN/out/v045-unified-14-ga63bb92:simple-ff-ffv-adam-75-40-mintalklen/epoch-132.pkl
2017-01-26 20:47:39,869 INFO     epoch: 132 took 1.277s (0.001s in batching)
training loss:	0.534573
validation loss:	0.695993
validation error:	0.374468
2017-01-26 20:47:39,871 INFO     Wrote output to trainNN/out/v045-unified-14-ga63bb92:simple-ff-ffv-adam-75-40-mintalklen/config.json
2017-01-26 20:47:40,915 INFO     Saving network params to trainNN/out/v045-unified-14-ga63bb92:simple-ff-ffv-adam-75-40-mintalklen/epoch-133.pkl
2017-01-26 20:47:40,992 INFO     epoch: 133 took 1.124s (0.001s in batching)
training loss:	0.535944
validation loss:	0.707925
validation error:	0.378213
2017-01-26 20:47:40,994 INFO     Wrote output to trainNN/out/v045-unified-14-ga63bb92:simple-ff-ffv-adam-75-40-mintalklen/config.json
2017-01-26 20:47:42,034 INFO     Saving network params to trainNN/out/v045-unified-14-ga63bb92:simple-ff-ffv-adam-75-40-mintalklen/epoch-134.pkl
2017-01-26 20:47:42,109 INFO     epoch: 134 took 1.117s (0.001s in batching)
training loss:	0.534959
validation loss:	0.709252
validation error:	0.372511
2017-01-26 20:47:42,111 INFO     Wrote output to trainNN/out/v045-unified-14-ga63bb92:simple-ff-ffv-adam-75-40-mintalklen/config.json
2017-01-26 20:47:43,150 INFO     Saving network params to trainNN/out/v045-unified-14-ga63bb92:simple-ff-ffv-adam-75-40-mintalklen/epoch-135.pkl
2017-01-26 20:47:43,225 INFO     epoch: 135 took 1.116s (0.001s in batching)
training loss:	0.535860
validation loss:	0.715515
validation error:	0.375787
2017-01-26 20:47:43,227 INFO     Wrote output to trainNN/out/v045-unified-14-ga63bb92:simple-ff-ffv-adam-75-40-mintalklen/config.json
2017-01-26 20:47:44,273 INFO     Saving network params to trainNN/out/v045-unified-14-ga63bb92:simple-ff-ffv-adam-75-40-mintalklen/epoch-136.pkl
2017-01-26 20:47:44,349 INFO     epoch: 136 took 1.124s (0.001s in batching)
training loss:	0.534978
validation loss:	0.717311
validation error:	0.381702
2017-01-26 20:47:44,351 INFO     Wrote output to trainNN/out/v045-unified-14-ga63bb92:simple-ff-ffv-adam-75-40-mintalklen/config.json
2017-01-26 20:47:45,402 INFO     Saving network params to trainNN/out/v045-unified-14-ga63bb92:simple-ff-ffv-adam-75-40-mintalklen/epoch-137.pkl
2017-01-26 20:47:45,478 INFO     epoch: 137 took 1.130s (0.001s in batching)
training loss:	0.534857
validation loss:	0.721145
validation error:	0.383660
2017-01-26 20:47:45,481 INFO     Wrote output to trainNN/out/v045-unified-14-ga63bb92:simple-ff-ffv-adam-75-40-mintalklen/config.json
2017-01-26 20:47:46,571 INFO     Saving network params to trainNN/out/v045-unified-14-ga63bb92:simple-ff-ffv-adam-75-40-mintalklen/epoch-138.pkl
2017-01-26 20:47:46,646 INFO     epoch: 138 took 1.168s (0.001s in batching)
training loss:	0.533781
validation loss:	0.705087
validation error:	0.376043
2017-01-26 20:47:46,648 INFO     Wrote output to trainNN/out/v045-unified-14-ga63bb92:simple-ff-ffv-adam-75-40-mintalklen/config.json
2017-01-26 20:47:47,688 INFO     Saving network params to trainNN/out/v045-unified-14-ga63bb92:simple-ff-ffv-adam-75-40-mintalklen/epoch-139.pkl
2017-01-26 20:47:47,763 INFO     epoch: 139 took 1.117s (0.001s in batching)
training loss:	0.534134
validation loss:	0.702315
validation error:	0.373234
2017-01-26 20:47:47,765 INFO     Wrote output to trainNN/out/v045-unified-14-ga63bb92:simple-ff-ffv-adam-75-40-mintalklen/config.json
2017-01-26 20:47:48,805 INFO     Saving network params to trainNN/out/v045-unified-14-ga63bb92:simple-ff-ffv-adam-75-40-mintalklen/epoch-140.pkl
2017-01-26 20:47:48,883 INFO     epoch: 140 took 1.120s (0.001s in batching)
training loss:	0.534120
validation loss:	0.705205
validation error:	0.374638
2017-01-26 20:47:48,885 INFO     Wrote output to trainNN/out/v045-unified-14-ga63bb92:simple-ff-ffv-adam-75-40-mintalklen/config.json
2017-01-26 20:47:49,957 INFO     Saving network params to trainNN/out/v045-unified-14-ga63bb92:simple-ff-ffv-adam-75-40-mintalklen/epoch-141.pkl
2017-01-26 20:47:50,033 INFO     epoch: 141 took 1.150s (0.001s in batching)
training loss:	0.533914
validation loss:	0.702944
validation error:	0.366213
2017-01-26 20:47:50,036 INFO     Wrote output to trainNN/out/v045-unified-14-ga63bb92:simple-ff-ffv-adam-75-40-mintalklen/config.json
2017-01-26 20:47:51,084 INFO     Saving network params to trainNN/out/v045-unified-14-ga63bb92:simple-ff-ffv-adam-75-40-mintalklen/epoch-142.pkl
2017-01-26 20:47:51,160 INFO     epoch: 142 took 1.126s (0.001s in batching)
training loss:	0.533824
validation loss:	0.701998
validation error:	0.377404
2017-01-26 20:47:51,162 INFO     Wrote output to trainNN/out/v045-unified-14-ga63bb92:simple-ff-ffv-adam-75-40-mintalklen/config.json
2017-01-26 20:47:52,206 INFO     Saving network params to trainNN/out/v045-unified-14-ga63bb92:simple-ff-ffv-adam-75-40-mintalklen/epoch-143.pkl
2017-01-26 20:47:52,282 INFO     epoch: 143 took 1.122s (0.001s in batching)
training loss:	0.533100
validation loss:	0.701132
validation error:	0.376553
2017-01-26 20:47:52,284 INFO     Wrote output to trainNN/out/v045-unified-14-ga63bb92:simple-ff-ffv-adam-75-40-mintalklen/config.json
2017-01-26 20:47:53,331 INFO     Saving network params to trainNN/out/v045-unified-14-ga63bb92:simple-ff-ffv-adam-75-40-mintalklen/epoch-144.pkl
2017-01-26 20:47:53,407 INFO     epoch: 144 took 1.125s (0.001s in batching)
training loss:	0.532976
validation loss:	0.702628
validation error:	0.373787
2017-01-26 20:47:53,409 INFO     Wrote output to trainNN/out/v045-unified-14-ga63bb92:simple-ff-ffv-adam-75-40-mintalklen/config.json
2017-01-26 20:47:54,456 INFO     Saving network params to trainNN/out/v045-unified-14-ga63bb92:simple-ff-ffv-adam-75-40-mintalklen/epoch-145.pkl
2017-01-26 20:47:54,532 INFO     epoch: 145 took 1.126s (0.001s in batching)
training loss:	0.533324
validation loss:	0.708149
validation error:	0.373489
2017-01-26 20:47:54,535 INFO     Wrote output to trainNN/out/v045-unified-14-ga63bb92:simple-ff-ffv-adam-75-40-mintalklen/config.json
2017-01-26 20:47:55,580 INFO     Saving network params to trainNN/out/v045-unified-14-ga63bb92:simple-ff-ffv-adam-75-40-mintalklen/epoch-146.pkl
2017-01-26 20:47:55,656 INFO     epoch: 146 took 1.124s (0.001s in batching)
training loss:	0.533671
validation loss:	0.717313
validation error:	0.375021
2017-01-26 20:47:55,658 INFO     Wrote output to trainNN/out/v045-unified-14-ga63bb92:simple-ff-ffv-adam-75-40-mintalklen/config.json
2017-01-26 20:47:56,704 INFO     Saving network params to trainNN/out/v045-unified-14-ga63bb92:simple-ff-ffv-adam-75-40-mintalklen/epoch-147.pkl
2017-01-26 20:47:56,780 INFO     epoch: 147 took 1.124s (0.001s in batching)
training loss:	0.532797
validation loss:	0.718371
validation error:	0.378851
2017-01-26 20:47:56,782 INFO     Wrote output to trainNN/out/v045-unified-14-ga63bb92:simple-ff-ffv-adam-75-40-mintalklen/config.json
2017-01-26 20:47:57,828 INFO     Saving network params to trainNN/out/v045-unified-14-ga63bb92:simple-ff-ffv-adam-75-40-mintalklen/epoch-148.pkl
2017-01-26 20:47:57,904 INFO     epoch: 148 took 1.124s (0.001s in batching)
training loss:	0.533190
validation loss:	0.706155
validation error:	0.377617
2017-01-26 20:47:57,906 INFO     Wrote output to trainNN/out/v045-unified-14-ga63bb92:simple-ff-ffv-adam-75-40-mintalklen/config.json
2017-01-26 20:47:58,957 INFO     Saving network params to trainNN/out/v045-unified-14-ga63bb92:simple-ff-ffv-adam-75-40-mintalklen/epoch-149.pkl
2017-01-26 20:47:59,034 INFO     epoch: 149 took 1.130s (0.001s in batching)
training loss:	0.532302
validation loss:	0.718806
validation error:	0.381745
2017-01-26 20:47:59,037 INFO     Wrote output to trainNN/out/v045-unified-14-ga63bb92:simple-ff-ffv-adam-75-40-mintalklen/config.json
2017-01-26 20:48:00,086 INFO     Saving network params to trainNN/out/v045-unified-14-ga63bb92:simple-ff-ffv-adam-75-40-mintalklen/epoch-150.pkl
2017-01-26 20:48:00,162 INFO     epoch: 150 took 1.127s (0.001s in batching)
training loss:	0.532513
validation loss:	0.713453
validation error:	0.376936
2017-01-26 20:48:00,164 INFO     Wrote output to trainNN/out/v045-unified-14-ga63bb92:simple-ff-ffv-adam-75-40-mintalklen/config.json
2017-01-26 20:48:01,214 INFO     Saving network params to trainNN/out/v045-unified-14-ga63bb92:simple-ff-ffv-adam-75-40-mintalklen/epoch-151.pkl
2017-01-26 20:48:01,290 INFO     epoch: 151 took 1.128s (0.001s in batching)
training loss:	0.532180
validation loss:	0.710056
validation error:	0.380851
2017-01-26 20:48:01,292 INFO     Wrote output to trainNN/out/v045-unified-14-ga63bb92:simple-ff-ffv-adam-75-40-mintalklen/config.json
2017-01-26 20:48:02,376 INFO     Saving network params to trainNN/out/v045-unified-14-ga63bb92:simple-ff-ffv-adam-75-40-mintalklen/epoch-152.pkl
2017-01-26 20:48:02,454 INFO     epoch: 152 took 1.164s (0.001s in batching)
training loss:	0.532632
validation loss:	0.705847
validation error:	0.371872
2017-01-26 20:48:02,457 INFO     Wrote output to trainNN/out/v045-unified-14-ga63bb92:simple-ff-ffv-adam-75-40-mintalklen/config.json
2017-01-26 20:48:03,606 INFO     Saving network params to trainNN/out/v045-unified-14-ga63bb92:simple-ff-ffv-adam-75-40-mintalklen/epoch-153.pkl
2017-01-26 20:48:03,681 INFO     epoch: 153 took 1.227s (0.001s in batching)
training loss:	0.531744
validation loss:	0.708926
validation error:	0.384170
2017-01-26 20:48:03,683 INFO     Wrote output to trainNN/out/v045-unified-14-ga63bb92:simple-ff-ffv-adam-75-40-mintalklen/config.json
2017-01-26 20:48:04,729 INFO     Saving network params to trainNN/out/v045-unified-14-ga63bb92:simple-ff-ffv-adam-75-40-mintalklen/epoch-154.pkl
2017-01-26 20:48:04,804 INFO     epoch: 154 took 1.123s (0.001s in batching)
training loss:	0.531868
validation loss:	0.729183
validation error:	0.387915
2017-01-26 20:48:04,806 INFO     Wrote output to trainNN/out/v045-unified-14-ga63bb92:simple-ff-ffv-adam-75-40-mintalklen/config.json
2017-01-26 20:48:05,928 INFO     Saving network params to trainNN/out/v045-unified-14-ga63bb92:simple-ff-ffv-adam-75-40-mintalklen/epoch-155.pkl
2017-01-26 20:48:06,035 INFO     epoch: 155 took 1.231s (0.001s in batching)
training loss:	0.531441
validation loss:	0.720969
validation error:	0.377404
2017-01-26 20:48:06,038 INFO     Wrote output to trainNN/out/v045-unified-14-ga63bb92:simple-ff-ffv-adam-75-40-mintalklen/config.json
2017-01-26 20:48:07,399 INFO     Saving network params to trainNN/out/v045-unified-14-ga63bb92:simple-ff-ffv-adam-75-40-mintalklen/epoch-156.pkl
2017-01-26 20:48:07,477 INFO     epoch: 156 took 1.442s (0.001s in batching)
training loss:	0.532139
validation loss:	0.717747
validation error:	0.377830
2017-01-26 20:48:07,481 INFO     Wrote output to trainNN/out/v045-unified-14-ga63bb92:simple-ff-ffv-adam-75-40-mintalklen/config.json
2017-01-26 20:48:08,645 INFO     Saving network params to trainNN/out/v045-unified-14-ga63bb92:simple-ff-ffv-adam-75-40-mintalklen/epoch-157.pkl
2017-01-26 20:48:08,743 INFO     epoch: 157 took 1.265s (0.001s in batching)
training loss:	0.531340
validation loss:	0.699633
validation error:	0.374298
2017-01-26 20:48:08,745 INFO     Wrote output to trainNN/out/v045-unified-14-ga63bb92:simple-ff-ffv-adam-75-40-mintalklen/config.json
2017-01-26 20:48:10,090 INFO     Saving network params to trainNN/out/v045-unified-14-ga63bb92:simple-ff-ffv-adam-75-40-mintalklen/epoch-158.pkl
2017-01-26 20:48:10,179 INFO     epoch: 158 took 1.436s (0.001s in batching)
training loss:	0.531296
validation loss:	0.704285
validation error:	0.369191
2017-01-26 20:48:10,183 INFO     Wrote output to trainNN/out/v045-unified-14-ga63bb92:simple-ff-ffv-adam-75-40-mintalklen/config.json
2017-01-26 20:48:11,415 INFO     Saving network params to trainNN/out/v045-unified-14-ga63bb92:simple-ff-ffv-adam-75-40-mintalklen/epoch-159.pkl
2017-01-26 20:48:11,495 INFO     epoch: 159 took 1.317s (0.001s in batching)
training loss:	0.530502
validation loss:	0.707608
validation error:	0.375574
2017-01-26 20:48:11,498 INFO     Wrote output to trainNN/out/v045-unified-14-ga63bb92:simple-ff-ffv-adam-75-40-mintalklen/config.json
2017-01-26 20:48:12,605 INFO     Saving network params to trainNN/out/v045-unified-14-ga63bb92:simple-ff-ffv-adam-75-40-mintalklen/epoch-160.pkl
2017-01-26 20:48:12,681 INFO     epoch: 160 took 1.186s (0.001s in batching)
training loss:	0.531099
validation loss:	0.707732
validation error:	0.373191
2017-01-26 20:48:12,684 INFO     Wrote output to trainNN/out/v045-unified-14-ga63bb92:simple-ff-ffv-adam-75-40-mintalklen/config.json
2017-01-26 20:48:13,821 INFO     Saving network params to trainNN/out/v045-unified-14-ga63bb92:simple-ff-ffv-adam-75-40-mintalklen/epoch-161.pkl
2017-01-26 20:48:13,904 INFO     epoch: 161 took 1.222s (0.001s in batching)
training loss:	0.531044
validation loss:	0.714582
validation error:	0.376298
2017-01-26 20:48:13,907 INFO     Wrote output to trainNN/out/v045-unified-14-ga63bb92:simple-ff-ffv-adam-75-40-mintalklen/config.json
2017-01-26 20:48:15,097 INFO     Saving network params to trainNN/out/v045-unified-14-ga63bb92:simple-ff-ffv-adam-75-40-mintalklen/epoch-162.pkl
2017-01-26 20:48:15,172 INFO     epoch: 162 took 1.269s (0.001s in batching)
training loss:	0.531596
validation loss:	0.715179
validation error:	0.374766
2017-01-26 20:48:15,175 INFO     Wrote output to trainNN/out/v045-unified-14-ga63bb92:simple-ff-ffv-adam-75-40-mintalklen/config.json
2017-01-26 20:48:16,212 INFO     Saving network params to trainNN/out/v045-unified-14-ga63bb92:simple-ff-ffv-adam-75-40-mintalklen/epoch-163.pkl
2017-01-26 20:48:16,287 INFO     epoch: 163 took 1.115s (0.001s in batching)
training loss:	0.530968
validation loss:	0.710947
validation error:	0.376255
2017-01-26 20:48:16,290 INFO     Wrote output to trainNN/out/v045-unified-14-ga63bb92:simple-ff-ffv-adam-75-40-mintalklen/config.json
2017-01-26 20:48:17,334 INFO     Saving network params to trainNN/out/v045-unified-14-ga63bb92:simple-ff-ffv-adam-75-40-mintalklen/epoch-164.pkl
2017-01-26 20:48:17,409 INFO     epoch: 164 took 1.122s (0.001s in batching)
training loss:	0.529774
validation loss:	0.710309
validation error:	0.383106
2017-01-26 20:48:17,412 INFO     Wrote output to trainNN/out/v045-unified-14-ga63bb92:simple-ff-ffv-adam-75-40-mintalklen/config.json
2017-01-26 20:48:18,462 INFO     Saving network params to trainNN/out/v045-unified-14-ga63bb92:simple-ff-ffv-adam-75-40-mintalklen/epoch-165.pkl
2017-01-26 20:48:18,538 INFO     epoch: 165 took 1.128s (0.001s in batching)
training loss:	0.531034
validation loss:	0.720737
validation error:	0.381404
2017-01-26 20:48:18,541 INFO     Wrote output to trainNN/out/v045-unified-14-ga63bb92:simple-ff-ffv-adam-75-40-mintalklen/config.json
2017-01-26 20:48:19,609 INFO     Saving network params to trainNN/out/v045-unified-14-ga63bb92:simple-ff-ffv-adam-75-40-mintalklen/epoch-166.pkl
2017-01-26 20:48:19,689 INFO     epoch: 166 took 1.151s (0.001s in batching)
training loss:	0.531245
validation loss:	0.718642
validation error:	0.381489
2017-01-26 20:48:19,692 INFO     Wrote output to trainNN/out/v045-unified-14-ga63bb92:simple-ff-ffv-adam-75-40-mintalklen/config.json
2017-01-26 20:48:20,745 INFO     Saving network params to trainNN/out/v045-unified-14-ga63bb92:simple-ff-ffv-adam-75-40-mintalklen/epoch-167.pkl
2017-01-26 20:48:20,822 INFO     epoch: 167 took 1.132s (0.001s in batching)
training loss:	0.529950
validation loss:	0.713045
validation error:	0.372298
2017-01-26 20:48:20,824 INFO     Wrote output to trainNN/out/v045-unified-14-ga63bb92:simple-ff-ffv-adam-75-40-mintalklen/config.json
2017-01-26 20:48:21,873 INFO     Saving network params to trainNN/out/v045-unified-14-ga63bb92:simple-ff-ffv-adam-75-40-mintalklen/epoch-168.pkl
2017-01-26 20:48:21,950 INFO     epoch: 168 took 1.128s (0.001s in batching)
training loss:	0.530161
validation loss:	0.703351
validation error:	0.370681
2017-01-26 20:48:21,952 INFO     Wrote output to trainNN/out/v045-unified-14-ga63bb92:simple-ff-ffv-adam-75-40-mintalklen/config.json
2017-01-26 20:48:22,993 INFO     Saving network params to trainNN/out/v045-unified-14-ga63bb92:simple-ff-ffv-adam-75-40-mintalklen/epoch-169.pkl
2017-01-26 20:48:23,069 INFO     epoch: 169 took 1.120s (0.001s in batching)
training loss:	0.529863
validation loss:	0.709710
validation error:	0.372681
2017-01-26 20:48:23,072 INFO     Wrote output to trainNN/out/v045-unified-14-ga63bb92:simple-ff-ffv-adam-75-40-mintalklen/config.json
2017-01-26 20:48:24,110 INFO     Saving network params to trainNN/out/v045-unified-14-ga63bb92:simple-ff-ffv-adam-75-40-mintalklen/epoch-170.pkl
2017-01-26 20:48:24,187 INFO     epoch: 170 took 1.118s (0.001s in batching)
training loss:	0.530003
validation loss:	0.715322
validation error:	0.377489
2017-01-26 20:48:24,190 INFO     Wrote output to trainNN/out/v045-unified-14-ga63bb92:simple-ff-ffv-adam-75-40-mintalklen/config.json
2017-01-26 20:48:25,230 INFO     Saving network params to trainNN/out/v045-unified-14-ga63bb92:simple-ff-ffv-adam-75-40-mintalklen/epoch-171.pkl
2017-01-26 20:48:25,305 INFO     epoch: 171 took 1.118s (0.001s in batching)
training loss:	0.530083
validation loss:	0.715673
validation error:	0.378808
2017-01-26 20:48:25,308 INFO     Wrote output to trainNN/out/v045-unified-14-ga63bb92:simple-ff-ffv-adam-75-40-mintalklen/config.json
2017-01-26 20:48:26,344 INFO     Saving network params to trainNN/out/v045-unified-14-ga63bb92:simple-ff-ffv-adam-75-40-mintalklen/epoch-172.pkl
2017-01-26 20:48:26,419 INFO     epoch: 172 took 1.113s (0.001s in batching)
training loss:	0.529154
validation loss:	0.710264
validation error:	0.373106
2017-01-26 20:48:26,421 INFO     Wrote output to trainNN/out/v045-unified-14-ga63bb92:simple-ff-ffv-adam-75-40-mintalklen/config.json
2017-01-26 20:48:27,457 INFO     Saving network params to trainNN/out/v045-unified-14-ga63bb92:simple-ff-ffv-adam-75-40-mintalklen/epoch-173.pkl
2017-01-26 20:48:27,532 INFO     epoch: 173 took 1.113s (0.001s in batching)
training loss:	0.529075
validation loss:	0.720469
validation error:	0.376000
2017-01-26 20:48:27,534 INFO     Wrote output to trainNN/out/v045-unified-14-ga63bb92:simple-ff-ffv-adam-75-40-mintalklen/config.json
2017-01-26 20:48:28,592 INFO     Saving network params to trainNN/out/v045-unified-14-ga63bb92:simple-ff-ffv-adam-75-40-mintalklen/epoch-174.pkl
2017-01-26 20:48:28,668 INFO     epoch: 174 took 1.136s (0.001s in batching)
training loss:	0.528638
validation loss:	0.717025
validation error:	0.381234
2017-01-26 20:48:28,671 INFO     Wrote output to trainNN/out/v045-unified-14-ga63bb92:simple-ff-ffv-adam-75-40-mintalklen/config.json
2017-01-26 20:48:29,711 INFO     Saving network params to trainNN/out/v045-unified-14-ga63bb92:simple-ff-ffv-adam-75-40-mintalklen/epoch-175.pkl
2017-01-26 20:48:29,786 INFO     epoch: 175 took 1.118s (0.001s in batching)
training loss:	0.528948
validation loss:	0.709137
validation error:	0.372638
2017-01-26 20:48:29,789 INFO     Wrote output to trainNN/out/v045-unified-14-ga63bb92:simple-ff-ffv-adam-75-40-mintalklen/config.json
2017-01-26 20:48:30,831 INFO     Saving network params to trainNN/out/v045-unified-14-ga63bb92:simple-ff-ffv-adam-75-40-mintalklen/epoch-176.pkl
2017-01-26 20:48:30,907 INFO     epoch: 176 took 1.121s (0.001s in batching)
training loss:	0.529044
validation loss:	0.731026
validation error:	0.377787
2017-01-26 20:48:30,909 INFO     Wrote output to trainNN/out/v045-unified-14-ga63bb92:simple-ff-ffv-adam-75-40-mintalklen/config.json
2017-01-26 20:48:31,948 INFO     Saving network params to trainNN/out/v045-unified-14-ga63bb92:simple-ff-ffv-adam-75-40-mintalklen/epoch-177.pkl
2017-01-26 20:48:32,023 INFO     epoch: 177 took 1.117s (0.001s in batching)
training loss:	0.529344
validation loss:	0.723835
validation error:	0.373787
2017-01-26 20:48:32,027 INFO     Wrote output to trainNN/out/v045-unified-14-ga63bb92:simple-ff-ffv-adam-75-40-mintalklen/config.json
2017-01-26 20:48:33,068 INFO     Saving network params to trainNN/out/v045-unified-14-ga63bb92:simple-ff-ffv-adam-75-40-mintalklen/epoch-178.pkl
2017-01-26 20:48:33,145 INFO     epoch: 178 took 1.122s (0.001s in batching)
training loss:	0.527597
validation loss:	0.713541
validation error:	0.378511
2017-01-26 20:48:33,148 INFO     Wrote output to trainNN/out/v045-unified-14-ga63bb92:simple-ff-ffv-adam-75-40-mintalklen/config.json
2017-01-26 20:48:34,191 INFO     Saving network params to trainNN/out/v045-unified-14-ga63bb92:simple-ff-ffv-adam-75-40-mintalklen/epoch-179.pkl
2017-01-26 20:48:34,266 INFO     epoch: 179 took 1.121s (0.001s in batching)
training loss:	0.528730
validation loss:	0.723372
validation error:	0.374000
2017-01-26 20:48:34,269 INFO     Wrote output to trainNN/out/v045-unified-14-ga63bb92:simple-ff-ffv-adam-75-40-mintalklen/config.json
2017-01-26 20:48:35,310 INFO     Saving network params to trainNN/out/v045-unified-14-ga63bb92:simple-ff-ffv-adam-75-40-mintalklen/epoch-180.pkl
2017-01-26 20:48:35,385 INFO     epoch: 180 took 1.119s (0.001s in batching)
training loss:	0.528570
validation loss:	0.723558
validation error:	0.380298
2017-01-26 20:48:35,388 INFO     Wrote output to trainNN/out/v045-unified-14-ga63bb92:simple-ff-ffv-adam-75-40-mintalklen/config.json
2017-01-26 20:48:36,424 INFO     Saving network params to trainNN/out/v045-unified-14-ga63bb92:simple-ff-ffv-adam-75-40-mintalklen/epoch-181.pkl
2017-01-26 20:48:36,499 INFO     epoch: 181 took 1.114s (0.001s in batching)
training loss:	0.528448
validation loss:	0.714453
validation error:	0.375617
2017-01-26 20:48:36,502 INFO     Wrote output to trainNN/out/v045-unified-14-ga63bb92:simple-ff-ffv-adam-75-40-mintalklen/config.json
2017-01-26 20:48:37,541 INFO     Saving network params to trainNN/out/v045-unified-14-ga63bb92:simple-ff-ffv-adam-75-40-mintalklen/epoch-182.pkl
2017-01-26 20:48:37,616 INFO     epoch: 182 took 1.116s (0.001s in batching)
training loss:	0.527926
validation loss:	0.713292
validation error:	0.373191
2017-01-26 20:48:37,618 INFO     Wrote output to trainNN/out/v045-unified-14-ga63bb92:simple-ff-ffv-adam-75-40-mintalklen/config.json
2017-01-26 20:48:38,657 INFO     Saving network params to trainNN/out/v045-unified-14-ga63bb92:simple-ff-ffv-adam-75-40-mintalklen/epoch-183.pkl
2017-01-26 20:48:38,732 INFO     epoch: 183 took 1.117s (0.001s in batching)
training loss:	0.527936
validation loss:	0.720522
validation error:	0.379830
2017-01-26 20:48:38,735 INFO     Wrote output to trainNN/out/v045-unified-14-ga63bb92:simple-ff-ffv-adam-75-40-mintalklen/config.json
2017-01-26 20:48:39,774 INFO     Saving network params to trainNN/out/v045-unified-14-ga63bb92:simple-ff-ffv-adam-75-40-mintalklen/epoch-184.pkl
2017-01-26 20:48:39,850 INFO     epoch: 184 took 1.118s (0.001s in batching)
training loss:	0.527894
validation loss:	0.708607
validation error:	0.369404
2017-01-26 20:48:39,852 INFO     Wrote output to trainNN/out/v045-unified-14-ga63bb92:simple-ff-ffv-adam-75-40-mintalklen/config.json
2017-01-26 20:48:40,899 INFO     Saving network params to trainNN/out/v045-unified-14-ga63bb92:simple-ff-ffv-adam-75-40-mintalklen/epoch-185.pkl
2017-01-26 20:48:40,975 INFO     epoch: 185 took 1.126s (0.001s in batching)
training loss:	0.527425
validation loss:	0.722282
validation error:	0.375872
2017-01-26 20:48:40,978 INFO     Wrote output to trainNN/out/v045-unified-14-ga63bb92:simple-ff-ffv-adam-75-40-mintalklen/config.json
2017-01-26 20:48:42,021 INFO     Saving network params to trainNN/out/v045-unified-14-ga63bb92:simple-ff-ffv-adam-75-40-mintalklen/epoch-186.pkl
2017-01-26 20:48:42,098 INFO     epoch: 186 took 1.123s (0.001s in batching)
training loss:	0.527760
validation loss:	0.725520
validation error:	0.377872
2017-01-26 20:48:42,101 INFO     Wrote output to trainNN/out/v045-unified-14-ga63bb92:simple-ff-ffv-adam-75-40-mintalklen/config.json
2017-01-26 20:48:43,142 INFO     Saving network params to trainNN/out/v045-unified-14-ga63bb92:simple-ff-ffv-adam-75-40-mintalklen/epoch-187.pkl
2017-01-26 20:48:43,221 INFO     epoch: 187 took 1.123s (0.001s in batching)
training loss:	0.527975
validation loss:	0.715913
validation error:	0.378638
2017-01-26 20:48:43,224 INFO     Wrote output to trainNN/out/v045-unified-14-ga63bb92:simple-ff-ffv-adam-75-40-mintalklen/config.json
2017-01-26 20:48:44,289 INFO     Saving network params to trainNN/out/v045-unified-14-ga63bb92:simple-ff-ffv-adam-75-40-mintalklen/epoch-188.pkl
2017-01-26 20:48:44,365 INFO     epoch: 188 took 1.144s (0.001s in batching)
training loss:	0.527389
validation loss:	0.732361
validation error:	0.381830
2017-01-26 20:48:44,367 INFO     Wrote output to trainNN/out/v045-unified-14-ga63bb92:simple-ff-ffv-adam-75-40-mintalklen/config.json
2017-01-26 20:48:45,409 INFO     Saving network params to trainNN/out/v045-unified-14-ga63bb92:simple-ff-ffv-adam-75-40-mintalklen/epoch-189.pkl
2017-01-26 20:48:45,484 INFO     epoch: 189 took 1.120s (0.001s in batching)
training loss:	0.528500
validation loss:	0.731028
validation error:	0.372511
2017-01-26 20:48:45,487 INFO     Wrote output to trainNN/out/v045-unified-14-ga63bb92:simple-ff-ffv-adam-75-40-mintalklen/config.json
2017-01-26 20:48:46,527 INFO     Saving network params to trainNN/out/v045-unified-14-ga63bb92:simple-ff-ffv-adam-75-40-mintalklen/epoch-190.pkl
2017-01-26 20:48:47,033 INFO     epoch: 190 took 1.549s (0.001s in batching)
training loss:	0.527155
validation loss:	0.715768
validation error:	0.370553
2017-01-26 20:48:48,196 INFO     Wrote output to trainNN/out/v045-unified-14-ga63bb92:simple-ff-ffv-adam-75-40-mintalklen/config.json
2017-01-26 20:48:49,246 INFO     Saving network params to trainNN/out/v045-unified-14-ga63bb92:simple-ff-ffv-adam-75-40-mintalklen/epoch-191.pkl
2017-01-26 20:48:49,322 INFO     epoch: 191 took 2.288s (0.002s in batching)
training loss:	0.527615
validation loss:	0.719278
validation error:	0.379064
2017-01-26 20:48:49,325 INFO     Wrote output to trainNN/out/v045-unified-14-ga63bb92:simple-ff-ffv-adam-75-40-mintalklen/config.json
2017-01-26 20:48:50,365 INFO     Saving network params to trainNN/out/v045-unified-14-ga63bb92:simple-ff-ffv-adam-75-40-mintalklen/epoch-192.pkl
2017-01-26 20:48:50,441 INFO     epoch: 192 took 1.119s (0.001s in batching)
training loss:	0.526977
validation loss:	0.715108
validation error:	0.377660
2017-01-26 20:48:50,476 INFO     Wrote output to trainNN/out/v045-unified-14-ga63bb92:simple-ff-ffv-adam-75-40-mintalklen/config.json
2017-01-26 20:48:51,524 INFO     Saving network params to trainNN/out/v045-unified-14-ga63bb92:simple-ff-ffv-adam-75-40-mintalklen/epoch-193.pkl
2017-01-26 20:48:51,603 INFO     epoch: 193 took 1.162s (0.001s in batching)
training loss:	0.526521
validation loss:	0.726086
validation error:	0.372298
2017-01-26 20:48:51,606 INFO     Wrote output to trainNN/out/v045-unified-14-ga63bb92:simple-ff-ffv-adam-75-40-mintalklen/config.json
2017-01-26 20:48:52,795 INFO     Saving network params to trainNN/out/v045-unified-14-ga63bb92:simple-ff-ffv-adam-75-40-mintalklen/epoch-194.pkl
2017-01-26 20:48:52,877 INFO     epoch: 194 took 1.274s (0.001s in batching)
training loss:	0.526855
validation loss:	0.714489
validation error:	0.373191
2017-01-26 20:48:52,880 INFO     Wrote output to trainNN/out/v045-unified-14-ga63bb92:simple-ff-ffv-adam-75-40-mintalklen/config.json
2017-01-26 20:48:54,019 INFO     Saving network params to trainNN/out/v045-unified-14-ga63bb92:simple-ff-ffv-adam-75-40-mintalklen/epoch-195.pkl
2017-01-26 20:48:54,095 INFO     epoch: 195 took 1.219s (0.001s in batching)
training loss:	0.526589
validation loss:	0.738531
validation error:	0.389532
2017-01-26 20:48:54,098 INFO     Wrote output to trainNN/out/v045-unified-14-ga63bb92:simple-ff-ffv-adam-75-40-mintalklen/config.json
2017-01-26 20:48:55,135 INFO     Saving network params to trainNN/out/v045-unified-14-ga63bb92:simple-ff-ffv-adam-75-40-mintalklen/epoch-196.pkl
2017-01-26 20:48:55,209 INFO     epoch: 196 took 1.114s (0.001s in batching)
training loss:	0.527063
validation loss:	0.727080
validation error:	0.375915
2017-01-26 20:48:55,212 INFO     Wrote output to trainNN/out/v045-unified-14-ga63bb92:simple-ff-ffv-adam-75-40-mintalklen/config.json
2017-01-26 20:48:56,263 INFO     Saving network params to trainNN/out/v045-unified-14-ga63bb92:simple-ff-ffv-adam-75-40-mintalklen/epoch-197.pkl
2017-01-26 20:48:56,338 INFO     epoch: 197 took 1.128s (0.001s in batching)
training loss:	0.525954
validation loss:	0.718811
validation error:	0.378426
2017-01-26 20:48:56,340 INFO     Wrote output to trainNN/out/v045-unified-14-ga63bb92:simple-ff-ffv-adam-75-40-mintalklen/config.json
2017-01-26 20:48:57,397 INFO     Saving network params to trainNN/out/v045-unified-14-ga63bb92:simple-ff-ffv-adam-75-40-mintalklen/epoch-198.pkl
2017-01-26 20:48:57,473 INFO     epoch: 198 took 1.135s (0.001s in batching)
training loss:	0.525993
validation loss:	0.729381
validation error:	0.371447
2017-01-26 20:48:57,476 INFO     Wrote output to trainNN/out/v045-unified-14-ga63bb92:simple-ff-ffv-adam-75-40-mintalklen/config.json
2017-01-26 20:48:58,532 INFO     Saving network params to trainNN/out/v045-unified-14-ga63bb92:simple-ff-ffv-adam-75-40-mintalklen/epoch-199.pkl
2017-01-26 20:48:58,607 INFO     epoch: 199 took 1.134s (0.001s in batching)
training loss:	0.526790
validation loss:	0.708541
validation error:	0.372340
2017-01-26 20:48:58,610 INFO     Wrote output to trainNN/out/v045-unified-14-ga63bb92:simple-ff-ffv-adam-75-40-mintalklen/config.json
