2017-02-05 18:46:56,367 DEBUG    version=v048-finunified-15-g92ee0a9-dirty:lstm-best-features-power,pitch,ffv,word2vec_v1
2017-02-05 18:46:56,447 INFO     Open DBase(data/db/all240302-spk.dat, data/db/all240302-spk.idx, mode='r')
2017-02-05 18:47:13,040 DEBUG    loading cached extracted data from data/cache/extract-def66febad5438061079a55dc58d6f283ac6300f140958214c091aae1ac94326.pickle
2017-02-05 18:47:46,717 DEBUG    set input dim to 14
2017-02-05 18:47:46,724 DEBUG    input dim = 14
2017-02-05 18:47:46,745 DEBUG    shuffling batches
2017-02-05 18:47:52,351 DEBUG    shuffling done
2017-02-05 18:47:52,351 DEBUG    loading data into ram
2017-02-05 18:47:52,483 DEBUG    loading data took 0.132s (cpu: 0.131s)
2017-02-05 18:47:52,822 DEBUG    set input dim to 14
2017-02-05 18:47:52,823 DEBUG    input dim = 14
2017-02-05 18:47:52,854 DEBUG    shuffling batches
2017-02-05 18:47:53,391 DEBUG    shuffling done
2017-02-05 18:47:53,391 DEBUG    loading data into ram
2017-02-05 18:47:53,405 DEBUG    loading data took 0.014s (cpu: 0.014s)
2017-02-05 18:47:53,639 DEBUG    Applying L2 regularization with 0.000100
2017-02-05 18:47:53,773 INFO     Training network with 39027 trainable out of 39237 total params.
2017-02-05 18:47:55,145 DEBUG    Using adam with learning_rate=0.001000
2017-02-05 18:48:50,290 DEBUG    Starting training...
2017-02-05 18:49:49,244 INFO     Saving network params to trainNN/out/v048-finunified-15-g92ee0a9-dirty:lstm-best-features-power,pitch,ffv,word2vec_v1/epoch-000.pkl
2017-02-05 18:49:50,681 INFO     epoch: 0 took 60.353s (0.001s in batching)
training loss:	0.613330
validation loss:	0.571346
validation error:	0.298300
2017-02-05 18:49:50,742 INFO     Wrote output to trainNN/out/v048-finunified-15-g92ee0a9-dirty:lstm-best-features-power,pitch,ffv,word2vec_v1/config.json
2017-02-05 18:50:49,755 INFO     Saving network params to trainNN/out/v048-finunified-15-g92ee0a9-dirty:lstm-best-features-power,pitch,ffv,word2vec_v1/epoch-001.pkl
2017-02-05 18:50:51,180 INFO     epoch: 1 took 60.499s (0.002s in batching)
training loss:	0.580887
validation loss:	0.561836
validation error:	0.292200
2017-02-05 18:50:51,251 INFO     Wrote output to trainNN/out/v048-finunified-15-g92ee0a9-dirty:lstm-best-features-power,pitch,ffv,word2vec_v1/config.json
2017-02-05 18:51:50,341 INFO     Saving network params to trainNN/out/v048-finunified-15-g92ee0a9-dirty:lstm-best-features-power,pitch,ffv,word2vec_v1/epoch-002.pkl
2017-02-05 18:51:51,813 INFO     epoch: 2 took 60.633s (0.001s in batching)
training loss:	0.571936
validation loss:	0.554581
validation error:	0.280700
2017-02-05 18:51:51,855 INFO     Wrote output to trainNN/out/v048-finunified-15-g92ee0a9-dirty:lstm-best-features-power,pitch,ffv,word2vec_v1/config.json
2017-02-05 18:52:51,026 INFO     Saving network params to trainNN/out/v048-finunified-15-g92ee0a9-dirty:lstm-best-features-power,pitch,ffv,word2vec_v1/epoch-003.pkl
2017-02-05 18:52:52,576 INFO     epoch: 3 took 60.763s (0.001s in batching)
training loss:	0.564437
validation loss:	0.550935
validation error:	0.279000
2017-02-05 18:52:52,639 INFO     Wrote output to trainNN/out/v048-finunified-15-g92ee0a9-dirty:lstm-best-features-power,pitch,ffv,word2vec_v1/config.json
2017-02-05 18:53:51,827 INFO     Saving network params to trainNN/out/v048-finunified-15-g92ee0a9-dirty:lstm-best-features-power,pitch,ffv,word2vec_v1/epoch-004.pkl
2017-02-05 18:53:53,196 INFO     epoch: 4 took 60.620s (0.002s in batching)
training loss:	0.559404
validation loss:	0.542659
validation error:	0.271900
2017-02-05 18:53:53,199 INFO     Wrote output to trainNN/out/v048-finunified-15-g92ee0a9-dirty:lstm-best-features-power,pitch,ffv,word2vec_v1/config.json
2017-02-05 18:54:52,464 INFO     Saving network params to trainNN/out/v048-finunified-15-g92ee0a9-dirty:lstm-best-features-power,pitch,ffv,word2vec_v1/epoch-005.pkl
2017-02-05 18:54:53,872 INFO     epoch: 5 took 60.676s (0.001s in batching)
training loss:	0.554257
validation loss:	0.538738
validation error:	0.272000
2017-02-05 18:54:54,125 INFO     Wrote output to trainNN/out/v048-finunified-15-g92ee0a9-dirty:lstm-best-features-power,pitch,ffv,word2vec_v1/config.json
2017-02-05 18:55:53,436 INFO     Saving network params to trainNN/out/v048-finunified-15-g92ee0a9-dirty:lstm-best-features-power,pitch,ffv,word2vec_v1/epoch-006.pkl
2017-02-05 18:55:54,867 INFO     epoch: 6 took 60.995s (0.001s in batching)
training loss:	0.550764
validation loss:	0.537496
validation error:	0.268400
2017-02-05 18:55:54,944 INFO     Wrote output to trainNN/out/v048-finunified-15-g92ee0a9-dirty:lstm-best-features-power,pitch,ffv,word2vec_v1/config.json
2017-02-05 18:56:54,954 INFO     Saving network params to trainNN/out/v048-finunified-15-g92ee0a9-dirty:lstm-best-features-power,pitch,ffv,word2vec_v1/epoch-007.pkl
2017-02-05 18:56:57,025 INFO     epoch: 7 took 62.157s (0.001s in batching)
training loss:	0.547585
validation loss:	0.536385
validation error:	0.267300
2017-02-05 18:56:57,281 INFO     Wrote output to trainNN/out/v048-finunified-15-g92ee0a9-dirty:lstm-best-features-power,pitch,ffv,word2vec_v1/config.json
2017-02-05 18:58:00,298 INFO     Saving network params to trainNN/out/v048-finunified-15-g92ee0a9-dirty:lstm-best-features-power,pitch,ffv,word2vec_v1/epoch-008.pkl
2017-02-05 18:58:01,845 INFO     epoch: 8 took 64.820s (0.001s in batching)
training loss:	0.544286
validation loss:	0.532853
validation error:	0.264200
2017-02-05 18:58:01,930 INFO     Wrote output to trainNN/out/v048-finunified-15-g92ee0a9-dirty:lstm-best-features-power,pitch,ffv,word2vec_v1/config.json
2017-02-05 18:59:08,002 INFO     Saving network params to trainNN/out/v048-finunified-15-g92ee0a9-dirty:lstm-best-features-power,pitch,ffv,word2vec_v1/epoch-009.pkl
2017-02-05 18:59:09,528 INFO     epoch: 9 took 67.683s (0.001s in batching)
training loss:	0.541624
validation loss:	0.532736
validation error:	0.263600
2017-02-05 18:59:09,615 INFO     Wrote output to trainNN/out/v048-finunified-15-g92ee0a9-dirty:lstm-best-features-power,pitch,ffv,word2vec_v1/config.json
2017-02-05 19:00:18,641 INFO     Saving network params to trainNN/out/v048-finunified-15-g92ee0a9-dirty:lstm-best-features-power,pitch,ffv,word2vec_v1/epoch-010.pkl
2017-02-05 19:00:20,497 INFO     epoch: 10 took 70.969s (0.001s in batching)
training loss:	0.540047
validation loss:	0.528784
validation error:	0.263600
2017-02-05 19:00:20,659 INFO     Wrote output to trainNN/out/v048-finunified-15-g92ee0a9-dirty:lstm-best-features-power,pitch,ffv,word2vec_v1/config.json
2017-02-05 19:01:35,536 INFO     Saving network params to trainNN/out/v048-finunified-15-g92ee0a9-dirty:lstm-best-features-power,pitch,ffv,word2vec_v1/epoch-011.pkl
2017-02-05 19:01:37,582 INFO     epoch: 11 took 77.085s (0.001s in batching)
training loss:	0.536713
validation loss:	0.528691
validation error:	0.262700
2017-02-05 19:01:37,585 INFO     Wrote output to trainNN/out/v048-finunified-15-g92ee0a9-dirty:lstm-best-features-power,pitch,ffv,word2vec_v1/config.json
2017-02-05 19:03:09,171 INFO     Saving network params to trainNN/out/v048-finunified-15-g92ee0a9-dirty:lstm-best-features-power,pitch,ffv,word2vec_v1/epoch-012.pkl
2017-02-05 19:03:11,159 INFO     epoch: 12 took 93.577s (0.001s in batching)
training loss:	0.536553
validation loss:	0.527029
validation error:	0.260500
2017-02-05 19:03:11,162 INFO     Wrote output to trainNN/out/v048-finunified-15-g92ee0a9-dirty:lstm-best-features-power,pitch,ffv,word2vec_v1/config.json
2017-02-05 19:04:42,847 INFO     Saving network params to trainNN/out/v048-finunified-15-g92ee0a9-dirty:lstm-best-features-power,pitch,ffv,word2vec_v1/epoch-013.pkl
2017-02-05 19:04:44,906 INFO     epoch: 13 took 93.747s (0.001s in batching)
training loss:	0.534358
validation loss:	0.526656
validation error:	0.263000
2017-02-05 19:04:44,910 INFO     Wrote output to trainNN/out/v048-finunified-15-g92ee0a9-dirty:lstm-best-features-power,pitch,ffv,word2vec_v1/config.json
2017-02-05 19:06:16,654 INFO     Saving network params to trainNN/out/v048-finunified-15-g92ee0a9-dirty:lstm-best-features-power,pitch,ffv,word2vec_v1/epoch-014.pkl
2017-02-05 19:06:18,667 INFO     epoch: 14 took 93.760s (0.001s in batching)
training loss:	0.532313
validation loss:	0.524534
validation error:	0.259700
2017-02-05 19:06:18,670 INFO     Wrote output to trainNN/out/v048-finunified-15-g92ee0a9-dirty:lstm-best-features-power,pitch,ffv,word2vec_v1/config.json
2017-02-05 19:07:50,624 INFO     Saving network params to trainNN/out/v048-finunified-15-g92ee0a9-dirty:lstm-best-features-power,pitch,ffv,word2vec_v1/epoch-015.pkl
2017-02-05 19:07:52,635 INFO     epoch: 15 took 93.968s (0.001s in batching)
training loss:	0.531388
validation loss:	0.521062
validation error:	0.254500
2017-02-05 19:07:52,639 INFO     Wrote output to trainNN/out/v048-finunified-15-g92ee0a9-dirty:lstm-best-features-power,pitch,ffv,word2vec_v1/config.json
2017-02-05 19:09:24,339 INFO     Saving network params to trainNN/out/v048-finunified-15-g92ee0a9-dirty:lstm-best-features-power,pitch,ffv,word2vec_v1/epoch-016.pkl
2017-02-05 19:09:26,349 INFO     epoch: 16 took 93.715s (0.001s in batching)
training loss:	0.529960
validation loss:	0.520188
validation error:	0.256300
2017-02-05 19:09:26,353 INFO     Wrote output to trainNN/out/v048-finunified-15-g92ee0a9-dirty:lstm-best-features-power,pitch,ffv,word2vec_v1/config.json
2017-02-05 19:10:58,612 INFO     Saving network params to trainNN/out/v048-finunified-15-g92ee0a9-dirty:lstm-best-features-power,pitch,ffv,word2vec_v1/epoch-017.pkl
2017-02-05 19:11:00,644 INFO     epoch: 17 took 94.295s (0.001s in batching)
training loss:	0.528576
validation loss:	0.523452
validation error:	0.254700
2017-02-05 19:11:00,649 INFO     Wrote output to trainNN/out/v048-finunified-15-g92ee0a9-dirty:lstm-best-features-power,pitch,ffv,word2vec_v1/config.json
2017-02-05 19:12:33,063 INFO     Saving network params to trainNN/out/v048-finunified-15-g92ee0a9-dirty:lstm-best-features-power,pitch,ffv,word2vec_v1/epoch-018.pkl
2017-02-05 19:12:35,042 INFO     epoch: 18 took 94.398s (0.001s in batching)
training loss:	0.527729
validation loss:	0.518500
validation error:	0.254100
2017-02-05 19:12:35,047 INFO     Wrote output to trainNN/out/v048-finunified-15-g92ee0a9-dirty:lstm-best-features-power,pitch,ffv,word2vec_v1/config.json
2017-02-05 19:14:07,715 INFO     Saving network params to trainNN/out/v048-finunified-15-g92ee0a9-dirty:lstm-best-features-power,pitch,ffv,word2vec_v1/epoch-019.pkl
2017-02-05 19:14:09,747 INFO     epoch: 19 took 94.705s (0.002s in batching)
training loss:	0.526776
validation loss:	0.518778
validation error:	0.256000
2017-02-05 19:14:09,751 INFO     Wrote output to trainNN/out/v048-finunified-15-g92ee0a9-dirty:lstm-best-features-power,pitch,ffv,word2vec_v1/config.json
2017-02-05 19:15:41,423 INFO     Saving network params to trainNN/out/v048-finunified-15-g92ee0a9-dirty:lstm-best-features-power,pitch,ffv,word2vec_v1/epoch-020.pkl
2017-02-05 19:15:43,379 INFO     epoch: 20 took 93.632s (0.001s in batching)
training loss:	0.525832
validation loss:	0.519008
validation error:	0.253000
2017-02-05 19:15:43,383 INFO     Wrote output to trainNN/out/v048-finunified-15-g92ee0a9-dirty:lstm-best-features-power,pitch,ffv,word2vec_v1/config.json
2017-02-05 19:17:15,394 INFO     Saving network params to trainNN/out/v048-finunified-15-g92ee0a9-dirty:lstm-best-features-power,pitch,ffv,word2vec_v1/epoch-021.pkl
2017-02-05 19:17:17,366 INFO     epoch: 21 took 93.987s (0.001s in batching)
training loss:	0.524823
validation loss:	0.516758
validation error:	0.252600
2017-02-05 19:17:17,369 INFO     Wrote output to trainNN/out/v048-finunified-15-g92ee0a9-dirty:lstm-best-features-power,pitch,ffv,word2vec_v1/config.json
2017-02-05 19:18:49,512 INFO     Saving network params to trainNN/out/v048-finunified-15-g92ee0a9-dirty:lstm-best-features-power,pitch,ffv,word2vec_v1/epoch-022.pkl
2017-02-05 19:18:51,496 INFO     epoch: 22 took 94.130s (0.001s in batching)
training loss:	0.524165
validation loss:	0.519754
validation error:	0.255300
2017-02-05 19:18:51,500 INFO     Wrote output to trainNN/out/v048-finunified-15-g92ee0a9-dirty:lstm-best-features-power,pitch,ffv,word2vec_v1/config.json
2017-02-05 19:20:23,313 INFO     Saving network params to trainNN/out/v048-finunified-15-g92ee0a9-dirty:lstm-best-features-power,pitch,ffv,word2vec_v1/epoch-023.pkl
2017-02-05 19:20:25,270 INFO     epoch: 23 took 93.774s (0.001s in batching)
training loss:	0.523238
validation loss:	0.517667
validation error:	0.255300
2017-02-05 19:20:25,278 INFO     Wrote output to trainNN/out/v048-finunified-15-g92ee0a9-dirty:lstm-best-features-power,pitch,ffv,word2vec_v1/config.json
2017-02-05 19:21:56,955 INFO     Saving network params to trainNN/out/v048-finunified-15-g92ee0a9-dirty:lstm-best-features-power,pitch,ffv,word2vec_v1/epoch-024.pkl
2017-02-05 19:21:59,014 INFO     epoch: 24 took 93.744s (0.001s in batching)
training loss:	0.521604
validation loss:	0.514659
validation error:	0.251400
2017-02-05 19:21:59,018 INFO     Wrote output to trainNN/out/v048-finunified-15-g92ee0a9-dirty:lstm-best-features-power,pitch,ffv,word2vec_v1/config.json
2017-02-05 19:23:31,043 INFO     Saving network params to trainNN/out/v048-finunified-15-g92ee0a9-dirty:lstm-best-features-power,pitch,ffv,word2vec_v1/epoch-025.pkl
2017-02-05 19:23:33,072 INFO     epoch: 25 took 94.058s (0.001s in batching)
training loss:	0.521246
validation loss:	0.516492
validation error:	0.254100
2017-02-05 19:23:33,076 INFO     Wrote output to trainNN/out/v048-finunified-15-g92ee0a9-dirty:lstm-best-features-power,pitch,ffv,word2vec_v1/config.json
2017-02-05 19:25:04,705 INFO     Saving network params to trainNN/out/v048-finunified-15-g92ee0a9-dirty:lstm-best-features-power,pitch,ffv,word2vec_v1/epoch-026.pkl
2017-02-05 19:25:06,739 INFO     epoch: 26 took 93.667s (0.001s in batching)
training loss:	0.520576
validation loss:	0.516499
validation error:	0.252800
2017-02-05 19:25:06,743 INFO     Wrote output to trainNN/out/v048-finunified-15-g92ee0a9-dirty:lstm-best-features-power,pitch,ffv,word2vec_v1/config.json
2017-02-05 19:26:38,795 INFO     Saving network params to trainNN/out/v048-finunified-15-g92ee0a9-dirty:lstm-best-features-power,pitch,ffv,word2vec_v1/epoch-027.pkl
2017-02-05 19:26:40,817 INFO     epoch: 27 took 94.079s (0.001s in batching)
training loss:	0.519531
validation loss:	0.516559
validation error:	0.249700
2017-02-05 19:26:40,821 INFO     Wrote output to trainNN/out/v048-finunified-15-g92ee0a9-dirty:lstm-best-features-power,pitch,ffv,word2vec_v1/config.json
2017-02-05 19:28:12,690 INFO     Saving network params to trainNN/out/v048-finunified-15-g92ee0a9-dirty:lstm-best-features-power,pitch,ffv,word2vec_v1/epoch-028.pkl
2017-02-05 19:28:14,672 INFO     epoch: 28 took 93.855s (0.001s in batching)
training loss:	0.518541
validation loss:	0.515095
validation error:	0.250200
2017-02-05 19:28:14,676 INFO     Wrote output to trainNN/out/v048-finunified-15-g92ee0a9-dirty:lstm-best-features-power,pitch,ffv,word2vec_v1/config.json
2017-02-05 19:29:47,108 INFO     Saving network params to trainNN/out/v048-finunified-15-g92ee0a9-dirty:lstm-best-features-power,pitch,ffv,word2vec_v1/epoch-029.pkl
2017-02-05 19:29:49,086 INFO     epoch: 29 took 94.414s (0.001s in batching)
training loss:	0.517933
validation loss:	0.516228
validation error:	0.253900
2017-02-05 19:29:49,090 INFO     Wrote output to trainNN/out/v048-finunified-15-g92ee0a9-dirty:lstm-best-features-power,pitch,ffv,word2vec_v1/config.json
2017-02-05 19:31:21,057 INFO     Saving network params to trainNN/out/v048-finunified-15-g92ee0a9-dirty:lstm-best-features-power,pitch,ffv,word2vec_v1/epoch-030.pkl
2017-02-05 19:31:23,036 INFO     epoch: 30 took 93.950s (0.001s in batching)
training loss:	0.517360
validation loss:	0.517844
validation error:	0.252800
2017-02-05 19:31:23,040 INFO     Wrote output to trainNN/out/v048-finunified-15-g92ee0a9-dirty:lstm-best-features-power,pitch,ffv,word2vec_v1/config.json
2017-02-05 19:32:55,099 INFO     Saving network params to trainNN/out/v048-finunified-15-g92ee0a9-dirty:lstm-best-features-power,pitch,ffv,word2vec_v1/epoch-031.pkl
2017-02-05 19:32:57,048 INFO     epoch: 31 took 94.012s (0.001s in batching)
training loss:	0.516413
validation loss:	0.510474
validation error:	0.249600
2017-02-05 19:32:57,051 INFO     Wrote output to trainNN/out/v048-finunified-15-g92ee0a9-dirty:lstm-best-features-power,pitch,ffv,word2vec_v1/config.json
2017-02-05 19:34:28,612 INFO     Saving network params to trainNN/out/v048-finunified-15-g92ee0a9-dirty:lstm-best-features-power,pitch,ffv,word2vec_v1/epoch-032.pkl
2017-02-05 19:34:30,576 INFO     epoch: 32 took 93.528s (0.001s in batching)
training loss:	0.516408
validation loss:	0.510182
validation error:	0.248700
2017-02-05 19:34:30,580 INFO     Wrote output to trainNN/out/v048-finunified-15-g92ee0a9-dirty:lstm-best-features-power,pitch,ffv,word2vec_v1/config.json
2017-02-05 19:36:13,562 INFO     Saving network params to trainNN/out/v048-finunified-15-g92ee0a9-dirty:lstm-best-features-power,pitch,ffv,word2vec_v1/epoch-033.pkl
2017-02-05 19:36:15,895 INFO     epoch: 33 took 105.319s (0.001s in batching)
training loss:	0.514925
validation loss:	0.515351
validation error:	0.249200
2017-02-05 19:36:15,898 INFO     Wrote output to trainNN/out/v048-finunified-15-g92ee0a9-dirty:lstm-best-features-power,pitch,ffv,word2vec_v1/config.json
2017-02-05 19:38:02,652 INFO     Saving network params to trainNN/out/v048-finunified-15-g92ee0a9-dirty:lstm-best-features-power,pitch,ffv,word2vec_v1/epoch-034.pkl
2017-02-05 19:38:04,927 INFO     epoch: 34 took 109.033s (0.001s in batching)
training loss:	0.515121
validation loss:	0.511070
validation error:	0.248800
2017-02-05 19:38:04,931 INFO     Wrote output to trainNN/out/v048-finunified-15-g92ee0a9-dirty:lstm-best-features-power,pitch,ffv,word2vec_v1/config.json
2017-02-05 19:39:52,142 INFO     Saving network params to trainNN/out/v048-finunified-15-g92ee0a9-dirty:lstm-best-features-power,pitch,ffv,word2vec_v1/epoch-035.pkl
2017-02-05 19:39:54,447 INFO     epoch: 35 took 109.519s (0.001s in batching)
training loss:	0.514244
validation loss:	0.510754
validation error:	0.248200
2017-02-05 19:39:54,451 INFO     Wrote output to trainNN/out/v048-finunified-15-g92ee0a9-dirty:lstm-best-features-power,pitch,ffv,word2vec_v1/config.json
2017-02-05 19:41:41,460 INFO     Saving network params to trainNN/out/v048-finunified-15-g92ee0a9-dirty:lstm-best-features-power,pitch,ffv,word2vec_v1/epoch-036.pkl
2017-02-05 19:41:43,773 INFO     epoch: 36 took 109.326s (0.001s in batching)
training loss:	0.514183
validation loss:	0.511464
validation error:	0.249700
2017-02-05 19:41:43,777 INFO     Wrote output to trainNN/out/v048-finunified-15-g92ee0a9-dirty:lstm-best-features-power,pitch,ffv,word2vec_v1/config.json
2017-02-05 19:43:29,806 INFO     Saving network params to trainNN/out/v048-finunified-15-g92ee0a9-dirty:lstm-best-features-power,pitch,ffv,word2vec_v1/epoch-037.pkl
2017-02-05 19:43:32,064 INFO     epoch: 37 took 108.291s (0.001s in batching)
training loss:	0.513098
validation loss:	0.512316
validation error:	0.250700
2017-02-05 19:43:32,069 INFO     Wrote output to trainNN/out/v048-finunified-15-g92ee0a9-dirty:lstm-best-features-power,pitch,ffv,word2vec_v1/config.json
2017-02-05 19:45:18,473 INFO     Saving network params to trainNN/out/v048-finunified-15-g92ee0a9-dirty:lstm-best-features-power,pitch,ffv,word2vec_v1/epoch-038.pkl
2017-02-05 19:45:20,783 INFO     epoch: 38 took 108.719s (0.001s in batching)
training loss:	0.511951
validation loss:	0.513409
validation error:	0.249900
2017-02-05 19:45:20,787 INFO     Wrote output to trainNN/out/v048-finunified-15-g92ee0a9-dirty:lstm-best-features-power,pitch,ffv,word2vec_v1/config.json
2017-02-05 19:47:08,261 INFO     Saving network params to trainNN/out/v048-finunified-15-g92ee0a9-dirty:lstm-best-features-power,pitch,ffv,word2vec_v1/epoch-039.pkl
2017-02-05 19:47:10,549 INFO     epoch: 39 took 109.766s (0.001s in batching)
training loss:	0.511529
validation loss:	0.515403
validation error:	0.250500
2017-02-05 19:47:10,554 INFO     Wrote output to trainNN/out/v048-finunified-15-g92ee0a9-dirty:lstm-best-features-power,pitch,ffv,word2vec_v1/config.json
2017-02-05 19:48:56,824 INFO     Saving network params to trainNN/out/v048-finunified-15-g92ee0a9-dirty:lstm-best-features-power,pitch,ffv,word2vec_v1/epoch-040.pkl
2017-02-05 19:48:59,121 INFO     epoch: 40 took 108.572s (0.001s in batching)
training loss:	0.511069
validation loss:	0.513180
validation error:	0.248200
2017-02-05 19:48:59,125 INFO     Wrote output to trainNN/out/v048-finunified-15-g92ee0a9-dirty:lstm-best-features-power,pitch,ffv,word2vec_v1/config.json
2017-02-05 19:50:46,195 INFO     Saving network params to trainNN/out/v048-finunified-15-g92ee0a9-dirty:lstm-best-features-power,pitch,ffv,word2vec_v1/epoch-041.pkl
2017-02-05 19:50:48,469 INFO     epoch: 41 took 109.348s (0.001s in batching)
training loss:	0.510390
validation loss:	0.511125
validation error:	0.248400
2017-02-05 19:50:48,474 INFO     Wrote output to trainNN/out/v048-finunified-15-g92ee0a9-dirty:lstm-best-features-power,pitch,ffv,word2vec_v1/config.json
2017-02-05 19:52:35,562 INFO     Saving network params to trainNN/out/v048-finunified-15-g92ee0a9-dirty:lstm-best-features-power,pitch,ffv,word2vec_v1/epoch-042.pkl
2017-02-05 19:52:37,837 INFO     epoch: 42 took 109.368s (0.001s in batching)
training loss:	0.510066
validation loss:	0.512233
validation error:	0.250000
2017-02-05 19:52:37,842 INFO     Wrote output to trainNN/out/v048-finunified-15-g92ee0a9-dirty:lstm-best-features-power,pitch,ffv,word2vec_v1/config.json
2017-02-05 19:54:24,803 INFO     Saving network params to trainNN/out/v048-finunified-15-g92ee0a9-dirty:lstm-best-features-power,pitch,ffv,word2vec_v1/epoch-043.pkl
2017-02-05 19:54:27,129 INFO     epoch: 43 took 109.291s (0.001s in batching)
training loss:	0.509613
validation loss:	0.511414
validation error:	0.248800
2017-02-05 19:54:27,133 INFO     Wrote output to trainNN/out/v048-finunified-15-g92ee0a9-dirty:lstm-best-features-power,pitch,ffv,word2vec_v1/config.json
2017-02-05 19:56:13,975 INFO     Saving network params to trainNN/out/v048-finunified-15-g92ee0a9-dirty:lstm-best-features-power,pitch,ffv,word2vec_v1/epoch-044.pkl
2017-02-05 19:56:16,249 INFO     epoch: 44 took 109.120s (0.001s in batching)
training loss:	0.508819
validation loss:	0.518828
validation error:	0.251300
2017-02-05 19:56:16,254 INFO     Wrote output to trainNN/out/v048-finunified-15-g92ee0a9-dirty:lstm-best-features-power,pitch,ffv,word2vec_v1/config.json
2017-02-05 19:58:03,496 INFO     Saving network params to trainNN/out/v048-finunified-15-g92ee0a9-dirty:lstm-best-features-power,pitch,ffv,word2vec_v1/epoch-045.pkl
2017-02-05 19:58:05,780 INFO     epoch: 45 took 109.531s (0.001s in batching)
training loss:	0.508882
validation loss:	0.512509
validation error:	0.250900
2017-02-05 19:58:05,784 INFO     Wrote output to trainNN/out/v048-finunified-15-g92ee0a9-dirty:lstm-best-features-power,pitch,ffv,word2vec_v1/config.json
2017-02-05 19:59:53,119 INFO     Saving network params to trainNN/out/v048-finunified-15-g92ee0a9-dirty:lstm-best-features-power,pitch,ffv,word2vec_v1/epoch-046.pkl
2017-02-05 19:59:55,398 INFO     epoch: 46 took 109.618s (0.001s in batching)
training loss:	0.508217
validation loss:	0.512564
validation error:	0.247000
2017-02-05 19:59:55,402 INFO     Wrote output to trainNN/out/v048-finunified-15-g92ee0a9-dirty:lstm-best-features-power,pitch,ffv,word2vec_v1/config.json
2017-02-05 20:01:42,385 INFO     Saving network params to trainNN/out/v048-finunified-15-g92ee0a9-dirty:lstm-best-features-power,pitch,ffv,word2vec_v1/epoch-047.pkl
2017-02-05 20:01:44,686 INFO     epoch: 47 took 109.289s (0.001s in batching)
training loss:	0.506884
validation loss:	0.515357
validation error:	0.252400
2017-02-05 20:01:44,692 INFO     Wrote output to trainNN/out/v048-finunified-15-g92ee0a9-dirty:lstm-best-features-power,pitch,ffv,word2vec_v1/config.json
2017-02-05 20:03:31,592 INFO     Saving network params to trainNN/out/v048-finunified-15-g92ee0a9-dirty:lstm-best-features-power,pitch,ffv,word2vec_v1/epoch-048.pkl
2017-02-05 20:03:33,902 INFO     epoch: 48 took 109.216s (0.001s in batching)
training loss:	0.507132
validation loss:	0.515583
validation error:	0.252300
2017-02-05 20:03:33,907 INFO     Wrote output to trainNN/out/v048-finunified-15-g92ee0a9-dirty:lstm-best-features-power,pitch,ffv,word2vec_v1/config.json
2017-02-05 20:05:20,173 INFO     Saving network params to trainNN/out/v048-finunified-15-g92ee0a9-dirty:lstm-best-features-power,pitch,ffv,word2vec_v1/epoch-049.pkl
2017-02-05 20:05:22,479 INFO     epoch: 49 took 108.576s (0.001s in batching)
training loss:	0.506176
validation loss:	0.514678
validation error:	0.251700
2017-02-05 20:05:22,483 INFO     Wrote output to trainNN/out/v048-finunified-15-g92ee0a9-dirty:lstm-best-features-power,pitch,ffv,word2vec_v1/config.json
2017-02-05 20:07:09,300 INFO     Saving network params to trainNN/out/v048-finunified-15-g92ee0a9-dirty:lstm-best-features-power,pitch,ffv,word2vec_v1/epoch-050.pkl
2017-02-05 20:07:11,568 INFO     epoch: 50 took 109.090s (0.001s in batching)
training loss:	0.505891
validation loss:	0.511778
validation error:	0.248700
2017-02-05 20:07:11,573 INFO     Wrote output to trainNN/out/v048-finunified-15-g92ee0a9-dirty:lstm-best-features-power,pitch,ffv,word2vec_v1/config.json
2017-02-05 20:08:57,588 INFO     Saving network params to trainNN/out/v048-finunified-15-g92ee0a9-dirty:lstm-best-features-power,pitch,ffv,word2vec_v1/epoch-051.pkl
2017-02-05 20:08:59,896 INFO     epoch: 51 took 108.328s (0.001s in batching)
training loss:	0.505473
validation loss:	0.512189
validation error:	0.252300
2017-02-05 20:08:59,901 INFO     Wrote output to trainNN/out/v048-finunified-15-g92ee0a9-dirty:lstm-best-features-power,pitch,ffv,word2vec_v1/config.json
2017-02-05 20:10:46,870 INFO     Saving network params to trainNN/out/v048-finunified-15-g92ee0a9-dirty:lstm-best-features-power,pitch,ffv,word2vec_v1/epoch-052.pkl
2017-02-05 20:10:49,115 INFO     epoch: 52 took 109.219s (0.001s in batching)
training loss:	0.504932
validation loss:	0.511923
validation error:	0.252200
2017-02-05 20:10:49,120 INFO     Wrote output to trainNN/out/v048-finunified-15-g92ee0a9-dirty:lstm-best-features-power,pitch,ffv,word2vec_v1/config.json
2017-02-05 20:12:35,850 INFO     Saving network params to trainNN/out/v048-finunified-15-g92ee0a9-dirty:lstm-best-features-power,pitch,ffv,word2vec_v1/epoch-053.pkl
2017-02-05 20:12:38,134 INFO     epoch: 53 took 109.019s (0.001s in batching)
training loss:	0.504152
validation loss:	0.516905
validation error:	0.251600
2017-02-05 20:12:38,139 INFO     Wrote output to trainNN/out/v048-finunified-15-g92ee0a9-dirty:lstm-best-features-power,pitch,ffv,word2vec_v1/config.json
2017-02-05 20:14:24,485 INFO     Saving network params to trainNN/out/v048-finunified-15-g92ee0a9-dirty:lstm-best-features-power,pitch,ffv,word2vec_v1/epoch-054.pkl
2017-02-05 20:14:26,805 INFO     epoch: 54 took 108.671s (0.001s in batching)
training loss:	0.503863
validation loss:	0.517422
validation error:	0.252900
2017-02-05 20:14:26,810 INFO     Wrote output to trainNN/out/v048-finunified-15-g92ee0a9-dirty:lstm-best-features-power,pitch,ffv,word2vec_v1/config.json
2017-02-05 20:16:14,142 INFO     Saving network params to trainNN/out/v048-finunified-15-g92ee0a9-dirty:lstm-best-features-power,pitch,ffv,word2vec_v1/epoch-055.pkl
2017-02-05 20:16:16,441 INFO     epoch: 55 took 109.636s (0.001s in batching)
training loss:	0.503646
validation loss:	0.513114
validation error:	0.249700
2017-02-05 20:16:16,446 INFO     Wrote output to trainNN/out/v048-finunified-15-g92ee0a9-dirty:lstm-best-features-power,pitch,ffv,word2vec_v1/config.json
2017-02-05 20:18:02,834 INFO     Saving network params to trainNN/out/v048-finunified-15-g92ee0a9-dirty:lstm-best-features-power,pitch,ffv,word2vec_v1/epoch-056.pkl
2017-02-05 20:18:05,129 INFO     epoch: 56 took 108.688s (0.001s in batching)
training loss:	0.503210
validation loss:	0.515156
validation error:	0.249900
2017-02-05 20:18:05,134 INFO     Wrote output to trainNN/out/v048-finunified-15-g92ee0a9-dirty:lstm-best-features-power,pitch,ffv,word2vec_v1/config.json
2017-02-05 20:19:52,975 INFO     Saving network params to trainNN/out/v048-finunified-15-g92ee0a9-dirty:lstm-best-features-power,pitch,ffv,word2vec_v1/epoch-057.pkl
2017-02-05 20:19:55,294 INFO     epoch: 57 took 110.164s (0.001s in batching)
training loss:	0.504221
validation loss:	0.519410
validation error:	0.250000
2017-02-05 20:19:55,299 INFO     Wrote output to trainNN/out/v048-finunified-15-g92ee0a9-dirty:lstm-best-features-power,pitch,ffv,word2vec_v1/config.json
2017-02-05 20:21:42,411 INFO     Saving network params to trainNN/out/v048-finunified-15-g92ee0a9-dirty:lstm-best-features-power,pitch,ffv,word2vec_v1/epoch-058.pkl
2017-02-05 20:21:44,707 INFO     epoch: 58 took 109.413s (0.001s in batching)
training loss:	0.502307
validation loss:	0.516080
validation error:	0.251900
2017-02-05 20:21:44,713 INFO     Wrote output to trainNN/out/v048-finunified-15-g92ee0a9-dirty:lstm-best-features-power,pitch,ffv,word2vec_v1/config.json
2017-02-05 20:23:31,646 INFO     Saving network params to trainNN/out/v048-finunified-15-g92ee0a9-dirty:lstm-best-features-power,pitch,ffv,word2vec_v1/epoch-059.pkl
2017-02-05 20:23:33,962 INFO     epoch: 59 took 109.256s (0.001s in batching)
training loss:	0.501469
validation loss:	0.515056
validation error:	0.250400
2017-02-05 20:23:33,968 INFO     Wrote output to trainNN/out/v048-finunified-15-g92ee0a9-dirty:lstm-best-features-power,pitch,ffv,word2vec_v1/config.json
2017-02-05 20:25:20,442 INFO     Saving network params to trainNN/out/v048-finunified-15-g92ee0a9-dirty:lstm-best-features-power,pitch,ffv,word2vec_v1/epoch-060.pkl
2017-02-05 20:25:22,758 INFO     epoch: 60 took 108.796s (0.001s in batching)
training loss:	0.500658
validation loss:	0.519416
validation error:	0.252500
2017-02-05 20:25:22,763 INFO     Wrote output to trainNN/out/v048-finunified-15-g92ee0a9-dirty:lstm-best-features-power,pitch,ffv,word2vec_v1/config.json
2017-02-05 20:27:09,334 INFO     Saving network params to trainNN/out/v048-finunified-15-g92ee0a9-dirty:lstm-best-features-power,pitch,ffv,word2vec_v1/epoch-061.pkl
2017-02-05 20:27:11,597 INFO     epoch: 61 took 108.839s (0.001s in batching)
training loss:	0.500267
validation loss:	0.523853
validation error:	0.254100
2017-02-05 20:27:11,602 INFO     Wrote output to trainNN/out/v048-finunified-15-g92ee0a9-dirty:lstm-best-features-power,pitch,ffv,word2vec_v1/config.json
2017-02-05 20:28:58,350 INFO     Saving network params to trainNN/out/v048-finunified-15-g92ee0a9-dirty:lstm-best-features-power,pitch,ffv,word2vec_v1/epoch-062.pkl
2017-02-05 20:29:00,638 INFO     epoch: 62 took 109.041s (0.001s in batching)
training loss:	0.500546
validation loss:	0.521155
validation error:	0.250800
2017-02-05 20:29:00,644 INFO     Wrote output to trainNN/out/v048-finunified-15-g92ee0a9-dirty:lstm-best-features-power,pitch,ffv,word2vec_v1/config.json
2017-02-05 20:30:47,517 INFO     Saving network params to trainNN/out/v048-finunified-15-g92ee0a9-dirty:lstm-best-features-power,pitch,ffv,word2vec_v1/epoch-063.pkl
2017-02-05 20:30:49,811 INFO     epoch: 63 took 109.172s (0.001s in batching)
training loss:	0.499639
validation loss:	0.517316
validation error:	0.251200
2017-02-05 20:30:49,816 INFO     Wrote output to trainNN/out/v048-finunified-15-g92ee0a9-dirty:lstm-best-features-power,pitch,ffv,word2vec_v1/config.json
2017-02-05 20:32:37,135 INFO     Saving network params to trainNN/out/v048-finunified-15-g92ee0a9-dirty:lstm-best-features-power,pitch,ffv,word2vec_v1/epoch-064.pkl
2017-02-05 20:32:39,430 INFO     epoch: 64 took 109.619s (0.001s in batching)
training loss:	0.498799
validation loss:	0.517149
validation error:	0.250900
2017-02-05 20:32:39,435 INFO     Wrote output to trainNN/out/v048-finunified-15-g92ee0a9-dirty:lstm-best-features-power,pitch,ffv,word2vec_v1/config.json
2017-02-05 20:34:25,952 INFO     Saving network params to trainNN/out/v048-finunified-15-g92ee0a9-dirty:lstm-best-features-power,pitch,ffv,word2vec_v1/epoch-065.pkl
2017-02-05 20:34:28,280 INFO     epoch: 65 took 108.849s (0.001s in batching)
training loss:	0.498298
validation loss:	0.521111
validation error:	0.254900
2017-02-05 20:34:28,285 INFO     Wrote output to trainNN/out/v048-finunified-15-g92ee0a9-dirty:lstm-best-features-power,pitch,ffv,word2vec_v1/config.json
2017-02-05 20:36:15,318 INFO     Saving network params to trainNN/out/v048-finunified-15-g92ee0a9-dirty:lstm-best-features-power,pitch,ffv,word2vec_v1/epoch-066.pkl
2017-02-05 20:36:17,632 INFO     epoch: 66 took 109.353s (0.001s in batching)
training loss:	0.497857
validation loss:	0.517769
validation error:	0.252600
2017-02-05 20:36:17,638 INFO     Wrote output to trainNN/out/v048-finunified-15-g92ee0a9-dirty:lstm-best-features-power,pitch,ffv,word2vec_v1/config.json
2017-02-05 20:38:04,061 INFO     Saving network params to trainNN/out/v048-finunified-15-g92ee0a9-dirty:lstm-best-features-power,pitch,ffv,word2vec_v1/epoch-067.pkl
2017-02-05 20:38:06,343 INFO     epoch: 67 took 108.711s (0.001s in batching)
training loss:	0.497801
validation loss:	0.519183
validation error:	0.251000
2017-02-05 20:38:06,348 INFO     Wrote output to trainNN/out/v048-finunified-15-g92ee0a9-dirty:lstm-best-features-power,pitch,ffv,word2vec_v1/config.json
2017-02-05 20:39:52,769 INFO     Saving network params to trainNN/out/v048-finunified-15-g92ee0a9-dirty:lstm-best-features-power,pitch,ffv,word2vec_v1/epoch-068.pkl
2017-02-05 20:39:55,079 INFO     epoch: 68 took 108.736s (0.001s in batching)
training loss:	0.496844
validation loss:	0.523045
validation error:	0.257700
2017-02-05 20:39:55,084 INFO     Wrote output to trainNN/out/v048-finunified-15-g92ee0a9-dirty:lstm-best-features-power,pitch,ffv,word2vec_v1/config.json
2017-02-05 20:41:42,118 INFO     Saving network params to trainNN/out/v048-finunified-15-g92ee0a9-dirty:lstm-best-features-power,pitch,ffv,word2vec_v1/epoch-069.pkl
2017-02-05 20:41:44,430 INFO     epoch: 69 took 109.351s (0.001s in batching)
training loss:	0.496924
validation loss:	0.524632
validation error:	0.256100
2017-02-05 20:41:44,436 INFO     Wrote output to trainNN/out/v048-finunified-15-g92ee0a9-dirty:lstm-best-features-power,pitch,ffv,word2vec_v1/config.json
2017-02-05 20:43:31,508 INFO     Saving network params to trainNN/out/v048-finunified-15-g92ee0a9-dirty:lstm-best-features-power,pitch,ffv,word2vec_v1/epoch-070.pkl
2017-02-05 20:43:33,790 INFO     epoch: 70 took 109.360s (0.001s in batching)
training loss:	0.496008
validation loss:	0.521709
validation error:	0.250700
2017-02-05 20:43:33,796 INFO     Wrote output to trainNN/out/v048-finunified-15-g92ee0a9-dirty:lstm-best-features-power,pitch,ffv,word2vec_v1/config.json
2017-02-05 20:45:21,054 INFO     Saving network params to trainNN/out/v048-finunified-15-g92ee0a9-dirty:lstm-best-features-power,pitch,ffv,word2vec_v1/epoch-071.pkl
2017-02-05 20:45:24,187 INFO     epoch: 71 took 110.397s (0.001s in batching)
training loss:	0.495794
validation loss:	0.523566
validation error:	0.256200
2017-02-05 20:45:24,192 INFO     Wrote output to trainNN/out/v048-finunified-15-g92ee0a9-dirty:lstm-best-features-power,pitch,ffv,word2vec_v1/config.json
2017-02-05 20:47:11,496 INFO     Saving network params to trainNN/out/v048-finunified-15-g92ee0a9-dirty:lstm-best-features-power,pitch,ffv,word2vec_v1/epoch-072.pkl
2017-02-05 20:47:13,777 INFO     epoch: 72 took 109.590s (0.001s in batching)
training loss:	0.495469
validation loss:	0.522427
validation error:	0.248500
2017-02-05 20:47:13,783 INFO     Wrote output to trainNN/out/v048-finunified-15-g92ee0a9-dirty:lstm-best-features-power,pitch,ffv,word2vec_v1/config.json
2017-02-05 20:49:00,610 INFO     Saving network params to trainNN/out/v048-finunified-15-g92ee0a9-dirty:lstm-best-features-power,pitch,ffv,word2vec_v1/epoch-073.pkl
2017-02-05 20:49:02,900 INFO     epoch: 73 took 109.123s (0.001s in batching)
training loss:	0.494610
validation loss:	0.522591
validation error:	0.256900
2017-02-05 20:49:02,906 INFO     Wrote output to trainNN/out/v048-finunified-15-g92ee0a9-dirty:lstm-best-features-power,pitch,ffv,word2vec_v1/config.json
2017-02-05 20:50:49,440 INFO     Saving network params to trainNN/out/v048-finunified-15-g92ee0a9-dirty:lstm-best-features-power,pitch,ffv,word2vec_v1/epoch-074.pkl
2017-02-05 20:50:51,739 INFO     epoch: 74 took 108.839s (0.001s in batching)
training loss:	0.494872
validation loss:	0.524764
validation error:	0.253500
2017-02-05 20:50:51,745 INFO     Wrote output to trainNN/out/v048-finunified-15-g92ee0a9-dirty:lstm-best-features-power,pitch,ffv,word2vec_v1/config.json
2017-02-05 20:52:38,001 INFO     Saving network params to trainNN/out/v048-finunified-15-g92ee0a9-dirty:lstm-best-features-power,pitch,ffv,word2vec_v1/epoch-075.pkl
2017-02-05 20:52:40,271 INFO     epoch: 75 took 108.532s (0.001s in batching)
training loss:	0.493880
validation loss:	0.521168
validation error:	0.253600
2017-02-05 20:52:40,277 INFO     Wrote output to trainNN/out/v048-finunified-15-g92ee0a9-dirty:lstm-best-features-power,pitch,ffv,word2vec_v1/config.json
2017-02-05 20:54:27,152 INFO     Saving network params to trainNN/out/v048-finunified-15-g92ee0a9-dirty:lstm-best-features-power,pitch,ffv,word2vec_v1/epoch-076.pkl
2017-02-05 20:54:29,395 INFO     epoch: 76 took 109.124s (0.001s in batching)
training loss:	0.493596
validation loss:	0.523598
validation error:	0.254200
2017-02-05 20:54:29,402 INFO     Wrote output to trainNN/out/v048-finunified-15-g92ee0a9-dirty:lstm-best-features-power,pitch,ffv,word2vec_v1/config.json
2017-02-05 20:56:16,248 INFO     Saving network params to trainNN/out/v048-finunified-15-g92ee0a9-dirty:lstm-best-features-power,pitch,ffv,word2vec_v1/epoch-077.pkl
2017-02-05 20:56:18,515 INFO     epoch: 77 took 109.120s (0.001s in batching)
training loss:	0.493481
validation loss:	0.525277
validation error:	0.252600
2017-02-05 20:56:18,521 INFO     Wrote output to trainNN/out/v048-finunified-15-g92ee0a9-dirty:lstm-best-features-power,pitch,ffv,word2vec_v1/config.json
2017-02-05 20:58:05,145 INFO     Saving network params to trainNN/out/v048-finunified-15-g92ee0a9-dirty:lstm-best-features-power,pitch,ffv,word2vec_v1/epoch-078.pkl
2017-02-05 20:58:07,443 INFO     epoch: 78 took 108.928s (0.001s in batching)
training loss:	0.492845
validation loss:	0.528012
validation error:	0.253500
2017-02-05 20:58:07,449 INFO     Wrote output to trainNN/out/v048-finunified-15-g92ee0a9-dirty:lstm-best-features-power,pitch,ffv,word2vec_v1/config.json
2017-02-05 20:59:54,020 INFO     Saving network params to trainNN/out/v048-finunified-15-g92ee0a9-dirty:lstm-best-features-power,pitch,ffv,word2vec_v1/epoch-079.pkl
2017-02-05 20:59:56,310 INFO     epoch: 79 took 108.867s (0.001s in batching)
training loss:	0.492454
validation loss:	0.529165
validation error:	0.256300
2017-02-05 20:59:56,315 INFO     Wrote output to trainNN/out/v048-finunified-15-g92ee0a9-dirty:lstm-best-features-power,pitch,ffv,word2vec_v1/config.json
2017-02-05 21:01:43,378 INFO     Saving network params to trainNN/out/v048-finunified-15-g92ee0a9-dirty:lstm-best-features-power,pitch,ffv,word2vec_v1/epoch-080.pkl
2017-02-05 21:01:45,669 INFO     epoch: 80 took 109.359s (0.001s in batching)
training loss:	0.491782
validation loss:	0.525776
validation error:	0.255200
2017-02-05 21:01:45,675 INFO     Wrote output to trainNN/out/v048-finunified-15-g92ee0a9-dirty:lstm-best-features-power,pitch,ffv,word2vec_v1/config.json
2017-02-05 21:03:33,202 INFO     Saving network params to trainNN/out/v048-finunified-15-g92ee0a9-dirty:lstm-best-features-power,pitch,ffv,word2vec_v1/epoch-081.pkl
2017-02-05 21:03:35,513 INFO     epoch: 81 took 109.844s (0.001s in batching)
training loss:	0.491338
validation loss:	0.525524
validation error:	0.255900
2017-02-05 21:03:35,519 INFO     Wrote output to trainNN/out/v048-finunified-15-g92ee0a9-dirty:lstm-best-features-power,pitch,ffv,word2vec_v1/config.json
2017-02-05 21:05:22,088 INFO     Saving network params to trainNN/out/v048-finunified-15-g92ee0a9-dirty:lstm-best-features-power,pitch,ffv,word2vec_v1/epoch-082.pkl
2017-02-05 21:05:24,385 INFO     epoch: 82 took 108.872s (0.001s in batching)
training loss:	0.490481
validation loss:	0.526583
validation error:	0.253500
2017-02-05 21:05:24,392 INFO     Wrote output to trainNN/out/v048-finunified-15-g92ee0a9-dirty:lstm-best-features-power,pitch,ffv,word2vec_v1/config.json
2017-02-05 21:07:11,603 INFO     Saving network params to trainNN/out/v048-finunified-15-g92ee0a9-dirty:lstm-best-features-power,pitch,ffv,word2vec_v1/epoch-083.pkl
2017-02-05 21:07:13,870 INFO     epoch: 83 took 109.485s (0.001s in batching)
training loss:	0.490005
validation loss:	0.529726
validation error:	0.257000
2017-02-05 21:07:13,876 INFO     Wrote output to trainNN/out/v048-finunified-15-g92ee0a9-dirty:lstm-best-features-power,pitch,ffv,word2vec_v1/config.json
2017-02-05 21:09:00,691 INFO     Saving network params to trainNN/out/v048-finunified-15-g92ee0a9-dirty:lstm-best-features-power,pitch,ffv,word2vec_v1/epoch-084.pkl
2017-02-05 21:09:03,010 INFO     epoch: 84 took 109.140s (0.001s in batching)
training loss:	0.489919
validation loss:	0.524327
validation error:	0.252700
2017-02-05 21:09:03,016 INFO     Wrote output to trainNN/out/v048-finunified-15-g92ee0a9-dirty:lstm-best-features-power,pitch,ffv,word2vec_v1/config.json
2017-02-05 21:10:49,491 INFO     Saving network params to trainNN/out/v048-finunified-15-g92ee0a9-dirty:lstm-best-features-power,pitch,ffv,word2vec_v1/epoch-085.pkl
2017-02-05 21:10:51,790 INFO     epoch: 85 took 108.781s (0.001s in batching)
training loss:	0.489095
validation loss:	0.527167
validation error:	0.251800
2017-02-05 21:10:51,796 INFO     Wrote output to trainNN/out/v048-finunified-15-g92ee0a9-dirty:lstm-best-features-power,pitch,ffv,word2vec_v1/config.json
2017-02-05 21:12:38,272 INFO     Saving network params to trainNN/out/v048-finunified-15-g92ee0a9-dirty:lstm-best-features-power,pitch,ffv,word2vec_v1/epoch-086.pkl
2017-02-05 21:12:40,575 INFO     epoch: 86 took 108.784s (0.001s in batching)
training loss:	0.489259
validation loss:	0.527224
validation error:	0.254000
2017-02-05 21:12:40,581 INFO     Wrote output to trainNN/out/v048-finunified-15-g92ee0a9-dirty:lstm-best-features-power,pitch,ffv,word2vec_v1/config.json
2017-02-05 21:14:27,243 INFO     Saving network params to trainNN/out/v048-finunified-15-g92ee0a9-dirty:lstm-best-features-power,pitch,ffv,word2vec_v1/epoch-087.pkl
2017-02-05 21:14:29,493 INFO     epoch: 87 took 108.919s (0.001s in batching)
training loss:	0.489252
validation loss:	0.526704
validation error:	0.253000
2017-02-05 21:14:29,501 INFO     Wrote output to trainNN/out/v048-finunified-15-g92ee0a9-dirty:lstm-best-features-power,pitch,ffv,word2vec_v1/config.json
2017-02-05 21:16:15,746 INFO     Saving network params to trainNN/out/v048-finunified-15-g92ee0a9-dirty:lstm-best-features-power,pitch,ffv,word2vec_v1/epoch-088.pkl
2017-02-05 21:16:18,048 INFO     epoch: 88 took 108.555s (0.001s in batching)
training loss:	0.488025
validation loss:	0.528829
validation error:	0.257300
2017-02-05 21:16:18,054 INFO     Wrote output to trainNN/out/v048-finunified-15-g92ee0a9-dirty:lstm-best-features-power,pitch,ffv,word2vec_v1/config.json
2017-02-05 21:18:04,774 INFO     Saving network params to trainNN/out/v048-finunified-15-g92ee0a9-dirty:lstm-best-features-power,pitch,ffv,word2vec_v1/epoch-089.pkl
2017-02-05 21:18:07,083 INFO     epoch: 89 took 109.035s (0.001s in batching)
training loss:	0.487447
validation loss:	0.532065
validation error:	0.257600
2017-02-05 21:18:07,089 INFO     Wrote output to trainNN/out/v048-finunified-15-g92ee0a9-dirty:lstm-best-features-power,pitch,ffv,word2vec_v1/config.json
2017-02-05 21:19:54,351 INFO     Saving network params to trainNN/out/v048-finunified-15-g92ee0a9-dirty:lstm-best-features-power,pitch,ffv,word2vec_v1/epoch-090.pkl
2017-02-05 21:19:56,663 INFO     epoch: 90 took 109.580s (0.001s in batching)
training loss:	0.487758
validation loss:	0.533603
validation error:	0.257100
2017-02-05 21:19:56,669 INFO     Wrote output to trainNN/out/v048-finunified-15-g92ee0a9-dirty:lstm-best-features-power,pitch,ffv,word2vec_v1/config.json
2017-02-05 21:21:43,693 INFO     Saving network params to trainNN/out/v048-finunified-15-g92ee0a9-dirty:lstm-best-features-power,pitch,ffv,word2vec_v1/epoch-091.pkl
2017-02-05 21:21:46,003 INFO     epoch: 91 took 109.340s (0.001s in batching)
training loss:	0.487204
validation loss:	0.531727
validation error:	0.255400
2017-02-05 21:21:46,010 INFO     Wrote output to trainNN/out/v048-finunified-15-g92ee0a9-dirty:lstm-best-features-power,pitch,ffv,word2vec_v1/config.json
2017-02-05 21:23:32,465 INFO     Saving network params to trainNN/out/v048-finunified-15-g92ee0a9-dirty:lstm-best-features-power,pitch,ffv,word2vec_v1/epoch-092.pkl
2017-02-05 21:23:34,723 INFO     epoch: 92 took 108.719s (0.001s in batching)
training loss:	0.486652
validation loss:	0.538284
validation error:	0.259400
2017-02-05 21:23:34,729 INFO     Wrote output to trainNN/out/v048-finunified-15-g92ee0a9-dirty:lstm-best-features-power,pitch,ffv,word2vec_v1/config.json
2017-02-05 21:25:21,224 INFO     Saving network params to trainNN/out/v048-finunified-15-g92ee0a9-dirty:lstm-best-features-power,pitch,ffv,word2vec_v1/epoch-093.pkl
2017-02-05 21:25:23,567 INFO     epoch: 93 took 108.844s (0.001s in batching)
training loss:	0.486445
validation loss:	0.529560
validation error:	0.254700
2017-02-05 21:25:23,573 INFO     Wrote output to trainNN/out/v048-finunified-15-g92ee0a9-dirty:lstm-best-features-power,pitch,ffv,word2vec_v1/config.json
2017-02-05 21:27:10,700 INFO     Saving network params to trainNN/out/v048-finunified-15-g92ee0a9-dirty:lstm-best-features-power,pitch,ffv,word2vec_v1/epoch-094.pkl
2017-02-05 21:27:12,981 INFO     epoch: 94 took 109.414s (0.001s in batching)
training loss:	0.485820
validation loss:	0.537173
validation error:	0.261600
2017-02-05 21:27:12,989 INFO     Wrote output to trainNN/out/v048-finunified-15-g92ee0a9-dirty:lstm-best-features-power,pitch,ffv,word2vec_v1/config.json
2017-02-05 21:28:59,793 INFO     Saving network params to trainNN/out/v048-finunified-15-g92ee0a9-dirty:lstm-best-features-power,pitch,ffv,word2vec_v1/epoch-095.pkl
2017-02-05 21:29:02,038 INFO     epoch: 95 took 109.057s (0.001s in batching)
training loss:	0.485863
validation loss:	0.525694
validation error:	0.255100
2017-02-05 21:29:02,044 INFO     Wrote output to trainNN/out/v048-finunified-15-g92ee0a9-dirty:lstm-best-features-power,pitch,ffv,word2vec_v1/config.json
2017-02-05 21:30:48,644 INFO     Saving network params to trainNN/out/v048-finunified-15-g92ee0a9-dirty:lstm-best-features-power,pitch,ffv,word2vec_v1/epoch-096.pkl
2017-02-05 21:30:50,906 INFO     epoch: 96 took 108.868s (0.001s in batching)
training loss:	0.484646
validation loss:	0.532794
validation error:	0.258900
2017-02-05 21:30:50,913 INFO     Wrote output to trainNN/out/v048-finunified-15-g92ee0a9-dirty:lstm-best-features-power,pitch,ffv,word2vec_v1/config.json
2017-02-05 21:32:38,113 INFO     Saving network params to trainNN/out/v048-finunified-15-g92ee0a9-dirty:lstm-best-features-power,pitch,ffv,word2vec_v1/epoch-097.pkl
2017-02-05 21:32:40,404 INFO     epoch: 97 took 109.497s (0.001s in batching)
training loss:	0.484547
validation loss:	0.537998
validation error:	0.258800
2017-02-05 21:32:40,412 INFO     Wrote output to trainNN/out/v048-finunified-15-g92ee0a9-dirty:lstm-best-features-power,pitch,ffv,word2vec_v1/config.json
2017-02-05 21:34:27,483 INFO     Saving network params to trainNN/out/v048-finunified-15-g92ee0a9-dirty:lstm-best-features-power,pitch,ffv,word2vec_v1/epoch-098.pkl
2017-02-05 21:34:29,753 INFO     epoch: 98 took 109.350s (0.002s in batching)
training loss:	0.484449
validation loss:	0.533128
validation error:	0.253600
2017-02-05 21:34:29,760 INFO     Wrote output to trainNN/out/v048-finunified-15-g92ee0a9-dirty:lstm-best-features-power,pitch,ffv,word2vec_v1/config.json
2017-02-05 21:36:16,421 INFO     Saving network params to trainNN/out/v048-finunified-15-g92ee0a9-dirty:lstm-best-features-power,pitch,ffv,word2vec_v1/epoch-099.pkl
2017-02-05 21:36:18,719 INFO     epoch: 99 took 108.965s (0.001s in batching)
training loss:	0.483583
validation loss:	0.533608
validation error:	0.259700
2017-02-05 21:36:18,725 INFO     Wrote output to trainNN/out/v048-finunified-15-g92ee0a9-dirty:lstm-best-features-power,pitch,ffv,word2vec_v1/config.json
