2017-01-24 20:20:05,467 DEBUG    version=v044-unified-dirty:simple-ff-ffv-100-20-100
2017-01-24 20:20:05,525 INFO     Open DBase(data/db/all240302-spk.dat, data/db/all240302-spk.idx, mode='r')
2017-01-24 20:20:25,346 DEBUG    loading cached extracted data from data/cache/extract-17095dffdd75068299ccb5dd895af8ecaa0fbe1575b09b5b1ad4e4febf4d84ae.pickle
2017-01-24 20:20:27,131 DEBUG    set input dim to 9
2017-01-24 20:20:27,131 DEBUG    input dim = 9
2017-01-24 20:20:27,361 DEBUG    loading data into ram
2017-01-24 20:20:27,506 DEBUG    loading data took 0.145s (cpu: 0.145s
2017-01-24 20:20:28,088 DEBUG    set input dim to 9
2017-01-24 20:20:28,088 DEBUG    input dim = 9
2017-01-24 20:20:28,108 DEBUG    loading data into ram
2017-01-24 20:20:28,122 DEBUG    loading data took 0.014s (cpu: 0.014s
2017-01-24 20:20:28,153 INFO     Training network with 40422 trainable out of 40422 total params.
2017-01-24 20:20:28,195 DEBUG    Using sgd with learning_rate=0.700000
2017-01-24 20:20:30,552 DEBUG    Starting training...
2017-01-24 20:22:22,770 INFO     Saving network params to trainNN/out/v044-unified-dirty:simple-ff-ffv-100-20-100/epoch-000.pkl
2017-01-24 20:22:33,338 INFO     epoch: 0 took 122.786s (86.933s in batching)
training loss:	nan
validation loss:	nan
validation error:	0.500000
2017-01-24 20:22:33,341 INFO     Wrote output to trainNN/out/v044-unified-dirty:simple-ff-ffv-100-20-100/config.json
2017-01-24 20:24:25,344 INFO     Saving network params to trainNN/out/v044-unified-dirty:simple-ff-ffv-100-20-100/epoch-001.pkl
2017-01-24 20:24:36,003 INFO     epoch: 1 took 122.665s (86.708s in batching)
training loss:	nan
validation loss:	nan
validation error:	0.499960
2017-01-24 20:24:36,005 INFO     Wrote output to trainNN/out/v044-unified-dirty:simple-ff-ffv-100-20-100/config.json
2017-01-24 20:26:28,066 INFO     Saving network params to trainNN/out/v044-unified-dirty:simple-ff-ffv-100-20-100/epoch-002.pkl
2017-01-24 20:26:38,670 INFO     epoch: 2 took 122.667s (86.731s in batching)
training loss:	nan
validation loss:	nan
validation error:	0.500055
2017-01-24 20:26:38,672 INFO     Wrote output to trainNN/out/v044-unified-dirty:simple-ff-ffv-100-20-100/config.json
2017-01-24 20:28:30,942 INFO     Saving network params to trainNN/out/v044-unified-dirty:simple-ff-ffv-100-20-100/epoch-003.pkl
2017-01-24 20:28:41,545 INFO     epoch: 3 took 122.876s (86.892s in batching)
training loss:	nan
validation loss:	nan
validation error:	0.500055
2017-01-24 20:28:41,548 INFO     Wrote output to trainNN/out/v044-unified-dirty:simple-ff-ffv-100-20-100/config.json
2017-01-24 20:30:33,637 INFO     Saving network params to trainNN/out/v044-unified-dirty:simple-ff-ffv-100-20-100/epoch-004.pkl
2017-01-24 20:30:44,200 INFO     epoch: 4 took 122.655s (86.563s in batching)
training loss:	nan
validation loss:	nan
validation error:	0.499975
2017-01-24 20:30:44,202 INFO     Wrote output to trainNN/out/v044-unified-dirty:simple-ff-ffv-100-20-100/config.json
2017-01-24 20:32:36,072 INFO     Saving network params to trainNN/out/v044-unified-dirty:simple-ff-ffv-100-20-100/epoch-005.pkl
2017-01-24 20:32:46,723 INFO     epoch: 5 took 122.524s (86.436s in batching)
training loss:	nan
validation loss:	nan
validation error:	0.500035
2017-01-24 20:32:46,726 INFO     Wrote output to trainNN/out/v044-unified-dirty:simple-ff-ffv-100-20-100/config.json
2017-01-24 20:34:38,338 INFO     Saving network params to trainNN/out/v044-unified-dirty:simple-ff-ffv-100-20-100/epoch-006.pkl
2017-01-24 20:34:48,948 INFO     epoch: 6 took 122.224s (86.278s in batching)
training loss:	nan
validation loss:	nan
validation error:	0.500050
2017-01-24 20:34:48,950 INFO     Wrote output to trainNN/out/v044-unified-dirty:simple-ff-ffv-100-20-100/config.json
2017-01-24 20:36:40,534 INFO     Saving network params to trainNN/out/v044-unified-dirty:simple-ff-ffv-100-20-100/epoch-007.pkl
2017-01-24 20:36:51,073 INFO     epoch: 7 took 122.125s (86.051s in batching)
training loss:	nan
validation loss:	nan
validation error:	0.499945
2017-01-24 20:36:51,075 INFO     Wrote output to trainNN/out/v044-unified-dirty:simple-ff-ffv-100-20-100/config.json
2017-01-24 20:38:42,411 INFO     Saving network params to trainNN/out/v044-unified-dirty:simple-ff-ffv-100-20-100/epoch-008.pkl
2017-01-24 20:38:52,975 INFO     epoch: 8 took 121.903s (85.755s in batching)
training loss:	nan
validation loss:	nan
validation error:	0.500010
2017-01-24 20:38:52,978 INFO     Wrote output to trainNN/out/v044-unified-dirty:simple-ff-ffv-100-20-100/config.json
2017-01-24 20:40:44,600 INFO     Saving network params to trainNN/out/v044-unified-dirty:simple-ff-ffv-100-20-100/epoch-009.pkl
2017-01-24 20:40:55,163 INFO     epoch: 9 took 122.187s (86.166s in batching)
training loss:	nan
validation loss:	nan
validation error:	0.499975
2017-01-24 20:40:55,165 INFO     Wrote output to trainNN/out/v044-unified-dirty:simple-ff-ffv-100-20-100/config.json
2017-01-24 20:42:46,606 INFO     Saving network params to trainNN/out/v044-unified-dirty:simple-ff-ffv-100-20-100/epoch-010.pkl
2017-01-24 20:42:57,128 INFO     epoch: 10 took 121.965s (86.078s in batching)
training loss:	nan
validation loss:	nan
validation error:	0.500025
2017-01-24 20:42:57,130 INFO     Wrote output to trainNN/out/v044-unified-dirty:simple-ff-ffv-100-20-100/config.json
2017-01-24 20:44:48,832 INFO     Saving network params to trainNN/out/v044-unified-dirty:simple-ff-ffv-100-20-100/epoch-011.pkl
2017-01-24 20:44:59,410 INFO     epoch: 11 took 122.282s (86.311s in batching)
training loss:	nan
validation loss:	nan
validation error:	0.500010
2017-01-24 20:44:59,413 INFO     Wrote output to trainNN/out/v044-unified-dirty:simple-ff-ffv-100-20-100/config.json
2017-01-24 20:46:51,186 INFO     Saving network params to trainNN/out/v044-unified-dirty:simple-ff-ffv-100-20-100/epoch-012.pkl
2017-01-24 20:47:01,847 INFO     epoch: 12 took 122.437s (86.430s in batching)
training loss:	nan
validation loss:	nan
validation error:	0.500055
2017-01-24 20:47:01,850 INFO     Wrote output to trainNN/out/v044-unified-dirty:simple-ff-ffv-100-20-100/config.json
2017-01-24 20:48:53,828 INFO     Saving network params to trainNN/out/v044-unified-dirty:simple-ff-ffv-100-20-100/epoch-013.pkl
2017-01-24 20:49:04,340 INFO     epoch: 13 took 122.493s (86.333s in batching)
training loss:	nan
validation loss:	nan
validation error:	0.500064
2017-01-24 20:49:04,343 INFO     Wrote output to trainNN/out/v044-unified-dirty:simple-ff-ffv-100-20-100/config.json
2017-01-24 20:50:55,448 INFO     Saving network params to trainNN/out/v044-unified-dirty:simple-ff-ffv-100-20-100/epoch-014.pkl
2017-01-24 20:51:05,968 INFO     epoch: 14 took 121.628s (85.526s in batching)
training loss:	nan
validation loss:	nan
validation error:	0.500045
2017-01-24 20:51:05,971 INFO     Wrote output to trainNN/out/v044-unified-dirty:simple-ff-ffv-100-20-100/config.json
2017-01-24 20:52:57,606 INFO     Saving network params to trainNN/out/v044-unified-dirty:simple-ff-ffv-100-20-100/epoch-015.pkl
2017-01-24 20:53:08,208 INFO     epoch: 15 took 122.240s (85.964s in batching)
training loss:	nan
validation loss:	nan
validation error:	0.500010
2017-01-24 20:53:08,211 INFO     Wrote output to trainNN/out/v044-unified-dirty:simple-ff-ffv-100-20-100/config.json
2017-01-24 20:54:59,530 INFO     Saving network params to trainNN/out/v044-unified-dirty:simple-ff-ffv-100-20-100/epoch-016.pkl
2017-01-24 20:55:10,021 INFO     epoch: 16 took 121.813s (86.021s in batching)
training loss:	nan
validation loss:	nan
validation error:	0.499990
2017-01-24 20:55:10,024 INFO     Wrote output to trainNN/out/v044-unified-dirty:simple-ff-ffv-100-20-100/config.json
2017-01-24 20:57:01,217 INFO     Saving network params to trainNN/out/v044-unified-dirty:simple-ff-ffv-100-20-100/epoch-017.pkl
2017-01-24 20:57:11,930 INFO     epoch: 17 took 121.909s (86.130s in batching)
training loss:	nan
validation loss:	nan
validation error:	0.499975
2017-01-24 20:57:11,932 INFO     Wrote output to trainNN/out/v044-unified-dirty:simple-ff-ffv-100-20-100/config.json
2017-01-24 20:59:03,154 INFO     Saving network params to trainNN/out/v044-unified-dirty:simple-ff-ffv-100-20-100/epoch-018.pkl
2017-01-24 20:59:13,741 INFO     epoch: 18 took 121.812s (85.915s in batching)
training loss:	nan
validation loss:	nan
validation error:	0.500015
2017-01-24 20:59:13,744 INFO     Wrote output to trainNN/out/v044-unified-dirty:simple-ff-ffv-100-20-100/config.json
2017-01-24 21:01:05,546 INFO     Saving network params to trainNN/out/v044-unified-dirty:simple-ff-ffv-100-20-100/epoch-019.pkl
2017-01-24 21:01:16,200 INFO     epoch: 19 took 122.458s (86.393s in batching)
training loss:	nan
validation loss:	nan
validation error:	0.500000
2017-01-24 21:01:16,302 INFO     Wrote output to trainNN/out/v044-unified-dirty:simple-ff-ffv-100-20-100/config.json
2017-01-24 21:03:08,204 INFO     Saving network params to trainNN/out/v044-unified-dirty:simple-ff-ffv-100-20-100/epoch-020.pkl
2017-01-24 21:03:18,842 INFO     epoch: 20 took 122.642s (86.579s in batching)
training loss:	nan
validation loss:	nan
validation error:	0.499985
2017-01-24 21:03:18,941 INFO     Wrote output to trainNN/out/v044-unified-dirty:simple-ff-ffv-100-20-100/config.json
2017-01-24 21:05:10,968 INFO     Saving network params to trainNN/out/v044-unified-dirty:simple-ff-ffv-100-20-100/epoch-021.pkl
2017-01-24 21:05:21,599 INFO     epoch: 21 took 122.757s (86.793s in batching)
training loss:	nan
validation loss:	nan
validation error:	0.500030
2017-01-24 21:05:21,702 INFO     Wrote output to trainNN/out/v044-unified-dirty:simple-ff-ffv-100-20-100/config.json
2017-01-24 21:07:13,441 INFO     Saving network params to trainNN/out/v044-unified-dirty:simple-ff-ffv-100-20-100/epoch-022.pkl
2017-01-24 21:07:24,067 INFO     epoch: 22 took 122.468s (86.491s in batching)
training loss:	nan
validation loss:	nan
validation error:	0.500025
2017-01-24 21:07:24,070 INFO     Wrote output to trainNN/out/v044-unified-dirty:simple-ff-ffv-100-20-100/config.json
2017-01-24 21:09:16,370 INFO     Saving network params to trainNN/out/v044-unified-dirty:simple-ff-ffv-100-20-100/epoch-023.pkl
2017-01-24 21:09:26,976 INFO     epoch: 23 took 122.909s (86.722s in batching)
training loss:	nan
validation loss:	nan
validation error:	0.499980
2017-01-24 21:09:27,078 INFO     Wrote output to trainNN/out/v044-unified-dirty:simple-ff-ffv-100-20-100/config.json
2017-01-24 21:11:19,259 INFO     Saving network params to trainNN/out/v044-unified-dirty:simple-ff-ffv-100-20-100/epoch-024.pkl
2017-01-24 21:11:29,872 INFO     epoch: 24 took 122.896s (86.204s in batching)
training loss:	nan
validation loss:	nan
validation error:	0.499985
2017-01-24 21:11:29,875 INFO     Wrote output to trainNN/out/v044-unified-dirty:simple-ff-ffv-100-20-100/config.json
2017-01-24 21:13:21,646 INFO     Saving network params to trainNN/out/v044-unified-dirty:simple-ff-ffv-100-20-100/epoch-025.pkl
2017-01-24 21:13:32,176 INFO     epoch: 25 took 122.305s (86.307s in batching)
training loss:	nan
validation loss:	nan
validation error:	0.500005
2017-01-24 21:13:32,179 INFO     Wrote output to trainNN/out/v044-unified-dirty:simple-ff-ffv-100-20-100/config.json
2017-01-24 21:15:23,536 INFO     Saving network params to trainNN/out/v044-unified-dirty:simple-ff-ffv-100-20-100/epoch-026.pkl
2017-01-24 21:15:34,130 INFO     epoch: 26 took 121.953s (85.830s in batching)
training loss:	nan
validation loss:	nan
validation error:	0.499990
2017-01-24 21:15:34,230 INFO     Wrote output to trainNN/out/v044-unified-dirty:simple-ff-ffv-100-20-100/config.json
2017-01-24 21:17:25,826 INFO     Saving network params to trainNN/out/v044-unified-dirty:simple-ff-ffv-100-20-100/epoch-027.pkl
2017-01-24 21:17:36,416 INFO     epoch: 27 took 122.287s (86.144s in batching)
training loss:	nan
validation loss:	nan
validation error:	0.500040
2017-01-24 21:17:36,420 INFO     Wrote output to trainNN/out/v044-unified-dirty:simple-ff-ffv-100-20-100/config.json
2017-01-24 21:19:28,008 INFO     Saving network params to trainNN/out/v044-unified-dirty:simple-ff-ffv-100-20-100/epoch-028.pkl
2017-01-24 21:19:38,520 INFO     epoch: 28 took 122.103s (85.946s in batching)
training loss:	nan
validation loss:	nan
validation error:	0.500000
2017-01-24 21:19:38,523 INFO     Wrote output to trainNN/out/v044-unified-dirty:simple-ff-ffv-100-20-100/config.json
2017-01-24 21:21:29,975 INFO     Saving network params to trainNN/out/v044-unified-dirty:simple-ff-ffv-100-20-100/epoch-029.pkl
2017-01-24 21:21:40,563 INFO     epoch: 29 took 122.043s (85.802s in batching)
training loss:	nan
validation loss:	nan
validation error:	0.499990
2017-01-24 21:21:40,566 INFO     Wrote output to trainNN/out/v044-unified-dirty:simple-ff-ffv-100-20-100/config.json
2017-01-24 21:23:31,814 INFO     Saving network params to trainNN/out/v044-unified-dirty:simple-ff-ffv-100-20-100/epoch-030.pkl
2017-01-24 21:23:42,315 INFO     epoch: 30 took 121.752s (85.714s in batching)
training loss:	nan
validation loss:	nan
validation error:	0.499970
2017-01-24 21:23:42,418 INFO     Wrote output to trainNN/out/v044-unified-dirty:simple-ff-ffv-100-20-100/config.json
2017-01-24 21:27:47,305 INFO     Saving network params to trainNN/out/v044-unified-dirty:simple-ff-ffv-100-20-100/epoch-031.pkl
2017-01-24 21:28:25,721 INFO     epoch: 31 took 283.406s (87.997s in batching)
training loss:	nan
validation loss:	nan
validation error:	0.499980
2017-01-24 21:28:25,725 INFO     Wrote output to trainNN/out/v044-unified-dirty:simple-ff-ffv-100-20-100/config.json
2017-01-24 21:32:17,460 INFO     Saving network params to trainNN/out/v044-unified-dirty:simple-ff-ffv-100-20-100/epoch-032.pkl
2017-01-24 21:32:28,000 INFO     epoch: 32 took 242.279s (88.571s in batching)
training loss:	nan
validation loss:	nan
validation error:	0.500005
2017-01-24 21:32:28,102 INFO     Wrote output to trainNN/out/v044-unified-dirty:simple-ff-ffv-100-20-100/config.json
2017-01-24 21:33:38,457 INFO     received exit signal, waiting for epoch to finish...
2017-01-24 21:35:08,746 INFO     Saving network params to trainNN/out/v044-unified-dirty:simple-ff-ffv-100-20-100/epoch-033.pkl
2017-01-24 21:35:33,046 INFO     epoch: 33 took 185.046s (96.943s in batching)
training loss:	nan
validation loss:	nan
validation error:	0.499990
2017-01-24 21:35:33,150 INFO     Wrote output to trainNN/out/v044-unified-dirty:simple-ff-ffv-100-20-100/config.json
