2017-02-09 15:10:09,082 DEBUG    version=v050-finunified-4-g3f49640-dirty:lstm-best-features-power,pitch,word2vec_dim75
2017-02-09 15:10:09,083 INFO     Open DBase(data/db/all240302-spk.dat, data/db/all240302-spk.idx, mode='r')
2017-02-09 15:10:09,124 INFO     loading uttdb cache
2017-02-09 15:10:28,683 DEBUG    extracting and saving data to data/cache/extract-26240bb7b2238e86a7d4226162670f8fece350eaa6da26e7e3d8ff0776e86a2e.pickle
2017-02-09 15:54:21,312 DEBUG    set input dim to 77
2017-02-09 15:54:21,351 DEBUG    input dim = 77
2017-02-09 15:54:21,541 DEBUG    shuffling batches
2017-02-09 15:54:58,056 DEBUG    shuffling done
2017-02-09 15:54:58,056 DEBUG    loading data into ram
2017-02-09 15:54:58,118 DEBUG    loading data took 0.062s (cpu: 0.061s)
2017-02-09 15:55:23,690 DEBUG    set input dim to 77
2017-02-09 15:55:23,690 DEBUG    input dim = 77
2017-02-09 15:55:23,720 DEBUG    shuffling batches
2017-02-09 15:55:30,652 DEBUG    shuffling done
2017-02-09 15:55:30,652 DEBUG    loading data into ram
2017-02-09 15:55:30,661 DEBUG    loading data took 0.009s (cpu: 0.008s)
2017-02-09 15:55:31,117 DEBUG    Applying L2 regularization with 0.000100
2017-02-09 15:55:31,199 INFO     Training network with 56667 trainable out of 56877 total params.
2017-02-09 15:55:31,612 DEBUG    Using adam with learning_rate=0.001000
2017-02-09 15:55:58,220 DEBUG    Starting training...
2017-02-09 15:56:29,458 INFO     Saving network params to trainNN/out/v050-finunified-4-g3f49640-dirty:lstm-best-features-power,pitch,word2vec_dim75/epoch-000.pkl
2017-02-09 15:56:30,082 INFO     epoch: 0 took 31.858s (0.003s in batching)
training loss:	0.596801
validation loss:	0.540642
validation error:	0.276900
2017-02-09 15:56:30,084 INFO     Wrote output to trainNN/out/v050-finunified-4-g3f49640-dirty:lstm-best-features-power,pitch,word2vec_dim75/config.json
2017-02-09 15:57:07,011 INFO     Saving network params to trainNN/out/v050-finunified-4-g3f49640-dirty:lstm-best-features-power,pitch,word2vec_dim75/epoch-001.pkl
2017-02-09 15:57:07,639 INFO     epoch: 1 took 37.557s (0.001s in batching)
training loss:	0.557287
validation loss:	0.534471
validation error:	0.274100
2017-02-09 15:57:07,641 INFO     Wrote output to trainNN/out/v050-finunified-4-g3f49640-dirty:lstm-best-features-power,pitch,word2vec_dim75/config.json
2017-02-09 15:57:35,027 INFO     Saving network params to trainNN/out/v050-finunified-4-g3f49640-dirty:lstm-best-features-power,pitch,word2vec_dim75/epoch-002.pkl
2017-02-09 15:57:35,694 INFO     epoch: 2 took 28.054s (0.001s in batching)
training loss:	0.548092
validation loss:	0.531140
validation error:	0.266400
2017-02-09 15:57:35,696 INFO     Wrote output to trainNN/out/v050-finunified-4-g3f49640-dirty:lstm-best-features-power,pitch,word2vec_dim75/config.json
2017-02-09 15:58:03,737 INFO     Saving network params to trainNN/out/v050-finunified-4-g3f49640-dirty:lstm-best-features-power,pitch,word2vec_dim75/epoch-003.pkl
2017-02-09 15:58:04,579 INFO     epoch: 3 took 28.885s (0.001s in batching)
training loss:	0.541864
validation loss:	0.526274
validation error:	0.259900
2017-02-09 15:58:04,581 INFO     Wrote output to trainNN/out/v050-finunified-4-g3f49640-dirty:lstm-best-features-power,pitch,word2vec_dim75/config.json
2017-02-09 15:58:39,211 INFO     Saving network params to trainNN/out/v050-finunified-4-g3f49640-dirty:lstm-best-features-power,pitch,word2vec_dim75/epoch-004.pkl
2017-02-09 15:58:39,829 INFO     epoch: 4 took 35.251s (0.001s in batching)
training loss:	0.537791
validation loss:	0.529173
validation error:	0.263200
2017-02-09 15:58:39,830 INFO     Wrote output to trainNN/out/v050-finunified-4-g3f49640-dirty:lstm-best-features-power,pitch,word2vec_dim75/config.json
2017-02-09 15:59:16,074 INFO     Saving network params to trainNN/out/v050-finunified-4-g3f49640-dirty:lstm-best-features-power,pitch,word2vec_dim75/epoch-005.pkl
2017-02-09 15:59:16,709 INFO     epoch: 5 took 36.880s (0.001s in batching)
training loss:	0.533868
validation loss:	0.520546
validation error:	0.255000
2017-02-09 15:59:16,710 INFO     Wrote output to trainNN/out/v050-finunified-4-g3f49640-dirty:lstm-best-features-power,pitch,word2vec_dim75/config.json
2017-02-09 15:59:54,779 INFO     Saving network params to trainNN/out/v050-finunified-4-g3f49640-dirty:lstm-best-features-power,pitch,word2vec_dim75/epoch-006.pkl
2017-02-09 15:59:55,443 INFO     epoch: 6 took 38.734s (0.001s in batching)
training loss:	0.532516
validation loss:	0.523968
validation error:	0.260500
2017-02-09 15:59:55,444 INFO     Wrote output to trainNN/out/v050-finunified-4-g3f49640-dirty:lstm-best-features-power,pitch,word2vec_dim75/config.json
2017-02-09 16:00:31,416 INFO     Saving network params to trainNN/out/v050-finunified-4-g3f49640-dirty:lstm-best-features-power,pitch,word2vec_dim75/epoch-007.pkl
2017-02-09 16:00:32,134 INFO     epoch: 7 took 36.691s (0.001s in batching)
training loss:	0.528752
validation loss:	0.515733
validation error:	0.253700
2017-02-09 16:00:32,135 INFO     Wrote output to trainNN/out/v050-finunified-4-g3f49640-dirty:lstm-best-features-power,pitch,word2vec_dim75/config.json
2017-02-09 16:01:08,774 INFO     Saving network params to trainNN/out/v050-finunified-4-g3f49640-dirty:lstm-best-features-power,pitch,word2vec_dim75/epoch-008.pkl
2017-02-09 16:01:10,169 INFO     epoch: 8 took 38.035s (0.001s in batching)
training loss:	0.526117
validation loss:	0.514219
validation error:	0.254400
2017-02-09 16:01:10,171 INFO     Wrote output to trainNN/out/v050-finunified-4-g3f49640-dirty:lstm-best-features-power,pitch,word2vec_dim75/config.json
2017-02-09 16:01:47,532 INFO     Saving network params to trainNN/out/v050-finunified-4-g3f49640-dirty:lstm-best-features-power,pitch,word2vec_dim75/epoch-009.pkl
2017-02-09 16:01:48,461 INFO     epoch: 9 took 38.292s (0.001s in batching)
training loss:	0.523918
validation loss:	0.512005
validation error:	0.249800
2017-02-09 16:01:48,462 INFO     Wrote output to trainNN/out/v050-finunified-4-g3f49640-dirty:lstm-best-features-power,pitch,word2vec_dim75/config.json
2017-02-09 16:02:25,049 INFO     Saving network params to trainNN/out/v050-finunified-4-g3f49640-dirty:lstm-best-features-power,pitch,word2vec_dim75/epoch-010.pkl
2017-02-09 16:02:26,225 INFO     epoch: 10 took 37.764s (0.001s in batching)
training loss:	0.521392
validation loss:	0.511629
validation error:	0.247100
2017-02-09 16:02:26,226 INFO     Wrote output to trainNN/out/v050-finunified-4-g3f49640-dirty:lstm-best-features-power,pitch,word2vec_dim75/config.json
2017-02-09 16:03:00,578 INFO     Saving network params to trainNN/out/v050-finunified-4-g3f49640-dirty:lstm-best-features-power,pitch,word2vec_dim75/epoch-011.pkl
2017-02-09 16:03:01,201 INFO     epoch: 11 took 34.976s (0.001s in batching)
training loss:	0.518706
validation loss:	0.508283
validation error:	0.247000
2017-02-09 16:03:01,202 INFO     Wrote output to trainNN/out/v050-finunified-4-g3f49640-dirty:lstm-best-features-power,pitch,word2vec_dim75/config.json
2017-02-09 16:03:30,945 INFO     Saving network params to trainNN/out/v050-finunified-4-g3f49640-dirty:lstm-best-features-power,pitch,word2vec_dim75/epoch-012.pkl
2017-02-09 16:03:31,671 INFO     epoch: 12 took 30.470s (0.001s in batching)
training loss:	0.516787
validation loss:	0.506087
validation error:	0.247800
2017-02-09 16:03:31,673 INFO     Wrote output to trainNN/out/v050-finunified-4-g3f49640-dirty:lstm-best-features-power,pitch,word2vec_dim75/config.json
2017-02-09 16:04:03,294 INFO     Saving network params to trainNN/out/v050-finunified-4-g3f49640-dirty:lstm-best-features-power,pitch,word2vec_dim75/epoch-013.pkl
2017-02-09 16:04:04,198 INFO     epoch: 13 took 32.527s (0.001s in batching)
training loss:	0.515364
validation loss:	0.506347
validation error:	0.243000
2017-02-09 16:04:04,200 INFO     Wrote output to trainNN/out/v050-finunified-4-g3f49640-dirty:lstm-best-features-power,pitch,word2vec_dim75/config.json
2017-02-09 16:04:39,963 INFO     Saving network params to trainNN/out/v050-finunified-4-g3f49640-dirty:lstm-best-features-power,pitch,word2vec_dim75/epoch-014.pkl
2017-02-09 16:04:41,366 INFO     epoch: 14 took 37.167s (0.001s in batching)
training loss:	0.513881
validation loss:	0.509854
validation error:	0.248300
2017-02-09 16:04:41,367 INFO     Wrote output to trainNN/out/v050-finunified-4-g3f49640-dirty:lstm-best-features-power,pitch,word2vec_dim75/config.json
2017-02-09 16:05:14,384 INFO     Saving network params to trainNN/out/v050-finunified-4-g3f49640-dirty:lstm-best-features-power,pitch,word2vec_dim75/epoch-015.pkl
2017-02-09 16:05:15,155 INFO     epoch: 15 took 33.789s (0.001s in batching)
training loss:	0.512083
validation loss:	0.504982
validation error:	0.243400
2017-02-09 16:05:15,156 INFO     Wrote output to trainNN/out/v050-finunified-4-g3f49640-dirty:lstm-best-features-power,pitch,word2vec_dim75/config.json
2017-02-09 16:05:52,292 INFO     Saving network params to trainNN/out/v050-finunified-4-g3f49640-dirty:lstm-best-features-power,pitch,word2vec_dim75/epoch-016.pkl
2017-02-09 16:05:53,649 INFO     epoch: 16 took 38.494s (0.001s in batching)
training loss:	0.511272
validation loss:	0.505127
validation error:	0.243900
2017-02-09 16:05:53,653 INFO     Wrote output to trainNN/out/v050-finunified-4-g3f49640-dirty:lstm-best-features-power,pitch,word2vec_dim75/config.json
2017-02-09 16:06:27,549 INFO     Saving network params to trainNN/out/v050-finunified-4-g3f49640-dirty:lstm-best-features-power,pitch,word2vec_dim75/epoch-017.pkl
2017-02-09 16:06:28,457 INFO     epoch: 17 took 34.808s (0.001s in batching)
training loss:	0.509209
validation loss:	0.505112
validation error:	0.246500
2017-02-09 16:06:28,459 INFO     Wrote output to trainNN/out/v050-finunified-4-g3f49640-dirty:lstm-best-features-power,pitch,word2vec_dim75/config.json
2017-02-09 16:07:05,651 INFO     Saving network params to trainNN/out/v050-finunified-4-g3f49640-dirty:lstm-best-features-power,pitch,word2vec_dim75/epoch-018.pkl
2017-02-09 16:07:06,574 INFO     epoch: 18 took 38.117s (0.001s in batching)
training loss:	0.509052
validation loss:	0.503431
validation error:	0.243600
2017-02-09 16:07:06,576 INFO     Wrote output to trainNN/out/v050-finunified-4-g3f49640-dirty:lstm-best-features-power,pitch,word2vec_dim75/config.json
2017-02-09 16:07:44,950 INFO     Saving network params to trainNN/out/v050-finunified-4-g3f49640-dirty:lstm-best-features-power,pitch,word2vec_dim75/epoch-019.pkl
2017-02-09 16:07:45,751 INFO     epoch: 19 took 39.176s (0.007s in batching)
training loss:	0.506861
validation loss:	0.505996
validation error:	0.244900
2017-02-09 16:07:45,752 INFO     Wrote output to trainNN/out/v050-finunified-4-g3f49640-dirty:lstm-best-features-power,pitch,word2vec_dim75/config.json
2017-02-09 16:08:17,683 INFO     Saving network params to trainNN/out/v050-finunified-4-g3f49640-dirty:lstm-best-features-power,pitch,word2vec_dim75/epoch-020.pkl
2017-02-09 16:08:18,425 INFO     epoch: 20 took 32.675s (0.001s in batching)
training loss:	0.506298
validation loss:	0.503049
validation error:	0.242200
2017-02-09 16:08:18,427 INFO     Wrote output to trainNN/out/v050-finunified-4-g3f49640-dirty:lstm-best-features-power,pitch,word2vec_dim75/config.json
2017-02-09 16:08:57,507 INFO     Saving network params to trainNN/out/v050-finunified-4-g3f49640-dirty:lstm-best-features-power,pitch,word2vec_dim75/epoch-021.pkl
2017-02-09 16:08:58,223 INFO     epoch: 21 took 39.798s (0.001s in batching)
training loss:	0.504775
validation loss:	0.504075
validation error:	0.245200
2017-02-09 16:08:58,224 INFO     Wrote output to trainNN/out/v050-finunified-4-g3f49640-dirty:lstm-best-features-power,pitch,word2vec_dim75/config.json
2017-02-09 16:09:28,231 INFO     Saving network params to trainNN/out/v050-finunified-4-g3f49640-dirty:lstm-best-features-power,pitch,word2vec_dim75/epoch-022.pkl
2017-02-09 16:09:28,903 INFO     epoch: 22 took 30.680s (0.001s in batching)
training loss:	0.504155
validation loss:	0.502305
validation error:	0.242900
2017-02-09 16:09:28,904 INFO     Wrote output to trainNN/out/v050-finunified-4-g3f49640-dirty:lstm-best-features-power,pitch,word2vec_dim75/config.json
2017-02-09 16:09:56,024 INFO     Saving network params to trainNN/out/v050-finunified-4-g3f49640-dirty:lstm-best-features-power,pitch,word2vec_dim75/epoch-023.pkl
2017-02-09 16:09:56,656 INFO     epoch: 23 took 27.753s (0.001s in batching)
training loss:	0.503236
validation loss:	0.498484
validation error:	0.239900
2017-02-09 16:09:56,657 INFO     Wrote output to trainNN/out/v050-finunified-4-g3f49640-dirty:lstm-best-features-power,pitch,word2vec_dim75/config.json
2017-02-09 16:10:23,680 INFO     Saving network params to trainNN/out/v050-finunified-4-g3f49640-dirty:lstm-best-features-power,pitch,word2vec_dim75/epoch-024.pkl
2017-02-09 16:10:24,323 INFO     epoch: 24 took 27.668s (0.001s in batching)
training loss:	0.502072
validation loss:	0.501573
validation error:	0.241800
2017-02-09 16:10:24,324 INFO     Wrote output to trainNN/out/v050-finunified-4-g3f49640-dirty:lstm-best-features-power,pitch,word2vec_dim75/config.json
2017-02-09 16:10:51,421 INFO     Saving network params to trainNN/out/v050-finunified-4-g3f49640-dirty:lstm-best-features-power,pitch,word2vec_dim75/epoch-025.pkl
2017-02-09 16:10:52,061 INFO     epoch: 25 took 27.737s (0.001s in batching)
training loss:	0.501621
validation loss:	0.500738
validation error:	0.238700
2017-02-09 16:10:52,062 INFO     Wrote output to trainNN/out/v050-finunified-4-g3f49640-dirty:lstm-best-features-power,pitch,word2vec_dim75/config.json
2017-02-09 16:11:19,272 INFO     Saving network params to trainNN/out/v050-finunified-4-g3f49640-dirty:lstm-best-features-power,pitch,word2vec_dim75/epoch-026.pkl
2017-02-09 16:11:19,899 INFO     epoch: 26 took 27.838s (0.001s in batching)
training loss:	0.501111
validation loss:	0.501342
validation error:	0.243000
2017-02-09 16:11:19,900 INFO     Wrote output to trainNN/out/v050-finunified-4-g3f49640-dirty:lstm-best-features-power,pitch,word2vec_dim75/config.json
2017-02-09 16:11:46,576 INFO     Saving network params to trainNN/out/v050-finunified-4-g3f49640-dirty:lstm-best-features-power,pitch,word2vec_dim75/epoch-027.pkl
2017-02-09 16:11:47,199 INFO     epoch: 27 took 27.300s (0.001s in batching)
training loss:	0.500861
validation loss:	0.499435
validation error:	0.239800
2017-02-09 16:11:47,200 INFO     Wrote output to trainNN/out/v050-finunified-4-g3f49640-dirty:lstm-best-features-power,pitch,word2vec_dim75/config.json
2017-02-09 16:12:13,836 INFO     Saving network params to trainNN/out/v050-finunified-4-g3f49640-dirty:lstm-best-features-power,pitch,word2vec_dim75/epoch-028.pkl
2017-02-09 16:12:14,459 INFO     epoch: 28 took 27.260s (0.001s in batching)
training loss:	0.499364
validation loss:	0.500213
validation error:	0.241900
2017-02-09 16:12:14,460 INFO     Wrote output to trainNN/out/v050-finunified-4-g3f49640-dirty:lstm-best-features-power,pitch,word2vec_dim75/config.json
2017-02-09 16:12:41,047 INFO     Saving network params to trainNN/out/v050-finunified-4-g3f49640-dirty:lstm-best-features-power,pitch,word2vec_dim75/epoch-029.pkl
2017-02-09 16:12:41,668 INFO     epoch: 29 took 27.209s (0.001s in batching)
training loss:	0.498296
validation loss:	0.498035
validation error:	0.242100
2017-02-09 16:12:41,669 INFO     Wrote output to trainNN/out/v050-finunified-4-g3f49640-dirty:lstm-best-features-power,pitch,word2vec_dim75/config.json
2017-02-09 16:13:08,261 INFO     Saving network params to trainNN/out/v050-finunified-4-g3f49640-dirty:lstm-best-features-power,pitch,word2vec_dim75/epoch-030.pkl
2017-02-09 16:13:08,892 INFO     epoch: 30 took 27.224s (0.001s in batching)
training loss:	0.497899
validation loss:	0.500340
validation error:	0.239600
2017-02-09 16:13:08,893 INFO     Wrote output to trainNN/out/v050-finunified-4-g3f49640-dirty:lstm-best-features-power,pitch,word2vec_dim75/config.json
2017-02-09 16:13:35,915 INFO     Saving network params to trainNN/out/v050-finunified-4-g3f49640-dirty:lstm-best-features-power,pitch,word2vec_dim75/epoch-031.pkl
2017-02-09 16:13:36,559 INFO     epoch: 31 took 27.667s (0.001s in batching)
training loss:	0.497306
validation loss:	0.498183
validation error:	0.239400
2017-02-09 16:13:36,560 INFO     Wrote output to trainNN/out/v050-finunified-4-g3f49640-dirty:lstm-best-features-power,pitch,word2vec_dim75/config.json
2017-02-09 16:14:03,676 INFO     Saving network params to trainNN/out/v050-finunified-4-g3f49640-dirty:lstm-best-features-power,pitch,word2vec_dim75/epoch-032.pkl
2017-02-09 16:14:04,320 INFO     epoch: 32 took 27.761s (0.001s in batching)
training loss:	0.496604
validation loss:	0.497798
validation error:	0.238100
2017-02-09 16:14:04,322 INFO     Wrote output to trainNN/out/v050-finunified-4-g3f49640-dirty:lstm-best-features-power,pitch,word2vec_dim75/config.json
2017-02-09 16:14:31,401 INFO     Saving network params to trainNN/out/v050-finunified-4-g3f49640-dirty:lstm-best-features-power,pitch,word2vec_dim75/epoch-033.pkl
2017-02-09 16:14:32,028 INFO     epoch: 33 took 27.708s (0.001s in batching)
training loss:	0.496223
validation loss:	0.498138
validation error:	0.233300
2017-02-09 16:14:32,029 INFO     Wrote output to trainNN/out/v050-finunified-4-g3f49640-dirty:lstm-best-features-power,pitch,word2vec_dim75/config.json
2017-02-09 16:14:58,891 INFO     Saving network params to trainNN/out/v050-finunified-4-g3f49640-dirty:lstm-best-features-power,pitch,word2vec_dim75/epoch-034.pkl
2017-02-09 16:14:59,528 INFO     epoch: 34 took 27.500s (0.001s in batching)
training loss:	0.495208
validation loss:	0.498730
validation error:	0.239600
2017-02-09 16:14:59,529 INFO     Wrote output to trainNN/out/v050-finunified-4-g3f49640-dirty:lstm-best-features-power,pitch,word2vec_dim75/config.json
2017-02-09 16:15:26,339 INFO     Saving network params to trainNN/out/v050-finunified-4-g3f49640-dirty:lstm-best-features-power,pitch,word2vec_dim75/epoch-035.pkl
2017-02-09 16:15:26,965 INFO     epoch: 35 took 27.438s (0.001s in batching)
training loss:	0.494814
validation loss:	0.498162
validation error:	0.239000
2017-02-09 16:15:26,967 INFO     Wrote output to trainNN/out/v050-finunified-4-g3f49640-dirty:lstm-best-features-power,pitch,word2vec_dim75/config.json
2017-02-09 16:15:54,111 INFO     Saving network params to trainNN/out/v050-finunified-4-g3f49640-dirty:lstm-best-features-power,pitch,word2vec_dim75/epoch-036.pkl
2017-02-09 16:15:54,761 INFO     epoch: 36 took 27.795s (0.001s in batching)
training loss:	0.494355
validation loss:	0.497279
validation error:	0.240200
2017-02-09 16:15:54,762 INFO     Wrote output to trainNN/out/v050-finunified-4-g3f49640-dirty:lstm-best-features-power,pitch,word2vec_dim75/config.json
2017-02-09 16:16:21,913 INFO     Saving network params to trainNN/out/v050-finunified-4-g3f49640-dirty:lstm-best-features-power,pitch,word2vec_dim75/epoch-037.pkl
2017-02-09 16:16:22,536 INFO     epoch: 37 took 27.775s (0.001s in batching)
training loss:	0.493374
validation loss:	0.502717
validation error:	0.239300
2017-02-09 16:16:22,537 INFO     Wrote output to trainNN/out/v050-finunified-4-g3f49640-dirty:lstm-best-features-power,pitch,word2vec_dim75/config.json
2017-02-09 16:16:49,736 INFO     Saving network params to trainNN/out/v050-finunified-4-g3f49640-dirty:lstm-best-features-power,pitch,word2vec_dim75/epoch-038.pkl
2017-02-09 16:16:50,383 INFO     epoch: 38 took 27.847s (0.001s in batching)
training loss:	0.492701
validation loss:	0.500191
validation error:	0.240800
2017-02-09 16:16:50,385 INFO     Wrote output to trainNN/out/v050-finunified-4-g3f49640-dirty:lstm-best-features-power,pitch,word2vec_dim75/config.json
2017-02-09 16:17:22,079 INFO     Saving network params to trainNN/out/v050-finunified-4-g3f49640-dirty:lstm-best-features-power,pitch,word2vec_dim75/epoch-039.pkl
2017-02-09 16:17:23,244 INFO     epoch: 39 took 32.861s (0.009s in batching)
training loss:	0.492297
validation loss:	0.499647
validation error:	0.237800
2017-02-09 16:17:23,518 INFO     Wrote output to trainNN/out/v050-finunified-4-g3f49640-dirty:lstm-best-features-power,pitch,word2vec_dim75/config.json
2017-02-09 16:18:02,190 INFO     Saving network params to trainNN/out/v050-finunified-4-g3f49640-dirty:lstm-best-features-power,pitch,word2vec_dim75/epoch-040.pkl
2017-02-09 16:18:02,826 INFO     epoch: 40 took 39.582s (0.002s in batching)
training loss:	0.491711
validation loss:	0.501798
validation error:	0.241300
2017-02-09 16:18:02,828 INFO     Wrote output to trainNN/out/v050-finunified-4-g3f49640-dirty:lstm-best-features-power,pitch,word2vec_dim75/config.json
2017-02-09 16:18:40,621 INFO     Saving network params to trainNN/out/v050-finunified-4-g3f49640-dirty:lstm-best-features-power,pitch,word2vec_dim75/epoch-041.pkl
2017-02-09 16:18:41,311 INFO     epoch: 41 took 38.484s (0.001s in batching)
training loss:	0.491366
validation loss:	0.503200
validation error:	0.241300
2017-02-09 16:18:41,317 INFO     Wrote output to trainNN/out/v050-finunified-4-g3f49640-dirty:lstm-best-features-power,pitch,word2vec_dim75/config.json
2017-02-09 16:19:18,529 INFO     Saving network params to trainNN/out/v050-finunified-4-g3f49640-dirty:lstm-best-features-power,pitch,word2vec_dim75/epoch-042.pkl
2017-02-09 16:19:19,203 INFO     epoch: 42 took 37.892s (0.001s in batching)
training loss:	0.489750
validation loss:	0.501016
validation error:	0.239500
2017-02-09 16:19:19,205 INFO     Wrote output to trainNN/out/v050-finunified-4-g3f49640-dirty:lstm-best-features-power,pitch,word2vec_dim75/config.json
2017-02-09 16:19:55,942 INFO     Saving network params to trainNN/out/v050-finunified-4-g3f49640-dirty:lstm-best-features-power,pitch,word2vec_dim75/epoch-043.pkl
2017-02-09 16:19:56,718 INFO     epoch: 43 took 37.515s (0.001s in batching)
training loss:	0.490134
validation loss:	0.502200
validation error:	0.239500
2017-02-09 16:19:56,722 INFO     Wrote output to trainNN/out/v050-finunified-4-g3f49640-dirty:lstm-best-features-power,pitch,word2vec_dim75/config.json
2017-02-09 16:20:33,224 INFO     Saving network params to trainNN/out/v050-finunified-4-g3f49640-dirty:lstm-best-features-power,pitch,word2vec_dim75/epoch-044.pkl
2017-02-09 16:20:33,866 INFO     epoch: 44 took 37.148s (0.001s in batching)
training loss:	0.488676
validation loss:	0.498500
validation error:	0.235600
2017-02-09 16:20:33,869 INFO     Wrote output to trainNN/out/v050-finunified-4-g3f49640-dirty:lstm-best-features-power,pitch,word2vec_dim75/config.json
2017-02-09 16:21:09,758 INFO     Saving network params to trainNN/out/v050-finunified-4-g3f49640-dirty:lstm-best-features-power,pitch,word2vec_dim75/epoch-045.pkl
2017-02-09 16:21:12,297 INFO     epoch: 45 took 38.431s (0.001s in batching)
training loss:	0.489808
validation loss:	0.501054
validation error:	0.239300
2017-02-09 16:21:12,300 INFO     Wrote output to trainNN/out/v050-finunified-4-g3f49640-dirty:lstm-best-features-power,pitch,word2vec_dim75/config.json
2017-02-09 16:21:48,713 INFO     Saving network params to trainNN/out/v050-finunified-4-g3f49640-dirty:lstm-best-features-power,pitch,word2vec_dim75/epoch-046.pkl
2017-02-09 16:21:50,294 INFO     epoch: 46 took 37.996s (0.001s in batching)
training loss:	0.488837
validation loss:	0.503436
validation error:	0.241300
2017-02-09 16:21:50,453 INFO     Wrote output to trainNN/out/v050-finunified-4-g3f49640-dirty:lstm-best-features-power,pitch,word2vec_dim75/config.json
2017-02-09 16:22:26,980 INFO     Saving network params to trainNN/out/v050-finunified-4-g3f49640-dirty:lstm-best-features-power,pitch,word2vec_dim75/epoch-047.pkl
2017-02-09 16:22:28,185 INFO     epoch: 47 took 37.892s (0.008s in batching)
training loss:	0.487639
validation loss:	0.502521
validation error:	0.239700
2017-02-09 16:22:28,191 INFO     Wrote output to trainNN/out/v050-finunified-4-g3f49640-dirty:lstm-best-features-power,pitch,word2vec_dim75/config.json
2017-02-09 16:23:05,208 INFO     Saving network params to trainNN/out/v050-finunified-4-g3f49640-dirty:lstm-best-features-power,pitch,word2vec_dim75/epoch-048.pkl
2017-02-09 16:23:06,447 INFO     epoch: 48 took 38.262s (0.001s in batching)
training loss:	0.489293
validation loss:	0.503122
validation error:	0.242100
2017-02-09 16:23:06,453 INFO     Wrote output to trainNN/out/v050-finunified-4-g3f49640-dirty:lstm-best-features-power,pitch,word2vec_dim75/config.json
2017-02-09 16:23:44,115 INFO     Saving network params to trainNN/out/v050-finunified-4-g3f49640-dirty:lstm-best-features-power,pitch,word2vec_dim75/epoch-049.pkl
2017-02-09 16:23:44,751 INFO     epoch: 49 took 38.305s (0.001s in batching)
training loss:	0.486626
validation loss:	0.505449
validation error:	0.239000
2017-02-09 16:23:44,754 INFO     Wrote output to trainNN/out/v050-finunified-4-g3f49640-dirty:lstm-best-features-power,pitch,word2vec_dim75/config.json
2017-02-09 16:24:22,863 INFO     Saving network params to trainNN/out/v050-finunified-4-g3f49640-dirty:lstm-best-features-power,pitch,word2vec_dim75/epoch-050.pkl
2017-02-09 16:24:23,520 INFO     epoch: 50 took 38.769s (0.001s in batching)
training loss:	0.486813
validation loss:	0.501862
validation error:	0.238000
2017-02-09 16:24:23,522 INFO     Wrote output to trainNN/out/v050-finunified-4-g3f49640-dirty:lstm-best-features-power,pitch,word2vec_dim75/config.json
2017-02-09 16:25:01,118 INFO     Saving network params to trainNN/out/v050-finunified-4-g3f49640-dirty:lstm-best-features-power,pitch,word2vec_dim75/epoch-051.pkl
2017-02-09 16:25:01,750 INFO     epoch: 51 took 38.230s (0.001s in batching)
training loss:	0.485550
validation loss:	0.500866
validation error:	0.239100
2017-02-09 16:25:01,752 INFO     Wrote output to trainNN/out/v050-finunified-4-g3f49640-dirty:lstm-best-features-power,pitch,word2vec_dim75/config.json
2017-02-09 16:25:39,674 INFO     Saving network params to trainNN/out/v050-finunified-4-g3f49640-dirty:lstm-best-features-power,pitch,word2vec_dim75/epoch-052.pkl
2017-02-09 16:25:40,725 INFO     epoch: 52 took 38.975s (0.001s in batching)
training loss:	0.485088
validation loss:	0.504966
validation error:	0.239000
2017-02-09 16:25:40,728 INFO     Wrote output to trainNN/out/v050-finunified-4-g3f49640-dirty:lstm-best-features-power,pitch,word2vec_dim75/config.json
2017-02-09 16:26:18,097 INFO     Saving network params to trainNN/out/v050-finunified-4-g3f49640-dirty:lstm-best-features-power,pitch,word2vec_dim75/epoch-053.pkl
2017-02-09 16:26:19,650 INFO     epoch: 53 took 38.925s (0.001s in batching)
training loss:	0.484399
validation loss:	0.508618
validation error:	0.245100
2017-02-09 16:26:19,651 INFO     Wrote output to trainNN/out/v050-finunified-4-g3f49640-dirty:lstm-best-features-power,pitch,word2vec_dim75/config.json
2017-02-09 16:26:56,663 INFO     Saving network params to trainNN/out/v050-finunified-4-g3f49640-dirty:lstm-best-features-power,pitch,word2vec_dim75/epoch-054.pkl
2017-02-09 16:26:57,995 INFO     epoch: 54 took 38.345s (0.001s in batching)
training loss:	0.483806
validation loss:	0.506597
validation error:	0.242700
2017-02-09 16:26:57,997 INFO     Wrote output to trainNN/out/v050-finunified-4-g3f49640-dirty:lstm-best-features-power,pitch,word2vec_dim75/config.json
2017-02-09 16:27:35,399 INFO     Saving network params to trainNN/out/v050-finunified-4-g3f49640-dirty:lstm-best-features-power,pitch,word2vec_dim75/epoch-055.pkl
2017-02-09 16:27:37,104 INFO     epoch: 55 took 39.108s (0.001s in batching)
training loss:	0.483617
validation loss:	0.506625
validation error:	0.242400
2017-02-09 16:27:37,105 INFO     Wrote output to trainNN/out/v050-finunified-4-g3f49640-dirty:lstm-best-features-power,pitch,word2vec_dim75/config.json
2017-02-09 16:28:14,616 INFO     Saving network params to trainNN/out/v050-finunified-4-g3f49640-dirty:lstm-best-features-power,pitch,word2vec_dim75/epoch-056.pkl
2017-02-09 16:28:15,484 INFO     epoch: 56 took 38.381s (0.001s in batching)
training loss:	0.484085
validation loss:	0.512083
validation error:	0.247900
2017-02-09 16:28:15,487 INFO     Wrote output to trainNN/out/v050-finunified-4-g3f49640-dirty:lstm-best-features-power,pitch,word2vec_dim75/config.json
2017-02-09 16:28:53,298 INFO     Saving network params to trainNN/out/v050-finunified-4-g3f49640-dirty:lstm-best-features-power,pitch,word2vec_dim75/epoch-057.pkl
2017-02-09 16:28:53,924 INFO     epoch: 57 took 38.440s (0.001s in batching)
training loss:	0.482992
validation loss:	0.508132
validation error:	0.245100
2017-02-09 16:28:53,926 INFO     Wrote output to trainNN/out/v050-finunified-4-g3f49640-dirty:lstm-best-features-power,pitch,word2vec_dim75/config.json
2017-02-09 16:29:32,051 INFO     Saving network params to trainNN/out/v050-finunified-4-g3f49640-dirty:lstm-best-features-power,pitch,word2vec_dim75/epoch-058.pkl
2017-02-09 16:29:32,896 INFO     epoch: 58 took 38.971s (0.001s in batching)
training loss:	0.481684
validation loss:	0.507082
validation error:	0.241200
2017-02-09 16:29:32,898 INFO     Wrote output to trainNN/out/v050-finunified-4-g3f49640-dirty:lstm-best-features-power,pitch,word2vec_dim75/config.json
2017-02-09 16:30:10,727 INFO     Saving network params to trainNN/out/v050-finunified-4-g3f49640-dirty:lstm-best-features-power,pitch,word2vec_dim75/epoch-059.pkl
2017-02-09 16:30:11,723 INFO     epoch: 59 took 38.827s (0.001s in batching)
training loss:	0.481929
validation loss:	0.508055
validation error:	0.240700
2017-02-09 16:30:11,726 INFO     Wrote output to trainNN/out/v050-finunified-4-g3f49640-dirty:lstm-best-features-power,pitch,word2vec_dim75/config.json
2017-02-09 16:30:49,285 INFO     Saving network params to trainNN/out/v050-finunified-4-g3f49640-dirty:lstm-best-features-power,pitch,word2vec_dim75/epoch-060.pkl
2017-02-09 16:30:50,060 INFO     epoch: 60 took 38.337s (0.001s in batching)
training loss:	0.480835
validation loss:	0.507128
validation error:	0.240500
2017-02-09 16:30:50,062 INFO     Wrote output to trainNN/out/v050-finunified-4-g3f49640-dirty:lstm-best-features-power,pitch,word2vec_dim75/config.json
2017-02-09 16:31:27,285 INFO     Saving network params to trainNN/out/v050-finunified-4-g3f49640-dirty:lstm-best-features-power,pitch,word2vec_dim75/epoch-061.pkl
2017-02-09 16:31:28,455 INFO     epoch: 61 took 38.395s (0.001s in batching)
training loss:	0.480908
validation loss:	0.507638
validation error:	0.246500
2017-02-09 16:31:28,456 INFO     Wrote output to trainNN/out/v050-finunified-4-g3f49640-dirty:lstm-best-features-power,pitch,word2vec_dim75/config.json
2017-02-09 16:32:05,958 INFO     Saving network params to trainNN/out/v050-finunified-4-g3f49640-dirty:lstm-best-features-power,pitch,word2vec_dim75/epoch-062.pkl
2017-02-09 16:32:06,843 INFO     epoch: 62 took 38.389s (0.001s in batching)
training loss:	0.479584
validation loss:	0.515697
validation error:	0.247000
2017-02-09 16:32:06,845 INFO     Wrote output to trainNN/out/v050-finunified-4-g3f49640-dirty:lstm-best-features-power,pitch,word2vec_dim75/config.json
2017-02-09 16:32:43,945 INFO     Saving network params to trainNN/out/v050-finunified-4-g3f49640-dirty:lstm-best-features-power,pitch,word2vec_dim75/epoch-063.pkl
2017-02-09 16:32:44,974 INFO     epoch: 63 took 38.131s (0.001s in batching)
training loss:	0.479087
validation loss:	0.511678
validation error:	0.246000
2017-02-09 16:32:44,976 INFO     Wrote output to trainNN/out/v050-finunified-4-g3f49640-dirty:lstm-best-features-power,pitch,word2vec_dim75/config.json
2017-02-09 16:33:22,332 INFO     Saving network params to trainNN/out/v050-finunified-4-g3f49640-dirty:lstm-best-features-power,pitch,word2vec_dim75/epoch-064.pkl
2017-02-09 16:33:22,983 INFO     epoch: 64 took 38.009s (0.001s in batching)
training loss:	0.478610
validation loss:	0.509735
validation error:	0.241100
2017-02-09 16:33:22,985 INFO     Wrote output to trainNN/out/v050-finunified-4-g3f49640-dirty:lstm-best-features-power,pitch,word2vec_dim75/config.json
2017-02-09 16:34:00,519 INFO     Saving network params to trainNN/out/v050-finunified-4-g3f49640-dirty:lstm-best-features-power,pitch,word2vec_dim75/epoch-065.pkl
2017-02-09 16:34:01,180 INFO     epoch: 65 took 38.197s (0.001s in batching)
training loss:	0.477439
validation loss:	0.509777
validation error:	0.245000
2017-02-09 16:34:01,182 INFO     Wrote output to trainNN/out/v050-finunified-4-g3f49640-dirty:lstm-best-features-power,pitch,word2vec_dim75/config.json
2017-02-09 16:34:38,597 INFO     Saving network params to trainNN/out/v050-finunified-4-g3f49640-dirty:lstm-best-features-power,pitch,word2vec_dim75/epoch-066.pkl
2017-02-09 16:34:39,925 INFO     epoch: 66 took 38.745s (0.001s in batching)
training loss:	0.477412
validation loss:	0.513134
validation error:	0.247800
2017-02-09 16:34:39,927 INFO     Wrote output to trainNN/out/v050-finunified-4-g3f49640-dirty:lstm-best-features-power,pitch,word2vec_dim75/config.json
2017-02-09 16:35:11,157 INFO     Saving network params to trainNN/out/v050-finunified-4-g3f49640-dirty:lstm-best-features-power,pitch,word2vec_dim75/epoch-067.pkl
2017-02-09 16:35:11,798 INFO     epoch: 67 took 31.873s (0.001s in batching)
training loss:	0.475898
validation loss:	0.509538
validation error:	0.245000
2017-02-09 16:35:11,801 INFO     Wrote output to trainNN/out/v050-finunified-4-g3f49640-dirty:lstm-best-features-power,pitch,word2vec_dim75/config.json
2017-02-09 16:35:49,156 INFO     Saving network params to trainNN/out/v050-finunified-4-g3f49640-dirty:lstm-best-features-power,pitch,word2vec_dim75/epoch-068.pkl
2017-02-09 16:35:50,240 INFO     epoch: 68 took 38.441s (0.001s in batching)
training loss:	0.475528
validation loss:	0.517632
validation error:	0.248900
2017-02-09 16:35:50,245 INFO     Wrote output to trainNN/out/v050-finunified-4-g3f49640-dirty:lstm-best-features-power,pitch,word2vec_dim75/config.json
2017-02-09 16:36:27,627 INFO     Saving network params to trainNN/out/v050-finunified-4-g3f49640-dirty:lstm-best-features-power,pitch,word2vec_dim75/epoch-069.pkl
2017-02-09 16:36:28,330 INFO     epoch: 69 took 38.090s (0.001s in batching)
training loss:	0.475338
validation loss:	0.512047
validation error:	0.248800
2017-02-09 16:36:28,335 INFO     Wrote output to trainNN/out/v050-finunified-4-g3f49640-dirty:lstm-best-features-power,pitch,word2vec_dim75/config.json
2017-02-09 16:37:05,491 INFO     Saving network params to trainNN/out/v050-finunified-4-g3f49640-dirty:lstm-best-features-power,pitch,word2vec_dim75/epoch-070.pkl
2017-02-09 16:37:06,566 INFO     epoch: 70 took 38.236s (0.001s in batching)
training loss:	0.475509
validation loss:	0.510974
validation error:	0.242500
2017-02-09 16:37:06,569 INFO     Wrote output to trainNN/out/v050-finunified-4-g3f49640-dirty:lstm-best-features-power,pitch,word2vec_dim75/config.json
2017-02-09 16:37:44,079 INFO     Saving network params to trainNN/out/v050-finunified-4-g3f49640-dirty:lstm-best-features-power,pitch,word2vec_dim75/epoch-071.pkl
2017-02-09 16:37:44,758 INFO     epoch: 71 took 38.191s (0.001s in batching)
training loss:	0.473679
validation loss:	0.514385
validation error:	0.243600
2017-02-09 16:37:44,761 INFO     Wrote output to trainNN/out/v050-finunified-4-g3f49640-dirty:lstm-best-features-power,pitch,word2vec_dim75/config.json
2017-02-09 16:38:22,209 INFO     Saving network params to trainNN/out/v050-finunified-4-g3f49640-dirty:lstm-best-features-power,pitch,word2vec_dim75/epoch-072.pkl
2017-02-09 16:38:23,104 INFO     epoch: 72 took 38.347s (0.001s in batching)
training loss:	0.474377
validation loss:	0.519335
validation error:	0.249900
2017-02-09 16:38:23,106 INFO     Wrote output to trainNN/out/v050-finunified-4-g3f49640-dirty:lstm-best-features-power,pitch,word2vec_dim75/config.json
2017-02-09 16:39:00,283 INFO     Saving network params to trainNN/out/v050-finunified-4-g3f49640-dirty:lstm-best-features-power,pitch,word2vec_dim75/epoch-073.pkl
2017-02-09 16:39:01,740 INFO     epoch: 73 took 38.635s (0.001s in batching)
training loss:	0.472719
validation loss:	0.514916
validation error:	0.246100
2017-02-09 16:39:01,742 INFO     Wrote output to trainNN/out/v050-finunified-4-g3f49640-dirty:lstm-best-features-power,pitch,word2vec_dim75/config.json
2017-02-09 16:39:39,144 INFO     Saving network params to trainNN/out/v050-finunified-4-g3f49640-dirty:lstm-best-features-power,pitch,word2vec_dim75/epoch-074.pkl
2017-02-09 16:39:40,342 INFO     epoch: 74 took 38.602s (0.001s in batching)
training loss:	0.472013
validation loss:	0.522264
validation error:	0.250100
2017-02-09 16:39:40,346 INFO     Wrote output to trainNN/out/v050-finunified-4-g3f49640-dirty:lstm-best-features-power,pitch,word2vec_dim75/config.json
2017-02-09 16:40:17,666 INFO     Saving network params to trainNN/out/v050-finunified-4-g3f49640-dirty:lstm-best-features-power,pitch,word2vec_dim75/epoch-075.pkl
2017-02-09 16:40:18,299 INFO     epoch: 75 took 37.957s (0.001s in batching)
training loss:	0.471336
validation loss:	0.518623
validation error:	0.247200
2017-02-09 16:40:18,301 INFO     Wrote output to trainNN/out/v050-finunified-4-g3f49640-dirty:lstm-best-features-power,pitch,word2vec_dim75/config.json
2017-02-09 16:40:55,926 INFO     Saving network params to trainNN/out/v050-finunified-4-g3f49640-dirty:lstm-best-features-power,pitch,word2vec_dim75/epoch-076.pkl
2017-02-09 16:40:56,611 INFO     epoch: 76 took 38.311s (0.001s in batching)
training loss:	0.471534
validation loss:	0.520412
validation error:	0.252100
2017-02-09 16:40:56,614 INFO     Wrote output to trainNN/out/v050-finunified-4-g3f49640-dirty:lstm-best-features-power,pitch,word2vec_dim75/config.json
2017-02-09 16:41:33,983 INFO     Saving network params to trainNN/out/v050-finunified-4-g3f49640-dirty:lstm-best-features-power,pitch,word2vec_dim75/epoch-077.pkl
2017-02-09 16:41:35,367 INFO     epoch: 77 took 38.756s (0.001s in batching)
training loss:	0.471576
validation loss:	0.519274
validation error:	0.251200
2017-02-09 16:41:35,371 INFO     Wrote output to trainNN/out/v050-finunified-4-g3f49640-dirty:lstm-best-features-power,pitch,word2vec_dim75/config.json
2017-02-09 16:42:12,525 INFO     Saving network params to trainNN/out/v050-finunified-4-g3f49640-dirty:lstm-best-features-power,pitch,word2vec_dim75/epoch-078.pkl
2017-02-09 16:42:13,982 INFO     epoch: 78 took 38.615s (0.001s in batching)
training loss:	0.469636
validation loss:	0.518560
validation error:	0.244400
2017-02-09 16:42:13,985 INFO     Wrote output to trainNN/out/v050-finunified-4-g3f49640-dirty:lstm-best-features-power,pitch,word2vec_dim75/config.json
2017-02-09 16:42:51,279 INFO     Saving network params to trainNN/out/v050-finunified-4-g3f49640-dirty:lstm-best-features-power,pitch,word2vec_dim75/epoch-079.pkl
2017-02-09 16:42:51,918 INFO     epoch: 79 took 37.936s (0.001s in batching)
training loss:	0.469277
validation loss:	0.517967
validation error:	0.243000
2017-02-09 16:42:51,920 INFO     Wrote output to trainNN/out/v050-finunified-4-g3f49640-dirty:lstm-best-features-power,pitch,word2vec_dim75/config.json
2017-02-09 16:43:28,740 INFO     Saving network params to trainNN/out/v050-finunified-4-g3f49640-dirty:lstm-best-features-power,pitch,word2vec_dim75/epoch-080.pkl
2017-02-09 16:43:29,499 INFO     epoch: 80 took 37.581s (0.046s in batching)
training loss:	0.469194
validation loss:	0.518926
validation error:	0.246000
2017-02-09 16:43:29,501 INFO     Wrote output to trainNN/out/v050-finunified-4-g3f49640-dirty:lstm-best-features-power,pitch,word2vec_dim75/config.json
2017-02-09 16:44:07,534 INFO     Saving network params to trainNN/out/v050-finunified-4-g3f49640-dirty:lstm-best-features-power,pitch,word2vec_dim75/epoch-081.pkl
2017-02-09 16:44:09,442 INFO     epoch: 81 took 39.944s (0.001s in batching)
training loss:	0.467612
validation loss:	0.520197
validation error:	0.247400
2017-02-09 16:44:09,444 INFO     Wrote output to trainNN/out/v050-finunified-4-g3f49640-dirty:lstm-best-features-power,pitch,word2vec_dim75/config.json
2017-02-09 16:44:46,000 INFO     Saving network params to trainNN/out/v050-finunified-4-g3f49640-dirty:lstm-best-features-power,pitch,word2vec_dim75/epoch-082.pkl
2017-02-09 16:44:46,645 INFO     epoch: 82 took 37.203s (0.001s in batching)
training loss:	0.467459
validation loss:	0.524278
validation error:	0.245500
2017-02-09 16:44:46,647 INFO     Wrote output to trainNN/out/v050-finunified-4-g3f49640-dirty:lstm-best-features-power,pitch,word2vec_dim75/config.json
2017-02-09 16:45:23,607 INFO     Saving network params to trainNN/out/v050-finunified-4-g3f49640-dirty:lstm-best-features-power,pitch,word2vec_dim75/epoch-083.pkl
2017-02-09 16:45:24,258 INFO     epoch: 83 took 37.613s (0.001s in batching)
training loss:	0.466250
validation loss:	0.524765
validation error:	0.249100
2017-02-09 16:45:24,260 INFO     Wrote output to trainNN/out/v050-finunified-4-g3f49640-dirty:lstm-best-features-power,pitch,word2vec_dim75/config.json
2017-02-09 16:46:00,750 INFO     Saving network params to trainNN/out/v050-finunified-4-g3f49640-dirty:lstm-best-features-power,pitch,word2vec_dim75/epoch-084.pkl
2017-02-09 16:46:02,574 INFO     epoch: 84 took 38.316s (0.001s in batching)
training loss:	0.466854
validation loss:	0.519678
validation error:	0.246100
2017-02-09 16:46:02,577 INFO     Wrote output to trainNN/out/v050-finunified-4-g3f49640-dirty:lstm-best-features-power,pitch,word2vec_dim75/config.json
2017-02-09 16:46:12,361 INFO     received exit signal, waiting for epoch to finish...
