2017-01-26 20:49:27,071 DEBUG    version=v045-unified-14-ga63bb92-dirty:simple-ff-ffv-adam-75-40-mintalklen-0
2017-01-26 20:49:27,071 INFO     Open DBase(data/db/all240302-spk.dat, data/db/all240302-spk.idx, mode='r')
2017-01-26 20:51:09,897 DEBUG    extracting and saving data to data/cache/extract-9fd8005404082bacfdff4f76e5cc7bd2ecbc33e1a924c2f4c6f3465261b55580.pickle
2017-01-26 20:51:09,897 INFO     Open DBase(data/db/all240302-spk.dat, data/db/all240302-spk.idx, mode='r')
2017-01-26 20:54:45,337 DEBUG    set input dim to 9
2017-01-26 20:54:45,337 DEBUG    input dim = 9
2017-01-26 20:54:45,367 DEBUG    shuffling batches
2017-01-26 20:54:57,166 DEBUG    shuffling done
2017-01-26 20:54:57,166 DEBUG    loading data into ram
2017-01-26 20:54:57,188 DEBUG    loading data took 0.022s (cpu: 0.022s)
2017-01-26 20:55:06,656 DEBUG    set input dim to 9
2017-01-26 20:55:06,657 DEBUG    input dim = 9
2017-01-26 20:55:06,779 DEBUG    shuffling batches
2017-01-26 20:55:07,908 DEBUG    shuffling done
2017-01-26 20:55:07,908 DEBUG    loading data into ram
2017-01-26 20:55:07,911 DEBUG    loading data took 0.003s (cpu: 0.003s)
2017-01-26 20:55:07,933 INFO     Training network with 30197 trainable out of 30197 total params.
2017-01-26 20:55:07,965 DEBUG    Using adam with learning_rate=0.001000
2017-01-26 20:55:10,386 DEBUG    Starting training...
2017-01-26 20:55:14,193 INFO     Saving network params to trainNN/out/v045-unified-14-ga63bb92-dirty:simple-ff-ffv-adam-75-40-mintalklen-0/epoch-000.pkl
2017-01-26 20:55:14,412 INFO     epoch: 0 took 4.027s (0.003s in batching)
training loss:	0.637246
validation loss:	0.624991
validation error:	0.357398
2017-01-26 20:55:14,413 INFO     Wrote output to trainNN/out/v045-unified-14-ga63bb92-dirty:simple-ff-ffv-adam-75-40-mintalklen-0/config.json
2017-01-26 20:55:18,161 INFO     Saving network params to trainNN/out/v045-unified-14-ga63bb92-dirty:simple-ff-ffv-adam-75-40-mintalklen-0/epoch-001.pkl
2017-01-26 20:55:18,381 INFO     epoch: 1 took 3.968s (0.003s in batching)
training loss:	0.623785
validation loss:	0.612697
validation error:	0.344917
2017-01-26 20:55:18,381 INFO     Wrote output to trainNN/out/v045-unified-14-ga63bb92-dirty:simple-ff-ffv-adam-75-40-mintalklen-0/config.json
2017-01-26 20:55:22,191 INFO     Saving network params to trainNN/out/v045-unified-14-ga63bb92-dirty:simple-ff-ffv-adam-75-40-mintalklen-0/epoch-002.pkl
2017-01-26 20:55:22,422 INFO     epoch: 2 took 4.041s (0.003s in batching)
training loss:	0.617710
validation loss:	0.609890
validation error:	0.340677
2017-01-26 20:55:22,422 INFO     Wrote output to trainNN/out/v045-unified-14-ga63bb92-dirty:simple-ff-ffv-adam-75-40-mintalklen-0/config.json
2017-01-26 20:55:26,397 INFO     Saving network params to trainNN/out/v045-unified-14-ga63bb92-dirty:simple-ff-ffv-adam-75-40-mintalklen-0/epoch-003.pkl
2017-01-26 20:55:26,661 INFO     epoch: 3 took 4.239s (0.004s in batching)
training loss:	0.613179
validation loss:	0.617214
validation error:	0.345654
2017-01-26 20:55:26,661 INFO     Wrote output to trainNN/out/v045-unified-14-ga63bb92-dirty:simple-ff-ffv-adam-75-40-mintalklen-0/config.json
2017-01-26 20:55:30,638 INFO     Saving network params to trainNN/out/v045-unified-14-ga63bb92-dirty:simple-ff-ffv-adam-75-40-mintalklen-0/epoch-004.pkl
2017-01-26 20:55:30,859 INFO     epoch: 4 took 4.198s (0.003s in batching)
training loss:	0.610165
validation loss:	0.606186
validation error:	0.333023
2017-01-26 20:55:30,859 INFO     Wrote output to trainNN/out/v045-unified-14-ga63bb92-dirty:simple-ff-ffv-adam-75-40-mintalklen-0/config.json
2017-01-26 20:55:34,874 INFO     Saving network params to trainNN/out/v045-unified-14-ga63bb92-dirty:simple-ff-ffv-adam-75-40-mintalklen-0/epoch-005.pkl
2017-01-26 20:55:35,114 INFO     epoch: 5 took 4.256s (0.003s in batching)
training loss:	0.607492
validation loss:	0.606120
validation error:	0.333895
2017-01-26 20:55:35,115 INFO     Wrote output to trainNN/out/v045-unified-14-ga63bb92-dirty:simple-ff-ffv-adam-75-40-mintalklen-0/config.json
2017-01-26 20:55:38,972 INFO     Saving network params to trainNN/out/v045-unified-14-ga63bb92-dirty:simple-ff-ffv-adam-75-40-mintalklen-0/epoch-006.pkl
2017-01-26 20:55:39,239 INFO     epoch: 6 took 4.125s (0.003s in batching)
training loss:	0.605225
validation loss:	0.603563
validation error:	0.331218
2017-01-26 20:55:39,240 INFO     Wrote output to trainNN/out/v045-unified-14-ga63bb92-dirty:simple-ff-ffv-adam-75-40-mintalklen-0/config.json
2017-01-26 20:55:43,119 INFO     Saving network params to trainNN/out/v045-unified-14-ga63bb92-dirty:simple-ff-ffv-adam-75-40-mintalklen-0/epoch-007.pkl
2017-01-26 20:55:43,332 INFO     epoch: 7 took 4.093s (0.003s in batching)
training loss:	0.603434
validation loss:	0.601296
validation error:	0.330511
2017-01-26 20:55:43,333 INFO     Wrote output to trainNN/out/v045-unified-14-ga63bb92-dirty:simple-ff-ffv-adam-75-40-mintalklen-0/config.json
2017-01-26 20:55:46,961 INFO     Saving network params to trainNN/out/v045-unified-14-ga63bb92-dirty:simple-ff-ffv-adam-75-40-mintalklen-0/epoch-008.pkl
2017-01-26 20:55:47,178 INFO     epoch: 8 took 3.846s (0.003s in batching)
training loss:	0.601761
validation loss:	0.604951
validation error:	0.331925
2017-01-26 20:55:47,179 INFO     Wrote output to trainNN/out/v045-unified-14-ga63bb92-dirty:simple-ff-ffv-adam-75-40-mintalklen-0/config.json
2017-01-26 20:55:50,829 INFO     Saving network params to trainNN/out/v045-unified-14-ga63bb92-dirty:simple-ff-ffv-adam-75-40-mintalklen-0/epoch-009.pkl
2017-01-26 20:55:51,046 INFO     epoch: 9 took 3.868s (0.003s in batching)
training loss:	0.600432
validation loss:	0.602002
validation error:	0.329940
2017-01-26 20:55:51,295 INFO     Wrote output to trainNN/out/v045-unified-14-ga63bb92-dirty:simple-ff-ffv-adam-75-40-mintalklen-0/config.json
2017-01-26 20:55:54,972 INFO     Saving network params to trainNN/out/v045-unified-14-ga63bb92-dirty:simple-ff-ffv-adam-75-40-mintalklen-0/epoch-010.pkl
2017-01-26 20:55:55,187 INFO     epoch: 10 took 4.141s (0.011s in batching)
training loss:	0.599470
validation loss:	0.599963
validation error:	0.327218
2017-01-26 20:55:55,188 INFO     Wrote output to trainNN/out/v045-unified-14-ga63bb92-dirty:simple-ff-ffv-adam-75-40-mintalklen-0/config.json
2017-01-26 20:55:58,920 INFO     Saving network params to trainNN/out/v045-unified-14-ga63bb92-dirty:simple-ff-ffv-adam-75-40-mintalklen-0/epoch-011.pkl
2017-01-26 20:55:59,151 INFO     epoch: 11 took 3.964s (0.003s in batching)
training loss:	0.598155
validation loss:	0.610709
validation error:	0.335549
2017-01-26 20:55:59,151 INFO     Wrote output to trainNN/out/v045-unified-14-ga63bb92-dirty:simple-ff-ffv-adam-75-40-mintalklen-0/config.json
2017-01-26 20:56:03,341 INFO     Saving network params to trainNN/out/v045-unified-14-ga63bb92-dirty:simple-ff-ffv-adam-75-40-mintalklen-0/epoch-012.pkl
2017-01-26 20:56:03,559 INFO     epoch: 12 took 4.408s (0.003s in batching)
training loss:	0.596716
validation loss:	0.602799
validation error:	0.331248
2017-01-26 20:56:03,559 INFO     Wrote output to trainNN/out/v045-unified-14-ga63bb92-dirty:simple-ff-ffv-adam-75-40-mintalklen-0/config.json
2017-01-26 20:56:07,390 INFO     Saving network params to trainNN/out/v045-unified-14-ga63bb92-dirty:simple-ff-ffv-adam-75-40-mintalklen-0/epoch-013.pkl
2017-01-26 20:56:07,639 INFO     epoch: 13 took 4.081s (0.003s in batching)
training loss:	0.596068
validation loss:	0.600364
validation error:	0.327023
2017-01-26 20:56:07,640 INFO     Wrote output to trainNN/out/v045-unified-14-ga63bb92-dirty:simple-ff-ffv-adam-75-40-mintalklen-0/config.json
2017-01-26 20:56:12,126 INFO     Saving network params to trainNN/out/v045-unified-14-ga63bb92-dirty:simple-ff-ffv-adam-75-40-mintalklen-0/epoch-014.pkl
2017-01-26 20:56:12,411 INFO     epoch: 14 took 4.772s (0.004s in batching)
training loss:	0.594966
validation loss:	0.598882
validation error:	0.323880
2017-01-26 20:56:12,413 INFO     Wrote output to trainNN/out/v045-unified-14-ga63bb92-dirty:simple-ff-ffv-adam-75-40-mintalklen-0/config.json
2017-01-26 20:56:16,981 INFO     Saving network params to trainNN/out/v045-unified-14-ga63bb92-dirty:simple-ff-ffv-adam-75-40-mintalklen-0/epoch-015.pkl
2017-01-26 20:56:17,213 INFO     epoch: 15 took 4.802s (0.005s in batching)
training loss:	0.593820
validation loss:	0.598143
validation error:	0.324767
2017-01-26 20:56:17,214 INFO     Wrote output to trainNN/out/v045-unified-14-ga63bb92-dirty:simple-ff-ffv-adam-75-40-mintalklen-0/config.json
2017-01-26 20:56:21,377 INFO     Saving network params to trainNN/out/v045-unified-14-ga63bb92-dirty:simple-ff-ffv-adam-75-40-mintalklen-0/epoch-016.pkl
2017-01-26 20:56:21,607 INFO     epoch: 16 took 4.394s (0.003s in batching)
training loss:	0.593234
validation loss:	0.601298
validation error:	0.327368
2017-01-26 20:56:21,608 INFO     Wrote output to trainNN/out/v045-unified-14-ga63bb92-dirty:simple-ff-ffv-adam-75-40-mintalklen-0/config.json
2017-01-26 20:56:25,597 INFO     Saving network params to trainNN/out/v045-unified-14-ga63bb92-dirty:simple-ff-ffv-adam-75-40-mintalklen-0/epoch-017.pkl
2017-01-26 20:56:25,833 INFO     epoch: 17 took 4.226s (0.003s in batching)
training loss:	0.592405
validation loss:	0.602839
validation error:	0.331414
2017-01-26 20:56:25,833 INFO     Wrote output to trainNN/out/v045-unified-14-ga63bb92-dirty:simple-ff-ffv-adam-75-40-mintalklen-0/config.json
2017-01-26 20:56:29,777 INFO     Saving network params to trainNN/out/v045-unified-14-ga63bb92-dirty:simple-ff-ffv-adam-75-40-mintalklen-0/epoch-018.pkl
2017-01-26 20:56:30,007 INFO     epoch: 18 took 4.174s (0.003s in batching)
training loss:	0.591541
validation loss:	0.603518
validation error:	0.329323
2017-01-26 20:56:30,007 INFO     Wrote output to trainNN/out/v045-unified-14-ga63bb92-dirty:simple-ff-ffv-adam-75-40-mintalklen-0/config.json
2017-01-26 20:56:34,015 INFO     Saving network params to trainNN/out/v045-unified-14-ga63bb92-dirty:simple-ff-ffv-adam-75-40-mintalklen-0/epoch-019.pkl
2017-01-26 20:56:34,257 INFO     epoch: 19 took 4.250s (0.003s in batching)
training loss:	0.590887
validation loss:	0.599374
validation error:	0.325308
2017-01-26 20:56:34,257 INFO     Wrote output to trainNN/out/v045-unified-14-ga63bb92-dirty:simple-ff-ffv-adam-75-40-mintalklen-0/config.json
2017-01-26 20:56:38,218 INFO     Saving network params to trainNN/out/v045-unified-14-ga63bb92-dirty:simple-ff-ffv-adam-75-40-mintalklen-0/epoch-020.pkl
2017-01-26 20:56:38,446 INFO     epoch: 20 took 4.189s (0.003s in batching)
training loss:	0.589997
validation loss:	0.607021
validation error:	0.333128
2017-01-26 20:56:38,447 INFO     Wrote output to trainNN/out/v045-unified-14-ga63bb92-dirty:simple-ff-ffv-adam-75-40-mintalklen-0/config.json
2017-01-26 20:56:42,425 INFO     Saving network params to trainNN/out/v045-unified-14-ga63bb92-dirty:simple-ff-ffv-adam-75-40-mintalklen-0/epoch-021.pkl
2017-01-26 20:56:42,666 INFO     epoch: 21 took 4.220s (0.003s in batching)
training loss:	0.589258
validation loss:	0.602999
validation error:	0.328752
2017-01-26 20:56:42,667 INFO     Wrote output to trainNN/out/v045-unified-14-ga63bb92-dirty:simple-ff-ffv-adam-75-40-mintalklen-0/config.json
2017-01-26 20:56:46,878 INFO     Saving network params to trainNN/out/v045-unified-14-ga63bb92-dirty:simple-ff-ffv-adam-75-40-mintalklen-0/epoch-022.pkl
2017-01-26 20:56:47,173 INFO     epoch: 22 took 4.507s (0.004s in batching)
training loss:	0.588861
validation loss:	0.602931
validation error:	0.324556
2017-01-26 20:56:47,195 INFO     Wrote output to trainNN/out/v045-unified-14-ga63bb92-dirty:simple-ff-ffv-adam-75-40-mintalklen-0/config.json
2017-01-26 20:56:51,044 INFO     Saving network params to trainNN/out/v045-unified-14-ga63bb92-dirty:simple-ff-ffv-adam-75-40-mintalklen-0/epoch-023.pkl
2017-01-26 20:56:51,263 INFO     epoch: 23 took 4.090s (0.003s in batching)
training loss:	0.588345
validation loss:	0.602118
validation error:	0.327789
2017-01-26 20:56:51,264 INFO     Wrote output to trainNN/out/v045-unified-14-ga63bb92-dirty:simple-ff-ffv-adam-75-40-mintalklen-0/config.json
2017-01-26 20:56:55,010 INFO     Saving network params to trainNN/out/v045-unified-14-ga63bb92-dirty:simple-ff-ffv-adam-75-40-mintalklen-0/epoch-024.pkl
2017-01-26 20:56:55,231 INFO     epoch: 24 took 3.968s (0.003s in batching)
training loss:	0.587934
validation loss:	0.612299
validation error:	0.336256
2017-01-26 20:56:55,253 INFO     Wrote output to trainNN/out/v045-unified-14-ga63bb92-dirty:simple-ff-ffv-adam-75-40-mintalklen-0/config.json
2017-01-26 20:56:59,205 INFO     Saving network params to trainNN/out/v045-unified-14-ga63bb92-dirty:simple-ff-ffv-adam-75-40-mintalklen-0/epoch-025.pkl
2017-01-26 20:56:59,448 INFO     epoch: 25 took 4.217s (0.003s in batching)
training loss:	0.587237
validation loss:	0.601563
validation error:	0.325624
2017-01-26 20:56:59,449 INFO     Wrote output to trainNN/out/v045-unified-14-ga63bb92-dirty:simple-ff-ffv-adam-75-40-mintalklen-0/config.json
2017-01-26 20:57:03,521 INFO     Saving network params to trainNN/out/v045-unified-14-ga63bb92-dirty:simple-ff-ffv-adam-75-40-mintalklen-0/epoch-026.pkl
2017-01-26 20:57:03,755 INFO     epoch: 26 took 4.307s (0.003s in batching)
training loss:	0.586735
validation loss:	0.602782
validation error:	0.328376
2017-01-26 20:57:03,756 INFO     Wrote output to trainNN/out/v045-unified-14-ga63bb92-dirty:simple-ff-ffv-adam-75-40-mintalklen-0/config.json
2017-01-26 20:57:07,729 INFO     Saving network params to trainNN/out/v045-unified-14-ga63bb92-dirty:simple-ff-ffv-adam-75-40-mintalklen-0/epoch-027.pkl
2017-01-26 20:57:07,961 INFO     epoch: 27 took 4.206s (0.003s in batching)
training loss:	0.586108
validation loss:	0.605517
validation error:	0.326030
2017-01-26 20:57:07,962 INFO     Wrote output to trainNN/out/v045-unified-14-ga63bb92-dirty:simple-ff-ffv-adam-75-40-mintalklen-0/config.json
2017-01-26 20:57:11,971 INFO     Saving network params to trainNN/out/v045-unified-14-ga63bb92-dirty:simple-ff-ffv-adam-75-40-mintalklen-0/epoch-028.pkl
2017-01-26 20:57:12,203 INFO     epoch: 28 took 4.242s (0.003s in batching)
training loss:	0.585826
validation loss:	0.604345
validation error:	0.327038
2017-01-26 20:57:12,204 INFO     Wrote output to trainNN/out/v045-unified-14-ga63bb92-dirty:simple-ff-ffv-adam-75-40-mintalklen-0/config.json
2017-01-26 20:57:16,183 INFO     Saving network params to trainNN/out/v045-unified-14-ga63bb92-dirty:simple-ff-ffv-adam-75-40-mintalklen-0/epoch-029.pkl
2017-01-26 20:57:16,412 INFO     epoch: 29 took 4.209s (0.003s in batching)
training loss:	0.585445
validation loss:	0.602008
validation error:	0.325398
2017-01-26 20:57:16,413 INFO     Wrote output to trainNN/out/v045-unified-14-ga63bb92-dirty:simple-ff-ffv-adam-75-40-mintalklen-0/config.json
2017-01-26 20:57:20,396 INFO     Saving network params to trainNN/out/v045-unified-14-ga63bb92-dirty:simple-ff-ffv-adam-75-40-mintalklen-0/epoch-030.pkl
2017-01-26 20:57:20,625 INFO     epoch: 30 took 4.213s (0.003s in batching)
training loss:	0.585000
validation loss:	0.606059
validation error:	0.331278
2017-01-26 20:57:20,626 INFO     Wrote output to trainNN/out/v045-unified-14-ga63bb92-dirty:simple-ff-ffv-adam-75-40-mintalklen-0/config.json
2017-01-26 20:57:24,595 INFO     Saving network params to trainNN/out/v045-unified-14-ga63bb92-dirty:simple-ff-ffv-adam-75-40-mintalklen-0/epoch-031.pkl
2017-01-26 20:57:24,866 INFO     epoch: 31 took 4.240s (0.003s in batching)
training loss:	0.584842
validation loss:	0.603923
validation error:	0.327053
2017-01-26 20:57:24,925 INFO     Wrote output to trainNN/out/v045-unified-14-ga63bb92-dirty:simple-ff-ffv-adam-75-40-mintalklen-0/config.json
2017-01-26 20:57:28,862 INFO     Saving network params to trainNN/out/v045-unified-14-ga63bb92-dirty:simple-ff-ffv-adam-75-40-mintalklen-0/epoch-032.pkl
2017-01-26 20:57:29,096 INFO     epoch: 32 took 4.230s (0.004s in batching)
training loss:	0.584509
validation loss:	0.606646
validation error:	0.328436
2017-01-26 20:57:29,097 INFO     Wrote output to trainNN/out/v045-unified-14-ga63bb92-dirty:simple-ff-ffv-adam-75-40-mintalklen-0/config.json
2017-01-26 20:57:33,031 INFO     Saving network params to trainNN/out/v045-unified-14-ga63bb92-dirty:simple-ff-ffv-adam-75-40-mintalklen-0/epoch-033.pkl
2017-01-26 20:57:33,257 INFO     epoch: 33 took 4.161s (0.003s in batching)
training loss:	0.584101
validation loss:	0.605489
validation error:	0.328105
2017-01-26 20:57:33,258 INFO     Wrote output to trainNN/out/v045-unified-14-ga63bb92-dirty:simple-ff-ffv-adam-75-40-mintalklen-0/config.json
2017-01-26 20:57:37,167 INFO     Saving network params to trainNN/out/v045-unified-14-ga63bb92-dirty:simple-ff-ffv-adam-75-40-mintalklen-0/epoch-034.pkl
2017-01-26 20:57:37,397 INFO     epoch: 34 took 4.140s (0.003s in batching)
training loss:	0.583674
validation loss:	0.603368
validation error:	0.326677
2017-01-26 20:57:37,398 INFO     Wrote output to trainNN/out/v045-unified-14-ga63bb92-dirty:simple-ff-ffv-adam-75-40-mintalklen-0/config.json
2017-01-26 20:57:41,354 INFO     Saving network params to trainNN/out/v045-unified-14-ga63bb92-dirty:simple-ff-ffv-adam-75-40-mintalklen-0/epoch-035.pkl
2017-01-26 20:57:41,581 INFO     epoch: 35 took 4.183s (0.003s in batching)
training loss:	0.583406
validation loss:	0.602190
validation error:	0.328090
2017-01-26 20:57:41,582 INFO     Wrote output to trainNN/out/v045-unified-14-ga63bb92-dirty:simple-ff-ffv-adam-75-40-mintalklen-0/config.json
2017-01-26 20:57:45,517 INFO     Saving network params to trainNN/out/v045-unified-14-ga63bb92-dirty:simple-ff-ffv-adam-75-40-mintalklen-0/epoch-036.pkl
2017-01-26 20:57:45,744 INFO     epoch: 36 took 4.163s (0.003s in batching)
training loss:	0.583203
validation loss:	0.604042
validation error:	0.327534
2017-01-26 20:57:45,745 INFO     Wrote output to trainNN/out/v045-unified-14-ga63bb92-dirty:simple-ff-ffv-adam-75-40-mintalklen-0/config.json
2017-01-26 20:57:49,702 INFO     Saving network params to trainNN/out/v045-unified-14-ga63bb92-dirty:simple-ff-ffv-adam-75-40-mintalklen-0/epoch-037.pkl
2017-01-26 20:57:49,931 INFO     epoch: 37 took 4.187s (0.003s in batching)
training loss:	0.582889
validation loss:	0.606285
validation error:	0.332902
2017-01-26 20:57:49,932 INFO     Wrote output to trainNN/out/v045-unified-14-ga63bb92-dirty:simple-ff-ffv-adam-75-40-mintalklen-0/config.json
2017-01-26 20:57:53,925 INFO     Saving network params to trainNN/out/v045-unified-14-ga63bb92-dirty:simple-ff-ffv-adam-75-40-mintalklen-0/epoch-038.pkl
2017-01-26 20:57:54,162 INFO     epoch: 38 took 4.231s (0.003s in batching)
training loss:	0.582576
validation loss:	0.605804
validation error:	0.326932
2017-01-26 20:57:54,163 INFO     Wrote output to trainNN/out/v045-unified-14-ga63bb92-dirty:simple-ff-ffv-adam-75-40-mintalklen-0/config.json
2017-01-26 20:57:58,142 INFO     Saving network params to trainNN/out/v045-unified-14-ga63bb92-dirty:simple-ff-ffv-adam-75-40-mintalklen-0/epoch-039.pkl
2017-01-26 20:57:58,373 INFO     epoch: 39 took 4.211s (0.003s in batching)
training loss:	0.582156
validation loss:	0.607022
validation error:	0.329293
2017-01-26 20:57:58,374 INFO     Wrote output to trainNN/out/v045-unified-14-ga63bb92-dirty:simple-ff-ffv-adam-75-40-mintalklen-0/config.json
2017-01-26 20:58:02,361 INFO     Saving network params to trainNN/out/v045-unified-14-ga63bb92-dirty:simple-ff-ffv-adam-75-40-mintalklen-0/epoch-040.pkl
2017-01-26 20:58:02,589 INFO     epoch: 40 took 4.216s (0.003s in batching)
training loss:	0.582247
validation loss:	0.606456
validation error:	0.328902
2017-01-26 20:58:02,590 INFO     Wrote output to trainNN/out/v045-unified-14-ga63bb92-dirty:simple-ff-ffv-adam-75-40-mintalklen-0/config.json
2017-01-26 20:58:06,565 INFO     Saving network params to trainNN/out/v045-unified-14-ga63bb92-dirty:simple-ff-ffv-adam-75-40-mintalklen-0/epoch-041.pkl
2017-01-26 20:58:06,794 INFO     epoch: 41 took 4.205s (0.003s in batching)
training loss:	0.581635
validation loss:	0.601561
validation error:	0.323519
2017-01-26 20:58:06,795 INFO     Wrote output to trainNN/out/v045-unified-14-ga63bb92-dirty:simple-ff-ffv-adam-75-40-mintalklen-0/config.json
2017-01-26 20:58:10,772 INFO     Saving network params to trainNN/out/v045-unified-14-ga63bb92-dirty:simple-ff-ffv-adam-75-40-mintalklen-0/epoch-042.pkl
2017-01-26 20:58:11,005 INFO     epoch: 42 took 4.210s (0.003s in batching)
training loss:	0.581691
validation loss:	0.607345
validation error:	0.327594
2017-01-26 20:58:11,005 INFO     Wrote output to trainNN/out/v045-unified-14-ga63bb92-dirty:simple-ff-ffv-adam-75-40-mintalklen-0/config.json
2017-01-26 20:58:14,976 INFO     Saving network params to trainNN/out/v045-unified-14-ga63bb92-dirty:simple-ff-ffv-adam-75-40-mintalklen-0/epoch-043.pkl
2017-01-26 20:58:15,209 INFO     epoch: 43 took 4.205s (0.003s in batching)
training loss:	0.581376
validation loss:	0.604854
validation error:	0.331459
2017-01-26 20:58:15,210 INFO     Wrote output to trainNN/out/v045-unified-14-ga63bb92-dirty:simple-ff-ffv-adam-75-40-mintalklen-0/config.json
2017-01-26 20:58:19,177 INFO     Saving network params to trainNN/out/v045-unified-14-ga63bb92-dirty:simple-ff-ffv-adam-75-40-mintalklen-0/epoch-044.pkl
2017-01-26 20:58:19,409 INFO     epoch: 44 took 4.199s (0.003s in batching)
training loss:	0.581278
validation loss:	0.601935
validation error:	0.324436
2017-01-26 20:58:19,410 INFO     Wrote output to trainNN/out/v045-unified-14-ga63bb92-dirty:simple-ff-ffv-adam-75-40-mintalklen-0/config.json
2017-01-26 20:58:23,393 INFO     Saving network params to trainNN/out/v045-unified-14-ga63bb92-dirty:simple-ff-ffv-adam-75-40-mintalklen-0/epoch-045.pkl
2017-01-26 20:58:23,621 INFO     epoch: 45 took 4.212s (0.003s in batching)
training loss:	0.580565
validation loss:	0.604282
validation error:	0.326887
2017-01-26 20:58:23,622 INFO     Wrote output to trainNN/out/v045-unified-14-ga63bb92-dirty:simple-ff-ffv-adam-75-40-mintalklen-0/config.json
2017-01-26 20:58:27,576 INFO     Saving network params to trainNN/out/v045-unified-14-ga63bb92-dirty:simple-ff-ffv-adam-75-40-mintalklen-0/epoch-046.pkl
2017-01-26 20:58:27,808 INFO     epoch: 46 took 4.187s (0.003s in batching)
training loss:	0.580504
validation loss:	0.604943
validation error:	0.324271
2017-01-26 20:58:27,809 INFO     Wrote output to trainNN/out/v045-unified-14-ga63bb92-dirty:simple-ff-ffv-adam-75-40-mintalklen-0/config.json
2017-01-26 20:58:31,778 INFO     Saving network params to trainNN/out/v045-unified-14-ga63bb92-dirty:simple-ff-ffv-adam-75-40-mintalklen-0/epoch-047.pkl
2017-01-26 20:58:32,008 INFO     epoch: 47 took 4.200s (0.003s in batching)
training loss:	0.580524
validation loss:	0.607121
validation error:	0.326962
2017-01-26 20:58:32,009 INFO     Wrote output to trainNN/out/v045-unified-14-ga63bb92-dirty:simple-ff-ffv-adam-75-40-mintalklen-0/config.json
2017-01-26 20:58:35,990 INFO     Saving network params to trainNN/out/v045-unified-14-ga63bb92-dirty:simple-ff-ffv-adam-75-40-mintalklen-0/epoch-048.pkl
2017-01-26 20:58:36,225 INFO     epoch: 48 took 4.217s (0.003s in batching)
training loss:	0.580059
validation loss:	0.608071
validation error:	0.329398
2017-01-26 20:58:36,226 INFO     Wrote output to trainNN/out/v045-unified-14-ga63bb92-dirty:simple-ff-ffv-adam-75-40-mintalklen-0/config.json
2017-01-26 20:58:40,157 INFO     Saving network params to trainNN/out/v045-unified-14-ga63bb92-dirty:simple-ff-ffv-adam-75-40-mintalklen-0/epoch-049.pkl
2017-01-26 20:58:40,384 INFO     epoch: 49 took 4.159s (0.003s in batching)
training loss:	0.579776
validation loss:	0.603642
validation error:	0.325564
2017-01-26 20:58:40,385 INFO     Wrote output to trainNN/out/v045-unified-14-ga63bb92-dirty:simple-ff-ffv-adam-75-40-mintalklen-0/config.json
2017-01-26 20:58:44,316 INFO     Saving network params to trainNN/out/v045-unified-14-ga63bb92-dirty:simple-ff-ffv-adam-75-40-mintalklen-0/epoch-050.pkl
2017-01-26 20:58:44,542 INFO     epoch: 50 took 4.158s (0.003s in batching)
training loss:	0.579713
validation loss:	0.604238
validation error:	0.327023
2017-01-26 20:58:44,543 INFO     Wrote output to trainNN/out/v045-unified-14-ga63bb92-dirty:simple-ff-ffv-adam-75-40-mintalklen-0/config.json
2017-01-26 20:58:48,479 INFO     Saving network params to trainNN/out/v045-unified-14-ga63bb92-dirty:simple-ff-ffv-adam-75-40-mintalklen-0/epoch-051.pkl
2017-01-26 20:58:48,708 INFO     epoch: 51 took 4.166s (0.003s in batching)
training loss:	0.579659
validation loss:	0.610078
validation error:	0.330812
2017-01-26 20:58:48,709 INFO     Wrote output to trainNN/out/v045-unified-14-ga63bb92-dirty:simple-ff-ffv-adam-75-40-mintalklen-0/config.json
2017-01-26 20:58:52,631 INFO     Saving network params to trainNN/out/v045-unified-14-ga63bb92-dirty:simple-ff-ffv-adam-75-40-mintalklen-0/epoch-052.pkl
2017-01-26 20:58:52,858 INFO     epoch: 52 took 4.150s (0.003s in batching)
training loss:	0.579223
validation loss:	0.605679
validation error:	0.324541
2017-01-26 20:58:52,859 INFO     Wrote output to trainNN/out/v045-unified-14-ga63bb92-dirty:simple-ff-ffv-adam-75-40-mintalklen-0/config.json
2017-01-26 20:58:56,851 INFO     Saving network params to trainNN/out/v045-unified-14-ga63bb92-dirty:simple-ff-ffv-adam-75-40-mintalklen-0/epoch-053.pkl
2017-01-26 20:58:57,093 INFO     epoch: 53 took 4.235s (0.003s in batching)
training loss:	0.579263
validation loss:	0.607164
validation error:	0.329759
2017-01-26 20:58:57,095 INFO     Wrote output to trainNN/out/v045-unified-14-ga63bb92-dirty:simple-ff-ffv-adam-75-40-mintalklen-0/config.json
2017-01-26 20:59:01,071 INFO     Saving network params to trainNN/out/v045-unified-14-ga63bb92-dirty:simple-ff-ffv-adam-75-40-mintalklen-0/epoch-054.pkl
2017-01-26 20:59:01,301 INFO     epoch: 54 took 4.207s (0.004s in batching)
training loss:	0.578834
validation loss:	0.608009
validation error:	0.325474
2017-01-26 20:59:01,302 INFO     Wrote output to trainNN/out/v045-unified-14-ga63bb92-dirty:simple-ff-ffv-adam-75-40-mintalklen-0/config.json
2017-01-26 20:59:05,290 INFO     Saving network params to trainNN/out/v045-unified-14-ga63bb92-dirty:simple-ff-ffv-adam-75-40-mintalklen-0/epoch-055.pkl
2017-01-26 20:59:05,520 INFO     epoch: 55 took 4.220s (0.003s in batching)
training loss:	0.578427
validation loss:	0.607801
validation error:	0.324797
2017-01-26 20:59:05,522 INFO     Wrote output to trainNN/out/v045-unified-14-ga63bb92-dirty:simple-ff-ffv-adam-75-40-mintalklen-0/config.json
2017-01-26 20:59:09,475 INFO     Saving network params to trainNN/out/v045-unified-14-ga63bb92-dirty:simple-ff-ffv-adam-75-40-mintalklen-0/epoch-056.pkl
2017-01-26 20:59:09,710 INFO     epoch: 56 took 4.190s (0.003s in batching)
training loss:	0.578323
validation loss:	0.606726
validation error:	0.326105
2017-01-26 20:59:09,712 INFO     Wrote output to trainNN/out/v045-unified-14-ga63bb92-dirty:simple-ff-ffv-adam-75-40-mintalklen-0/config.json
2017-01-26 20:59:13,674 INFO     Saving network params to trainNN/out/v045-unified-14-ga63bb92-dirty:simple-ff-ffv-adam-75-40-mintalklen-0/epoch-057.pkl
2017-01-26 20:59:13,903 INFO     epoch: 57 took 4.193s (0.004s in batching)
training loss:	0.578392
validation loss:	0.604985
validation error:	0.327233
2017-01-26 20:59:13,905 INFO     Wrote output to trainNN/out/v045-unified-14-ga63bb92-dirty:simple-ff-ffv-adam-75-40-mintalklen-0/config.json
2017-01-26 20:59:17,879 INFO     Saving network params to trainNN/out/v045-unified-14-ga63bb92-dirty:simple-ff-ffv-adam-75-40-mintalklen-0/epoch-058.pkl
2017-01-26 20:59:18,113 INFO     epoch: 58 took 4.209s (0.004s in batching)
training loss:	0.577960
validation loss:	0.605720
validation error:	0.327850
2017-01-26 20:59:18,115 INFO     Wrote output to trainNN/out/v045-unified-14-ga63bb92-dirty:simple-ff-ffv-adam-75-40-mintalklen-0/config.json
2017-01-26 20:59:22,110 INFO     Saving network params to trainNN/out/v045-unified-14-ga63bb92-dirty:simple-ff-ffv-adam-75-40-mintalklen-0/epoch-059.pkl
2017-01-26 20:59:22,343 INFO     epoch: 59 took 4.230s (0.003s in batching)
training loss:	0.577883
validation loss:	0.605775
validation error:	0.326541
2017-01-26 20:59:22,344 INFO     Wrote output to trainNN/out/v045-unified-14-ga63bb92-dirty:simple-ff-ffv-adam-75-40-mintalklen-0/config.json
2017-01-26 20:59:26,304 INFO     Saving network params to trainNN/out/v045-unified-14-ga63bb92-dirty:simple-ff-ffv-adam-75-40-mintalklen-0/epoch-060.pkl
2017-01-26 20:59:26,534 INFO     epoch: 60 took 4.192s (0.003s in batching)
training loss:	0.577725
validation loss:	0.603807
validation error:	0.325940
2017-01-26 20:59:26,536 INFO     Wrote output to trainNN/out/v045-unified-14-ga63bb92-dirty:simple-ff-ffv-adam-75-40-mintalklen-0/config.json
2017-01-26 20:59:30,494 INFO     Saving network params to trainNN/out/v045-unified-14-ga63bb92-dirty:simple-ff-ffv-adam-75-40-mintalklen-0/epoch-061.pkl
2017-01-26 20:59:30,724 INFO     epoch: 61 took 4.190s (0.003s in batching)
training loss:	0.577445
validation loss:	0.604156
validation error:	0.324647
2017-01-26 20:59:30,725 INFO     Wrote output to trainNN/out/v045-unified-14-ga63bb92-dirty:simple-ff-ffv-adam-75-40-mintalklen-0/config.json
2017-01-26 20:59:34,686 INFO     Saving network params to trainNN/out/v045-unified-14-ga63bb92-dirty:simple-ff-ffv-adam-75-40-mintalklen-0/epoch-062.pkl
2017-01-26 20:59:34,917 INFO     epoch: 62 took 4.192s (0.004s in batching)
training loss:	0.577347
validation loss:	0.605887
validation error:	0.325820
2017-01-26 20:59:34,918 INFO     Wrote output to trainNN/out/v045-unified-14-ga63bb92-dirty:simple-ff-ffv-adam-75-40-mintalklen-0/config.json
2017-01-26 20:59:38,904 INFO     Saving network params to trainNN/out/v045-unified-14-ga63bb92-dirty:simple-ff-ffv-adam-75-40-mintalklen-0/epoch-063.pkl
2017-01-26 20:59:39,141 INFO     epoch: 63 took 4.225s (0.003s in batching)
training loss:	0.576974
validation loss:	0.605221
validation error:	0.327368
2017-01-26 20:59:39,143 INFO     Wrote output to trainNN/out/v045-unified-14-ga63bb92-dirty:simple-ff-ffv-adam-75-40-mintalklen-0/config.json
2017-01-26 20:59:43,122 INFO     Saving network params to trainNN/out/v045-unified-14-ga63bb92-dirty:simple-ff-ffv-adam-75-40-mintalklen-0/epoch-064.pkl
2017-01-26 20:59:43,354 INFO     epoch: 64 took 4.212s (0.003s in batching)
training loss:	0.576849
validation loss:	0.607560
validation error:	0.332195
2017-01-26 20:59:43,355 INFO     Wrote output to trainNN/out/v045-unified-14-ga63bb92-dirty:simple-ff-ffv-adam-75-40-mintalklen-0/config.json
2017-01-26 20:59:47,310 INFO     Saving network params to trainNN/out/v045-unified-14-ga63bb92-dirty:simple-ff-ffv-adam-75-40-mintalklen-0/epoch-065.pkl
2017-01-26 20:59:47,539 INFO     epoch: 65 took 4.185s (0.003s in batching)
training loss:	0.576805
validation loss:	0.602870
validation error:	0.324677
2017-01-26 20:59:47,540 INFO     Wrote output to trainNN/out/v045-unified-14-ga63bb92-dirty:simple-ff-ffv-adam-75-40-mintalklen-0/config.json
2017-01-26 20:59:51,517 INFO     Saving network params to trainNN/out/v045-unified-14-ga63bb92-dirty:simple-ff-ffv-adam-75-40-mintalklen-0/epoch-066.pkl
2017-01-26 20:59:51,747 INFO     epoch: 66 took 4.209s (0.003s in batching)
training loss:	0.576873
validation loss:	0.605401
validation error:	0.325729
2017-01-26 20:59:51,749 INFO     Wrote output to trainNN/out/v045-unified-14-ga63bb92-dirty:simple-ff-ffv-adam-75-40-mintalklen-0/config.json
2017-01-26 20:59:55,704 INFO     Saving network params to trainNN/out/v045-unified-14-ga63bb92-dirty:simple-ff-ffv-adam-75-40-mintalklen-0/epoch-067.pkl
2017-01-26 20:59:55,934 INFO     epoch: 67 took 4.187s (0.004s in batching)
training loss:	0.576441
validation loss:	0.609097
validation error:	0.329429
2017-01-26 20:59:55,960 INFO     Wrote output to trainNN/out/v045-unified-14-ga63bb92-dirty:simple-ff-ffv-adam-75-40-mintalklen-0/config.json
2017-01-26 20:59:59,876 INFO     Saving network params to trainNN/out/v045-unified-14-ga63bb92-dirty:simple-ff-ffv-adam-75-40-mintalklen-0/epoch-068.pkl
2017-01-26 21:00:00,105 INFO     epoch: 68 took 4.171s (0.003s in batching)
training loss:	0.576438
validation loss:	0.605833
validation error:	0.328135
2017-01-26 21:00:00,106 INFO     Wrote output to trainNN/out/v045-unified-14-ga63bb92-dirty:simple-ff-ffv-adam-75-40-mintalklen-0/config.json
2017-01-26 21:00:04,049 INFO     Saving network params to trainNN/out/v045-unified-14-ga63bb92-dirty:simple-ff-ffv-adam-75-40-mintalklen-0/epoch-069.pkl
2017-01-26 21:00:04,357 INFO     epoch: 69 took 4.252s (0.003s in batching)
training loss:	0.576090
validation loss:	0.604395
validation error:	0.327414
2017-01-26 21:00:04,774 INFO     Wrote output to trainNN/out/v045-unified-14-ga63bb92-dirty:simple-ff-ffv-adam-75-40-mintalklen-0/config.json
2017-01-26 21:00:08,757 INFO     Saving network params to trainNN/out/v045-unified-14-ga63bb92-dirty:simple-ff-ffv-adam-75-40-mintalklen-0/epoch-070.pkl
2017-01-26 21:00:08,984 INFO     epoch: 70 took 4.627s (0.015s in batching)
training loss:	0.576452
validation loss:	0.607119
validation error:	0.327835
2017-01-26 21:00:08,986 INFO     Wrote output to trainNN/out/v045-unified-14-ga63bb92-dirty:simple-ff-ffv-adam-75-40-mintalklen-0/config.json
2017-01-26 21:00:12,953 INFO     Saving network params to trainNN/out/v045-unified-14-ga63bb92-dirty:simple-ff-ffv-adam-75-40-mintalklen-0/epoch-071.pkl
2017-01-26 21:00:13,183 INFO     epoch: 71 took 4.199s (0.004s in batching)
training loss:	0.575873
validation loss:	0.604584
validation error:	0.324286
2017-01-26 21:00:13,184 INFO     Wrote output to trainNN/out/v045-unified-14-ga63bb92-dirty:simple-ff-ffv-adam-75-40-mintalklen-0/config.json
2017-01-26 21:00:17,224 INFO     Saving network params to trainNN/out/v045-unified-14-ga63bb92-dirty:simple-ff-ffv-adam-75-40-mintalklen-0/epoch-072.pkl
2017-01-26 21:00:17,448 INFO     epoch: 72 took 4.265s (0.003s in batching)
training loss:	0.575818
validation loss:	0.604723
validation error:	0.326210
2017-01-26 21:00:17,450 INFO     Wrote output to trainNN/out/v045-unified-14-ga63bb92-dirty:simple-ff-ffv-adam-75-40-mintalklen-0/config.json
2017-01-26 21:00:21,127 INFO     Saving network params to trainNN/out/v045-unified-14-ga63bb92-dirty:simple-ff-ffv-adam-75-40-mintalklen-0/epoch-073.pkl
2017-01-26 21:00:21,345 INFO     epoch: 73 took 3.897s (0.003s in batching)
training loss:	0.575713
validation loss:	0.605569
validation error:	0.326617
2017-01-26 21:00:21,346 INFO     Wrote output to trainNN/out/v045-unified-14-ga63bb92-dirty:simple-ff-ffv-adam-75-40-mintalklen-0/config.json
2017-01-26 21:00:25,067 INFO     Saving network params to trainNN/out/v045-unified-14-ga63bb92-dirty:simple-ff-ffv-adam-75-40-mintalklen-0/epoch-074.pkl
2017-01-26 21:00:25,284 INFO     epoch: 74 took 3.939s (0.003s in batching)
training loss:	0.575652
validation loss:	0.607910
validation error:	0.326180
2017-01-26 21:00:25,285 INFO     Wrote output to trainNN/out/v045-unified-14-ga63bb92-dirty:simple-ff-ffv-adam-75-40-mintalklen-0/config.json
2017-01-26 21:00:29,048 INFO     Saving network params to trainNN/out/v045-unified-14-ga63bb92-dirty:simple-ff-ffv-adam-75-40-mintalklen-0/epoch-075.pkl
2017-01-26 21:00:29,264 INFO     epoch: 75 took 3.981s (0.003s in batching)
training loss:	0.575241
validation loss:	0.606793
validation error:	0.328707
2017-01-26 21:00:29,266 INFO     Wrote output to trainNN/out/v045-unified-14-ga63bb92-dirty:simple-ff-ffv-adam-75-40-mintalklen-0/config.json
2017-01-26 21:00:32,932 INFO     Saving network params to trainNN/out/v045-unified-14-ga63bb92-dirty:simple-ff-ffv-adam-75-40-mintalklen-0/epoch-076.pkl
2017-01-26 21:00:33,150 INFO     epoch: 76 took 3.885s (0.003s in batching)
training loss:	0.575262
validation loss:	0.606750
validation error:	0.327910
2017-01-26 21:00:33,151 INFO     Wrote output to trainNN/out/v045-unified-14-ga63bb92-dirty:simple-ff-ffv-adam-75-40-mintalklen-0/config.json
2017-01-26 21:00:36,807 INFO     Saving network params to trainNN/out/v045-unified-14-ga63bb92-dirty:simple-ff-ffv-adam-75-40-mintalklen-0/epoch-077.pkl
2017-01-26 21:00:37,026 INFO     epoch: 77 took 3.876s (0.003s in batching)
training loss:	0.575082
validation loss:	0.606554
validation error:	0.328436
2017-01-26 21:00:37,027 INFO     Wrote output to trainNN/out/v045-unified-14-ga63bb92-dirty:simple-ff-ffv-adam-75-40-mintalklen-0/config.json
2017-01-26 21:00:40,849 INFO     Saving network params to trainNN/out/v045-unified-14-ga63bb92-dirty:simple-ff-ffv-adam-75-40-mintalklen-0/epoch-078.pkl
2017-01-26 21:00:41,064 INFO     epoch: 78 took 4.038s (0.003s in batching)
training loss:	0.574996
validation loss:	0.608828
validation error:	0.326150
2017-01-26 21:00:41,065 INFO     Wrote output to trainNN/out/v045-unified-14-ga63bb92-dirty:simple-ff-ffv-adam-75-40-mintalklen-0/config.json
2017-01-26 21:00:44,767 INFO     Saving network params to trainNN/out/v045-unified-14-ga63bb92-dirty:simple-ff-ffv-adam-75-40-mintalklen-0/epoch-079.pkl
2017-01-26 21:00:44,982 INFO     epoch: 79 took 3.918s (0.003s in batching)
training loss:	0.575095
validation loss:	0.610940
validation error:	0.334120
2017-01-26 21:00:44,984 INFO     Wrote output to trainNN/out/v045-unified-14-ga63bb92-dirty:simple-ff-ffv-adam-75-40-mintalklen-0/config.json
2017-01-26 21:00:48,686 INFO     Saving network params to trainNN/out/v045-unified-14-ga63bb92-dirty:simple-ff-ffv-adam-75-40-mintalklen-0/epoch-080.pkl
2017-01-26 21:00:48,902 INFO     epoch: 80 took 3.920s (0.003s in batching)
training loss:	0.574859
validation loss:	0.605832
validation error:	0.325308
2017-01-26 21:00:48,903 INFO     Wrote output to trainNN/out/v045-unified-14-ga63bb92-dirty:simple-ff-ffv-adam-75-40-mintalklen-0/config.json
2017-01-26 21:00:52,648 INFO     Saving network params to trainNN/out/v045-unified-14-ga63bb92-dirty:simple-ff-ffv-adam-75-40-mintalklen-0/epoch-081.pkl
2017-01-26 21:00:52,864 INFO     epoch: 81 took 3.962s (0.003s in batching)
training loss:	0.574831
validation loss:	0.613986
validation error:	0.336466
2017-01-26 21:00:52,865 INFO     Wrote output to trainNN/out/v045-unified-14-ga63bb92-dirty:simple-ff-ffv-adam-75-40-mintalklen-0/config.json
2017-01-26 21:00:56,548 INFO     Saving network params to trainNN/out/v045-unified-14-ga63bb92-dirty:simple-ff-ffv-adam-75-40-mintalklen-0/epoch-082.pkl
2017-01-26 21:00:56,789 INFO     epoch: 82 took 3.925s (0.003s in batching)
training loss:	0.574249
validation loss:	0.606888
validation error:	0.327323
2017-01-26 21:00:56,790 INFO     Wrote output to trainNN/out/v045-unified-14-ga63bb92-dirty:simple-ff-ffv-adam-75-40-mintalklen-0/config.json
2017-01-26 21:01:00,496 INFO     Saving network params to trainNN/out/v045-unified-14-ga63bb92-dirty:simple-ff-ffv-adam-75-40-mintalklen-0/epoch-083.pkl
2017-01-26 21:01:00,712 INFO     epoch: 83 took 3.923s (0.003s in batching)
training loss:	0.574499
validation loss:	0.608001
validation error:	0.326075
2017-01-26 21:01:00,714 INFO     Wrote output to trainNN/out/v045-unified-14-ga63bb92-dirty:simple-ff-ffv-adam-75-40-mintalklen-0/config.json
2017-01-26 21:01:04,479 INFO     Saving network params to trainNN/out/v045-unified-14-ga63bb92-dirty:simple-ff-ffv-adam-75-40-mintalklen-0/epoch-084.pkl
2017-01-26 21:01:09,271 INFO     epoch: 84 took 8.558s (0.003s in batching)
training loss:	0.574147
validation loss:	0.605535
validation error:	0.326752
2017-01-26 21:01:09,602 INFO     Wrote output to trainNN/out/v045-unified-14-ga63bb92-dirty:simple-ff-ffv-adam-75-40-mintalklen-0/config.json
2017-01-26 21:01:13,387 INFO     Saving network params to trainNN/out/v045-unified-14-ga63bb92-dirty:simple-ff-ffv-adam-75-40-mintalklen-0/epoch-085.pkl
2017-01-26 21:01:13,711 INFO     epoch: 85 took 4.440s (0.010s in batching)
training loss:	0.574315
validation loss:	0.607516
validation error:	0.324647
2017-01-26 21:01:13,742 INFO     Wrote output to trainNN/out/v045-unified-14-ga63bb92-dirty:simple-ff-ffv-adam-75-40-mintalklen-0/config.json
2017-01-26 21:01:17,547 INFO     Saving network params to trainNN/out/v045-unified-14-ga63bb92-dirty:simple-ff-ffv-adam-75-40-mintalklen-0/epoch-086.pkl
2017-01-26 21:01:17,769 INFO     epoch: 86 took 4.058s (0.003s in batching)
training loss:	0.574162
validation loss:	0.606742
validation error:	0.329489
2017-01-26 21:01:17,803 INFO     Wrote output to trainNN/out/v045-unified-14-ga63bb92-dirty:simple-ff-ffv-adam-75-40-mintalklen-0/config.json
2017-01-26 21:01:21,668 INFO     Saving network params to trainNN/out/v045-unified-14-ga63bb92-dirty:simple-ff-ffv-adam-75-40-mintalklen-0/epoch-087.pkl
2017-01-26 21:01:21,918 INFO     epoch: 87 took 4.150s (0.003s in batching)
training loss:	0.574135
validation loss:	0.608754
validation error:	0.331263
2017-01-26 21:01:21,969 INFO     Wrote output to trainNN/out/v045-unified-14-ga63bb92-dirty:simple-ff-ffv-adam-75-40-mintalklen-0/config.json
2017-01-26 21:01:25,648 INFO     Saving network params to trainNN/out/v045-unified-14-ga63bb92-dirty:simple-ff-ffv-adam-75-40-mintalklen-0/epoch-088.pkl
2017-01-26 21:01:25,863 INFO     epoch: 88 took 3.944s (0.003s in batching)
training loss:	0.573815
validation loss:	0.608609
validation error:	0.327985
2017-01-26 21:01:25,864 INFO     Wrote output to trainNN/out/v045-unified-14-ga63bb92-dirty:simple-ff-ffv-adam-75-40-mintalklen-0/config.json
2017-01-26 21:01:29,570 INFO     Saving network params to trainNN/out/v045-unified-14-ga63bb92-dirty:simple-ff-ffv-adam-75-40-mintalklen-0/epoch-089.pkl
2017-01-26 21:01:29,788 INFO     epoch: 89 took 3.925s (0.003s in batching)
training loss:	0.573832
validation loss:	0.607003
validation error:	0.325639
2017-01-26 21:01:29,790 INFO     Wrote output to trainNN/out/v045-unified-14-ga63bb92-dirty:simple-ff-ffv-adam-75-40-mintalklen-0/config.json
2017-01-26 21:01:33,578 INFO     Saving network params to trainNN/out/v045-unified-14-ga63bb92-dirty:simple-ff-ffv-adam-75-40-mintalklen-0/epoch-090.pkl
2017-01-26 21:01:33,806 INFO     epoch: 90 took 4.018s (0.003s in batching)
training loss:	0.573751
validation loss:	0.607472
validation error:	0.325609
2017-01-26 21:01:33,808 INFO     Wrote output to trainNN/out/v045-unified-14-ga63bb92-dirty:simple-ff-ffv-adam-75-40-mintalklen-0/config.json
2017-01-26 21:01:37,703 INFO     Saving network params to trainNN/out/v045-unified-14-ga63bb92-dirty:simple-ff-ffv-adam-75-40-mintalklen-0/epoch-091.pkl
2017-01-26 21:01:37,937 INFO     epoch: 91 took 4.131s (0.003s in batching)
training loss:	0.573517
validation loss:	0.608090
validation error:	0.325504
2017-01-26 21:01:37,939 INFO     Wrote output to trainNN/out/v045-unified-14-ga63bb92-dirty:simple-ff-ffv-adam-75-40-mintalklen-0/config.json
2017-01-26 21:01:41,678 INFO     Saving network params to trainNN/out/v045-unified-14-ga63bb92-dirty:simple-ff-ffv-adam-75-40-mintalklen-0/epoch-092.pkl
2017-01-26 21:01:41,892 INFO     epoch: 92 took 3.955s (0.003s in batching)
training loss:	0.573449
validation loss:	0.609502
validation error:	0.328421
2017-01-26 21:01:41,894 INFO     Wrote output to trainNN/out/v045-unified-14-ga63bb92-dirty:simple-ff-ffv-adam-75-40-mintalklen-0/config.json
2017-01-26 21:01:45,680 INFO     Saving network params to trainNN/out/v045-unified-14-ga63bb92-dirty:simple-ff-ffv-adam-75-40-mintalklen-0/epoch-093.pkl
2017-01-26 21:01:45,897 INFO     epoch: 93 took 4.005s (0.003s in batching)
training loss:	0.573349
validation loss:	0.605443
validation error:	0.326812
2017-01-26 21:01:45,899 INFO     Wrote output to trainNN/out/v045-unified-14-ga63bb92-dirty:simple-ff-ffv-adam-75-40-mintalklen-0/config.json
2017-01-26 21:01:49,646 INFO     Saving network params to trainNN/out/v045-unified-14-ga63bb92-dirty:simple-ff-ffv-adam-75-40-mintalklen-0/epoch-094.pkl
2017-01-26 21:01:49,868 INFO     epoch: 94 took 3.971s (0.003s in batching)
training loss:	0.573288
validation loss:	0.606898
validation error:	0.326902
2017-01-26 21:01:49,869 INFO     Wrote output to trainNN/out/v045-unified-14-ga63bb92-dirty:simple-ff-ffv-adam-75-40-mintalklen-0/config.json
2017-01-26 21:01:53,603 INFO     Saving network params to trainNN/out/v045-unified-14-ga63bb92-dirty:simple-ff-ffv-adam-75-40-mintalklen-0/epoch-095.pkl
2017-01-26 21:01:53,818 INFO     epoch: 95 took 3.950s (0.003s in batching)
training loss:	0.573270
validation loss:	0.606726
validation error:	0.325955
2017-01-26 21:01:53,819 INFO     Wrote output to trainNN/out/v045-unified-14-ga63bb92-dirty:simple-ff-ffv-adam-75-40-mintalklen-0/config.json
2017-01-26 21:01:57,578 INFO     Saving network params to trainNN/out/v045-unified-14-ga63bb92-dirty:simple-ff-ffv-adam-75-40-mintalklen-0/epoch-096.pkl
2017-01-26 21:01:57,821 INFO     epoch: 96 took 4.003s (0.003s in batching)
training loss:	0.573301
validation loss:	0.609140
validation error:	0.327323
2017-01-26 21:01:58,041 INFO     Wrote output to trainNN/out/v045-unified-14-ga63bb92-dirty:simple-ff-ffv-adam-75-40-mintalklen-0/config.json
2017-01-26 21:02:01,711 INFO     Saving network params to trainNN/out/v045-unified-14-ga63bb92-dirty:simple-ff-ffv-adam-75-40-mintalklen-0/epoch-097.pkl
2017-01-26 21:02:01,977 INFO     epoch: 97 took 4.156s (0.005s in batching)
training loss:	0.573141
validation loss:	0.608854
validation error:	0.326391
2017-01-26 21:02:02,029 INFO     Wrote output to trainNN/out/v045-unified-14-ga63bb92-dirty:simple-ff-ffv-adam-75-40-mintalklen-0/config.json
2017-01-26 21:02:05,725 INFO     Saving network params to trainNN/out/v045-unified-14-ga63bb92-dirty:simple-ff-ffv-adam-75-40-mintalklen-0/epoch-098.pkl
2017-01-26 21:02:05,942 INFO     epoch: 98 took 3.966s (0.003s in batching)
training loss:	0.572903
validation loss:	0.610090
validation error:	0.326722
2017-01-26 21:02:05,984 INFO     Wrote output to trainNN/out/v045-unified-14-ga63bb92-dirty:simple-ff-ffv-adam-75-40-mintalklen-0/config.json
2017-01-26 21:02:09,714 INFO     Saving network params to trainNN/out/v045-unified-14-ga63bb92-dirty:simple-ff-ffv-adam-75-40-mintalklen-0/epoch-099.pkl
2017-01-26 21:02:09,962 INFO     received exit signal, waiting for epoch to finish...
2017-01-26 21:02:10,194 INFO     epoch: 99 took 4.251s (0.003s in batching)
training loss:	0.572736
validation loss:	0.606078
validation error:	0.322677
2017-01-26 21:02:10,596 INFO     Wrote output to trainNN/out/v045-unified-14-ga63bb92-dirty:simple-ff-ffv-adam-75-40-mintalklen-0/config.json
