2017-02-12 00:21:23,772 DEBUG    version=v050-finunified-10-g9cd3a2f-dirty:lstm-best-context-1500ms
2017-02-12 00:22:01,366 DEBUG    loading cached extracted data from data/cache/extract-7a00b23850576d60137fa78432d8dfda09ea0f343092bd09848f21113b1acfd0.pickle
2017-02-12 00:22:02,388 DEBUG    set input dim to 9
2017-02-12 00:22:02,389 DEBUG    input dim = 9
2017-02-12 00:22:02,397 DEBUG    shuffling batches
2017-02-12 00:22:04,666 DEBUG    shuffling done
2017-02-12 00:22:04,667 DEBUG    loading data into ram
2017-02-12 00:22:04,743 DEBUG    loading data took 0.077s (cpu: 0.077s)
2017-02-12 00:22:07,593 DEBUG    set input dim to 9
2017-02-12 00:22:07,593 DEBUG    input dim = 9
2017-02-12 00:22:07,619 DEBUG    shuffling batches
2017-02-12 00:22:07,848 DEBUG    shuffling done
2017-02-12 00:22:07,848 DEBUG    loading data into ram
2017-02-12 00:22:07,856 DEBUG    loading data took 0.009s (cpu: 0.009s)
2017-02-12 00:22:07,936 DEBUG    Applying L2 regularization with 0.000100
2017-02-12 00:22:08,008 INFO     Training network with 37627 trainable out of 37837 total params.
2017-02-12 00:22:08,509 DEBUG    Using adam with learning_rate=0.001000
2017-02-12 00:22:26,098 DEBUG    Starting training...
2017-02-12 00:22:52,781 INFO     Saving network params to trainNN/out/v050-finunified-10-g9cd3a2f-dirty:lstm-best-context-1500ms/epoch-000.pkl
2017-02-12 00:22:53,354 INFO     epoch: 0 took 27.256s (0.001s in batching)
training loss:	0.618750
validation loss:	0.581761
validation error:	0.308800
2017-02-12 00:22:53,355 INFO     Wrote output to trainNN/out/v050-finunified-10-g9cd3a2f-dirty:lstm-best-context-1500ms/config.json
2017-02-12 00:23:19,959 INFO     Saving network params to trainNN/out/v050-finunified-10-g9cd3a2f-dirty:lstm-best-context-1500ms/epoch-001.pkl
2017-02-12 00:23:20,537 INFO     epoch: 1 took 27.182s (0.001s in batching)
training loss:	0.593195
validation loss:	0.574872
validation error:	0.300500
2017-02-12 00:23:20,537 INFO     Wrote output to trainNN/out/v050-finunified-10-g9cd3a2f-dirty:lstm-best-context-1500ms/config.json
2017-02-12 00:23:47,322 INFO     Saving network params to trainNN/out/v050-finunified-10-g9cd3a2f-dirty:lstm-best-context-1500ms/epoch-002.pkl
2017-02-12 00:23:47,887 INFO     epoch: 2 took 27.350s (0.001s in batching)
training loss:	0.584141
validation loss:	0.569008
validation error:	0.296000
2017-02-12 00:23:47,888 INFO     Wrote output to trainNN/out/v050-finunified-10-g9cd3a2f-dirty:lstm-best-context-1500ms/config.json
2017-02-12 00:24:14,717 INFO     Saving network params to trainNN/out/v050-finunified-10-g9cd3a2f-dirty:lstm-best-context-1500ms/epoch-003.pkl
2017-02-12 00:24:15,299 INFO     epoch: 3 took 27.412s (0.001s in batching)
training loss:	0.577711
validation loss:	0.562007
validation error:	0.288100
2017-02-12 00:24:15,299 INFO     Wrote output to trainNN/out/v050-finunified-10-g9cd3a2f-dirty:lstm-best-context-1500ms/config.json
2017-02-12 00:24:42,381 INFO     Saving network params to trainNN/out/v050-finunified-10-g9cd3a2f-dirty:lstm-best-context-1500ms/epoch-004.pkl
2017-02-12 00:24:42,950 INFO     epoch: 4 took 27.651s (0.001s in batching)
training loss:	0.571995
validation loss:	0.559276
validation error:	0.284400
2017-02-12 00:24:42,950 INFO     Wrote output to trainNN/out/v050-finunified-10-g9cd3a2f-dirty:lstm-best-context-1500ms/config.json
2017-02-12 00:25:09,637 INFO     Saving network params to trainNN/out/v050-finunified-10-g9cd3a2f-dirty:lstm-best-context-1500ms/epoch-005.pkl
2017-02-12 00:25:10,213 INFO     epoch: 5 took 27.263s (0.001s in batching)
training loss:	0.567703
validation loss:	0.556714
validation error:	0.281800
2017-02-12 00:25:10,214 INFO     Wrote output to trainNN/out/v050-finunified-10-g9cd3a2f-dirty:lstm-best-context-1500ms/config.json
2017-02-12 00:25:37,333 INFO     Saving network params to trainNN/out/v050-finunified-10-g9cd3a2f-dirty:lstm-best-context-1500ms/epoch-006.pkl
2017-02-12 00:25:37,931 INFO     epoch: 6 took 27.718s (0.001s in batching)
training loss:	0.564494
validation loss:	0.550108
validation error:	0.276100
2017-02-12 00:25:37,932 INFO     Wrote output to trainNN/out/v050-finunified-10-g9cd3a2f-dirty:lstm-best-context-1500ms/config.json
2017-02-12 00:26:05,058 INFO     Saving network params to trainNN/out/v050-finunified-10-g9cd3a2f-dirty:lstm-best-context-1500ms/epoch-007.pkl
2017-02-12 00:26:05,653 INFO     epoch: 7 took 27.722s (0.001s in batching)
training loss:	0.561266
validation loss:	0.548707
validation error:	0.275600
2017-02-12 00:26:05,654 INFO     Wrote output to trainNN/out/v050-finunified-10-g9cd3a2f-dirty:lstm-best-context-1500ms/config.json
2017-02-12 00:26:32,761 INFO     Saving network params to trainNN/out/v050-finunified-10-g9cd3a2f-dirty:lstm-best-context-1500ms/epoch-008.pkl
2017-02-12 00:26:33,342 INFO     epoch: 8 took 27.689s (0.001s in batching)
training loss:	0.559567
validation loss:	0.548220
validation error:	0.277700
2017-02-12 00:26:33,343 INFO     Wrote output to trainNN/out/v050-finunified-10-g9cd3a2f-dirty:lstm-best-context-1500ms/config.json
2017-02-12 00:26:59,988 INFO     Saving network params to trainNN/out/v050-finunified-10-g9cd3a2f-dirty:lstm-best-context-1500ms/epoch-009.pkl
2017-02-12 00:27:00,563 INFO     epoch: 9 took 27.221s (0.001s in batching)
training loss:	0.558144
validation loss:	0.545786
validation error:	0.273200
2017-02-12 00:27:00,564 INFO     Wrote output to trainNN/out/v050-finunified-10-g9cd3a2f-dirty:lstm-best-context-1500ms/config.json
2017-02-12 00:27:27,241 INFO     Saving network params to trainNN/out/v050-finunified-10-g9cd3a2f-dirty:lstm-best-context-1500ms/epoch-010.pkl
2017-02-12 00:27:27,814 INFO     epoch: 10 took 27.250s (0.001s in batching)
training loss:	0.556260
validation loss:	0.543974
validation error:	0.273500
2017-02-12 00:27:27,814 INFO     Wrote output to trainNN/out/v050-finunified-10-g9cd3a2f-dirty:lstm-best-context-1500ms/config.json
2017-02-12 00:27:54,573 INFO     Saving network params to trainNN/out/v050-finunified-10-g9cd3a2f-dirty:lstm-best-context-1500ms/epoch-011.pkl
2017-02-12 00:27:55,157 INFO     epoch: 11 took 27.343s (0.001s in batching)
training loss:	0.554492
validation loss:	0.542681
validation error:	0.271100
2017-02-12 00:27:55,158 INFO     Wrote output to trainNN/out/v050-finunified-10-g9cd3a2f-dirty:lstm-best-context-1500ms/config.json
2017-02-12 00:28:22,034 INFO     Saving network params to trainNN/out/v050-finunified-10-g9cd3a2f-dirty:lstm-best-context-1500ms/epoch-012.pkl
2017-02-12 00:28:22,613 INFO     epoch: 12 took 27.457s (0.001s in batching)
training loss:	0.554067
validation loss:	0.540870
validation error:	0.268800
2017-02-12 00:28:22,614 INFO     Wrote output to trainNN/out/v050-finunified-10-g9cd3a2f-dirty:lstm-best-context-1500ms/config.json
2017-02-12 00:28:49,641 INFO     Saving network params to trainNN/out/v050-finunified-10-g9cd3a2f-dirty:lstm-best-context-1500ms/epoch-013.pkl
2017-02-12 00:28:50,247 INFO     epoch: 13 took 27.633s (0.001s in batching)
training loss:	0.552436
validation loss:	0.540857
validation error:	0.268100
2017-02-12 00:28:50,248 INFO     Wrote output to trainNN/out/v050-finunified-10-g9cd3a2f-dirty:lstm-best-context-1500ms/config.json
2017-02-12 00:29:17,063 INFO     Saving network params to trainNN/out/v050-finunified-10-g9cd3a2f-dirty:lstm-best-context-1500ms/epoch-014.pkl
2017-02-12 00:29:17,638 INFO     epoch: 14 took 27.391s (0.001s in batching)
training loss:	0.551735
validation loss:	0.541345
validation error:	0.272900
2017-02-12 00:29:17,639 INFO     Wrote output to trainNN/out/v050-finunified-10-g9cd3a2f-dirty:lstm-best-context-1500ms/config.json
2017-02-12 00:29:44,794 INFO     Saving network params to trainNN/out/v050-finunified-10-g9cd3a2f-dirty:lstm-best-context-1500ms/epoch-015.pkl
2017-02-12 00:29:45,375 INFO     epoch: 15 took 27.737s (0.001s in batching)
training loss:	0.551088
validation loss:	0.544667
validation error:	0.274700
2017-02-12 00:29:45,376 INFO     Wrote output to trainNN/out/v050-finunified-10-g9cd3a2f-dirty:lstm-best-context-1500ms/config.json
2017-02-12 00:30:12,452 INFO     Saving network params to trainNN/out/v050-finunified-10-g9cd3a2f-dirty:lstm-best-context-1500ms/epoch-016.pkl
2017-02-12 00:30:13,031 INFO     epoch: 16 took 27.657s (0.001s in batching)
training loss:	0.549340
validation loss:	0.541145
validation error:	0.270700
2017-02-12 00:30:13,032 INFO     Wrote output to trainNN/out/v050-finunified-10-g9cd3a2f-dirty:lstm-best-context-1500ms/config.json
2017-02-12 00:30:39,676 INFO     Saving network params to trainNN/out/v050-finunified-10-g9cd3a2f-dirty:lstm-best-context-1500ms/epoch-017.pkl
2017-02-12 00:30:40,249 INFO     epoch: 17 took 27.218s (0.001s in batching)
training loss:	0.547668
validation loss:	0.535716
validation error:	0.269600
2017-02-12 00:30:40,250 INFO     Wrote output to trainNN/out/v050-finunified-10-g9cd3a2f-dirty:lstm-best-context-1500ms/config.json
2017-02-12 00:31:06,917 INFO     Saving network params to trainNN/out/v050-finunified-10-g9cd3a2f-dirty:lstm-best-context-1500ms/epoch-018.pkl
2017-02-12 00:31:07,491 INFO     epoch: 18 took 27.242s (0.001s in batching)
training loss:	0.547636
validation loss:	0.534543
validation error:	0.266500
2017-02-12 00:31:07,492 INFO     Wrote output to trainNN/out/v050-finunified-10-g9cd3a2f-dirty:lstm-best-context-1500ms/config.json
2017-02-12 00:31:34,355 INFO     Saving network params to trainNN/out/v050-finunified-10-g9cd3a2f-dirty:lstm-best-context-1500ms/epoch-019.pkl
2017-02-12 00:31:34,923 INFO     epoch: 19 took 27.432s (0.001s in batching)
training loss:	0.545807
validation loss:	0.541960
validation error:	0.275200
2017-02-12 00:31:34,924 INFO     Wrote output to trainNN/out/v050-finunified-10-g9cd3a2f-dirty:lstm-best-context-1500ms/config.json
2017-02-12 00:32:01,519 INFO     Saving network params to trainNN/out/v050-finunified-10-g9cd3a2f-dirty:lstm-best-context-1500ms/epoch-020.pkl
2017-02-12 00:32:02,142 INFO     epoch: 20 took 27.219s (0.001s in batching)
training loss:	0.546079
validation loss:	0.534818
validation error:	0.264700
2017-02-12 00:32:02,143 INFO     Wrote output to trainNN/out/v050-finunified-10-g9cd3a2f-dirty:lstm-best-context-1500ms/config.json
2017-02-12 00:32:29,056 INFO     Saving network params to trainNN/out/v050-finunified-10-g9cd3a2f-dirty:lstm-best-context-1500ms/epoch-021.pkl
2017-02-12 00:32:29,629 INFO     epoch: 21 took 27.487s (0.001s in batching)
training loss:	0.544089
validation loss:	0.532204
validation error:	0.265800
2017-02-12 00:32:29,630 INFO     Wrote output to trainNN/out/v050-finunified-10-g9cd3a2f-dirty:lstm-best-context-1500ms/config.json
2017-02-12 00:32:56,303 INFO     Saving network params to trainNN/out/v050-finunified-10-g9cd3a2f-dirty:lstm-best-context-1500ms/epoch-022.pkl
2017-02-12 00:32:56,877 INFO     epoch: 22 took 27.247s (0.001s in batching)
training loss:	0.542539
validation loss:	0.532938
validation error:	0.262200
2017-02-12 00:32:56,878 INFO     Wrote output to trainNN/out/v050-finunified-10-g9cd3a2f-dirty:lstm-best-context-1500ms/config.json
2017-02-12 00:33:23,500 INFO     Saving network params to trainNN/out/v050-finunified-10-g9cd3a2f-dirty:lstm-best-context-1500ms/epoch-023.pkl
2017-02-12 00:33:24,073 INFO     epoch: 23 took 27.196s (0.001s in batching)
training loss:	0.541723
validation loss:	0.529380
validation error:	0.263500
2017-02-12 00:33:24,074 INFO     Wrote output to trainNN/out/v050-finunified-10-g9cd3a2f-dirty:lstm-best-context-1500ms/config.json
2017-02-12 00:33:50,631 INFO     Saving network params to trainNN/out/v050-finunified-10-g9cd3a2f-dirty:lstm-best-context-1500ms/epoch-024.pkl
2017-02-12 00:33:51,200 INFO     epoch: 24 took 27.127s (0.001s in batching)
training loss:	0.540739
validation loss:	0.529821
validation error:	0.262200
2017-02-12 00:33:51,201 INFO     Wrote output to trainNN/out/v050-finunified-10-g9cd3a2f-dirty:lstm-best-context-1500ms/config.json
2017-02-12 00:34:17,751 INFO     Saving network params to trainNN/out/v050-finunified-10-g9cd3a2f-dirty:lstm-best-context-1500ms/epoch-025.pkl
2017-02-12 00:34:18,325 INFO     epoch: 25 took 27.125s (0.001s in batching)
training loss:	0.540412
validation loss:	0.527825
validation error:	0.259300
2017-02-12 00:34:18,326 INFO     Wrote output to trainNN/out/v050-finunified-10-g9cd3a2f-dirty:lstm-best-context-1500ms/config.json
2017-02-12 00:34:44,957 INFO     Saving network params to trainNN/out/v050-finunified-10-g9cd3a2f-dirty:lstm-best-context-1500ms/epoch-026.pkl
2017-02-12 00:34:45,524 INFO     epoch: 26 took 27.199s (0.001s in batching)
training loss:	0.539004
validation loss:	0.526533
validation error:	0.260400
2017-02-12 00:34:45,525 INFO     Wrote output to trainNN/out/v050-finunified-10-g9cd3a2f-dirty:lstm-best-context-1500ms/config.json
2017-02-12 00:35:12,119 INFO     Saving network params to trainNN/out/v050-finunified-10-g9cd3a2f-dirty:lstm-best-context-1500ms/epoch-027.pkl
2017-02-12 00:35:12,688 INFO     epoch: 27 took 27.164s (0.001s in batching)
training loss:	0.538024
validation loss:	0.527548
validation error:	0.262100
2017-02-12 00:35:12,689 INFO     Wrote output to trainNN/out/v050-finunified-10-g9cd3a2f-dirty:lstm-best-context-1500ms/config.json
2017-02-12 00:35:39,334 INFO     Saving network params to trainNN/out/v050-finunified-10-g9cd3a2f-dirty:lstm-best-context-1500ms/epoch-028.pkl
2017-02-12 00:35:39,905 INFO     epoch: 28 took 27.217s (0.001s in batching)
training loss:	0.537386
validation loss:	0.525013
validation error:	0.259300
2017-02-12 00:35:39,907 INFO     Wrote output to trainNN/out/v050-finunified-10-g9cd3a2f-dirty:lstm-best-context-1500ms/config.json
2017-02-12 00:36:06,567 INFO     Saving network params to trainNN/out/v050-finunified-10-g9cd3a2f-dirty:lstm-best-context-1500ms/epoch-029.pkl
2017-02-12 00:36:07,145 INFO     epoch: 29 took 27.239s (0.001s in batching)
training loss:	0.536244
validation loss:	0.524589
validation error:	0.260000
2017-02-12 00:36:07,146 INFO     Wrote output to trainNN/out/v050-finunified-10-g9cd3a2f-dirty:lstm-best-context-1500ms/config.json
2017-02-12 00:36:33,811 INFO     Saving network params to trainNN/out/v050-finunified-10-g9cd3a2f-dirty:lstm-best-context-1500ms/epoch-030.pkl
2017-02-12 00:36:34,386 INFO     epoch: 30 took 27.241s (0.001s in batching)
training loss:	0.535304
validation loss:	0.530888
validation error:	0.262200
2017-02-12 00:36:34,387 INFO     Wrote output to trainNN/out/v050-finunified-10-g9cd3a2f-dirty:lstm-best-context-1500ms/config.json
2017-02-12 00:37:01,085 INFO     Saving network params to trainNN/out/v050-finunified-10-g9cd3a2f-dirty:lstm-best-context-1500ms/epoch-031.pkl
2017-02-12 00:37:01,653 INFO     epoch: 31 took 27.267s (0.001s in batching)
training loss:	0.535143
validation loss:	0.523957
validation error:	0.257300
2017-02-12 00:37:01,654 INFO     Wrote output to trainNN/out/v050-finunified-10-g9cd3a2f-dirty:lstm-best-context-1500ms/config.json
2017-02-12 00:37:28,226 INFO     Saving network params to trainNN/out/v050-finunified-10-g9cd3a2f-dirty:lstm-best-context-1500ms/epoch-032.pkl
2017-02-12 00:37:28,791 INFO     epoch: 32 took 27.138s (0.001s in batching)
training loss:	0.534266
validation loss:	0.522662
validation error:	0.255900
2017-02-12 00:37:28,792 INFO     Wrote output to trainNN/out/v050-finunified-10-g9cd3a2f-dirty:lstm-best-context-1500ms/config.json
2017-02-12 00:37:55,454 INFO     Saving network params to trainNN/out/v050-finunified-10-g9cd3a2f-dirty:lstm-best-context-1500ms/epoch-033.pkl
2017-02-12 00:37:56,024 INFO     epoch: 33 took 27.232s (0.001s in batching)
training loss:	0.533623
validation loss:	0.525436
validation error:	0.260500
2017-02-12 00:37:56,025 INFO     Wrote output to trainNN/out/v050-finunified-10-g9cd3a2f-dirty:lstm-best-context-1500ms/config.json
2017-02-12 00:38:22,760 INFO     Saving network params to trainNN/out/v050-finunified-10-g9cd3a2f-dirty:lstm-best-context-1500ms/epoch-034.pkl
2017-02-12 00:38:23,335 INFO     epoch: 34 took 27.311s (0.001s in batching)
training loss:	0.533399
validation loss:	0.521284
validation error:	0.256700
2017-02-12 00:38:23,336 INFO     Wrote output to trainNN/out/v050-finunified-10-g9cd3a2f-dirty:lstm-best-context-1500ms/config.json
2017-02-12 00:38:50,127 INFO     Saving network params to trainNN/out/v050-finunified-10-g9cd3a2f-dirty:lstm-best-context-1500ms/epoch-035.pkl
2017-02-12 00:38:50,692 INFO     epoch: 35 took 27.357s (0.001s in batching)
training loss:	0.533135
validation loss:	0.522188
validation error:	0.256300
2017-02-12 00:38:50,693 INFO     Wrote output to trainNN/out/v050-finunified-10-g9cd3a2f-dirty:lstm-best-context-1500ms/config.json
2017-02-12 00:39:17,412 INFO     Saving network params to trainNN/out/v050-finunified-10-g9cd3a2f-dirty:lstm-best-context-1500ms/epoch-036.pkl
2017-02-12 00:39:17,985 INFO     epoch: 36 took 27.293s (0.001s in batching)
training loss:	0.532287
validation loss:	0.520404
validation error:	0.257900
2017-02-12 00:39:17,986 INFO     Wrote output to trainNN/out/v050-finunified-10-g9cd3a2f-dirty:lstm-best-context-1500ms/config.json
2017-02-12 00:39:44,545 INFO     Saving network params to trainNN/out/v050-finunified-10-g9cd3a2f-dirty:lstm-best-context-1500ms/epoch-037.pkl
2017-02-12 00:39:45,113 INFO     epoch: 37 took 27.128s (0.001s in batching)
training loss:	0.531236
validation loss:	0.523413
validation error:	0.261500
2017-02-12 00:39:45,114 INFO     Wrote output to trainNN/out/v050-finunified-10-g9cd3a2f-dirty:lstm-best-context-1500ms/config.json
2017-02-12 00:40:11,821 INFO     Saving network params to trainNN/out/v050-finunified-10-g9cd3a2f-dirty:lstm-best-context-1500ms/epoch-038.pkl
2017-02-12 00:40:12,394 INFO     epoch: 38 took 27.281s (0.001s in batching)
training loss:	0.531064
validation loss:	0.519734
validation error:	0.256500
2017-02-12 00:40:12,395 INFO     Wrote output to trainNN/out/v050-finunified-10-g9cd3a2f-dirty:lstm-best-context-1500ms/config.json
2017-02-12 00:40:39,128 INFO     Saving network params to trainNN/out/v050-finunified-10-g9cd3a2f-dirty:lstm-best-context-1500ms/epoch-039.pkl
2017-02-12 00:40:39,705 INFO     epoch: 39 took 27.311s (0.001s in batching)
training loss:	0.530748
validation loss:	0.521765
validation error:	0.255900
2017-02-12 00:40:39,706 INFO     Wrote output to trainNN/out/v050-finunified-10-g9cd3a2f-dirty:lstm-best-context-1500ms/config.json
2017-02-12 00:41:06,489 INFO     Saving network params to trainNN/out/v050-finunified-10-g9cd3a2f-dirty:lstm-best-context-1500ms/epoch-040.pkl
2017-02-12 00:41:07,057 INFO     epoch: 40 took 27.352s (0.001s in batching)
training loss:	0.530443
validation loss:	0.519738
validation error:	0.256500
2017-02-12 00:41:07,058 INFO     Wrote output to trainNN/out/v050-finunified-10-g9cd3a2f-dirty:lstm-best-context-1500ms/config.json
2017-02-12 00:41:33,830 INFO     Saving network params to trainNN/out/v050-finunified-10-g9cd3a2f-dirty:lstm-best-context-1500ms/epoch-041.pkl
2017-02-12 00:41:34,402 INFO     epoch: 41 took 27.345s (0.001s in batching)
training loss:	0.529904
validation loss:	0.518597
validation error:	0.253600
2017-02-12 00:41:34,403 INFO     Wrote output to trainNN/out/v050-finunified-10-g9cd3a2f-dirty:lstm-best-context-1500ms/config.json
2017-02-12 00:42:01,257 INFO     Saving network params to trainNN/out/v050-finunified-10-g9cd3a2f-dirty:lstm-best-context-1500ms/epoch-042.pkl
2017-02-12 00:42:01,827 INFO     epoch: 42 took 27.425s (0.001s in batching)
training loss:	0.529543
validation loss:	0.520859
validation error:	0.256700
2017-02-12 00:42:01,829 INFO     Wrote output to trainNN/out/v050-finunified-10-g9cd3a2f-dirty:lstm-best-context-1500ms/config.json
2017-02-12 00:42:28,582 INFO     Saving network params to trainNN/out/v050-finunified-10-g9cd3a2f-dirty:lstm-best-context-1500ms/epoch-043.pkl
2017-02-12 00:42:29,146 INFO     epoch: 43 took 27.319s (0.001s in batching)
training loss:	0.529111
validation loss:	0.519090
validation error:	0.255500
2017-02-12 00:42:29,147 INFO     Wrote output to trainNN/out/v050-finunified-10-g9cd3a2f-dirty:lstm-best-context-1500ms/config.json
2017-02-12 00:42:55,734 INFO     Saving network params to trainNN/out/v050-finunified-10-g9cd3a2f-dirty:lstm-best-context-1500ms/epoch-044.pkl
2017-02-12 00:42:56,320 INFO     epoch: 44 took 27.174s (0.001s in batching)
training loss:	0.528230
validation loss:	0.522737
validation error:	0.260000
2017-02-12 00:42:56,321 INFO     Wrote output to trainNN/out/v050-finunified-10-g9cd3a2f-dirty:lstm-best-context-1500ms/config.json
2017-02-12 00:43:22,881 INFO     Saving network params to trainNN/out/v050-finunified-10-g9cd3a2f-dirty:lstm-best-context-1500ms/epoch-045.pkl
2017-02-12 00:43:23,455 INFO     epoch: 45 took 27.135s (0.001s in batching)
training loss:	0.528852
validation loss:	0.518419
validation error:	0.257000
2017-02-12 00:43:23,456 INFO     Wrote output to trainNN/out/v050-finunified-10-g9cd3a2f-dirty:lstm-best-context-1500ms/config.json
2017-02-12 00:43:50,379 INFO     Saving network params to trainNN/out/v050-finunified-10-g9cd3a2f-dirty:lstm-best-context-1500ms/epoch-046.pkl
2017-02-12 00:43:50,946 INFO     epoch: 46 took 27.491s (0.001s in batching)
training loss:	0.527935
validation loss:	0.519390
validation error:	0.256400
2017-02-12 00:43:50,947 INFO     Wrote output to trainNN/out/v050-finunified-10-g9cd3a2f-dirty:lstm-best-context-1500ms/config.json
2017-02-12 00:44:17,858 INFO     Saving network params to trainNN/out/v050-finunified-10-g9cd3a2f-dirty:lstm-best-context-1500ms/epoch-047.pkl
2017-02-12 00:44:18,433 INFO     epoch: 47 took 27.488s (0.001s in batching)
training loss:	0.528215
validation loss:	0.518001
validation error:	0.255000
2017-02-12 00:44:18,434 INFO     Wrote output to trainNN/out/v050-finunified-10-g9cd3a2f-dirty:lstm-best-context-1500ms/config.json
2017-02-12 00:44:45,414 INFO     Saving network params to trainNN/out/v050-finunified-10-g9cd3a2f-dirty:lstm-best-context-1500ms/epoch-048.pkl
2017-02-12 00:44:45,995 INFO     epoch: 48 took 27.562s (0.001s in batching)
training loss:	0.527468
validation loss:	0.520118
validation error:	0.260200
2017-02-12 00:44:45,996 INFO     Wrote output to trainNN/out/v050-finunified-10-g9cd3a2f-dirty:lstm-best-context-1500ms/config.json
2017-02-12 00:45:12,732 INFO     Saving network params to trainNN/out/v050-finunified-10-g9cd3a2f-dirty:lstm-best-context-1500ms/epoch-049.pkl
2017-02-12 00:45:13,302 INFO     epoch: 49 took 27.307s (0.001s in batching)
training loss:	0.527013
validation loss:	0.518904
validation error:	0.255800
2017-02-12 00:45:13,303 INFO     Wrote output to trainNN/out/v050-finunified-10-g9cd3a2f-dirty:lstm-best-context-1500ms/config.json
2017-02-12 00:45:39,763 INFO     Saving network params to trainNN/out/v050-finunified-10-g9cd3a2f-dirty:lstm-best-context-1500ms/epoch-050.pkl
2017-02-12 00:45:40,335 INFO     epoch: 50 took 27.033s (0.001s in batching)
training loss:	0.526801
validation loss:	0.518815
validation error:	0.255600
2017-02-12 00:45:40,336 INFO     Wrote output to trainNN/out/v050-finunified-10-g9cd3a2f-dirty:lstm-best-context-1500ms/config.json
2017-02-12 00:46:06,996 INFO     Saving network params to trainNN/out/v050-finunified-10-g9cd3a2f-dirty:lstm-best-context-1500ms/epoch-051.pkl
2017-02-12 00:46:07,561 INFO     epoch: 51 took 27.226s (0.001s in batching)
training loss:	0.525794
validation loss:	0.519422
validation error:	0.256500
2017-02-12 00:46:07,562 INFO     Wrote output to trainNN/out/v050-finunified-10-g9cd3a2f-dirty:lstm-best-context-1500ms/config.json
2017-02-12 00:46:34,176 INFO     Saving network params to trainNN/out/v050-finunified-10-g9cd3a2f-dirty:lstm-best-context-1500ms/epoch-052.pkl
2017-02-12 00:46:34,743 INFO     epoch: 52 took 27.182s (0.001s in batching)
training loss:	0.525218
validation loss:	0.517010
validation error:	0.256600
2017-02-12 00:46:34,744 INFO     Wrote output to trainNN/out/v050-finunified-10-g9cd3a2f-dirty:lstm-best-context-1500ms/config.json
2017-02-12 00:47:01,385 INFO     Saving network params to trainNN/out/v050-finunified-10-g9cd3a2f-dirty:lstm-best-context-1500ms/epoch-053.pkl
2017-02-12 00:47:01,953 INFO     epoch: 53 took 27.211s (0.001s in batching)
training loss:	0.525871
validation loss:	0.518414
validation error:	0.257600
2017-02-12 00:47:01,955 INFO     Wrote output to trainNN/out/v050-finunified-10-g9cd3a2f-dirty:lstm-best-context-1500ms/config.json
2017-02-12 00:47:28,547 INFO     Saving network params to trainNN/out/v050-finunified-10-g9cd3a2f-dirty:lstm-best-context-1500ms/epoch-054.pkl
2017-02-12 00:47:29,118 INFO     epoch: 54 took 27.165s (0.001s in batching)
training loss:	0.525194
validation loss:	0.516959
validation error:	0.255400
2017-02-12 00:47:29,120 INFO     Wrote output to trainNN/out/v050-finunified-10-g9cd3a2f-dirty:lstm-best-context-1500ms/config.json
2017-02-12 00:47:55,752 INFO     Saving network params to trainNN/out/v050-finunified-10-g9cd3a2f-dirty:lstm-best-context-1500ms/epoch-055.pkl
2017-02-12 00:47:56,318 INFO     epoch: 55 took 27.200s (0.001s in batching)
training loss:	0.524663
validation loss:	0.522229
validation error:	0.255800
2017-02-12 00:47:56,320 INFO     Wrote output to trainNN/out/v050-finunified-10-g9cd3a2f-dirty:lstm-best-context-1500ms/config.json
2017-02-12 00:48:23,119 INFO     Saving network params to trainNN/out/v050-finunified-10-g9cd3a2f-dirty:lstm-best-context-1500ms/epoch-056.pkl
2017-02-12 00:48:23,685 INFO     epoch: 56 took 27.366s (0.001s in batching)
training loss:	0.524201
validation loss:	0.523240
validation error:	0.256300
2017-02-12 00:48:23,686 INFO     Wrote output to trainNN/out/v050-finunified-10-g9cd3a2f-dirty:lstm-best-context-1500ms/config.json
2017-02-12 00:48:50,292 INFO     Saving network params to trainNN/out/v050-finunified-10-g9cd3a2f-dirty:lstm-best-context-1500ms/epoch-057.pkl
2017-02-12 00:48:50,857 INFO     epoch: 57 took 27.172s (0.001s in batching)
training loss:	0.523773
validation loss:	0.517098
validation error:	0.258400
2017-02-12 00:48:50,858 INFO     Wrote output to trainNN/out/v050-finunified-10-g9cd3a2f-dirty:lstm-best-context-1500ms/config.json
2017-02-12 00:49:17,427 INFO     Saving network params to trainNN/out/v050-finunified-10-g9cd3a2f-dirty:lstm-best-context-1500ms/epoch-058.pkl
2017-02-12 00:49:18,001 INFO     epoch: 58 took 27.144s (0.001s in batching)
training loss:	0.523877
validation loss:	0.517491
validation error:	0.253700
2017-02-12 00:49:18,003 INFO     Wrote output to trainNN/out/v050-finunified-10-g9cd3a2f-dirty:lstm-best-context-1500ms/config.json
2017-02-12 00:49:44,636 INFO     Saving network params to trainNN/out/v050-finunified-10-g9cd3a2f-dirty:lstm-best-context-1500ms/epoch-059.pkl
2017-02-12 00:49:45,227 INFO     epoch: 59 took 27.226s (0.001s in batching)
training loss:	0.523702
validation loss:	0.518586
validation error:	0.255800
2017-02-12 00:49:45,228 INFO     Wrote output to trainNN/out/v050-finunified-10-g9cd3a2f-dirty:lstm-best-context-1500ms/config.json
2017-02-12 00:50:12,011 INFO     Saving network params to trainNN/out/v050-finunified-10-g9cd3a2f-dirty:lstm-best-context-1500ms/epoch-060.pkl
2017-02-12 00:50:12,580 INFO     epoch: 60 took 27.354s (0.001s in batching)
training loss:	0.523614
validation loss:	0.517352
validation error:	0.254800
2017-02-12 00:50:12,582 INFO     Wrote output to trainNN/out/v050-finunified-10-g9cd3a2f-dirty:lstm-best-context-1500ms/config.json
2017-02-12 00:50:39,294 INFO     Saving network params to trainNN/out/v050-finunified-10-g9cd3a2f-dirty:lstm-best-context-1500ms/epoch-061.pkl
2017-02-12 00:50:39,861 INFO     epoch: 61 took 27.281s (0.001s in batching)
training loss:	0.523349
validation loss:	0.522008
validation error:	0.261400
2017-02-12 00:50:39,863 INFO     Wrote output to trainNN/out/v050-finunified-10-g9cd3a2f-dirty:lstm-best-context-1500ms/config.json
2017-02-12 00:51:06,486 INFO     Saving network params to trainNN/out/v050-finunified-10-g9cd3a2f-dirty:lstm-best-context-1500ms/epoch-062.pkl
2017-02-12 00:51:07,069 INFO     epoch: 62 took 27.208s (0.001s in batching)
training loss:	0.523077
validation loss:	0.520802
validation error:	0.257900
2017-02-12 00:51:07,072 INFO     Wrote output to trainNN/out/v050-finunified-10-g9cd3a2f-dirty:lstm-best-context-1500ms/config.json
2017-02-12 00:51:33,756 INFO     Saving network params to trainNN/out/v050-finunified-10-g9cd3a2f-dirty:lstm-best-context-1500ms/epoch-063.pkl
2017-02-12 00:51:34,325 INFO     epoch: 63 took 27.256s (0.001s in batching)
training loss:	0.521898
validation loss:	0.516107
validation error:	0.256200
2017-02-12 00:51:34,327 INFO     Wrote output to trainNN/out/v050-finunified-10-g9cd3a2f-dirty:lstm-best-context-1500ms/config.json
2017-02-12 00:52:00,857 INFO     Saving network params to trainNN/out/v050-finunified-10-g9cd3a2f-dirty:lstm-best-context-1500ms/epoch-064.pkl
2017-02-12 00:52:01,425 INFO     epoch: 64 took 27.099s (0.001s in batching)
training loss:	0.522539
validation loss:	0.521627
validation error:	0.260300
2017-02-12 00:52:01,426 INFO     Wrote output to trainNN/out/v050-finunified-10-g9cd3a2f-dirty:lstm-best-context-1500ms/config.json
2017-02-12 00:52:27,996 INFO     Saving network params to trainNN/out/v050-finunified-10-g9cd3a2f-dirty:lstm-best-context-1500ms/epoch-065.pkl
2017-02-12 00:52:28,567 INFO     epoch: 65 took 27.142s (0.001s in batching)
training loss:	0.522495
validation loss:	0.519534
validation error:	0.255800
2017-02-12 00:52:28,569 INFO     Wrote output to trainNN/out/v050-finunified-10-g9cd3a2f-dirty:lstm-best-context-1500ms/config.json
2017-02-12 00:52:55,319 INFO     Saving network params to trainNN/out/v050-finunified-10-g9cd3a2f-dirty:lstm-best-context-1500ms/epoch-066.pkl
2017-02-12 00:52:55,894 INFO     epoch: 66 took 27.327s (0.001s in batching)
training loss:	0.521600
validation loss:	0.516266
validation error:	0.256300
2017-02-12 00:52:55,895 INFO     Wrote output to trainNN/out/v050-finunified-10-g9cd3a2f-dirty:lstm-best-context-1500ms/config.json
2017-02-12 00:53:22,642 INFO     Saving network params to trainNN/out/v050-finunified-10-g9cd3a2f-dirty:lstm-best-context-1500ms/epoch-067.pkl
2017-02-12 00:53:23,216 INFO     epoch: 67 took 27.322s (0.001s in batching)
training loss:	0.521295
validation loss:	0.516170
validation error:	0.256900
2017-02-12 00:53:23,218 INFO     Wrote output to trainNN/out/v050-finunified-10-g9cd3a2f-dirty:lstm-best-context-1500ms/config.json
2017-02-12 00:53:49,873 INFO     Saving network params to trainNN/out/v050-finunified-10-g9cd3a2f-dirty:lstm-best-context-1500ms/epoch-068.pkl
2017-02-12 00:53:50,443 INFO     epoch: 68 took 27.227s (0.001s in batching)
training loss:	0.521541
validation loss:	0.517932
validation error:	0.256900
2017-02-12 00:53:50,445 INFO     Wrote output to trainNN/out/v050-finunified-10-g9cd3a2f-dirty:lstm-best-context-1500ms/config.json
2017-02-12 00:54:17,112 INFO     Saving network params to trainNN/out/v050-finunified-10-g9cd3a2f-dirty:lstm-best-context-1500ms/epoch-069.pkl
2017-02-12 00:54:17,681 INFO     epoch: 69 took 27.238s (0.001s in batching)
training loss:	0.520911
validation loss:	0.514253
validation error:	0.256900
2017-02-12 00:54:17,683 INFO     Wrote output to trainNN/out/v050-finunified-10-g9cd3a2f-dirty:lstm-best-context-1500ms/config.json
2017-02-12 00:54:44,622 INFO     Saving network params to trainNN/out/v050-finunified-10-g9cd3a2f-dirty:lstm-best-context-1500ms/epoch-070.pkl
2017-02-12 00:54:45,197 INFO     epoch: 70 took 27.516s (0.001s in batching)
training loss:	0.520676
validation loss:	0.516301
validation error:	0.255300
2017-02-12 00:54:45,199 INFO     Wrote output to trainNN/out/v050-finunified-10-g9cd3a2f-dirty:lstm-best-context-1500ms/config.json
2017-02-12 00:55:13,112 INFO     Saving network params to trainNN/out/v050-finunified-10-g9cd3a2f-dirty:lstm-best-context-1500ms/epoch-071.pkl
2017-02-12 00:55:13,679 INFO     epoch: 71 took 28.482s (0.001s in batching)
training loss:	0.520201
validation loss:	0.517848
validation error:	0.256700
2017-02-12 00:55:13,681 INFO     Wrote output to trainNN/out/v050-finunified-10-g9cd3a2f-dirty:lstm-best-context-1500ms/config.json
2017-02-12 00:55:40,357 INFO     Saving network params to trainNN/out/v050-finunified-10-g9cd3a2f-dirty:lstm-best-context-1500ms/epoch-072.pkl
2017-02-12 00:55:40,926 INFO     epoch: 72 took 27.247s (0.001s in batching)
training loss:	0.520490
validation loss:	0.518808
validation error:	0.257900
2017-02-12 00:55:40,928 INFO     Wrote output to trainNN/out/v050-finunified-10-g9cd3a2f-dirty:lstm-best-context-1500ms/config.json
2017-02-12 00:56:08,724 INFO     Saving network params to trainNN/out/v050-finunified-10-g9cd3a2f-dirty:lstm-best-context-1500ms/epoch-073.pkl
2017-02-12 00:56:09,288 INFO     epoch: 73 took 28.362s (0.001s in batching)
training loss:	0.519755
validation loss:	0.516807
validation error:	0.253600
2017-02-12 00:56:09,289 INFO     Wrote output to trainNN/out/v050-finunified-10-g9cd3a2f-dirty:lstm-best-context-1500ms/config.json
2017-02-12 00:56:35,934 INFO     Saving network params to trainNN/out/v050-finunified-10-g9cd3a2f-dirty:lstm-best-context-1500ms/epoch-074.pkl
2017-02-12 00:56:36,552 INFO     epoch: 74 took 27.264s (0.001s in batching)
training loss:	0.519815
validation loss:	0.517817
validation error:	0.255900
2017-02-12 00:56:36,554 INFO     Wrote output to trainNN/out/v050-finunified-10-g9cd3a2f-dirty:lstm-best-context-1500ms/config.json
2017-02-12 00:57:03,209 INFO     Saving network params to trainNN/out/v050-finunified-10-g9cd3a2f-dirty:lstm-best-context-1500ms/epoch-075.pkl
2017-02-12 00:57:03,792 INFO     epoch: 75 took 27.240s (0.001s in batching)
training loss:	0.519479
validation loss:	0.515699
validation error:	0.256300
2017-02-12 00:57:03,794 INFO     Wrote output to trainNN/out/v050-finunified-10-g9cd3a2f-dirty:lstm-best-context-1500ms/config.json
2017-02-12 00:57:30,536 INFO     Saving network params to trainNN/out/v050-finunified-10-g9cd3a2f-dirty:lstm-best-context-1500ms/epoch-076.pkl
2017-02-12 00:57:31,104 INFO     epoch: 76 took 27.312s (0.001s in batching)
training loss:	0.519434
validation loss:	0.522185
validation error:	0.256200
2017-02-12 00:57:31,106 INFO     Wrote output to trainNN/out/v050-finunified-10-g9cd3a2f-dirty:lstm-best-context-1500ms/config.json
2017-02-12 00:57:57,741 INFO     Saving network params to trainNN/out/v050-finunified-10-g9cd3a2f-dirty:lstm-best-context-1500ms/epoch-077.pkl
2017-02-12 00:57:58,309 INFO     epoch: 77 took 27.205s (0.001s in batching)
training loss:	0.519294
validation loss:	0.516736
validation error:	0.257900
2017-02-12 00:57:58,311 INFO     Wrote output to trainNN/out/v050-finunified-10-g9cd3a2f-dirty:lstm-best-context-1500ms/config.json
2017-02-12 00:58:25,072 INFO     Saving network params to trainNN/out/v050-finunified-10-g9cd3a2f-dirty:lstm-best-context-1500ms/epoch-078.pkl
2017-02-12 00:58:25,667 INFO     epoch: 78 took 27.358s (0.001s in batching)
training loss:	0.518986
validation loss:	0.520562
validation error:	0.260100
2017-02-12 00:58:25,669 INFO     Wrote output to trainNN/out/v050-finunified-10-g9cd3a2f-dirty:lstm-best-context-1500ms/config.json
2017-02-12 00:58:52,375 INFO     Saving network params to trainNN/out/v050-finunified-10-g9cd3a2f-dirty:lstm-best-context-1500ms/epoch-079.pkl
2017-02-12 00:58:52,944 INFO     epoch: 79 took 27.277s (0.001s in batching)
training loss:	0.518719
validation loss:	0.515211
validation error:	0.252900
2017-02-12 00:58:52,945 INFO     Wrote output to trainNN/out/v050-finunified-10-g9cd3a2f-dirty:lstm-best-context-1500ms/config.json
2017-02-12 00:59:19,578 INFO     Saving network params to trainNN/out/v050-finunified-10-g9cd3a2f-dirty:lstm-best-context-1500ms/epoch-080.pkl
2017-02-12 00:59:20,162 INFO     epoch: 80 took 27.218s (0.001s in batching)
training loss:	0.518607
validation loss:	0.515057
validation error:	0.250400
2017-02-12 00:59:20,164 INFO     Wrote output to trainNN/out/v050-finunified-10-g9cd3a2f-dirty:lstm-best-context-1500ms/config.json
2017-02-12 00:59:46,744 INFO     Saving network params to trainNN/out/v050-finunified-10-g9cd3a2f-dirty:lstm-best-context-1500ms/epoch-081.pkl
2017-02-12 00:59:47,311 INFO     epoch: 81 took 27.149s (0.001s in batching)
training loss:	0.518287
validation loss:	0.515052
validation error:	0.254900
2017-02-12 00:59:47,313 INFO     Wrote output to trainNN/out/v050-finunified-10-g9cd3a2f-dirty:lstm-best-context-1500ms/config.json
2017-02-12 01:00:13,875 INFO     Saving network params to trainNN/out/v050-finunified-10-g9cd3a2f-dirty:lstm-best-context-1500ms/epoch-082.pkl
2017-02-12 01:00:14,450 INFO     epoch: 82 took 27.139s (0.001s in batching)
training loss:	0.518030
validation loss:	0.518497
validation error:	0.256200
2017-02-12 01:00:14,452 INFO     Wrote output to trainNN/out/v050-finunified-10-g9cd3a2f-dirty:lstm-best-context-1500ms/config.json
2017-02-12 01:00:41,104 INFO     Saving network params to trainNN/out/v050-finunified-10-g9cd3a2f-dirty:lstm-best-context-1500ms/epoch-083.pkl
2017-02-12 01:00:41,671 INFO     epoch: 83 took 27.221s (0.001s in batching)
training loss:	0.518691
validation loss:	0.515341
validation error:	0.254000
2017-02-12 01:00:41,673 INFO     Wrote output to trainNN/out/v050-finunified-10-g9cd3a2f-dirty:lstm-best-context-1500ms/config.json
2017-02-12 01:01:08,464 INFO     Saving network params to trainNN/out/v050-finunified-10-g9cd3a2f-dirty:lstm-best-context-1500ms/epoch-084.pkl
2017-02-12 01:01:09,038 INFO     epoch: 84 took 27.367s (0.001s in batching)
training loss:	0.517806
validation loss:	0.517888
validation error:	0.256900
2017-02-12 01:01:09,040 INFO     Wrote output to trainNN/out/v050-finunified-10-g9cd3a2f-dirty:lstm-best-context-1500ms/config.json
2017-02-12 01:01:35,659 INFO     Saving network params to trainNN/out/v050-finunified-10-g9cd3a2f-dirty:lstm-best-context-1500ms/epoch-085.pkl
2017-02-12 01:01:36,266 INFO     epoch: 85 took 27.228s (0.001s in batching)
training loss:	0.517231
validation loss:	0.516763
validation error:	0.255000
2017-02-12 01:01:36,268 INFO     Wrote output to trainNN/out/v050-finunified-10-g9cd3a2f-dirty:lstm-best-context-1500ms/config.json
2017-02-12 01:02:03,062 INFO     Saving network params to trainNN/out/v050-finunified-10-g9cd3a2f-dirty:lstm-best-context-1500ms/epoch-086.pkl
2017-02-12 01:02:03,645 INFO     epoch: 86 took 27.380s (0.001s in batching)
training loss:	0.517455
validation loss:	0.515319
validation error:	0.255800
2017-02-12 01:02:03,647 INFO     Wrote output to trainNN/out/v050-finunified-10-g9cd3a2f-dirty:lstm-best-context-1500ms/config.json
2017-02-12 01:02:30,357 INFO     Saving network params to trainNN/out/v050-finunified-10-g9cd3a2f-dirty:lstm-best-context-1500ms/epoch-087.pkl
2017-02-12 01:02:30,939 INFO     epoch: 87 took 27.293s (0.001s in batching)
training loss:	0.517445
validation loss:	0.517821
validation error:	0.255000
2017-02-12 01:02:30,941 INFO     Wrote output to trainNN/out/v050-finunified-10-g9cd3a2f-dirty:lstm-best-context-1500ms/config.json
2017-02-12 01:02:57,548 INFO     Saving network params to trainNN/out/v050-finunified-10-g9cd3a2f-dirty:lstm-best-context-1500ms/epoch-088.pkl
2017-02-12 01:02:58,131 INFO     epoch: 88 took 27.192s (0.001s in batching)
training loss:	0.517152
validation loss:	0.520319
validation error:	0.257000
2017-02-12 01:02:58,133 INFO     Wrote output to trainNN/out/v050-finunified-10-g9cd3a2f-dirty:lstm-best-context-1500ms/config.json
2017-02-12 01:03:24,898 INFO     Saving network params to trainNN/out/v050-finunified-10-g9cd3a2f-dirty:lstm-best-context-1500ms/epoch-089.pkl
2017-02-12 01:03:25,468 INFO     epoch: 89 took 27.337s (0.001s in batching)
training loss:	0.516575
validation loss:	0.516458
validation error:	0.256000
2017-02-12 01:03:25,470 INFO     Wrote output to trainNN/out/v050-finunified-10-g9cd3a2f-dirty:lstm-best-context-1500ms/config.json
2017-02-12 01:03:52,002 INFO     Saving network params to trainNN/out/v050-finunified-10-g9cd3a2f-dirty:lstm-best-context-1500ms/epoch-090.pkl
2017-02-12 01:03:52,569 INFO     epoch: 90 took 27.101s (0.001s in batching)
training loss:	0.516921
validation loss:	0.516248
validation error:	0.253500
2017-02-12 01:03:52,571 INFO     Wrote output to trainNN/out/v050-finunified-10-g9cd3a2f-dirty:lstm-best-context-1500ms/config.json
2017-02-12 01:04:19,586 INFO     Saving network params to trainNN/out/v050-finunified-10-g9cd3a2f-dirty:lstm-best-context-1500ms/epoch-091.pkl
2017-02-12 01:04:20,160 INFO     epoch: 91 took 27.592s (0.001s in batching)
training loss:	0.516630
validation loss:	0.516613
validation error:	0.256300
2017-02-12 01:04:20,162 INFO     Wrote output to trainNN/out/v050-finunified-10-g9cd3a2f-dirty:lstm-best-context-1500ms/config.json
2017-02-12 01:04:47,167 INFO     Saving network params to trainNN/out/v050-finunified-10-g9cd3a2f-dirty:lstm-best-context-1500ms/epoch-092.pkl
2017-02-12 01:04:47,747 INFO     epoch: 92 took 27.586s (0.001s in batching)
training loss:	0.515851
validation loss:	0.516891
validation error:	0.255000
2017-02-12 01:04:47,749 INFO     Wrote output to trainNN/out/v050-finunified-10-g9cd3a2f-dirty:lstm-best-context-1500ms/config.json
2017-02-12 01:05:14,813 INFO     Saving network params to trainNN/out/v050-finunified-10-g9cd3a2f-dirty:lstm-best-context-1500ms/epoch-093.pkl
2017-02-12 01:05:15,432 INFO     epoch: 93 took 27.686s (0.001s in batching)
training loss:	0.516777
validation loss:	0.520072
validation error:	0.254400
2017-02-12 01:05:15,434 INFO     Wrote output to trainNN/out/v050-finunified-10-g9cd3a2f-dirty:lstm-best-context-1500ms/config.json
2017-02-12 01:05:42,162 INFO     Saving network params to trainNN/out/v050-finunified-10-g9cd3a2f-dirty:lstm-best-context-1500ms/epoch-094.pkl
2017-02-12 01:05:42,735 INFO     epoch: 94 took 27.302s (0.001s in batching)
training loss:	0.516245
validation loss:	0.517269
validation error:	0.255200
2017-02-12 01:05:42,737 INFO     Wrote output to trainNN/out/v050-finunified-10-g9cd3a2f-dirty:lstm-best-context-1500ms/config.json
2017-02-12 01:06:09,387 INFO     Saving network params to trainNN/out/v050-finunified-10-g9cd3a2f-dirty:lstm-best-context-1500ms/epoch-095.pkl
2017-02-12 01:06:09,957 INFO     epoch: 95 took 27.222s (0.001s in batching)
training loss:	0.515533
validation loss:	0.518567
validation error:	0.254000
2017-02-12 01:06:09,960 INFO     Wrote output to trainNN/out/v050-finunified-10-g9cd3a2f-dirty:lstm-best-context-1500ms/config.json
2017-02-12 01:06:36,529 INFO     Saving network params to trainNN/out/v050-finunified-10-g9cd3a2f-dirty:lstm-best-context-1500ms/epoch-096.pkl
2017-02-12 01:06:37,100 INFO     epoch: 96 took 27.143s (0.001s in batching)
training loss:	0.515910
validation loss:	0.526229
validation error:	0.259800
2017-02-12 01:06:37,102 INFO     Wrote output to trainNN/out/v050-finunified-10-g9cd3a2f-dirty:lstm-best-context-1500ms/config.json
2017-02-12 01:07:03,737 INFO     Saving network params to trainNN/out/v050-finunified-10-g9cd3a2f-dirty:lstm-best-context-1500ms/epoch-097.pkl
2017-02-12 01:07:04,333 INFO     epoch: 97 took 27.234s (0.001s in batching)
training loss:	0.515428
validation loss:	0.513970
validation error:	0.253000
2017-02-12 01:07:04,335 INFO     Wrote output to trainNN/out/v050-finunified-10-g9cd3a2f-dirty:lstm-best-context-1500ms/config.json
2017-02-12 01:07:31,008 INFO     Saving network params to trainNN/out/v050-finunified-10-g9cd3a2f-dirty:lstm-best-context-1500ms/epoch-098.pkl
2017-02-12 01:07:31,577 INFO     epoch: 98 took 27.244s (0.001s in batching)
training loss:	0.515657
validation loss:	0.520059
validation error:	0.257500
2017-02-12 01:07:31,579 INFO     Wrote output to trainNN/out/v050-finunified-10-g9cd3a2f-dirty:lstm-best-context-1500ms/config.json
2017-02-12 01:07:58,191 INFO     Saving network params to trainNN/out/v050-finunified-10-g9cd3a2f-dirty:lstm-best-context-1500ms/epoch-099.pkl
2017-02-12 01:07:58,761 INFO     epoch: 99 took 27.184s (0.001s in batching)
training loss:	0.515553
validation loss:	0.515610
validation error:	0.254400
2017-02-12 01:07:58,763 INFO     Wrote output to trainNN/out/v050-finunified-10-g9cd3a2f-dirty:lstm-best-context-1500ms/config.json
